[2024-10-10T15:33:37.865+0000] {taskinstance.py:1090} INFO - Dependencies all met for dep_context=non-requeueable deps ti=<TaskInstance: pipeline_C.task_0_S3_to_S3 manual__2024-10-10T14:55:53.958876+00:00 [queued]>
[2024-10-10T15:33:37.869+0000] {taskinstance.py:1090} INFO - Dependencies all met for dep_context=requeueable deps ti=<TaskInstance: pipeline_C.task_0_S3_to_S3 manual__2024-10-10T14:55:53.958876+00:00 [queued]>
[2024-10-10T15:33:37.869+0000] {taskinstance.py:1288} INFO - 
--------------------------------------------------------------------------------
[2024-10-10T15:33:37.869+0000] {taskinstance.py:1289} INFO - Starting attempt 9 of 9
[2024-10-10T15:33:37.869+0000] {taskinstance.py:1290} INFO - 
--------------------------------------------------------------------------------
[2024-10-10T15:33:37.874+0000] {taskinstance.py:1309} INFO - Executing <Task(PythonOperator): task_0_S3_to_S3> on 2024-10-10 14:55:53.958876+00:00
[2024-10-10T15:33:37.886+0000] {standard_task_runner.py:55} INFO - Started process 24375 to run task
[2024-10-10T15:33:37.892+0000] {standard_task_runner.py:82} INFO - Running: ['***', 'tasks', 'run', 'pipeline_C', 'task_0_S3_to_S3', 'manual__2024-10-10T14:55:53.958876+00:00', '--job-id', '14', '--raw', '--subdir', 'DAGS_FOLDER/pipeline_C.py', '--cfg-path', '/tmp/tmp6eu8bova']
[2024-10-10T15:33:37.895+0000] {standard_task_runner.py:83} INFO - Job 14: Subtask task_0_S3_to_S3
[2024-10-10T15:33:37.910+0000] {logging_mixin.py:137} WARNING - /usr/local/lib/python3.9/site-packages/***/settings.py:250 DeprecationWarning: The sql_alchemy_conn option in [core] has been moved to the sql_alchemy_conn option in [database] - the old setting has been used, but please update your config.
[2024-10-10T15:33:37.951+0000] {task_command.py:389} INFO - Running <TaskInstance: pipeline_C.task_0_S3_to_S3 manual__2024-10-10T14:55:53.958876+00:00 [running]> on host 1f7125be5d21
[2024-10-10T15:33:37.996+0000] {taskinstance.py:1516} INFO - Exporting the following env vars:
AIRFLOW_CTX_DAG_OWNER=***
AIRFLOW_CTX_DAG_ID=pipeline_C
AIRFLOW_CTX_TASK_ID=task_0_S3_to_S3
AIRFLOW_CTX_EXECUTION_DATE=2024-10-10T14:55:53.958876+00:00
AIRFLOW_CTX_TRY_NUMBER=9
AIRFLOW_CTX_DAG_RUN_ID=manual__2024-10-10T14:55:53.958876+00:00
[2024-10-10T15:33:38.255+0000] {s3_s3.py:22} INFO - Executing File pattern check......
[2024-10-10T15:33:38.255+0000] {logging_mixin.py:137} INFO - source_s3_path : s3://sdevalla-buck/test/target/reddit_target_yyyymmdd.csv
[2024-10-10T15:33:38.255+0000] {logging_mixin.py:137} INFO - bn: sdevalla-buck
[2024-10-10T15:33:38.255+0000] {logging_mixin.py:137} INFO - prefix: test/target
[2024-10-10T15:33:38.727+0000] {logging_mixin.py:137} INFO - obj list: {'ResponseMetadata': {'RequestId': '5C7VQ6F9S6VPX7ND', 'HostId': '9euXxaPgziwgi7krKLkIq4SMPqw1xIDDi/ajvIj/v4FIcdUZkoUFpcVgiDR7ng6IpcjUEEt4ezdziBL4RLR7fA==', 'HTTPStatusCode': 200, 'HTTPHeaders': {'x-amz-id-2': '9euXxaPgziwgi7krKLkIq4SMPqw1xIDDi/ajvIj/v4FIcdUZkoUFpcVgiDR7ng6IpcjUEEt4ezdziBL4RLR7fA==', 'x-amz-request-id': '5C7VQ6F9S6VPX7ND', 'date': 'Thu, 10 Oct 2024 15:33:39 GMT', 'x-amz-bucket-region': 'us-east-2', 'content-type': 'application/xml', 'transfer-encoding': 'chunked', 'server': 'AmazonS3'}, 'RetryAttempts': 1}, 'IsTruncated': False, 'Marker': '', 'Contents': [{'Key': 'test/target/reddit_target_20241010.csv', 'LastModified': datetime.datetime(2024, 10, 10, 13, 25, 14, tzinfo=tzlocal()), 'ETag': '"63d3bd55663826e036c329762f1a596f"', 'Size': 59595, 'StorageClass': 'STANDARD', 'Owner': {'ID': '2d6d33b53dc3068c5584827cae6a664857510b8838ffb6beb4f378425d4cd31f'}}], 'Name': 'sdevalla-buck', 'Prefix': 'test/target', 'MaxKeys': 1000, 'EncodingType': 'url'}
[2024-10-10T15:33:38.727+0000] {logging_mixin.py:137} INFO - objs: ['test/target/reddit_target_20241010.csv']
[2024-10-10T15:33:38.728+0000] {logging_mixin.py:137} INFO - objs list:  ['test/target/reddit_target_20241010.csv']
[2024-10-10T15:33:38.728+0000] {logging_mixin.py:137} INFO - obj req: []
[2024-10-10T15:33:38.728+0000] {logging_mixin.py:137} INFO - entered
[2024-10-10T15:33:38.728+0000] {logging_mixin.py:137} INFO - match list:  []
[2024-10-10T15:33:38.728+0000] {s3_s3.py:73} INFO - No files found at s3://sdevalla-buck/test/target/reddit_target_yyyymmdd.csv with input pattern
[2024-10-10T15:33:38.731+0000] {s3_s3.py:136} ERROR - Unable to get file of provided pattern!
[2024-10-10T15:33:38.732+0000] {s3_s3.py:274} INFO - File Transfer Failed!
[2024-10-10T15:33:38.732+0000] {python.py:177} INFO - Done. Returned value was: None
[2024-10-10T15:33:38.747+0000] {taskinstance.py:1327} INFO - Marking task as SUCCESS. dag_id=pipeline_C, task_id=task_0_S3_to_S3, execution_date=20241010T145553, start_date=20241010T153337, end_date=20241010T153338
[2024-10-10T15:33:38.766+0000] {local_task_job.py:212} INFO - Task exited with return code 0
[2024-10-10T15:33:38.782+0000] {taskinstance.py:2596} INFO - 0 downstream tasks scheduled from follow-on schedule check
