[2024-10-10T15:53:45.933+0000] {taskinstance.py:1090} INFO - Dependencies all met for dep_context=non-requeueable deps ti=<TaskInstance: pipeline_A.task_0_S3_to_DB manual__2024-10-10T15:42:50.567022+00:00 [queued]>
[2024-10-10T15:53:45.942+0000] {taskinstance.py:1090} INFO - Dependencies all met for dep_context=requeueable deps ti=<TaskInstance: pipeline_A.task_0_S3_to_DB manual__2024-10-10T15:42:50.567022+00:00 [queued]>
[2024-10-10T15:53:45.942+0000] {taskinstance.py:1288} INFO - 
--------------------------------------------------------------------------------
[2024-10-10T15:53:45.942+0000] {taskinstance.py:1289} INFO - Starting attempt 3 of 3
[2024-10-10T15:53:45.942+0000] {taskinstance.py:1290} INFO - 
--------------------------------------------------------------------------------
[2024-10-10T15:53:45.951+0000] {taskinstance.py:1309} INFO - Executing <Task(PythonOperator): task_0_S3_to_DB> on 2024-10-10 15:42:50.567022+00:00
[2024-10-10T15:53:45.961+0000] {standard_task_runner.py:55} INFO - Started process 33511 to run task
[2024-10-10T15:53:45.965+0000] {standard_task_runner.py:82} INFO - Running: ['***', 'tasks', 'run', 'pipeline_A', 'task_0_S3_to_DB', 'manual__2024-10-10T15:42:50.567022+00:00', '--job-id', '17', '--raw', '--subdir', 'DAGS_FOLDER/pipeline_A.py', '--cfg-path', '/tmp/tmpmdgw2pcp']
[2024-10-10T15:53:45.967+0000] {standard_task_runner.py:83} INFO - Job 17: Subtask task_0_S3_to_DB
[2024-10-10T15:53:45.990+0000] {logging_mixin.py:137} WARNING - /usr/local/lib/python3.9/site-packages/***/settings.py:250 DeprecationWarning: The sql_alchemy_conn option in [core] has been moved to the sql_alchemy_conn option in [database] - the old setting has been used, but please update your config.
[2024-10-10T15:53:46.091+0000] {task_command.py:389} INFO - Running <TaskInstance: pipeline_A.task_0_S3_to_DB manual__2024-10-10T15:42:50.567022+00:00 [running]> on host 1f7125be5d21
[2024-10-10T15:53:46.146+0000] {taskinstance.py:1516} INFO - Exporting the following env vars:
AIRFLOW_CTX_DAG_OWNER=***
AIRFLOW_CTX_DAG_ID=pipeline_A
AIRFLOW_CTX_TASK_ID=task_0_S3_to_DB
AIRFLOW_CTX_EXECUTION_DATE=2024-10-10T15:42:50.567022+00:00
AIRFLOW_CTX_TRY_NUMBER=3
AIRFLOW_CTX_DAG_RUN_ID=manual__2024-10-10T15:42:50.567022+00:00
[2024-10-10T15:53:46.153+0000] {s3_db.py:109} INFO - Executing S3 File read.......
[2024-10-10T15:53:46.153+0000] {s3_db.py:18} INFO - Creating Spark session ......
[2024-10-10T15:53:52.034+0000] {s3_db.py:44} INFO - Executing File pattern check......
[2024-10-10T15:53:52.652+0000] {taskinstance.py:1776} ERROR - Task failed with exception
Traceback (most recent call last):
  File "/usr/local/lib/python3.9/site-packages/airflow/operators/python.py", line 175, in execute
    return_value = self.execute_callable()
  File "/usr/local/lib/python3.9/site-packages/airflow/operators/python.py", line 192, in execute_callable
    return self.python_callable(*self.op_args, **self.op_kwargs)
  File "/opt/airflow/scripts/s3_db.py", line 283, in main_s3_db
    inputs = s3_file_read(s3_conn, source_s3_path, header, delimiter)
  File "/opt/airflow/scripts/s3_db.py", line 141, in s3_file_read
    file_name = file_pattern_check(source_s3_path, s3_conn)
  File "/opt/airflow/scripts/s3_db.py", line 94, in file_pattern_check
    s = sorted(match_list, key=extract_timestamp)
  File "/opt/airflow/scripts/s3_db.py", line 92, in extract_timestamp
    return datetime.strptime(timestamp_str, timestamp_format)
AttributeError: module 'datetime' has no attribute 'strptime'
[2024-10-10T15:53:52.674+0000] {taskinstance.py:1327} INFO - Marking task as FAILED. dag_id=pipeline_A, task_id=task_0_S3_to_DB, execution_date=20241010T154250, start_date=20241010T155345, end_date=20241010T155352
[2024-10-10T15:53:52.688+0000] {standard_task_runner.py:100} ERROR - Failed to execute job 17 for task task_0_S3_to_DB (module 'datetime' has no attribute 'strptime'; 33511)
[2024-10-10T15:53:52.716+0000] {local_task_job.py:212} INFO - Task exited with return code 1
[2024-10-10T15:53:52.746+0000] {taskinstance.py:2596} INFO - 0 downstream tasks scheduled from follow-on schedule check
