[2024-10-10T15:59:40.117+0000] {taskinstance.py:1090} INFO - Dependencies all met for dep_context=non-requeueable deps ti=<TaskInstance: pipeline_A.task_0_S3_to_DB manual__2024-10-10T15:42:50.567022+00:00 [queued]>
[2024-10-10T15:59:40.123+0000] {taskinstance.py:1090} INFO - Dependencies all met for dep_context=requeueable deps ti=<TaskInstance: pipeline_A.task_0_S3_to_DB manual__2024-10-10T15:42:50.567022+00:00 [queued]>
[2024-10-10T15:59:40.123+0000] {taskinstance.py:1288} INFO - 
--------------------------------------------------------------------------------
[2024-10-10T15:59:40.123+0000] {taskinstance.py:1289} INFO - Starting attempt 4 of 4
[2024-10-10T15:59:40.123+0000] {taskinstance.py:1290} INFO - 
--------------------------------------------------------------------------------
[2024-10-10T15:59:40.135+0000] {taskinstance.py:1309} INFO - Executing <Task(PythonOperator): task_0_S3_to_DB> on 2024-10-10 15:42:50.567022+00:00
[2024-10-10T15:59:40.158+0000] {standard_task_runner.py:55} INFO - Started process 36374 to run task
[2024-10-10T15:59:40.164+0000] {standard_task_runner.py:82} INFO - Running: ['***', 'tasks', 'run', 'pipeline_A', 'task_0_S3_to_DB', 'manual__2024-10-10T15:42:50.567022+00:00', '--job-id', '18', '--raw', '--subdir', 'DAGS_FOLDER/pipeline_A.py', '--cfg-path', '/tmp/tmpjvyqbdjh']
[2024-10-10T15:59:40.169+0000] {standard_task_runner.py:83} INFO - Job 18: Subtask task_0_S3_to_DB
[2024-10-10T15:59:40.198+0000] {logging_mixin.py:137} WARNING - /usr/local/lib/python3.9/site-packages/***/settings.py:250 DeprecationWarning: The sql_alchemy_conn option in [core] has been moved to the sql_alchemy_conn option in [database] - the old setting has been used, but please update your config.
[2024-10-10T15:59:40.273+0000] {task_command.py:389} INFO - Running <TaskInstance: pipeline_A.task_0_S3_to_DB manual__2024-10-10T15:42:50.567022+00:00 [running]> on host 1f7125be5d21
[2024-10-10T15:59:40.369+0000] {taskinstance.py:1516} INFO - Exporting the following env vars:
AIRFLOW_CTX_DAG_OWNER=***
AIRFLOW_CTX_DAG_ID=pipeline_A
AIRFLOW_CTX_TASK_ID=task_0_S3_to_DB
AIRFLOW_CTX_EXECUTION_DATE=2024-10-10T15:42:50.567022+00:00
AIRFLOW_CTX_TRY_NUMBER=4
AIRFLOW_CTX_DAG_RUN_ID=manual__2024-10-10T15:42:50.567022+00:00
[2024-10-10T15:59:40.380+0000] {s3_db.py:103} INFO - Executing S3 File read.......
[2024-10-10T15:59:40.380+0000] {s3_db.py:18} INFO - Creating Spark session ......
[2024-10-10T15:59:47.436+0000] {s3_db.py:44} INFO - Executing File pattern check......
[2024-10-10T15:59:47.926+0000] {s3_db.py:90} INFO - Latest file for pattern - sftp_\d{8}\.txt at s3a://sdevalla-buck/test: sftp_20240323.txt
[2024-10-10T15:59:52.723+0000] {s3_db.py:212} INFO - Executing file writing function .....
[2024-10-10T15:59:53.523+0000] {s3_db.py:237} INFO - Completed writing to target table.......
[2024-10-10T15:59:53.523+0000] {s3_db.py:285} INFO - Updating run_log, marking status as success........ 
[2024-10-10T15:59:53.523+0000] {s3_db.py:287} INFO - 918 records transferred from s3a://sdevalla-buck/test/sftp_yyyymmdd.txt to ***.reddit_d
[2024-10-10T15:59:53.738+0000] {python.py:177} INFO - Done. Returned value was: 918
[2024-10-10T15:59:53.797+0000] {taskinstance.py:1327} INFO - Marking task as SUCCESS. dag_id=pipeline_A, task_id=task_0_S3_to_DB, execution_date=20241010T154250, start_date=20241010T155940, end_date=20241010T155953
[2024-10-10T15:59:53.863+0000] {local_task_job.py:212} INFO - Task exited with return code 0
[2024-10-10T15:59:53.901+0000] {taskinstance.py:2596} INFO - 0 downstream tasks scheduled from follow-on schedule check
