[2024-10-10T13:14:24.836+0000] {taskinstance.py:1090} INFO - Dependencies all met for dep_context=non-requeueable deps ti=<TaskInstance: pipeline_B.task_0_DB_to_S3 manual__2024-10-10T13:14:22.446692+00:00 [queued]>
[2024-10-10T13:14:24.841+0000] {taskinstance.py:1090} INFO - Dependencies all met for dep_context=requeueable deps ti=<TaskInstance: pipeline_B.task_0_DB_to_S3 manual__2024-10-10T13:14:22.446692+00:00 [queued]>
[2024-10-10T13:14:24.841+0000] {taskinstance.py:1288} INFO - 
--------------------------------------------------------------------------------
[2024-10-10T13:14:24.841+0000] {taskinstance.py:1289} INFO - Starting attempt 1 of 1
[2024-10-10T13:14:24.841+0000] {taskinstance.py:1290} INFO - 
--------------------------------------------------------------------------------
[2024-10-10T13:14:24.846+0000] {taskinstance.py:1309} INFO - Executing <Task(PythonOperator): task_0_DB_to_S3> on 2024-10-10 13:14:22.446692+00:00
[2024-10-10T13:14:24.857+0000] {standard_task_runner.py:55} INFO - Started process 80929 to run task
[2024-10-10T13:14:24.860+0000] {standard_task_runner.py:82} INFO - Running: ['***', 'tasks', 'run', 'pipeline_B', 'task_0_DB_to_S3', 'manual__2024-10-10T13:14:22.446692+00:00', '--job-id', '23', '--raw', '--subdir', 'DAGS_FOLDER/pipeline_B.py', '--cfg-path', '/tmp/tmpnhjh63nh']
[2024-10-10T13:14:24.863+0000] {standard_task_runner.py:83} INFO - Job 23: Subtask task_0_DB_to_S3
[2024-10-10T13:14:24.882+0000] {logging_mixin.py:137} WARNING - /usr/local/lib/python3.9/site-packages/***/settings.py:250 DeprecationWarning: The sql_alchemy_conn option in [core] has been moved to the sql_alchemy_conn option in [database] - the old setting has been used, but please update your config.
[2024-10-10T13:14:24.917+0000] {task_command.py:389} INFO - Running <TaskInstance: pipeline_B.task_0_DB_to_S3 manual__2024-10-10T13:14:22.446692+00:00 [running]> on host d7e677fa2cf4
[2024-10-10T13:14:24.986+0000] {taskinstance.py:1516} INFO - Exporting the following env vars:
AIRFLOW_CTX_DAG_OWNER=***
AIRFLOW_CTX_DAG_ID=pipeline_B
AIRFLOW_CTX_TASK_ID=task_0_DB_to_S3
AIRFLOW_CTX_EXECUTION_DATE=2024-10-10T13:14:22.446692+00:00
AIRFLOW_CTX_TRY_NUMBER=1
AIRFLOW_CTX_DAG_RUN_ID=manual__2024-10-10T13:14:22.446692+00:00
[2024-10-10T13:14:24.994+0000] {db_s3.py:20} INFO - Creating Spark session ......
[2024-10-10T13:17:48.657+0000] {logging_mixin.py:137} INFO - Executable Query: (SELECT * FROM ***.public.reddit_d)as query
[2024-10-10T13:17:51.856+0000] {db_s3.py:80} INFO - Completed reading from table ......
[2024-10-10T13:17:52.608+0000] {logging_mixin.py:137} INFO - file_name: reddit_target_20241010.csv
[2024-10-10T13:17:52.608+0000] {logging_mixin.py:137} INFO - Target File name: reddit_target_20241010.csv
[2024-10-10T13:18:02.752+0000] {db_s3.py:139} INFO - Moved and Renamed files
[2024-10-10T13:18:02.761+0000] {db_s3.py:209} INFO - Completed writing file.....
[2024-10-10T13:18:02.764+0000] {db_s3.py:262} INFO - 1836 records transferred from DB to S3 s3a://sdevalla-buck/test/target/reddit_target_yyyymmdd.csv with filename reddit_target_20241010.csv
[2024-10-10T13:18:02.767+0000] {python.py:177} INFO - Done. Returned value was: [1836, 'reddit_target_20241010.csv']
[2024-10-10T13:18:02.914+0000] {taskinstance.py:1327} INFO - Marking task as SUCCESS. dag_id=pipeline_B, task_id=task_0_DB_to_S3, execution_date=20241010T131422, start_date=20241010T131424, end_date=20241010T131802
[2024-10-10T13:18:02.972+0000] {local_task_job.py:212} INFO - Task exited with return code 0
[2024-10-10T13:18:03.066+0000] {taskinstance.py:2596} INFO - 0 downstream tasks scheduled from follow-on schedule check
