[2024-09-24T15:58:45.094+0000] {processor.py:153} INFO - Started process (PID=384) to work on /usr/local/lib/python3.9/site-packages/airflow/example_dags/example_params_ui_tutorial.py
[2024-09-24T15:58:45.095+0000] {processor.py:743} INFO - Processing file /usr/local/lib/python3.9/site-packages/airflow/example_dags/example_params_ui_tutorial.py for tasks to queue
[2024-09-24T15:58:45.095+0000] {logging_mixin.py:137} INFO - [2024-09-24T15:58:45.095+0000] {dagbag.py:532} INFO - Filling up the DagBag from /usr/local/lib/python3.9/site-packages/airflow/example_dags/example_params_ui_tutorial.py
[2024-09-24T15:58:45.116+0000] {processor.py:753} INFO - DAG(s) dict_keys(['example_params_ui_tutorial']) retrieved from /usr/local/lib/python3.9/site-packages/airflow/example_dags/example_params_ui_tutorial.py
[2024-09-24T15:58:45.188+0000] {logging_mixin.py:137} INFO - [2024-09-24T15:58:45.187+0000] {manager.py:504} INFO - Created Permission View: can delete on DAG:example_params_ui_tutorial
[2024-09-24T15:58:45.194+0000] {logging_mixin.py:137} INFO - [2024-09-24T15:58:45.194+0000] {manager.py:504} INFO - Created Permission View: can read on DAG:example_params_ui_tutorial
[2024-09-24T15:58:45.198+0000] {logging_mixin.py:137} INFO - [2024-09-24T15:58:45.197+0000] {manager.py:504} INFO - Created Permission View: can edit on DAG:example_params_ui_tutorial
[2024-09-24T15:58:45.198+0000] {logging_mixin.py:137} INFO - [2024-09-24T15:58:45.198+0000] {dag.py:2705} INFO - Sync 1 DAGs
[2024-09-24T15:58:45.205+0000] {logging_mixin.py:137} INFO - [2024-09-24T15:58:45.205+0000] {dag.py:2726} INFO - Creating ORM DAG for example_params_ui_tutorial
[2024-09-24T15:58:45.210+0000] {logging_mixin.py:137} INFO - [2024-09-24T15:58:45.210+0000] {dag.py:3452} INFO - Setting next_dagrun for example_params_ui_tutorial to None, run_after=None
[2024-09-24T15:58:45.218+0000] {processor.py:175} INFO - Processing /usr/local/lib/python3.9/site-packages/airflow/example_dags/example_params_ui_tutorial.py took 0.126 seconds
[2024-09-24T15:59:15.622+0000] {processor.py:153} INFO - Started process (PID=595) to work on /usr/local/lib/python3.9/site-packages/airflow/example_dags/example_params_ui_tutorial.py
[2024-09-24T15:59:15.624+0000] {processor.py:743} INFO - Processing file /usr/local/lib/python3.9/site-packages/airflow/example_dags/example_params_ui_tutorial.py for tasks to queue
[2024-09-24T15:59:15.626+0000] {logging_mixin.py:137} INFO - [2024-09-24T15:59:15.626+0000] {dagbag.py:532} INFO - Filling up the DagBag from /usr/local/lib/python3.9/site-packages/airflow/example_dags/example_params_ui_tutorial.py
[2024-09-24T15:59:15.647+0000] {processor.py:753} INFO - DAG(s) dict_keys(['example_params_ui_tutorial']) retrieved from /usr/local/lib/python3.9/site-packages/airflow/example_dags/example_params_ui_tutorial.py
[2024-09-24T15:59:15.675+0000] {logging_mixin.py:137} INFO - [2024-09-24T15:59:15.675+0000] {dag.py:2705} INFO - Sync 1 DAGs
[2024-09-24T15:59:15.689+0000] {logging_mixin.py:137} INFO - [2024-09-24T15:59:15.689+0000] {dag.py:3452} INFO - Setting next_dagrun for example_params_ui_tutorial to None, run_after=None
[2024-09-24T15:59:15.704+0000] {processor.py:175} INFO - Processing /usr/local/lib/python3.9/site-packages/airflow/example_dags/example_params_ui_tutorial.py took 0.084 seconds
[2024-09-24T15:59:46.801+0000] {processor.py:153} INFO - Started process (PID=805) to work on /usr/local/lib/python3.9/site-packages/airflow/example_dags/example_params_ui_tutorial.py
[2024-09-24T15:59:46.807+0000] {processor.py:743} INFO - Processing file /usr/local/lib/python3.9/site-packages/airflow/example_dags/example_params_ui_tutorial.py for tasks to queue
[2024-09-24T15:59:46.807+0000] {logging_mixin.py:137} INFO - [2024-09-24T15:59:46.807+0000] {dagbag.py:532} INFO - Filling up the DagBag from /usr/local/lib/python3.9/site-packages/airflow/example_dags/example_params_ui_tutorial.py
[2024-09-24T15:59:46.830+0000] {processor.py:753} INFO - DAG(s) dict_keys(['example_params_ui_tutorial']) retrieved from /usr/local/lib/python3.9/site-packages/airflow/example_dags/example_params_ui_tutorial.py
[2024-09-24T15:59:46.856+0000] {logging_mixin.py:137} INFO - [2024-09-24T15:59:46.856+0000] {dag.py:2705} INFO - Sync 1 DAGs
[2024-09-24T15:59:46.867+0000] {logging_mixin.py:137} INFO - [2024-09-24T15:59:46.867+0000] {dag.py:3452} INFO - Setting next_dagrun for example_params_ui_tutorial to None, run_after=None
[2024-09-24T15:59:46.876+0000] {processor.py:175} INFO - Processing /usr/local/lib/python3.9/site-packages/airflow/example_dags/example_params_ui_tutorial.py took 0.076 seconds
[2024-09-24T16:12:39.459+0000] {processor.py:153} INFO - Started process (PID=385) to work on /usr/local/lib/python3.9/site-packages/airflow/example_dags/example_params_ui_tutorial.py
[2024-09-24T16:12:39.461+0000] {processor.py:743} INFO - Processing file /usr/local/lib/python3.9/site-packages/airflow/example_dags/example_params_ui_tutorial.py for tasks to queue
[2024-09-24T16:12:39.461+0000] {logging_mixin.py:137} INFO - [2024-09-24T16:12:39.461+0000] {dagbag.py:532} INFO - Filling up the DagBag from /usr/local/lib/python3.9/site-packages/airflow/example_dags/example_params_ui_tutorial.py
[2024-09-24T16:12:39.483+0000] {processor.py:753} INFO - DAG(s) dict_keys(['example_params_ui_tutorial']) retrieved from /usr/local/lib/python3.9/site-packages/airflow/example_dags/example_params_ui_tutorial.py
[2024-09-24T16:12:39.546+0000] {logging_mixin.py:137} INFO - [2024-09-24T16:12:39.546+0000] {manager.py:504} INFO - Created Permission View: can read on DAG:example_params_ui_tutorial
[2024-09-24T16:12:39.554+0000] {logging_mixin.py:137} INFO - [2024-09-24T16:12:39.554+0000] {manager.py:504} INFO - Created Permission View: can edit on DAG:example_params_ui_tutorial
[2024-09-24T16:12:39.563+0000] {logging_mixin.py:137} INFO - [2024-09-24T16:12:39.562+0000] {manager.py:504} INFO - Created Permission View: can delete on DAG:example_params_ui_tutorial
[2024-09-24T16:12:39.563+0000] {logging_mixin.py:137} INFO - [2024-09-24T16:12:39.563+0000] {dag.py:2705} INFO - Sync 1 DAGs
[2024-09-24T16:12:39.576+0000] {logging_mixin.py:137} INFO - [2024-09-24T16:12:39.576+0000] {dag.py:2726} INFO - Creating ORM DAG for example_params_ui_tutorial
[2024-09-24T16:12:39.583+0000] {logging_mixin.py:137} INFO - [2024-09-24T16:12:39.582+0000] {dag.py:3452} INFO - Setting next_dagrun for example_params_ui_tutorial to None, run_after=None
[2024-09-24T16:12:39.602+0000] {processor.py:175} INFO - Processing /usr/local/lib/python3.9/site-packages/airflow/example_dags/example_params_ui_tutorial.py took 0.145 seconds
[2024-09-24T16:13:23.938+0000] {processor.py:153} INFO - Started process (PID=596) to work on /usr/local/lib/python3.9/site-packages/airflow/example_dags/example_params_ui_tutorial.py
[2024-09-24T16:13:23.946+0000] {processor.py:743} INFO - Processing file /usr/local/lib/python3.9/site-packages/airflow/example_dags/example_params_ui_tutorial.py for tasks to queue
[2024-09-24T16:13:23.947+0000] {logging_mixin.py:137} INFO - [2024-09-24T16:13:23.947+0000] {dagbag.py:532} INFO - Filling up the DagBag from /usr/local/lib/python3.9/site-packages/airflow/example_dags/example_params_ui_tutorial.py
[2024-09-24T16:13:24.001+0000] {processor.py:753} INFO - DAG(s) dict_keys(['example_params_ui_tutorial']) retrieved from /usr/local/lib/python3.9/site-packages/airflow/example_dags/example_params_ui_tutorial.py
[2024-09-24T16:13:24.085+0000] {logging_mixin.py:137} INFO - [2024-09-24T16:13:24.085+0000] {dag.py:2705} INFO - Sync 1 DAGs
[2024-09-24T16:13:24.128+0000] {logging_mixin.py:137} INFO - [2024-09-24T16:13:24.127+0000] {dag.py:3452} INFO - Setting next_dagrun for example_params_ui_tutorial to None, run_after=None
[2024-09-24T16:13:24.148+0000] {processor.py:175} INFO - Processing /usr/local/lib/python3.9/site-packages/airflow/example_dags/example_params_ui_tutorial.py took 0.213 seconds
[2024-09-24T16:13:55.084+0000] {processor.py:153} INFO - Started process (PID=809) to work on /usr/local/lib/python3.9/site-packages/airflow/example_dags/example_params_ui_tutorial.py
[2024-09-24T16:13:55.085+0000] {processor.py:743} INFO - Processing file /usr/local/lib/python3.9/site-packages/airflow/example_dags/example_params_ui_tutorial.py for tasks to queue
[2024-09-24T16:13:55.085+0000] {logging_mixin.py:137} INFO - [2024-09-24T16:13:55.085+0000] {dagbag.py:532} INFO - Filling up the DagBag from /usr/local/lib/python3.9/site-packages/airflow/example_dags/example_params_ui_tutorial.py
[2024-09-24T16:13:55.104+0000] {processor.py:753} INFO - DAG(s) dict_keys(['example_params_ui_tutorial']) retrieved from /usr/local/lib/python3.9/site-packages/airflow/example_dags/example_params_ui_tutorial.py
[2024-09-24T16:13:55.121+0000] {logging_mixin.py:137} INFO - [2024-09-24T16:13:55.121+0000] {dag.py:2705} INFO - Sync 1 DAGs
[2024-09-24T16:13:55.135+0000] {logging_mixin.py:137} INFO - [2024-09-24T16:13:55.135+0000] {dag.py:3452} INFO - Setting next_dagrun for example_params_ui_tutorial to None, run_after=None
[2024-09-24T16:13:55.142+0000] {processor.py:175} INFO - Processing /usr/local/lib/python3.9/site-packages/airflow/example_dags/example_params_ui_tutorial.py took 0.060 seconds
[2024-09-24T16:14:27.739+0000] {processor.py:153} INFO - Started process (PID=1020) to work on /usr/local/lib/python3.9/site-packages/airflow/example_dags/example_params_ui_tutorial.py
[2024-09-24T16:14:27.742+0000] {processor.py:743} INFO - Processing file /usr/local/lib/python3.9/site-packages/airflow/example_dags/example_params_ui_tutorial.py for tasks to queue
[2024-09-24T16:14:27.743+0000] {logging_mixin.py:137} INFO - [2024-09-24T16:14:27.743+0000] {dagbag.py:532} INFO - Filling up the DagBag from /usr/local/lib/python3.9/site-packages/airflow/example_dags/example_params_ui_tutorial.py
[2024-09-24T16:14:27.794+0000] {processor.py:753} INFO - DAG(s) dict_keys(['example_params_ui_tutorial']) retrieved from /usr/local/lib/python3.9/site-packages/airflow/example_dags/example_params_ui_tutorial.py
[2024-09-24T16:14:27.840+0000] {logging_mixin.py:137} INFO - [2024-09-24T16:14:27.840+0000] {dag.py:2705} INFO - Sync 1 DAGs
[2024-09-24T16:14:27.899+0000] {logging_mixin.py:137} INFO - [2024-09-24T16:14:27.899+0000] {dag.py:3452} INFO - Setting next_dagrun for example_params_ui_tutorial to None, run_after=None
[2024-09-24T16:14:27.912+0000] {processor.py:175} INFO - Processing /usr/local/lib/python3.9/site-packages/airflow/example_dags/example_params_ui_tutorial.py took 0.186 seconds
[2024-09-24T16:15:05.430+0000] {processor.py:153} INFO - Started process (PID=1229) to work on /usr/local/lib/python3.9/site-packages/airflow/example_dags/example_params_ui_tutorial.py
[2024-09-24T16:15:05.432+0000] {processor.py:743} INFO - Processing file /usr/local/lib/python3.9/site-packages/airflow/example_dags/example_params_ui_tutorial.py for tasks to queue
[2024-09-24T16:15:05.435+0000] {logging_mixin.py:137} INFO - [2024-09-24T16:15:05.435+0000] {dagbag.py:532} INFO - Filling up the DagBag from /usr/local/lib/python3.9/site-packages/airflow/example_dags/example_params_ui_tutorial.py
[2024-09-24T16:15:05.475+0000] {processor.py:753} INFO - DAG(s) dict_keys(['example_params_ui_tutorial']) retrieved from /usr/local/lib/python3.9/site-packages/airflow/example_dags/example_params_ui_tutorial.py
[2024-09-24T16:15:05.511+0000] {logging_mixin.py:137} INFO - [2024-09-24T16:15:05.511+0000] {dag.py:2705} INFO - Sync 1 DAGs
[2024-09-24T16:15:05.532+0000] {logging_mixin.py:137} INFO - [2024-09-24T16:15:05.532+0000] {dag.py:3452} INFO - Setting next_dagrun for example_params_ui_tutorial to None, run_after=None
[2024-09-24T16:15:05.557+0000] {processor.py:175} INFO - Processing /usr/local/lib/python3.9/site-packages/airflow/example_dags/example_params_ui_tutorial.py took 0.130 seconds
[2024-09-24T16:15:37.893+0000] {processor.py:153} INFO - Started process (PID=1440) to work on /usr/local/lib/python3.9/site-packages/airflow/example_dags/example_params_ui_tutorial.py
[2024-09-24T16:15:37.895+0000] {processor.py:743} INFO - Processing file /usr/local/lib/python3.9/site-packages/airflow/example_dags/example_params_ui_tutorial.py for tasks to queue
[2024-09-24T16:15:37.896+0000] {logging_mixin.py:137} INFO - [2024-09-24T16:15:37.896+0000] {dagbag.py:532} INFO - Filling up the DagBag from /usr/local/lib/python3.9/site-packages/airflow/example_dags/example_params_ui_tutorial.py
[2024-09-24T16:15:37.949+0000] {processor.py:753} INFO - DAG(s) dict_keys(['example_params_ui_tutorial']) retrieved from /usr/local/lib/python3.9/site-packages/airflow/example_dags/example_params_ui_tutorial.py
[2024-09-24T16:15:37.977+0000] {logging_mixin.py:137} INFO - [2024-09-24T16:15:37.977+0000] {dag.py:2705} INFO - Sync 1 DAGs
[2024-09-24T16:15:37.993+0000] {logging_mixin.py:137} INFO - [2024-09-24T16:15:37.992+0000] {dag.py:3452} INFO - Setting next_dagrun for example_params_ui_tutorial to None, run_after=None
[2024-09-24T16:15:38.344+0000] {processor.py:175} INFO - Processing /usr/local/lib/python3.9/site-packages/airflow/example_dags/example_params_ui_tutorial.py took 0.454 seconds
[2024-09-24T16:16:09.043+0000] {processor.py:153} INFO - Started process (PID=1653) to work on /usr/local/lib/python3.9/site-packages/airflow/example_dags/example_params_ui_tutorial.py
[2024-09-24T16:16:09.046+0000] {processor.py:743} INFO - Processing file /usr/local/lib/python3.9/site-packages/airflow/example_dags/example_params_ui_tutorial.py for tasks to queue
[2024-09-24T16:16:09.047+0000] {logging_mixin.py:137} INFO - [2024-09-24T16:16:09.047+0000] {dagbag.py:532} INFO - Filling up the DagBag from /usr/local/lib/python3.9/site-packages/airflow/example_dags/example_params_ui_tutorial.py
[2024-09-24T16:16:09.071+0000] {processor.py:753} INFO - DAG(s) dict_keys(['example_params_ui_tutorial']) retrieved from /usr/local/lib/python3.9/site-packages/airflow/example_dags/example_params_ui_tutorial.py
[2024-09-24T16:16:09.099+0000] {logging_mixin.py:137} INFO - [2024-09-24T16:16:09.099+0000] {dag.py:2705} INFO - Sync 1 DAGs
[2024-09-24T16:16:09.112+0000] {logging_mixin.py:137} INFO - [2024-09-24T16:16:09.111+0000] {dag.py:3452} INFO - Setting next_dagrun for example_params_ui_tutorial to None, run_after=None
[2024-09-24T16:16:09.118+0000] {processor.py:175} INFO - Processing /usr/local/lib/python3.9/site-packages/airflow/example_dags/example_params_ui_tutorial.py took 0.078 seconds
[2024-09-24T16:16:39.303+0000] {processor.py:153} INFO - Started process (PID=1864) to work on /usr/local/lib/python3.9/site-packages/airflow/example_dags/example_params_ui_tutorial.py
[2024-09-24T16:16:39.304+0000] {processor.py:743} INFO - Processing file /usr/local/lib/python3.9/site-packages/airflow/example_dags/example_params_ui_tutorial.py for tasks to queue
[2024-09-24T16:16:39.305+0000] {logging_mixin.py:137} INFO - [2024-09-24T16:16:39.305+0000] {dagbag.py:532} INFO - Filling up the DagBag from /usr/local/lib/python3.9/site-packages/airflow/example_dags/example_params_ui_tutorial.py
[2024-09-24T16:16:39.331+0000] {processor.py:753} INFO - DAG(s) dict_keys(['example_params_ui_tutorial']) retrieved from /usr/local/lib/python3.9/site-packages/airflow/example_dags/example_params_ui_tutorial.py
[2024-09-24T16:16:39.358+0000] {logging_mixin.py:137} INFO - [2024-09-24T16:16:39.358+0000] {dag.py:2705} INFO - Sync 1 DAGs
[2024-09-24T16:16:39.369+0000] {logging_mixin.py:137} INFO - [2024-09-24T16:16:39.369+0000] {dag.py:3452} INFO - Setting next_dagrun for example_params_ui_tutorial to None, run_after=None
[2024-09-24T16:16:39.432+0000] {processor.py:175} INFO - Processing /usr/local/lib/python3.9/site-packages/airflow/example_dags/example_params_ui_tutorial.py took 0.135 seconds
[2024-09-24T16:17:09.771+0000] {processor.py:153} INFO - Started process (PID=2075) to work on /usr/local/lib/python3.9/site-packages/airflow/example_dags/example_params_ui_tutorial.py
[2024-09-24T16:17:09.774+0000] {processor.py:743} INFO - Processing file /usr/local/lib/python3.9/site-packages/airflow/example_dags/example_params_ui_tutorial.py for tasks to queue
[2024-09-24T16:17:09.776+0000] {logging_mixin.py:137} INFO - [2024-09-24T16:17:09.776+0000] {dagbag.py:532} INFO - Filling up the DagBag from /usr/local/lib/python3.9/site-packages/airflow/example_dags/example_params_ui_tutorial.py
[2024-09-24T16:17:09.806+0000] {processor.py:753} INFO - DAG(s) dict_keys(['example_params_ui_tutorial']) retrieved from /usr/local/lib/python3.9/site-packages/airflow/example_dags/example_params_ui_tutorial.py
[2024-09-24T16:17:09.828+0000] {logging_mixin.py:137} INFO - [2024-09-24T16:17:09.828+0000] {dag.py:2705} INFO - Sync 1 DAGs
[2024-09-24T16:17:09.930+0000] {logging_mixin.py:137} INFO - [2024-09-24T16:17:09.930+0000] {dag.py:3452} INFO - Setting next_dagrun for example_params_ui_tutorial to None, run_after=None
[2024-09-24T16:17:09.947+0000] {processor.py:175} INFO - Processing /usr/local/lib/python3.9/site-packages/airflow/example_dags/example_params_ui_tutorial.py took 0.182 seconds
[2024-09-24T16:17:40.599+0000] {processor.py:153} INFO - Started process (PID=2286) to work on /usr/local/lib/python3.9/site-packages/airflow/example_dags/example_params_ui_tutorial.py
[2024-09-24T16:17:40.599+0000] {processor.py:743} INFO - Processing file /usr/local/lib/python3.9/site-packages/airflow/example_dags/example_params_ui_tutorial.py for tasks to queue
[2024-09-24T16:17:40.599+0000] {logging_mixin.py:137} INFO - [2024-09-24T16:17:40.599+0000] {dagbag.py:532} INFO - Filling up the DagBag from /usr/local/lib/python3.9/site-packages/airflow/example_dags/example_params_ui_tutorial.py
[2024-09-24T16:17:40.677+0000] {processor.py:753} INFO - DAG(s) dict_keys(['example_params_ui_tutorial']) retrieved from /usr/local/lib/python3.9/site-packages/airflow/example_dags/example_params_ui_tutorial.py
[2024-09-24T16:17:40.705+0000] {logging_mixin.py:137} INFO - [2024-09-24T16:17:40.705+0000] {dag.py:2705} INFO - Sync 1 DAGs
[2024-09-24T16:17:40.718+0000] {logging_mixin.py:137} INFO - [2024-09-24T16:17:40.718+0000] {dag.py:3452} INFO - Setting next_dagrun for example_params_ui_tutorial to None, run_after=None
[2024-09-24T16:17:40.730+0000] {processor.py:175} INFO - Processing /usr/local/lib/python3.9/site-packages/airflow/example_dags/example_params_ui_tutorial.py took 0.133 seconds
[2024-09-24T16:18:11.243+0000] {processor.py:153} INFO - Started process (PID=2497) to work on /usr/local/lib/python3.9/site-packages/airflow/example_dags/example_params_ui_tutorial.py
[2024-09-24T16:18:11.244+0000] {processor.py:743} INFO - Processing file /usr/local/lib/python3.9/site-packages/airflow/example_dags/example_params_ui_tutorial.py for tasks to queue
[2024-09-24T16:18:11.245+0000] {logging_mixin.py:137} INFO - [2024-09-24T16:18:11.245+0000] {dagbag.py:532} INFO - Filling up the DagBag from /usr/local/lib/python3.9/site-packages/airflow/example_dags/example_params_ui_tutorial.py
[2024-09-24T16:18:11.334+0000] {processor.py:753} INFO - DAG(s) dict_keys(['example_params_ui_tutorial']) retrieved from /usr/local/lib/python3.9/site-packages/airflow/example_dags/example_params_ui_tutorial.py
[2024-09-24T16:18:11.353+0000] {logging_mixin.py:137} INFO - [2024-09-24T16:18:11.353+0000] {dag.py:2705} INFO - Sync 1 DAGs
[2024-09-24T16:18:11.362+0000] {logging_mixin.py:137} INFO - [2024-09-24T16:18:11.362+0000] {dag.py:3452} INFO - Setting next_dagrun for example_params_ui_tutorial to None, run_after=None
[2024-09-24T16:18:11.368+0000] {processor.py:175} INFO - Processing /usr/local/lib/python3.9/site-packages/airflow/example_dags/example_params_ui_tutorial.py took 0.130 seconds
[2024-09-24T17:55:52.279+0000] {processor.py:153} INFO - Started process (PID=382) to work on /usr/local/lib/python3.9/site-packages/airflow/example_dags/example_params_ui_tutorial.py
[2024-09-24T17:55:52.280+0000] {processor.py:743} INFO - Processing file /usr/local/lib/python3.9/site-packages/airflow/example_dags/example_params_ui_tutorial.py for tasks to queue
[2024-09-24T17:55:52.280+0000] {logging_mixin.py:137} INFO - [2024-09-24T17:55:52.280+0000] {dagbag.py:532} INFO - Filling up the DagBag from /usr/local/lib/python3.9/site-packages/airflow/example_dags/example_params_ui_tutorial.py
[2024-09-24T17:55:52.324+0000] {processor.py:753} INFO - DAG(s) dict_keys(['example_params_ui_tutorial']) retrieved from /usr/local/lib/python3.9/site-packages/airflow/example_dags/example_params_ui_tutorial.py
[2024-09-24T17:55:52.334+0000] {logging_mixin.py:137} INFO - [2024-09-24T17:55:52.333+0000] {dag.py:2705} INFO - Sync 1 DAGs
[2024-09-24T17:55:52.351+0000] {logging_mixin.py:137} INFO - [2024-09-24T17:55:52.351+0000] {dag.py:3452} INFO - Setting next_dagrun for example_params_ui_tutorial to None, run_after=None
[2024-09-24T17:55:52.366+0000] {processor.py:175} INFO - Processing /usr/local/lib/python3.9/site-packages/airflow/example_dags/example_params_ui_tutorial.py took 0.091 seconds
[2024-09-24T17:56:27.359+0000] {processor.py:153} INFO - Started process (PID=595) to work on /usr/local/lib/python3.9/site-packages/airflow/example_dags/example_params_ui_tutorial.py
[2024-09-24T17:56:27.362+0000] {processor.py:743} INFO - Processing file /usr/local/lib/python3.9/site-packages/airflow/example_dags/example_params_ui_tutorial.py for tasks to queue
[2024-09-24T17:56:27.366+0000] {logging_mixin.py:137} INFO - [2024-09-24T17:56:27.366+0000] {dagbag.py:532} INFO - Filling up the DagBag from /usr/local/lib/python3.9/site-packages/airflow/example_dags/example_params_ui_tutorial.py
[2024-09-24T17:56:27.397+0000] {processor.py:753} INFO - DAG(s) dict_keys(['example_params_ui_tutorial']) retrieved from /usr/local/lib/python3.9/site-packages/airflow/example_dags/example_params_ui_tutorial.py
[2024-09-24T17:56:27.436+0000] {logging_mixin.py:137} INFO - [2024-09-24T17:56:27.436+0000] {dag.py:2705} INFO - Sync 1 DAGs
[2024-09-24T17:56:27.474+0000] {logging_mixin.py:137} INFO - [2024-09-24T17:56:27.474+0000] {dag.py:3452} INFO - Setting next_dagrun for example_params_ui_tutorial to None, run_after=None
[2024-09-24T17:56:27.514+0000] {processor.py:175} INFO - Processing /usr/local/lib/python3.9/site-packages/airflow/example_dags/example_params_ui_tutorial.py took 0.158 seconds
[2024-09-24T18:44:47.996+0000] {processor.py:153} INFO - Started process (PID=389) to work on /usr/local/lib/python3.9/site-packages/airflow/example_dags/example_params_ui_tutorial.py
[2024-09-24T18:44:47.997+0000] {processor.py:743} INFO - Processing file /usr/local/lib/python3.9/site-packages/airflow/example_dags/example_params_ui_tutorial.py for tasks to queue
[2024-09-24T18:44:47.997+0000] {logging_mixin.py:137} INFO - [2024-09-24T18:44:47.997+0000] {dagbag.py:532} INFO - Filling up the DagBag from /usr/local/lib/python3.9/site-packages/airflow/example_dags/example_params_ui_tutorial.py
[2024-09-24T18:44:48.026+0000] {processor.py:753} INFO - DAG(s) dict_keys(['example_params_ui_tutorial']) retrieved from /usr/local/lib/python3.9/site-packages/airflow/example_dags/example_params_ui_tutorial.py
[2024-09-24T18:44:48.093+0000] {logging_mixin.py:137} INFO - [2024-09-24T18:44:48.093+0000] {manager.py:504} INFO - Created Permission View: can read on DAG:example_params_ui_tutorial
[2024-09-24T18:44:48.101+0000] {logging_mixin.py:137} INFO - [2024-09-24T18:44:48.101+0000] {manager.py:504} INFO - Created Permission View: can edit on DAG:example_params_ui_tutorial
[2024-09-24T18:44:48.105+0000] {logging_mixin.py:137} INFO - [2024-09-24T18:44:48.105+0000] {manager.py:504} INFO - Created Permission View: can delete on DAG:example_params_ui_tutorial
[2024-09-24T18:44:48.105+0000] {logging_mixin.py:137} INFO - [2024-09-24T18:44:48.105+0000] {dag.py:2705} INFO - Sync 1 DAGs
[2024-09-24T18:44:48.110+0000] {logging_mixin.py:137} INFO - [2024-09-24T18:44:48.110+0000] {dag.py:2726} INFO - Creating ORM DAG for example_params_ui_tutorial
[2024-09-24T18:44:48.115+0000] {logging_mixin.py:137} INFO - [2024-09-24T18:44:48.115+0000] {dag.py:3452} INFO - Setting next_dagrun for example_params_ui_tutorial to None, run_after=None
[2024-09-24T18:44:48.125+0000] {processor.py:175} INFO - Processing /usr/local/lib/python3.9/site-packages/airflow/example_dags/example_params_ui_tutorial.py took 0.131 seconds
[2024-09-24T18:45:18.807+0000] {processor.py:153} INFO - Started process (PID=600) to work on /usr/local/lib/python3.9/site-packages/airflow/example_dags/example_params_ui_tutorial.py
[2024-09-24T18:45:18.807+0000] {processor.py:743} INFO - Processing file /usr/local/lib/python3.9/site-packages/airflow/example_dags/example_params_ui_tutorial.py for tasks to queue
[2024-09-24T18:45:18.808+0000] {logging_mixin.py:137} INFO - [2024-09-24T18:45:18.808+0000] {dagbag.py:532} INFO - Filling up the DagBag from /usr/local/lib/python3.9/site-packages/airflow/example_dags/example_params_ui_tutorial.py
[2024-09-24T18:45:18.831+0000] {processor.py:753} INFO - DAG(s) dict_keys(['example_params_ui_tutorial']) retrieved from /usr/local/lib/python3.9/site-packages/airflow/example_dags/example_params_ui_tutorial.py
[2024-09-24T18:45:18.867+0000] {logging_mixin.py:137} INFO - [2024-09-24T18:45:18.867+0000] {dag.py:2705} INFO - Sync 1 DAGs
[2024-09-24T18:45:18.878+0000] {logging_mixin.py:137} INFO - [2024-09-24T18:45:18.878+0000] {dag.py:3452} INFO - Setting next_dagrun for example_params_ui_tutorial to None, run_after=None
[2024-09-24T18:45:18.890+0000] {processor.py:175} INFO - Processing /usr/local/lib/python3.9/site-packages/airflow/example_dags/example_params_ui_tutorial.py took 0.085 seconds
[2024-09-24T18:45:50.638+0000] {processor.py:153} INFO - Started process (PID=811) to work on /usr/local/lib/python3.9/site-packages/airflow/example_dags/example_params_ui_tutorial.py
[2024-09-24T18:45:50.641+0000] {processor.py:743} INFO - Processing file /usr/local/lib/python3.9/site-packages/airflow/example_dags/example_params_ui_tutorial.py for tasks to queue
[2024-09-24T18:45:50.642+0000] {logging_mixin.py:137} INFO - [2024-09-24T18:45:50.642+0000] {dagbag.py:532} INFO - Filling up the DagBag from /usr/local/lib/python3.9/site-packages/airflow/example_dags/example_params_ui_tutorial.py
[2024-09-24T18:45:50.664+0000] {processor.py:753} INFO - DAG(s) dict_keys(['example_params_ui_tutorial']) retrieved from /usr/local/lib/python3.9/site-packages/airflow/example_dags/example_params_ui_tutorial.py
[2024-09-24T18:45:50.699+0000] {logging_mixin.py:137} INFO - [2024-09-24T18:45:50.698+0000] {dag.py:2705} INFO - Sync 1 DAGs
[2024-09-24T18:45:50.718+0000] {logging_mixin.py:137} INFO - [2024-09-24T18:45:50.717+0000] {dag.py:3452} INFO - Setting next_dagrun for example_params_ui_tutorial to None, run_after=None
[2024-09-24T18:45:50.730+0000] {processor.py:175} INFO - Processing /usr/local/lib/python3.9/site-packages/airflow/example_dags/example_params_ui_tutorial.py took 0.094 seconds
[2024-09-24T18:46:21.378+0000] {processor.py:153} INFO - Started process (PID=1022) to work on /usr/local/lib/python3.9/site-packages/airflow/example_dags/example_params_ui_tutorial.py
[2024-09-24T18:46:21.379+0000] {processor.py:743} INFO - Processing file /usr/local/lib/python3.9/site-packages/airflow/example_dags/example_params_ui_tutorial.py for tasks to queue
[2024-09-24T18:46:21.380+0000] {logging_mixin.py:137} INFO - [2024-09-24T18:46:21.380+0000] {dagbag.py:532} INFO - Filling up the DagBag from /usr/local/lib/python3.9/site-packages/airflow/example_dags/example_params_ui_tutorial.py
[2024-09-24T18:46:21.396+0000] {processor.py:753} INFO - DAG(s) dict_keys(['example_params_ui_tutorial']) retrieved from /usr/local/lib/python3.9/site-packages/airflow/example_dags/example_params_ui_tutorial.py
[2024-09-24T18:46:21.418+0000] {logging_mixin.py:137} INFO - [2024-09-24T18:46:21.418+0000] {dag.py:2705} INFO - Sync 1 DAGs
[2024-09-24T18:46:21.428+0000] {logging_mixin.py:137} INFO - [2024-09-24T18:46:21.428+0000] {dag.py:3452} INFO - Setting next_dagrun for example_params_ui_tutorial to None, run_after=None
[2024-09-24T18:46:21.438+0000] {processor.py:175} INFO - Processing /usr/local/lib/python3.9/site-packages/airflow/example_dags/example_params_ui_tutorial.py took 0.062 seconds
[2024-09-24T18:47:04.540+0000] {processor.py:153} INFO - Started process (PID=1233) to work on /usr/local/lib/python3.9/site-packages/airflow/example_dags/example_params_ui_tutorial.py
[2024-09-24T18:47:04.542+0000] {processor.py:743} INFO - Processing file /usr/local/lib/python3.9/site-packages/airflow/example_dags/example_params_ui_tutorial.py for tasks to queue
[2024-09-24T18:47:04.543+0000] {logging_mixin.py:137} INFO - [2024-09-24T18:47:04.543+0000] {dagbag.py:532} INFO - Filling up the DagBag from /usr/local/lib/python3.9/site-packages/airflow/example_dags/example_params_ui_tutorial.py
[2024-09-24T18:47:04.605+0000] {processor.py:753} INFO - DAG(s) dict_keys(['example_params_ui_tutorial']) retrieved from /usr/local/lib/python3.9/site-packages/airflow/example_dags/example_params_ui_tutorial.py
[2024-09-24T18:47:04.659+0000] {logging_mixin.py:137} INFO - [2024-09-24T18:47:04.658+0000] {dag.py:2705} INFO - Sync 1 DAGs
[2024-09-24T18:47:04.682+0000] {logging_mixin.py:137} INFO - [2024-09-24T18:47:04.682+0000] {dag.py:3452} INFO - Setting next_dagrun for example_params_ui_tutorial to None, run_after=None
[2024-09-24T18:47:04.707+0000] {processor.py:175} INFO - Processing /usr/local/lib/python3.9/site-packages/airflow/example_dags/example_params_ui_tutorial.py took 0.171 seconds
[2024-09-24T18:47:39.206+0000] {processor.py:153} INFO - Started process (PID=1444) to work on /usr/local/lib/python3.9/site-packages/airflow/example_dags/example_params_ui_tutorial.py
[2024-09-24T18:47:39.207+0000] {processor.py:743} INFO - Processing file /usr/local/lib/python3.9/site-packages/airflow/example_dags/example_params_ui_tutorial.py for tasks to queue
[2024-09-24T18:47:39.208+0000] {logging_mixin.py:137} INFO - [2024-09-24T18:47:39.208+0000] {dagbag.py:532} INFO - Filling up the DagBag from /usr/local/lib/python3.9/site-packages/airflow/example_dags/example_params_ui_tutorial.py
[2024-09-24T18:47:39.232+0000] {processor.py:753} INFO - DAG(s) dict_keys(['example_params_ui_tutorial']) retrieved from /usr/local/lib/python3.9/site-packages/airflow/example_dags/example_params_ui_tutorial.py
[2024-09-24T18:47:39.258+0000] {logging_mixin.py:137} INFO - [2024-09-24T18:47:39.258+0000] {dag.py:2705} INFO - Sync 1 DAGs
[2024-09-24T18:47:39.274+0000] {logging_mixin.py:137} INFO - [2024-09-24T18:47:39.274+0000] {dag.py:3452} INFO - Setting next_dagrun for example_params_ui_tutorial to None, run_after=None
[2024-09-24T18:47:39.282+0000] {processor.py:175} INFO - Processing /usr/local/lib/python3.9/site-packages/airflow/example_dags/example_params_ui_tutorial.py took 0.079 seconds
[2024-09-24T18:48:10.924+0000] {processor.py:153} INFO - Started process (PID=1655) to work on /usr/local/lib/python3.9/site-packages/airflow/example_dags/example_params_ui_tutorial.py
[2024-09-24T18:48:10.928+0000] {processor.py:743} INFO - Processing file /usr/local/lib/python3.9/site-packages/airflow/example_dags/example_params_ui_tutorial.py for tasks to queue
[2024-09-24T18:48:10.928+0000] {logging_mixin.py:137} INFO - [2024-09-24T18:48:10.928+0000] {dagbag.py:532} INFO - Filling up the DagBag from /usr/local/lib/python3.9/site-packages/airflow/example_dags/example_params_ui_tutorial.py
[2024-09-24T18:48:10.948+0000] {processor.py:753} INFO - DAG(s) dict_keys(['example_params_ui_tutorial']) retrieved from /usr/local/lib/python3.9/site-packages/airflow/example_dags/example_params_ui_tutorial.py
[2024-09-24T18:48:11.148+0000] {logging_mixin.py:137} INFO - [2024-09-24T18:48:11.148+0000] {dag.py:2705} INFO - Sync 1 DAGs
[2024-09-24T18:48:11.175+0000] {logging_mixin.py:137} INFO - [2024-09-24T18:48:11.175+0000] {dag.py:3452} INFO - Setting next_dagrun for example_params_ui_tutorial to None, run_after=None
[2024-09-24T18:48:11.186+0000] {processor.py:175} INFO - Processing /usr/local/lib/python3.9/site-packages/airflow/example_dags/example_params_ui_tutorial.py took 0.264 seconds
[2024-09-24T18:48:42.011+0000] {processor.py:153} INFO - Started process (PID=1865) to work on /usr/local/lib/python3.9/site-packages/airflow/example_dags/example_params_ui_tutorial.py
[2024-09-24T18:48:42.015+0000] {processor.py:743} INFO - Processing file /usr/local/lib/python3.9/site-packages/airflow/example_dags/example_params_ui_tutorial.py for tasks to queue
[2024-09-24T18:48:42.016+0000] {logging_mixin.py:137} INFO - [2024-09-24T18:48:42.016+0000] {dagbag.py:532} INFO - Filling up the DagBag from /usr/local/lib/python3.9/site-packages/airflow/example_dags/example_params_ui_tutorial.py
[2024-09-24T18:48:42.033+0000] {processor.py:753} INFO - DAG(s) dict_keys(['example_params_ui_tutorial']) retrieved from /usr/local/lib/python3.9/site-packages/airflow/example_dags/example_params_ui_tutorial.py
[2024-09-24T18:48:42.056+0000] {logging_mixin.py:137} INFO - [2024-09-24T18:48:42.056+0000] {dag.py:2705} INFO - Sync 1 DAGs
[2024-09-24T18:48:42.128+0000] {logging_mixin.py:137} INFO - [2024-09-24T18:48:42.128+0000] {dag.py:3452} INFO - Setting next_dagrun for example_params_ui_tutorial to None, run_after=None
[2024-09-24T18:48:42.135+0000] {processor.py:175} INFO - Processing /usr/local/lib/python3.9/site-packages/airflow/example_dags/example_params_ui_tutorial.py took 0.126 seconds
[2024-09-24T18:49:12.443+0000] {processor.py:153} INFO - Started process (PID=2077) to work on /usr/local/lib/python3.9/site-packages/airflow/example_dags/example_params_ui_tutorial.py
[2024-09-24T18:49:12.446+0000] {processor.py:743} INFO - Processing file /usr/local/lib/python3.9/site-packages/airflow/example_dags/example_params_ui_tutorial.py for tasks to queue
[2024-09-24T18:49:12.447+0000] {logging_mixin.py:137} INFO - [2024-09-24T18:49:12.447+0000] {dagbag.py:532} INFO - Filling up the DagBag from /usr/local/lib/python3.9/site-packages/airflow/example_dags/example_params_ui_tutorial.py
[2024-09-24T18:49:12.464+0000] {processor.py:753} INFO - DAG(s) dict_keys(['example_params_ui_tutorial']) retrieved from /usr/local/lib/python3.9/site-packages/airflow/example_dags/example_params_ui_tutorial.py
[2024-09-24T18:49:12.544+0000] {logging_mixin.py:137} INFO - [2024-09-24T18:49:12.544+0000] {dag.py:2705} INFO - Sync 1 DAGs
[2024-09-24T18:49:12.552+0000] {logging_mixin.py:137} INFO - [2024-09-24T18:49:12.552+0000] {dag.py:3452} INFO - Setting next_dagrun for example_params_ui_tutorial to None, run_after=None
[2024-09-24T18:49:12.559+0000] {processor.py:175} INFO - Processing /usr/local/lib/python3.9/site-packages/airflow/example_dags/example_params_ui_tutorial.py took 0.119 seconds
[2024-09-24T18:49:42.658+0000] {processor.py:153} INFO - Started process (PID=2288) to work on /usr/local/lib/python3.9/site-packages/airflow/example_dags/example_params_ui_tutorial.py
[2024-09-24T18:49:42.662+0000] {processor.py:743} INFO - Processing file /usr/local/lib/python3.9/site-packages/airflow/example_dags/example_params_ui_tutorial.py for tasks to queue
[2024-09-24T18:49:42.663+0000] {logging_mixin.py:137} INFO - [2024-09-24T18:49:42.663+0000] {dagbag.py:532} INFO - Filling up the DagBag from /usr/local/lib/python3.9/site-packages/airflow/example_dags/example_params_ui_tutorial.py
[2024-09-24T18:49:42.735+0000] {processor.py:753} INFO - DAG(s) dict_keys(['example_params_ui_tutorial']) retrieved from /usr/local/lib/python3.9/site-packages/airflow/example_dags/example_params_ui_tutorial.py
[2024-09-24T18:49:42.750+0000] {logging_mixin.py:137} INFO - [2024-09-24T18:49:42.750+0000] {dag.py:2705} INFO - Sync 1 DAGs
[2024-09-24T18:49:42.758+0000] {logging_mixin.py:137} INFO - [2024-09-24T18:49:42.758+0000] {dag.py:3452} INFO - Setting next_dagrun for example_params_ui_tutorial to None, run_after=None
[2024-09-24T18:49:42.767+0000] {processor.py:175} INFO - Processing /usr/local/lib/python3.9/site-packages/airflow/example_dags/example_params_ui_tutorial.py took 0.110 seconds
[2024-09-24T18:50:13.052+0000] {processor.py:153} INFO - Started process (PID=2499) to work on /usr/local/lib/python3.9/site-packages/airflow/example_dags/example_params_ui_tutorial.py
[2024-09-24T18:50:13.052+0000] {processor.py:743} INFO - Processing file /usr/local/lib/python3.9/site-packages/airflow/example_dags/example_params_ui_tutorial.py for tasks to queue
[2024-09-24T18:50:13.053+0000] {logging_mixin.py:137} INFO - [2024-09-24T18:50:13.053+0000] {dagbag.py:532} INFO - Filling up the DagBag from /usr/local/lib/python3.9/site-packages/airflow/example_dags/example_params_ui_tutorial.py
[2024-09-24T18:50:13.077+0000] {processor.py:753} INFO - DAG(s) dict_keys(['example_params_ui_tutorial']) retrieved from /usr/local/lib/python3.9/site-packages/airflow/example_dags/example_params_ui_tutorial.py
[2024-09-24T18:50:13.096+0000] {logging_mixin.py:137} INFO - [2024-09-24T18:50:13.096+0000] {dag.py:2705} INFO - Sync 1 DAGs
[2024-09-24T18:50:13.106+0000] {logging_mixin.py:137} INFO - [2024-09-24T18:50:13.106+0000] {dag.py:3452} INFO - Setting next_dagrun for example_params_ui_tutorial to None, run_after=None
[2024-09-24T18:50:13.114+0000] {processor.py:175} INFO - Processing /usr/local/lib/python3.9/site-packages/airflow/example_dags/example_params_ui_tutorial.py took 0.065 seconds
[2024-09-24T18:50:43.728+0000] {processor.py:153} INFO - Started process (PID=2710) to work on /usr/local/lib/python3.9/site-packages/airflow/example_dags/example_params_ui_tutorial.py
[2024-09-24T18:50:43.731+0000] {processor.py:743} INFO - Processing file /usr/local/lib/python3.9/site-packages/airflow/example_dags/example_params_ui_tutorial.py for tasks to queue
[2024-09-24T18:50:43.732+0000] {logging_mixin.py:137} INFO - [2024-09-24T18:50:43.732+0000] {dagbag.py:532} INFO - Filling up the DagBag from /usr/local/lib/python3.9/site-packages/airflow/example_dags/example_params_ui_tutorial.py
[2024-09-24T18:50:43.759+0000] {processor.py:753} INFO - DAG(s) dict_keys(['example_params_ui_tutorial']) retrieved from /usr/local/lib/python3.9/site-packages/airflow/example_dags/example_params_ui_tutorial.py
[2024-09-24T18:50:43.785+0000] {logging_mixin.py:137} INFO - [2024-09-24T18:50:43.785+0000] {dag.py:2705} INFO - Sync 1 DAGs
[2024-09-24T18:50:43.803+0000] {logging_mixin.py:137} INFO - [2024-09-24T18:50:43.803+0000] {dag.py:3452} INFO - Setting next_dagrun for example_params_ui_tutorial to None, run_after=None
[2024-09-24T18:50:43.810+0000] {processor.py:175} INFO - Processing /usr/local/lib/python3.9/site-packages/airflow/example_dags/example_params_ui_tutorial.py took 0.086 seconds
[2024-09-24T18:51:14.312+0000] {processor.py:153} INFO - Started process (PID=2921) to work on /usr/local/lib/python3.9/site-packages/airflow/example_dags/example_params_ui_tutorial.py
[2024-09-24T18:51:14.316+0000] {processor.py:743} INFO - Processing file /usr/local/lib/python3.9/site-packages/airflow/example_dags/example_params_ui_tutorial.py for tasks to queue
[2024-09-24T18:51:14.316+0000] {logging_mixin.py:137} INFO - [2024-09-24T18:51:14.316+0000] {dagbag.py:532} INFO - Filling up the DagBag from /usr/local/lib/python3.9/site-packages/airflow/example_dags/example_params_ui_tutorial.py
[2024-09-24T18:51:14.338+0000] {processor.py:753} INFO - DAG(s) dict_keys(['example_params_ui_tutorial']) retrieved from /usr/local/lib/python3.9/site-packages/airflow/example_dags/example_params_ui_tutorial.py
[2024-09-24T18:51:14.360+0000] {logging_mixin.py:137} INFO - [2024-09-24T18:51:14.360+0000] {dag.py:2705} INFO - Sync 1 DAGs
[2024-09-24T18:51:14.373+0000] {logging_mixin.py:137} INFO - [2024-09-24T18:51:14.373+0000] {dag.py:3452} INFO - Setting next_dagrun for example_params_ui_tutorial to None, run_after=None
[2024-09-24T18:51:14.381+0000] {processor.py:175} INFO - Processing /usr/local/lib/python3.9/site-packages/airflow/example_dags/example_params_ui_tutorial.py took 0.071 seconds
[2024-09-24T18:51:45.186+0000] {processor.py:153} INFO - Started process (PID=3132) to work on /usr/local/lib/python3.9/site-packages/airflow/example_dags/example_params_ui_tutorial.py
[2024-09-24T18:51:45.190+0000] {processor.py:743} INFO - Processing file /usr/local/lib/python3.9/site-packages/airflow/example_dags/example_params_ui_tutorial.py for tasks to queue
[2024-09-24T18:51:45.191+0000] {logging_mixin.py:137} INFO - [2024-09-24T18:51:45.191+0000] {dagbag.py:532} INFO - Filling up the DagBag from /usr/local/lib/python3.9/site-packages/airflow/example_dags/example_params_ui_tutorial.py
[2024-09-24T18:51:45.219+0000] {processor.py:753} INFO - DAG(s) dict_keys(['example_params_ui_tutorial']) retrieved from /usr/local/lib/python3.9/site-packages/airflow/example_dags/example_params_ui_tutorial.py
[2024-09-24T18:51:45.241+0000] {logging_mixin.py:137} INFO - [2024-09-24T18:51:45.241+0000] {dag.py:2705} INFO - Sync 1 DAGs
[2024-09-24T18:51:45.253+0000] {logging_mixin.py:137} INFO - [2024-09-24T18:51:45.253+0000] {dag.py:3452} INFO - Setting next_dagrun for example_params_ui_tutorial to None, run_after=None
[2024-09-24T18:51:45.268+0000] {processor.py:175} INFO - Processing /usr/local/lib/python3.9/site-packages/airflow/example_dags/example_params_ui_tutorial.py took 0.087 seconds
[2024-09-24T18:52:16.050+0000] {processor.py:153} INFO - Started process (PID=3343) to work on /usr/local/lib/python3.9/site-packages/airflow/example_dags/example_params_ui_tutorial.py
[2024-09-24T18:52:16.053+0000] {processor.py:743} INFO - Processing file /usr/local/lib/python3.9/site-packages/airflow/example_dags/example_params_ui_tutorial.py for tasks to queue
[2024-09-24T18:52:16.053+0000] {logging_mixin.py:137} INFO - [2024-09-24T18:52:16.053+0000] {dagbag.py:532} INFO - Filling up the DagBag from /usr/local/lib/python3.9/site-packages/airflow/example_dags/example_params_ui_tutorial.py
[2024-09-24T18:52:16.094+0000] {processor.py:753} INFO - DAG(s) dict_keys(['example_params_ui_tutorial']) retrieved from /usr/local/lib/python3.9/site-packages/airflow/example_dags/example_params_ui_tutorial.py
[2024-09-24T18:52:16.116+0000] {logging_mixin.py:137} INFO - [2024-09-24T18:52:16.116+0000] {dag.py:2705} INFO - Sync 1 DAGs
[2024-09-24T18:52:16.126+0000] {logging_mixin.py:137} INFO - [2024-09-24T18:52:16.126+0000] {dag.py:3452} INFO - Setting next_dagrun for example_params_ui_tutorial to None, run_after=None
[2024-09-24T18:52:16.136+0000] {processor.py:175} INFO - Processing /usr/local/lib/python3.9/site-packages/airflow/example_dags/example_params_ui_tutorial.py took 0.089 seconds
[2024-09-24T18:52:47.010+0000] {processor.py:153} INFO - Started process (PID=3553) to work on /usr/local/lib/python3.9/site-packages/airflow/example_dags/example_params_ui_tutorial.py
[2024-09-24T18:52:47.011+0000] {processor.py:743} INFO - Processing file /usr/local/lib/python3.9/site-packages/airflow/example_dags/example_params_ui_tutorial.py for tasks to queue
[2024-09-24T18:52:47.012+0000] {logging_mixin.py:137} INFO - [2024-09-24T18:52:47.011+0000] {dagbag.py:532} INFO - Filling up the DagBag from /usr/local/lib/python3.9/site-packages/airflow/example_dags/example_params_ui_tutorial.py
[2024-09-24T18:52:47.037+0000] {processor.py:753} INFO - DAG(s) dict_keys(['example_params_ui_tutorial']) retrieved from /usr/local/lib/python3.9/site-packages/airflow/example_dags/example_params_ui_tutorial.py
[2024-09-24T18:52:47.057+0000] {logging_mixin.py:137} INFO - [2024-09-24T18:52:47.057+0000] {dag.py:2705} INFO - Sync 1 DAGs
[2024-09-24T18:52:47.066+0000] {logging_mixin.py:137} INFO - [2024-09-24T18:52:47.066+0000] {dag.py:3452} INFO - Setting next_dagrun for example_params_ui_tutorial to None, run_after=None
[2024-09-24T18:52:47.073+0000] {processor.py:175} INFO - Processing /usr/local/lib/python3.9/site-packages/airflow/example_dags/example_params_ui_tutorial.py took 0.066 seconds
[2024-09-24T18:53:18.001+0000] {processor.py:153} INFO - Started process (PID=3765) to work on /usr/local/lib/python3.9/site-packages/airflow/example_dags/example_params_ui_tutorial.py
[2024-09-24T18:53:18.004+0000] {processor.py:743} INFO - Processing file /usr/local/lib/python3.9/site-packages/airflow/example_dags/example_params_ui_tutorial.py for tasks to queue
[2024-09-24T18:53:18.004+0000] {logging_mixin.py:137} INFO - [2024-09-24T18:53:18.004+0000] {dagbag.py:532} INFO - Filling up the DagBag from /usr/local/lib/python3.9/site-packages/airflow/example_dags/example_params_ui_tutorial.py
[2024-09-24T18:53:18.032+0000] {processor.py:753} INFO - DAG(s) dict_keys(['example_params_ui_tutorial']) retrieved from /usr/local/lib/python3.9/site-packages/airflow/example_dags/example_params_ui_tutorial.py
[2024-09-24T18:53:18.053+0000] {logging_mixin.py:137} INFO - [2024-09-24T18:53:18.053+0000] {dag.py:2705} INFO - Sync 1 DAGs
[2024-09-24T18:53:18.064+0000] {logging_mixin.py:137} INFO - [2024-09-24T18:53:18.063+0000] {dag.py:3452} INFO - Setting next_dagrun for example_params_ui_tutorial to None, run_after=None
[2024-09-24T18:53:18.072+0000] {processor.py:175} INFO - Processing /usr/local/lib/python3.9/site-packages/airflow/example_dags/example_params_ui_tutorial.py took 0.074 seconds
