[2024-09-24T15:58:42.358+0000] {processor.py:153} INFO - Started process (PID=270) to work on /usr/local/lib/python3.9/site-packages/airflow/example_dags/example_sensors.py
[2024-09-24T15:58:42.358+0000] {processor.py:743} INFO - Processing file /usr/local/lib/python3.9/site-packages/airflow/example_dags/example_sensors.py for tasks to queue
[2024-09-24T15:58:42.358+0000] {logging_mixin.py:137} INFO - [2024-09-24T15:58:42.358+0000] {dagbag.py:532} INFO - Filling up the DagBag from /usr/local/lib/python3.9/site-packages/airflow/example_dags/example_sensors.py
[2024-09-24T15:58:42.382+0000] {processor.py:753} INFO - DAG(s) dict_keys(['example_sensors']) retrieved from /usr/local/lib/python3.9/site-packages/airflow/example_dags/example_sensors.py
[2024-09-24T15:58:42.462+0000] {logging_mixin.py:137} INFO - [2024-09-24T15:58:42.462+0000] {manager.py:504} INFO - Created Permission View: can delete on DAG:example_sensors
[2024-09-24T15:58:42.470+0000] {logging_mixin.py:137} INFO - [2024-09-24T15:58:42.470+0000] {manager.py:504} INFO - Created Permission View: can read on DAG:example_sensors
[2024-09-24T15:58:42.474+0000] {logging_mixin.py:137} INFO - [2024-09-24T15:58:42.474+0000] {manager.py:504} INFO - Created Permission View: can edit on DAG:example_sensors
[2024-09-24T15:58:42.475+0000] {logging_mixin.py:137} INFO - [2024-09-24T15:58:42.474+0000] {dag.py:2705} INFO - Sync 1 DAGs
[2024-09-24T15:58:42.483+0000] {logging_mixin.py:137} INFO - [2024-09-24T15:58:42.483+0000] {dag.py:2726} INFO - Creating ORM DAG for example_sensors
[2024-09-24T15:58:42.492+0000] {logging_mixin.py:137} INFO - [2024-09-24T15:58:42.492+0000] {dag.py:3452} INFO - Setting next_dagrun for example_sensors to None, run_after=None
[2024-09-24T15:58:42.501+0000] {processor.py:175} INFO - Processing /usr/local/lib/python3.9/site-packages/airflow/example_dags/example_sensors.py took 0.146 seconds
[2024-09-24T15:59:13.433+0000] {processor.py:153} INFO - Started process (PID=481) to work on /usr/local/lib/python3.9/site-packages/airflow/example_dags/example_sensors.py
[2024-09-24T15:59:13.435+0000] {processor.py:743} INFO - Processing file /usr/local/lib/python3.9/site-packages/airflow/example_dags/example_sensors.py for tasks to queue
[2024-09-24T15:59:13.438+0000] {logging_mixin.py:137} INFO - [2024-09-24T15:59:13.438+0000] {dagbag.py:532} INFO - Filling up the DagBag from /usr/local/lib/python3.9/site-packages/airflow/example_dags/example_sensors.py
[2024-09-24T15:59:13.460+0000] {processor.py:753} INFO - DAG(s) dict_keys(['example_sensors']) retrieved from /usr/local/lib/python3.9/site-packages/airflow/example_dags/example_sensors.py
[2024-09-24T15:59:13.513+0000] {logging_mixin.py:137} INFO - [2024-09-24T15:59:13.513+0000] {dag.py:2705} INFO - Sync 1 DAGs
[2024-09-24T15:59:13.541+0000] {logging_mixin.py:137} INFO - [2024-09-24T15:59:13.541+0000] {dag.py:3452} INFO - Setting next_dagrun for example_sensors to None, run_after=None
[2024-09-24T15:59:13.576+0000] {processor.py:175} INFO - Processing /usr/local/lib/python3.9/site-packages/airflow/example_dags/example_sensors.py took 0.149 seconds
[2024-09-24T15:59:43.892+0000] {processor.py:153} INFO - Started process (PID=692) to work on /usr/local/lib/python3.9/site-packages/airflow/example_dags/example_sensors.py
[2024-09-24T15:59:43.966+0000] {processor.py:743} INFO - Processing file /usr/local/lib/python3.9/site-packages/airflow/example_dags/example_sensors.py for tasks to queue
[2024-09-24T15:59:43.967+0000] {logging_mixin.py:137} INFO - [2024-09-24T15:59:43.967+0000] {dagbag.py:532} INFO - Filling up the DagBag from /usr/local/lib/python3.9/site-packages/airflow/example_dags/example_sensors.py
[2024-09-24T15:59:44.000+0000] {processor.py:753} INFO - DAG(s) dict_keys(['example_sensors']) retrieved from /usr/local/lib/python3.9/site-packages/airflow/example_dags/example_sensors.py
[2024-09-24T15:59:44.037+0000] {logging_mixin.py:137} INFO - [2024-09-24T15:59:44.037+0000] {dag.py:2705} INFO - Sync 1 DAGs
[2024-09-24T15:59:44.063+0000] {logging_mixin.py:137} INFO - [2024-09-24T15:59:44.063+0000] {dag.py:3452} INFO - Setting next_dagrun for example_sensors to None, run_after=None
[2024-09-24T15:59:44.083+0000] {processor.py:175} INFO - Processing /usr/local/lib/python3.9/site-packages/airflow/example_dags/example_sensors.py took 0.196 seconds
[2024-09-24T16:12:36.578+0000] {processor.py:153} INFO - Started process (PID=271) to work on /usr/local/lib/python3.9/site-packages/airflow/example_dags/example_sensors.py
[2024-09-24T16:12:36.579+0000] {processor.py:743} INFO - Processing file /usr/local/lib/python3.9/site-packages/airflow/example_dags/example_sensors.py for tasks to queue
[2024-09-24T16:12:36.580+0000] {logging_mixin.py:137} INFO - [2024-09-24T16:12:36.580+0000] {dagbag.py:532} INFO - Filling up the DagBag from /usr/local/lib/python3.9/site-packages/airflow/example_dags/example_sensors.py
[2024-09-24T16:12:36.594+0000] {processor.py:753} INFO - DAG(s) dict_keys(['example_sensors']) retrieved from /usr/local/lib/python3.9/site-packages/airflow/example_dags/example_sensors.py
[2024-09-24T16:12:36.665+0000] {logging_mixin.py:137} INFO - [2024-09-24T16:12:36.665+0000] {manager.py:504} INFO - Created Permission View: can read on DAG:example_sensors
[2024-09-24T16:12:36.672+0000] {logging_mixin.py:137} INFO - [2024-09-24T16:12:36.672+0000] {manager.py:504} INFO - Created Permission View: can edit on DAG:example_sensors
[2024-09-24T16:12:36.675+0000] {logging_mixin.py:137} INFO - [2024-09-24T16:12:36.675+0000] {manager.py:504} INFO - Created Permission View: can delete on DAG:example_sensors
[2024-09-24T16:12:36.676+0000] {logging_mixin.py:137} INFO - [2024-09-24T16:12:36.675+0000] {dag.py:2705} INFO - Sync 1 DAGs
[2024-09-24T16:12:36.682+0000] {logging_mixin.py:137} INFO - [2024-09-24T16:12:36.682+0000] {dag.py:2726} INFO - Creating ORM DAG for example_sensors
[2024-09-24T16:12:36.689+0000] {logging_mixin.py:137} INFO - [2024-09-24T16:12:36.688+0000] {dag.py:3452} INFO - Setting next_dagrun for example_sensors to None, run_after=None
[2024-09-24T16:12:36.702+0000] {processor.py:175} INFO - Processing /usr/local/lib/python3.9/site-packages/airflow/example_dags/example_sensors.py took 0.128 seconds
[2024-09-24T16:13:17.114+0000] {processor.py:153} INFO - Started process (PID=486) to work on /usr/local/lib/python3.9/site-packages/airflow/example_dags/example_sensors.py
[2024-09-24T16:13:17.119+0000] {processor.py:743} INFO - Processing file /usr/local/lib/python3.9/site-packages/airflow/example_dags/example_sensors.py for tasks to queue
[2024-09-24T16:13:17.122+0000] {logging_mixin.py:137} INFO - [2024-09-24T16:13:17.121+0000] {dagbag.py:532} INFO - Filling up the DagBag from /usr/local/lib/python3.9/site-packages/airflow/example_dags/example_sensors.py
[2024-09-24T16:13:18.157+0000] {processor.py:753} INFO - DAG(s) dict_keys(['example_sensors']) retrieved from /usr/local/lib/python3.9/site-packages/airflow/example_dags/example_sensors.py
[2024-09-24T16:13:18.377+0000] {logging_mixin.py:137} INFO - [2024-09-24T16:13:18.377+0000] {dag.py:2705} INFO - Sync 1 DAGs
[2024-09-24T16:13:18.471+0000] {logging_mixin.py:137} INFO - [2024-09-24T16:13:18.470+0000] {dag.py:3452} INFO - Setting next_dagrun for example_sensors to None, run_after=None
[2024-09-24T16:13:18.534+0000] {processor.py:175} INFO - Processing /usr/local/lib/python3.9/site-packages/airflow/example_dags/example_sensors.py took 1.426 seconds
[2024-09-24T16:13:48.594+0000] {processor.py:153} INFO - Started process (PID=699) to work on /usr/local/lib/python3.9/site-packages/airflow/example_dags/example_sensors.py
[2024-09-24T16:13:48.597+0000] {processor.py:743} INFO - Processing file /usr/local/lib/python3.9/site-packages/airflow/example_dags/example_sensors.py for tasks to queue
[2024-09-24T16:13:48.598+0000] {logging_mixin.py:137} INFO - [2024-09-24T16:13:48.598+0000] {dagbag.py:532} INFO - Filling up the DagBag from /usr/local/lib/python3.9/site-packages/airflow/example_dags/example_sensors.py
[2024-09-24T16:13:48.608+0000] {processor.py:753} INFO - DAG(s) dict_keys(['example_sensors']) retrieved from /usr/local/lib/python3.9/site-packages/airflow/example_dags/example_sensors.py
[2024-09-24T16:13:48.620+0000] {logging_mixin.py:137} INFO - [2024-09-24T16:13:48.620+0000] {dag.py:2705} INFO - Sync 1 DAGs
[2024-09-24T16:13:48.630+0000] {logging_mixin.py:137} INFO - [2024-09-24T16:13:48.630+0000] {dag.py:3452} INFO - Setting next_dagrun for example_sensors to None, run_after=None
[2024-09-24T16:13:48.638+0000] {processor.py:175} INFO - Processing /usr/local/lib/python3.9/site-packages/airflow/example_dags/example_sensors.py took 0.046 seconds
[2024-09-24T16:14:19.235+0000] {processor.py:153} INFO - Started process (PID=907) to work on /usr/local/lib/python3.9/site-packages/airflow/example_dags/example_sensors.py
[2024-09-24T16:14:19.236+0000] {processor.py:743} INFO - Processing file /usr/local/lib/python3.9/site-packages/airflow/example_dags/example_sensors.py for tasks to queue
[2024-09-24T16:14:19.237+0000] {logging_mixin.py:137} INFO - [2024-09-24T16:14:19.237+0000] {dagbag.py:532} INFO - Filling up the DagBag from /usr/local/lib/python3.9/site-packages/airflow/example_dags/example_sensors.py
[2024-09-24T16:14:19.265+0000] {processor.py:753} INFO - DAG(s) dict_keys(['example_sensors']) retrieved from /usr/local/lib/python3.9/site-packages/airflow/example_dags/example_sensors.py
[2024-09-24T16:14:19.297+0000] {logging_mixin.py:137} INFO - [2024-09-24T16:14:19.297+0000] {dag.py:2705} INFO - Sync 1 DAGs
[2024-09-24T16:14:19.331+0000] {logging_mixin.py:137} INFO - [2024-09-24T16:14:19.330+0000] {dag.py:3452} INFO - Setting next_dagrun for example_sensors to None, run_after=None
[2024-09-24T16:14:19.451+0000] {processor.py:175} INFO - Processing /usr/local/lib/python3.9/site-packages/airflow/example_dags/example_sensors.py took 0.220 seconds
[2024-09-24T16:14:49.497+0000] {processor.py:153} INFO - Started process (PID=1117) to work on /usr/local/lib/python3.9/site-packages/airflow/example_dags/example_sensors.py
[2024-09-24T16:14:49.506+0000] {processor.py:743} INFO - Processing file /usr/local/lib/python3.9/site-packages/airflow/example_dags/example_sensors.py for tasks to queue
[2024-09-24T16:14:49.507+0000] {logging_mixin.py:137} INFO - [2024-09-24T16:14:49.507+0000] {dagbag.py:532} INFO - Filling up the DagBag from /usr/local/lib/python3.9/site-packages/airflow/example_dags/example_sensors.py
[2024-09-24T16:14:49.532+0000] {processor.py:753} INFO - DAG(s) dict_keys(['example_sensors']) retrieved from /usr/local/lib/python3.9/site-packages/airflow/example_dags/example_sensors.py
[2024-09-24T16:14:49.568+0000] {logging_mixin.py:137} INFO - [2024-09-24T16:14:49.568+0000] {dag.py:2705} INFO - Sync 1 DAGs
[2024-09-24T16:14:49.609+0000] {logging_mixin.py:137} INFO - [2024-09-24T16:14:49.609+0000] {dag.py:3452} INFO - Setting next_dagrun for example_sensors to None, run_after=None
[2024-09-24T16:14:49.624+0000] {processor.py:175} INFO - Processing /usr/local/lib/python3.9/site-packages/airflow/example_dags/example_sensors.py took 0.131 seconds
[2024-09-24T16:15:21.281+0000] {processor.py:153} INFO - Started process (PID=1329) to work on /usr/local/lib/python3.9/site-packages/airflow/example_dags/example_sensors.py
[2024-09-24T16:15:21.284+0000] {processor.py:743} INFO - Processing file /usr/local/lib/python3.9/site-packages/airflow/example_dags/example_sensors.py for tasks to queue
[2024-09-24T16:15:21.284+0000] {logging_mixin.py:137} INFO - [2024-09-24T16:15:21.284+0000] {dagbag.py:532} INFO - Filling up the DagBag from /usr/local/lib/python3.9/site-packages/airflow/example_dags/example_sensors.py
[2024-09-24T16:15:21.338+0000] {processor.py:753} INFO - DAG(s) dict_keys(['example_sensors']) retrieved from /usr/local/lib/python3.9/site-packages/airflow/example_dags/example_sensors.py
[2024-09-24T16:15:21.396+0000] {logging_mixin.py:137} INFO - [2024-09-24T16:15:21.396+0000] {dag.py:2705} INFO - Sync 1 DAGs
[2024-09-24T16:15:21.406+0000] {logging_mixin.py:137} INFO - [2024-09-24T16:15:21.406+0000] {dag.py:3452} INFO - Setting next_dagrun for example_sensors to None, run_after=None
[2024-09-24T16:15:21.439+0000] {processor.py:175} INFO - Processing /usr/local/lib/python3.9/site-packages/airflow/example_dags/example_sensors.py took 0.162 seconds
[2024-09-24T16:15:52.763+0000] {processor.py:153} INFO - Started process (PID=1537) to work on /usr/local/lib/python3.9/site-packages/airflow/example_dags/example_sensors.py
[2024-09-24T16:15:52.776+0000] {processor.py:743} INFO - Processing file /usr/local/lib/python3.9/site-packages/airflow/example_dags/example_sensors.py for tasks to queue
[2024-09-24T16:15:52.816+0000] {logging_mixin.py:137} INFO - [2024-09-24T16:15:52.816+0000] {dagbag.py:532} INFO - Filling up the DagBag from /usr/local/lib/python3.9/site-packages/airflow/example_dags/example_sensors.py
[2024-09-24T16:15:53.029+0000] {processor.py:753} INFO - DAG(s) dict_keys(['example_sensors']) retrieved from /usr/local/lib/python3.9/site-packages/airflow/example_dags/example_sensors.py
[2024-09-24T16:15:53.105+0000] {logging_mixin.py:137} INFO - [2024-09-24T16:15:53.104+0000] {dag.py:2705} INFO - Sync 1 DAGs
[2024-09-24T16:15:53.115+0000] {logging_mixin.py:137} INFO - [2024-09-24T16:15:53.115+0000] {dag.py:3452} INFO - Setting next_dagrun for example_sensors to None, run_after=None
[2024-09-24T16:15:53.643+0000] {processor.py:175} INFO - Processing /usr/local/lib/python3.9/site-packages/airflow/example_dags/example_sensors.py took 0.881 seconds
[2024-09-24T16:16:24.003+0000] {processor.py:153} INFO - Started process (PID=1748) to work on /usr/local/lib/python3.9/site-packages/airflow/example_dags/example_sensors.py
[2024-09-24T16:16:24.005+0000] {processor.py:743} INFO - Processing file /usr/local/lib/python3.9/site-packages/airflow/example_dags/example_sensors.py for tasks to queue
[2024-09-24T16:16:24.005+0000] {logging_mixin.py:137} INFO - [2024-09-24T16:16:24.005+0000] {dagbag.py:532} INFO - Filling up the DagBag from /usr/local/lib/python3.9/site-packages/airflow/example_dags/example_sensors.py
[2024-09-24T16:16:24.024+0000] {processor.py:753} INFO - DAG(s) dict_keys(['example_sensors']) retrieved from /usr/local/lib/python3.9/site-packages/airflow/example_dags/example_sensors.py
[2024-09-24T16:16:24.048+0000] {logging_mixin.py:137} INFO - [2024-09-24T16:16:24.048+0000] {dag.py:2705} INFO - Sync 1 DAGs
[2024-09-24T16:16:24.070+0000] {logging_mixin.py:137} INFO - [2024-09-24T16:16:24.070+0000] {dag.py:3452} INFO - Setting next_dagrun for example_sensors to None, run_after=None
[2024-09-24T16:16:24.079+0000] {processor.py:175} INFO - Processing /usr/local/lib/python3.9/site-packages/airflow/example_dags/example_sensors.py took 0.081 seconds
[2024-09-24T16:16:54.681+0000] {processor.py:153} INFO - Started process (PID=1959) to work on /usr/local/lib/python3.9/site-packages/airflow/example_dags/example_sensors.py
[2024-09-24T16:16:54.685+0000] {processor.py:743} INFO - Processing file /usr/local/lib/python3.9/site-packages/airflow/example_dags/example_sensors.py for tasks to queue
[2024-09-24T16:16:54.685+0000] {logging_mixin.py:137} INFO - [2024-09-24T16:16:54.685+0000] {dagbag.py:532} INFO - Filling up the DagBag from /usr/local/lib/python3.9/site-packages/airflow/example_dags/example_sensors.py
[2024-09-24T16:16:54.701+0000] {processor.py:753} INFO - DAG(s) dict_keys(['example_sensors']) retrieved from /usr/local/lib/python3.9/site-packages/airflow/example_dags/example_sensors.py
[2024-09-24T16:16:54.715+0000] {logging_mixin.py:137} INFO - [2024-09-24T16:16:54.715+0000] {dag.py:2705} INFO - Sync 1 DAGs
[2024-09-24T16:16:54.770+0000] {logging_mixin.py:137} INFO - [2024-09-24T16:16:54.770+0000] {dag.py:3452} INFO - Setting next_dagrun for example_sensors to None, run_after=None
[2024-09-24T16:16:54.777+0000] {processor.py:175} INFO - Processing /usr/local/lib/python3.9/site-packages/airflow/example_dags/example_sensors.py took 0.099 seconds
[2024-09-24T16:17:24.904+0000] {processor.py:153} INFO - Started process (PID=2170) to work on /usr/local/lib/python3.9/site-packages/airflow/example_dags/example_sensors.py
[2024-09-24T16:17:24.905+0000] {processor.py:743} INFO - Processing file /usr/local/lib/python3.9/site-packages/airflow/example_dags/example_sensors.py for tasks to queue
[2024-09-24T16:17:24.906+0000] {logging_mixin.py:137} INFO - [2024-09-24T16:17:24.906+0000] {dagbag.py:532} INFO - Filling up the DagBag from /usr/local/lib/python3.9/site-packages/airflow/example_dags/example_sensors.py
[2024-09-24T16:17:24.921+0000] {processor.py:753} INFO - DAG(s) dict_keys(['example_sensors']) retrieved from /usr/local/lib/python3.9/site-packages/airflow/example_dags/example_sensors.py
[2024-09-24T16:17:24.984+0000] {logging_mixin.py:137} INFO - [2024-09-24T16:17:24.984+0000] {dag.py:2705} INFO - Sync 1 DAGs
[2024-09-24T16:17:24.992+0000] {logging_mixin.py:137} INFO - [2024-09-24T16:17:24.992+0000] {dag.py:3452} INFO - Setting next_dagrun for example_sensors to None, run_after=None
[2024-09-24T16:17:24.998+0000] {processor.py:175} INFO - Processing /usr/local/lib/python3.9/site-packages/airflow/example_dags/example_sensors.py took 0.099 seconds
[2024-09-24T16:17:55.684+0000] {processor.py:153} INFO - Started process (PID=2381) to work on /usr/local/lib/python3.9/site-packages/airflow/example_dags/example_sensors.py
[2024-09-24T16:17:55.685+0000] {processor.py:743} INFO - Processing file /usr/local/lib/python3.9/site-packages/airflow/example_dags/example_sensors.py for tasks to queue
[2024-09-24T16:17:55.686+0000] {logging_mixin.py:137} INFO - [2024-09-24T16:17:55.686+0000] {dagbag.py:532} INFO - Filling up the DagBag from /usr/local/lib/python3.9/site-packages/airflow/example_dags/example_sensors.py
[2024-09-24T16:17:55.761+0000] {processor.py:753} INFO - DAG(s) dict_keys(['example_sensors']) retrieved from /usr/local/lib/python3.9/site-packages/airflow/example_dags/example_sensors.py
[2024-09-24T16:17:55.771+0000] {logging_mixin.py:137} INFO - [2024-09-24T16:17:55.771+0000] {dag.py:2705} INFO - Sync 1 DAGs
[2024-09-24T16:17:55.779+0000] {logging_mixin.py:137} INFO - [2024-09-24T16:17:55.779+0000] {dag.py:3452} INFO - Setting next_dagrun for example_sensors to None, run_after=None
[2024-09-24T16:17:55.786+0000] {processor.py:175} INFO - Processing /usr/local/lib/python3.9/site-packages/airflow/example_dags/example_sensors.py took 0.105 seconds
[2024-09-24T17:55:51.395+0000] {processor.py:153} INFO - Started process (PID=272) to work on /usr/local/lib/python3.9/site-packages/airflow/example_dags/example_sensors.py
[2024-09-24T17:55:51.396+0000] {processor.py:743} INFO - Processing file /usr/local/lib/python3.9/site-packages/airflow/example_dags/example_sensors.py for tasks to queue
[2024-09-24T17:55:51.396+0000] {logging_mixin.py:137} INFO - [2024-09-24T17:55:51.396+0000] {dagbag.py:532} INFO - Filling up the DagBag from /usr/local/lib/python3.9/site-packages/airflow/example_dags/example_sensors.py
[2024-09-24T17:55:51.406+0000] {processor.py:753} INFO - DAG(s) dict_keys(['example_sensors']) retrieved from /usr/local/lib/python3.9/site-packages/airflow/example_dags/example_sensors.py
[2024-09-24T17:55:51.412+0000] {logging_mixin.py:137} INFO - [2024-09-24T17:55:51.412+0000] {dag.py:2705} INFO - Sync 1 DAGs
[2024-09-24T17:55:51.422+0000] {logging_mixin.py:137} INFO - [2024-09-24T17:55:51.422+0000] {dag.py:3452} INFO - Setting next_dagrun for example_sensors to None, run_after=None
[2024-09-24T17:55:51.431+0000] {processor.py:175} INFO - Processing /usr/local/lib/python3.9/site-packages/airflow/example_dags/example_sensors.py took 0.037 seconds
[2024-09-24T17:56:24.562+0000] {processor.py:153} INFO - Started process (PID=487) to work on /usr/local/lib/python3.9/site-packages/airflow/example_dags/example_sensors.py
[2024-09-24T17:56:24.564+0000] {processor.py:743} INFO - Processing file /usr/local/lib/python3.9/site-packages/airflow/example_dags/example_sensors.py for tasks to queue
[2024-09-24T17:56:24.564+0000] {logging_mixin.py:137} INFO - [2024-09-24T17:56:24.564+0000] {dagbag.py:532} INFO - Filling up the DagBag from /usr/local/lib/python3.9/site-packages/airflow/example_dags/example_sensors.py
[2024-09-24T17:56:24.593+0000] {processor.py:753} INFO - DAG(s) dict_keys(['example_sensors']) retrieved from /usr/local/lib/python3.9/site-packages/airflow/example_dags/example_sensors.py
[2024-09-24T17:56:24.638+0000] {logging_mixin.py:137} INFO - [2024-09-24T17:56:24.638+0000] {dag.py:2705} INFO - Sync 1 DAGs
[2024-09-24T17:56:24.679+0000] {logging_mixin.py:137} INFO - [2024-09-24T17:56:24.679+0000] {dag.py:3452} INFO - Setting next_dagrun for example_sensors to None, run_after=None
[2024-09-24T17:56:24.757+0000] {processor.py:175} INFO - Processing /usr/local/lib/python3.9/site-packages/airflow/example_dags/example_sensors.py took 0.197 seconds
[2024-09-24T18:44:46.120+0000] {processor.py:153} INFO - Started process (PID=275) to work on /usr/local/lib/python3.9/site-packages/airflow/example_dags/example_sensors.py
[2024-09-24T18:44:46.121+0000] {processor.py:743} INFO - Processing file /usr/local/lib/python3.9/site-packages/airflow/example_dags/example_sensors.py for tasks to queue
[2024-09-24T18:44:46.122+0000] {logging_mixin.py:137} INFO - [2024-09-24T18:44:46.122+0000] {dagbag.py:532} INFO - Filling up the DagBag from /usr/local/lib/python3.9/site-packages/airflow/example_dags/example_sensors.py
[2024-09-24T18:44:46.135+0000] {processor.py:753} INFO - DAG(s) dict_keys(['example_sensors']) retrieved from /usr/local/lib/python3.9/site-packages/airflow/example_dags/example_sensors.py
[2024-09-24T18:44:46.214+0000] {logging_mixin.py:137} INFO - [2024-09-24T18:44:46.214+0000] {manager.py:504} INFO - Created Permission View: can read on DAG:example_sensors
[2024-09-24T18:44:46.218+0000] {logging_mixin.py:137} INFO - [2024-09-24T18:44:46.218+0000] {manager.py:504} INFO - Created Permission View: can edit on DAG:example_sensors
[2024-09-24T18:44:46.222+0000] {logging_mixin.py:137} INFO - [2024-09-24T18:44:46.222+0000] {manager.py:504} INFO - Created Permission View: can delete on DAG:example_sensors
[2024-09-24T18:44:46.222+0000] {logging_mixin.py:137} INFO - [2024-09-24T18:44:46.222+0000] {dag.py:2705} INFO - Sync 1 DAGs
[2024-09-24T18:44:46.228+0000] {logging_mixin.py:137} INFO - [2024-09-24T18:44:46.228+0000] {dag.py:2726} INFO - Creating ORM DAG for example_sensors
[2024-09-24T18:44:46.234+0000] {logging_mixin.py:137} INFO - [2024-09-24T18:44:46.234+0000] {dag.py:3452} INFO - Setting next_dagrun for example_sensors to None, run_after=None
[2024-09-24T18:44:46.247+0000] {processor.py:175} INFO - Processing /usr/local/lib/python3.9/site-packages/airflow/example_dags/example_sensors.py took 0.129 seconds
[2024-09-24T18:45:16.671+0000] {processor.py:153} INFO - Started process (PID=490) to work on /usr/local/lib/python3.9/site-packages/airflow/example_dags/example_sensors.py
[2024-09-24T18:45:16.684+0000] {processor.py:743} INFO - Processing file /usr/local/lib/python3.9/site-packages/airflow/example_dags/example_sensors.py for tasks to queue
[2024-09-24T18:45:16.686+0000] {logging_mixin.py:137} INFO - [2024-09-24T18:45:16.685+0000] {dagbag.py:532} INFO - Filling up the DagBag from /usr/local/lib/python3.9/site-packages/airflow/example_dags/example_sensors.py
[2024-09-24T18:45:16.698+0000] {processor.py:753} INFO - DAG(s) dict_keys(['example_sensors']) retrieved from /usr/local/lib/python3.9/site-packages/airflow/example_dags/example_sensors.py
[2024-09-24T18:45:16.713+0000] {logging_mixin.py:137} INFO - [2024-09-24T18:45:16.713+0000] {dag.py:2705} INFO - Sync 1 DAGs
[2024-09-24T18:45:16.727+0000] {logging_mixin.py:137} INFO - [2024-09-24T18:45:16.726+0000] {dag.py:3452} INFO - Setting next_dagrun for example_sensors to None, run_after=None
[2024-09-24T18:45:16.738+0000] {processor.py:175} INFO - Processing /usr/local/lib/python3.9/site-packages/airflow/example_dags/example_sensors.py took 0.068 seconds
[2024-09-24T18:45:47.471+0000] {processor.py:153} INFO - Started process (PID=701) to work on /usr/local/lib/python3.9/site-packages/airflow/example_dags/example_sensors.py
[2024-09-24T18:45:47.471+0000] {processor.py:743} INFO - Processing file /usr/local/lib/python3.9/site-packages/airflow/example_dags/example_sensors.py for tasks to queue
[2024-09-24T18:45:47.472+0000] {logging_mixin.py:137} INFO - [2024-09-24T18:45:47.472+0000] {dagbag.py:532} INFO - Filling up the DagBag from /usr/local/lib/python3.9/site-packages/airflow/example_dags/example_sensors.py
[2024-09-24T18:45:47.481+0000] {processor.py:753} INFO - DAG(s) dict_keys(['example_sensors']) retrieved from /usr/local/lib/python3.9/site-packages/airflow/example_dags/example_sensors.py
[2024-09-24T18:45:47.504+0000] {logging_mixin.py:137} INFO - [2024-09-24T18:45:47.504+0000] {dag.py:2705} INFO - Sync 1 DAGs
[2024-09-24T18:45:47.517+0000] {logging_mixin.py:137} INFO - [2024-09-24T18:45:47.517+0000] {dag.py:3452} INFO - Setting next_dagrun for example_sensors to None, run_after=None
[2024-09-24T18:45:47.591+0000] {processor.py:175} INFO - Processing /usr/local/lib/python3.9/site-packages/airflow/example_dags/example_sensors.py took 0.123 seconds
[2024-09-24T18:46:18.032+0000] {processor.py:153} INFO - Started process (PID=912) to work on /usr/local/lib/python3.9/site-packages/airflow/example_dags/example_sensors.py
[2024-09-24T18:46:18.033+0000] {processor.py:743} INFO - Processing file /usr/local/lib/python3.9/site-packages/airflow/example_dags/example_sensors.py for tasks to queue
[2024-09-24T18:46:18.033+0000] {logging_mixin.py:137} INFO - [2024-09-24T18:46:18.033+0000] {dagbag.py:532} INFO - Filling up the DagBag from /usr/local/lib/python3.9/site-packages/airflow/example_dags/example_sensors.py
[2024-09-24T18:46:18.045+0000] {processor.py:753} INFO - DAG(s) dict_keys(['example_sensors']) retrieved from /usr/local/lib/python3.9/site-packages/airflow/example_dags/example_sensors.py
[2024-09-24T18:46:18.059+0000] {logging_mixin.py:137} INFO - [2024-09-24T18:46:18.059+0000] {dag.py:2705} INFO - Sync 1 DAGs
[2024-09-24T18:46:18.079+0000] {logging_mixin.py:137} INFO - [2024-09-24T18:46:18.079+0000] {dag.py:3452} INFO - Setting next_dagrun for example_sensors to None, run_after=None
[2024-09-24T18:46:18.096+0000] {processor.py:175} INFO - Processing /usr/local/lib/python3.9/site-packages/airflow/example_dags/example_sensors.py took 0.067 seconds
[2024-09-24T18:46:50.872+0000] {processor.py:153} INFO - Started process (PID=1123) to work on /usr/local/lib/python3.9/site-packages/airflow/example_dags/example_sensors.py
[2024-09-24T18:46:50.873+0000] {processor.py:743} INFO - Processing file /usr/local/lib/python3.9/site-packages/airflow/example_dags/example_sensors.py for tasks to queue
[2024-09-24T18:46:50.874+0000] {logging_mixin.py:137} INFO - [2024-09-24T18:46:50.874+0000] {dagbag.py:532} INFO - Filling up the DagBag from /usr/local/lib/python3.9/site-packages/airflow/example_dags/example_sensors.py
[2024-09-24T18:46:50.899+0000] {processor.py:753} INFO - DAG(s) dict_keys(['example_sensors']) retrieved from /usr/local/lib/python3.9/site-packages/airflow/example_dags/example_sensors.py
[2024-09-24T18:46:50.932+0000] {logging_mixin.py:137} INFO - [2024-09-24T18:46:50.931+0000] {dag.py:2705} INFO - Sync 1 DAGs
[2024-09-24T18:46:51.015+0000] {logging_mixin.py:137} INFO - [2024-09-24T18:46:51.014+0000] {dag.py:3452} INFO - Setting next_dagrun for example_sensors to None, run_after=None
[2024-09-24T18:46:51.037+0000] {processor.py:175} INFO - Processing /usr/local/lib/python3.9/site-packages/airflow/example_dags/example_sensors.py took 0.168 seconds
[2024-09-24T18:47:23.400+0000] {processor.py:153} INFO - Started process (PID=1333) to work on /usr/local/lib/python3.9/site-packages/airflow/example_dags/example_sensors.py
[2024-09-24T18:47:23.402+0000] {processor.py:743} INFO - Processing file /usr/local/lib/python3.9/site-packages/airflow/example_dags/example_sensors.py for tasks to queue
[2024-09-24T18:47:23.403+0000] {logging_mixin.py:137} INFO - [2024-09-24T18:47:23.403+0000] {dagbag.py:532} INFO - Filling up the DagBag from /usr/local/lib/python3.9/site-packages/airflow/example_dags/example_sensors.py
[2024-09-24T18:47:23.416+0000] {processor.py:753} INFO - DAG(s) dict_keys(['example_sensors']) retrieved from /usr/local/lib/python3.9/site-packages/airflow/example_dags/example_sensors.py
[2024-09-24T18:47:23.499+0000] {logging_mixin.py:137} INFO - [2024-09-24T18:47:23.499+0000] {dag.py:2705} INFO - Sync 1 DAGs
[2024-09-24T18:47:23.538+0000] {logging_mixin.py:137} INFO - [2024-09-24T18:47:23.537+0000] {dag.py:3452} INFO - Setting next_dagrun for example_sensors to None, run_after=None
[2024-09-24T18:47:23.558+0000] {processor.py:175} INFO - Processing /usr/local/lib/python3.9/site-packages/airflow/example_dags/example_sensors.py took 0.160 seconds
[2024-09-24T18:47:54.688+0000] {processor.py:153} INFO - Started process (PID=1539) to work on /usr/local/lib/python3.9/site-packages/airflow/example_dags/example_sensors.py
[2024-09-24T18:47:54.689+0000] {processor.py:743} INFO - Processing file /usr/local/lib/python3.9/site-packages/airflow/example_dags/example_sensors.py for tasks to queue
[2024-09-24T18:47:54.689+0000] {logging_mixin.py:137} INFO - [2024-09-24T18:47:54.689+0000] {dagbag.py:532} INFO - Filling up the DagBag from /usr/local/lib/python3.9/site-packages/airflow/example_dags/example_sensors.py
[2024-09-24T18:47:54.713+0000] {processor.py:753} INFO - DAG(s) dict_keys(['example_sensors']) retrieved from /usr/local/lib/python3.9/site-packages/airflow/example_dags/example_sensors.py
[2024-09-24T18:47:54.729+0000] {logging_mixin.py:137} INFO - [2024-09-24T18:47:54.728+0000] {dag.py:2705} INFO - Sync 1 DAGs
[2024-09-24T18:47:54.739+0000] {logging_mixin.py:137} INFO - [2024-09-24T18:47:54.739+0000] {dag.py:3452} INFO - Setting next_dagrun for example_sensors to None, run_after=None
[2024-09-24T18:47:54.747+0000] {processor.py:175} INFO - Processing /usr/local/lib/python3.9/site-packages/airflow/example_dags/example_sensors.py took 0.061 seconds
[2024-09-24T18:48:30.134+0000] {processor.py:153} INFO - Started process (PID=1750) to work on /usr/local/lib/python3.9/site-packages/airflow/example_dags/example_sensors.py
[2024-09-24T18:48:30.135+0000] {processor.py:743} INFO - Processing file /usr/local/lib/python3.9/site-packages/airflow/example_dags/example_sensors.py for tasks to queue
[2024-09-24T18:48:30.136+0000] {logging_mixin.py:137} INFO - [2024-09-24T18:48:30.136+0000] {dagbag.py:532} INFO - Filling up the DagBag from /usr/local/lib/python3.9/site-packages/airflow/example_dags/example_sensors.py
[2024-09-24T18:48:30.160+0000] {processor.py:753} INFO - DAG(s) dict_keys(['example_sensors']) retrieved from /usr/local/lib/python3.9/site-packages/airflow/example_dags/example_sensors.py
[2024-09-24T18:48:30.182+0000] {logging_mixin.py:137} INFO - [2024-09-24T18:48:30.182+0000] {dag.py:2705} INFO - Sync 1 DAGs
[2024-09-24T18:48:30.193+0000] {logging_mixin.py:137} INFO - [2024-09-24T18:48:30.193+0000] {dag.py:3452} INFO - Setting next_dagrun for example_sensors to None, run_after=None
[2024-09-24T18:48:30.204+0000] {processor.py:175} INFO - Processing /usr/local/lib/python3.9/site-packages/airflow/example_dags/example_sensors.py took 0.073 seconds
[2024-09-24T18:49:00.469+0000] {processor.py:153} INFO - Started process (PID=1961) to work on /usr/local/lib/python3.9/site-packages/airflow/example_dags/example_sensors.py
[2024-09-24T18:49:00.475+0000] {processor.py:743} INFO - Processing file /usr/local/lib/python3.9/site-packages/airflow/example_dags/example_sensors.py for tasks to queue
[2024-09-24T18:49:00.476+0000] {logging_mixin.py:137} INFO - [2024-09-24T18:49:00.476+0000] {dagbag.py:532} INFO - Filling up the DagBag from /usr/local/lib/python3.9/site-packages/airflow/example_dags/example_sensors.py
[2024-09-24T18:49:00.485+0000] {processor.py:753} INFO - DAG(s) dict_keys(['example_sensors']) retrieved from /usr/local/lib/python3.9/site-packages/airflow/example_dags/example_sensors.py
[2024-09-24T18:49:00.534+0000] {logging_mixin.py:137} INFO - [2024-09-24T18:49:00.534+0000] {dag.py:2705} INFO - Sync 1 DAGs
[2024-09-24T18:49:00.598+0000] {logging_mixin.py:137} INFO - [2024-09-24T18:49:00.598+0000] {dag.py:3452} INFO - Setting next_dagrun for example_sensors to None, run_after=None
[2024-09-24T18:49:00.611+0000] {processor.py:175} INFO - Processing /usr/local/lib/python3.9/site-packages/airflow/example_dags/example_sensors.py took 0.144 seconds
[2024-09-24T18:49:31.215+0000] {processor.py:153} INFO - Started process (PID=2174) to work on /usr/local/lib/python3.9/site-packages/airflow/example_dags/example_sensors.py
[2024-09-24T18:49:31.216+0000] {processor.py:743} INFO - Processing file /usr/local/lib/python3.9/site-packages/airflow/example_dags/example_sensors.py for tasks to queue
[2024-09-24T18:49:31.216+0000] {logging_mixin.py:137} INFO - [2024-09-24T18:49:31.216+0000] {dagbag.py:532} INFO - Filling up the DagBag from /usr/local/lib/python3.9/site-packages/airflow/example_dags/example_sensors.py
[2024-09-24T18:49:31.228+0000] {processor.py:753} INFO - DAG(s) dict_keys(['example_sensors']) retrieved from /usr/local/lib/python3.9/site-packages/airflow/example_dags/example_sensors.py
[2024-09-24T18:49:31.298+0000] {logging_mixin.py:137} INFO - [2024-09-24T18:49:31.298+0000] {dag.py:2705} INFO - Sync 1 DAGs
[2024-09-24T18:49:31.306+0000] {logging_mixin.py:137} INFO - [2024-09-24T18:49:31.306+0000] {dag.py:3452} INFO - Setting next_dagrun for example_sensors to None, run_after=None
[2024-09-24T18:49:31.313+0000] {processor.py:175} INFO - Processing /usr/local/lib/python3.9/site-packages/airflow/example_dags/example_sensors.py took 0.099 seconds
[2024-09-24T18:50:01.781+0000] {processor.py:153} INFO - Started process (PID=2383) to work on /usr/local/lib/python3.9/site-packages/airflow/example_dags/example_sensors.py
[2024-09-24T18:50:01.781+0000] {processor.py:743} INFO - Processing file /usr/local/lib/python3.9/site-packages/airflow/example_dags/example_sensors.py for tasks to queue
[2024-09-24T18:50:01.784+0000] {logging_mixin.py:137} INFO - [2024-09-24T18:50:01.784+0000] {dagbag.py:532} INFO - Filling up the DagBag from /usr/local/lib/python3.9/site-packages/airflow/example_dags/example_sensors.py
[2024-09-24T18:50:01.849+0000] {processor.py:753} INFO - DAG(s) dict_keys(['example_sensors']) retrieved from /usr/local/lib/python3.9/site-packages/airflow/example_dags/example_sensors.py
[2024-09-24T18:50:01.860+0000] {logging_mixin.py:137} INFO - [2024-09-24T18:50:01.860+0000] {dag.py:2705} INFO - Sync 1 DAGs
[2024-09-24T18:50:01.868+0000] {logging_mixin.py:137} INFO - [2024-09-24T18:50:01.868+0000] {dag.py:3452} INFO - Setting next_dagrun for example_sensors to None, run_after=None
[2024-09-24T18:50:01.877+0000] {processor.py:175} INFO - Processing /usr/local/lib/python3.9/site-packages/airflow/example_dags/example_sensors.py took 0.098 seconds
[2024-09-24T18:50:32.682+0000] {processor.py:153} INFO - Started process (PID=2594) to work on /usr/local/lib/python3.9/site-packages/airflow/example_dags/example_sensors.py
[2024-09-24T18:50:32.683+0000] {processor.py:743} INFO - Processing file /usr/local/lib/python3.9/site-packages/airflow/example_dags/example_sensors.py for tasks to queue
[2024-09-24T18:50:32.683+0000] {logging_mixin.py:137} INFO - [2024-09-24T18:50:32.683+0000] {dagbag.py:532} INFO - Filling up the DagBag from /usr/local/lib/python3.9/site-packages/airflow/example_dags/example_sensors.py
[2024-09-24T18:50:32.691+0000] {processor.py:753} INFO - DAG(s) dict_keys(['example_sensors']) retrieved from /usr/local/lib/python3.9/site-packages/airflow/example_dags/example_sensors.py
[2024-09-24T18:50:32.703+0000] {logging_mixin.py:137} INFO - [2024-09-24T18:50:32.703+0000] {dag.py:2705} INFO - Sync 1 DAGs
[2024-09-24T18:50:32.713+0000] {logging_mixin.py:137} INFO - [2024-09-24T18:50:32.713+0000] {dag.py:3452} INFO - Setting next_dagrun for example_sensors to None, run_after=None
[2024-09-24T18:50:32.719+0000] {processor.py:175} INFO - Processing /usr/local/lib/python3.9/site-packages/airflow/example_dags/example_sensors.py took 0.038 seconds
[2024-09-24T18:51:04.548+0000] {processor.py:153} INFO - Started process (PID=2807) to work on /usr/local/lib/python3.9/site-packages/airflow/example_dags/example_sensors.py
[2024-09-24T18:51:04.550+0000] {processor.py:743} INFO - Processing file /usr/local/lib/python3.9/site-packages/airflow/example_dags/example_sensors.py for tasks to queue
[2024-09-24T18:51:04.592+0000] {logging_mixin.py:137} INFO - [2024-09-24T18:51:04.587+0000] {dagbag.py:532} INFO - Filling up the DagBag from /usr/local/lib/python3.9/site-packages/airflow/example_dags/example_sensors.py
[2024-09-24T18:51:04.737+0000] {processor.py:753} INFO - DAG(s) dict_keys(['example_sensors']) retrieved from /usr/local/lib/python3.9/site-packages/airflow/example_dags/example_sensors.py
[2024-09-24T18:51:05.042+0000] {logging_mixin.py:137} INFO - [2024-09-24T18:51:05.042+0000] {dag.py:2705} INFO - Sync 1 DAGs
[2024-09-24T18:51:05.094+0000] {logging_mixin.py:137} INFO - [2024-09-24T18:51:05.094+0000] {dag.py:3452} INFO - Setting next_dagrun for example_sensors to None, run_after=None
[2024-09-24T18:51:05.197+0000] {processor.py:175} INFO - Processing /usr/local/lib/python3.9/site-packages/airflow/example_dags/example_sensors.py took 0.654 seconds
[2024-09-24T18:51:36.172+0000] {processor.py:153} INFO - Started process (PID=3018) to work on /usr/local/lib/python3.9/site-packages/airflow/example_dags/example_sensors.py
[2024-09-24T18:51:36.173+0000] {processor.py:743} INFO - Processing file /usr/local/lib/python3.9/site-packages/airflow/example_dags/example_sensors.py for tasks to queue
[2024-09-24T18:51:36.174+0000] {logging_mixin.py:137} INFO - [2024-09-24T18:51:36.174+0000] {dagbag.py:532} INFO - Filling up the DagBag from /usr/local/lib/python3.9/site-packages/airflow/example_dags/example_sensors.py
[2024-09-24T18:51:36.186+0000] {processor.py:753} INFO - DAG(s) dict_keys(['example_sensors']) retrieved from /usr/local/lib/python3.9/site-packages/airflow/example_dags/example_sensors.py
[2024-09-24T18:51:36.202+0000] {logging_mixin.py:137} INFO - [2024-09-24T18:51:36.202+0000] {dag.py:2705} INFO - Sync 1 DAGs
[2024-09-24T18:51:36.215+0000] {logging_mixin.py:137} INFO - [2024-09-24T18:51:36.215+0000] {dag.py:3452} INFO - Setting next_dagrun for example_sensors to None, run_after=None
[2024-09-24T18:51:36.222+0000] {processor.py:175} INFO - Processing /usr/local/lib/python3.9/site-packages/airflow/example_dags/example_sensors.py took 0.054 seconds
[2024-09-24T18:52:07.177+0000] {processor.py:153} INFO - Started process (PID=3229) to work on /usr/local/lib/python3.9/site-packages/airflow/example_dags/example_sensors.py
[2024-09-24T18:52:07.177+0000] {processor.py:743} INFO - Processing file /usr/local/lib/python3.9/site-packages/airflow/example_dags/example_sensors.py for tasks to queue
[2024-09-24T18:52:07.178+0000] {logging_mixin.py:137} INFO - [2024-09-24T18:52:07.178+0000] {dagbag.py:532} INFO - Filling up the DagBag from /usr/local/lib/python3.9/site-packages/airflow/example_dags/example_sensors.py
[2024-09-24T18:52:07.191+0000] {processor.py:753} INFO - DAG(s) dict_keys(['example_sensors']) retrieved from /usr/local/lib/python3.9/site-packages/airflow/example_dags/example_sensors.py
[2024-09-24T18:52:07.208+0000] {logging_mixin.py:137} INFO - [2024-09-24T18:52:07.207+0000] {dag.py:2705} INFO - Sync 1 DAGs
[2024-09-24T18:52:07.219+0000] {logging_mixin.py:137} INFO - [2024-09-24T18:52:07.219+0000] {dag.py:3452} INFO - Setting next_dagrun for example_sensors to None, run_after=None
[2024-09-24T18:52:07.226+0000] {processor.py:175} INFO - Processing /usr/local/lib/python3.9/site-packages/airflow/example_dags/example_sensors.py took 0.054 seconds
[2024-09-24T18:52:37.948+0000] {processor.py:153} INFO - Started process (PID=3440) to work on /usr/local/lib/python3.9/site-packages/airflow/example_dags/example_sensors.py
[2024-09-24T18:52:37.950+0000] {processor.py:743} INFO - Processing file /usr/local/lib/python3.9/site-packages/airflow/example_dags/example_sensors.py for tasks to queue
[2024-09-24T18:52:37.951+0000] {logging_mixin.py:137} INFO - [2024-09-24T18:52:37.951+0000] {dagbag.py:532} INFO - Filling up the DagBag from /usr/local/lib/python3.9/site-packages/airflow/example_dags/example_sensors.py
[2024-09-24T18:52:37.969+0000] {processor.py:753} INFO - DAG(s) dict_keys(['example_sensors']) retrieved from /usr/local/lib/python3.9/site-packages/airflow/example_dags/example_sensors.py
[2024-09-24T18:52:37.989+0000] {logging_mixin.py:137} INFO - [2024-09-24T18:52:37.989+0000] {dag.py:2705} INFO - Sync 1 DAGs
[2024-09-24T18:52:38.003+0000] {logging_mixin.py:137} INFO - [2024-09-24T18:52:38.003+0000] {dag.py:3452} INFO - Setting next_dagrun for example_sensors to None, run_after=None
[2024-09-24T18:52:38.012+0000] {processor.py:175} INFO - Processing /usr/local/lib/python3.9/site-packages/airflow/example_dags/example_sensors.py took 0.068 seconds
[2024-09-24T18:53:08.604+0000] {processor.py:153} INFO - Started process (PID=3651) to work on /usr/local/lib/python3.9/site-packages/airflow/example_dags/example_sensors.py
[2024-09-24T18:53:08.606+0000] {processor.py:743} INFO - Processing file /usr/local/lib/python3.9/site-packages/airflow/example_dags/example_sensors.py for tasks to queue
[2024-09-24T18:53:08.606+0000] {logging_mixin.py:137} INFO - [2024-09-24T18:53:08.606+0000] {dagbag.py:532} INFO - Filling up the DagBag from /usr/local/lib/python3.9/site-packages/airflow/example_dags/example_sensors.py
[2024-09-24T18:53:08.645+0000] {processor.py:753} INFO - DAG(s) dict_keys(['example_sensors']) retrieved from /usr/local/lib/python3.9/site-packages/airflow/example_dags/example_sensors.py
[2024-09-24T18:53:08.687+0000] {logging_mixin.py:137} INFO - [2024-09-24T18:53:08.687+0000] {dag.py:2705} INFO - Sync 1 DAGs
[2024-09-24T18:53:08.711+0000] {logging_mixin.py:137} INFO - [2024-09-24T18:53:08.710+0000] {dag.py:3452} INFO - Setting next_dagrun for example_sensors to None, run_after=None
[2024-09-24T18:53:08.721+0000] {processor.py:175} INFO - Processing /usr/local/lib/python3.9/site-packages/airflow/example_dags/example_sensors.py took 0.124 seconds
