[2024-09-24T15:58:45.028+0000] {processor.py:153} INFO - Started process (PID=379) to work on /usr/local/lib/python3.9/site-packages/airflow/example_dags/example_bash_operator.py
[2024-09-24T15:58:45.029+0000] {processor.py:743} INFO - Processing file /usr/local/lib/python3.9/site-packages/airflow/example_dags/example_bash_operator.py for tasks to queue
[2024-09-24T15:58:45.029+0000] {logging_mixin.py:137} INFO - [2024-09-24T15:58:45.029+0000] {dagbag.py:532} INFO - Filling up the DagBag from /usr/local/lib/python3.9/site-packages/airflow/example_dags/example_bash_operator.py
[2024-09-24T15:58:45.047+0000] {processor.py:753} INFO - DAG(s) dict_keys(['example_bash_operator']) retrieved from /usr/local/lib/python3.9/site-packages/airflow/example_dags/example_bash_operator.py
[2024-09-24T15:58:45.106+0000] {logging_mixin.py:137} INFO - [2024-09-24T15:58:45.106+0000] {manager.py:504} INFO - Created Permission View: can delete on DAG:example_bash_operator
[2024-09-24T15:58:45.111+0000] {logging_mixin.py:137} INFO - [2024-09-24T15:58:45.111+0000] {manager.py:504} INFO - Created Permission View: can read on DAG:example_bash_operator
[2024-09-24T15:58:45.114+0000] {logging_mixin.py:137} INFO - [2024-09-24T15:58:45.114+0000] {manager.py:504} INFO - Created Permission View: can edit on DAG:example_bash_operator
[2024-09-24T15:58:45.114+0000] {logging_mixin.py:137} INFO - [2024-09-24T15:58:45.114+0000] {dag.py:2705} INFO - Sync 1 DAGs
[2024-09-24T15:58:45.120+0000] {logging_mixin.py:137} INFO - [2024-09-24T15:58:45.120+0000] {dag.py:2726} INFO - Creating ORM DAG for example_bash_operator
[2024-09-24T15:58:45.127+0000] {logging_mixin.py:137} INFO - [2024-09-24T15:58:45.127+0000] {dag.py:3452} INFO - Setting next_dagrun for example_bash_operator to 2024-09-23T00:00:00+00:00, run_after=2024-09-24T00:00:00+00:00
[2024-09-24T15:58:45.135+0000] {processor.py:175} INFO - Processing /usr/local/lib/python3.9/site-packages/airflow/example_dags/example_bash_operator.py took 0.108 seconds
[2024-09-24T15:59:15.607+0000] {processor.py:153} INFO - Started process (PID=590) to work on /usr/local/lib/python3.9/site-packages/airflow/example_dags/example_bash_operator.py
[2024-09-24T15:59:15.608+0000] {processor.py:743} INFO - Processing file /usr/local/lib/python3.9/site-packages/airflow/example_dags/example_bash_operator.py for tasks to queue
[2024-09-24T15:59:15.608+0000] {logging_mixin.py:137} INFO - [2024-09-24T15:59:15.608+0000] {dagbag.py:532} INFO - Filling up the DagBag from /usr/local/lib/python3.9/site-packages/airflow/example_dags/example_bash_operator.py
[2024-09-24T15:59:15.627+0000] {processor.py:753} INFO - DAG(s) dict_keys(['example_bash_operator']) retrieved from /usr/local/lib/python3.9/site-packages/airflow/example_dags/example_bash_operator.py
[2024-09-24T15:59:15.649+0000] {logging_mixin.py:137} INFO - [2024-09-24T15:59:15.649+0000] {dag.py:2705} INFO - Sync 1 DAGs
[2024-09-24T15:59:15.669+0000] {logging_mixin.py:137} INFO - [2024-09-24T15:59:15.669+0000] {dag.py:3452} INFO - Setting next_dagrun for example_bash_operator to 2024-09-23T00:00:00+00:00, run_after=2024-09-24T00:00:00+00:00
[2024-09-24T15:59:15.685+0000] {processor.py:175} INFO - Processing /usr/local/lib/python3.9/site-packages/airflow/example_dags/example_bash_operator.py took 0.081 seconds
[2024-09-24T15:59:46.791+0000] {processor.py:153} INFO - Started process (PID=803) to work on /usr/local/lib/python3.9/site-packages/airflow/example_dags/example_bash_operator.py
[2024-09-24T15:59:46.799+0000] {processor.py:743} INFO - Processing file /usr/local/lib/python3.9/site-packages/airflow/example_dags/example_bash_operator.py for tasks to queue
[2024-09-24T15:59:46.799+0000] {logging_mixin.py:137} INFO - [2024-09-24T15:59:46.799+0000] {dagbag.py:532} INFO - Filling up the DagBag from /usr/local/lib/python3.9/site-packages/airflow/example_dags/example_bash_operator.py
[2024-09-24T15:59:46.808+0000] {processor.py:753} INFO - DAG(s) dict_keys(['example_bash_operator']) retrieved from /usr/local/lib/python3.9/site-packages/airflow/example_dags/example_bash_operator.py
[2024-09-24T15:59:46.829+0000] {logging_mixin.py:137} INFO - [2024-09-24T15:59:46.829+0000] {dag.py:2705} INFO - Sync 1 DAGs
[2024-09-24T15:59:46.843+0000] {logging_mixin.py:137} INFO - [2024-09-24T15:59:46.843+0000] {dag.py:3452} INFO - Setting next_dagrun for example_bash_operator to 2024-09-23T00:00:00+00:00, run_after=2024-09-24T00:00:00+00:00
[2024-09-24T15:59:46.854+0000] {processor.py:175} INFO - Processing /usr/local/lib/python3.9/site-packages/airflow/example_dags/example_bash_operator.py took 0.064 seconds
[2024-09-24T16:12:39.316+0000] {processor.py:153} INFO - Started process (PID=380) to work on /usr/local/lib/python3.9/site-packages/airflow/example_dags/example_bash_operator.py
[2024-09-24T16:12:39.317+0000] {processor.py:743} INFO - Processing file /usr/local/lib/python3.9/site-packages/airflow/example_dags/example_bash_operator.py for tasks to queue
[2024-09-24T16:12:39.318+0000] {logging_mixin.py:137} INFO - [2024-09-24T16:12:39.318+0000] {dagbag.py:532} INFO - Filling up the DagBag from /usr/local/lib/python3.9/site-packages/airflow/example_dags/example_bash_operator.py
[2024-09-24T16:12:39.337+0000] {processor.py:753} INFO - DAG(s) dict_keys(['example_bash_operator']) retrieved from /usr/local/lib/python3.9/site-packages/airflow/example_dags/example_bash_operator.py
[2024-09-24T16:12:39.415+0000] {logging_mixin.py:137} INFO - [2024-09-24T16:12:39.415+0000] {manager.py:504} INFO - Created Permission View: can read on DAG:example_bash_operator
[2024-09-24T16:12:39.421+0000] {logging_mixin.py:137} INFO - [2024-09-24T16:12:39.421+0000] {manager.py:504} INFO - Created Permission View: can edit on DAG:example_bash_operator
[2024-09-24T16:12:39.427+0000] {logging_mixin.py:137} INFO - [2024-09-24T16:12:39.427+0000] {manager.py:504} INFO - Created Permission View: can delete on DAG:example_bash_operator
[2024-09-24T16:12:39.427+0000] {logging_mixin.py:137} INFO - [2024-09-24T16:12:39.427+0000] {dag.py:2705} INFO - Sync 1 DAGs
[2024-09-24T16:12:39.435+0000] {logging_mixin.py:137} INFO - [2024-09-24T16:12:39.435+0000] {dag.py:2726} INFO - Creating ORM DAG for example_bash_operator
[2024-09-24T16:12:39.444+0000] {logging_mixin.py:137} INFO - [2024-09-24T16:12:39.444+0000] {dag.py:3452} INFO - Setting next_dagrun for example_bash_operator to 2024-09-23T00:00:00+00:00, run_after=2024-09-24T00:00:00+00:00
[2024-09-24T16:12:39.453+0000] {processor.py:175} INFO - Processing /usr/local/lib/python3.9/site-packages/airflow/example_dags/example_bash_operator.py took 0.139 seconds
[2024-09-24T16:13:23.933+0000] {processor.py:153} INFO - Started process (PID=593) to work on /usr/local/lib/python3.9/site-packages/airflow/example_dags/example_bash_operator.py
[2024-09-24T16:13:23.935+0000] {processor.py:743} INFO - Processing file /usr/local/lib/python3.9/site-packages/airflow/example_dags/example_bash_operator.py for tasks to queue
[2024-09-24T16:13:23.937+0000] {logging_mixin.py:137} INFO - [2024-09-24T16:13:23.937+0000] {dagbag.py:532} INFO - Filling up the DagBag from /usr/local/lib/python3.9/site-packages/airflow/example_dags/example_bash_operator.py
[2024-09-24T16:13:23.964+0000] {processor.py:753} INFO - DAG(s) dict_keys(['example_bash_operator']) retrieved from /usr/local/lib/python3.9/site-packages/airflow/example_dags/example_bash_operator.py
[2024-09-24T16:13:24.034+0000] {logging_mixin.py:137} INFO - [2024-09-24T16:13:24.034+0000] {dag.py:2705} INFO - Sync 1 DAGs
[2024-09-24T16:13:24.118+0000] {logging_mixin.py:137} INFO - [2024-09-24T16:13:24.118+0000] {dag.py:3452} INFO - Setting next_dagrun for example_bash_operator to 2024-09-23T00:00:00+00:00, run_after=2024-09-24T00:00:00+00:00
[2024-09-24T16:13:24.143+0000] {processor.py:175} INFO - Processing /usr/local/lib/python3.9/site-packages/airflow/example_dags/example_bash_operator.py took 0.222 seconds
[2024-09-24T16:13:54.932+0000] {processor.py:153} INFO - Started process (PID=800) to work on /usr/local/lib/python3.9/site-packages/airflow/example_dags/example_bash_operator.py
[2024-09-24T16:13:54.937+0000] {processor.py:743} INFO - Processing file /usr/local/lib/python3.9/site-packages/airflow/example_dags/example_bash_operator.py for tasks to queue
[2024-09-24T16:13:54.942+0000] {logging_mixin.py:137} INFO - [2024-09-24T16:13:54.941+0000] {dagbag.py:532} INFO - Filling up the DagBag from /usr/local/lib/python3.9/site-packages/airflow/example_dags/example_bash_operator.py
[2024-09-24T16:13:54.982+0000] {processor.py:753} INFO - DAG(s) dict_keys(['example_bash_operator']) retrieved from /usr/local/lib/python3.9/site-packages/airflow/example_dags/example_bash_operator.py
[2024-09-24T16:13:55.028+0000] {logging_mixin.py:137} INFO - [2024-09-24T16:13:55.028+0000] {dag.py:2705} INFO - Sync 1 DAGs
[2024-09-24T16:13:55.053+0000] {logging_mixin.py:137} INFO - [2024-09-24T16:13:55.053+0000] {dag.py:3452} INFO - Setting next_dagrun for example_bash_operator to 2024-09-23T00:00:00+00:00, run_after=2024-09-24T00:00:00+00:00
[2024-09-24T16:13:55.067+0000] {processor.py:175} INFO - Processing /usr/local/lib/python3.9/site-packages/airflow/example_dags/example_bash_operator.py took 0.159 seconds
[2024-09-24T16:14:27.546+0000] {processor.py:153} INFO - Started process (PID=1013) to work on /usr/local/lib/python3.9/site-packages/airflow/example_dags/example_bash_operator.py
[2024-09-24T16:14:27.547+0000] {processor.py:743} INFO - Processing file /usr/local/lib/python3.9/site-packages/airflow/example_dags/example_bash_operator.py for tasks to queue
[2024-09-24T16:14:27.549+0000] {logging_mixin.py:137} INFO - [2024-09-24T16:14:27.549+0000] {dagbag.py:532} INFO - Filling up the DagBag from /usr/local/lib/python3.9/site-packages/airflow/example_dags/example_bash_operator.py
[2024-09-24T16:14:27.580+0000] {processor.py:753} INFO - DAG(s) dict_keys(['example_bash_operator']) retrieved from /usr/local/lib/python3.9/site-packages/airflow/example_dags/example_bash_operator.py
[2024-09-24T16:14:27.624+0000] {logging_mixin.py:137} INFO - [2024-09-24T16:14:27.624+0000] {dag.py:2705} INFO - Sync 1 DAGs
[2024-09-24T16:14:27.661+0000] {logging_mixin.py:137} INFO - [2024-09-24T16:14:27.661+0000] {dag.py:3452} INFO - Setting next_dagrun for example_bash_operator to 2024-09-23T00:00:00+00:00, run_after=2024-09-24T00:00:00+00:00
[2024-09-24T16:14:27.689+0000] {processor.py:175} INFO - Processing /usr/local/lib/python3.9/site-packages/airflow/example_dags/example_bash_operator.py took 0.146 seconds
[2024-09-24T16:15:05.360+0000] {processor.py:153} INFO - Started process (PID=1224) to work on /usr/local/lib/python3.9/site-packages/airflow/example_dags/example_bash_operator.py
[2024-09-24T16:15:05.368+0000] {processor.py:743} INFO - Processing file /usr/local/lib/python3.9/site-packages/airflow/example_dags/example_bash_operator.py for tasks to queue
[2024-09-24T16:15:05.369+0000] {logging_mixin.py:137} INFO - [2024-09-24T16:15:05.368+0000] {dagbag.py:532} INFO - Filling up the DagBag from /usr/local/lib/python3.9/site-packages/airflow/example_dags/example_bash_operator.py
[2024-09-24T16:15:05.390+0000] {processor.py:753} INFO - DAG(s) dict_keys(['example_bash_operator']) retrieved from /usr/local/lib/python3.9/site-packages/airflow/example_dags/example_bash_operator.py
[2024-09-24T16:15:05.412+0000] {logging_mixin.py:137} INFO - [2024-09-24T16:15:05.412+0000] {dag.py:2705} INFO - Sync 1 DAGs
[2024-09-24T16:15:05.434+0000] {logging_mixin.py:137} INFO - [2024-09-24T16:15:05.434+0000] {dag.py:3452} INFO - Setting next_dagrun for example_bash_operator to 2024-09-23T00:00:00+00:00, run_after=2024-09-24T00:00:00+00:00
[2024-09-24T16:15:05.447+0000] {processor.py:175} INFO - Processing /usr/local/lib/python3.9/site-packages/airflow/example_dags/example_bash_operator.py took 0.104 seconds
[2024-09-24T16:15:37.743+0000] {processor.py:153} INFO - Started process (PID=1435) to work on /usr/local/lib/python3.9/site-packages/airflow/example_dags/example_bash_operator.py
[2024-09-24T16:15:37.753+0000] {processor.py:743} INFO - Processing file /usr/local/lib/python3.9/site-packages/airflow/example_dags/example_bash_operator.py for tasks to queue
[2024-09-24T16:15:37.759+0000] {logging_mixin.py:137} INFO - [2024-09-24T16:15:37.758+0000] {dagbag.py:532} INFO - Filling up the DagBag from /usr/local/lib/python3.9/site-packages/airflow/example_dags/example_bash_operator.py
[2024-09-24T16:15:37.775+0000] {processor.py:753} INFO - DAG(s) dict_keys(['example_bash_operator']) retrieved from /usr/local/lib/python3.9/site-packages/airflow/example_dags/example_bash_operator.py
[2024-09-24T16:15:37.827+0000] {logging_mixin.py:137} INFO - [2024-09-24T16:15:37.826+0000] {dag.py:2705} INFO - Sync 1 DAGs
[2024-09-24T16:15:37.876+0000] {logging_mixin.py:137} INFO - [2024-09-24T16:15:37.876+0000] {dag.py:3452} INFO - Setting next_dagrun for example_bash_operator to 2024-09-23T00:00:00+00:00, run_after=2024-09-24T00:00:00+00:00
[2024-09-24T16:15:37.956+0000] {processor.py:175} INFO - Processing /usr/local/lib/python3.9/site-packages/airflow/example_dags/example_bash_operator.py took 0.218 seconds
[2024-09-24T16:16:08.022+0000] {processor.py:153} INFO - Started process (PID=1648) to work on /usr/local/lib/python3.9/site-packages/airflow/example_dags/example_bash_operator.py
[2024-09-24T16:16:08.024+0000] {processor.py:743} INFO - Processing file /usr/local/lib/python3.9/site-packages/airflow/example_dags/example_bash_operator.py for tasks to queue
[2024-09-24T16:16:08.025+0000] {logging_mixin.py:137} INFO - [2024-09-24T16:16:08.025+0000] {dagbag.py:532} INFO - Filling up the DagBag from /usr/local/lib/python3.9/site-packages/airflow/example_dags/example_bash_operator.py
[2024-09-24T16:16:08.032+0000] {processor.py:753} INFO - DAG(s) dict_keys(['example_bash_operator']) retrieved from /usr/local/lib/python3.9/site-packages/airflow/example_dags/example_bash_operator.py
[2024-09-24T16:16:08.046+0000] {logging_mixin.py:137} INFO - [2024-09-24T16:16:08.046+0000] {dag.py:2705} INFO - Sync 1 DAGs
[2024-09-24T16:16:08.059+0000] {logging_mixin.py:137} INFO - [2024-09-24T16:16:08.059+0000] {dag.py:3452} INFO - Setting next_dagrun for example_bash_operator to 2024-09-23T00:00:00+00:00, run_after=2024-09-24T00:00:00+00:00
[2024-09-24T16:16:08.068+0000] {processor.py:175} INFO - Processing /usr/local/lib/python3.9/site-packages/airflow/example_dags/example_bash_operator.py took 0.047 seconds
[2024-09-24T16:16:38.231+0000] {processor.py:153} INFO - Started process (PID=1857) to work on /usr/local/lib/python3.9/site-packages/airflow/example_dags/example_bash_operator.py
[2024-09-24T16:16:38.233+0000] {processor.py:743} INFO - Processing file /usr/local/lib/python3.9/site-packages/airflow/example_dags/example_bash_operator.py for tasks to queue
[2024-09-24T16:16:38.234+0000] {logging_mixin.py:137} INFO - [2024-09-24T16:16:38.234+0000] {dagbag.py:532} INFO - Filling up the DagBag from /usr/local/lib/python3.9/site-packages/airflow/example_dags/example_bash_operator.py
[2024-09-24T16:16:38.243+0000] {processor.py:753} INFO - DAG(s) dict_keys(['example_bash_operator']) retrieved from /usr/local/lib/python3.9/site-packages/airflow/example_dags/example_bash_operator.py
[2024-09-24T16:16:38.258+0000] {logging_mixin.py:137} INFO - [2024-09-24T16:16:38.258+0000] {dag.py:2705} INFO - Sync 1 DAGs
[2024-09-24T16:16:38.270+0000] {logging_mixin.py:137} INFO - [2024-09-24T16:16:38.270+0000] {dag.py:3452} INFO - Setting next_dagrun for example_bash_operator to 2024-09-23T00:00:00+00:00, run_after=2024-09-24T00:00:00+00:00
[2024-09-24T16:16:38.277+0000] {processor.py:175} INFO - Processing /usr/local/lib/python3.9/site-packages/airflow/example_dags/example_bash_operator.py took 0.047 seconds
[2024-09-24T16:17:08.736+0000] {processor.py:153} INFO - Started process (PID=2068) to work on /usr/local/lib/python3.9/site-packages/airflow/example_dags/example_bash_operator.py
[2024-09-24T16:17:08.739+0000] {processor.py:743} INFO - Processing file /usr/local/lib/python3.9/site-packages/airflow/example_dags/example_bash_operator.py for tasks to queue
[2024-09-24T16:17:08.741+0000] {logging_mixin.py:137} INFO - [2024-09-24T16:17:08.740+0000] {dagbag.py:532} INFO - Filling up the DagBag from /usr/local/lib/python3.9/site-packages/airflow/example_dags/example_bash_operator.py
[2024-09-24T16:17:08.750+0000] {processor.py:753} INFO - DAG(s) dict_keys(['example_bash_operator']) retrieved from /usr/local/lib/python3.9/site-packages/airflow/example_dags/example_bash_operator.py
[2024-09-24T16:17:08.772+0000] {logging_mixin.py:137} INFO - [2024-09-24T16:17:08.772+0000] {dag.py:2705} INFO - Sync 1 DAGs
[2024-09-24T16:17:08.841+0000] {logging_mixin.py:137} INFO - [2024-09-24T16:17:08.841+0000] {dag.py:3452} INFO - Setting next_dagrun for example_bash_operator to 2024-09-23T00:00:00+00:00, run_after=2024-09-24T00:00:00+00:00
[2024-09-24T16:17:08.850+0000] {processor.py:175} INFO - Processing /usr/local/lib/python3.9/site-packages/airflow/example_dags/example_bash_operator.py took 0.116 seconds
[2024-09-24T16:17:39.535+0000] {processor.py:153} INFO - Started process (PID=2279) to work on /usr/local/lib/python3.9/site-packages/airflow/example_dags/example_bash_operator.py
[2024-09-24T16:17:39.536+0000] {processor.py:743} INFO - Processing file /usr/local/lib/python3.9/site-packages/airflow/example_dags/example_bash_operator.py for tasks to queue
[2024-09-24T16:17:39.538+0000] {logging_mixin.py:137} INFO - [2024-09-24T16:17:39.538+0000] {dagbag.py:532} INFO - Filling up the DagBag from /usr/local/lib/python3.9/site-packages/airflow/example_dags/example_bash_operator.py
[2024-09-24T16:17:39.547+0000] {processor.py:753} INFO - DAG(s) dict_keys(['example_bash_operator']) retrieved from /usr/local/lib/python3.9/site-packages/airflow/example_dags/example_bash_operator.py
[2024-09-24T16:17:39.621+0000] {logging_mixin.py:137} INFO - [2024-09-24T16:17:39.621+0000] {dag.py:2705} INFO - Sync 1 DAGs
[2024-09-24T16:17:39.630+0000] {logging_mixin.py:137} INFO - [2024-09-24T16:17:39.630+0000] {dag.py:3452} INFO - Setting next_dagrun for example_bash_operator to 2024-09-23T00:00:00+00:00, run_after=2024-09-24T00:00:00+00:00
[2024-09-24T16:17:39.636+0000] {processor.py:175} INFO - Processing /usr/local/lib/python3.9/site-packages/airflow/example_dags/example_bash_operator.py took 0.103 seconds
[2024-09-24T16:18:10.213+0000] {processor.py:153} INFO - Started process (PID=2492) to work on /usr/local/lib/python3.9/site-packages/airflow/example_dags/example_bash_operator.py
[2024-09-24T16:18:10.213+0000] {processor.py:743} INFO - Processing file /usr/local/lib/python3.9/site-packages/airflow/example_dags/example_bash_operator.py for tasks to queue
[2024-09-24T16:18:10.214+0000] {logging_mixin.py:137} INFO - [2024-09-24T16:18:10.214+0000] {dagbag.py:532} INFO - Filling up the DagBag from /usr/local/lib/python3.9/site-packages/airflow/example_dags/example_bash_operator.py
[2024-09-24T16:18:10.262+0000] {processor.py:753} INFO - DAG(s) dict_keys(['example_bash_operator']) retrieved from /usr/local/lib/python3.9/site-packages/airflow/example_dags/example_bash_operator.py
[2024-09-24T16:18:10.274+0000] {logging_mixin.py:137} INFO - [2024-09-24T16:18:10.274+0000] {dag.py:2705} INFO - Sync 1 DAGs
[2024-09-24T16:18:10.282+0000] {logging_mixin.py:137} INFO - [2024-09-24T16:18:10.282+0000] {dag.py:3452} INFO - Setting next_dagrun for example_bash_operator to 2024-09-23T00:00:00+00:00, run_after=2024-09-24T00:00:00+00:00
[2024-09-24T16:18:10.288+0000] {processor.py:175} INFO - Processing /usr/local/lib/python3.9/site-packages/airflow/example_dags/example_bash_operator.py took 0.076 seconds
[2024-09-24T17:55:52.204+0000] {processor.py:153} INFO - Started process (PID=375) to work on /usr/local/lib/python3.9/site-packages/airflow/example_dags/example_bash_operator.py
[2024-09-24T17:55:52.205+0000] {processor.py:743} INFO - Processing file /usr/local/lib/python3.9/site-packages/airflow/example_dags/example_bash_operator.py for tasks to queue
[2024-09-24T17:55:52.206+0000] {logging_mixin.py:137} INFO - [2024-09-24T17:55:52.206+0000] {dagbag.py:532} INFO - Filling up the DagBag from /usr/local/lib/python3.9/site-packages/airflow/example_dags/example_bash_operator.py
[2024-09-24T17:55:52.218+0000] {processor.py:753} INFO - DAG(s) dict_keys(['example_bash_operator']) retrieved from /usr/local/lib/python3.9/site-packages/airflow/example_dags/example_bash_operator.py
[2024-09-24T17:55:52.228+0000] {logging_mixin.py:137} INFO - [2024-09-24T17:55:52.228+0000] {dag.py:2705} INFO - Sync 1 DAGs
[2024-09-24T17:55:52.245+0000] {logging_mixin.py:137} INFO - [2024-09-24T17:55:52.245+0000] {dag.py:3452} INFO - Setting next_dagrun for example_bash_operator to 2024-09-23T00:00:00+00:00, run_after=2024-09-24T00:00:00+00:00
[2024-09-24T17:55:52.264+0000] {processor.py:175} INFO - Processing /usr/local/lib/python3.9/site-packages/airflow/example_dags/example_bash_operator.py took 0.062 seconds
[2024-09-24T17:56:27.109+0000] {processor.py:153} INFO - Started process (PID=590) to work on /usr/local/lib/python3.9/site-packages/airflow/example_dags/example_bash_operator.py
[2024-09-24T17:56:27.112+0000] {processor.py:743} INFO - Processing file /usr/local/lib/python3.9/site-packages/airflow/example_dags/example_bash_operator.py for tasks to queue
[2024-09-24T17:56:27.114+0000] {logging_mixin.py:137} INFO - [2024-09-24T17:56:27.114+0000] {dagbag.py:532} INFO - Filling up the DagBag from /usr/local/lib/python3.9/site-packages/airflow/example_dags/example_bash_operator.py
[2024-09-24T17:56:27.137+0000] {processor.py:753} INFO - DAG(s) dict_keys(['example_bash_operator']) retrieved from /usr/local/lib/python3.9/site-packages/airflow/example_dags/example_bash_operator.py
[2024-09-24T17:56:27.205+0000] {logging_mixin.py:137} INFO - [2024-09-24T17:56:27.204+0000] {dag.py:2705} INFO - Sync 1 DAGs
[2024-09-24T17:56:27.243+0000] {logging_mixin.py:137} INFO - [2024-09-24T17:56:27.243+0000] {dag.py:3452} INFO - Setting next_dagrun for example_bash_operator to 2024-09-23T00:00:00+00:00, run_after=2024-09-24T00:00:00+00:00
[2024-09-24T17:56:27.312+0000] {processor.py:175} INFO - Processing /usr/local/lib/python3.9/site-packages/airflow/example_dags/example_bash_operator.py took 0.206 seconds
[2024-09-24T18:44:47.929+0000] {processor.py:153} INFO - Started process (PID=384) to work on /usr/local/lib/python3.9/site-packages/airflow/example_dags/example_bash_operator.py
[2024-09-24T18:44:47.930+0000] {processor.py:743} INFO - Processing file /usr/local/lib/python3.9/site-packages/airflow/example_dags/example_bash_operator.py for tasks to queue
[2024-09-24T18:44:47.930+0000] {logging_mixin.py:137} INFO - [2024-09-24T18:44:47.930+0000] {dagbag.py:532} INFO - Filling up the DagBag from /usr/local/lib/python3.9/site-packages/airflow/example_dags/example_bash_operator.py
[2024-09-24T18:44:47.940+0000] {processor.py:753} INFO - DAG(s) dict_keys(['example_bash_operator']) retrieved from /usr/local/lib/python3.9/site-packages/airflow/example_dags/example_bash_operator.py
[2024-09-24T18:44:47.995+0000] {logging_mixin.py:137} INFO - [2024-09-24T18:44:47.994+0000] {manager.py:504} INFO - Created Permission View: can read on DAG:example_bash_operator
[2024-09-24T18:44:47.998+0000] {logging_mixin.py:137} INFO - [2024-09-24T18:44:47.998+0000] {manager.py:504} INFO - Created Permission View: can edit on DAG:example_bash_operator
[2024-09-24T18:44:48.003+0000] {logging_mixin.py:137} INFO - [2024-09-24T18:44:48.003+0000] {manager.py:504} INFO - Created Permission View: can delete on DAG:example_bash_operator
[2024-09-24T18:44:48.003+0000] {logging_mixin.py:137} INFO - [2024-09-24T18:44:48.003+0000] {dag.py:2705} INFO - Sync 1 DAGs
[2024-09-24T18:44:48.016+0000] {logging_mixin.py:137} INFO - [2024-09-24T18:44:48.016+0000] {dag.py:2726} INFO - Creating ORM DAG for example_bash_operator
[2024-09-24T18:44:48.023+0000] {logging_mixin.py:137} INFO - [2024-09-24T18:44:48.023+0000] {dag.py:3452} INFO - Setting next_dagrun for example_bash_operator to 2024-09-23T00:00:00+00:00, run_after=2024-09-24T00:00:00+00:00
[2024-09-24T18:44:48.032+0000] {processor.py:175} INFO - Processing /usr/local/lib/python3.9/site-packages/airflow/example_dags/example_bash_operator.py took 0.104 seconds
[2024-09-24T18:45:18.723+0000] {processor.py:153} INFO - Started process (PID=594) to work on /usr/local/lib/python3.9/site-packages/airflow/example_dags/example_bash_operator.py
[2024-09-24T18:45:18.727+0000] {processor.py:743} INFO - Processing file /usr/local/lib/python3.9/site-packages/airflow/example_dags/example_bash_operator.py for tasks to queue
[2024-09-24T18:45:18.727+0000] {logging_mixin.py:137} INFO - [2024-09-24T18:45:18.727+0000] {dagbag.py:532} INFO - Filling up the DagBag from /usr/local/lib/python3.9/site-packages/airflow/example_dags/example_bash_operator.py
[2024-09-24T18:45:18.737+0000] {processor.py:753} INFO - DAG(s) dict_keys(['example_bash_operator']) retrieved from /usr/local/lib/python3.9/site-packages/airflow/example_dags/example_bash_operator.py
[2024-09-24T18:45:18.764+0000] {logging_mixin.py:137} INFO - [2024-09-24T18:45:18.764+0000] {dag.py:2705} INFO - Sync 1 DAGs
[2024-09-24T18:45:18.780+0000] {logging_mixin.py:137} INFO - [2024-09-24T18:45:18.780+0000] {dag.py:3452} INFO - Setting next_dagrun for example_bash_operator to 2024-09-23T00:00:00+00:00, run_after=2024-09-24T00:00:00+00:00
[2024-09-24T18:45:18.791+0000] {processor.py:175} INFO - Processing /usr/local/lib/python3.9/site-packages/airflow/example_dags/example_bash_operator.py took 0.069 seconds
[2024-09-24T18:45:50.636+0000] {processor.py:153} INFO - Started process (PID=808) to work on /usr/local/lib/python3.9/site-packages/airflow/example_dags/example_bash_operator.py
[2024-09-24T18:45:50.637+0000] {processor.py:743} INFO - Processing file /usr/local/lib/python3.9/site-packages/airflow/example_dags/example_bash_operator.py for tasks to queue
[2024-09-24T18:45:50.638+0000] {logging_mixin.py:137} INFO - [2024-09-24T18:45:50.637+0000] {dagbag.py:532} INFO - Filling up the DagBag from /usr/local/lib/python3.9/site-packages/airflow/example_dags/example_bash_operator.py
[2024-09-24T18:45:50.649+0000] {processor.py:753} INFO - DAG(s) dict_keys(['example_bash_operator']) retrieved from /usr/local/lib/python3.9/site-packages/airflow/example_dags/example_bash_operator.py
[2024-09-24T18:45:50.693+0000] {logging_mixin.py:137} INFO - [2024-09-24T18:45:50.693+0000] {dag.py:2705} INFO - Sync 1 DAGs
[2024-09-24T18:45:50.709+0000] {logging_mixin.py:137} INFO - [2024-09-24T18:45:50.709+0000] {dag.py:3452} INFO - Setting next_dagrun for example_bash_operator to 2024-09-23T00:00:00+00:00, run_after=2024-09-24T00:00:00+00:00
[2024-09-24T18:45:50.724+0000] {processor.py:175} INFO - Processing /usr/local/lib/python3.9/site-packages/airflow/example_dags/example_bash_operator.py took 0.090 seconds
[2024-09-24T18:46:21.368+0000] {processor.py:153} INFO - Started process (PID=1019) to work on /usr/local/lib/python3.9/site-packages/airflow/example_dags/example_bash_operator.py
[2024-09-24T18:46:21.369+0000] {processor.py:743} INFO - Processing file /usr/local/lib/python3.9/site-packages/airflow/example_dags/example_bash_operator.py for tasks to queue
[2024-09-24T18:46:21.372+0000] {logging_mixin.py:137} INFO - [2024-09-24T18:46:21.371+0000] {dagbag.py:532} INFO - Filling up the DagBag from /usr/local/lib/python3.9/site-packages/airflow/example_dags/example_bash_operator.py
[2024-09-24T18:46:21.381+0000] {processor.py:753} INFO - DAG(s) dict_keys(['example_bash_operator']) retrieved from /usr/local/lib/python3.9/site-packages/airflow/example_dags/example_bash_operator.py
[2024-09-24T18:46:21.405+0000] {logging_mixin.py:137} INFO - [2024-09-24T18:46:21.404+0000] {dag.py:2705} INFO - Sync 1 DAGs
[2024-09-24T18:46:21.415+0000] {logging_mixin.py:137} INFO - [2024-09-24T18:46:21.415+0000] {dag.py:3452} INFO - Setting next_dagrun for example_bash_operator to 2024-09-23T00:00:00+00:00, run_after=2024-09-24T00:00:00+00:00
[2024-09-24T18:46:21.423+0000] {processor.py:175} INFO - Processing /usr/local/lib/python3.9/site-packages/airflow/example_dags/example_bash_operator.py took 0.056 seconds
[2024-09-24T18:47:04.577+0000] {processor.py:153} INFO - Started process (PID=1228) to work on /usr/local/lib/python3.9/site-packages/airflow/example_dags/example_bash_operator.py
[2024-09-24T18:47:04.583+0000] {processor.py:743} INFO - Processing file /usr/local/lib/python3.9/site-packages/airflow/example_dags/example_bash_operator.py for tasks to queue
[2024-09-24T18:47:04.585+0000] {logging_mixin.py:137} INFO - [2024-09-24T18:47:04.585+0000] {dagbag.py:532} INFO - Filling up the DagBag from /usr/local/lib/python3.9/site-packages/airflow/example_dags/example_bash_operator.py
[2024-09-24T18:47:04.626+0000] {processor.py:753} INFO - DAG(s) dict_keys(['example_bash_operator']) retrieved from /usr/local/lib/python3.9/site-packages/airflow/example_dags/example_bash_operator.py
[2024-09-24T18:47:04.652+0000] {logging_mixin.py:137} INFO - [2024-09-24T18:47:04.652+0000] {dag.py:2705} INFO - Sync 1 DAGs
[2024-09-24T18:47:04.670+0000] {logging_mixin.py:137} INFO - [2024-09-24T18:47:04.670+0000] {dag.py:3452} INFO - Setting next_dagrun for example_bash_operator to 2024-09-23T00:00:00+00:00, run_after=2024-09-24T00:00:00+00:00
[2024-09-24T18:47:04.686+0000] {processor.py:175} INFO - Processing /usr/local/lib/python3.9/site-packages/airflow/example_dags/example_bash_operator.py took 0.170 seconds
[2024-09-24T18:47:39.140+0000] {processor.py:153} INFO - Started process (PID=1439) to work on /usr/local/lib/python3.9/site-packages/airflow/example_dags/example_bash_operator.py
[2024-09-24T18:47:39.143+0000] {processor.py:743} INFO - Processing file /usr/local/lib/python3.9/site-packages/airflow/example_dags/example_bash_operator.py for tasks to queue
[2024-09-24T18:47:39.144+0000] {logging_mixin.py:137} INFO - [2024-09-24T18:47:39.143+0000] {dagbag.py:532} INFO - Filling up the DagBag from /usr/local/lib/python3.9/site-packages/airflow/example_dags/example_bash_operator.py
[2024-09-24T18:47:39.161+0000] {processor.py:753} INFO - DAG(s) dict_keys(['example_bash_operator']) retrieved from /usr/local/lib/python3.9/site-packages/airflow/example_dags/example_bash_operator.py
[2024-09-24T18:47:39.183+0000] {logging_mixin.py:137} INFO - [2024-09-24T18:47:39.183+0000] {dag.py:2705} INFO - Sync 1 DAGs
[2024-09-24T18:47:39.195+0000] {logging_mixin.py:137} INFO - [2024-09-24T18:47:39.195+0000] {dag.py:3452} INFO - Setting next_dagrun for example_bash_operator to 2024-09-23T00:00:00+00:00, run_after=2024-09-24T00:00:00+00:00
[2024-09-24T18:47:39.206+0000] {processor.py:175} INFO - Processing /usr/local/lib/python3.9/site-packages/airflow/example_dags/example_bash_operator.py took 0.069 seconds
[2024-09-24T18:48:10.661+0000] {processor.py:153} INFO - Started process (PID=1650) to work on /usr/local/lib/python3.9/site-packages/airflow/example_dags/example_bash_operator.py
[2024-09-24T18:48:10.827+0000] {processor.py:743} INFO - Processing file /usr/local/lib/python3.9/site-packages/airflow/example_dags/example_bash_operator.py for tasks to queue
[2024-09-24T18:48:10.828+0000] {logging_mixin.py:137} INFO - [2024-09-24T18:48:10.828+0000] {dagbag.py:532} INFO - Filling up the DagBag from /usr/local/lib/python3.9/site-packages/airflow/example_dags/example_bash_operator.py
[2024-09-24T18:48:10.837+0000] {processor.py:753} INFO - DAG(s) dict_keys(['example_bash_operator']) retrieved from /usr/local/lib/python3.9/site-packages/airflow/example_dags/example_bash_operator.py
[2024-09-24T18:48:10.868+0000] {logging_mixin.py:137} INFO - [2024-09-24T18:48:10.868+0000] {dag.py:2705} INFO - Sync 1 DAGs
[2024-09-24T18:48:10.878+0000] {logging_mixin.py:137} INFO - [2024-09-24T18:48:10.878+0000] {dag.py:3452} INFO - Setting next_dagrun for example_bash_operator to 2024-09-23T00:00:00+00:00, run_after=2024-09-24T00:00:00+00:00
[2024-09-24T18:48:10.887+0000] {processor.py:175} INFO - Processing /usr/local/lib/python3.9/site-packages/airflow/example_dags/example_bash_operator.py took 0.228 seconds
[2024-09-24T18:48:41.000+0000] {processor.py:153} INFO - Started process (PID=1858) to work on /usr/local/lib/python3.9/site-packages/airflow/example_dags/example_bash_operator.py
[2024-09-24T18:48:41.002+0000] {processor.py:743} INFO - Processing file /usr/local/lib/python3.9/site-packages/airflow/example_dags/example_bash_operator.py for tasks to queue
[2024-09-24T18:48:41.002+0000] {logging_mixin.py:137} INFO - [2024-09-24T18:48:41.002+0000] {dagbag.py:532} INFO - Filling up the DagBag from /usr/local/lib/python3.9/site-packages/airflow/example_dags/example_bash_operator.py
[2024-09-24T18:48:41.013+0000] {processor.py:753} INFO - DAG(s) dict_keys(['example_bash_operator']) retrieved from /usr/local/lib/python3.9/site-packages/airflow/example_dags/example_bash_operator.py
[2024-09-24T18:48:41.030+0000] {logging_mixin.py:137} INFO - [2024-09-24T18:48:41.030+0000] {dag.py:2705} INFO - Sync 1 DAGs
[2024-09-24T18:48:41.040+0000] {logging_mixin.py:137} INFO - [2024-09-24T18:48:41.040+0000] {dag.py:3452} INFO - Setting next_dagrun for example_bash_operator to 2024-09-23T00:00:00+00:00, run_after=2024-09-24T00:00:00+00:00
[2024-09-24T18:48:41.101+0000] {processor.py:175} INFO - Processing /usr/local/lib/python3.9/site-packages/airflow/example_dags/example_bash_operator.py took 0.104 seconds
[2024-09-24T18:49:11.427+0000] {processor.py:153} INFO - Started process (PID=2069) to work on /usr/local/lib/python3.9/site-packages/airflow/example_dags/example_bash_operator.py
[2024-09-24T18:49:11.428+0000] {processor.py:743} INFO - Processing file /usr/local/lib/python3.9/site-packages/airflow/example_dags/example_bash_operator.py for tasks to queue
[2024-09-24T18:49:11.428+0000] {logging_mixin.py:137} INFO - [2024-09-24T18:49:11.428+0000] {dagbag.py:532} INFO - Filling up the DagBag from /usr/local/lib/python3.9/site-packages/airflow/example_dags/example_bash_operator.py
[2024-09-24T18:49:11.436+0000] {processor.py:753} INFO - DAG(s) dict_keys(['example_bash_operator']) retrieved from /usr/local/lib/python3.9/site-packages/airflow/example_dags/example_bash_operator.py
[2024-09-24T18:49:11.452+0000] {logging_mixin.py:137} INFO - [2024-09-24T18:49:11.452+0000] {dag.py:2705} INFO - Sync 1 DAGs
[2024-09-24T18:49:11.517+0000] {logging_mixin.py:137} INFO - [2024-09-24T18:49:11.517+0000] {dag.py:3452} INFO - Setting next_dagrun for example_bash_operator to 2024-09-23T00:00:00+00:00, run_after=2024-09-24T00:00:00+00:00
[2024-09-24T18:49:11.524+0000] {processor.py:175} INFO - Processing /usr/local/lib/python3.9/site-packages/airflow/example_dags/example_bash_operator.py took 0.099 seconds
[2024-09-24T18:49:41.633+0000] {processor.py:153} INFO - Started process (PID=2280) to work on /usr/local/lib/python3.9/site-packages/airflow/example_dags/example_bash_operator.py
[2024-09-24T18:49:41.635+0000] {processor.py:743} INFO - Processing file /usr/local/lib/python3.9/site-packages/airflow/example_dags/example_bash_operator.py for tasks to queue
[2024-09-24T18:49:41.636+0000] {logging_mixin.py:137} INFO - [2024-09-24T18:49:41.636+0000] {dagbag.py:532} INFO - Filling up the DagBag from /usr/local/lib/python3.9/site-packages/airflow/example_dags/example_bash_operator.py
[2024-09-24T18:49:41.644+0000] {processor.py:753} INFO - DAG(s) dict_keys(['example_bash_operator']) retrieved from /usr/local/lib/python3.9/site-packages/airflow/example_dags/example_bash_operator.py
[2024-09-24T18:49:41.699+0000] {logging_mixin.py:137} INFO - [2024-09-24T18:49:41.699+0000] {dag.py:2705} INFO - Sync 1 DAGs
[2024-09-24T18:49:41.707+0000] {logging_mixin.py:137} INFO - [2024-09-24T18:49:41.707+0000] {dag.py:3452} INFO - Setting next_dagrun for example_bash_operator to 2024-09-23T00:00:00+00:00, run_after=2024-09-24T00:00:00+00:00
[2024-09-24T18:49:41.713+0000] {processor.py:175} INFO - Processing /usr/local/lib/python3.9/site-packages/airflow/example_dags/example_bash_operator.py took 0.082 seconds
[2024-09-24T18:50:12.000+0000] {processor.py:153} INFO - Started process (PID=2488) to work on /usr/local/lib/python3.9/site-packages/airflow/example_dags/example_bash_operator.py
[2024-09-24T18:50:12.003+0000] {processor.py:743} INFO - Processing file /usr/local/lib/python3.9/site-packages/airflow/example_dags/example_bash_operator.py for tasks to queue
[2024-09-24T18:50:12.004+0000] {logging_mixin.py:137} INFO - [2024-09-24T18:50:12.004+0000] {dagbag.py:532} INFO - Filling up the DagBag from /usr/local/lib/python3.9/site-packages/airflow/example_dags/example_bash_operator.py
[2024-09-24T18:50:12.012+0000] {processor.py:753} INFO - DAG(s) dict_keys(['example_bash_operator']) retrieved from /usr/local/lib/python3.9/site-packages/airflow/example_dags/example_bash_operator.py
[2024-09-24T18:50:12.025+0000] {logging_mixin.py:137} INFO - [2024-09-24T18:50:12.025+0000] {dag.py:2705} INFO - Sync 1 DAGs
[2024-09-24T18:50:12.034+0000] {logging_mixin.py:137} INFO - [2024-09-24T18:50:12.034+0000] {dag.py:3452} INFO - Setting next_dagrun for example_bash_operator to 2024-09-23T00:00:00+00:00, run_after=2024-09-24T00:00:00+00:00
[2024-09-24T18:50:12.040+0000] {processor.py:175} INFO - Processing /usr/local/lib/python3.9/site-packages/airflow/example_dags/example_bash_operator.py took 0.042 seconds
[2024-09-24T18:50:42.707+0000] {processor.py:153} INFO - Started process (PID=2702) to work on /usr/local/lib/python3.9/site-packages/airflow/example_dags/example_bash_operator.py
[2024-09-24T18:50:42.707+0000] {processor.py:743} INFO - Processing file /usr/local/lib/python3.9/site-packages/airflow/example_dags/example_bash_operator.py for tasks to queue
[2024-09-24T18:50:42.708+0000] {logging_mixin.py:137} INFO - [2024-09-24T18:50:42.707+0000] {dagbag.py:532} INFO - Filling up the DagBag from /usr/local/lib/python3.9/site-packages/airflow/example_dags/example_bash_operator.py
[2024-09-24T18:50:42.715+0000] {processor.py:753} INFO - DAG(s) dict_keys(['example_bash_operator']) retrieved from /usr/local/lib/python3.9/site-packages/airflow/example_dags/example_bash_operator.py
[2024-09-24T18:50:42.727+0000] {logging_mixin.py:137} INFO - [2024-09-24T18:50:42.727+0000] {dag.py:2705} INFO - Sync 1 DAGs
[2024-09-24T18:50:42.737+0000] {logging_mixin.py:137} INFO - [2024-09-24T18:50:42.737+0000] {dag.py:3452} INFO - Setting next_dagrun for example_bash_operator to 2024-09-23T00:00:00+00:00, run_after=2024-09-24T00:00:00+00:00
[2024-09-24T18:50:42.743+0000] {processor.py:175} INFO - Processing /usr/local/lib/python3.9/site-packages/airflow/example_dags/example_bash_operator.py took 0.038 seconds
[2024-09-24T18:51:13.294+0000] {processor.py:153} INFO - Started process (PID=2913) to work on /usr/local/lib/python3.9/site-packages/airflow/example_dags/example_bash_operator.py
[2024-09-24T18:51:13.295+0000] {processor.py:743} INFO - Processing file /usr/local/lib/python3.9/site-packages/airflow/example_dags/example_bash_operator.py for tasks to queue
[2024-09-24T18:51:13.295+0000] {logging_mixin.py:137} INFO - [2024-09-24T18:51:13.295+0000] {dagbag.py:532} INFO - Filling up the DagBag from /usr/local/lib/python3.9/site-packages/airflow/example_dags/example_bash_operator.py
[2024-09-24T18:51:13.304+0000] {processor.py:753} INFO - DAG(s) dict_keys(['example_bash_operator']) retrieved from /usr/local/lib/python3.9/site-packages/airflow/example_dags/example_bash_operator.py
[2024-09-24T18:51:13.317+0000] {logging_mixin.py:137} INFO - [2024-09-24T18:51:13.317+0000] {dag.py:2705} INFO - Sync 1 DAGs
[2024-09-24T18:51:13.326+0000] {logging_mixin.py:137} INFO - [2024-09-24T18:51:13.326+0000] {dag.py:3452} INFO - Setting next_dagrun for example_bash_operator to 2024-09-23T00:00:00+00:00, run_after=2024-09-24T00:00:00+00:00
[2024-09-24T18:51:13.333+0000] {processor.py:175} INFO - Processing /usr/local/lib/python3.9/site-packages/airflow/example_dags/example_bash_operator.py took 0.041 seconds
[2024-09-24T18:51:44.155+0000] {processor.py:153} INFO - Started process (PID=3124) to work on /usr/local/lib/python3.9/site-packages/airflow/example_dags/example_bash_operator.py
[2024-09-24T18:51:44.156+0000] {processor.py:743} INFO - Processing file /usr/local/lib/python3.9/site-packages/airflow/example_dags/example_bash_operator.py for tasks to queue
[2024-09-24T18:51:44.156+0000] {logging_mixin.py:137} INFO - [2024-09-24T18:51:44.156+0000] {dagbag.py:532} INFO - Filling up the DagBag from /usr/local/lib/python3.9/site-packages/airflow/example_dags/example_bash_operator.py
[2024-09-24T18:51:44.165+0000] {processor.py:753} INFO - DAG(s) dict_keys(['example_bash_operator']) retrieved from /usr/local/lib/python3.9/site-packages/airflow/example_dags/example_bash_operator.py
[2024-09-24T18:51:44.177+0000] {logging_mixin.py:137} INFO - [2024-09-24T18:51:44.177+0000] {dag.py:2705} INFO - Sync 1 DAGs
[2024-09-24T18:51:44.186+0000] {logging_mixin.py:137} INFO - [2024-09-24T18:51:44.186+0000] {dag.py:3452} INFO - Setting next_dagrun for example_bash_operator to 2024-09-23T00:00:00+00:00, run_after=2024-09-24T00:00:00+00:00
[2024-09-24T18:51:44.192+0000] {processor.py:175} INFO - Processing /usr/local/lib/python3.9/site-packages/airflow/example_dags/example_bash_operator.py took 0.040 seconds
[2024-09-24T18:52:15.017+0000] {processor.py:153} INFO - Started process (PID=3335) to work on /usr/local/lib/python3.9/site-packages/airflow/example_dags/example_bash_operator.py
[2024-09-24T18:52:15.017+0000] {processor.py:743} INFO - Processing file /usr/local/lib/python3.9/site-packages/airflow/example_dags/example_bash_operator.py for tasks to queue
[2024-09-24T18:52:15.017+0000] {logging_mixin.py:137} INFO - [2024-09-24T18:52:15.017+0000] {dagbag.py:532} INFO - Filling up the DagBag from /usr/local/lib/python3.9/site-packages/airflow/example_dags/example_bash_operator.py
[2024-09-24T18:52:15.026+0000] {processor.py:753} INFO - DAG(s) dict_keys(['example_bash_operator']) retrieved from /usr/local/lib/python3.9/site-packages/airflow/example_dags/example_bash_operator.py
[2024-09-24T18:52:15.038+0000] {logging_mixin.py:137} INFO - [2024-09-24T18:52:15.038+0000] {dag.py:2705} INFO - Sync 1 DAGs
[2024-09-24T18:52:15.049+0000] {logging_mixin.py:137} INFO - [2024-09-24T18:52:15.048+0000] {dag.py:3452} INFO - Setting next_dagrun for example_bash_operator to 2024-09-23T00:00:00+00:00, run_after=2024-09-24T00:00:00+00:00
[2024-09-24T18:52:15.055+0000] {processor.py:175} INFO - Processing /usr/local/lib/python3.9/site-packages/airflow/example_dags/example_bash_operator.py took 0.040 seconds
[2024-09-24T18:52:45.954+0000] {processor.py:153} INFO - Started process (PID=3543) to work on /usr/local/lib/python3.9/site-packages/airflow/example_dags/example_bash_operator.py
[2024-09-24T18:52:45.954+0000] {processor.py:743} INFO - Processing file /usr/local/lib/python3.9/site-packages/airflow/example_dags/example_bash_operator.py for tasks to queue
[2024-09-24T18:52:45.957+0000] {logging_mixin.py:137} INFO - [2024-09-24T18:52:45.957+0000] {dagbag.py:532} INFO - Filling up the DagBag from /usr/local/lib/python3.9/site-packages/airflow/example_dags/example_bash_operator.py
[2024-09-24T18:52:45.968+0000] {processor.py:753} INFO - DAG(s) dict_keys(['example_bash_operator']) retrieved from /usr/local/lib/python3.9/site-packages/airflow/example_dags/example_bash_operator.py
[2024-09-24T18:52:45.982+0000] {logging_mixin.py:137} INFO - [2024-09-24T18:52:45.982+0000] {dag.py:2705} INFO - Sync 1 DAGs
[2024-09-24T18:52:45.991+0000] {logging_mixin.py:137} INFO - [2024-09-24T18:52:45.991+0000] {dag.py:3452} INFO - Setting next_dagrun for example_bash_operator to 2024-09-23T00:00:00+00:00, run_after=2024-09-24T00:00:00+00:00
[2024-09-24T18:52:45.997+0000] {processor.py:175} INFO - Processing /usr/local/lib/python3.9/site-packages/airflow/example_dags/example_bash_operator.py took 0.045 seconds
[2024-09-24T18:53:16.961+0000] {processor.py:153} INFO - Started process (PID=3755) to work on /usr/local/lib/python3.9/site-packages/airflow/example_dags/example_bash_operator.py
[2024-09-24T18:53:16.961+0000] {processor.py:743} INFO - Processing file /usr/local/lib/python3.9/site-packages/airflow/example_dags/example_bash_operator.py for tasks to queue
[2024-09-24T18:53:16.962+0000] {logging_mixin.py:137} INFO - [2024-09-24T18:53:16.962+0000] {dagbag.py:532} INFO - Filling up the DagBag from /usr/local/lib/python3.9/site-packages/airflow/example_dags/example_bash_operator.py
[2024-09-24T18:53:16.971+0000] {processor.py:753} INFO - DAG(s) dict_keys(['example_bash_operator']) retrieved from /usr/local/lib/python3.9/site-packages/airflow/example_dags/example_bash_operator.py
[2024-09-24T18:53:16.984+0000] {logging_mixin.py:137} INFO - [2024-09-24T18:53:16.984+0000] {dag.py:2705} INFO - Sync 1 DAGs
[2024-09-24T18:53:16.993+0000] {logging_mixin.py:137} INFO - [2024-09-24T18:53:16.993+0000] {dag.py:3452} INFO - Setting next_dagrun for example_bash_operator to 2024-09-23T00:00:00+00:00, run_after=2024-09-24T00:00:00+00:00
[2024-09-24T18:53:16.999+0000] {processor.py:175} INFO - Processing /usr/local/lib/python3.9/site-packages/airflow/example_dags/example_bash_operator.py took 0.042 seconds
