[2024-09-24T15:58:44.094+0000] {processor.py:153} INFO - Started process (PID=329) to work on /usr/local/lib/python3.9/site-packages/airflow/example_dags/example_datasets.py
[2024-09-24T15:58:44.095+0000] {processor.py:743} INFO - Processing file /usr/local/lib/python3.9/site-packages/airflow/example_dags/example_datasets.py for tasks to queue
[2024-09-24T15:58:44.096+0000] {logging_mixin.py:137} INFO - [2024-09-24T15:58:44.096+0000] {dagbag.py:532} INFO - Filling up the DagBag from /usr/local/lib/python3.9/site-packages/airflow/example_dags/example_datasets.py
[2024-09-24T15:58:44.105+0000] {processor.py:753} INFO - DAG(s) dict_keys(['dataset_consumes_unknown_never_scheduled', 'dataset_produces_2', 'dataset_consumes_1_and_2', 'dataset_consumes_1_never_scheduled', 'dataset_produces_1', 'dataset_consumes_1']) retrieved from /usr/local/lib/python3.9/site-packages/airflow/example_dags/example_datasets.py
[2024-09-24T15:58:44.180+0000] {logging_mixin.py:137} INFO - [2024-09-24T15:58:44.180+0000] {manager.py:504} INFO - Created Permission View: can delete on DAG:dataset_consumes_unknown_never_scheduled
[2024-09-24T15:58:44.185+0000] {logging_mixin.py:137} INFO - [2024-09-24T15:58:44.185+0000] {manager.py:504} INFO - Created Permission View: can read on DAG:dataset_consumes_unknown_never_scheduled
[2024-09-24T15:58:44.188+0000] {logging_mixin.py:137} INFO - [2024-09-24T15:58:44.188+0000] {manager.py:504} INFO - Created Permission View: can edit on DAG:dataset_consumes_unknown_never_scheduled
[2024-09-24T15:58:44.196+0000] {logging_mixin.py:137} INFO - [2024-09-24T15:58:44.195+0000] {manager.py:504} INFO - Created Permission View: can delete on DAG:dataset_produces_2
[2024-09-24T15:58:44.199+0000] {logging_mixin.py:137} INFO - [2024-09-24T15:58:44.199+0000] {manager.py:504} INFO - Created Permission View: can read on DAG:dataset_produces_2
[2024-09-24T15:58:44.249+0000] {logging_mixin.py:137} INFO - [2024-09-24T15:58:44.248+0000] {manager.py:504} INFO - Created Permission View: can edit on DAG:dataset_produces_2
[2024-09-24T15:58:44.395+0000] {logging_mixin.py:137} INFO - [2024-09-24T15:58:44.395+0000] {manager.py:504} INFO - Created Permission View: can delete on DAG:dataset_consumes_1_and_2
[2024-09-24T15:58:44.400+0000] {logging_mixin.py:137} INFO - [2024-09-24T15:58:44.400+0000] {manager.py:504} INFO - Created Permission View: can read on DAG:dataset_consumes_1_and_2
[2024-09-24T15:58:44.407+0000] {logging_mixin.py:137} INFO - [2024-09-24T15:58:44.407+0000] {manager.py:504} INFO - Created Permission View: can edit on DAG:dataset_consumes_1_and_2
[2024-09-24T15:58:44.421+0000] {logging_mixin.py:137} INFO - [2024-09-24T15:58:44.421+0000] {manager.py:504} INFO - Created Permission View: can delete on DAG:dataset_consumes_1_never_scheduled
[2024-09-24T15:58:44.426+0000] {logging_mixin.py:137} INFO - [2024-09-24T15:58:44.426+0000] {manager.py:504} INFO - Created Permission View: can read on DAG:dataset_consumes_1_never_scheduled
[2024-09-24T15:58:44.434+0000] {logging_mixin.py:137} INFO - [2024-09-24T15:58:44.434+0000] {manager.py:504} INFO - Created Permission View: can edit on DAG:dataset_consumes_1_never_scheduled
[2024-09-24T15:58:44.447+0000] {logging_mixin.py:137} INFO - [2024-09-24T15:58:44.446+0000] {manager.py:504} INFO - Created Permission View: can delete on DAG:dataset_produces_1
[2024-09-24T15:58:44.466+0000] {logging_mixin.py:137} INFO - [2024-09-24T15:58:44.466+0000] {manager.py:504} INFO - Created Permission View: can read on DAG:dataset_produces_1
[2024-09-24T15:58:44.490+0000] {logging_mixin.py:137} INFO - [2024-09-24T15:58:44.489+0000] {manager.py:504} INFO - Created Permission View: can edit on DAG:dataset_produces_1
[2024-09-24T15:58:44.501+0000] {logging_mixin.py:137} INFO - [2024-09-24T15:58:44.501+0000] {manager.py:504} INFO - Created Permission View: can delete on DAG:dataset_consumes_1
[2024-09-24T15:58:44.506+0000] {logging_mixin.py:137} INFO - [2024-09-24T15:58:44.506+0000] {manager.py:504} INFO - Created Permission View: can read on DAG:dataset_consumes_1
[2024-09-24T15:58:44.513+0000] {logging_mixin.py:137} INFO - [2024-09-24T15:58:44.513+0000] {manager.py:504} INFO - Created Permission View: can edit on DAG:dataset_consumes_1
[2024-09-24T15:58:44.513+0000] {logging_mixin.py:137} INFO - [2024-09-24T15:58:44.513+0000] {dag.py:2705} INFO - Sync 6 DAGs
[2024-09-24T15:58:44.519+0000] {logging_mixin.py:137} INFO - [2024-09-24T15:58:44.519+0000] {dag.py:2726} INFO - Creating ORM DAG for dataset_consumes_1_and_2
[2024-09-24T15:58:44.520+0000] {logging_mixin.py:137} INFO - [2024-09-24T15:58:44.520+0000] {dag.py:2726} INFO - Creating ORM DAG for dataset_consumes_unknown_never_scheduled
[2024-09-24T15:58:44.520+0000] {logging_mixin.py:137} INFO - [2024-09-24T15:58:44.520+0000] {dag.py:2726} INFO - Creating ORM DAG for dataset_produces_2
[2024-09-24T15:58:44.520+0000] {logging_mixin.py:137} INFO - [2024-09-24T15:58:44.520+0000] {dag.py:2726} INFO - Creating ORM DAG for dataset_consumes_1
[2024-09-24T15:58:44.520+0000] {logging_mixin.py:137} INFO - [2024-09-24T15:58:44.520+0000] {dag.py:2726} INFO - Creating ORM DAG for dataset_produces_1
[2024-09-24T15:58:44.521+0000] {logging_mixin.py:137} INFO - [2024-09-24T15:58:44.521+0000] {dag.py:2726} INFO - Creating ORM DAG for dataset_consumes_1_never_scheduled
[2024-09-24T15:58:44.526+0000] {logging_mixin.py:137} INFO - [2024-09-24T15:58:44.526+0000] {dag.py:3452} INFO - Setting next_dagrun for dataset_consumes_1 to None, run_after=None
[2024-09-24T15:58:44.527+0000] {logging_mixin.py:137} INFO - [2024-09-24T15:58:44.527+0000] {dag.py:3452} INFO - Setting next_dagrun for dataset_consumes_1_and_2 to None, run_after=None
[2024-09-24T15:58:44.527+0000] {logging_mixin.py:137} INFO - [2024-09-24T15:58:44.527+0000] {dag.py:3452} INFO - Setting next_dagrun for dataset_consumes_1_never_scheduled to None, run_after=None
[2024-09-24T15:58:44.527+0000] {logging_mixin.py:137} INFO - [2024-09-24T15:58:44.527+0000] {dag.py:3452} INFO - Setting next_dagrun for dataset_consumes_unknown_never_scheduled to None, run_after=None
[2024-09-24T15:58:44.528+0000] {logging_mixin.py:137} INFO - [2024-09-24T15:58:44.528+0000] {dag.py:3452} INFO - Setting next_dagrun for dataset_produces_1 to 2024-09-23T00:00:00+00:00, run_after=2024-09-24T00:00:00+00:00
[2024-09-24T15:58:44.529+0000] {logging_mixin.py:137} INFO - [2024-09-24T15:58:44.528+0000] {dag.py:3452} INFO - Setting next_dagrun for dataset_produces_2 to None, run_after=None
[2024-09-24T15:58:44.546+0000] {processor.py:175} INFO - Processing /usr/local/lib/python3.9/site-packages/airflow/example_dags/example_datasets.py took 0.454 seconds
[2024-09-24T15:59:14.661+0000] {processor.py:153} INFO - Started process (PID=538) to work on /usr/local/lib/python3.9/site-packages/airflow/example_dags/example_datasets.py
[2024-09-24T15:59:14.666+0000] {processor.py:743} INFO - Processing file /usr/local/lib/python3.9/site-packages/airflow/example_dags/example_datasets.py for tasks to queue
[2024-09-24T15:59:14.667+0000] {logging_mixin.py:137} INFO - [2024-09-24T15:59:14.667+0000] {dagbag.py:532} INFO - Filling up the DagBag from /usr/local/lib/python3.9/site-packages/airflow/example_dags/example_datasets.py
[2024-09-24T15:59:14.681+0000] {processor.py:753} INFO - DAG(s) dict_keys(['dataset_consumes_unknown_never_scheduled', 'dataset_consumes_1_and_2', 'dataset_produces_1', 'dataset_consumes_1', 'dataset_produces_2', 'dataset_consumes_1_never_scheduled']) retrieved from /usr/local/lib/python3.9/site-packages/airflow/example_dags/example_datasets.py
[2024-09-24T15:59:14.715+0000] {logging_mixin.py:137} INFO - [2024-09-24T15:59:14.715+0000] {dag.py:2705} INFO - Sync 6 DAGs
[2024-09-24T15:59:14.732+0000] {logging_mixin.py:137} INFO - [2024-09-24T15:59:14.732+0000] {dag.py:3452} INFO - Setting next_dagrun for dataset_consumes_1 to None, run_after=None
[2024-09-24T15:59:14.737+0000] {logging_mixin.py:137} INFO - [2024-09-24T15:59:14.737+0000] {dag.py:3452} INFO - Setting next_dagrun for dataset_consumes_1_and_2 to None, run_after=None
[2024-09-24T15:59:14.738+0000] {logging_mixin.py:137} INFO - [2024-09-24T15:59:14.738+0000] {dag.py:3452} INFO - Setting next_dagrun for dataset_consumes_1_never_scheduled to None, run_after=None
[2024-09-24T15:59:14.739+0000] {logging_mixin.py:137} INFO - [2024-09-24T15:59:14.739+0000] {dag.py:3452} INFO - Setting next_dagrun for dataset_consumes_unknown_never_scheduled to None, run_after=None
[2024-09-24T15:59:14.742+0000] {logging_mixin.py:137} INFO - [2024-09-24T15:59:14.742+0000] {dag.py:3452} INFO - Setting next_dagrun for dataset_produces_1 to 2024-09-23T00:00:00+00:00, run_after=2024-09-24T00:00:00+00:00
[2024-09-24T15:59:14.742+0000] {logging_mixin.py:137} INFO - [2024-09-24T15:59:14.742+0000] {dag.py:3452} INFO - Setting next_dagrun for dataset_produces_2 to None, run_after=None
[2024-09-24T15:59:14.799+0000] {processor.py:175} INFO - Processing /usr/local/lib/python3.9/site-packages/airflow/example_dags/example_datasets.py took 0.140 seconds
[2024-09-24T15:59:46.261+0000] {processor.py:153} INFO - Started process (PID=751) to work on /usr/local/lib/python3.9/site-packages/airflow/example_dags/example_datasets.py
[2024-09-24T15:59:46.263+0000] {processor.py:743} INFO - Processing file /usr/local/lib/python3.9/site-packages/airflow/example_dags/example_datasets.py for tasks to queue
[2024-09-24T15:59:46.264+0000] {logging_mixin.py:137} INFO - [2024-09-24T15:59:46.264+0000] {dagbag.py:532} INFO - Filling up the DagBag from /usr/local/lib/python3.9/site-packages/airflow/example_dags/example_datasets.py
[2024-09-24T15:59:46.274+0000] {processor.py:753} INFO - DAG(s) dict_keys(['dataset_produces_2', 'dataset_consumes_unknown_never_scheduled', 'dataset_produces_1', 'dataset_consumes_1_never_scheduled', 'dataset_consumes_1', 'dataset_consumes_1_and_2']) retrieved from /usr/local/lib/python3.9/site-packages/airflow/example_dags/example_datasets.py
[2024-09-24T15:59:46.307+0000] {logging_mixin.py:137} INFO - [2024-09-24T15:59:46.307+0000] {dag.py:2705} INFO - Sync 6 DAGs
[2024-09-24T15:59:46.326+0000] {logging_mixin.py:137} INFO - [2024-09-24T15:59:46.326+0000] {dag.py:3452} INFO - Setting next_dagrun for dataset_consumes_1 to None, run_after=None
[2024-09-24T15:59:46.327+0000] {logging_mixin.py:137} INFO - [2024-09-24T15:59:46.327+0000] {dag.py:3452} INFO - Setting next_dagrun for dataset_consumes_1_and_2 to None, run_after=None
[2024-09-24T15:59:46.327+0000] {logging_mixin.py:137} INFO - [2024-09-24T15:59:46.327+0000] {dag.py:3452} INFO - Setting next_dagrun for dataset_consumes_1_never_scheduled to None, run_after=None
[2024-09-24T15:59:46.328+0000] {logging_mixin.py:137} INFO - [2024-09-24T15:59:46.328+0000] {dag.py:3452} INFO - Setting next_dagrun for dataset_consumes_unknown_never_scheduled to None, run_after=None
[2024-09-24T15:59:46.330+0000] {logging_mixin.py:137} INFO - [2024-09-24T15:59:46.330+0000] {dag.py:3452} INFO - Setting next_dagrun for dataset_produces_1 to 2024-09-23T00:00:00+00:00, run_after=2024-09-24T00:00:00+00:00
[2024-09-24T15:59:46.331+0000] {logging_mixin.py:137} INFO - [2024-09-24T15:59:46.331+0000] {dag.py:3452} INFO - Setting next_dagrun for dataset_produces_2 to None, run_after=None
[2024-09-24T15:59:46.348+0000] {processor.py:175} INFO - Processing /usr/local/lib/python3.9/site-packages/airflow/example_dags/example_datasets.py took 0.089 seconds
[2024-09-24T16:12:38.329+0000] {processor.py:153} INFO - Started process (PID=327) to work on /usr/local/lib/python3.9/site-packages/airflow/example_dags/example_datasets.py
[2024-09-24T16:12:38.331+0000] {processor.py:743} INFO - Processing file /usr/local/lib/python3.9/site-packages/airflow/example_dags/example_datasets.py for tasks to queue
[2024-09-24T16:12:38.332+0000] {logging_mixin.py:137} INFO - [2024-09-24T16:12:38.332+0000] {dagbag.py:532} INFO - Filling up the DagBag from /usr/local/lib/python3.9/site-packages/airflow/example_dags/example_datasets.py
[2024-09-24T16:12:38.347+0000] {processor.py:753} INFO - DAG(s) dict_keys(['dataset_consumes_1', 'dataset_consumes_unknown_never_scheduled', 'dataset_consumes_1_and_2', 'dataset_produces_1', 'dataset_consumes_1_never_scheduled', 'dataset_produces_2']) retrieved from /usr/local/lib/python3.9/site-packages/airflow/example_dags/example_datasets.py
[2024-09-24T16:12:38.454+0000] {logging_mixin.py:137} INFO - [2024-09-24T16:12:38.454+0000] {manager.py:504} INFO - Created Permission View: can read on DAG:dataset_consumes_1
[2024-09-24T16:12:38.461+0000] {logging_mixin.py:137} INFO - [2024-09-24T16:12:38.461+0000] {manager.py:504} INFO - Created Permission View: can edit on DAG:dataset_consumes_1
[2024-09-24T16:12:38.465+0000] {logging_mixin.py:137} INFO - [2024-09-24T16:12:38.464+0000] {manager.py:504} INFO - Created Permission View: can delete on DAG:dataset_consumes_1
[2024-09-24T16:12:38.470+0000] {logging_mixin.py:137} INFO - [2024-09-24T16:12:38.470+0000] {manager.py:504} INFO - Created Permission View: can read on DAG:dataset_consumes_unknown_never_scheduled
[2024-09-24T16:12:38.474+0000] {logging_mixin.py:137} INFO - [2024-09-24T16:12:38.474+0000] {manager.py:504} INFO - Created Permission View: can edit on DAG:dataset_consumes_unknown_never_scheduled
[2024-09-24T16:12:38.477+0000] {logging_mixin.py:137} INFO - [2024-09-24T16:12:38.477+0000] {manager.py:504} INFO - Created Permission View: can delete on DAG:dataset_consumes_unknown_never_scheduled
[2024-09-24T16:12:38.490+0000] {logging_mixin.py:137} INFO - [2024-09-24T16:12:38.490+0000] {manager.py:504} INFO - Created Permission View: can read on DAG:dataset_consumes_1_and_2
[2024-09-24T16:12:38.495+0000] {logging_mixin.py:137} INFO - [2024-09-24T16:12:38.494+0000] {manager.py:504} INFO - Created Permission View: can edit on DAG:dataset_consumes_1_and_2
[2024-09-24T16:12:38.498+0000] {logging_mixin.py:137} INFO - [2024-09-24T16:12:38.498+0000] {manager.py:504} INFO - Created Permission View: can delete on DAG:dataset_consumes_1_and_2
[2024-09-24T16:12:38.510+0000] {logging_mixin.py:137} INFO - [2024-09-24T16:12:38.509+0000] {manager.py:504} INFO - Created Permission View: can read on DAG:dataset_produces_1
[2024-09-24T16:12:38.513+0000] {logging_mixin.py:137} INFO - [2024-09-24T16:12:38.513+0000] {manager.py:504} INFO - Created Permission View: can edit on DAG:dataset_produces_1
[2024-09-24T16:12:38.516+0000] {logging_mixin.py:137} INFO - [2024-09-24T16:12:38.516+0000] {manager.py:504} INFO - Created Permission View: can delete on DAG:dataset_produces_1
[2024-09-24T16:12:38.523+0000] {logging_mixin.py:137} INFO - [2024-09-24T16:12:38.523+0000] {manager.py:504} INFO - Created Permission View: can read on DAG:dataset_consumes_1_never_scheduled
[2024-09-24T16:12:38.527+0000] {logging_mixin.py:137} INFO - [2024-09-24T16:12:38.527+0000] {manager.py:504} INFO - Created Permission View: can edit on DAG:dataset_consumes_1_never_scheduled
[2024-09-24T16:12:38.531+0000] {logging_mixin.py:137} INFO - [2024-09-24T16:12:38.531+0000] {manager.py:504} INFO - Created Permission View: can delete on DAG:dataset_consumes_1_never_scheduled
[2024-09-24T16:12:38.541+0000] {logging_mixin.py:137} INFO - [2024-09-24T16:12:38.540+0000] {manager.py:504} INFO - Created Permission View: can read on DAG:dataset_produces_2
[2024-09-24T16:12:38.547+0000] {logging_mixin.py:137} INFO - [2024-09-24T16:12:38.546+0000] {manager.py:504} INFO - Created Permission View: can edit on DAG:dataset_produces_2
[2024-09-24T16:12:38.551+0000] {logging_mixin.py:137} INFO - [2024-09-24T16:12:38.551+0000] {manager.py:504} INFO - Created Permission View: can delete on DAG:dataset_produces_2
[2024-09-24T16:12:38.553+0000] {logging_mixin.py:137} INFO - [2024-09-24T16:12:38.553+0000] {dag.py:2705} INFO - Sync 6 DAGs
[2024-09-24T16:12:38.559+0000] {logging_mixin.py:137} INFO - [2024-09-24T16:12:38.559+0000] {dag.py:2726} INFO - Creating ORM DAG for dataset_consumes_1_never_scheduled
[2024-09-24T16:12:38.559+0000] {logging_mixin.py:137} INFO - [2024-09-24T16:12:38.559+0000] {dag.py:2726} INFO - Creating ORM DAG for dataset_consumes_unknown_never_scheduled
[2024-09-24T16:12:38.560+0000] {logging_mixin.py:137} INFO - [2024-09-24T16:12:38.560+0000] {dag.py:2726} INFO - Creating ORM DAG for dataset_produces_2
[2024-09-24T16:12:38.560+0000] {logging_mixin.py:137} INFO - [2024-09-24T16:12:38.560+0000] {dag.py:2726} INFO - Creating ORM DAG for dataset_consumes_1
[2024-09-24T16:12:38.564+0000] {logging_mixin.py:137} INFO - [2024-09-24T16:12:38.564+0000] {dag.py:2726} INFO - Creating ORM DAG for dataset_produces_1
[2024-09-24T16:12:38.564+0000] {logging_mixin.py:137} INFO - [2024-09-24T16:12:38.564+0000] {dag.py:2726} INFO - Creating ORM DAG for dataset_consumes_1_and_2
[2024-09-24T16:12:38.570+0000] {logging_mixin.py:137} INFO - [2024-09-24T16:12:38.570+0000] {dag.py:3452} INFO - Setting next_dagrun for dataset_consumes_1 to None, run_after=None
[2024-09-24T16:12:38.571+0000] {logging_mixin.py:137} INFO - [2024-09-24T16:12:38.571+0000] {dag.py:3452} INFO - Setting next_dagrun for dataset_consumes_1_and_2 to None, run_after=None
[2024-09-24T16:12:38.571+0000] {logging_mixin.py:137} INFO - [2024-09-24T16:12:38.571+0000] {dag.py:3452} INFO - Setting next_dagrun for dataset_consumes_1_never_scheduled to None, run_after=None
[2024-09-24T16:12:38.572+0000] {logging_mixin.py:137} INFO - [2024-09-24T16:12:38.571+0000] {dag.py:3452} INFO - Setting next_dagrun for dataset_consumes_unknown_never_scheduled to None, run_after=None
[2024-09-24T16:12:38.573+0000] {logging_mixin.py:137} INFO - [2024-09-24T16:12:38.573+0000] {dag.py:3452} INFO - Setting next_dagrun for dataset_produces_1 to 2024-09-23T00:00:00+00:00, run_after=2024-09-24T00:00:00+00:00
[2024-09-24T16:12:38.574+0000] {logging_mixin.py:137} INFO - [2024-09-24T16:12:38.574+0000] {dag.py:3452} INFO - Setting next_dagrun for dataset_produces_2 to None, run_after=None
[2024-09-24T16:12:38.595+0000] {processor.py:175} INFO - Processing /usr/local/lib/python3.9/site-packages/airflow/example_dags/example_datasets.py took 0.276 seconds
[2024-09-24T16:13:19.931+0000] {processor.py:153} INFO - Started process (PID=541) to work on /usr/local/lib/python3.9/site-packages/airflow/example_dags/example_datasets.py
[2024-09-24T16:13:19.933+0000] {processor.py:743} INFO - Processing file /usr/local/lib/python3.9/site-packages/airflow/example_dags/example_datasets.py for tasks to queue
[2024-09-24T16:13:19.934+0000] {logging_mixin.py:137} INFO - [2024-09-24T16:13:19.934+0000] {dagbag.py:532} INFO - Filling up the DagBag from /usr/local/lib/python3.9/site-packages/airflow/example_dags/example_datasets.py
[2024-09-24T16:13:19.979+0000] {processor.py:753} INFO - DAG(s) dict_keys(['dataset_consumes_unknown_never_scheduled', 'dataset_produces_2', 'dataset_consumes_1', 'dataset_consumes_1_never_scheduled', 'dataset_consumes_1_and_2', 'dataset_produces_1']) retrieved from /usr/local/lib/python3.9/site-packages/airflow/example_dags/example_datasets.py
[2024-09-24T16:13:20.121+0000] {logging_mixin.py:137} INFO - [2024-09-24T16:13:20.113+0000] {dag.py:2705} INFO - Sync 6 DAGs
[2024-09-24T16:13:20.275+0000] {logging_mixin.py:137} INFO - [2024-09-24T16:13:20.266+0000] {dag.py:3452} INFO - Setting next_dagrun for dataset_consumes_1 to None, run_after=None
[2024-09-24T16:13:20.307+0000] {logging_mixin.py:137} INFO - [2024-09-24T16:13:20.306+0000] {dag.py:3452} INFO - Setting next_dagrun for dataset_consumes_1_and_2 to None, run_after=None
[2024-09-24T16:13:20.311+0000] {logging_mixin.py:137} INFO - [2024-09-24T16:13:20.311+0000] {dag.py:3452} INFO - Setting next_dagrun for dataset_consumes_1_never_scheduled to None, run_after=None
[2024-09-24T16:13:20.314+0000] {logging_mixin.py:137} INFO - [2024-09-24T16:13:20.314+0000] {dag.py:3452} INFO - Setting next_dagrun for dataset_consumes_unknown_never_scheduled to None, run_after=None
[2024-09-24T16:13:20.323+0000] {logging_mixin.py:137} INFO - [2024-09-24T16:13:20.323+0000] {dag.py:3452} INFO - Setting next_dagrun for dataset_produces_1 to 2024-09-23T00:00:00+00:00, run_after=2024-09-24T00:00:00+00:00
[2024-09-24T16:13:20.326+0000] {logging_mixin.py:137} INFO - [2024-09-24T16:13:20.326+0000] {dag.py:3452} INFO - Setting next_dagrun for dataset_produces_2 to None, run_after=None
[2024-09-24T16:13:20.478+0000] {processor.py:175} INFO - Processing /usr/local/lib/python3.9/site-packages/airflow/example_dags/example_datasets.py took 0.550 seconds
[2024-09-24T16:13:53.088+0000] {processor.py:153} INFO - Started process (PID=751) to work on /usr/local/lib/python3.9/site-packages/airflow/example_dags/example_datasets.py
[2024-09-24T16:13:53.090+0000] {processor.py:743} INFO - Processing file /usr/local/lib/python3.9/site-packages/airflow/example_dags/example_datasets.py for tasks to queue
[2024-09-24T16:13:53.091+0000] {logging_mixin.py:137} INFO - [2024-09-24T16:13:53.091+0000] {dagbag.py:532} INFO - Filling up the DagBag from /usr/local/lib/python3.9/site-packages/airflow/example_dags/example_datasets.py
[2024-09-24T16:13:53.122+0000] {processor.py:753} INFO - DAG(s) dict_keys(['dataset_consumes_1', 'dataset_consumes_unknown_never_scheduled', 'dataset_consumes_1_and_2', 'dataset_produces_2', 'dataset_produces_1', 'dataset_consumes_1_never_scheduled']) retrieved from /usr/local/lib/python3.9/site-packages/airflow/example_dags/example_datasets.py
[2024-09-24T16:13:53.172+0000] {logging_mixin.py:137} INFO - [2024-09-24T16:13:53.172+0000] {dag.py:2705} INFO - Sync 6 DAGs
[2024-09-24T16:13:53.206+0000] {logging_mixin.py:137} INFO - [2024-09-24T16:13:53.206+0000] {dag.py:3452} INFO - Setting next_dagrun for dataset_consumes_1 to None, run_after=None
[2024-09-24T16:13:53.211+0000] {logging_mixin.py:137} INFO - [2024-09-24T16:13:53.211+0000] {dag.py:3452} INFO - Setting next_dagrun for dataset_consumes_1_and_2 to None, run_after=None
[2024-09-24T16:13:53.213+0000] {logging_mixin.py:137} INFO - [2024-09-24T16:13:53.213+0000] {dag.py:3452} INFO - Setting next_dagrun for dataset_consumes_1_never_scheduled to None, run_after=None
[2024-09-24T16:13:53.213+0000] {logging_mixin.py:137} INFO - [2024-09-24T16:13:53.213+0000] {dag.py:3452} INFO - Setting next_dagrun for dataset_consumes_unknown_never_scheduled to None, run_after=None
[2024-09-24T16:13:53.216+0000] {logging_mixin.py:137} INFO - [2024-09-24T16:13:53.216+0000] {dag.py:3452} INFO - Setting next_dagrun for dataset_produces_1 to 2024-09-23T00:00:00+00:00, run_after=2024-09-24T00:00:00+00:00
[2024-09-24T16:13:53.217+0000] {logging_mixin.py:137} INFO - [2024-09-24T16:13:53.217+0000] {dag.py:3452} INFO - Setting next_dagrun for dataset_produces_2 to None, run_after=None
[2024-09-24T16:13:53.242+0000] {processor.py:175} INFO - Processing /usr/local/lib/python3.9/site-packages/airflow/example_dags/example_datasets.py took 0.166 seconds
[2024-09-24T16:14:25.347+0000] {processor.py:153} INFO - Started process (PID=963) to work on /usr/local/lib/python3.9/site-packages/airflow/example_dags/example_datasets.py
[2024-09-24T16:14:25.349+0000] {processor.py:743} INFO - Processing file /usr/local/lib/python3.9/site-packages/airflow/example_dags/example_datasets.py for tasks to queue
[2024-09-24T16:14:25.350+0000] {logging_mixin.py:137} INFO - [2024-09-24T16:14:25.350+0000] {dagbag.py:532} INFO - Filling up the DagBag from /usr/local/lib/python3.9/site-packages/airflow/example_dags/example_datasets.py
[2024-09-24T16:14:25.360+0000] {processor.py:753} INFO - DAG(s) dict_keys(['dataset_produces_2', 'dataset_consumes_1_never_scheduled', 'dataset_consumes_1_and_2', 'dataset_produces_1', 'dataset_consumes_unknown_never_scheduled', 'dataset_consumes_1']) retrieved from /usr/local/lib/python3.9/site-packages/airflow/example_dags/example_datasets.py
[2024-09-24T16:14:25.401+0000] {logging_mixin.py:137} INFO - [2024-09-24T16:14:25.400+0000] {dag.py:2705} INFO - Sync 6 DAGs
[2024-09-24T16:14:25.421+0000] {logging_mixin.py:137} INFO - [2024-09-24T16:14:25.421+0000] {dag.py:3452} INFO - Setting next_dagrun for dataset_consumes_1 to None, run_after=None
[2024-09-24T16:14:25.425+0000] {logging_mixin.py:137} INFO - [2024-09-24T16:14:25.425+0000] {dag.py:3452} INFO - Setting next_dagrun for dataset_consumes_1_and_2 to None, run_after=None
[2024-09-24T16:14:25.426+0000] {logging_mixin.py:137} INFO - [2024-09-24T16:14:25.426+0000] {dag.py:3452} INFO - Setting next_dagrun for dataset_consumes_1_never_scheduled to None, run_after=None
[2024-09-24T16:14:25.427+0000] {logging_mixin.py:137} INFO - [2024-09-24T16:14:25.426+0000] {dag.py:3452} INFO - Setting next_dagrun for dataset_consumes_unknown_never_scheduled to None, run_after=None
[2024-09-24T16:14:25.429+0000] {logging_mixin.py:137} INFO - [2024-09-24T16:14:25.429+0000] {dag.py:3452} INFO - Setting next_dagrun for dataset_produces_1 to 2024-09-23T00:00:00+00:00, run_after=2024-09-24T00:00:00+00:00
[2024-09-24T16:14:25.430+0000] {logging_mixin.py:137} INFO - [2024-09-24T16:14:25.430+0000] {dag.py:3452} INFO - Setting next_dagrun for dataset_produces_2 to None, run_after=None
[2024-09-24T16:14:25.566+0000] {processor.py:175} INFO - Processing /usr/local/lib/python3.9/site-packages/airflow/example_dags/example_datasets.py took 0.220 seconds
[2024-09-24T16:15:03.542+0000] {processor.py:153} INFO - Started process (PID=1174) to work on /usr/local/lib/python3.9/site-packages/airflow/example_dags/example_datasets.py
[2024-09-24T16:15:03.544+0000] {processor.py:743} INFO - Processing file /usr/local/lib/python3.9/site-packages/airflow/example_dags/example_datasets.py for tasks to queue
[2024-09-24T16:15:03.545+0000] {logging_mixin.py:137} INFO - [2024-09-24T16:15:03.545+0000] {dagbag.py:532} INFO - Filling up the DagBag from /usr/local/lib/python3.9/site-packages/airflow/example_dags/example_datasets.py
[2024-09-24T16:15:03.577+0000] {processor.py:753} INFO - DAG(s) dict_keys(['dataset_consumes_1_never_scheduled', 'dataset_consumes_1', 'dataset_produces_1', 'dataset_consumes_unknown_never_scheduled', 'dataset_consumes_1_and_2', 'dataset_produces_2']) retrieved from /usr/local/lib/python3.9/site-packages/airflow/example_dags/example_datasets.py
[2024-09-24T16:15:03.696+0000] {logging_mixin.py:137} INFO - [2024-09-24T16:15:03.695+0000] {dag.py:2705} INFO - Sync 6 DAGs
[2024-09-24T16:15:03.759+0000] {logging_mixin.py:137} INFO - [2024-09-24T16:15:03.759+0000] {dag.py:3452} INFO - Setting next_dagrun for dataset_consumes_1 to None, run_after=None
[2024-09-24T16:15:03.764+0000] {logging_mixin.py:137} INFO - [2024-09-24T16:15:03.763+0000] {dag.py:3452} INFO - Setting next_dagrun for dataset_consumes_1_and_2 to None, run_after=None
[2024-09-24T16:15:03.764+0000] {logging_mixin.py:137} INFO - [2024-09-24T16:15:03.764+0000] {dag.py:3452} INFO - Setting next_dagrun for dataset_consumes_1_never_scheduled to None, run_after=None
[2024-09-24T16:15:03.765+0000] {logging_mixin.py:137} INFO - [2024-09-24T16:15:03.765+0000] {dag.py:3452} INFO - Setting next_dagrun for dataset_consumes_unknown_never_scheduled to None, run_after=None
[2024-09-24T16:15:03.767+0000] {logging_mixin.py:137} INFO - [2024-09-24T16:15:03.766+0000] {dag.py:3452} INFO - Setting next_dagrun for dataset_produces_1 to 2024-09-23T00:00:00+00:00, run_after=2024-09-24T00:00:00+00:00
[2024-09-24T16:15:03.768+0000] {logging_mixin.py:137} INFO - [2024-09-24T16:15:03.768+0000] {dag.py:3452} INFO - Setting next_dagrun for dataset_produces_2 to None, run_after=None
[2024-09-24T16:15:03.835+0000] {processor.py:175} INFO - Processing /usr/local/lib/python3.9/site-packages/airflow/example_dags/example_datasets.py took 0.296 seconds
[2024-09-24T16:15:36.832+0000] {processor.py:153} INFO - Started process (PID=1385) to work on /usr/local/lib/python3.9/site-packages/airflow/example_dags/example_datasets.py
[2024-09-24T16:15:36.834+0000] {processor.py:743} INFO - Processing file /usr/local/lib/python3.9/site-packages/airflow/example_dags/example_datasets.py for tasks to queue
[2024-09-24T16:15:36.835+0000] {logging_mixin.py:137} INFO - [2024-09-24T16:15:36.835+0000] {dagbag.py:532} INFO - Filling up the DagBag from /usr/local/lib/python3.9/site-packages/airflow/example_dags/example_datasets.py
[2024-09-24T16:15:36.849+0000] {processor.py:753} INFO - DAG(s) dict_keys(['dataset_consumes_1', 'dataset_produces_1', 'dataset_consumes_1_never_scheduled', 'dataset_consumes_unknown_never_scheduled', 'dataset_consumes_1_and_2', 'dataset_produces_2']) retrieved from /usr/local/lib/python3.9/site-packages/airflow/example_dags/example_datasets.py
[2024-09-24T16:15:36.879+0000] {logging_mixin.py:137} INFO - [2024-09-24T16:15:36.879+0000] {dag.py:2705} INFO - Sync 6 DAGs
[2024-09-24T16:15:36.904+0000] {logging_mixin.py:137} INFO - [2024-09-24T16:15:36.904+0000] {dag.py:3452} INFO - Setting next_dagrun for dataset_consumes_1 to None, run_after=None
[2024-09-24T16:15:36.906+0000] {logging_mixin.py:137} INFO - [2024-09-24T16:15:36.906+0000] {dag.py:3452} INFO - Setting next_dagrun for dataset_consumes_1_and_2 to None, run_after=None
[2024-09-24T16:15:36.907+0000] {logging_mixin.py:137} INFO - [2024-09-24T16:15:36.907+0000] {dag.py:3452} INFO - Setting next_dagrun for dataset_consumes_1_never_scheduled to None, run_after=None
[2024-09-24T16:15:36.908+0000] {logging_mixin.py:137} INFO - [2024-09-24T16:15:36.907+0000] {dag.py:3452} INFO - Setting next_dagrun for dataset_consumes_unknown_never_scheduled to None, run_after=None
[2024-09-24T16:15:36.909+0000] {logging_mixin.py:137} INFO - [2024-09-24T16:15:36.909+0000] {dag.py:3452} INFO - Setting next_dagrun for dataset_produces_1 to 2024-09-23T00:00:00+00:00, run_after=2024-09-24T00:00:00+00:00
[2024-09-24T16:15:36.910+0000] {logging_mixin.py:137} INFO - [2024-09-24T16:15:36.910+0000] {dag.py:3452} INFO - Setting next_dagrun for dataset_produces_2 to None, run_after=None
[2024-09-24T16:15:36.951+0000] {processor.py:175} INFO - Processing /usr/local/lib/python3.9/site-packages/airflow/example_dags/example_datasets.py took 0.121 seconds
[2024-09-24T16:16:07.344+0000] {processor.py:153} INFO - Started process (PID=1593) to work on /usr/local/lib/python3.9/site-packages/airflow/example_dags/example_datasets.py
[2024-09-24T16:16:07.345+0000] {processor.py:743} INFO - Processing file /usr/local/lib/python3.9/site-packages/airflow/example_dags/example_datasets.py for tasks to queue
[2024-09-24T16:16:07.345+0000] {logging_mixin.py:137} INFO - [2024-09-24T16:16:07.345+0000] {dagbag.py:532} INFO - Filling up the DagBag from /usr/local/lib/python3.9/site-packages/airflow/example_dags/example_datasets.py
[2024-09-24T16:16:07.355+0000] {processor.py:753} INFO - DAG(s) dict_keys(['dataset_produces_1', 'dataset_consumes_1_and_2', 'dataset_consumes_unknown_never_scheduled', 'dataset_consumes_1', 'dataset_produces_2', 'dataset_consumes_1_never_scheduled']) retrieved from /usr/local/lib/python3.9/site-packages/airflow/example_dags/example_datasets.py
[2024-09-24T16:16:07.385+0000] {logging_mixin.py:137} INFO - [2024-09-24T16:16:07.385+0000] {dag.py:2705} INFO - Sync 6 DAGs
[2024-09-24T16:16:07.397+0000] {logging_mixin.py:137} INFO - [2024-09-24T16:16:07.397+0000] {dag.py:3452} INFO - Setting next_dagrun for dataset_consumes_1 to None, run_after=None
[2024-09-24T16:16:07.399+0000] {logging_mixin.py:137} INFO - [2024-09-24T16:16:07.399+0000] {dag.py:3452} INFO - Setting next_dagrun for dataset_consumes_1_and_2 to None, run_after=None
[2024-09-24T16:16:07.400+0000] {logging_mixin.py:137} INFO - [2024-09-24T16:16:07.400+0000] {dag.py:3452} INFO - Setting next_dagrun for dataset_consumes_1_never_scheduled to None, run_after=None
[2024-09-24T16:16:07.401+0000] {logging_mixin.py:137} INFO - [2024-09-24T16:16:07.401+0000] {dag.py:3452} INFO - Setting next_dagrun for dataset_consumes_unknown_never_scheduled to None, run_after=None
[2024-09-24T16:16:07.402+0000] {logging_mixin.py:137} INFO - [2024-09-24T16:16:07.402+0000] {dag.py:3452} INFO - Setting next_dagrun for dataset_produces_1 to 2024-09-23T00:00:00+00:00, run_after=2024-09-24T00:00:00+00:00
[2024-09-24T16:16:07.404+0000] {logging_mixin.py:137} INFO - [2024-09-24T16:16:07.404+0000] {dag.py:3452} INFO - Setting next_dagrun for dataset_produces_2 to None, run_after=None
[2024-09-24T16:16:07.427+0000] {processor.py:175} INFO - Processing /usr/local/lib/python3.9/site-packages/airflow/example_dags/example_datasets.py took 0.086 seconds
[2024-09-24T16:16:37.683+0000] {processor.py:153} INFO - Started process (PID=1802) to work on /usr/local/lib/python3.9/site-packages/airflow/example_dags/example_datasets.py
[2024-09-24T16:16:37.685+0000] {processor.py:743} INFO - Processing file /usr/local/lib/python3.9/site-packages/airflow/example_dags/example_datasets.py for tasks to queue
[2024-09-24T16:16:37.686+0000] {logging_mixin.py:137} INFO - [2024-09-24T16:16:37.686+0000] {dagbag.py:532} INFO - Filling up the DagBag from /usr/local/lib/python3.9/site-packages/airflow/example_dags/example_datasets.py
[2024-09-24T16:16:37.694+0000] {processor.py:753} INFO - DAG(s) dict_keys(['dataset_consumes_1_and_2', 'dataset_consumes_1', 'dataset_produces_1', 'dataset_consumes_1_never_scheduled', 'dataset_produces_2', 'dataset_consumes_unknown_never_scheduled']) retrieved from /usr/local/lib/python3.9/site-packages/airflow/example_dags/example_datasets.py
[2024-09-24T16:16:37.711+0000] {logging_mixin.py:137} INFO - [2024-09-24T16:16:37.711+0000] {dag.py:2705} INFO - Sync 6 DAGs
[2024-09-24T16:16:37.726+0000] {logging_mixin.py:137} INFO - [2024-09-24T16:16:37.726+0000] {dag.py:3452} INFO - Setting next_dagrun for dataset_consumes_1 to None, run_after=None
[2024-09-24T16:16:37.729+0000] {logging_mixin.py:137} INFO - [2024-09-24T16:16:37.729+0000] {dag.py:3452} INFO - Setting next_dagrun for dataset_consumes_1_and_2 to None, run_after=None
[2024-09-24T16:16:37.730+0000] {logging_mixin.py:137} INFO - [2024-09-24T16:16:37.730+0000] {dag.py:3452} INFO - Setting next_dagrun for dataset_consumes_1_never_scheduled to None, run_after=None
[2024-09-24T16:16:37.730+0000] {logging_mixin.py:137} INFO - [2024-09-24T16:16:37.730+0000] {dag.py:3452} INFO - Setting next_dagrun for dataset_consumes_unknown_never_scheduled to None, run_after=None
[2024-09-24T16:16:37.732+0000] {logging_mixin.py:137} INFO - [2024-09-24T16:16:37.732+0000] {dag.py:3452} INFO - Setting next_dagrun for dataset_produces_1 to 2024-09-23T00:00:00+00:00, run_after=2024-09-24T00:00:00+00:00
[2024-09-24T16:16:37.733+0000] {logging_mixin.py:137} INFO - [2024-09-24T16:16:37.733+0000] {dag.py:3452} INFO - Setting next_dagrun for dataset_produces_2 to None, run_after=None
[2024-09-24T16:16:37.805+0000] {processor.py:175} INFO - Processing /usr/local/lib/python3.9/site-packages/airflow/example_dags/example_datasets.py took 0.124 seconds
[2024-09-24T16:17:07.902+0000] {processor.py:153} INFO - Started process (PID=2013) to work on /usr/local/lib/python3.9/site-packages/airflow/example_dags/example_datasets.py
[2024-09-24T16:17:07.906+0000] {processor.py:743} INFO - Processing file /usr/local/lib/python3.9/site-packages/airflow/example_dags/example_datasets.py for tasks to queue
[2024-09-24T16:17:07.906+0000] {logging_mixin.py:137} INFO - [2024-09-24T16:17:07.906+0000] {dagbag.py:532} INFO - Filling up the DagBag from /usr/local/lib/python3.9/site-packages/airflow/example_dags/example_datasets.py
[2024-09-24T16:17:07.918+0000] {processor.py:753} INFO - DAG(s) dict_keys(['dataset_consumes_1_never_scheduled', 'dataset_consumes_1', 'dataset_produces_2', 'dataset_consumes_1_and_2', 'dataset_consumes_unknown_never_scheduled', 'dataset_produces_1']) retrieved from /usr/local/lib/python3.9/site-packages/airflow/example_dags/example_datasets.py
[2024-09-24T16:17:07.936+0000] {logging_mixin.py:137} INFO - [2024-09-24T16:17:07.936+0000] {dag.py:2705} INFO - Sync 6 DAGs
[2024-09-24T16:17:08.234+0000] {logging_mixin.py:137} INFO - [2024-09-24T16:17:08.234+0000] {dag.py:3452} INFO - Setting next_dagrun for dataset_consumes_1 to None, run_after=None
[2024-09-24T16:17:08.237+0000] {logging_mixin.py:137} INFO - [2024-09-24T16:17:08.237+0000] {dag.py:3452} INFO - Setting next_dagrun for dataset_consumes_1_and_2 to None, run_after=None
[2024-09-24T16:17:08.237+0000] {logging_mixin.py:137} INFO - [2024-09-24T16:17:08.237+0000] {dag.py:3452} INFO - Setting next_dagrun for dataset_consumes_1_never_scheduled to None, run_after=None
[2024-09-24T16:17:08.238+0000] {logging_mixin.py:137} INFO - [2024-09-24T16:17:08.238+0000] {dag.py:3452} INFO - Setting next_dagrun for dataset_consumes_unknown_never_scheduled to None, run_after=None
[2024-09-24T16:17:08.239+0000] {logging_mixin.py:137} INFO - [2024-09-24T16:17:08.239+0000] {dag.py:3452} INFO - Setting next_dagrun for dataset_produces_1 to 2024-09-23T00:00:00+00:00, run_after=2024-09-24T00:00:00+00:00
[2024-09-24T16:17:08.239+0000] {logging_mixin.py:137} INFO - [2024-09-24T16:17:08.239+0000] {dag.py:3452} INFO - Setting next_dagrun for dataset_produces_2 to None, run_after=None
[2024-09-24T16:17:08.256+0000] {processor.py:175} INFO - Processing /usr/local/lib/python3.9/site-packages/airflow/example_dags/example_datasets.py took 0.355 seconds
[2024-09-24T16:17:38.846+0000] {processor.py:153} INFO - Started process (PID=2226) to work on /usr/local/lib/python3.9/site-packages/airflow/example_dags/example_datasets.py
[2024-09-24T16:17:38.847+0000] {processor.py:743} INFO - Processing file /usr/local/lib/python3.9/site-packages/airflow/example_dags/example_datasets.py for tasks to queue
[2024-09-24T16:17:38.847+0000] {logging_mixin.py:137} INFO - [2024-09-24T16:17:38.847+0000] {dagbag.py:532} INFO - Filling up the DagBag from /usr/local/lib/python3.9/site-packages/airflow/example_dags/example_datasets.py
[2024-09-24T16:17:38.856+0000] {processor.py:753} INFO - DAG(s) dict_keys(['dataset_consumes_1_and_2', 'dataset_produces_2', 'dataset_consumes_unknown_never_scheduled', 'dataset_consumes_1_never_scheduled', 'dataset_produces_1', 'dataset_consumes_1']) retrieved from /usr/local/lib/python3.9/site-packages/airflow/example_dags/example_datasets.py
[2024-09-24T16:17:38.940+0000] {logging_mixin.py:137} INFO - [2024-09-24T16:17:38.939+0000] {dag.py:2705} INFO - Sync 6 DAGs
[2024-09-24T16:17:38.949+0000] {logging_mixin.py:137} INFO - [2024-09-24T16:17:38.949+0000] {dag.py:3452} INFO - Setting next_dagrun for dataset_consumes_1 to None, run_after=None
[2024-09-24T16:17:38.952+0000] {logging_mixin.py:137} INFO - [2024-09-24T16:17:38.952+0000] {dag.py:3452} INFO - Setting next_dagrun for dataset_consumes_1_and_2 to None, run_after=None
[2024-09-24T16:17:38.953+0000] {logging_mixin.py:137} INFO - [2024-09-24T16:17:38.953+0000] {dag.py:3452} INFO - Setting next_dagrun for dataset_consumes_1_never_scheduled to None, run_after=None
[2024-09-24T16:17:38.954+0000] {logging_mixin.py:137} INFO - [2024-09-24T16:17:38.954+0000] {dag.py:3452} INFO - Setting next_dagrun for dataset_consumes_unknown_never_scheduled to None, run_after=None
[2024-09-24T16:17:38.955+0000] {logging_mixin.py:137} INFO - [2024-09-24T16:17:38.955+0000] {dag.py:3452} INFO - Setting next_dagrun for dataset_produces_1 to 2024-09-23T00:00:00+00:00, run_after=2024-09-24T00:00:00+00:00
[2024-09-24T16:17:38.958+0000] {logging_mixin.py:137} INFO - [2024-09-24T16:17:38.958+0000] {dag.py:3452} INFO - Setting next_dagrun for dataset_produces_2 to None, run_after=None
[2024-09-24T16:17:38.981+0000] {processor.py:175} INFO - Processing /usr/local/lib/python3.9/site-packages/airflow/example_dags/example_datasets.py took 0.137 seconds
[2024-09-24T16:18:09.465+0000] {processor.py:153} INFO - Started process (PID=2435) to work on /usr/local/lib/python3.9/site-packages/airflow/example_dags/example_datasets.py
[2024-09-24T16:18:09.466+0000] {processor.py:743} INFO - Processing file /usr/local/lib/python3.9/site-packages/airflow/example_dags/example_datasets.py for tasks to queue
[2024-09-24T16:18:09.468+0000] {logging_mixin.py:137} INFO - [2024-09-24T16:18:09.467+0000] {dagbag.py:532} INFO - Filling up the DagBag from /usr/local/lib/python3.9/site-packages/airflow/example_dags/example_datasets.py
[2024-09-24T16:18:09.551+0000] {processor.py:753} INFO - DAG(s) dict_keys(['dataset_consumes_1', 'dataset_consumes_unknown_never_scheduled', 'dataset_produces_1', 'dataset_consumes_1_and_2', 'dataset_produces_2', 'dataset_consumes_1_never_scheduled']) retrieved from /usr/local/lib/python3.9/site-packages/airflow/example_dags/example_datasets.py
[2024-09-24T16:18:09.569+0000] {logging_mixin.py:137} INFO - [2024-09-24T16:18:09.569+0000] {dag.py:2705} INFO - Sync 6 DAGs
[2024-09-24T16:18:09.578+0000] {logging_mixin.py:137} INFO - [2024-09-24T16:18:09.578+0000] {dag.py:3452} INFO - Setting next_dagrun for dataset_consumes_1 to None, run_after=None
[2024-09-24T16:18:09.582+0000] {logging_mixin.py:137} INFO - [2024-09-24T16:18:09.581+0000] {dag.py:3452} INFO - Setting next_dagrun for dataset_consumes_1_and_2 to None, run_after=None
[2024-09-24T16:18:09.583+0000] {logging_mixin.py:137} INFO - [2024-09-24T16:18:09.583+0000] {dag.py:3452} INFO - Setting next_dagrun for dataset_consumes_1_never_scheduled to None, run_after=None
[2024-09-24T16:18:09.585+0000] {logging_mixin.py:137} INFO - [2024-09-24T16:18:09.585+0000] {dag.py:3452} INFO - Setting next_dagrun for dataset_consumes_unknown_never_scheduled to None, run_after=None
[2024-09-24T16:18:09.587+0000] {logging_mixin.py:137} INFO - [2024-09-24T16:18:09.587+0000] {dag.py:3452} INFO - Setting next_dagrun for dataset_produces_1 to 2024-09-23T00:00:00+00:00, run_after=2024-09-24T00:00:00+00:00
[2024-09-24T16:18:09.589+0000] {logging_mixin.py:137} INFO - [2024-09-24T16:18:09.589+0000] {dag.py:3452} INFO - Setting next_dagrun for dataset_produces_2 to None, run_after=None
[2024-09-24T16:18:09.613+0000] {processor.py:175} INFO - Processing /usr/local/lib/python3.9/site-packages/airflow/example_dags/example_datasets.py took 0.149 seconds
[2024-09-24T17:55:51.757+0000] {processor.py:153} INFO - Started process (PID=325) to work on /usr/local/lib/python3.9/site-packages/airflow/example_dags/example_datasets.py
[2024-09-24T17:55:51.757+0000] {processor.py:743} INFO - Processing file /usr/local/lib/python3.9/site-packages/airflow/example_dags/example_datasets.py for tasks to queue
[2024-09-24T17:55:51.758+0000] {logging_mixin.py:137} INFO - [2024-09-24T17:55:51.758+0000] {dagbag.py:532} INFO - Filling up the DagBag from /usr/local/lib/python3.9/site-packages/airflow/example_dags/example_datasets.py
[2024-09-24T17:55:51.768+0000] {processor.py:753} INFO - DAG(s) dict_keys(['dataset_consumes_1_and_2', 'dataset_consumes_1', 'dataset_consumes_1_never_scheduled', 'dataset_produces_1', 'dataset_produces_2', 'dataset_consumes_unknown_never_scheduled']) retrieved from /usr/local/lib/python3.9/site-packages/airflow/example_dags/example_datasets.py
[2024-09-24T17:55:51.790+0000] {logging_mixin.py:137} INFO - [2024-09-24T17:55:51.790+0000] {dag.py:2705} INFO - Sync 6 DAGs
[2024-09-24T17:55:51.804+0000] {logging_mixin.py:137} INFO - [2024-09-24T17:55:51.804+0000] {dag.py:3452} INFO - Setting next_dagrun for dataset_consumes_1 to None, run_after=None
[2024-09-24T17:55:51.807+0000] {logging_mixin.py:137} INFO - [2024-09-24T17:55:51.807+0000] {dag.py:3452} INFO - Setting next_dagrun for dataset_consumes_1_and_2 to None, run_after=None
[2024-09-24T17:55:51.810+0000] {logging_mixin.py:137} INFO - [2024-09-24T17:55:51.810+0000] {dag.py:3452} INFO - Setting next_dagrun for dataset_consumes_1_never_scheduled to None, run_after=None
[2024-09-24T17:55:51.811+0000] {logging_mixin.py:137} INFO - [2024-09-24T17:55:51.811+0000] {dag.py:3452} INFO - Setting next_dagrun for dataset_consumes_unknown_never_scheduled to None, run_after=None
[2024-09-24T17:55:51.813+0000] {logging_mixin.py:137} INFO - [2024-09-24T17:55:51.813+0000] {dag.py:3452} INFO - Setting next_dagrun for dataset_produces_1 to 2024-09-23T00:00:00+00:00, run_after=2024-09-24T00:00:00+00:00
[2024-09-24T17:55:51.814+0000] {logging_mixin.py:137} INFO - [2024-09-24T17:55:51.814+0000] {dag.py:3452} INFO - Setting next_dagrun for dataset_produces_2 to None, run_after=None
[2024-09-24T17:55:51.835+0000] {processor.py:175} INFO - Processing /usr/local/lib/python3.9/site-packages/airflow/example_dags/example_datasets.py took 0.081 seconds
[2024-09-24T17:56:25.792+0000] {processor.py:153} INFO - Started process (PID=540) to work on /usr/local/lib/python3.9/site-packages/airflow/example_dags/example_datasets.py
[2024-09-24T17:56:25.796+0000] {processor.py:743} INFO - Processing file /usr/local/lib/python3.9/site-packages/airflow/example_dags/example_datasets.py for tasks to queue
[2024-09-24T17:56:25.797+0000] {logging_mixin.py:137} INFO - [2024-09-24T17:56:25.797+0000] {dagbag.py:532} INFO - Filling up the DagBag from /usr/local/lib/python3.9/site-packages/airflow/example_dags/example_datasets.py
[2024-09-24T17:56:25.827+0000] {processor.py:753} INFO - DAG(s) dict_keys(['dataset_consumes_1', 'dataset_consumes_1_never_scheduled', 'dataset_produces_2', 'dataset_produces_1', 'dataset_consumes_unknown_never_scheduled', 'dataset_consumes_1_and_2']) retrieved from /usr/local/lib/python3.9/site-packages/airflow/example_dags/example_datasets.py
[2024-09-24T17:56:25.983+0000] {logging_mixin.py:137} INFO - [2024-09-24T17:56:25.982+0000] {dag.py:2705} INFO - Sync 6 DAGs
[2024-09-24T17:56:26.015+0000] {logging_mixin.py:137} INFO - [2024-09-24T17:56:26.015+0000] {dag.py:3452} INFO - Setting next_dagrun for dataset_consumes_1 to None, run_after=None
[2024-09-24T17:56:26.034+0000] {logging_mixin.py:137} INFO - [2024-09-24T17:56:26.034+0000] {dag.py:3452} INFO - Setting next_dagrun for dataset_consumes_1_and_2 to None, run_after=None
[2024-09-24T17:56:26.047+0000] {logging_mixin.py:137} INFO - [2024-09-24T17:56:26.046+0000] {dag.py:3452} INFO - Setting next_dagrun for dataset_consumes_1_never_scheduled to None, run_after=None
[2024-09-24T17:56:26.053+0000] {logging_mixin.py:137} INFO - [2024-09-24T17:56:26.053+0000] {dag.py:3452} INFO - Setting next_dagrun for dataset_consumes_unknown_never_scheduled to None, run_after=None
[2024-09-24T17:56:26.063+0000] {logging_mixin.py:137} INFO - [2024-09-24T17:56:26.062+0000] {dag.py:3452} INFO - Setting next_dagrun for dataset_produces_1 to 2024-09-23T00:00:00+00:00, run_after=2024-09-24T00:00:00+00:00
[2024-09-24T17:56:26.070+0000] {logging_mixin.py:137} INFO - [2024-09-24T17:56:26.070+0000] {dag.py:3452} INFO - Setting next_dagrun for dataset_produces_2 to None, run_after=None
[2024-09-24T17:56:26.247+0000] {processor.py:175} INFO - Processing /usr/local/lib/python3.9/site-packages/airflow/example_dags/example_datasets.py took 0.457 seconds
[2024-09-24T18:44:46.901+0000] {processor.py:153} INFO - Started process (PID=330) to work on /usr/local/lib/python3.9/site-packages/airflow/example_dags/example_datasets.py
[2024-09-24T18:44:46.902+0000] {processor.py:743} INFO - Processing file /usr/local/lib/python3.9/site-packages/airflow/example_dags/example_datasets.py for tasks to queue
[2024-09-24T18:44:46.903+0000] {logging_mixin.py:137} INFO - [2024-09-24T18:44:46.903+0000] {dagbag.py:532} INFO - Filling up the DagBag from /usr/local/lib/python3.9/site-packages/airflow/example_dags/example_datasets.py
[2024-09-24T18:44:46.963+0000] {processor.py:753} INFO - DAG(s) dict_keys(['dataset_consumes_1', 'dataset_consumes_1_and_2', 'dataset_consumes_unknown_never_scheduled', 'dataset_produces_1', 'dataset_consumes_1_never_scheduled', 'dataset_produces_2']) retrieved from /usr/local/lib/python3.9/site-packages/airflow/example_dags/example_datasets.py
[2024-09-24T18:44:47.143+0000] {logging_mixin.py:137} INFO - [2024-09-24T18:44:47.143+0000] {manager.py:504} INFO - Created Permission View: can read on DAG:dataset_consumes_1
[2024-09-24T18:44:47.148+0000] {logging_mixin.py:137} INFO - [2024-09-24T18:44:47.148+0000] {manager.py:504} INFO - Created Permission View: can edit on DAG:dataset_consumes_1
[2024-09-24T18:44:47.152+0000] {logging_mixin.py:137} INFO - [2024-09-24T18:44:47.152+0000] {manager.py:504} INFO - Created Permission View: can delete on DAG:dataset_consumes_1
[2024-09-24T18:44:47.164+0000] {logging_mixin.py:137} INFO - [2024-09-24T18:44:47.164+0000] {manager.py:504} INFO - Created Permission View: can read on DAG:dataset_consumes_1_and_2
[2024-09-24T18:44:47.170+0000] {logging_mixin.py:137} INFO - [2024-09-24T18:44:47.170+0000] {manager.py:504} INFO - Created Permission View: can edit on DAG:dataset_consumes_1_and_2
[2024-09-24T18:44:47.174+0000] {logging_mixin.py:137} INFO - [2024-09-24T18:44:47.174+0000] {manager.py:504} INFO - Created Permission View: can delete on DAG:dataset_consumes_1_and_2
[2024-09-24T18:44:47.183+0000] {logging_mixin.py:137} INFO - [2024-09-24T18:44:47.183+0000] {manager.py:504} INFO - Created Permission View: can read on DAG:dataset_consumes_unknown_never_scheduled
[2024-09-24T18:44:47.187+0000] {logging_mixin.py:137} INFO - [2024-09-24T18:44:47.187+0000] {manager.py:504} INFO - Created Permission View: can edit on DAG:dataset_consumes_unknown_never_scheduled
[2024-09-24T18:44:47.193+0000] {logging_mixin.py:137} INFO - [2024-09-24T18:44:47.193+0000] {manager.py:504} INFO - Created Permission View: can delete on DAG:dataset_consumes_unknown_never_scheduled
[2024-09-24T18:44:47.204+0000] {logging_mixin.py:137} INFO - [2024-09-24T18:44:47.204+0000] {manager.py:504} INFO - Created Permission View: can read on DAG:dataset_produces_1
[2024-09-24T18:44:47.212+0000] {logging_mixin.py:137} INFO - [2024-09-24T18:44:47.212+0000] {manager.py:504} INFO - Created Permission View: can edit on DAG:dataset_produces_1
[2024-09-24T18:44:47.218+0000] {logging_mixin.py:137} INFO - [2024-09-24T18:44:47.218+0000] {manager.py:504} INFO - Created Permission View: can delete on DAG:dataset_produces_1
[2024-09-24T18:44:47.230+0000] {logging_mixin.py:137} INFO - [2024-09-24T18:44:47.230+0000] {manager.py:504} INFO - Created Permission View: can read on DAG:dataset_consumes_1_never_scheduled
[2024-09-24T18:44:47.238+0000] {logging_mixin.py:137} INFO - [2024-09-24T18:44:47.238+0000] {manager.py:504} INFO - Created Permission View: can edit on DAG:dataset_consumes_1_never_scheduled
[2024-09-24T18:44:47.241+0000] {logging_mixin.py:137} INFO - [2024-09-24T18:44:47.241+0000] {manager.py:504} INFO - Created Permission View: can delete on DAG:dataset_consumes_1_never_scheduled
[2024-09-24T18:44:47.252+0000] {logging_mixin.py:137} INFO - [2024-09-24T18:44:47.251+0000] {manager.py:504} INFO - Created Permission View: can read on DAG:dataset_produces_2
[2024-09-24T18:44:47.255+0000] {logging_mixin.py:137} INFO - [2024-09-24T18:44:47.255+0000] {manager.py:504} INFO - Created Permission View: can edit on DAG:dataset_produces_2
[2024-09-24T18:44:47.258+0000] {logging_mixin.py:137} INFO - [2024-09-24T18:44:47.258+0000] {manager.py:504} INFO - Created Permission View: can delete on DAG:dataset_produces_2
[2024-09-24T18:44:47.259+0000] {logging_mixin.py:137} INFO - [2024-09-24T18:44:47.259+0000] {dag.py:2705} INFO - Sync 6 DAGs
[2024-09-24T18:44:47.264+0000] {logging_mixin.py:137} INFO - [2024-09-24T18:44:47.264+0000] {dag.py:2726} INFO - Creating ORM DAG for dataset_consumes_1_and_2
[2024-09-24T18:44:47.264+0000] {logging_mixin.py:137} INFO - [2024-09-24T18:44:47.264+0000] {dag.py:2726} INFO - Creating ORM DAG for dataset_consumes_1_never_scheduled
[2024-09-24T18:44:47.265+0000] {logging_mixin.py:137} INFO - [2024-09-24T18:44:47.265+0000] {dag.py:2726} INFO - Creating ORM DAG for dataset_produces_2
[2024-09-24T18:44:47.265+0000] {logging_mixin.py:137} INFO - [2024-09-24T18:44:47.265+0000] {dag.py:2726} INFO - Creating ORM DAG for dataset_produces_1
[2024-09-24T18:44:47.265+0000] {logging_mixin.py:137} INFO - [2024-09-24T18:44:47.265+0000] {dag.py:2726} INFO - Creating ORM DAG for dataset_consumes_1
[2024-09-24T18:44:47.266+0000] {logging_mixin.py:137} INFO - [2024-09-24T18:44:47.266+0000] {dag.py:2726} INFO - Creating ORM DAG for dataset_consumes_unknown_never_scheduled
[2024-09-24T18:44:47.273+0000] {logging_mixin.py:137} INFO - [2024-09-24T18:44:47.273+0000] {dag.py:3452} INFO - Setting next_dagrun for dataset_consumes_1 to None, run_after=None
[2024-09-24T18:44:47.274+0000] {logging_mixin.py:137} INFO - [2024-09-24T18:44:47.274+0000] {dag.py:3452} INFO - Setting next_dagrun for dataset_consumes_1_and_2 to None, run_after=None
[2024-09-24T18:44:47.275+0000] {logging_mixin.py:137} INFO - [2024-09-24T18:44:47.274+0000] {dag.py:3452} INFO - Setting next_dagrun for dataset_consumes_1_never_scheduled to None, run_after=None
[2024-09-24T18:44:47.276+0000] {logging_mixin.py:137} INFO - [2024-09-24T18:44:47.275+0000] {dag.py:3452} INFO - Setting next_dagrun for dataset_consumes_unknown_never_scheduled to None, run_after=None
[2024-09-24T18:44:47.277+0000] {logging_mixin.py:137} INFO - [2024-09-24T18:44:47.277+0000] {dag.py:3452} INFO - Setting next_dagrun for dataset_produces_1 to 2024-09-23T00:00:00+00:00, run_after=2024-09-24T00:00:00+00:00
[2024-09-24T18:44:47.278+0000] {logging_mixin.py:137} INFO - [2024-09-24T18:44:47.277+0000] {dag.py:3452} INFO - Setting next_dagrun for dataset_produces_2 to None, run_after=None
[2024-09-24T18:44:47.316+0000] {processor.py:175} INFO - Processing /usr/local/lib/python3.9/site-packages/airflow/example_dags/example_datasets.py took 0.419 seconds
[2024-09-24T18:45:18.153+0000] {processor.py:153} INFO - Started process (PID=544) to work on /usr/local/lib/python3.9/site-packages/airflow/example_dags/example_datasets.py
[2024-09-24T18:45:18.158+0000] {processor.py:743} INFO - Processing file /usr/local/lib/python3.9/site-packages/airflow/example_dags/example_datasets.py for tasks to queue
[2024-09-24T18:45:18.158+0000] {logging_mixin.py:137} INFO - [2024-09-24T18:45:18.158+0000] {dagbag.py:532} INFO - Filling up the DagBag from /usr/local/lib/python3.9/site-packages/airflow/example_dags/example_datasets.py
[2024-09-24T18:45:18.171+0000] {processor.py:753} INFO - DAG(s) dict_keys(['dataset_produces_1', 'dataset_produces_2', 'dataset_consumes_1_and_2', 'dataset_consumes_1_never_scheduled', 'dataset_consumes_unknown_never_scheduled', 'dataset_consumes_1']) retrieved from /usr/local/lib/python3.9/site-packages/airflow/example_dags/example_datasets.py
[2024-09-24T18:45:18.210+0000] {logging_mixin.py:137} INFO - [2024-09-24T18:45:18.210+0000] {dag.py:2705} INFO - Sync 6 DAGs
[2024-09-24T18:45:18.223+0000] {logging_mixin.py:137} INFO - [2024-09-24T18:45:18.223+0000] {dag.py:3452} INFO - Setting next_dagrun for dataset_consumes_1 to None, run_after=None
[2024-09-24T18:45:18.225+0000] {logging_mixin.py:137} INFO - [2024-09-24T18:45:18.225+0000] {dag.py:3452} INFO - Setting next_dagrun for dataset_consumes_1_and_2 to None, run_after=None
[2024-09-24T18:45:18.226+0000] {logging_mixin.py:137} INFO - [2024-09-24T18:45:18.226+0000] {dag.py:3452} INFO - Setting next_dagrun for dataset_consumes_1_never_scheduled to None, run_after=None
[2024-09-24T18:45:18.226+0000] {logging_mixin.py:137} INFO - [2024-09-24T18:45:18.226+0000] {dag.py:3452} INFO - Setting next_dagrun for dataset_consumes_unknown_never_scheduled to None, run_after=None
[2024-09-24T18:45:18.228+0000] {logging_mixin.py:137} INFO - [2024-09-24T18:45:18.228+0000] {dag.py:3452} INFO - Setting next_dagrun for dataset_produces_1 to 2024-09-23T00:00:00+00:00, run_after=2024-09-24T00:00:00+00:00
[2024-09-24T18:45:18.229+0000] {logging_mixin.py:137} INFO - [2024-09-24T18:45:18.229+0000] {dag.py:3452} INFO - Setting next_dagrun for dataset_produces_2 to None, run_after=None
[2024-09-24T18:45:18.247+0000] {processor.py:175} INFO - Processing /usr/local/lib/python3.9/site-packages/airflow/example_dags/example_datasets.py took 0.096 seconds
[2024-09-24T18:45:49.115+0000] {processor.py:153} INFO - Started process (PID=755) to work on /usr/local/lib/python3.9/site-packages/airflow/example_dags/example_datasets.py
[2024-09-24T18:45:49.118+0000] {processor.py:743} INFO - Processing file /usr/local/lib/python3.9/site-packages/airflow/example_dags/example_datasets.py for tasks to queue
[2024-09-24T18:45:49.121+0000] {logging_mixin.py:137} INFO - [2024-09-24T18:45:49.121+0000] {dagbag.py:532} INFO - Filling up the DagBag from /usr/local/lib/python3.9/site-packages/airflow/example_dags/example_datasets.py
[2024-09-24T18:45:49.214+0000] {processor.py:753} INFO - DAG(s) dict_keys(['dataset_produces_1', 'dataset_consumes_1', 'dataset_produces_2', 'dataset_consumes_1_and_2', 'dataset_consumes_unknown_never_scheduled', 'dataset_consumes_1_never_scheduled']) retrieved from /usr/local/lib/python3.9/site-packages/airflow/example_dags/example_datasets.py
[2024-09-24T18:45:49.479+0000] {logging_mixin.py:137} INFO - [2024-09-24T18:45:49.477+0000] {dag.py:2705} INFO - Sync 6 DAGs
[2024-09-24T18:45:49.573+0000] {logging_mixin.py:137} INFO - [2024-09-24T18:45:49.573+0000] {dag.py:3452} INFO - Setting next_dagrun for dataset_consumes_1 to None, run_after=None
[2024-09-24T18:45:49.592+0000] {logging_mixin.py:137} INFO - [2024-09-24T18:45:49.592+0000] {dag.py:3452} INFO - Setting next_dagrun for dataset_consumes_1_and_2 to None, run_after=None
[2024-09-24T18:45:49.594+0000] {logging_mixin.py:137} INFO - [2024-09-24T18:45:49.594+0000] {dag.py:3452} INFO - Setting next_dagrun for dataset_consumes_1_never_scheduled to None, run_after=None
[2024-09-24T18:45:49.595+0000] {logging_mixin.py:137} INFO - [2024-09-24T18:45:49.595+0000] {dag.py:3452} INFO - Setting next_dagrun for dataset_consumes_unknown_never_scheduled to None, run_after=None
[2024-09-24T18:45:49.600+0000] {logging_mixin.py:137} INFO - [2024-09-24T18:45:49.600+0000] {dag.py:3452} INFO - Setting next_dagrun for dataset_produces_1 to 2024-09-23T00:00:00+00:00, run_after=2024-09-24T00:00:00+00:00
[2024-09-24T18:45:49.604+0000] {logging_mixin.py:137} INFO - [2024-09-24T18:45:49.604+0000] {dag.py:3452} INFO - Setting next_dagrun for dataset_produces_2 to None, run_after=None
[2024-09-24T18:45:49.678+0000] {processor.py:175} INFO - Processing /usr/local/lib/python3.9/site-packages/airflow/example_dags/example_datasets.py took 0.576 seconds
[2024-09-24T18:46:19.840+0000] {processor.py:153} INFO - Started process (PID=964) to work on /usr/local/lib/python3.9/site-packages/airflow/example_dags/example_datasets.py
[2024-09-24T18:46:19.841+0000] {processor.py:743} INFO - Processing file /usr/local/lib/python3.9/site-packages/airflow/example_dags/example_datasets.py for tasks to queue
[2024-09-24T18:46:19.842+0000] {logging_mixin.py:137} INFO - [2024-09-24T18:46:19.842+0000] {dagbag.py:532} INFO - Filling up the DagBag from /usr/local/lib/python3.9/site-packages/airflow/example_dags/example_datasets.py
[2024-09-24T18:46:19.861+0000] {processor.py:753} INFO - DAG(s) dict_keys(['dataset_consumes_1', 'dataset_produces_2', 'dataset_consumes_unknown_never_scheduled', 'dataset_consumes_1_and_2', 'dataset_consumes_1_never_scheduled', 'dataset_produces_1']) retrieved from /usr/local/lib/python3.9/site-packages/airflow/example_dags/example_datasets.py
[2024-09-24T18:46:19.889+0000] {logging_mixin.py:137} INFO - [2024-09-24T18:46:19.889+0000] {dag.py:2705} INFO - Sync 6 DAGs
[2024-09-24T18:46:19.903+0000] {logging_mixin.py:137} INFO - [2024-09-24T18:46:19.903+0000] {dag.py:3452} INFO - Setting next_dagrun for dataset_consumes_1 to None, run_after=None
[2024-09-24T18:46:19.904+0000] {logging_mixin.py:137} INFO - [2024-09-24T18:46:19.904+0000] {dag.py:3452} INFO - Setting next_dagrun for dataset_consumes_1_and_2 to None, run_after=None
[2024-09-24T18:46:19.905+0000] {logging_mixin.py:137} INFO - [2024-09-24T18:46:19.905+0000] {dag.py:3452} INFO - Setting next_dagrun for dataset_consumes_1_never_scheduled to None, run_after=None
[2024-09-24T18:46:19.905+0000] {logging_mixin.py:137} INFO - [2024-09-24T18:46:19.905+0000] {dag.py:3452} INFO - Setting next_dagrun for dataset_consumes_unknown_never_scheduled to None, run_after=None
[2024-09-24T18:46:19.907+0000] {logging_mixin.py:137} INFO - [2024-09-24T18:46:19.907+0000] {dag.py:3452} INFO - Setting next_dagrun for dataset_produces_1 to 2024-09-23T00:00:00+00:00, run_after=2024-09-24T00:00:00+00:00
[2024-09-24T18:46:19.907+0000] {logging_mixin.py:137} INFO - [2024-09-24T18:46:19.907+0000] {dag.py:3452} INFO - Setting next_dagrun for dataset_produces_2 to None, run_after=None
[2024-09-24T18:46:19.923+0000] {processor.py:175} INFO - Processing /usr/local/lib/python3.9/site-packages/airflow/example_dags/example_datasets.py took 0.086 seconds
[2024-09-24T18:46:53.089+0000] {processor.py:153} INFO - Started process (PID=1173) to work on /usr/local/lib/python3.9/site-packages/airflow/example_dags/example_datasets.py
[2024-09-24T18:46:53.093+0000] {processor.py:743} INFO - Processing file /usr/local/lib/python3.9/site-packages/airflow/example_dags/example_datasets.py for tasks to queue
[2024-09-24T18:46:53.098+0000] {logging_mixin.py:137} INFO - [2024-09-24T18:46:53.098+0000] {dagbag.py:532} INFO - Filling up the DagBag from /usr/local/lib/python3.9/site-packages/airflow/example_dags/example_datasets.py
[2024-09-24T18:46:53.128+0000] {processor.py:753} INFO - DAG(s) dict_keys(['dataset_consumes_unknown_never_scheduled', 'dataset_produces_1', 'dataset_consumes_1_never_scheduled', 'dataset_consumes_1', 'dataset_produces_2', 'dataset_consumes_1_and_2']) retrieved from /usr/local/lib/python3.9/site-packages/airflow/example_dags/example_datasets.py
[2024-09-24T18:46:53.187+0000] {logging_mixin.py:137} INFO - [2024-09-24T18:46:53.187+0000] {dag.py:2705} INFO - Sync 6 DAGs
[2024-09-24T18:46:53.234+0000] {logging_mixin.py:137} INFO - [2024-09-24T18:46:53.234+0000] {dag.py:3452} INFO - Setting next_dagrun for dataset_consumes_1 to None, run_after=None
[2024-09-24T18:46:53.243+0000] {logging_mixin.py:137} INFO - [2024-09-24T18:46:53.243+0000] {dag.py:3452} INFO - Setting next_dagrun for dataset_consumes_1_and_2 to None, run_after=None
[2024-09-24T18:46:53.246+0000] {logging_mixin.py:137} INFO - [2024-09-24T18:46:53.246+0000] {dag.py:3452} INFO - Setting next_dagrun for dataset_consumes_1_never_scheduled to None, run_after=None
[2024-09-24T18:46:53.248+0000] {logging_mixin.py:137} INFO - [2024-09-24T18:46:53.248+0000] {dag.py:3452} INFO - Setting next_dagrun for dataset_consumes_unknown_never_scheduled to None, run_after=None
[2024-09-24T18:46:53.253+0000] {logging_mixin.py:137} INFO - [2024-09-24T18:46:53.252+0000] {dag.py:3452} INFO - Setting next_dagrun for dataset_produces_1 to 2024-09-23T00:00:00+00:00, run_after=2024-09-24T00:00:00+00:00
[2024-09-24T18:46:53.254+0000] {logging_mixin.py:137} INFO - [2024-09-24T18:46:53.254+0000] {dag.py:3452} INFO - Setting next_dagrun for dataset_produces_2 to None, run_after=None
[2024-09-24T18:46:53.315+0000] {processor.py:175} INFO - Processing /usr/local/lib/python3.9/site-packages/airflow/example_dags/example_datasets.py took 0.231 seconds
[2024-09-24T18:47:26.338+0000] {processor.py:153} INFO - Started process (PID=1384) to work on /usr/local/lib/python3.9/site-packages/airflow/example_dags/example_datasets.py
[2024-09-24T18:47:26.340+0000] {processor.py:743} INFO - Processing file /usr/local/lib/python3.9/site-packages/airflow/example_dags/example_datasets.py for tasks to queue
[2024-09-24T18:47:26.341+0000] {logging_mixin.py:137} INFO - [2024-09-24T18:47:26.341+0000] {dagbag.py:532} INFO - Filling up the DagBag from /usr/local/lib/python3.9/site-packages/airflow/example_dags/example_datasets.py
[2024-09-24T18:47:26.357+0000] {processor.py:753} INFO - DAG(s) dict_keys(['dataset_consumes_1_never_scheduled', 'dataset_consumes_1_and_2', 'dataset_consumes_unknown_never_scheduled', 'dataset_produces_2', 'dataset_consumes_1', 'dataset_produces_1']) retrieved from /usr/local/lib/python3.9/site-packages/airflow/example_dags/example_datasets.py
[2024-09-24T18:47:26.407+0000] {logging_mixin.py:137} INFO - [2024-09-24T18:47:26.407+0000] {dag.py:2705} INFO - Sync 6 DAGs
[2024-09-24T18:47:26.439+0000] {logging_mixin.py:137} INFO - [2024-09-24T18:47:26.438+0000] {dag.py:3452} INFO - Setting next_dagrun for dataset_consumes_1 to None, run_after=None
[2024-09-24T18:47:26.444+0000] {logging_mixin.py:137} INFO - [2024-09-24T18:47:26.443+0000] {dag.py:3452} INFO - Setting next_dagrun for dataset_consumes_1_and_2 to None, run_after=None
[2024-09-24T18:47:26.449+0000] {logging_mixin.py:137} INFO - [2024-09-24T18:47:26.448+0000] {dag.py:3452} INFO - Setting next_dagrun for dataset_consumes_1_never_scheduled to None, run_after=None
[2024-09-24T18:47:26.453+0000] {logging_mixin.py:137} INFO - [2024-09-24T18:47:26.453+0000] {dag.py:3452} INFO - Setting next_dagrun for dataset_consumes_unknown_never_scheduled to None, run_after=None
[2024-09-24T18:47:26.457+0000] {logging_mixin.py:137} INFO - [2024-09-24T18:47:26.457+0000] {dag.py:3452} INFO - Setting next_dagrun for dataset_produces_1 to 2024-09-23T00:00:00+00:00, run_after=2024-09-24T00:00:00+00:00
[2024-09-24T18:47:26.458+0000] {logging_mixin.py:137} INFO - [2024-09-24T18:47:26.458+0000] {dag.py:3452} INFO - Setting next_dagrun for dataset_produces_2 to None, run_after=None
[2024-09-24T18:47:26.519+0000] {processor.py:175} INFO - Processing /usr/local/lib/python3.9/site-packages/airflow/example_dags/example_datasets.py took 0.186 seconds
[2024-09-24T18:47:57.095+0000] {processor.py:153} INFO - Started process (PID=1588) to work on /usr/local/lib/python3.9/site-packages/airflow/example_dags/example_datasets.py
[2024-09-24T18:47:57.097+0000] {processor.py:743} INFO - Processing file /usr/local/lib/python3.9/site-packages/airflow/example_dags/example_datasets.py for tasks to queue
[2024-09-24T18:47:57.101+0000] {logging_mixin.py:137} INFO - [2024-09-24T18:47:57.101+0000] {dagbag.py:532} INFO - Filling up the DagBag from /usr/local/lib/python3.9/site-packages/airflow/example_dags/example_datasets.py
[2024-09-24T18:47:57.115+0000] {processor.py:753} INFO - DAG(s) dict_keys(['dataset_consumes_1_never_scheduled', 'dataset_consumes_unknown_never_scheduled', 'dataset_produces_2', 'dataset_consumes_1_and_2', 'dataset_produces_1', 'dataset_consumes_1']) retrieved from /usr/local/lib/python3.9/site-packages/airflow/example_dags/example_datasets.py
[2024-09-24T18:47:57.146+0000] {logging_mixin.py:137} INFO - [2024-09-24T18:47:57.146+0000] {dag.py:2705} INFO - Sync 6 DAGs
[2024-09-24T18:47:57.161+0000] {logging_mixin.py:137} INFO - [2024-09-24T18:47:57.161+0000] {dag.py:3452} INFO - Setting next_dagrun for dataset_consumes_1 to None, run_after=None
[2024-09-24T18:47:57.163+0000] {logging_mixin.py:137} INFO - [2024-09-24T18:47:57.163+0000] {dag.py:3452} INFO - Setting next_dagrun for dataset_consumes_1_and_2 to None, run_after=None
[2024-09-24T18:47:57.164+0000] {logging_mixin.py:137} INFO - [2024-09-24T18:47:57.164+0000] {dag.py:3452} INFO - Setting next_dagrun for dataset_consumes_1_never_scheduled to None, run_after=None
[2024-09-24T18:47:57.166+0000] {logging_mixin.py:137} INFO - [2024-09-24T18:47:57.166+0000] {dag.py:3452} INFO - Setting next_dagrun for dataset_consumes_unknown_never_scheduled to None, run_after=None
[2024-09-24T18:47:57.167+0000] {logging_mixin.py:137} INFO - [2024-09-24T18:47:57.167+0000] {dag.py:3452} INFO - Setting next_dagrun for dataset_produces_1 to 2024-09-23T00:00:00+00:00, run_after=2024-09-24T00:00:00+00:00
[2024-09-24T18:47:57.168+0000] {logging_mixin.py:137} INFO - [2024-09-24T18:47:57.168+0000] {dag.py:3452} INFO - Setting next_dagrun for dataset_produces_2 to None, run_after=None
[2024-09-24T18:47:57.208+0000] {processor.py:175} INFO - Processing /usr/local/lib/python3.9/site-packages/airflow/example_dags/example_datasets.py took 0.116 seconds
[2024-09-24T18:48:30.835+0000] {processor.py:153} INFO - Started process (PID=1800) to work on /usr/local/lib/python3.9/site-packages/airflow/example_dags/example_datasets.py
[2024-09-24T18:48:30.841+0000] {processor.py:743} INFO - Processing file /usr/local/lib/python3.9/site-packages/airflow/example_dags/example_datasets.py for tasks to queue
[2024-09-24T18:48:30.842+0000] {logging_mixin.py:137} INFO - [2024-09-24T18:48:30.841+0000] {dagbag.py:532} INFO - Filling up the DagBag from /usr/local/lib/python3.9/site-packages/airflow/example_dags/example_datasets.py
[2024-09-24T18:48:30.853+0000] {processor.py:753} INFO - DAG(s) dict_keys(['dataset_consumes_unknown_never_scheduled', 'dataset_produces_1', 'dataset_consumes_1', 'dataset_produces_2', 'dataset_consumes_1_and_2', 'dataset_consumes_1_never_scheduled']) retrieved from /usr/local/lib/python3.9/site-packages/airflow/example_dags/example_datasets.py
[2024-09-24T18:48:30.878+0000] {logging_mixin.py:137} INFO - [2024-09-24T18:48:30.878+0000] {dag.py:2705} INFO - Sync 6 DAGs
[2024-09-24T18:48:30.888+0000] {logging_mixin.py:137} INFO - [2024-09-24T18:48:30.888+0000] {dag.py:3452} INFO - Setting next_dagrun for dataset_consumes_1 to None, run_after=None
[2024-09-24T18:48:30.890+0000] {logging_mixin.py:137} INFO - [2024-09-24T18:48:30.890+0000] {dag.py:3452} INFO - Setting next_dagrun for dataset_consumes_1_and_2 to None, run_after=None
[2024-09-24T18:48:30.890+0000] {logging_mixin.py:137} INFO - [2024-09-24T18:48:30.890+0000] {dag.py:3452} INFO - Setting next_dagrun for dataset_consumes_1_never_scheduled to None, run_after=None
[2024-09-24T18:48:30.891+0000] {logging_mixin.py:137} INFO - [2024-09-24T18:48:30.891+0000] {dag.py:3452} INFO - Setting next_dagrun for dataset_consumes_unknown_never_scheduled to None, run_after=None
[2024-09-24T18:48:30.892+0000] {logging_mixin.py:137} INFO - [2024-09-24T18:48:30.892+0000] {dag.py:3452} INFO - Setting next_dagrun for dataset_produces_1 to 2024-09-23T00:00:00+00:00, run_after=2024-09-24T00:00:00+00:00
[2024-09-24T18:48:30.893+0000] {logging_mixin.py:137} INFO - [2024-09-24T18:48:30.893+0000] {dag.py:3452} INFO - Setting next_dagrun for dataset_produces_2 to None, run_after=None
[2024-09-24T18:48:30.963+0000] {processor.py:175} INFO - Processing /usr/local/lib/python3.9/site-packages/airflow/example_dags/example_datasets.py took 0.130 seconds
[2024-09-24T18:49:02.541+0000] {processor.py:153} INFO - Started process (PID=2016) to work on /usr/local/lib/python3.9/site-packages/airflow/example_dags/example_datasets.py
[2024-09-24T18:49:02.541+0000] {processor.py:743} INFO - Processing file /usr/local/lib/python3.9/site-packages/airflow/example_dags/example_datasets.py for tasks to queue
[2024-09-24T18:49:02.541+0000] {logging_mixin.py:137} INFO - [2024-09-24T18:49:02.541+0000] {dagbag.py:532} INFO - Filling up the DagBag from /usr/local/lib/python3.9/site-packages/airflow/example_dags/example_datasets.py
[2024-09-24T18:49:02.568+0000] {processor.py:753} INFO - DAG(s) dict_keys(['dataset_consumes_1_and_2', 'dataset_consumes_1', 'dataset_consumes_1_never_scheduled', 'dataset_produces_2', 'dataset_produces_1', 'dataset_consumes_unknown_never_scheduled']) retrieved from /usr/local/lib/python3.9/site-packages/airflow/example_dags/example_datasets.py
[2024-09-24T18:49:02.594+0000] {logging_mixin.py:137} INFO - [2024-09-24T18:49:02.594+0000] {dag.py:2705} INFO - Sync 6 DAGs
[2024-09-24T18:49:02.675+0000] {logging_mixin.py:137} INFO - [2024-09-24T18:49:02.675+0000] {dag.py:3452} INFO - Setting next_dagrun for dataset_consumes_1 to None, run_after=None
[2024-09-24T18:49:02.677+0000] {logging_mixin.py:137} INFO - [2024-09-24T18:49:02.677+0000] {dag.py:3452} INFO - Setting next_dagrun for dataset_consumes_1_and_2 to None, run_after=None
[2024-09-24T18:49:02.677+0000] {logging_mixin.py:137} INFO - [2024-09-24T18:49:02.677+0000] {dag.py:3452} INFO - Setting next_dagrun for dataset_consumes_1_never_scheduled to None, run_after=None
[2024-09-24T18:49:02.678+0000] {logging_mixin.py:137} INFO - [2024-09-24T18:49:02.678+0000] {dag.py:3452} INFO - Setting next_dagrun for dataset_consumes_unknown_never_scheduled to None, run_after=None
[2024-09-24T18:49:02.679+0000] {logging_mixin.py:137} INFO - [2024-09-24T18:49:02.679+0000] {dag.py:3452} INFO - Setting next_dagrun for dataset_produces_1 to 2024-09-23T00:00:00+00:00, run_after=2024-09-24T00:00:00+00:00
[2024-09-24T18:49:02.680+0000] {logging_mixin.py:137} INFO - [2024-09-24T18:49:02.680+0000] {dag.py:3452} INFO - Setting next_dagrun for dataset_produces_2 to None, run_after=None
[2024-09-24T18:49:02.696+0000] {processor.py:175} INFO - Processing /usr/local/lib/python3.9/site-packages/airflow/example_dags/example_datasets.py took 0.157 seconds
[2024-09-24T18:49:32.760+0000] {processor.py:153} INFO - Started process (PID=2222) to work on /usr/local/lib/python3.9/site-packages/airflow/example_dags/example_datasets.py
[2024-09-24T18:49:32.761+0000] {processor.py:743} INFO - Processing file /usr/local/lib/python3.9/site-packages/airflow/example_dags/example_datasets.py for tasks to queue
[2024-09-24T18:49:32.762+0000] {logging_mixin.py:137} INFO - [2024-09-24T18:49:32.762+0000] {dagbag.py:532} INFO - Filling up the DagBag from /usr/local/lib/python3.9/site-packages/airflow/example_dags/example_datasets.py
[2024-09-24T18:49:32.769+0000] {processor.py:753} INFO - DAG(s) dict_keys(['dataset_consumes_1_never_scheduled', 'dataset_produces_1', 'dataset_consumes_1', 'dataset_produces_2', 'dataset_consumes_unknown_never_scheduled', 'dataset_consumes_1_and_2']) retrieved from /usr/local/lib/python3.9/site-packages/airflow/example_dags/example_datasets.py
[2024-09-24T18:49:32.831+0000] {logging_mixin.py:137} INFO - [2024-09-24T18:49:32.831+0000] {dag.py:2705} INFO - Sync 6 DAGs
[2024-09-24T18:49:32.839+0000] {logging_mixin.py:137} INFO - [2024-09-24T18:49:32.839+0000] {dag.py:3452} INFO - Setting next_dagrun for dataset_consumes_1 to None, run_after=None
[2024-09-24T18:49:32.841+0000] {logging_mixin.py:137} INFO - [2024-09-24T18:49:32.841+0000] {dag.py:3452} INFO - Setting next_dagrun for dataset_consumes_1_and_2 to None, run_after=None
[2024-09-24T18:49:32.841+0000] {logging_mixin.py:137} INFO - [2024-09-24T18:49:32.841+0000] {dag.py:3452} INFO - Setting next_dagrun for dataset_consumes_1_never_scheduled to None, run_after=None
[2024-09-24T18:49:32.842+0000] {logging_mixin.py:137} INFO - [2024-09-24T18:49:32.841+0000] {dag.py:3452} INFO - Setting next_dagrun for dataset_consumes_unknown_never_scheduled to None, run_after=None
[2024-09-24T18:49:32.843+0000] {logging_mixin.py:137} INFO - [2024-09-24T18:49:32.843+0000] {dag.py:3452} INFO - Setting next_dagrun for dataset_produces_1 to 2024-09-23T00:00:00+00:00, run_after=2024-09-24T00:00:00+00:00
[2024-09-24T18:49:32.843+0000] {logging_mixin.py:137} INFO - [2024-09-24T18:49:32.843+0000] {dag.py:3452} INFO - Setting next_dagrun for dataset_produces_2 to None, run_after=None
[2024-09-24T18:49:32.853+0000] {processor.py:175} INFO - Processing /usr/local/lib/python3.9/site-packages/airflow/example_dags/example_datasets.py took 0.094 seconds
[2024-09-24T18:50:03.301+0000] {processor.py:153} INFO - Started process (PID=2432) to work on /usr/local/lib/python3.9/site-packages/airflow/example_dags/example_datasets.py
[2024-09-24T18:50:03.303+0000] {processor.py:743} INFO - Processing file /usr/local/lib/python3.9/site-packages/airflow/example_dags/example_datasets.py for tasks to queue
[2024-09-24T18:50:03.304+0000] {logging_mixin.py:137} INFO - [2024-09-24T18:50:03.304+0000] {dagbag.py:532} INFO - Filling up the DagBag from /usr/local/lib/python3.9/site-packages/airflow/example_dags/example_datasets.py
[2024-09-24T18:50:03.362+0000] {processor.py:753} INFO - DAG(s) dict_keys(['dataset_consumes_1', 'dataset_consumes_1_never_scheduled', 'dataset_consumes_unknown_never_scheduled', 'dataset_produces_2', 'dataset_consumes_1_and_2', 'dataset_produces_1']) retrieved from /usr/local/lib/python3.9/site-packages/airflow/example_dags/example_datasets.py
[2024-09-24T18:50:03.376+0000] {logging_mixin.py:137} INFO - [2024-09-24T18:50:03.376+0000] {dag.py:2705} INFO - Sync 6 DAGs
[2024-09-24T18:50:03.385+0000] {logging_mixin.py:137} INFO - [2024-09-24T18:50:03.385+0000] {dag.py:3452} INFO - Setting next_dagrun for dataset_consumes_1 to None, run_after=None
[2024-09-24T18:50:03.388+0000] {logging_mixin.py:137} INFO - [2024-09-24T18:50:03.388+0000] {dag.py:3452} INFO - Setting next_dagrun for dataset_consumes_1_and_2 to None, run_after=None
[2024-09-24T18:50:03.389+0000] {logging_mixin.py:137} INFO - [2024-09-24T18:50:03.389+0000] {dag.py:3452} INFO - Setting next_dagrun for dataset_consumes_1_never_scheduled to None, run_after=None
[2024-09-24T18:50:03.390+0000] {logging_mixin.py:137} INFO - [2024-09-24T18:50:03.390+0000] {dag.py:3452} INFO - Setting next_dagrun for dataset_consumes_unknown_never_scheduled to None, run_after=None
[2024-09-24T18:50:03.392+0000] {logging_mixin.py:137} INFO - [2024-09-24T18:50:03.392+0000] {dag.py:3452} INFO - Setting next_dagrun for dataset_produces_1 to 2024-09-23T00:00:00+00:00, run_after=2024-09-24T00:00:00+00:00
[2024-09-24T18:50:03.393+0000] {logging_mixin.py:137} INFO - [2024-09-24T18:50:03.393+0000] {dag.py:3452} INFO - Setting next_dagrun for dataset_produces_2 to None, run_after=None
[2024-09-24T18:50:03.404+0000] {processor.py:175} INFO - Processing /usr/local/lib/python3.9/site-packages/airflow/example_dags/example_datasets.py took 0.105 seconds
[2024-09-24T18:50:34.001+0000] {processor.py:153} INFO - Started process (PID=2644) to work on /usr/local/lib/python3.9/site-packages/airflow/example_dags/example_datasets.py
[2024-09-24T18:50:34.001+0000] {processor.py:743} INFO - Processing file /usr/local/lib/python3.9/site-packages/airflow/example_dags/example_datasets.py for tasks to queue
[2024-09-24T18:50:34.002+0000] {logging_mixin.py:137} INFO - [2024-09-24T18:50:34.002+0000] {dagbag.py:532} INFO - Filling up the DagBag from /usr/local/lib/python3.9/site-packages/airflow/example_dags/example_datasets.py
[2024-09-24T18:50:34.011+0000] {processor.py:753} INFO - DAG(s) dict_keys(['dataset_produces_1', 'dataset_consumes_unknown_never_scheduled', 'dataset_produces_2', 'dataset_consumes_1_never_scheduled', 'dataset_consumes_1', 'dataset_consumes_1_and_2']) retrieved from /usr/local/lib/python3.9/site-packages/airflow/example_dags/example_datasets.py
[2024-09-24T18:50:34.030+0000] {logging_mixin.py:137} INFO - [2024-09-24T18:50:34.030+0000] {dag.py:2705} INFO - Sync 6 DAGs
[2024-09-24T18:50:34.041+0000] {logging_mixin.py:137} INFO - [2024-09-24T18:50:34.040+0000] {dag.py:3452} INFO - Setting next_dagrun for dataset_consumes_1 to None, run_after=None
[2024-09-24T18:50:34.042+0000] {logging_mixin.py:137} INFO - [2024-09-24T18:50:34.042+0000] {dag.py:3452} INFO - Setting next_dagrun for dataset_consumes_1_and_2 to None, run_after=None
[2024-09-24T18:50:34.042+0000] {logging_mixin.py:137} INFO - [2024-09-24T18:50:34.042+0000] {dag.py:3452} INFO - Setting next_dagrun for dataset_consumes_1_never_scheduled to None, run_after=None
[2024-09-24T18:50:34.043+0000] {logging_mixin.py:137} INFO - [2024-09-24T18:50:34.043+0000] {dag.py:3452} INFO - Setting next_dagrun for dataset_consumes_unknown_never_scheduled to None, run_after=None
[2024-09-24T18:50:34.044+0000] {logging_mixin.py:137} INFO - [2024-09-24T18:50:34.044+0000] {dag.py:3452} INFO - Setting next_dagrun for dataset_produces_1 to 2024-09-23T00:00:00+00:00, run_after=2024-09-24T00:00:00+00:00
[2024-09-24T18:50:34.045+0000] {logging_mixin.py:137} INFO - [2024-09-24T18:50:34.045+0000] {dag.py:3452} INFO - Setting next_dagrun for dataset_produces_2 to None, run_after=None
[2024-09-24T18:50:34.056+0000] {processor.py:175} INFO - Processing /usr/local/lib/python3.9/site-packages/airflow/example_dags/example_datasets.py took 0.057 seconds
[2024-09-24T18:51:06.624+0000] {processor.py:153} INFO - Started process (PID=2860) to work on /usr/local/lib/python3.9/site-packages/airflow/example_dags/example_datasets.py
[2024-09-24T18:51:06.624+0000] {processor.py:743} INFO - Processing file /usr/local/lib/python3.9/site-packages/airflow/example_dags/example_datasets.py for tasks to queue
[2024-09-24T18:51:06.625+0000] {logging_mixin.py:137} INFO - [2024-09-24T18:51:06.625+0000] {dagbag.py:532} INFO - Filling up the DagBag from /usr/local/lib/python3.9/site-packages/airflow/example_dags/example_datasets.py
[2024-09-24T18:51:06.635+0000] {processor.py:753} INFO - DAG(s) dict_keys(['dataset_consumes_unknown_never_scheduled', 'dataset_produces_1', 'dataset_consumes_1', 'dataset_produces_2', 'dataset_consumes_1_and_2', 'dataset_consumes_1_never_scheduled']) retrieved from /usr/local/lib/python3.9/site-packages/airflow/example_dags/example_datasets.py
[2024-09-24T18:51:06.700+0000] {logging_mixin.py:137} INFO - [2024-09-24T18:51:06.699+0000] {dag.py:2705} INFO - Sync 6 DAGs
[2024-09-24T18:51:06.713+0000] {logging_mixin.py:137} INFO - [2024-09-24T18:51:06.713+0000] {dag.py:3452} INFO - Setting next_dagrun for dataset_consumes_1 to None, run_after=None
[2024-09-24T18:51:06.715+0000] {logging_mixin.py:137} INFO - [2024-09-24T18:51:06.715+0000] {dag.py:3452} INFO - Setting next_dagrun for dataset_consumes_1_and_2 to None, run_after=None
[2024-09-24T18:51:06.715+0000] {logging_mixin.py:137} INFO - [2024-09-24T18:51:06.715+0000] {dag.py:3452} INFO - Setting next_dagrun for dataset_consumes_1_never_scheduled to None, run_after=None
[2024-09-24T18:51:06.716+0000] {logging_mixin.py:137} INFO - [2024-09-24T18:51:06.716+0000] {dag.py:3452} INFO - Setting next_dagrun for dataset_consumes_unknown_never_scheduled to None, run_after=None
[2024-09-24T18:51:06.717+0000] {logging_mixin.py:137} INFO - [2024-09-24T18:51:06.717+0000] {dag.py:3452} INFO - Setting next_dagrun for dataset_produces_1 to 2024-09-23T00:00:00+00:00, run_after=2024-09-24T00:00:00+00:00
[2024-09-24T18:51:06.718+0000] {logging_mixin.py:137} INFO - [2024-09-24T18:51:06.718+0000] {dag.py:3452} INFO - Setting next_dagrun for dataset_produces_2 to None, run_after=None
[2024-09-24T18:51:06.734+0000] {processor.py:175} INFO - Processing /usr/local/lib/python3.9/site-packages/airflow/example_dags/example_datasets.py took 0.112 seconds
[2024-09-24T18:51:37.716+0000] {processor.py:153} INFO - Started process (PID=3077) to work on /usr/local/lib/python3.9/site-packages/airflow/example_dags/example_datasets.py
[2024-09-24T18:51:37.717+0000] {processor.py:743} INFO - Processing file /usr/local/lib/python3.9/site-packages/airflow/example_dags/example_datasets.py for tasks to queue
[2024-09-24T18:51:37.718+0000] {logging_mixin.py:137} INFO - [2024-09-24T18:51:37.718+0000] {dagbag.py:532} INFO - Filling up the DagBag from /usr/local/lib/python3.9/site-packages/airflow/example_dags/example_datasets.py
[2024-09-24T18:51:37.726+0000] {processor.py:753} INFO - DAG(s) dict_keys(['dataset_produces_1', 'dataset_consumes_unknown_never_scheduled', 'dataset_consumes_1', 'dataset_consumes_1_never_scheduled', 'dataset_produces_2', 'dataset_consumes_1_and_2']) retrieved from /usr/local/lib/python3.9/site-packages/airflow/example_dags/example_datasets.py
[2024-09-24T18:51:37.743+0000] {logging_mixin.py:137} INFO - [2024-09-24T18:51:37.743+0000] {dag.py:2705} INFO - Sync 6 DAGs
[2024-09-24T18:51:37.753+0000] {logging_mixin.py:137} INFO - [2024-09-24T18:51:37.752+0000] {dag.py:3452} INFO - Setting next_dagrun for dataset_consumes_1 to None, run_after=None
[2024-09-24T18:51:37.754+0000] {logging_mixin.py:137} INFO - [2024-09-24T18:51:37.754+0000] {dag.py:3452} INFO - Setting next_dagrun for dataset_consumes_1_and_2 to None, run_after=None
[2024-09-24T18:51:37.754+0000] {logging_mixin.py:137} INFO - [2024-09-24T18:51:37.754+0000] {dag.py:3452} INFO - Setting next_dagrun for dataset_consumes_1_never_scheduled to None, run_after=None
[2024-09-24T18:51:37.755+0000] {logging_mixin.py:137} INFO - [2024-09-24T18:51:37.755+0000] {dag.py:3452} INFO - Setting next_dagrun for dataset_consumes_unknown_never_scheduled to None, run_after=None
[2024-09-24T18:51:37.756+0000] {logging_mixin.py:137} INFO - [2024-09-24T18:51:37.756+0000] {dag.py:3452} INFO - Setting next_dagrun for dataset_produces_1 to 2024-09-23T00:00:00+00:00, run_after=2024-09-24T00:00:00+00:00
[2024-09-24T18:51:37.757+0000] {logging_mixin.py:137} INFO - [2024-09-24T18:51:37.757+0000] {dag.py:3452} INFO - Setting next_dagrun for dataset_produces_2 to None, run_after=None
[2024-09-24T18:51:37.773+0000] {processor.py:175} INFO - Processing /usr/local/lib/python3.9/site-packages/airflow/example_dags/example_datasets.py took 0.058 seconds
[2024-09-24T18:52:08.640+0000] {processor.py:153} INFO - Started process (PID=3288) to work on /usr/local/lib/python3.9/site-packages/airflow/example_dags/example_datasets.py
[2024-09-24T18:52:08.642+0000] {processor.py:743} INFO - Processing file /usr/local/lib/python3.9/site-packages/airflow/example_dags/example_datasets.py for tasks to queue
[2024-09-24T18:52:08.644+0000] {logging_mixin.py:137} INFO - [2024-09-24T18:52:08.644+0000] {dagbag.py:532} INFO - Filling up the DagBag from /usr/local/lib/python3.9/site-packages/airflow/example_dags/example_datasets.py
[2024-09-24T18:52:08.653+0000] {processor.py:753} INFO - DAG(s) dict_keys(['dataset_produces_2', 'dataset_produces_1', 'dataset_consumes_1_never_scheduled', 'dataset_consumes_1', 'dataset_consumes_unknown_never_scheduled', 'dataset_consumes_1_and_2']) retrieved from /usr/local/lib/python3.9/site-packages/airflow/example_dags/example_datasets.py
[2024-09-24T18:52:08.671+0000] {logging_mixin.py:137} INFO - [2024-09-24T18:52:08.671+0000] {dag.py:2705} INFO - Sync 6 DAGs
[2024-09-24T18:52:08.682+0000] {logging_mixin.py:137} INFO - [2024-09-24T18:52:08.682+0000] {dag.py:3452} INFO - Setting next_dagrun for dataset_consumes_1 to None, run_after=None
[2024-09-24T18:52:08.684+0000] {logging_mixin.py:137} INFO - [2024-09-24T18:52:08.684+0000] {dag.py:3452} INFO - Setting next_dagrun for dataset_consumes_1_and_2 to None, run_after=None
[2024-09-24T18:52:08.684+0000] {logging_mixin.py:137} INFO - [2024-09-24T18:52:08.684+0000] {dag.py:3452} INFO - Setting next_dagrun for dataset_consumes_1_never_scheduled to None, run_after=None
[2024-09-24T18:52:08.685+0000] {logging_mixin.py:137} INFO - [2024-09-24T18:52:08.685+0000] {dag.py:3452} INFO - Setting next_dagrun for dataset_consumes_unknown_never_scheduled to None, run_after=None
[2024-09-24T18:52:08.686+0000] {logging_mixin.py:137} INFO - [2024-09-24T18:52:08.686+0000] {dag.py:3452} INFO - Setting next_dagrun for dataset_produces_1 to 2024-09-23T00:00:00+00:00, run_after=2024-09-24T00:00:00+00:00
[2024-09-24T18:52:08.686+0000] {logging_mixin.py:137} INFO - [2024-09-24T18:52:08.686+0000] {dag.py:3452} INFO - Setting next_dagrun for dataset_produces_2 to None, run_after=None
[2024-09-24T18:52:08.701+0000] {processor.py:175} INFO - Processing /usr/local/lib/python3.9/site-packages/airflow/example_dags/example_datasets.py took 0.063 seconds
[2024-09-24T18:52:39.568+0000] {processor.py:153} INFO - Started process (PID=3499) to work on /usr/local/lib/python3.9/site-packages/airflow/example_dags/example_datasets.py
[2024-09-24T18:52:39.569+0000] {processor.py:743} INFO - Processing file /usr/local/lib/python3.9/site-packages/airflow/example_dags/example_datasets.py for tasks to queue
[2024-09-24T18:52:39.569+0000] {logging_mixin.py:137} INFO - [2024-09-24T18:52:39.569+0000] {dagbag.py:532} INFO - Filling up the DagBag from /usr/local/lib/python3.9/site-packages/airflow/example_dags/example_datasets.py
[2024-09-24T18:52:39.580+0000] {processor.py:753} INFO - DAG(s) dict_keys(['dataset_consumes_unknown_never_scheduled', 'dataset_consumes_1_and_2', 'dataset_consumes_1', 'dataset_produces_2', 'dataset_produces_1', 'dataset_consumes_1_never_scheduled']) retrieved from /usr/local/lib/python3.9/site-packages/airflow/example_dags/example_datasets.py
[2024-09-24T18:52:39.597+0000] {logging_mixin.py:137} INFO - [2024-09-24T18:52:39.597+0000] {dag.py:2705} INFO - Sync 6 DAGs
[2024-09-24T18:52:39.608+0000] {logging_mixin.py:137} INFO - [2024-09-24T18:52:39.608+0000] {dag.py:3452} INFO - Setting next_dagrun for dataset_consumes_1 to None, run_after=None
[2024-09-24T18:52:39.610+0000] {logging_mixin.py:137} INFO - [2024-09-24T18:52:39.610+0000] {dag.py:3452} INFO - Setting next_dagrun for dataset_consumes_1_and_2 to None, run_after=None
[2024-09-24T18:52:39.610+0000] {logging_mixin.py:137} INFO - [2024-09-24T18:52:39.610+0000] {dag.py:3452} INFO - Setting next_dagrun for dataset_consumes_1_never_scheduled to None, run_after=None
[2024-09-24T18:52:39.611+0000] {logging_mixin.py:137} INFO - [2024-09-24T18:52:39.611+0000] {dag.py:3452} INFO - Setting next_dagrun for dataset_consumes_unknown_never_scheduled to None, run_after=None
[2024-09-24T18:52:39.612+0000] {logging_mixin.py:137} INFO - [2024-09-24T18:52:39.612+0000] {dag.py:3452} INFO - Setting next_dagrun for dataset_produces_1 to 2024-09-23T00:00:00+00:00, run_after=2024-09-24T00:00:00+00:00
[2024-09-24T18:52:39.613+0000] {logging_mixin.py:137} INFO - [2024-09-24T18:52:39.612+0000] {dag.py:3452} INFO - Setting next_dagrun for dataset_produces_2 to None, run_after=None
[2024-09-24T18:52:39.629+0000] {processor.py:175} INFO - Processing /usr/local/lib/python3.9/site-packages/airflow/example_dags/example_datasets.py took 0.063 seconds
[2024-09-24T18:53:10.432+0000] {processor.py:153} INFO - Started process (PID=3710) to work on /usr/local/lib/python3.9/site-packages/airflow/example_dags/example_datasets.py
[2024-09-24T18:53:10.434+0000] {processor.py:743} INFO - Processing file /usr/local/lib/python3.9/site-packages/airflow/example_dags/example_datasets.py for tasks to queue
[2024-09-24T18:53:10.434+0000] {logging_mixin.py:137} INFO - [2024-09-24T18:53:10.434+0000] {dagbag.py:532} INFO - Filling up the DagBag from /usr/local/lib/python3.9/site-packages/airflow/example_dags/example_datasets.py
[2024-09-24T18:53:10.442+0000] {processor.py:753} INFO - DAG(s) dict_keys(['dataset_consumes_1_never_scheduled', 'dataset_consumes_1', 'dataset_consumes_unknown_never_scheduled', 'dataset_produces_2', 'dataset_consumes_1_and_2', 'dataset_produces_1']) retrieved from /usr/local/lib/python3.9/site-packages/airflow/example_dags/example_datasets.py
[2024-09-24T18:53:10.458+0000] {logging_mixin.py:137} INFO - [2024-09-24T18:53:10.458+0000] {dag.py:2705} INFO - Sync 6 DAGs
[2024-09-24T18:53:10.472+0000] {logging_mixin.py:137} INFO - [2024-09-24T18:53:10.472+0000] {dag.py:3452} INFO - Setting next_dagrun for dataset_consumes_1 to None, run_after=None
[2024-09-24T18:53:10.473+0000] {logging_mixin.py:137} INFO - [2024-09-24T18:53:10.473+0000] {dag.py:3452} INFO - Setting next_dagrun for dataset_consumes_1_and_2 to None, run_after=None
[2024-09-24T18:53:10.474+0000] {logging_mixin.py:137} INFO - [2024-09-24T18:53:10.474+0000] {dag.py:3452} INFO - Setting next_dagrun for dataset_consumes_1_never_scheduled to None, run_after=None
[2024-09-24T18:53:10.474+0000] {logging_mixin.py:137} INFO - [2024-09-24T18:53:10.474+0000] {dag.py:3452} INFO - Setting next_dagrun for dataset_consumes_unknown_never_scheduled to None, run_after=None
[2024-09-24T18:53:10.475+0000] {logging_mixin.py:137} INFO - [2024-09-24T18:53:10.475+0000] {dag.py:3452} INFO - Setting next_dagrun for dataset_produces_1 to 2024-09-23T00:00:00+00:00, run_after=2024-09-24T00:00:00+00:00
[2024-09-24T18:53:10.476+0000] {logging_mixin.py:137} INFO - [2024-09-24T18:53:10.476+0000] {dag.py:3452} INFO - Setting next_dagrun for dataset_produces_2 to None, run_after=None
[2024-09-24T18:53:10.489+0000] {processor.py:175} INFO - Processing /usr/local/lib/python3.9/site-packages/airflow/example_dags/example_datasets.py took 0.059 seconds
