[2024-09-24T15:58:42.002+0000] {processor.py:153} INFO - Started process (PID=255) to work on /usr/local/lib/python3.9/site-packages/airflow/example_dags/example_short_circuit_decorator.py
[2024-09-24T15:58:42.002+0000] {processor.py:743} INFO - Processing file /usr/local/lib/python3.9/site-packages/airflow/example_dags/example_short_circuit_decorator.py for tasks to queue
[2024-09-24T15:58:42.003+0000] {logging_mixin.py:137} INFO - [2024-09-24T15:58:42.003+0000] {dagbag.py:532} INFO - Filling up the DagBag from /usr/local/lib/python3.9/site-packages/airflow/example_dags/example_short_circuit_decorator.py
[2024-09-24T15:58:42.019+0000] {processor.py:753} INFO - DAG(s) dict_keys(['example_short_circuit_decorator']) retrieved from /usr/local/lib/python3.9/site-packages/airflow/example_dags/example_short_circuit_decorator.py
[2024-09-24T15:58:42.093+0000] {logging_mixin.py:137} INFO - [2024-09-24T15:58:42.093+0000] {manager.py:504} INFO - Created Permission View: can delete on DAG:example_short_circuit_decorator
[2024-09-24T15:58:42.099+0000] {logging_mixin.py:137} INFO - [2024-09-24T15:58:42.098+0000] {manager.py:504} INFO - Created Permission View: can read on DAG:example_short_circuit_decorator
[2024-09-24T15:58:42.102+0000] {logging_mixin.py:137} INFO - [2024-09-24T15:58:42.102+0000] {manager.py:504} INFO - Created Permission View: can edit on DAG:example_short_circuit_decorator
[2024-09-24T15:58:42.102+0000] {logging_mixin.py:137} INFO - [2024-09-24T15:58:42.102+0000] {dag.py:2705} INFO - Sync 1 DAGs
[2024-09-24T15:58:42.109+0000] {logging_mixin.py:137} INFO - [2024-09-24T15:58:42.109+0000] {dag.py:2726} INFO - Creating ORM DAG for example_short_circuit_decorator
[2024-09-24T15:58:42.116+0000] {logging_mixin.py:137} INFO - [2024-09-24T15:58:42.116+0000] {dag.py:3452} INFO - Setting next_dagrun for example_short_circuit_decorator to 2024-09-23T15:58:42.116239+00:00, run_after=2024-09-24T15:58:42.116239+00:00
[2024-09-24T15:58:42.124+0000] {processor.py:175} INFO - Processing /usr/local/lib/python3.9/site-packages/airflow/example_dags/example_short_circuit_decorator.py took 0.125 seconds
[2024-09-24T15:59:12.235+0000] {processor.py:153} INFO - Started process (PID=466) to work on /usr/local/lib/python3.9/site-packages/airflow/example_dags/example_short_circuit_decorator.py
[2024-09-24T15:59:12.238+0000] {processor.py:743} INFO - Processing file /usr/local/lib/python3.9/site-packages/airflow/example_dags/example_short_circuit_decorator.py for tasks to queue
[2024-09-24T15:59:12.240+0000] {logging_mixin.py:137} INFO - [2024-09-24T15:59:12.240+0000] {dagbag.py:532} INFO - Filling up the DagBag from /usr/local/lib/python3.9/site-packages/airflow/example_dags/example_short_circuit_decorator.py
[2024-09-24T15:59:12.256+0000] {processor.py:753} INFO - DAG(s) dict_keys(['example_short_circuit_decorator']) retrieved from /usr/local/lib/python3.9/site-packages/airflow/example_dags/example_short_circuit_decorator.py
[2024-09-24T15:59:12.294+0000] {logging_mixin.py:137} INFO - [2024-09-24T15:59:12.294+0000] {dag.py:2705} INFO - Sync 1 DAGs
[2024-09-24T15:59:12.307+0000] {logging_mixin.py:137} INFO - [2024-09-24T15:59:12.307+0000] {dag.py:3452} INFO - Setting next_dagrun for example_short_circuit_decorator to 2024-09-23T15:59:12.307274+00:00, run_after=2024-09-24T15:59:12.307274+00:00
[2024-09-24T15:59:12.319+0000] {processor.py:175} INFO - Processing /usr/local/lib/python3.9/site-packages/airflow/example_dags/example_short_circuit_decorator.py took 0.087 seconds
[2024-09-24T15:59:42.732+0000] {processor.py:153} INFO - Started process (PID=675) to work on /usr/local/lib/python3.9/site-packages/airflow/example_dags/example_short_circuit_decorator.py
[2024-09-24T15:59:42.737+0000] {processor.py:743} INFO - Processing file /usr/local/lib/python3.9/site-packages/airflow/example_dags/example_short_circuit_decorator.py for tasks to queue
[2024-09-24T15:59:42.737+0000] {logging_mixin.py:137} INFO - [2024-09-24T15:59:42.737+0000] {dagbag.py:532} INFO - Filling up the DagBag from /usr/local/lib/python3.9/site-packages/airflow/example_dags/example_short_circuit_decorator.py
[2024-09-24T15:59:42.757+0000] {processor.py:753} INFO - DAG(s) dict_keys(['example_short_circuit_decorator']) retrieved from /usr/local/lib/python3.9/site-packages/airflow/example_dags/example_short_circuit_decorator.py
[2024-09-24T15:59:42.780+0000] {logging_mixin.py:137} INFO - [2024-09-24T15:59:42.780+0000] {dag.py:2705} INFO - Sync 1 DAGs
[2024-09-24T15:59:42.794+0000] {logging_mixin.py:137} INFO - [2024-09-24T15:59:42.794+0000] {dag.py:3452} INFO - Setting next_dagrun for example_short_circuit_decorator to 2024-09-23T15:59:42.793840+00:00, run_after=2024-09-24T15:59:42.793840+00:00
[2024-09-24T15:59:42.803+0000] {processor.py:175} INFO - Processing /usr/local/lib/python3.9/site-packages/airflow/example_dags/example_short_circuit_decorator.py took 0.073 seconds
[2024-09-24T16:12:36.425+0000] {processor.py:153} INFO - Started process (PID=256) to work on /usr/local/lib/python3.9/site-packages/airflow/example_dags/example_short_circuit_decorator.py
[2024-09-24T16:12:36.426+0000] {processor.py:743} INFO - Processing file /usr/local/lib/python3.9/site-packages/airflow/example_dags/example_short_circuit_decorator.py for tasks to queue
[2024-09-24T16:12:36.427+0000] {logging_mixin.py:137} INFO - [2024-09-24T16:12:36.427+0000] {dagbag.py:532} INFO - Filling up the DagBag from /usr/local/lib/python3.9/site-packages/airflow/example_dags/example_short_circuit_decorator.py
[2024-09-24T16:12:36.443+0000] {processor.py:753} INFO - DAG(s) dict_keys(['example_short_circuit_decorator']) retrieved from /usr/local/lib/python3.9/site-packages/airflow/example_dags/example_short_circuit_decorator.py
[2024-09-24T16:12:36.500+0000] {logging_mixin.py:137} INFO - [2024-09-24T16:12:36.500+0000] {manager.py:504} INFO - Created Permission View: can read on DAG:example_short_circuit_decorator
[2024-09-24T16:12:36.507+0000] {logging_mixin.py:137} INFO - [2024-09-24T16:12:36.506+0000] {manager.py:504} INFO - Created Permission View: can edit on DAG:example_short_circuit_decorator
[2024-09-24T16:12:36.512+0000] {logging_mixin.py:137} INFO - [2024-09-24T16:12:36.512+0000] {manager.py:504} INFO - Created Permission View: can delete on DAG:example_short_circuit_decorator
[2024-09-24T16:12:36.512+0000] {logging_mixin.py:137} INFO - [2024-09-24T16:12:36.512+0000] {dag.py:2705} INFO - Sync 1 DAGs
[2024-09-24T16:12:36.518+0000] {logging_mixin.py:137} INFO - [2024-09-24T16:12:36.518+0000] {dag.py:2726} INFO - Creating ORM DAG for example_short_circuit_decorator
[2024-09-24T16:12:36.524+0000] {logging_mixin.py:137} INFO - [2024-09-24T16:12:36.524+0000] {dag.py:3452} INFO - Setting next_dagrun for example_short_circuit_decorator to 2024-09-23T16:12:36.524129+00:00, run_after=2024-09-24T16:12:36.524129+00:00
[2024-09-24T16:12:36.534+0000] {processor.py:175} INFO - Processing /usr/local/lib/python3.9/site-packages/airflow/example_dags/example_short_circuit_decorator.py took 0.111 seconds
[2024-09-24T16:13:16.101+0000] {processor.py:153} INFO - Started process (PID=471) to work on /usr/local/lib/python3.9/site-packages/airflow/example_dags/example_short_circuit_decorator.py
[2024-09-24T16:13:16.256+0000] {processor.py:743} INFO - Processing file /usr/local/lib/python3.9/site-packages/airflow/example_dags/example_short_circuit_decorator.py for tasks to queue
[2024-09-24T16:13:16.258+0000] {logging_mixin.py:137} INFO - [2024-09-24T16:13:16.258+0000] {dagbag.py:532} INFO - Filling up the DagBag from /usr/local/lib/python3.9/site-packages/airflow/example_dags/example_short_circuit_decorator.py
[2024-09-24T16:13:16.422+0000] {processor.py:753} INFO - DAG(s) dict_keys(['example_short_circuit_decorator']) retrieved from /usr/local/lib/python3.9/site-packages/airflow/example_dags/example_short_circuit_decorator.py
[2024-09-24T16:13:16.576+0000] {logging_mixin.py:137} INFO - [2024-09-24T16:13:16.575+0000] {dag.py:2705} INFO - Sync 1 DAGs
[2024-09-24T16:13:16.644+0000] {logging_mixin.py:137} INFO - [2024-09-24T16:13:16.644+0000] {dag.py:3452} INFO - Setting next_dagrun for example_short_circuit_decorator to 2024-09-23T16:13:16.643742+00:00, run_after=2024-09-24T16:13:16.643742+00:00
[2024-09-24T16:13:16.765+0000] {processor.py:175} INFO - Processing /usr/local/lib/python3.9/site-packages/airflow/example_dags/example_short_circuit_decorator.py took 0.754 seconds
[2024-09-24T16:13:47.353+0000] {processor.py:153} INFO - Started process (PID=682) to work on /usr/local/lib/python3.9/site-packages/airflow/example_dags/example_short_circuit_decorator.py
[2024-09-24T16:13:47.355+0000] {processor.py:743} INFO - Processing file /usr/local/lib/python3.9/site-packages/airflow/example_dags/example_short_circuit_decorator.py for tasks to queue
[2024-09-24T16:13:47.356+0000] {logging_mixin.py:137} INFO - [2024-09-24T16:13:47.356+0000] {dagbag.py:532} INFO - Filling up the DagBag from /usr/local/lib/python3.9/site-packages/airflow/example_dags/example_short_circuit_decorator.py
[2024-09-24T16:13:47.369+0000] {processor.py:753} INFO - DAG(s) dict_keys(['example_short_circuit_decorator']) retrieved from /usr/local/lib/python3.9/site-packages/airflow/example_dags/example_short_circuit_decorator.py
[2024-09-24T16:13:47.383+0000] {logging_mixin.py:137} INFO - [2024-09-24T16:13:47.383+0000] {dag.py:2705} INFO - Sync 1 DAGs
[2024-09-24T16:13:47.392+0000] {logging_mixin.py:137} INFO - [2024-09-24T16:13:47.392+0000] {dag.py:3452} INFO - Setting next_dagrun for example_short_circuit_decorator to 2024-09-23T16:13:47.392162+00:00, run_after=2024-09-24T16:13:47.392162+00:00
[2024-09-24T16:13:47.531+0000] {processor.py:175} INFO - Processing /usr/local/lib/python3.9/site-packages/airflow/example_dags/example_short_circuit_decorator.py took 0.187 seconds
[2024-09-24T16:14:17.718+0000] {processor.py:153} INFO - Started process (PID=893) to work on /usr/local/lib/python3.9/site-packages/airflow/example_dags/example_short_circuit_decorator.py
[2024-09-24T16:14:17.721+0000] {processor.py:743} INFO - Processing file /usr/local/lib/python3.9/site-packages/airflow/example_dags/example_short_circuit_decorator.py for tasks to queue
[2024-09-24T16:14:17.721+0000] {logging_mixin.py:137} INFO - [2024-09-24T16:14:17.721+0000] {dagbag.py:532} INFO - Filling up the DagBag from /usr/local/lib/python3.9/site-packages/airflow/example_dags/example_short_circuit_decorator.py
[2024-09-24T16:14:17.743+0000] {processor.py:753} INFO - DAG(s) dict_keys(['example_short_circuit_decorator']) retrieved from /usr/local/lib/python3.9/site-packages/airflow/example_dags/example_short_circuit_decorator.py
[2024-09-24T16:14:17.763+0000] {logging_mixin.py:137} INFO - [2024-09-24T16:14:17.763+0000] {dag.py:2705} INFO - Sync 1 DAGs
[2024-09-24T16:14:17.782+0000] {logging_mixin.py:137} INFO - [2024-09-24T16:14:17.782+0000] {dag.py:3452} INFO - Setting next_dagrun for example_short_circuit_decorator to 2024-09-23T16:14:17.781837+00:00, run_after=2024-09-24T16:14:17.781837+00:00
[2024-09-24T16:14:17.810+0000] {processor.py:175} INFO - Processing /usr/local/lib/python3.9/site-packages/airflow/example_dags/example_short_circuit_decorator.py took 0.094 seconds
[2024-09-24T16:14:48.345+0000] {processor.py:153} INFO - Started process (PID=1100) to work on /usr/local/lib/python3.9/site-packages/airflow/example_dags/example_short_circuit_decorator.py
[2024-09-24T16:14:48.346+0000] {processor.py:743} INFO - Processing file /usr/local/lib/python3.9/site-packages/airflow/example_dags/example_short_circuit_decorator.py for tasks to queue
[2024-09-24T16:14:48.347+0000] {logging_mixin.py:137} INFO - [2024-09-24T16:14:48.347+0000] {dagbag.py:532} INFO - Filling up the DagBag from /usr/local/lib/python3.9/site-packages/airflow/example_dags/example_short_circuit_decorator.py
[2024-09-24T16:14:48.361+0000] {processor.py:753} INFO - DAG(s) dict_keys(['example_short_circuit_decorator']) retrieved from /usr/local/lib/python3.9/site-packages/airflow/example_dags/example_short_circuit_decorator.py
[2024-09-24T16:14:48.374+0000] {logging_mixin.py:137} INFO - [2024-09-24T16:14:48.373+0000] {dag.py:2705} INFO - Sync 1 DAGs
[2024-09-24T16:14:48.384+0000] {logging_mixin.py:137} INFO - [2024-09-24T16:14:48.384+0000] {dag.py:3452} INFO - Setting next_dagrun for example_short_circuit_decorator to 2024-09-23T16:14:48.384277+00:00, run_after=2024-09-24T16:14:48.384277+00:00
[2024-09-24T16:14:48.391+0000] {processor.py:175} INFO - Processing /usr/local/lib/python3.9/site-packages/airflow/example_dags/example_short_circuit_decorator.py took 0.048 seconds
[2024-09-24T16:15:18.989+0000] {processor.py:153} INFO - Started process (PID=1309) to work on /usr/local/lib/python3.9/site-packages/airflow/example_dags/example_short_circuit_decorator.py
[2024-09-24T16:15:19.002+0000] {processor.py:743} INFO - Processing file /usr/local/lib/python3.9/site-packages/airflow/example_dags/example_short_circuit_decorator.py for tasks to queue
[2024-09-24T16:15:19.003+0000] {logging_mixin.py:137} INFO - [2024-09-24T16:15:19.003+0000] {dagbag.py:532} INFO - Filling up the DagBag from /usr/local/lib/python3.9/site-packages/airflow/example_dags/example_short_circuit_decorator.py
[2024-09-24T16:15:19.386+0000] {processor.py:753} INFO - DAG(s) dict_keys(['example_short_circuit_decorator']) retrieved from /usr/local/lib/python3.9/site-packages/airflow/example_dags/example_short_circuit_decorator.py
[2024-09-24T16:15:19.435+0000] {logging_mixin.py:137} INFO - [2024-09-24T16:15:19.435+0000] {dag.py:2705} INFO - Sync 1 DAGs
[2024-09-24T16:15:19.461+0000] {logging_mixin.py:137} INFO - [2024-09-24T16:15:19.461+0000] {dag.py:3452} INFO - Setting next_dagrun for example_short_circuit_decorator to 2024-09-23T16:15:19.460992+00:00, run_after=2024-09-24T16:15:19.460992+00:00
[2024-09-24T16:15:19.468+0000] {processor.py:175} INFO - Processing /usr/local/lib/python3.9/site-packages/airflow/example_dags/example_short_circuit_decorator.py took 0.480 seconds
[2024-09-24T16:15:51.231+0000] {processor.py:153} INFO - Started process (PID=1522) to work on /usr/local/lib/python3.9/site-packages/airflow/example_dags/example_short_circuit_decorator.py
[2024-09-24T16:15:51.245+0000] {processor.py:743} INFO - Processing file /usr/local/lib/python3.9/site-packages/airflow/example_dags/example_short_circuit_decorator.py for tasks to queue
[2024-09-24T16:15:51.246+0000] {logging_mixin.py:137} INFO - [2024-09-24T16:15:51.245+0000] {dagbag.py:532} INFO - Filling up the DagBag from /usr/local/lib/python3.9/site-packages/airflow/example_dags/example_short_circuit_decorator.py
[2024-09-24T16:15:51.287+0000] {processor.py:753} INFO - DAG(s) dict_keys(['example_short_circuit_decorator']) retrieved from /usr/local/lib/python3.9/site-packages/airflow/example_dags/example_short_circuit_decorator.py
[2024-09-24T16:15:51.334+0000] {logging_mixin.py:137} INFO - [2024-09-24T16:15:51.334+0000] {dag.py:2705} INFO - Sync 1 DAGs
[2024-09-24T16:15:51.343+0000] {logging_mixin.py:137} INFO - [2024-09-24T16:15:51.343+0000] {dag.py:3452} INFO - Setting next_dagrun for example_short_circuit_decorator to 2024-09-23T16:15:51.343331+00:00, run_after=2024-09-24T16:15:51.343331+00:00
[2024-09-24T16:15:51.351+0000] {processor.py:175} INFO - Processing /usr/local/lib/python3.9/site-packages/airflow/example_dags/example_short_circuit_decorator.py took 0.122 seconds
[2024-09-24T16:16:21.867+0000] {processor.py:153} INFO - Started process (PID=1733) to work on /usr/local/lib/python3.9/site-packages/airflow/example_dags/example_short_circuit_decorator.py
[2024-09-24T16:16:21.869+0000] {processor.py:743} INFO - Processing file /usr/local/lib/python3.9/site-packages/airflow/example_dags/example_short_circuit_decorator.py for tasks to queue
[2024-09-24T16:16:21.869+0000] {logging_mixin.py:137} INFO - [2024-09-24T16:16:21.869+0000] {dagbag.py:532} INFO - Filling up the DagBag from /usr/local/lib/python3.9/site-packages/airflow/example_dags/example_short_circuit_decorator.py
[2024-09-24T16:16:21.888+0000] {processor.py:753} INFO - DAG(s) dict_keys(['example_short_circuit_decorator']) retrieved from /usr/local/lib/python3.9/site-packages/airflow/example_dags/example_short_circuit_decorator.py
[2024-09-24T16:16:21.909+0000] {logging_mixin.py:137} INFO - [2024-09-24T16:16:21.909+0000] {dag.py:2705} INFO - Sync 1 DAGs
[2024-09-24T16:16:21.921+0000] {logging_mixin.py:137} INFO - [2024-09-24T16:16:21.921+0000] {dag.py:3452} INFO - Setting next_dagrun for example_short_circuit_decorator to 2024-09-23T16:16:21.920909+00:00, run_after=2024-09-24T16:16:21.920909+00:00
[2024-09-24T16:16:21.931+0000] {processor.py:175} INFO - Processing /usr/local/lib/python3.9/site-packages/airflow/example_dags/example_short_circuit_decorator.py took 0.069 seconds
[2024-09-24T16:16:52.111+0000] {processor.py:153} INFO - Started process (PID=1944) to work on /usr/local/lib/python3.9/site-packages/airflow/example_dags/example_short_circuit_decorator.py
[2024-09-24T16:16:52.116+0000] {processor.py:743} INFO - Processing file /usr/local/lib/python3.9/site-packages/airflow/example_dags/example_short_circuit_decorator.py for tasks to queue
[2024-09-24T16:16:52.117+0000] {logging_mixin.py:137} INFO - [2024-09-24T16:16:52.117+0000] {dagbag.py:532} INFO - Filling up the DagBag from /usr/local/lib/python3.9/site-packages/airflow/example_dags/example_short_circuit_decorator.py
[2024-09-24T16:16:52.134+0000] {processor.py:753} INFO - DAG(s) dict_keys(['example_short_circuit_decorator']) retrieved from /usr/local/lib/python3.9/site-packages/airflow/example_dags/example_short_circuit_decorator.py
[2024-09-24T16:16:52.151+0000] {logging_mixin.py:137} INFO - [2024-09-24T16:16:52.151+0000] {dag.py:2705} INFO - Sync 1 DAGs
[2024-09-24T16:16:52.533+0000] {logging_mixin.py:137} INFO - [2024-09-24T16:16:52.533+0000] {dag.py:3452} INFO - Setting next_dagrun for example_short_circuit_decorator to 2024-09-23T16:16:52.533021+00:00, run_after=2024-09-24T16:16:52.533021+00:00
[2024-09-24T16:16:52.613+0000] {processor.py:175} INFO - Processing /usr/local/lib/python3.9/site-packages/airflow/example_dags/example_short_circuit_decorator.py took 0.504 seconds
[2024-09-24T16:17:22.760+0000] {processor.py:153} INFO - Started process (PID=2155) to work on /usr/local/lib/python3.9/site-packages/airflow/example_dags/example_short_circuit_decorator.py
[2024-09-24T16:17:22.760+0000] {processor.py:743} INFO - Processing file /usr/local/lib/python3.9/site-packages/airflow/example_dags/example_short_circuit_decorator.py for tasks to queue
[2024-09-24T16:17:22.761+0000] {logging_mixin.py:137} INFO - [2024-09-24T16:17:22.761+0000] {dagbag.py:532} INFO - Filling up the DagBag from /usr/local/lib/python3.9/site-packages/airflow/example_dags/example_short_circuit_decorator.py
[2024-09-24T16:17:22.776+0000] {processor.py:753} INFO - DAG(s) dict_keys(['example_short_circuit_decorator']) retrieved from /usr/local/lib/python3.9/site-packages/airflow/example_dags/example_short_circuit_decorator.py
[2024-09-24T16:17:22.848+0000] {logging_mixin.py:137} INFO - [2024-09-24T16:17:22.848+0000] {dag.py:2705} INFO - Sync 1 DAGs
[2024-09-24T16:17:22.858+0000] {logging_mixin.py:137} INFO - [2024-09-24T16:17:22.858+0000] {dag.py:3452} INFO - Setting next_dagrun for example_short_circuit_decorator to 2024-09-23T16:17:22.858079+00:00, run_after=2024-09-24T16:17:22.858079+00:00
[2024-09-24T16:17:22.866+0000] {processor.py:175} INFO - Processing /usr/local/lib/python3.9/site-packages/airflow/example_dags/example_short_circuit_decorator.py took 0.109 seconds
[2024-09-24T16:17:53.487+0000] {processor.py:153} INFO - Started process (PID=2366) to work on /usr/local/lib/python3.9/site-packages/airflow/example_dags/example_short_circuit_decorator.py
[2024-09-24T16:17:53.488+0000] {processor.py:743} INFO - Processing file /usr/local/lib/python3.9/site-packages/airflow/example_dags/example_short_circuit_decorator.py for tasks to queue
[2024-09-24T16:17:53.489+0000] {logging_mixin.py:137} INFO - [2024-09-24T16:17:53.489+0000] {dagbag.py:532} INFO - Filling up the DagBag from /usr/local/lib/python3.9/site-packages/airflow/example_dags/example_short_circuit_decorator.py
[2024-09-24T16:17:53.591+0000] {processor.py:753} INFO - DAG(s) dict_keys(['example_short_circuit_decorator']) retrieved from /usr/local/lib/python3.9/site-packages/airflow/example_dags/example_short_circuit_decorator.py
[2024-09-24T16:17:53.604+0000] {logging_mixin.py:137} INFO - [2024-09-24T16:17:53.604+0000] {dag.py:2705} INFO - Sync 1 DAGs
[2024-09-24T16:17:53.615+0000] {logging_mixin.py:137} INFO - [2024-09-24T16:17:53.615+0000] {dag.py:3452} INFO - Setting next_dagrun for example_short_circuit_decorator to 2024-09-23T16:17:53.615008+00:00, run_after=2024-09-24T16:17:53.615008+00:00
[2024-09-24T16:17:53.627+0000] {processor.py:175} INFO - Processing /usr/local/lib/python3.9/site-packages/airflow/example_dags/example_short_circuit_decorator.py took 0.145 seconds
[2024-09-24T17:55:51.225+0000] {processor.py:153} INFO - Started process (PID=255) to work on /usr/local/lib/python3.9/site-packages/airflow/example_dags/example_short_circuit_decorator.py
[2024-09-24T17:55:51.226+0000] {processor.py:743} INFO - Processing file /usr/local/lib/python3.9/site-packages/airflow/example_dags/example_short_circuit_decorator.py for tasks to queue
[2024-09-24T17:55:51.227+0000] {logging_mixin.py:137} INFO - [2024-09-24T17:55:51.227+0000] {dagbag.py:532} INFO - Filling up the DagBag from /usr/local/lib/python3.9/site-packages/airflow/example_dags/example_short_circuit_decorator.py
[2024-09-24T17:55:51.240+0000] {processor.py:753} INFO - DAG(s) dict_keys(['example_short_circuit_decorator']) retrieved from /usr/local/lib/python3.9/site-packages/airflow/example_dags/example_short_circuit_decorator.py
[2024-09-24T17:55:51.247+0000] {logging_mixin.py:137} INFO - [2024-09-24T17:55:51.247+0000] {dag.py:2705} INFO - Sync 1 DAGs
[2024-09-24T17:55:51.259+0000] {logging_mixin.py:137} INFO - [2024-09-24T17:55:51.259+0000] {dag.py:3452} INFO - Setting next_dagrun for example_short_circuit_decorator to 2024-09-23T17:55:51.259607+00:00, run_after=2024-09-24T17:55:51.259607+00:00
[2024-09-24T17:55:51.278+0000] {processor.py:175} INFO - Processing /usr/local/lib/python3.9/site-packages/airflow/example_dags/example_short_circuit_decorator.py took 0.054 seconds
[2024-09-24T17:56:23.385+0000] {processor.py:153} INFO - Started process (PID=470) to work on /usr/local/lib/python3.9/site-packages/airflow/example_dags/example_short_circuit_decorator.py
[2024-09-24T17:56:23.400+0000] {processor.py:743} INFO - Processing file /usr/local/lib/python3.9/site-packages/airflow/example_dags/example_short_circuit_decorator.py for tasks to queue
[2024-09-24T17:56:23.405+0000] {logging_mixin.py:137} INFO - [2024-09-24T17:56:23.401+0000] {dagbag.py:532} INFO - Filling up the DagBag from /usr/local/lib/python3.9/site-packages/airflow/example_dags/example_short_circuit_decorator.py
[2024-09-24T17:56:23.539+0000] {processor.py:753} INFO - DAG(s) dict_keys(['example_short_circuit_decorator']) retrieved from /usr/local/lib/python3.9/site-packages/airflow/example_dags/example_short_circuit_decorator.py
[2024-09-24T17:56:24.058+0000] {logging_mixin.py:137} INFO - [2024-09-24T17:56:24.055+0000] {dag.py:2705} INFO - Sync 1 DAGs
[2024-09-24T17:56:24.160+0000] {logging_mixin.py:137} INFO - [2024-09-24T17:56:24.160+0000] {dag.py:3452} INFO - Setting next_dagrun for example_short_circuit_decorator to 2024-09-23T17:56:24.159643+00:00, run_after=2024-09-24T17:56:24.159643+00:00
[2024-09-24T17:56:24.254+0000] {processor.py:175} INFO - Processing /usr/local/lib/python3.9/site-packages/airflow/example_dags/example_short_circuit_decorator.py took 0.873 seconds
[2024-09-24T18:44:45.936+0000] {processor.py:153} INFO - Started process (PID=260) to work on /usr/local/lib/python3.9/site-packages/airflow/example_dags/example_short_circuit_decorator.py
[2024-09-24T18:44:45.937+0000] {processor.py:743} INFO - Processing file /usr/local/lib/python3.9/site-packages/airflow/example_dags/example_short_circuit_decorator.py for tasks to queue
[2024-09-24T18:44:45.938+0000] {logging_mixin.py:137} INFO - [2024-09-24T18:44:45.937+0000] {dagbag.py:532} INFO - Filling up the DagBag from /usr/local/lib/python3.9/site-packages/airflow/example_dags/example_short_circuit_decorator.py
[2024-09-24T18:44:45.951+0000] {processor.py:753} INFO - DAG(s) dict_keys(['example_short_circuit_decorator']) retrieved from /usr/local/lib/python3.9/site-packages/airflow/example_dags/example_short_circuit_decorator.py
[2024-09-24T18:44:46.016+0000] {logging_mixin.py:137} INFO - [2024-09-24T18:44:46.016+0000] {manager.py:504} INFO - Created Permission View: can read on DAG:example_short_circuit_decorator
[2024-09-24T18:44:46.020+0000] {logging_mixin.py:137} INFO - [2024-09-24T18:44:46.020+0000] {manager.py:504} INFO - Created Permission View: can edit on DAG:example_short_circuit_decorator
[2024-09-24T18:44:46.023+0000] {logging_mixin.py:137} INFO - [2024-09-24T18:44:46.023+0000] {manager.py:504} INFO - Created Permission View: can delete on DAG:example_short_circuit_decorator
[2024-09-24T18:44:46.023+0000] {logging_mixin.py:137} INFO - [2024-09-24T18:44:46.023+0000] {dag.py:2705} INFO - Sync 1 DAGs
[2024-09-24T18:44:46.028+0000] {logging_mixin.py:137} INFO - [2024-09-24T18:44:46.028+0000] {dag.py:2726} INFO - Creating ORM DAG for example_short_circuit_decorator
[2024-09-24T18:44:46.034+0000] {logging_mixin.py:137} INFO - [2024-09-24T18:44:46.034+0000] {dag.py:3452} INFO - Setting next_dagrun for example_short_circuit_decorator to 2024-09-23T18:44:46.034363+00:00, run_after=2024-09-24T18:44:46.034363+00:00
[2024-09-24T18:44:46.042+0000] {processor.py:175} INFO - Processing /usr/local/lib/python3.9/site-packages/airflow/example_dags/example_short_circuit_decorator.py took 0.108 seconds
[2024-09-24T18:45:16.505+0000] {processor.py:153} INFO - Started process (PID=475) to work on /usr/local/lib/python3.9/site-packages/airflow/example_dags/example_short_circuit_decorator.py
[2024-09-24T18:45:16.508+0000] {processor.py:743} INFO - Processing file /usr/local/lib/python3.9/site-packages/airflow/example_dags/example_short_circuit_decorator.py for tasks to queue
[2024-09-24T18:45:16.508+0000] {logging_mixin.py:137} INFO - [2024-09-24T18:45:16.508+0000] {dagbag.py:532} INFO - Filling up the DagBag from /usr/local/lib/python3.9/site-packages/airflow/example_dags/example_short_circuit_decorator.py
[2024-09-24T18:45:16.521+0000] {processor.py:753} INFO - DAG(s) dict_keys(['example_short_circuit_decorator']) retrieved from /usr/local/lib/python3.9/site-packages/airflow/example_dags/example_short_circuit_decorator.py
[2024-09-24T18:45:16.535+0000] {logging_mixin.py:137} INFO - [2024-09-24T18:45:16.535+0000] {dag.py:2705} INFO - Sync 1 DAGs
[2024-09-24T18:45:16.551+0000] {logging_mixin.py:137} INFO - [2024-09-24T18:45:16.551+0000] {dag.py:3452} INFO - Setting next_dagrun for example_short_circuit_decorator to 2024-09-23T18:45:16.551507+00:00, run_after=2024-09-24T18:45:16.551507+00:00
[2024-09-24T18:45:16.565+0000] {processor.py:175} INFO - Processing /usr/local/lib/python3.9/site-packages/airflow/example_dags/example_short_circuit_decorator.py took 0.061 seconds
[2024-09-24T18:45:47.197+0000] {processor.py:153} INFO - Started process (PID=686) to work on /usr/local/lib/python3.9/site-packages/airflow/example_dags/example_short_circuit_decorator.py
[2024-09-24T18:45:47.198+0000] {processor.py:743} INFO - Processing file /usr/local/lib/python3.9/site-packages/airflow/example_dags/example_short_circuit_decorator.py for tasks to queue
[2024-09-24T18:45:47.198+0000] {logging_mixin.py:137} INFO - [2024-09-24T18:45:47.198+0000] {dagbag.py:532} INFO - Filling up the DagBag from /usr/local/lib/python3.9/site-packages/airflow/example_dags/example_short_circuit_decorator.py
[2024-09-24T18:45:47.210+0000] {processor.py:753} INFO - DAG(s) dict_keys(['example_short_circuit_decorator']) retrieved from /usr/local/lib/python3.9/site-packages/airflow/example_dags/example_short_circuit_decorator.py
[2024-09-24T18:45:47.222+0000] {logging_mixin.py:137} INFO - [2024-09-24T18:45:47.221+0000] {dag.py:2705} INFO - Sync 1 DAGs
[2024-09-24T18:45:47.230+0000] {logging_mixin.py:137} INFO - [2024-09-24T18:45:47.230+0000] {dag.py:3452} INFO - Setting next_dagrun for example_short_circuit_decorator to 2024-09-23T18:45:47.230485+00:00, run_after=2024-09-24T18:45:47.230485+00:00
[2024-09-24T18:45:47.258+0000] {processor.py:175} INFO - Processing /usr/local/lib/python3.9/site-packages/airflow/example_dags/example_short_circuit_decorator.py took 0.063 seconds
[2024-09-24T18:46:17.836+0000] {processor.py:153} INFO - Started process (PID=896) to work on /usr/local/lib/python3.9/site-packages/airflow/example_dags/example_short_circuit_decorator.py
[2024-09-24T18:46:17.837+0000] {processor.py:743} INFO - Processing file /usr/local/lib/python3.9/site-packages/airflow/example_dags/example_short_circuit_decorator.py for tasks to queue
[2024-09-24T18:46:17.837+0000] {logging_mixin.py:137} INFO - [2024-09-24T18:46:17.837+0000] {dagbag.py:532} INFO - Filling up the DagBag from /usr/local/lib/python3.9/site-packages/airflow/example_dags/example_short_circuit_decorator.py
[2024-09-24T18:46:17.851+0000] {processor.py:753} INFO - DAG(s) dict_keys(['example_short_circuit_decorator']) retrieved from /usr/local/lib/python3.9/site-packages/airflow/example_dags/example_short_circuit_decorator.py
[2024-09-24T18:46:17.865+0000] {logging_mixin.py:137} INFO - [2024-09-24T18:46:17.865+0000] {dag.py:2705} INFO - Sync 1 DAGs
[2024-09-24T18:46:17.875+0000] {logging_mixin.py:137} INFO - [2024-09-24T18:46:17.875+0000] {dag.py:3452} INFO - Setting next_dagrun for example_short_circuit_decorator to 2024-09-23T18:46:17.874986+00:00, run_after=2024-09-24T18:46:17.874986+00:00
[2024-09-24T18:46:17.883+0000] {processor.py:175} INFO - Processing /usr/local/lib/python3.9/site-packages/airflow/example_dags/example_short_circuit_decorator.py took 0.050 seconds
[2024-09-24T18:46:50.170+0000] {processor.py:153} INFO - Started process (PID=1101) to work on /usr/local/lib/python3.9/site-packages/airflow/example_dags/example_short_circuit_decorator.py
[2024-09-24T18:46:50.172+0000] {processor.py:743} INFO - Processing file /usr/local/lib/python3.9/site-packages/airflow/example_dags/example_short_circuit_decorator.py for tasks to queue
[2024-09-24T18:46:50.172+0000] {logging_mixin.py:137} INFO - [2024-09-24T18:46:50.172+0000] {dagbag.py:532} INFO - Filling up the DagBag from /usr/local/lib/python3.9/site-packages/airflow/example_dags/example_short_circuit_decorator.py
[2024-09-24T18:46:50.195+0000] {processor.py:753} INFO - DAG(s) dict_keys(['example_short_circuit_decorator']) retrieved from /usr/local/lib/python3.9/site-packages/airflow/example_dags/example_short_circuit_decorator.py
[2024-09-24T18:46:50.227+0000] {logging_mixin.py:137} INFO - [2024-09-24T18:46:50.227+0000] {dag.py:2705} INFO - Sync 1 DAGs
[2024-09-24T18:46:50.247+0000] {logging_mixin.py:137} INFO - [2024-09-24T18:46:50.247+0000] {dag.py:3452} INFO - Setting next_dagrun for example_short_circuit_decorator to 2024-09-23T18:46:50.247247+00:00, run_after=2024-09-24T18:46:50.247247+00:00
[2024-09-24T18:46:50.280+0000] {processor.py:175} INFO - Processing /usr/local/lib/python3.9/site-packages/airflow/example_dags/example_short_circuit_decorator.py took 0.115 seconds
[2024-09-24T18:47:23.129+0000] {processor.py:153} INFO - Started process (PID=1318) to work on /usr/local/lib/python3.9/site-packages/airflow/example_dags/example_short_circuit_decorator.py
[2024-09-24T18:47:23.130+0000] {processor.py:743} INFO - Processing file /usr/local/lib/python3.9/site-packages/airflow/example_dags/example_short_circuit_decorator.py for tasks to queue
[2024-09-24T18:47:23.131+0000] {logging_mixin.py:137} INFO - [2024-09-24T18:47:23.131+0000] {dagbag.py:532} INFO - Filling up the DagBag from /usr/local/lib/python3.9/site-packages/airflow/example_dags/example_short_circuit_decorator.py
[2024-09-24T18:47:23.150+0000] {processor.py:753} INFO - DAG(s) dict_keys(['example_short_circuit_decorator']) retrieved from /usr/local/lib/python3.9/site-packages/airflow/example_dags/example_short_circuit_decorator.py
[2024-09-24T18:47:23.181+0000] {logging_mixin.py:137} INFO - [2024-09-24T18:47:23.180+0000] {dag.py:2705} INFO - Sync 1 DAGs
[2024-09-24T18:47:23.195+0000] {logging_mixin.py:137} INFO - [2024-09-24T18:47:23.195+0000] {dag.py:3452} INFO - Setting next_dagrun for example_short_circuit_decorator to 2024-09-23T18:47:23.195470+00:00, run_after=2024-09-24T18:47:23.195470+00:00
[2024-09-24T18:47:23.209+0000] {processor.py:175} INFO - Processing /usr/local/lib/python3.9/site-packages/airflow/example_dags/example_short_circuit_decorator.py took 0.083 seconds
[2024-09-24T18:47:54.574+0000] {processor.py:153} INFO - Started process (PID=1524) to work on /usr/local/lib/python3.9/site-packages/airflow/example_dags/example_short_circuit_decorator.py
[2024-09-24T18:47:54.577+0000] {processor.py:743} INFO - Processing file /usr/local/lib/python3.9/site-packages/airflow/example_dags/example_short_circuit_decorator.py for tasks to queue
[2024-09-24T18:47:54.577+0000] {logging_mixin.py:137} INFO - [2024-09-24T18:47:54.577+0000] {dagbag.py:532} INFO - Filling up the DagBag from /usr/local/lib/python3.9/site-packages/airflow/example_dags/example_short_circuit_decorator.py
[2024-09-24T18:47:54.595+0000] {processor.py:753} INFO - DAG(s) dict_keys(['example_short_circuit_decorator']) retrieved from /usr/local/lib/python3.9/site-packages/airflow/example_dags/example_short_circuit_decorator.py
[2024-09-24T18:47:54.605+0000] {logging_mixin.py:137} INFO - [2024-09-24T18:47:54.605+0000] {dag.py:2705} INFO - Sync 1 DAGs
[2024-09-24T18:47:54.615+0000] {logging_mixin.py:137} INFO - [2024-09-24T18:47:54.614+0000] {dag.py:3452} INFO - Setting next_dagrun for example_short_circuit_decorator to 2024-09-23T18:47:54.614828+00:00, run_after=2024-09-24T18:47:54.614828+00:00
[2024-09-24T18:47:54.622+0000] {processor.py:175} INFO - Processing /usr/local/lib/python3.9/site-packages/airflow/example_dags/example_short_circuit_decorator.py took 0.067 seconds
[2024-09-24T18:48:29.980+0000] {processor.py:153} INFO - Started process (PID=1735) to work on /usr/local/lib/python3.9/site-packages/airflow/example_dags/example_short_circuit_decorator.py
[2024-09-24T18:48:29.983+0000] {processor.py:743} INFO - Processing file /usr/local/lib/python3.9/site-packages/airflow/example_dags/example_short_circuit_decorator.py for tasks to queue
[2024-09-24T18:48:29.983+0000] {logging_mixin.py:137} INFO - [2024-09-24T18:48:29.983+0000] {dagbag.py:532} INFO - Filling up the DagBag from /usr/local/lib/python3.9/site-packages/airflow/example_dags/example_short_circuit_decorator.py
[2024-09-24T18:48:30.000+0000] {processor.py:753} INFO - DAG(s) dict_keys(['example_short_circuit_decorator']) retrieved from /usr/local/lib/python3.9/site-packages/airflow/example_dags/example_short_circuit_decorator.py
[2024-09-24T18:48:30.017+0000] {logging_mixin.py:137} INFO - [2024-09-24T18:48:30.017+0000] {dag.py:2705} INFO - Sync 1 DAGs
[2024-09-24T18:48:30.027+0000] {logging_mixin.py:137} INFO - [2024-09-24T18:48:30.026+0000] {dag.py:3452} INFO - Setting next_dagrun for example_short_circuit_decorator to 2024-09-23T18:48:30.026868+00:00, run_after=2024-09-24T18:48:30.026868+00:00
[2024-09-24T18:48:30.099+0000] {processor.py:175} INFO - Processing /usr/local/lib/python3.9/site-packages/airflow/example_dags/example_short_circuit_decorator.py took 0.121 seconds
[2024-09-24T18:49:00.257+0000] {processor.py:153} INFO - Started process (PID=1946) to work on /usr/local/lib/python3.9/site-packages/airflow/example_dags/example_short_circuit_decorator.py
[2024-09-24T18:49:00.261+0000] {processor.py:743} INFO - Processing file /usr/local/lib/python3.9/site-packages/airflow/example_dags/example_short_circuit_decorator.py for tasks to queue
[2024-09-24T18:49:00.261+0000] {logging_mixin.py:137} INFO - [2024-09-24T18:49:00.261+0000] {dagbag.py:532} INFO - Filling up the DagBag from /usr/local/lib/python3.9/site-packages/airflow/example_dags/example_short_circuit_decorator.py
[2024-09-24T18:49:00.275+0000] {processor.py:753} INFO - DAG(s) dict_keys(['example_short_circuit_decorator']) retrieved from /usr/local/lib/python3.9/site-packages/airflow/example_dags/example_short_circuit_decorator.py
[2024-09-24T18:49:00.291+0000] {logging_mixin.py:137} INFO - [2024-09-24T18:49:00.291+0000] {dag.py:2705} INFO - Sync 1 DAGs
[2024-09-24T18:49:00.371+0000] {logging_mixin.py:137} INFO - [2024-09-24T18:49:00.371+0000] {dag.py:3452} INFO - Setting next_dagrun for example_short_circuit_decorator to 2024-09-23T18:49:00.370892+00:00, run_after=2024-09-24T18:49:00.370892+00:00
[2024-09-24T18:49:00.381+0000] {processor.py:175} INFO - Processing /usr/local/lib/python3.9/site-packages/airflow/example_dags/example_short_circuit_decorator.py took 0.126 seconds
[2024-09-24T18:49:31.020+0000] {processor.py:153} INFO - Started process (PID=2159) to work on /usr/local/lib/python3.9/site-packages/airflow/example_dags/example_short_circuit_decorator.py
[2024-09-24T18:49:31.021+0000] {processor.py:743} INFO - Processing file /usr/local/lib/python3.9/site-packages/airflow/example_dags/example_short_circuit_decorator.py for tasks to queue
[2024-09-24T18:49:31.021+0000] {logging_mixin.py:137} INFO - [2024-09-24T18:49:31.021+0000] {dagbag.py:532} INFO - Filling up the DagBag from /usr/local/lib/python3.9/site-packages/airflow/example_dags/example_short_circuit_decorator.py
[2024-09-24T18:49:31.032+0000] {processor.py:753} INFO - DAG(s) dict_keys(['example_short_circuit_decorator']) retrieved from /usr/local/lib/python3.9/site-packages/airflow/example_dags/example_short_circuit_decorator.py
[2024-09-24T18:49:31.089+0000] {logging_mixin.py:137} INFO - [2024-09-24T18:49:31.089+0000] {dag.py:2705} INFO - Sync 1 DAGs
[2024-09-24T18:49:31.097+0000] {logging_mixin.py:137} INFO - [2024-09-24T18:49:31.097+0000] {dag.py:3452} INFO - Setting next_dagrun for example_short_circuit_decorator to 2024-09-23T18:49:31.097287+00:00, run_after=2024-09-24T18:49:31.097287+00:00
[2024-09-24T18:49:31.103+0000] {processor.py:175} INFO - Processing /usr/local/lib/python3.9/site-packages/airflow/example_dags/example_short_circuit_decorator.py took 0.085 seconds
[2024-09-24T18:50:01.580+0000] {processor.py:153} INFO - Started process (PID=2367) to work on /usr/local/lib/python3.9/site-packages/airflow/example_dags/example_short_circuit_decorator.py
[2024-09-24T18:50:01.583+0000] {processor.py:743} INFO - Processing file /usr/local/lib/python3.9/site-packages/airflow/example_dags/example_short_circuit_decorator.py for tasks to queue
[2024-09-24T18:50:01.584+0000] {logging_mixin.py:137} INFO - [2024-09-24T18:50:01.584+0000] {dagbag.py:532} INFO - Filling up the DagBag from /usr/local/lib/python3.9/site-packages/airflow/example_dags/example_short_circuit_decorator.py
[2024-09-24T18:50:01.649+0000] {processor.py:753} INFO - DAG(s) dict_keys(['example_short_circuit_decorator']) retrieved from /usr/local/lib/python3.9/site-packages/airflow/example_dags/example_short_circuit_decorator.py
[2024-09-24T18:50:01.658+0000] {logging_mixin.py:137} INFO - [2024-09-24T18:50:01.658+0000] {dag.py:2705} INFO - Sync 1 DAGs
[2024-09-24T18:50:01.666+0000] {logging_mixin.py:137} INFO - [2024-09-24T18:50:01.666+0000] {dag.py:3452} INFO - Setting next_dagrun for example_short_circuit_decorator to 2024-09-23T18:50:01.666520+00:00, run_after=2024-09-24T18:50:01.666520+00:00
[2024-09-24T18:50:01.675+0000] {processor.py:175} INFO - Processing /usr/local/lib/python3.9/site-packages/airflow/example_dags/example_short_circuit_decorator.py took 0.097 seconds
[2024-09-24T18:50:32.592+0000] {processor.py:153} INFO - Started process (PID=2578) to work on /usr/local/lib/python3.9/site-packages/airflow/example_dags/example_short_circuit_decorator.py
[2024-09-24T18:50:32.596+0000] {processor.py:743} INFO - Processing file /usr/local/lib/python3.9/site-packages/airflow/example_dags/example_short_circuit_decorator.py for tasks to queue
[2024-09-24T18:50:32.596+0000] {logging_mixin.py:137} INFO - [2024-09-24T18:50:32.596+0000] {dagbag.py:532} INFO - Filling up the DagBag from /usr/local/lib/python3.9/site-packages/airflow/example_dags/example_short_circuit_decorator.py
[2024-09-24T18:50:32.610+0000] {processor.py:753} INFO - DAG(s) dict_keys(['example_short_circuit_decorator']) retrieved from /usr/local/lib/python3.9/site-packages/airflow/example_dags/example_short_circuit_decorator.py
[2024-09-24T18:50:32.621+0000] {logging_mixin.py:137} INFO - [2024-09-24T18:50:32.621+0000] {dag.py:2705} INFO - Sync 1 DAGs
[2024-09-24T18:50:32.632+0000] {logging_mixin.py:137} INFO - [2024-09-24T18:50:32.632+0000] {dag.py:3452} INFO - Setting next_dagrun for example_short_circuit_decorator to 2024-09-23T18:50:32.632309+00:00, run_after=2024-09-24T18:50:32.632309+00:00
[2024-09-24T18:50:32.639+0000] {processor.py:175} INFO - Processing /usr/local/lib/python3.9/site-packages/airflow/example_dags/example_short_circuit_decorator.py took 0.049 seconds
[2024-09-24T18:51:03.850+0000] {processor.py:153} INFO - Started process (PID=2788) to work on /usr/local/lib/python3.9/site-packages/airflow/example_dags/example_short_circuit_decorator.py
[2024-09-24T18:51:03.856+0000] {processor.py:743} INFO - Processing file /usr/local/lib/python3.9/site-packages/airflow/example_dags/example_short_circuit_decorator.py for tasks to queue
[2024-09-24T18:51:03.858+0000] {logging_mixin.py:137} INFO - [2024-09-24T18:51:03.858+0000] {dagbag.py:532} INFO - Filling up the DagBag from /usr/local/lib/python3.9/site-packages/airflow/example_dags/example_short_circuit_decorator.py
[2024-09-24T18:51:03.935+0000] {processor.py:753} INFO - DAG(s) dict_keys(['example_short_circuit_decorator']) retrieved from /usr/local/lib/python3.9/site-packages/airflow/example_dags/example_short_circuit_decorator.py
[2024-09-24T18:51:04.031+0000] {logging_mixin.py:137} INFO - [2024-09-24T18:51:04.031+0000] {dag.py:2705} INFO - Sync 1 DAGs
[2024-09-24T18:51:04.059+0000] {logging_mixin.py:137} INFO - [2024-09-24T18:51:04.059+0000] {dag.py:3452} INFO - Setting next_dagrun for example_short_circuit_decorator to 2024-09-23T18:51:04.059486+00:00, run_after=2024-09-24T18:51:04.059486+00:00
[2024-09-24T18:51:04.143+0000] {processor.py:175} INFO - Processing /usr/local/lib/python3.9/site-packages/airflow/example_dags/example_short_circuit_decorator.py took 0.331 seconds
[2024-09-24T18:51:35.021+0000] {processor.py:153} INFO - Started process (PID=3000) to work on /usr/local/lib/python3.9/site-packages/airflow/example_dags/example_short_circuit_decorator.py
[2024-09-24T18:51:35.023+0000] {processor.py:743} INFO - Processing file /usr/local/lib/python3.9/site-packages/airflow/example_dags/example_short_circuit_decorator.py for tasks to queue
[2024-09-24T18:51:35.024+0000] {logging_mixin.py:137} INFO - [2024-09-24T18:51:35.024+0000] {dagbag.py:532} INFO - Filling up the DagBag from /usr/local/lib/python3.9/site-packages/airflow/example_dags/example_short_circuit_decorator.py
[2024-09-24T18:51:35.051+0000] {processor.py:753} INFO - DAG(s) dict_keys(['example_short_circuit_decorator']) retrieved from /usr/local/lib/python3.9/site-packages/airflow/example_dags/example_short_circuit_decorator.py
[2024-09-24T18:51:35.071+0000] {logging_mixin.py:137} INFO - [2024-09-24T18:51:35.071+0000] {dag.py:2705} INFO - Sync 1 DAGs
[2024-09-24T18:51:35.083+0000] {logging_mixin.py:137} INFO - [2024-09-24T18:51:35.083+0000] {dag.py:3452} INFO - Setting next_dagrun for example_short_circuit_decorator to 2024-09-23T18:51:35.083598+00:00, run_after=2024-09-24T18:51:35.083598+00:00
[2024-09-24T18:51:35.093+0000] {processor.py:175} INFO - Processing /usr/local/lib/python3.9/site-packages/airflow/example_dags/example_short_circuit_decorator.py took 0.083 seconds
[2024-09-24T18:52:06.063+0000] {processor.py:153} INFO - Started process (PID=3211) to work on /usr/local/lib/python3.9/site-packages/airflow/example_dags/example_short_circuit_decorator.py
[2024-09-24T18:52:06.064+0000] {processor.py:743} INFO - Processing file /usr/local/lib/python3.9/site-packages/airflow/example_dags/example_short_circuit_decorator.py for tasks to queue
[2024-09-24T18:52:06.065+0000] {logging_mixin.py:137} INFO - [2024-09-24T18:52:06.065+0000] {dagbag.py:532} INFO - Filling up the DagBag from /usr/local/lib/python3.9/site-packages/airflow/example_dags/example_short_circuit_decorator.py
[2024-09-24T18:52:06.105+0000] {processor.py:753} INFO - DAG(s) dict_keys(['example_short_circuit_decorator']) retrieved from /usr/local/lib/python3.9/site-packages/airflow/example_dags/example_short_circuit_decorator.py
[2024-09-24T18:52:06.123+0000] {logging_mixin.py:137} INFO - [2024-09-24T18:52:06.123+0000] {dag.py:2705} INFO - Sync 1 DAGs
[2024-09-24T18:52:06.139+0000] {logging_mixin.py:137} INFO - [2024-09-24T18:52:06.139+0000] {dag.py:3452} INFO - Setting next_dagrun for example_short_circuit_decorator to 2024-09-23T18:52:06.139226+00:00, run_after=2024-09-24T18:52:06.139226+00:00
[2024-09-24T18:52:06.148+0000] {processor.py:175} INFO - Processing /usr/local/lib/python3.9/site-packages/airflow/example_dags/example_short_circuit_decorator.py took 0.091 seconds
[2024-09-24T18:52:36.822+0000] {processor.py:153} INFO - Started process (PID=3422) to work on /usr/local/lib/python3.9/site-packages/airflow/example_dags/example_short_circuit_decorator.py
[2024-09-24T18:52:36.824+0000] {processor.py:743} INFO - Processing file /usr/local/lib/python3.9/site-packages/airflow/example_dags/example_short_circuit_decorator.py for tasks to queue
[2024-09-24T18:52:36.825+0000] {logging_mixin.py:137} INFO - [2024-09-24T18:52:36.825+0000] {dagbag.py:532} INFO - Filling up the DagBag from /usr/local/lib/python3.9/site-packages/airflow/example_dags/example_short_circuit_decorator.py
[2024-09-24T18:52:36.848+0000] {processor.py:753} INFO - DAG(s) dict_keys(['example_short_circuit_decorator']) retrieved from /usr/local/lib/python3.9/site-packages/airflow/example_dags/example_short_circuit_decorator.py
[2024-09-24T18:52:36.865+0000] {logging_mixin.py:137} INFO - [2024-09-24T18:52:36.864+0000] {dag.py:2705} INFO - Sync 1 DAGs
[2024-09-24T18:52:36.875+0000] {logging_mixin.py:137} INFO - [2024-09-24T18:52:36.875+0000] {dag.py:3452} INFO - Setting next_dagrun for example_short_circuit_decorator to 2024-09-23T18:52:36.875193+00:00, run_after=2024-09-24T18:52:36.875193+00:00
[2024-09-24T18:52:36.882+0000] {processor.py:175} INFO - Processing /usr/local/lib/python3.9/site-packages/airflow/example_dags/example_short_circuit_decorator.py took 0.063 seconds
[2024-09-24T18:53:07.124+0000] {processor.py:153} INFO - Started process (PID=3634) to work on /usr/local/lib/python3.9/site-packages/airflow/example_dags/example_short_circuit_decorator.py
[2024-09-24T18:53:07.128+0000] {processor.py:743} INFO - Processing file /usr/local/lib/python3.9/site-packages/airflow/example_dags/example_short_circuit_decorator.py for tasks to queue
[2024-09-24T18:53:07.129+0000] {logging_mixin.py:137} INFO - [2024-09-24T18:53:07.129+0000] {dagbag.py:532} INFO - Filling up the DagBag from /usr/local/lib/python3.9/site-packages/airflow/example_dags/example_short_circuit_decorator.py
[2024-09-24T18:53:07.168+0000] {processor.py:753} INFO - DAG(s) dict_keys(['example_short_circuit_decorator']) retrieved from /usr/local/lib/python3.9/site-packages/airflow/example_dags/example_short_circuit_decorator.py
[2024-09-24T18:53:07.187+0000] {logging_mixin.py:137} INFO - [2024-09-24T18:53:07.187+0000] {dag.py:2705} INFO - Sync 1 DAGs
[2024-09-24T18:53:07.208+0000] {logging_mixin.py:137} INFO - [2024-09-24T18:53:07.208+0000] {dag.py:3452} INFO - Setting next_dagrun for example_short_circuit_decorator to 2024-09-23T18:53:07.206873+00:00, run_after=2024-09-24T18:53:07.206873+00:00
[2024-09-24T18:53:07.222+0000] {processor.py:175} INFO - Processing /usr/local/lib/python3.9/site-packages/airflow/example_dags/example_short_circuit_decorator.py took 0.103 seconds
