[2024-09-24T15:58:42.754+0000] {processor.py:153} INFO - Started process (PID=280) to work on /usr/local/lib/python3.9/site-packages/airflow/example_dags/example_task_group.py
[2024-09-24T15:58:42.755+0000] {processor.py:743} INFO - Processing file /usr/local/lib/python3.9/site-packages/airflow/example_dags/example_task_group.py for tasks to queue
[2024-09-24T15:58:42.755+0000] {logging_mixin.py:137} INFO - [2024-09-24T15:58:42.755+0000] {dagbag.py:532} INFO - Filling up the DagBag from /usr/local/lib/python3.9/site-packages/airflow/example_dags/example_task_group.py
[2024-09-24T15:58:42.784+0000] {processor.py:753} INFO - DAG(s) dict_keys(['example_task_group']) retrieved from /usr/local/lib/python3.9/site-packages/airflow/example_dags/example_task_group.py
[2024-09-24T15:58:43.015+0000] {logging_mixin.py:137} INFO - [2024-09-24T15:58:43.015+0000] {manager.py:504} INFO - Created Permission View: can delete on DAG:example_task_group
[2024-09-24T15:58:43.023+0000] {logging_mixin.py:137} INFO - [2024-09-24T15:58:43.023+0000] {manager.py:504} INFO - Created Permission View: can read on DAG:example_task_group
[2024-09-24T15:58:43.030+0000] {logging_mixin.py:137} INFO - [2024-09-24T15:58:43.030+0000] {manager.py:504} INFO - Created Permission View: can edit on DAG:example_task_group
[2024-09-24T15:58:43.030+0000] {logging_mixin.py:137} INFO - [2024-09-24T15:58:43.030+0000] {dag.py:2705} INFO - Sync 1 DAGs
[2024-09-24T15:58:43.036+0000] {logging_mixin.py:137} INFO - [2024-09-24T15:58:43.036+0000] {dag.py:2726} INFO - Creating ORM DAG for example_task_group
[2024-09-24T15:58:43.042+0000] {logging_mixin.py:137} INFO - [2024-09-24T15:58:43.042+0000] {dag.py:3452} INFO - Setting next_dagrun for example_task_group to 2024-09-23T15:58:43.042069+00:00, run_after=2024-09-24T15:58:43.042069+00:00
[2024-09-24T15:58:43.052+0000] {processor.py:175} INFO - Processing /usr/local/lib/python3.9/site-packages/airflow/example_dags/example_task_group.py took 0.302 seconds
[2024-09-24T15:59:13.592+0000] {processor.py:153} INFO - Started process (PID=491) to work on /usr/local/lib/python3.9/site-packages/airflow/example_dags/example_task_group.py
[2024-09-24T15:59:13.593+0000] {processor.py:743} INFO - Processing file /usr/local/lib/python3.9/site-packages/airflow/example_dags/example_task_group.py for tasks to queue
[2024-09-24T15:59:13.594+0000] {logging_mixin.py:137} INFO - [2024-09-24T15:59:13.594+0000] {dagbag.py:532} INFO - Filling up the DagBag from /usr/local/lib/python3.9/site-packages/airflow/example_dags/example_task_group.py
[2024-09-24T15:59:13.612+0000] {processor.py:753} INFO - DAG(s) dict_keys(['example_task_group']) retrieved from /usr/local/lib/python3.9/site-packages/airflow/example_dags/example_task_group.py
[2024-09-24T15:59:13.630+0000] {logging_mixin.py:137} INFO - [2024-09-24T15:59:13.630+0000] {dag.py:2705} INFO - Sync 1 DAGs
[2024-09-24T15:59:13.652+0000] {logging_mixin.py:137} INFO - [2024-09-24T15:59:13.651+0000] {dag.py:3452} INFO - Setting next_dagrun for example_task_group to 2024-09-23T15:59:13.651725+00:00, run_after=2024-09-24T15:59:13.651725+00:00
[2024-09-24T15:59:13.676+0000] {processor.py:175} INFO - Processing /usr/local/lib/python3.9/site-packages/airflow/example_dags/example_task_group.py took 0.087 seconds
[2024-09-24T15:59:44.099+0000] {processor.py:153} INFO - Started process (PID=700) to work on /usr/local/lib/python3.9/site-packages/airflow/example_dags/example_task_group.py
[2024-09-24T15:59:44.101+0000] {processor.py:743} INFO - Processing file /usr/local/lib/python3.9/site-packages/airflow/example_dags/example_task_group.py for tasks to queue
[2024-09-24T15:59:44.101+0000] {logging_mixin.py:137} INFO - [2024-09-24T15:59:44.101+0000] {dagbag.py:532} INFO - Filling up the DagBag from /usr/local/lib/python3.9/site-packages/airflow/example_dags/example_task_group.py
[2024-09-24T15:59:44.109+0000] {processor.py:753} INFO - DAG(s) dict_keys(['example_task_group']) retrieved from /usr/local/lib/python3.9/site-packages/airflow/example_dags/example_task_group.py
[2024-09-24T15:59:44.128+0000] {logging_mixin.py:137} INFO - [2024-09-24T15:59:44.128+0000] {dag.py:2705} INFO - Sync 1 DAGs
[2024-09-24T15:59:44.158+0000] {logging_mixin.py:137} INFO - [2024-09-24T15:59:44.158+0000] {dag.py:3452} INFO - Setting next_dagrun for example_task_group to 2024-09-23T15:59:44.158607+00:00, run_after=2024-09-24T15:59:44.158607+00:00
[2024-09-24T15:59:44.172+0000] {processor.py:175} INFO - Processing /usr/local/lib/python3.9/site-packages/airflow/example_dags/example_task_group.py took 0.076 seconds
[2024-09-24T16:12:36.727+0000] {processor.py:153} INFO - Started process (PID=281) to work on /usr/local/lib/python3.9/site-packages/airflow/example_dags/example_task_group.py
[2024-09-24T16:12:36.729+0000] {processor.py:743} INFO - Processing file /usr/local/lib/python3.9/site-packages/airflow/example_dags/example_task_group.py for tasks to queue
[2024-09-24T16:12:36.732+0000] {logging_mixin.py:137} INFO - [2024-09-24T16:12:36.731+0000] {dagbag.py:532} INFO - Filling up the DagBag from /usr/local/lib/python3.9/site-packages/airflow/example_dags/example_task_group.py
[2024-09-24T16:12:36.760+0000] {processor.py:753} INFO - DAG(s) dict_keys(['example_task_group']) retrieved from /usr/local/lib/python3.9/site-packages/airflow/example_dags/example_task_group.py
[2024-09-24T16:12:36.993+0000] {logging_mixin.py:137} INFO - [2024-09-24T16:12:36.993+0000] {manager.py:504} INFO - Created Permission View: can read on DAG:example_task_group
[2024-09-24T16:12:37.005+0000] {logging_mixin.py:137} INFO - [2024-09-24T16:12:37.005+0000] {manager.py:504} INFO - Created Permission View: can edit on DAG:example_task_group
[2024-09-24T16:12:37.035+0000] {logging_mixin.py:137} INFO - [2024-09-24T16:12:37.034+0000] {manager.py:504} INFO - Created Permission View: can delete on DAG:example_task_group
[2024-09-24T16:12:37.038+0000] {logging_mixin.py:137} INFO - [2024-09-24T16:12:37.036+0000] {dag.py:2705} INFO - Sync 1 DAGs
[2024-09-24T16:12:37.063+0000] {logging_mixin.py:137} INFO - [2024-09-24T16:12:37.063+0000] {dag.py:2726} INFO - Creating ORM DAG for example_task_group
[2024-09-24T16:12:37.076+0000] {logging_mixin.py:137} INFO - [2024-09-24T16:12:37.076+0000] {dag.py:3452} INFO - Setting next_dagrun for example_task_group to 2024-09-23T16:12:37.075881+00:00, run_after=2024-09-24T16:12:37.075881+00:00
[2024-09-24T16:12:37.109+0000] {processor.py:175} INFO - Processing /usr/local/lib/python3.9/site-packages/airflow/example_dags/example_task_group.py took 0.384 seconds
[2024-09-24T16:13:18.589+0000] {processor.py:153} INFO - Started process (PID=496) to work on /usr/local/lib/python3.9/site-packages/airflow/example_dags/example_task_group.py
[2024-09-24T16:13:18.596+0000] {processor.py:743} INFO - Processing file /usr/local/lib/python3.9/site-packages/airflow/example_dags/example_task_group.py for tasks to queue
[2024-09-24T16:13:18.599+0000] {logging_mixin.py:137} INFO - [2024-09-24T16:13:18.599+0000] {dagbag.py:532} INFO - Filling up the DagBag from /usr/local/lib/python3.9/site-packages/airflow/example_dags/example_task_group.py
[2024-09-24T16:13:18.653+0000] {processor.py:753} INFO - DAG(s) dict_keys(['example_task_group']) retrieved from /usr/local/lib/python3.9/site-packages/airflow/example_dags/example_task_group.py
[2024-09-24T16:13:18.749+0000] {logging_mixin.py:137} INFO - [2024-09-24T16:13:18.749+0000] {dag.py:2705} INFO - Sync 1 DAGs
[2024-09-24T16:13:18.804+0000] {logging_mixin.py:137} INFO - [2024-09-24T16:13:18.804+0000] {dag.py:3452} INFO - Setting next_dagrun for example_task_group to 2024-09-23T16:13:18.798385+00:00, run_after=2024-09-24T16:13:18.798385+00:00
[2024-09-24T16:13:18.852+0000] {processor.py:175} INFO - Processing /usr/local/lib/python3.9/site-packages/airflow/example_dags/example_task_group.py took 0.290 seconds
[2024-09-24T16:13:49.615+0000] {processor.py:153} INFO - Started process (PID=707) to work on /usr/local/lib/python3.9/site-packages/airflow/example_dags/example_task_group.py
[2024-09-24T16:13:49.620+0000] {processor.py:743} INFO - Processing file /usr/local/lib/python3.9/site-packages/airflow/example_dags/example_task_group.py for tasks to queue
[2024-09-24T16:13:49.624+0000] {logging_mixin.py:137} INFO - [2024-09-24T16:13:49.623+0000] {dagbag.py:532} INFO - Filling up the DagBag from /usr/local/lib/python3.9/site-packages/airflow/example_dags/example_task_group.py
[2024-09-24T16:13:49.639+0000] {processor.py:753} INFO - DAG(s) dict_keys(['example_task_group']) retrieved from /usr/local/lib/python3.9/site-packages/airflow/example_dags/example_task_group.py
[2024-09-24T16:13:49.667+0000] {logging_mixin.py:137} INFO - [2024-09-24T16:13:49.667+0000] {dag.py:2705} INFO - Sync 1 DAGs
[2024-09-24T16:13:49.684+0000] {logging_mixin.py:137} INFO - [2024-09-24T16:13:49.684+0000] {dag.py:3452} INFO - Setting next_dagrun for example_task_group to 2024-09-23T16:13:49.684137+00:00, run_after=2024-09-24T16:13:49.684137+00:00
[2024-09-24T16:13:49.696+0000] {processor.py:175} INFO - Processing /usr/local/lib/python3.9/site-packages/airflow/example_dags/example_task_group.py took 0.084 seconds
[2024-09-24T16:14:21.407+0000] {processor.py:153} INFO - Started process (PID=918) to work on /usr/local/lib/python3.9/site-packages/airflow/example_dags/example_task_group.py
[2024-09-24T16:14:21.412+0000] {processor.py:743} INFO - Processing file /usr/local/lib/python3.9/site-packages/airflow/example_dags/example_task_group.py for tasks to queue
[2024-09-24T16:14:21.412+0000] {logging_mixin.py:137} INFO - [2024-09-24T16:14:21.412+0000] {dagbag.py:532} INFO - Filling up the DagBag from /usr/local/lib/python3.9/site-packages/airflow/example_dags/example_task_group.py
[2024-09-24T16:14:21.472+0000] {processor.py:753} INFO - DAG(s) dict_keys(['example_task_group']) retrieved from /usr/local/lib/python3.9/site-packages/airflow/example_dags/example_task_group.py
[2024-09-24T16:14:24.302+0000] {logging_mixin.py:137} INFO - [2024-09-24T16:14:24.302+0000] {dag.py:2705} INFO - Sync 1 DAGs
[2024-09-24T16:14:24.329+0000] {logging_mixin.py:137} INFO - [2024-09-24T16:14:24.329+0000] {dag.py:3452} INFO - Setting next_dagrun for example_task_group to 2024-09-23T16:14:24.328858+00:00, run_after=2024-09-24T16:14:24.328858+00:00
[2024-09-24T16:14:24.432+0000] {processor.py:175} INFO - Processing /usr/local/lib/python3.9/site-packages/airflow/example_dags/example_task_group.py took 3.033 seconds
[2024-09-24T16:14:54.821+0000] {processor.py:153} INFO - Started process (PID=1127) to work on /usr/local/lib/python3.9/site-packages/airflow/example_dags/example_task_group.py
[2024-09-24T16:14:54.825+0000] {processor.py:743} INFO - Processing file /usr/local/lib/python3.9/site-packages/airflow/example_dags/example_task_group.py for tasks to queue
[2024-09-24T16:14:54.830+0000] {logging_mixin.py:137} INFO - [2024-09-24T16:14:54.830+0000] {dagbag.py:532} INFO - Filling up the DagBag from /usr/local/lib/python3.9/site-packages/airflow/example_dags/example_task_group.py
[2024-09-24T16:14:54.907+0000] {processor.py:753} INFO - DAG(s) dict_keys(['example_task_group']) retrieved from /usr/local/lib/python3.9/site-packages/airflow/example_dags/example_task_group.py
[2024-09-24T16:14:55.075+0000] {logging_mixin.py:137} INFO - [2024-09-24T16:14:55.074+0000] {dag.py:2705} INFO - Sync 1 DAGs
[2024-09-24T16:14:55.398+0000] {logging_mixin.py:137} INFO - [2024-09-24T16:14:55.397+0000] {dag.py:3452} INFO - Setting next_dagrun for example_task_group to 2024-09-23T16:14:55.395103+00:00, run_after=2024-09-24T16:14:55.395103+00:00
[2024-09-24T16:14:55.578+0000] {processor.py:175} INFO - Processing /usr/local/lib/python3.9/site-packages/airflow/example_dags/example_task_group.py took 0.764 seconds
[2024-09-24T16:15:26.750+0000] {processor.py:153} INFO - Started process (PID=1340) to work on /usr/local/lib/python3.9/site-packages/airflow/example_dags/example_task_group.py
[2024-09-24T16:15:26.758+0000] {processor.py:743} INFO - Processing file /usr/local/lib/python3.9/site-packages/airflow/example_dags/example_task_group.py for tasks to queue
[2024-09-24T16:15:26.758+0000] {logging_mixin.py:137} INFO - [2024-09-24T16:15:26.758+0000] {dagbag.py:532} INFO - Filling up the DagBag from /usr/local/lib/python3.9/site-packages/airflow/example_dags/example_task_group.py
[2024-09-24T16:15:26.767+0000] {processor.py:753} INFO - DAG(s) dict_keys(['example_task_group']) retrieved from /usr/local/lib/python3.9/site-packages/airflow/example_dags/example_task_group.py
[2024-09-24T16:15:26.831+0000] {logging_mixin.py:137} INFO - [2024-09-24T16:15:26.831+0000] {dag.py:2705} INFO - Sync 1 DAGs
[2024-09-24T16:15:26.842+0000] {logging_mixin.py:137} INFO - [2024-09-24T16:15:26.842+0000] {dag.py:3452} INFO - Setting next_dagrun for example_task_group to 2024-09-23T16:15:26.842142+00:00, run_after=2024-09-24T16:15:26.842142+00:00
[2024-09-24T16:15:26.851+0000] {processor.py:175} INFO - Processing /usr/local/lib/python3.9/site-packages/airflow/example_dags/example_task_group.py took 0.103 seconds
[2024-09-24T16:15:57.728+0000] {processor.py:153} INFO - Started process (PID=1544) to work on /usr/local/lib/python3.9/site-packages/airflow/example_dags/example_task_group.py
[2024-09-24T16:15:57.730+0000] {processor.py:743} INFO - Processing file /usr/local/lib/python3.9/site-packages/airflow/example_dags/example_task_group.py for tasks to queue
[2024-09-24T16:15:57.731+0000] {logging_mixin.py:137} INFO - [2024-09-24T16:15:57.731+0000] {dagbag.py:532} INFO - Filling up the DagBag from /usr/local/lib/python3.9/site-packages/airflow/example_dags/example_task_group.py
[2024-09-24T16:15:57.763+0000] {processor.py:753} INFO - DAG(s) dict_keys(['example_task_group']) retrieved from /usr/local/lib/python3.9/site-packages/airflow/example_dags/example_task_group.py
[2024-09-24T16:15:57.805+0000] {logging_mixin.py:137} INFO - [2024-09-24T16:15:57.804+0000] {dag.py:2705} INFO - Sync 1 DAGs
[2024-09-24T16:15:57.822+0000] {logging_mixin.py:137} INFO - [2024-09-24T16:15:57.822+0000] {dag.py:3452} INFO - Setting next_dagrun for example_task_group to 2024-09-23T16:15:57.822121+00:00, run_after=2024-09-24T16:15:57.822121+00:00
[2024-09-24T16:15:57.837+0000] {processor.py:175} INFO - Processing /usr/local/lib/python3.9/site-packages/airflow/example_dags/example_task_group.py took 0.113 seconds
[2024-09-24T16:16:28.089+0000] {processor.py:153} INFO - Started process (PID=1756) to work on /usr/local/lib/python3.9/site-packages/airflow/example_dags/example_task_group.py
[2024-09-24T16:16:28.093+0000] {processor.py:743} INFO - Processing file /usr/local/lib/python3.9/site-packages/airflow/example_dags/example_task_group.py for tasks to queue
[2024-09-24T16:16:28.094+0000] {logging_mixin.py:137} INFO - [2024-09-24T16:16:28.094+0000] {dagbag.py:532} INFO - Filling up the DagBag from /usr/local/lib/python3.9/site-packages/airflow/example_dags/example_task_group.py
[2024-09-24T16:16:28.121+0000] {processor.py:753} INFO - DAG(s) dict_keys(['example_task_group']) retrieved from /usr/local/lib/python3.9/site-packages/airflow/example_dags/example_task_group.py
[2024-09-24T16:16:28.141+0000] {logging_mixin.py:137} INFO - [2024-09-24T16:16:28.141+0000] {dag.py:2705} INFO - Sync 1 DAGs
[2024-09-24T16:16:28.157+0000] {logging_mixin.py:137} INFO - [2024-09-24T16:16:28.156+0000] {dag.py:3452} INFO - Setting next_dagrun for example_task_group to 2024-09-23T16:16:28.156655+00:00, run_after=2024-09-24T16:16:28.156655+00:00
[2024-09-24T16:16:28.171+0000] {processor.py:175} INFO - Processing /usr/local/lib/python3.9/site-packages/airflow/example_dags/example_task_group.py took 0.087 seconds
[2024-09-24T16:16:58.843+0000] {processor.py:153} INFO - Started process (PID=1966) to work on /usr/local/lib/python3.9/site-packages/airflow/example_dags/example_task_group.py
[2024-09-24T16:16:58.844+0000] {processor.py:743} INFO - Processing file /usr/local/lib/python3.9/site-packages/airflow/example_dags/example_task_group.py for tasks to queue
[2024-09-24T16:16:58.846+0000] {logging_mixin.py:137} INFO - [2024-09-24T16:16:58.846+0000] {dagbag.py:532} INFO - Filling up the DagBag from /usr/local/lib/python3.9/site-packages/airflow/example_dags/example_task_group.py
[2024-09-24T16:16:58.862+0000] {processor.py:753} INFO - DAG(s) dict_keys(['example_task_group']) retrieved from /usr/local/lib/python3.9/site-packages/airflow/example_dags/example_task_group.py
[2024-09-24T16:16:58.882+0000] {logging_mixin.py:137} INFO - [2024-09-24T16:16:58.882+0000] {dag.py:2705} INFO - Sync 1 DAGs
[2024-09-24T16:16:58.894+0000] {logging_mixin.py:137} INFO - [2024-09-24T16:16:58.894+0000] {dag.py:3452} INFO - Setting next_dagrun for example_task_group to 2024-09-23T16:16:58.894101+00:00, run_after=2024-09-24T16:16:58.894101+00:00
[2024-09-24T16:16:58.987+0000] {processor.py:175} INFO - Processing /usr/local/lib/python3.9/site-packages/airflow/example_dags/example_task_group.py took 0.149 seconds
[2024-09-24T16:17:29.052+0000] {processor.py:153} INFO - Started process (PID=2178) to work on /usr/local/lib/python3.9/site-packages/airflow/example_dags/example_task_group.py
[2024-09-24T16:17:29.056+0000] {processor.py:743} INFO - Processing file /usr/local/lib/python3.9/site-packages/airflow/example_dags/example_task_group.py for tasks to queue
[2024-09-24T16:17:29.057+0000] {logging_mixin.py:137} INFO - [2024-09-24T16:17:29.057+0000] {dagbag.py:532} INFO - Filling up the DagBag from /usr/local/lib/python3.9/site-packages/airflow/example_dags/example_task_group.py
[2024-09-24T16:17:29.068+0000] {processor.py:753} INFO - DAG(s) dict_keys(['example_task_group']) retrieved from /usr/local/lib/python3.9/site-packages/airflow/example_dags/example_task_group.py
[2024-09-24T16:17:29.081+0000] {logging_mixin.py:137} INFO - [2024-09-24T16:17:29.081+0000] {dag.py:2705} INFO - Sync 1 DAGs
[2024-09-24T16:17:29.148+0000] {logging_mixin.py:137} INFO - [2024-09-24T16:17:29.148+0000] {dag.py:3452} INFO - Setting next_dagrun for example_task_group to 2024-09-23T16:17:29.148208+00:00, run_after=2024-09-24T16:17:29.148208+00:00
[2024-09-24T16:17:29.159+0000] {processor.py:175} INFO - Processing /usr/local/lib/python3.9/site-packages/airflow/example_dags/example_task_group.py took 0.109 seconds
[2024-09-24T16:17:59.822+0000] {processor.py:153} INFO - Started process (PID=2388) to work on /usr/local/lib/python3.9/site-packages/airflow/example_dags/example_task_group.py
[2024-09-24T16:17:59.824+0000] {processor.py:743} INFO - Processing file /usr/local/lib/python3.9/site-packages/airflow/example_dags/example_task_group.py for tasks to queue
[2024-09-24T16:17:59.825+0000] {logging_mixin.py:137} INFO - [2024-09-24T16:17:59.825+0000] {dagbag.py:532} INFO - Filling up the DagBag from /usr/local/lib/python3.9/site-packages/airflow/example_dags/example_task_group.py
[2024-09-24T16:17:59.892+0000] {processor.py:753} INFO - DAG(s) dict_keys(['example_task_group']) retrieved from /usr/local/lib/python3.9/site-packages/airflow/example_dags/example_task_group.py
[2024-09-24T16:17:59.904+0000] {logging_mixin.py:137} INFO - [2024-09-24T16:17:59.904+0000] {dag.py:2705} INFO - Sync 1 DAGs
[2024-09-24T16:17:59.914+0000] {logging_mixin.py:137} INFO - [2024-09-24T16:17:59.914+0000] {dag.py:3452} INFO - Setting next_dagrun for example_task_group to 2024-09-23T16:17:59.914692+00:00, run_after=2024-09-24T16:17:59.914692+00:00
[2024-09-24T16:17:59.924+0000] {processor.py:175} INFO - Processing /usr/local/lib/python3.9/site-packages/airflow/example_dags/example_task_group.py took 0.105 seconds
[2024-09-24T17:55:51.443+0000] {processor.py:153} INFO - Started process (PID=279) to work on /usr/local/lib/python3.9/site-packages/airflow/example_dags/example_task_group.py
[2024-09-24T17:55:51.445+0000] {processor.py:743} INFO - Processing file /usr/local/lib/python3.9/site-packages/airflow/example_dags/example_task_group.py for tasks to queue
[2024-09-24T17:55:51.445+0000] {logging_mixin.py:137} INFO - [2024-09-24T17:55:51.445+0000] {dagbag.py:532} INFO - Filling up the DagBag from /usr/local/lib/python3.9/site-packages/airflow/example_dags/example_task_group.py
[2024-09-24T17:55:51.453+0000] {processor.py:753} INFO - DAG(s) dict_keys(['example_task_group']) retrieved from /usr/local/lib/python3.9/site-packages/airflow/example_dags/example_task_group.py
[2024-09-24T17:55:51.461+0000] {logging_mixin.py:137} INFO - [2024-09-24T17:55:51.461+0000] {dag.py:2705} INFO - Sync 1 DAGs
[2024-09-24T17:55:51.474+0000] {logging_mixin.py:137} INFO - [2024-09-24T17:55:51.474+0000] {dag.py:3452} INFO - Setting next_dagrun for example_task_group to 2024-09-23T17:55:51.474105+00:00, run_after=2024-09-24T17:55:51.474105+00:00
[2024-09-24T17:55:51.487+0000] {processor.py:175} INFO - Processing /usr/local/lib/python3.9/site-packages/airflow/example_dags/example_task_group.py took 0.045 seconds
[2024-09-24T17:56:24.795+0000] {processor.py:153} INFO - Started process (PID=497) to work on /usr/local/lib/python3.9/site-packages/airflow/example_dags/example_task_group.py
[2024-09-24T17:56:24.796+0000] {processor.py:743} INFO - Processing file /usr/local/lib/python3.9/site-packages/airflow/example_dags/example_task_group.py for tasks to queue
[2024-09-24T17:56:24.797+0000] {logging_mixin.py:137} INFO - [2024-09-24T17:56:24.797+0000] {dagbag.py:532} INFO - Filling up the DagBag from /usr/local/lib/python3.9/site-packages/airflow/example_dags/example_task_group.py
[2024-09-24T17:56:24.839+0000] {processor.py:753} INFO - DAG(s) dict_keys(['example_task_group']) retrieved from /usr/local/lib/python3.9/site-packages/airflow/example_dags/example_task_group.py
[2024-09-24T17:56:24.869+0000] {logging_mixin.py:137} INFO - [2024-09-24T17:56:24.868+0000] {dag.py:2705} INFO - Sync 1 DAGs
[2024-09-24T17:56:24.897+0000] {logging_mixin.py:137} INFO - [2024-09-24T17:56:24.897+0000] {dag.py:3452} INFO - Setting next_dagrun for example_task_group to 2024-09-23T17:56:24.896800+00:00, run_after=2024-09-24T17:56:24.896800+00:00
[2024-09-24T17:56:24.920+0000] {processor.py:175} INFO - Processing /usr/local/lib/python3.9/site-packages/airflow/example_dags/example_task_group.py took 0.128 seconds
[2024-09-24T18:44:46.266+0000] {processor.py:153} INFO - Started process (PID=285) to work on /usr/local/lib/python3.9/site-packages/airflow/example_dags/example_task_group.py
[2024-09-24T18:44:46.267+0000] {processor.py:743} INFO - Processing file /usr/local/lib/python3.9/site-packages/airflow/example_dags/example_task_group.py for tasks to queue
[2024-09-24T18:44:46.267+0000] {logging_mixin.py:137} INFO - [2024-09-24T18:44:46.267+0000] {dagbag.py:532} INFO - Filling up the DagBag from /usr/local/lib/python3.9/site-packages/airflow/example_dags/example_task_group.py
[2024-09-24T18:44:46.276+0000] {processor.py:753} INFO - DAG(s) dict_keys(['example_task_group']) retrieved from /usr/local/lib/python3.9/site-packages/airflow/example_dags/example_task_group.py
[2024-09-24T18:44:46.340+0000] {logging_mixin.py:137} INFO - [2024-09-24T18:44:46.340+0000] {manager.py:504} INFO - Created Permission View: can read on DAG:example_task_group
[2024-09-24T18:44:46.344+0000] {logging_mixin.py:137} INFO - [2024-09-24T18:44:46.344+0000] {manager.py:504} INFO - Created Permission View: can edit on DAG:example_task_group
[2024-09-24T18:44:46.348+0000] {logging_mixin.py:137} INFO - [2024-09-24T18:44:46.348+0000] {manager.py:504} INFO - Created Permission View: can delete on DAG:example_task_group
[2024-09-24T18:44:46.348+0000] {logging_mixin.py:137} INFO - [2024-09-24T18:44:46.348+0000] {dag.py:2705} INFO - Sync 1 DAGs
[2024-09-24T18:44:46.355+0000] {logging_mixin.py:137} INFO - [2024-09-24T18:44:46.354+0000] {dag.py:2726} INFO - Creating ORM DAG for example_task_group
[2024-09-24T18:44:46.360+0000] {logging_mixin.py:137} INFO - [2024-09-24T18:44:46.360+0000] {dag.py:3452} INFO - Setting next_dagrun for example_task_group to 2024-09-23T18:44:46.360397+00:00, run_after=2024-09-24T18:44:46.360397+00:00
[2024-09-24T18:44:46.370+0000] {processor.py:175} INFO - Processing /usr/local/lib/python3.9/site-packages/airflow/example_dags/example_task_group.py took 0.106 seconds
[2024-09-24T18:45:16.755+0000] {processor.py:153} INFO - Started process (PID=500) to work on /usr/local/lib/python3.9/site-packages/airflow/example_dags/example_task_group.py
[2024-09-24T18:45:16.757+0000] {processor.py:743} INFO - Processing file /usr/local/lib/python3.9/site-packages/airflow/example_dags/example_task_group.py for tasks to queue
[2024-09-24T18:45:16.758+0000] {logging_mixin.py:137} INFO - [2024-09-24T18:45:16.757+0000] {dagbag.py:532} INFO - Filling up the DagBag from /usr/local/lib/python3.9/site-packages/airflow/example_dags/example_task_group.py
[2024-09-24T18:45:16.769+0000] {processor.py:753} INFO - DAG(s) dict_keys(['example_task_group']) retrieved from /usr/local/lib/python3.9/site-packages/airflow/example_dags/example_task_group.py
[2024-09-24T18:45:16.797+0000] {logging_mixin.py:137} INFO - [2024-09-24T18:45:16.796+0000] {dag.py:2705} INFO - Sync 1 DAGs
[2024-09-24T18:45:16.814+0000] {logging_mixin.py:137} INFO - [2024-09-24T18:45:16.813+0000] {dag.py:3452} INFO - Setting next_dagrun for example_task_group to 2024-09-23T18:45:16.813631+00:00, run_after=2024-09-24T18:45:16.813631+00:00
[2024-09-24T18:45:16.826+0000] {processor.py:175} INFO - Processing /usr/local/lib/python3.9/site-packages/airflow/example_dags/example_task_group.py took 0.073 seconds
[2024-09-24T18:45:47.604+0000] {processor.py:153} INFO - Started process (PID=711) to work on /usr/local/lib/python3.9/site-packages/airflow/example_dags/example_task_group.py
[2024-09-24T18:45:47.606+0000] {processor.py:743} INFO - Processing file /usr/local/lib/python3.9/site-packages/airflow/example_dags/example_task_group.py for tasks to queue
[2024-09-24T18:45:47.607+0000] {logging_mixin.py:137} INFO - [2024-09-24T18:45:47.607+0000] {dagbag.py:532} INFO - Filling up the DagBag from /usr/local/lib/python3.9/site-packages/airflow/example_dags/example_task_group.py
[2024-09-24T18:45:47.614+0000] {processor.py:753} INFO - DAG(s) dict_keys(['example_task_group']) retrieved from /usr/local/lib/python3.9/site-packages/airflow/example_dags/example_task_group.py
[2024-09-24T18:45:47.627+0000] {logging_mixin.py:137} INFO - [2024-09-24T18:45:47.627+0000] {dag.py:2705} INFO - Sync 1 DAGs
[2024-09-24T18:45:47.636+0000] {logging_mixin.py:137} INFO - [2024-09-24T18:45:47.636+0000] {dag.py:3452} INFO - Setting next_dagrun for example_task_group to 2024-09-23T18:45:47.636601+00:00, run_after=2024-09-24T18:45:47.636601+00:00
[2024-09-24T18:45:47.696+0000] {processor.py:175} INFO - Processing /usr/local/lib/python3.9/site-packages/airflow/example_dags/example_task_group.py took 0.095 seconds
[2024-09-24T18:46:18.195+0000] {processor.py:153} INFO - Started process (PID=922) to work on /usr/local/lib/python3.9/site-packages/airflow/example_dags/example_task_group.py
[2024-09-24T18:46:18.197+0000] {processor.py:743} INFO - Processing file /usr/local/lib/python3.9/site-packages/airflow/example_dags/example_task_group.py for tasks to queue
[2024-09-24T18:46:18.197+0000] {logging_mixin.py:137} INFO - [2024-09-24T18:46:18.197+0000] {dagbag.py:532} INFO - Filling up the DagBag from /usr/local/lib/python3.9/site-packages/airflow/example_dags/example_task_group.py
[2024-09-24T18:46:18.207+0000] {processor.py:753} INFO - DAG(s) dict_keys(['example_task_group']) retrieved from /usr/local/lib/python3.9/site-packages/airflow/example_dags/example_task_group.py
[2024-09-24T18:46:18.223+0000] {logging_mixin.py:137} INFO - [2024-09-24T18:46:18.223+0000] {dag.py:2705} INFO - Sync 1 DAGs
[2024-09-24T18:46:18.235+0000] {logging_mixin.py:137} INFO - [2024-09-24T18:46:18.235+0000] {dag.py:3452} INFO - Setting next_dagrun for example_task_group to 2024-09-23T18:46:18.235282+00:00, run_after=2024-09-24T18:46:18.235282+00:00
[2024-09-24T18:46:18.248+0000] {processor.py:175} INFO - Processing /usr/local/lib/python3.9/site-packages/airflow/example_dags/example_task_group.py took 0.055 seconds
[2024-09-24T18:46:51.267+0000] {processor.py:153} INFO - Started process (PID=1133) to work on /usr/local/lib/python3.9/site-packages/airflow/example_dags/example_task_group.py
[2024-09-24T18:46:51.276+0000] {processor.py:743} INFO - Processing file /usr/local/lib/python3.9/site-packages/airflow/example_dags/example_task_group.py for tasks to queue
[2024-09-24T18:46:51.279+0000] {logging_mixin.py:137} INFO - [2024-09-24T18:46:51.279+0000] {dagbag.py:532} INFO - Filling up the DagBag from /usr/local/lib/python3.9/site-packages/airflow/example_dags/example_task_group.py
[2024-09-24T18:46:51.332+0000] {processor.py:753} INFO - DAG(s) dict_keys(['example_task_group']) retrieved from /usr/local/lib/python3.9/site-packages/airflow/example_dags/example_task_group.py
[2024-09-24T18:46:51.420+0000] {logging_mixin.py:137} INFO - [2024-09-24T18:46:51.418+0000] {dag.py:2705} INFO - Sync 1 DAGs
[2024-09-24T18:46:51.466+0000] {logging_mixin.py:137} INFO - [2024-09-24T18:46:51.465+0000] {dag.py:3452} INFO - Setting next_dagrun for example_task_group to 2024-09-23T18:46:51.464687+00:00, run_after=2024-09-24T18:46:51.464687+00:00
[2024-09-24T18:46:51.504+0000] {processor.py:175} INFO - Processing /usr/local/lib/python3.9/site-packages/airflow/example_dags/example_task_group.py took 0.241 seconds
[2024-09-24T18:47:24.001+0000] {processor.py:153} INFO - Started process (PID=1344) to work on /usr/local/lib/python3.9/site-packages/airflow/example_dags/example_task_group.py
[2024-09-24T18:47:24.004+0000] {processor.py:743} INFO - Processing file /usr/local/lib/python3.9/site-packages/airflow/example_dags/example_task_group.py for tasks to queue
[2024-09-24T18:47:24.005+0000] {logging_mixin.py:137} INFO - [2024-09-24T18:47:24.004+0000] {dagbag.py:532} INFO - Filling up the DagBag from /usr/local/lib/python3.9/site-packages/airflow/example_dags/example_task_group.py
[2024-09-24T18:47:24.081+0000] {processor.py:753} INFO - DAG(s) dict_keys(['example_task_group']) retrieved from /usr/local/lib/python3.9/site-packages/airflow/example_dags/example_task_group.py
[2024-09-24T18:47:24.186+0000] {logging_mixin.py:137} INFO - [2024-09-24T18:47:24.185+0000] {dag.py:2705} INFO - Sync 1 DAGs
[2024-09-24T18:47:24.223+0000] {logging_mixin.py:137} INFO - [2024-09-24T18:47:24.223+0000] {dag.py:3452} INFO - Setting next_dagrun for example_task_group to 2024-09-23T18:47:24.222210+00:00, run_after=2024-09-24T18:47:24.222210+00:00
[2024-09-24T18:47:24.244+0000] {processor.py:175} INFO - Processing /usr/local/lib/python3.9/site-packages/airflow/example_dags/example_task_group.py took 0.262 seconds
[2024-09-24T18:47:54.759+0000] {processor.py:153} INFO - Started process (PID=1551) to work on /usr/local/lib/python3.9/site-packages/airflow/example_dags/example_task_group.py
[2024-09-24T18:47:54.761+0000] {processor.py:743} INFO - Processing file /usr/local/lib/python3.9/site-packages/airflow/example_dags/example_task_group.py for tasks to queue
[2024-09-24T18:47:54.761+0000] {logging_mixin.py:137} INFO - [2024-09-24T18:47:54.761+0000] {dagbag.py:532} INFO - Filling up the DagBag from /usr/local/lib/python3.9/site-packages/airflow/example_dags/example_task_group.py
[2024-09-24T18:47:54.771+0000] {processor.py:753} INFO - DAG(s) dict_keys(['example_task_group']) retrieved from /usr/local/lib/python3.9/site-packages/airflow/example_dags/example_task_group.py
[2024-09-24T18:47:54.786+0000] {logging_mixin.py:137} INFO - [2024-09-24T18:47:54.786+0000] {dag.py:2705} INFO - Sync 1 DAGs
[2024-09-24T18:47:54.795+0000] {logging_mixin.py:137} INFO - [2024-09-24T18:47:54.795+0000] {dag.py:3452} INFO - Setting next_dagrun for example_task_group to 2024-09-23T18:47:54.795247+00:00, run_after=2024-09-24T18:47:54.795247+00:00
[2024-09-24T18:47:54.802+0000] {processor.py:175} INFO - Processing /usr/local/lib/python3.9/site-packages/airflow/example_dags/example_task_group.py took 0.045 seconds
[2024-09-24T18:48:30.216+0000] {processor.py:153} INFO - Started process (PID=1760) to work on /usr/local/lib/python3.9/site-packages/airflow/example_dags/example_task_group.py
[2024-09-24T18:48:30.218+0000] {processor.py:743} INFO - Processing file /usr/local/lib/python3.9/site-packages/airflow/example_dags/example_task_group.py for tasks to queue
[2024-09-24T18:48:30.219+0000] {logging_mixin.py:137} INFO - [2024-09-24T18:48:30.219+0000] {dagbag.py:532} INFO - Filling up the DagBag from /usr/local/lib/python3.9/site-packages/airflow/example_dags/example_task_group.py
[2024-09-24T18:48:30.233+0000] {processor.py:753} INFO - DAG(s) dict_keys(['example_task_group']) retrieved from /usr/local/lib/python3.9/site-packages/airflow/example_dags/example_task_group.py
[2024-09-24T18:48:30.252+0000] {logging_mixin.py:137} INFO - [2024-09-24T18:48:30.252+0000] {dag.py:2705} INFO - Sync 1 DAGs
[2024-09-24T18:48:30.266+0000] {logging_mixin.py:137} INFO - [2024-09-24T18:48:30.266+0000] {dag.py:3452} INFO - Setting next_dagrun for example_task_group to 2024-09-23T18:48:30.266298+00:00, run_after=2024-09-24T18:48:30.266298+00:00
[2024-09-24T18:48:30.276+0000] {processor.py:175} INFO - Processing /usr/local/lib/python3.9/site-packages/airflow/example_dags/example_task_group.py took 0.061 seconds
[2024-09-24T18:49:00.646+0000] {processor.py:153} INFO - Started process (PID=1971) to work on /usr/local/lib/python3.9/site-packages/airflow/example_dags/example_task_group.py
[2024-09-24T18:49:00.648+0000] {processor.py:743} INFO - Processing file /usr/local/lib/python3.9/site-packages/airflow/example_dags/example_task_group.py for tasks to queue
[2024-09-24T18:49:00.648+0000] {logging_mixin.py:137} INFO - [2024-09-24T18:49:00.648+0000] {dagbag.py:532} INFO - Filling up the DagBag from /usr/local/lib/python3.9/site-packages/airflow/example_dags/example_task_group.py
[2024-09-24T18:49:00.679+0000] {processor.py:753} INFO - DAG(s) dict_keys(['example_task_group']) retrieved from /usr/local/lib/python3.9/site-packages/airflow/example_dags/example_task_group.py
[2024-09-24T18:49:00.689+0000] {logging_mixin.py:137} INFO - [2024-09-24T18:49:00.689+0000] {dag.py:2705} INFO - Sync 1 DAGs
[2024-09-24T18:49:00.781+0000] {logging_mixin.py:137} INFO - [2024-09-24T18:49:00.781+0000] {dag.py:3452} INFO - Setting next_dagrun for example_task_group to 2024-09-23T18:49:00.781127+00:00, run_after=2024-09-24T18:49:00.781127+00:00
[2024-09-24T18:49:00.838+0000] {processor.py:175} INFO - Processing /usr/local/lib/python3.9/site-packages/airflow/example_dags/example_task_group.py took 0.194 seconds
[2024-09-24T18:49:31.324+0000] {processor.py:153} INFO - Started process (PID=2184) to work on /usr/local/lib/python3.9/site-packages/airflow/example_dags/example_task_group.py
[2024-09-24T18:49:31.325+0000] {processor.py:743} INFO - Processing file /usr/local/lib/python3.9/site-packages/airflow/example_dags/example_task_group.py for tasks to queue
[2024-09-24T18:49:31.326+0000] {logging_mixin.py:137} INFO - [2024-09-24T18:49:31.325+0000] {dagbag.py:532} INFO - Filling up the DagBag from /usr/local/lib/python3.9/site-packages/airflow/example_dags/example_task_group.py
[2024-09-24T18:49:31.333+0000] {processor.py:753} INFO - DAG(s) dict_keys(['example_task_group']) retrieved from /usr/local/lib/python3.9/site-packages/airflow/example_dags/example_task_group.py
[2024-09-24T18:49:31.399+0000] {logging_mixin.py:137} INFO - [2024-09-24T18:49:31.399+0000] {dag.py:2705} INFO - Sync 1 DAGs
[2024-09-24T18:49:31.408+0000] {logging_mixin.py:137} INFO - [2024-09-24T18:49:31.408+0000] {dag.py:3452} INFO - Setting next_dagrun for example_task_group to 2024-09-23T18:49:31.408389+00:00, run_after=2024-09-24T18:49:31.408389+00:00
[2024-09-24T18:49:31.414+0000] {processor.py:175} INFO - Processing /usr/local/lib/python3.9/site-packages/airflow/example_dags/example_task_group.py took 0.092 seconds
[2024-09-24T18:50:01.889+0000] {processor.py:153} INFO - Started process (PID=2395) to work on /usr/local/lib/python3.9/site-packages/airflow/example_dags/example_task_group.py
[2024-09-24T18:50:01.889+0000] {processor.py:743} INFO - Processing file /usr/local/lib/python3.9/site-packages/airflow/example_dags/example_task_group.py for tasks to queue
[2024-09-24T18:50:01.889+0000] {logging_mixin.py:137} INFO - [2024-09-24T18:50:01.889+0000] {dagbag.py:532} INFO - Filling up the DagBag from /usr/local/lib/python3.9/site-packages/airflow/example_dags/example_task_group.py
[2024-09-24T18:50:01.941+0000] {processor.py:753} INFO - DAG(s) dict_keys(['example_task_group']) retrieved from /usr/local/lib/python3.9/site-packages/airflow/example_dags/example_task_group.py
[2024-09-24T18:50:01.949+0000] {logging_mixin.py:137} INFO - [2024-09-24T18:50:01.949+0000] {dag.py:2705} INFO - Sync 1 DAGs
[2024-09-24T18:50:01.957+0000] {logging_mixin.py:137} INFO - [2024-09-24T18:50:01.957+0000] {dag.py:3452} INFO - Setting next_dagrun for example_task_group to 2024-09-23T18:50:01.957010+00:00, run_after=2024-09-24T18:50:01.957010+00:00
[2024-09-24T18:50:01.963+0000] {processor.py:175} INFO - Processing /usr/local/lib/python3.9/site-packages/airflow/example_dags/example_task_group.py took 0.075 seconds
[2024-09-24T18:50:32.731+0000] {processor.py:153} INFO - Started process (PID=2604) to work on /usr/local/lib/python3.9/site-packages/airflow/example_dags/example_task_group.py
[2024-09-24T18:50:32.732+0000] {processor.py:743} INFO - Processing file /usr/local/lib/python3.9/site-packages/airflow/example_dags/example_task_group.py for tasks to queue
[2024-09-24T18:50:32.733+0000] {logging_mixin.py:137} INFO - [2024-09-24T18:50:32.733+0000] {dagbag.py:532} INFO - Filling up the DagBag from /usr/local/lib/python3.9/site-packages/airflow/example_dags/example_task_group.py
[2024-09-24T18:50:32.740+0000] {processor.py:753} INFO - DAG(s) dict_keys(['example_task_group']) retrieved from /usr/local/lib/python3.9/site-packages/airflow/example_dags/example_task_group.py
[2024-09-24T18:50:32.752+0000] {logging_mixin.py:137} INFO - [2024-09-24T18:50:32.752+0000] {dag.py:2705} INFO - Sync 1 DAGs
[2024-09-24T18:50:32.762+0000] {logging_mixin.py:137} INFO - [2024-09-24T18:50:32.761+0000] {dag.py:3452} INFO - Setting next_dagrun for example_task_group to 2024-09-23T18:50:32.761844+00:00, run_after=2024-09-24T18:50:32.761844+00:00
[2024-09-24T18:50:32.769+0000] {processor.py:175} INFO - Processing /usr/local/lib/python3.9/site-packages/airflow/example_dags/example_task_group.py took 0.039 seconds
[2024-09-24T18:51:05.582+0000] {processor.py:153} INFO - Started process (PID=2815) to work on /usr/local/lib/python3.9/site-packages/airflow/example_dags/example_task_group.py
[2024-09-24T18:51:05.587+0000] {processor.py:743} INFO - Processing file /usr/local/lib/python3.9/site-packages/airflow/example_dags/example_task_group.py for tasks to queue
[2024-09-24T18:51:05.588+0000] {logging_mixin.py:137} INFO - [2024-09-24T18:51:05.588+0000] {dagbag.py:532} INFO - Filling up the DagBag from /usr/local/lib/python3.9/site-packages/airflow/example_dags/example_task_group.py
[2024-09-24T18:51:05.634+0000] {processor.py:753} INFO - DAG(s) dict_keys(['example_task_group']) retrieved from /usr/local/lib/python3.9/site-packages/airflow/example_dags/example_task_group.py
[2024-09-24T18:51:05.729+0000] {logging_mixin.py:137} INFO - [2024-09-24T18:51:05.728+0000] {dag.py:2705} INFO - Sync 1 DAGs
[2024-09-24T18:51:05.856+0000] {logging_mixin.py:137} INFO - [2024-09-24T18:51:05.856+0000] {dag.py:3452} INFO - Setting next_dagrun for example_task_group to 2024-09-23T18:51:05.856014+00:00, run_after=2024-09-24T18:51:05.856014+00:00
[2024-09-24T18:51:05.926+0000] {processor.py:175} INFO - Processing /usr/local/lib/python3.9/site-packages/airflow/example_dags/example_task_group.py took 0.356 seconds
[2024-09-24T18:51:36.231+0000] {processor.py:153} INFO - Started process (PID=3028) to work on /usr/local/lib/python3.9/site-packages/airflow/example_dags/example_task_group.py
[2024-09-24T18:51:36.232+0000] {processor.py:743} INFO - Processing file /usr/local/lib/python3.9/site-packages/airflow/example_dags/example_task_group.py for tasks to queue
[2024-09-24T18:51:36.232+0000] {logging_mixin.py:137} INFO - [2024-09-24T18:51:36.232+0000] {dagbag.py:532} INFO - Filling up the DagBag from /usr/local/lib/python3.9/site-packages/airflow/example_dags/example_task_group.py
[2024-09-24T18:51:36.238+0000] {processor.py:753} INFO - DAG(s) dict_keys(['example_task_group']) retrieved from /usr/local/lib/python3.9/site-packages/airflow/example_dags/example_task_group.py
[2024-09-24T18:51:36.248+0000] {logging_mixin.py:137} INFO - [2024-09-24T18:51:36.248+0000] {dag.py:2705} INFO - Sync 1 DAGs
[2024-09-24T18:51:36.256+0000] {logging_mixin.py:137} INFO - [2024-09-24T18:51:36.256+0000] {dag.py:3452} INFO - Setting next_dagrun for example_task_group to 2024-09-23T18:51:36.256428+00:00, run_after=2024-09-24T18:51:36.256428+00:00
[2024-09-24T18:51:36.263+0000] {processor.py:175} INFO - Processing /usr/local/lib/python3.9/site-packages/airflow/example_dags/example_task_group.py took 0.033 seconds
[2024-09-24T18:52:07.236+0000] {processor.py:153} INFO - Started process (PID=3239) to work on /usr/local/lib/python3.9/site-packages/airflow/example_dags/example_task_group.py
[2024-09-24T18:52:07.236+0000] {processor.py:743} INFO - Processing file /usr/local/lib/python3.9/site-packages/airflow/example_dags/example_task_group.py for tasks to queue
[2024-09-24T18:52:07.237+0000] {logging_mixin.py:137} INFO - [2024-09-24T18:52:07.236+0000] {dagbag.py:532} INFO - Filling up the DagBag from /usr/local/lib/python3.9/site-packages/airflow/example_dags/example_task_group.py
[2024-09-24T18:52:07.243+0000] {processor.py:753} INFO - DAG(s) dict_keys(['example_task_group']) retrieved from /usr/local/lib/python3.9/site-packages/airflow/example_dags/example_task_group.py
[2024-09-24T18:52:07.252+0000] {logging_mixin.py:137} INFO - [2024-09-24T18:52:07.252+0000] {dag.py:2705} INFO - Sync 1 DAGs
[2024-09-24T18:52:07.261+0000] {logging_mixin.py:137} INFO - [2024-09-24T18:52:07.261+0000] {dag.py:3452} INFO - Setting next_dagrun for example_task_group to 2024-09-23T18:52:07.261281+00:00, run_after=2024-09-24T18:52:07.261281+00:00
[2024-09-24T18:52:07.269+0000] {processor.py:175} INFO - Processing /usr/local/lib/python3.9/site-packages/airflow/example_dags/example_task_group.py took 0.035 seconds
[2024-09-24T18:52:38.022+0000] {processor.py:153} INFO - Started process (PID=3450) to work on /usr/local/lib/python3.9/site-packages/airflow/example_dags/example_task_group.py
[2024-09-24T18:52:38.022+0000] {processor.py:743} INFO - Processing file /usr/local/lib/python3.9/site-packages/airflow/example_dags/example_task_group.py for tasks to queue
[2024-09-24T18:52:38.022+0000] {logging_mixin.py:137} INFO - [2024-09-24T18:52:38.022+0000] {dagbag.py:532} INFO - Filling up the DagBag from /usr/local/lib/python3.9/site-packages/airflow/example_dags/example_task_group.py
[2024-09-24T18:52:38.030+0000] {processor.py:753} INFO - DAG(s) dict_keys(['example_task_group']) retrieved from /usr/local/lib/python3.9/site-packages/airflow/example_dags/example_task_group.py
[2024-09-24T18:52:38.041+0000] {logging_mixin.py:137} INFO - [2024-09-24T18:52:38.041+0000] {dag.py:2705} INFO - Sync 1 DAGs
[2024-09-24T18:52:38.051+0000] {logging_mixin.py:137} INFO - [2024-09-24T18:52:38.051+0000] {dag.py:3452} INFO - Setting next_dagrun for example_task_group to 2024-09-23T18:52:38.051042+00:00, run_after=2024-09-24T18:52:38.051042+00:00
[2024-09-24T18:52:38.058+0000] {processor.py:175} INFO - Processing /usr/local/lib/python3.9/site-packages/airflow/example_dags/example_task_group.py took 0.038 seconds
[2024-09-24T18:53:08.743+0000] {processor.py:153} INFO - Started process (PID=3661) to work on /usr/local/lib/python3.9/site-packages/airflow/example_dags/example_task_group.py
[2024-09-24T18:53:08.746+0000] {processor.py:743} INFO - Processing file /usr/local/lib/python3.9/site-packages/airflow/example_dags/example_task_group.py for tasks to queue
[2024-09-24T18:53:08.746+0000] {logging_mixin.py:137} INFO - [2024-09-24T18:53:08.746+0000] {dagbag.py:532} INFO - Filling up the DagBag from /usr/local/lib/python3.9/site-packages/airflow/example_dags/example_task_group.py
[2024-09-24T18:53:08.758+0000] {processor.py:753} INFO - DAG(s) dict_keys(['example_task_group']) retrieved from /usr/local/lib/python3.9/site-packages/airflow/example_dags/example_task_group.py
[2024-09-24T18:53:08.772+0000] {logging_mixin.py:137} INFO - [2024-09-24T18:53:08.772+0000] {dag.py:2705} INFO - Sync 1 DAGs
[2024-09-24T18:53:08.784+0000] {logging_mixin.py:137} INFO - [2024-09-24T18:53:08.784+0000] {dag.py:3452} INFO - Setting next_dagrun for example_task_group to 2024-09-23T18:53:08.784533+00:00, run_after=2024-09-24T18:53:08.784533+00:00
[2024-09-24T18:53:08.796+0000] {processor.py:175} INFO - Processing /usr/local/lib/python3.9/site-packages/airflow/example_dags/example_task_group.py took 0.062 seconds
