[2024-09-24T15:58:44.940+0000] {processor.py:153} INFO - Started process (PID=369) to work on /usr/local/lib/python3.9/site-packages/airflow/example_dags/example_kubernetes_executor.py
[2024-09-24T15:58:44.941+0000] {processor.py:743} INFO - Processing file /usr/local/lib/python3.9/site-packages/airflow/example_dags/example_kubernetes_executor.py for tasks to queue
[2024-09-24T15:58:44.942+0000] {logging_mixin.py:137} INFO - [2024-09-24T15:58:44.942+0000] {dagbag.py:532} INFO - Filling up the DagBag from /usr/local/lib/python3.9/site-packages/airflow/example_dags/example_kubernetes_executor.py
[2024-09-24T15:58:44.952+0000] {logging_mixin.py:137} INFO - [2024-09-24T15:58:44.952+0000] {example_kubernetes_executor.py:41} WARNING - The example_kubernetes_executor example DAG requires the kubernetes provider. Please install it with: pip install apache-airflow[cncf.kubernetes]
[2024-09-24T15:58:44.952+0000] {processor.py:755} WARNING - No viable dags retrieved from /usr/local/lib/python3.9/site-packages/airflow/example_dags/example_kubernetes_executor.py
[2024-09-24T15:58:44.959+0000] {processor.py:175} INFO - Processing /usr/local/lib/python3.9/site-packages/airflow/example_dags/example_kubernetes_executor.py took 0.021 seconds
[2024-09-24T15:59:15.417+0000] {processor.py:153} INFO - Started process (PID=575) to work on /usr/local/lib/python3.9/site-packages/airflow/example_dags/example_kubernetes_executor.py
[2024-09-24T15:59:15.426+0000] {processor.py:743} INFO - Processing file /usr/local/lib/python3.9/site-packages/airflow/example_dags/example_kubernetes_executor.py for tasks to queue
[2024-09-24T15:59:15.427+0000] {logging_mixin.py:137} INFO - [2024-09-24T15:59:15.426+0000] {dagbag.py:532} INFO - Filling up the DagBag from /usr/local/lib/python3.9/site-packages/airflow/example_dags/example_kubernetes_executor.py
[2024-09-24T15:59:15.439+0000] {logging_mixin.py:137} INFO - [2024-09-24T15:59:15.439+0000] {example_kubernetes_executor.py:41} WARNING - The example_kubernetes_executor example DAG requires the kubernetes provider. Please install it with: pip install apache-airflow[cncf.kubernetes]
[2024-09-24T15:59:15.441+0000] {processor.py:755} WARNING - No viable dags retrieved from /usr/local/lib/python3.9/site-packages/airflow/example_dags/example_kubernetes_executor.py
[2024-09-24T15:59:15.456+0000] {processor.py:175} INFO - Processing /usr/local/lib/python3.9/site-packages/airflow/example_dags/example_kubernetes_executor.py took 0.040 seconds
[2024-09-24T15:59:46.702+0000] {processor.py:153} INFO - Started process (PID=793) to work on /usr/local/lib/python3.9/site-packages/airflow/example_dags/example_kubernetes_executor.py
[2024-09-24T15:59:46.706+0000] {processor.py:743} INFO - Processing file /usr/local/lib/python3.9/site-packages/airflow/example_dags/example_kubernetes_executor.py for tasks to queue
[2024-09-24T15:59:46.706+0000] {logging_mixin.py:137} INFO - [2024-09-24T15:59:46.706+0000] {dagbag.py:532} INFO - Filling up the DagBag from /usr/local/lib/python3.9/site-packages/airflow/example_dags/example_kubernetes_executor.py
[2024-09-24T15:59:46.715+0000] {logging_mixin.py:137} INFO - [2024-09-24T15:59:46.715+0000] {example_kubernetes_executor.py:41} WARNING - The example_kubernetes_executor example DAG requires the kubernetes provider. Please install it with: pip install apache-airflow[cncf.kubernetes]
[2024-09-24T15:59:46.715+0000] {processor.py:755} WARNING - No viable dags retrieved from /usr/local/lib/python3.9/site-packages/airflow/example_dags/example_kubernetes_executor.py
[2024-09-24T15:59:46.722+0000] {processor.py:175} INFO - Processing /usr/local/lib/python3.9/site-packages/airflow/example_dags/example_kubernetes_executor.py took 0.022 seconds
[2024-09-24T16:12:39.284+0000] {processor.py:153} INFO - Started process (PID=370) to work on /usr/local/lib/python3.9/site-packages/airflow/example_dags/example_kubernetes_executor.py
[2024-09-24T16:12:39.285+0000] {processor.py:743} INFO - Processing file /usr/local/lib/python3.9/site-packages/airflow/example_dags/example_kubernetes_executor.py for tasks to queue
[2024-09-24T16:12:39.285+0000] {logging_mixin.py:137} INFO - [2024-09-24T16:12:39.285+0000] {dagbag.py:532} INFO - Filling up the DagBag from /usr/local/lib/python3.9/site-packages/airflow/example_dags/example_kubernetes_executor.py
[2024-09-24T16:12:39.294+0000] {logging_mixin.py:137} INFO - [2024-09-24T16:12:39.294+0000] {example_kubernetes_executor.py:41} WARNING - The example_kubernetes_executor example DAG requires the kubernetes provider. Please install it with: pip install apache-airflow[cncf.kubernetes]
[2024-09-24T16:12:39.294+0000] {processor.py:755} WARNING - No viable dags retrieved from /usr/local/lib/python3.9/site-packages/airflow/example_dags/example_kubernetes_executor.py
[2024-09-24T16:12:39.302+0000] {processor.py:175} INFO - Processing /usr/local/lib/python3.9/site-packages/airflow/example_dags/example_kubernetes_executor.py took 0.020 seconds
[2024-09-24T16:13:23.502+0000] {processor.py:153} INFO - Started process (PID=581) to work on /usr/local/lib/python3.9/site-packages/airflow/example_dags/example_kubernetes_executor.py
[2024-09-24T16:13:23.507+0000] {processor.py:743} INFO - Processing file /usr/local/lib/python3.9/site-packages/airflow/example_dags/example_kubernetes_executor.py for tasks to queue
[2024-09-24T16:13:23.514+0000] {logging_mixin.py:137} INFO - [2024-09-24T16:13:23.513+0000] {dagbag.py:532} INFO - Filling up the DagBag from /usr/local/lib/python3.9/site-packages/airflow/example_dags/example_kubernetes_executor.py
[2024-09-24T16:13:23.538+0000] {logging_mixin.py:137} INFO - [2024-09-24T16:13:23.538+0000] {example_kubernetes_executor.py:41} WARNING - The example_kubernetes_executor example DAG requires the kubernetes provider. Please install it with: pip install apache-airflow[cncf.kubernetes]
[2024-09-24T16:13:23.541+0000] {processor.py:755} WARNING - No viable dags retrieved from /usr/local/lib/python3.9/site-packages/airflow/example_dags/example_kubernetes_executor.py
[2024-09-24T16:13:23.626+0000] {processor.py:175} INFO - Processing /usr/local/lib/python3.9/site-packages/airflow/example_dags/example_kubernetes_executor.py took 0.128 seconds
[2024-09-24T16:13:53.724+0000] {processor.py:153} INFO - Started process (PID=791) to work on /usr/local/lib/python3.9/site-packages/airflow/example_dags/example_kubernetes_executor.py
[2024-09-24T16:13:53.728+0000] {processor.py:743} INFO - Processing file /usr/local/lib/python3.9/site-packages/airflow/example_dags/example_kubernetes_executor.py for tasks to queue
[2024-09-24T16:13:53.728+0000] {logging_mixin.py:137} INFO - [2024-09-24T16:13:53.728+0000] {dagbag.py:532} INFO - Filling up the DagBag from /usr/local/lib/python3.9/site-packages/airflow/example_dags/example_kubernetes_executor.py
[2024-09-24T16:13:53.739+0000] {logging_mixin.py:137} INFO - [2024-09-24T16:13:53.739+0000] {example_kubernetes_executor.py:41} WARNING - The example_kubernetes_executor example DAG requires the kubernetes provider. Please install it with: pip install apache-airflow[cncf.kubernetes]
[2024-09-24T16:13:53.740+0000] {processor.py:755} WARNING - No viable dags retrieved from /usr/local/lib/python3.9/site-packages/airflow/example_dags/example_kubernetes_executor.py
[2024-09-24T16:13:53.749+0000] {processor.py:175} INFO - Processing /usr/local/lib/python3.9/site-packages/airflow/example_dags/example_kubernetes_executor.py took 0.027 seconds
[2024-09-24T16:14:27.271+0000] {processor.py:153} INFO - Started process (PID=1003) to work on /usr/local/lib/python3.9/site-packages/airflow/example_dags/example_kubernetes_executor.py
[2024-09-24T16:14:27.273+0000] {processor.py:743} INFO - Processing file /usr/local/lib/python3.9/site-packages/airflow/example_dags/example_kubernetes_executor.py for tasks to queue
[2024-09-24T16:14:27.274+0000] {logging_mixin.py:137} INFO - [2024-09-24T16:14:27.273+0000] {dagbag.py:532} INFO - Filling up the DagBag from /usr/local/lib/python3.9/site-packages/airflow/example_dags/example_kubernetes_executor.py
[2024-09-24T16:14:27.313+0000] {logging_mixin.py:137} INFO - [2024-09-24T16:14:27.312+0000] {example_kubernetes_executor.py:41} WARNING - The example_kubernetes_executor example DAG requires the kubernetes provider. Please install it with: pip install apache-airflow[cncf.kubernetes]
[2024-09-24T16:14:27.317+0000] {processor.py:755} WARNING - No viable dags retrieved from /usr/local/lib/python3.9/site-packages/airflow/example_dags/example_kubernetes_executor.py
[2024-09-24T16:14:27.452+0000] {processor.py:175} INFO - Processing /usr/local/lib/python3.9/site-packages/airflow/example_dags/example_kubernetes_executor.py took 0.186 seconds
[2024-09-24T16:15:05.294+0000] {processor.py:153} INFO - Started process (PID=1214) to work on /usr/local/lib/python3.9/site-packages/airflow/example_dags/example_kubernetes_executor.py
[2024-09-24T16:15:05.296+0000] {processor.py:743} INFO - Processing file /usr/local/lib/python3.9/site-packages/airflow/example_dags/example_kubernetes_executor.py for tasks to queue
[2024-09-24T16:15:05.297+0000] {logging_mixin.py:137} INFO - [2024-09-24T16:15:05.297+0000] {dagbag.py:532} INFO - Filling up the DagBag from /usr/local/lib/python3.9/site-packages/airflow/example_dags/example_kubernetes_executor.py
[2024-09-24T16:15:05.316+0000] {logging_mixin.py:137} INFO - [2024-09-24T16:15:05.316+0000] {example_kubernetes_executor.py:41} WARNING - The example_kubernetes_executor example DAG requires the kubernetes provider. Please install it with: pip install apache-airflow[cncf.kubernetes]
[2024-09-24T16:15:05.316+0000] {processor.py:755} WARNING - No viable dags retrieved from /usr/local/lib/python3.9/site-packages/airflow/example_dags/example_kubernetes_executor.py
[2024-09-24T16:15:05.326+0000] {processor.py:175} INFO - Processing /usr/local/lib/python3.9/site-packages/airflow/example_dags/example_kubernetes_executor.py took 0.036 seconds
[2024-09-24T16:15:37.513+0000] {processor.py:153} INFO - Started process (PID=1425) to work on /usr/local/lib/python3.9/site-packages/airflow/example_dags/example_kubernetes_executor.py
[2024-09-24T16:15:37.517+0000] {processor.py:743} INFO - Processing file /usr/local/lib/python3.9/site-packages/airflow/example_dags/example_kubernetes_executor.py for tasks to queue
[2024-09-24T16:15:37.529+0000] {logging_mixin.py:137} INFO - [2024-09-24T16:15:37.529+0000] {dagbag.py:532} INFO - Filling up the DagBag from /usr/local/lib/python3.9/site-packages/airflow/example_dags/example_kubernetes_executor.py
[2024-09-24T16:15:37.558+0000] {logging_mixin.py:137} INFO - [2024-09-24T16:15:37.558+0000] {example_kubernetes_executor.py:41} WARNING - The example_kubernetes_executor example DAG requires the kubernetes provider. Please install it with: pip install apache-airflow[cncf.kubernetes]
[2024-09-24T16:15:37.561+0000] {processor.py:755} WARNING - No viable dags retrieved from /usr/local/lib/python3.9/site-packages/airflow/example_dags/example_kubernetes_executor.py
[2024-09-24T16:15:37.646+0000] {processor.py:175} INFO - Processing /usr/local/lib/python3.9/site-packages/airflow/example_dags/example_kubernetes_executor.py took 0.139 seconds
[2024-09-24T16:16:07.752+0000] {processor.py:153} INFO - Started process (PID=1636) to work on /usr/local/lib/python3.9/site-packages/airflow/example_dags/example_kubernetes_executor.py
[2024-09-24T16:16:07.753+0000] {processor.py:743} INFO - Processing file /usr/local/lib/python3.9/site-packages/airflow/example_dags/example_kubernetes_executor.py for tasks to queue
[2024-09-24T16:16:07.753+0000] {logging_mixin.py:137} INFO - [2024-09-24T16:16:07.753+0000] {dagbag.py:532} INFO - Filling up the DagBag from /usr/local/lib/python3.9/site-packages/airflow/example_dags/example_kubernetes_executor.py
[2024-09-24T16:16:07.763+0000] {logging_mixin.py:137} INFO - [2024-09-24T16:16:07.762+0000] {example_kubernetes_executor.py:41} WARNING - The example_kubernetes_executor example DAG requires the kubernetes provider. Please install it with: pip install apache-airflow[cncf.kubernetes]
[2024-09-24T16:16:07.763+0000] {processor.py:755} WARNING - No viable dags retrieved from /usr/local/lib/python3.9/site-packages/airflow/example_dags/example_kubernetes_executor.py
[2024-09-24T16:16:07.770+0000] {processor.py:175} INFO - Processing /usr/local/lib/python3.9/site-packages/airflow/example_dags/example_kubernetes_executor.py took 0.019 seconds
[2024-09-24T16:16:38.016+0000] {processor.py:153} INFO - Started process (PID=1842) to work on /usr/local/lib/python3.9/site-packages/airflow/example_dags/example_kubernetes_executor.py
[2024-09-24T16:16:38.018+0000] {processor.py:743} INFO - Processing file /usr/local/lib/python3.9/site-packages/airflow/example_dags/example_kubernetes_executor.py for tasks to queue
[2024-09-24T16:16:38.018+0000] {logging_mixin.py:137} INFO - [2024-09-24T16:16:38.018+0000] {dagbag.py:532} INFO - Filling up the DagBag from /usr/local/lib/python3.9/site-packages/airflow/example_dags/example_kubernetes_executor.py
[2024-09-24T16:16:38.029+0000] {logging_mixin.py:137} INFO - [2024-09-24T16:16:38.029+0000] {example_kubernetes_executor.py:41} WARNING - The example_kubernetes_executor example DAG requires the kubernetes provider. Please install it with: pip install apache-airflow[cncf.kubernetes]
[2024-09-24T16:16:38.029+0000] {processor.py:755} WARNING - No viable dags retrieved from /usr/local/lib/python3.9/site-packages/airflow/example_dags/example_kubernetes_executor.py
[2024-09-24T16:16:38.037+0000] {processor.py:175} INFO - Processing /usr/local/lib/python3.9/site-packages/airflow/example_dags/example_kubernetes_executor.py took 0.023 seconds
[2024-09-24T16:17:08.694+0000] {processor.py:153} INFO - Started process (PID=2058) to work on /usr/local/lib/python3.9/site-packages/airflow/example_dags/example_kubernetes_executor.py
[2024-09-24T16:17:08.699+0000] {processor.py:743} INFO - Processing file /usr/local/lib/python3.9/site-packages/airflow/example_dags/example_kubernetes_executor.py for tasks to queue
[2024-09-24T16:17:08.700+0000] {logging_mixin.py:137} INFO - [2024-09-24T16:17:08.700+0000] {dagbag.py:532} INFO - Filling up the DagBag from /usr/local/lib/python3.9/site-packages/airflow/example_dags/example_kubernetes_executor.py
[2024-09-24T16:17:08.708+0000] {logging_mixin.py:137} INFO - [2024-09-24T16:17:08.708+0000] {example_kubernetes_executor.py:41} WARNING - The example_kubernetes_executor example DAG requires the kubernetes provider. Please install it with: pip install apache-airflow[cncf.kubernetes]
[2024-09-24T16:17:08.709+0000] {processor.py:755} WARNING - No viable dags retrieved from /usr/local/lib/python3.9/site-packages/airflow/example_dags/example_kubernetes_executor.py
[2024-09-24T16:17:08.716+0000] {processor.py:175} INFO - Processing /usr/local/lib/python3.9/site-packages/airflow/example_dags/example_kubernetes_executor.py took 0.024 seconds
[2024-09-24T16:17:39.453+0000] {processor.py:153} INFO - Started process (PID=2269) to work on /usr/local/lib/python3.9/site-packages/airflow/example_dags/example_kubernetes_executor.py
[2024-09-24T16:17:39.453+0000] {processor.py:743} INFO - Processing file /usr/local/lib/python3.9/site-packages/airflow/example_dags/example_kubernetes_executor.py for tasks to queue
[2024-09-24T16:17:39.453+0000] {logging_mixin.py:137} INFO - [2024-09-24T16:17:39.453+0000] {dagbag.py:532} INFO - Filling up the DagBag from /usr/local/lib/python3.9/site-packages/airflow/example_dags/example_kubernetes_executor.py
[2024-09-24T16:17:39.461+0000] {logging_mixin.py:137} INFO - [2024-09-24T16:17:39.461+0000] {example_kubernetes_executor.py:41} WARNING - The example_kubernetes_executor example DAG requires the kubernetes provider. Please install it with: pip install apache-airflow[cncf.kubernetes]
[2024-09-24T16:17:39.462+0000] {processor.py:755} WARNING - No viable dags retrieved from /usr/local/lib/python3.9/site-packages/airflow/example_dags/example_kubernetes_executor.py
[2024-09-24T16:17:39.468+0000] {processor.py:175} INFO - Processing /usr/local/lib/python3.9/site-packages/airflow/example_dags/example_kubernetes_executor.py took 0.017 seconds
[2024-09-24T16:18:10.046+0000] {processor.py:153} INFO - Started process (PID=2480) to work on /usr/local/lib/python3.9/site-packages/airflow/example_dags/example_kubernetes_executor.py
[2024-09-24T16:18:10.046+0000] {processor.py:743} INFO - Processing file /usr/local/lib/python3.9/site-packages/airflow/example_dags/example_kubernetes_executor.py for tasks to queue
[2024-09-24T16:18:10.046+0000] {logging_mixin.py:137} INFO - [2024-09-24T16:18:10.046+0000] {dagbag.py:532} INFO - Filling up the DagBag from /usr/local/lib/python3.9/site-packages/airflow/example_dags/example_kubernetes_executor.py
[2024-09-24T16:18:10.106+0000] {logging_mixin.py:137} INFO - [2024-09-24T16:18:10.106+0000] {example_kubernetes_executor.py:41} WARNING - The example_kubernetes_executor example DAG requires the kubernetes provider. Please install it with: pip install apache-airflow[cncf.kubernetes]
[2024-09-24T16:18:10.107+0000] {processor.py:755} WARNING - No viable dags retrieved from /usr/local/lib/python3.9/site-packages/airflow/example_dags/example_kubernetes_executor.py
[2024-09-24T16:18:10.114+0000] {processor.py:175} INFO - Processing /usr/local/lib/python3.9/site-packages/airflow/example_dags/example_kubernetes_executor.py took 0.070 seconds
[2024-09-24T17:55:52.137+0000] {processor.py:153} INFO - Started process (PID=365) to work on /usr/local/lib/python3.9/site-packages/airflow/example_dags/example_kubernetes_executor.py
[2024-09-24T17:55:52.138+0000] {processor.py:743} INFO - Processing file /usr/local/lib/python3.9/site-packages/airflow/example_dags/example_kubernetes_executor.py for tasks to queue
[2024-09-24T17:55:52.138+0000] {logging_mixin.py:137} INFO - [2024-09-24T17:55:52.138+0000] {dagbag.py:532} INFO - Filling up the DagBag from /usr/local/lib/python3.9/site-packages/airflow/example_dags/example_kubernetes_executor.py
[2024-09-24T17:55:52.148+0000] {logging_mixin.py:137} INFO - [2024-09-24T17:55:52.148+0000] {example_kubernetes_executor.py:41} WARNING - The example_kubernetes_executor example DAG requires the kubernetes provider. Please install it with: pip install apache-airflow[cncf.kubernetes]
[2024-09-24T17:55:52.148+0000] {processor.py:755} WARNING - No viable dags retrieved from /usr/local/lib/python3.9/site-packages/airflow/example_dags/example_kubernetes_executor.py
[2024-09-24T17:55:52.162+0000] {processor.py:175} INFO - Processing /usr/local/lib/python3.9/site-packages/airflow/example_dags/example_kubernetes_executor.py took 0.029 seconds
[2024-09-24T17:56:26.916+0000] {processor.py:153} INFO - Started process (PID=580) to work on /usr/local/lib/python3.9/site-packages/airflow/example_dags/example_kubernetes_executor.py
[2024-09-24T17:56:26.917+0000] {processor.py:743} INFO - Processing file /usr/local/lib/python3.9/site-packages/airflow/example_dags/example_kubernetes_executor.py for tasks to queue
[2024-09-24T17:56:26.925+0000] {logging_mixin.py:137} INFO - [2024-09-24T17:56:26.919+0000] {dagbag.py:532} INFO - Filling up the DagBag from /usr/local/lib/python3.9/site-packages/airflow/example_dags/example_kubernetes_executor.py
[2024-09-24T17:56:26.940+0000] {logging_mixin.py:137} INFO - [2024-09-24T17:56:26.940+0000] {example_kubernetes_executor.py:41} WARNING - The example_kubernetes_executor example DAG requires the kubernetes provider. Please install it with: pip install apache-airflow[cncf.kubernetes]
[2024-09-24T17:56:26.948+0000] {processor.py:755} WARNING - No viable dags retrieved from /usr/local/lib/python3.9/site-packages/airflow/example_dags/example_kubernetes_executor.py
[2024-09-24T17:56:27.035+0000] {processor.py:175} INFO - Processing /usr/local/lib/python3.9/site-packages/airflow/example_dags/example_kubernetes_executor.py took 0.123 seconds
[2024-09-24T18:44:47.843+0000] {processor.py:153} INFO - Started process (PID=372) to work on /usr/local/lib/python3.9/site-packages/airflow/example_dags/example_kubernetes_executor.py
[2024-09-24T18:44:47.844+0000] {processor.py:743} INFO - Processing file /usr/local/lib/python3.9/site-packages/airflow/example_dags/example_kubernetes_executor.py for tasks to queue
[2024-09-24T18:44:47.845+0000] {logging_mixin.py:137} INFO - [2024-09-24T18:44:47.845+0000] {dagbag.py:532} INFO - Filling up the DagBag from /usr/local/lib/python3.9/site-packages/airflow/example_dags/example_kubernetes_executor.py
[2024-09-24T18:44:47.854+0000] {logging_mixin.py:137} INFO - [2024-09-24T18:44:47.854+0000] {example_kubernetes_executor.py:41} WARNING - The example_kubernetes_executor example DAG requires the kubernetes provider. Please install it with: pip install apache-airflow[cncf.kubernetes]
[2024-09-24T18:44:47.854+0000] {processor.py:755} WARNING - No viable dags retrieved from /usr/local/lib/python3.9/site-packages/airflow/example_dags/example_kubernetes_executor.py
[2024-09-24T18:44:47.863+0000] {processor.py:175} INFO - Processing /usr/local/lib/python3.9/site-packages/airflow/example_dags/example_kubernetes_executor.py took 0.021 seconds
[2024-09-24T18:45:18.687+0000] {processor.py:153} INFO - Started process (PID=587) to work on /usr/local/lib/python3.9/site-packages/airflow/example_dags/example_kubernetes_executor.py
[2024-09-24T18:45:18.689+0000] {processor.py:743} INFO - Processing file /usr/local/lib/python3.9/site-packages/airflow/example_dags/example_kubernetes_executor.py for tasks to queue
[2024-09-24T18:45:18.689+0000] {logging_mixin.py:137} INFO - [2024-09-24T18:45:18.689+0000] {dagbag.py:532} INFO - Filling up the DagBag from /usr/local/lib/python3.9/site-packages/airflow/example_dags/example_kubernetes_executor.py
[2024-09-24T18:45:18.700+0000] {logging_mixin.py:137} INFO - [2024-09-24T18:45:18.700+0000] {example_kubernetes_executor.py:41} WARNING - The example_kubernetes_executor example DAG requires the kubernetes provider. Please install it with: pip install apache-airflow[cncf.kubernetes]
[2024-09-24T18:45:18.701+0000] {processor.py:755} WARNING - No viable dags retrieved from /usr/local/lib/python3.9/site-packages/airflow/example_dags/example_kubernetes_executor.py
[2024-09-24T18:45:18.708+0000] {processor.py:175} INFO - Processing /usr/local/lib/python3.9/site-packages/airflow/example_dags/example_kubernetes_executor.py took 0.023 seconds
[2024-09-24T18:45:50.434+0000] {processor.py:153} INFO - Started process (PID=796) to work on /usr/local/lib/python3.9/site-packages/airflow/example_dags/example_kubernetes_executor.py
[2024-09-24T18:45:50.436+0000] {processor.py:743} INFO - Processing file /usr/local/lib/python3.9/site-packages/airflow/example_dags/example_kubernetes_executor.py for tasks to queue
[2024-09-24T18:45:50.436+0000] {logging_mixin.py:137} INFO - [2024-09-24T18:45:50.436+0000] {dagbag.py:532} INFO - Filling up the DagBag from /usr/local/lib/python3.9/site-packages/airflow/example_dags/example_kubernetes_executor.py
[2024-09-24T18:45:50.451+0000] {logging_mixin.py:137} INFO - [2024-09-24T18:45:50.451+0000] {example_kubernetes_executor.py:41} WARNING - The example_kubernetes_executor example DAG requires the kubernetes provider. Please install it with: pip install apache-airflow[cncf.kubernetes]
[2024-09-24T18:45:50.452+0000] {processor.py:755} WARNING - No viable dags retrieved from /usr/local/lib/python3.9/site-packages/airflow/example_dags/example_kubernetes_executor.py
[2024-09-24T18:45:50.461+0000] {processor.py:175} INFO - Processing /usr/local/lib/python3.9/site-packages/airflow/example_dags/example_kubernetes_executor.py took 0.030 seconds
[2024-09-24T18:46:21.237+0000] {processor.py:153} INFO - Started process (PID=1007) to work on /usr/local/lib/python3.9/site-packages/airflow/example_dags/example_kubernetes_executor.py
[2024-09-24T18:46:21.238+0000] {processor.py:743} INFO - Processing file /usr/local/lib/python3.9/site-packages/airflow/example_dags/example_kubernetes_executor.py for tasks to queue
[2024-09-24T18:46:21.239+0000] {logging_mixin.py:137} INFO - [2024-09-24T18:46:21.239+0000] {dagbag.py:532} INFO - Filling up the DagBag from /usr/local/lib/python3.9/site-packages/airflow/example_dags/example_kubernetes_executor.py
[2024-09-24T18:46:21.249+0000] {logging_mixin.py:137} INFO - [2024-09-24T18:46:21.249+0000] {example_kubernetes_executor.py:41} WARNING - The example_kubernetes_executor example DAG requires the kubernetes provider. Please install it with: pip install apache-airflow[cncf.kubernetes]
[2024-09-24T18:46:21.251+0000] {processor.py:755} WARNING - No viable dags retrieved from /usr/local/lib/python3.9/site-packages/airflow/example_dags/example_kubernetes_executor.py
[2024-09-24T18:46:21.257+0000] {processor.py:175} INFO - Processing /usr/local/lib/python3.9/site-packages/airflow/example_dags/example_kubernetes_executor.py took 0.021 seconds
[2024-09-24T18:47:04.275+0000] {processor.py:153} INFO - Started process (PID=1218) to work on /usr/local/lib/python3.9/site-packages/airflow/example_dags/example_kubernetes_executor.py
[2024-09-24T18:47:04.279+0000] {processor.py:743} INFO - Processing file /usr/local/lib/python3.9/site-packages/airflow/example_dags/example_kubernetes_executor.py for tasks to queue
[2024-09-24T18:47:04.279+0000] {logging_mixin.py:137} INFO - [2024-09-24T18:47:04.279+0000] {dagbag.py:532} INFO - Filling up the DagBag from /usr/local/lib/python3.9/site-packages/airflow/example_dags/example_kubernetes_executor.py
[2024-09-24T18:47:04.353+0000] {logging_mixin.py:137} INFO - [2024-09-24T18:47:04.353+0000] {example_kubernetes_executor.py:41} WARNING - The example_kubernetes_executor example DAG requires the kubernetes provider. Please install it with: pip install apache-airflow[cncf.kubernetes]
[2024-09-24T18:47:04.354+0000] {processor.py:755} WARNING - No viable dags retrieved from /usr/local/lib/python3.9/site-packages/airflow/example_dags/example_kubernetes_executor.py
[2024-09-24T18:47:04.365+0000] {processor.py:175} INFO - Processing /usr/local/lib/python3.9/site-packages/airflow/example_dags/example_kubernetes_executor.py took 0.093 seconds
[2024-09-24T18:47:39.109+0000] {processor.py:153} INFO - Started process (PID=1431) to work on /usr/local/lib/python3.9/site-packages/airflow/example_dags/example_kubernetes_executor.py
[2024-09-24T18:47:39.110+0000] {processor.py:743} INFO - Processing file /usr/local/lib/python3.9/site-packages/airflow/example_dags/example_kubernetes_executor.py for tasks to queue
[2024-09-24T18:47:39.111+0000] {logging_mixin.py:137} INFO - [2024-09-24T18:47:39.111+0000] {dagbag.py:532} INFO - Filling up the DagBag from /usr/local/lib/python3.9/site-packages/airflow/example_dags/example_kubernetes_executor.py
[2024-09-24T18:47:39.118+0000] {logging_mixin.py:137} INFO - [2024-09-24T18:47:39.118+0000] {example_kubernetes_executor.py:41} WARNING - The example_kubernetes_executor example DAG requires the kubernetes provider. Please install it with: pip install apache-airflow[cncf.kubernetes]
[2024-09-24T18:47:39.118+0000] {processor.py:755} WARNING - No viable dags retrieved from /usr/local/lib/python3.9/site-packages/airflow/example_dags/example_kubernetes_executor.py
[2024-09-24T18:47:39.127+0000] {processor.py:175} INFO - Processing /usr/local/lib/python3.9/site-packages/airflow/example_dags/example_kubernetes_executor.py took 0.020 seconds
[2024-09-24T18:48:10.491+0000] {processor.py:153} INFO - Started process (PID=1640) to work on /usr/local/lib/python3.9/site-packages/airflow/example_dags/example_kubernetes_executor.py
[2024-09-24T18:48:10.494+0000] {processor.py:743} INFO - Processing file /usr/local/lib/python3.9/site-packages/airflow/example_dags/example_kubernetes_executor.py for tasks to queue
[2024-09-24T18:48:10.495+0000] {logging_mixin.py:137} INFO - [2024-09-24T18:48:10.495+0000] {dagbag.py:532} INFO - Filling up the DagBag from /usr/local/lib/python3.9/site-packages/airflow/example_dags/example_kubernetes_executor.py
[2024-09-24T18:48:10.508+0000] {logging_mixin.py:137} INFO - [2024-09-24T18:48:10.508+0000] {example_kubernetes_executor.py:41} WARNING - The example_kubernetes_executor example DAG requires the kubernetes provider. Please install it with: pip install apache-airflow[cncf.kubernetes]
[2024-09-24T18:48:10.591+0000] {processor.py:755} WARNING - No viable dags retrieved from /usr/local/lib/python3.9/site-packages/airflow/example_dags/example_kubernetes_executor.py
[2024-09-24T18:48:10.646+0000] {processor.py:175} INFO - Processing /usr/local/lib/python3.9/site-packages/airflow/example_dags/example_kubernetes_executor.py took 0.157 seconds
[2024-09-24T18:48:40.969+0000] {processor.py:153} INFO - Started process (PID=1853) to work on /usr/local/lib/python3.9/site-packages/airflow/example_dags/example_kubernetes_executor.py
[2024-09-24T18:48:40.971+0000] {processor.py:743} INFO - Processing file /usr/local/lib/python3.9/site-packages/airflow/example_dags/example_kubernetes_executor.py for tasks to queue
[2024-09-24T18:48:40.971+0000] {logging_mixin.py:137} INFO - [2024-09-24T18:48:40.971+0000] {dagbag.py:532} INFO - Filling up the DagBag from /usr/local/lib/python3.9/site-packages/airflow/example_dags/example_kubernetes_executor.py
[2024-09-24T18:48:40.978+0000] {logging_mixin.py:137} INFO - [2024-09-24T18:48:40.978+0000] {example_kubernetes_executor.py:41} WARNING - The example_kubernetes_executor example DAG requires the kubernetes provider. Please install it with: pip install apache-airflow[cncf.kubernetes]
[2024-09-24T18:48:40.978+0000] {processor.py:755} WARNING - No viable dags retrieved from /usr/local/lib/python3.9/site-packages/airflow/example_dags/example_kubernetes_executor.py
[2024-09-24T18:48:40.985+0000] {processor.py:175} INFO - Processing /usr/local/lib/python3.9/site-packages/airflow/example_dags/example_kubernetes_executor.py took 0.018 seconds
[2024-09-24T18:49:11.382+0000] {processor.py:153} INFO - Started process (PID=2064) to work on /usr/local/lib/python3.9/site-packages/airflow/example_dags/example_kubernetes_executor.py
[2024-09-24T18:49:11.384+0000] {processor.py:743} INFO - Processing file /usr/local/lib/python3.9/site-packages/airflow/example_dags/example_kubernetes_executor.py for tasks to queue
[2024-09-24T18:49:11.385+0000] {logging_mixin.py:137} INFO - [2024-09-24T18:49:11.385+0000] {dagbag.py:532} INFO - Filling up the DagBag from /usr/local/lib/python3.9/site-packages/airflow/example_dags/example_kubernetes_executor.py
[2024-09-24T18:49:11.395+0000] {logging_mixin.py:137} INFO - [2024-09-24T18:49:11.395+0000] {example_kubernetes_executor.py:41} WARNING - The example_kubernetes_executor example DAG requires the kubernetes provider. Please install it with: pip install apache-airflow[cncf.kubernetes]
[2024-09-24T18:49:11.395+0000] {processor.py:755} WARNING - No viable dags retrieved from /usr/local/lib/python3.9/site-packages/airflow/example_dags/example_kubernetes_executor.py
[2024-09-24T18:49:11.406+0000] {processor.py:175} INFO - Processing /usr/local/lib/python3.9/site-packages/airflow/example_dags/example_kubernetes_executor.py took 0.026 seconds
[2024-09-24T18:49:41.610+0000] {processor.py:153} INFO - Started process (PID=2275) to work on /usr/local/lib/python3.9/site-packages/airflow/example_dags/example_kubernetes_executor.py
[2024-09-24T18:49:41.611+0000] {processor.py:743} INFO - Processing file /usr/local/lib/python3.9/site-packages/airflow/example_dags/example_kubernetes_executor.py for tasks to queue
[2024-09-24T18:49:41.611+0000] {logging_mixin.py:137} INFO - [2024-09-24T18:49:41.611+0000] {dagbag.py:532} INFO - Filling up the DagBag from /usr/local/lib/python3.9/site-packages/airflow/example_dags/example_kubernetes_executor.py
[2024-09-24T18:49:41.618+0000] {logging_mixin.py:137} INFO - [2024-09-24T18:49:41.618+0000] {example_kubernetes_executor.py:41} WARNING - The example_kubernetes_executor example DAG requires the kubernetes provider. Please install it with: pip install apache-airflow[cncf.kubernetes]
[2024-09-24T18:49:41.618+0000] {processor.py:755} WARNING - No viable dags retrieved from /usr/local/lib/python3.9/site-packages/airflow/example_dags/example_kubernetes_executor.py
[2024-09-24T18:49:41.624+0000] {processor.py:175} INFO - Processing /usr/local/lib/python3.9/site-packages/airflow/example_dags/example_kubernetes_executor.py took 0.016 seconds
[2024-09-24T18:50:11.999+0000] {processor.py:153} INFO - Started process (PID=2486) to work on /usr/local/lib/python3.9/site-packages/airflow/example_dags/example_kubernetes_executor.py
[2024-09-24T18:50:12.000+0000] {processor.py:743} INFO - Processing file /usr/local/lib/python3.9/site-packages/airflow/example_dags/example_kubernetes_executor.py for tasks to queue
[2024-09-24T18:50:12.000+0000] {logging_mixin.py:137} INFO - [2024-09-24T18:50:12.000+0000] {dagbag.py:532} INFO - Filling up the DagBag from /usr/local/lib/python3.9/site-packages/airflow/example_dags/example_kubernetes_executor.py
[2024-09-24T18:50:12.007+0000] {logging_mixin.py:137} INFO - [2024-09-24T18:50:12.007+0000] {example_kubernetes_executor.py:41} WARNING - The example_kubernetes_executor example DAG requires the kubernetes provider. Please install it with: pip install apache-airflow[cncf.kubernetes]
[2024-09-24T18:50:12.007+0000] {processor.py:755} WARNING - No viable dags retrieved from /usr/local/lib/python3.9/site-packages/airflow/example_dags/example_kubernetes_executor.py
[2024-09-24T18:50:12.013+0000] {processor.py:175} INFO - Processing /usr/local/lib/python3.9/site-packages/airflow/example_dags/example_kubernetes_executor.py took 0.015 seconds
[2024-09-24T18:50:42.686+0000] {processor.py:153} INFO - Started process (PID=2697) to work on /usr/local/lib/python3.9/site-packages/airflow/example_dags/example_kubernetes_executor.py
[2024-09-24T18:50:42.686+0000] {processor.py:743} INFO - Processing file /usr/local/lib/python3.9/site-packages/airflow/example_dags/example_kubernetes_executor.py for tasks to queue
[2024-09-24T18:50:42.686+0000] {logging_mixin.py:137} INFO - [2024-09-24T18:50:42.686+0000] {dagbag.py:532} INFO - Filling up the DagBag from /usr/local/lib/python3.9/site-packages/airflow/example_dags/example_kubernetes_executor.py
[2024-09-24T18:50:42.693+0000] {logging_mixin.py:137} INFO - [2024-09-24T18:50:42.693+0000] {example_kubernetes_executor.py:41} WARNING - The example_kubernetes_executor example DAG requires the kubernetes provider. Please install it with: pip install apache-airflow[cncf.kubernetes]
[2024-09-24T18:50:42.693+0000] {processor.py:755} WARNING - No viable dags retrieved from /usr/local/lib/python3.9/site-packages/airflow/example_dags/example_kubernetes_executor.py
[2024-09-24T18:50:42.699+0000] {processor.py:175} INFO - Processing /usr/local/lib/python3.9/site-packages/airflow/example_dags/example_kubernetes_executor.py took 0.014 seconds
[2024-09-24T18:51:13.270+0000] {processor.py:153} INFO - Started process (PID=2908) to work on /usr/local/lib/python3.9/site-packages/airflow/example_dags/example_kubernetes_executor.py
[2024-09-24T18:51:13.271+0000] {processor.py:743} INFO - Processing file /usr/local/lib/python3.9/site-packages/airflow/example_dags/example_kubernetes_executor.py for tasks to queue
[2024-09-24T18:51:13.271+0000] {logging_mixin.py:137} INFO - [2024-09-24T18:51:13.271+0000] {dagbag.py:532} INFO - Filling up the DagBag from /usr/local/lib/python3.9/site-packages/airflow/example_dags/example_kubernetes_executor.py
[2024-09-24T18:51:13.278+0000] {logging_mixin.py:137} INFO - [2024-09-24T18:51:13.278+0000] {example_kubernetes_executor.py:41} WARNING - The example_kubernetes_executor example DAG requires the kubernetes provider. Please install it with: pip install apache-airflow[cncf.kubernetes]
[2024-09-24T18:51:13.278+0000] {processor.py:755} WARNING - No viable dags retrieved from /usr/local/lib/python3.9/site-packages/airflow/example_dags/example_kubernetes_executor.py
[2024-09-24T18:51:13.285+0000] {processor.py:175} INFO - Processing /usr/local/lib/python3.9/site-packages/airflow/example_dags/example_kubernetes_executor.py took 0.016 seconds
[2024-09-24T18:51:44.123+0000] {processor.py:153} INFO - Started process (PID=3119) to work on /usr/local/lib/python3.9/site-packages/airflow/example_dags/example_kubernetes_executor.py
[2024-09-24T18:51:44.124+0000] {processor.py:743} INFO - Processing file /usr/local/lib/python3.9/site-packages/airflow/example_dags/example_kubernetes_executor.py for tasks to queue
[2024-09-24T18:51:44.124+0000] {logging_mixin.py:137} INFO - [2024-09-24T18:51:44.124+0000] {dagbag.py:532} INFO - Filling up the DagBag from /usr/local/lib/python3.9/site-packages/airflow/example_dags/example_kubernetes_executor.py
[2024-09-24T18:51:44.132+0000] {logging_mixin.py:137} INFO - [2024-09-24T18:51:44.132+0000] {example_kubernetes_executor.py:41} WARNING - The example_kubernetes_executor example DAG requires the kubernetes provider. Please install it with: pip install apache-airflow[cncf.kubernetes]
[2024-09-24T18:51:44.132+0000] {processor.py:755} WARNING - No viable dags retrieved from /usr/local/lib/python3.9/site-packages/airflow/example_dags/example_kubernetes_executor.py
[2024-09-24T18:51:44.144+0000] {processor.py:175} INFO - Processing /usr/local/lib/python3.9/site-packages/airflow/example_dags/example_kubernetes_executor.py took 0.023 seconds
[2024-09-24T18:52:14.993+0000] {processor.py:153} INFO - Started process (PID=3330) to work on /usr/local/lib/python3.9/site-packages/airflow/example_dags/example_kubernetes_executor.py
[2024-09-24T18:52:14.994+0000] {processor.py:743} INFO - Processing file /usr/local/lib/python3.9/site-packages/airflow/example_dags/example_kubernetes_executor.py for tasks to queue
[2024-09-24T18:52:14.994+0000] {logging_mixin.py:137} INFO - [2024-09-24T18:52:14.994+0000] {dagbag.py:532} INFO - Filling up the DagBag from /usr/local/lib/python3.9/site-packages/airflow/example_dags/example_kubernetes_executor.py
[2024-09-24T18:52:15.001+0000] {logging_mixin.py:137} INFO - [2024-09-24T18:52:15.001+0000] {example_kubernetes_executor.py:41} WARNING - The example_kubernetes_executor example DAG requires the kubernetes provider. Please install it with: pip install apache-airflow[cncf.kubernetes]
[2024-09-24T18:52:15.001+0000] {processor.py:755} WARNING - No viable dags retrieved from /usr/local/lib/python3.9/site-packages/airflow/example_dags/example_kubernetes_executor.py
[2024-09-24T18:52:15.008+0000] {processor.py:175} INFO - Processing /usr/local/lib/python3.9/site-packages/airflow/example_dags/example_kubernetes_executor.py took 0.017 seconds
[2024-09-24T18:52:45.953+0000] {processor.py:153} INFO - Started process (PID=3541) to work on /usr/local/lib/python3.9/site-packages/airflow/example_dags/example_kubernetes_executor.py
[2024-09-24T18:52:45.953+0000] {processor.py:743} INFO - Processing file /usr/local/lib/python3.9/site-packages/airflow/example_dags/example_kubernetes_executor.py for tasks to queue
[2024-09-24T18:52:45.954+0000] {logging_mixin.py:137} INFO - [2024-09-24T18:52:45.954+0000] {dagbag.py:532} INFO - Filling up the DagBag from /usr/local/lib/python3.9/site-packages/airflow/example_dags/example_kubernetes_executor.py
[2024-09-24T18:52:45.962+0000] {logging_mixin.py:137} INFO - [2024-09-24T18:52:45.962+0000] {example_kubernetes_executor.py:41} WARNING - The example_kubernetes_executor example DAG requires the kubernetes provider. Please install it with: pip install apache-airflow[cncf.kubernetes]
[2024-09-24T18:52:45.962+0000] {processor.py:755} WARNING - No viable dags retrieved from /usr/local/lib/python3.9/site-packages/airflow/example_dags/example_kubernetes_executor.py
[2024-09-24T18:52:45.968+0000] {processor.py:175} INFO - Processing /usr/local/lib/python3.9/site-packages/airflow/example_dags/example_kubernetes_executor.py took 0.016 seconds
[2024-09-24T18:53:16.926+0000] {processor.py:153} INFO - Started process (PID=3750) to work on /usr/local/lib/python3.9/site-packages/airflow/example_dags/example_kubernetes_executor.py
[2024-09-24T18:53:16.928+0000] {processor.py:743} INFO - Processing file /usr/local/lib/python3.9/site-packages/airflow/example_dags/example_kubernetes_executor.py for tasks to queue
[2024-09-24T18:53:16.928+0000] {logging_mixin.py:137} INFO - [2024-09-24T18:53:16.928+0000] {dagbag.py:532} INFO - Filling up the DagBag from /usr/local/lib/python3.9/site-packages/airflow/example_dags/example_kubernetes_executor.py
[2024-09-24T18:53:16.938+0000] {logging_mixin.py:137} INFO - [2024-09-24T18:53:16.938+0000] {example_kubernetes_executor.py:41} WARNING - The example_kubernetes_executor example DAG requires the kubernetes provider. Please install it with: pip install apache-airflow[cncf.kubernetes]
[2024-09-24T18:53:16.938+0000] {processor.py:755} WARNING - No viable dags retrieved from /usr/local/lib/python3.9/site-packages/airflow/example_dags/example_kubernetes_executor.py
[2024-09-24T18:53:16.945+0000] {processor.py:175} INFO - Processing /usr/local/lib/python3.9/site-packages/airflow/example_dags/example_kubernetes_executor.py took 0.030 seconds
