[2024-09-24T15:58:44.559+0000] {processor.py:153} INFO - Started process (PID=339) to work on /usr/local/lib/python3.9/site-packages/airflow/example_dags/example_complex.py
[2024-09-24T15:58:44.560+0000] {processor.py:743} INFO - Processing file /usr/local/lib/python3.9/site-packages/airflow/example_dags/example_complex.py for tasks to queue
[2024-09-24T15:58:44.561+0000] {logging_mixin.py:137} INFO - [2024-09-24T15:58:44.560+0000] {dagbag.py:532} INFO - Filling up the DagBag from /usr/local/lib/python3.9/site-packages/airflow/example_dags/example_complex.py
[2024-09-24T15:58:44.571+0000] {logging_mixin.py:137} INFO - [2024-09-24T15:58:44.571+0000] {taskmixin.py:211} WARNING - Dependency <Task(BashOperator): create_entry_group>, delete_entry_group already registered for DAG: example_complex
[2024-09-24T15:58:44.571+0000] {logging_mixin.py:137} INFO - [2024-09-24T15:58:44.571+0000] {taskmixin.py:211} WARNING - Dependency <Task(BashOperator): delete_entry_group>, create_entry_group already registered for DAG: example_complex
[2024-09-24T15:58:44.571+0000] {logging_mixin.py:137} INFO - [2024-09-24T15:58:44.571+0000] {taskmixin.py:211} WARNING - Dependency <Task(BashOperator): create_entry_gcs>, delete_entry already registered for DAG: example_complex
[2024-09-24T15:58:44.571+0000] {logging_mixin.py:137} INFO - [2024-09-24T15:58:44.571+0000] {taskmixin.py:211} WARNING - Dependency <Task(BashOperator): delete_entry>, create_entry_gcs already registered for DAG: example_complex
[2024-09-24T15:58:44.575+0000] {logging_mixin.py:137} INFO - [2024-09-24T15:58:44.575+0000] {taskmixin.py:211} WARNING - Dependency <Task(BashOperator): create_tag>, delete_tag already registered for DAG: example_complex
[2024-09-24T15:58:44.575+0000] {logging_mixin.py:137} INFO - [2024-09-24T15:58:44.575+0000] {taskmixin.py:211} WARNING - Dependency <Task(BashOperator): delete_tag>, create_tag already registered for DAG: example_complex
[2024-09-24T15:58:44.585+0000] {processor.py:753} INFO - DAG(s) dict_keys(['example_complex']) retrieved from /usr/local/lib/python3.9/site-packages/airflow/example_dags/example_complex.py
[2024-09-24T15:58:44.667+0000] {logging_mixin.py:137} INFO - [2024-09-24T15:58:44.667+0000] {manager.py:504} INFO - Created Permission View: can delete on DAG:example_complex
[2024-09-24T15:58:44.671+0000] {logging_mixin.py:137} INFO - [2024-09-24T15:58:44.671+0000] {manager.py:504} INFO - Created Permission View: can read on DAG:example_complex
[2024-09-24T15:58:44.677+0000] {logging_mixin.py:137} INFO - [2024-09-24T15:58:44.676+0000] {manager.py:504} INFO - Created Permission View: can edit on DAG:example_complex
[2024-09-24T15:58:44.677+0000] {logging_mixin.py:137} INFO - [2024-09-24T15:58:44.677+0000] {dag.py:2705} INFO - Sync 1 DAGs
[2024-09-24T15:58:44.681+0000] {logging_mixin.py:137} INFO - [2024-09-24T15:58:44.681+0000] {dag.py:2726} INFO - Creating ORM DAG for example_complex
[2024-09-24T15:58:44.687+0000] {logging_mixin.py:137} INFO - [2024-09-24T15:58:44.686+0000] {dag.py:3452} INFO - Setting next_dagrun for example_complex to None, run_after=None
[2024-09-24T15:58:44.697+0000] {processor.py:175} INFO - Processing /usr/local/lib/python3.9/site-packages/airflow/example_dags/example_complex.py took 0.140 seconds
[2024-09-24T15:59:14.987+0000] {processor.py:153} INFO - Started process (PID=550) to work on /usr/local/lib/python3.9/site-packages/airflow/example_dags/example_complex.py
[2024-09-24T15:59:14.988+0000] {processor.py:743} INFO - Processing file /usr/local/lib/python3.9/site-packages/airflow/example_dags/example_complex.py for tasks to queue
[2024-09-24T15:59:14.989+0000] {logging_mixin.py:137} INFO - [2024-09-24T15:59:14.989+0000] {dagbag.py:532} INFO - Filling up the DagBag from /usr/local/lib/python3.9/site-packages/airflow/example_dags/example_complex.py
[2024-09-24T15:59:15.003+0000] {logging_mixin.py:137} INFO - [2024-09-24T15:59:15.003+0000] {taskmixin.py:211} WARNING - Dependency <Task(BashOperator): create_entry_group>, delete_entry_group already registered for DAG: example_complex
[2024-09-24T15:59:15.003+0000] {logging_mixin.py:137} INFO - [2024-09-24T15:59:15.003+0000] {taskmixin.py:211} WARNING - Dependency <Task(BashOperator): delete_entry_group>, create_entry_group already registered for DAG: example_complex
[2024-09-24T15:59:15.009+0000] {logging_mixin.py:137} INFO - [2024-09-24T15:59:15.009+0000] {taskmixin.py:211} WARNING - Dependency <Task(BashOperator): create_entry_gcs>, delete_entry already registered for DAG: example_complex
[2024-09-24T15:59:15.010+0000] {logging_mixin.py:137} INFO - [2024-09-24T15:59:15.010+0000] {taskmixin.py:211} WARNING - Dependency <Task(BashOperator): delete_entry>, create_entry_gcs already registered for DAG: example_complex
[2024-09-24T15:59:15.011+0000] {logging_mixin.py:137} INFO - [2024-09-24T15:59:15.011+0000] {taskmixin.py:211} WARNING - Dependency <Task(BashOperator): create_tag>, delete_tag already registered for DAG: example_complex
[2024-09-24T15:59:15.011+0000] {logging_mixin.py:137} INFO - [2024-09-24T15:59:15.011+0000] {taskmixin.py:211} WARNING - Dependency <Task(BashOperator): delete_tag>, create_tag already registered for DAG: example_complex
[2024-09-24T15:59:15.037+0000] {processor.py:753} INFO - DAG(s) dict_keys(['example_complex']) retrieved from /usr/local/lib/python3.9/site-packages/airflow/example_dags/example_complex.py
[2024-09-24T15:59:15.121+0000] {logging_mixin.py:137} INFO - [2024-09-24T15:59:15.120+0000] {dag.py:2705} INFO - Sync 1 DAGs
[2024-09-24T15:59:15.161+0000] {logging_mixin.py:137} INFO - [2024-09-24T15:59:15.161+0000] {dag.py:3452} INFO - Setting next_dagrun for example_complex to None, run_after=None
[2024-09-24T15:59:15.206+0000] {processor.py:175} INFO - Processing /usr/local/lib/python3.9/site-packages/airflow/example_dags/example_complex.py took 0.221 seconds
[2024-09-24T15:59:46.341+0000] {processor.py:153} INFO - Started process (PID=761) to work on /usr/local/lib/python3.9/site-packages/airflow/example_dags/example_complex.py
[2024-09-24T15:59:46.342+0000] {processor.py:743} INFO - Processing file /usr/local/lib/python3.9/site-packages/airflow/example_dags/example_complex.py for tasks to queue
[2024-09-24T15:59:46.343+0000] {logging_mixin.py:137} INFO - [2024-09-24T15:59:46.343+0000] {dagbag.py:532} INFO - Filling up the DagBag from /usr/local/lib/python3.9/site-packages/airflow/example_dags/example_complex.py
[2024-09-24T15:59:46.350+0000] {logging_mixin.py:137} INFO - [2024-09-24T15:59:46.350+0000] {taskmixin.py:211} WARNING - Dependency <Task(BashOperator): create_entry_group>, delete_entry_group already registered for DAG: example_complex
[2024-09-24T15:59:46.350+0000] {logging_mixin.py:137} INFO - [2024-09-24T15:59:46.350+0000] {taskmixin.py:211} WARNING - Dependency <Task(BashOperator): delete_entry_group>, create_entry_group already registered for DAG: example_complex
[2024-09-24T15:59:46.350+0000] {logging_mixin.py:137} INFO - [2024-09-24T15:59:46.350+0000] {taskmixin.py:211} WARNING - Dependency <Task(BashOperator): create_entry_gcs>, delete_entry already registered for DAG: example_complex
[2024-09-24T15:59:46.350+0000] {logging_mixin.py:137} INFO - [2024-09-24T15:59:46.350+0000] {taskmixin.py:211} WARNING - Dependency <Task(BashOperator): delete_entry>, create_entry_gcs already registered for DAG: example_complex
[2024-09-24T15:59:46.350+0000] {logging_mixin.py:137} INFO - [2024-09-24T15:59:46.350+0000] {taskmixin.py:211} WARNING - Dependency <Task(BashOperator): create_tag>, delete_tag already registered for DAG: example_complex
[2024-09-24T15:59:46.352+0000] {logging_mixin.py:137} INFO - [2024-09-24T15:59:46.352+0000] {taskmixin.py:211} WARNING - Dependency <Task(BashOperator): delete_tag>, create_tag already registered for DAG: example_complex
[2024-09-24T15:59:46.356+0000] {processor.py:753} INFO - DAG(s) dict_keys(['example_complex']) retrieved from /usr/local/lib/python3.9/site-packages/airflow/example_dags/example_complex.py
[2024-09-24T15:59:46.375+0000] {logging_mixin.py:137} INFO - [2024-09-24T15:59:46.375+0000] {dag.py:2705} INFO - Sync 1 DAGs
[2024-09-24T15:59:46.392+0000] {logging_mixin.py:137} INFO - [2024-09-24T15:59:46.391+0000] {dag.py:3452} INFO - Setting next_dagrun for example_complex to None, run_after=None
[2024-09-24T15:59:46.406+0000] {processor.py:175} INFO - Processing /usr/local/lib/python3.9/site-packages/airflow/example_dags/example_complex.py took 0.066 seconds
[2024-09-24T16:12:38.608+0000] {processor.py:153} INFO - Started process (PID=340) to work on /usr/local/lib/python3.9/site-packages/airflow/example_dags/example_complex.py
[2024-09-24T16:12:38.608+0000] {processor.py:743} INFO - Processing file /usr/local/lib/python3.9/site-packages/airflow/example_dags/example_complex.py for tasks to queue
[2024-09-24T16:12:38.608+0000] {logging_mixin.py:137} INFO - [2024-09-24T16:12:38.608+0000] {dagbag.py:532} INFO - Filling up the DagBag from /usr/local/lib/python3.9/site-packages/airflow/example_dags/example_complex.py
[2024-09-24T16:12:38.615+0000] {logging_mixin.py:137} INFO - [2024-09-24T16:12:38.615+0000] {taskmixin.py:211} WARNING - Dependency <Task(BashOperator): create_entry_group>, delete_entry_group already registered for DAG: example_complex
[2024-09-24T16:12:38.615+0000] {logging_mixin.py:137} INFO - [2024-09-24T16:12:38.615+0000] {taskmixin.py:211} WARNING - Dependency <Task(BashOperator): delete_entry_group>, create_entry_group already registered for DAG: example_complex
[2024-09-24T16:12:38.616+0000] {logging_mixin.py:137} INFO - [2024-09-24T16:12:38.616+0000] {taskmixin.py:211} WARNING - Dependency <Task(BashOperator): create_entry_gcs>, delete_entry already registered for DAG: example_complex
[2024-09-24T16:12:38.616+0000] {logging_mixin.py:137} INFO - [2024-09-24T16:12:38.616+0000] {taskmixin.py:211} WARNING - Dependency <Task(BashOperator): delete_entry>, create_entry_gcs already registered for DAG: example_complex
[2024-09-24T16:12:38.616+0000] {logging_mixin.py:137} INFO - [2024-09-24T16:12:38.616+0000] {taskmixin.py:211} WARNING - Dependency <Task(BashOperator): create_tag>, delete_tag already registered for DAG: example_complex
[2024-09-24T16:12:38.617+0000] {logging_mixin.py:137} INFO - [2024-09-24T16:12:38.617+0000] {taskmixin.py:211} WARNING - Dependency <Task(BashOperator): delete_tag>, create_tag already registered for DAG: example_complex
[2024-09-24T16:12:38.623+0000] {processor.py:753} INFO - DAG(s) dict_keys(['example_complex']) retrieved from /usr/local/lib/python3.9/site-packages/airflow/example_dags/example_complex.py
[2024-09-24T16:12:38.756+0000] {logging_mixin.py:137} INFO - [2024-09-24T16:12:38.756+0000] {manager.py:504} INFO - Created Permission View: can read on DAG:example_complex
[2024-09-24T16:12:38.767+0000] {logging_mixin.py:137} INFO - [2024-09-24T16:12:38.766+0000] {manager.py:504} INFO - Created Permission View: can edit on DAG:example_complex
[2024-09-24T16:12:38.770+0000] {logging_mixin.py:137} INFO - [2024-09-24T16:12:38.770+0000] {manager.py:504} INFO - Created Permission View: can delete on DAG:example_complex
[2024-09-24T16:12:38.771+0000] {logging_mixin.py:137} INFO - [2024-09-24T16:12:38.771+0000] {dag.py:2705} INFO - Sync 1 DAGs
[2024-09-24T16:12:38.785+0000] {logging_mixin.py:137} INFO - [2024-09-24T16:12:38.785+0000] {dag.py:2726} INFO - Creating ORM DAG for example_complex
[2024-09-24T16:12:38.792+0000] {logging_mixin.py:137} INFO - [2024-09-24T16:12:38.792+0000] {dag.py:3452} INFO - Setting next_dagrun for example_complex to None, run_after=None
[2024-09-24T16:12:38.804+0000] {processor.py:175} INFO - Processing /usr/local/lib/python3.9/site-packages/airflow/example_dags/example_complex.py took 0.198 seconds
[2024-09-24T16:13:22.310+0000] {processor.py:153} INFO - Started process (PID=551) to work on /usr/local/lib/python3.9/site-packages/airflow/example_dags/example_complex.py
[2024-09-24T16:13:22.313+0000] {processor.py:743} INFO - Processing file /usr/local/lib/python3.9/site-packages/airflow/example_dags/example_complex.py for tasks to queue
[2024-09-24T16:13:22.315+0000] {logging_mixin.py:137} INFO - [2024-09-24T16:13:22.315+0000] {dagbag.py:532} INFO - Filling up the DagBag from /usr/local/lib/python3.9/site-packages/airflow/example_dags/example_complex.py
[2024-09-24T16:13:22.346+0000] {logging_mixin.py:137} INFO - [2024-09-24T16:13:22.346+0000] {taskmixin.py:211} WARNING - Dependency <Task(BashOperator): create_entry_group>, delete_entry_group already registered for DAG: example_complex
[2024-09-24T16:13:22.352+0000] {logging_mixin.py:137} INFO - [2024-09-24T16:13:22.352+0000] {taskmixin.py:211} WARNING - Dependency <Task(BashOperator): delete_entry_group>, create_entry_group already registered for DAG: example_complex
[2024-09-24T16:13:22.352+0000] {logging_mixin.py:137} INFO - [2024-09-24T16:13:22.352+0000] {taskmixin.py:211} WARNING - Dependency <Task(BashOperator): create_entry_gcs>, delete_entry already registered for DAG: example_complex
[2024-09-24T16:13:22.353+0000] {logging_mixin.py:137} INFO - [2024-09-24T16:13:22.353+0000] {taskmixin.py:211} WARNING - Dependency <Task(BashOperator): delete_entry>, create_entry_gcs already registered for DAG: example_complex
[2024-09-24T16:13:22.353+0000] {logging_mixin.py:137} INFO - [2024-09-24T16:13:22.353+0000] {taskmixin.py:211} WARNING - Dependency <Task(BashOperator): create_tag>, delete_tag already registered for DAG: example_complex
[2024-09-24T16:13:22.354+0000] {logging_mixin.py:137} INFO - [2024-09-24T16:13:22.354+0000] {taskmixin.py:211} WARNING - Dependency <Task(BashOperator): delete_tag>, create_tag already registered for DAG: example_complex
[2024-09-24T16:13:22.378+0000] {processor.py:753} INFO - DAG(s) dict_keys(['example_complex']) retrieved from /usr/local/lib/python3.9/site-packages/airflow/example_dags/example_complex.py
[2024-09-24T16:13:22.711+0000] {logging_mixin.py:137} INFO - [2024-09-24T16:13:22.710+0000] {dag.py:2705} INFO - Sync 1 DAGs
[2024-09-24T16:13:22.777+0000] {logging_mixin.py:137} INFO - [2024-09-24T16:13:22.777+0000] {dag.py:3452} INFO - Setting next_dagrun for example_complex to None, run_after=None
[2024-09-24T16:13:22.840+0000] {processor.py:175} INFO - Processing /usr/local/lib/python3.9/site-packages/airflow/example_dags/example_complex.py took 0.536 seconds
[2024-09-24T16:13:53.374+0000] {processor.py:153} INFO - Started process (PID=762) to work on /usr/local/lib/python3.9/site-packages/airflow/example_dags/example_complex.py
[2024-09-24T16:13:53.384+0000] {processor.py:743} INFO - Processing file /usr/local/lib/python3.9/site-packages/airflow/example_dags/example_complex.py for tasks to queue
[2024-09-24T16:13:53.386+0000] {logging_mixin.py:137} INFO - [2024-09-24T16:13:53.386+0000] {dagbag.py:532} INFO - Filling up the DagBag from /usr/local/lib/python3.9/site-packages/airflow/example_dags/example_complex.py
[2024-09-24T16:13:53.393+0000] {logging_mixin.py:137} INFO - [2024-09-24T16:13:53.393+0000] {taskmixin.py:211} WARNING - Dependency <Task(BashOperator): create_entry_group>, delete_entry_group already registered for DAG: example_complex
[2024-09-24T16:13:53.394+0000] {logging_mixin.py:137} INFO - [2024-09-24T16:13:53.394+0000] {taskmixin.py:211} WARNING - Dependency <Task(BashOperator): delete_entry_group>, create_entry_group already registered for DAG: example_complex
[2024-09-24T16:13:53.394+0000] {logging_mixin.py:137} INFO - [2024-09-24T16:13:53.394+0000] {taskmixin.py:211} WARNING - Dependency <Task(BashOperator): create_entry_gcs>, delete_entry already registered for DAG: example_complex
[2024-09-24T16:13:53.394+0000] {logging_mixin.py:137} INFO - [2024-09-24T16:13:53.394+0000] {taskmixin.py:211} WARNING - Dependency <Task(BashOperator): delete_entry>, create_entry_gcs already registered for DAG: example_complex
[2024-09-24T16:13:53.394+0000] {logging_mixin.py:137} INFO - [2024-09-24T16:13:53.394+0000] {taskmixin.py:211} WARNING - Dependency <Task(BashOperator): create_tag>, delete_tag already registered for DAG: example_complex
[2024-09-24T16:13:53.394+0000] {logging_mixin.py:137} INFO - [2024-09-24T16:13:53.394+0000] {taskmixin.py:211} WARNING - Dependency <Task(BashOperator): delete_tag>, create_tag already registered for DAG: example_complex
[2024-09-24T16:13:53.399+0000] {processor.py:753} INFO - DAG(s) dict_keys(['example_complex']) retrieved from /usr/local/lib/python3.9/site-packages/airflow/example_dags/example_complex.py
[2024-09-24T16:13:53.422+0000] {logging_mixin.py:137} INFO - [2024-09-24T16:13:53.422+0000] {dag.py:2705} INFO - Sync 1 DAGs
[2024-09-24T16:13:53.440+0000] {logging_mixin.py:137} INFO - [2024-09-24T16:13:53.440+0000] {dag.py:3452} INFO - Setting next_dagrun for example_complex to None, run_after=None
[2024-09-24T16:13:53.448+0000] {processor.py:175} INFO - Processing /usr/local/lib/python3.9/site-packages/airflow/example_dags/example_complex.py took 0.081 seconds
[2024-09-24T16:14:25.839+0000] {processor.py:153} INFO - Started process (PID=973) to work on /usr/local/lib/python3.9/site-packages/airflow/example_dags/example_complex.py
[2024-09-24T16:14:25.841+0000] {processor.py:743} INFO - Processing file /usr/local/lib/python3.9/site-packages/airflow/example_dags/example_complex.py for tasks to queue
[2024-09-24T16:14:25.844+0000] {logging_mixin.py:137} INFO - [2024-09-24T16:14:25.844+0000] {dagbag.py:532} INFO - Filling up the DagBag from /usr/local/lib/python3.9/site-packages/airflow/example_dags/example_complex.py
[2024-09-24T16:14:25.867+0000] {logging_mixin.py:137} INFO - [2024-09-24T16:14:25.866+0000] {taskmixin.py:211} WARNING - Dependency <Task(BashOperator): create_entry_group>, delete_entry_group already registered for DAG: example_complex
[2024-09-24T16:14:25.868+0000] {logging_mixin.py:137} INFO - [2024-09-24T16:14:25.867+0000] {taskmixin.py:211} WARNING - Dependency <Task(BashOperator): delete_entry_group>, create_entry_group already registered for DAG: example_complex
[2024-09-24T16:14:25.870+0000] {logging_mixin.py:137} INFO - [2024-09-24T16:14:25.869+0000] {taskmixin.py:211} WARNING - Dependency <Task(BashOperator): create_entry_gcs>, delete_entry already registered for DAG: example_complex
[2024-09-24T16:14:25.871+0000] {logging_mixin.py:137} INFO - [2024-09-24T16:14:25.871+0000] {taskmixin.py:211} WARNING - Dependency <Task(BashOperator): delete_entry>, create_entry_gcs already registered for DAG: example_complex
[2024-09-24T16:14:25.872+0000] {logging_mixin.py:137} INFO - [2024-09-24T16:14:25.872+0000] {taskmixin.py:211} WARNING - Dependency <Task(BashOperator): create_tag>, delete_tag already registered for DAG: example_complex
[2024-09-24T16:14:25.872+0000] {logging_mixin.py:137} INFO - [2024-09-24T16:14:25.872+0000] {taskmixin.py:211} WARNING - Dependency <Task(BashOperator): delete_tag>, create_tag already registered for DAG: example_complex
[2024-09-24T16:14:25.895+0000] {processor.py:753} INFO - DAG(s) dict_keys(['example_complex']) retrieved from /usr/local/lib/python3.9/site-packages/airflow/example_dags/example_complex.py
[2024-09-24T16:14:25.946+0000] {logging_mixin.py:137} INFO - [2024-09-24T16:14:25.945+0000] {dag.py:2705} INFO - Sync 1 DAGs
[2024-09-24T16:14:25.967+0000] {logging_mixin.py:137} INFO - [2024-09-24T16:14:25.967+0000] {dag.py:3452} INFO - Setting next_dagrun for example_complex to None, run_after=None
[2024-09-24T16:14:26.005+0000] {processor.py:175} INFO - Processing /usr/local/lib/python3.9/site-packages/airflow/example_dags/example_complex.py took 0.176 seconds
[2024-09-24T16:15:04.320+0000] {processor.py:153} INFO - Started process (PID=1184) to work on /usr/local/lib/python3.9/site-packages/airflow/example_dags/example_complex.py
[2024-09-24T16:15:04.323+0000] {processor.py:743} INFO - Processing file /usr/local/lib/python3.9/site-packages/airflow/example_dags/example_complex.py for tasks to queue
[2024-09-24T16:15:04.325+0000] {logging_mixin.py:137} INFO - [2024-09-24T16:15:04.325+0000] {dagbag.py:532} INFO - Filling up the DagBag from /usr/local/lib/python3.9/site-packages/airflow/example_dags/example_complex.py
[2024-09-24T16:15:04.377+0000] {logging_mixin.py:137} INFO - [2024-09-24T16:15:04.376+0000] {taskmixin.py:211} WARNING - Dependency <Task(BashOperator): create_entry_group>, delete_entry_group already registered for DAG: example_complex
[2024-09-24T16:15:04.377+0000] {logging_mixin.py:137} INFO - [2024-09-24T16:15:04.377+0000] {taskmixin.py:211} WARNING - Dependency <Task(BashOperator): delete_entry_group>, create_entry_group already registered for DAG: example_complex
[2024-09-24T16:15:04.378+0000] {logging_mixin.py:137} INFO - [2024-09-24T16:15:04.378+0000] {taskmixin.py:211} WARNING - Dependency <Task(BashOperator): create_entry_gcs>, delete_entry already registered for DAG: example_complex
[2024-09-24T16:15:04.379+0000] {logging_mixin.py:137} INFO - [2024-09-24T16:15:04.379+0000] {taskmixin.py:211} WARNING - Dependency <Task(BashOperator): delete_entry>, create_entry_gcs already registered for DAG: example_complex
[2024-09-24T16:15:04.379+0000] {logging_mixin.py:137} INFO - [2024-09-24T16:15:04.379+0000] {taskmixin.py:211} WARNING - Dependency <Task(BashOperator): create_tag>, delete_tag already registered for DAG: example_complex
[2024-09-24T16:15:04.380+0000] {logging_mixin.py:137} INFO - [2024-09-24T16:15:04.380+0000] {taskmixin.py:211} WARNING - Dependency <Task(BashOperator): delete_tag>, create_tag already registered for DAG: example_complex
[2024-09-24T16:15:04.453+0000] {processor.py:753} INFO - DAG(s) dict_keys(['example_complex']) retrieved from /usr/local/lib/python3.9/site-packages/airflow/example_dags/example_complex.py
[2024-09-24T16:15:04.686+0000] {logging_mixin.py:137} INFO - [2024-09-24T16:15:04.684+0000] {dag.py:2705} INFO - Sync 1 DAGs
[2024-09-24T16:15:04.764+0000] {logging_mixin.py:137} INFO - [2024-09-24T16:15:04.764+0000] {dag.py:3452} INFO - Setting next_dagrun for example_complex to None, run_after=None
[2024-09-24T16:15:04.883+0000] {processor.py:175} INFO - Processing /usr/local/lib/python3.9/site-packages/airflow/example_dags/example_complex.py took 0.582 seconds
[2024-09-24T16:15:37.036+0000] {processor.py:153} INFO - Started process (PID=1395) to work on /usr/local/lib/python3.9/site-packages/airflow/example_dags/example_complex.py
[2024-09-24T16:15:37.037+0000] {processor.py:743} INFO - Processing file /usr/local/lib/python3.9/site-packages/airflow/example_dags/example_complex.py for tasks to queue
[2024-09-24T16:15:37.037+0000] {logging_mixin.py:137} INFO - [2024-09-24T16:15:37.037+0000] {dagbag.py:532} INFO - Filling up the DagBag from /usr/local/lib/python3.9/site-packages/airflow/example_dags/example_complex.py
[2024-09-24T16:15:37.043+0000] {logging_mixin.py:137} INFO - [2024-09-24T16:15:37.042+0000] {taskmixin.py:211} WARNING - Dependency <Task(BashOperator): create_entry_group>, delete_entry_group already registered for DAG: example_complex
[2024-09-24T16:15:37.043+0000] {logging_mixin.py:137} INFO - [2024-09-24T16:15:37.043+0000] {taskmixin.py:211} WARNING - Dependency <Task(BashOperator): delete_entry_group>, create_entry_group already registered for DAG: example_complex
[2024-09-24T16:15:37.043+0000] {logging_mixin.py:137} INFO - [2024-09-24T16:15:37.043+0000] {taskmixin.py:211} WARNING - Dependency <Task(BashOperator): create_entry_gcs>, delete_entry already registered for DAG: example_complex
[2024-09-24T16:15:37.043+0000] {logging_mixin.py:137} INFO - [2024-09-24T16:15:37.043+0000] {taskmixin.py:211} WARNING - Dependency <Task(BashOperator): delete_entry>, create_entry_gcs already registered for DAG: example_complex
[2024-09-24T16:15:37.043+0000] {logging_mixin.py:137} INFO - [2024-09-24T16:15:37.043+0000] {taskmixin.py:211} WARNING - Dependency <Task(BashOperator): create_tag>, delete_tag already registered for DAG: example_complex
[2024-09-24T16:15:37.043+0000] {logging_mixin.py:137} INFO - [2024-09-24T16:15:37.043+0000] {taskmixin.py:211} WARNING - Dependency <Task(BashOperator): delete_tag>, create_tag already registered for DAG: example_complex
[2024-09-24T16:15:37.047+0000] {processor.py:753} INFO - DAG(s) dict_keys(['example_complex']) retrieved from /usr/local/lib/python3.9/site-packages/airflow/example_dags/example_complex.py
[2024-09-24T16:15:37.066+0000] {logging_mixin.py:137} INFO - [2024-09-24T16:15:37.066+0000] {dag.py:2705} INFO - Sync 1 DAGs
[2024-09-24T16:15:37.078+0000] {logging_mixin.py:137} INFO - [2024-09-24T16:15:37.078+0000] {dag.py:3452} INFO - Setting next_dagrun for example_complex to None, run_after=None
[2024-09-24T16:15:37.091+0000] {processor.py:175} INFO - Processing /usr/local/lib/python3.9/site-packages/airflow/example_dags/example_complex.py took 0.057 seconds
[2024-09-24T16:16:07.415+0000] {processor.py:153} INFO - Started process (PID=1601) to work on /usr/local/lib/python3.9/site-packages/airflow/example_dags/example_complex.py
[2024-09-24T16:16:07.417+0000] {processor.py:743} INFO - Processing file /usr/local/lib/python3.9/site-packages/airflow/example_dags/example_complex.py for tasks to queue
[2024-09-24T16:16:07.417+0000] {logging_mixin.py:137} INFO - [2024-09-24T16:16:07.417+0000] {dagbag.py:532} INFO - Filling up the DagBag from /usr/local/lib/python3.9/site-packages/airflow/example_dags/example_complex.py
[2024-09-24T16:16:07.423+0000] {logging_mixin.py:137} INFO - [2024-09-24T16:16:07.423+0000] {taskmixin.py:211} WARNING - Dependency <Task(BashOperator): create_entry_group>, delete_entry_group already registered for DAG: example_complex
[2024-09-24T16:16:07.424+0000] {logging_mixin.py:137} INFO - [2024-09-24T16:16:07.423+0000] {taskmixin.py:211} WARNING - Dependency <Task(BashOperator): delete_entry_group>, create_entry_group already registered for DAG: example_complex
[2024-09-24T16:16:07.424+0000] {logging_mixin.py:137} INFO - [2024-09-24T16:16:07.424+0000] {taskmixin.py:211} WARNING - Dependency <Task(BashOperator): create_entry_gcs>, delete_entry already registered for DAG: example_complex
[2024-09-24T16:16:07.424+0000] {logging_mixin.py:137} INFO - [2024-09-24T16:16:07.424+0000] {taskmixin.py:211} WARNING - Dependency <Task(BashOperator): delete_entry>, create_entry_gcs already registered for DAG: example_complex
[2024-09-24T16:16:07.425+0000] {logging_mixin.py:137} INFO - [2024-09-24T16:16:07.424+0000] {taskmixin.py:211} WARNING - Dependency <Task(BashOperator): create_tag>, delete_tag already registered for DAG: example_complex
[2024-09-24T16:16:07.425+0000] {logging_mixin.py:137} INFO - [2024-09-24T16:16:07.425+0000] {taskmixin.py:211} WARNING - Dependency <Task(BashOperator): delete_tag>, create_tag already registered for DAG: example_complex
[2024-09-24T16:16:07.429+0000] {processor.py:753} INFO - DAG(s) dict_keys(['example_complex']) retrieved from /usr/local/lib/python3.9/site-packages/airflow/example_dags/example_complex.py
[2024-09-24T16:16:07.445+0000] {logging_mixin.py:137} INFO - [2024-09-24T16:16:07.445+0000] {dag.py:2705} INFO - Sync 1 DAGs
[2024-09-24T16:16:07.461+0000] {logging_mixin.py:137} INFO - [2024-09-24T16:16:07.461+0000] {dag.py:3452} INFO - Setting next_dagrun for example_complex to None, run_after=None
[2024-09-24T16:16:07.470+0000] {processor.py:175} INFO - Processing /usr/local/lib/python3.9/site-packages/airflow/example_dags/example_complex.py took 0.057 seconds
[2024-09-24T16:16:37.812+0000] {processor.py:153} INFO - Started process (PID=1814) to work on /usr/local/lib/python3.9/site-packages/airflow/example_dags/example_complex.py
[2024-09-24T16:16:37.813+0000] {processor.py:743} INFO - Processing file /usr/local/lib/python3.9/site-packages/airflow/example_dags/example_complex.py for tasks to queue
[2024-09-24T16:16:37.813+0000] {logging_mixin.py:137} INFO - [2024-09-24T16:16:37.813+0000] {dagbag.py:532} INFO - Filling up the DagBag from /usr/local/lib/python3.9/site-packages/airflow/example_dags/example_complex.py
[2024-09-24T16:16:37.818+0000] {logging_mixin.py:137} INFO - [2024-09-24T16:16:37.818+0000] {taskmixin.py:211} WARNING - Dependency <Task(BashOperator): create_entry_group>, delete_entry_group already registered for DAG: example_complex
[2024-09-24T16:16:37.818+0000] {logging_mixin.py:137} INFO - [2024-09-24T16:16:37.818+0000] {taskmixin.py:211} WARNING - Dependency <Task(BashOperator): delete_entry_group>, create_entry_group already registered for DAG: example_complex
[2024-09-24T16:16:37.818+0000] {logging_mixin.py:137} INFO - [2024-09-24T16:16:37.818+0000] {taskmixin.py:211} WARNING - Dependency <Task(BashOperator): create_entry_gcs>, delete_entry already registered for DAG: example_complex
[2024-09-24T16:16:37.818+0000] {logging_mixin.py:137} INFO - [2024-09-24T16:16:37.818+0000] {taskmixin.py:211} WARNING - Dependency <Task(BashOperator): delete_entry>, create_entry_gcs already registered for DAG: example_complex
[2024-09-24T16:16:37.818+0000] {logging_mixin.py:137} INFO - [2024-09-24T16:16:37.818+0000] {taskmixin.py:211} WARNING - Dependency <Task(BashOperator): create_tag>, delete_tag already registered for DAG: example_complex
[2024-09-24T16:16:37.819+0000] {logging_mixin.py:137} INFO - [2024-09-24T16:16:37.819+0000] {taskmixin.py:211} WARNING - Dependency <Task(BashOperator): delete_tag>, create_tag already registered for DAG: example_complex
[2024-09-24T16:16:37.822+0000] {processor.py:753} INFO - DAG(s) dict_keys(['example_complex']) retrieved from /usr/local/lib/python3.9/site-packages/airflow/example_dags/example_complex.py
[2024-09-24T16:16:37.844+0000] {logging_mixin.py:137} INFO - [2024-09-24T16:16:37.844+0000] {dag.py:2705} INFO - Sync 1 DAGs
[2024-09-24T16:16:37.855+0000] {logging_mixin.py:137} INFO - [2024-09-24T16:16:37.855+0000] {dag.py:3452} INFO - Setting next_dagrun for example_complex to None, run_after=None
[2024-09-24T16:16:37.866+0000] {processor.py:175} INFO - Processing /usr/local/lib/python3.9/site-packages/airflow/example_dags/example_complex.py took 0.055 seconds
[2024-09-24T16:17:08.267+0000] {processor.py:153} INFO - Started process (PID=2023) to work on /usr/local/lib/python3.9/site-packages/airflow/example_dags/example_complex.py
[2024-09-24T16:17:08.268+0000] {processor.py:743} INFO - Processing file /usr/local/lib/python3.9/site-packages/airflow/example_dags/example_complex.py for tasks to queue
[2024-09-24T16:17:08.268+0000] {logging_mixin.py:137} INFO - [2024-09-24T16:17:08.268+0000] {dagbag.py:532} INFO - Filling up the DagBag from /usr/local/lib/python3.9/site-packages/airflow/example_dags/example_complex.py
[2024-09-24T16:17:08.273+0000] {logging_mixin.py:137} INFO - [2024-09-24T16:17:08.273+0000] {taskmixin.py:211} WARNING - Dependency <Task(BashOperator): create_entry_group>, delete_entry_group already registered for DAG: example_complex
[2024-09-24T16:17:08.273+0000] {logging_mixin.py:137} INFO - [2024-09-24T16:17:08.273+0000] {taskmixin.py:211} WARNING - Dependency <Task(BashOperator): delete_entry_group>, create_entry_group already registered for DAG: example_complex
[2024-09-24T16:17:08.273+0000] {logging_mixin.py:137} INFO - [2024-09-24T16:17:08.273+0000] {taskmixin.py:211} WARNING - Dependency <Task(BashOperator): create_entry_gcs>, delete_entry already registered for DAG: example_complex
[2024-09-24T16:17:08.273+0000] {logging_mixin.py:137} INFO - [2024-09-24T16:17:08.273+0000] {taskmixin.py:211} WARNING - Dependency <Task(BashOperator): delete_entry>, create_entry_gcs already registered for DAG: example_complex
[2024-09-24T16:17:08.273+0000] {logging_mixin.py:137} INFO - [2024-09-24T16:17:08.273+0000] {taskmixin.py:211} WARNING - Dependency <Task(BashOperator): create_tag>, delete_tag already registered for DAG: example_complex
[2024-09-24T16:17:08.273+0000] {logging_mixin.py:137} INFO - [2024-09-24T16:17:08.273+0000] {taskmixin.py:211} WARNING - Dependency <Task(BashOperator): delete_tag>, create_tag already registered for DAG: example_complex
[2024-09-24T16:17:08.277+0000] {processor.py:753} INFO - DAG(s) dict_keys(['example_complex']) retrieved from /usr/local/lib/python3.9/site-packages/airflow/example_dags/example_complex.py
[2024-09-24T16:17:08.294+0000] {logging_mixin.py:137} INFO - [2024-09-24T16:17:08.294+0000] {dag.py:2705} INFO - Sync 1 DAGs
[2024-09-24T16:17:08.361+0000] {logging_mixin.py:137} INFO - [2024-09-24T16:17:08.361+0000] {dag.py:3452} INFO - Setting next_dagrun for example_complex to None, run_after=None
[2024-09-24T16:17:08.395+0000] {processor.py:175} INFO - Processing /usr/local/lib/python3.9/site-packages/airflow/example_dags/example_complex.py took 0.129 seconds
[2024-09-24T16:17:38.971+0000] {processor.py:153} INFO - Started process (PID=2234) to work on /usr/local/lib/python3.9/site-packages/airflow/example_dags/example_complex.py
[2024-09-24T16:17:38.972+0000] {processor.py:743} INFO - Processing file /usr/local/lib/python3.9/site-packages/airflow/example_dags/example_complex.py for tasks to queue
[2024-09-24T16:17:38.974+0000] {logging_mixin.py:137} INFO - [2024-09-24T16:17:38.974+0000] {dagbag.py:532} INFO - Filling up the DagBag from /usr/local/lib/python3.9/site-packages/airflow/example_dags/example_complex.py
[2024-09-24T16:17:38.982+0000] {logging_mixin.py:137} INFO - [2024-09-24T16:17:38.982+0000] {taskmixin.py:211} WARNING - Dependency <Task(BashOperator): create_entry_group>, delete_entry_group already registered for DAG: example_complex
[2024-09-24T16:17:38.983+0000] {logging_mixin.py:137} INFO - [2024-09-24T16:17:38.983+0000] {taskmixin.py:211} WARNING - Dependency <Task(BashOperator): delete_entry_group>, create_entry_group already registered for DAG: example_complex
[2024-09-24T16:17:38.987+0000] {logging_mixin.py:137} INFO - [2024-09-24T16:17:38.983+0000] {taskmixin.py:211} WARNING - Dependency <Task(BashOperator): create_entry_gcs>, delete_entry already registered for DAG: example_complex
[2024-09-24T16:17:38.987+0000] {logging_mixin.py:137} INFO - [2024-09-24T16:17:38.987+0000] {taskmixin.py:211} WARNING - Dependency <Task(BashOperator): delete_entry>, create_entry_gcs already registered for DAG: example_complex
[2024-09-24T16:17:38.988+0000] {logging_mixin.py:137} INFO - [2024-09-24T16:17:38.988+0000] {taskmixin.py:211} WARNING - Dependency <Task(BashOperator): create_tag>, delete_tag already registered for DAG: example_complex
[2024-09-24T16:17:38.988+0000] {logging_mixin.py:137} INFO - [2024-09-24T16:17:38.988+0000] {taskmixin.py:211} WARNING - Dependency <Task(BashOperator): delete_tag>, create_tag already registered for DAG: example_complex
[2024-09-24T16:17:38.993+0000] {processor.py:753} INFO - DAG(s) dict_keys(['example_complex']) retrieved from /usr/local/lib/python3.9/site-packages/airflow/example_dags/example_complex.py
[2024-09-24T16:17:39.105+0000] {logging_mixin.py:137} INFO - [2024-09-24T16:17:39.105+0000] {dag.py:2705} INFO - Sync 1 DAGs
[2024-09-24T16:17:39.122+0000] {logging_mixin.py:137} INFO - [2024-09-24T16:17:39.121+0000] {dag.py:3452} INFO - Setting next_dagrun for example_complex to None, run_after=None
[2024-09-24T16:17:39.139+0000] {processor.py:175} INFO - Processing /usr/local/lib/python3.9/site-packages/airflow/example_dags/example_complex.py took 0.170 seconds
[2024-09-24T16:18:09.631+0000] {processor.py:153} INFO - Started process (PID=2445) to work on /usr/local/lib/python3.9/site-packages/airflow/example_dags/example_complex.py
[2024-09-24T16:18:09.632+0000] {processor.py:743} INFO - Processing file /usr/local/lib/python3.9/site-packages/airflow/example_dags/example_complex.py for tasks to queue
[2024-09-24T16:18:09.632+0000] {logging_mixin.py:137} INFO - [2024-09-24T16:18:09.632+0000] {dagbag.py:532} INFO - Filling up the DagBag from /usr/local/lib/python3.9/site-packages/airflow/example_dags/example_complex.py
[2024-09-24T16:18:09.697+0000] {logging_mixin.py:137} INFO - [2024-09-24T16:18:09.697+0000] {taskmixin.py:211} WARNING - Dependency <Task(BashOperator): create_entry_group>, delete_entry_group already registered for DAG: example_complex
[2024-09-24T16:18:09.698+0000] {logging_mixin.py:137} INFO - [2024-09-24T16:18:09.698+0000] {taskmixin.py:211} WARNING - Dependency <Task(BashOperator): delete_entry_group>, create_entry_group already registered for DAG: example_complex
[2024-09-24T16:18:09.698+0000] {logging_mixin.py:137} INFO - [2024-09-24T16:18:09.698+0000] {taskmixin.py:211} WARNING - Dependency <Task(BashOperator): create_entry_gcs>, delete_entry already registered for DAG: example_complex
[2024-09-24T16:18:09.699+0000] {logging_mixin.py:137} INFO - [2024-09-24T16:18:09.699+0000] {taskmixin.py:211} WARNING - Dependency <Task(BashOperator): delete_entry>, create_entry_gcs already registered for DAG: example_complex
[2024-09-24T16:18:09.699+0000] {logging_mixin.py:137} INFO - [2024-09-24T16:18:09.699+0000] {taskmixin.py:211} WARNING - Dependency <Task(BashOperator): create_tag>, delete_tag already registered for DAG: example_complex
[2024-09-24T16:18:09.699+0000] {logging_mixin.py:137} INFO - [2024-09-24T16:18:09.699+0000] {taskmixin.py:211} WARNING - Dependency <Task(BashOperator): delete_tag>, create_tag already registered for DAG: example_complex
[2024-09-24T16:18:09.704+0000] {processor.py:753} INFO - DAG(s) dict_keys(['example_complex']) retrieved from /usr/local/lib/python3.9/site-packages/airflow/example_dags/example_complex.py
[2024-09-24T16:18:09.722+0000] {logging_mixin.py:137} INFO - [2024-09-24T16:18:09.722+0000] {dag.py:2705} INFO - Sync 1 DAGs
[2024-09-24T16:18:09.730+0000] {logging_mixin.py:137} INFO - [2024-09-24T16:18:09.730+0000] {dag.py:3452} INFO - Setting next_dagrun for example_complex to None, run_after=None
[2024-09-24T16:18:09.738+0000] {processor.py:175} INFO - Processing /usr/local/lib/python3.9/site-packages/airflow/example_dags/example_complex.py took 0.109 seconds
[2024-09-24T17:55:51.905+0000] {processor.py:153} INFO - Started process (PID=337) to work on /usr/local/lib/python3.9/site-packages/airflow/example_dags/example_complex.py
[2024-09-24T17:55:51.907+0000] {processor.py:743} INFO - Processing file /usr/local/lib/python3.9/site-packages/airflow/example_dags/example_complex.py for tasks to queue
[2024-09-24T17:55:51.907+0000] {logging_mixin.py:137} INFO - [2024-09-24T17:55:51.907+0000] {dagbag.py:532} INFO - Filling up the DagBag from /usr/local/lib/python3.9/site-packages/airflow/example_dags/example_complex.py
[2024-09-24T17:55:51.913+0000] {logging_mixin.py:137} INFO - [2024-09-24T17:55:51.913+0000] {taskmixin.py:211} WARNING - Dependency <Task(BashOperator): create_entry_group>, delete_entry_group already registered for DAG: example_complex
[2024-09-24T17:55:51.913+0000] {logging_mixin.py:137} INFO - [2024-09-24T17:55:51.913+0000] {taskmixin.py:211} WARNING - Dependency <Task(BashOperator): delete_entry_group>, create_entry_group already registered for DAG: example_complex
[2024-09-24T17:55:51.913+0000] {logging_mixin.py:137} INFO - [2024-09-24T17:55:51.913+0000] {taskmixin.py:211} WARNING - Dependency <Task(BashOperator): create_entry_gcs>, delete_entry already registered for DAG: example_complex
[2024-09-24T17:55:51.913+0000] {logging_mixin.py:137} INFO - [2024-09-24T17:55:51.913+0000] {taskmixin.py:211} WARNING - Dependency <Task(BashOperator): delete_entry>, create_entry_gcs already registered for DAG: example_complex
[2024-09-24T17:55:51.913+0000] {logging_mixin.py:137} INFO - [2024-09-24T17:55:51.913+0000] {taskmixin.py:211} WARNING - Dependency <Task(BashOperator): create_tag>, delete_tag already registered for DAG: example_complex
[2024-09-24T17:55:51.914+0000] {logging_mixin.py:137} INFO - [2024-09-24T17:55:51.913+0000] {taskmixin.py:211} WARNING - Dependency <Task(BashOperator): delete_tag>, create_tag already registered for DAG: example_complex
[2024-09-24T17:55:51.917+0000] {processor.py:753} INFO - DAG(s) dict_keys(['example_complex']) retrieved from /usr/local/lib/python3.9/site-packages/airflow/example_dags/example_complex.py
[2024-09-24T17:55:51.926+0000] {logging_mixin.py:137} INFO - [2024-09-24T17:55:51.926+0000] {dag.py:2705} INFO - Sync 1 DAGs
[2024-09-24T17:55:51.947+0000] {logging_mixin.py:137} INFO - [2024-09-24T17:55:51.947+0000] {dag.py:3452} INFO - Setting next_dagrun for example_complex to None, run_after=None
[2024-09-24T17:55:52.022+0000] {processor.py:175} INFO - Processing /usr/local/lib/python3.9/site-packages/airflow/example_dags/example_complex.py took 0.120 seconds
[2024-09-24T17:56:26.273+0000] {processor.py:153} INFO - Started process (PID=550) to work on /usr/local/lib/python3.9/site-packages/airflow/example_dags/example_complex.py
[2024-09-24T17:56:26.274+0000] {processor.py:743} INFO - Processing file /usr/local/lib/python3.9/site-packages/airflow/example_dags/example_complex.py for tasks to queue
[2024-09-24T17:56:26.275+0000] {logging_mixin.py:137} INFO - [2024-09-24T17:56:26.275+0000] {dagbag.py:532} INFO - Filling up the DagBag from /usr/local/lib/python3.9/site-packages/airflow/example_dags/example_complex.py
[2024-09-24T17:56:26.287+0000] {logging_mixin.py:137} INFO - [2024-09-24T17:56:26.287+0000] {taskmixin.py:211} WARNING - Dependency <Task(BashOperator): create_entry_group>, delete_entry_group already registered for DAG: example_complex
[2024-09-24T17:56:26.287+0000] {logging_mixin.py:137} INFO - [2024-09-24T17:56:26.287+0000] {taskmixin.py:211} WARNING - Dependency <Task(BashOperator): delete_entry_group>, create_entry_group already registered for DAG: example_complex
[2024-09-24T17:56:26.288+0000] {logging_mixin.py:137} INFO - [2024-09-24T17:56:26.287+0000] {taskmixin.py:211} WARNING - Dependency <Task(BashOperator): create_entry_gcs>, delete_entry already registered for DAG: example_complex
[2024-09-24T17:56:26.288+0000] {logging_mixin.py:137} INFO - [2024-09-24T17:56:26.288+0000] {taskmixin.py:211} WARNING - Dependency <Task(BashOperator): delete_entry>, create_entry_gcs already registered for DAG: example_complex
[2024-09-24T17:56:26.288+0000] {logging_mixin.py:137} INFO - [2024-09-24T17:56:26.288+0000] {taskmixin.py:211} WARNING - Dependency <Task(BashOperator): create_tag>, delete_tag already registered for DAG: example_complex
[2024-09-24T17:56:26.289+0000] {logging_mixin.py:137} INFO - [2024-09-24T17:56:26.289+0000] {taskmixin.py:211} WARNING - Dependency <Task(BashOperator): delete_tag>, create_tag already registered for DAG: example_complex
[2024-09-24T17:56:26.298+0000] {processor.py:753} INFO - DAG(s) dict_keys(['example_complex']) retrieved from /usr/local/lib/python3.9/site-packages/airflow/example_dags/example_complex.py
[2024-09-24T17:56:26.348+0000] {logging_mixin.py:137} INFO - [2024-09-24T17:56:26.348+0000] {dag.py:2705} INFO - Sync 1 DAGs
[2024-09-24T17:56:26.368+0000] {logging_mixin.py:137} INFO - [2024-09-24T17:56:26.367+0000] {dag.py:3452} INFO - Setting next_dagrun for example_complex to None, run_after=None
[2024-09-24T17:56:26.423+0000] {processor.py:175} INFO - Processing /usr/local/lib/python3.9/site-packages/airflow/example_dags/example_complex.py took 0.152 seconds
[2024-09-24T18:44:47.337+0000] {processor.py:153} INFO - Started process (PID=340) to work on /usr/local/lib/python3.9/site-packages/airflow/example_dags/example_complex.py
[2024-09-24T18:44:47.339+0000] {processor.py:743} INFO - Processing file /usr/local/lib/python3.9/site-packages/airflow/example_dags/example_complex.py for tasks to queue
[2024-09-24T18:44:47.341+0000] {logging_mixin.py:137} INFO - [2024-09-24T18:44:47.341+0000] {dagbag.py:532} INFO - Filling up the DagBag from /usr/local/lib/python3.9/site-packages/airflow/example_dags/example_complex.py
[2024-09-24T18:44:47.347+0000] {logging_mixin.py:137} INFO - [2024-09-24T18:44:47.347+0000] {taskmixin.py:211} WARNING - Dependency <Task(BashOperator): create_entry_group>, delete_entry_group already registered for DAG: example_complex
[2024-09-24T18:44:47.347+0000] {logging_mixin.py:137} INFO - [2024-09-24T18:44:47.347+0000] {taskmixin.py:211} WARNING - Dependency <Task(BashOperator): delete_entry_group>, create_entry_group already registered for DAG: example_complex
[2024-09-24T18:44:47.348+0000] {logging_mixin.py:137} INFO - [2024-09-24T18:44:47.348+0000] {taskmixin.py:211} WARNING - Dependency <Task(BashOperator): create_entry_gcs>, delete_entry already registered for DAG: example_complex
[2024-09-24T18:44:47.348+0000] {logging_mixin.py:137} INFO - [2024-09-24T18:44:47.348+0000] {taskmixin.py:211} WARNING - Dependency <Task(BashOperator): delete_entry>, create_entry_gcs already registered for DAG: example_complex
[2024-09-24T18:44:47.348+0000] {logging_mixin.py:137} INFO - [2024-09-24T18:44:47.348+0000] {taskmixin.py:211} WARNING - Dependency <Task(BashOperator): create_tag>, delete_tag already registered for DAG: example_complex
[2024-09-24T18:44:47.348+0000] {logging_mixin.py:137} INFO - [2024-09-24T18:44:47.348+0000] {taskmixin.py:211} WARNING - Dependency <Task(BashOperator): delete_tag>, create_tag already registered for DAG: example_complex
[2024-09-24T18:44:47.353+0000] {processor.py:753} INFO - DAG(s) dict_keys(['example_complex']) retrieved from /usr/local/lib/python3.9/site-packages/airflow/example_dags/example_complex.py
[2024-09-24T18:44:47.421+0000] {logging_mixin.py:137} INFO - [2024-09-24T18:44:47.421+0000] {manager.py:504} INFO - Created Permission View: can read on DAG:example_complex
[2024-09-24T18:44:47.425+0000] {logging_mixin.py:137} INFO - [2024-09-24T18:44:47.425+0000] {manager.py:504} INFO - Created Permission View: can edit on DAG:example_complex
[2024-09-24T18:44:47.429+0000] {logging_mixin.py:137} INFO - [2024-09-24T18:44:47.429+0000] {manager.py:504} INFO - Created Permission View: can delete on DAG:example_complex
[2024-09-24T18:44:47.429+0000] {logging_mixin.py:137} INFO - [2024-09-24T18:44:47.429+0000] {dag.py:2705} INFO - Sync 1 DAGs
[2024-09-24T18:44:47.434+0000] {logging_mixin.py:137} INFO - [2024-09-24T18:44:47.434+0000] {dag.py:2726} INFO - Creating ORM DAG for example_complex
[2024-09-24T18:44:47.440+0000] {logging_mixin.py:137} INFO - [2024-09-24T18:44:47.440+0000] {dag.py:3452} INFO - Setting next_dagrun for example_complex to None, run_after=None
[2024-09-24T18:44:47.468+0000] {processor.py:175} INFO - Processing /usr/local/lib/python3.9/site-packages/airflow/example_dags/example_complex.py took 0.133 seconds
[2024-09-24T18:45:18.347+0000] {processor.py:153} INFO - Started process (PID=555) to work on /usr/local/lib/python3.9/site-packages/airflow/example_dags/example_complex.py
[2024-09-24T18:45:18.350+0000] {processor.py:743} INFO - Processing file /usr/local/lib/python3.9/site-packages/airflow/example_dags/example_complex.py for tasks to queue
[2024-09-24T18:45:18.350+0000] {logging_mixin.py:137} INFO - [2024-09-24T18:45:18.350+0000] {dagbag.py:532} INFO - Filling up the DagBag from /usr/local/lib/python3.9/site-packages/airflow/example_dags/example_complex.py
[2024-09-24T18:45:18.359+0000] {logging_mixin.py:137} INFO - [2024-09-24T18:45:18.359+0000] {taskmixin.py:211} WARNING - Dependency <Task(BashOperator): create_entry_group>, delete_entry_group already registered for DAG: example_complex
[2024-09-24T18:45:18.359+0000] {logging_mixin.py:137} INFO - [2024-09-24T18:45:18.359+0000] {taskmixin.py:211} WARNING - Dependency <Task(BashOperator): delete_entry_group>, create_entry_group already registered for DAG: example_complex
[2024-09-24T18:45:18.360+0000] {logging_mixin.py:137} INFO - [2024-09-24T18:45:18.360+0000] {taskmixin.py:211} WARNING - Dependency <Task(BashOperator): create_entry_gcs>, delete_entry already registered for DAG: example_complex
[2024-09-24T18:45:18.360+0000] {logging_mixin.py:137} INFO - [2024-09-24T18:45:18.360+0000] {taskmixin.py:211} WARNING - Dependency <Task(BashOperator): delete_entry>, create_entry_gcs already registered for DAG: example_complex
[2024-09-24T18:45:18.360+0000] {logging_mixin.py:137} INFO - [2024-09-24T18:45:18.360+0000] {taskmixin.py:211} WARNING - Dependency <Task(BashOperator): create_tag>, delete_tag already registered for DAG: example_complex
[2024-09-24T18:45:18.360+0000] {logging_mixin.py:137} INFO - [2024-09-24T18:45:18.360+0000] {taskmixin.py:211} WARNING - Dependency <Task(BashOperator): delete_tag>, create_tag already registered for DAG: example_complex
[2024-09-24T18:45:18.366+0000] {processor.py:753} INFO - DAG(s) dict_keys(['example_complex']) retrieved from /usr/local/lib/python3.9/site-packages/airflow/example_dags/example_complex.py
[2024-09-24T18:45:18.386+0000] {logging_mixin.py:137} INFO - [2024-09-24T18:45:18.386+0000] {dag.py:2705} INFO - Sync 1 DAGs
[2024-09-24T18:45:18.400+0000] {logging_mixin.py:137} INFO - [2024-09-24T18:45:18.400+0000] {dag.py:3452} INFO - Setting next_dagrun for example_complex to None, run_after=None
[2024-09-24T18:45:18.411+0000] {processor.py:175} INFO - Processing /usr/local/lib/python3.9/site-packages/airflow/example_dags/example_complex.py took 0.066 seconds
[2024-09-24T18:45:50.104+0000] {processor.py:153} INFO - Started process (PID=766) to work on /usr/local/lib/python3.9/site-packages/airflow/example_dags/example_complex.py
[2024-09-24T18:45:50.105+0000] {processor.py:743} INFO - Processing file /usr/local/lib/python3.9/site-packages/airflow/example_dags/example_complex.py for tasks to queue
[2024-09-24T18:45:50.107+0000] {logging_mixin.py:137} INFO - [2024-09-24T18:45:50.107+0000] {dagbag.py:532} INFO - Filling up the DagBag from /usr/local/lib/python3.9/site-packages/airflow/example_dags/example_complex.py
[2024-09-24T18:45:50.128+0000] {logging_mixin.py:137} INFO - [2024-09-24T18:45:50.127+0000] {taskmixin.py:211} WARNING - Dependency <Task(BashOperator): create_entry_group>, delete_entry_group already registered for DAG: example_complex
[2024-09-24T18:45:50.128+0000] {logging_mixin.py:137} INFO - [2024-09-24T18:45:50.128+0000] {taskmixin.py:211} WARNING - Dependency <Task(BashOperator): delete_entry_group>, create_entry_group already registered for DAG: example_complex
[2024-09-24T18:45:50.128+0000] {logging_mixin.py:137} INFO - [2024-09-24T18:45:50.128+0000] {taskmixin.py:211} WARNING - Dependency <Task(BashOperator): create_entry_gcs>, delete_entry already registered for DAG: example_complex
[2024-09-24T18:45:50.128+0000] {logging_mixin.py:137} INFO - [2024-09-24T18:45:50.128+0000] {taskmixin.py:211} WARNING - Dependency <Task(BashOperator): delete_entry>, create_entry_gcs already registered for DAG: example_complex
[2024-09-24T18:45:50.128+0000] {logging_mixin.py:137} INFO - [2024-09-24T18:45:50.128+0000] {taskmixin.py:211} WARNING - Dependency <Task(BashOperator): create_tag>, delete_tag already registered for DAG: example_complex
[2024-09-24T18:45:50.129+0000] {logging_mixin.py:137} INFO - [2024-09-24T18:45:50.129+0000] {taskmixin.py:211} WARNING - Dependency <Task(BashOperator): delete_tag>, create_tag already registered for DAG: example_complex
[2024-09-24T18:45:50.136+0000] {processor.py:753} INFO - DAG(s) dict_keys(['example_complex']) retrieved from /usr/local/lib/python3.9/site-packages/airflow/example_dags/example_complex.py
[2024-09-24T18:45:50.177+0000] {logging_mixin.py:137} INFO - [2024-09-24T18:45:50.177+0000] {dag.py:2705} INFO - Sync 1 DAGs
[2024-09-24T18:45:50.192+0000] {logging_mixin.py:137} INFO - [2024-09-24T18:45:50.192+0000] {dag.py:3452} INFO - Setting next_dagrun for example_complex to None, run_after=None
[2024-09-24T18:45:50.203+0000] {processor.py:175} INFO - Processing /usr/local/lib/python3.9/site-packages/airflow/example_dags/example_complex.py took 0.103 seconds
[2024-09-24T18:46:21.059+0000] {processor.py:153} INFO - Started process (PID=977) to work on /usr/local/lib/python3.9/site-packages/airflow/example_dags/example_complex.py
[2024-09-24T18:46:21.061+0000] {processor.py:743} INFO - Processing file /usr/local/lib/python3.9/site-packages/airflow/example_dags/example_complex.py for tasks to queue
[2024-09-24T18:46:21.061+0000] {logging_mixin.py:137} INFO - [2024-09-24T18:46:21.061+0000] {dagbag.py:532} INFO - Filling up the DagBag from /usr/local/lib/python3.9/site-packages/airflow/example_dags/example_complex.py
[2024-09-24T18:46:21.066+0000] {logging_mixin.py:137} INFO - [2024-09-24T18:46:21.066+0000] {taskmixin.py:211} WARNING - Dependency <Task(BashOperator): create_entry_group>, delete_entry_group already registered for DAG: example_complex
[2024-09-24T18:46:21.066+0000] {logging_mixin.py:137} INFO - [2024-09-24T18:46:21.066+0000] {taskmixin.py:211} WARNING - Dependency <Task(BashOperator): delete_entry_group>, create_entry_group already registered for DAG: example_complex
[2024-09-24T18:46:21.066+0000] {logging_mixin.py:137} INFO - [2024-09-24T18:46:21.066+0000] {taskmixin.py:211} WARNING - Dependency <Task(BashOperator): create_entry_gcs>, delete_entry already registered for DAG: example_complex
[2024-09-24T18:46:21.067+0000] {logging_mixin.py:137} INFO - [2024-09-24T18:46:21.066+0000] {taskmixin.py:211} WARNING - Dependency <Task(BashOperator): delete_entry>, create_entry_gcs already registered for DAG: example_complex
[2024-09-24T18:46:21.067+0000] {logging_mixin.py:137} INFO - [2024-09-24T18:46:21.067+0000] {taskmixin.py:211} WARNING - Dependency <Task(BashOperator): create_tag>, delete_tag already registered for DAG: example_complex
[2024-09-24T18:46:21.067+0000] {logging_mixin.py:137} INFO - [2024-09-24T18:46:21.067+0000] {taskmixin.py:211} WARNING - Dependency <Task(BashOperator): delete_tag>, create_tag already registered for DAG: example_complex
[2024-09-24T18:46:21.071+0000] {processor.py:753} INFO - DAG(s) dict_keys(['example_complex']) retrieved from /usr/local/lib/python3.9/site-packages/airflow/example_dags/example_complex.py
[2024-09-24T18:46:21.088+0000] {logging_mixin.py:137} INFO - [2024-09-24T18:46:21.088+0000] {dag.py:2705} INFO - Sync 1 DAGs
[2024-09-24T18:46:21.099+0000] {logging_mixin.py:137} INFO - [2024-09-24T18:46:21.099+0000] {dag.py:3452} INFO - Setting next_dagrun for example_complex to None, run_after=None
[2024-09-24T18:46:21.111+0000] {processor.py:175} INFO - Processing /usr/local/lib/python3.9/site-packages/airflow/example_dags/example_complex.py took 0.054 seconds
[2024-09-24T18:46:54.689+0000] {processor.py:153} INFO - Started process (PID=1188) to work on /usr/local/lib/python3.9/site-packages/airflow/example_dags/example_complex.py
[2024-09-24T18:46:54.693+0000] {processor.py:743} INFO - Processing file /usr/local/lib/python3.9/site-packages/airflow/example_dags/example_complex.py for tasks to queue
[2024-09-24T18:46:54.695+0000] {logging_mixin.py:137} INFO - [2024-09-24T18:46:54.695+0000] {dagbag.py:532} INFO - Filling up the DagBag from /usr/local/lib/python3.9/site-packages/airflow/example_dags/example_complex.py
[2024-09-24T18:46:54.719+0000] {logging_mixin.py:137} INFO - [2024-09-24T18:46:54.718+0000] {taskmixin.py:211} WARNING - Dependency <Task(BashOperator): create_entry_group>, delete_entry_group already registered for DAG: example_complex
[2024-09-24T18:46:54.720+0000] {logging_mixin.py:137} INFO - [2024-09-24T18:46:54.720+0000] {taskmixin.py:211} WARNING - Dependency <Task(BashOperator): delete_entry_group>, create_entry_group already registered for DAG: example_complex
[2024-09-24T18:46:54.721+0000] {logging_mixin.py:137} INFO - [2024-09-24T18:46:54.720+0000] {taskmixin.py:211} WARNING - Dependency <Task(BashOperator): create_entry_gcs>, delete_entry already registered for DAG: example_complex
[2024-09-24T18:46:54.721+0000] {logging_mixin.py:137} INFO - [2024-09-24T18:46:54.721+0000] {taskmixin.py:211} WARNING - Dependency <Task(BashOperator): delete_entry>, create_entry_gcs already registered for DAG: example_complex
[2024-09-24T18:46:54.722+0000] {logging_mixin.py:137} INFO - [2024-09-24T18:46:54.722+0000] {taskmixin.py:211} WARNING - Dependency <Task(BashOperator): create_tag>, delete_tag already registered for DAG: example_complex
[2024-09-24T18:46:54.723+0000] {logging_mixin.py:137} INFO - [2024-09-24T18:46:54.722+0000] {taskmixin.py:211} WARNING - Dependency <Task(BashOperator): delete_tag>, create_tag already registered for DAG: example_complex
[2024-09-24T18:46:54.752+0000] {processor.py:753} INFO - DAG(s) dict_keys(['example_complex']) retrieved from /usr/local/lib/python3.9/site-packages/airflow/example_dags/example_complex.py
[2024-09-24T18:46:54.799+0000] {logging_mixin.py:137} INFO - [2024-09-24T18:46:54.799+0000] {dag.py:2705} INFO - Sync 1 DAGs
[2024-09-24T18:46:54.826+0000] {logging_mixin.py:137} INFO - [2024-09-24T18:46:54.825+0000] {dag.py:3452} INFO - Setting next_dagrun for example_complex to None, run_after=None
[2024-09-24T18:46:54.845+0000] {processor.py:175} INFO - Processing /usr/local/lib/python3.9/site-packages/airflow/example_dags/example_complex.py took 0.164 seconds
[2024-09-24T18:47:28.578+0000] {processor.py:153} INFO - Started process (PID=1399) to work on /usr/local/lib/python3.9/site-packages/airflow/example_dags/example_complex.py
[2024-09-24T18:47:28.587+0000] {processor.py:743} INFO - Processing file /usr/local/lib/python3.9/site-packages/airflow/example_dags/example_complex.py for tasks to queue
[2024-09-24T18:47:28.591+0000] {logging_mixin.py:137} INFO - [2024-09-24T18:47:28.590+0000] {dagbag.py:532} INFO - Filling up the DagBag from /usr/local/lib/python3.9/site-packages/airflow/example_dags/example_complex.py
[2024-09-24T18:47:28.625+0000] {logging_mixin.py:137} INFO - [2024-09-24T18:47:28.624+0000] {taskmixin.py:211} WARNING - Dependency <Task(BashOperator): create_entry_group>, delete_entry_group already registered for DAG: example_complex
[2024-09-24T18:47:28.626+0000] {logging_mixin.py:137} INFO - [2024-09-24T18:47:28.626+0000] {taskmixin.py:211} WARNING - Dependency <Task(BashOperator): delete_entry_group>, create_entry_group already registered for DAG: example_complex
[2024-09-24T18:47:28.626+0000] {logging_mixin.py:137} INFO - [2024-09-24T18:47:28.626+0000] {taskmixin.py:211} WARNING - Dependency <Task(BashOperator): create_entry_gcs>, delete_entry already registered for DAG: example_complex
[2024-09-24T18:47:28.626+0000] {logging_mixin.py:137} INFO - [2024-09-24T18:47:28.626+0000] {taskmixin.py:211} WARNING - Dependency <Task(BashOperator): delete_entry>, create_entry_gcs already registered for DAG: example_complex
[2024-09-24T18:47:28.627+0000] {logging_mixin.py:137} INFO - [2024-09-24T18:47:28.627+0000] {taskmixin.py:211} WARNING - Dependency <Task(BashOperator): create_tag>, delete_tag already registered for DAG: example_complex
[2024-09-24T18:47:28.627+0000] {logging_mixin.py:137} INFO - [2024-09-24T18:47:28.627+0000] {taskmixin.py:211} WARNING - Dependency <Task(BashOperator): delete_tag>, create_tag already registered for DAG: example_complex
[2024-09-24T18:47:28.654+0000] {processor.py:753} INFO - DAG(s) dict_keys(['example_complex']) retrieved from /usr/local/lib/python3.9/site-packages/airflow/example_dags/example_complex.py
[2024-09-24T18:47:28.784+0000] {logging_mixin.py:137} INFO - [2024-09-24T18:47:28.782+0000] {dag.py:2705} INFO - Sync 1 DAGs
[2024-09-24T18:47:28.858+0000] {logging_mixin.py:137} INFO - [2024-09-24T18:47:28.857+0000] {dag.py:3452} INFO - Setting next_dagrun for example_complex to None, run_after=None
[2024-09-24T18:47:28.916+0000] {processor.py:175} INFO - Processing /usr/local/lib/python3.9/site-packages/airflow/example_dags/example_complex.py took 0.359 seconds
[2024-09-24T18:48:00.626+0000] {processor.py:153} INFO - Started process (PID=1610) to work on /usr/local/lib/python3.9/site-packages/airflow/example_dags/example_complex.py
[2024-09-24T18:48:00.628+0000] {processor.py:743} INFO - Processing file /usr/local/lib/python3.9/site-packages/airflow/example_dags/example_complex.py for tasks to queue
[2024-09-24T18:48:00.628+0000] {logging_mixin.py:137} INFO - [2024-09-24T18:48:00.628+0000] {dagbag.py:532} INFO - Filling up the DagBag from /usr/local/lib/python3.9/site-packages/airflow/example_dags/example_complex.py
[2024-09-24T18:48:00.635+0000] {logging_mixin.py:137} INFO - [2024-09-24T18:48:00.635+0000] {taskmixin.py:211} WARNING - Dependency <Task(BashOperator): create_entry_group>, delete_entry_group already registered for DAG: example_complex
[2024-09-24T18:48:00.635+0000] {logging_mixin.py:137} INFO - [2024-09-24T18:48:00.635+0000] {taskmixin.py:211} WARNING - Dependency <Task(BashOperator): delete_entry_group>, create_entry_group already registered for DAG: example_complex
[2024-09-24T18:48:00.635+0000] {logging_mixin.py:137} INFO - [2024-09-24T18:48:00.635+0000] {taskmixin.py:211} WARNING - Dependency <Task(BashOperator): create_entry_gcs>, delete_entry already registered for DAG: example_complex
[2024-09-24T18:48:00.635+0000] {logging_mixin.py:137} INFO - [2024-09-24T18:48:00.635+0000] {taskmixin.py:211} WARNING - Dependency <Task(BashOperator): delete_entry>, create_entry_gcs already registered for DAG: example_complex
[2024-09-24T18:48:00.636+0000] {logging_mixin.py:137} INFO - [2024-09-24T18:48:00.636+0000] {taskmixin.py:211} WARNING - Dependency <Task(BashOperator): create_tag>, delete_tag already registered for DAG: example_complex
[2024-09-24T18:48:00.636+0000] {logging_mixin.py:137} INFO - [2024-09-24T18:48:00.636+0000] {taskmixin.py:211} WARNING - Dependency <Task(BashOperator): delete_tag>, create_tag already registered for DAG: example_complex
[2024-09-24T18:48:00.641+0000] {processor.py:753} INFO - DAG(s) dict_keys(['example_complex']) retrieved from /usr/local/lib/python3.9/site-packages/airflow/example_dags/example_complex.py
[2024-09-24T18:48:00.666+0000] {logging_mixin.py:137} INFO - [2024-09-24T18:48:00.665+0000] {dag.py:2705} INFO - Sync 1 DAGs
[2024-09-24T18:48:00.678+0000] {logging_mixin.py:137} INFO - [2024-09-24T18:48:00.678+0000] {dag.py:3452} INFO - Setting next_dagrun for example_complex to None, run_after=None
[2024-09-24T18:48:00.686+0000] {processor.py:175} INFO - Processing /usr/local/lib/python3.9/site-packages/airflow/example_dags/example_complex.py took 0.062 seconds
[2024-09-24T18:48:31.424+0000] {processor.py:153} INFO - Started process (PID=1820) to work on /usr/local/lib/python3.9/site-packages/airflow/example_dags/example_complex.py
[2024-09-24T18:48:31.426+0000] {processor.py:743} INFO - Processing file /usr/local/lib/python3.9/site-packages/airflow/example_dags/example_complex.py for tasks to queue
[2024-09-24T18:48:31.426+0000] {logging_mixin.py:137} INFO - [2024-09-24T18:48:31.426+0000] {dagbag.py:532} INFO - Filling up the DagBag from /usr/local/lib/python3.9/site-packages/airflow/example_dags/example_complex.py
[2024-09-24T18:48:31.434+0000] {logging_mixin.py:137} INFO - [2024-09-24T18:48:31.433+0000] {taskmixin.py:211} WARNING - Dependency <Task(BashOperator): create_entry_group>, delete_entry_group already registered for DAG: example_complex
[2024-09-24T18:48:31.438+0000] {logging_mixin.py:137} INFO - [2024-09-24T18:48:31.438+0000] {taskmixin.py:211} WARNING - Dependency <Task(BashOperator): delete_entry_group>, create_entry_group already registered for DAG: example_complex
[2024-09-24T18:48:31.442+0000] {logging_mixin.py:137} INFO - [2024-09-24T18:48:31.442+0000] {taskmixin.py:211} WARNING - Dependency <Task(BashOperator): create_entry_gcs>, delete_entry already registered for DAG: example_complex
[2024-09-24T18:48:31.442+0000] {logging_mixin.py:137} INFO - [2024-09-24T18:48:31.442+0000] {taskmixin.py:211} WARNING - Dependency <Task(BashOperator): delete_entry>, create_entry_gcs already registered for DAG: example_complex
[2024-09-24T18:48:31.442+0000] {logging_mixin.py:137} INFO - [2024-09-24T18:48:31.442+0000] {taskmixin.py:211} WARNING - Dependency <Task(BashOperator): create_tag>, delete_tag already registered for DAG: example_complex
[2024-09-24T18:48:31.442+0000] {logging_mixin.py:137} INFO - [2024-09-24T18:48:31.442+0000] {taskmixin.py:211} WARNING - Dependency <Task(BashOperator): delete_tag>, create_tag already registered for DAG: example_complex
[2024-09-24T18:48:31.446+0000] {processor.py:753} INFO - DAG(s) dict_keys(['example_complex']) retrieved from /usr/local/lib/python3.9/site-packages/airflow/example_dags/example_complex.py
[2024-09-24T18:48:31.468+0000] {logging_mixin.py:137} INFO - [2024-09-24T18:48:31.468+0000] {dag.py:2705} INFO - Sync 1 DAGs
[2024-09-24T18:48:31.483+0000] {logging_mixin.py:137} INFO - [2024-09-24T18:48:31.483+0000] {dag.py:3452} INFO - Setting next_dagrun for example_complex to None, run_after=None
[2024-09-24T18:48:31.492+0000] {processor.py:175} INFO - Processing /usr/local/lib/python3.9/site-packages/airflow/example_dags/example_complex.py took 0.069 seconds
[2024-09-24T18:49:02.839+0000] {processor.py:153} INFO - Started process (PID=2026) to work on /usr/local/lib/python3.9/site-packages/airflow/example_dags/example_complex.py
[2024-09-24T18:49:02.839+0000] {processor.py:743} INFO - Processing file /usr/local/lib/python3.9/site-packages/airflow/example_dags/example_complex.py for tasks to queue
[2024-09-24T18:49:02.840+0000] {logging_mixin.py:137} INFO - [2024-09-24T18:49:02.840+0000] {dagbag.py:532} INFO - Filling up the DagBag from /usr/local/lib/python3.9/site-packages/airflow/example_dags/example_complex.py
[2024-09-24T18:49:02.846+0000] {logging_mixin.py:137} INFO - [2024-09-24T18:49:02.846+0000] {taskmixin.py:211} WARNING - Dependency <Task(BashOperator): create_entry_group>, delete_entry_group already registered for DAG: example_complex
[2024-09-24T18:49:02.846+0000] {logging_mixin.py:137} INFO - [2024-09-24T18:49:02.846+0000] {taskmixin.py:211} WARNING - Dependency <Task(BashOperator): delete_entry_group>, create_entry_group already registered for DAG: example_complex
[2024-09-24T18:49:02.846+0000] {logging_mixin.py:137} INFO - [2024-09-24T18:49:02.846+0000] {taskmixin.py:211} WARNING - Dependency <Task(BashOperator): create_entry_gcs>, delete_entry already registered for DAG: example_complex
[2024-09-24T18:49:02.847+0000] {logging_mixin.py:137} INFO - [2024-09-24T18:49:02.847+0000] {taskmixin.py:211} WARNING - Dependency <Task(BashOperator): delete_entry>, create_entry_gcs already registered for DAG: example_complex
[2024-09-24T18:49:02.847+0000] {logging_mixin.py:137} INFO - [2024-09-24T18:49:02.847+0000] {taskmixin.py:211} WARNING - Dependency <Task(BashOperator): create_tag>, delete_tag already registered for DAG: example_complex
[2024-09-24T18:49:02.847+0000] {logging_mixin.py:137} INFO - [2024-09-24T18:49:02.847+0000] {taskmixin.py:211} WARNING - Dependency <Task(BashOperator): delete_tag>, create_tag already registered for DAG: example_complex
[2024-09-24T18:49:02.852+0000] {processor.py:753} INFO - DAG(s) dict_keys(['example_complex']) retrieved from /usr/local/lib/python3.9/site-packages/airflow/example_dags/example_complex.py
[2024-09-24T18:49:02.873+0000] {logging_mixin.py:137} INFO - [2024-09-24T18:49:02.873+0000] {dag.py:2705} INFO - Sync 1 DAGs
[2024-09-24T18:49:02.933+0000] {logging_mixin.py:137} INFO - [2024-09-24T18:49:02.933+0000] {dag.py:3452} INFO - Setting next_dagrun for example_complex to None, run_after=None
[2024-09-24T18:49:02.941+0000] {processor.py:175} INFO - Processing /usr/local/lib/python3.9/site-packages/airflow/example_dags/example_complex.py took 0.104 seconds
[2024-09-24T18:49:33.885+0000] {processor.py:153} INFO - Started process (PID=2237) to work on /usr/local/lib/python3.9/site-packages/airflow/example_dags/example_complex.py
[2024-09-24T18:49:33.887+0000] {processor.py:743} INFO - Processing file /usr/local/lib/python3.9/site-packages/airflow/example_dags/example_complex.py for tasks to queue
[2024-09-24T18:49:33.887+0000] {logging_mixin.py:137} INFO - [2024-09-24T18:49:33.887+0000] {dagbag.py:532} INFO - Filling up the DagBag from /usr/local/lib/python3.9/site-packages/airflow/example_dags/example_complex.py
[2024-09-24T18:49:33.892+0000] {logging_mixin.py:137} INFO - [2024-09-24T18:49:33.892+0000] {taskmixin.py:211} WARNING - Dependency <Task(BashOperator): create_entry_group>, delete_entry_group already registered for DAG: example_complex
[2024-09-24T18:49:33.894+0000] {logging_mixin.py:137} INFO - [2024-09-24T18:49:33.894+0000] {taskmixin.py:211} WARNING - Dependency <Task(BashOperator): delete_entry_group>, create_entry_group already registered for DAG: example_complex
[2024-09-24T18:49:33.895+0000] {logging_mixin.py:137} INFO - [2024-09-24T18:49:33.895+0000] {taskmixin.py:211} WARNING - Dependency <Task(BashOperator): create_entry_gcs>, delete_entry already registered for DAG: example_complex
[2024-09-24T18:49:33.895+0000] {logging_mixin.py:137} INFO - [2024-09-24T18:49:33.895+0000] {taskmixin.py:211} WARNING - Dependency <Task(BashOperator): delete_entry>, create_entry_gcs already registered for DAG: example_complex
[2024-09-24T18:49:33.895+0000] {logging_mixin.py:137} INFO - [2024-09-24T18:49:33.895+0000] {taskmixin.py:211} WARNING - Dependency <Task(BashOperator): create_tag>, delete_tag already registered for DAG: example_complex
[2024-09-24T18:49:33.895+0000] {logging_mixin.py:137} INFO - [2024-09-24T18:49:33.895+0000] {taskmixin.py:211} WARNING - Dependency <Task(BashOperator): delete_tag>, create_tag already registered for DAG: example_complex
[2024-09-24T18:49:33.899+0000] {processor.py:753} INFO - DAG(s) dict_keys(['example_complex']) retrieved from /usr/local/lib/python3.9/site-packages/airflow/example_dags/example_complex.py
[2024-09-24T18:49:33.969+0000] {logging_mixin.py:137} INFO - [2024-09-24T18:49:33.968+0000] {dag.py:2705} INFO - Sync 1 DAGs
[2024-09-24T18:49:33.977+0000] {logging_mixin.py:137} INFO - [2024-09-24T18:49:33.977+0000] {dag.py:3452} INFO - Setting next_dagrun for example_complex to None, run_after=None
[2024-09-24T18:49:33.984+0000] {processor.py:175} INFO - Processing /usr/local/lib/python3.9/site-packages/airflow/example_dags/example_complex.py took 0.100 seconds
[2024-09-24T18:50:04.440+0000] {processor.py:153} INFO - Started process (PID=2447) to work on /usr/local/lib/python3.9/site-packages/airflow/example_dags/example_complex.py
[2024-09-24T18:50:04.442+0000] {processor.py:743} INFO - Processing file /usr/local/lib/python3.9/site-packages/airflow/example_dags/example_complex.py for tasks to queue
[2024-09-24T18:50:04.442+0000] {logging_mixin.py:137} INFO - [2024-09-24T18:50:04.442+0000] {dagbag.py:532} INFO - Filling up the DagBag from /usr/local/lib/python3.9/site-packages/airflow/example_dags/example_complex.py
[2024-09-24T18:50:04.509+0000] {logging_mixin.py:137} INFO - [2024-09-24T18:50:04.509+0000] {taskmixin.py:211} WARNING - Dependency <Task(BashOperator): create_entry_group>, delete_entry_group already registered for DAG: example_complex
[2024-09-24T18:50:04.510+0000] {logging_mixin.py:137} INFO - [2024-09-24T18:50:04.510+0000] {taskmixin.py:211} WARNING - Dependency <Task(BashOperator): delete_entry_group>, create_entry_group already registered for DAG: example_complex
[2024-09-24T18:50:04.510+0000] {logging_mixin.py:137} INFO - [2024-09-24T18:50:04.510+0000] {taskmixin.py:211} WARNING - Dependency <Task(BashOperator): create_entry_gcs>, delete_entry already registered for DAG: example_complex
[2024-09-24T18:50:04.510+0000] {logging_mixin.py:137} INFO - [2024-09-24T18:50:04.510+0000] {taskmixin.py:211} WARNING - Dependency <Task(BashOperator): delete_entry>, create_entry_gcs already registered for DAG: example_complex
[2024-09-24T18:50:04.510+0000] {logging_mixin.py:137} INFO - [2024-09-24T18:50:04.510+0000] {taskmixin.py:211} WARNING - Dependency <Task(BashOperator): create_tag>, delete_tag already registered for DAG: example_complex
[2024-09-24T18:50:04.510+0000] {logging_mixin.py:137} INFO - [2024-09-24T18:50:04.510+0000] {taskmixin.py:211} WARNING - Dependency <Task(BashOperator): delete_tag>, create_tag already registered for DAG: example_complex
[2024-09-24T18:50:04.513+0000] {processor.py:753} INFO - DAG(s) dict_keys(['example_complex']) retrieved from /usr/local/lib/python3.9/site-packages/airflow/example_dags/example_complex.py
[2024-09-24T18:50:04.526+0000] {logging_mixin.py:137} INFO - [2024-09-24T18:50:04.526+0000] {dag.py:2705} INFO - Sync 1 DAGs
[2024-09-24T18:50:04.534+0000] {logging_mixin.py:137} INFO - [2024-09-24T18:50:04.534+0000] {dag.py:3452} INFO - Setting next_dagrun for example_complex to None, run_after=None
[2024-09-24T18:50:04.541+0000] {processor.py:175} INFO - Processing /usr/local/lib/python3.9/site-packages/airflow/example_dags/example_complex.py took 0.105 seconds
[2024-09-24T18:50:35.106+0000] {processor.py:153} INFO - Started process (PID=2659) to work on /usr/local/lib/python3.9/site-packages/airflow/example_dags/example_complex.py
[2024-09-24T18:50:35.107+0000] {processor.py:743} INFO - Processing file /usr/local/lib/python3.9/site-packages/airflow/example_dags/example_complex.py for tasks to queue
[2024-09-24T18:50:35.110+0000] {logging_mixin.py:137} INFO - [2024-09-24T18:50:35.110+0000] {dagbag.py:532} INFO - Filling up the DagBag from /usr/local/lib/python3.9/site-packages/airflow/example_dags/example_complex.py
[2024-09-24T18:50:35.132+0000] {logging_mixin.py:137} INFO - [2024-09-24T18:50:35.131+0000] {taskmixin.py:211} WARNING - Dependency <Task(BashOperator): create_entry_group>, delete_entry_group already registered for DAG: example_complex
[2024-09-24T18:50:35.137+0000] {logging_mixin.py:137} INFO - [2024-09-24T18:50:35.137+0000] {taskmixin.py:211} WARNING - Dependency <Task(BashOperator): delete_entry_group>, create_entry_group already registered for DAG: example_complex
[2024-09-24T18:50:35.138+0000] {logging_mixin.py:137} INFO - [2024-09-24T18:50:35.138+0000] {taskmixin.py:211} WARNING - Dependency <Task(BashOperator): create_entry_gcs>, delete_entry already registered for DAG: example_complex
[2024-09-24T18:50:35.140+0000] {logging_mixin.py:137} INFO - [2024-09-24T18:50:35.139+0000] {taskmixin.py:211} WARNING - Dependency <Task(BashOperator): delete_entry>, create_entry_gcs already registered for DAG: example_complex
[2024-09-24T18:50:35.141+0000] {logging_mixin.py:137} INFO - [2024-09-24T18:50:35.141+0000] {taskmixin.py:211} WARNING - Dependency <Task(BashOperator): create_tag>, delete_tag already registered for DAG: example_complex
[2024-09-24T18:50:35.141+0000] {logging_mixin.py:137} INFO - [2024-09-24T18:50:35.141+0000] {taskmixin.py:211} WARNING - Dependency <Task(BashOperator): delete_tag>, create_tag already registered for DAG: example_complex
[2024-09-24T18:50:35.188+0000] {processor.py:753} INFO - DAG(s) dict_keys(['example_complex']) retrieved from /usr/local/lib/python3.9/site-packages/airflow/example_dags/example_complex.py
[2024-09-24T18:50:35.240+0000] {logging_mixin.py:137} INFO - [2024-09-24T18:50:35.240+0000] {dag.py:2705} INFO - Sync 1 DAGs
[2024-09-24T18:50:35.263+0000] {logging_mixin.py:137} INFO - [2024-09-24T18:50:35.263+0000] {dag.py:3452} INFO - Setting next_dagrun for example_complex to None, run_after=None
[2024-09-24T18:50:35.287+0000] {processor.py:175} INFO - Processing /usr/local/lib/python3.9/site-packages/airflow/example_dags/example_complex.py took 0.185 seconds
[2024-09-24T18:51:06.768+0000] {processor.py:153} INFO - Started process (PID=2870) to work on /usr/local/lib/python3.9/site-packages/airflow/example_dags/example_complex.py
[2024-09-24T18:51:06.769+0000] {processor.py:743} INFO - Processing file /usr/local/lib/python3.9/site-packages/airflow/example_dags/example_complex.py for tasks to queue
[2024-09-24T18:51:06.770+0000] {logging_mixin.py:137} INFO - [2024-09-24T18:51:06.770+0000] {dagbag.py:532} INFO - Filling up the DagBag from /usr/local/lib/python3.9/site-packages/airflow/example_dags/example_complex.py
[2024-09-24T18:51:06.779+0000] {logging_mixin.py:137} INFO - [2024-09-24T18:51:06.779+0000] {taskmixin.py:211} WARNING - Dependency <Task(BashOperator): create_entry_group>, delete_entry_group already registered for DAG: example_complex
[2024-09-24T18:51:06.779+0000] {logging_mixin.py:137} INFO - [2024-09-24T18:51:06.779+0000] {taskmixin.py:211} WARNING - Dependency <Task(BashOperator): delete_entry_group>, create_entry_group already registered for DAG: example_complex
[2024-09-24T18:51:06.780+0000] {logging_mixin.py:137} INFO - [2024-09-24T18:51:06.779+0000] {taskmixin.py:211} WARNING - Dependency <Task(BashOperator): create_entry_gcs>, delete_entry already registered for DAG: example_complex
[2024-09-24T18:51:06.780+0000] {logging_mixin.py:137} INFO - [2024-09-24T18:51:06.780+0000] {taskmixin.py:211} WARNING - Dependency <Task(BashOperator): delete_entry>, create_entry_gcs already registered for DAG: example_complex
[2024-09-24T18:51:06.780+0000] {logging_mixin.py:137} INFO - [2024-09-24T18:51:06.780+0000] {taskmixin.py:211} WARNING - Dependency <Task(BashOperator): create_tag>, delete_tag already registered for DAG: example_complex
[2024-09-24T18:51:06.780+0000] {logging_mixin.py:137} INFO - [2024-09-24T18:51:06.780+0000] {taskmixin.py:211} WARNING - Dependency <Task(BashOperator): delete_tag>, create_tag already registered for DAG: example_complex
[2024-09-24T18:51:06.786+0000] {processor.py:753} INFO - DAG(s) dict_keys(['example_complex']) retrieved from /usr/local/lib/python3.9/site-packages/airflow/example_dags/example_complex.py
[2024-09-24T18:51:06.806+0000] {logging_mixin.py:137} INFO - [2024-09-24T18:51:06.806+0000] {dag.py:2705} INFO - Sync 1 DAGs
[2024-09-24T18:51:06.820+0000] {logging_mixin.py:137} INFO - [2024-09-24T18:51:06.820+0000] {dag.py:3452} INFO - Setting next_dagrun for example_complex to None, run_after=None
[2024-09-24T18:51:06.828+0000] {processor.py:175} INFO - Processing /usr/local/lib/python3.9/site-packages/airflow/example_dags/example_complex.py took 0.063 seconds
[2024-09-24T18:51:37.778+0000] {processor.py:153} INFO - Started process (PID=3087) to work on /usr/local/lib/python3.9/site-packages/airflow/example_dags/example_complex.py
[2024-09-24T18:51:37.781+0000] {processor.py:743} INFO - Processing file /usr/local/lib/python3.9/site-packages/airflow/example_dags/example_complex.py for tasks to queue
[2024-09-24T18:51:37.781+0000] {logging_mixin.py:137} INFO - [2024-09-24T18:51:37.781+0000] {dagbag.py:532} INFO - Filling up the DagBag from /usr/local/lib/python3.9/site-packages/airflow/example_dags/example_complex.py
[2024-09-24T18:51:37.786+0000] {logging_mixin.py:137} INFO - [2024-09-24T18:51:37.786+0000] {taskmixin.py:211} WARNING - Dependency <Task(BashOperator): create_entry_group>, delete_entry_group already registered for DAG: example_complex
[2024-09-24T18:51:37.786+0000] {logging_mixin.py:137} INFO - [2024-09-24T18:51:37.786+0000] {taskmixin.py:211} WARNING - Dependency <Task(BashOperator): delete_entry_group>, create_entry_group already registered for DAG: example_complex
[2024-09-24T18:51:37.786+0000] {logging_mixin.py:137} INFO - [2024-09-24T18:51:37.786+0000] {taskmixin.py:211} WARNING - Dependency <Task(BashOperator): create_entry_gcs>, delete_entry already registered for DAG: example_complex
[2024-09-24T18:51:37.786+0000] {logging_mixin.py:137} INFO - [2024-09-24T18:51:37.786+0000] {taskmixin.py:211} WARNING - Dependency <Task(BashOperator): delete_entry>, create_entry_gcs already registered for DAG: example_complex
[2024-09-24T18:51:37.787+0000] {logging_mixin.py:137} INFO - [2024-09-24T18:51:37.787+0000] {taskmixin.py:211} WARNING - Dependency <Task(BashOperator): create_tag>, delete_tag already registered for DAG: example_complex
[2024-09-24T18:51:37.787+0000] {logging_mixin.py:137} INFO - [2024-09-24T18:51:37.787+0000] {taskmixin.py:211} WARNING - Dependency <Task(BashOperator): delete_tag>, create_tag already registered for DAG: example_complex
[2024-09-24T18:51:37.790+0000] {processor.py:753} INFO - DAG(s) dict_keys(['example_complex']) retrieved from /usr/local/lib/python3.9/site-packages/airflow/example_dags/example_complex.py
[2024-09-24T18:51:37.805+0000] {logging_mixin.py:137} INFO - [2024-09-24T18:51:37.804+0000] {dag.py:2705} INFO - Sync 1 DAGs
[2024-09-24T18:51:37.814+0000] {logging_mixin.py:137} INFO - [2024-09-24T18:51:37.814+0000] {dag.py:3452} INFO - Setting next_dagrun for example_complex to None, run_after=None
[2024-09-24T18:51:37.821+0000] {processor.py:175} INFO - Processing /usr/local/lib/python3.9/site-packages/airflow/example_dags/example_complex.py took 0.045 seconds
[2024-09-24T18:52:08.705+0000] {processor.py:153} INFO - Started process (PID=3298) to work on /usr/local/lib/python3.9/site-packages/airflow/example_dags/example_complex.py
[2024-09-24T18:52:08.707+0000] {processor.py:743} INFO - Processing file /usr/local/lib/python3.9/site-packages/airflow/example_dags/example_complex.py for tasks to queue
[2024-09-24T18:52:08.708+0000] {logging_mixin.py:137} INFO - [2024-09-24T18:52:08.708+0000] {dagbag.py:532} INFO - Filling up the DagBag from /usr/local/lib/python3.9/site-packages/airflow/example_dags/example_complex.py
[2024-09-24T18:52:08.713+0000] {logging_mixin.py:137} INFO - [2024-09-24T18:52:08.713+0000] {taskmixin.py:211} WARNING - Dependency <Task(BashOperator): create_entry_group>, delete_entry_group already registered for DAG: example_complex
[2024-09-24T18:52:08.713+0000] {logging_mixin.py:137} INFO - [2024-09-24T18:52:08.713+0000] {taskmixin.py:211} WARNING - Dependency <Task(BashOperator): delete_entry_group>, create_entry_group already registered for DAG: example_complex
[2024-09-24T18:52:08.713+0000] {logging_mixin.py:137} INFO - [2024-09-24T18:52:08.713+0000] {taskmixin.py:211} WARNING - Dependency <Task(BashOperator): create_entry_gcs>, delete_entry already registered for DAG: example_complex
[2024-09-24T18:52:08.713+0000] {logging_mixin.py:137} INFO - [2024-09-24T18:52:08.713+0000] {taskmixin.py:211} WARNING - Dependency <Task(BashOperator): delete_entry>, create_entry_gcs already registered for DAG: example_complex
[2024-09-24T18:52:08.713+0000] {logging_mixin.py:137} INFO - [2024-09-24T18:52:08.713+0000] {taskmixin.py:211} WARNING - Dependency <Task(BashOperator): create_tag>, delete_tag already registered for DAG: example_complex
[2024-09-24T18:52:08.713+0000] {logging_mixin.py:137} INFO - [2024-09-24T18:52:08.713+0000] {taskmixin.py:211} WARNING - Dependency <Task(BashOperator): delete_tag>, create_tag already registered for DAG: example_complex
[2024-09-24T18:52:08.717+0000] {processor.py:753} INFO - DAG(s) dict_keys(['example_complex']) retrieved from /usr/local/lib/python3.9/site-packages/airflow/example_dags/example_complex.py
[2024-09-24T18:52:08.730+0000] {logging_mixin.py:137} INFO - [2024-09-24T18:52:08.730+0000] {dag.py:2705} INFO - Sync 1 DAGs
[2024-09-24T18:52:08.739+0000] {logging_mixin.py:137} INFO - [2024-09-24T18:52:08.739+0000] {dag.py:3452} INFO - Setting next_dagrun for example_complex to None, run_after=None
[2024-09-24T18:52:08.745+0000] {processor.py:175} INFO - Processing /usr/local/lib/python3.9/site-packages/airflow/example_dags/example_complex.py took 0.041 seconds
[2024-09-24T18:52:39.635+0000] {processor.py:153} INFO - Started process (PID=3510) to work on /usr/local/lib/python3.9/site-packages/airflow/example_dags/example_complex.py
[2024-09-24T18:52:39.637+0000] {processor.py:743} INFO - Processing file /usr/local/lib/python3.9/site-packages/airflow/example_dags/example_complex.py for tasks to queue
[2024-09-24T18:52:39.637+0000] {logging_mixin.py:137} INFO - [2024-09-24T18:52:39.637+0000] {dagbag.py:532} INFO - Filling up the DagBag from /usr/local/lib/python3.9/site-packages/airflow/example_dags/example_complex.py
[2024-09-24T18:52:39.647+0000] {logging_mixin.py:137} INFO - [2024-09-24T18:52:39.647+0000] {taskmixin.py:211} WARNING - Dependency <Task(BashOperator): create_entry_group>, delete_entry_group already registered for DAG: example_complex
[2024-09-24T18:52:39.648+0000] {logging_mixin.py:137} INFO - [2024-09-24T18:52:39.647+0000] {taskmixin.py:211} WARNING - Dependency <Task(BashOperator): delete_entry_group>, create_entry_group already registered for DAG: example_complex
[2024-09-24T18:52:39.648+0000] {logging_mixin.py:137} INFO - [2024-09-24T18:52:39.648+0000] {taskmixin.py:211} WARNING - Dependency <Task(BashOperator): create_entry_gcs>, delete_entry already registered for DAG: example_complex
[2024-09-24T18:52:39.648+0000] {logging_mixin.py:137} INFO - [2024-09-24T18:52:39.648+0000] {taskmixin.py:211} WARNING - Dependency <Task(BashOperator): delete_entry>, create_entry_gcs already registered for DAG: example_complex
[2024-09-24T18:52:39.648+0000] {logging_mixin.py:137} INFO - [2024-09-24T18:52:39.648+0000] {taskmixin.py:211} WARNING - Dependency <Task(BashOperator): create_tag>, delete_tag already registered for DAG: example_complex
[2024-09-24T18:52:39.648+0000] {logging_mixin.py:137} INFO - [2024-09-24T18:52:39.648+0000] {taskmixin.py:211} WARNING - Dependency <Task(BashOperator): delete_tag>, create_tag already registered for DAG: example_complex
[2024-09-24T18:52:39.653+0000] {processor.py:753} INFO - DAG(s) dict_keys(['example_complex']) retrieved from /usr/local/lib/python3.9/site-packages/airflow/example_dags/example_complex.py
[2024-09-24T18:52:39.671+0000] {logging_mixin.py:137} INFO - [2024-09-24T18:52:39.671+0000] {dag.py:2705} INFO - Sync 1 DAGs
[2024-09-24T18:52:39.682+0000] {logging_mixin.py:137} INFO - [2024-09-24T18:52:39.682+0000] {dag.py:3452} INFO - Setting next_dagrun for example_complex to None, run_after=None
[2024-09-24T18:52:39.690+0000] {processor.py:175} INFO - Processing /usr/local/lib/python3.9/site-packages/airflow/example_dags/example_complex.py took 0.056 seconds
[2024-09-24T18:53:10.521+0000] {processor.py:153} INFO - Started process (PID=3721) to work on /usr/local/lib/python3.9/site-packages/airflow/example_dags/example_complex.py
[2024-09-24T18:53:10.522+0000] {processor.py:743} INFO - Processing file /usr/local/lib/python3.9/site-packages/airflow/example_dags/example_complex.py for tasks to queue
[2024-09-24T18:53:10.522+0000] {logging_mixin.py:137} INFO - [2024-09-24T18:53:10.522+0000] {dagbag.py:532} INFO - Filling up the DagBag from /usr/local/lib/python3.9/site-packages/airflow/example_dags/example_complex.py
[2024-09-24T18:53:10.527+0000] {logging_mixin.py:137} INFO - [2024-09-24T18:53:10.527+0000] {taskmixin.py:211} WARNING - Dependency <Task(BashOperator): create_entry_group>, delete_entry_group already registered for DAG: example_complex
[2024-09-24T18:53:10.527+0000] {logging_mixin.py:137} INFO - [2024-09-24T18:53:10.527+0000] {taskmixin.py:211} WARNING - Dependency <Task(BashOperator): delete_entry_group>, create_entry_group already registered for DAG: example_complex
[2024-09-24T18:53:10.527+0000] {logging_mixin.py:137} INFO - [2024-09-24T18:53:10.527+0000] {taskmixin.py:211} WARNING - Dependency <Task(BashOperator): create_entry_gcs>, delete_entry already registered for DAG: example_complex
[2024-09-24T18:53:10.527+0000] {logging_mixin.py:137} INFO - [2024-09-24T18:53:10.527+0000] {taskmixin.py:211} WARNING - Dependency <Task(BashOperator): delete_entry>, create_entry_gcs already registered for DAG: example_complex
[2024-09-24T18:53:10.527+0000] {logging_mixin.py:137} INFO - [2024-09-24T18:53:10.527+0000] {taskmixin.py:211} WARNING - Dependency <Task(BashOperator): create_tag>, delete_tag already registered for DAG: example_complex
[2024-09-24T18:53:10.527+0000] {logging_mixin.py:137} INFO - [2024-09-24T18:53:10.527+0000] {taskmixin.py:211} WARNING - Dependency <Task(BashOperator): delete_tag>, create_tag already registered for DAG: example_complex
[2024-09-24T18:53:10.531+0000] {processor.py:753} INFO - DAG(s) dict_keys(['example_complex']) retrieved from /usr/local/lib/python3.9/site-packages/airflow/example_dags/example_complex.py
[2024-09-24T18:53:10.548+0000] {logging_mixin.py:137} INFO - [2024-09-24T18:53:10.548+0000] {dag.py:2705} INFO - Sync 1 DAGs
[2024-09-24T18:53:10.560+0000] {logging_mixin.py:137} INFO - [2024-09-24T18:53:10.560+0000] {dag.py:3452} INFO - Setting next_dagrun for example_complex to None, run_after=None
[2024-09-24T18:53:10.568+0000] {processor.py:175} INFO - Processing /usr/local/lib/python3.9/site-packages/airflow/example_dags/example_complex.py took 0.047 seconds
