[2024-09-24T15:58:44.762+0000] {processor.py:153} INFO - Started process (PID=359) to work on /usr/local/lib/python3.9/site-packages/airflow/example_dags/example_dynamic_task_mapping.py
[2024-09-24T15:58:44.765+0000] {processor.py:743} INFO - Processing file /usr/local/lib/python3.9/site-packages/airflow/example_dags/example_dynamic_task_mapping.py for tasks to queue
[2024-09-24T15:58:44.766+0000] {logging_mixin.py:137} INFO - [2024-09-24T15:58:44.766+0000] {dagbag.py:532} INFO - Filling up the DagBag from /usr/local/lib/python3.9/site-packages/airflow/example_dags/example_dynamic_task_mapping.py
[2024-09-24T15:58:44.812+0000] {processor.py:753} INFO - DAG(s) dict_keys(['example_dynamic_task_mapping']) retrieved from /usr/local/lib/python3.9/site-packages/airflow/example_dags/example_dynamic_task_mapping.py
[2024-09-24T15:58:44.885+0000] {logging_mixin.py:137} INFO - [2024-09-24T15:58:44.885+0000] {manager.py:504} INFO - Created Permission View: can delete on DAG:example_dynamic_task_mapping
[2024-09-24T15:58:44.893+0000] {logging_mixin.py:137} INFO - [2024-09-24T15:58:44.893+0000] {manager.py:504} INFO - Created Permission View: can read on DAG:example_dynamic_task_mapping
[2024-09-24T15:58:44.900+0000] {logging_mixin.py:137} INFO - [2024-09-24T15:58:44.899+0000] {manager.py:504} INFO - Created Permission View: can edit on DAG:example_dynamic_task_mapping
[2024-09-24T15:58:44.900+0000] {logging_mixin.py:137} INFO - [2024-09-24T15:58:44.900+0000] {dag.py:2705} INFO - Sync 1 DAGs
[2024-09-24T15:58:44.907+0000] {logging_mixin.py:137} INFO - [2024-09-24T15:58:44.907+0000] {dag.py:2726} INFO - Creating ORM DAG for example_dynamic_task_mapping
[2024-09-24T15:58:44.912+0000] {logging_mixin.py:137} INFO - [2024-09-24T15:58:44.912+0000] {dag.py:3452} INFO - Setting next_dagrun for example_dynamic_task_mapping to 2022-03-04T00:00:00+00:00, run_after=2022-03-05T00:00:00+00:00
[2024-09-24T15:58:44.927+0000] {processor.py:175} INFO - Processing /usr/local/lib/python3.9/site-packages/airflow/example_dags/example_dynamic_task_mapping.py took 0.167 seconds
[2024-09-24T15:59:15.376+0000] {processor.py:153} INFO - Started process (PID=570) to work on /usr/local/lib/python3.9/site-packages/airflow/example_dags/example_dynamic_task_mapping.py
[2024-09-24T15:59:15.378+0000] {processor.py:743} INFO - Processing file /usr/local/lib/python3.9/site-packages/airflow/example_dags/example_dynamic_task_mapping.py for tasks to queue
[2024-09-24T15:59:15.378+0000] {logging_mixin.py:137} INFO - [2024-09-24T15:59:15.378+0000] {dagbag.py:532} INFO - Filling up the DagBag from /usr/local/lib/python3.9/site-packages/airflow/example_dags/example_dynamic_task_mapping.py
[2024-09-24T15:59:15.411+0000] {processor.py:753} INFO - DAG(s) dict_keys(['example_dynamic_task_mapping']) retrieved from /usr/local/lib/python3.9/site-packages/airflow/example_dags/example_dynamic_task_mapping.py
[2024-09-24T15:59:15.430+0000] {logging_mixin.py:137} INFO - [2024-09-24T15:59:15.430+0000] {dag.py:2705} INFO - Sync 1 DAGs
[2024-09-24T15:59:15.450+0000] {logging_mixin.py:137} INFO - [2024-09-24T15:59:15.449+0000] {dag.py:3452} INFO - Setting next_dagrun for example_dynamic_task_mapping to 2022-03-04T00:00:00+00:00, run_after=2022-03-05T00:00:00+00:00
[2024-09-24T15:59:15.469+0000] {processor.py:175} INFO - Processing /usr/local/lib/python3.9/site-packages/airflow/example_dags/example_dynamic_task_mapping.py took 0.095 seconds
[2024-09-24T15:59:46.454+0000] {processor.py:153} INFO - Started process (PID=781) to work on /usr/local/lib/python3.9/site-packages/airflow/example_dags/example_dynamic_task_mapping.py
[2024-09-24T15:59:46.461+0000] {processor.py:743} INFO - Processing file /usr/local/lib/python3.9/site-packages/airflow/example_dags/example_dynamic_task_mapping.py for tasks to queue
[2024-09-24T15:59:46.462+0000] {logging_mixin.py:137} INFO - [2024-09-24T15:59:46.462+0000] {dagbag.py:532} INFO - Filling up the DagBag from /usr/local/lib/python3.9/site-packages/airflow/example_dags/example_dynamic_task_mapping.py
[2024-09-24T15:59:46.478+0000] {processor.py:753} INFO - DAG(s) dict_keys(['example_dynamic_task_mapping']) retrieved from /usr/local/lib/python3.9/site-packages/airflow/example_dags/example_dynamic_task_mapping.py
[2024-09-24T15:59:46.498+0000] {logging_mixin.py:137} INFO - [2024-09-24T15:59:46.498+0000] {dag.py:2705} INFO - Sync 1 DAGs
[2024-09-24T15:59:46.532+0000] {logging_mixin.py:137} INFO - [2024-09-24T15:59:46.532+0000] {dag.py:3452} INFO - Setting next_dagrun for example_dynamic_task_mapping to 2022-03-04T00:00:00+00:00, run_after=2022-03-05T00:00:00+00:00
[2024-09-24T15:59:46.690+0000] {processor.py:175} INFO - Processing /usr/local/lib/python3.9/site-packages/airflow/example_dags/example_dynamic_task_mapping.py took 0.238 seconds
[2024-09-24T16:12:39.157+0000] {processor.py:153} INFO - Started process (PID=362) to work on /usr/local/lib/python3.9/site-packages/airflow/example_dags/example_dynamic_task_mapping.py
[2024-09-24T16:12:39.158+0000] {processor.py:743} INFO - Processing file /usr/local/lib/python3.9/site-packages/airflow/example_dags/example_dynamic_task_mapping.py for tasks to queue
[2024-09-24T16:12:39.158+0000] {logging_mixin.py:137} INFO - [2024-09-24T16:12:39.158+0000] {dagbag.py:532} INFO - Filling up the DagBag from /usr/local/lib/python3.9/site-packages/airflow/example_dags/example_dynamic_task_mapping.py
[2024-09-24T16:12:39.171+0000] {processor.py:753} INFO - DAG(s) dict_keys(['example_dynamic_task_mapping']) retrieved from /usr/local/lib/python3.9/site-packages/airflow/example_dags/example_dynamic_task_mapping.py
[2024-09-24T16:12:39.235+0000] {logging_mixin.py:137} INFO - [2024-09-24T16:12:39.235+0000] {manager.py:504} INFO - Created Permission View: can read on DAG:example_dynamic_task_mapping
[2024-09-24T16:12:39.240+0000] {logging_mixin.py:137} INFO - [2024-09-24T16:12:39.240+0000] {manager.py:504} INFO - Created Permission View: can edit on DAG:example_dynamic_task_mapping
[2024-09-24T16:12:39.244+0000] {logging_mixin.py:137} INFO - [2024-09-24T16:12:39.244+0000] {manager.py:504} INFO - Created Permission View: can delete on DAG:example_dynamic_task_mapping
[2024-09-24T16:12:39.244+0000] {logging_mixin.py:137} INFO - [2024-09-24T16:12:39.244+0000] {dag.py:2705} INFO - Sync 1 DAGs
[2024-09-24T16:12:39.250+0000] {logging_mixin.py:137} INFO - [2024-09-24T16:12:39.250+0000] {dag.py:2726} INFO - Creating ORM DAG for example_dynamic_task_mapping
[2024-09-24T16:12:39.255+0000] {logging_mixin.py:137} INFO - [2024-09-24T16:12:39.255+0000] {dag.py:3452} INFO - Setting next_dagrun for example_dynamic_task_mapping to 2022-03-04T00:00:00+00:00, run_after=2022-03-05T00:00:00+00:00
[2024-09-24T16:12:39.265+0000] {processor.py:175} INFO - Processing /usr/local/lib/python3.9/site-packages/airflow/example_dags/example_dynamic_task_mapping.py took 0.111 seconds
[2024-09-24T16:13:23.337+0000] {processor.py:153} INFO - Started process (PID=571) to work on /usr/local/lib/python3.9/site-packages/airflow/example_dags/example_dynamic_task_mapping.py
[2024-09-24T16:13:23.354+0000] {processor.py:743} INFO - Processing file /usr/local/lib/python3.9/site-packages/airflow/example_dags/example_dynamic_task_mapping.py for tasks to queue
[2024-09-24T16:13:23.355+0000] {logging_mixin.py:137} INFO - [2024-09-24T16:13:23.355+0000] {dagbag.py:532} INFO - Filling up the DagBag from /usr/local/lib/python3.9/site-packages/airflow/example_dags/example_dynamic_task_mapping.py
[2024-09-24T16:13:23.386+0000] {processor.py:753} INFO - DAG(s) dict_keys(['example_dynamic_task_mapping']) retrieved from /usr/local/lib/python3.9/site-packages/airflow/example_dags/example_dynamic_task_mapping.py
[2024-09-24T16:13:23.427+0000] {logging_mixin.py:137} INFO - [2024-09-24T16:13:23.427+0000] {dag.py:2705} INFO - Sync 1 DAGs
[2024-09-24T16:13:23.441+0000] {logging_mixin.py:137} INFO - [2024-09-24T16:13:23.441+0000] {dag.py:3452} INFO - Setting next_dagrun for example_dynamic_task_mapping to 2022-03-04T00:00:00+00:00, run_after=2022-03-05T00:00:00+00:00
[2024-09-24T16:13:23.473+0000] {processor.py:175} INFO - Processing /usr/local/lib/python3.9/site-packages/airflow/example_dags/example_dynamic_task_mapping.py took 0.140 seconds
[2024-09-24T16:13:53.629+0000] {processor.py:153} INFO - Started process (PID=784) to work on /usr/local/lib/python3.9/site-packages/airflow/example_dags/example_dynamic_task_mapping.py
[2024-09-24T16:13:53.633+0000] {processor.py:743} INFO - Processing file /usr/local/lib/python3.9/site-packages/airflow/example_dags/example_dynamic_task_mapping.py for tasks to queue
[2024-09-24T16:13:53.633+0000] {logging_mixin.py:137} INFO - [2024-09-24T16:13:53.633+0000] {dagbag.py:532} INFO - Filling up the DagBag from /usr/local/lib/python3.9/site-packages/airflow/example_dags/example_dynamic_task_mapping.py
[2024-09-24T16:13:53.643+0000] {processor.py:753} INFO - DAG(s) dict_keys(['example_dynamic_task_mapping']) retrieved from /usr/local/lib/python3.9/site-packages/airflow/example_dags/example_dynamic_task_mapping.py
[2024-09-24T16:13:53.653+0000] {logging_mixin.py:137} INFO - [2024-09-24T16:13:53.653+0000] {dag.py:2705} INFO - Sync 1 DAGs
[2024-09-24T16:13:53.662+0000] {logging_mixin.py:137} INFO - [2024-09-24T16:13:53.661+0000] {dag.py:3452} INFO - Setting next_dagrun for example_dynamic_task_mapping to 2022-03-04T00:00:00+00:00, run_after=2022-03-05T00:00:00+00:00
[2024-09-24T16:13:53.709+0000] {processor.py:175} INFO - Processing /usr/local/lib/python3.9/site-packages/airflow/example_dags/example_dynamic_task_mapping.py took 0.081 seconds
[2024-09-24T16:14:26.260+0000] {processor.py:153} INFO - Started process (PID=993) to work on /usr/local/lib/python3.9/site-packages/airflow/example_dags/example_dynamic_task_mapping.py
[2024-09-24T16:14:26.263+0000] {processor.py:743} INFO - Processing file /usr/local/lib/python3.9/site-packages/airflow/example_dags/example_dynamic_task_mapping.py for tasks to queue
[2024-09-24T16:14:26.264+0000] {logging_mixin.py:137} INFO - [2024-09-24T16:14:26.264+0000] {dagbag.py:532} INFO - Filling up the DagBag from /usr/local/lib/python3.9/site-packages/airflow/example_dags/example_dynamic_task_mapping.py
[2024-09-24T16:14:26.389+0000] {processor.py:753} INFO - DAG(s) dict_keys(['example_dynamic_task_mapping']) retrieved from /usr/local/lib/python3.9/site-packages/airflow/example_dags/example_dynamic_task_mapping.py
[2024-09-24T16:14:26.729+0000] {logging_mixin.py:137} INFO - [2024-09-24T16:14:26.729+0000] {dag.py:2705} INFO - Sync 1 DAGs
[2024-09-24T16:14:26.881+0000] {logging_mixin.py:137} INFO - [2024-09-24T16:14:26.881+0000] {dag.py:3452} INFO - Setting next_dagrun for example_dynamic_task_mapping to 2022-03-04T00:00:00+00:00, run_after=2022-03-05T00:00:00+00:00
[2024-09-24T16:14:27.110+0000] {processor.py:175} INFO - Processing /usr/local/lib/python3.9/site-packages/airflow/example_dags/example_dynamic_task_mapping.py took 0.866 seconds
[2024-09-24T16:15:05.179+0000] {processor.py:153} INFO - Started process (PID=1206) to work on /usr/local/lib/python3.9/site-packages/airflow/example_dags/example_dynamic_task_mapping.py
[2024-09-24T16:15:05.180+0000] {processor.py:743} INFO - Processing file /usr/local/lib/python3.9/site-packages/airflow/example_dags/example_dynamic_task_mapping.py for tasks to queue
[2024-09-24T16:15:05.181+0000] {logging_mixin.py:137} INFO - [2024-09-24T16:15:05.181+0000] {dagbag.py:532} INFO - Filling up the DagBag from /usr/local/lib/python3.9/site-packages/airflow/example_dags/example_dynamic_task_mapping.py
[2024-09-24T16:15:05.196+0000] {processor.py:753} INFO - DAG(s) dict_keys(['example_dynamic_task_mapping']) retrieved from /usr/local/lib/python3.9/site-packages/airflow/example_dags/example_dynamic_task_mapping.py
[2024-09-24T16:15:05.223+0000] {logging_mixin.py:137} INFO - [2024-09-24T16:15:05.222+0000] {dag.py:2705} INFO - Sync 1 DAGs
[2024-09-24T16:15:05.241+0000] {logging_mixin.py:137} INFO - [2024-09-24T16:15:05.241+0000] {dag.py:3452} INFO - Setting next_dagrun for example_dynamic_task_mapping to 2022-03-04T00:00:00+00:00, run_after=2022-03-05T00:00:00+00:00
[2024-09-24T16:15:05.272+0000] {processor.py:175} INFO - Processing /usr/local/lib/python3.9/site-packages/airflow/example_dags/example_dynamic_task_mapping.py took 0.094 seconds
[2024-09-24T16:15:37.326+0000] {processor.py:153} INFO - Started process (PID=1415) to work on /usr/local/lib/python3.9/site-packages/airflow/example_dags/example_dynamic_task_mapping.py
[2024-09-24T16:15:37.343+0000] {processor.py:743} INFO - Processing file /usr/local/lib/python3.9/site-packages/airflow/example_dags/example_dynamic_task_mapping.py for tasks to queue
[2024-09-24T16:15:37.343+0000] {logging_mixin.py:137} INFO - [2024-09-24T16:15:37.343+0000] {dagbag.py:532} INFO - Filling up the DagBag from /usr/local/lib/python3.9/site-packages/airflow/example_dags/example_dynamic_task_mapping.py
[2024-09-24T16:15:37.358+0000] {processor.py:753} INFO - DAG(s) dict_keys(['example_dynamic_task_mapping']) retrieved from /usr/local/lib/python3.9/site-packages/airflow/example_dags/example_dynamic_task_mapping.py
[2024-09-24T16:15:37.368+0000] {logging_mixin.py:137} INFO - [2024-09-24T16:15:37.368+0000] {dag.py:2705} INFO - Sync 1 DAGs
[2024-09-24T16:15:37.399+0000] {logging_mixin.py:137} INFO - [2024-09-24T16:15:37.399+0000] {dag.py:3452} INFO - Setting next_dagrun for example_dynamic_task_mapping to 2022-03-04T00:00:00+00:00, run_after=2022-03-05T00:00:00+00:00
[2024-09-24T16:15:37.456+0000] {processor.py:175} INFO - Processing /usr/local/lib/python3.9/site-packages/airflow/example_dags/example_dynamic_task_mapping.py took 0.132 seconds
[2024-09-24T16:16:07.636+0000] {processor.py:153} INFO - Started process (PID=1626) to work on /usr/local/lib/python3.9/site-packages/airflow/example_dags/example_dynamic_task_mapping.py
[2024-09-24T16:16:07.636+0000] {processor.py:743} INFO - Processing file /usr/local/lib/python3.9/site-packages/airflow/example_dags/example_dynamic_task_mapping.py for tasks to queue
[2024-09-24T16:16:07.636+0000] {logging_mixin.py:137} INFO - [2024-09-24T16:16:07.636+0000] {dagbag.py:532} INFO - Filling up the DagBag from /usr/local/lib/python3.9/site-packages/airflow/example_dags/example_dynamic_task_mapping.py
[2024-09-24T16:16:07.646+0000] {processor.py:753} INFO - DAG(s) dict_keys(['example_dynamic_task_mapping']) retrieved from /usr/local/lib/python3.9/site-packages/airflow/example_dags/example_dynamic_task_mapping.py
[2024-09-24T16:16:07.658+0000] {logging_mixin.py:137} INFO - [2024-09-24T16:16:07.657+0000] {dag.py:2705} INFO - Sync 1 DAGs
[2024-09-24T16:16:07.669+0000] {logging_mixin.py:137} INFO - [2024-09-24T16:16:07.669+0000] {dag.py:3452} INFO - Setting next_dagrun for example_dynamic_task_mapping to 2022-03-04T00:00:00+00:00, run_after=2022-03-05T00:00:00+00:00
[2024-09-24T16:16:07.676+0000] {processor.py:175} INFO - Processing /usr/local/lib/python3.9/site-packages/airflow/example_dags/example_dynamic_task_mapping.py took 0.042 seconds
[2024-09-24T16:16:37.901+0000] {processor.py:153} INFO - Started process (PID=1832) to work on /usr/local/lib/python3.9/site-packages/airflow/example_dags/example_dynamic_task_mapping.py
[2024-09-24T16:16:37.904+0000] {processor.py:743} INFO - Processing file /usr/local/lib/python3.9/site-packages/airflow/example_dags/example_dynamic_task_mapping.py for tasks to queue
[2024-09-24T16:16:37.905+0000] {logging_mixin.py:137} INFO - [2024-09-24T16:16:37.905+0000] {dagbag.py:532} INFO - Filling up the DagBag from /usr/local/lib/python3.9/site-packages/airflow/example_dags/example_dynamic_task_mapping.py
[2024-09-24T16:16:37.916+0000] {processor.py:753} INFO - DAG(s) dict_keys(['example_dynamic_task_mapping']) retrieved from /usr/local/lib/python3.9/site-packages/airflow/example_dags/example_dynamic_task_mapping.py
[2024-09-24T16:16:37.928+0000] {logging_mixin.py:137} INFO - [2024-09-24T16:16:37.928+0000] {dag.py:2705} INFO - Sync 1 DAGs
[2024-09-24T16:16:37.937+0000] {logging_mixin.py:137} INFO - [2024-09-24T16:16:37.937+0000] {dag.py:3452} INFO - Setting next_dagrun for example_dynamic_task_mapping to 2022-03-04T00:00:00+00:00, run_after=2022-03-05T00:00:00+00:00
[2024-09-24T16:16:38.003+0000] {processor.py:175} INFO - Processing /usr/local/lib/python3.9/site-packages/airflow/example_dags/example_dynamic_task_mapping.py took 0.102 seconds
[2024-09-24T16:17:08.560+0000] {processor.py:153} INFO - Started process (PID=2048) to work on /usr/local/lib/python3.9/site-packages/airflow/example_dags/example_dynamic_task_mapping.py
[2024-09-24T16:17:08.564+0000] {processor.py:743} INFO - Processing file /usr/local/lib/python3.9/site-packages/airflow/example_dags/example_dynamic_task_mapping.py for tasks to queue
[2024-09-24T16:17:08.565+0000] {logging_mixin.py:137} INFO - [2024-09-24T16:17:08.565+0000] {dagbag.py:532} INFO - Filling up the DagBag from /usr/local/lib/python3.9/site-packages/airflow/example_dags/example_dynamic_task_mapping.py
[2024-09-24T16:17:08.577+0000] {processor.py:753} INFO - DAG(s) dict_keys(['example_dynamic_task_mapping']) retrieved from /usr/local/lib/python3.9/site-packages/airflow/example_dags/example_dynamic_task_mapping.py
[2024-09-24T16:17:08.595+0000] {logging_mixin.py:137} INFO - [2024-09-24T16:17:08.595+0000] {dag.py:2705} INFO - Sync 1 DAGs
[2024-09-24T16:17:08.654+0000] {logging_mixin.py:137} INFO - [2024-09-24T16:17:08.654+0000] {dag.py:3452} INFO - Setting next_dagrun for example_dynamic_task_mapping to 2022-03-04T00:00:00+00:00, run_after=2022-03-05T00:00:00+00:00
[2024-09-24T16:17:08.683+0000] {processor.py:175} INFO - Processing /usr/local/lib/python3.9/site-packages/airflow/example_dags/example_dynamic_task_mapping.py took 0.125 seconds
[2024-09-24T16:17:39.271+0000] {processor.py:153} INFO - Started process (PID=2259) to work on /usr/local/lib/python3.9/site-packages/airflow/example_dags/example_dynamic_task_mapping.py
[2024-09-24T16:17:39.274+0000] {processor.py:743} INFO - Processing file /usr/local/lib/python3.9/site-packages/airflow/example_dags/example_dynamic_task_mapping.py for tasks to queue
[2024-09-24T16:17:39.274+0000] {logging_mixin.py:137} INFO - [2024-09-24T16:17:39.274+0000] {dagbag.py:532} INFO - Filling up the DagBag from /usr/local/lib/python3.9/site-packages/airflow/example_dags/example_dynamic_task_mapping.py
[2024-09-24T16:17:39.288+0000] {processor.py:753} INFO - DAG(s) dict_keys(['example_dynamic_task_mapping']) retrieved from /usr/local/lib/python3.9/site-packages/airflow/example_dags/example_dynamic_task_mapping.py
[2024-09-24T16:17:39.360+0000] {logging_mixin.py:137} INFO - [2024-09-24T16:17:39.359+0000] {dag.py:2705} INFO - Sync 1 DAGs
[2024-09-24T16:17:39.369+0000] {logging_mixin.py:137} INFO - [2024-09-24T16:17:39.369+0000] {dag.py:3452} INFO - Setting next_dagrun for example_dynamic_task_mapping to 2022-03-04T00:00:00+00:00, run_after=2022-03-05T00:00:00+00:00
[2024-09-24T16:17:39.375+0000] {processor.py:175} INFO - Processing /usr/local/lib/python3.9/site-packages/airflow/example_dags/example_dynamic_task_mapping.py took 0.106 seconds
[2024-09-24T16:18:09.935+0000] {processor.py:153} INFO - Started process (PID=2470) to work on /usr/local/lib/python3.9/site-packages/airflow/example_dags/example_dynamic_task_mapping.py
[2024-09-24T16:18:09.935+0000] {processor.py:743} INFO - Processing file /usr/local/lib/python3.9/site-packages/airflow/example_dags/example_dynamic_task_mapping.py for tasks to queue
[2024-09-24T16:18:09.936+0000] {logging_mixin.py:137} INFO - [2024-09-24T16:18:09.936+0000] {dagbag.py:532} INFO - Filling up the DagBag from /usr/local/lib/python3.9/site-packages/airflow/example_dags/example_dynamic_task_mapping.py
[2024-09-24T16:18:09.995+0000] {processor.py:753} INFO - DAG(s) dict_keys(['example_dynamic_task_mapping']) retrieved from /usr/local/lib/python3.9/site-packages/airflow/example_dags/example_dynamic_task_mapping.py
[2024-09-24T16:18:10.010+0000] {logging_mixin.py:137} INFO - [2024-09-24T16:18:10.010+0000] {dag.py:2705} INFO - Sync 1 DAGs
[2024-09-24T16:18:10.019+0000] {logging_mixin.py:137} INFO - [2024-09-24T16:18:10.018+0000] {dag.py:3452} INFO - Setting next_dagrun for example_dynamic_task_mapping to 2022-03-04T00:00:00+00:00, run_after=2022-03-05T00:00:00+00:00
[2024-09-24T16:18:10.032+0000] {processor.py:175} INFO - Processing /usr/local/lib/python3.9/site-packages/airflow/example_dags/example_dynamic_task_mapping.py took 0.098 seconds
[2024-09-24T17:55:52.061+0000] {processor.py:153} INFO - Started process (PID=354) to work on /usr/local/lib/python3.9/site-packages/airflow/example_dags/example_dynamic_task_mapping.py
[2024-09-24T17:55:52.062+0000] {processor.py:743} INFO - Processing file /usr/local/lib/python3.9/site-packages/airflow/example_dags/example_dynamic_task_mapping.py for tasks to queue
[2024-09-24T17:55:52.063+0000] {logging_mixin.py:137} INFO - [2024-09-24T17:55:52.063+0000] {dagbag.py:532} INFO - Filling up the DagBag from /usr/local/lib/python3.9/site-packages/airflow/example_dags/example_dynamic_task_mapping.py
[2024-09-24T17:55:52.074+0000] {processor.py:753} INFO - DAG(s) dict_keys(['example_dynamic_task_mapping']) retrieved from /usr/local/lib/python3.9/site-packages/airflow/example_dags/example_dynamic_task_mapping.py
[2024-09-24T17:55:52.085+0000] {logging_mixin.py:137} INFO - [2024-09-24T17:55:52.085+0000] {dag.py:2705} INFO - Sync 1 DAGs
[2024-09-24T17:55:52.098+0000] {logging_mixin.py:137} INFO - [2024-09-24T17:55:52.098+0000] {dag.py:3452} INFO - Setting next_dagrun for example_dynamic_task_mapping to 2022-03-04T00:00:00+00:00, run_after=2022-03-05T00:00:00+00:00
[2024-09-24T17:55:52.107+0000] {processor.py:175} INFO - Processing /usr/local/lib/python3.9/site-packages/airflow/example_dags/example_dynamic_task_mapping.py took 0.048 seconds
[2024-09-24T17:56:26.582+0000] {processor.py:153} INFO - Started process (PID=570) to work on /usr/local/lib/python3.9/site-packages/airflow/example_dags/example_dynamic_task_mapping.py
[2024-09-24T17:56:26.586+0000] {processor.py:743} INFO - Processing file /usr/local/lib/python3.9/site-packages/airflow/example_dags/example_dynamic_task_mapping.py for tasks to queue
[2024-09-24T17:56:26.589+0000] {logging_mixin.py:137} INFO - [2024-09-24T17:56:26.588+0000] {dagbag.py:532} INFO - Filling up the DagBag from /usr/local/lib/python3.9/site-packages/airflow/example_dags/example_dynamic_task_mapping.py
[2024-09-24T17:56:26.650+0000] {processor.py:753} INFO - DAG(s) dict_keys(['example_dynamic_task_mapping']) retrieved from /usr/local/lib/python3.9/site-packages/airflow/example_dags/example_dynamic_task_mapping.py
[2024-09-24T17:56:26.719+0000] {logging_mixin.py:137} INFO - [2024-09-24T17:56:26.719+0000] {dag.py:2705} INFO - Sync 1 DAGs
[2024-09-24T17:56:26.783+0000] {logging_mixin.py:137} INFO - [2024-09-24T17:56:26.782+0000] {dag.py:3452} INFO - Setting next_dagrun for example_dynamic_task_mapping to 2022-03-04T00:00:00+00:00, run_after=2022-03-05T00:00:00+00:00
[2024-09-24T17:56:26.869+0000] {processor.py:175} INFO - Processing /usr/local/lib/python3.9/site-packages/airflow/example_dags/example_dynamic_task_mapping.py took 0.289 seconds
[2024-09-24T18:44:47.698+0000] {processor.py:153} INFO - Started process (PID=360) to work on /usr/local/lib/python3.9/site-packages/airflow/example_dags/example_dynamic_task_mapping.py
[2024-09-24T18:44:47.699+0000] {processor.py:743} INFO - Processing file /usr/local/lib/python3.9/site-packages/airflow/example_dags/example_dynamic_task_mapping.py for tasks to queue
[2024-09-24T18:44:47.699+0000] {logging_mixin.py:137} INFO - [2024-09-24T18:44:47.699+0000] {dagbag.py:532} INFO - Filling up the DagBag from /usr/local/lib/python3.9/site-packages/airflow/example_dags/example_dynamic_task_mapping.py
[2024-09-24T18:44:47.714+0000] {processor.py:753} INFO - DAG(s) dict_keys(['example_dynamic_task_mapping']) retrieved from /usr/local/lib/python3.9/site-packages/airflow/example_dags/example_dynamic_task_mapping.py
[2024-09-24T18:44:47.789+0000] {logging_mixin.py:137} INFO - [2024-09-24T18:44:47.789+0000] {manager.py:504} INFO - Created Permission View: can read on DAG:example_dynamic_task_mapping
[2024-09-24T18:44:47.793+0000] {logging_mixin.py:137} INFO - [2024-09-24T18:44:47.793+0000] {manager.py:504} INFO - Created Permission View: can edit on DAG:example_dynamic_task_mapping
[2024-09-24T18:44:47.796+0000] {logging_mixin.py:137} INFO - [2024-09-24T18:44:47.796+0000] {manager.py:504} INFO - Created Permission View: can delete on DAG:example_dynamic_task_mapping
[2024-09-24T18:44:47.796+0000] {logging_mixin.py:137} INFO - [2024-09-24T18:44:47.796+0000] {dag.py:2705} INFO - Sync 1 DAGs
[2024-09-24T18:44:47.803+0000] {logging_mixin.py:137} INFO - [2024-09-24T18:44:47.803+0000] {dag.py:2726} INFO - Creating ORM DAG for example_dynamic_task_mapping
[2024-09-24T18:44:47.809+0000] {logging_mixin.py:137} INFO - [2024-09-24T18:44:47.808+0000] {dag.py:3452} INFO - Setting next_dagrun for example_dynamic_task_mapping to 2022-03-04T00:00:00+00:00, run_after=2022-03-05T00:00:00+00:00
[2024-09-24T18:44:47.822+0000] {processor.py:175} INFO - Processing /usr/local/lib/python3.9/site-packages/airflow/example_dags/example_dynamic_task_mapping.py took 0.126 seconds
[2024-09-24T18:45:18.596+0000] {processor.py:153} INFO - Started process (PID=575) to work on /usr/local/lib/python3.9/site-packages/airflow/example_dags/example_dynamic_task_mapping.py
[2024-09-24T18:45:18.598+0000] {processor.py:743} INFO - Processing file /usr/local/lib/python3.9/site-packages/airflow/example_dags/example_dynamic_task_mapping.py for tasks to queue
[2024-09-24T18:45:18.601+0000] {logging_mixin.py:137} INFO - [2024-09-24T18:45:18.600+0000] {dagbag.py:532} INFO - Filling up the DagBag from /usr/local/lib/python3.9/site-packages/airflow/example_dags/example_dynamic_task_mapping.py
[2024-09-24T18:45:18.620+0000] {processor.py:753} INFO - DAG(s) dict_keys(['example_dynamic_task_mapping']) retrieved from /usr/local/lib/python3.9/site-packages/airflow/example_dags/example_dynamic_task_mapping.py
[2024-09-24T18:45:18.636+0000] {logging_mixin.py:137} INFO - [2024-09-24T18:45:18.636+0000] {dag.py:2705} INFO - Sync 1 DAGs
[2024-09-24T18:45:18.650+0000] {logging_mixin.py:137} INFO - [2024-09-24T18:45:18.650+0000] {dag.py:3452} INFO - Setting next_dagrun for example_dynamic_task_mapping to 2022-03-04T00:00:00+00:00, run_after=2022-03-05T00:00:00+00:00
[2024-09-24T18:45:18.664+0000] {processor.py:175} INFO - Processing /usr/local/lib/python3.9/site-packages/airflow/example_dags/example_dynamic_task_mapping.py took 0.071 seconds
[2024-09-24T18:45:50.282+0000] {processor.py:153} INFO - Started process (PID=786) to work on /usr/local/lib/python3.9/site-packages/airflow/example_dags/example_dynamic_task_mapping.py
[2024-09-24T18:45:50.284+0000] {processor.py:743} INFO - Processing file /usr/local/lib/python3.9/site-packages/airflow/example_dags/example_dynamic_task_mapping.py for tasks to queue
[2024-09-24T18:45:50.284+0000] {logging_mixin.py:137} INFO - [2024-09-24T18:45:50.284+0000] {dagbag.py:532} INFO - Filling up the DagBag from /usr/local/lib/python3.9/site-packages/airflow/example_dags/example_dynamic_task_mapping.py
[2024-09-24T18:45:50.308+0000] {processor.py:753} INFO - DAG(s) dict_keys(['example_dynamic_task_mapping']) retrieved from /usr/local/lib/python3.9/site-packages/airflow/example_dags/example_dynamic_task_mapping.py
[2024-09-24T18:45:50.336+0000] {logging_mixin.py:137} INFO - [2024-09-24T18:45:50.335+0000] {dag.py:2705} INFO - Sync 1 DAGs
[2024-09-24T18:45:50.352+0000] {logging_mixin.py:137} INFO - [2024-09-24T18:45:50.352+0000] {dag.py:3452} INFO - Setting next_dagrun for example_dynamic_task_mapping to 2022-03-04T00:00:00+00:00, run_after=2022-03-05T00:00:00+00:00
[2024-09-24T18:45:50.364+0000] {processor.py:175} INFO - Processing /usr/local/lib/python3.9/site-packages/airflow/example_dags/example_dynamic_task_mapping.py took 0.084 seconds
[2024-09-24T18:46:21.170+0000] {processor.py:153} INFO - Started process (PID=997) to work on /usr/local/lib/python3.9/site-packages/airflow/example_dags/example_dynamic_task_mapping.py
[2024-09-24T18:46:21.172+0000] {processor.py:743} INFO - Processing file /usr/local/lib/python3.9/site-packages/airflow/example_dags/example_dynamic_task_mapping.py for tasks to queue
[2024-09-24T18:46:21.173+0000] {logging_mixin.py:137} INFO - [2024-09-24T18:46:21.173+0000] {dagbag.py:532} INFO - Filling up the DagBag from /usr/local/lib/python3.9/site-packages/airflow/example_dags/example_dynamic_task_mapping.py
[2024-09-24T18:46:21.183+0000] {processor.py:753} INFO - DAG(s) dict_keys(['example_dynamic_task_mapping']) retrieved from /usr/local/lib/python3.9/site-packages/airflow/example_dags/example_dynamic_task_mapping.py
[2024-09-24T18:46:21.195+0000] {logging_mixin.py:137} INFO - [2024-09-24T18:46:21.195+0000] {dag.py:2705} INFO - Sync 1 DAGs
[2024-09-24T18:46:21.205+0000] {logging_mixin.py:137} INFO - [2024-09-24T18:46:21.205+0000] {dag.py:3452} INFO - Setting next_dagrun for example_dynamic_task_mapping to 2022-03-04T00:00:00+00:00, run_after=2022-03-05T00:00:00+00:00
[2024-09-24T18:46:21.217+0000] {processor.py:175} INFO - Processing /usr/local/lib/python3.9/site-packages/airflow/example_dags/example_dynamic_task_mapping.py took 0.048 seconds
[2024-09-24T18:46:59.055+0000] {processor.py:153} INFO - Started process (PID=1208) to work on /usr/local/lib/python3.9/site-packages/airflow/example_dags/example_dynamic_task_mapping.py
[2024-09-24T18:46:59.181+0000] {processor.py:743} INFO - Processing file /usr/local/lib/python3.9/site-packages/airflow/example_dags/example_dynamic_task_mapping.py for tasks to queue
[2024-09-24T18:46:59.184+0000] {logging_mixin.py:137} INFO - [2024-09-24T18:46:59.184+0000] {dagbag.py:532} INFO - Filling up the DagBag from /usr/local/lib/python3.9/site-packages/airflow/example_dags/example_dynamic_task_mapping.py
[2024-09-24T18:46:59.231+0000] {processor.py:753} INFO - DAG(s) dict_keys(['example_dynamic_task_mapping']) retrieved from /usr/local/lib/python3.9/site-packages/airflow/example_dags/example_dynamic_task_mapping.py
[2024-09-24T18:47:00.567+0000] {logging_mixin.py:137} INFO - [2024-09-24T18:47:00.567+0000] {dag.py:2705} INFO - Sync 1 DAGs
[2024-09-24T18:47:02.008+0000] {logging_mixin.py:137} INFO - [2024-09-24T18:47:02.007+0000] {dag.py:3452} INFO - Setting next_dagrun for example_dynamic_task_mapping to 2022-03-04T00:00:00+00:00, run_after=2022-03-05T00:00:00+00:00
[2024-09-24T18:47:04.237+0000] {processor.py:175} INFO - Processing /usr/local/lib/python3.9/site-packages/airflow/example_dags/example_dynamic_task_mapping.py took 5.188 seconds
[2024-09-24T18:47:34.281+0000] {processor.py:153} INFO - Started process (PID=1421) to work on /usr/local/lib/python3.9/site-packages/airflow/example_dags/example_dynamic_task_mapping.py
[2024-09-24T18:47:35.113+0000] {processor.py:743} INFO - Processing file /usr/local/lib/python3.9/site-packages/airflow/example_dags/example_dynamic_task_mapping.py for tasks to queue
[2024-09-24T18:47:35.136+0000] {logging_mixin.py:137} INFO - [2024-09-24T18:47:35.136+0000] {dagbag.py:532} INFO - Filling up the DagBag from /usr/local/lib/python3.9/site-packages/airflow/example_dags/example_dynamic_task_mapping.py
[2024-09-24T18:47:37.189+0000] {processor.py:753} INFO - DAG(s) dict_keys(['example_dynamic_task_mapping']) retrieved from /usr/local/lib/python3.9/site-packages/airflow/example_dags/example_dynamic_task_mapping.py
[2024-09-24T18:47:38.743+0000] {logging_mixin.py:137} INFO - [2024-09-24T18:47:38.743+0000] {dag.py:2705} INFO - Sync 1 DAGs
[2024-09-24T18:47:38.806+0000] {logging_mixin.py:137} INFO - [2024-09-24T18:47:38.806+0000] {dag.py:3452} INFO - Setting next_dagrun for example_dynamic_task_mapping to 2022-03-04T00:00:00+00:00, run_after=2022-03-05T00:00:00+00:00
[2024-09-24T18:47:39.092+0000] {processor.py:175} INFO - Processing /usr/local/lib/python3.9/site-packages/airflow/example_dags/example_dynamic_task_mapping.py took 4.814 seconds
[2024-09-24T18:48:09.877+0000] {processor.py:153} INFO - Started process (PID=1632) to work on /usr/local/lib/python3.9/site-packages/airflow/example_dags/example_dynamic_task_mapping.py
[2024-09-24T18:48:09.881+0000] {processor.py:743} INFO - Processing file /usr/local/lib/python3.9/site-packages/airflow/example_dags/example_dynamic_task_mapping.py for tasks to queue
[2024-09-24T18:48:09.881+0000] {logging_mixin.py:137} INFO - [2024-09-24T18:48:09.881+0000] {dagbag.py:532} INFO - Filling up the DagBag from /usr/local/lib/python3.9/site-packages/airflow/example_dags/example_dynamic_task_mapping.py
[2024-09-24T18:48:09.925+0000] {processor.py:753} INFO - DAG(s) dict_keys(['example_dynamic_task_mapping']) retrieved from /usr/local/lib/python3.9/site-packages/airflow/example_dags/example_dynamic_task_mapping.py
[2024-09-24T18:48:10.024+0000] {logging_mixin.py:137} INFO - [2024-09-24T18:48:10.024+0000] {dag.py:2705} INFO - Sync 1 DAGs
[2024-09-24T18:48:10.484+0000] {logging_mixin.py:137} INFO - [2024-09-24T18:48:10.484+0000] {dag.py:3452} INFO - Setting next_dagrun for example_dynamic_task_mapping to 2022-03-04T00:00:00+00:00, run_after=2022-03-05T00:00:00+00:00
[2024-09-24T18:48:10.492+0000] {processor.py:175} INFO - Processing /usr/local/lib/python3.9/site-packages/airflow/example_dags/example_dynamic_task_mapping.py took 0.620 seconds
[2024-09-24T18:48:40.694+0000] {processor.py:153} INFO - Started process (PID=1843) to work on /usr/local/lib/python3.9/site-packages/airflow/example_dags/example_dynamic_task_mapping.py
[2024-09-24T18:48:40.695+0000] {processor.py:743} INFO - Processing file /usr/local/lib/python3.9/site-packages/airflow/example_dags/example_dynamic_task_mapping.py for tasks to queue
[2024-09-24T18:48:40.696+0000] {logging_mixin.py:137} INFO - [2024-09-24T18:48:40.696+0000] {dagbag.py:532} INFO - Filling up the DagBag from /usr/local/lib/python3.9/site-packages/airflow/example_dags/example_dynamic_task_mapping.py
[2024-09-24T18:48:40.717+0000] {processor.py:753} INFO - DAG(s) dict_keys(['example_dynamic_task_mapping']) retrieved from /usr/local/lib/python3.9/site-packages/airflow/example_dags/example_dynamic_task_mapping.py
[2024-09-24T18:48:40.745+0000] {logging_mixin.py:137} INFO - [2024-09-24T18:48:40.745+0000] {dag.py:2705} INFO - Sync 1 DAGs
[2024-09-24T18:48:40.761+0000] {logging_mixin.py:137} INFO - [2024-09-24T18:48:40.761+0000] {dag.py:3452} INFO - Setting next_dagrun for example_dynamic_task_mapping to 2022-03-04T00:00:00+00:00, run_after=2022-03-05T00:00:00+00:00
[2024-09-24T18:48:40.950+0000] {processor.py:175} INFO - Processing /usr/local/lib/python3.9/site-packages/airflow/example_dags/example_dynamic_task_mapping.py took 0.260 seconds
[2024-09-24T18:49:11.142+0000] {processor.py:153} INFO - Started process (PID=2054) to work on /usr/local/lib/python3.9/site-packages/airflow/example_dags/example_dynamic_task_mapping.py
[2024-09-24T18:49:11.145+0000] {processor.py:743} INFO - Processing file /usr/local/lib/python3.9/site-packages/airflow/example_dags/example_dynamic_task_mapping.py for tasks to queue
[2024-09-24T18:49:11.146+0000] {logging_mixin.py:137} INFO - [2024-09-24T18:49:11.146+0000] {dagbag.py:532} INFO - Filling up the DagBag from /usr/local/lib/python3.9/site-packages/airflow/example_dags/example_dynamic_task_mapping.py
[2024-09-24T18:49:11.189+0000] {processor.py:753} INFO - DAG(s) dict_keys(['example_dynamic_task_mapping']) retrieved from /usr/local/lib/python3.9/site-packages/airflow/example_dags/example_dynamic_task_mapping.py
[2024-09-24T18:49:11.218+0000] {logging_mixin.py:137} INFO - [2024-09-24T18:49:11.218+0000] {dag.py:2705} INFO - Sync 1 DAGs
[2024-09-24T18:49:11.352+0000] {logging_mixin.py:137} INFO - [2024-09-24T18:49:11.352+0000] {dag.py:3452} INFO - Setting next_dagrun for example_dynamic_task_mapping to 2022-03-04T00:00:00+00:00, run_after=2022-03-05T00:00:00+00:00
[2024-09-24T18:49:11.362+0000] {processor.py:175} INFO - Processing /usr/local/lib/python3.9/site-packages/airflow/example_dags/example_dynamic_task_mapping.py took 0.225 seconds
[2024-09-24T18:49:41.496+0000] {processor.py:153} INFO - Started process (PID=2265) to work on /usr/local/lib/python3.9/site-packages/airflow/example_dags/example_dynamic_task_mapping.py
[2024-09-24T18:49:41.498+0000] {processor.py:743} INFO - Processing file /usr/local/lib/python3.9/site-packages/airflow/example_dags/example_dynamic_task_mapping.py for tasks to queue
[2024-09-24T18:49:41.498+0000] {logging_mixin.py:137} INFO - [2024-09-24T18:49:41.498+0000] {dagbag.py:532} INFO - Filling up the DagBag from /usr/local/lib/python3.9/site-packages/airflow/example_dags/example_dynamic_task_mapping.py
[2024-09-24T18:49:41.574+0000] {processor.py:753} INFO - DAG(s) dict_keys(['example_dynamic_task_mapping']) retrieved from /usr/local/lib/python3.9/site-packages/airflow/example_dags/example_dynamic_task_mapping.py
[2024-09-24T18:49:41.584+0000] {logging_mixin.py:137} INFO - [2024-09-24T18:49:41.583+0000] {dag.py:2705} INFO - Sync 1 DAGs
[2024-09-24T18:49:41.592+0000] {logging_mixin.py:137} INFO - [2024-09-24T18:49:41.592+0000] {dag.py:3452} INFO - Setting next_dagrun for example_dynamic_task_mapping to 2022-03-04T00:00:00+00:00, run_after=2022-03-05T00:00:00+00:00
[2024-09-24T18:49:41.599+0000] {processor.py:175} INFO - Processing /usr/local/lib/python3.9/site-packages/airflow/example_dags/example_dynamic_task_mapping.py took 0.105 seconds
[2024-09-24T18:50:11.945+0000] {processor.py:153} INFO - Started process (PID=2476) to work on /usr/local/lib/python3.9/site-packages/airflow/example_dags/example_dynamic_task_mapping.py
[2024-09-24T18:50:11.945+0000] {processor.py:743} INFO - Processing file /usr/local/lib/python3.9/site-packages/airflow/example_dags/example_dynamic_task_mapping.py for tasks to queue
[2024-09-24T18:50:11.949+0000] {logging_mixin.py:137} INFO - [2024-09-24T18:50:11.948+0000] {dagbag.py:532} INFO - Filling up the DagBag from /usr/local/lib/python3.9/site-packages/airflow/example_dags/example_dynamic_task_mapping.py
[2024-09-24T18:50:11.958+0000] {processor.py:753} INFO - DAG(s) dict_keys(['example_dynamic_task_mapping']) retrieved from /usr/local/lib/python3.9/site-packages/airflow/example_dags/example_dynamic_task_mapping.py
[2024-09-24T18:50:11.967+0000] {logging_mixin.py:137} INFO - [2024-09-24T18:50:11.967+0000] {dag.py:2705} INFO - Sync 1 DAGs
[2024-09-24T18:50:11.977+0000] {logging_mixin.py:137} INFO - [2024-09-24T18:50:11.977+0000] {dag.py:3452} INFO - Setting next_dagrun for example_dynamic_task_mapping to 2022-03-04T00:00:00+00:00, run_after=2022-03-05T00:00:00+00:00
[2024-09-24T18:50:11.984+0000] {processor.py:175} INFO - Processing /usr/local/lib/python3.9/site-packages/airflow/example_dags/example_dynamic_task_mapping.py took 0.122 seconds
[2024-09-24T18:50:42.607+0000] {processor.py:153} INFO - Started process (PID=2687) to work on /usr/local/lib/python3.9/site-packages/airflow/example_dags/example_dynamic_task_mapping.py
[2024-09-24T18:50:42.608+0000] {processor.py:743} INFO - Processing file /usr/local/lib/python3.9/site-packages/airflow/example_dags/example_dynamic_task_mapping.py for tasks to queue
[2024-09-24T18:50:42.609+0000] {logging_mixin.py:137} INFO - [2024-09-24T18:50:42.608+0000] {dagbag.py:532} INFO - Filling up the DagBag from /usr/local/lib/python3.9/site-packages/airflow/example_dags/example_dynamic_task_mapping.py
[2024-09-24T18:50:42.630+0000] {processor.py:753} INFO - DAG(s) dict_keys(['example_dynamic_task_mapping']) retrieved from /usr/local/lib/python3.9/site-packages/airflow/example_dags/example_dynamic_task_mapping.py
[2024-09-24T18:50:42.652+0000] {logging_mixin.py:137} INFO - [2024-09-24T18:50:42.652+0000] {dag.py:2705} INFO - Sync 1 DAGs
[2024-09-24T18:50:42.667+0000] {logging_mixin.py:137} INFO - [2024-09-24T18:50:42.667+0000] {dag.py:3452} INFO - Setting next_dagrun for example_dynamic_task_mapping to 2022-03-04T00:00:00+00:00, run_after=2022-03-05T00:00:00+00:00
[2024-09-24T18:50:42.676+0000] {processor.py:175} INFO - Processing /usr/local/lib/python3.9/site-packages/airflow/example_dags/example_dynamic_task_mapping.py took 0.075 seconds
[2024-09-24T18:51:13.167+0000] {processor.py:153} INFO - Started process (PID=2898) to work on /usr/local/lib/python3.9/site-packages/airflow/example_dags/example_dynamic_task_mapping.py
[2024-09-24T18:51:13.171+0000] {processor.py:743} INFO - Processing file /usr/local/lib/python3.9/site-packages/airflow/example_dags/example_dynamic_task_mapping.py for tasks to queue
[2024-09-24T18:51:13.175+0000] {logging_mixin.py:137} INFO - [2024-09-24T18:51:13.175+0000] {dagbag.py:532} INFO - Filling up the DagBag from /usr/local/lib/python3.9/site-packages/airflow/example_dags/example_dynamic_task_mapping.py
[2024-09-24T18:51:13.200+0000] {processor.py:753} INFO - DAG(s) dict_keys(['example_dynamic_task_mapping']) retrieved from /usr/local/lib/python3.9/site-packages/airflow/example_dags/example_dynamic_task_mapping.py
[2024-09-24T18:51:13.231+0000] {logging_mixin.py:137} INFO - [2024-09-24T18:51:13.231+0000] {dag.py:2705} INFO - Sync 1 DAGs
[2024-09-24T18:51:13.245+0000] {logging_mixin.py:137} INFO - [2024-09-24T18:51:13.245+0000] {dag.py:3452} INFO - Setting next_dagrun for example_dynamic_task_mapping to 2022-03-04T00:00:00+00:00, run_after=2022-03-05T00:00:00+00:00
[2024-09-24T18:51:13.258+0000] {processor.py:175} INFO - Processing /usr/local/lib/python3.9/site-packages/airflow/example_dags/example_dynamic_task_mapping.py took 0.107 seconds
[2024-09-24T18:51:44.004+0000] {processor.py:153} INFO - Started process (PID=3109) to work on /usr/local/lib/python3.9/site-packages/airflow/example_dags/example_dynamic_task_mapping.py
[2024-09-24T18:51:44.007+0000] {processor.py:743} INFO - Processing file /usr/local/lib/python3.9/site-packages/airflow/example_dags/example_dynamic_task_mapping.py for tasks to queue
[2024-09-24T18:51:44.008+0000] {logging_mixin.py:137} INFO - [2024-09-24T18:51:44.008+0000] {dagbag.py:532} INFO - Filling up the DagBag from /usr/local/lib/python3.9/site-packages/airflow/example_dags/example_dynamic_task_mapping.py
[2024-09-24T18:51:44.049+0000] {processor.py:753} INFO - DAG(s) dict_keys(['example_dynamic_task_mapping']) retrieved from /usr/local/lib/python3.9/site-packages/airflow/example_dags/example_dynamic_task_mapping.py
[2024-09-24T18:51:44.082+0000] {logging_mixin.py:137} INFO - [2024-09-24T18:51:44.082+0000] {dag.py:2705} INFO - Sync 1 DAGs
[2024-09-24T18:51:44.100+0000] {logging_mixin.py:137} INFO - [2024-09-24T18:51:44.100+0000] {dag.py:3452} INFO - Setting next_dagrun for example_dynamic_task_mapping to 2022-03-04T00:00:00+00:00, run_after=2022-03-05T00:00:00+00:00
[2024-09-24T18:51:44.112+0000] {processor.py:175} INFO - Processing /usr/local/lib/python3.9/site-packages/airflow/example_dags/example_dynamic_task_mapping.py took 0.123 seconds
[2024-09-24T18:52:14.896+0000] {processor.py:153} INFO - Started process (PID=3320) to work on /usr/local/lib/python3.9/site-packages/airflow/example_dags/example_dynamic_task_mapping.py
[2024-09-24T18:52:14.898+0000] {processor.py:743} INFO - Processing file /usr/local/lib/python3.9/site-packages/airflow/example_dags/example_dynamic_task_mapping.py for tasks to queue
[2024-09-24T18:52:14.898+0000] {logging_mixin.py:137} INFO - [2024-09-24T18:52:14.898+0000] {dagbag.py:532} INFO - Filling up the DagBag from /usr/local/lib/python3.9/site-packages/airflow/example_dags/example_dynamic_task_mapping.py
[2024-09-24T18:52:14.923+0000] {processor.py:753} INFO - DAG(s) dict_keys(['example_dynamic_task_mapping']) retrieved from /usr/local/lib/python3.9/site-packages/airflow/example_dags/example_dynamic_task_mapping.py
[2024-09-24T18:52:14.951+0000] {logging_mixin.py:137} INFO - [2024-09-24T18:52:14.951+0000] {dag.py:2705} INFO - Sync 1 DAGs
[2024-09-24T18:52:14.971+0000] {logging_mixin.py:137} INFO - [2024-09-24T18:52:14.971+0000] {dag.py:3452} INFO - Setting next_dagrun for example_dynamic_task_mapping to 2022-03-04T00:00:00+00:00, run_after=2022-03-05T00:00:00+00:00
[2024-09-24T18:52:14.981+0000] {processor.py:175} INFO - Processing /usr/local/lib/python3.9/site-packages/airflow/example_dags/example_dynamic_task_mapping.py took 0.091 seconds
[2024-09-24T18:52:45.865+0000] {processor.py:153} INFO - Started process (PID=3531) to work on /usr/local/lib/python3.9/site-packages/airflow/example_dags/example_dynamic_task_mapping.py
[2024-09-24T18:52:45.870+0000] {processor.py:743} INFO - Processing file /usr/local/lib/python3.9/site-packages/airflow/example_dags/example_dynamic_task_mapping.py for tasks to queue
[2024-09-24T18:52:45.872+0000] {logging_mixin.py:137} INFO - [2024-09-24T18:52:45.872+0000] {dagbag.py:532} INFO - Filling up the DagBag from /usr/local/lib/python3.9/site-packages/airflow/example_dags/example_dynamic_task_mapping.py
[2024-09-24T18:52:45.895+0000] {processor.py:753} INFO - DAG(s) dict_keys(['example_dynamic_task_mapping']) retrieved from /usr/local/lib/python3.9/site-packages/airflow/example_dags/example_dynamic_task_mapping.py
[2024-09-24T18:52:45.920+0000] {logging_mixin.py:137} INFO - [2024-09-24T18:52:45.920+0000] {dag.py:2705} INFO - Sync 1 DAGs
[2024-09-24T18:52:45.933+0000] {logging_mixin.py:137} INFO - [2024-09-24T18:52:45.933+0000] {dag.py:3452} INFO - Setting next_dagrun for example_dynamic_task_mapping to 2022-03-04T00:00:00+00:00, run_after=2022-03-05T00:00:00+00:00
[2024-09-24T18:52:45.942+0000] {processor.py:175} INFO - Processing /usr/local/lib/python3.9/site-packages/airflow/example_dags/example_dynamic_task_mapping.py took 0.090 seconds
[2024-09-24T18:53:16.820+0000] {processor.py:153} INFO - Started process (PID=3742) to work on /usr/local/lib/python3.9/site-packages/airflow/example_dags/example_dynamic_task_mapping.py
[2024-09-24T18:53:16.821+0000] {processor.py:743} INFO - Processing file /usr/local/lib/python3.9/site-packages/airflow/example_dags/example_dynamic_task_mapping.py for tasks to queue
[2024-09-24T18:53:16.822+0000] {logging_mixin.py:137} INFO - [2024-09-24T18:53:16.822+0000] {dagbag.py:532} INFO - Filling up the DagBag from /usr/local/lib/python3.9/site-packages/airflow/example_dags/example_dynamic_task_mapping.py
[2024-09-24T18:53:16.845+0000] {processor.py:753} INFO - DAG(s) dict_keys(['example_dynamic_task_mapping']) retrieved from /usr/local/lib/python3.9/site-packages/airflow/example_dags/example_dynamic_task_mapping.py
[2024-09-24T18:53:16.892+0000] {logging_mixin.py:137} INFO - [2024-09-24T18:53:16.892+0000] {dag.py:2705} INFO - Sync 1 DAGs
[2024-09-24T18:53:16.940+0000] {logging_mixin.py:137} INFO - [2024-09-24T18:53:16.940+0000] {dag.py:3452} INFO - Setting next_dagrun for example_dynamic_task_mapping to 2022-03-04T00:00:00+00:00, run_after=2022-03-05T00:00:00+00:00
[2024-09-24T18:53:16.970+0000] {processor.py:175} INFO - Processing /usr/local/lib/python3.9/site-packages/airflow/example_dags/example_dynamic_task_mapping.py took 0.156 seconds
