[2024-09-24T15:58:43.409+0000] {processor.py:153} INFO - Started process (PID=304) to work on /usr/local/lib/python3.9/site-packages/airflow/example_dags/example_sla_dag.py
[2024-09-24T15:58:43.409+0000] {processor.py:743} INFO - Processing file /usr/local/lib/python3.9/site-packages/airflow/example_dags/example_sla_dag.py for tasks to queue
[2024-09-24T15:58:43.410+0000] {logging_mixin.py:137} INFO - [2024-09-24T15:58:43.410+0000] {dagbag.py:532} INFO - Filling up the DagBag from /usr/local/lib/python3.9/site-packages/airflow/example_dags/example_sla_dag.py
[2024-09-24T15:58:43.426+0000] {processor.py:753} INFO - DAG(s) dict_keys(['example_sla_dag']) retrieved from /usr/local/lib/python3.9/site-packages/airflow/example_dags/example_sla_dag.py
[2024-09-24T15:58:43.748+0000] {logging_mixin.py:137} INFO - [2024-09-24T15:58:43.747+0000] {manager.py:504} INFO - Created Permission View: can delete on DAG:example_sla_dag
[2024-09-24T15:58:43.759+0000] {logging_mixin.py:137} INFO - [2024-09-24T15:58:43.759+0000] {manager.py:504} INFO - Created Permission View: can read on DAG:example_sla_dag
[2024-09-24T15:58:43.765+0000] {logging_mixin.py:137} INFO - [2024-09-24T15:58:43.765+0000] {manager.py:504} INFO - Created Permission View: can edit on DAG:example_sla_dag
[2024-09-24T15:58:43.766+0000] {logging_mixin.py:137} INFO - [2024-09-24T15:58:43.765+0000] {dag.py:2705} INFO - Sync 1 DAGs
[2024-09-24T15:58:43.778+0000] {logging_mixin.py:137} INFO - [2024-09-24T15:58:43.777+0000] {dag.py:2726} INFO - Creating ORM DAG for example_sla_dag
[2024-09-24T15:58:43.792+0000] {logging_mixin.py:137} INFO - [2024-09-24T15:58:43.791+0000] {dag.py:3452} INFO - Setting next_dagrun for example_sla_dag to 2024-09-24T15:56:00+00:00, run_after=2024-09-24T15:58:00+00:00
[2024-09-24T15:58:43.804+0000] {processor.py:175} INFO - Processing /usr/local/lib/python3.9/site-packages/airflow/example_dags/example_sla_dag.py took 0.397 seconds
[2024-09-24T15:59:13.860+0000] {processor.py:153} INFO - Started process (PID=514) to work on /usr/local/lib/python3.9/site-packages/airflow/example_dags/example_sla_dag.py
[2024-09-24T15:59:13.863+0000] {processor.py:743} INFO - Processing file /usr/local/lib/python3.9/site-packages/airflow/example_dags/example_sla_dag.py for tasks to queue
[2024-09-24T15:59:13.864+0000] {logging_mixin.py:137} INFO - [2024-09-24T15:59:13.864+0000] {dagbag.py:532} INFO - Filling up the DagBag from /usr/local/lib/python3.9/site-packages/airflow/example_dags/example_sla_dag.py
[2024-09-24T15:59:13.882+0000] {processor.py:753} INFO - DAG(s) dict_keys(['example_sla_dag']) retrieved from /usr/local/lib/python3.9/site-packages/airflow/example_dags/example_sla_dag.py
[2024-09-24T15:59:13.908+0000] {logging_mixin.py:137} INFO - [2024-09-24T15:59:13.908+0000] {dag.py:2705} INFO - Sync 1 DAGs
[2024-09-24T15:59:13.942+0000] {logging_mixin.py:137} INFO - [2024-09-24T15:59:13.941+0000] {dag.py:3452} INFO - Setting next_dagrun for example_sla_dag to 2024-09-24T15:56:00+00:00, run_after=2024-09-24T15:58:00+00:00
[2024-09-24T15:59:13.956+0000] {processor.py:175} INFO - Processing /usr/local/lib/python3.9/site-packages/airflow/example_dags/example_sla_dag.py took 0.098 seconds
[2024-09-24T15:59:44.298+0000] {processor.py:153} INFO - Started process (PID=720) to work on /usr/local/lib/python3.9/site-packages/airflow/example_dags/example_sla_dag.py
[2024-09-24T15:59:44.301+0000] {processor.py:743} INFO - Processing file /usr/local/lib/python3.9/site-packages/airflow/example_dags/example_sla_dag.py for tasks to queue
[2024-09-24T15:59:44.302+0000] {logging_mixin.py:137} INFO - [2024-09-24T15:59:44.302+0000] {dagbag.py:532} INFO - Filling up the DagBag from /usr/local/lib/python3.9/site-packages/airflow/example_dags/example_sla_dag.py
[2024-09-24T15:59:44.326+0000] {processor.py:753} INFO - DAG(s) dict_keys(['example_sla_dag']) retrieved from /usr/local/lib/python3.9/site-packages/airflow/example_dags/example_sla_dag.py
[2024-09-24T15:59:44.350+0000] {logging_mixin.py:137} INFO - [2024-09-24T15:59:44.350+0000] {dag.py:2705} INFO - Sync 1 DAGs
[2024-09-24T15:59:44.401+0000] {logging_mixin.py:137} INFO - [2024-09-24T15:59:44.401+0000] {dag.py:3452} INFO - Setting next_dagrun for example_sla_dag to 2024-09-24T15:56:00+00:00, run_after=2024-09-24T15:58:00+00:00
[2024-09-24T15:59:44.434+0000] {processor.py:175} INFO - Processing /usr/local/lib/python3.9/site-packages/airflow/example_dags/example_sla_dag.py took 0.138 seconds
[2024-09-24T16:12:37.838+0000] {processor.py:153} INFO - Started process (PID=303) to work on /usr/local/lib/python3.9/site-packages/airflow/example_dags/example_sla_dag.py
[2024-09-24T16:12:37.840+0000] {processor.py:743} INFO - Processing file /usr/local/lib/python3.9/site-packages/airflow/example_dags/example_sla_dag.py for tasks to queue
[2024-09-24T16:12:37.840+0000] {logging_mixin.py:137} INFO - [2024-09-24T16:12:37.840+0000] {dagbag.py:532} INFO - Filling up the DagBag from /usr/local/lib/python3.9/site-packages/airflow/example_dags/example_sla_dag.py
[2024-09-24T16:12:37.855+0000] {processor.py:753} INFO - DAG(s) dict_keys(['example_sla_dag']) retrieved from /usr/local/lib/python3.9/site-packages/airflow/example_dags/example_sla_dag.py
[2024-09-24T16:12:37.918+0000] {logging_mixin.py:137} INFO - [2024-09-24T16:12:37.918+0000] {manager.py:504} INFO - Created Permission View: can read on DAG:example_sla_dag
[2024-09-24T16:12:37.923+0000] {logging_mixin.py:137} INFO - [2024-09-24T16:12:37.923+0000] {manager.py:504} INFO - Created Permission View: can edit on DAG:example_sla_dag
[2024-09-24T16:12:37.931+0000] {logging_mixin.py:137} INFO - [2024-09-24T16:12:37.931+0000] {manager.py:504} INFO - Created Permission View: can delete on DAG:example_sla_dag
[2024-09-24T16:12:37.931+0000] {logging_mixin.py:137} INFO - [2024-09-24T16:12:37.931+0000] {dag.py:2705} INFO - Sync 1 DAGs
[2024-09-24T16:12:37.937+0000] {logging_mixin.py:137} INFO - [2024-09-24T16:12:37.937+0000] {dag.py:2726} INFO - Creating ORM DAG for example_sla_dag
[2024-09-24T16:12:37.946+0000] {logging_mixin.py:137} INFO - [2024-09-24T16:12:37.946+0000] {dag.py:3452} INFO - Setting next_dagrun for example_sla_dag to 2024-09-24T16:10:00+00:00, run_after=2024-09-24T16:12:00+00:00
[2024-09-24T16:12:37.956+0000] {processor.py:175} INFO - Processing /usr/local/lib/python3.9/site-packages/airflow/example_dags/example_sla_dag.py took 0.120 seconds
[2024-09-24T16:13:19.116+0000] {processor.py:153} INFO - Started process (PID=516) to work on /usr/local/lib/python3.9/site-packages/airflow/example_dags/example_sla_dag.py
[2024-09-24T16:13:19.117+0000] {processor.py:743} INFO - Processing file /usr/local/lib/python3.9/site-packages/airflow/example_dags/example_sla_dag.py for tasks to queue
[2024-09-24T16:13:19.120+0000] {logging_mixin.py:137} INFO - [2024-09-24T16:13:19.119+0000] {dagbag.py:532} INFO - Filling up the DagBag from /usr/local/lib/python3.9/site-packages/airflow/example_dags/example_sla_dag.py
[2024-09-24T16:13:19.174+0000] {processor.py:753} INFO - DAG(s) dict_keys(['example_sla_dag']) retrieved from /usr/local/lib/python3.9/site-packages/airflow/example_dags/example_sla_dag.py
[2024-09-24T16:13:19.295+0000] {logging_mixin.py:137} INFO - [2024-09-24T16:13:19.295+0000] {dag.py:2705} INFO - Sync 1 DAGs
[2024-09-24T16:13:19.371+0000] {logging_mixin.py:137} INFO - [2024-09-24T16:13:19.371+0000] {dag.py:3452} INFO - Setting next_dagrun for example_sla_dag to 2024-09-24T16:10:00+00:00, run_after=2024-09-24T16:12:00+00:00
[2024-09-24T16:13:19.433+0000] {processor.py:175} INFO - Processing /usr/local/lib/python3.9/site-packages/airflow/example_dags/example_sla_dag.py took 0.319 seconds
[2024-09-24T16:13:49.829+0000] {processor.py:153} INFO - Started process (PID=729) to work on /usr/local/lib/python3.9/site-packages/airflow/example_dags/example_sla_dag.py
[2024-09-24T16:13:49.832+0000] {processor.py:743} INFO - Processing file /usr/local/lib/python3.9/site-packages/airflow/example_dags/example_sla_dag.py for tasks to queue
[2024-09-24T16:13:49.833+0000] {logging_mixin.py:137} INFO - [2024-09-24T16:13:49.832+0000] {dagbag.py:532} INFO - Filling up the DagBag from /usr/local/lib/python3.9/site-packages/airflow/example_dags/example_sla_dag.py
[2024-09-24T16:13:49.843+0000] {processor.py:753} INFO - DAG(s) dict_keys(['example_sla_dag']) retrieved from /usr/local/lib/python3.9/site-packages/airflow/example_dags/example_sla_dag.py
[2024-09-24T16:13:49.853+0000] {logging_mixin.py:137} INFO - [2024-09-24T16:13:49.853+0000] {dag.py:2705} INFO - Sync 1 DAGs
[2024-09-24T16:13:49.865+0000] {logging_mixin.py:137} INFO - [2024-09-24T16:13:49.865+0000] {dag.py:3452} INFO - Setting next_dagrun for example_sla_dag to 2024-09-24T16:10:00+00:00, run_after=2024-09-24T16:12:00+00:00
[2024-09-24T16:13:49.872+0000] {processor.py:175} INFO - Processing /usr/local/lib/python3.9/site-packages/airflow/example_dags/example_sla_dag.py took 0.045 seconds
[2024-09-24T16:14:24.784+0000] {processor.py:153} INFO - Started process (PID=938) to work on /usr/local/lib/python3.9/site-packages/airflow/example_dags/example_sla_dag.py
[2024-09-24T16:14:24.786+0000] {processor.py:743} INFO - Processing file /usr/local/lib/python3.9/site-packages/airflow/example_dags/example_sla_dag.py for tasks to queue
[2024-09-24T16:14:24.789+0000] {logging_mixin.py:137} INFO - [2024-09-24T16:14:24.788+0000] {dagbag.py:532} INFO - Filling up the DagBag from /usr/local/lib/python3.9/site-packages/airflow/example_dags/example_sla_dag.py
[2024-09-24T16:14:24.856+0000] {processor.py:753} INFO - DAG(s) dict_keys(['example_sla_dag']) retrieved from /usr/local/lib/python3.9/site-packages/airflow/example_dags/example_sla_dag.py
[2024-09-24T16:14:24.893+0000] {logging_mixin.py:137} INFO - [2024-09-24T16:14:24.893+0000] {dag.py:2705} INFO - Sync 1 DAGs
[2024-09-24T16:14:24.949+0000] {logging_mixin.py:137} INFO - [2024-09-24T16:14:24.949+0000] {dag.py:3452} INFO - Setting next_dagrun for example_sla_dag to 2024-09-24T16:12:00+00:00, run_after=2024-09-24T16:14:00+00:00
[2024-09-24T16:14:24.981+0000] {processor.py:175} INFO - Processing /usr/local/lib/python3.9/site-packages/airflow/example_dags/example_sla_dag.py took 0.202 seconds
[2024-09-24T16:14:56.531+0000] {processor.py:153} INFO - Started process (PID=1149) to work on /usr/local/lib/python3.9/site-packages/airflow/example_dags/example_sla_dag.py
[2024-09-24T16:14:56.535+0000] {processor.py:743} INFO - Processing file /usr/local/lib/python3.9/site-packages/airflow/example_dags/example_sla_dag.py for tasks to queue
[2024-09-24T16:14:56.540+0000] {logging_mixin.py:137} INFO - [2024-09-24T16:14:56.540+0000] {dagbag.py:532} INFO - Filling up the DagBag from /usr/local/lib/python3.9/site-packages/airflow/example_dags/example_sla_dag.py
[2024-09-24T16:14:56.595+0000] {processor.py:753} INFO - DAG(s) dict_keys(['example_sla_dag']) retrieved from /usr/local/lib/python3.9/site-packages/airflow/example_dags/example_sla_dag.py
[2024-09-24T16:14:56.720+0000] {logging_mixin.py:137} INFO - [2024-09-24T16:14:56.719+0000] {dag.py:2705} INFO - Sync 1 DAGs
[2024-09-24T16:14:56.818+0000] {logging_mixin.py:137} INFO - [2024-09-24T16:14:56.817+0000] {dag.py:3452} INFO - Setting next_dagrun for example_sla_dag to 2024-09-24T16:12:00+00:00, run_after=2024-09-24T16:14:00+00:00
[2024-09-24T16:14:56.903+0000] {processor.py:175} INFO - Processing /usr/local/lib/python3.9/site-packages/airflow/example_dags/example_sla_dag.py took 0.384 seconds
[2024-09-24T16:15:27.685+0000] {processor.py:153} INFO - Started process (PID=1360) to work on /usr/local/lib/python3.9/site-packages/airflow/example_dags/example_sla_dag.py
[2024-09-24T16:15:27.687+0000] {processor.py:743} INFO - Processing file /usr/local/lib/python3.9/site-packages/airflow/example_dags/example_sla_dag.py for tasks to queue
[2024-09-24T16:15:27.687+0000] {logging_mixin.py:137} INFO - [2024-09-24T16:15:27.687+0000] {dagbag.py:532} INFO - Filling up the DagBag from /usr/local/lib/python3.9/site-packages/airflow/example_dags/example_sla_dag.py
[2024-09-24T16:15:27.698+0000] {processor.py:753} INFO - DAG(s) dict_keys(['example_sla_dag']) retrieved from /usr/local/lib/python3.9/site-packages/airflow/example_dags/example_sla_dag.py
[2024-09-24T16:15:27.711+0000] {logging_mixin.py:137} INFO - [2024-09-24T16:15:27.711+0000] {dag.py:2705} INFO - Sync 1 DAGs
[2024-09-24T16:15:27.725+0000] {logging_mixin.py:137} INFO - [2024-09-24T16:15:27.725+0000] {dag.py:3452} INFO - Setting next_dagrun for example_sla_dag to 2024-09-24T16:12:00+00:00, run_after=2024-09-24T16:14:00+00:00
[2024-09-24T16:15:27.735+0000] {processor.py:175} INFO - Processing /usr/local/lib/python3.9/site-packages/airflow/example_dags/example_sla_dag.py took 0.051 seconds
[2024-09-24T16:15:58.005+0000] {processor.py:153} INFO - Started process (PID=1565) to work on /usr/local/lib/python3.9/site-packages/airflow/example_dags/example_sla_dag.py
[2024-09-24T16:15:58.008+0000] {processor.py:743} INFO - Processing file /usr/local/lib/python3.9/site-packages/airflow/example_dags/example_sla_dag.py for tasks to queue
[2024-09-24T16:15:58.008+0000] {logging_mixin.py:137} INFO - [2024-09-24T16:15:58.008+0000] {dagbag.py:532} INFO - Filling up the DagBag from /usr/local/lib/python3.9/site-packages/airflow/example_dags/example_sla_dag.py
[2024-09-24T16:15:58.024+0000] {processor.py:753} INFO - DAG(s) dict_keys(['example_sla_dag']) retrieved from /usr/local/lib/python3.9/site-packages/airflow/example_dags/example_sla_dag.py
[2024-09-24T16:15:58.033+0000] {logging_mixin.py:137} INFO - [2024-09-24T16:15:58.033+0000] {dag.py:2705} INFO - Sync 1 DAGs
[2024-09-24T16:15:58.044+0000] {logging_mixin.py:137} INFO - [2024-09-24T16:15:58.044+0000] {dag.py:3452} INFO - Setting next_dagrun for example_sla_dag to 2024-09-24T16:12:00+00:00, run_after=2024-09-24T16:14:00+00:00
[2024-09-24T16:15:58.051+0000] {processor.py:175} INFO - Processing /usr/local/lib/python3.9/site-packages/airflow/example_dags/example_sla_dag.py took 0.047 seconds
[2024-09-24T16:16:28.326+0000] {processor.py:153} INFO - Started process (PID=1776) to work on /usr/local/lib/python3.9/site-packages/airflow/example_dags/example_sla_dag.py
[2024-09-24T16:16:28.327+0000] {processor.py:743} INFO - Processing file /usr/local/lib/python3.9/site-packages/airflow/example_dags/example_sla_dag.py for tasks to queue
[2024-09-24T16:16:28.328+0000] {logging_mixin.py:137} INFO - [2024-09-24T16:16:28.328+0000] {dagbag.py:532} INFO - Filling up the DagBag from /usr/local/lib/python3.9/site-packages/airflow/example_dags/example_sla_dag.py
[2024-09-24T16:16:28.343+0000] {processor.py:753} INFO - DAG(s) dict_keys(['example_sla_dag']) retrieved from /usr/local/lib/python3.9/site-packages/airflow/example_dags/example_sla_dag.py
[2024-09-24T16:16:28.379+0000] {logging_mixin.py:137} INFO - [2024-09-24T16:16:28.379+0000] {dag.py:2705} INFO - Sync 1 DAGs
[2024-09-24T16:16:28.396+0000] {logging_mixin.py:137} INFO - [2024-09-24T16:16:28.396+0000] {dag.py:3452} INFO - Setting next_dagrun for example_sla_dag to 2024-09-24T16:14:00+00:00, run_after=2024-09-24T16:16:00+00:00
[2024-09-24T16:16:28.404+0000] {processor.py:175} INFO - Processing /usr/local/lib/python3.9/site-packages/airflow/example_dags/example_sla_dag.py took 0.080 seconds
[2024-09-24T16:16:59.145+0000] {processor.py:153} INFO - Started process (PID=1987) to work on /usr/local/lib/python3.9/site-packages/airflow/example_dags/example_sla_dag.py
[2024-09-24T16:16:59.149+0000] {processor.py:743} INFO - Processing file /usr/local/lib/python3.9/site-packages/airflow/example_dags/example_sla_dag.py for tasks to queue
[2024-09-24T16:16:59.150+0000] {logging_mixin.py:137} INFO - [2024-09-24T16:16:59.150+0000] {dagbag.py:532} INFO - Filling up the DagBag from /usr/local/lib/python3.9/site-packages/airflow/example_dags/example_sla_dag.py
[2024-09-24T16:16:59.161+0000] {processor.py:753} INFO - DAG(s) dict_keys(['example_sla_dag']) retrieved from /usr/local/lib/python3.9/site-packages/airflow/example_dags/example_sla_dag.py
[2024-09-24T16:16:59.173+0000] {logging_mixin.py:137} INFO - [2024-09-24T16:16:59.173+0000] {dag.py:2705} INFO - Sync 1 DAGs
[2024-09-24T16:16:59.238+0000] {logging_mixin.py:137} INFO - [2024-09-24T16:16:59.238+0000] {dag.py:3452} INFO - Setting next_dagrun for example_sla_dag to 2024-09-24T16:14:00+00:00, run_after=2024-09-24T16:16:00+00:00
[2024-09-24T16:16:59.248+0000] {processor.py:175} INFO - Processing /usr/local/lib/python3.9/site-packages/airflow/example_dags/example_sla_dag.py took 0.104 seconds
[2024-09-24T16:17:29.348+0000] {processor.py:153} INFO - Started process (PID=2198) to work on /usr/local/lib/python3.9/site-packages/airflow/example_dags/example_sla_dag.py
[2024-09-24T16:17:29.349+0000] {processor.py:743} INFO - Processing file /usr/local/lib/python3.9/site-packages/airflow/example_dags/example_sla_dag.py for tasks to queue
[2024-09-24T16:17:29.350+0000] {logging_mixin.py:137} INFO - [2024-09-24T16:17:29.350+0000] {dagbag.py:532} INFO - Filling up the DagBag from /usr/local/lib/python3.9/site-packages/airflow/example_dags/example_sla_dag.py
[2024-09-24T16:17:29.361+0000] {processor.py:753} INFO - DAG(s) dict_keys(['example_sla_dag']) retrieved from /usr/local/lib/python3.9/site-packages/airflow/example_dags/example_sla_dag.py
[2024-09-24T16:17:29.428+0000] {logging_mixin.py:137} INFO - [2024-09-24T16:17:29.428+0000] {dag.py:2705} INFO - Sync 1 DAGs
[2024-09-24T16:17:29.438+0000] {logging_mixin.py:137} INFO - [2024-09-24T16:17:29.438+0000] {dag.py:3452} INFO - Setting next_dagrun for example_sla_dag to 2024-09-24T16:14:00+00:00, run_after=2024-09-24T16:16:00+00:00
[2024-09-24T16:17:29.447+0000] {processor.py:175} INFO - Processing /usr/local/lib/python3.9/site-packages/airflow/example_dags/example_sla_dag.py took 0.101 seconds
[2024-09-24T16:18:00.132+0000] {processor.py:153} INFO - Started process (PID=2411) to work on /usr/local/lib/python3.9/site-packages/airflow/example_dags/example_sla_dag.py
[2024-09-24T16:18:00.133+0000] {processor.py:743} INFO - Processing file /usr/local/lib/python3.9/site-packages/airflow/example_dags/example_sla_dag.py for tasks to queue
[2024-09-24T16:18:00.133+0000] {logging_mixin.py:137} INFO - [2024-09-24T16:18:00.133+0000] {dagbag.py:532} INFO - Filling up the DagBag from /usr/local/lib/python3.9/site-packages/airflow/example_dags/example_sla_dag.py
[2024-09-24T16:18:00.186+0000] {processor.py:753} INFO - DAG(s) dict_keys(['example_sla_dag']) retrieved from /usr/local/lib/python3.9/site-packages/airflow/example_dags/example_sla_dag.py
[2024-09-24T16:18:00.193+0000] {logging_mixin.py:137} INFO - [2024-09-24T16:18:00.193+0000] {dag.py:2705} INFO - Sync 1 DAGs
[2024-09-24T16:18:00.202+0000] {logging_mixin.py:137} INFO - [2024-09-24T16:18:00.202+0000] {dag.py:3452} INFO - Setting next_dagrun for example_sla_dag to 2024-09-24T16:16:00+00:00, run_after=2024-09-24T16:18:00+00:00
[2024-09-24T16:18:00.208+0000] {processor.py:175} INFO - Processing /usr/local/lib/python3.9/site-packages/airflow/example_dags/example_sla_dag.py took 0.077 seconds
[2024-09-24T17:55:51.608+0000] {processor.py:153} INFO - Started process (PID=302) to work on /usr/local/lib/python3.9/site-packages/airflow/example_dags/example_sla_dag.py
[2024-09-24T17:55:51.609+0000] {processor.py:743} INFO - Processing file /usr/local/lib/python3.9/site-packages/airflow/example_dags/example_sla_dag.py for tasks to queue
[2024-09-24T17:55:51.609+0000] {logging_mixin.py:137} INFO - [2024-09-24T17:55:51.609+0000] {dagbag.py:532} INFO - Filling up the DagBag from /usr/local/lib/python3.9/site-packages/airflow/example_dags/example_sla_dag.py
[2024-09-24T17:55:51.622+0000] {processor.py:753} INFO - DAG(s) dict_keys(['example_sla_dag']) retrieved from /usr/local/lib/python3.9/site-packages/airflow/example_dags/example_sla_dag.py
[2024-09-24T17:55:51.629+0000] {logging_mixin.py:137} INFO - [2024-09-24T17:55:51.629+0000] {dag.py:2705} INFO - Sync 1 DAGs
[2024-09-24T17:55:51.645+0000] {logging_mixin.py:137} INFO - [2024-09-24T17:55:51.645+0000] {dag.py:3452} INFO - Setting next_dagrun for example_sla_dag to 2024-09-24T17:52:00+00:00, run_after=2024-09-24T17:54:00+00:00
[2024-09-24T17:55:51.661+0000] {processor.py:175} INFO - Processing /usr/local/lib/python3.9/site-packages/airflow/example_dags/example_sla_dag.py took 0.055 seconds
[2024-09-24T17:56:25.164+0000] {processor.py:153} INFO - Started process (PID=515) to work on /usr/local/lib/python3.9/site-packages/airflow/example_dags/example_sla_dag.py
[2024-09-24T17:56:25.168+0000] {processor.py:743} INFO - Processing file /usr/local/lib/python3.9/site-packages/airflow/example_dags/example_sla_dag.py for tasks to queue
[2024-09-24T17:56:25.170+0000] {logging_mixin.py:137} INFO - [2024-09-24T17:56:25.170+0000] {dagbag.py:532} INFO - Filling up the DagBag from /usr/local/lib/python3.9/site-packages/airflow/example_dags/example_sla_dag.py
[2024-09-24T17:56:25.184+0000] {processor.py:753} INFO - DAG(s) dict_keys(['example_sla_dag']) retrieved from /usr/local/lib/python3.9/site-packages/airflow/example_dags/example_sla_dag.py
[2024-09-24T17:56:25.211+0000] {logging_mixin.py:137} INFO - [2024-09-24T17:56:25.211+0000] {dag.py:2705} INFO - Sync 1 DAGs
[2024-09-24T17:56:25.232+0000] {logging_mixin.py:137} INFO - [2024-09-24T17:56:25.232+0000] {dag.py:3452} INFO - Setting next_dagrun for example_sla_dag to 2024-09-24T17:54:00+00:00, run_after=2024-09-24T17:56:00+00:00
[2024-09-24T17:56:25.279+0000] {processor.py:175} INFO - Processing /usr/local/lib/python3.9/site-packages/airflow/example_dags/example_sla_dag.py took 0.117 seconds
[2024-09-24T18:44:46.519+0000] {processor.py:153} INFO - Started process (PID=305) to work on /usr/local/lib/python3.9/site-packages/airflow/example_dags/example_sla_dag.py
[2024-09-24T18:44:46.520+0000] {processor.py:743} INFO - Processing file /usr/local/lib/python3.9/site-packages/airflow/example_dags/example_sla_dag.py for tasks to queue
[2024-09-24T18:44:46.521+0000] {logging_mixin.py:137} INFO - [2024-09-24T18:44:46.521+0000] {dagbag.py:532} INFO - Filling up the DagBag from /usr/local/lib/python3.9/site-packages/airflow/example_dags/example_sla_dag.py
[2024-09-24T18:44:46.536+0000] {processor.py:753} INFO - DAG(s) dict_keys(['example_sla_dag']) retrieved from /usr/local/lib/python3.9/site-packages/airflow/example_dags/example_sla_dag.py
[2024-09-24T18:44:46.598+0000] {logging_mixin.py:137} INFO - [2024-09-24T18:44:46.598+0000] {manager.py:504} INFO - Created Permission View: can read on DAG:example_sla_dag
[2024-09-24T18:44:46.604+0000] {logging_mixin.py:137} INFO - [2024-09-24T18:44:46.604+0000] {manager.py:504} INFO - Created Permission View: can edit on DAG:example_sla_dag
[2024-09-24T18:44:46.609+0000] {logging_mixin.py:137} INFO - [2024-09-24T18:44:46.609+0000] {manager.py:504} INFO - Created Permission View: can delete on DAG:example_sla_dag
[2024-09-24T18:44:46.609+0000] {logging_mixin.py:137} INFO - [2024-09-24T18:44:46.609+0000] {dag.py:2705} INFO - Sync 1 DAGs
[2024-09-24T18:44:46.622+0000] {logging_mixin.py:137} INFO - [2024-09-24T18:44:46.622+0000] {dag.py:2726} INFO - Creating ORM DAG for example_sla_dag
[2024-09-24T18:44:46.632+0000] {logging_mixin.py:137} INFO - [2024-09-24T18:44:46.632+0000] {dag.py:3452} INFO - Setting next_dagrun for example_sla_dag to 2024-09-24T18:42:00+00:00, run_after=2024-09-24T18:44:00+00:00
[2024-09-24T18:44:46.641+0000] {processor.py:175} INFO - Processing /usr/local/lib/python3.9/site-packages/airflow/example_dags/example_sla_dag.py took 0.124 seconds
[2024-09-24T18:45:16.993+0000] {processor.py:153} INFO - Started process (PID=522) to work on /usr/local/lib/python3.9/site-packages/airflow/example_dags/example_sla_dag.py
[2024-09-24T18:45:16.994+0000] {processor.py:743} INFO - Processing file /usr/local/lib/python3.9/site-packages/airflow/example_dags/example_sla_dag.py for tasks to queue
[2024-09-24T18:45:16.995+0000] {logging_mixin.py:137} INFO - [2024-09-24T18:45:16.994+0000] {dagbag.py:532} INFO - Filling up the DagBag from /usr/local/lib/python3.9/site-packages/airflow/example_dags/example_sla_dag.py
[2024-09-24T18:45:17.010+0000] {processor.py:753} INFO - DAG(s) dict_keys(['example_sla_dag']) retrieved from /usr/local/lib/python3.9/site-packages/airflow/example_dags/example_sla_dag.py
[2024-09-24T18:45:17.026+0000] {logging_mixin.py:137} INFO - [2024-09-24T18:45:17.026+0000] {dag.py:2705} INFO - Sync 1 DAGs
[2024-09-24T18:45:17.041+0000] {logging_mixin.py:137} INFO - [2024-09-24T18:45:17.041+0000] {dag.py:3452} INFO - Setting next_dagrun for example_sla_dag to 2024-09-24T18:42:00+00:00, run_after=2024-09-24T18:44:00+00:00
[2024-09-24T18:45:17.058+0000] {processor.py:175} INFO - Processing /usr/local/lib/python3.9/site-packages/airflow/example_dags/example_sla_dag.py took 0.067 seconds
[2024-09-24T18:45:47.835+0000] {processor.py:153} INFO - Started process (PID=731) to work on /usr/local/lib/python3.9/site-packages/airflow/example_dags/example_sla_dag.py
[2024-09-24T18:45:47.837+0000] {processor.py:743} INFO - Processing file /usr/local/lib/python3.9/site-packages/airflow/example_dags/example_sla_dag.py for tasks to queue
[2024-09-24T18:45:47.837+0000] {logging_mixin.py:137} INFO - [2024-09-24T18:45:47.837+0000] {dagbag.py:532} INFO - Filling up the DagBag from /usr/local/lib/python3.9/site-packages/airflow/example_dags/example_sla_dag.py
[2024-09-24T18:45:47.857+0000] {processor.py:753} INFO - DAG(s) dict_keys(['example_sla_dag']) retrieved from /usr/local/lib/python3.9/site-packages/airflow/example_dags/example_sla_dag.py
[2024-09-24T18:45:47.883+0000] {logging_mixin.py:137} INFO - [2024-09-24T18:45:47.883+0000] {dag.py:2705} INFO - Sync 1 DAGs
[2024-09-24T18:45:47.900+0000] {logging_mixin.py:137} INFO - [2024-09-24T18:45:47.900+0000] {dag.py:3452} INFO - Setting next_dagrun for example_sla_dag to 2024-09-24T18:42:00+00:00, run_after=2024-09-24T18:44:00+00:00
[2024-09-24T18:45:47.910+0000] {processor.py:175} INFO - Processing /usr/local/lib/python3.9/site-packages/airflow/example_dags/example_sla_dag.py took 0.077 seconds
[2024-09-24T18:46:18.681+0000] {processor.py:153} INFO - Started process (PID=942) to work on /usr/local/lib/python3.9/site-packages/airflow/example_dags/example_sla_dag.py
[2024-09-24T18:46:18.686+0000] {processor.py:743} INFO - Processing file /usr/local/lib/python3.9/site-packages/airflow/example_dags/example_sla_dag.py for tasks to queue
[2024-09-24T18:46:18.687+0000] {logging_mixin.py:137} INFO - [2024-09-24T18:46:18.687+0000] {dagbag.py:532} INFO - Filling up the DagBag from /usr/local/lib/python3.9/site-packages/airflow/example_dags/example_sla_dag.py
[2024-09-24T18:46:18.703+0000] {processor.py:753} INFO - DAG(s) dict_keys(['example_sla_dag']) retrieved from /usr/local/lib/python3.9/site-packages/airflow/example_dags/example_sla_dag.py
[2024-09-24T18:46:18.721+0000] {logging_mixin.py:137} INFO - [2024-09-24T18:46:18.721+0000] {dag.py:2705} INFO - Sync 1 DAGs
[2024-09-24T18:46:18.733+0000] {logging_mixin.py:137} INFO - [2024-09-24T18:46:18.733+0000] {dag.py:3452} INFO - Setting next_dagrun for example_sla_dag to 2024-09-24T18:44:00+00:00, run_after=2024-09-24T18:46:00+00:00
[2024-09-24T18:46:18.742+0000] {processor.py:175} INFO - Processing /usr/local/lib/python3.9/site-packages/airflow/example_dags/example_sla_dag.py took 0.063 seconds
[2024-09-24T18:46:52.601+0000] {processor.py:153} INFO - Started process (PID=1153) to work on /usr/local/lib/python3.9/site-packages/airflow/example_dags/example_sla_dag.py
[2024-09-24T18:46:52.602+0000] {processor.py:743} INFO - Processing file /usr/local/lib/python3.9/site-packages/airflow/example_dags/example_sla_dag.py for tasks to queue
[2024-09-24T18:46:52.603+0000] {logging_mixin.py:137} INFO - [2024-09-24T18:46:52.603+0000] {dagbag.py:532} INFO - Filling up the DagBag from /usr/local/lib/python3.9/site-packages/airflow/example_dags/example_sla_dag.py
[2024-09-24T18:46:52.621+0000] {processor.py:753} INFO - DAG(s) dict_keys(['example_sla_dag']) retrieved from /usr/local/lib/python3.9/site-packages/airflow/example_dags/example_sla_dag.py
[2024-09-24T18:46:52.645+0000] {logging_mixin.py:137} INFO - [2024-09-24T18:46:52.645+0000] {dag.py:2705} INFO - Sync 1 DAGs
[2024-09-24T18:46:52.697+0000] {logging_mixin.py:137} INFO - [2024-09-24T18:46:52.696+0000] {dag.py:3452} INFO - Setting next_dagrun for example_sla_dag to 2024-09-24T18:44:00+00:00, run_after=2024-09-24T18:46:00+00:00
[2024-09-24T18:46:52.723+0000] {processor.py:175} INFO - Processing /usr/local/lib/python3.9/site-packages/airflow/example_dags/example_sla_dag.py took 0.124 seconds
[2024-09-24T18:47:25.182+0000] {processor.py:153} INFO - Started process (PID=1364) to work on /usr/local/lib/python3.9/site-packages/airflow/example_dags/example_sla_dag.py
[2024-09-24T18:47:25.186+0000] {processor.py:743} INFO - Processing file /usr/local/lib/python3.9/site-packages/airflow/example_dags/example_sla_dag.py for tasks to queue
[2024-09-24T18:47:25.188+0000] {logging_mixin.py:137} INFO - [2024-09-24T18:47:25.188+0000] {dagbag.py:532} INFO - Filling up the DagBag from /usr/local/lib/python3.9/site-packages/airflow/example_dags/example_sla_dag.py
[2024-09-24T18:47:25.292+0000] {processor.py:753} INFO - DAG(s) dict_keys(['example_sla_dag']) retrieved from /usr/local/lib/python3.9/site-packages/airflow/example_dags/example_sla_dag.py
[2024-09-24T18:47:25.348+0000] {logging_mixin.py:137} INFO - [2024-09-24T18:47:25.347+0000] {dag.py:2705} INFO - Sync 1 DAGs
[2024-09-24T18:47:25.422+0000] {logging_mixin.py:137} INFO - [2024-09-24T18:47:25.421+0000] {dag.py:3452} INFO - Setting next_dagrun for example_sla_dag to 2024-09-24T18:44:00+00:00, run_after=2024-09-24T18:46:00+00:00
[2024-09-24T18:47:25.444+0000] {processor.py:175} INFO - Processing /usr/local/lib/python3.9/site-packages/airflow/example_dags/example_sla_dag.py took 0.263 seconds
[2024-09-24T18:47:55.934+0000] {processor.py:153} INFO - Started process (PID=1571) to work on /usr/local/lib/python3.9/site-packages/airflow/example_dags/example_sla_dag.py
[2024-09-24T18:47:55.935+0000] {processor.py:743} INFO - Processing file /usr/local/lib/python3.9/site-packages/airflow/example_dags/example_sla_dag.py for tasks to queue
[2024-09-24T18:47:55.936+0000] {logging_mixin.py:137} INFO - [2024-09-24T18:47:55.936+0000] {dagbag.py:532} INFO - Filling up the DagBag from /usr/local/lib/python3.9/site-packages/airflow/example_dags/example_sla_dag.py
[2024-09-24T18:47:55.947+0000] {processor.py:753} INFO - DAG(s) dict_keys(['example_sla_dag']) retrieved from /usr/local/lib/python3.9/site-packages/airflow/example_dags/example_sla_dag.py
[2024-09-24T18:47:55.957+0000] {logging_mixin.py:137} INFO - [2024-09-24T18:47:55.957+0000] {dag.py:2705} INFO - Sync 1 DAGs
[2024-09-24T18:47:55.971+0000] {logging_mixin.py:137} INFO - [2024-09-24T18:47:55.971+0000] {dag.py:3452} INFO - Setting next_dagrun for example_sla_dag to 2024-09-24T18:44:00+00:00, run_after=2024-09-24T18:46:00+00:00
[2024-09-24T18:47:56.017+0000] {processor.py:175} INFO - Processing /usr/local/lib/python3.9/site-packages/airflow/example_dags/example_sla_dag.py took 0.085 seconds
[2024-09-24T18:48:30.565+0000] {processor.py:153} INFO - Started process (PID=1780) to work on /usr/local/lib/python3.9/site-packages/airflow/example_dags/example_sla_dag.py
[2024-09-24T18:48:30.570+0000] {processor.py:743} INFO - Processing file /usr/local/lib/python3.9/site-packages/airflow/example_dags/example_sla_dag.py for tasks to queue
[2024-09-24T18:48:30.571+0000] {logging_mixin.py:137} INFO - [2024-09-24T18:48:30.571+0000] {dagbag.py:532} INFO - Filling up the DagBag from /usr/local/lib/python3.9/site-packages/airflow/example_dags/example_sla_dag.py
[2024-09-24T18:48:30.583+0000] {processor.py:753} INFO - DAG(s) dict_keys(['example_sla_dag']) retrieved from /usr/local/lib/python3.9/site-packages/airflow/example_dags/example_sla_dag.py
[2024-09-24T18:48:30.603+0000] {logging_mixin.py:137} INFO - [2024-09-24T18:48:30.603+0000] {dag.py:2705} INFO - Sync 1 DAGs
[2024-09-24T18:48:30.616+0000] {logging_mixin.py:137} INFO - [2024-09-24T18:48:30.615+0000] {dag.py:3452} INFO - Setting next_dagrun for example_sla_dag to 2024-09-24T18:46:00+00:00, run_after=2024-09-24T18:48:00+00:00
[2024-09-24T18:48:30.704+0000] {processor.py:175} INFO - Processing /usr/local/lib/python3.9/site-packages/airflow/example_dags/example_sla_dag.py took 0.142 seconds
[2024-09-24T18:49:01.831+0000] {processor.py:153} INFO - Started process (PID=1991) to work on /usr/local/lib/python3.9/site-packages/airflow/example_dags/example_sla_dag.py
[2024-09-24T18:49:02.089+0000] {processor.py:743} INFO - Processing file /usr/local/lib/python3.9/site-packages/airflow/example_dags/example_sla_dag.py for tasks to queue
[2024-09-24T18:49:02.089+0000] {logging_mixin.py:137} INFO - [2024-09-24T18:49:02.089+0000] {dagbag.py:532} INFO - Filling up the DagBag from /usr/local/lib/python3.9/site-packages/airflow/example_dags/example_sla_dag.py
[2024-09-24T18:49:02.101+0000] {processor.py:753} INFO - DAG(s) dict_keys(['example_sla_dag']) retrieved from /usr/local/lib/python3.9/site-packages/airflow/example_dags/example_sla_dag.py
[2024-09-24T18:49:02.214+0000] {logging_mixin.py:137} INFO - [2024-09-24T18:49:02.214+0000] {dag.py:2705} INFO - Sync 1 DAGs
[2024-09-24T18:49:02.285+0000] {logging_mixin.py:137} INFO - [2024-09-24T18:49:02.285+0000] {dag.py:3452} INFO - Setting next_dagrun for example_sla_dag to 2024-09-24T18:46:00+00:00, run_after=2024-09-24T18:48:00+00:00
[2024-09-24T18:49:02.329+0000] {processor.py:175} INFO - Processing /usr/local/lib/python3.9/site-packages/airflow/example_dags/example_sla_dag.py took 0.501 seconds
[2024-09-24T18:49:32.551+0000] {processor.py:153} INFO - Started process (PID=2202) to work on /usr/local/lib/python3.9/site-packages/airflow/example_dags/example_sla_dag.py
[2024-09-24T18:49:32.551+0000] {processor.py:743} INFO - Processing file /usr/local/lib/python3.9/site-packages/airflow/example_dags/example_sla_dag.py for tasks to queue
[2024-09-24T18:49:32.552+0000] {logging_mixin.py:137} INFO - [2024-09-24T18:49:32.551+0000] {dagbag.py:532} INFO - Filling up the DagBag from /usr/local/lib/python3.9/site-packages/airflow/example_dags/example_sla_dag.py
[2024-09-24T18:49:32.564+0000] {processor.py:753} INFO - DAG(s) dict_keys(['example_sla_dag']) retrieved from /usr/local/lib/python3.9/site-packages/airflow/example_dags/example_sla_dag.py
[2024-09-24T18:49:32.629+0000] {logging_mixin.py:137} INFO - [2024-09-24T18:49:32.629+0000] {dag.py:2705} INFO - Sync 1 DAGs
[2024-09-24T18:49:32.639+0000] {logging_mixin.py:137} INFO - [2024-09-24T18:49:32.639+0000] {dag.py:3452} INFO - Setting next_dagrun for example_sla_dag to 2024-09-24T18:46:00+00:00, run_after=2024-09-24T18:48:00+00:00
[2024-09-24T18:49:32.645+0000] {processor.py:175} INFO - Processing /usr/local/lib/python3.9/site-packages/airflow/example_dags/example_sla_dag.py took 0.096 seconds
[2024-09-24T18:50:03.111+0000] {processor.py:153} INFO - Started process (PID=2415) to work on /usr/local/lib/python3.9/site-packages/airflow/example_dags/example_sla_dag.py
[2024-09-24T18:50:03.112+0000] {processor.py:743} INFO - Processing file /usr/local/lib/python3.9/site-packages/airflow/example_dags/example_sla_dag.py for tasks to queue
[2024-09-24T18:50:03.112+0000] {logging_mixin.py:137} INFO - [2024-09-24T18:50:03.112+0000] {dagbag.py:532} INFO - Filling up the DagBag from /usr/local/lib/python3.9/site-packages/airflow/example_dags/example_sla_dag.py
[2024-09-24T18:50:03.181+0000] {processor.py:753} INFO - DAG(s) dict_keys(['example_sla_dag']) retrieved from /usr/local/lib/python3.9/site-packages/airflow/example_dags/example_sla_dag.py
[2024-09-24T18:50:03.189+0000] {logging_mixin.py:137} INFO - [2024-09-24T18:50:03.189+0000] {dag.py:2705} INFO - Sync 1 DAGs
[2024-09-24T18:50:03.198+0000] {logging_mixin.py:137} INFO - [2024-09-24T18:50:03.198+0000] {dag.py:3452} INFO - Setting next_dagrun for example_sla_dag to 2024-09-24T18:48:00+00:00, run_after=2024-09-24T18:50:00+00:00
[2024-09-24T18:50:03.205+0000] {processor.py:175} INFO - Processing /usr/local/lib/python3.9/site-packages/airflow/example_dags/example_sla_dag.py took 0.095 seconds
[2024-09-24T18:50:33.873+0000] {processor.py:153} INFO - Started process (PID=2626) to work on /usr/local/lib/python3.9/site-packages/airflow/example_dags/example_sla_dag.py
[2024-09-24T18:50:33.875+0000] {processor.py:743} INFO - Processing file /usr/local/lib/python3.9/site-packages/airflow/example_dags/example_sla_dag.py for tasks to queue
[2024-09-24T18:50:33.875+0000] {logging_mixin.py:137} INFO - [2024-09-24T18:50:33.875+0000] {dagbag.py:532} INFO - Filling up the DagBag from /usr/local/lib/python3.9/site-packages/airflow/example_dags/example_sla_dag.py
[2024-09-24T18:50:33.887+0000] {processor.py:753} INFO - DAG(s) dict_keys(['example_sla_dag']) retrieved from /usr/local/lib/python3.9/site-packages/airflow/example_dags/example_sla_dag.py
[2024-09-24T18:50:33.897+0000] {logging_mixin.py:137} INFO - [2024-09-24T18:50:33.897+0000] {dag.py:2705} INFO - Sync 1 DAGs
[2024-09-24T18:50:33.910+0000] {logging_mixin.py:137} INFO - [2024-09-24T18:50:33.910+0000] {dag.py:3452} INFO - Setting next_dagrun for example_sla_dag to 2024-09-24T18:48:00+00:00, run_after=2024-09-24T18:50:00+00:00
[2024-09-24T18:50:33.917+0000] {processor.py:175} INFO - Processing /usr/local/lib/python3.9/site-packages/airflow/example_dags/example_sla_dag.py took 0.046 seconds
[2024-09-24T18:51:06.081+0000] {processor.py:153} INFO - Started process (PID=2835) to work on /usr/local/lib/python3.9/site-packages/airflow/example_dags/example_sla_dag.py
[2024-09-24T18:51:06.082+0000] {processor.py:743} INFO - Processing file /usr/local/lib/python3.9/site-packages/airflow/example_dags/example_sla_dag.py for tasks to queue
[2024-09-24T18:51:06.082+0000] {logging_mixin.py:137} INFO - [2024-09-24T18:51:06.082+0000] {dagbag.py:532} INFO - Filling up the DagBag from /usr/local/lib/python3.9/site-packages/airflow/example_dags/example_sla_dag.py
[2024-09-24T18:51:06.100+0000] {processor.py:753} INFO - DAG(s) dict_keys(['example_sla_dag']) retrieved from /usr/local/lib/python3.9/site-packages/airflow/example_dags/example_sla_dag.py
[2024-09-24T18:51:06.122+0000] {logging_mixin.py:137} INFO - [2024-09-24T18:51:06.122+0000] {dag.py:2705} INFO - Sync 1 DAGs
[2024-09-24T18:51:06.221+0000] {logging_mixin.py:137} INFO - [2024-09-24T18:51:06.221+0000] {dag.py:3452} INFO - Setting next_dagrun for example_sla_dag to 2024-09-24T18:48:00+00:00, run_after=2024-09-24T18:50:00+00:00
[2024-09-24T18:51:06.240+0000] {processor.py:175} INFO - Processing /usr/local/lib/python3.9/site-packages/airflow/example_dags/example_sla_dag.py took 0.163 seconds
[2024-09-24T18:51:36.391+0000] {processor.py:153} INFO - Started process (PID=3048) to work on /usr/local/lib/python3.9/site-packages/airflow/example_dags/example_sla_dag.py
[2024-09-24T18:51:36.392+0000] {processor.py:743} INFO - Processing file /usr/local/lib/python3.9/site-packages/airflow/example_dags/example_sla_dag.py for tasks to queue
[2024-09-24T18:51:36.393+0000] {logging_mixin.py:137} INFO - [2024-09-24T18:51:36.393+0000] {dagbag.py:532} INFO - Filling up the DagBag from /usr/local/lib/python3.9/site-packages/airflow/example_dags/example_sla_dag.py
[2024-09-24T18:51:36.407+0000] {processor.py:753} INFO - DAG(s) dict_keys(['example_sla_dag']) retrieved from /usr/local/lib/python3.9/site-packages/airflow/example_dags/example_sla_dag.py
[2024-09-24T18:51:36.422+0000] {logging_mixin.py:137} INFO - [2024-09-24T18:51:36.422+0000] {dag.py:2705} INFO - Sync 1 DAGs
[2024-09-24T18:51:36.434+0000] {logging_mixin.py:137} INFO - [2024-09-24T18:51:36.434+0000] {dag.py:3452} INFO - Setting next_dagrun for example_sla_dag to 2024-09-24T18:48:00+00:00, run_after=2024-09-24T18:50:00+00:00
[2024-09-24T18:51:36.441+0000] {processor.py:175} INFO - Processing /usr/local/lib/python3.9/site-packages/airflow/example_dags/example_sla_dag.py took 0.052 seconds
[2024-09-24T18:52:07.340+0000] {processor.py:153} INFO - Started process (PID=3257) to work on /usr/local/lib/python3.9/site-packages/airflow/example_dags/example_sla_dag.py
[2024-09-24T18:52:07.341+0000] {processor.py:743} INFO - Processing file /usr/local/lib/python3.9/site-packages/airflow/example_dags/example_sla_dag.py for tasks to queue
[2024-09-24T18:52:07.341+0000] {logging_mixin.py:137} INFO - [2024-09-24T18:52:07.341+0000] {dagbag.py:532} INFO - Filling up the DagBag from /usr/local/lib/python3.9/site-packages/airflow/example_dags/example_sla_dag.py
[2024-09-24T18:52:07.352+0000] {processor.py:753} INFO - DAG(s) dict_keys(['example_sla_dag']) retrieved from /usr/local/lib/python3.9/site-packages/airflow/example_dags/example_sla_dag.py
[2024-09-24T18:52:07.361+0000] {logging_mixin.py:137} INFO - [2024-09-24T18:52:07.361+0000] {dag.py:2705} INFO - Sync 1 DAGs
[2024-09-24T18:52:07.373+0000] {logging_mixin.py:137} INFO - [2024-09-24T18:52:07.373+0000] {dag.py:3452} INFO - Setting next_dagrun for example_sla_dag to 2024-09-24T18:50:00+00:00, run_after=2024-09-24T18:52:00+00:00
[2024-09-24T18:52:07.379+0000] {processor.py:175} INFO - Processing /usr/local/lib/python3.9/site-packages/airflow/example_dags/example_sla_dag.py took 0.040 seconds
[2024-09-24T18:52:38.128+0000] {processor.py:153} INFO - Started process (PID=3468) to work on /usr/local/lib/python3.9/site-packages/airflow/example_dags/example_sla_dag.py
[2024-09-24T18:52:38.129+0000] {processor.py:743} INFO - Processing file /usr/local/lib/python3.9/site-packages/airflow/example_dags/example_sla_dag.py for tasks to queue
[2024-09-24T18:52:38.129+0000] {logging_mixin.py:137} INFO - [2024-09-24T18:52:38.129+0000] {dagbag.py:532} INFO - Filling up the DagBag from /usr/local/lib/python3.9/site-packages/airflow/example_dags/example_sla_dag.py
[2024-09-24T18:52:38.142+0000] {processor.py:753} INFO - DAG(s) dict_keys(['example_sla_dag']) retrieved from /usr/local/lib/python3.9/site-packages/airflow/example_dags/example_sla_dag.py
[2024-09-24T18:52:38.152+0000] {logging_mixin.py:137} INFO - [2024-09-24T18:52:38.151+0000] {dag.py:2705} INFO - Sync 1 DAGs
[2024-09-24T18:52:38.162+0000] {logging_mixin.py:137} INFO - [2024-09-24T18:52:38.162+0000] {dag.py:3452} INFO - Setting next_dagrun for example_sla_dag to 2024-09-24T18:50:00+00:00, run_after=2024-09-24T18:52:00+00:00
[2024-09-24T18:52:38.169+0000] {processor.py:175} INFO - Processing /usr/local/lib/python3.9/site-packages/airflow/example_dags/example_sla_dag.py took 0.042 seconds
[2024-09-24T18:53:08.876+0000] {processor.py:153} INFO - Started process (PID=3678) to work on /usr/local/lib/python3.9/site-packages/airflow/example_dags/example_sla_dag.py
[2024-09-24T18:53:08.879+0000] {processor.py:743} INFO - Processing file /usr/local/lib/python3.9/site-packages/airflow/example_dags/example_sla_dag.py for tasks to queue
[2024-09-24T18:53:08.880+0000] {logging_mixin.py:137} INFO - [2024-09-24T18:53:08.880+0000] {dagbag.py:532} INFO - Filling up the DagBag from /usr/local/lib/python3.9/site-packages/airflow/example_dags/example_sla_dag.py
[2024-09-24T18:53:08.891+0000] {processor.py:753} INFO - DAG(s) dict_keys(['example_sla_dag']) retrieved from /usr/local/lib/python3.9/site-packages/airflow/example_dags/example_sla_dag.py
[2024-09-24T18:53:08.908+0000] {logging_mixin.py:137} INFO - [2024-09-24T18:53:08.908+0000] {dag.py:2705} INFO - Sync 1 DAGs
[2024-09-24T18:53:08.921+0000] {logging_mixin.py:137} INFO - [2024-09-24T18:53:08.921+0000] {dag.py:3452} INFO - Setting next_dagrun for example_sla_dag to 2024-09-24T18:50:00+00:00, run_after=2024-09-24T18:52:00+00:00
[2024-09-24T18:53:08.930+0000] {processor.py:175} INFO - Processing /usr/local/lib/python3.9/site-packages/airflow/example_dags/example_sla_dag.py took 0.056 seconds
