[2024-09-24T15:58:43.964+0000] {processor.py:153} INFO - Started process (PID=324) to work on /usr/local/lib/python3.9/site-packages/airflow/example_dags/example_dag_decorator.py
[2024-09-24T15:58:43.966+0000] {processor.py:743} INFO - Processing file /usr/local/lib/python3.9/site-packages/airflow/example_dags/example_dag_decorator.py for tasks to queue
[2024-09-24T15:58:43.967+0000] {logging_mixin.py:137} INFO - [2024-09-24T15:58:43.967+0000] {dagbag.py:532} INFO - Filling up the DagBag from /usr/local/lib/python3.9/site-packages/airflow/example_dags/example_dag_decorator.py
[2024-09-24T15:58:44.063+0000] {logging_mixin.py:137} INFO - [2024-09-24T15:58:44.063+0000] {taskmixin.py:211} WARNING - Dependency <Task(_PythonDecoratedOperator): prepare_email>, send_email already registered for DAG: example_dag_decorator
[2024-09-24T15:58:44.063+0000] {logging_mixin.py:137} INFO - [2024-09-24T15:58:44.063+0000] {taskmixin.py:211} WARNING - Dependency <Task(EmailOperator): send_email>, prepare_email already registered for DAG: example_dag_decorator
[2024-09-24T15:58:44.069+0000] {processor.py:753} INFO - DAG(s) dict_keys(['example_dag_decorator']) retrieved from /usr/local/lib/python3.9/site-packages/airflow/example_dags/example_dag_decorator.py
[2024-09-24T15:58:44.388+0000] {logging_mixin.py:137} INFO - [2024-09-24T15:58:44.388+0000] {manager.py:504} INFO - Created Permission View: can delete on DAG:example_dag_decorator
[2024-09-24T15:58:44.396+0000] {logging_mixin.py:137} INFO - [2024-09-24T15:58:44.396+0000] {manager.py:504} INFO - Created Permission View: can read on DAG:example_dag_decorator
[2024-09-24T15:58:44.400+0000] {logging_mixin.py:137} INFO - [2024-09-24T15:58:44.400+0000] {manager.py:504} INFO - Created Permission View: can edit on DAG:example_dag_decorator
[2024-09-24T15:58:44.401+0000] {logging_mixin.py:137} INFO - [2024-09-24T15:58:44.401+0000] {dag.py:2705} INFO - Sync 1 DAGs
[2024-09-24T15:58:44.411+0000] {logging_mixin.py:137} INFO - [2024-09-24T15:58:44.411+0000] {dag.py:2726} INFO - Creating ORM DAG for example_dag_decorator
[2024-09-24T15:58:44.416+0000] {logging_mixin.py:137} INFO - [2024-09-24T15:58:44.416+0000] {dag.py:3452} INFO - Setting next_dagrun for example_dag_decorator to None, run_after=None
[2024-09-24T15:58:44.427+0000] {processor.py:175} INFO - Processing /usr/local/lib/python3.9/site-packages/airflow/example_dags/example_dag_decorator.py took 0.465 seconds
[2024-09-24T15:59:14.656+0000] {processor.py:153} INFO - Started process (PID=537) to work on /usr/local/lib/python3.9/site-packages/airflow/example_dags/example_dag_decorator.py
[2024-09-24T15:59:14.658+0000] {processor.py:743} INFO - Processing file /usr/local/lib/python3.9/site-packages/airflow/example_dags/example_dag_decorator.py for tasks to queue
[2024-09-24T15:59:14.658+0000] {logging_mixin.py:137} INFO - [2024-09-24T15:59:14.658+0000] {dagbag.py:532} INFO - Filling up the DagBag from /usr/local/lib/python3.9/site-packages/airflow/example_dags/example_dag_decorator.py
[2024-09-24T15:59:14.723+0000] {logging_mixin.py:137} INFO - [2024-09-24T15:59:14.723+0000] {taskmixin.py:211} WARNING - Dependency <Task(_PythonDecoratedOperator): prepare_email>, send_email already registered for DAG: example_dag_decorator
[2024-09-24T15:59:14.728+0000] {logging_mixin.py:137} INFO - [2024-09-24T15:59:14.728+0000] {taskmixin.py:211} WARNING - Dependency <Task(EmailOperator): send_email>, prepare_email already registered for DAG: example_dag_decorator
[2024-09-24T15:59:14.734+0000] {processor.py:753} INFO - DAG(s) dict_keys(['example_dag_decorator']) retrieved from /usr/local/lib/python3.9/site-packages/airflow/example_dags/example_dag_decorator.py
[2024-09-24T15:59:14.810+0000] {logging_mixin.py:137} INFO - [2024-09-24T15:59:14.810+0000] {dag.py:2705} INFO - Sync 1 DAGs
[2024-09-24T15:59:14.955+0000] {logging_mixin.py:137} INFO - [2024-09-24T15:59:14.955+0000] {dag.py:3452} INFO - Setting next_dagrun for example_dag_decorator to None, run_after=None
[2024-09-24T15:59:14.977+0000] {processor.py:175} INFO - Processing /usr/local/lib/python3.9/site-packages/airflow/example_dags/example_dag_decorator.py took 0.324 seconds
[2024-09-24T15:59:45.792+0000] {processor.py:153} INFO - Started process (PID=744) to work on /usr/local/lib/python3.9/site-packages/airflow/example_dags/example_dag_decorator.py
[2024-09-24T15:59:45.811+0000] {processor.py:743} INFO - Processing file /usr/local/lib/python3.9/site-packages/airflow/example_dags/example_dag_decorator.py for tasks to queue
[2024-09-24T15:59:45.812+0000] {logging_mixin.py:137} INFO - [2024-09-24T15:59:45.812+0000] {dagbag.py:532} INFO - Filling up the DagBag from /usr/local/lib/python3.9/site-packages/airflow/example_dags/example_dag_decorator.py
[2024-09-24T15:59:45.898+0000] {logging_mixin.py:137} INFO - [2024-09-24T15:59:45.897+0000] {taskmixin.py:211} WARNING - Dependency <Task(_PythonDecoratedOperator): prepare_email>, send_email already registered for DAG: example_dag_decorator
[2024-09-24T15:59:45.898+0000] {logging_mixin.py:137} INFO - [2024-09-24T15:59:45.898+0000] {taskmixin.py:211} WARNING - Dependency <Task(EmailOperator): send_email>, prepare_email already registered for DAG: example_dag_decorator
[2024-09-24T15:59:45.906+0000] {processor.py:753} INFO - DAG(s) dict_keys(['example_dag_decorator']) retrieved from /usr/local/lib/python3.9/site-packages/airflow/example_dags/example_dag_decorator.py
[2024-09-24T15:59:46.191+0000] {logging_mixin.py:137} INFO - [2024-09-24T15:59:46.191+0000] {dag.py:2705} INFO - Sync 1 DAGs
[2024-09-24T15:59:46.211+0000] {logging_mixin.py:137} INFO - [2024-09-24T15:59:46.210+0000] {dag.py:3452} INFO - Setting next_dagrun for example_dag_decorator to None, run_after=None
[2024-09-24T15:59:46.241+0000] {processor.py:175} INFO - Processing /usr/local/lib/python3.9/site-packages/airflow/example_dags/example_dag_decorator.py took 0.462 seconds
[2024-09-24T16:12:38.087+0000] {processor.py:153} INFO - Started process (PID=320) to work on /usr/local/lib/python3.9/site-packages/airflow/example_dags/example_dag_decorator.py
[2024-09-24T16:12:38.091+0000] {processor.py:743} INFO - Processing file /usr/local/lib/python3.9/site-packages/airflow/example_dags/example_dag_decorator.py for tasks to queue
[2024-09-24T16:12:38.093+0000] {logging_mixin.py:137} INFO - [2024-09-24T16:12:38.093+0000] {dagbag.py:532} INFO - Filling up the DagBag from /usr/local/lib/python3.9/site-packages/airflow/example_dags/example_dag_decorator.py
[2024-09-24T16:12:38.238+0000] {logging_mixin.py:137} INFO - [2024-09-24T16:12:38.238+0000] {taskmixin.py:211} WARNING - Dependency <Task(_PythonDecoratedOperator): prepare_email>, send_email already registered for DAG: example_dag_decorator
[2024-09-24T16:12:38.239+0000] {logging_mixin.py:137} INFO - [2024-09-24T16:12:38.238+0000] {taskmixin.py:211} WARNING - Dependency <Task(EmailOperator): send_email>, prepare_email already registered for DAG: example_dag_decorator
[2024-09-24T16:12:38.247+0000] {processor.py:753} INFO - DAG(s) dict_keys(['example_dag_decorator']) retrieved from /usr/local/lib/python3.9/site-packages/airflow/example_dags/example_dag_decorator.py
[2024-09-24T16:12:38.468+0000] {logging_mixin.py:137} INFO - [2024-09-24T16:12:38.468+0000] {manager.py:504} INFO - Created Permission View: can read on DAG:example_dag_decorator
[2024-09-24T16:12:38.472+0000] {logging_mixin.py:137} INFO - [2024-09-24T16:12:38.472+0000] {manager.py:504} INFO - Created Permission View: can edit on DAG:example_dag_decorator
[2024-09-24T16:12:38.476+0000] {logging_mixin.py:137} INFO - [2024-09-24T16:12:38.476+0000] {manager.py:504} INFO - Created Permission View: can delete on DAG:example_dag_decorator
[2024-09-24T16:12:38.476+0000] {logging_mixin.py:137} INFO - [2024-09-24T16:12:38.476+0000] {dag.py:2705} INFO - Sync 1 DAGs
[2024-09-24T16:12:38.484+0000] {logging_mixin.py:137} INFO - [2024-09-24T16:12:38.484+0000] {dag.py:2726} INFO - Creating ORM DAG for example_dag_decorator
[2024-09-24T16:12:38.490+0000] {logging_mixin.py:137} INFO - [2024-09-24T16:12:38.490+0000] {dag.py:3452} INFO - Setting next_dagrun for example_dag_decorator to None, run_after=None
[2024-09-24T16:12:38.503+0000] {processor.py:175} INFO - Processing /usr/local/lib/python3.9/site-packages/airflow/example_dags/example_dag_decorator.py took 0.422 seconds
[2024-09-24T16:13:19.743+0000] {processor.py:153} INFO - Started process (PID=536) to work on /usr/local/lib/python3.9/site-packages/airflow/example_dags/example_dag_decorator.py
[2024-09-24T16:13:19.746+0000] {processor.py:743} INFO - Processing file /usr/local/lib/python3.9/site-packages/airflow/example_dags/example_dag_decorator.py for tasks to queue
[2024-09-24T16:13:19.747+0000] {logging_mixin.py:137} INFO - [2024-09-24T16:13:19.746+0000] {dagbag.py:532} INFO - Filling up the DagBag from /usr/local/lib/python3.9/site-packages/airflow/example_dags/example_dag_decorator.py
[2024-09-24T16:13:20.003+0000] {logging_mixin.py:137} INFO - [2024-09-24T16:13:20.002+0000] {taskmixin.py:211} WARNING - Dependency <Task(_PythonDecoratedOperator): prepare_email>, send_email already registered for DAG: example_dag_decorator
[2024-09-24T16:13:20.023+0000] {logging_mixin.py:137} INFO - [2024-09-24T16:13:20.022+0000] {taskmixin.py:211} WARNING - Dependency <Task(EmailOperator): send_email>, prepare_email already registered for DAG: example_dag_decorator
[2024-09-24T16:13:20.152+0000] {processor.py:753} INFO - DAG(s) dict_keys(['example_dag_decorator']) retrieved from /usr/local/lib/python3.9/site-packages/airflow/example_dags/example_dag_decorator.py
[2024-09-24T16:13:20.437+0000] {logging_mixin.py:137} INFO - [2024-09-24T16:13:20.436+0000] {dag.py:2705} INFO - Sync 1 DAGs
[2024-09-24T16:13:20.618+0000] {logging_mixin.py:137} INFO - [2024-09-24T16:13:20.618+0000] {dag.py:3452} INFO - Setting next_dagrun for example_dag_decorator to None, run_after=None
[2024-09-24T16:13:22.261+0000] {processor.py:175} INFO - Processing /usr/local/lib/python3.9/site-packages/airflow/example_dags/example_dag_decorator.py took 2.521 seconds
[2024-09-24T16:13:53.088+0000] {processor.py:153} INFO - Started process (PID=749) to work on /usr/local/lib/python3.9/site-packages/airflow/example_dags/example_dag_decorator.py
[2024-09-24T16:13:53.089+0000] {processor.py:743} INFO - Processing file /usr/local/lib/python3.9/site-packages/airflow/example_dags/example_dag_decorator.py for tasks to queue
[2024-09-24T16:13:53.091+0000] {logging_mixin.py:137} INFO - [2024-09-24T16:13:53.091+0000] {dagbag.py:532} INFO - Filling up the DagBag from /usr/local/lib/python3.9/site-packages/airflow/example_dags/example_dag_decorator.py
[2024-09-24T16:13:53.206+0000] {logging_mixin.py:137} INFO - [2024-09-24T16:13:53.205+0000] {taskmixin.py:211} WARNING - Dependency <Task(_PythonDecoratedOperator): prepare_email>, send_email already registered for DAG: example_dag_decorator
[2024-09-24T16:13:53.206+0000] {logging_mixin.py:137} INFO - [2024-09-24T16:13:53.206+0000] {taskmixin.py:211} WARNING - Dependency <Task(EmailOperator): send_email>, prepare_email already registered for DAG: example_dag_decorator
[2024-09-24T16:13:53.212+0000] {processor.py:753} INFO - DAG(s) dict_keys(['example_dag_decorator']) retrieved from /usr/local/lib/python3.9/site-packages/airflow/example_dags/example_dag_decorator.py
[2024-09-24T16:13:53.373+0000] {logging_mixin.py:137} INFO - [2024-09-24T16:13:53.373+0000] {dag.py:2705} INFO - Sync 1 DAGs
[2024-09-24T16:13:53.397+0000] {logging_mixin.py:137} INFO - [2024-09-24T16:13:53.397+0000] {dag.py:3452} INFO - Setting next_dagrun for example_dag_decorator to None, run_after=None
[2024-09-24T16:13:53.420+0000] {processor.py:175} INFO - Processing /usr/local/lib/python3.9/site-packages/airflow/example_dags/example_dag_decorator.py took 0.346 seconds
[2024-09-24T16:14:25.330+0000] {processor.py:153} INFO - Started process (PID=958) to work on /usr/local/lib/python3.9/site-packages/airflow/example_dags/example_dag_decorator.py
[2024-09-24T16:14:25.333+0000] {processor.py:743} INFO - Processing file /usr/local/lib/python3.9/site-packages/airflow/example_dags/example_dag_decorator.py for tasks to queue
[2024-09-24T16:14:25.334+0000] {logging_mixin.py:137} INFO - [2024-09-24T16:14:25.334+0000] {dagbag.py:532} INFO - Filling up the DagBag from /usr/local/lib/python3.9/site-packages/airflow/example_dags/example_dag_decorator.py
[2024-09-24T16:14:25.408+0000] {logging_mixin.py:137} INFO - [2024-09-24T16:14:25.408+0000] {taskmixin.py:211} WARNING - Dependency <Task(_PythonDecoratedOperator): prepare_email>, send_email already registered for DAG: example_dag_decorator
[2024-09-24T16:14:25.410+0000] {logging_mixin.py:137} INFO - [2024-09-24T16:14:25.410+0000] {taskmixin.py:211} WARNING - Dependency <Task(EmailOperator): send_email>, prepare_email already registered for DAG: example_dag_decorator
[2024-09-24T16:14:25.419+0000] {processor.py:753} INFO - DAG(s) dict_keys(['example_dag_decorator']) retrieved from /usr/local/lib/python3.9/site-packages/airflow/example_dags/example_dag_decorator.py
[2024-09-24T16:14:25.805+0000] {logging_mixin.py:137} INFO - [2024-09-24T16:14:25.804+0000] {dag.py:2705} INFO - Sync 1 DAGs
[2024-09-24T16:14:25.846+0000] {logging_mixin.py:137} INFO - [2024-09-24T16:14:25.845+0000] {dag.py:3452} INFO - Setting next_dagrun for example_dag_decorator to None, run_after=None
[2024-09-24T16:14:25.901+0000] {processor.py:175} INFO - Processing /usr/local/lib/python3.9/site-packages/airflow/example_dags/example_dag_decorator.py took 0.578 seconds
[2024-09-24T16:15:02.292+0000] {processor.py:153} INFO - Started process (PID=1169) to work on /usr/local/lib/python3.9/site-packages/airflow/example_dags/example_dag_decorator.py
[2024-09-24T16:15:02.296+0000] {processor.py:743} INFO - Processing file /usr/local/lib/python3.9/site-packages/airflow/example_dags/example_dag_decorator.py for tasks to queue
[2024-09-24T16:15:02.598+0000] {logging_mixin.py:137} INFO - [2024-09-24T16:15:02.517+0000] {dagbag.py:532} INFO - Filling up the DagBag from /usr/local/lib/python3.9/site-packages/airflow/example_dags/example_dag_decorator.py
[2024-09-24T16:15:03.772+0000] {logging_mixin.py:137} INFO - [2024-09-24T16:15:03.772+0000] {taskmixin.py:211} WARNING - Dependency <Task(_PythonDecoratedOperator): prepare_email>, send_email already registered for DAG: example_dag_decorator
[2024-09-24T16:15:03.778+0000] {logging_mixin.py:137} INFO - [2024-09-24T16:15:03.778+0000] {taskmixin.py:211} WARNING - Dependency <Task(EmailOperator): send_email>, prepare_email already registered for DAG: example_dag_decorator
[2024-09-24T16:15:04.753+0000] {processor.py:753} INFO - DAG(s) dict_keys(['example_dag_decorator']) retrieved from /usr/local/lib/python3.9/site-packages/airflow/example_dags/example_dag_decorator.py
[2024-09-24T16:15:04.911+0000] {logging_mixin.py:137} INFO - [2024-09-24T16:15:04.909+0000] {dag.py:2705} INFO - Sync 1 DAGs
[2024-09-24T16:15:04.962+0000] {logging_mixin.py:137} INFO - [2024-09-24T16:15:04.962+0000] {dag.py:3452} INFO - Setting next_dagrun for example_dag_decorator to None, run_after=None
[2024-09-24T16:15:05.018+0000] {processor.py:175} INFO - Processing /usr/local/lib/python3.9/site-packages/airflow/example_dags/example_dag_decorator.py took 2.730 seconds
[2024-09-24T16:15:36.831+0000] {processor.py:153} INFO - Started process (PID=1382) to work on /usr/local/lib/python3.9/site-packages/airflow/example_dags/example_dag_decorator.py
[2024-09-24T16:15:36.834+0000] {processor.py:743} INFO - Processing file /usr/local/lib/python3.9/site-packages/airflow/example_dags/example_dag_decorator.py for tasks to queue
[2024-09-24T16:15:36.835+0000] {logging_mixin.py:137} INFO - [2024-09-24T16:15:36.835+0000] {dagbag.py:532} INFO - Filling up the DagBag from /usr/local/lib/python3.9/site-packages/airflow/example_dags/example_dag_decorator.py
[2024-09-24T16:15:37.244+0000] {logging_mixin.py:137} INFO - [2024-09-24T16:15:37.243+0000] {taskmixin.py:211} WARNING - Dependency <Task(_PythonDecoratedOperator): prepare_email>, send_email already registered for DAG: example_dag_decorator
[2024-09-24T16:15:37.244+0000] {logging_mixin.py:137} INFO - [2024-09-24T16:15:37.244+0000] {taskmixin.py:211} WARNING - Dependency <Task(EmailOperator): send_email>, prepare_email already registered for DAG: example_dag_decorator
[2024-09-24T16:15:37.255+0000] {processor.py:753} INFO - DAG(s) dict_keys(['example_dag_decorator']) retrieved from /usr/local/lib/python3.9/site-packages/airflow/example_dags/example_dag_decorator.py
[2024-09-24T16:15:37.296+0000] {logging_mixin.py:137} INFO - [2024-09-24T16:15:37.296+0000] {dag.py:2705} INFO - Sync 1 DAGs
[2024-09-24T16:15:37.306+0000] {logging_mixin.py:137} INFO - [2024-09-24T16:15:37.305+0000] {dag.py:3452} INFO - Setting next_dagrun for example_dag_decorator to None, run_after=None
[2024-09-24T16:15:37.318+0000] {processor.py:175} INFO - Processing /usr/local/lib/python3.9/site-packages/airflow/example_dags/example_dag_decorator.py took 0.489 seconds
[2024-09-24T16:16:07.441+0000] {processor.py:153} INFO - Started process (PID=1606) to work on /usr/local/lib/python3.9/site-packages/airflow/example_dags/example_dag_decorator.py
[2024-09-24T16:16:07.444+0000] {processor.py:743} INFO - Processing file /usr/local/lib/python3.9/site-packages/airflow/example_dags/example_dag_decorator.py for tasks to queue
[2024-09-24T16:16:07.445+0000] {logging_mixin.py:137} INFO - [2024-09-24T16:16:07.444+0000] {dagbag.py:532} INFO - Filling up the DagBag from /usr/local/lib/python3.9/site-packages/airflow/example_dags/example_dag_decorator.py
[2024-09-24T16:16:07.879+0000] {logging_mixin.py:137} INFO - [2024-09-24T16:16:07.879+0000] {taskmixin.py:211} WARNING - Dependency <Task(_PythonDecoratedOperator): prepare_email>, send_email already registered for DAG: example_dag_decorator
[2024-09-24T16:16:07.880+0000] {logging_mixin.py:137} INFO - [2024-09-24T16:16:07.880+0000] {taskmixin.py:211} WARNING - Dependency <Task(EmailOperator): send_email>, prepare_email already registered for DAG: example_dag_decorator
[2024-09-24T16:16:07.883+0000] {processor.py:753} INFO - DAG(s) dict_keys(['example_dag_decorator']) retrieved from /usr/local/lib/python3.9/site-packages/airflow/example_dags/example_dag_decorator.py
[2024-09-24T16:16:07.922+0000] {logging_mixin.py:137} INFO - [2024-09-24T16:16:07.922+0000] {dag.py:2705} INFO - Sync 1 DAGs
[2024-09-24T16:16:07.930+0000] {logging_mixin.py:137} INFO - [2024-09-24T16:16:07.930+0000] {dag.py:3452} INFO - Setting next_dagrun for example_dag_decorator to None, run_after=None
[2024-09-24T16:16:07.938+0000] {processor.py:175} INFO - Processing /usr/local/lib/python3.9/site-packages/airflow/example_dags/example_dag_decorator.py took 0.499 seconds
[2024-09-24T16:16:38.047+0000] {processor.py:153} INFO - Started process (PID=1847) to work on /usr/local/lib/python3.9/site-packages/airflow/example_dags/example_dag_decorator.py
[2024-09-24T16:16:38.048+0000] {processor.py:743} INFO - Processing file /usr/local/lib/python3.9/site-packages/airflow/example_dags/example_dag_decorator.py for tasks to queue
[2024-09-24T16:16:38.048+0000] {logging_mixin.py:137} INFO - [2024-09-24T16:16:38.048+0000] {dagbag.py:532} INFO - Filling up the DagBag from /usr/local/lib/python3.9/site-packages/airflow/example_dags/example_dag_decorator.py
[2024-09-24T16:16:38.154+0000] {logging_mixin.py:137} INFO - [2024-09-24T16:16:38.154+0000] {taskmixin.py:211} WARNING - Dependency <Task(_PythonDecoratedOperator): prepare_email>, send_email already registered for DAG: example_dag_decorator
[2024-09-24T16:16:38.158+0000] {logging_mixin.py:137} INFO - [2024-09-24T16:16:38.158+0000] {taskmixin.py:211} WARNING - Dependency <Task(EmailOperator): send_email>, prepare_email already registered for DAG: example_dag_decorator
[2024-09-24T16:16:38.165+0000] {processor.py:753} INFO - DAG(s) dict_keys(['example_dag_decorator']) retrieved from /usr/local/lib/python3.9/site-packages/airflow/example_dags/example_dag_decorator.py
[2024-09-24T16:16:38.190+0000] {logging_mixin.py:137} INFO - [2024-09-24T16:16:38.190+0000] {dag.py:2705} INFO - Sync 1 DAGs
[2024-09-24T16:16:38.201+0000] {logging_mixin.py:137} INFO - [2024-09-24T16:16:38.201+0000] {dag.py:3452} INFO - Setting next_dagrun for example_dag_decorator to None, run_after=None
[2024-09-24T16:16:38.216+0000] {processor.py:175} INFO - Processing /usr/local/lib/python3.9/site-packages/airflow/example_dags/example_dag_decorator.py took 0.170 seconds
[2024-09-24T16:17:08.407+0000] {processor.py:153} INFO - Started process (PID=2033) to work on /usr/local/lib/python3.9/site-packages/airflow/example_dags/example_dag_decorator.py
[2024-09-24T16:17:08.409+0000] {processor.py:743} INFO - Processing file /usr/local/lib/python3.9/site-packages/airflow/example_dags/example_dag_decorator.py for tasks to queue
[2024-09-24T16:17:08.409+0000] {logging_mixin.py:137} INFO - [2024-09-24T16:17:08.409+0000] {dagbag.py:532} INFO - Filling up the DagBag from /usr/local/lib/python3.9/site-packages/airflow/example_dags/example_dag_decorator.py
[2024-09-24T16:17:08.552+0000] {logging_mixin.py:137} INFO - [2024-09-24T16:17:08.552+0000] {taskmixin.py:211} WARNING - Dependency <Task(_PythonDecoratedOperator): prepare_email>, send_email already registered for DAG: example_dag_decorator
[2024-09-24T16:17:08.553+0000] {logging_mixin.py:137} INFO - [2024-09-24T16:17:08.552+0000] {taskmixin.py:211} WARNING - Dependency <Task(EmailOperator): send_email>, prepare_email already registered for DAG: example_dag_decorator
[2024-09-24T16:17:08.556+0000] {processor.py:753} INFO - DAG(s) dict_keys(['example_dag_decorator']) retrieved from /usr/local/lib/python3.9/site-packages/airflow/example_dags/example_dag_decorator.py
[2024-09-24T16:17:08.579+0000] {logging_mixin.py:137} INFO - [2024-09-24T16:17:08.579+0000] {dag.py:2705} INFO - Sync 1 DAGs
[2024-09-24T16:17:08.587+0000] {logging_mixin.py:137} INFO - [2024-09-24T16:17:08.587+0000] {dag.py:3452} INFO - Setting next_dagrun for example_dag_decorator to None, run_after=None
[2024-09-24T16:17:08.597+0000] {processor.py:175} INFO - Processing /usr/local/lib/python3.9/site-packages/airflow/example_dags/example_dag_decorator.py took 0.192 seconds
[2024-09-24T16:17:39.269+0000] {processor.py:153} INFO - Started process (PID=2256) to work on /usr/local/lib/python3.9/site-packages/airflow/example_dags/example_dag_decorator.py
[2024-09-24T16:17:39.269+0000] {processor.py:743} INFO - Processing file /usr/local/lib/python3.9/site-packages/airflow/example_dags/example_dag_decorator.py for tasks to queue
[2024-09-24T16:17:39.270+0000] {logging_mixin.py:137} INFO - [2024-09-24T16:17:39.270+0000] {dagbag.py:532} INFO - Filling up the DagBag from /usr/local/lib/python3.9/site-packages/airflow/example_dags/example_dag_decorator.py
[2024-09-24T16:17:39.392+0000] {logging_mixin.py:137} INFO - [2024-09-24T16:17:39.392+0000] {taskmixin.py:211} WARNING - Dependency <Task(_PythonDecoratedOperator): prepare_email>, send_email already registered for DAG: example_dag_decorator
[2024-09-24T16:17:39.396+0000] {logging_mixin.py:137} INFO - [2024-09-24T16:17:39.396+0000] {taskmixin.py:211} WARNING - Dependency <Task(EmailOperator): send_email>, prepare_email already registered for DAG: example_dag_decorator
[2024-09-24T16:17:39.399+0000] {processor.py:753} INFO - DAG(s) dict_keys(['example_dag_decorator']) retrieved from /usr/local/lib/python3.9/site-packages/airflow/example_dags/example_dag_decorator.py
[2024-09-24T16:17:39.426+0000] {logging_mixin.py:137} INFO - [2024-09-24T16:17:39.426+0000] {dag.py:2705} INFO - Sync 1 DAGs
[2024-09-24T16:17:39.434+0000] {logging_mixin.py:137} INFO - [2024-09-24T16:17:39.434+0000] {dag.py:3452} INFO - Setting next_dagrun for example_dag_decorator to None, run_after=None
[2024-09-24T16:17:39.440+0000] {processor.py:175} INFO - Processing /usr/local/lib/python3.9/site-packages/airflow/example_dags/example_dag_decorator.py took 0.173 seconds
[2024-09-24T16:18:09.851+0000] {processor.py:153} INFO - Started process (PID=2465) to work on /usr/local/lib/python3.9/site-packages/airflow/example_dags/example_dag_decorator.py
[2024-09-24T16:18:09.852+0000] {processor.py:743} INFO - Processing file /usr/local/lib/python3.9/site-packages/airflow/example_dags/example_dag_decorator.py for tasks to queue
[2024-09-24T16:18:09.852+0000] {logging_mixin.py:137} INFO - [2024-09-24T16:18:09.852+0000] {dagbag.py:532} INFO - Filling up the DagBag from /usr/local/lib/python3.9/site-packages/airflow/example_dags/example_dag_decorator.py
[2024-09-24T16:18:09.948+0000] {logging_mixin.py:137} INFO - [2024-09-24T16:18:09.948+0000] {taskmixin.py:211} WARNING - Dependency <Task(_PythonDecoratedOperator): prepare_email>, send_email already registered for DAG: example_dag_decorator
[2024-09-24T16:18:09.949+0000] {logging_mixin.py:137} INFO - [2024-09-24T16:18:09.949+0000] {taskmixin.py:211} WARNING - Dependency <Task(EmailOperator): send_email>, prepare_email already registered for DAG: example_dag_decorator
[2024-09-24T16:18:09.954+0000] {processor.py:753} INFO - DAG(s) dict_keys(['example_dag_decorator']) retrieved from /usr/local/lib/python3.9/site-packages/airflow/example_dags/example_dag_decorator.py
[2024-09-24T16:18:09.980+0000] {logging_mixin.py:137} INFO - [2024-09-24T16:18:09.980+0000] {dag.py:2705} INFO - Sync 1 DAGs
[2024-09-24T16:18:09.989+0000] {logging_mixin.py:137} INFO - [2024-09-24T16:18:09.989+0000] {dag.py:3452} INFO - Setting next_dagrun for example_dag_decorator to None, run_after=None
[2024-09-24T16:18:10.001+0000] {processor.py:175} INFO - Processing /usr/local/lib/python3.9/site-packages/airflow/example_dags/example_dag_decorator.py took 0.152 seconds
[2024-09-24T17:55:51.728+0000] {processor.py:153} INFO - Started process (PID=320) to work on /usr/local/lib/python3.9/site-packages/airflow/example_dags/example_dag_decorator.py
[2024-09-24T17:55:51.728+0000] {processor.py:743} INFO - Processing file /usr/local/lib/python3.9/site-packages/airflow/example_dags/example_dag_decorator.py for tasks to queue
[2024-09-24T17:55:51.729+0000] {logging_mixin.py:137} INFO - [2024-09-24T17:55:51.729+0000] {dagbag.py:532} INFO - Filling up the DagBag from /usr/local/lib/python3.9/site-packages/airflow/example_dags/example_dag_decorator.py
[2024-09-24T17:55:51.790+0000] {logging_mixin.py:137} INFO - [2024-09-24T17:55:51.790+0000] {taskmixin.py:211} WARNING - Dependency <Task(_PythonDecoratedOperator): prepare_email>, send_email already registered for DAG: example_dag_decorator
[2024-09-24T17:55:51.790+0000] {logging_mixin.py:137} INFO - [2024-09-24T17:55:51.790+0000] {taskmixin.py:211} WARNING - Dependency <Task(EmailOperator): send_email>, prepare_email already registered for DAG: example_dag_decorator
[2024-09-24T17:55:51.797+0000] {processor.py:753} INFO - DAG(s) dict_keys(['example_dag_decorator']) retrieved from /usr/local/lib/python3.9/site-packages/airflow/example_dags/example_dag_decorator.py
[2024-09-24T17:55:51.806+0000] {logging_mixin.py:137} INFO - [2024-09-24T17:55:51.806+0000] {dag.py:2705} INFO - Sync 1 DAGs
[2024-09-24T17:55:51.819+0000] {logging_mixin.py:137} INFO - [2024-09-24T17:55:51.819+0000] {dag.py:3452} INFO - Setting next_dagrun for example_dag_decorator to None, run_after=None
[2024-09-24T17:55:51.831+0000] {processor.py:175} INFO - Processing /usr/local/lib/python3.9/site-packages/airflow/example_dags/example_dag_decorator.py took 0.105 seconds
[2024-09-24T17:56:25.571+0000] {processor.py:153} INFO - Started process (PID=535) to work on /usr/local/lib/python3.9/site-packages/airflow/example_dags/example_dag_decorator.py
[2024-09-24T17:56:25.573+0000] {processor.py:743} INFO - Processing file /usr/local/lib/python3.9/site-packages/airflow/example_dags/example_dag_decorator.py for tasks to queue
[2024-09-24T17:56:25.574+0000] {logging_mixin.py:137} INFO - [2024-09-24T17:56:25.574+0000] {dagbag.py:532} INFO - Filling up the DagBag from /usr/local/lib/python3.9/site-packages/airflow/example_dags/example_dag_decorator.py
[2024-09-24T17:56:25.634+0000] {logging_mixin.py:137} INFO - [2024-09-24T17:56:25.634+0000] {taskmixin.py:211} WARNING - Dependency <Task(_PythonDecoratedOperator): prepare_email>, send_email already registered for DAG: example_dag_decorator
[2024-09-24T17:56:25.638+0000] {logging_mixin.py:137} INFO - [2024-09-24T17:56:25.638+0000] {taskmixin.py:211} WARNING - Dependency <Task(EmailOperator): send_email>, prepare_email already registered for DAG: example_dag_decorator
[2024-09-24T17:56:25.660+0000] {processor.py:753} INFO - DAG(s) dict_keys(['example_dag_decorator']) retrieved from /usr/local/lib/python3.9/site-packages/airflow/example_dags/example_dag_decorator.py
[2024-09-24T17:56:25.788+0000] {logging_mixin.py:137} INFO - [2024-09-24T17:56:25.787+0000] {dag.py:2705} INFO - Sync 1 DAGs
[2024-09-24T17:56:25.955+0000] {logging_mixin.py:137} INFO - [2024-09-24T17:56:25.955+0000] {dag.py:3452} INFO - Setting next_dagrun for example_dag_decorator to None, run_after=None
[2024-09-24T17:56:25.999+0000] {processor.py:175} INFO - Processing /usr/local/lib/python3.9/site-packages/airflow/example_dags/example_dag_decorator.py took 0.430 seconds
[2024-09-24T18:44:46.788+0000] {processor.py:153} INFO - Started process (PID=325) to work on /usr/local/lib/python3.9/site-packages/airflow/example_dags/example_dag_decorator.py
[2024-09-24T18:44:46.788+0000] {processor.py:743} INFO - Processing file /usr/local/lib/python3.9/site-packages/airflow/example_dags/example_dag_decorator.py for tasks to queue
[2024-09-24T18:44:46.789+0000] {logging_mixin.py:137} INFO - [2024-09-24T18:44:46.789+0000] {dagbag.py:532} INFO - Filling up the DagBag from /usr/local/lib/python3.9/site-packages/airflow/example_dags/example_dag_decorator.py
[2024-09-24T18:44:46.873+0000] {logging_mixin.py:137} INFO - [2024-09-24T18:44:46.872+0000] {taskmixin.py:211} WARNING - Dependency <Task(_PythonDecoratedOperator): prepare_email>, send_email already registered for DAG: example_dag_decorator
[2024-09-24T18:44:46.873+0000] {logging_mixin.py:137} INFO - [2024-09-24T18:44:46.873+0000] {taskmixin.py:211} WARNING - Dependency <Task(EmailOperator): send_email>, prepare_email already registered for DAG: example_dag_decorator
[2024-09-24T18:44:46.879+0000] {processor.py:753} INFO - DAG(s) dict_keys(['example_dag_decorator']) retrieved from /usr/local/lib/python3.9/site-packages/airflow/example_dags/example_dag_decorator.py
[2024-09-24T18:44:47.143+0000] {logging_mixin.py:137} INFO - [2024-09-24T18:44:47.143+0000] {manager.py:504} INFO - Created Permission View: can read on DAG:example_dag_decorator
[2024-09-24T18:44:47.149+0000] {logging_mixin.py:137} INFO - [2024-09-24T18:44:47.149+0000] {manager.py:504} INFO - Created Permission View: can edit on DAG:example_dag_decorator
[2024-09-24T18:44:47.155+0000] {logging_mixin.py:137} INFO - [2024-09-24T18:44:47.154+0000] {manager.py:504} INFO - Created Permission View: can delete on DAG:example_dag_decorator
[2024-09-24T18:44:47.155+0000] {logging_mixin.py:137} INFO - [2024-09-24T18:44:47.155+0000] {dag.py:2705} INFO - Sync 1 DAGs
[2024-09-24T18:44:47.163+0000] {logging_mixin.py:137} INFO - [2024-09-24T18:44:47.163+0000] {dag.py:2726} INFO - Creating ORM DAG for example_dag_decorator
[2024-09-24T18:44:47.168+0000] {logging_mixin.py:137} INFO - [2024-09-24T18:44:47.168+0000] {dag.py:3452} INFO - Setting next_dagrun for example_dag_decorator to None, run_after=None
[2024-09-24T18:44:47.177+0000] {processor.py:175} INFO - Processing /usr/local/lib/python3.9/site-packages/airflow/example_dags/example_dag_decorator.py took 0.391 seconds
[2024-09-24T18:45:18.155+0000] {processor.py:153} INFO - Started process (PID=542) to work on /usr/local/lib/python3.9/site-packages/airflow/example_dags/example_dag_decorator.py
[2024-09-24T18:45:18.157+0000] {processor.py:743} INFO - Processing file /usr/local/lib/python3.9/site-packages/airflow/example_dags/example_dag_decorator.py for tasks to queue
[2024-09-24T18:45:18.158+0000] {logging_mixin.py:137} INFO - [2024-09-24T18:45:18.158+0000] {dagbag.py:532} INFO - Filling up the DagBag from /usr/local/lib/python3.9/site-packages/airflow/example_dags/example_dag_decorator.py
[2024-09-24T18:45:18.276+0000] {logging_mixin.py:137} INFO - [2024-09-24T18:45:18.276+0000] {taskmixin.py:211} WARNING - Dependency <Task(_PythonDecoratedOperator): prepare_email>, send_email already registered for DAG: example_dag_decorator
[2024-09-24T18:45:18.276+0000] {logging_mixin.py:137} INFO - [2024-09-24T18:45:18.276+0000] {taskmixin.py:211} WARNING - Dependency <Task(EmailOperator): send_email>, prepare_email already registered for DAG: example_dag_decorator
[2024-09-24T18:45:18.286+0000] {processor.py:753} INFO - DAG(s) dict_keys(['example_dag_decorator']) retrieved from /usr/local/lib/python3.9/site-packages/airflow/example_dags/example_dag_decorator.py
[2024-09-24T18:45:18.330+0000] {logging_mixin.py:137} INFO - [2024-09-24T18:45:18.330+0000] {dag.py:2705} INFO - Sync 1 DAGs
[2024-09-24T18:45:18.478+0000] {logging_mixin.py:137} INFO - [2024-09-24T18:45:18.478+0000] {dag.py:3452} INFO - Setting next_dagrun for example_dag_decorator to None, run_after=None
[2024-09-24T18:45:18.513+0000] {processor.py:175} INFO - Processing /usr/local/lib/python3.9/site-packages/airflow/example_dags/example_dag_decorator.py took 0.361 seconds
[2024-09-24T18:45:49.112+0000] {processor.py:153} INFO - Started process (PID=753) to work on /usr/local/lib/python3.9/site-packages/airflow/example_dags/example_dag_decorator.py
[2024-09-24T18:45:49.116+0000] {processor.py:743} INFO - Processing file /usr/local/lib/python3.9/site-packages/airflow/example_dags/example_dag_decorator.py for tasks to queue
[2024-09-24T18:45:49.118+0000] {logging_mixin.py:137} INFO - [2024-09-24T18:45:49.118+0000] {dagbag.py:532} INFO - Filling up the DagBag from /usr/local/lib/python3.9/site-packages/airflow/example_dags/example_dag_decorator.py
[2024-09-24T18:45:49.519+0000] {logging_mixin.py:137} INFO - [2024-09-24T18:45:49.519+0000] {taskmixin.py:211} WARNING - Dependency <Task(_PythonDecoratedOperator): prepare_email>, send_email already registered for DAG: example_dag_decorator
[2024-09-24T18:45:49.520+0000] {logging_mixin.py:137} INFO - [2024-09-24T18:45:49.520+0000] {taskmixin.py:211} WARNING - Dependency <Task(EmailOperator): send_email>, prepare_email already registered for DAG: example_dag_decorator
[2024-09-24T18:45:49.559+0000] {processor.py:753} INFO - DAG(s) dict_keys(['example_dag_decorator']) retrieved from /usr/local/lib/python3.9/site-packages/airflow/example_dags/example_dag_decorator.py
[2024-09-24T18:45:49.659+0000] {logging_mixin.py:137} INFO - [2024-09-24T18:45:49.658+0000] {dag.py:2705} INFO - Sync 1 DAGs
[2024-09-24T18:45:50.105+0000] {logging_mixin.py:137} INFO - [2024-09-24T18:45:50.105+0000] {dag.py:3452} INFO - Setting next_dagrun for example_dag_decorator to None, run_after=None
[2024-09-24T18:45:50.129+0000] {processor.py:175} INFO - Processing /usr/local/lib/python3.9/site-packages/airflow/example_dags/example_dag_decorator.py took 1.055 seconds
[2024-09-24T18:46:20.881+0000] {processor.py:153} INFO - Started process (PID=969) to work on /usr/local/lib/python3.9/site-packages/airflow/example_dags/example_dag_decorator.py
[2024-09-24T18:46:20.885+0000] {processor.py:743} INFO - Processing file /usr/local/lib/python3.9/site-packages/airflow/example_dags/example_dag_decorator.py for tasks to queue
[2024-09-24T18:46:20.886+0000] {logging_mixin.py:137} INFO - [2024-09-24T18:46:20.886+0000] {dagbag.py:532} INFO - Filling up the DagBag from /usr/local/lib/python3.9/site-packages/airflow/example_dags/example_dag_decorator.py
[2024-09-24T18:46:20.950+0000] {logging_mixin.py:137} INFO - [2024-09-24T18:46:20.950+0000] {taskmixin.py:211} WARNING - Dependency <Task(_PythonDecoratedOperator): prepare_email>, send_email already registered for DAG: example_dag_decorator
[2024-09-24T18:46:20.950+0000] {logging_mixin.py:137} INFO - [2024-09-24T18:46:20.950+0000] {taskmixin.py:211} WARNING - Dependency <Task(EmailOperator): send_email>, prepare_email already registered for DAG: example_dag_decorator
[2024-09-24T18:46:20.954+0000] {processor.py:753} INFO - DAG(s) dict_keys(['example_dag_decorator']) retrieved from /usr/local/lib/python3.9/site-packages/airflow/example_dags/example_dag_decorator.py
[2024-09-24T18:46:21.070+0000] {logging_mixin.py:137} INFO - [2024-09-24T18:46:21.070+0000] {dag.py:2705} INFO - Sync 1 DAGs
[2024-09-24T18:46:21.080+0000] {logging_mixin.py:137} INFO - [2024-09-24T18:46:21.080+0000] {dag.py:3452} INFO - Setting next_dagrun for example_dag_decorator to None, run_after=None
[2024-09-24T18:46:21.092+0000] {processor.py:175} INFO - Processing /usr/local/lib/python3.9/site-packages/airflow/example_dags/example_dag_decorator.py took 0.215 seconds
[2024-09-24T18:46:53.210+0000] {processor.py:153} INFO - Started process (PID=1178) to work on /usr/local/lib/python3.9/site-packages/airflow/example_dags/example_dag_decorator.py
[2024-09-24T18:46:53.225+0000] {processor.py:743} INFO - Processing file /usr/local/lib/python3.9/site-packages/airflow/example_dags/example_dag_decorator.py for tasks to queue
[2024-09-24T18:46:53.227+0000] {logging_mixin.py:137} INFO - [2024-09-24T18:46:53.227+0000] {dagbag.py:532} INFO - Filling up the DagBag from /usr/local/lib/python3.9/site-packages/airflow/example_dags/example_dag_decorator.py
[2024-09-24T18:46:53.518+0000] {logging_mixin.py:137} INFO - [2024-09-24T18:46:53.517+0000] {taskmixin.py:211} WARNING - Dependency <Task(_PythonDecoratedOperator): prepare_email>, send_email already registered for DAG: example_dag_decorator
[2024-09-24T18:46:53.520+0000] {logging_mixin.py:137} INFO - [2024-09-24T18:46:53.519+0000] {taskmixin.py:211} WARNING - Dependency <Task(EmailOperator): send_email>, prepare_email already registered for DAG: example_dag_decorator
[2024-09-24T18:46:54.795+0000] {processor.py:753} INFO - DAG(s) dict_keys(['example_dag_decorator']) retrieved from /usr/local/lib/python3.9/site-packages/airflow/example_dags/example_dag_decorator.py
[2024-09-24T18:46:54.867+0000] {logging_mixin.py:137} INFO - [2024-09-24T18:46:54.866+0000] {dag.py:2705} INFO - Sync 1 DAGs
[2024-09-24T18:46:54.914+0000] {logging_mixin.py:137} INFO - [2024-09-24T18:46:54.913+0000] {dag.py:3452} INFO - Setting next_dagrun for example_dag_decorator to None, run_after=None
[2024-09-24T18:46:55.052+0000] {processor.py:175} INFO - Processing /usr/local/lib/python3.9/site-packages/airflow/example_dags/example_dag_decorator.py took 1.880 seconds
[2024-09-24T18:47:26.598+0000] {processor.py:153} INFO - Started process (PID=1389) to work on /usr/local/lib/python3.9/site-packages/airflow/example_dags/example_dag_decorator.py
[2024-09-24T18:47:26.601+0000] {processor.py:743} INFO - Processing file /usr/local/lib/python3.9/site-packages/airflow/example_dags/example_dag_decorator.py for tasks to queue
[2024-09-24T18:47:26.602+0000] {logging_mixin.py:137} INFO - [2024-09-24T18:47:26.602+0000] {dagbag.py:532} INFO - Filling up the DagBag from /usr/local/lib/python3.9/site-packages/airflow/example_dags/example_dag_decorator.py
[2024-09-24T18:47:28.449+0000] {logging_mixin.py:137} INFO - [2024-09-24T18:47:28.446+0000] {taskmixin.py:211} WARNING - Dependency <Task(_PythonDecoratedOperator): prepare_email>, send_email already registered for DAG: example_dag_decorator
[2024-09-24T18:47:28.453+0000] {logging_mixin.py:137} INFO - [2024-09-24T18:47:28.452+0000] {taskmixin.py:211} WARNING - Dependency <Task(EmailOperator): send_email>, prepare_email already registered for DAG: example_dag_decorator
[2024-09-24T18:47:28.497+0000] {processor.py:753} INFO - DAG(s) dict_keys(['example_dag_decorator']) retrieved from /usr/local/lib/python3.9/site-packages/airflow/example_dags/example_dag_decorator.py
[2024-09-24T18:47:28.772+0000] {logging_mixin.py:137} INFO - [2024-09-24T18:47:28.769+0000] {dag.py:2705} INFO - Sync 1 DAGs
[2024-09-24T18:47:28.848+0000] {logging_mixin.py:137} INFO - [2024-09-24T18:47:28.846+0000] {dag.py:3452} INFO - Setting next_dagrun for example_dag_decorator to None, run_after=None
[2024-09-24T18:47:28.908+0000] {processor.py:175} INFO - Processing /usr/local/lib/python3.9/site-packages/airflow/example_dags/example_dag_decorator.py took 2.319 seconds
[2024-09-24T18:47:59.200+0000] {processor.py:153} INFO - Started process (PID=1600) to work on /usr/local/lib/python3.9/site-packages/airflow/example_dags/example_dag_decorator.py
[2024-09-24T18:47:59.204+0000] {processor.py:743} INFO - Processing file /usr/local/lib/python3.9/site-packages/airflow/example_dags/example_dag_decorator.py for tasks to queue
[2024-09-24T18:47:59.207+0000] {logging_mixin.py:137} INFO - [2024-09-24T18:47:59.206+0000] {dagbag.py:532} INFO - Filling up the DagBag from /usr/local/lib/python3.9/site-packages/airflow/example_dags/example_dag_decorator.py
[2024-09-24T18:48:00.423+0000] {logging_mixin.py:137} INFO - [2024-09-24T18:48:00.423+0000] {taskmixin.py:211} WARNING - Dependency <Task(_PythonDecoratedOperator): prepare_email>, send_email already registered for DAG: example_dag_decorator
[2024-09-24T18:48:00.425+0000] {logging_mixin.py:137} INFO - [2024-09-24T18:48:00.425+0000] {taskmixin.py:211} WARNING - Dependency <Task(EmailOperator): send_email>, prepare_email already registered for DAG: example_dag_decorator
[2024-09-24T18:48:00.435+0000] {processor.py:753} INFO - DAG(s) dict_keys(['example_dag_decorator']) retrieved from /usr/local/lib/python3.9/site-packages/airflow/example_dags/example_dag_decorator.py
[2024-09-24T18:48:00.477+0000] {logging_mixin.py:137} INFO - [2024-09-24T18:48:00.477+0000] {dag.py:2705} INFO - Sync 1 DAGs
[2024-09-24T18:48:00.497+0000] {logging_mixin.py:137} INFO - [2024-09-24T18:48:00.497+0000] {dag.py:3452} INFO - Setting next_dagrun for example_dag_decorator to None, run_after=None
[2024-09-24T18:48:00.529+0000] {processor.py:175} INFO - Processing /usr/local/lib/python3.9/site-packages/airflow/example_dags/example_dag_decorator.py took 1.332 seconds
[2024-09-24T18:48:30.977+0000] {processor.py:153} INFO - Started process (PID=1810) to work on /usr/local/lib/python3.9/site-packages/airflow/example_dags/example_dag_decorator.py
[2024-09-24T18:48:30.979+0000] {processor.py:743} INFO - Processing file /usr/local/lib/python3.9/site-packages/airflow/example_dags/example_dag_decorator.py for tasks to queue
[2024-09-24T18:48:30.979+0000] {logging_mixin.py:137} INFO - [2024-09-24T18:48:30.979+0000] {dagbag.py:532} INFO - Filling up the DagBag from /usr/local/lib/python3.9/site-packages/airflow/example_dags/example_dag_decorator.py
[2024-09-24T18:48:31.241+0000] {logging_mixin.py:137} INFO - [2024-09-24T18:48:31.241+0000] {taskmixin.py:211} WARNING - Dependency <Task(_PythonDecoratedOperator): prepare_email>, send_email already registered for DAG: example_dag_decorator
[2024-09-24T18:48:31.241+0000] {logging_mixin.py:137} INFO - [2024-09-24T18:48:31.241+0000] {taskmixin.py:211} WARNING - Dependency <Task(EmailOperator): send_email>, prepare_email already registered for DAG: example_dag_decorator
[2024-09-24T18:48:31.246+0000] {processor.py:753} INFO - DAG(s) dict_keys(['example_dag_decorator']) retrieved from /usr/local/lib/python3.9/site-packages/airflow/example_dags/example_dag_decorator.py
[2024-09-24T18:48:31.310+0000] {logging_mixin.py:137} INFO - [2024-09-24T18:48:31.309+0000] {dag.py:2705} INFO - Sync 1 DAGs
[2024-09-24T18:48:31.328+0000] {logging_mixin.py:137} INFO - [2024-09-24T18:48:31.327+0000] {dag.py:3452} INFO - Setting next_dagrun for example_dag_decorator to None, run_after=None
[2024-09-24T18:48:31.361+0000] {processor.py:175} INFO - Processing /usr/local/lib/python3.9/site-packages/airflow/example_dags/example_dag_decorator.py took 0.386 seconds
[2024-09-24T18:49:02.490+0000] {processor.py:153} INFO - Started process (PID=2011) to work on /usr/local/lib/python3.9/site-packages/airflow/example_dags/example_dag_decorator.py
[2024-09-24T18:49:02.490+0000] {processor.py:743} INFO - Processing file /usr/local/lib/python3.9/site-packages/airflow/example_dags/example_dag_decorator.py for tasks to queue
[2024-09-24T18:49:02.491+0000] {logging_mixin.py:137} INFO - [2024-09-24T18:49:02.491+0000] {dagbag.py:532} INFO - Filling up the DagBag from /usr/local/lib/python3.9/site-packages/airflow/example_dags/example_dag_decorator.py
[2024-09-24T18:49:02.861+0000] {logging_mixin.py:137} INFO - [2024-09-24T18:49:02.861+0000] {taskmixin.py:211} WARNING - Dependency <Task(_PythonDecoratedOperator): prepare_email>, send_email already registered for DAG: example_dag_decorator
[2024-09-24T18:49:02.867+0000] {logging_mixin.py:137} INFO - [2024-09-24T18:49:02.867+0000] {taskmixin.py:211} WARNING - Dependency <Task(EmailOperator): send_email>, prepare_email already registered for DAG: example_dag_decorator
[2024-09-24T18:49:02.873+0000] {processor.py:753} INFO - DAG(s) dict_keys(['example_dag_decorator']) retrieved from /usr/local/lib/python3.9/site-packages/airflow/example_dags/example_dag_decorator.py
[2024-09-24T18:49:02.951+0000] {logging_mixin.py:137} INFO - [2024-09-24T18:49:02.951+0000] {dag.py:2705} INFO - Sync 1 DAGs
[2024-09-24T18:49:02.978+0000] {logging_mixin.py:137} INFO - [2024-09-24T18:49:02.978+0000] {dag.py:3452} INFO - Setting next_dagrun for example_dag_decorator to None, run_after=None
[2024-09-24T18:49:02.989+0000] {processor.py:175} INFO - Processing /usr/local/lib/python3.9/site-packages/airflow/example_dags/example_dag_decorator.py took 0.501 seconds
[2024-09-24T18:49:33.882+0000] {processor.py:153} INFO - Started process (PID=2234) to work on /usr/local/lib/python3.9/site-packages/airflow/example_dags/example_dag_decorator.py
[2024-09-24T18:49:33.884+0000] {processor.py:743} INFO - Processing file /usr/local/lib/python3.9/site-packages/airflow/example_dags/example_dag_decorator.py for tasks to queue
[2024-09-24T18:49:33.884+0000] {logging_mixin.py:137} INFO - [2024-09-24T18:49:33.884+0000] {dagbag.py:532} INFO - Filling up the DagBag from /usr/local/lib/python3.9/site-packages/airflow/example_dags/example_dag_decorator.py
[2024-09-24T18:49:34.002+0000] {logging_mixin.py:137} INFO - [2024-09-24T18:49:34.001+0000] {taskmixin.py:211} WARNING - Dependency <Task(_PythonDecoratedOperator): prepare_email>, send_email already registered for DAG: example_dag_decorator
[2024-09-24T18:49:34.002+0000] {logging_mixin.py:137} INFO - [2024-09-24T18:49:34.002+0000] {taskmixin.py:211} WARNING - Dependency <Task(EmailOperator): send_email>, prepare_email already registered for DAG: example_dag_decorator
[2024-09-24T18:49:34.005+0000] {processor.py:753} INFO - DAG(s) dict_keys(['example_dag_decorator']) retrieved from /usr/local/lib/python3.9/site-packages/airflow/example_dags/example_dag_decorator.py
[2024-09-24T18:49:34.030+0000] {logging_mixin.py:137} INFO - [2024-09-24T18:49:34.030+0000] {dag.py:2705} INFO - Sync 1 DAGs
[2024-09-24T18:49:34.038+0000] {logging_mixin.py:137} INFO - [2024-09-24T18:49:34.038+0000] {dag.py:3452} INFO - Setting next_dagrun for example_dag_decorator to None, run_after=None
[2024-09-24T18:49:34.045+0000] {processor.py:175} INFO - Processing /usr/local/lib/python3.9/site-packages/airflow/example_dags/example_dag_decorator.py took 0.165 seconds
[2024-09-24T18:50:04.436+0000] {processor.py:153} INFO - Started process (PID=2445) to work on /usr/local/lib/python3.9/site-packages/airflow/example_dags/example_dag_decorator.py
[2024-09-24T18:50:04.436+0000] {processor.py:743} INFO - Processing file /usr/local/lib/python3.9/site-packages/airflow/example_dags/example_dag_decorator.py for tasks to queue
[2024-09-24T18:50:04.437+0000] {logging_mixin.py:137} INFO - [2024-09-24T18:50:04.437+0000] {dagbag.py:532} INFO - Filling up the DagBag from /usr/local/lib/python3.9/site-packages/airflow/example_dags/example_dag_decorator.py
[2024-09-24T18:50:04.537+0000] {logging_mixin.py:137} INFO - [2024-09-24T18:50:04.537+0000] {taskmixin.py:211} WARNING - Dependency <Task(_PythonDecoratedOperator): prepare_email>, send_email already registered for DAG: example_dag_decorator
[2024-09-24T18:50:04.538+0000] {logging_mixin.py:137} INFO - [2024-09-24T18:50:04.538+0000] {taskmixin.py:211} WARNING - Dependency <Task(EmailOperator): send_email>, prepare_email already registered for DAG: example_dag_decorator
[2024-09-24T18:50:04.541+0000] {processor.py:753} INFO - DAG(s) dict_keys(['example_dag_decorator']) retrieved from /usr/local/lib/python3.9/site-packages/airflow/example_dags/example_dag_decorator.py
[2024-09-24T18:50:04.562+0000] {logging_mixin.py:137} INFO - [2024-09-24T18:50:04.562+0000] {dag.py:2705} INFO - Sync 1 DAGs
[2024-09-24T18:50:04.570+0000] {logging_mixin.py:137} INFO - [2024-09-24T18:50:04.570+0000] {dag.py:3452} INFO - Setting next_dagrun for example_dag_decorator to None, run_after=None
[2024-09-24T18:50:04.578+0000] {processor.py:175} INFO - Processing /usr/local/lib/python3.9/site-packages/airflow/example_dags/example_dag_decorator.py took 0.146 seconds
[2024-09-24T18:50:35.105+0000] {processor.py:153} INFO - Started process (PID=2656) to work on /usr/local/lib/python3.9/site-packages/airflow/example_dags/example_dag_decorator.py
[2024-09-24T18:50:35.107+0000] {processor.py:743} INFO - Processing file /usr/local/lib/python3.9/site-packages/airflow/example_dags/example_dag_decorator.py for tasks to queue
[2024-09-24T18:50:35.110+0000] {logging_mixin.py:137} INFO - [2024-09-24T18:50:35.109+0000] {dagbag.py:532} INFO - Filling up the DagBag from /usr/local/lib/python3.9/site-packages/airflow/example_dags/example_dag_decorator.py
[2024-09-24T18:50:35.254+0000] {logging_mixin.py:137} INFO - [2024-09-24T18:50:35.254+0000] {taskmixin.py:211} WARNING - Dependency <Task(_PythonDecoratedOperator): prepare_email>, send_email already registered for DAG: example_dag_decorator
[2024-09-24T18:50:35.254+0000] {logging_mixin.py:137} INFO - [2024-09-24T18:50:35.254+0000] {taskmixin.py:211} WARNING - Dependency <Task(EmailOperator): send_email>, prepare_email already registered for DAG: example_dag_decorator
[2024-09-24T18:50:35.266+0000] {processor.py:753} INFO - DAG(s) dict_keys(['example_dag_decorator']) retrieved from /usr/local/lib/python3.9/site-packages/airflow/example_dags/example_dag_decorator.py
[2024-09-24T18:50:35.369+0000] {logging_mixin.py:137} INFO - [2024-09-24T18:50:35.369+0000] {dag.py:2705} INFO - Sync 1 DAGs
[2024-09-24T18:50:35.390+0000] {logging_mixin.py:137} INFO - [2024-09-24T18:50:35.390+0000] {dag.py:3452} INFO - Setting next_dagrun for example_dag_decorator to None, run_after=None
[2024-09-24T18:50:35.399+0000] {processor.py:175} INFO - Processing /usr/local/lib/python3.9/site-packages/airflow/example_dags/example_dag_decorator.py took 0.298 seconds
[2024-09-24T18:51:06.564+0000] {processor.py:153} INFO - Started process (PID=2855) to work on /usr/local/lib/python3.9/site-packages/airflow/example_dags/example_dag_decorator.py
[2024-09-24T18:51:06.565+0000] {processor.py:743} INFO - Processing file /usr/local/lib/python3.9/site-packages/airflow/example_dags/example_dag_decorator.py for tasks to queue
[2024-09-24T18:51:06.566+0000] {logging_mixin.py:137} INFO - [2024-09-24T18:51:06.566+0000] {dagbag.py:532} INFO - Filling up the DagBag from /usr/local/lib/python3.9/site-packages/airflow/example_dags/example_dag_decorator.py
[2024-09-24T18:51:06.639+0000] {logging_mixin.py:137} INFO - [2024-09-24T18:51:06.638+0000] {taskmixin.py:211} WARNING - Dependency <Task(_PythonDecoratedOperator): prepare_email>, send_email already registered for DAG: example_dag_decorator
[2024-09-24T18:51:06.639+0000] {logging_mixin.py:137} INFO - [2024-09-24T18:51:06.639+0000] {taskmixin.py:211} WARNING - Dependency <Task(EmailOperator): send_email>, prepare_email already registered for DAG: example_dag_decorator
[2024-09-24T18:51:06.681+0000] {processor.py:753} INFO - DAG(s) dict_keys(['example_dag_decorator']) retrieved from /usr/local/lib/python3.9/site-packages/airflow/example_dags/example_dag_decorator.py
[2024-09-24T18:51:06.720+0000] {logging_mixin.py:137} INFO - [2024-09-24T18:51:06.720+0000] {dag.py:2705} INFO - Sync 1 DAGs
[2024-09-24T18:51:06.732+0000] {logging_mixin.py:137} INFO - [2024-09-24T18:51:06.732+0000] {dag.py:3452} INFO - Setting next_dagrun for example_dag_decorator to None, run_after=None
[2024-09-24T18:51:06.742+0000] {processor.py:175} INFO - Processing /usr/local/lib/python3.9/site-packages/airflow/example_dags/example_dag_decorator.py took 0.182 seconds
[2024-09-24T18:51:37.600+0000] {processor.py:153} INFO - Started process (PID=3072) to work on /usr/local/lib/python3.9/site-packages/airflow/example_dags/example_dag_decorator.py
[2024-09-24T18:51:37.601+0000] {processor.py:743} INFO - Processing file /usr/local/lib/python3.9/site-packages/airflow/example_dags/example_dag_decorator.py for tasks to queue
[2024-09-24T18:51:37.601+0000] {logging_mixin.py:137} INFO - [2024-09-24T18:51:37.601+0000] {dagbag.py:532} INFO - Filling up the DagBag from /usr/local/lib/python3.9/site-packages/airflow/example_dags/example_dag_decorator.py
[2024-09-24T18:51:37.652+0000] {logging_mixin.py:137} INFO - [2024-09-24T18:51:37.652+0000] {taskmixin.py:211} WARNING - Dependency <Task(_PythonDecoratedOperator): prepare_email>, send_email already registered for DAG: example_dag_decorator
[2024-09-24T18:51:37.652+0000] {logging_mixin.py:137} INFO - [2024-09-24T18:51:37.652+0000] {taskmixin.py:211} WARNING - Dependency <Task(EmailOperator): send_email>, prepare_email already registered for DAG: example_dag_decorator
[2024-09-24T18:51:37.658+0000] {processor.py:753} INFO - DAG(s) dict_keys(['example_dag_decorator']) retrieved from /usr/local/lib/python3.9/site-packages/airflow/example_dags/example_dag_decorator.py
[2024-09-24T18:51:37.692+0000] {logging_mixin.py:137} INFO - [2024-09-24T18:51:37.692+0000] {dag.py:2705} INFO - Sync 1 DAGs
[2024-09-24T18:51:37.702+0000] {logging_mixin.py:137} INFO - [2024-09-24T18:51:37.702+0000] {dag.py:3452} INFO - Setting next_dagrun for example_dag_decorator to None, run_after=None
[2024-09-24T18:51:37.711+0000] {processor.py:175} INFO - Processing /usr/local/lib/python3.9/site-packages/airflow/example_dags/example_dag_decorator.py took 0.113 seconds
[2024-09-24T18:52:08.538+0000] {processor.py:153} INFO - Started process (PID=3283) to work on /usr/local/lib/python3.9/site-packages/airflow/example_dags/example_dag_decorator.py
[2024-09-24T18:52:08.539+0000] {processor.py:743} INFO - Processing file /usr/local/lib/python3.9/site-packages/airflow/example_dags/example_dag_decorator.py for tasks to queue
[2024-09-24T18:52:08.539+0000] {logging_mixin.py:137} INFO - [2024-09-24T18:52:08.539+0000] {dagbag.py:532} INFO - Filling up the DagBag from /usr/local/lib/python3.9/site-packages/airflow/example_dags/example_dag_decorator.py
[2024-09-24T18:52:08.581+0000] {logging_mixin.py:137} INFO - [2024-09-24T18:52:08.580+0000] {taskmixin.py:211} WARNING - Dependency <Task(_PythonDecoratedOperator): prepare_email>, send_email already registered for DAG: example_dag_decorator
[2024-09-24T18:52:08.581+0000] {logging_mixin.py:137} INFO - [2024-09-24T18:52:08.581+0000] {taskmixin.py:211} WARNING - Dependency <Task(EmailOperator): send_email>, prepare_email already registered for DAG: example_dag_decorator
[2024-09-24T18:52:08.588+0000] {processor.py:753} INFO - DAG(s) dict_keys(['example_dag_decorator']) retrieved from /usr/local/lib/python3.9/site-packages/airflow/example_dags/example_dag_decorator.py
[2024-09-24T18:52:08.618+0000] {logging_mixin.py:137} INFO - [2024-09-24T18:52:08.617+0000] {dag.py:2705} INFO - Sync 1 DAGs
[2024-09-24T18:52:08.630+0000] {logging_mixin.py:137} INFO - [2024-09-24T18:52:08.630+0000] {dag.py:3452} INFO - Setting next_dagrun for example_dag_decorator to None, run_after=None
[2024-09-24T18:52:08.639+0000] {processor.py:175} INFO - Processing /usr/local/lib/python3.9/site-packages/airflow/example_dags/example_dag_decorator.py took 0.103 seconds
[2024-09-24T18:52:39.449+0000] {processor.py:153} INFO - Started process (PID=3494) to work on /usr/local/lib/python3.9/site-packages/airflow/example_dags/example_dag_decorator.py
[2024-09-24T18:52:39.450+0000] {processor.py:743} INFO - Processing file /usr/local/lib/python3.9/site-packages/airflow/example_dags/example_dag_decorator.py for tasks to queue
[2024-09-24T18:52:39.450+0000] {logging_mixin.py:137} INFO - [2024-09-24T18:52:39.450+0000] {dagbag.py:532} INFO - Filling up the DagBag from /usr/local/lib/python3.9/site-packages/airflow/example_dags/example_dag_decorator.py
[2024-09-24T18:52:39.505+0000] {logging_mixin.py:137} INFO - [2024-09-24T18:52:39.505+0000] {taskmixin.py:211} WARNING - Dependency <Task(_PythonDecoratedOperator): prepare_email>, send_email already registered for DAG: example_dag_decorator
[2024-09-24T18:52:39.506+0000] {logging_mixin.py:137} INFO - [2024-09-24T18:52:39.506+0000] {taskmixin.py:211} WARNING - Dependency <Task(EmailOperator): send_email>, prepare_email already registered for DAG: example_dag_decorator
[2024-09-24T18:52:39.511+0000] {processor.py:753} INFO - DAG(s) dict_keys(['example_dag_decorator']) retrieved from /usr/local/lib/python3.9/site-packages/airflow/example_dags/example_dag_decorator.py
[2024-09-24T18:52:39.527+0000] {logging_mixin.py:137} INFO - [2024-09-24T18:52:39.527+0000] {dag.py:2705} INFO - Sync 1 DAGs
[2024-09-24T18:52:39.543+0000] {logging_mixin.py:137} INFO - [2024-09-24T18:52:39.543+0000] {dag.py:3452} INFO - Setting next_dagrun for example_dag_decorator to None, run_after=None
[2024-09-24T18:52:39.552+0000] {processor.py:175} INFO - Processing /usr/local/lib/python3.9/site-packages/airflow/example_dags/example_dag_decorator.py took 0.107 seconds
[2024-09-24T18:53:10.188+0000] {processor.py:153} INFO - Started process (PID=3705) to work on /usr/local/lib/python3.9/site-packages/airflow/example_dags/example_dag_decorator.py
[2024-09-24T18:53:10.190+0000] {processor.py:743} INFO - Processing file /usr/local/lib/python3.9/site-packages/airflow/example_dags/example_dag_decorator.py for tasks to queue
[2024-09-24T18:53:10.190+0000] {logging_mixin.py:137} INFO - [2024-09-24T18:53:10.190+0000] {dagbag.py:532} INFO - Filling up the DagBag from /usr/local/lib/python3.9/site-packages/airflow/example_dags/example_dag_decorator.py
[2024-09-24T18:53:10.239+0000] {logging_mixin.py:137} INFO - [2024-09-24T18:53:10.239+0000] {taskmixin.py:211} WARNING - Dependency <Task(_PythonDecoratedOperator): prepare_email>, send_email already registered for DAG: example_dag_decorator
[2024-09-24T18:53:10.239+0000] {logging_mixin.py:137} INFO - [2024-09-24T18:53:10.239+0000] {taskmixin.py:211} WARNING - Dependency <Task(EmailOperator): send_email>, prepare_email already registered for DAG: example_dag_decorator
[2024-09-24T18:53:10.244+0000] {processor.py:753} INFO - DAG(s) dict_keys(['example_dag_decorator']) retrieved from /usr/local/lib/python3.9/site-packages/airflow/example_dags/example_dag_decorator.py
[2024-09-24T18:53:10.291+0000] {logging_mixin.py:137} INFO - [2024-09-24T18:53:10.291+0000] {dag.py:2705} INFO - Sync 1 DAGs
[2024-09-24T18:53:10.401+0000] {logging_mixin.py:137} INFO - [2024-09-24T18:53:10.401+0000] {dag.py:3452} INFO - Setting next_dagrun for example_dag_decorator to None, run_after=None
[2024-09-24T18:53:10.428+0000] {processor.py:175} INFO - Processing /usr/local/lib/python3.9/site-packages/airflow/example_dags/example_dag_decorator.py took 0.243 seconds
