[2024-09-24T15:58:42.242+0000] {processor.py:153} INFO - Started process (PID=265) to work on /usr/local/lib/python3.9/site-packages/airflow/example_dags/example_time_delta_sensor_async.py
[2024-09-24T15:58:42.243+0000] {processor.py:743} INFO - Processing file /usr/local/lib/python3.9/site-packages/airflow/example_dags/example_time_delta_sensor_async.py for tasks to queue
[2024-09-24T15:58:42.243+0000] {logging_mixin.py:137} INFO - [2024-09-24T15:58:42.243+0000] {dagbag.py:532} INFO - Filling up the DagBag from /usr/local/lib/python3.9/site-packages/airflow/example_dags/example_time_delta_sensor_async.py
[2024-09-24T15:58:42.253+0000] {processor.py:753} INFO - DAG(s) dict_keys(['example_time_delta_sensor_async']) retrieved from /usr/local/lib/python3.9/site-packages/airflow/example_dags/example_time_delta_sensor_async.py
[2024-09-24T15:58:42.311+0000] {logging_mixin.py:137} INFO - [2024-09-24T15:58:42.310+0000] {manager.py:504} INFO - Created Permission View: can delete on DAG:example_time_delta_sensor_async
[2024-09-24T15:58:42.314+0000] {logging_mixin.py:137} INFO - [2024-09-24T15:58:42.314+0000] {manager.py:504} INFO - Created Permission View: can read on DAG:example_time_delta_sensor_async
[2024-09-24T15:58:42.318+0000] {logging_mixin.py:137} INFO - [2024-09-24T15:58:42.318+0000] {manager.py:504} INFO - Created Permission View: can edit on DAG:example_time_delta_sensor_async
[2024-09-24T15:58:42.318+0000] {logging_mixin.py:137} INFO - [2024-09-24T15:58:42.318+0000] {dag.py:2705} INFO - Sync 1 DAGs
[2024-09-24T15:58:42.323+0000] {logging_mixin.py:137} INFO - [2024-09-24T15:58:42.323+0000] {dag.py:2726} INFO - Creating ORM DAG for example_time_delta_sensor_async
[2024-09-24T15:58:42.327+0000] {logging_mixin.py:137} INFO - [2024-09-24T15:58:42.327+0000] {dag.py:3452} INFO - Setting next_dagrun for example_time_delta_sensor_async to None, run_after=None
[2024-09-24T15:58:42.338+0000] {processor.py:175} INFO - Processing /usr/local/lib/python3.9/site-packages/airflow/example_dags/example_time_delta_sensor_async.py took 0.097 seconds
[2024-09-24T15:59:12.419+0000] {processor.py:153} INFO - Started process (PID=476) to work on /usr/local/lib/python3.9/site-packages/airflow/example_dags/example_time_delta_sensor_async.py
[2024-09-24T15:59:12.421+0000] {processor.py:743} INFO - Processing file /usr/local/lib/python3.9/site-packages/airflow/example_dags/example_time_delta_sensor_async.py for tasks to queue
[2024-09-24T15:59:12.423+0000] {logging_mixin.py:137} INFO - [2024-09-24T15:59:12.423+0000] {dagbag.py:532} INFO - Filling up the DagBag from /usr/local/lib/python3.9/site-packages/airflow/example_dags/example_time_delta_sensor_async.py
[2024-09-24T15:59:12.434+0000] {processor.py:753} INFO - DAG(s) dict_keys(['example_time_delta_sensor_async']) retrieved from /usr/local/lib/python3.9/site-packages/airflow/example_dags/example_time_delta_sensor_async.py
[2024-09-24T15:59:12.450+0000] {logging_mixin.py:137} INFO - [2024-09-24T15:59:12.450+0000] {dag.py:2705} INFO - Sync 1 DAGs
[2024-09-24T15:59:12.464+0000] {logging_mixin.py:137} INFO - [2024-09-24T15:59:12.464+0000] {dag.py:3452} INFO - Setting next_dagrun for example_time_delta_sensor_async to None, run_after=None
[2024-09-24T15:59:12.479+0000] {processor.py:175} INFO - Processing /usr/local/lib/python3.9/site-packages/airflow/example_dags/example_time_delta_sensor_async.py took 0.062 seconds
[2024-09-24T15:59:42.827+0000] {processor.py:153} INFO - Started process (PID=685) to work on /usr/local/lib/python3.9/site-packages/airflow/example_dags/example_time_delta_sensor_async.py
[2024-09-24T15:59:42.830+0000] {processor.py:743} INFO - Processing file /usr/local/lib/python3.9/site-packages/airflow/example_dags/example_time_delta_sensor_async.py for tasks to queue
[2024-09-24T15:59:42.831+0000] {logging_mixin.py:137} INFO - [2024-09-24T15:59:42.831+0000] {dagbag.py:532} INFO - Filling up the DagBag from /usr/local/lib/python3.9/site-packages/airflow/example_dags/example_time_delta_sensor_async.py
[2024-09-24T15:59:42.837+0000] {processor.py:753} INFO - DAG(s) dict_keys(['example_time_delta_sensor_async']) retrieved from /usr/local/lib/python3.9/site-packages/airflow/example_dags/example_time_delta_sensor_async.py
[2024-09-24T15:59:42.853+0000] {logging_mixin.py:137} INFO - [2024-09-24T15:59:42.853+0000] {dag.py:2705} INFO - Sync 1 DAGs
[2024-09-24T15:59:42.881+0000] {logging_mixin.py:137} INFO - [2024-09-24T15:59:42.881+0000] {dag.py:3452} INFO - Setting next_dagrun for example_time_delta_sensor_async to None, run_after=None
[2024-09-24T15:59:42.891+0000] {processor.py:175} INFO - Processing /usr/local/lib/python3.9/site-packages/airflow/example_dags/example_time_delta_sensor_async.py took 0.065 seconds
[2024-09-24T16:12:36.549+0000] {processor.py:153} INFO - Started process (PID=266) to work on /usr/local/lib/python3.9/site-packages/airflow/example_dags/example_time_delta_sensor_async.py
[2024-09-24T16:12:36.550+0000] {processor.py:743} INFO - Processing file /usr/local/lib/python3.9/site-packages/airflow/example_dags/example_time_delta_sensor_async.py for tasks to queue
[2024-09-24T16:12:36.550+0000] {logging_mixin.py:137} INFO - [2024-09-24T16:12:36.550+0000] {dagbag.py:532} INFO - Filling up the DagBag from /usr/local/lib/python3.9/site-packages/airflow/example_dags/example_time_delta_sensor_async.py
[2024-09-24T16:12:36.560+0000] {processor.py:753} INFO - DAG(s) dict_keys(['example_time_delta_sensor_async']) retrieved from /usr/local/lib/python3.9/site-packages/airflow/example_dags/example_time_delta_sensor_async.py
[2024-09-24T16:12:36.623+0000] {logging_mixin.py:137} INFO - [2024-09-24T16:12:36.622+0000] {manager.py:504} INFO - Created Permission View: can read on DAG:example_time_delta_sensor_async
[2024-09-24T16:12:36.631+0000] {logging_mixin.py:137} INFO - [2024-09-24T16:12:36.631+0000] {manager.py:504} INFO - Created Permission View: can edit on DAG:example_time_delta_sensor_async
[2024-09-24T16:12:36.639+0000] {logging_mixin.py:137} INFO - [2024-09-24T16:12:36.639+0000] {manager.py:504} INFO - Created Permission View: can delete on DAG:example_time_delta_sensor_async
[2024-09-24T16:12:36.639+0000] {logging_mixin.py:137} INFO - [2024-09-24T16:12:36.639+0000] {dag.py:2705} INFO - Sync 1 DAGs
[2024-09-24T16:12:36.647+0000] {logging_mixin.py:137} INFO - [2024-09-24T16:12:36.647+0000] {dag.py:2726} INFO - Creating ORM DAG for example_time_delta_sensor_async
[2024-09-24T16:12:36.653+0000] {logging_mixin.py:137} INFO - [2024-09-24T16:12:36.653+0000] {dag.py:3452} INFO - Setting next_dagrun for example_time_delta_sensor_async to None, run_after=None
[2024-09-24T16:12:36.665+0000] {processor.py:175} INFO - Processing /usr/local/lib/python3.9/site-packages/airflow/example_dags/example_time_delta_sensor_async.py took 0.118 seconds
[2024-09-24T16:13:16.840+0000] {processor.py:153} INFO - Started process (PID=481) to work on /usr/local/lib/python3.9/site-packages/airflow/example_dags/example_time_delta_sensor_async.py
[2024-09-24T16:13:16.842+0000] {processor.py:743} INFO - Processing file /usr/local/lib/python3.9/site-packages/airflow/example_dags/example_time_delta_sensor_async.py for tasks to queue
[2024-09-24T16:13:16.851+0000] {logging_mixin.py:137} INFO - [2024-09-24T16:13:16.849+0000] {dagbag.py:532} INFO - Filling up the DagBag from /usr/local/lib/python3.9/site-packages/airflow/example_dags/example_time_delta_sensor_async.py
[2024-09-24T16:13:16.977+0000] {processor.py:753} INFO - DAG(s) dict_keys(['example_time_delta_sensor_async']) retrieved from /usr/local/lib/python3.9/site-packages/airflow/example_dags/example_time_delta_sensor_async.py
[2024-09-24T16:13:17.296+0000] {logging_mixin.py:137} INFO - [2024-09-24T16:13:17.295+0000] {dag.py:2705} INFO - Sync 1 DAGs
[2024-09-24T16:13:17.404+0000] {logging_mixin.py:137} INFO - [2024-09-24T16:13:17.404+0000] {dag.py:3452} INFO - Setting next_dagrun for example_time_delta_sensor_async to None, run_after=None
[2024-09-24T16:13:18.343+0000] {processor.py:175} INFO - Processing /usr/local/lib/python3.9/site-packages/airflow/example_dags/example_time_delta_sensor_async.py took 1.522 seconds
[2024-09-24T16:13:48.551+0000] {processor.py:153} INFO - Started process (PID=694) to work on /usr/local/lib/python3.9/site-packages/airflow/example_dags/example_time_delta_sensor_async.py
[2024-09-24T16:13:48.552+0000] {processor.py:743} INFO - Processing file /usr/local/lib/python3.9/site-packages/airflow/example_dags/example_time_delta_sensor_async.py for tasks to queue
[2024-09-24T16:13:48.552+0000] {logging_mixin.py:137} INFO - [2024-09-24T16:13:48.552+0000] {dagbag.py:532} INFO - Filling up the DagBag from /usr/local/lib/python3.9/site-packages/airflow/example_dags/example_time_delta_sensor_async.py
[2024-09-24T16:13:48.558+0000] {processor.py:753} INFO - DAG(s) dict_keys(['example_time_delta_sensor_async']) retrieved from /usr/local/lib/python3.9/site-packages/airflow/example_dags/example_time_delta_sensor_async.py
[2024-09-24T16:13:48.568+0000] {logging_mixin.py:137} INFO - [2024-09-24T16:13:48.568+0000] {dag.py:2705} INFO - Sync 1 DAGs
[2024-09-24T16:13:48.577+0000] {logging_mixin.py:137} INFO - [2024-09-24T16:13:48.577+0000] {dag.py:3452} INFO - Setting next_dagrun for example_time_delta_sensor_async to None, run_after=None
[2024-09-24T16:13:48.584+0000] {processor.py:175} INFO - Processing /usr/local/lib/python3.9/site-packages/airflow/example_dags/example_time_delta_sensor_async.py took 0.034 seconds
[2024-09-24T16:14:19.235+0000] {processor.py:153} INFO - Started process (PID=905) to work on /usr/local/lib/python3.9/site-packages/airflow/example_dags/example_time_delta_sensor_async.py
[2024-09-24T16:14:19.236+0000] {processor.py:743} INFO - Processing file /usr/local/lib/python3.9/site-packages/airflow/example_dags/example_time_delta_sensor_async.py for tasks to queue
[2024-09-24T16:14:19.238+0000] {logging_mixin.py:137} INFO - [2024-09-24T16:14:19.237+0000] {dagbag.py:532} INFO - Filling up the DagBag from /usr/local/lib/python3.9/site-packages/airflow/example_dags/example_time_delta_sensor_async.py
[2024-09-24T16:14:19.257+0000] {processor.py:753} INFO - DAG(s) dict_keys(['example_time_delta_sensor_async']) retrieved from /usr/local/lib/python3.9/site-packages/airflow/example_dags/example_time_delta_sensor_async.py
[2024-09-24T16:14:19.297+0000] {logging_mixin.py:137} INFO - [2024-09-24T16:14:19.297+0000] {dag.py:2705} INFO - Sync 1 DAGs
[2024-09-24T16:14:19.315+0000] {logging_mixin.py:137} INFO - [2024-09-24T16:14:19.315+0000] {dag.py:3452} INFO - Setting next_dagrun for example_time_delta_sensor_async to None, run_after=None
[2024-09-24T16:14:19.452+0000] {processor.py:175} INFO - Processing /usr/local/lib/python3.9/site-packages/airflow/example_dags/example_time_delta_sensor_async.py took 0.221 seconds
[2024-09-24T16:14:49.494+0000] {processor.py:153} INFO - Started process (PID=1116) to work on /usr/local/lib/python3.9/site-packages/airflow/example_dags/example_time_delta_sensor_async.py
[2024-09-24T16:14:49.495+0000] {processor.py:743} INFO - Processing file /usr/local/lib/python3.9/site-packages/airflow/example_dags/example_time_delta_sensor_async.py for tasks to queue
[2024-09-24T16:14:49.495+0000] {logging_mixin.py:137} INFO - [2024-09-24T16:14:49.495+0000] {dagbag.py:532} INFO - Filling up the DagBag from /usr/local/lib/python3.9/site-packages/airflow/example_dags/example_time_delta_sensor_async.py
[2024-09-24T16:14:49.510+0000] {processor.py:753} INFO - DAG(s) dict_keys(['example_time_delta_sensor_async']) retrieved from /usr/local/lib/python3.9/site-packages/airflow/example_dags/example_time_delta_sensor_async.py
[2024-09-24T16:14:49.543+0000] {logging_mixin.py:137} INFO - [2024-09-24T16:14:49.543+0000] {dag.py:2705} INFO - Sync 1 DAGs
[2024-09-24T16:14:49.565+0000] {logging_mixin.py:137} INFO - [2024-09-24T16:14:49.565+0000] {dag.py:3452} INFO - Setting next_dagrun for example_time_delta_sensor_async to None, run_after=None
[2024-09-24T16:14:49.592+0000] {processor.py:175} INFO - Processing /usr/local/lib/python3.9/site-packages/airflow/example_dags/example_time_delta_sensor_async.py took 0.103 seconds
[2024-09-24T16:15:21.117+0000] {processor.py:153} INFO - Started process (PID=1324) to work on /usr/local/lib/python3.9/site-packages/airflow/example_dags/example_time_delta_sensor_async.py
[2024-09-24T16:15:21.133+0000] {processor.py:743} INFO - Processing file /usr/local/lib/python3.9/site-packages/airflow/example_dags/example_time_delta_sensor_async.py for tasks to queue
[2024-09-24T16:15:21.134+0000] {logging_mixin.py:137} INFO - [2024-09-24T16:15:21.134+0000] {dagbag.py:532} INFO - Filling up the DagBag from /usr/local/lib/python3.9/site-packages/airflow/example_dags/example_time_delta_sensor_async.py
[2024-09-24T16:15:21.170+0000] {processor.py:753} INFO - DAG(s) dict_keys(['example_time_delta_sensor_async']) retrieved from /usr/local/lib/python3.9/site-packages/airflow/example_dags/example_time_delta_sensor_async.py
[2024-09-24T16:15:21.217+0000] {logging_mixin.py:137} INFO - [2024-09-24T16:15:21.217+0000] {dag.py:2705} INFO - Sync 1 DAGs
[2024-09-24T16:15:21.239+0000] {logging_mixin.py:137} INFO - [2024-09-24T16:15:21.238+0000] {dag.py:3452} INFO - Setting next_dagrun for example_time_delta_sensor_async to None, run_after=None
[2024-09-24T16:15:21.256+0000] {processor.py:175} INFO - Processing /usr/local/lib/python3.9/site-packages/airflow/example_dags/example_time_delta_sensor_async.py took 0.144 seconds
[2024-09-24T16:15:51.382+0000] {processor.py:153} INFO - Started process (PID=1530) to work on /usr/local/lib/python3.9/site-packages/airflow/example_dags/example_time_delta_sensor_async.py
[2024-09-24T16:15:51.396+0000] {processor.py:743} INFO - Processing file /usr/local/lib/python3.9/site-packages/airflow/example_dags/example_time_delta_sensor_async.py for tasks to queue
[2024-09-24T16:15:51.397+0000] {logging_mixin.py:137} INFO - [2024-09-24T16:15:51.397+0000] {dagbag.py:532} INFO - Filling up the DagBag from /usr/local/lib/python3.9/site-packages/airflow/example_dags/example_time_delta_sensor_async.py
[2024-09-24T16:15:51.443+0000] {processor.py:753} INFO - DAG(s) dict_keys(['example_time_delta_sensor_async']) retrieved from /usr/local/lib/python3.9/site-packages/airflow/example_dags/example_time_delta_sensor_async.py
[2024-09-24T16:15:51.502+0000] {logging_mixin.py:137} INFO - [2024-09-24T16:15:51.501+0000] {dag.py:2705} INFO - Sync 1 DAGs
[2024-09-24T16:15:51.520+0000] {logging_mixin.py:137} INFO - [2024-09-24T16:15:51.520+0000] {dag.py:3452} INFO - Setting next_dagrun for example_time_delta_sensor_async to None, run_after=None
[2024-09-24T16:15:51.595+0000] {processor.py:175} INFO - Processing /usr/local/lib/python3.9/site-packages/airflow/example_dags/example_time_delta_sensor_async.py took 0.216 seconds
[2024-09-24T16:16:21.870+0000] {processor.py:153} INFO - Started process (PID=1736) to work on /usr/local/lib/python3.9/site-packages/airflow/example_dags/example_time_delta_sensor_async.py
[2024-09-24T16:16:21.873+0000] {processor.py:743} INFO - Processing file /usr/local/lib/python3.9/site-packages/airflow/example_dags/example_time_delta_sensor_async.py for tasks to queue
[2024-09-24T16:16:21.875+0000] {logging_mixin.py:137} INFO - [2024-09-24T16:16:21.875+0000] {dagbag.py:532} INFO - Filling up the DagBag from /usr/local/lib/python3.9/site-packages/airflow/example_dags/example_time_delta_sensor_async.py
[2024-09-24T16:16:21.885+0000] {processor.py:753} INFO - DAG(s) dict_keys(['example_time_delta_sensor_async']) retrieved from /usr/local/lib/python3.9/site-packages/airflow/example_dags/example_time_delta_sensor_async.py
[2024-09-24T16:16:21.904+0000] {logging_mixin.py:137} INFO - [2024-09-24T16:16:21.904+0000] {dag.py:2705} INFO - Sync 1 DAGs
[2024-09-24T16:16:21.918+0000] {logging_mixin.py:137} INFO - [2024-09-24T16:16:21.917+0000] {dag.py:3452} INFO - Setting next_dagrun for example_time_delta_sensor_async to None, run_after=None
[2024-09-24T16:16:21.929+0000] {processor.py:175} INFO - Processing /usr/local/lib/python3.9/site-packages/airflow/example_dags/example_time_delta_sensor_async.py took 0.062 seconds
[2024-09-24T16:16:52.114+0000] {processor.py:153} INFO - Started process (PID=1947) to work on /usr/local/lib/python3.9/site-packages/airflow/example_dags/example_time_delta_sensor_async.py
[2024-09-24T16:16:52.116+0000] {processor.py:743} INFO - Processing file /usr/local/lib/python3.9/site-packages/airflow/example_dags/example_time_delta_sensor_async.py for tasks to queue
[2024-09-24T16:16:52.119+0000] {logging_mixin.py:137} INFO - [2024-09-24T16:16:52.119+0000] {dagbag.py:532} INFO - Filling up the DagBag from /usr/local/lib/python3.9/site-packages/airflow/example_dags/example_time_delta_sensor_async.py
[2024-09-24T16:16:52.129+0000] {processor.py:753} INFO - DAG(s) dict_keys(['example_time_delta_sensor_async']) retrieved from /usr/local/lib/python3.9/site-packages/airflow/example_dags/example_time_delta_sensor_async.py
[2024-09-24T16:16:52.149+0000] {logging_mixin.py:137} INFO - [2024-09-24T16:16:52.149+0000] {dag.py:2705} INFO - Sync 1 DAGs
[2024-09-24T16:16:52.161+0000] {logging_mixin.py:137} INFO - [2024-09-24T16:16:52.161+0000] {dag.py:3452} INFO - Setting next_dagrun for example_time_delta_sensor_async to None, run_after=None
[2024-09-24T16:16:52.628+0000] {processor.py:175} INFO - Processing /usr/local/lib/python3.9/site-packages/airflow/example_dags/example_time_delta_sensor_async.py took 0.517 seconds
[2024-09-24T16:17:22.763+0000] {processor.py:153} INFO - Started process (PID=2158) to work on /usr/local/lib/python3.9/site-packages/airflow/example_dags/example_time_delta_sensor_async.py
[2024-09-24T16:17:22.765+0000] {processor.py:743} INFO - Processing file /usr/local/lib/python3.9/site-packages/airflow/example_dags/example_time_delta_sensor_async.py for tasks to queue
[2024-09-24T16:17:22.765+0000] {logging_mixin.py:137} INFO - [2024-09-24T16:17:22.765+0000] {dagbag.py:532} INFO - Filling up the DagBag from /usr/local/lib/python3.9/site-packages/airflow/example_dags/example_time_delta_sensor_async.py
[2024-09-24T16:17:22.770+0000] {processor.py:753} INFO - DAG(s) dict_keys(['example_time_delta_sensor_async']) retrieved from /usr/local/lib/python3.9/site-packages/airflow/example_dags/example_time_delta_sensor_async.py
[2024-09-24T16:17:22.781+0000] {logging_mixin.py:137} INFO - [2024-09-24T16:17:22.781+0000] {dag.py:2705} INFO - Sync 1 DAGs
[2024-09-24T16:17:22.850+0000] {logging_mixin.py:137} INFO - [2024-09-24T16:17:22.850+0000] {dag.py:3452} INFO - Setting next_dagrun for example_time_delta_sensor_async to None, run_after=None
[2024-09-24T16:17:22.859+0000] {processor.py:175} INFO - Processing /usr/local/lib/python3.9/site-packages/airflow/example_dags/example_time_delta_sensor_async.py took 0.098 seconds
[2024-09-24T16:17:53.491+0000] {processor.py:153} INFO - Started process (PID=2369) to work on /usr/local/lib/python3.9/site-packages/airflow/example_dags/example_time_delta_sensor_async.py
[2024-09-24T16:17:53.493+0000] {processor.py:743} INFO - Processing file /usr/local/lib/python3.9/site-packages/airflow/example_dags/example_time_delta_sensor_async.py for tasks to queue
[2024-09-24T16:17:53.497+0000] {logging_mixin.py:137} INFO - [2024-09-24T16:17:53.497+0000] {dagbag.py:532} INFO - Filling up the DagBag from /usr/local/lib/python3.9/site-packages/airflow/example_dags/example_time_delta_sensor_async.py
[2024-09-24T16:17:53.506+0000] {processor.py:753} INFO - DAG(s) dict_keys(['example_time_delta_sensor_async']) retrieved from /usr/local/lib/python3.9/site-packages/airflow/example_dags/example_time_delta_sensor_async.py
[2024-09-24T16:17:53.599+0000] {logging_mixin.py:137} INFO - [2024-09-24T16:17:53.599+0000] {dag.py:2705} INFO - Sync 1 DAGs
[2024-09-24T16:17:53.612+0000] {logging_mixin.py:137} INFO - [2024-09-24T16:17:53.612+0000] {dag.py:3452} INFO - Setting next_dagrun for example_time_delta_sensor_async to None, run_after=None
[2024-09-24T16:17:53.622+0000] {processor.py:175} INFO - Processing /usr/local/lib/python3.9/site-packages/airflow/example_dags/example_time_delta_sensor_async.py took 0.134 seconds
[2024-09-24T17:55:51.302+0000] {processor.py:153} INFO - Started process (PID=265) to work on /usr/local/lib/python3.9/site-packages/airflow/example_dags/example_time_delta_sensor_async.py
[2024-09-24T17:55:51.309+0000] {processor.py:743} INFO - Processing file /usr/local/lib/python3.9/site-packages/airflow/example_dags/example_time_delta_sensor_async.py for tasks to queue
[2024-09-24T17:55:51.318+0000] {logging_mixin.py:137} INFO - [2024-09-24T17:55:51.318+0000] {dagbag.py:532} INFO - Filling up the DagBag from /usr/local/lib/python3.9/site-packages/airflow/example_dags/example_time_delta_sensor_async.py
[2024-09-24T17:55:51.332+0000] {processor.py:753} INFO - DAG(s) dict_keys(['example_time_delta_sensor_async']) retrieved from /usr/local/lib/python3.9/site-packages/airflow/example_dags/example_time_delta_sensor_async.py
[2024-09-24T17:55:51.342+0000] {logging_mixin.py:137} INFO - [2024-09-24T17:55:51.342+0000] {dag.py:2705} INFO - Sync 1 DAGs
[2024-09-24T17:55:51.352+0000] {logging_mixin.py:137} INFO - [2024-09-24T17:55:51.352+0000] {dag.py:3452} INFO - Setting next_dagrun for example_time_delta_sensor_async to None, run_after=None
[2024-09-24T17:55:51.383+0000] {processor.py:175} INFO - Processing /usr/local/lib/python3.9/site-packages/airflow/example_dags/example_time_delta_sensor_async.py took 0.084 seconds
[2024-09-24T17:56:24.318+0000] {processor.py:153} INFO - Started process (PID=482) to work on /usr/local/lib/python3.9/site-packages/airflow/example_dags/example_time_delta_sensor_async.py
[2024-09-24T17:56:24.320+0000] {processor.py:743} INFO - Processing file /usr/local/lib/python3.9/site-packages/airflow/example_dags/example_time_delta_sensor_async.py for tasks to queue
[2024-09-24T17:56:24.324+0000] {logging_mixin.py:137} INFO - [2024-09-24T17:56:24.323+0000] {dagbag.py:532} INFO - Filling up the DagBag from /usr/local/lib/python3.9/site-packages/airflow/example_dags/example_time_delta_sensor_async.py
[2024-09-24T17:56:24.353+0000] {processor.py:753} INFO - DAG(s) dict_keys(['example_time_delta_sensor_async']) retrieved from /usr/local/lib/python3.9/site-packages/airflow/example_dags/example_time_delta_sensor_async.py
[2024-09-24T17:56:24.442+0000] {logging_mixin.py:137} INFO - [2024-09-24T17:56:24.439+0000] {dag.py:2705} INFO - Sync 1 DAGs
[2024-09-24T17:56:24.513+0000] {logging_mixin.py:137} INFO - [2024-09-24T17:56:24.513+0000] {dag.py:3452} INFO - Setting next_dagrun for example_time_delta_sensor_async to None, run_after=None
[2024-09-24T17:56:24.539+0000] {processor.py:175} INFO - Processing /usr/local/lib/python3.9/site-packages/airflow/example_dags/example_time_delta_sensor_async.py took 0.224 seconds
[2024-09-24T18:44:46.058+0000] {processor.py:153} INFO - Started process (PID=270) to work on /usr/local/lib/python3.9/site-packages/airflow/example_dags/example_time_delta_sensor_async.py
[2024-09-24T18:44:46.059+0000] {processor.py:743} INFO - Processing file /usr/local/lib/python3.9/site-packages/airflow/example_dags/example_time_delta_sensor_async.py for tasks to queue
[2024-09-24T18:44:46.061+0000] {logging_mixin.py:137} INFO - [2024-09-24T18:44:46.061+0000] {dagbag.py:532} INFO - Filling up the DagBag from /usr/local/lib/python3.9/site-packages/airflow/example_dags/example_time_delta_sensor_async.py
[2024-09-24T18:44:46.083+0000] {processor.py:753} INFO - DAG(s) dict_keys(['example_time_delta_sensor_async']) retrieved from /usr/local/lib/python3.9/site-packages/airflow/example_dags/example_time_delta_sensor_async.py
[2024-09-24T18:44:46.172+0000] {logging_mixin.py:137} INFO - [2024-09-24T18:44:46.171+0000] {manager.py:504} INFO - Created Permission View: can read on DAG:example_time_delta_sensor_async
[2024-09-24T18:44:46.181+0000] {logging_mixin.py:137} INFO - [2024-09-24T18:44:46.180+0000] {manager.py:504} INFO - Created Permission View: can edit on DAG:example_time_delta_sensor_async
[2024-09-24T18:44:46.185+0000] {logging_mixin.py:137} INFO - [2024-09-24T18:44:46.184+0000] {manager.py:504} INFO - Created Permission View: can delete on DAG:example_time_delta_sensor_async
[2024-09-24T18:44:46.185+0000] {logging_mixin.py:137} INFO - [2024-09-24T18:44:46.185+0000] {dag.py:2705} INFO - Sync 1 DAGs
[2024-09-24T18:44:46.191+0000] {logging_mixin.py:137} INFO - [2024-09-24T18:44:46.191+0000] {dag.py:2726} INFO - Creating ORM DAG for example_time_delta_sensor_async
[2024-09-24T18:44:46.196+0000] {logging_mixin.py:137} INFO - [2024-09-24T18:44:46.196+0000] {dag.py:3452} INFO - Setting next_dagrun for example_time_delta_sensor_async to None, run_after=None
[2024-09-24T18:44:46.205+0000] {processor.py:175} INFO - Processing /usr/local/lib/python3.9/site-packages/airflow/example_dags/example_time_delta_sensor_async.py took 0.149 seconds
[2024-09-24T18:45:16.595+0000] {processor.py:153} INFO - Started process (PID=485) to work on /usr/local/lib/python3.9/site-packages/airflow/example_dags/example_time_delta_sensor_async.py
[2024-09-24T18:45:16.602+0000] {processor.py:743} INFO - Processing file /usr/local/lib/python3.9/site-packages/airflow/example_dags/example_time_delta_sensor_async.py for tasks to queue
[2024-09-24T18:45:16.604+0000] {logging_mixin.py:137} INFO - [2024-09-24T18:45:16.604+0000] {dagbag.py:532} INFO - Filling up the DagBag from /usr/local/lib/python3.9/site-packages/airflow/example_dags/example_time_delta_sensor_async.py
[2024-09-24T18:45:16.614+0000] {processor.py:753} INFO - DAG(s) dict_keys(['example_time_delta_sensor_async']) retrieved from /usr/local/lib/python3.9/site-packages/airflow/example_dags/example_time_delta_sensor_async.py
[2024-09-24T18:45:16.627+0000] {logging_mixin.py:137} INFO - [2024-09-24T18:45:16.627+0000] {dag.py:2705} INFO - Sync 1 DAGs
[2024-09-24T18:45:16.638+0000] {logging_mixin.py:137} INFO - [2024-09-24T18:45:16.638+0000] {dag.py:3452} INFO - Setting next_dagrun for example_time_delta_sensor_async to None, run_after=None
[2024-09-24T18:45:16.648+0000] {processor.py:175} INFO - Processing /usr/local/lib/python3.9/site-packages/airflow/example_dags/example_time_delta_sensor_async.py took 0.056 seconds
[2024-09-24T18:45:47.377+0000] {processor.py:153} INFO - Started process (PID=696) to work on /usr/local/lib/python3.9/site-packages/airflow/example_dags/example_time_delta_sensor_async.py
[2024-09-24T18:45:47.378+0000] {processor.py:743} INFO - Processing file /usr/local/lib/python3.9/site-packages/airflow/example_dags/example_time_delta_sensor_async.py for tasks to queue
[2024-09-24T18:45:47.378+0000] {logging_mixin.py:137} INFO - [2024-09-24T18:45:47.378+0000] {dagbag.py:532} INFO - Filling up the DagBag from /usr/local/lib/python3.9/site-packages/airflow/example_dags/example_time_delta_sensor_async.py
[2024-09-24T18:45:47.384+0000] {processor.py:753} INFO - DAG(s) dict_keys(['example_time_delta_sensor_async']) retrieved from /usr/local/lib/python3.9/site-packages/airflow/example_dags/example_time_delta_sensor_async.py
[2024-09-24T18:45:47.394+0000] {logging_mixin.py:137} INFO - [2024-09-24T18:45:47.394+0000] {dag.py:2705} INFO - Sync 1 DAGs
[2024-09-24T18:45:47.404+0000] {logging_mixin.py:137} INFO - [2024-09-24T18:45:47.404+0000] {dag.py:3452} INFO - Setting next_dagrun for example_time_delta_sensor_async to None, run_after=None
[2024-09-24T18:45:47.453+0000] {processor.py:175} INFO - Processing /usr/local/lib/python3.9/site-packages/airflow/example_dags/example_time_delta_sensor_async.py took 0.078 seconds
[2024-09-24T18:46:17.946+0000] {processor.py:153} INFO - Started process (PID=907) to work on /usr/local/lib/python3.9/site-packages/airflow/example_dags/example_time_delta_sensor_async.py
[2024-09-24T18:46:17.949+0000] {processor.py:743} INFO - Processing file /usr/local/lib/python3.9/site-packages/airflow/example_dags/example_time_delta_sensor_async.py for tasks to queue
[2024-09-24T18:46:17.950+0000] {logging_mixin.py:137} INFO - [2024-09-24T18:46:17.950+0000] {dagbag.py:532} INFO - Filling up the DagBag from /usr/local/lib/python3.9/site-packages/airflow/example_dags/example_time_delta_sensor_async.py
[2024-09-24T18:46:17.959+0000] {processor.py:753} INFO - DAG(s) dict_keys(['example_time_delta_sensor_async']) retrieved from /usr/local/lib/python3.9/site-packages/airflow/example_dags/example_time_delta_sensor_async.py
[2024-09-24T18:46:17.981+0000] {logging_mixin.py:137} INFO - [2024-09-24T18:46:17.981+0000] {dag.py:2705} INFO - Sync 1 DAGs
[2024-09-24T18:46:18.003+0000] {logging_mixin.py:137} INFO - [2024-09-24T18:46:18.003+0000] {dag.py:3452} INFO - Setting next_dagrun for example_time_delta_sensor_async to None, run_after=None
[2024-09-24T18:46:18.014+0000] {processor.py:175} INFO - Processing /usr/local/lib/python3.9/site-packages/airflow/example_dags/example_time_delta_sensor_async.py took 0.070 seconds
[2024-09-24T18:46:50.705+0000] {processor.py:153} INFO - Started process (PID=1117) to work on /usr/local/lib/python3.9/site-packages/airflow/example_dags/example_time_delta_sensor_async.py
[2024-09-24T18:46:50.710+0000] {processor.py:743} INFO - Processing file /usr/local/lib/python3.9/site-packages/airflow/example_dags/example_time_delta_sensor_async.py for tasks to queue
[2024-09-24T18:46:50.710+0000] {logging_mixin.py:137} INFO - [2024-09-24T18:46:50.710+0000] {dagbag.py:532} INFO - Filling up the DagBag from /usr/local/lib/python3.9/site-packages/airflow/example_dags/example_time_delta_sensor_async.py
[2024-09-24T18:46:50.752+0000] {processor.py:753} INFO - DAG(s) dict_keys(['example_time_delta_sensor_async']) retrieved from /usr/local/lib/python3.9/site-packages/airflow/example_dags/example_time_delta_sensor_async.py
[2024-09-24T18:46:50.805+0000] {logging_mixin.py:137} INFO - [2024-09-24T18:46:50.805+0000] {dag.py:2705} INFO - Sync 1 DAGs
[2024-09-24T18:46:50.824+0000] {logging_mixin.py:137} INFO - [2024-09-24T18:46:50.824+0000] {dag.py:3452} INFO - Setting next_dagrun for example_time_delta_sensor_async to None, run_after=None
[2024-09-24T18:46:50.847+0000] {processor.py:175} INFO - Processing /usr/local/lib/python3.9/site-packages/airflow/example_dags/example_time_delta_sensor_async.py took 0.147 seconds
[2024-09-24T18:47:23.331+0000] {processor.py:153} INFO - Started process (PID=1328) to work on /usr/local/lib/python3.9/site-packages/airflow/example_dags/example_time_delta_sensor_async.py
[2024-09-24T18:47:23.334+0000] {processor.py:743} INFO - Processing file /usr/local/lib/python3.9/site-packages/airflow/example_dags/example_time_delta_sensor_async.py for tasks to queue
[2024-09-24T18:47:23.334+0000] {logging_mixin.py:137} INFO - [2024-09-24T18:47:23.334+0000] {dagbag.py:532} INFO - Filling up the DagBag from /usr/local/lib/python3.9/site-packages/airflow/example_dags/example_time_delta_sensor_async.py
[2024-09-24T18:47:23.345+0000] {processor.py:753} INFO - DAG(s) dict_keys(['example_time_delta_sensor_async']) retrieved from /usr/local/lib/python3.9/site-packages/airflow/example_dags/example_time_delta_sensor_async.py
[2024-09-24T18:47:23.361+0000] {logging_mixin.py:137} INFO - [2024-09-24T18:47:23.361+0000] {dag.py:2705} INFO - Sync 1 DAGs
[2024-09-24T18:47:23.372+0000] {logging_mixin.py:137} INFO - [2024-09-24T18:47:23.372+0000] {dag.py:3452} INFO - Setting next_dagrun for example_time_delta_sensor_async to None, run_after=None
[2024-09-24T18:47:23.383+0000] {processor.py:175} INFO - Processing /usr/local/lib/python3.9/site-packages/airflow/example_dags/example_time_delta_sensor_async.py took 0.054 seconds
[2024-09-24T18:47:54.635+0000] {processor.py:153} INFO - Started process (PID=1534) to work on /usr/local/lib/python3.9/site-packages/airflow/example_dags/example_time_delta_sensor_async.py
[2024-09-24T18:47:54.636+0000] {processor.py:743} INFO - Processing file /usr/local/lib/python3.9/site-packages/airflow/example_dags/example_time_delta_sensor_async.py for tasks to queue
[2024-09-24T18:47:54.636+0000] {logging_mixin.py:137} INFO - [2024-09-24T18:47:54.636+0000] {dagbag.py:532} INFO - Filling up the DagBag from /usr/local/lib/python3.9/site-packages/airflow/example_dags/example_time_delta_sensor_async.py
[2024-09-24T18:47:54.647+0000] {processor.py:753} INFO - DAG(s) dict_keys(['example_time_delta_sensor_async']) retrieved from /usr/local/lib/python3.9/site-packages/airflow/example_dags/example_time_delta_sensor_async.py
[2024-09-24T18:47:54.664+0000] {logging_mixin.py:137} INFO - [2024-09-24T18:47:54.664+0000] {dag.py:2705} INFO - Sync 1 DAGs
[2024-09-24T18:47:54.673+0000] {logging_mixin.py:137} INFO - [2024-09-24T18:47:54.673+0000] {dag.py:3452} INFO - Setting next_dagrun for example_time_delta_sensor_async to None, run_after=None
[2024-09-24T18:47:54.689+0000] {processor.py:175} INFO - Processing /usr/local/lib/python3.9/site-packages/airflow/example_dags/example_time_delta_sensor_async.py took 0.056 seconds
[2024-09-24T18:48:30.099+0000] {processor.py:153} INFO - Started process (PID=1745) to work on /usr/local/lib/python3.9/site-packages/airflow/example_dags/example_time_delta_sensor_async.py
[2024-09-24T18:48:30.100+0000] {processor.py:743} INFO - Processing file /usr/local/lib/python3.9/site-packages/airflow/example_dags/example_time_delta_sensor_async.py for tasks to queue
[2024-09-24T18:48:30.101+0000] {logging_mixin.py:137} INFO - [2024-09-24T18:48:30.101+0000] {dagbag.py:532} INFO - Filling up the DagBag from /usr/local/lib/python3.9/site-packages/airflow/example_dags/example_time_delta_sensor_async.py
[2024-09-24T18:48:30.126+0000] {processor.py:753} INFO - DAG(s) dict_keys(['example_time_delta_sensor_async']) retrieved from /usr/local/lib/python3.9/site-packages/airflow/example_dags/example_time_delta_sensor_async.py
[2024-09-24T18:48:30.147+0000] {logging_mixin.py:137} INFO - [2024-09-24T18:48:30.147+0000] {dag.py:2705} INFO - Sync 1 DAGs
[2024-09-24T18:48:30.165+0000] {logging_mixin.py:137} INFO - [2024-09-24T18:48:30.165+0000] {dag.py:3452} INFO - Setting next_dagrun for example_time_delta_sensor_async to None, run_after=None
[2024-09-24T18:48:30.174+0000] {processor.py:175} INFO - Processing /usr/local/lib/python3.9/site-packages/airflow/example_dags/example_time_delta_sensor_async.py took 0.077 seconds
[2024-09-24T18:49:00.412+0000] {processor.py:153} INFO - Started process (PID=1956) to work on /usr/local/lib/python3.9/site-packages/airflow/example_dags/example_time_delta_sensor_async.py
[2024-09-24T18:49:00.414+0000] {processor.py:743} INFO - Processing file /usr/local/lib/python3.9/site-packages/airflow/example_dags/example_time_delta_sensor_async.py for tasks to queue
[2024-09-24T18:49:00.414+0000] {logging_mixin.py:137} INFO - [2024-09-24T18:49:00.414+0000] {dagbag.py:532} INFO - Filling up the DagBag from /usr/local/lib/python3.9/site-packages/airflow/example_dags/example_time_delta_sensor_async.py
[2024-09-24T18:49:00.425+0000] {processor.py:753} INFO - DAG(s) dict_keys(['example_time_delta_sensor_async']) retrieved from /usr/local/lib/python3.9/site-packages/airflow/example_dags/example_time_delta_sensor_async.py
[2024-09-24T18:49:00.437+0000] {logging_mixin.py:137} INFO - [2024-09-24T18:49:00.437+0000] {dag.py:2705} INFO - Sync 1 DAGs
[2024-09-24T18:49:00.448+0000] {logging_mixin.py:137} INFO - [2024-09-24T18:49:00.448+0000] {dag.py:3452} INFO - Setting next_dagrun for example_time_delta_sensor_async to None, run_after=None
[2024-09-24T18:49:00.504+0000] {processor.py:175} INFO - Processing /usr/local/lib/python3.9/site-packages/airflow/example_dags/example_time_delta_sensor_async.py took 0.094 seconds
[2024-09-24T18:49:31.116+0000] {processor.py:153} INFO - Started process (PID=2167) to work on /usr/local/lib/python3.9/site-packages/airflow/example_dags/example_time_delta_sensor_async.py
[2024-09-24T18:49:31.116+0000] {processor.py:743} INFO - Processing file /usr/local/lib/python3.9/site-packages/airflow/example_dags/example_time_delta_sensor_async.py for tasks to queue
[2024-09-24T18:49:31.116+0000] {logging_mixin.py:137} INFO - [2024-09-24T18:49:31.116+0000] {dagbag.py:532} INFO - Filling up the DagBag from /usr/local/lib/python3.9/site-packages/airflow/example_dags/example_time_delta_sensor_async.py
[2024-09-24T18:49:31.122+0000] {processor.py:753} INFO - DAG(s) dict_keys(['example_time_delta_sensor_async']) retrieved from /usr/local/lib/python3.9/site-packages/airflow/example_dags/example_time_delta_sensor_async.py
[2024-09-24T18:49:31.132+0000] {logging_mixin.py:137} INFO - [2024-09-24T18:49:31.132+0000] {dag.py:2705} INFO - Sync 1 DAGs
[2024-09-24T18:49:31.197+0000] {logging_mixin.py:137} INFO - [2024-09-24T18:49:31.197+0000] {dag.py:3452} INFO - Setting next_dagrun for example_time_delta_sensor_async to None, run_after=None
[2024-09-24T18:49:31.203+0000] {processor.py:175} INFO - Processing /usr/local/lib/python3.9/site-packages/airflow/example_dags/example_time_delta_sensor_async.py took 0.089 seconds
[2024-09-24T18:50:01.687+0000] {processor.py:153} INFO - Started process (PID=2378) to work on /usr/local/lib/python3.9/site-packages/airflow/example_dags/example_time_delta_sensor_async.py
[2024-09-24T18:50:01.688+0000] {processor.py:743} INFO - Processing file /usr/local/lib/python3.9/site-packages/airflow/example_dags/example_time_delta_sensor_async.py for tasks to queue
[2024-09-24T18:50:01.688+0000] {logging_mixin.py:137} INFO - [2024-09-24T18:50:01.688+0000] {dagbag.py:532} INFO - Filling up the DagBag from /usr/local/lib/python3.9/site-packages/airflow/example_dags/example_time_delta_sensor_async.py
[2024-09-24T18:50:01.754+0000] {processor.py:753} INFO - DAG(s) dict_keys(['example_time_delta_sensor_async']) retrieved from /usr/local/lib/python3.9/site-packages/airflow/example_dags/example_time_delta_sensor_async.py
[2024-09-24T18:50:01.763+0000] {logging_mixin.py:137} INFO - [2024-09-24T18:50:01.763+0000] {dag.py:2705} INFO - Sync 1 DAGs
[2024-09-24T18:50:01.772+0000] {logging_mixin.py:137} INFO - [2024-09-24T18:50:01.772+0000] {dag.py:3452} INFO - Setting next_dagrun for example_time_delta_sensor_async to None, run_after=None
[2024-09-24T18:50:01.780+0000] {processor.py:175} INFO - Processing /usr/local/lib/python3.9/site-packages/airflow/example_dags/example_time_delta_sensor_async.py took 0.095 seconds
[2024-09-24T18:50:32.656+0000] {processor.py:153} INFO - Started process (PID=2589) to work on /usr/local/lib/python3.9/site-packages/airflow/example_dags/example_time_delta_sensor_async.py
[2024-09-24T18:50:32.660+0000] {processor.py:743} INFO - Processing file /usr/local/lib/python3.9/site-packages/airflow/example_dags/example_time_delta_sensor_async.py for tasks to queue
[2024-09-24T18:50:32.660+0000] {logging_mixin.py:137} INFO - [2024-09-24T18:50:32.660+0000] {dagbag.py:532} INFO - Filling up the DagBag from /usr/local/lib/python3.9/site-packages/airflow/example_dags/example_time_delta_sensor_async.py
[2024-09-24T18:50:32.665+0000] {processor.py:753} INFO - DAG(s) dict_keys(['example_time_delta_sensor_async']) retrieved from /usr/local/lib/python3.9/site-packages/airflow/example_dags/example_time_delta_sensor_async.py
[2024-09-24T18:50:32.675+0000] {logging_mixin.py:137} INFO - [2024-09-24T18:50:32.675+0000] {dag.py:2705} INFO - Sync 1 DAGs
[2024-09-24T18:50:32.685+0000] {logging_mixin.py:137} INFO - [2024-09-24T18:50:32.685+0000] {dag.py:3452} INFO - Setting next_dagrun for example_time_delta_sensor_async to None, run_after=None
[2024-09-24T18:50:32.693+0000] {processor.py:175} INFO - Processing /usr/local/lib/python3.9/site-packages/airflow/example_dags/example_time_delta_sensor_async.py took 0.039 seconds
[2024-09-24T18:51:04.236+0000] {processor.py:153} INFO - Started process (PID=2800) to work on /usr/local/lib/python3.9/site-packages/airflow/example_dags/example_time_delta_sensor_async.py
[2024-09-24T18:51:04.237+0000] {processor.py:743} INFO - Processing file /usr/local/lib/python3.9/site-packages/airflow/example_dags/example_time_delta_sensor_async.py for tasks to queue
[2024-09-24T18:51:04.238+0000] {logging_mixin.py:137} INFO - [2024-09-24T18:51:04.238+0000] {dagbag.py:532} INFO - Filling up the DagBag from /usr/local/lib/python3.9/site-packages/airflow/example_dags/example_time_delta_sensor_async.py
[2024-09-24T18:51:04.274+0000] {processor.py:753} INFO - DAG(s) dict_keys(['example_time_delta_sensor_async']) retrieved from /usr/local/lib/python3.9/site-packages/airflow/example_dags/example_time_delta_sensor_async.py
[2024-09-24T18:51:04.340+0000] {logging_mixin.py:137} INFO - [2024-09-24T18:51:04.340+0000] {dag.py:2705} INFO - Sync 1 DAGs
[2024-09-24T18:51:04.400+0000] {logging_mixin.py:137} INFO - [2024-09-24T18:51:04.400+0000] {dag.py:3452} INFO - Setting next_dagrun for example_time_delta_sensor_async to None, run_after=None
[2024-09-24T18:51:04.449+0000] {processor.py:175} INFO - Processing /usr/local/lib/python3.9/site-packages/airflow/example_dags/example_time_delta_sensor_async.py took 0.220 seconds
[2024-09-24T18:51:35.158+0000] {processor.py:153} INFO - Started process (PID=3013) to work on /usr/local/lib/python3.9/site-packages/airflow/example_dags/example_time_delta_sensor_async.py
[2024-09-24T18:51:35.159+0000] {processor.py:743} INFO - Processing file /usr/local/lib/python3.9/site-packages/airflow/example_dags/example_time_delta_sensor_async.py for tasks to queue
[2024-09-24T18:51:35.160+0000] {logging_mixin.py:137} INFO - [2024-09-24T18:51:35.160+0000] {dagbag.py:532} INFO - Filling up the DagBag from /usr/local/lib/python3.9/site-packages/airflow/example_dags/example_time_delta_sensor_async.py
[2024-09-24T18:51:35.166+0000] {processor.py:753} INFO - DAG(s) dict_keys(['example_time_delta_sensor_async']) retrieved from /usr/local/lib/python3.9/site-packages/airflow/example_dags/example_time_delta_sensor_async.py
[2024-09-24T18:51:35.178+0000] {logging_mixin.py:137} INFO - [2024-09-24T18:51:35.178+0000] {dag.py:2705} INFO - Sync 1 DAGs
[2024-09-24T18:51:35.191+0000] {logging_mixin.py:137} INFO - [2024-09-24T18:51:35.191+0000] {dag.py:3452} INFO - Setting next_dagrun for example_time_delta_sensor_async to None, run_after=None
[2024-09-24T18:51:35.198+0000] {processor.py:175} INFO - Processing /usr/local/lib/python3.9/site-packages/airflow/example_dags/example_time_delta_sensor_async.py took 0.042 seconds
[2024-09-24T18:52:06.164+0000] {processor.py:153} INFO - Started process (PID=3222) to work on /usr/local/lib/python3.9/site-packages/airflow/example_dags/example_time_delta_sensor_async.py
[2024-09-24T18:52:06.165+0000] {processor.py:743} INFO - Processing file /usr/local/lib/python3.9/site-packages/airflow/example_dags/example_time_delta_sensor_async.py for tasks to queue
[2024-09-24T18:52:06.165+0000] {logging_mixin.py:137} INFO - [2024-09-24T18:52:06.165+0000] {dagbag.py:532} INFO - Filling up the DagBag from /usr/local/lib/python3.9/site-packages/airflow/example_dags/example_time_delta_sensor_async.py
[2024-09-24T18:52:06.171+0000] {processor.py:753} INFO - DAG(s) dict_keys(['example_time_delta_sensor_async']) retrieved from /usr/local/lib/python3.9/site-packages/airflow/example_dags/example_time_delta_sensor_async.py
[2024-09-24T18:52:06.180+0000] {logging_mixin.py:137} INFO - [2024-09-24T18:52:06.180+0000] {dag.py:2705} INFO - Sync 1 DAGs
[2024-09-24T18:52:06.188+0000] {logging_mixin.py:137} INFO - [2024-09-24T18:52:06.188+0000] {dag.py:3452} INFO - Setting next_dagrun for example_time_delta_sensor_async to None, run_after=None
[2024-09-24T18:52:06.196+0000] {processor.py:175} INFO - Processing /usr/local/lib/python3.9/site-packages/airflow/example_dags/example_time_delta_sensor_async.py took 0.035 seconds
[2024-09-24T18:52:36.896+0000] {processor.py:153} INFO - Started process (PID=3433) to work on /usr/local/lib/python3.9/site-packages/airflow/example_dags/example_time_delta_sensor_async.py
[2024-09-24T18:52:36.896+0000] {processor.py:743} INFO - Processing file /usr/local/lib/python3.9/site-packages/airflow/example_dags/example_time_delta_sensor_async.py for tasks to queue
[2024-09-24T18:52:36.897+0000] {logging_mixin.py:137} INFO - [2024-09-24T18:52:36.896+0000] {dagbag.py:532} INFO - Filling up the DagBag from /usr/local/lib/python3.9/site-packages/airflow/example_dags/example_time_delta_sensor_async.py
[2024-09-24T18:52:36.902+0000] {processor.py:753} INFO - DAG(s) dict_keys(['example_time_delta_sensor_async']) retrieved from /usr/local/lib/python3.9/site-packages/airflow/example_dags/example_time_delta_sensor_async.py
[2024-09-24T18:52:36.915+0000] {logging_mixin.py:137} INFO - [2024-09-24T18:52:36.915+0000] {dag.py:2705} INFO - Sync 1 DAGs
[2024-09-24T18:52:36.924+0000] {logging_mixin.py:137} INFO - [2024-09-24T18:52:36.924+0000] {dag.py:3452} INFO - Setting next_dagrun for example_time_delta_sensor_async to None, run_after=None
[2024-09-24T18:52:36.930+0000] {processor.py:175} INFO - Processing /usr/local/lib/python3.9/site-packages/airflow/example_dags/example_time_delta_sensor_async.py took 0.036 seconds
[2024-09-24T18:53:07.256+0000] {processor.py:153} INFO - Started process (PID=3644) to work on /usr/local/lib/python3.9/site-packages/airflow/example_dags/example_time_delta_sensor_async.py
[2024-09-24T18:53:07.257+0000] {processor.py:743} INFO - Processing file /usr/local/lib/python3.9/site-packages/airflow/example_dags/example_time_delta_sensor_async.py for tasks to queue
[2024-09-24T18:53:07.257+0000] {logging_mixin.py:137} INFO - [2024-09-24T18:53:07.257+0000] {dagbag.py:532} INFO - Filling up the DagBag from /usr/local/lib/python3.9/site-packages/airflow/example_dags/example_time_delta_sensor_async.py
[2024-09-24T18:53:07.263+0000] {processor.py:753} INFO - DAG(s) dict_keys(['example_time_delta_sensor_async']) retrieved from /usr/local/lib/python3.9/site-packages/airflow/example_dags/example_time_delta_sensor_async.py
[2024-09-24T18:53:07.278+0000] {logging_mixin.py:137} INFO - [2024-09-24T18:53:07.278+0000] {dag.py:2705} INFO - Sync 1 DAGs
[2024-09-24T18:53:07.301+0000] {logging_mixin.py:137} INFO - [2024-09-24T18:53:07.301+0000] {dag.py:3452} INFO - Setting next_dagrun for example_time_delta_sensor_async to None, run_after=None
[2024-09-24T18:53:07.328+0000] {processor.py:175} INFO - Processing /usr/local/lib/python3.9/site-packages/airflow/example_dags/example_time_delta_sensor_async.py took 0.076 seconds
