[2024-09-24T15:58:43.824+0000] {processor.py:153} INFO - Started process (PID=314) to work on /usr/local/lib/python3.9/site-packages/airflow/example_dags/example_branch_labels.py
[2024-09-24T15:58:43.825+0000] {processor.py:743} INFO - Processing file /usr/local/lib/python3.9/site-packages/airflow/example_dags/example_branch_labels.py for tasks to queue
[2024-09-24T15:58:43.826+0000] {logging_mixin.py:137} INFO - [2024-09-24T15:58:43.825+0000] {dagbag.py:532} INFO - Filling up the DagBag from /usr/local/lib/python3.9/site-packages/airflow/example_dags/example_branch_labels.py
[2024-09-24T15:58:43.834+0000] {processor.py:753} INFO - DAG(s) dict_keys(['example_branch_labels']) retrieved from /usr/local/lib/python3.9/site-packages/airflow/example_dags/example_branch_labels.py
[2024-09-24T15:58:43.896+0000] {logging_mixin.py:137} INFO - [2024-09-24T15:58:43.895+0000] {manager.py:504} INFO - Created Permission View: can delete on DAG:example_branch_labels
[2024-09-24T15:58:43.903+0000] {logging_mixin.py:137} INFO - [2024-09-24T15:58:43.903+0000] {manager.py:504} INFO - Created Permission View: can read on DAG:example_branch_labels
[2024-09-24T15:58:43.906+0000] {logging_mixin.py:137} INFO - [2024-09-24T15:58:43.906+0000] {manager.py:504} INFO - Created Permission View: can edit on DAG:example_branch_labels
[2024-09-24T15:58:43.906+0000] {logging_mixin.py:137} INFO - [2024-09-24T15:58:43.906+0000] {dag.py:2705} INFO - Sync 1 DAGs
[2024-09-24T15:58:43.921+0000] {logging_mixin.py:137} INFO - [2024-09-24T15:58:43.921+0000] {dag.py:2726} INFO - Creating ORM DAG for example_branch_labels
[2024-09-24T15:58:43.931+0000] {logging_mixin.py:137} INFO - [2024-09-24T15:58:43.931+0000] {dag.py:3452} INFO - Setting next_dagrun for example_branch_labels to 2024-09-23T00:00:00+00:00, run_after=2024-09-24T00:00:00+00:00
[2024-09-24T15:58:43.948+0000] {processor.py:175} INFO - Processing /usr/local/lib/python3.9/site-packages/airflow/example_dags/example_branch_labels.py took 0.126 seconds
[2024-09-24T15:59:14.099+0000] {processor.py:153} INFO - Started process (PID=525) to work on /usr/local/lib/python3.9/site-packages/airflow/example_dags/example_branch_labels.py
[2024-09-24T15:59:14.101+0000] {processor.py:743} INFO - Processing file /usr/local/lib/python3.9/site-packages/airflow/example_dags/example_branch_labels.py for tasks to queue
[2024-09-24T15:59:14.101+0000] {logging_mixin.py:137} INFO - [2024-09-24T15:59:14.101+0000] {dagbag.py:532} INFO - Filling up the DagBag from /usr/local/lib/python3.9/site-packages/airflow/example_dags/example_branch_labels.py
[2024-09-24T15:59:14.121+0000] {processor.py:753} INFO - DAG(s) dict_keys(['example_branch_labels']) retrieved from /usr/local/lib/python3.9/site-packages/airflow/example_dags/example_branch_labels.py
[2024-09-24T15:59:14.159+0000] {logging_mixin.py:137} INFO - [2024-09-24T15:59:14.159+0000] {dag.py:2705} INFO - Sync 1 DAGs
[2024-09-24T15:59:14.178+0000] {logging_mixin.py:137} INFO - [2024-09-24T15:59:14.177+0000] {dag.py:3452} INFO - Setting next_dagrun for example_branch_labels to 2024-09-23T00:00:00+00:00, run_after=2024-09-24T00:00:00+00:00
[2024-09-24T15:59:14.199+0000] {processor.py:175} INFO - Processing /usr/local/lib/python3.9/site-packages/airflow/example_dags/example_branch_labels.py took 0.102 seconds
[2024-09-24T15:59:44.464+0000] {processor.py:153} INFO - Started process (PID=730) to work on /usr/local/lib/python3.9/site-packages/airflow/example_dags/example_branch_labels.py
[2024-09-24T15:59:44.468+0000] {processor.py:743} INFO - Processing file /usr/local/lib/python3.9/site-packages/airflow/example_dags/example_branch_labels.py for tasks to queue
[2024-09-24T15:59:44.469+0000] {logging_mixin.py:137} INFO - [2024-09-24T15:59:44.468+0000] {dagbag.py:532} INFO - Filling up the DagBag from /usr/local/lib/python3.9/site-packages/airflow/example_dags/example_branch_labels.py
[2024-09-24T15:59:44.478+0000] {processor.py:753} INFO - DAG(s) dict_keys(['example_branch_labels']) retrieved from /usr/local/lib/python3.9/site-packages/airflow/example_dags/example_branch_labels.py
[2024-09-24T15:59:44.500+0000] {logging_mixin.py:137} INFO - [2024-09-24T15:59:44.500+0000] {dag.py:2705} INFO - Sync 1 DAGs
[2024-09-24T15:59:44.540+0000] {logging_mixin.py:137} INFO - [2024-09-24T15:59:44.540+0000] {dag.py:3452} INFO - Setting next_dagrun for example_branch_labels to 2024-09-23T00:00:00+00:00, run_after=2024-09-24T00:00:00+00:00
[2024-09-24T15:59:44.557+0000] {processor.py:175} INFO - Processing /usr/local/lib/python3.9/site-packages/airflow/example_dags/example_branch_labels.py took 0.096 seconds
[2024-09-24T16:12:37.968+0000] {processor.py:153} INFO - Started process (PID=313) to work on /usr/local/lib/python3.9/site-packages/airflow/example_dags/example_branch_labels.py
[2024-09-24T16:12:37.968+0000] {processor.py:743} INFO - Processing file /usr/local/lib/python3.9/site-packages/airflow/example_dags/example_branch_labels.py for tasks to queue
[2024-09-24T16:12:37.969+0000] {logging_mixin.py:137} INFO - [2024-09-24T16:12:37.969+0000] {dagbag.py:532} INFO - Filling up the DagBag from /usr/local/lib/python3.9/site-packages/airflow/example_dags/example_branch_labels.py
[2024-09-24T16:12:37.976+0000] {processor.py:753} INFO - DAG(s) dict_keys(['example_branch_labels']) retrieved from /usr/local/lib/python3.9/site-packages/airflow/example_dags/example_branch_labels.py
[2024-09-24T16:12:38.035+0000] {logging_mixin.py:137} INFO - [2024-09-24T16:12:38.035+0000] {manager.py:504} INFO - Created Permission View: can read on DAG:example_branch_labels
[2024-09-24T16:12:38.038+0000] {logging_mixin.py:137} INFO - [2024-09-24T16:12:38.038+0000] {manager.py:504} INFO - Created Permission View: can edit on DAG:example_branch_labels
[2024-09-24T16:12:38.041+0000] {logging_mixin.py:137} INFO - [2024-09-24T16:12:38.041+0000] {manager.py:504} INFO - Created Permission View: can delete on DAG:example_branch_labels
[2024-09-24T16:12:38.041+0000] {logging_mixin.py:137} INFO - [2024-09-24T16:12:38.041+0000] {dag.py:2705} INFO - Sync 1 DAGs
[2024-09-24T16:12:38.048+0000] {logging_mixin.py:137} INFO - [2024-09-24T16:12:38.047+0000] {dag.py:2726} INFO - Creating ORM DAG for example_branch_labels
[2024-09-24T16:12:38.053+0000] {logging_mixin.py:137} INFO - [2024-09-24T16:12:38.052+0000] {dag.py:3452} INFO - Setting next_dagrun for example_branch_labels to 2024-09-23T00:00:00+00:00, run_after=2024-09-24T00:00:00+00:00
[2024-09-24T16:12:38.061+0000] {processor.py:175} INFO - Processing /usr/local/lib/python3.9/site-packages/airflow/example_dags/example_branch_labels.py took 0.095 seconds
[2024-09-24T16:13:19.479+0000] {processor.py:153} INFO - Started process (PID=526) to work on /usr/local/lib/python3.9/site-packages/airflow/example_dags/example_branch_labels.py
[2024-09-24T16:13:19.482+0000] {processor.py:743} INFO - Processing file /usr/local/lib/python3.9/site-packages/airflow/example_dags/example_branch_labels.py for tasks to queue
[2024-09-24T16:13:19.487+0000] {logging_mixin.py:137} INFO - [2024-09-24T16:13:19.487+0000] {dagbag.py:532} INFO - Filling up the DagBag from /usr/local/lib/python3.9/site-packages/airflow/example_dags/example_branch_labels.py
[2024-09-24T16:13:19.511+0000] {processor.py:753} INFO - DAG(s) dict_keys(['example_branch_labels']) retrieved from /usr/local/lib/python3.9/site-packages/airflow/example_dags/example_branch_labels.py
[2024-09-24T16:13:19.583+0000] {logging_mixin.py:137} INFO - [2024-09-24T16:13:19.583+0000] {dag.py:2705} INFO - Sync 1 DAGs
[2024-09-24T16:13:19.623+0000] {logging_mixin.py:137} INFO - [2024-09-24T16:13:19.623+0000] {dag.py:3452} INFO - Setting next_dagrun for example_branch_labels to 2024-09-23T00:00:00+00:00, run_after=2024-09-24T00:00:00+00:00
[2024-09-24T16:13:19.661+0000] {processor.py:175} INFO - Processing /usr/local/lib/python3.9/site-packages/airflow/example_dags/example_branch_labels.py took 0.187 seconds
[2024-09-24T16:13:49.885+0000] {processor.py:153} INFO - Started process (PID=737) to work on /usr/local/lib/python3.9/site-packages/airflow/example_dags/example_branch_labels.py
[2024-09-24T16:13:49.887+0000] {processor.py:743} INFO - Processing file /usr/local/lib/python3.9/site-packages/airflow/example_dags/example_branch_labels.py for tasks to queue
[2024-09-24T16:13:49.888+0000] {logging_mixin.py:137} INFO - [2024-09-24T16:13:49.888+0000] {dagbag.py:532} INFO - Filling up the DagBag from /usr/local/lib/python3.9/site-packages/airflow/example_dags/example_branch_labels.py
[2024-09-24T16:13:49.895+0000] {processor.py:753} INFO - DAG(s) dict_keys(['example_branch_labels']) retrieved from /usr/local/lib/python3.9/site-packages/airflow/example_dags/example_branch_labels.py
[2024-09-24T16:13:49.906+0000] {logging_mixin.py:137} INFO - [2024-09-24T16:13:49.906+0000] {dag.py:2705} INFO - Sync 1 DAGs
[2024-09-24T16:13:49.918+0000] {logging_mixin.py:137} INFO - [2024-09-24T16:13:49.918+0000] {dag.py:3452} INFO - Setting next_dagrun for example_branch_labels to 2024-09-23T00:00:00+00:00, run_after=2024-09-24T00:00:00+00:00
[2024-09-24T16:13:49.928+0000] {processor.py:175} INFO - Processing /usr/local/lib/python3.9/site-packages/airflow/example_dags/example_branch_labels.py took 0.045 seconds
[2024-09-24T16:14:25.230+0000] {processor.py:153} INFO - Started process (PID=950) to work on /usr/local/lib/python3.9/site-packages/airflow/example_dags/example_branch_labels.py
[2024-09-24T16:14:25.232+0000] {processor.py:743} INFO - Processing file /usr/local/lib/python3.9/site-packages/airflow/example_dags/example_branch_labels.py for tasks to queue
[2024-09-24T16:14:25.232+0000] {logging_mixin.py:137} INFO - [2024-09-24T16:14:25.232+0000] {dagbag.py:532} INFO - Filling up the DagBag from /usr/local/lib/python3.9/site-packages/airflow/example_dags/example_branch_labels.py
[2024-09-24T16:14:25.247+0000] {processor.py:753} INFO - DAG(s) dict_keys(['example_branch_labels']) retrieved from /usr/local/lib/python3.9/site-packages/airflow/example_dags/example_branch_labels.py
[2024-09-24T16:14:25.278+0000] {logging_mixin.py:137} INFO - [2024-09-24T16:14:25.278+0000] {dag.py:2705} INFO - Sync 1 DAGs
[2024-09-24T16:14:25.292+0000] {logging_mixin.py:137} INFO - [2024-09-24T16:14:25.292+0000] {dag.py:3452} INFO - Setting next_dagrun for example_branch_labels to 2024-09-23T00:00:00+00:00, run_after=2024-09-24T00:00:00+00:00
[2024-09-24T16:14:25.307+0000] {processor.py:175} INFO - Processing /usr/local/lib/python3.9/site-packages/airflow/example_dags/example_branch_labels.py took 0.079 seconds
[2024-09-24T16:14:58.801+0000] {processor.py:153} INFO - Started process (PID=1159) to work on /usr/local/lib/python3.9/site-packages/airflow/example_dags/example_branch_labels.py
[2024-09-24T16:14:59.960+0000] {processor.py:743} INFO - Processing file /usr/local/lib/python3.9/site-packages/airflow/example_dags/example_branch_labels.py for tasks to queue
[2024-09-24T16:14:59.963+0000] {logging_mixin.py:137} INFO - [2024-09-24T16:14:59.963+0000] {dagbag.py:532} INFO - Filling up the DagBag from /usr/local/lib/python3.9/site-packages/airflow/example_dags/example_branch_labels.py
[2024-09-24T16:15:00.457+0000] {processor.py:753} INFO - DAG(s) dict_keys(['example_branch_labels']) retrieved from /usr/local/lib/python3.9/site-packages/airflow/example_dags/example_branch_labels.py
[2024-09-24T16:15:01.359+0000] {logging_mixin.py:137} INFO - [2024-09-24T16:15:01.359+0000] {dag.py:2705} INFO - Sync 1 DAGs
[2024-09-24T16:15:01.734+0000] {logging_mixin.py:137} INFO - [2024-09-24T16:15:01.734+0000] {dag.py:3452} INFO - Setting next_dagrun for example_branch_labels to 2024-09-23T00:00:00+00:00, run_after=2024-09-24T00:00:00+00:00
[2024-09-24T16:15:02.184+0000] {processor.py:175} INFO - Processing /usr/local/lib/python3.9/site-packages/airflow/example_dags/example_branch_labels.py took 3.417 seconds
[2024-09-24T16:15:32.572+0000] {processor.py:153} INFO - Started process (PID=1368) to work on /usr/local/lib/python3.9/site-packages/airflow/example_dags/example_branch_labels.py
[2024-09-24T16:15:33.387+0000] {processor.py:743} INFO - Processing file /usr/local/lib/python3.9/site-packages/airflow/example_dags/example_branch_labels.py for tasks to queue
[2024-09-24T16:15:33.395+0000] {logging_mixin.py:137} INFO - [2024-09-24T16:15:33.392+0000] {dagbag.py:532} INFO - Filling up the DagBag from /usr/local/lib/python3.9/site-packages/airflow/example_dags/example_branch_labels.py
[2024-09-24T16:15:33.482+0000] {processor.py:753} INFO - DAG(s) dict_keys(['example_branch_labels']) retrieved from /usr/local/lib/python3.9/site-packages/airflow/example_dags/example_branch_labels.py
[2024-09-24T16:15:34.675+0000] {logging_mixin.py:137} INFO - [2024-09-24T16:15:34.675+0000] {dag.py:2705} INFO - Sync 1 DAGs
[2024-09-24T16:15:36.024+0000] {logging_mixin.py:137} INFO - [2024-09-24T16:15:36.024+0000] {dag.py:3452} INFO - Setting next_dagrun for example_branch_labels to 2024-09-23T00:00:00+00:00, run_after=2024-09-24T00:00:00+00:00
[2024-09-24T16:15:36.620+0000] {processor.py:175} INFO - Processing /usr/local/lib/python3.9/site-packages/airflow/example_dags/example_branch_labels.py took 4.072 seconds
[2024-09-24T16:16:07.181+0000] {processor.py:153} INFO - Started process (PID=1581) to work on /usr/local/lib/python3.9/site-packages/airflow/example_dags/example_branch_labels.py
[2024-09-24T16:16:07.185+0000] {processor.py:743} INFO - Processing file /usr/local/lib/python3.9/site-packages/airflow/example_dags/example_branch_labels.py for tasks to queue
[2024-09-24T16:16:07.185+0000] {logging_mixin.py:137} INFO - [2024-09-24T16:16:07.185+0000] {dagbag.py:532} INFO - Filling up the DagBag from /usr/local/lib/python3.9/site-packages/airflow/example_dags/example_branch_labels.py
[2024-09-24T16:16:07.198+0000] {processor.py:753} INFO - DAG(s) dict_keys(['example_branch_labels']) retrieved from /usr/local/lib/python3.9/site-packages/airflow/example_dags/example_branch_labels.py
[2024-09-24T16:16:07.234+0000] {logging_mixin.py:137} INFO - [2024-09-24T16:16:07.233+0000] {dag.py:2705} INFO - Sync 1 DAGs
[2024-09-24T16:16:07.249+0000] {logging_mixin.py:137} INFO - [2024-09-24T16:16:07.249+0000] {dag.py:3452} INFO - Setting next_dagrun for example_branch_labels to 2024-09-23T00:00:00+00:00, run_after=2024-09-24T00:00:00+00:00
[2024-09-24T16:16:07.263+0000] {processor.py:175} INFO - Processing /usr/local/lib/python3.9/site-packages/airflow/example_dags/example_branch_labels.py took 0.087 seconds
[2024-09-24T16:16:37.560+0000] {processor.py:153} INFO - Started process (PID=1792) to work on /usr/local/lib/python3.9/site-packages/airflow/example_dags/example_branch_labels.py
[2024-09-24T16:16:37.565+0000] {processor.py:743} INFO - Processing file /usr/local/lib/python3.9/site-packages/airflow/example_dags/example_branch_labels.py for tasks to queue
[2024-09-24T16:16:37.567+0000] {logging_mixin.py:137} INFO - [2024-09-24T16:16:37.567+0000] {dagbag.py:532} INFO - Filling up the DagBag from /usr/local/lib/python3.9/site-packages/airflow/example_dags/example_branch_labels.py
[2024-09-24T16:16:37.579+0000] {processor.py:753} INFO - DAG(s) dict_keys(['example_branch_labels']) retrieved from /usr/local/lib/python3.9/site-packages/airflow/example_dags/example_branch_labels.py
[2024-09-24T16:16:37.600+0000] {logging_mixin.py:137} INFO - [2024-09-24T16:16:37.600+0000] {dag.py:2705} INFO - Sync 1 DAGs
[2024-09-24T16:16:37.612+0000] {logging_mixin.py:137} INFO - [2024-09-24T16:16:37.612+0000] {dag.py:3452} INFO - Setting next_dagrun for example_branch_labels to 2024-09-23T00:00:00+00:00, run_after=2024-09-24T00:00:00+00:00
[2024-09-24T16:16:37.619+0000] {processor.py:175} INFO - Processing /usr/local/lib/python3.9/site-packages/airflow/example_dags/example_branch_labels.py took 0.065 seconds
[2024-09-24T16:17:07.751+0000] {processor.py:153} INFO - Started process (PID=2003) to work on /usr/local/lib/python3.9/site-packages/airflow/example_dags/example_branch_labels.py
[2024-09-24T16:17:07.757+0000] {processor.py:743} INFO - Processing file /usr/local/lib/python3.9/site-packages/airflow/example_dags/example_branch_labels.py for tasks to queue
[2024-09-24T16:17:07.760+0000] {logging_mixin.py:137} INFO - [2024-09-24T16:17:07.759+0000] {dagbag.py:532} INFO - Filling up the DagBag from /usr/local/lib/python3.9/site-packages/airflow/example_dags/example_branch_labels.py
[2024-09-24T16:17:07.768+0000] {processor.py:753} INFO - DAG(s) dict_keys(['example_branch_labels']) retrieved from /usr/local/lib/python3.9/site-packages/airflow/example_dags/example_branch_labels.py
[2024-09-24T16:17:07.794+0000] {logging_mixin.py:137} INFO - [2024-09-24T16:17:07.794+0000] {dag.py:2705} INFO - Sync 1 DAGs
[2024-09-24T16:17:07.808+0000] {logging_mixin.py:137} INFO - [2024-09-24T16:17:07.808+0000] {dag.py:3452} INFO - Setting next_dagrun for example_branch_labels to 2024-09-23T00:00:00+00:00, run_after=2024-09-24T00:00:00+00:00
[2024-09-24T16:17:07.878+0000] {processor.py:175} INFO - Processing /usr/local/lib/python3.9/site-packages/airflow/example_dags/example_branch_labels.py took 0.129 seconds
[2024-09-24T16:17:38.610+0000] {processor.py:153} INFO - Started process (PID=2214) to work on /usr/local/lib/python3.9/site-packages/airflow/example_dags/example_branch_labels.py
[2024-09-24T16:17:38.611+0000] {processor.py:743} INFO - Processing file /usr/local/lib/python3.9/site-packages/airflow/example_dags/example_branch_labels.py for tasks to queue
[2024-09-24T16:17:38.612+0000] {logging_mixin.py:137} INFO - [2024-09-24T16:17:38.612+0000] {dagbag.py:532} INFO - Filling up the DagBag from /usr/local/lib/python3.9/site-packages/airflow/example_dags/example_branch_labels.py
[2024-09-24T16:17:38.621+0000] {processor.py:753} INFO - DAG(s) dict_keys(['example_branch_labels']) retrieved from /usr/local/lib/python3.9/site-packages/airflow/example_dags/example_branch_labels.py
[2024-09-24T16:17:38.635+0000] {logging_mixin.py:137} INFO - [2024-09-24T16:17:38.635+0000] {dag.py:2705} INFO - Sync 1 DAGs
[2024-09-24T16:17:38.709+0000] {logging_mixin.py:137} INFO - [2024-09-24T16:17:38.709+0000] {dag.py:3452} INFO - Setting next_dagrun for example_branch_labels to 2024-09-23T00:00:00+00:00, run_after=2024-09-24T00:00:00+00:00
[2024-09-24T16:17:38.725+0000] {processor.py:175} INFO - Processing /usr/local/lib/python3.9/site-packages/airflow/example_dags/example_branch_labels.py took 0.117 seconds
[2024-09-24T16:18:09.335+0000] {processor.py:153} INFO - Started process (PID=2425) to work on /usr/local/lib/python3.9/site-packages/airflow/example_dags/example_branch_labels.py
[2024-09-24T16:18:09.337+0000] {processor.py:743} INFO - Processing file /usr/local/lib/python3.9/site-packages/airflow/example_dags/example_branch_labels.py for tasks to queue
[2024-09-24T16:18:09.338+0000] {logging_mixin.py:137} INFO - [2024-09-24T16:18:09.337+0000] {dagbag.py:532} INFO - Filling up the DagBag from /usr/local/lib/python3.9/site-packages/airflow/example_dags/example_branch_labels.py
[2024-09-24T16:18:09.415+0000] {processor.py:753} INFO - DAG(s) dict_keys(['example_branch_labels']) retrieved from /usr/local/lib/python3.9/site-packages/airflow/example_dags/example_branch_labels.py
[2024-09-24T16:18:09.428+0000] {logging_mixin.py:137} INFO - [2024-09-24T16:18:09.427+0000] {dag.py:2705} INFO - Sync 1 DAGs
[2024-09-24T16:18:09.437+0000] {logging_mixin.py:137} INFO - [2024-09-24T16:18:09.437+0000] {dag.py:3452} INFO - Setting next_dagrun for example_branch_labels to 2024-09-23T00:00:00+00:00, run_after=2024-09-24T00:00:00+00:00
[2024-09-24T16:18:09.448+0000] {processor.py:175} INFO - Processing /usr/local/lib/python3.9/site-packages/airflow/example_dags/example_branch_labels.py took 0.117 seconds
[2024-09-24T17:55:51.676+0000] {processor.py:153} INFO - Started process (PID=310) to work on /usr/local/lib/python3.9/site-packages/airflow/example_dags/example_branch_labels.py
[2024-09-24T17:55:51.677+0000] {processor.py:743} INFO - Processing file /usr/local/lib/python3.9/site-packages/airflow/example_dags/example_branch_labels.py for tasks to queue
[2024-09-24T17:55:51.677+0000] {logging_mixin.py:137} INFO - [2024-09-24T17:55:51.677+0000] {dagbag.py:532} INFO - Filling up the DagBag from /usr/local/lib/python3.9/site-packages/airflow/example_dags/example_branch_labels.py
[2024-09-24T17:55:51.685+0000] {processor.py:753} INFO - DAG(s) dict_keys(['example_branch_labels']) retrieved from /usr/local/lib/python3.9/site-packages/airflow/example_dags/example_branch_labels.py
[2024-09-24T17:55:51.691+0000] {logging_mixin.py:137} INFO - [2024-09-24T17:55:51.691+0000] {dag.py:2705} INFO - Sync 1 DAGs
[2024-09-24T17:55:51.703+0000] {logging_mixin.py:137} INFO - [2024-09-24T17:55:51.703+0000] {dag.py:3452} INFO - Setting next_dagrun for example_branch_labels to 2024-09-23T00:00:00+00:00, run_after=2024-09-24T00:00:00+00:00
[2024-09-24T17:55:51.713+0000] {processor.py:175} INFO - Processing /usr/local/lib/python3.9/site-packages/airflow/example_dags/example_branch_labels.py took 0.038 seconds
[2024-09-24T17:56:25.323+0000] {processor.py:153} INFO - Started process (PID=525) to work on /usr/local/lib/python3.9/site-packages/airflow/example_dags/example_branch_labels.py
[2024-09-24T17:56:25.334+0000] {processor.py:743} INFO - Processing file /usr/local/lib/python3.9/site-packages/airflow/example_dags/example_branch_labels.py for tasks to queue
[2024-09-24T17:56:25.336+0000] {logging_mixin.py:137} INFO - [2024-09-24T17:56:25.336+0000] {dagbag.py:532} INFO - Filling up the DagBag from /usr/local/lib/python3.9/site-packages/airflow/example_dags/example_branch_labels.py
[2024-09-24T17:56:25.366+0000] {processor.py:753} INFO - DAG(s) dict_keys(['example_branch_labels']) retrieved from /usr/local/lib/python3.9/site-packages/airflow/example_dags/example_branch_labels.py
[2024-09-24T17:56:25.463+0000] {logging_mixin.py:137} INFO - [2024-09-24T17:56:25.463+0000] {dag.py:2705} INFO - Sync 1 DAGs
[2024-09-24T17:56:25.489+0000] {logging_mixin.py:137} INFO - [2024-09-24T17:56:25.489+0000] {dag.py:3452} INFO - Setting next_dagrun for example_branch_labels to 2024-09-23T00:00:00+00:00, run_after=2024-09-24T00:00:00+00:00
[2024-09-24T17:56:25.541+0000] {processor.py:175} INFO - Processing /usr/local/lib/python3.9/site-packages/airflow/example_dags/example_branch_labels.py took 0.224 seconds
[2024-09-24T18:44:46.654+0000] {processor.py:153} INFO - Started process (PID=315) to work on /usr/local/lib/python3.9/site-packages/airflow/example_dags/example_branch_labels.py
[2024-09-24T18:44:46.655+0000] {processor.py:743} INFO - Processing file /usr/local/lib/python3.9/site-packages/airflow/example_dags/example_branch_labels.py for tasks to queue
[2024-09-24T18:44:46.655+0000] {logging_mixin.py:137} INFO - [2024-09-24T18:44:46.655+0000] {dagbag.py:532} INFO - Filling up the DagBag from /usr/local/lib/python3.9/site-packages/airflow/example_dags/example_branch_labels.py
[2024-09-24T18:44:46.663+0000] {processor.py:753} INFO - DAG(s) dict_keys(['example_branch_labels']) retrieved from /usr/local/lib/python3.9/site-packages/airflow/example_dags/example_branch_labels.py
[2024-09-24T18:44:46.726+0000] {logging_mixin.py:137} INFO - [2024-09-24T18:44:46.726+0000] {manager.py:504} INFO - Created Permission View: can read on DAG:example_branch_labels
[2024-09-24T18:44:46.738+0000] {logging_mixin.py:137} INFO - [2024-09-24T18:44:46.738+0000] {manager.py:504} INFO - Created Permission View: can edit on DAG:example_branch_labels
[2024-09-24T18:44:46.743+0000] {logging_mixin.py:137} INFO - [2024-09-24T18:44:46.743+0000] {manager.py:504} INFO - Created Permission View: can delete on DAG:example_branch_labels
[2024-09-24T18:44:46.744+0000] {logging_mixin.py:137} INFO - [2024-09-24T18:44:46.744+0000] {dag.py:2705} INFO - Sync 1 DAGs
[2024-09-24T18:44:46.754+0000] {logging_mixin.py:137} INFO - [2024-09-24T18:44:46.754+0000] {dag.py:2726} INFO - Creating ORM DAG for example_branch_labels
[2024-09-24T18:44:46.762+0000] {logging_mixin.py:137} INFO - [2024-09-24T18:44:46.762+0000] {dag.py:3452} INFO - Setting next_dagrun for example_branch_labels to 2024-09-23T00:00:00+00:00, run_after=2024-09-24T00:00:00+00:00
[2024-09-24T18:44:46.774+0000] {processor.py:175} INFO - Processing /usr/local/lib/python3.9/site-packages/airflow/example_dags/example_branch_labels.py took 0.122 seconds
[2024-09-24T18:45:17.061+0000] {processor.py:153} INFO - Started process (PID=530) to work on /usr/local/lib/python3.9/site-packages/airflow/example_dags/example_branch_labels.py
[2024-09-24T18:45:17.063+0000] {processor.py:743} INFO - Processing file /usr/local/lib/python3.9/site-packages/airflow/example_dags/example_branch_labels.py for tasks to queue
[2024-09-24T18:45:17.066+0000] {logging_mixin.py:137} INFO - [2024-09-24T18:45:17.066+0000] {dagbag.py:532} INFO - Filling up the DagBag from /usr/local/lib/python3.9/site-packages/airflow/example_dags/example_branch_labels.py
[2024-09-24T18:45:17.078+0000] {processor.py:753} INFO - DAG(s) dict_keys(['example_branch_labels']) retrieved from /usr/local/lib/python3.9/site-packages/airflow/example_dags/example_branch_labels.py
[2024-09-24T18:45:17.094+0000] {logging_mixin.py:137} INFO - [2024-09-24T18:45:17.094+0000] {dag.py:2705} INFO - Sync 1 DAGs
[2024-09-24T18:45:17.110+0000] {logging_mixin.py:137} INFO - [2024-09-24T18:45:17.110+0000] {dag.py:3452} INFO - Setting next_dagrun for example_branch_labels to 2024-09-23T00:00:00+00:00, run_after=2024-09-24T00:00:00+00:00
[2024-09-24T18:45:17.124+0000] {processor.py:175} INFO - Processing /usr/local/lib/python3.9/site-packages/airflow/example_dags/example_branch_labels.py took 0.065 seconds
[2024-09-24T18:45:47.923+0000] {processor.py:153} INFO - Started process (PID=741) to work on /usr/local/lib/python3.9/site-packages/airflow/example_dags/example_branch_labels.py
[2024-09-24T18:45:47.924+0000] {processor.py:743} INFO - Processing file /usr/local/lib/python3.9/site-packages/airflow/example_dags/example_branch_labels.py for tasks to queue
[2024-09-24T18:45:47.925+0000] {logging_mixin.py:137} INFO - [2024-09-24T18:45:47.925+0000] {dagbag.py:532} INFO - Filling up the DagBag from /usr/local/lib/python3.9/site-packages/airflow/example_dags/example_branch_labels.py
[2024-09-24T18:45:47.933+0000] {processor.py:753} INFO - DAG(s) dict_keys(['example_branch_labels']) retrieved from /usr/local/lib/python3.9/site-packages/airflow/example_dags/example_branch_labels.py
[2024-09-24T18:45:47.953+0000] {logging_mixin.py:137} INFO - [2024-09-24T18:45:47.952+0000] {dag.py:2705} INFO - Sync 1 DAGs
[2024-09-24T18:45:47.970+0000] {logging_mixin.py:137} INFO - [2024-09-24T18:45:47.969+0000] {dag.py:3452} INFO - Setting next_dagrun for example_branch_labels to 2024-09-23T00:00:00+00:00, run_after=2024-09-24T00:00:00+00:00
[2024-09-24T18:45:47.979+0000] {processor.py:175} INFO - Processing /usr/local/lib/python3.9/site-packages/airflow/example_dags/example_branch_labels.py took 0.058 seconds
[2024-09-24T18:46:18.757+0000] {processor.py:153} INFO - Started process (PID=952) to work on /usr/local/lib/python3.9/site-packages/airflow/example_dags/example_branch_labels.py
[2024-09-24T18:46:18.758+0000] {processor.py:743} INFO - Processing file /usr/local/lib/python3.9/site-packages/airflow/example_dags/example_branch_labels.py for tasks to queue
[2024-09-24T18:46:18.759+0000] {logging_mixin.py:137} INFO - [2024-09-24T18:46:18.759+0000] {dagbag.py:532} INFO - Filling up the DagBag from /usr/local/lib/python3.9/site-packages/airflow/example_dags/example_branch_labels.py
[2024-09-24T18:46:18.767+0000] {processor.py:753} INFO - DAG(s) dict_keys(['example_branch_labels']) retrieved from /usr/local/lib/python3.9/site-packages/airflow/example_dags/example_branch_labels.py
[2024-09-24T18:46:18.780+0000] {logging_mixin.py:137} INFO - [2024-09-24T18:46:18.780+0000] {dag.py:2705} INFO - Sync 1 DAGs
[2024-09-24T18:46:18.796+0000] {logging_mixin.py:137} INFO - [2024-09-24T18:46:18.796+0000] {dag.py:3452} INFO - Setting next_dagrun for example_branch_labels to 2024-09-23T00:00:00+00:00, run_after=2024-09-24T00:00:00+00:00
[2024-09-24T18:46:18.807+0000] {processor.py:175} INFO - Processing /usr/local/lib/python3.9/site-packages/airflow/example_dags/example_branch_labels.py took 0.052 seconds
[2024-09-24T18:46:52.820+0000] {processor.py:153} INFO - Started process (PID=1163) to work on /usr/local/lib/python3.9/site-packages/airflow/example_dags/example_branch_labels.py
[2024-09-24T18:46:52.821+0000] {processor.py:743} INFO - Processing file /usr/local/lib/python3.9/site-packages/airflow/example_dags/example_branch_labels.py for tasks to queue
[2024-09-24T18:46:52.821+0000] {logging_mixin.py:137} INFO - [2024-09-24T18:46:52.821+0000] {dagbag.py:532} INFO - Filling up the DagBag from /usr/local/lib/python3.9/site-packages/airflow/example_dags/example_branch_labels.py
[2024-09-24T18:46:52.843+0000] {processor.py:753} INFO - DAG(s) dict_keys(['example_branch_labels']) retrieved from /usr/local/lib/python3.9/site-packages/airflow/example_dags/example_branch_labels.py
[2024-09-24T18:46:52.887+0000] {logging_mixin.py:137} INFO - [2024-09-24T18:46:52.887+0000] {dag.py:2705} INFO - Sync 1 DAGs
[2024-09-24T18:46:52.943+0000] {logging_mixin.py:137} INFO - [2024-09-24T18:46:52.943+0000] {dag.py:3452} INFO - Setting next_dagrun for example_branch_labels to 2024-09-23T00:00:00+00:00, run_after=2024-09-24T00:00:00+00:00
[2024-09-24T18:46:52.987+0000] {processor.py:175} INFO - Processing /usr/local/lib/python3.9/site-packages/airflow/example_dags/example_branch_labels.py took 0.170 seconds
[2024-09-24T18:47:25.817+0000] {processor.py:153} INFO - Started process (PID=1374) to work on /usr/local/lib/python3.9/site-packages/airflow/example_dags/example_branch_labels.py
[2024-09-24T18:47:25.821+0000] {processor.py:743} INFO - Processing file /usr/local/lib/python3.9/site-packages/airflow/example_dags/example_branch_labels.py for tasks to queue
[2024-09-24T18:47:25.822+0000] {logging_mixin.py:137} INFO - [2024-09-24T18:47:25.822+0000] {dagbag.py:532} INFO - Filling up the DagBag from /usr/local/lib/python3.9/site-packages/airflow/example_dags/example_branch_labels.py
[2024-09-24T18:47:25.856+0000] {processor.py:753} INFO - DAG(s) dict_keys(['example_branch_labels']) retrieved from /usr/local/lib/python3.9/site-packages/airflow/example_dags/example_branch_labels.py
[2024-09-24T18:47:25.943+0000] {logging_mixin.py:137} INFO - [2024-09-24T18:47:25.941+0000] {dag.py:2705} INFO - Sync 1 DAGs
[2024-09-24T18:47:25.992+0000] {logging_mixin.py:137} INFO - [2024-09-24T18:47:25.992+0000] {dag.py:3452} INFO - Setting next_dagrun for example_branch_labels to 2024-09-23T00:00:00+00:00, run_after=2024-09-24T00:00:00+00:00
[2024-09-24T18:47:26.032+0000] {processor.py:175} INFO - Processing /usr/local/lib/python3.9/site-packages/airflow/example_dags/example_branch_labels.py took 0.221 seconds
[2024-09-24T18:47:56.079+0000] {processor.py:153} INFO - Started process (PID=1581) to work on /usr/local/lib/python3.9/site-packages/airflow/example_dags/example_branch_labels.py
[2024-09-24T18:47:56.081+0000] {processor.py:743} INFO - Processing file /usr/local/lib/python3.9/site-packages/airflow/example_dags/example_branch_labels.py for tasks to queue
[2024-09-24T18:47:56.081+0000] {logging_mixin.py:137} INFO - [2024-09-24T18:47:56.081+0000] {dagbag.py:532} INFO - Filling up the DagBag from /usr/local/lib/python3.9/site-packages/airflow/example_dags/example_branch_labels.py
[2024-09-24T18:47:56.089+0000] {processor.py:753} INFO - DAG(s) dict_keys(['example_branch_labels']) retrieved from /usr/local/lib/python3.9/site-packages/airflow/example_dags/example_branch_labels.py
[2024-09-24T18:47:56.100+0000] {logging_mixin.py:137} INFO - [2024-09-24T18:47:56.100+0000] {dag.py:2705} INFO - Sync 1 DAGs
[2024-09-24T18:47:56.110+0000] {logging_mixin.py:137} INFO - [2024-09-24T18:47:56.110+0000] {dag.py:3452} INFO - Setting next_dagrun for example_branch_labels to 2024-09-23T00:00:00+00:00, run_after=2024-09-24T00:00:00+00:00
[2024-09-24T18:47:56.117+0000] {processor.py:175} INFO - Processing /usr/local/lib/python3.9/site-packages/airflow/example_dags/example_branch_labels.py took 0.039 seconds
[2024-09-24T18:48:30.765+0000] {processor.py:153} INFO - Started process (PID=1790) to work on /usr/local/lib/python3.9/site-packages/airflow/example_dags/example_branch_labels.py
[2024-09-24T18:48:30.766+0000] {processor.py:743} INFO - Processing file /usr/local/lib/python3.9/site-packages/airflow/example_dags/example_branch_labels.py for tasks to queue
[2024-09-24T18:48:30.769+0000] {logging_mixin.py:137} INFO - [2024-09-24T18:48:30.769+0000] {dagbag.py:532} INFO - Filling up the DagBag from /usr/local/lib/python3.9/site-packages/airflow/example_dags/example_branch_labels.py
[2024-09-24T18:48:30.777+0000] {processor.py:753} INFO - DAG(s) dict_keys(['example_branch_labels']) retrieved from /usr/local/lib/python3.9/site-packages/airflow/example_dags/example_branch_labels.py
[2024-09-24T18:48:30.802+0000] {logging_mixin.py:137} INFO - [2024-09-24T18:48:30.802+0000] {dag.py:2705} INFO - Sync 1 DAGs
[2024-09-24T18:48:30.814+0000] {logging_mixin.py:137} INFO - [2024-09-24T18:48:30.814+0000] {dag.py:3452} INFO - Setting next_dagrun for example_branch_labels to 2024-09-23T00:00:00+00:00, run_after=2024-09-24T00:00:00+00:00
[2024-09-24T18:48:30.821+0000] {processor.py:175} INFO - Processing /usr/local/lib/python3.9/site-packages/airflow/example_dags/example_branch_labels.py took 0.058 seconds
[2024-09-24T18:49:02.362+0000] {processor.py:153} INFO - Started process (PID=2001) to work on /usr/local/lib/python3.9/site-packages/airflow/example_dags/example_branch_labels.py
[2024-09-24T18:49:02.363+0000] {processor.py:743} INFO - Processing file /usr/local/lib/python3.9/site-packages/airflow/example_dags/example_branch_labels.py for tasks to queue
[2024-09-24T18:49:02.363+0000] {logging_mixin.py:137} INFO - [2024-09-24T18:49:02.363+0000] {dagbag.py:532} INFO - Filling up the DagBag from /usr/local/lib/python3.9/site-packages/airflow/example_dags/example_branch_labels.py
[2024-09-24T18:49:02.371+0000] {processor.py:753} INFO - DAG(s) dict_keys(['example_branch_labels']) retrieved from /usr/local/lib/python3.9/site-packages/airflow/example_dags/example_branch_labels.py
[2024-09-24T18:49:02.390+0000] {logging_mixin.py:137} INFO - [2024-09-24T18:49:02.390+0000] {dag.py:2705} INFO - Sync 1 DAGs
[2024-09-24T18:49:02.456+0000] {logging_mixin.py:137} INFO - [2024-09-24T18:49:02.456+0000] {dag.py:3452} INFO - Setting next_dagrun for example_branch_labels to 2024-09-23T00:00:00+00:00, run_after=2024-09-24T00:00:00+00:00
[2024-09-24T18:49:02.468+0000] {processor.py:175} INFO - Processing /usr/local/lib/python3.9/site-packages/airflow/example_dags/example_branch_labels.py took 0.108 seconds
[2024-09-24T18:49:32.657+0000] {processor.py:153} INFO - Started process (PID=2212) to work on /usr/local/lib/python3.9/site-packages/airflow/example_dags/example_branch_labels.py
[2024-09-24T18:49:32.658+0000] {processor.py:743} INFO - Processing file /usr/local/lib/python3.9/site-packages/airflow/example_dags/example_branch_labels.py for tasks to queue
[2024-09-24T18:49:32.658+0000] {logging_mixin.py:137} INFO - [2024-09-24T18:49:32.658+0000] {dagbag.py:532} INFO - Filling up the DagBag from /usr/local/lib/python3.9/site-packages/airflow/example_dags/example_branch_labels.py
[2024-09-24T18:49:32.668+0000] {processor.py:753} INFO - DAG(s) dict_keys(['example_branch_labels']) retrieved from /usr/local/lib/python3.9/site-packages/airflow/example_dags/example_branch_labels.py
[2024-09-24T18:49:32.678+0000] {logging_mixin.py:137} INFO - [2024-09-24T18:49:32.678+0000] {dag.py:2705} INFO - Sync 1 DAGs
[2024-09-24T18:49:32.743+0000] {logging_mixin.py:137} INFO - [2024-09-24T18:49:32.743+0000] {dag.py:3452} INFO - Setting next_dagrun for example_branch_labels to 2024-09-23T00:00:00+00:00, run_after=2024-09-24T00:00:00+00:00
[2024-09-24T18:49:32.749+0000] {processor.py:175} INFO - Processing /usr/local/lib/python3.9/site-packages/airflow/example_dags/example_branch_labels.py took 0.094 seconds
[2024-09-24T18:50:03.215+0000] {processor.py:153} INFO - Started process (PID=2425) to work on /usr/local/lib/python3.9/site-packages/airflow/example_dags/example_branch_labels.py
[2024-09-24T18:50:03.215+0000] {processor.py:743} INFO - Processing file /usr/local/lib/python3.9/site-packages/airflow/example_dags/example_branch_labels.py for tasks to queue
[2024-09-24T18:50:03.216+0000] {logging_mixin.py:137} INFO - [2024-09-24T18:50:03.216+0000] {dagbag.py:532} INFO - Filling up the DagBag from /usr/local/lib/python3.9/site-packages/airflow/example_dags/example_branch_labels.py
[2024-09-24T18:50:03.266+0000] {processor.py:753} INFO - DAG(s) dict_keys(['example_branch_labels']) retrieved from /usr/local/lib/python3.9/site-packages/airflow/example_dags/example_branch_labels.py
[2024-09-24T18:50:03.274+0000] {logging_mixin.py:137} INFO - [2024-09-24T18:50:03.274+0000] {dag.py:2705} INFO - Sync 1 DAGs
[2024-09-24T18:50:03.282+0000] {logging_mixin.py:137} INFO - [2024-09-24T18:50:03.282+0000] {dag.py:3452} INFO - Setting next_dagrun for example_branch_labels to 2024-09-23T00:00:00+00:00, run_after=2024-09-24T00:00:00+00:00
[2024-09-24T18:50:03.289+0000] {processor.py:175} INFO - Processing /usr/local/lib/python3.9/site-packages/airflow/example_dags/example_branch_labels.py took 0.075 seconds
[2024-09-24T18:50:33.932+0000] {processor.py:153} INFO - Started process (PID=2634) to work on /usr/local/lib/python3.9/site-packages/airflow/example_dags/example_branch_labels.py
[2024-09-24T18:50:33.933+0000] {processor.py:743} INFO - Processing file /usr/local/lib/python3.9/site-packages/airflow/example_dags/example_branch_labels.py for tasks to queue
[2024-09-24T18:50:33.933+0000] {logging_mixin.py:137} INFO - [2024-09-24T18:50:33.933+0000] {dagbag.py:532} INFO - Filling up the DagBag from /usr/local/lib/python3.9/site-packages/airflow/example_dags/example_branch_labels.py
[2024-09-24T18:50:33.947+0000] {processor.py:753} INFO - DAG(s) dict_keys(['example_branch_labels']) retrieved from /usr/local/lib/python3.9/site-packages/airflow/example_dags/example_branch_labels.py
[2024-09-24T18:50:33.962+0000] {logging_mixin.py:137} INFO - [2024-09-24T18:50:33.962+0000] {dag.py:2705} INFO - Sync 1 DAGs
[2024-09-24T18:50:33.980+0000] {logging_mixin.py:137} INFO - [2024-09-24T18:50:33.980+0000] {dag.py:3452} INFO - Setting next_dagrun for example_branch_labels to 2024-09-23T00:00:00+00:00, run_after=2024-09-24T00:00:00+00:00
[2024-09-24T18:50:33.988+0000] {processor.py:175} INFO - Processing /usr/local/lib/python3.9/site-packages/airflow/example_dags/example_branch_labels.py took 0.058 seconds
[2024-09-24T18:51:06.276+0000] {processor.py:153} INFO - Started process (PID=2845) to work on /usr/local/lib/python3.9/site-packages/airflow/example_dags/example_branch_labels.py
[2024-09-24T18:51:06.277+0000] {processor.py:743} INFO - Processing file /usr/local/lib/python3.9/site-packages/airflow/example_dags/example_branch_labels.py for tasks to queue
[2024-09-24T18:51:06.279+0000] {logging_mixin.py:137} INFO - [2024-09-24T18:51:06.279+0000] {dagbag.py:532} INFO - Filling up the DagBag from /usr/local/lib/python3.9/site-packages/airflow/example_dags/example_branch_labels.py
[2024-09-24T18:51:06.292+0000] {processor.py:753} INFO - DAG(s) dict_keys(['example_branch_labels']) retrieved from /usr/local/lib/python3.9/site-packages/airflow/example_dags/example_branch_labels.py
[2024-09-24T18:51:06.392+0000] {logging_mixin.py:137} INFO - [2024-09-24T18:51:06.392+0000] {dag.py:2705} INFO - Sync 1 DAGs
[2024-09-24T18:51:06.416+0000] {logging_mixin.py:137} INFO - [2024-09-24T18:51:06.416+0000] {dag.py:3452} INFO - Setting next_dagrun for example_branch_labels to 2024-09-23T00:00:00+00:00, run_after=2024-09-24T00:00:00+00:00
[2024-09-24T18:51:06.429+0000] {processor.py:175} INFO - Processing /usr/local/lib/python3.9/site-packages/airflow/example_dags/example_branch_labels.py took 0.156 seconds
[2024-09-24T18:51:36.503+0000] {processor.py:153} INFO - Started process (PID=3058) to work on /usr/local/lib/python3.9/site-packages/airflow/example_dags/example_branch_labels.py
[2024-09-24T18:51:36.503+0000] {processor.py:743} INFO - Processing file /usr/local/lib/python3.9/site-packages/airflow/example_dags/example_branch_labels.py for tasks to queue
[2024-09-24T18:51:36.503+0000] {logging_mixin.py:137} INFO - [2024-09-24T18:51:36.503+0000] {dagbag.py:532} INFO - Filling up the DagBag from /usr/local/lib/python3.9/site-packages/airflow/example_dags/example_branch_labels.py
[2024-09-24T18:51:36.511+0000] {processor.py:753} INFO - DAG(s) dict_keys(['example_branch_labels']) retrieved from /usr/local/lib/python3.9/site-packages/airflow/example_dags/example_branch_labels.py
[2024-09-24T18:51:36.522+0000] {logging_mixin.py:137} INFO - [2024-09-24T18:51:36.522+0000] {dag.py:2705} INFO - Sync 1 DAGs
[2024-09-24T18:51:36.533+0000] {logging_mixin.py:137} INFO - [2024-09-24T18:51:36.533+0000] {dag.py:3452} INFO - Setting next_dagrun for example_branch_labels to 2024-09-23T00:00:00+00:00, run_after=2024-09-24T00:00:00+00:00
[2024-09-24T18:51:36.541+0000] {processor.py:175} INFO - Processing /usr/local/lib/python3.9/site-packages/airflow/example_dags/example_branch_labels.py took 0.040 seconds
[2024-09-24T18:52:07.394+0000] {processor.py:153} INFO - Started process (PID=3267) to work on /usr/local/lib/python3.9/site-packages/airflow/example_dags/example_branch_labels.py
[2024-09-24T18:52:07.395+0000] {processor.py:743} INFO - Processing file /usr/local/lib/python3.9/site-packages/airflow/example_dags/example_branch_labels.py for tasks to queue
[2024-09-24T18:52:07.395+0000] {logging_mixin.py:137} INFO - [2024-09-24T18:52:07.395+0000] {dagbag.py:532} INFO - Filling up the DagBag from /usr/local/lib/python3.9/site-packages/airflow/example_dags/example_branch_labels.py
[2024-09-24T18:52:07.401+0000] {processor.py:753} INFO - DAG(s) dict_keys(['example_branch_labels']) retrieved from /usr/local/lib/python3.9/site-packages/airflow/example_dags/example_branch_labels.py
[2024-09-24T18:52:07.411+0000] {logging_mixin.py:137} INFO - [2024-09-24T18:52:07.411+0000] {dag.py:2705} INFO - Sync 1 DAGs
[2024-09-24T18:52:07.422+0000] {logging_mixin.py:137} INFO - [2024-09-24T18:52:07.421+0000] {dag.py:3452} INFO - Setting next_dagrun for example_branch_labels to 2024-09-23T00:00:00+00:00, run_after=2024-09-24T00:00:00+00:00
[2024-09-24T18:52:07.429+0000] {processor.py:175} INFO - Processing /usr/local/lib/python3.9/site-packages/airflow/example_dags/example_branch_labels.py took 0.037 seconds
[2024-09-24T18:52:38.178+0000] {processor.py:153} INFO - Started process (PID=3478) to work on /usr/local/lib/python3.9/site-packages/airflow/example_dags/example_branch_labels.py
[2024-09-24T18:52:38.179+0000] {processor.py:743} INFO - Processing file /usr/local/lib/python3.9/site-packages/airflow/example_dags/example_branch_labels.py for tasks to queue
[2024-09-24T18:52:38.180+0000] {logging_mixin.py:137} INFO - [2024-09-24T18:52:38.180+0000] {dagbag.py:532} INFO - Filling up the DagBag from /usr/local/lib/python3.9/site-packages/airflow/example_dags/example_branch_labels.py
[2024-09-24T18:52:38.187+0000] {processor.py:753} INFO - DAG(s) dict_keys(['example_branch_labels']) retrieved from /usr/local/lib/python3.9/site-packages/airflow/example_dags/example_branch_labels.py
[2024-09-24T18:52:38.202+0000] {logging_mixin.py:137} INFO - [2024-09-24T18:52:38.202+0000] {dag.py:2705} INFO - Sync 1 DAGs
[2024-09-24T18:52:38.212+0000] {logging_mixin.py:137} INFO - [2024-09-24T18:52:38.212+0000] {dag.py:3452} INFO - Setting next_dagrun for example_branch_labels to 2024-09-23T00:00:00+00:00, run_after=2024-09-24T00:00:00+00:00
[2024-09-24T18:52:38.219+0000] {processor.py:175} INFO - Processing /usr/local/lib/python3.9/site-packages/airflow/example_dags/example_branch_labels.py took 0.042 seconds
[2024-09-24T18:53:08.985+0000] {processor.py:153} INFO - Started process (PID=3691) to work on /usr/local/lib/python3.9/site-packages/airflow/example_dags/example_branch_labels.py
[2024-09-24T18:53:08.985+0000] {processor.py:743} INFO - Processing file /usr/local/lib/python3.9/site-packages/airflow/example_dags/example_branch_labels.py for tasks to queue
[2024-09-24T18:53:08.985+0000] {logging_mixin.py:137} INFO - [2024-09-24T18:53:08.985+0000] {dagbag.py:532} INFO - Filling up the DagBag from /usr/local/lib/python3.9/site-packages/airflow/example_dags/example_branch_labels.py
[2024-09-24T18:53:09.003+0000] {processor.py:753} INFO - DAG(s) dict_keys(['example_branch_labels']) retrieved from /usr/local/lib/python3.9/site-packages/airflow/example_dags/example_branch_labels.py
[2024-09-24T18:53:09.019+0000] {logging_mixin.py:137} INFO - [2024-09-24T18:53:09.019+0000] {dag.py:2705} INFO - Sync 1 DAGs
[2024-09-24T18:53:09.030+0000] {logging_mixin.py:137} INFO - [2024-09-24T18:53:09.030+0000] {dag.py:3452} INFO - Setting next_dagrun for example_branch_labels to 2024-09-23T00:00:00+00:00, run_after=2024-09-24T00:00:00+00:00
[2024-09-24T18:53:09.036+0000] {processor.py:175} INFO - Processing /usr/local/lib/python3.9/site-packages/airflow/example_dags/example_branch_labels.py took 0.053 seconds
