[2024-09-24T15:58:44.744+0000] {processor.py:153} INFO - Started process (PID=354) to work on /usr/local/lib/python3.9/site-packages/airflow/example_dags/example_latest_only_with_trigger.py
[2024-09-24T15:58:44.745+0000] {processor.py:743} INFO - Processing file /usr/local/lib/python3.9/site-packages/airflow/example_dags/example_latest_only_with_trigger.py for tasks to queue
[2024-09-24T15:58:44.745+0000] {logging_mixin.py:137} INFO - [2024-09-24T15:58:44.745+0000] {dagbag.py:532} INFO - Filling up the DagBag from /usr/local/lib/python3.9/site-packages/airflow/example_dags/example_latest_only_with_trigger.py
[2024-09-24T15:58:44.755+0000] {processor.py:753} INFO - DAG(s) dict_keys(['latest_only_with_trigger']) retrieved from /usr/local/lib/python3.9/site-packages/airflow/example_dags/example_latest_only_with_trigger.py
[2024-09-24T15:58:44.859+0000] {logging_mixin.py:137} INFO - [2024-09-24T15:58:44.859+0000] {manager.py:504} INFO - Created Permission View: can delete on DAG:latest_only_with_trigger
[2024-09-24T15:58:44.866+0000] {logging_mixin.py:137} INFO - [2024-09-24T15:58:44.866+0000] {manager.py:504} INFO - Created Permission View: can read on DAG:latest_only_with_trigger
[2024-09-24T15:58:44.871+0000] {logging_mixin.py:137} INFO - [2024-09-24T15:58:44.871+0000] {manager.py:504} INFO - Created Permission View: can edit on DAG:latest_only_with_trigger
[2024-09-24T15:58:44.871+0000] {logging_mixin.py:137} INFO - [2024-09-24T15:58:44.871+0000] {dag.py:2705} INFO - Sync 1 DAGs
[2024-09-24T15:58:44.877+0000] {logging_mixin.py:137} INFO - [2024-09-24T15:58:44.877+0000] {dag.py:2726} INFO - Creating ORM DAG for latest_only_with_trigger
[2024-09-24T15:58:44.882+0000] {logging_mixin.py:137} INFO - [2024-09-24T15:58:44.882+0000] {dag.py:3452} INFO - Setting next_dagrun for latest_only_with_trigger to 2024-09-24T11:58:44.882680+00:00, run_after=2024-09-24T15:58:44.882680+00:00
[2024-09-24T15:58:44.891+0000] {processor.py:175} INFO - Processing /usr/local/lib/python3.9/site-packages/airflow/example_dags/example_latest_only_with_trigger.py took 0.149 seconds
[2024-09-24T15:59:15.245+0000] {processor.py:153} INFO - Started process (PID=565) to work on /usr/local/lib/python3.9/site-packages/airflow/example_dags/example_latest_only_with_trigger.py
[2024-09-24T15:59:15.249+0000] {processor.py:743} INFO - Processing file /usr/local/lib/python3.9/site-packages/airflow/example_dags/example_latest_only_with_trigger.py for tasks to queue
[2024-09-24T15:59:15.252+0000] {logging_mixin.py:137} INFO - [2024-09-24T15:59:15.252+0000] {dagbag.py:532} INFO - Filling up the DagBag from /usr/local/lib/python3.9/site-packages/airflow/example_dags/example_latest_only_with_trigger.py
[2024-09-24T15:59:15.280+0000] {processor.py:753} INFO - DAG(s) dict_keys(['latest_only_with_trigger']) retrieved from /usr/local/lib/python3.9/site-packages/airflow/example_dags/example_latest_only_with_trigger.py
[2024-09-24T15:59:15.345+0000] {logging_mixin.py:137} INFO - [2024-09-24T15:59:15.345+0000] {dag.py:2705} INFO - Sync 1 DAGs
[2024-09-24T15:59:15.373+0000] {logging_mixin.py:137} INFO - [2024-09-24T15:59:15.373+0000] {dag.py:3452} INFO - Setting next_dagrun for latest_only_with_trigger to 2024-09-24T11:59:15.372167+00:00, run_after=2024-09-24T15:59:15.372167+00:00
[2024-09-24T15:59:15.387+0000] {processor.py:175} INFO - Processing /usr/local/lib/python3.9/site-packages/airflow/example_dags/example_latest_only_with_trigger.py took 0.149 seconds
[2024-09-24T15:59:46.425+0000] {processor.py:153} INFO - Started process (PID=776) to work on /usr/local/lib/python3.9/site-packages/airflow/example_dags/example_latest_only_with_trigger.py
[2024-09-24T15:59:46.430+0000] {processor.py:743} INFO - Processing file /usr/local/lib/python3.9/site-packages/airflow/example_dags/example_latest_only_with_trigger.py for tasks to queue
[2024-09-24T15:59:46.430+0000] {logging_mixin.py:137} INFO - [2024-09-24T15:59:46.430+0000] {dagbag.py:532} INFO - Filling up the DagBag from /usr/local/lib/python3.9/site-packages/airflow/example_dags/example_latest_only_with_trigger.py
[2024-09-24T15:59:46.439+0000] {processor.py:753} INFO - DAG(s) dict_keys(['latest_only_with_trigger']) retrieved from /usr/local/lib/python3.9/site-packages/airflow/example_dags/example_latest_only_with_trigger.py
[2024-09-24T15:59:46.453+0000] {logging_mixin.py:137} INFO - [2024-09-24T15:59:46.453+0000] {dag.py:2705} INFO - Sync 1 DAGs
[2024-09-24T15:59:46.471+0000] {logging_mixin.py:137} INFO - [2024-09-24T15:59:46.471+0000] {dag.py:3452} INFO - Setting next_dagrun for latest_only_with_trigger to 2024-09-24T11:59:46.470743+00:00, run_after=2024-09-24T15:59:46.470743+00:00
[2024-09-24T15:59:46.487+0000] {processor.py:175} INFO - Processing /usr/local/lib/python3.9/site-packages/airflow/example_dags/example_latest_only_with_trigger.py took 0.063 seconds
[2024-09-24T16:12:38.868+0000] {processor.py:153} INFO - Started process (PID=357) to work on /usr/local/lib/python3.9/site-packages/airflow/example_dags/example_latest_only_with_trigger.py
[2024-09-24T16:12:38.869+0000] {processor.py:743} INFO - Processing file /usr/local/lib/python3.9/site-packages/airflow/example_dags/example_latest_only_with_trigger.py for tasks to queue
[2024-09-24T16:12:38.869+0000] {logging_mixin.py:137} INFO - [2024-09-24T16:12:38.869+0000] {dagbag.py:532} INFO - Filling up the DagBag from /usr/local/lib/python3.9/site-packages/airflow/example_dags/example_latest_only_with_trigger.py
[2024-09-24T16:12:38.879+0000] {processor.py:753} INFO - DAG(s) dict_keys(['latest_only_with_trigger']) retrieved from /usr/local/lib/python3.9/site-packages/airflow/example_dags/example_latest_only_with_trigger.py
[2024-09-24T16:12:38.935+0000] {logging_mixin.py:137} INFO - [2024-09-24T16:12:38.935+0000] {manager.py:504} INFO - Created Permission View: can read on DAG:latest_only_with_trigger
[2024-09-24T16:12:39.043+0000] {logging_mixin.py:137} INFO - [2024-09-24T16:12:39.043+0000] {manager.py:504} INFO - Created Permission View: can edit on DAG:latest_only_with_trigger
[2024-09-24T16:12:39.125+0000] {logging_mixin.py:137} INFO - [2024-09-24T16:12:39.125+0000] {manager.py:504} INFO - Created Permission View: can delete on DAG:latest_only_with_trigger
[2024-09-24T16:12:39.125+0000] {logging_mixin.py:137} INFO - [2024-09-24T16:12:39.125+0000] {dag.py:2705} INFO - Sync 1 DAGs
[2024-09-24T16:12:39.132+0000] {logging_mixin.py:137} INFO - [2024-09-24T16:12:39.132+0000] {dag.py:2726} INFO - Creating ORM DAG for latest_only_with_trigger
[2024-09-24T16:12:39.137+0000] {logging_mixin.py:137} INFO - [2024-09-24T16:12:39.136+0000] {dag.py:3452} INFO - Setting next_dagrun for latest_only_with_trigger to 2024-09-24T12:12:39.136799+00:00, run_after=2024-09-24T16:12:39.136799+00:00
[2024-09-24T16:12:39.144+0000] {processor.py:175} INFO - Processing /usr/local/lib/python3.9/site-packages/airflow/example_dags/example_latest_only_with_trigger.py took 0.237 seconds
[2024-09-24T16:13:23.202+0000] {processor.py:153} INFO - Started process (PID=566) to work on /usr/local/lib/python3.9/site-packages/airflow/example_dags/example_latest_only_with_trigger.py
[2024-09-24T16:13:23.205+0000] {processor.py:743} INFO - Processing file /usr/local/lib/python3.9/site-packages/airflow/example_dags/example_latest_only_with_trigger.py for tasks to queue
[2024-09-24T16:13:23.208+0000] {logging_mixin.py:137} INFO - [2024-09-24T16:13:23.208+0000] {dagbag.py:532} INFO - Filling up the DagBag from /usr/local/lib/python3.9/site-packages/airflow/example_dags/example_latest_only_with_trigger.py
[2024-09-24T16:13:23.228+0000] {processor.py:753} INFO - DAG(s) dict_keys(['latest_only_with_trigger']) retrieved from /usr/local/lib/python3.9/site-packages/airflow/example_dags/example_latest_only_with_trigger.py
[2024-09-24T16:13:23.297+0000] {logging_mixin.py:137} INFO - [2024-09-24T16:13:23.297+0000] {dag.py:2705} INFO - Sync 1 DAGs
[2024-09-24T16:13:23.354+0000] {logging_mixin.py:137} INFO - [2024-09-24T16:13:23.354+0000] {dag.py:3452} INFO - Setting next_dagrun for latest_only_with_trigger to 2024-09-24T12:13:23.353706+00:00, run_after=2024-09-24T16:13:23.353706+00:00
[2024-09-24T16:13:23.390+0000] {processor.py:175} INFO - Processing /usr/local/lib/python3.9/site-packages/airflow/example_dags/example_latest_only_with_trigger.py took 0.200 seconds
[2024-09-24T16:13:53.529+0000] {processor.py:153} INFO - Started process (PID=779) to work on /usr/local/lib/python3.9/site-packages/airflow/example_dags/example_latest_only_with_trigger.py
[2024-09-24T16:13:53.533+0000] {processor.py:743} INFO - Processing file /usr/local/lib/python3.9/site-packages/airflow/example_dags/example_latest_only_with_trigger.py for tasks to queue
[2024-09-24T16:13:53.533+0000] {logging_mixin.py:137} INFO - [2024-09-24T16:13:53.533+0000] {dagbag.py:532} INFO - Filling up the DagBag from /usr/local/lib/python3.9/site-packages/airflow/example_dags/example_latest_only_with_trigger.py
[2024-09-24T16:13:53.540+0000] {processor.py:753} INFO - DAG(s) dict_keys(['latest_only_with_trigger']) retrieved from /usr/local/lib/python3.9/site-packages/airflow/example_dags/example_latest_only_with_trigger.py
[2024-09-24T16:13:53.550+0000] {logging_mixin.py:137} INFO - [2024-09-24T16:13:53.550+0000] {dag.py:2705} INFO - Sync 1 DAGs
[2024-09-24T16:13:53.559+0000] {logging_mixin.py:137} INFO - [2024-09-24T16:13:53.559+0000] {dag.py:3452} INFO - Setting next_dagrun for latest_only_with_trigger to 2024-09-24T12:13:53.559562+00:00, run_after=2024-09-24T16:13:53.559562+00:00
[2024-09-24T16:13:53.619+0000] {processor.py:175} INFO - Processing /usr/local/lib/python3.9/site-packages/airflow/example_dags/example_latest_only_with_trigger.py took 0.091 seconds
[2024-09-24T16:14:26.171+0000] {processor.py:153} INFO - Started process (PID=988) to work on /usr/local/lib/python3.9/site-packages/airflow/example_dags/example_latest_only_with_trigger.py
[2024-09-24T16:14:26.174+0000] {processor.py:743} INFO - Processing file /usr/local/lib/python3.9/site-packages/airflow/example_dags/example_latest_only_with_trigger.py for tasks to queue
[2024-09-24T16:14:26.185+0000] {logging_mixin.py:137} INFO - [2024-09-24T16:14:26.183+0000] {dagbag.py:532} INFO - Filling up the DagBag from /usr/local/lib/python3.9/site-packages/airflow/example_dags/example_latest_only_with_trigger.py
[2024-09-24T16:14:26.258+0000] {processor.py:753} INFO - DAG(s) dict_keys(['latest_only_with_trigger']) retrieved from /usr/local/lib/python3.9/site-packages/airflow/example_dags/example_latest_only_with_trigger.py
[2024-09-24T16:14:26.386+0000] {logging_mixin.py:137} INFO - [2024-09-24T16:14:26.385+0000] {dag.py:2705} INFO - Sync 1 DAGs
[2024-09-24T16:14:26.727+0000] {logging_mixin.py:137} INFO - [2024-09-24T16:14:26.724+0000] {dag.py:3452} INFO - Setting next_dagrun for latest_only_with_trigger to 2024-09-24T12:14:26.721308+00:00, run_after=2024-09-24T16:14:26.721308+00:00
[2024-09-24T16:14:26.888+0000] {processor.py:175} INFO - Processing /usr/local/lib/python3.9/site-packages/airflow/example_dags/example_latest_only_with_trigger.py took 0.737 seconds
[2024-09-24T16:15:05.118+0000] {processor.py:153} INFO - Started process (PID=1201) to work on /usr/local/lib/python3.9/site-packages/airflow/example_dags/example_latest_only_with_trigger.py
[2024-09-24T16:15:05.118+0000] {processor.py:743} INFO - Processing file /usr/local/lib/python3.9/site-packages/airflow/example_dags/example_latest_only_with_trigger.py for tasks to queue
[2024-09-24T16:15:05.119+0000] {logging_mixin.py:137} INFO - [2024-09-24T16:15:05.119+0000] {dagbag.py:532} INFO - Filling up the DagBag from /usr/local/lib/python3.9/site-packages/airflow/example_dags/example_latest_only_with_trigger.py
[2024-09-24T16:15:05.130+0000] {processor.py:753} INFO - DAG(s) dict_keys(['latest_only_with_trigger']) retrieved from /usr/local/lib/python3.9/site-packages/airflow/example_dags/example_latest_only_with_trigger.py
[2024-09-24T16:15:05.144+0000] {logging_mixin.py:137} INFO - [2024-09-24T16:15:05.144+0000] {dag.py:2705} INFO - Sync 1 DAGs
[2024-09-24T16:15:05.156+0000] {logging_mixin.py:137} INFO - [2024-09-24T16:15:05.156+0000] {dag.py:3452} INFO - Setting next_dagrun for latest_only_with_trigger to 2024-09-24T12:15:05.156102+00:00, run_after=2024-09-24T16:15:05.156102+00:00
[2024-09-24T16:15:05.167+0000] {processor.py:175} INFO - Processing /usr/local/lib/python3.9/site-packages/airflow/example_dags/example_latest_only_with_trigger.py took 0.053 seconds
[2024-09-24T16:15:37.250+0000] {processor.py:153} INFO - Started process (PID=1410) to work on /usr/local/lib/python3.9/site-packages/airflow/example_dags/example_latest_only_with_trigger.py
[2024-09-24T16:15:37.251+0000] {processor.py:743} INFO - Processing file /usr/local/lib/python3.9/site-packages/airflow/example_dags/example_latest_only_with_trigger.py for tasks to queue
[2024-09-24T16:15:37.252+0000] {logging_mixin.py:137} INFO - [2024-09-24T16:15:37.252+0000] {dagbag.py:532} INFO - Filling up the DagBag from /usr/local/lib/python3.9/site-packages/airflow/example_dags/example_latest_only_with_trigger.py
[2024-09-24T16:15:37.261+0000] {processor.py:753} INFO - DAG(s) dict_keys(['latest_only_with_trigger']) retrieved from /usr/local/lib/python3.9/site-packages/airflow/example_dags/example_latest_only_with_trigger.py
[2024-09-24T16:15:37.277+0000] {logging_mixin.py:137} INFO - [2024-09-24T16:15:37.277+0000] {dag.py:2705} INFO - Sync 1 DAGs
[2024-09-24T16:15:37.292+0000] {logging_mixin.py:137} INFO - [2024-09-24T16:15:37.292+0000] {dag.py:3452} INFO - Setting next_dagrun for latest_only_with_trigger to 2024-09-24T12:15:37.292438+00:00, run_after=2024-09-24T16:15:37.292438+00:00
[2024-09-24T16:15:37.308+0000] {processor.py:175} INFO - Processing /usr/local/lib/python3.9/site-packages/airflow/example_dags/example_latest_only_with_trigger.py took 0.060 seconds
[2024-09-24T16:16:07.583+0000] {processor.py:153} INFO - Started process (PID=1621) to work on /usr/local/lib/python3.9/site-packages/airflow/example_dags/example_latest_only_with_trigger.py
[2024-09-24T16:16:07.584+0000] {processor.py:743} INFO - Processing file /usr/local/lib/python3.9/site-packages/airflow/example_dags/example_latest_only_with_trigger.py for tasks to queue
[2024-09-24T16:16:07.584+0000] {logging_mixin.py:137} INFO - [2024-09-24T16:16:07.584+0000] {dagbag.py:532} INFO - Filling up the DagBag from /usr/local/lib/python3.9/site-packages/airflow/example_dags/example_latest_only_with_trigger.py
[2024-09-24T16:16:07.592+0000] {processor.py:753} INFO - DAG(s) dict_keys(['latest_only_with_trigger']) retrieved from /usr/local/lib/python3.9/site-packages/airflow/example_dags/example_latest_only_with_trigger.py
[2024-09-24T16:16:07.606+0000] {logging_mixin.py:137} INFO - [2024-09-24T16:16:07.605+0000] {dag.py:2705} INFO - Sync 1 DAGs
[2024-09-24T16:16:07.615+0000] {logging_mixin.py:137} INFO - [2024-09-24T16:16:07.615+0000] {dag.py:3452} INFO - Setting next_dagrun for latest_only_with_trigger to 2024-09-24T12:16:07.615494+00:00, run_after=2024-09-24T16:16:07.615494+00:00
[2024-09-24T16:16:07.622+0000] {processor.py:175} INFO - Processing /usr/local/lib/python3.9/site-packages/airflow/example_dags/example_latest_only_with_trigger.py took 0.041 seconds
[2024-09-24T16:16:37.899+0000] {processor.py:153} INFO - Started process (PID=1829) to work on /usr/local/lib/python3.9/site-packages/airflow/example_dags/example_latest_only_with_trigger.py
[2024-09-24T16:16:37.900+0000] {processor.py:743} INFO - Processing file /usr/local/lib/python3.9/site-packages/airflow/example_dags/example_latest_only_with_trigger.py for tasks to queue
[2024-09-24T16:16:37.900+0000] {logging_mixin.py:137} INFO - [2024-09-24T16:16:37.900+0000] {dagbag.py:532} INFO - Filling up the DagBag from /usr/local/lib/python3.9/site-packages/airflow/example_dags/example_latest_only_with_trigger.py
[2024-09-24T16:16:37.906+0000] {processor.py:753} INFO - DAG(s) dict_keys(['latest_only_with_trigger']) retrieved from /usr/local/lib/python3.9/site-packages/airflow/example_dags/example_latest_only_with_trigger.py
[2024-09-24T16:16:37.924+0000] {logging_mixin.py:137} INFO - [2024-09-24T16:16:37.924+0000] {dag.py:2705} INFO - Sync 1 DAGs
[2024-09-24T16:16:37.937+0000] {logging_mixin.py:137} INFO - [2024-09-24T16:16:37.937+0000] {dag.py:3452} INFO - Setting next_dagrun for latest_only_with_trigger to 2024-09-24T12:16:37.936969+00:00, run_after=2024-09-24T16:16:37.936969+00:00
[2024-09-24T16:16:37.952+0000] {processor.py:175} INFO - Processing /usr/local/lib/python3.9/site-packages/airflow/example_dags/example_latest_only_with_trigger.py took 0.054 seconds
[2024-09-24T16:17:08.453+0000] {processor.py:153} INFO - Started process (PID=2043) to work on /usr/local/lib/python3.9/site-packages/airflow/example_dags/example_latest_only_with_trigger.py
[2024-09-24T16:17:08.455+0000] {processor.py:743} INFO - Processing file /usr/local/lib/python3.9/site-packages/airflow/example_dags/example_latest_only_with_trigger.py for tasks to queue
[2024-09-24T16:17:08.456+0000] {logging_mixin.py:137} INFO - [2024-09-24T16:17:08.456+0000] {dagbag.py:532} INFO - Filling up the DagBag from /usr/local/lib/python3.9/site-packages/airflow/example_dags/example_latest_only_with_trigger.py
[2024-09-24T16:17:08.462+0000] {processor.py:753} INFO - DAG(s) dict_keys(['latest_only_with_trigger']) retrieved from /usr/local/lib/python3.9/site-packages/airflow/example_dags/example_latest_only_with_trigger.py
[2024-09-24T16:17:08.474+0000] {logging_mixin.py:137} INFO - [2024-09-24T16:17:08.474+0000] {dag.py:2705} INFO - Sync 1 DAGs
[2024-09-24T16:17:08.534+0000] {logging_mixin.py:137} INFO - [2024-09-24T16:17:08.534+0000] {dag.py:3452} INFO - Setting next_dagrun for latest_only_with_trigger to 2024-09-24T12:17:08.534297+00:00, run_after=2024-09-24T16:17:08.534297+00:00
[2024-09-24T16:17:08.544+0000] {processor.py:175} INFO - Processing /usr/local/lib/python3.9/site-packages/airflow/example_dags/example_latest_only_with_trigger.py took 0.092 seconds
[2024-09-24T16:17:39.177+0000] {processor.py:153} INFO - Started process (PID=2251) to work on /usr/local/lib/python3.9/site-packages/airflow/example_dags/example_latest_only_with_trigger.py
[2024-09-24T16:17:39.177+0000] {processor.py:743} INFO - Processing file /usr/local/lib/python3.9/site-packages/airflow/example_dags/example_latest_only_with_trigger.py for tasks to queue
[2024-09-24T16:17:39.177+0000] {logging_mixin.py:137} INFO - [2024-09-24T16:17:39.177+0000] {dagbag.py:532} INFO - Filling up the DagBag from /usr/local/lib/python3.9/site-packages/airflow/example_dags/example_latest_only_with_trigger.py
[2024-09-24T16:17:39.184+0000] {processor.py:753} INFO - DAG(s) dict_keys(['latest_only_with_trigger']) retrieved from /usr/local/lib/python3.9/site-packages/airflow/example_dags/example_latest_only_with_trigger.py
[2024-09-24T16:17:39.243+0000] {logging_mixin.py:137} INFO - [2024-09-24T16:17:39.242+0000] {dag.py:2705} INFO - Sync 1 DAGs
[2024-09-24T16:17:39.251+0000] {logging_mixin.py:137} INFO - [2024-09-24T16:17:39.251+0000] {dag.py:3452} INFO - Setting next_dagrun for latest_only_with_trigger to 2024-09-24T12:17:39.251587+00:00, run_after=2024-09-24T16:17:39.251587+00:00
[2024-09-24T16:17:39.257+0000] {processor.py:175} INFO - Processing /usr/local/lib/python3.9/site-packages/airflow/example_dags/example_latest_only_with_trigger.py took 0.082 seconds
[2024-09-24T16:18:09.820+0000] {processor.py:153} INFO - Started process (PID=2460) to work on /usr/local/lib/python3.9/site-packages/airflow/example_dags/example_latest_only_with_trigger.py
[2024-09-24T16:18:09.820+0000] {processor.py:743} INFO - Processing file /usr/local/lib/python3.9/site-packages/airflow/example_dags/example_latest_only_with_trigger.py for tasks to queue
[2024-09-24T16:18:09.821+0000] {logging_mixin.py:137} INFO - [2024-09-24T16:18:09.821+0000] {dagbag.py:532} INFO - Filling up the DagBag from /usr/local/lib/python3.9/site-packages/airflow/example_dags/example_latest_only_with_trigger.py
[2024-09-24T16:18:09.888+0000] {processor.py:753} INFO - DAG(s) dict_keys(['latest_only_with_trigger']) retrieved from /usr/local/lib/python3.9/site-packages/airflow/example_dags/example_latest_only_with_trigger.py
[2024-09-24T16:18:09.901+0000] {logging_mixin.py:137} INFO - [2024-09-24T16:18:09.901+0000] {dag.py:2705} INFO - Sync 1 DAGs
[2024-09-24T16:18:09.910+0000] {logging_mixin.py:137} INFO - [2024-09-24T16:18:09.910+0000] {dag.py:3452} INFO - Setting next_dagrun for latest_only_with_trigger to 2024-09-24T12:18:09.910652+00:00, run_after=2024-09-24T16:18:09.910652+00:00
[2024-09-24T16:18:09.921+0000] {processor.py:175} INFO - Processing /usr/local/lib/python3.9/site-packages/airflow/example_dags/example_latest_only_with_trigger.py took 0.103 seconds
[2024-09-24T17:55:52.058+0000] {processor.py:153} INFO - Started process (PID=352) to work on /usr/local/lib/python3.9/site-packages/airflow/example_dags/example_latest_only_with_trigger.py
[2024-09-24T17:55:52.059+0000] {processor.py:743} INFO - Processing file /usr/local/lib/python3.9/site-packages/airflow/example_dags/example_latest_only_with_trigger.py for tasks to queue
[2024-09-24T17:55:52.059+0000] {logging_mixin.py:137} INFO - [2024-09-24T17:55:52.059+0000] {dagbag.py:532} INFO - Filling up the DagBag from /usr/local/lib/python3.9/site-packages/airflow/example_dags/example_latest_only_with_trigger.py
[2024-09-24T17:55:52.066+0000] {processor.py:753} INFO - DAG(s) dict_keys(['latest_only_with_trigger']) retrieved from /usr/local/lib/python3.9/site-packages/airflow/example_dags/example_latest_only_with_trigger.py
[2024-09-24T17:55:52.073+0000] {logging_mixin.py:137} INFO - [2024-09-24T17:55:52.073+0000] {dag.py:2705} INFO - Sync 1 DAGs
[2024-09-24T17:55:52.084+0000] {logging_mixin.py:137} INFO - [2024-09-24T17:55:52.084+0000] {dag.py:3452} INFO - Setting next_dagrun for latest_only_with_trigger to 2024-09-24T13:55:52.083901+00:00, run_after=2024-09-24T17:55:52.083901+00:00
[2024-09-24T17:55:52.094+0000] {processor.py:175} INFO - Processing /usr/local/lib/python3.9/site-packages/airflow/example_dags/example_latest_only_with_trigger.py took 0.038 seconds
[2024-09-24T17:56:26.557+0000] {processor.py:153} INFO - Started process (PID=565) to work on /usr/local/lib/python3.9/site-packages/airflow/example_dags/example_latest_only_with_trigger.py
[2024-09-24T17:56:26.565+0000] {processor.py:743} INFO - Processing file /usr/local/lib/python3.9/site-packages/airflow/example_dags/example_latest_only_with_trigger.py for tasks to queue
[2024-09-24T17:56:26.566+0000] {logging_mixin.py:137} INFO - [2024-09-24T17:56:26.566+0000] {dagbag.py:532} INFO - Filling up the DagBag from /usr/local/lib/python3.9/site-packages/airflow/example_dags/example_latest_only_with_trigger.py
[2024-09-24T17:56:26.587+0000] {processor.py:753} INFO - DAG(s) dict_keys(['latest_only_with_trigger']) retrieved from /usr/local/lib/python3.9/site-packages/airflow/example_dags/example_latest_only_with_trigger.py
[2024-09-24T17:56:26.622+0000] {logging_mixin.py:137} INFO - [2024-09-24T17:56:26.622+0000] {dag.py:2705} INFO - Sync 1 DAGs
[2024-09-24T17:56:26.661+0000] {logging_mixin.py:137} INFO - [2024-09-24T17:56:26.661+0000] {dag.py:3452} INFO - Setting next_dagrun for latest_only_with_trigger to 2024-09-24T13:56:26.661114+00:00, run_after=2024-09-24T17:56:26.661114+00:00
[2024-09-24T17:56:26.734+0000] {processor.py:175} INFO - Processing /usr/local/lib/python3.9/site-packages/airflow/example_dags/example_latest_only_with_trigger.py took 0.179 seconds
[2024-09-24T18:44:47.631+0000] {processor.py:153} INFO - Started process (PID=355) to work on /usr/local/lib/python3.9/site-packages/airflow/example_dags/example_latest_only_with_trigger.py
[2024-09-24T18:44:47.631+0000] {processor.py:743} INFO - Processing file /usr/local/lib/python3.9/site-packages/airflow/example_dags/example_latest_only_with_trigger.py for tasks to queue
[2024-09-24T18:44:47.632+0000] {logging_mixin.py:137} INFO - [2024-09-24T18:44:47.632+0000] {dagbag.py:532} INFO - Filling up the DagBag from /usr/local/lib/python3.9/site-packages/airflow/example_dags/example_latest_only_with_trigger.py
[2024-09-24T18:44:47.654+0000] {processor.py:753} INFO - DAG(s) dict_keys(['latest_only_with_trigger']) retrieved from /usr/local/lib/python3.9/site-packages/airflow/example_dags/example_latest_only_with_trigger.py
[2024-09-24T18:44:47.730+0000] {logging_mixin.py:137} INFO - [2024-09-24T18:44:47.730+0000] {manager.py:504} INFO - Created Permission View: can read on DAG:latest_only_with_trigger
[2024-09-24T18:44:47.738+0000] {logging_mixin.py:137} INFO - [2024-09-24T18:44:47.738+0000] {manager.py:504} INFO - Created Permission View: can edit on DAG:latest_only_with_trigger
[2024-09-24T18:44:47.744+0000] {logging_mixin.py:137} INFO - [2024-09-24T18:44:47.744+0000] {manager.py:504} INFO - Created Permission View: can delete on DAG:latest_only_with_trigger
[2024-09-24T18:44:47.744+0000] {logging_mixin.py:137} INFO - [2024-09-24T18:44:47.744+0000] {dag.py:2705} INFO - Sync 1 DAGs
[2024-09-24T18:44:47.752+0000] {logging_mixin.py:137} INFO - [2024-09-24T18:44:47.752+0000] {dag.py:2726} INFO - Creating ORM DAG for latest_only_with_trigger
[2024-09-24T18:44:47.758+0000] {logging_mixin.py:137} INFO - [2024-09-24T18:44:47.758+0000] {dag.py:3452} INFO - Setting next_dagrun for latest_only_with_trigger to 2024-09-24T14:44:47.758101+00:00, run_after=2024-09-24T18:44:47.758101+00:00
[2024-09-24T18:44:47.765+0000] {processor.py:175} INFO - Processing /usr/local/lib/python3.9/site-packages/airflow/example_dags/example_latest_only_with_trigger.py took 0.137 seconds
[2024-09-24T18:45:18.546+0000] {processor.py:153} INFO - Started process (PID=570) to work on /usr/local/lib/python3.9/site-packages/airflow/example_dags/example_latest_only_with_trigger.py
[2024-09-24T18:45:18.548+0000] {processor.py:743} INFO - Processing file /usr/local/lib/python3.9/site-packages/airflow/example_dags/example_latest_only_with_trigger.py for tasks to queue
[2024-09-24T18:45:18.549+0000] {logging_mixin.py:137} INFO - [2024-09-24T18:45:18.549+0000] {dagbag.py:532} INFO - Filling up the DagBag from /usr/local/lib/python3.9/site-packages/airflow/example_dags/example_latest_only_with_trigger.py
[2024-09-24T18:45:18.555+0000] {processor.py:753} INFO - DAG(s) dict_keys(['latest_only_with_trigger']) retrieved from /usr/local/lib/python3.9/site-packages/airflow/example_dags/example_latest_only_with_trigger.py
[2024-09-24T18:45:18.567+0000] {logging_mixin.py:137} INFO - [2024-09-24T18:45:18.567+0000] {dag.py:2705} INFO - Sync 1 DAGs
[2024-09-24T18:45:18.578+0000] {logging_mixin.py:137} INFO - [2024-09-24T18:45:18.578+0000] {dag.py:3452} INFO - Setting next_dagrun for latest_only_with_trigger to 2024-09-24T14:45:18.578489+00:00, run_after=2024-09-24T18:45:18.578489+00:00
[2024-09-24T18:45:18.591+0000] {processor.py:175} INFO - Processing /usr/local/lib/python3.9/site-packages/airflow/example_dags/example_latest_only_with_trigger.py took 0.046 seconds
[2024-09-24T18:45:50.265+0000] {processor.py:153} INFO - Started process (PID=781) to work on /usr/local/lib/python3.9/site-packages/airflow/example_dags/example_latest_only_with_trigger.py
[2024-09-24T18:45:50.267+0000] {processor.py:743} INFO - Processing file /usr/local/lib/python3.9/site-packages/airflow/example_dags/example_latest_only_with_trigger.py for tasks to queue
[2024-09-24T18:45:50.268+0000] {logging_mixin.py:137} INFO - [2024-09-24T18:45:50.268+0000] {dagbag.py:532} INFO - Filling up the DagBag from /usr/local/lib/python3.9/site-packages/airflow/example_dags/example_latest_only_with_trigger.py
[2024-09-24T18:45:50.287+0000] {processor.py:753} INFO - DAG(s) dict_keys(['latest_only_with_trigger']) retrieved from /usr/local/lib/python3.9/site-packages/airflow/example_dags/example_latest_only_with_trigger.py
[2024-09-24T18:45:50.309+0000] {logging_mixin.py:137} INFO - [2024-09-24T18:45:50.308+0000] {dag.py:2705} INFO - Sync 1 DAGs
[2024-09-24T18:45:50.326+0000] {logging_mixin.py:137} INFO - [2024-09-24T18:45:50.326+0000] {dag.py:3452} INFO - Setting next_dagrun for latest_only_with_trigger to 2024-09-24T14:45:50.325464+00:00, run_after=2024-09-24T18:45:50.325464+00:00
[2024-09-24T18:45:50.343+0000] {processor.py:175} INFO - Processing /usr/local/lib/python3.9/site-packages/airflow/example_dags/example_latest_only_with_trigger.py took 0.082 seconds
[2024-09-24T18:46:21.162+0000] {processor.py:153} INFO - Started process (PID=993) to work on /usr/local/lib/python3.9/site-packages/airflow/example_dags/example_latest_only_with_trigger.py
[2024-09-24T18:46:21.164+0000] {processor.py:743} INFO - Processing file /usr/local/lib/python3.9/site-packages/airflow/example_dags/example_latest_only_with_trigger.py for tasks to queue
[2024-09-24T18:46:21.165+0000] {logging_mixin.py:137} INFO - [2024-09-24T18:46:21.165+0000] {dagbag.py:532} INFO - Filling up the DagBag from /usr/local/lib/python3.9/site-packages/airflow/example_dags/example_latest_only_with_trigger.py
[2024-09-24T18:46:21.171+0000] {processor.py:753} INFO - DAG(s) dict_keys(['latest_only_with_trigger']) retrieved from /usr/local/lib/python3.9/site-packages/airflow/example_dags/example_latest_only_with_trigger.py
[2024-09-24T18:46:21.181+0000] {logging_mixin.py:137} INFO - [2024-09-24T18:46:21.181+0000] {dag.py:2705} INFO - Sync 1 DAGs
[2024-09-24T18:46:21.191+0000] {logging_mixin.py:137} INFO - [2024-09-24T18:46:21.191+0000] {dag.py:3452} INFO - Setting next_dagrun for latest_only_with_trigger to 2024-09-24T14:46:21.191181+00:00, run_after=2024-09-24T18:46:21.191181+00:00
[2024-09-24T18:46:21.198+0000] {processor.py:175} INFO - Processing /usr/local/lib/python3.9/site-packages/airflow/example_dags/example_latest_only_with_trigger.py took 0.038 seconds
[2024-09-24T18:46:55.233+0000] {processor.py:153} INFO - Started process (PID=1203) to work on /usr/local/lib/python3.9/site-packages/airflow/example_dags/example_latest_only_with_trigger.py
[2024-09-24T18:46:55.238+0000] {processor.py:743} INFO - Processing file /usr/local/lib/python3.9/site-packages/airflow/example_dags/example_latest_only_with_trigger.py for tasks to queue
[2024-09-24T18:46:55.239+0000] {logging_mixin.py:137} INFO - [2024-09-24T18:46:55.238+0000] {dagbag.py:532} INFO - Filling up the DagBag from /usr/local/lib/python3.9/site-packages/airflow/example_dags/example_latest_only_with_trigger.py
[2024-09-24T18:46:58.251+0000] {processor.py:753} INFO - DAG(s) dict_keys(['latest_only_with_trigger']) retrieved from /usr/local/lib/python3.9/site-packages/airflow/example_dags/example_latest_only_with_trigger.py
[2024-09-24T18:46:59.067+0000] {logging_mixin.py:137} INFO - [2024-09-24T18:46:59.067+0000] {dag.py:2705} INFO - Sync 1 DAGs
[2024-09-24T18:46:59.198+0000] {logging_mixin.py:137} INFO - [2024-09-24T18:46:59.198+0000] {dag.py:3452} INFO - Setting next_dagrun for latest_only_with_trigger to 2024-09-24T14:46:59.198182+00:00, run_after=2024-09-24T18:46:59.198182+00:00
[2024-09-24T18:47:00.564+0000] {processor.py:175} INFO - Processing /usr/local/lib/python3.9/site-packages/airflow/example_dags/example_latest_only_with_trigger.py took 5.341 seconds
[2024-09-24T18:47:32.166+0000] {processor.py:153} INFO - Started process (PID=1416) to work on /usr/local/lib/python3.9/site-packages/airflow/example_dags/example_latest_only_with_trigger.py
[2024-09-24T18:47:32.169+0000] {processor.py:743} INFO - Processing file /usr/local/lib/python3.9/site-packages/airflow/example_dags/example_latest_only_with_trigger.py for tasks to queue
[2024-09-24T18:47:32.170+0000] {logging_mixin.py:137} INFO - [2024-09-24T18:47:32.170+0000] {dagbag.py:532} INFO - Filling up the DagBag from /usr/local/lib/python3.9/site-packages/airflow/example_dags/example_latest_only_with_trigger.py
[2024-09-24T18:47:32.187+0000] {processor.py:753} INFO - DAG(s) dict_keys(['latest_only_with_trigger']) retrieved from /usr/local/lib/python3.9/site-packages/airflow/example_dags/example_latest_only_with_trigger.py
[2024-09-24T18:47:32.232+0000] {logging_mixin.py:137} INFO - [2024-09-24T18:47:32.232+0000] {dag.py:2705} INFO - Sync 1 DAGs
[2024-09-24T18:47:32.247+0000] {logging_mixin.py:137} INFO - [2024-09-24T18:47:32.247+0000] {dag.py:3452} INFO - Setting next_dagrun for latest_only_with_trigger to 2024-09-24T14:47:32.247207+00:00, run_after=2024-09-24T18:47:32.247207+00:00
[2024-09-24T18:47:32.258+0000] {processor.py:175} INFO - Processing /usr/local/lib/python3.9/site-packages/airflow/example_dags/example_latest_only_with_trigger.py took 0.098 seconds
[2024-09-24T18:48:02.804+0000] {processor.py:153} INFO - Started process (PID=1627) to work on /usr/local/lib/python3.9/site-packages/airflow/example_dags/example_latest_only_with_trigger.py
[2024-09-24T18:48:02.805+0000] {processor.py:743} INFO - Processing file /usr/local/lib/python3.9/site-packages/airflow/example_dags/example_latest_only_with_trigger.py for tasks to queue
[2024-09-24T18:48:02.806+0000] {logging_mixin.py:137} INFO - [2024-09-24T18:48:02.806+0000] {dagbag.py:532} INFO - Filling up the DagBag from /usr/local/lib/python3.9/site-packages/airflow/example_dags/example_latest_only_with_trigger.py
[2024-09-24T18:48:02.831+0000] {processor.py:753} INFO - DAG(s) dict_keys(['latest_only_with_trigger']) retrieved from /usr/local/lib/python3.9/site-packages/airflow/example_dags/example_latest_only_with_trigger.py
[2024-09-24T18:48:02.851+0000] {logging_mixin.py:137} INFO - [2024-09-24T18:48:02.851+0000] {dag.py:2705} INFO - Sync 1 DAGs
[2024-09-24T18:48:02.863+0000] {logging_mixin.py:137} INFO - [2024-09-24T18:48:02.863+0000] {dag.py:3452} INFO - Setting next_dagrun for latest_only_with_trigger to 2024-09-24T14:48:02.863621+00:00, run_after=2024-09-24T18:48:02.863621+00:00
[2024-09-24T18:48:02.872+0000] {processor.py:175} INFO - Processing /usr/local/lib/python3.9/site-packages/airflow/example_dags/example_latest_only_with_trigger.py took 0.071 seconds
[2024-09-24T18:48:33.598+0000] {processor.py:153} INFO - Started process (PID=1838) to work on /usr/local/lib/python3.9/site-packages/airflow/example_dags/example_latest_only_with_trigger.py
[2024-09-24T18:48:33.610+0000] {processor.py:743} INFO - Processing file /usr/local/lib/python3.9/site-packages/airflow/example_dags/example_latest_only_with_trigger.py for tasks to queue
[2024-09-24T18:48:33.611+0000] {logging_mixin.py:137} INFO - [2024-09-24T18:48:33.611+0000] {dagbag.py:532} INFO - Filling up the DagBag from /usr/local/lib/python3.9/site-packages/airflow/example_dags/example_latest_only_with_trigger.py
[2024-09-24T18:48:33.629+0000] {processor.py:753} INFO - DAG(s) dict_keys(['latest_only_with_trigger']) retrieved from /usr/local/lib/python3.9/site-packages/airflow/example_dags/example_latest_only_with_trigger.py
[2024-09-24T18:48:33.641+0000] {logging_mixin.py:137} INFO - [2024-09-24T18:48:33.641+0000] {dag.py:2705} INFO - Sync 1 DAGs
[2024-09-24T18:48:33.654+0000] {logging_mixin.py:137} INFO - [2024-09-24T18:48:33.654+0000] {dag.py:3452} INFO - Setting next_dagrun for latest_only_with_trigger to 2024-09-24T14:48:33.654024+00:00, run_after=2024-09-24T18:48:33.654024+00:00
[2024-09-24T18:48:33.663+0000] {processor.py:175} INFO - Processing /usr/local/lib/python3.9/site-packages/airflow/example_dags/example_latest_only_with_trigger.py took 0.068 seconds
[2024-09-24T18:49:04.063+0000] {processor.py:153} INFO - Started process (PID=2047) to work on /usr/local/lib/python3.9/site-packages/airflow/example_dags/example_latest_only_with_trigger.py
[2024-09-24T18:49:04.064+0000] {processor.py:743} INFO - Processing file /usr/local/lib/python3.9/site-packages/airflow/example_dags/example_latest_only_with_trigger.py for tasks to queue
[2024-09-24T18:49:04.065+0000] {logging_mixin.py:137} INFO - [2024-09-24T18:49:04.064+0000] {dagbag.py:532} INFO - Filling up the DagBag from /usr/local/lib/python3.9/site-packages/airflow/example_dags/example_latest_only_with_trigger.py
[2024-09-24T18:49:04.073+0000] {processor.py:753} INFO - DAG(s) dict_keys(['latest_only_with_trigger']) retrieved from /usr/local/lib/python3.9/site-packages/airflow/example_dags/example_latest_only_with_trigger.py
[2024-09-24T18:49:04.108+0000] {logging_mixin.py:137} INFO - [2024-09-24T18:49:04.108+0000] {dag.py:2705} INFO - Sync 1 DAGs
[2024-09-24T18:49:04.192+0000] {logging_mixin.py:137} INFO - [2024-09-24T18:49:04.192+0000] {dag.py:3452} INFO - Setting next_dagrun for latest_only_with_trigger to 2024-09-24T14:49:04.192598+00:00, run_after=2024-09-24T18:49:04.192598+00:00
[2024-09-24T18:49:04.200+0000] {processor.py:175} INFO - Processing /usr/local/lib/python3.9/site-packages/airflow/example_dags/example_latest_only_with_trigger.py took 0.140 seconds
[2024-09-24T18:49:35.102+0000] {processor.py:153} INFO - Started process (PID=2257) to work on /usr/local/lib/python3.9/site-packages/airflow/example_dags/example_latest_only_with_trigger.py
[2024-09-24T18:49:35.102+0000] {processor.py:743} INFO - Processing file /usr/local/lib/python3.9/site-packages/airflow/example_dags/example_latest_only_with_trigger.py for tasks to queue
[2024-09-24T18:49:35.103+0000] {logging_mixin.py:137} INFO - [2024-09-24T18:49:35.103+0000] {dagbag.py:532} INFO - Filling up the DagBag from /usr/local/lib/python3.9/site-packages/airflow/example_dags/example_latest_only_with_trigger.py
[2024-09-24T18:49:35.109+0000] {processor.py:753} INFO - DAG(s) dict_keys(['latest_only_with_trigger']) retrieved from /usr/local/lib/python3.9/site-packages/airflow/example_dags/example_latest_only_with_trigger.py
[2024-09-24T18:49:35.166+0000] {logging_mixin.py:137} INFO - [2024-09-24T18:49:35.166+0000] {dag.py:2705} INFO - Sync 1 DAGs
[2024-09-24T18:49:35.175+0000] {logging_mixin.py:137} INFO - [2024-09-24T18:49:35.175+0000] {dag.py:3452} INFO - Setting next_dagrun for latest_only_with_trigger to 2024-09-24T14:49:35.175586+00:00, run_after=2024-09-24T18:49:35.175586+00:00
[2024-09-24T18:49:35.184+0000] {processor.py:175} INFO - Processing /usr/local/lib/python3.9/site-packages/airflow/example_dags/example_latest_only_with_trigger.py took 0.084 seconds
[2024-09-24T18:50:05.685+0000] {processor.py:153} INFO - Started process (PID=2468) to work on /usr/local/lib/python3.9/site-packages/airflow/example_dags/example_latest_only_with_trigger.py
[2024-09-24T18:50:05.686+0000] {processor.py:743} INFO - Processing file /usr/local/lib/python3.9/site-packages/airflow/example_dags/example_latest_only_with_trigger.py for tasks to queue
[2024-09-24T18:50:05.686+0000] {logging_mixin.py:137} INFO - [2024-09-24T18:50:05.686+0000] {dagbag.py:532} INFO - Filling up the DagBag from /usr/local/lib/python3.9/site-packages/airflow/example_dags/example_latest_only_with_trigger.py
[2024-09-24T18:50:05.762+0000] {processor.py:753} INFO - DAG(s) dict_keys(['latest_only_with_trigger']) retrieved from /usr/local/lib/python3.9/site-packages/airflow/example_dags/example_latest_only_with_trigger.py
[2024-09-24T18:50:05.770+0000] {logging_mixin.py:137} INFO - [2024-09-24T18:50:05.770+0000] {dag.py:2705} INFO - Sync 1 DAGs
[2024-09-24T18:50:05.778+0000] {logging_mixin.py:137} INFO - [2024-09-24T18:50:05.778+0000] {dag.py:3452} INFO - Setting next_dagrun for latest_only_with_trigger to 2024-09-24T14:50:05.778827+00:00, run_after=2024-09-24T18:50:05.778827+00:00
[2024-09-24T18:50:05.786+0000] {processor.py:175} INFO - Processing /usr/local/lib/python3.9/site-packages/airflow/example_dags/example_latest_only_with_trigger.py took 0.104 seconds
[2024-09-24T18:50:36.445+0000] {processor.py:153} INFO - Started process (PID=2679) to work on /usr/local/lib/python3.9/site-packages/airflow/example_dags/example_latest_only_with_trigger.py
[2024-09-24T18:50:36.446+0000] {processor.py:743} INFO - Processing file /usr/local/lib/python3.9/site-packages/airflow/example_dags/example_latest_only_with_trigger.py for tasks to queue
[2024-09-24T18:50:36.447+0000] {logging_mixin.py:137} INFO - [2024-09-24T18:50:36.447+0000] {dagbag.py:532} INFO - Filling up the DagBag from /usr/local/lib/python3.9/site-packages/airflow/example_dags/example_latest_only_with_trigger.py
[2024-09-24T18:50:36.458+0000] {processor.py:753} INFO - DAG(s) dict_keys(['latest_only_with_trigger']) retrieved from /usr/local/lib/python3.9/site-packages/airflow/example_dags/example_latest_only_with_trigger.py
[2024-09-24T18:50:36.472+0000] {logging_mixin.py:137} INFO - [2024-09-24T18:50:36.472+0000] {dag.py:2705} INFO - Sync 1 DAGs
[2024-09-24T18:50:36.485+0000] {logging_mixin.py:137} INFO - [2024-09-24T18:50:36.485+0000] {dag.py:3452} INFO - Setting next_dagrun for latest_only_with_trigger to 2024-09-24T14:50:36.485532+00:00, run_after=2024-09-24T18:50:36.485532+00:00
[2024-09-24T18:50:36.494+0000] {processor.py:175} INFO - Processing /usr/local/lib/python3.9/site-packages/airflow/example_dags/example_latest_only_with_trigger.py took 0.051 seconds
[2024-09-24T18:51:06.920+0000] {processor.py:153} INFO - Started process (PID=2890) to work on /usr/local/lib/python3.9/site-packages/airflow/example_dags/example_latest_only_with_trigger.py
[2024-09-24T18:51:06.921+0000] {processor.py:743} INFO - Processing file /usr/local/lib/python3.9/site-packages/airflow/example_dags/example_latest_only_with_trigger.py for tasks to queue
[2024-09-24T18:51:06.922+0000] {logging_mixin.py:137} INFO - [2024-09-24T18:51:06.922+0000] {dagbag.py:532} INFO - Filling up the DagBag from /usr/local/lib/python3.9/site-packages/airflow/example_dags/example_latest_only_with_trigger.py
[2024-09-24T18:51:06.971+0000] {processor.py:753} INFO - DAG(s) dict_keys(['latest_only_with_trigger']) retrieved from /usr/local/lib/python3.9/site-packages/airflow/example_dags/example_latest_only_with_trigger.py
[2024-09-24T18:51:06.986+0000] {logging_mixin.py:137} INFO - [2024-09-24T18:51:06.986+0000] {dag.py:2705} INFO - Sync 1 DAGs
[2024-09-24T18:51:06.998+0000] {logging_mixin.py:137} INFO - [2024-09-24T18:51:06.998+0000] {dag.py:3452} INFO - Setting next_dagrun for latest_only_with_trigger to 2024-09-24T14:51:06.997986+00:00, run_after=2024-09-24T18:51:06.997986+00:00
[2024-09-24T18:51:07.006+0000] {processor.py:175} INFO - Processing /usr/local/lib/python3.9/site-packages/airflow/example_dags/example_latest_only_with_trigger.py took 0.089 seconds
[2024-09-24T18:51:37.840+0000] {processor.py:153} INFO - Started process (PID=3102) to work on /usr/local/lib/python3.9/site-packages/airflow/example_dags/example_latest_only_with_trigger.py
[2024-09-24T18:51:37.841+0000] {processor.py:743} INFO - Processing file /usr/local/lib/python3.9/site-packages/airflow/example_dags/example_latest_only_with_trigger.py for tasks to queue
[2024-09-24T18:51:37.841+0000] {logging_mixin.py:137} INFO - [2024-09-24T18:51:37.841+0000] {dagbag.py:532} INFO - Filling up the DagBag from /usr/local/lib/python3.9/site-packages/airflow/example_dags/example_latest_only_with_trigger.py
[2024-09-24T18:51:37.848+0000] {processor.py:753} INFO - DAG(s) dict_keys(['latest_only_with_trigger']) retrieved from /usr/local/lib/python3.9/site-packages/airflow/example_dags/example_latest_only_with_trigger.py
[2024-09-24T18:51:37.858+0000] {logging_mixin.py:137} INFO - [2024-09-24T18:51:37.858+0000] {dag.py:2705} INFO - Sync 1 DAGs
[2024-09-24T18:51:37.868+0000] {logging_mixin.py:137} INFO - [2024-09-24T18:51:37.868+0000] {dag.py:3452} INFO - Setting next_dagrun for latest_only_with_trigger to 2024-09-24T14:51:37.868453+00:00, run_after=2024-09-24T18:51:37.868453+00:00
[2024-09-24T18:51:37.875+0000] {processor.py:175} INFO - Processing /usr/local/lib/python3.9/site-packages/airflow/example_dags/example_latest_only_with_trigger.py took 0.037 seconds
[2024-09-24T18:52:08.777+0000] {processor.py:153} INFO - Started process (PID=3315) to work on /usr/local/lib/python3.9/site-packages/airflow/example_dags/example_latest_only_with_trigger.py
[2024-09-24T18:52:08.778+0000] {processor.py:743} INFO - Processing file /usr/local/lib/python3.9/site-packages/airflow/example_dags/example_latest_only_with_trigger.py for tasks to queue
[2024-09-24T18:52:08.778+0000] {logging_mixin.py:137} INFO - [2024-09-24T18:52:08.778+0000] {dagbag.py:532} INFO - Filling up the DagBag from /usr/local/lib/python3.9/site-packages/airflow/example_dags/example_latest_only_with_trigger.py
[2024-09-24T18:52:08.784+0000] {processor.py:753} INFO - DAG(s) dict_keys(['latest_only_with_trigger']) retrieved from /usr/local/lib/python3.9/site-packages/airflow/example_dags/example_latest_only_with_trigger.py
[2024-09-24T18:52:08.793+0000] {logging_mixin.py:137} INFO - [2024-09-24T18:52:08.793+0000] {dag.py:2705} INFO - Sync 1 DAGs
[2024-09-24T18:52:08.801+0000] {logging_mixin.py:137} INFO - [2024-09-24T18:52:08.801+0000] {dag.py:3452} INFO - Setting next_dagrun for latest_only_with_trigger to 2024-09-24T14:52:08.801584+00:00, run_after=2024-09-24T18:52:08.801584+00:00
[2024-09-24T18:52:08.808+0000] {processor.py:175} INFO - Processing /usr/local/lib/python3.9/site-packages/airflow/example_dags/example_latest_only_with_trigger.py took 0.033 seconds
[2024-09-24T18:52:39.710+0000] {processor.py:153} INFO - Started process (PID=3524) to work on /usr/local/lib/python3.9/site-packages/airflow/example_dags/example_latest_only_with_trigger.py
[2024-09-24T18:52:39.711+0000] {processor.py:743} INFO - Processing file /usr/local/lib/python3.9/site-packages/airflow/example_dags/example_latest_only_with_trigger.py for tasks to queue
[2024-09-24T18:52:39.711+0000] {logging_mixin.py:137} INFO - [2024-09-24T18:52:39.711+0000] {dagbag.py:532} INFO - Filling up the DagBag from /usr/local/lib/python3.9/site-packages/airflow/example_dags/example_latest_only_with_trigger.py
[2024-09-24T18:52:39.718+0000] {processor.py:753} INFO - DAG(s) dict_keys(['latest_only_with_trigger']) retrieved from /usr/local/lib/python3.9/site-packages/airflow/example_dags/example_latest_only_with_trigger.py
[2024-09-24T18:52:39.728+0000] {logging_mixin.py:137} INFO - [2024-09-24T18:52:39.728+0000] {dag.py:2705} INFO - Sync 1 DAGs
[2024-09-24T18:52:39.738+0000] {logging_mixin.py:137} INFO - [2024-09-24T18:52:39.738+0000] {dag.py:3452} INFO - Setting next_dagrun for latest_only_with_trigger to 2024-09-24T14:52:39.738049+00:00, run_after=2024-09-24T18:52:39.738049+00:00
[2024-09-24T18:52:39.745+0000] {processor.py:175} INFO - Processing /usr/local/lib/python3.9/site-packages/airflow/example_dags/example_latest_only_with_trigger.py took 0.036 seconds
[2024-09-24T18:53:10.603+0000] {processor.py:153} INFO - Started process (PID=3737) to work on /usr/local/lib/python3.9/site-packages/airflow/example_dags/example_latest_only_with_trigger.py
[2024-09-24T18:53:10.603+0000] {processor.py:743} INFO - Processing file /usr/local/lib/python3.9/site-packages/airflow/example_dags/example_latest_only_with_trigger.py for tasks to queue
[2024-09-24T18:53:10.603+0000] {logging_mixin.py:137} INFO - [2024-09-24T18:53:10.603+0000] {dagbag.py:532} INFO - Filling up the DagBag from /usr/local/lib/python3.9/site-packages/airflow/example_dags/example_latest_only_with_trigger.py
[2024-09-24T18:53:10.609+0000] {processor.py:753} INFO - DAG(s) dict_keys(['latest_only_with_trigger']) retrieved from /usr/local/lib/python3.9/site-packages/airflow/example_dags/example_latest_only_with_trigger.py
[2024-09-24T18:53:10.618+0000] {logging_mixin.py:137} INFO - [2024-09-24T18:53:10.618+0000] {dag.py:2705} INFO - Sync 1 DAGs
[2024-09-24T18:53:10.627+0000] {logging_mixin.py:137} INFO - [2024-09-24T18:53:10.627+0000] {dag.py:3452} INFO - Setting next_dagrun for latest_only_with_trigger to 2024-09-24T14:53:10.627155+00:00, run_after=2024-09-24T18:53:10.627155+00:00
[2024-09-24T18:53:10.634+0000] {processor.py:175} INFO - Processing /usr/local/lib/python3.9/site-packages/airflow/example_dags/example_latest_only_with_trigger.py took 0.032 seconds
