[2024-09-24T15:58:43.956+0000] {processor.py:153} INFO - Started process (PID=320) to work on /usr/local/lib/python3.9/site-packages/airflow/example_dags/example_branch_operator_decorator.py
[2024-09-24T15:58:43.957+0000] {processor.py:743} INFO - Processing file /usr/local/lib/python3.9/site-packages/airflow/example_dags/example_branch_operator_decorator.py for tasks to queue
[2024-09-24T15:58:43.957+0000] {logging_mixin.py:137} INFO - [2024-09-24T15:58:43.957+0000] {dagbag.py:532} INFO - Filling up the DagBag from /usr/local/lib/python3.9/site-packages/airflow/example_dags/example_branch_operator_decorator.py
[2024-09-24T15:58:43.974+0000] {processor.py:753} INFO - DAG(s) dict_keys(['example_branch_python_operator_decorator']) retrieved from /usr/local/lib/python3.9/site-packages/airflow/example_dags/example_branch_operator_decorator.py
[2024-09-24T15:58:44.040+0000] {logging_mixin.py:137} INFO - [2024-09-24T15:58:44.040+0000] {manager.py:504} INFO - Created Permission View: can delete on DAG:example_branch_python_operator_decorator
[2024-09-24T15:58:44.046+0000] {logging_mixin.py:137} INFO - [2024-09-24T15:58:44.046+0000] {manager.py:504} INFO - Created Permission View: can read on DAG:example_branch_python_operator_decorator
[2024-09-24T15:58:44.050+0000] {logging_mixin.py:137} INFO - [2024-09-24T15:58:44.050+0000] {manager.py:504} INFO - Created Permission View: can edit on DAG:example_branch_python_operator_decorator
[2024-09-24T15:58:44.050+0000] {logging_mixin.py:137} INFO - [2024-09-24T15:58:44.050+0000] {dag.py:2705} INFO - Sync 1 DAGs
[2024-09-24T15:58:44.058+0000] {logging_mixin.py:137} INFO - [2024-09-24T15:58:44.058+0000] {dag.py:2726} INFO - Creating ORM DAG for example_branch_python_operator_decorator
[2024-09-24T15:58:44.065+0000] {logging_mixin.py:137} INFO - [2024-09-24T15:58:44.065+0000] {dag.py:3452} INFO - Setting next_dagrun for example_branch_python_operator_decorator to 2024-09-23T00:00:00+00:00, run_after=2024-09-24T00:00:00+00:00
[2024-09-24T15:58:44.078+0000] {processor.py:175} INFO - Processing /usr/local/lib/python3.9/site-packages/airflow/example_dags/example_branch_operator_decorator.py took 0.123 seconds
[2024-09-24T15:59:14.215+0000] {processor.py:153} INFO - Started process (PID=530) to work on /usr/local/lib/python3.9/site-packages/airflow/example_dags/example_branch_operator_decorator.py
[2024-09-24T15:59:14.216+0000] {processor.py:743} INFO - Processing file /usr/local/lib/python3.9/site-packages/airflow/example_dags/example_branch_operator_decorator.py for tasks to queue
[2024-09-24T15:59:14.218+0000] {logging_mixin.py:137} INFO - [2024-09-24T15:59:14.218+0000] {dagbag.py:532} INFO - Filling up the DagBag from /usr/local/lib/python3.9/site-packages/airflow/example_dags/example_branch_operator_decorator.py
[2024-09-24T15:59:14.251+0000] {processor.py:753} INFO - DAG(s) dict_keys(['example_branch_python_operator_decorator']) retrieved from /usr/local/lib/python3.9/site-packages/airflow/example_dags/example_branch_operator_decorator.py
[2024-09-24T15:59:14.301+0000] {logging_mixin.py:137} INFO - [2024-09-24T15:59:14.301+0000] {dag.py:2705} INFO - Sync 1 DAGs
[2024-09-24T15:59:14.342+0000] {logging_mixin.py:137} INFO - [2024-09-24T15:59:14.342+0000] {dag.py:3452} INFO - Setting next_dagrun for example_branch_python_operator_decorator to 2024-09-23T00:00:00+00:00, run_after=2024-09-24T00:00:00+00:00
[2024-09-24T15:59:14.382+0000] {processor.py:175} INFO - Processing /usr/local/lib/python3.9/site-packages/airflow/example_dags/example_branch_operator_decorator.py took 0.170 seconds
[2024-09-24T15:59:44.565+0000] {processor.py:153} INFO - Started process (PID=737) to work on /usr/local/lib/python3.9/site-packages/airflow/example_dags/example_branch_operator_decorator.py
[2024-09-24T15:59:44.567+0000] {processor.py:743} INFO - Processing file /usr/local/lib/python3.9/site-packages/airflow/example_dags/example_branch_operator_decorator.py for tasks to queue
[2024-09-24T15:59:44.567+0000] {logging_mixin.py:137} INFO - [2024-09-24T15:59:44.567+0000] {dagbag.py:532} INFO - Filling up the DagBag from /usr/local/lib/python3.9/site-packages/airflow/example_dags/example_branch_operator_decorator.py
[2024-09-24T15:59:44.580+0000] {processor.py:753} INFO - DAG(s) dict_keys(['example_branch_python_operator_decorator']) retrieved from /usr/local/lib/python3.9/site-packages/airflow/example_dags/example_branch_operator_decorator.py
[2024-09-24T15:59:44.592+0000] {logging_mixin.py:137} INFO - [2024-09-24T15:59:44.592+0000] {dag.py:2705} INFO - Sync 1 DAGs
[2024-09-24T15:59:44.605+0000] {logging_mixin.py:137} INFO - [2024-09-24T15:59:44.605+0000] {dag.py:3452} INFO - Setting next_dagrun for example_branch_python_operator_decorator to 2024-09-23T00:00:00+00:00, run_after=2024-09-24T00:00:00+00:00
[2024-09-24T15:59:44.619+0000] {processor.py:175} INFO - Processing /usr/local/lib/python3.9/site-packages/airflow/example_dags/example_branch_operator_decorator.py took 0.055 seconds
[2024-09-24T16:12:38.082+0000] {processor.py:153} INFO - Started process (PID=318) to work on /usr/local/lib/python3.9/site-packages/airflow/example_dags/example_branch_operator_decorator.py
[2024-09-24T16:12:38.085+0000] {processor.py:743} INFO - Processing file /usr/local/lib/python3.9/site-packages/airflow/example_dags/example_branch_operator_decorator.py for tasks to queue
[2024-09-24T16:12:38.086+0000] {logging_mixin.py:137} INFO - [2024-09-24T16:12:38.086+0000] {dagbag.py:532} INFO - Filling up the DagBag from /usr/local/lib/python3.9/site-packages/airflow/example_dags/example_branch_operator_decorator.py
[2024-09-24T16:12:38.119+0000] {processor.py:753} INFO - DAG(s) dict_keys(['example_branch_python_operator_decorator']) retrieved from /usr/local/lib/python3.9/site-packages/airflow/example_dags/example_branch_operator_decorator.py
[2024-09-24T16:12:38.226+0000] {logging_mixin.py:137} INFO - [2024-09-24T16:12:38.226+0000] {manager.py:504} INFO - Created Permission View: can read on DAG:example_branch_python_operator_decorator
[2024-09-24T16:12:38.232+0000] {logging_mixin.py:137} INFO - [2024-09-24T16:12:38.231+0000] {manager.py:504} INFO - Created Permission View: can edit on DAG:example_branch_python_operator_decorator
[2024-09-24T16:12:38.237+0000] {logging_mixin.py:137} INFO - [2024-09-24T16:12:38.237+0000] {manager.py:504} INFO - Created Permission View: can delete on DAG:example_branch_python_operator_decorator
[2024-09-24T16:12:38.238+0000] {logging_mixin.py:137} INFO - [2024-09-24T16:12:38.238+0000] {dag.py:2705} INFO - Sync 1 DAGs
[2024-09-24T16:12:38.258+0000] {logging_mixin.py:137} INFO - [2024-09-24T16:12:38.257+0000] {dag.py:2726} INFO - Creating ORM DAG for example_branch_python_operator_decorator
[2024-09-24T16:12:38.279+0000] {logging_mixin.py:137} INFO - [2024-09-24T16:12:38.279+0000] {dag.py:3452} INFO - Setting next_dagrun for example_branch_python_operator_decorator to 2024-09-23T00:00:00+00:00, run_after=2024-09-24T00:00:00+00:00
[2024-09-24T16:12:38.297+0000] {processor.py:175} INFO - Processing /usr/local/lib/python3.9/site-packages/airflow/example_dags/example_branch_operator_decorator.py took 0.221 seconds
[2024-09-24T16:13:19.698+0000] {processor.py:153} INFO - Started process (PID=531) to work on /usr/local/lib/python3.9/site-packages/airflow/example_dags/example_branch_operator_decorator.py
[2024-09-24T16:13:19.704+0000] {processor.py:743} INFO - Processing file /usr/local/lib/python3.9/site-packages/airflow/example_dags/example_branch_operator_decorator.py for tasks to queue
[2024-09-24T16:13:19.706+0000] {logging_mixin.py:137} INFO - [2024-09-24T16:13:19.706+0000] {dagbag.py:532} INFO - Filling up the DagBag from /usr/local/lib/python3.9/site-packages/airflow/example_dags/example_branch_operator_decorator.py
[2024-09-24T16:13:19.784+0000] {processor.py:753} INFO - DAG(s) dict_keys(['example_branch_python_operator_decorator']) retrieved from /usr/local/lib/python3.9/site-packages/airflow/example_dags/example_branch_operator_decorator.py
[2024-09-24T16:13:19.823+0000] {logging_mixin.py:137} INFO - [2024-09-24T16:13:19.822+0000] {dag.py:2705} INFO - Sync 1 DAGs
[2024-09-24T16:13:19.864+0000] {logging_mixin.py:137} INFO - [2024-09-24T16:13:19.864+0000] {dag.py:3452} INFO - Setting next_dagrun for example_branch_python_operator_decorator to 2024-09-23T00:00:00+00:00, run_after=2024-09-24T00:00:00+00:00
[2024-09-24T16:13:19.894+0000] {processor.py:175} INFO - Processing /usr/local/lib/python3.9/site-packages/airflow/example_dags/example_branch_operator_decorator.py took 0.201 seconds
[2024-09-24T16:13:49.943+0000] {processor.py:153} INFO - Started process (PID=742) to work on /usr/local/lib/python3.9/site-packages/airflow/example_dags/example_branch_operator_decorator.py
[2024-09-24T16:13:49.945+0000] {processor.py:743} INFO - Processing file /usr/local/lib/python3.9/site-packages/airflow/example_dags/example_branch_operator_decorator.py for tasks to queue
[2024-09-24T16:13:49.946+0000] {logging_mixin.py:137} INFO - [2024-09-24T16:13:49.946+0000] {dagbag.py:532} INFO - Filling up the DagBag from /usr/local/lib/python3.9/site-packages/airflow/example_dags/example_branch_operator_decorator.py
[2024-09-24T16:13:49.958+0000] {processor.py:753} INFO - DAG(s) dict_keys(['example_branch_python_operator_decorator']) retrieved from /usr/local/lib/python3.9/site-packages/airflow/example_dags/example_branch_operator_decorator.py
[2024-09-24T16:13:49.972+0000] {logging_mixin.py:137} INFO - [2024-09-24T16:13:49.972+0000] {dag.py:2705} INFO - Sync 1 DAGs
[2024-09-24T16:13:49.981+0000] {logging_mixin.py:137} INFO - [2024-09-24T16:13:49.981+0000] {dag.py:3452} INFO - Setting next_dagrun for example_branch_python_operator_decorator to 2024-09-23T00:00:00+00:00, run_after=2024-09-24T00:00:00+00:00
[2024-09-24T16:13:49.988+0000] {processor.py:175} INFO - Processing /usr/local/lib/python3.9/site-packages/airflow/example_dags/example_branch_operator_decorator.py took 0.047 seconds
[2024-09-24T16:14:25.234+0000] {processor.py:153} INFO - Started process (PID=953) to work on /usr/local/lib/python3.9/site-packages/airflow/example_dags/example_branch_operator_decorator.py
[2024-09-24T16:14:25.237+0000] {processor.py:743} INFO - Processing file /usr/local/lib/python3.9/site-packages/airflow/example_dags/example_branch_operator_decorator.py for tasks to queue
[2024-09-24T16:14:25.240+0000] {logging_mixin.py:137} INFO - [2024-09-24T16:14:25.240+0000] {dagbag.py:532} INFO - Filling up the DagBag from /usr/local/lib/python3.9/site-packages/airflow/example_dags/example_branch_operator_decorator.py
[2024-09-24T16:14:25.274+0000] {processor.py:753} INFO - DAG(s) dict_keys(['example_branch_python_operator_decorator']) retrieved from /usr/local/lib/python3.9/site-packages/airflow/example_dags/example_branch_operator_decorator.py
[2024-09-24T16:14:25.294+0000] {logging_mixin.py:137} INFO - [2024-09-24T16:14:25.294+0000] {dag.py:2705} INFO - Sync 1 DAGs
[2024-09-24T16:14:25.308+0000] {logging_mixin.py:137} INFO - [2024-09-24T16:14:25.308+0000] {dag.py:3452} INFO - Setting next_dagrun for example_branch_python_operator_decorator to 2024-09-23T00:00:00+00:00, run_after=2024-09-24T00:00:00+00:00
[2024-09-24T16:14:25.331+0000] {processor.py:175} INFO - Processing /usr/local/lib/python3.9/site-packages/airflow/example_dags/example_branch_operator_decorator.py took 0.099 seconds
[2024-09-24T16:15:02.191+0000] {processor.py:153} INFO - Started process (PID=1164) to work on /usr/local/lib/python3.9/site-packages/airflow/example_dags/example_branch_operator_decorator.py
[2024-09-24T16:15:02.194+0000] {processor.py:743} INFO - Processing file /usr/local/lib/python3.9/site-packages/airflow/example_dags/example_branch_operator_decorator.py for tasks to queue
[2024-09-24T16:15:02.195+0000] {logging_mixin.py:137} INFO - [2024-09-24T16:15:02.195+0000] {dagbag.py:532} INFO - Filling up the DagBag from /usr/local/lib/python3.9/site-packages/airflow/example_dags/example_branch_operator_decorator.py
[2024-09-24T16:15:02.832+0000] {processor.py:753} INFO - DAG(s) dict_keys(['example_branch_python_operator_decorator']) retrieved from /usr/local/lib/python3.9/site-packages/airflow/example_dags/example_branch_operator_decorator.py
[2024-09-24T16:15:03.072+0000] {logging_mixin.py:137} INFO - [2024-09-24T16:15:03.071+0000] {dag.py:2705} INFO - Sync 1 DAGs
[2024-09-24T16:15:03.265+0000] {logging_mixin.py:137} INFO - [2024-09-24T16:15:03.265+0000] {dag.py:3452} INFO - Setting next_dagrun for example_branch_python_operator_decorator to 2024-09-23T00:00:00+00:00, run_after=2024-09-24T00:00:00+00:00
[2024-09-24T16:15:03.505+0000] {processor.py:175} INFO - Processing /usr/local/lib/python3.9/site-packages/airflow/example_dags/example_branch_operator_decorator.py took 1.323 seconds
[2024-09-24T16:15:36.677+0000] {processor.py:153} INFO - Started process (PID=1377) to work on /usr/local/lib/python3.9/site-packages/airflow/example_dags/example_branch_operator_decorator.py
[2024-09-24T16:15:36.679+0000] {processor.py:743} INFO - Processing file /usr/local/lib/python3.9/site-packages/airflow/example_dags/example_branch_operator_decorator.py for tasks to queue
[2024-09-24T16:15:36.680+0000] {logging_mixin.py:137} INFO - [2024-09-24T16:15:36.679+0000] {dagbag.py:532} INFO - Filling up the DagBag from /usr/local/lib/python3.9/site-packages/airflow/example_dags/example_branch_operator_decorator.py
[2024-09-24T16:15:36.735+0000] {processor.py:753} INFO - DAG(s) dict_keys(['example_branch_python_operator_decorator']) retrieved from /usr/local/lib/python3.9/site-packages/airflow/example_dags/example_branch_operator_decorator.py
[2024-09-24T16:15:36.780+0000] {logging_mixin.py:137} INFO - [2024-09-24T16:15:36.780+0000] {dag.py:2705} INFO - Sync 1 DAGs
[2024-09-24T16:15:36.809+0000] {logging_mixin.py:137} INFO - [2024-09-24T16:15:36.809+0000] {dag.py:3452} INFO - Setting next_dagrun for example_branch_python_operator_decorator to 2024-09-23T00:00:00+00:00, run_after=2024-09-24T00:00:00+00:00
[2024-09-24T16:15:36.817+0000] {processor.py:175} INFO - Processing /usr/local/lib/python3.9/site-packages/airflow/example_dags/example_branch_operator_decorator.py took 0.143 seconds
[2024-09-24T16:16:07.286+0000] {processor.py:153} INFO - Started process (PID=1588) to work on /usr/local/lib/python3.9/site-packages/airflow/example_dags/example_branch_operator_decorator.py
[2024-09-24T16:16:07.289+0000] {processor.py:743} INFO - Processing file /usr/local/lib/python3.9/site-packages/airflow/example_dags/example_branch_operator_decorator.py for tasks to queue
[2024-09-24T16:16:07.289+0000] {logging_mixin.py:137} INFO - [2024-09-24T16:16:07.289+0000] {dagbag.py:532} INFO - Filling up the DagBag from /usr/local/lib/python3.9/site-packages/airflow/example_dags/example_branch_operator_decorator.py
[2024-09-24T16:16:07.301+0000] {processor.py:753} INFO - DAG(s) dict_keys(['example_branch_python_operator_decorator']) retrieved from /usr/local/lib/python3.9/site-packages/airflow/example_dags/example_branch_operator_decorator.py
[2024-09-24T16:16:07.312+0000] {logging_mixin.py:137} INFO - [2024-09-24T16:16:07.312+0000] {dag.py:2705} INFO - Sync 1 DAGs
[2024-09-24T16:16:07.324+0000] {logging_mixin.py:137} INFO - [2024-09-24T16:16:07.324+0000] {dag.py:3452} INFO - Setting next_dagrun for example_branch_python_operator_decorator to 2024-09-23T00:00:00+00:00, run_after=2024-09-24T00:00:00+00:00
[2024-09-24T16:16:07.332+0000] {processor.py:175} INFO - Processing /usr/local/lib/python3.9/site-packages/airflow/example_dags/example_branch_operator_decorator.py took 0.048 seconds
[2024-09-24T16:16:37.630+0000] {processor.py:153} INFO - Started process (PID=1797) to work on /usr/local/lib/python3.9/site-packages/airflow/example_dags/example_branch_operator_decorator.py
[2024-09-24T16:16:37.633+0000] {processor.py:743} INFO - Processing file /usr/local/lib/python3.9/site-packages/airflow/example_dags/example_branch_operator_decorator.py for tasks to queue
[2024-09-24T16:16:37.633+0000] {logging_mixin.py:137} INFO - [2024-09-24T16:16:37.633+0000] {dagbag.py:532} INFO - Filling up the DagBag from /usr/local/lib/python3.9/site-packages/airflow/example_dags/example_branch_operator_decorator.py
[2024-09-24T16:16:37.645+0000] {processor.py:753} INFO - DAG(s) dict_keys(['example_branch_python_operator_decorator']) retrieved from /usr/local/lib/python3.9/site-packages/airflow/example_dags/example_branch_operator_decorator.py
[2024-09-24T16:16:37.657+0000] {logging_mixin.py:137} INFO - [2024-09-24T16:16:37.657+0000] {dag.py:2705} INFO - Sync 1 DAGs
[2024-09-24T16:16:37.669+0000] {logging_mixin.py:137} INFO - [2024-09-24T16:16:37.669+0000] {dag.py:3452} INFO - Setting next_dagrun for example_branch_python_operator_decorator to 2024-09-23T00:00:00+00:00, run_after=2024-09-24T00:00:00+00:00
[2024-09-24T16:16:37.731+0000] {processor.py:175} INFO - Processing /usr/local/lib/python3.9/site-packages/airflow/example_dags/example_branch_operator_decorator.py took 0.102 seconds
[2024-09-24T16:17:07.891+0000] {processor.py:153} INFO - Started process (PID=2008) to work on /usr/local/lib/python3.9/site-packages/airflow/example_dags/example_branch_operator_decorator.py
[2024-09-24T16:17:07.894+0000] {processor.py:743} INFO - Processing file /usr/local/lib/python3.9/site-packages/airflow/example_dags/example_branch_operator_decorator.py for tasks to queue
[2024-09-24T16:17:07.894+0000] {logging_mixin.py:137} INFO - [2024-09-24T16:17:07.894+0000] {dagbag.py:532} INFO - Filling up the DagBag from /usr/local/lib/python3.9/site-packages/airflow/example_dags/example_branch_operator_decorator.py
[2024-09-24T16:17:07.906+0000] {processor.py:753} INFO - DAG(s) dict_keys(['example_branch_python_operator_decorator']) retrieved from /usr/local/lib/python3.9/site-packages/airflow/example_dags/example_branch_operator_decorator.py
[2024-09-24T16:17:07.920+0000] {logging_mixin.py:137} INFO - [2024-09-24T16:17:07.920+0000] {dag.py:2705} INFO - Sync 1 DAGs
[2024-09-24T16:17:08.112+0000] {logging_mixin.py:137} INFO - [2024-09-24T16:17:08.112+0000] {dag.py:3452} INFO - Setting next_dagrun for example_branch_python_operator_decorator to 2024-09-23T00:00:00+00:00, run_after=2024-09-24T00:00:00+00:00
[2024-09-24T16:17:08.191+0000] {processor.py:175} INFO - Processing /usr/local/lib/python3.9/site-packages/airflow/example_dags/example_branch_operator_decorator.py took 0.301 seconds
[2024-09-24T16:17:38.742+0000] {processor.py:153} INFO - Started process (PID=2221) to work on /usr/local/lib/python3.9/site-packages/airflow/example_dags/example_branch_operator_decorator.py
[2024-09-24T16:17:38.742+0000] {processor.py:743} INFO - Processing file /usr/local/lib/python3.9/site-packages/airflow/example_dags/example_branch_operator_decorator.py for tasks to queue
[2024-09-24T16:17:38.743+0000] {logging_mixin.py:137} INFO - [2024-09-24T16:17:38.743+0000] {dagbag.py:532} INFO - Filling up the DagBag from /usr/local/lib/python3.9/site-packages/airflow/example_dags/example_branch_operator_decorator.py
[2024-09-24T16:17:38.757+0000] {processor.py:753} INFO - DAG(s) dict_keys(['example_branch_python_operator_decorator']) retrieved from /usr/local/lib/python3.9/site-packages/airflow/example_dags/example_branch_operator_decorator.py
[2024-09-24T16:17:38.820+0000] {logging_mixin.py:137} INFO - [2024-09-24T16:17:38.820+0000] {dag.py:2705} INFO - Sync 1 DAGs
[2024-09-24T16:17:38.829+0000] {logging_mixin.py:137} INFO - [2024-09-24T16:17:38.829+0000] {dag.py:3452} INFO - Setting next_dagrun for example_branch_python_operator_decorator to 2024-09-23T00:00:00+00:00, run_after=2024-09-24T00:00:00+00:00
[2024-09-24T16:17:38.835+0000] {processor.py:175} INFO - Processing /usr/local/lib/python3.9/site-packages/airflow/example_dags/example_branch_operator_decorator.py took 0.096 seconds
[2024-09-24T16:18:09.459+0000] {processor.py:153} INFO - Started process (PID=2432) to work on /usr/local/lib/python3.9/site-packages/airflow/example_dags/example_branch_operator_decorator.py
[2024-09-24T16:18:09.459+0000] {processor.py:743} INFO - Processing file /usr/local/lib/python3.9/site-packages/airflow/example_dags/example_branch_operator_decorator.py for tasks to queue
[2024-09-24T16:18:09.459+0000] {logging_mixin.py:137} INFO - [2024-09-24T16:18:09.459+0000] {dagbag.py:532} INFO - Filling up the DagBag from /usr/local/lib/python3.9/site-packages/airflow/example_dags/example_branch_operator_decorator.py
[2024-09-24T16:18:09.530+0000] {processor.py:753} INFO - DAG(s) dict_keys(['example_branch_python_operator_decorator']) retrieved from /usr/local/lib/python3.9/site-packages/airflow/example_dags/example_branch_operator_decorator.py
[2024-09-24T16:18:09.541+0000] {logging_mixin.py:137} INFO - [2024-09-24T16:18:09.541+0000] {dag.py:2705} INFO - Sync 1 DAGs
[2024-09-24T16:18:09.551+0000] {logging_mixin.py:137} INFO - [2024-09-24T16:18:09.551+0000] {dag.py:3452} INFO - Setting next_dagrun for example_branch_python_operator_decorator to 2024-09-23T00:00:00+00:00, run_after=2024-09-24T00:00:00+00:00
[2024-09-24T16:18:09.563+0000] {processor.py:175} INFO - Processing /usr/local/lib/python3.9/site-packages/airflow/example_dags/example_branch_operator_decorator.py took 0.106 seconds
[2024-09-24T17:55:51.682+0000] {processor.py:153} INFO - Started process (PID=315) to work on /usr/local/lib/python3.9/site-packages/airflow/example_dags/example_branch_operator_decorator.py
[2024-09-24T17:55:51.683+0000] {processor.py:743} INFO - Processing file /usr/local/lib/python3.9/site-packages/airflow/example_dags/example_branch_operator_decorator.py for tasks to queue
[2024-09-24T17:55:51.684+0000] {logging_mixin.py:137} INFO - [2024-09-24T17:55:51.684+0000] {dagbag.py:532} INFO - Filling up the DagBag from /usr/local/lib/python3.9/site-packages/airflow/example_dags/example_branch_operator_decorator.py
[2024-09-24T17:55:51.696+0000] {processor.py:753} INFO - DAG(s) dict_keys(['example_branch_python_operator_decorator']) retrieved from /usr/local/lib/python3.9/site-packages/airflow/example_dags/example_branch_operator_decorator.py
[2024-09-24T17:55:51.702+0000] {logging_mixin.py:137} INFO - [2024-09-24T17:55:51.702+0000] {dag.py:2705} INFO - Sync 1 DAGs
[2024-09-24T17:55:51.718+0000] {logging_mixin.py:137} INFO - [2024-09-24T17:55:51.718+0000] {dag.py:3452} INFO - Setting next_dagrun for example_branch_python_operator_decorator to 2024-09-23T00:00:00+00:00, run_after=2024-09-24T00:00:00+00:00
[2024-09-24T17:55:51.731+0000] {processor.py:175} INFO - Processing /usr/local/lib/python3.9/site-packages/airflow/example_dags/example_branch_operator_decorator.py took 0.051 seconds
[2024-09-24T17:56:25.517+0000] {processor.py:153} INFO - Started process (PID=530) to work on /usr/local/lib/python3.9/site-packages/airflow/example_dags/example_branch_operator_decorator.py
[2024-09-24T17:56:25.537+0000] {processor.py:743} INFO - Processing file /usr/local/lib/python3.9/site-packages/airflow/example_dags/example_branch_operator_decorator.py for tasks to queue
[2024-09-24T17:56:25.538+0000] {logging_mixin.py:137} INFO - [2024-09-24T17:56:25.538+0000] {dagbag.py:532} INFO - Filling up the DagBag from /usr/local/lib/python3.9/site-packages/airflow/example_dags/example_branch_operator_decorator.py
[2024-09-24T17:56:25.564+0000] {processor.py:753} INFO - DAG(s) dict_keys(['example_branch_python_operator_decorator']) retrieved from /usr/local/lib/python3.9/site-packages/airflow/example_dags/example_branch_operator_decorator.py
[2024-09-24T17:56:25.602+0000] {logging_mixin.py:137} INFO - [2024-09-24T17:56:25.601+0000] {dag.py:2705} INFO - Sync 1 DAGs
[2024-09-24T17:56:25.673+0000] {logging_mixin.py:137} INFO - [2024-09-24T17:56:25.672+0000] {dag.py:3452} INFO - Setting next_dagrun for example_branch_python_operator_decorator to 2024-09-23T00:00:00+00:00, run_after=2024-09-24T00:00:00+00:00
[2024-09-24T17:56:25.759+0000] {processor.py:175} INFO - Processing /usr/local/lib/python3.9/site-packages/airflow/example_dags/example_branch_operator_decorator.py took 0.243 seconds
[2024-09-24T18:44:46.745+0000] {processor.py:153} INFO - Started process (PID=320) to work on /usr/local/lib/python3.9/site-packages/airflow/example_dags/example_branch_operator_decorator.py
[2024-09-24T18:44:46.748+0000] {processor.py:743} INFO - Processing file /usr/local/lib/python3.9/site-packages/airflow/example_dags/example_branch_operator_decorator.py for tasks to queue
[2024-09-24T18:44:46.749+0000] {logging_mixin.py:137} INFO - [2024-09-24T18:44:46.748+0000] {dagbag.py:532} INFO - Filling up the DagBag from /usr/local/lib/python3.9/site-packages/airflow/example_dags/example_branch_operator_decorator.py
[2024-09-24T18:44:46.764+0000] {processor.py:753} INFO - DAG(s) dict_keys(['example_branch_python_operator_decorator']) retrieved from /usr/local/lib/python3.9/site-packages/airflow/example_dags/example_branch_operator_decorator.py
[2024-09-24T18:44:46.829+0000] {logging_mixin.py:137} INFO - [2024-09-24T18:44:46.828+0000] {manager.py:504} INFO - Created Permission View: can read on DAG:example_branch_python_operator_decorator
[2024-09-24T18:44:46.835+0000] {logging_mixin.py:137} INFO - [2024-09-24T18:44:46.834+0000] {manager.py:504} INFO - Created Permission View: can edit on DAG:example_branch_python_operator_decorator
[2024-09-24T18:44:46.840+0000] {logging_mixin.py:137} INFO - [2024-09-24T18:44:46.840+0000] {manager.py:504} INFO - Created Permission View: can delete on DAG:example_branch_python_operator_decorator
[2024-09-24T18:44:46.840+0000] {logging_mixin.py:137} INFO - [2024-09-24T18:44:46.840+0000] {dag.py:2705} INFO - Sync 1 DAGs
[2024-09-24T18:44:46.849+0000] {logging_mixin.py:137} INFO - [2024-09-24T18:44:46.849+0000] {dag.py:2726} INFO - Creating ORM DAG for example_branch_python_operator_decorator
[2024-09-24T18:44:46.858+0000] {logging_mixin.py:137} INFO - [2024-09-24T18:44:46.858+0000] {dag.py:3452} INFO - Setting next_dagrun for example_branch_python_operator_decorator to 2024-09-23T00:00:00+00:00, run_after=2024-09-24T00:00:00+00:00
[2024-09-24T18:44:46.871+0000] {processor.py:175} INFO - Processing /usr/local/lib/python3.9/site-packages/airflow/example_dags/example_branch_operator_decorator.py took 0.130 seconds
[2024-09-24T18:45:17.082+0000] {processor.py:153} INFO - Started process (PID=535) to work on /usr/local/lib/python3.9/site-packages/airflow/example_dags/example_branch_operator_decorator.py
[2024-09-24T18:45:17.084+0000] {processor.py:743} INFO - Processing file /usr/local/lib/python3.9/site-packages/airflow/example_dags/example_branch_operator_decorator.py for tasks to queue
[2024-09-24T18:45:17.084+0000] {logging_mixin.py:137} INFO - [2024-09-24T18:45:17.084+0000] {dagbag.py:532} INFO - Filling up the DagBag from /usr/local/lib/python3.9/site-packages/airflow/example_dags/example_branch_operator_decorator.py
[2024-09-24T18:45:17.096+0000] {processor.py:753} INFO - DAG(s) dict_keys(['example_branch_python_operator_decorator']) retrieved from /usr/local/lib/python3.9/site-packages/airflow/example_dags/example_branch_operator_decorator.py
[2024-09-24T18:45:17.109+0000] {logging_mixin.py:137} INFO - [2024-09-24T18:45:17.109+0000] {dag.py:2705} INFO - Sync 1 DAGs
[2024-09-24T18:45:17.120+0000] {logging_mixin.py:137} INFO - [2024-09-24T18:45:17.120+0000] {dag.py:3452} INFO - Setting next_dagrun for example_branch_python_operator_decorator to 2024-09-23T00:00:00+00:00, run_after=2024-09-24T00:00:00+00:00
[2024-09-24T18:45:17.131+0000] {processor.py:175} INFO - Processing /usr/local/lib/python3.9/site-packages/airflow/example_dags/example_branch_operator_decorator.py took 0.051 seconds
[2024-09-24T18:45:47.965+0000] {processor.py:153} INFO - Started process (PID=746) to work on /usr/local/lib/python3.9/site-packages/airflow/example_dags/example_branch_operator_decorator.py
[2024-09-24T18:45:47.966+0000] {processor.py:743} INFO - Processing file /usr/local/lib/python3.9/site-packages/airflow/example_dags/example_branch_operator_decorator.py for tasks to queue
[2024-09-24T18:45:47.967+0000] {logging_mixin.py:137} INFO - [2024-09-24T18:45:47.967+0000] {dagbag.py:532} INFO - Filling up the DagBag from /usr/local/lib/python3.9/site-packages/airflow/example_dags/example_branch_operator_decorator.py
[2024-09-24T18:45:47.981+0000] {processor.py:753} INFO - DAG(s) dict_keys(['example_branch_python_operator_decorator']) retrieved from /usr/local/lib/python3.9/site-packages/airflow/example_dags/example_branch_operator_decorator.py
[2024-09-24T18:45:48.002+0000] {logging_mixin.py:137} INFO - [2024-09-24T18:45:48.001+0000] {dag.py:2705} INFO - Sync 1 DAGs
[2024-09-24T18:45:48.020+0000] {logging_mixin.py:137} INFO - [2024-09-24T18:45:48.020+0000] {dag.py:3452} INFO - Setting next_dagrun for example_branch_python_operator_decorator to 2024-09-23T00:00:00+00:00, run_after=2024-09-24T00:00:00+00:00
[2024-09-24T18:45:48.030+0000] {processor.py:175} INFO - Processing /usr/local/lib/python3.9/site-packages/airflow/example_dags/example_branch_operator_decorator.py took 0.067 seconds
[2024-09-24T18:46:18.788+0000] {processor.py:153} INFO - Started process (PID=957) to work on /usr/local/lib/python3.9/site-packages/airflow/example_dags/example_branch_operator_decorator.py
[2024-09-24T18:46:18.789+0000] {processor.py:743} INFO - Processing file /usr/local/lib/python3.9/site-packages/airflow/example_dags/example_branch_operator_decorator.py for tasks to queue
[2024-09-24T18:46:18.792+0000] {logging_mixin.py:137} INFO - [2024-09-24T18:46:18.792+0000] {dagbag.py:532} INFO - Filling up the DagBag from /usr/local/lib/python3.9/site-packages/airflow/example_dags/example_branch_operator_decorator.py
[2024-09-24T18:46:18.806+0000] {processor.py:753} INFO - DAG(s) dict_keys(['example_branch_python_operator_decorator']) retrieved from /usr/local/lib/python3.9/site-packages/airflow/example_dags/example_branch_operator_decorator.py
[2024-09-24T18:46:18.821+0000] {logging_mixin.py:137} INFO - [2024-09-24T18:46:18.821+0000] {dag.py:2705} INFO - Sync 1 DAGs
[2024-09-24T18:46:18.833+0000] {logging_mixin.py:137} INFO - [2024-09-24T18:46:18.833+0000] {dag.py:3452} INFO - Setting next_dagrun for example_branch_python_operator_decorator to 2024-09-23T00:00:00+00:00, run_after=2024-09-24T00:00:00+00:00
[2024-09-24T18:46:18.844+0000] {processor.py:175} INFO - Processing /usr/local/lib/python3.9/site-packages/airflow/example_dags/example_branch_operator_decorator.py took 0.058 seconds
[2024-09-24T18:46:52.929+0000] {processor.py:153} INFO - Started process (PID=1168) to work on /usr/local/lib/python3.9/site-packages/airflow/example_dags/example_branch_operator_decorator.py
[2024-09-24T18:46:52.931+0000] {processor.py:743} INFO - Processing file /usr/local/lib/python3.9/site-packages/airflow/example_dags/example_branch_operator_decorator.py for tasks to queue
[2024-09-24T18:46:52.934+0000] {logging_mixin.py:137} INFO - [2024-09-24T18:46:52.934+0000] {dagbag.py:532} INFO - Filling up the DagBag from /usr/local/lib/python3.9/site-packages/airflow/example_dags/example_branch_operator_decorator.py
[2024-09-24T18:46:52.969+0000] {processor.py:753} INFO - DAG(s) dict_keys(['example_branch_python_operator_decorator']) retrieved from /usr/local/lib/python3.9/site-packages/airflow/example_dags/example_branch_operator_decorator.py
[2024-09-24T18:46:53.037+0000] {logging_mixin.py:137} INFO - [2024-09-24T18:46:53.037+0000] {dag.py:2705} INFO - Sync 1 DAGs
[2024-09-24T18:46:53.090+0000] {logging_mixin.py:137} INFO - [2024-09-24T18:46:53.090+0000] {dag.py:3452} INFO - Setting next_dagrun for example_branch_python_operator_decorator to 2024-09-23T00:00:00+00:00, run_after=2024-09-24T00:00:00+00:00
[2024-09-24T18:46:53.149+0000] {processor.py:175} INFO - Processing /usr/local/lib/python3.9/site-packages/airflow/example_dags/example_branch_operator_decorator.py took 0.231 seconds
[2024-09-24T18:47:26.120+0000] {processor.py:153} INFO - Started process (PID=1379) to work on /usr/local/lib/python3.9/site-packages/airflow/example_dags/example_branch_operator_decorator.py
[2024-09-24T18:47:26.124+0000] {processor.py:743} INFO - Processing file /usr/local/lib/python3.9/site-packages/airflow/example_dags/example_branch_operator_decorator.py for tasks to queue
[2024-09-24T18:47:26.125+0000] {logging_mixin.py:137} INFO - [2024-09-24T18:47:26.125+0000] {dagbag.py:532} INFO - Filling up the DagBag from /usr/local/lib/python3.9/site-packages/airflow/example_dags/example_branch_operator_decorator.py
[2024-09-24T18:47:26.150+0000] {processor.py:753} INFO - DAG(s) dict_keys(['example_branch_python_operator_decorator']) retrieved from /usr/local/lib/python3.9/site-packages/airflow/example_dags/example_branch_operator_decorator.py
[2024-09-24T18:47:26.193+0000] {logging_mixin.py:137} INFO - [2024-09-24T18:47:26.193+0000] {dag.py:2705} INFO - Sync 1 DAGs
[2024-09-24T18:47:26.228+0000] {logging_mixin.py:137} INFO - [2024-09-24T18:47:26.228+0000] {dag.py:3452} INFO - Setting next_dagrun for example_branch_python_operator_decorator to 2024-09-23T00:00:00+00:00, run_after=2024-09-24T00:00:00+00:00
[2024-09-24T18:47:26.277+0000] {processor.py:175} INFO - Processing /usr/local/lib/python3.9/site-packages/airflow/example_dags/example_branch_operator_decorator.py took 0.167 seconds
[2024-09-24T18:47:57.094+0000] {processor.py:153} INFO - Started process (PID=1586) to work on /usr/local/lib/python3.9/site-packages/airflow/example_dags/example_branch_operator_decorator.py
[2024-09-24T18:47:57.095+0000] {processor.py:743} INFO - Processing file /usr/local/lib/python3.9/site-packages/airflow/example_dags/example_branch_operator_decorator.py for tasks to queue
[2024-09-24T18:47:57.095+0000] {logging_mixin.py:137} INFO - [2024-09-24T18:47:57.095+0000] {dagbag.py:532} INFO - Filling up the DagBag from /usr/local/lib/python3.9/site-packages/airflow/example_dags/example_branch_operator_decorator.py
[2024-09-24T18:47:57.113+0000] {processor.py:753} INFO - DAG(s) dict_keys(['example_branch_python_operator_decorator']) retrieved from /usr/local/lib/python3.9/site-packages/airflow/example_dags/example_branch_operator_decorator.py
[2024-09-24T18:47:57.139+0000] {logging_mixin.py:137} INFO - [2024-09-24T18:47:57.139+0000] {dag.py:2705} INFO - Sync 1 DAGs
[2024-09-24T18:47:57.153+0000] {logging_mixin.py:137} INFO - [2024-09-24T18:47:57.153+0000] {dag.py:3452} INFO - Setting next_dagrun for example_branch_python_operator_decorator to 2024-09-23T00:00:00+00:00, run_after=2024-09-24T00:00:00+00:00
[2024-09-24T18:47:57.162+0000] {processor.py:175} INFO - Processing /usr/local/lib/python3.9/site-packages/airflow/example_dags/example_branch_operator_decorator.py took 0.071 seconds
[2024-09-24T18:48:30.794+0000] {processor.py:153} INFO - Started process (PID=1795) to work on /usr/local/lib/python3.9/site-packages/airflow/example_dags/example_branch_operator_decorator.py
[2024-09-24T18:48:30.797+0000] {processor.py:743} INFO - Processing file /usr/local/lib/python3.9/site-packages/airflow/example_dags/example_branch_operator_decorator.py for tasks to queue
[2024-09-24T18:48:30.797+0000] {logging_mixin.py:137} INFO - [2024-09-24T18:48:30.797+0000] {dagbag.py:532} INFO - Filling up the DagBag from /usr/local/lib/python3.9/site-packages/airflow/example_dags/example_branch_operator_decorator.py
[2024-09-24T18:48:30.811+0000] {processor.py:753} INFO - DAG(s) dict_keys(['example_branch_python_operator_decorator']) retrieved from /usr/local/lib/python3.9/site-packages/airflow/example_dags/example_branch_operator_decorator.py
[2024-09-24T18:48:30.824+0000] {logging_mixin.py:137} INFO - [2024-09-24T18:48:30.824+0000] {dag.py:2705} INFO - Sync 1 DAGs
[2024-09-24T18:48:30.838+0000] {logging_mixin.py:137} INFO - [2024-09-24T18:48:30.838+0000] {dag.py:3452} INFO - Setting next_dagrun for example_branch_python_operator_decorator to 2024-09-23T00:00:00+00:00, run_after=2024-09-24T00:00:00+00:00
[2024-09-24T18:48:30.906+0000] {processor.py:175} INFO - Processing /usr/local/lib/python3.9/site-packages/airflow/example_dags/example_branch_operator_decorator.py took 0.114 seconds
[2024-09-24T18:49:02.417+0000] {processor.py:153} INFO - Started process (PID=2006) to work on /usr/local/lib/python3.9/site-packages/airflow/example_dags/example_branch_operator_decorator.py
[2024-09-24T18:49:02.417+0000] {processor.py:743} INFO - Processing file /usr/local/lib/python3.9/site-packages/airflow/example_dags/example_branch_operator_decorator.py for tasks to queue
[2024-09-24T18:49:02.418+0000] {logging_mixin.py:137} INFO - [2024-09-24T18:49:02.418+0000] {dagbag.py:532} INFO - Filling up the DagBag from /usr/local/lib/python3.9/site-packages/airflow/example_dags/example_branch_operator_decorator.py
[2024-09-24T18:49:02.430+0000] {processor.py:753} INFO - DAG(s) dict_keys(['example_branch_python_operator_decorator']) retrieved from /usr/local/lib/python3.9/site-packages/airflow/example_dags/example_branch_operator_decorator.py
[2024-09-24T18:49:02.452+0000] {logging_mixin.py:137} INFO - [2024-09-24T18:49:02.452+0000] {dag.py:2705} INFO - Sync 1 DAGs
[2024-09-24T18:49:02.519+0000] {logging_mixin.py:137} INFO - [2024-09-24T18:49:02.519+0000] {dag.py:3452} INFO - Setting next_dagrun for example_branch_python_operator_decorator to 2024-09-23T00:00:00+00:00, run_after=2024-09-24T00:00:00+00:00
[2024-09-24T18:49:02.528+0000] {processor.py:175} INFO - Processing /usr/local/lib/python3.9/site-packages/airflow/example_dags/example_branch_operator_decorator.py took 0.113 seconds
[2024-09-24T18:49:32.667+0000] {processor.py:153} INFO - Started process (PID=2217) to work on /usr/local/lib/python3.9/site-packages/airflow/example_dags/example_branch_operator_decorator.py
[2024-09-24T18:49:32.668+0000] {processor.py:743} INFO - Processing file /usr/local/lib/python3.9/site-packages/airflow/example_dags/example_branch_operator_decorator.py for tasks to queue
[2024-09-24T18:49:32.669+0000] {logging_mixin.py:137} INFO - [2024-09-24T18:49:32.669+0000] {dagbag.py:532} INFO - Filling up the DagBag from /usr/local/lib/python3.9/site-packages/airflow/example_dags/example_branch_operator_decorator.py
[2024-09-24T18:49:32.681+0000] {processor.py:753} INFO - DAG(s) dict_keys(['example_branch_python_operator_decorator']) retrieved from /usr/local/lib/python3.9/site-packages/airflow/example_dags/example_branch_operator_decorator.py
[2024-09-24T18:49:32.746+0000] {logging_mixin.py:137} INFO - [2024-09-24T18:49:32.746+0000] {dag.py:2705} INFO - Sync 1 DAGs
[2024-09-24T18:49:32.755+0000] {logging_mixin.py:137} INFO - [2024-09-24T18:49:32.755+0000] {dag.py:3452} INFO - Setting next_dagrun for example_branch_python_operator_decorator to 2024-09-23T00:00:00+00:00, run_after=2024-09-24T00:00:00+00:00
[2024-09-24T18:49:32.763+0000] {processor.py:175} INFO - Processing /usr/local/lib/python3.9/site-packages/airflow/example_dags/example_branch_operator_decorator.py took 0.097 seconds
[2024-09-24T18:50:03.299+0000] {processor.py:153} INFO - Started process (PID=2430) to work on /usr/local/lib/python3.9/site-packages/airflow/example_dags/example_branch_operator_decorator.py
[2024-09-24T18:50:03.299+0000] {processor.py:743} INFO - Processing file /usr/local/lib/python3.9/site-packages/airflow/example_dags/example_branch_operator_decorator.py for tasks to queue
[2024-09-24T18:50:03.299+0000] {logging_mixin.py:137} INFO - [2024-09-24T18:50:03.299+0000] {dagbag.py:532} INFO - Filling up the DagBag from /usr/local/lib/python3.9/site-packages/airflow/example_dags/example_branch_operator_decorator.py
[2024-09-24T18:50:03.365+0000] {processor.py:753} INFO - DAG(s) dict_keys(['example_branch_python_operator_decorator']) retrieved from /usr/local/lib/python3.9/site-packages/airflow/example_dags/example_branch_operator_decorator.py
[2024-09-24T18:50:03.374+0000] {logging_mixin.py:137} INFO - [2024-09-24T18:50:03.373+0000] {dag.py:2705} INFO - Sync 1 DAGs
[2024-09-24T18:50:03.382+0000] {logging_mixin.py:137} INFO - [2024-09-24T18:50:03.382+0000] {dag.py:3452} INFO - Setting next_dagrun for example_branch_python_operator_decorator to 2024-09-23T00:00:00+00:00, run_after=2024-09-24T00:00:00+00:00
[2024-09-24T18:50:03.393+0000] {processor.py:175} INFO - Processing /usr/local/lib/python3.9/site-packages/airflow/example_dags/example_branch_operator_decorator.py took 0.095 seconds
[2024-09-24T18:50:33.942+0000] {processor.py:153} INFO - Started process (PID=2639) to work on /usr/local/lib/python3.9/site-packages/airflow/example_dags/example_branch_operator_decorator.py
[2024-09-24T18:50:33.943+0000] {processor.py:743} INFO - Processing file /usr/local/lib/python3.9/site-packages/airflow/example_dags/example_branch_operator_decorator.py for tasks to queue
[2024-09-24T18:50:33.943+0000] {logging_mixin.py:137} INFO - [2024-09-24T18:50:33.943+0000] {dagbag.py:532} INFO - Filling up the DagBag from /usr/local/lib/python3.9/site-packages/airflow/example_dags/example_branch_operator_decorator.py
[2024-09-24T18:50:33.962+0000] {processor.py:753} INFO - DAG(s) dict_keys(['example_branch_python_operator_decorator']) retrieved from /usr/local/lib/python3.9/site-packages/airflow/example_dags/example_branch_operator_decorator.py
[2024-09-24T18:50:33.980+0000] {logging_mixin.py:137} INFO - [2024-09-24T18:50:33.980+0000] {dag.py:2705} INFO - Sync 1 DAGs
[2024-09-24T18:50:33.993+0000] {logging_mixin.py:137} INFO - [2024-09-24T18:50:33.993+0000] {dag.py:3452} INFO - Setting next_dagrun for example_branch_python_operator_decorator to 2024-09-23T00:00:00+00:00, run_after=2024-09-24T00:00:00+00:00
[2024-09-24T18:50:34.003+0000] {processor.py:175} INFO - Processing /usr/local/lib/python3.9/site-packages/airflow/example_dags/example_branch_operator_decorator.py took 0.063 seconds
[2024-09-24T18:51:06.420+0000] {processor.py:153} INFO - Started process (PID=2850) to work on /usr/local/lib/python3.9/site-packages/airflow/example_dags/example_branch_operator_decorator.py
[2024-09-24T18:51:06.421+0000] {processor.py:743} INFO - Processing file /usr/local/lib/python3.9/site-packages/airflow/example_dags/example_branch_operator_decorator.py for tasks to queue
[2024-09-24T18:51:06.422+0000] {logging_mixin.py:137} INFO - [2024-09-24T18:51:06.422+0000] {dagbag.py:532} INFO - Filling up the DagBag from /usr/local/lib/python3.9/site-packages/airflow/example_dags/example_branch_operator_decorator.py
[2024-09-24T18:51:06.509+0000] {processor.py:753} INFO - DAG(s) dict_keys(['example_branch_python_operator_decorator']) retrieved from /usr/local/lib/python3.9/site-packages/airflow/example_dags/example_branch_operator_decorator.py
[2024-09-24T18:51:06.568+0000] {logging_mixin.py:137} INFO - [2024-09-24T18:51:06.568+0000] {dag.py:2705} INFO - Sync 1 DAGs
[2024-09-24T18:51:06.592+0000] {logging_mixin.py:137} INFO - [2024-09-24T18:51:06.592+0000] {dag.py:3452} INFO - Setting next_dagrun for example_branch_python_operator_decorator to 2024-09-23T00:00:00+00:00, run_after=2024-09-24T00:00:00+00:00
[2024-09-24T18:51:06.607+0000] {processor.py:175} INFO - Processing /usr/local/lib/python3.9/site-packages/airflow/example_dags/example_branch_operator_decorator.py took 0.191 seconds
[2024-09-24T18:51:37.522+0000] {processor.py:153} INFO - Started process (PID=3066) to work on /usr/local/lib/python3.9/site-packages/airflow/example_dags/example_branch_operator_decorator.py
[2024-09-24T18:51:37.526+0000] {processor.py:743} INFO - Processing file /usr/local/lib/python3.9/site-packages/airflow/example_dags/example_branch_operator_decorator.py for tasks to queue
[2024-09-24T18:51:37.526+0000] {logging_mixin.py:137} INFO - [2024-09-24T18:51:37.526+0000] {dagbag.py:532} INFO - Filling up the DagBag from /usr/local/lib/python3.9/site-packages/airflow/example_dags/example_branch_operator_decorator.py
[2024-09-24T18:51:37.551+0000] {processor.py:753} INFO - DAG(s) dict_keys(['example_branch_python_operator_decorator']) retrieved from /usr/local/lib/python3.9/site-packages/airflow/example_dags/example_branch_operator_decorator.py
[2024-09-24T18:51:37.568+0000] {logging_mixin.py:137} INFO - [2024-09-24T18:51:37.568+0000] {dag.py:2705} INFO - Sync 1 DAGs
[2024-09-24T18:51:37.580+0000] {logging_mixin.py:137} INFO - [2024-09-24T18:51:37.580+0000] {dag.py:3452} INFO - Setting next_dagrun for example_branch_python_operator_decorator to 2024-09-23T00:00:00+00:00, run_after=2024-09-24T00:00:00+00:00
[2024-09-24T18:51:37.590+0000] {processor.py:175} INFO - Processing /usr/local/lib/python3.9/site-packages/airflow/example_dags/example_branch_operator_decorator.py took 0.071 seconds
[2024-09-24T18:52:08.467+0000] {processor.py:153} INFO - Started process (PID=3276) to work on /usr/local/lib/python3.9/site-packages/airflow/example_dags/example_branch_operator_decorator.py
[2024-09-24T18:52:08.469+0000] {processor.py:743} INFO - Processing file /usr/local/lib/python3.9/site-packages/airflow/example_dags/example_branch_operator_decorator.py for tasks to queue
[2024-09-24T18:52:08.470+0000] {logging_mixin.py:137} INFO - [2024-09-24T18:52:08.470+0000] {dagbag.py:532} INFO - Filling up the DagBag from /usr/local/lib/python3.9/site-packages/airflow/example_dags/example_branch_operator_decorator.py
[2024-09-24T18:52:08.490+0000] {processor.py:753} INFO - DAG(s) dict_keys(['example_branch_python_operator_decorator']) retrieved from /usr/local/lib/python3.9/site-packages/airflow/example_dags/example_branch_operator_decorator.py
[2024-09-24T18:52:08.504+0000] {logging_mixin.py:137} INFO - [2024-09-24T18:52:08.504+0000] {dag.py:2705} INFO - Sync 1 DAGs
[2024-09-24T18:52:08.516+0000] {logging_mixin.py:137} INFO - [2024-09-24T18:52:08.516+0000] {dag.py:3452} INFO - Setting next_dagrun for example_branch_python_operator_decorator to 2024-09-23T00:00:00+00:00, run_after=2024-09-24T00:00:00+00:00
[2024-09-24T18:52:08.525+0000] {processor.py:175} INFO - Processing /usr/local/lib/python3.9/site-packages/airflow/example_dags/example_branch_operator_decorator.py took 0.062 seconds
[2024-09-24T18:52:39.283+0000] {processor.py:153} INFO - Started process (PID=3487) to work on /usr/local/lib/python3.9/site-packages/airflow/example_dags/example_branch_operator_decorator.py
[2024-09-24T18:52:39.286+0000] {processor.py:743} INFO - Processing file /usr/local/lib/python3.9/site-packages/airflow/example_dags/example_branch_operator_decorator.py for tasks to queue
[2024-09-24T18:52:39.289+0000] {logging_mixin.py:137} INFO - [2024-09-24T18:52:39.289+0000] {dagbag.py:532} INFO - Filling up the DagBag from /usr/local/lib/python3.9/site-packages/airflow/example_dags/example_branch_operator_decorator.py
[2024-09-24T18:52:39.363+0000] {processor.py:753} INFO - DAG(s) dict_keys(['example_branch_python_operator_decorator']) retrieved from /usr/local/lib/python3.9/site-packages/airflow/example_dags/example_branch_operator_decorator.py
[2024-09-24T18:52:39.399+0000] {logging_mixin.py:137} INFO - [2024-09-24T18:52:39.399+0000] {dag.py:2705} INFO - Sync 1 DAGs
[2024-09-24T18:52:39.422+0000] {logging_mixin.py:137} INFO - [2024-09-24T18:52:39.422+0000] {dag.py:3452} INFO - Setting next_dagrun for example_branch_python_operator_decorator to 2024-09-23T00:00:00+00:00, run_after=2024-09-24T00:00:00+00:00
[2024-09-24T18:52:39.434+0000] {processor.py:175} INFO - Processing /usr/local/lib/python3.9/site-packages/airflow/example_dags/example_branch_operator_decorator.py took 0.168 seconds
[2024-09-24T18:53:10.066+0000] {processor.py:153} INFO - Started process (PID=3697) to work on /usr/local/lib/python3.9/site-packages/airflow/example_dags/example_branch_operator_decorator.py
[2024-09-24T18:53:10.068+0000] {processor.py:743} INFO - Processing file /usr/local/lib/python3.9/site-packages/airflow/example_dags/example_branch_operator_decorator.py for tasks to queue
[2024-09-24T18:53:10.069+0000] {logging_mixin.py:137} INFO - [2024-09-24T18:53:10.069+0000] {dagbag.py:532} INFO - Filling up the DagBag from /usr/local/lib/python3.9/site-packages/airflow/example_dags/example_branch_operator_decorator.py
[2024-09-24T18:53:10.104+0000] {processor.py:753} INFO - DAG(s) dict_keys(['example_branch_python_operator_decorator']) retrieved from /usr/local/lib/python3.9/site-packages/airflow/example_dags/example_branch_operator_decorator.py
[2024-09-24T18:53:10.130+0000] {logging_mixin.py:137} INFO - [2024-09-24T18:53:10.130+0000] {dag.py:2705} INFO - Sync 1 DAGs
[2024-09-24T18:53:10.155+0000] {logging_mixin.py:137} INFO - [2024-09-24T18:53:10.155+0000] {dag.py:3452} INFO - Setting next_dagrun for example_branch_python_operator_decorator to 2024-09-23T00:00:00+00:00, run_after=2024-09-24T00:00:00+00:00
[2024-09-24T18:53:10.165+0000] {processor.py:175} INFO - Processing /usr/local/lib/python3.9/site-packages/airflow/example_dags/example_branch_operator_decorator.py took 0.109 seconds
