[2024-09-24T15:58:42.523+0000] {processor.py:153} INFO - Started process (PID=275) to work on /usr/local/lib/python3.9/site-packages/airflow/example_dags/example_sensor_decorator.py
[2024-09-24T15:58:42.525+0000] {processor.py:743} INFO - Processing file /usr/local/lib/python3.9/site-packages/airflow/example_dags/example_sensor_decorator.py for tasks to queue
[2024-09-24T15:58:42.526+0000] {logging_mixin.py:137} INFO - [2024-09-24T15:58:42.526+0000] {dagbag.py:532} INFO - Filling up the DagBag from /usr/local/lib/python3.9/site-packages/airflow/example_dags/example_sensor_decorator.py
[2024-09-24T15:58:42.565+0000] {processor.py:753} INFO - DAG(s) dict_keys(['example_sensor_decorator']) retrieved from /usr/local/lib/python3.9/site-packages/airflow/example_dags/example_sensor_decorator.py
[2024-09-24T15:58:42.626+0000] {logging_mixin.py:137} INFO - [2024-09-24T15:58:42.625+0000] {manager.py:504} INFO - Created Permission View: can delete on DAG:example_sensor_decorator
[2024-09-24T15:58:42.631+0000] {logging_mixin.py:137} INFO - [2024-09-24T15:58:42.631+0000] {manager.py:504} INFO - Created Permission View: can read on DAG:example_sensor_decorator
[2024-09-24T15:58:42.639+0000] {logging_mixin.py:137} INFO - [2024-09-24T15:58:42.639+0000] {manager.py:504} INFO - Created Permission View: can edit on DAG:example_sensor_decorator
[2024-09-24T15:58:42.641+0000] {logging_mixin.py:137} INFO - [2024-09-24T15:58:42.641+0000] {dag.py:2705} INFO - Sync 1 DAGs
[2024-09-24T15:58:42.662+0000] {logging_mixin.py:137} INFO - [2024-09-24T15:58:42.662+0000] {dag.py:2726} INFO - Creating ORM DAG for example_sensor_decorator
[2024-09-24T15:58:42.684+0000] {logging_mixin.py:137} INFO - [2024-09-24T15:58:42.683+0000] {dag.py:3452} INFO - Setting next_dagrun for example_sensor_decorator to None, run_after=None
[2024-09-24T15:58:42.713+0000] {processor.py:175} INFO - Processing /usr/local/lib/python3.9/site-packages/airflow/example_dags/example_sensor_decorator.py took 0.191 seconds
[2024-09-24T15:59:13.435+0000] {processor.py:153} INFO - Started process (PID=483) to work on /usr/local/lib/python3.9/site-packages/airflow/example_dags/example_sensor_decorator.py
[2024-09-24T15:59:13.436+0000] {processor.py:743} INFO - Processing file /usr/local/lib/python3.9/site-packages/airflow/example_dags/example_sensor_decorator.py for tasks to queue
[2024-09-24T15:59:13.439+0000] {logging_mixin.py:137} INFO - [2024-09-24T15:59:13.439+0000] {dagbag.py:532} INFO - Filling up the DagBag from /usr/local/lib/python3.9/site-packages/airflow/example_dags/example_sensor_decorator.py
[2024-09-24T15:59:13.485+0000] {processor.py:753} INFO - DAG(s) dict_keys(['example_sensor_decorator']) retrieved from /usr/local/lib/python3.9/site-packages/airflow/example_dags/example_sensor_decorator.py
[2024-09-24T15:59:13.525+0000] {logging_mixin.py:137} INFO - [2024-09-24T15:59:13.525+0000] {dag.py:2705} INFO - Sync 1 DAGs
[2024-09-24T15:59:13.558+0000] {logging_mixin.py:137} INFO - [2024-09-24T15:59:13.558+0000] {dag.py:3452} INFO - Setting next_dagrun for example_sensor_decorator to None, run_after=None
[2024-09-24T15:59:13.582+0000] {processor.py:175} INFO - Processing /usr/local/lib/python3.9/site-packages/airflow/example_dags/example_sensor_decorator.py took 0.150 seconds
[2024-09-24T15:59:43.976+0000] {processor.py:153} INFO - Started process (PID=695) to work on /usr/local/lib/python3.9/site-packages/airflow/example_dags/example_sensor_decorator.py
[2024-09-24T15:59:43.979+0000] {processor.py:743} INFO - Processing file /usr/local/lib/python3.9/site-packages/airflow/example_dags/example_sensor_decorator.py for tasks to queue
[2024-09-24T15:59:43.981+0000] {logging_mixin.py:137} INFO - [2024-09-24T15:59:43.981+0000] {dagbag.py:532} INFO - Filling up the DagBag from /usr/local/lib/python3.9/site-packages/airflow/example_dags/example_sensor_decorator.py
[2024-09-24T15:59:44.034+0000] {processor.py:753} INFO - DAG(s) dict_keys(['example_sensor_decorator']) retrieved from /usr/local/lib/python3.9/site-packages/airflow/example_dags/example_sensor_decorator.py
[2024-09-24T15:59:44.067+0000] {logging_mixin.py:137} INFO - [2024-09-24T15:59:44.067+0000] {dag.py:2705} INFO - Sync 1 DAGs
[2024-09-24T15:59:44.087+0000] {logging_mixin.py:137} INFO - [2024-09-24T15:59:44.086+0000] {dag.py:3452} INFO - Setting next_dagrun for example_sensor_decorator to None, run_after=None
[2024-09-24T15:59:44.097+0000] {processor.py:175} INFO - Processing /usr/local/lib/python3.9/site-packages/airflow/example_dags/example_sensor_decorator.py took 0.129 seconds
[2024-09-24T16:12:36.685+0000] {processor.py:153} INFO - Started process (PID=276) to work on /usr/local/lib/python3.9/site-packages/airflow/example_dags/example_sensor_decorator.py
[2024-09-24T16:12:36.686+0000] {processor.py:743} INFO - Processing file /usr/local/lib/python3.9/site-packages/airflow/example_dags/example_sensor_decorator.py for tasks to queue
[2024-09-24T16:12:36.687+0000] {logging_mixin.py:137} INFO - [2024-09-24T16:12:36.687+0000] {dagbag.py:532} INFO - Filling up the DagBag from /usr/local/lib/python3.9/site-packages/airflow/example_dags/example_sensor_decorator.py
[2024-09-24T16:12:36.701+0000] {processor.py:753} INFO - DAG(s) dict_keys(['example_sensor_decorator']) retrieved from /usr/local/lib/python3.9/site-packages/airflow/example_dags/example_sensor_decorator.py
[2024-09-24T16:12:36.993+0000] {logging_mixin.py:137} INFO - [2024-09-24T16:12:36.992+0000] {manager.py:504} INFO - Created Permission View: can read on DAG:example_sensor_decorator
[2024-09-24T16:12:37.009+0000] {logging_mixin.py:137} INFO - [2024-09-24T16:12:37.008+0000] {manager.py:504} INFO - Created Permission View: can edit on DAG:example_sensor_decorator
[2024-09-24T16:12:37.042+0000] {logging_mixin.py:137} INFO - [2024-09-24T16:12:37.041+0000] {manager.py:504} INFO - Created Permission View: can delete on DAG:example_sensor_decorator
[2024-09-24T16:12:37.046+0000] {logging_mixin.py:137} INFO - [2024-09-24T16:12:37.046+0000] {dag.py:2705} INFO - Sync 1 DAGs
[2024-09-24T16:12:37.064+0000] {logging_mixin.py:137} INFO - [2024-09-24T16:12:37.064+0000] {dag.py:2726} INFO - Creating ORM DAG for example_sensor_decorator
[2024-09-24T16:12:37.076+0000] {logging_mixin.py:137} INFO - [2024-09-24T16:12:37.076+0000] {dag.py:3452} INFO - Setting next_dagrun for example_sensor_decorator to None, run_after=None
[2024-09-24T16:12:37.110+0000] {processor.py:175} INFO - Processing /usr/local/lib/python3.9/site-packages/airflow/example_dags/example_sensor_decorator.py took 0.426 seconds
[2024-09-24T16:13:18.507+0000] {processor.py:153} INFO - Started process (PID=491) to work on /usr/local/lib/python3.9/site-packages/airflow/example_dags/example_sensor_decorator.py
[2024-09-24T16:13:18.509+0000] {processor.py:743} INFO - Processing file /usr/local/lib/python3.9/site-packages/airflow/example_dags/example_sensor_decorator.py for tasks to queue
[2024-09-24T16:13:18.510+0000] {logging_mixin.py:137} INFO - [2024-09-24T16:13:18.510+0000] {dagbag.py:532} INFO - Filling up the DagBag from /usr/local/lib/python3.9/site-packages/airflow/example_dags/example_sensor_decorator.py
[2024-09-24T16:13:18.608+0000] {processor.py:753} INFO - DAG(s) dict_keys(['example_sensor_decorator']) retrieved from /usr/local/lib/python3.9/site-packages/airflow/example_dags/example_sensor_decorator.py
[2024-09-24T16:13:18.740+0000] {logging_mixin.py:137} INFO - [2024-09-24T16:13:18.740+0000] {dag.py:2705} INFO - Sync 1 DAGs
[2024-09-24T16:13:18.788+0000] {logging_mixin.py:137} INFO - [2024-09-24T16:13:18.788+0000] {dag.py:3452} INFO - Setting next_dagrun for example_sensor_decorator to None, run_after=None
[2024-09-24T16:13:18.841+0000] {processor.py:175} INFO - Processing /usr/local/lib/python3.9/site-packages/airflow/example_dags/example_sensor_decorator.py took 0.345 seconds
[2024-09-24T16:13:49.609+0000] {processor.py:153} INFO - Started process (PID=704) to work on /usr/local/lib/python3.9/site-packages/airflow/example_dags/example_sensor_decorator.py
[2024-09-24T16:13:49.611+0000] {processor.py:743} INFO - Processing file /usr/local/lib/python3.9/site-packages/airflow/example_dags/example_sensor_decorator.py for tasks to queue
[2024-09-24T16:13:49.612+0000] {logging_mixin.py:137} INFO - [2024-09-24T16:13:49.612+0000] {dagbag.py:532} INFO - Filling up the DagBag from /usr/local/lib/python3.9/site-packages/airflow/example_dags/example_sensor_decorator.py
[2024-09-24T16:13:49.639+0000] {processor.py:753} INFO - DAG(s) dict_keys(['example_sensor_decorator']) retrieved from /usr/local/lib/python3.9/site-packages/airflow/example_dags/example_sensor_decorator.py
[2024-09-24T16:13:49.670+0000] {logging_mixin.py:137} INFO - [2024-09-24T16:13:49.670+0000] {dag.py:2705} INFO - Sync 1 DAGs
[2024-09-24T16:13:49.684+0000] {logging_mixin.py:137} INFO - [2024-09-24T16:13:49.684+0000] {dag.py:3452} INFO - Setting next_dagrun for example_sensor_decorator to None, run_after=None
[2024-09-24T16:13:49.696+0000] {processor.py:175} INFO - Processing /usr/local/lib/python3.9/site-packages/airflow/example_dags/example_sensor_decorator.py took 0.091 seconds
[2024-09-24T16:14:20.257+0000] {processor.py:153} INFO - Started process (PID=915) to work on /usr/local/lib/python3.9/site-packages/airflow/example_dags/example_sensor_decorator.py
[2024-09-24T16:14:20.941+0000] {processor.py:743} INFO - Processing file /usr/local/lib/python3.9/site-packages/airflow/example_dags/example_sensor_decorator.py for tasks to queue
[2024-09-24T16:14:20.942+0000] {logging_mixin.py:137} INFO - [2024-09-24T16:14:20.942+0000] {dagbag.py:532} INFO - Filling up the DagBag from /usr/local/lib/python3.9/site-packages/airflow/example_dags/example_sensor_decorator.py
[2024-09-24T16:14:20.958+0000] {processor.py:753} INFO - DAG(s) dict_keys(['example_sensor_decorator']) retrieved from /usr/local/lib/python3.9/site-packages/airflow/example_dags/example_sensor_decorator.py
[2024-09-24T16:14:20.972+0000] {logging_mixin.py:137} INFO - [2024-09-24T16:14:20.972+0000] {dag.py:2705} INFO - Sync 1 DAGs
[2024-09-24T16:14:20.981+0000] {logging_mixin.py:137} INFO - [2024-09-24T16:14:20.981+0000] {dag.py:3452} INFO - Setting next_dagrun for example_sensor_decorator to None, run_after=None
[2024-09-24T16:14:24.439+0000] {processor.py:175} INFO - Processing /usr/local/lib/python3.9/site-packages/airflow/example_dags/example_sensor_decorator.py took 4.184 seconds
[2024-09-24T16:14:54.829+0000] {processor.py:153} INFO - Started process (PID=1126) to work on /usr/local/lib/python3.9/site-packages/airflow/example_dags/example_sensor_decorator.py
[2024-09-24T16:14:54.832+0000] {processor.py:743} INFO - Processing file /usr/local/lib/python3.9/site-packages/airflow/example_dags/example_sensor_decorator.py for tasks to queue
[2024-09-24T16:14:54.838+0000] {logging_mixin.py:137} INFO - [2024-09-24T16:14:54.838+0000] {dagbag.py:532} INFO - Filling up the DagBag from /usr/local/lib/python3.9/site-packages/airflow/example_dags/example_sensor_decorator.py
[2024-09-24T16:14:54.934+0000] {processor.py:753} INFO - DAG(s) dict_keys(['example_sensor_decorator']) retrieved from /usr/local/lib/python3.9/site-packages/airflow/example_dags/example_sensor_decorator.py
[2024-09-24T16:14:55.077+0000] {logging_mixin.py:137} INFO - [2024-09-24T16:14:55.074+0000] {dag.py:2705} INFO - Sync 1 DAGs
[2024-09-24T16:14:55.341+0000] {logging_mixin.py:137} INFO - [2024-09-24T16:14:55.338+0000] {dag.py:3452} INFO - Setting next_dagrun for example_sensor_decorator to None, run_after=None
[2024-09-24T16:14:55.591+0000] {processor.py:175} INFO - Processing /usr/local/lib/python3.9/site-packages/airflow/example_dags/example_sensor_decorator.py took 0.780 seconds
[2024-09-24T16:15:26.572+0000] {processor.py:153} INFO - Started process (PID=1335) to work on /usr/local/lib/python3.9/site-packages/airflow/example_dags/example_sensor_decorator.py
[2024-09-24T16:15:26.599+0000] {processor.py:743} INFO - Processing file /usr/local/lib/python3.9/site-packages/airflow/example_dags/example_sensor_decorator.py for tasks to queue
[2024-09-24T16:15:26.626+0000] {logging_mixin.py:137} INFO - [2024-09-24T16:15:26.626+0000] {dagbag.py:532} INFO - Filling up the DagBag from /usr/local/lib/python3.9/site-packages/airflow/example_dags/example_sensor_decorator.py
[2024-09-24T16:15:26.655+0000] {processor.py:753} INFO - DAG(s) dict_keys(['example_sensor_decorator']) retrieved from /usr/local/lib/python3.9/site-packages/airflow/example_dags/example_sensor_decorator.py
[2024-09-24T16:15:26.715+0000] {logging_mixin.py:137} INFO - [2024-09-24T16:15:26.715+0000] {dag.py:2705} INFO - Sync 1 DAGs
[2024-09-24T16:15:26.727+0000] {logging_mixin.py:137} INFO - [2024-09-24T16:15:26.727+0000] {dag.py:3452} INFO - Setting next_dagrun for example_sensor_decorator to None, run_after=None
[2024-09-24T16:15:26.736+0000] {processor.py:175} INFO - Processing /usr/local/lib/python3.9/site-packages/airflow/example_dags/example_sensor_decorator.py took 0.167 seconds
[2024-09-24T16:15:57.728+0000] {processor.py:153} INFO - Started process (PID=1542) to work on /usr/local/lib/python3.9/site-packages/airflow/example_dags/example_sensor_decorator.py
[2024-09-24T16:15:57.730+0000] {processor.py:743} INFO - Processing file /usr/local/lib/python3.9/site-packages/airflow/example_dags/example_sensor_decorator.py for tasks to queue
[2024-09-24T16:15:57.731+0000] {logging_mixin.py:137} INFO - [2024-09-24T16:15:57.730+0000] {dagbag.py:532} INFO - Filling up the DagBag from /usr/local/lib/python3.9/site-packages/airflow/example_dags/example_sensor_decorator.py
[2024-09-24T16:15:57.778+0000] {processor.py:753} INFO - DAG(s) dict_keys(['example_sensor_decorator']) retrieved from /usr/local/lib/python3.9/site-packages/airflow/example_dags/example_sensor_decorator.py
[2024-09-24T16:15:57.803+0000] {logging_mixin.py:137} INFO - [2024-09-24T16:15:57.803+0000] {dag.py:2705} INFO - Sync 1 DAGs
[2024-09-24T16:15:57.821+0000] {logging_mixin.py:137} INFO - [2024-09-24T16:15:57.820+0000] {dag.py:3452} INFO - Setting next_dagrun for example_sensor_decorator to None, run_after=None
[2024-09-24T16:15:57.836+0000] {processor.py:175} INFO - Processing /usr/local/lib/python3.9/site-packages/airflow/example_dags/example_sensor_decorator.py took 0.113 seconds
[2024-09-24T16:16:28.086+0000] {processor.py:153} INFO - Started process (PID=1753) to work on /usr/local/lib/python3.9/site-packages/airflow/example_dags/example_sensor_decorator.py
[2024-09-24T16:16:28.093+0000] {processor.py:743} INFO - Processing file /usr/local/lib/python3.9/site-packages/airflow/example_dags/example_sensor_decorator.py for tasks to queue
[2024-09-24T16:16:28.093+0000] {logging_mixin.py:137} INFO - [2024-09-24T16:16:28.093+0000] {dagbag.py:532} INFO - Filling up the DagBag from /usr/local/lib/python3.9/site-packages/airflow/example_dags/example_sensor_decorator.py
[2024-09-24T16:16:28.123+0000] {processor.py:753} INFO - DAG(s) dict_keys(['example_sensor_decorator']) retrieved from /usr/local/lib/python3.9/site-packages/airflow/example_dags/example_sensor_decorator.py
[2024-09-24T16:16:28.144+0000] {logging_mixin.py:137} INFO - [2024-09-24T16:16:28.144+0000] {dag.py:2705} INFO - Sync 1 DAGs
[2024-09-24T16:16:28.160+0000] {logging_mixin.py:137} INFO - [2024-09-24T16:16:28.160+0000] {dag.py:3452} INFO - Setting next_dagrun for example_sensor_decorator to None, run_after=None
[2024-09-24T16:16:28.173+0000] {processor.py:175} INFO - Processing /usr/local/lib/python3.9/site-packages/airflow/example_dags/example_sensor_decorator.py took 0.093 seconds
[2024-09-24T16:16:58.841+0000] {processor.py:153} INFO - Started process (PID=1964) to work on /usr/local/lib/python3.9/site-packages/airflow/example_dags/example_sensor_decorator.py
[2024-09-24T16:16:58.843+0000] {processor.py:743} INFO - Processing file /usr/local/lib/python3.9/site-packages/airflow/example_dags/example_sensor_decorator.py for tasks to queue
[2024-09-24T16:16:58.844+0000] {logging_mixin.py:137} INFO - [2024-09-24T16:16:58.844+0000] {dagbag.py:532} INFO - Filling up the DagBag from /usr/local/lib/python3.9/site-packages/airflow/example_dags/example_sensor_decorator.py
[2024-09-24T16:16:58.865+0000] {processor.py:753} INFO - DAG(s) dict_keys(['example_sensor_decorator']) retrieved from /usr/local/lib/python3.9/site-packages/airflow/example_dags/example_sensor_decorator.py
[2024-09-24T16:16:58.882+0000] {logging_mixin.py:137} INFO - [2024-09-24T16:16:58.882+0000] {dag.py:2705} INFO - Sync 1 DAGs
[2024-09-24T16:16:59.011+0000] {logging_mixin.py:137} INFO - [2024-09-24T16:16:59.011+0000] {dag.py:3452} INFO - Setting next_dagrun for example_sensor_decorator to None, run_after=None
[2024-09-24T16:16:59.022+0000] {processor.py:175} INFO - Processing /usr/local/lib/python3.9/site-packages/airflow/example_dags/example_sensor_decorator.py took 0.186 seconds
[2024-09-24T16:17:29.050+0000] {processor.py:153} INFO - Started process (PID=2175) to work on /usr/local/lib/python3.9/site-packages/airflow/example_dags/example_sensor_decorator.py
[2024-09-24T16:17:29.051+0000] {processor.py:743} INFO - Processing file /usr/local/lib/python3.9/site-packages/airflow/example_dags/example_sensor_decorator.py for tasks to queue
[2024-09-24T16:17:29.052+0000] {logging_mixin.py:137} INFO - [2024-09-24T16:17:29.052+0000] {dagbag.py:532} INFO - Filling up the DagBag from /usr/local/lib/python3.9/site-packages/airflow/example_dags/example_sensor_decorator.py
[2024-09-24T16:17:29.067+0000] {processor.py:753} INFO - DAG(s) dict_keys(['example_sensor_decorator']) retrieved from /usr/local/lib/python3.9/site-packages/airflow/example_dags/example_sensor_decorator.py
[2024-09-24T16:17:29.140+0000] {logging_mixin.py:137} INFO - [2024-09-24T16:17:29.140+0000] {dag.py:2705} INFO - Sync 1 DAGs
[2024-09-24T16:17:29.149+0000] {logging_mixin.py:137} INFO - [2024-09-24T16:17:29.149+0000] {dag.py:3452} INFO - Setting next_dagrun for example_sensor_decorator to None, run_after=None
[2024-09-24T16:17:29.159+0000] {processor.py:175} INFO - Processing /usr/local/lib/python3.9/site-packages/airflow/example_dags/example_sensor_decorator.py took 0.112 seconds
[2024-09-24T16:17:59.819+0000] {processor.py:153} INFO - Started process (PID=2386) to work on /usr/local/lib/python3.9/site-packages/airflow/example_dags/example_sensor_decorator.py
[2024-09-24T16:17:59.820+0000] {processor.py:743} INFO - Processing file /usr/local/lib/python3.9/site-packages/airflow/example_dags/example_sensor_decorator.py for tasks to queue
[2024-09-24T16:17:59.820+0000] {logging_mixin.py:137} INFO - [2024-09-24T16:17:59.820+0000] {dagbag.py:532} INFO - Filling up the DagBag from /usr/local/lib/python3.9/site-packages/airflow/example_dags/example_sensor_decorator.py
[2024-09-24T16:17:59.894+0000] {processor.py:753} INFO - DAG(s) dict_keys(['example_sensor_decorator']) retrieved from /usr/local/lib/python3.9/site-packages/airflow/example_dags/example_sensor_decorator.py
[2024-09-24T16:17:59.903+0000] {logging_mixin.py:137} INFO - [2024-09-24T16:17:59.903+0000] {dag.py:2705} INFO - Sync 1 DAGs
[2024-09-24T16:17:59.912+0000] {logging_mixin.py:137} INFO - [2024-09-24T16:17:59.912+0000] {dag.py:3452} INFO - Setting next_dagrun for example_sensor_decorator to None, run_after=None
[2024-09-24T16:17:59.923+0000] {processor.py:175} INFO - Processing /usr/local/lib/python3.9/site-packages/airflow/example_dags/example_sensor_decorator.py took 0.109 seconds
[2024-09-24T17:55:51.443+0000] {processor.py:153} INFO - Started process (PID=277) to work on /usr/local/lib/python3.9/site-packages/airflow/example_dags/example_sensor_decorator.py
[2024-09-24T17:55:51.445+0000] {processor.py:743} INFO - Processing file /usr/local/lib/python3.9/site-packages/airflow/example_dags/example_sensor_decorator.py for tasks to queue
[2024-09-24T17:55:51.445+0000] {logging_mixin.py:137} INFO - [2024-09-24T17:55:51.445+0000] {dagbag.py:532} INFO - Filling up the DagBag from /usr/local/lib/python3.9/site-packages/airflow/example_dags/example_sensor_decorator.py
[2024-09-24T17:55:51.456+0000] {processor.py:753} INFO - DAG(s) dict_keys(['example_sensor_decorator']) retrieved from /usr/local/lib/python3.9/site-packages/airflow/example_dags/example_sensor_decorator.py
[2024-09-24T17:55:51.465+0000] {logging_mixin.py:137} INFO - [2024-09-24T17:55:51.465+0000] {dag.py:2705} INFO - Sync 1 DAGs
[2024-09-24T17:55:51.475+0000] {logging_mixin.py:137} INFO - [2024-09-24T17:55:51.475+0000] {dag.py:3452} INFO - Setting next_dagrun for example_sensor_decorator to None, run_after=None
[2024-09-24T17:55:51.487+0000] {processor.py:175} INFO - Processing /usr/local/lib/python3.9/site-packages/airflow/example_dags/example_sensor_decorator.py took 0.046 seconds
[2024-09-24T17:56:24.565+0000] {processor.py:153} INFO - Started process (PID=488) to work on /usr/local/lib/python3.9/site-packages/airflow/example_dags/example_sensor_decorator.py
[2024-09-24T17:56:24.573+0000] {processor.py:743} INFO - Processing file /usr/local/lib/python3.9/site-packages/airflow/example_dags/example_sensor_decorator.py for tasks to queue
[2024-09-24T17:56:24.574+0000] {logging_mixin.py:137} INFO - [2024-09-24T17:56:24.574+0000] {dagbag.py:532} INFO - Filling up the DagBag from /usr/local/lib/python3.9/site-packages/airflow/example_dags/example_sensor_decorator.py
[2024-09-24T17:56:24.619+0000] {processor.py:753} INFO - DAG(s) dict_keys(['example_sensor_decorator']) retrieved from /usr/local/lib/python3.9/site-packages/airflow/example_dags/example_sensor_decorator.py
[2024-09-24T17:56:24.715+0000] {logging_mixin.py:137} INFO - [2024-09-24T17:56:24.715+0000] {dag.py:2705} INFO - Sync 1 DAGs
[2024-09-24T17:56:24.753+0000] {logging_mixin.py:137} INFO - [2024-09-24T17:56:24.753+0000] {dag.py:3452} INFO - Setting next_dagrun for example_sensor_decorator to None, run_after=None
[2024-09-24T17:56:24.784+0000] {processor.py:175} INFO - Processing /usr/local/lib/python3.9/site-packages/airflow/example_dags/example_sensor_decorator.py took 0.222 seconds
[2024-09-24T18:44:46.219+0000] {processor.py:153} INFO - Started process (PID=280) to work on /usr/local/lib/python3.9/site-packages/airflow/example_dags/example_sensor_decorator.py
[2024-09-24T18:44:46.220+0000] {processor.py:743} INFO - Processing file /usr/local/lib/python3.9/site-packages/airflow/example_dags/example_sensor_decorator.py for tasks to queue
[2024-09-24T18:44:46.220+0000] {logging_mixin.py:137} INFO - [2024-09-24T18:44:46.220+0000] {dagbag.py:532} INFO - Filling up the DagBag from /usr/local/lib/python3.9/site-packages/airflow/example_dags/example_sensor_decorator.py
[2024-09-24T18:44:46.232+0000] {processor.py:753} INFO - DAG(s) dict_keys(['example_sensor_decorator']) retrieved from /usr/local/lib/python3.9/site-packages/airflow/example_dags/example_sensor_decorator.py
[2024-09-24T18:44:46.291+0000] {logging_mixin.py:137} INFO - [2024-09-24T18:44:46.291+0000] {manager.py:504} INFO - Created Permission View: can read on DAG:example_sensor_decorator
[2024-09-24T18:44:46.298+0000] {logging_mixin.py:137} INFO - [2024-09-24T18:44:46.298+0000] {manager.py:504} INFO - Created Permission View: can edit on DAG:example_sensor_decorator
[2024-09-24T18:44:46.301+0000] {logging_mixin.py:137} INFO - [2024-09-24T18:44:46.301+0000] {manager.py:504} INFO - Created Permission View: can delete on DAG:example_sensor_decorator
[2024-09-24T18:44:46.301+0000] {logging_mixin.py:137} INFO - [2024-09-24T18:44:46.301+0000] {dag.py:2705} INFO - Sync 1 DAGs
[2024-09-24T18:44:46.306+0000] {logging_mixin.py:137} INFO - [2024-09-24T18:44:46.306+0000] {dag.py:2726} INFO - Creating ORM DAG for example_sensor_decorator
[2024-09-24T18:44:46.313+0000] {logging_mixin.py:137} INFO - [2024-09-24T18:44:46.312+0000] {dag.py:3452} INFO - Setting next_dagrun for example_sensor_decorator to None, run_after=None
[2024-09-24T18:44:46.320+0000] {processor.py:175} INFO - Processing /usr/local/lib/python3.9/site-packages/airflow/example_dags/example_sensor_decorator.py took 0.103 seconds
[2024-09-24T18:45:16.727+0000] {processor.py:153} INFO - Started process (PID=495) to work on /usr/local/lib/python3.9/site-packages/airflow/example_dags/example_sensor_decorator.py
[2024-09-24T18:45:16.729+0000] {processor.py:743} INFO - Processing file /usr/local/lib/python3.9/site-packages/airflow/example_dags/example_sensor_decorator.py for tasks to queue
[2024-09-24T18:45:16.730+0000] {logging_mixin.py:137} INFO - [2024-09-24T18:45:16.730+0000] {dagbag.py:532} INFO - Filling up the DagBag from /usr/local/lib/python3.9/site-packages/airflow/example_dags/example_sensor_decorator.py
[2024-09-24T18:45:16.748+0000] {processor.py:753} INFO - DAG(s) dict_keys(['example_sensor_decorator']) retrieved from /usr/local/lib/python3.9/site-packages/airflow/example_dags/example_sensor_decorator.py
[2024-09-24T18:45:16.765+0000] {logging_mixin.py:137} INFO - [2024-09-24T18:45:16.765+0000] {dag.py:2705} INFO - Sync 1 DAGs
[2024-09-24T18:45:16.789+0000] {logging_mixin.py:137} INFO - [2024-09-24T18:45:16.789+0000] {dag.py:3452} INFO - Setting next_dagrun for example_sensor_decorator to None, run_after=None
[2024-09-24T18:45:16.813+0000] {processor.py:175} INFO - Processing /usr/local/lib/python3.9/site-packages/airflow/example_dags/example_sensor_decorator.py took 0.089 seconds
[2024-09-24T18:45:47.571+0000] {processor.py:153} INFO - Started process (PID=706) to work on /usr/local/lib/python3.9/site-packages/airflow/example_dags/example_sensor_decorator.py
[2024-09-24T18:45:47.574+0000] {processor.py:743} INFO - Processing file /usr/local/lib/python3.9/site-packages/airflow/example_dags/example_sensor_decorator.py for tasks to queue
[2024-09-24T18:45:47.575+0000] {logging_mixin.py:137} INFO - [2024-09-24T18:45:47.575+0000] {dagbag.py:532} INFO - Filling up the DagBag from /usr/local/lib/python3.9/site-packages/airflow/example_dags/example_sensor_decorator.py
[2024-09-24T18:45:47.591+0000] {processor.py:753} INFO - DAG(s) dict_keys(['example_sensor_decorator']) retrieved from /usr/local/lib/python3.9/site-packages/airflow/example_dags/example_sensor_decorator.py
[2024-09-24T18:45:47.603+0000] {logging_mixin.py:137} INFO - [2024-09-24T18:45:47.603+0000] {dag.py:2705} INFO - Sync 1 DAGs
[2024-09-24T18:45:47.613+0000] {logging_mixin.py:137} INFO - [2024-09-24T18:45:47.613+0000] {dag.py:3452} INFO - Setting next_dagrun for example_sensor_decorator to None, run_after=None
[2024-09-24T18:45:47.656+0000] {processor.py:175} INFO - Processing /usr/local/lib/python3.9/site-packages/airflow/example_dags/example_sensor_decorator.py took 0.086 seconds
[2024-09-24T18:46:18.112+0000] {processor.py:153} INFO - Started process (PID=917) to work on /usr/local/lib/python3.9/site-packages/airflow/example_dags/example_sensor_decorator.py
[2024-09-24T18:46:18.113+0000] {processor.py:743} INFO - Processing file /usr/local/lib/python3.9/site-packages/airflow/example_dags/example_sensor_decorator.py for tasks to queue
[2024-09-24T18:46:18.114+0000] {logging_mixin.py:137} INFO - [2024-09-24T18:46:18.113+0000] {dagbag.py:532} INFO - Filling up the DagBag from /usr/local/lib/python3.9/site-packages/airflow/example_dags/example_sensor_decorator.py
[2024-09-24T18:46:18.128+0000] {processor.py:753} INFO - DAG(s) dict_keys(['example_sensor_decorator']) retrieved from /usr/local/lib/python3.9/site-packages/airflow/example_dags/example_sensor_decorator.py
[2024-09-24T18:46:18.154+0000] {logging_mixin.py:137} INFO - [2024-09-24T18:46:18.154+0000] {dag.py:2705} INFO - Sync 1 DAGs
[2024-09-24T18:46:18.165+0000] {logging_mixin.py:137} INFO - [2024-09-24T18:46:18.165+0000] {dag.py:3452} INFO - Setting next_dagrun for example_sensor_decorator to None, run_after=None
[2024-09-24T18:46:18.175+0000] {processor.py:175} INFO - Processing /usr/local/lib/python3.9/site-packages/airflow/example_dags/example_sensor_decorator.py took 0.064 seconds
[2024-09-24T18:46:51.070+0000] {processor.py:153} INFO - Started process (PID=1128) to work on /usr/local/lib/python3.9/site-packages/airflow/example_dags/example_sensor_decorator.py
[2024-09-24T18:46:51.072+0000] {processor.py:743} INFO - Processing file /usr/local/lib/python3.9/site-packages/airflow/example_dags/example_sensor_decorator.py for tasks to queue
[2024-09-24T18:46:51.073+0000] {logging_mixin.py:137} INFO - [2024-09-24T18:46:51.073+0000] {dagbag.py:532} INFO - Filling up the DagBag from /usr/local/lib/python3.9/site-packages/airflow/example_dags/example_sensor_decorator.py
[2024-09-24T18:46:51.092+0000] {processor.py:753} INFO - DAG(s) dict_keys(['example_sensor_decorator']) retrieved from /usr/local/lib/python3.9/site-packages/airflow/example_dags/example_sensor_decorator.py
[2024-09-24T18:46:51.125+0000] {logging_mixin.py:137} INFO - [2024-09-24T18:46:51.125+0000] {dag.py:2705} INFO - Sync 1 DAGs
[2024-09-24T18:46:51.194+0000] {logging_mixin.py:137} INFO - [2024-09-24T18:46:51.194+0000] {dag.py:3452} INFO - Setting next_dagrun for example_sensor_decorator to None, run_after=None
[2024-09-24T18:46:51.228+0000] {processor.py:175} INFO - Processing /usr/local/lib/python3.9/site-packages/airflow/example_dags/example_sensor_decorator.py took 0.163 seconds
[2024-09-24T18:47:23.654+0000] {processor.py:153} INFO - Started process (PID=1338) to work on /usr/local/lib/python3.9/site-packages/airflow/example_dags/example_sensor_decorator.py
[2024-09-24T18:47:23.656+0000] {processor.py:743} INFO - Processing file /usr/local/lib/python3.9/site-packages/airflow/example_dags/example_sensor_decorator.py for tasks to queue
[2024-09-24T18:47:23.657+0000] {logging_mixin.py:137} INFO - [2024-09-24T18:47:23.657+0000] {dagbag.py:532} INFO - Filling up the DagBag from /usr/local/lib/python3.9/site-packages/airflow/example_dags/example_sensor_decorator.py
[2024-09-24T18:47:23.702+0000] {processor.py:753} INFO - DAG(s) dict_keys(['example_sensor_decorator']) retrieved from /usr/local/lib/python3.9/site-packages/airflow/example_dags/example_sensor_decorator.py
[2024-09-24T18:47:23.817+0000] {logging_mixin.py:137} INFO - [2024-09-24T18:47:23.817+0000] {dag.py:2705} INFO - Sync 1 DAGs
[2024-09-24T18:47:23.878+0000] {logging_mixin.py:137} INFO - [2024-09-24T18:47:23.877+0000] {dag.py:3452} INFO - Setting next_dagrun for example_sensor_decorator to None, run_after=None
[2024-09-24T18:47:23.902+0000] {processor.py:175} INFO - Processing /usr/local/lib/python3.9/site-packages/airflow/example_dags/example_sensor_decorator.py took 0.253 seconds
[2024-09-24T18:47:54.703+0000] {processor.py:153} INFO - Started process (PID=1544) to work on /usr/local/lib/python3.9/site-packages/airflow/example_dags/example_sensor_decorator.py
[2024-09-24T18:47:54.706+0000] {processor.py:743} INFO - Processing file /usr/local/lib/python3.9/site-packages/airflow/example_dags/example_sensor_decorator.py for tasks to queue
[2024-09-24T18:47:54.706+0000] {logging_mixin.py:137} INFO - [2024-09-24T18:47:54.706+0000] {dagbag.py:532} INFO - Filling up the DagBag from /usr/local/lib/python3.9/site-packages/airflow/example_dags/example_sensor_decorator.py
[2024-09-24T18:47:54.721+0000] {processor.py:753} INFO - DAG(s) dict_keys(['example_sensor_decorator']) retrieved from /usr/local/lib/python3.9/site-packages/airflow/example_dags/example_sensor_decorator.py
[2024-09-24T18:47:54.731+0000] {logging_mixin.py:137} INFO - [2024-09-24T18:47:54.731+0000] {dag.py:2705} INFO - Sync 1 DAGs
[2024-09-24T18:47:54.741+0000] {logging_mixin.py:137} INFO - [2024-09-24T18:47:54.741+0000] {dag.py:3452} INFO - Setting next_dagrun for example_sensor_decorator to None, run_after=None
[2024-09-24T18:47:54.749+0000] {processor.py:175} INFO - Processing /usr/local/lib/python3.9/site-packages/airflow/example_dags/example_sensor_decorator.py took 0.047 seconds
[2024-09-24T18:48:30.193+0000] {processor.py:153} INFO - Started process (PID=1755) to work on /usr/local/lib/python3.9/site-packages/airflow/example_dags/example_sensor_decorator.py
[2024-09-24T18:48:30.199+0000] {processor.py:743} INFO - Processing file /usr/local/lib/python3.9/site-packages/airflow/example_dags/example_sensor_decorator.py for tasks to queue
[2024-09-24T18:48:30.199+0000] {logging_mixin.py:137} INFO - [2024-09-24T18:48:30.199+0000] {dagbag.py:532} INFO - Filling up the DagBag from /usr/local/lib/python3.9/site-packages/airflow/example_dags/example_sensor_decorator.py
[2024-09-24T18:48:30.209+0000] {processor.py:753} INFO - DAG(s) dict_keys(['example_sensor_decorator']) retrieved from /usr/local/lib/python3.9/site-packages/airflow/example_dags/example_sensor_decorator.py
[2024-09-24T18:48:30.222+0000] {logging_mixin.py:137} INFO - [2024-09-24T18:48:30.222+0000] {dag.py:2705} INFO - Sync 1 DAGs
[2024-09-24T18:48:30.246+0000] {logging_mixin.py:137} INFO - [2024-09-24T18:48:30.246+0000] {dag.py:3452} INFO - Setting next_dagrun for example_sensor_decorator to None, run_after=None
[2024-09-24T18:48:30.361+0000] {processor.py:175} INFO - Processing /usr/local/lib/python3.9/site-packages/airflow/example_dags/example_sensor_decorator.py took 0.169 seconds
[2024-09-24T18:49:00.526+0000] {processor.py:153} INFO - Started process (PID=1966) to work on /usr/local/lib/python3.9/site-packages/airflow/example_dags/example_sensor_decorator.py
[2024-09-24T18:49:00.531+0000] {processor.py:743} INFO - Processing file /usr/local/lib/python3.9/site-packages/airflow/example_dags/example_sensor_decorator.py for tasks to queue
[2024-09-24T18:49:00.531+0000] {logging_mixin.py:137} INFO - [2024-09-24T18:49:00.531+0000] {dagbag.py:532} INFO - Filling up the DagBag from /usr/local/lib/python3.9/site-packages/airflow/example_dags/example_sensor_decorator.py
[2024-09-24T18:49:00.543+0000] {processor.py:753} INFO - DAG(s) dict_keys(['example_sensor_decorator']) retrieved from /usr/local/lib/python3.9/site-packages/airflow/example_dags/example_sensor_decorator.py
[2024-09-24T18:49:00.557+0000] {logging_mixin.py:137} INFO - [2024-09-24T18:49:00.557+0000] {dag.py:2705} INFO - Sync 1 DAGs
[2024-09-24T18:49:00.645+0000] {logging_mixin.py:137} INFO - [2024-09-24T18:49:00.645+0000] {dag.py:3452} INFO - Setting next_dagrun for example_sensor_decorator to None, run_after=None
[2024-09-24T18:49:00.653+0000] {processor.py:175} INFO - Processing /usr/local/lib/python3.9/site-packages/airflow/example_dags/example_sensor_decorator.py took 0.128 seconds
[2024-09-24T18:49:31.216+0000] {processor.py:153} INFO - Started process (PID=2176) to work on /usr/local/lib/python3.9/site-packages/airflow/example_dags/example_sensor_decorator.py
[2024-09-24T18:49:31.220+0000] {processor.py:743} INFO - Processing file /usr/local/lib/python3.9/site-packages/airflow/example_dags/example_sensor_decorator.py for tasks to queue
[2024-09-24T18:49:31.221+0000] {logging_mixin.py:137} INFO - [2024-09-24T18:49:31.220+0000] {dagbag.py:532} INFO - Filling up the DagBag from /usr/local/lib/python3.9/site-packages/airflow/example_dags/example_sensor_decorator.py
[2024-09-24T18:49:31.235+0000] {processor.py:753} INFO - DAG(s) dict_keys(['example_sensor_decorator']) retrieved from /usr/local/lib/python3.9/site-packages/airflow/example_dags/example_sensor_decorator.py
[2024-09-24T18:49:31.297+0000] {logging_mixin.py:137} INFO - [2024-09-24T18:49:31.297+0000] {dag.py:2705} INFO - Sync 1 DAGs
[2024-09-24T18:49:31.306+0000] {logging_mixin.py:137} INFO - [2024-09-24T18:49:31.306+0000] {dag.py:3452} INFO - Setting next_dagrun for example_sensor_decorator to None, run_after=None
[2024-09-24T18:49:31.313+0000] {processor.py:175} INFO - Processing /usr/local/lib/python3.9/site-packages/airflow/example_dags/example_sensor_decorator.py took 0.098 seconds
[2024-09-24T18:50:01.792+0000] {processor.py:153} INFO - Started process (PID=2388) to work on /usr/local/lib/python3.9/site-packages/airflow/example_dags/example_sensor_decorator.py
[2024-09-24T18:50:01.794+0000] {processor.py:743} INFO - Processing file /usr/local/lib/python3.9/site-packages/airflow/example_dags/example_sensor_decorator.py for tasks to queue
[2024-09-24T18:50:01.795+0000] {logging_mixin.py:137} INFO - [2024-09-24T18:50:01.795+0000] {dagbag.py:532} INFO - Filling up the DagBag from /usr/local/lib/python3.9/site-packages/airflow/example_dags/example_sensor_decorator.py
[2024-09-24T18:50:01.858+0000] {processor.py:753} INFO - DAG(s) dict_keys(['example_sensor_decorator']) retrieved from /usr/local/lib/python3.9/site-packages/airflow/example_dags/example_sensor_decorator.py
[2024-09-24T18:50:01.865+0000] {logging_mixin.py:137} INFO - [2024-09-24T18:50:01.865+0000] {dag.py:2705} INFO - Sync 1 DAGs
[2024-09-24T18:50:01.874+0000] {logging_mixin.py:137} INFO - [2024-09-24T18:50:01.874+0000] {dag.py:3452} INFO - Setting next_dagrun for example_sensor_decorator to None, run_after=None
[2024-09-24T18:50:01.881+0000] {processor.py:175} INFO - Processing /usr/local/lib/python3.9/site-packages/airflow/example_dags/example_sensor_decorator.py took 0.090 seconds
[2024-09-24T18:50:32.705+0000] {processor.py:153} INFO - Started process (PID=2599) to work on /usr/local/lib/python3.9/site-packages/airflow/example_dags/example_sensor_decorator.py
[2024-09-24T18:50:32.707+0000] {processor.py:743} INFO - Processing file /usr/local/lib/python3.9/site-packages/airflow/example_dags/example_sensor_decorator.py for tasks to queue
[2024-09-24T18:50:32.707+0000] {logging_mixin.py:137} INFO - [2024-09-24T18:50:32.707+0000] {dagbag.py:532} INFO - Filling up the DagBag from /usr/local/lib/python3.9/site-packages/airflow/example_dags/example_sensor_decorator.py
[2024-09-24T18:50:32.717+0000] {processor.py:753} INFO - DAG(s) dict_keys(['example_sensor_decorator']) retrieved from /usr/local/lib/python3.9/site-packages/airflow/example_dags/example_sensor_decorator.py
[2024-09-24T18:50:32.726+0000] {logging_mixin.py:137} INFO - [2024-09-24T18:50:32.726+0000] {dag.py:2705} INFO - Sync 1 DAGs
[2024-09-24T18:50:32.735+0000] {logging_mixin.py:137} INFO - [2024-09-24T18:50:32.735+0000] {dag.py:3452} INFO - Setting next_dagrun for example_sensor_decorator to None, run_after=None
[2024-09-24T18:50:32.742+0000] {processor.py:175} INFO - Processing /usr/local/lib/python3.9/site-packages/airflow/example_dags/example_sensor_decorator.py took 0.039 seconds
[2024-09-24T18:51:05.284+0000] {processor.py:153} INFO - Started process (PID=2812) to work on /usr/local/lib/python3.9/site-packages/airflow/example_dags/example_sensor_decorator.py
[2024-09-24T18:51:05.291+0000] {processor.py:743} INFO - Processing file /usr/local/lib/python3.9/site-packages/airflow/example_dags/example_sensor_decorator.py for tasks to queue
[2024-09-24T18:51:05.386+0000] {logging_mixin.py:137} INFO - [2024-09-24T18:51:05.294+0000] {dagbag.py:532} INFO - Filling up the DagBag from /usr/local/lib/python3.9/site-packages/airflow/example_dags/example_sensor_decorator.py
[2024-09-24T18:51:05.486+0000] {processor.py:753} INFO - DAG(s) dict_keys(['example_sensor_decorator']) retrieved from /usr/local/lib/python3.9/site-packages/airflow/example_dags/example_sensor_decorator.py
[2024-09-24T18:51:05.593+0000] {logging_mixin.py:137} INFO - [2024-09-24T18:51:05.593+0000] {dag.py:2705} INFO - Sync 1 DAGs
[2024-09-24T18:51:05.695+0000] {logging_mixin.py:137} INFO - [2024-09-24T18:51:05.694+0000] {dag.py:3452} INFO - Setting next_dagrun for example_sensor_decorator to None, run_after=None
[2024-09-24T18:51:05.742+0000] {processor.py:175} INFO - Processing /usr/local/lib/python3.9/site-packages/airflow/example_dags/example_sensor_decorator.py took 0.470 seconds
[2024-09-24T18:51:36.173+0000] {processor.py:153} INFO - Started process (PID=3020) to work on /usr/local/lib/python3.9/site-packages/airflow/example_dags/example_sensor_decorator.py
[2024-09-24T18:51:36.174+0000] {processor.py:743} INFO - Processing file /usr/local/lib/python3.9/site-packages/airflow/example_dags/example_sensor_decorator.py for tasks to queue
[2024-09-24T18:51:36.174+0000] {logging_mixin.py:137} INFO - [2024-09-24T18:51:36.174+0000] {dagbag.py:532} INFO - Filling up the DagBag from /usr/local/lib/python3.9/site-packages/airflow/example_dags/example_sensor_decorator.py
[2024-09-24T18:51:36.191+0000] {processor.py:753} INFO - DAG(s) dict_keys(['example_sensor_decorator']) retrieved from /usr/local/lib/python3.9/site-packages/airflow/example_dags/example_sensor_decorator.py
[2024-09-24T18:51:36.204+0000] {logging_mixin.py:137} INFO - [2024-09-24T18:51:36.204+0000] {dag.py:2705} INFO - Sync 1 DAGs
[2024-09-24T18:51:36.216+0000] {logging_mixin.py:137} INFO - [2024-09-24T18:51:36.216+0000] {dag.py:3452} INFO - Setting next_dagrun for example_sensor_decorator to None, run_after=None
[2024-09-24T18:51:36.224+0000] {processor.py:175} INFO - Processing /usr/local/lib/python3.9/site-packages/airflow/example_dags/example_sensor_decorator.py took 0.054 seconds
[2024-09-24T18:52:07.181+0000] {processor.py:153} INFO - Started process (PID=3232) to work on /usr/local/lib/python3.9/site-packages/airflow/example_dags/example_sensor_decorator.py
[2024-09-24T18:52:07.185+0000] {processor.py:743} INFO - Processing file /usr/local/lib/python3.9/site-packages/airflow/example_dags/example_sensor_decorator.py for tasks to queue
[2024-09-24T18:52:07.185+0000] {logging_mixin.py:137} INFO - [2024-09-24T18:52:07.185+0000] {dagbag.py:532} INFO - Filling up the DagBag from /usr/local/lib/python3.9/site-packages/airflow/example_dags/example_sensor_decorator.py
[2024-09-24T18:52:07.199+0000] {processor.py:753} INFO - DAG(s) dict_keys(['example_sensor_decorator']) retrieved from /usr/local/lib/python3.9/site-packages/airflow/example_dags/example_sensor_decorator.py
[2024-09-24T18:52:07.210+0000] {logging_mixin.py:137} INFO - [2024-09-24T18:52:07.210+0000] {dag.py:2705} INFO - Sync 1 DAGs
[2024-09-24T18:52:07.222+0000] {logging_mixin.py:137} INFO - [2024-09-24T18:52:07.222+0000] {dag.py:3452} INFO - Setting next_dagrun for example_sensor_decorator to None, run_after=None
[2024-09-24T18:52:07.229+0000] {processor.py:175} INFO - Processing /usr/local/lib/python3.9/site-packages/airflow/example_dags/example_sensor_decorator.py took 0.053 seconds
[2024-09-24T18:52:37.949+0000] {processor.py:153} INFO - Started process (PID=3442) to work on /usr/local/lib/python3.9/site-packages/airflow/example_dags/example_sensor_decorator.py
[2024-09-24T18:52:37.950+0000] {processor.py:743} INFO - Processing file /usr/local/lib/python3.9/site-packages/airflow/example_dags/example_sensor_decorator.py for tasks to queue
[2024-09-24T18:52:37.951+0000] {logging_mixin.py:137} INFO - [2024-09-24T18:52:37.951+0000] {dagbag.py:532} INFO - Filling up the DagBag from /usr/local/lib/python3.9/site-packages/airflow/example_dags/example_sensor_decorator.py
[2024-09-24T18:52:37.969+0000] {processor.py:753} INFO - DAG(s) dict_keys(['example_sensor_decorator']) retrieved from /usr/local/lib/python3.9/site-packages/airflow/example_dags/example_sensor_decorator.py
[2024-09-24T18:52:37.988+0000] {logging_mixin.py:137} INFO - [2024-09-24T18:52:37.988+0000] {dag.py:2705} INFO - Sync 1 DAGs
[2024-09-24T18:52:38.003+0000] {logging_mixin.py:137} INFO - [2024-09-24T18:52:38.003+0000] {dag.py:3452} INFO - Setting next_dagrun for example_sensor_decorator to None, run_after=None
[2024-09-24T18:52:38.012+0000] {processor.py:175} INFO - Processing /usr/local/lib/python3.9/site-packages/airflow/example_dags/example_sensor_decorator.py took 0.067 seconds
[2024-09-24T18:53:08.604+0000] {processor.py:153} INFO - Started process (PID=3653) to work on /usr/local/lib/python3.9/site-packages/airflow/example_dags/example_sensor_decorator.py
[2024-09-24T18:53:08.606+0000] {processor.py:743} INFO - Processing file /usr/local/lib/python3.9/site-packages/airflow/example_dags/example_sensor_decorator.py for tasks to queue
[2024-09-24T18:53:08.606+0000] {logging_mixin.py:137} INFO - [2024-09-24T18:53:08.606+0000] {dagbag.py:532} INFO - Filling up the DagBag from /usr/local/lib/python3.9/site-packages/airflow/example_dags/example_sensor_decorator.py
[2024-09-24T18:53:08.646+0000] {processor.py:753} INFO - DAG(s) dict_keys(['example_sensor_decorator']) retrieved from /usr/local/lib/python3.9/site-packages/airflow/example_dags/example_sensor_decorator.py
[2024-09-24T18:53:08.685+0000] {logging_mixin.py:137} INFO - [2024-09-24T18:53:08.685+0000] {dag.py:2705} INFO - Sync 1 DAGs
[2024-09-24T18:53:08.710+0000] {logging_mixin.py:137} INFO - [2024-09-24T18:53:08.709+0000] {dag.py:3452} INFO - Setting next_dagrun for example_sensor_decorator to None, run_after=None
[2024-09-24T18:53:08.721+0000] {processor.py:175} INFO - Processing /usr/local/lib/python3.9/site-packages/airflow/example_dags/example_sensor_decorator.py took 0.121 seconds
