[2024-09-24T15:58:41.504+0000] {processor.py:153} INFO - Started process (PID=249) to work on /usr/local/lib/python3.9/site-packages/airflow/example_dags/example_trigger_controller_dag.py
[2024-09-24T15:58:41.504+0000] {processor.py:743} INFO - Processing file /usr/local/lib/python3.9/site-packages/airflow/example_dags/example_trigger_controller_dag.py for tasks to queue
[2024-09-24T15:58:41.504+0000] {logging_mixin.py:137} INFO - [2024-09-24T15:58:41.504+0000] {dagbag.py:532} INFO - Filling up the DagBag from /usr/local/lib/python3.9/site-packages/airflow/example_dags/example_trigger_controller_dag.py
[2024-09-24T15:58:41.511+0000] {processor.py:753} INFO - DAG(s) dict_keys(['example_trigger_controller_dag']) retrieved from /usr/local/lib/python3.9/site-packages/airflow/example_dags/example_trigger_controller_dag.py
[2024-09-24T15:58:41.936+0000] {logging_mixin.py:137} INFO - [2024-09-24T15:58:41.936+0000] {manager.py:504} INFO - Created Permission View: can delete on DAG:example_trigger_controller_dag
[2024-09-24T15:58:41.943+0000] {logging_mixin.py:137} INFO - [2024-09-24T15:58:41.943+0000] {manager.py:504} INFO - Created Permission View: can read on DAG:example_trigger_controller_dag
[2024-09-24T15:58:41.947+0000] {logging_mixin.py:137} INFO - [2024-09-24T15:58:41.947+0000] {manager.py:504} INFO - Created Permission View: can edit on DAG:example_trigger_controller_dag
[2024-09-24T15:58:41.948+0000] {logging_mixin.py:137} INFO - [2024-09-24T15:58:41.948+0000] {dag.py:2705} INFO - Sync 1 DAGs
[2024-09-24T15:58:41.956+0000] {logging_mixin.py:137} INFO - [2024-09-24T15:58:41.955+0000] {dag.py:2726} INFO - Creating ORM DAG for example_trigger_controller_dag
[2024-09-24T15:58:41.962+0000] {logging_mixin.py:137} INFO - [2024-09-24T15:58:41.962+0000] {dag.py:3452} INFO - Setting next_dagrun for example_trigger_controller_dag to 2021-01-01T00:00:00+00:00, run_after=2021-01-01T00:00:00+00:00
[2024-09-24T15:58:41.974+0000] {processor.py:175} INFO - Processing /usr/local/lib/python3.9/site-packages/airflow/example_dags/example_trigger_controller_dag.py took 0.473 seconds
[2024-09-24T15:59:12.112+0000] {processor.py:153} INFO - Started process (PID=459) to work on /usr/local/lib/python3.9/site-packages/airflow/example_dags/example_trigger_controller_dag.py
[2024-09-24T15:59:12.113+0000] {processor.py:743} INFO - Processing file /usr/local/lib/python3.9/site-packages/airflow/example_dags/example_trigger_controller_dag.py for tasks to queue
[2024-09-24T15:59:12.114+0000] {logging_mixin.py:137} INFO - [2024-09-24T15:59:12.114+0000] {dagbag.py:532} INFO - Filling up the DagBag from /usr/local/lib/python3.9/site-packages/airflow/example_dags/example_trigger_controller_dag.py
[2024-09-24T15:59:12.124+0000] {processor.py:753} INFO - DAG(s) dict_keys(['example_trigger_controller_dag']) retrieved from /usr/local/lib/python3.9/site-packages/airflow/example_dags/example_trigger_controller_dag.py
[2024-09-24T15:59:12.149+0000] {logging_mixin.py:137} INFO - [2024-09-24T15:59:12.148+0000] {dag.py:2705} INFO - Sync 1 DAGs
[2024-09-24T15:59:12.165+0000] {logging_mixin.py:137} INFO - [2024-09-24T15:59:12.165+0000] {dag.py:3452} INFO - Setting next_dagrun for example_trigger_controller_dag to 2021-01-01T00:00:00+00:00, run_after=2021-01-01T00:00:00+00:00
[2024-09-24T15:59:12.183+0000] {processor.py:175} INFO - Processing /usr/local/lib/python3.9/site-packages/airflow/example_dags/example_trigger_controller_dag.py took 0.074 seconds
[2024-09-24T15:59:42.720+0000] {processor.py:153} INFO - Started process (PID=671) to work on /usr/local/lib/python3.9/site-packages/airflow/example_dags/example_trigger_controller_dag.py
[2024-09-24T15:59:42.724+0000] {processor.py:743} INFO - Processing file /usr/local/lib/python3.9/site-packages/airflow/example_dags/example_trigger_controller_dag.py for tasks to queue
[2024-09-24T15:59:42.725+0000] {logging_mixin.py:137} INFO - [2024-09-24T15:59:42.725+0000] {dagbag.py:532} INFO - Filling up the DagBag from /usr/local/lib/python3.9/site-packages/airflow/example_dags/example_trigger_controller_dag.py
[2024-09-24T15:59:42.733+0000] {processor.py:753} INFO - DAG(s) dict_keys(['example_trigger_controller_dag']) retrieved from /usr/local/lib/python3.9/site-packages/airflow/example_dags/example_trigger_controller_dag.py
[2024-09-24T15:59:42.755+0000] {logging_mixin.py:137} INFO - [2024-09-24T15:59:42.755+0000] {dag.py:2705} INFO - Sync 1 DAGs
[2024-09-24T15:59:42.766+0000] {logging_mixin.py:137} INFO - [2024-09-24T15:59:42.766+0000] {dag.py:3452} INFO - Setting next_dagrun for example_trigger_controller_dag to 2021-01-01T00:00:00+00:00, run_after=2021-01-01T00:00:00+00:00
[2024-09-24T15:59:42.780+0000] {processor.py:175} INFO - Processing /usr/local/lib/python3.9/site-packages/airflow/example_dags/example_trigger_controller_dag.py took 0.066 seconds
[2024-09-24T16:12:36.228+0000] {processor.py:153} INFO - Started process (PID=251) to work on /usr/local/lib/python3.9/site-packages/airflow/example_dags/example_trigger_controller_dag.py
[2024-09-24T16:12:36.231+0000] {processor.py:743} INFO - Processing file /usr/local/lib/python3.9/site-packages/airflow/example_dags/example_trigger_controller_dag.py for tasks to queue
[2024-09-24T16:12:36.232+0000] {logging_mixin.py:137} INFO - [2024-09-24T16:12:36.232+0000] {dagbag.py:532} INFO - Filling up the DagBag from /usr/local/lib/python3.9/site-packages/airflow/example_dags/example_trigger_controller_dag.py
[2024-09-24T16:12:36.242+0000] {processor.py:753} INFO - DAG(s) dict_keys(['example_trigger_controller_dag']) retrieved from /usr/local/lib/python3.9/site-packages/airflow/example_dags/example_trigger_controller_dag.py
[2024-09-24T16:12:36.374+0000] {logging_mixin.py:137} INFO - [2024-09-24T16:12:36.374+0000] {manager.py:504} INFO - Created Permission View: can read on DAG:example_trigger_controller_dag
[2024-09-24T16:12:36.379+0000] {logging_mixin.py:137} INFO - [2024-09-24T16:12:36.379+0000] {manager.py:504} INFO - Created Permission View: can edit on DAG:example_trigger_controller_dag
[2024-09-24T16:12:36.382+0000] {logging_mixin.py:137} INFO - [2024-09-24T16:12:36.382+0000] {manager.py:504} INFO - Created Permission View: can delete on DAG:example_trigger_controller_dag
[2024-09-24T16:12:36.383+0000] {logging_mixin.py:137} INFO - [2024-09-24T16:12:36.383+0000] {dag.py:2705} INFO - Sync 1 DAGs
[2024-09-24T16:12:36.389+0000] {logging_mixin.py:137} INFO - [2024-09-24T16:12:36.388+0000] {dag.py:2726} INFO - Creating ORM DAG for example_trigger_controller_dag
[2024-09-24T16:12:36.393+0000] {logging_mixin.py:137} INFO - [2024-09-24T16:12:36.393+0000] {dag.py:3452} INFO - Setting next_dagrun for example_trigger_controller_dag to 2021-01-01T00:00:00+00:00, run_after=2021-01-01T00:00:00+00:00
[2024-09-24T16:12:36.405+0000] {processor.py:175} INFO - Processing /usr/local/lib/python3.9/site-packages/airflow/example_dags/example_trigger_controller_dag.py took 0.182 seconds
[2024-09-24T16:13:15.491+0000] {processor.py:153} INFO - Started process (PID=466) to work on /usr/local/lib/python3.9/site-packages/airflow/example_dags/example_trigger_controller_dag.py
[2024-09-24T16:13:15.495+0000] {processor.py:743} INFO - Processing file /usr/local/lib/python3.9/site-packages/airflow/example_dags/example_trigger_controller_dag.py for tasks to queue
[2024-09-24T16:13:15.508+0000] {logging_mixin.py:137} INFO - [2024-09-24T16:13:15.507+0000] {dagbag.py:532} INFO - Filling up the DagBag from /usr/local/lib/python3.9/site-packages/airflow/example_dags/example_trigger_controller_dag.py
[2024-09-24T16:13:15.606+0000] {processor.py:753} INFO - DAG(s) dict_keys(['example_trigger_controller_dag']) retrieved from /usr/local/lib/python3.9/site-packages/airflow/example_dags/example_trigger_controller_dag.py
[2024-09-24T16:13:15.989+0000] {logging_mixin.py:137} INFO - [2024-09-24T16:13:15.986+0000] {dag.py:2705} INFO - Sync 1 DAGs
[2024-09-24T16:13:16.344+0000] {logging_mixin.py:137} INFO - [2024-09-24T16:13:16.343+0000] {dag.py:3452} INFO - Setting next_dagrun for example_trigger_controller_dag to 2021-01-01T00:00:00+00:00, run_after=2021-01-01T00:00:00+00:00
[2024-09-24T16:13:16.558+0000] {processor.py:175} INFO - Processing /usr/local/lib/python3.9/site-packages/airflow/example_dags/example_trigger_controller_dag.py took 1.094 seconds
[2024-09-24T16:13:47.333+0000] {processor.py:153} INFO - Started process (PID=679) to work on /usr/local/lib/python3.9/site-packages/airflow/example_dags/example_trigger_controller_dag.py
[2024-09-24T16:13:47.338+0000] {processor.py:743} INFO - Processing file /usr/local/lib/python3.9/site-packages/airflow/example_dags/example_trigger_controller_dag.py for tasks to queue
[2024-09-24T16:13:47.338+0000] {logging_mixin.py:137} INFO - [2024-09-24T16:13:47.338+0000] {dagbag.py:532} INFO - Filling up the DagBag from /usr/local/lib/python3.9/site-packages/airflow/example_dags/example_trigger_controller_dag.py
[2024-09-24T16:13:47.343+0000] {processor.py:753} INFO - DAG(s) dict_keys(['example_trigger_controller_dag']) retrieved from /usr/local/lib/python3.9/site-packages/airflow/example_dags/example_trigger_controller_dag.py
[2024-09-24T16:13:47.355+0000] {logging_mixin.py:137} INFO - [2024-09-24T16:13:47.355+0000] {dag.py:2705} INFO - Sync 1 DAGs
[2024-09-24T16:13:47.365+0000] {logging_mixin.py:137} INFO - [2024-09-24T16:13:47.365+0000] {dag.py:3452} INFO - Setting next_dagrun for example_trigger_controller_dag to 2021-01-01T00:00:00+00:00, run_after=2021-01-01T00:00:00+00:00
[2024-09-24T16:13:47.451+0000] {processor.py:175} INFO - Processing /usr/local/lib/python3.9/site-packages/airflow/example_dags/example_trigger_controller_dag.py took 0.120 seconds
[2024-09-24T16:14:17.609+0000] {processor.py:153} INFO - Started process (PID=887) to work on /usr/local/lib/python3.9/site-packages/airflow/example_dags/example_trigger_controller_dag.py
[2024-09-24T16:14:17.612+0000] {processor.py:743} INFO - Processing file /usr/local/lib/python3.9/site-packages/airflow/example_dags/example_trigger_controller_dag.py for tasks to queue
[2024-09-24T16:14:17.613+0000] {logging_mixin.py:137} INFO - [2024-09-24T16:14:17.613+0000] {dagbag.py:532} INFO - Filling up the DagBag from /usr/local/lib/python3.9/site-packages/airflow/example_dags/example_trigger_controller_dag.py
[2024-09-24T16:14:17.619+0000] {processor.py:753} INFO - DAG(s) dict_keys(['example_trigger_controller_dag']) retrieved from /usr/local/lib/python3.9/site-packages/airflow/example_dags/example_trigger_controller_dag.py
[2024-09-24T16:14:17.633+0000] {logging_mixin.py:137} INFO - [2024-09-24T16:14:17.633+0000] {dag.py:2705} INFO - Sync 1 DAGs
[2024-09-24T16:14:17.645+0000] {logging_mixin.py:137} INFO - [2024-09-24T16:14:17.645+0000] {dag.py:3452} INFO - Setting next_dagrun for example_trigger_controller_dag to 2021-01-01T00:00:00+00:00, run_after=2021-01-01T00:00:00+00:00
[2024-09-24T16:14:17.656+0000] {processor.py:175} INFO - Processing /usr/local/lib/python3.9/site-packages/airflow/example_dags/example_trigger_controller_dag.py took 0.049 seconds
[2024-09-24T16:14:48.107+0000] {processor.py:153} INFO - Started process (PID=1092) to work on /usr/local/lib/python3.9/site-packages/airflow/example_dags/example_trigger_controller_dag.py
[2024-09-24T16:14:48.110+0000] {processor.py:743} INFO - Processing file /usr/local/lib/python3.9/site-packages/airflow/example_dags/example_trigger_controller_dag.py for tasks to queue
[2024-09-24T16:14:48.112+0000] {logging_mixin.py:137} INFO - [2024-09-24T16:14:48.112+0000] {dagbag.py:532} INFO - Filling up the DagBag from /usr/local/lib/python3.9/site-packages/airflow/example_dags/example_trigger_controller_dag.py
[2024-09-24T16:14:48.133+0000] {processor.py:753} INFO - DAG(s) dict_keys(['example_trigger_controller_dag']) retrieved from /usr/local/lib/python3.9/site-packages/airflow/example_dags/example_trigger_controller_dag.py
[2024-09-24T16:14:48.171+0000] {logging_mixin.py:137} INFO - [2024-09-24T16:14:48.170+0000] {dag.py:2705} INFO - Sync 1 DAGs
[2024-09-24T16:14:48.194+0000] {logging_mixin.py:137} INFO - [2024-09-24T16:14:48.194+0000] {dag.py:3452} INFO - Setting next_dagrun for example_trigger_controller_dag to 2021-01-01T00:00:00+00:00, run_after=2021-01-01T00:00:00+00:00
[2024-09-24T16:14:48.326+0000] {processor.py:175} INFO - Processing /usr/local/lib/python3.9/site-packages/airflow/example_dags/example_trigger_controller_dag.py took 0.226 seconds
[2024-09-24T16:15:18.755+0000] {processor.py:153} INFO - Started process (PID=1304) to work on /usr/local/lib/python3.9/site-packages/airflow/example_dags/example_trigger_controller_dag.py
[2024-09-24T16:15:18.766+0000] {processor.py:743} INFO - Processing file /usr/local/lib/python3.9/site-packages/airflow/example_dags/example_trigger_controller_dag.py for tasks to queue
[2024-09-24T16:15:18.770+0000] {logging_mixin.py:137} INFO - [2024-09-24T16:15:18.769+0000] {dagbag.py:532} INFO - Filling up the DagBag from /usr/local/lib/python3.9/site-packages/airflow/example_dags/example_trigger_controller_dag.py
[2024-09-24T16:15:18.805+0000] {processor.py:753} INFO - DAG(s) dict_keys(['example_trigger_controller_dag']) retrieved from /usr/local/lib/python3.9/site-packages/airflow/example_dags/example_trigger_controller_dag.py
[2024-09-24T16:15:18.929+0000] {logging_mixin.py:137} INFO - [2024-09-24T16:15:18.929+0000] {dag.py:2705} INFO - Sync 1 DAGs
[2024-09-24T16:15:18.956+0000] {logging_mixin.py:137} INFO - [2024-09-24T16:15:18.956+0000] {dag.py:3452} INFO - Setting next_dagrun for example_trigger_controller_dag to 2021-01-01T00:00:00+00:00, run_after=2021-01-01T00:00:00+00:00
[2024-09-24T16:15:19.421+0000] {processor.py:175} INFO - Processing /usr/local/lib/python3.9/site-packages/airflow/example_dags/example_trigger_controller_dag.py took 0.671 seconds
[2024-09-24T16:15:49.632+0000] {processor.py:153} INFO - Started process (PID=1515) to work on /usr/local/lib/python3.9/site-packages/airflow/example_dags/example_trigger_controller_dag.py
[2024-09-24T16:15:49.633+0000] {processor.py:743} INFO - Processing file /usr/local/lib/python3.9/site-packages/airflow/example_dags/example_trigger_controller_dag.py for tasks to queue
[2024-09-24T16:15:49.634+0000] {logging_mixin.py:137} INFO - [2024-09-24T16:15:49.634+0000] {dagbag.py:532} INFO - Filling up the DagBag from /usr/local/lib/python3.9/site-packages/airflow/example_dags/example_trigger_controller_dag.py
[2024-09-24T16:15:49.642+0000] {processor.py:753} INFO - DAG(s) dict_keys(['example_trigger_controller_dag']) retrieved from /usr/local/lib/python3.9/site-packages/airflow/example_dags/example_trigger_controller_dag.py
[2024-09-24T16:15:50.165+0000] {logging_mixin.py:137} INFO - [2024-09-24T16:15:50.165+0000] {dag.py:2705} INFO - Sync 1 DAGs
[2024-09-24T16:15:50.221+0000] {logging_mixin.py:137} INFO - [2024-09-24T16:15:50.221+0000] {dag.py:3452} INFO - Setting next_dagrun for example_trigger_controller_dag to 2021-01-01T00:00:00+00:00, run_after=2021-01-01T00:00:00+00:00
[2024-09-24T16:15:50.247+0000] {processor.py:175} INFO - Processing /usr/local/lib/python3.9/site-packages/airflow/example_dags/example_trigger_controller_dag.py took 0.619 seconds
[2024-09-24T16:16:20.789+0000] {processor.py:153} INFO - Started process (PID=1726) to work on /usr/local/lib/python3.9/site-packages/airflow/example_dags/example_trigger_controller_dag.py
[2024-09-24T16:16:20.790+0000] {processor.py:743} INFO - Processing file /usr/local/lib/python3.9/site-packages/airflow/example_dags/example_trigger_controller_dag.py for tasks to queue
[2024-09-24T16:16:20.795+0000] {logging_mixin.py:137} INFO - [2024-09-24T16:16:20.794+0000] {dagbag.py:532} INFO - Filling up the DagBag from /usr/local/lib/python3.9/site-packages/airflow/example_dags/example_trigger_controller_dag.py
[2024-09-24T16:16:20.804+0000] {processor.py:753} INFO - DAG(s) dict_keys(['example_trigger_controller_dag']) retrieved from /usr/local/lib/python3.9/site-packages/airflow/example_dags/example_trigger_controller_dag.py
[2024-09-24T16:16:20.819+0000] {logging_mixin.py:137} INFO - [2024-09-24T16:16:20.819+0000] {dag.py:2705} INFO - Sync 1 DAGs
[2024-09-24T16:16:20.832+0000] {logging_mixin.py:137} INFO - [2024-09-24T16:16:20.832+0000] {dag.py:3452} INFO - Setting next_dagrun for example_trigger_controller_dag to 2021-01-01T00:00:00+00:00, run_after=2021-01-01T00:00:00+00:00
[2024-09-24T16:16:20.842+0000] {processor.py:175} INFO - Processing /usr/local/lib/python3.9/site-packages/airflow/example_dags/example_trigger_controller_dag.py took 0.056 seconds
[2024-09-24T16:16:51.027+0000] {processor.py:153} INFO - Started process (PID=1937) to work on /usr/local/lib/python3.9/site-packages/airflow/example_dags/example_trigger_controller_dag.py
[2024-09-24T16:16:51.028+0000] {processor.py:743} INFO - Processing file /usr/local/lib/python3.9/site-packages/airflow/example_dags/example_trigger_controller_dag.py for tasks to queue
[2024-09-24T16:16:51.030+0000] {logging_mixin.py:137} INFO - [2024-09-24T16:16:51.029+0000] {dagbag.py:532} INFO - Filling up the DagBag from /usr/local/lib/python3.9/site-packages/airflow/example_dags/example_trigger_controller_dag.py
[2024-09-24T16:16:51.043+0000] {processor.py:753} INFO - DAG(s) dict_keys(['example_trigger_controller_dag']) retrieved from /usr/local/lib/python3.9/site-packages/airflow/example_dags/example_trigger_controller_dag.py
[2024-09-24T16:16:51.064+0000] {logging_mixin.py:137} INFO - [2024-09-24T16:16:51.064+0000] {dag.py:2705} INFO - Sync 1 DAGs
[2024-09-24T16:16:51.077+0000] {logging_mixin.py:137} INFO - [2024-09-24T16:16:51.077+0000] {dag.py:3452} INFO - Setting next_dagrun for example_trigger_controller_dag to 2021-01-01T00:00:00+00:00, run_after=2021-01-01T00:00:00+00:00
[2024-09-24T16:16:51.089+0000] {processor.py:175} INFO - Processing /usr/local/lib/python3.9/site-packages/airflow/example_dags/example_trigger_controller_dag.py took 0.065 seconds
[2024-09-24T16:17:21.633+0000] {processor.py:153} INFO - Started process (PID=2148) to work on /usr/local/lib/python3.9/site-packages/airflow/example_dags/example_trigger_controller_dag.py
[2024-09-24T16:17:21.638+0000] {processor.py:743} INFO - Processing file /usr/local/lib/python3.9/site-packages/airflow/example_dags/example_trigger_controller_dag.py for tasks to queue
[2024-09-24T16:17:21.639+0000] {logging_mixin.py:137} INFO - [2024-09-24T16:17:21.639+0000] {dagbag.py:532} INFO - Filling up the DagBag from /usr/local/lib/python3.9/site-packages/airflow/example_dags/example_trigger_controller_dag.py
[2024-09-24T16:17:21.645+0000] {processor.py:753} INFO - DAG(s) dict_keys(['example_trigger_controller_dag']) retrieved from /usr/local/lib/python3.9/site-packages/airflow/example_dags/example_trigger_controller_dag.py
[2024-09-24T16:17:21.659+0000] {logging_mixin.py:137} INFO - [2024-09-24T16:17:21.659+0000] {dag.py:2705} INFO - Sync 1 DAGs
[2024-09-24T16:17:21.732+0000] {logging_mixin.py:137} INFO - [2024-09-24T16:17:21.732+0000] {dag.py:3452} INFO - Setting next_dagrun for example_trigger_controller_dag to 2021-01-01T00:00:00+00:00, run_after=2021-01-01T00:00:00+00:00
[2024-09-24T16:17:21.739+0000] {processor.py:175} INFO - Processing /usr/local/lib/python3.9/site-packages/airflow/example_dags/example_trigger_controller_dag.py took 0.107 seconds
[2024-09-24T16:17:52.345+0000] {processor.py:153} INFO - Started process (PID=2358) to work on /usr/local/lib/python3.9/site-packages/airflow/example_dags/example_trigger_controller_dag.py
[2024-09-24T16:17:52.346+0000] {processor.py:743} INFO - Processing file /usr/local/lib/python3.9/site-packages/airflow/example_dags/example_trigger_controller_dag.py for tasks to queue
[2024-09-24T16:17:52.346+0000] {logging_mixin.py:137} INFO - [2024-09-24T16:17:52.346+0000] {dagbag.py:532} INFO - Filling up the DagBag from /usr/local/lib/python3.9/site-packages/airflow/example_dags/example_trigger_controller_dag.py
[2024-09-24T16:17:52.359+0000] {processor.py:753} INFO - DAG(s) dict_keys(['example_trigger_controller_dag']) retrieved from /usr/local/lib/python3.9/site-packages/airflow/example_dags/example_trigger_controller_dag.py
[2024-09-24T16:17:52.437+0000] {logging_mixin.py:137} INFO - [2024-09-24T16:17:52.437+0000] {dag.py:2705} INFO - Sync 1 DAGs
[2024-09-24T16:17:52.447+0000] {logging_mixin.py:137} INFO - [2024-09-24T16:17:52.447+0000] {dag.py:3452} INFO - Setting next_dagrun for example_trigger_controller_dag to 2021-01-01T00:00:00+00:00, run_after=2021-01-01T00:00:00+00:00
[2024-09-24T16:17:52.457+0000] {processor.py:175} INFO - Processing /usr/local/lib/python3.9/site-packages/airflow/example_dags/example_trigger_controller_dag.py took 0.115 seconds
[2024-09-24T17:55:51.187+0000] {processor.py:153} INFO - Started process (PID=250) to work on /usr/local/lib/python3.9/site-packages/airflow/example_dags/example_trigger_controller_dag.py
[2024-09-24T17:55:51.188+0000] {processor.py:743} INFO - Processing file /usr/local/lib/python3.9/site-packages/airflow/example_dags/example_trigger_controller_dag.py for tasks to queue
[2024-09-24T17:55:51.189+0000] {logging_mixin.py:137} INFO - [2024-09-24T17:55:51.189+0000] {dagbag.py:532} INFO - Filling up the DagBag from /usr/local/lib/python3.9/site-packages/airflow/example_dags/example_trigger_controller_dag.py
[2024-09-24T17:55:51.196+0000] {processor.py:753} INFO - DAG(s) dict_keys(['example_trigger_controller_dag']) retrieved from /usr/local/lib/python3.9/site-packages/airflow/example_dags/example_trigger_controller_dag.py
[2024-09-24T17:55:51.203+0000] {logging_mixin.py:137} INFO - [2024-09-24T17:55:51.203+0000] {dag.py:2705} INFO - Sync 1 DAGs
[2024-09-24T17:55:51.216+0000] {logging_mixin.py:137} INFO - [2024-09-24T17:55:51.216+0000] {dag.py:3452} INFO - Setting next_dagrun for example_trigger_controller_dag to 2021-01-01T00:00:00+00:00, run_after=2021-01-01T00:00:00+00:00
[2024-09-24T17:55:51.226+0000] {processor.py:175} INFO - Processing /usr/local/lib/python3.9/site-packages/airflow/example_dags/example_trigger_controller_dag.py took 0.040 seconds
[2024-09-24T17:56:23.199+0000] {processor.py:153} INFO - Started process (PID=465) to work on /usr/local/lib/python3.9/site-packages/airflow/example_dags/example_trigger_controller_dag.py
[2024-09-24T17:56:23.206+0000] {processor.py:743} INFO - Processing file /usr/local/lib/python3.9/site-packages/airflow/example_dags/example_trigger_controller_dag.py for tasks to queue
[2024-09-24T17:56:23.219+0000] {logging_mixin.py:137} INFO - [2024-09-24T17:56:23.214+0000] {dagbag.py:532} INFO - Filling up the DagBag from /usr/local/lib/python3.9/site-packages/airflow/example_dags/example_trigger_controller_dag.py
[2024-09-24T17:56:23.235+0000] {processor.py:753} INFO - DAG(s) dict_keys(['example_trigger_controller_dag']) retrieved from /usr/local/lib/python3.9/site-packages/airflow/example_dags/example_trigger_controller_dag.py
[2024-09-24T17:56:23.335+0000] {logging_mixin.py:137} INFO - [2024-09-24T17:56:23.335+0000] {dag.py:2705} INFO - Sync 1 DAGs
[2024-09-24T17:56:23.384+0000] {logging_mixin.py:137} INFO - [2024-09-24T17:56:23.383+0000] {dag.py:3452} INFO - Setting next_dagrun for example_trigger_controller_dag to 2021-01-01T00:00:00+00:00, run_after=2021-01-01T00:00:00+00:00
[2024-09-24T17:56:23.520+0000] {processor.py:175} INFO - Processing /usr/local/lib/python3.9/site-packages/airflow/example_dags/example_trigger_controller_dag.py took 0.327 seconds
[2024-09-24T18:44:45.880+0000] {processor.py:153} INFO - Started process (PID=255) to work on /usr/local/lib/python3.9/site-packages/airflow/example_dags/example_trigger_controller_dag.py
[2024-09-24T18:44:45.881+0000] {processor.py:743} INFO - Processing file /usr/local/lib/python3.9/site-packages/airflow/example_dags/example_trigger_controller_dag.py for tasks to queue
[2024-09-24T18:44:45.881+0000] {logging_mixin.py:137} INFO - [2024-09-24T18:44:45.881+0000] {dagbag.py:532} INFO - Filling up the DagBag from /usr/local/lib/python3.9/site-packages/airflow/example_dags/example_trigger_controller_dag.py
[2024-09-24T18:44:45.888+0000] {processor.py:753} INFO - DAG(s) dict_keys(['example_trigger_controller_dag']) retrieved from /usr/local/lib/python3.9/site-packages/airflow/example_dags/example_trigger_controller_dag.py
[2024-09-24T18:44:45.938+0000] {logging_mixin.py:137} INFO - [2024-09-24T18:44:45.938+0000] {manager.py:504} INFO - Created Permission View: can read on DAG:example_trigger_controller_dag
[2024-09-24T18:44:45.944+0000] {logging_mixin.py:137} INFO - [2024-09-24T18:44:45.944+0000] {manager.py:504} INFO - Created Permission View: can edit on DAG:example_trigger_controller_dag
[2024-09-24T18:44:45.947+0000] {logging_mixin.py:137} INFO - [2024-09-24T18:44:45.947+0000] {manager.py:504} INFO - Created Permission View: can delete on DAG:example_trigger_controller_dag
[2024-09-24T18:44:45.947+0000] {logging_mixin.py:137} INFO - [2024-09-24T18:44:45.947+0000] {dag.py:2705} INFO - Sync 1 DAGs
[2024-09-24T18:44:45.953+0000] {logging_mixin.py:137} INFO - [2024-09-24T18:44:45.952+0000] {dag.py:2726} INFO - Creating ORM DAG for example_trigger_controller_dag
[2024-09-24T18:44:45.957+0000] {logging_mixin.py:137} INFO - [2024-09-24T18:44:45.957+0000] {dag.py:3452} INFO - Setting next_dagrun for example_trigger_controller_dag to 2021-01-01T00:00:00+00:00, run_after=2021-01-01T00:00:00+00:00
[2024-09-24T18:44:45.966+0000] {processor.py:175} INFO - Processing /usr/local/lib/python3.9/site-packages/airflow/example_dags/example_trigger_controller_dag.py took 0.088 seconds
[2024-09-24T18:45:16.478+0000] {processor.py:153} INFO - Started process (PID=470) to work on /usr/local/lib/python3.9/site-packages/airflow/example_dags/example_trigger_controller_dag.py
[2024-09-24T18:45:16.480+0000] {processor.py:743} INFO - Processing file /usr/local/lib/python3.9/site-packages/airflow/example_dags/example_trigger_controller_dag.py for tasks to queue
[2024-09-24T18:45:16.481+0000] {logging_mixin.py:137} INFO - [2024-09-24T18:45:16.481+0000] {dagbag.py:532} INFO - Filling up the DagBag from /usr/local/lib/python3.9/site-packages/airflow/example_dags/example_trigger_controller_dag.py
[2024-09-24T18:45:16.490+0000] {processor.py:753} INFO - DAG(s) dict_keys(['example_trigger_controller_dag']) retrieved from /usr/local/lib/python3.9/site-packages/airflow/example_dags/example_trigger_controller_dag.py
[2024-09-24T18:45:16.513+0000] {logging_mixin.py:137} INFO - [2024-09-24T18:45:16.513+0000] {dag.py:2705} INFO - Sync 1 DAGs
[2024-09-24T18:45:16.531+0000] {logging_mixin.py:137} INFO - [2024-09-24T18:45:16.531+0000] {dag.py:3452} INFO - Setting next_dagrun for example_trigger_controller_dag to 2021-01-01T00:00:00+00:00, run_after=2021-01-01T00:00:00+00:00
[2024-09-24T18:45:16.551+0000] {processor.py:175} INFO - Processing /usr/local/lib/python3.9/site-packages/airflow/example_dags/example_trigger_controller_dag.py took 0.075 seconds
[2024-09-24T18:45:47.106+0000] {processor.py:153} INFO - Started process (PID=681) to work on /usr/local/lib/python3.9/site-packages/airflow/example_dags/example_trigger_controller_dag.py
[2024-09-24T18:45:47.107+0000] {processor.py:743} INFO - Processing file /usr/local/lib/python3.9/site-packages/airflow/example_dags/example_trigger_controller_dag.py for tasks to queue
[2024-09-24T18:45:47.107+0000] {logging_mixin.py:137} INFO - [2024-09-24T18:45:47.107+0000] {dagbag.py:532} INFO - Filling up the DagBag from /usr/local/lib/python3.9/site-packages/airflow/example_dags/example_trigger_controller_dag.py
[2024-09-24T18:45:47.113+0000] {processor.py:753} INFO - DAG(s) dict_keys(['example_trigger_controller_dag']) retrieved from /usr/local/lib/python3.9/site-packages/airflow/example_dags/example_trigger_controller_dag.py
[2024-09-24T18:45:47.128+0000] {logging_mixin.py:137} INFO - [2024-09-24T18:45:47.128+0000] {dag.py:2705} INFO - Sync 1 DAGs
[2024-09-24T18:45:47.138+0000] {logging_mixin.py:137} INFO - [2024-09-24T18:45:47.138+0000] {dag.py:3452} INFO - Setting next_dagrun for example_trigger_controller_dag to 2021-01-01T00:00:00+00:00, run_after=2021-01-01T00:00:00+00:00
[2024-09-24T18:45:47.185+0000] {processor.py:175} INFO - Processing /usr/local/lib/python3.9/site-packages/airflow/example_dags/example_trigger_controller_dag.py took 0.081 seconds
[2024-09-24T18:46:17.767+0000] {processor.py:153} INFO - Started process (PID=891) to work on /usr/local/lib/python3.9/site-packages/airflow/example_dags/example_trigger_controller_dag.py
[2024-09-24T18:46:17.768+0000] {processor.py:743} INFO - Processing file /usr/local/lib/python3.9/site-packages/airflow/example_dags/example_trigger_controller_dag.py for tasks to queue
[2024-09-24T18:46:17.768+0000] {logging_mixin.py:137} INFO - [2024-09-24T18:46:17.768+0000] {dagbag.py:532} INFO - Filling up the DagBag from /usr/local/lib/python3.9/site-packages/airflow/example_dags/example_trigger_controller_dag.py
[2024-09-24T18:46:17.774+0000] {processor.py:753} INFO - DAG(s) dict_keys(['example_trigger_controller_dag']) retrieved from /usr/local/lib/python3.9/site-packages/airflow/example_dags/example_trigger_controller_dag.py
[2024-09-24T18:46:17.785+0000] {logging_mixin.py:137} INFO - [2024-09-24T18:46:17.785+0000] {dag.py:2705} INFO - Sync 1 DAGs
[2024-09-24T18:46:17.796+0000] {logging_mixin.py:137} INFO - [2024-09-24T18:46:17.796+0000] {dag.py:3452} INFO - Setting next_dagrun for example_trigger_controller_dag to 2021-01-01T00:00:00+00:00, run_after=2021-01-01T00:00:00+00:00
[2024-09-24T18:46:17.810+0000] {processor.py:175} INFO - Processing /usr/local/lib/python3.9/site-packages/airflow/example_dags/example_trigger_controller_dag.py took 0.045 seconds
[2024-09-24T18:46:50.163+0000] {processor.py:153} INFO - Started process (PID=1099) to work on /usr/local/lib/python3.9/site-packages/airflow/example_dags/example_trigger_controller_dag.py
[2024-09-24T18:46:50.164+0000] {processor.py:743} INFO - Processing file /usr/local/lib/python3.9/site-packages/airflow/example_dags/example_trigger_controller_dag.py for tasks to queue
[2024-09-24T18:46:50.164+0000] {logging_mixin.py:137} INFO - [2024-09-24T18:46:50.164+0000] {dagbag.py:532} INFO - Filling up the DagBag from /usr/local/lib/python3.9/site-packages/airflow/example_dags/example_trigger_controller_dag.py
[2024-09-24T18:46:50.173+0000] {processor.py:753} INFO - DAG(s) dict_keys(['example_trigger_controller_dag']) retrieved from /usr/local/lib/python3.9/site-packages/airflow/example_dags/example_trigger_controller_dag.py
[2024-09-24T18:46:50.196+0000] {logging_mixin.py:137} INFO - [2024-09-24T18:46:50.196+0000] {dag.py:2705} INFO - Sync 1 DAGs
[2024-09-24T18:46:50.215+0000] {logging_mixin.py:137} INFO - [2024-09-24T18:46:50.215+0000] {dag.py:3452} INFO - Setting next_dagrun for example_trigger_controller_dag to 2021-01-01T00:00:00+00:00, run_after=2021-01-01T00:00:00+00:00
[2024-09-24T18:46:50.233+0000] {processor.py:175} INFO - Processing /usr/local/lib/python3.9/site-packages/airflow/example_dags/example_trigger_controller_dag.py took 0.073 seconds
[2024-09-24T18:47:22.999+0000] {processor.py:153} INFO - Started process (PID=1313) to work on /usr/local/lib/python3.9/site-packages/airflow/example_dags/example_trigger_controller_dag.py
[2024-09-24T18:47:23.000+0000] {processor.py:743} INFO - Processing file /usr/local/lib/python3.9/site-packages/airflow/example_dags/example_trigger_controller_dag.py for tasks to queue
[2024-09-24T18:47:23.001+0000] {logging_mixin.py:137} INFO - [2024-09-24T18:47:23.001+0000] {dagbag.py:532} INFO - Filling up the DagBag from /usr/local/lib/python3.9/site-packages/airflow/example_dags/example_trigger_controller_dag.py
[2024-09-24T18:47:23.017+0000] {processor.py:753} INFO - DAG(s) dict_keys(['example_trigger_controller_dag']) retrieved from /usr/local/lib/python3.9/site-packages/airflow/example_dags/example_trigger_controller_dag.py
[2024-09-24T18:47:23.044+0000] {logging_mixin.py:137} INFO - [2024-09-24T18:47:23.044+0000] {dag.py:2705} INFO - Sync 1 DAGs
[2024-09-24T18:47:23.074+0000] {logging_mixin.py:137} INFO - [2024-09-24T18:47:23.073+0000] {dag.py:3452} INFO - Setting next_dagrun for example_trigger_controller_dag to 2021-01-01T00:00:00+00:00, run_after=2021-01-01T00:00:00+00:00
[2024-09-24T18:47:23.091+0000] {processor.py:175} INFO - Processing /usr/local/lib/python3.9/site-packages/airflow/example_dags/example_trigger_controller_dag.py took 0.101 seconds
[2024-09-24T18:47:54.509+0000] {processor.py:153} INFO - Started process (PID=1519) to work on /usr/local/lib/python3.9/site-packages/airflow/example_dags/example_trigger_controller_dag.py
[2024-09-24T18:47:54.510+0000] {processor.py:743} INFO - Processing file /usr/local/lib/python3.9/site-packages/airflow/example_dags/example_trigger_controller_dag.py for tasks to queue
[2024-09-24T18:47:54.515+0000] {logging_mixin.py:137} INFO - [2024-09-24T18:47:54.514+0000] {dagbag.py:532} INFO - Filling up the DagBag from /usr/local/lib/python3.9/site-packages/airflow/example_dags/example_trigger_controller_dag.py
[2024-09-24T18:47:54.522+0000] {processor.py:753} INFO - DAG(s) dict_keys(['example_trigger_controller_dag']) retrieved from /usr/local/lib/python3.9/site-packages/airflow/example_dags/example_trigger_controller_dag.py
[2024-09-24T18:47:54.550+0000] {logging_mixin.py:137} INFO - [2024-09-24T18:47:54.550+0000] {dag.py:2705} INFO - Sync 1 DAGs
[2024-09-24T18:47:54.564+0000] {logging_mixin.py:137} INFO - [2024-09-24T18:47:54.564+0000] {dag.py:3452} INFO - Setting next_dagrun for example_trigger_controller_dag to 2021-01-01T00:00:00+00:00, run_after=2021-01-01T00:00:00+00:00
[2024-09-24T18:47:54.571+0000] {processor.py:175} INFO - Processing /usr/local/lib/python3.9/site-packages/airflow/example_dags/example_trigger_controller_dag.py took 0.064 seconds
[2024-09-24T18:48:29.979+0000] {processor.py:153} INFO - Started process (PID=1732) to work on /usr/local/lib/python3.9/site-packages/airflow/example_dags/example_trigger_controller_dag.py
[2024-09-24T18:48:29.983+0000] {processor.py:743} INFO - Processing file /usr/local/lib/python3.9/site-packages/airflow/example_dags/example_trigger_controller_dag.py for tasks to queue
[2024-09-24T18:48:29.983+0000] {logging_mixin.py:137} INFO - [2024-09-24T18:48:29.983+0000] {dagbag.py:532} INFO - Filling up the DagBag from /usr/local/lib/python3.9/site-packages/airflow/example_dags/example_trigger_controller_dag.py
[2024-09-24T18:48:29.989+0000] {processor.py:753} INFO - DAG(s) dict_keys(['example_trigger_controller_dag']) retrieved from /usr/local/lib/python3.9/site-packages/airflow/example_dags/example_trigger_controller_dag.py
[2024-09-24T18:48:29.999+0000] {logging_mixin.py:137} INFO - [2024-09-24T18:48:29.999+0000] {dag.py:2705} INFO - Sync 1 DAGs
[2024-09-24T18:48:30.011+0000] {logging_mixin.py:137} INFO - [2024-09-24T18:48:30.011+0000] {dag.py:3452} INFO - Setting next_dagrun for example_trigger_controller_dag to 2021-01-01T00:00:00+00:00, run_after=2021-01-01T00:00:00+00:00
[2024-09-24T18:48:30.018+0000] {processor.py:175} INFO - Processing /usr/local/lib/python3.9/site-packages/airflow/example_dags/example_trigger_controller_dag.py took 0.040 seconds
[2024-09-24T18:49:00.209+0000] {processor.py:153} INFO - Started process (PID=1941) to work on /usr/local/lib/python3.9/site-packages/airflow/example_dags/example_trigger_controller_dag.py
[2024-09-24T18:49:00.213+0000] {processor.py:743} INFO - Processing file /usr/local/lib/python3.9/site-packages/airflow/example_dags/example_trigger_controller_dag.py for tasks to queue
[2024-09-24T18:49:00.213+0000] {logging_mixin.py:137} INFO - [2024-09-24T18:49:00.213+0000] {dagbag.py:532} INFO - Filling up the DagBag from /usr/local/lib/python3.9/site-packages/airflow/example_dags/example_trigger_controller_dag.py
[2024-09-24T18:49:00.221+0000] {processor.py:753} INFO - DAG(s) dict_keys(['example_trigger_controller_dag']) retrieved from /usr/local/lib/python3.9/site-packages/airflow/example_dags/example_trigger_controller_dag.py
[2024-09-24T18:49:00.235+0000] {logging_mixin.py:137} INFO - [2024-09-24T18:49:00.235+0000] {dag.py:2705} INFO - Sync 1 DAGs
[2024-09-24T18:49:00.245+0000] {logging_mixin.py:137} INFO - [2024-09-24T18:49:00.245+0000] {dag.py:3452} INFO - Setting next_dagrun for example_trigger_controller_dag to 2021-01-01T00:00:00+00:00, run_after=2021-01-01T00:00:00+00:00
[2024-09-24T18:49:00.310+0000] {processor.py:175} INFO - Processing /usr/local/lib/python3.9/site-packages/airflow/example_dags/example_trigger_controller_dag.py took 0.104 seconds
[2024-09-24T18:49:30.916+0000] {processor.py:153} INFO - Started process (PID=2152) to work on /usr/local/lib/python3.9/site-packages/airflow/example_dags/example_trigger_controller_dag.py
[2024-09-24T18:49:30.916+0000] {processor.py:743} INFO - Processing file /usr/local/lib/python3.9/site-packages/airflow/example_dags/example_trigger_controller_dag.py for tasks to queue
[2024-09-24T18:49:30.916+0000] {logging_mixin.py:137} INFO - [2024-09-24T18:49:30.916+0000] {dagbag.py:532} INFO - Filling up the DagBag from /usr/local/lib/python3.9/site-packages/airflow/example_dags/example_trigger_controller_dag.py
[2024-09-24T18:49:30.922+0000] {processor.py:753} INFO - DAG(s) dict_keys(['example_trigger_controller_dag']) retrieved from /usr/local/lib/python3.9/site-packages/airflow/example_dags/example_trigger_controller_dag.py
[2024-09-24T18:49:30.933+0000] {logging_mixin.py:137} INFO - [2024-09-24T18:49:30.933+0000] {dag.py:2705} INFO - Sync 1 DAGs
[2024-09-24T18:49:31.001+0000] {logging_mixin.py:137} INFO - [2024-09-24T18:49:31.001+0000] {dag.py:3452} INFO - Setting next_dagrun for example_trigger_controller_dag to 2021-01-01T00:00:00+00:00, run_after=2021-01-01T00:00:00+00:00
[2024-09-24T18:49:31.008+0000] {processor.py:175} INFO - Processing /usr/local/lib/python3.9/site-packages/airflow/example_dags/example_trigger_controller_dag.py took 0.094 seconds
[2024-09-24T18:50:01.579+0000] {processor.py:153} INFO - Started process (PID=2365) to work on /usr/local/lib/python3.9/site-packages/airflow/example_dags/example_trigger_controller_dag.py
[2024-09-24T18:50:01.579+0000] {processor.py:743} INFO - Processing file /usr/local/lib/python3.9/site-packages/airflow/example_dags/example_trigger_controller_dag.py for tasks to queue
[2024-09-24T18:50:01.580+0000] {logging_mixin.py:137} INFO - [2024-09-24T18:50:01.580+0000] {dagbag.py:532} INFO - Filling up the DagBag from /usr/local/lib/python3.9/site-packages/airflow/example_dags/example_trigger_controller_dag.py
[2024-09-24T18:50:01.641+0000] {processor.py:753} INFO - DAG(s) dict_keys(['example_trigger_controller_dag']) retrieved from /usr/local/lib/python3.9/site-packages/airflow/example_dags/example_trigger_controller_dag.py
[2024-09-24T18:50:01.650+0000] {logging_mixin.py:137} INFO - [2024-09-24T18:50:01.650+0000] {dag.py:2705} INFO - Sync 1 DAGs
[2024-09-24T18:50:01.658+0000] {logging_mixin.py:137} INFO - [2024-09-24T18:50:01.658+0000] {dag.py:3452} INFO - Setting next_dagrun for example_trigger_controller_dag to 2021-01-01T00:00:00+00:00, run_after=2021-01-01T00:00:00+00:00
[2024-09-24T18:50:01.665+0000] {processor.py:175} INFO - Processing /usr/local/lib/python3.9/site-packages/airflow/example_dags/example_trigger_controller_dag.py took 0.087 seconds
[2024-09-24T18:50:32.591+0000] {processor.py:153} INFO - Started process (PID=2576) to work on /usr/local/lib/python3.9/site-packages/airflow/example_dags/example_trigger_controller_dag.py
[2024-09-24T18:50:32.592+0000] {processor.py:743} INFO - Processing file /usr/local/lib/python3.9/site-packages/airflow/example_dags/example_trigger_controller_dag.py for tasks to queue
[2024-09-24T18:50:32.592+0000] {logging_mixin.py:137} INFO - [2024-09-24T18:50:32.592+0000] {dagbag.py:532} INFO - Filling up the DagBag from /usr/local/lib/python3.9/site-packages/airflow/example_dags/example_trigger_controller_dag.py
[2024-09-24T18:50:32.599+0000] {processor.py:753} INFO - DAG(s) dict_keys(['example_trigger_controller_dag']) retrieved from /usr/local/lib/python3.9/site-packages/airflow/example_dags/example_trigger_controller_dag.py
[2024-09-24T18:50:32.610+0000] {logging_mixin.py:137} INFO - [2024-09-24T18:50:32.610+0000] {dag.py:2705} INFO - Sync 1 DAGs
[2024-09-24T18:50:32.621+0000] {logging_mixin.py:137} INFO - [2024-09-24T18:50:32.621+0000] {dag.py:3452} INFO - Setting next_dagrun for example_trigger_controller_dag to 2021-01-01T00:00:00+00:00, run_after=2021-01-01T00:00:00+00:00
[2024-09-24T18:50:32.628+0000] {processor.py:175} INFO - Processing /usr/local/lib/python3.9/site-packages/airflow/example_dags/example_trigger_controller_dag.py took 0.040 seconds
[2024-09-24T18:51:03.847+0000] {processor.py:153} INFO - Started process (PID=2787) to work on /usr/local/lib/python3.9/site-packages/airflow/example_dags/example_trigger_controller_dag.py
[2024-09-24T18:51:03.855+0000] {processor.py:743} INFO - Processing file /usr/local/lib/python3.9/site-packages/airflow/example_dags/example_trigger_controller_dag.py for tasks to queue
[2024-09-24T18:51:03.858+0000] {logging_mixin.py:137} INFO - [2024-09-24T18:51:03.858+0000] {dagbag.py:532} INFO - Filling up the DagBag from /usr/local/lib/python3.9/site-packages/airflow/example_dags/example_trigger_controller_dag.py
[2024-09-24T18:51:03.885+0000] {processor.py:753} INFO - DAG(s) dict_keys(['example_trigger_controller_dag']) retrieved from /usr/local/lib/python3.9/site-packages/airflow/example_dags/example_trigger_controller_dag.py
[2024-09-24T18:51:04.002+0000] {logging_mixin.py:137} INFO - [2024-09-24T18:51:04.001+0000] {dag.py:2705} INFO - Sync 1 DAGs
[2024-09-24T18:51:04.053+0000] {logging_mixin.py:137} INFO - [2024-09-24T18:51:04.053+0000] {dag.py:3452} INFO - Setting next_dagrun for example_trigger_controller_dag to 2021-01-01T00:00:00+00:00, run_after=2021-01-01T00:00:00+00:00
[2024-09-24T18:51:04.088+0000] {processor.py:175} INFO - Processing /usr/local/lib/python3.9/site-packages/airflow/example_dags/example_trigger_controller_dag.py took 0.276 seconds
[2024-09-24T18:51:35.022+0000] {processor.py:153} INFO - Started process (PID=2998) to work on /usr/local/lib/python3.9/site-packages/airflow/example_dags/example_trigger_controller_dag.py
[2024-09-24T18:51:35.023+0000] {processor.py:743} INFO - Processing file /usr/local/lib/python3.9/site-packages/airflow/example_dags/example_trigger_controller_dag.py for tasks to queue
[2024-09-24T18:51:35.025+0000] {logging_mixin.py:137} INFO - [2024-09-24T18:51:35.024+0000] {dagbag.py:532} INFO - Filling up the DagBag from /usr/local/lib/python3.9/site-packages/airflow/example_dags/example_trigger_controller_dag.py
[2024-09-24T18:51:35.043+0000] {processor.py:753} INFO - DAG(s) dict_keys(['example_trigger_controller_dag']) retrieved from /usr/local/lib/python3.9/site-packages/airflow/example_dags/example_trigger_controller_dag.py
[2024-09-24T18:51:35.068+0000] {logging_mixin.py:137} INFO - [2024-09-24T18:51:35.068+0000] {dag.py:2705} INFO - Sync 1 DAGs
[2024-09-24T18:51:35.084+0000] {logging_mixin.py:137} INFO - [2024-09-24T18:51:35.084+0000] {dag.py:3452} INFO - Setting next_dagrun for example_trigger_controller_dag to 2021-01-01T00:00:00+00:00, run_after=2021-01-01T00:00:00+00:00
[2024-09-24T18:51:35.096+0000] {processor.py:175} INFO - Processing /usr/local/lib/python3.9/site-packages/airflow/example_dags/example_trigger_controller_dag.py took 0.085 seconds
[2024-09-24T18:52:06.063+0000] {processor.py:153} INFO - Started process (PID=3209) to work on /usr/local/lib/python3.9/site-packages/airflow/example_dags/example_trigger_controller_dag.py
[2024-09-24T18:52:06.064+0000] {processor.py:743} INFO - Processing file /usr/local/lib/python3.9/site-packages/airflow/example_dags/example_trigger_controller_dag.py for tasks to queue
[2024-09-24T18:52:06.065+0000] {logging_mixin.py:137} INFO - [2024-09-24T18:52:06.065+0000] {dagbag.py:532} INFO - Filling up the DagBag from /usr/local/lib/python3.9/site-packages/airflow/example_dags/example_trigger_controller_dag.py
[2024-09-24T18:52:06.092+0000] {processor.py:753} INFO - DAG(s) dict_keys(['example_trigger_controller_dag']) retrieved from /usr/local/lib/python3.9/site-packages/airflow/example_dags/example_trigger_controller_dag.py
[2024-09-24T18:52:06.120+0000] {logging_mixin.py:137} INFO - [2024-09-24T18:52:06.120+0000] {dag.py:2705} INFO - Sync 1 DAGs
[2024-09-24T18:52:06.132+0000] {logging_mixin.py:137} INFO - [2024-09-24T18:52:06.132+0000] {dag.py:3452} INFO - Setting next_dagrun for example_trigger_controller_dag to 2021-01-01T00:00:00+00:00, run_after=2021-01-01T00:00:00+00:00
[2024-09-24T18:52:06.143+0000] {processor.py:175} INFO - Processing /usr/local/lib/python3.9/site-packages/airflow/example_dags/example_trigger_controller_dag.py took 0.086 seconds
[2024-09-24T18:52:36.822+0000] {processor.py:153} INFO - Started process (PID=3420) to work on /usr/local/lib/python3.9/site-packages/airflow/example_dags/example_trigger_controller_dag.py
[2024-09-24T18:52:36.824+0000] {processor.py:743} INFO - Processing file /usr/local/lib/python3.9/site-packages/airflow/example_dags/example_trigger_controller_dag.py for tasks to queue
[2024-09-24T18:52:36.825+0000] {logging_mixin.py:137} INFO - [2024-09-24T18:52:36.825+0000] {dagbag.py:532} INFO - Filling up the DagBag from /usr/local/lib/python3.9/site-packages/airflow/example_dags/example_trigger_controller_dag.py
[2024-09-24T18:52:36.835+0000] {processor.py:753} INFO - DAG(s) dict_keys(['example_trigger_controller_dag']) retrieved from /usr/local/lib/python3.9/site-packages/airflow/example_dags/example_trigger_controller_dag.py
[2024-09-24T18:52:36.853+0000] {logging_mixin.py:137} INFO - [2024-09-24T18:52:36.853+0000] {dag.py:2705} INFO - Sync 1 DAGs
[2024-09-24T18:52:36.866+0000] {logging_mixin.py:137} INFO - [2024-09-24T18:52:36.866+0000] {dag.py:3452} INFO - Setting next_dagrun for example_trigger_controller_dag to 2021-01-01T00:00:00+00:00, run_after=2021-01-01T00:00:00+00:00
[2024-09-24T18:52:36.874+0000] {processor.py:175} INFO - Processing /usr/local/lib/python3.9/site-packages/airflow/example_dags/example_trigger_controller_dag.py took 0.056 seconds
[2024-09-24T18:53:07.117+0000] {processor.py:153} INFO - Started process (PID=3631) to work on /usr/local/lib/python3.9/site-packages/airflow/example_dags/example_trigger_controller_dag.py
[2024-09-24T18:53:07.118+0000] {processor.py:743} INFO - Processing file /usr/local/lib/python3.9/site-packages/airflow/example_dags/example_trigger_controller_dag.py for tasks to queue
[2024-09-24T18:53:07.120+0000] {logging_mixin.py:137} INFO - [2024-09-24T18:53:07.120+0000] {dagbag.py:532} INFO - Filling up the DagBag from /usr/local/lib/python3.9/site-packages/airflow/example_dags/example_trigger_controller_dag.py
[2024-09-24T18:53:07.155+0000] {processor.py:753} INFO - DAG(s) dict_keys(['example_trigger_controller_dag']) retrieved from /usr/local/lib/python3.9/site-packages/airflow/example_dags/example_trigger_controller_dag.py
[2024-09-24T18:53:07.185+0000] {logging_mixin.py:137} INFO - [2024-09-24T18:53:07.185+0000] {dag.py:2705} INFO - Sync 1 DAGs
[2024-09-24T18:53:07.205+0000] {logging_mixin.py:137} INFO - [2024-09-24T18:53:07.205+0000] {dag.py:3452} INFO - Setting next_dagrun for example_trigger_controller_dag to 2021-01-01T00:00:00+00:00, run_after=2021-01-01T00:00:00+00:00
[2024-09-24T18:53:07.216+0000] {processor.py:175} INFO - Processing /usr/local/lib/python3.9/site-packages/airflow/example_dags/example_trigger_controller_dag.py took 0.107 seconds
