[2024-09-24T15:58:41.374+0000] {processor.py:153} INFO - Started process (PID=244) to work on /usr/local/lib/python3.9/site-packages/airflow/example_dags/example_xcomargs.py
[2024-09-24T15:58:41.374+0000] {processor.py:743} INFO - Processing file /usr/local/lib/python3.9/site-packages/airflow/example_dags/example_xcomargs.py for tasks to queue
[2024-09-24T15:58:41.375+0000] {logging_mixin.py:137} INFO - [2024-09-24T15:58:41.374+0000] {dagbag.py:532} INFO - Filling up the DagBag from /usr/local/lib/python3.9/site-packages/airflow/example_dags/example_xcomargs.py
[2024-09-24T15:58:41.386+0000] {processor.py:753} INFO - DAG(s) dict_keys(['example_xcom_args_with_operators', 'example_xcom_args']) retrieved from /usr/local/lib/python3.9/site-packages/airflow/example_dags/example_xcomargs.py
[2024-09-24T15:58:41.438+0000] {logging_mixin.py:137} INFO - [2024-09-24T15:58:41.437+0000] {manager.py:504} INFO - Created Permission View: can delete on DAG:example_xcom_args_with_operators
[2024-09-24T15:58:41.444+0000] {logging_mixin.py:137} INFO - [2024-09-24T15:58:41.443+0000] {manager.py:504} INFO - Created Permission View: can read on DAG:example_xcom_args_with_operators
[2024-09-24T15:58:41.448+0000] {logging_mixin.py:137} INFO - [2024-09-24T15:58:41.448+0000] {manager.py:504} INFO - Created Permission View: can edit on DAG:example_xcom_args_with_operators
[2024-09-24T15:58:41.458+0000] {logging_mixin.py:137} INFO - [2024-09-24T15:58:41.458+0000] {manager.py:504} INFO - Created Permission View: can delete on DAG:example_xcom_args
[2024-09-24T15:58:41.463+0000] {logging_mixin.py:137} INFO - [2024-09-24T15:58:41.463+0000] {manager.py:504} INFO - Created Permission View: can read on DAG:example_xcom_args
[2024-09-24T15:58:41.467+0000] {logging_mixin.py:137} INFO - [2024-09-24T15:58:41.467+0000] {manager.py:504} INFO - Created Permission View: can edit on DAG:example_xcom_args
[2024-09-24T15:58:41.467+0000] {logging_mixin.py:137} INFO - [2024-09-24T15:58:41.467+0000] {dag.py:2705} INFO - Sync 2 DAGs
[2024-09-24T15:58:41.473+0000] {logging_mixin.py:137} INFO - [2024-09-24T15:58:41.473+0000] {dag.py:2726} INFO - Creating ORM DAG for example_xcom_args_with_operators
[2024-09-24T15:58:41.473+0000] {logging_mixin.py:137} INFO - [2024-09-24T15:58:41.473+0000] {dag.py:2726} INFO - Creating ORM DAG for example_xcom_args
[2024-09-24T15:58:41.477+0000] {logging_mixin.py:137} INFO - [2024-09-24T15:58:41.477+0000] {dag.py:3452} INFO - Setting next_dagrun for example_xcom_args to None, run_after=None
[2024-09-24T15:58:41.478+0000] {logging_mixin.py:137} INFO - [2024-09-24T15:58:41.478+0000] {dag.py:3452} INFO - Setting next_dagrun for example_xcom_args_with_operators to None, run_after=None
[2024-09-24T15:58:41.492+0000] {processor.py:175} INFO - Processing /usr/local/lib/python3.9/site-packages/airflow/example_dags/example_xcomargs.py took 0.119 seconds
[2024-09-24T15:59:12.081+0000] {processor.py:153} INFO - Started process (PID=454) to work on /usr/local/lib/python3.9/site-packages/airflow/example_dags/example_xcomargs.py
[2024-09-24T15:59:12.082+0000] {processor.py:743} INFO - Processing file /usr/local/lib/python3.9/site-packages/airflow/example_dags/example_xcomargs.py for tasks to queue
[2024-09-24T15:59:12.082+0000] {logging_mixin.py:137} INFO - [2024-09-24T15:59:12.082+0000] {dagbag.py:532} INFO - Filling up the DagBag from /usr/local/lib/python3.9/site-packages/airflow/example_dags/example_xcomargs.py
[2024-09-24T15:59:12.098+0000] {processor.py:753} INFO - DAG(s) dict_keys(['example_xcom_args_with_operators', 'example_xcom_args']) retrieved from /usr/local/lib/python3.9/site-packages/airflow/example_dags/example_xcomargs.py
[2024-09-24T15:59:12.140+0000] {logging_mixin.py:137} INFO - [2024-09-24T15:59:12.139+0000] {dag.py:2705} INFO - Sync 2 DAGs
[2024-09-24T15:59:12.160+0000] {logging_mixin.py:137} INFO - [2024-09-24T15:59:12.160+0000] {dag.py:3452} INFO - Setting next_dagrun for example_xcom_args to None, run_after=None
[2024-09-24T15:59:12.165+0000] {logging_mixin.py:137} INFO - [2024-09-24T15:59:12.165+0000] {dag.py:3452} INFO - Setting next_dagrun for example_xcom_args_with_operators to None, run_after=None
[2024-09-24T15:59:12.182+0000] {processor.py:175} INFO - Processing /usr/local/lib/python3.9/site-packages/airflow/example_dags/example_xcomargs.py took 0.102 seconds
[2024-09-24T15:59:42.643+0000] {processor.py:153} INFO - Started process (PID=665) to work on /usr/local/lib/python3.9/site-packages/airflow/example_dags/example_xcomargs.py
[2024-09-24T15:59:42.647+0000] {processor.py:743} INFO - Processing file /usr/local/lib/python3.9/site-packages/airflow/example_dags/example_xcomargs.py for tasks to queue
[2024-09-24T15:59:42.647+0000] {logging_mixin.py:137} INFO - [2024-09-24T15:59:42.647+0000] {dagbag.py:532} INFO - Filling up the DagBag from /usr/local/lib/python3.9/site-packages/airflow/example_dags/example_xcomargs.py
[2024-09-24T15:59:42.665+0000] {processor.py:753} INFO - DAG(s) dict_keys(['example_xcom_args_with_operators', 'example_xcom_args']) retrieved from /usr/local/lib/python3.9/site-packages/airflow/example_dags/example_xcomargs.py
[2024-09-24T15:59:42.685+0000] {logging_mixin.py:137} INFO - [2024-09-24T15:59:42.685+0000] {dag.py:2705} INFO - Sync 2 DAGs
[2024-09-24T15:59:42.696+0000] {logging_mixin.py:137} INFO - [2024-09-24T15:59:42.696+0000] {dag.py:3452} INFO - Setting next_dagrun for example_xcom_args to None, run_after=None
[2024-09-24T15:59:42.699+0000] {logging_mixin.py:137} INFO - [2024-09-24T15:59:42.699+0000] {dag.py:3452} INFO - Setting next_dagrun for example_xcom_args_with_operators to None, run_after=None
[2024-09-24T15:59:42.709+0000] {processor.py:175} INFO - Processing /usr/local/lib/python3.9/site-packages/airflow/example_dags/example_xcomargs.py took 0.068 seconds
[2024-09-24T16:12:36.148+0000] {processor.py:153} INFO - Started process (PID=246) to work on /usr/local/lib/python3.9/site-packages/airflow/example_dags/example_xcomargs.py
[2024-09-24T16:12:36.151+0000] {processor.py:743} INFO - Processing file /usr/local/lib/python3.9/site-packages/airflow/example_dags/example_xcomargs.py for tasks to queue
[2024-09-24T16:12:36.151+0000] {logging_mixin.py:137} INFO - [2024-09-24T16:12:36.151+0000] {dagbag.py:532} INFO - Filling up the DagBag from /usr/local/lib/python3.9/site-packages/airflow/example_dags/example_xcomargs.py
[2024-09-24T16:12:36.181+0000] {processor.py:753} INFO - DAG(s) dict_keys(['example_xcom_args', 'example_xcom_args_with_operators']) retrieved from /usr/local/lib/python3.9/site-packages/airflow/example_dags/example_xcomargs.py
[2024-09-24T16:12:36.373+0000] {logging_mixin.py:137} INFO - [2024-09-24T16:12:36.373+0000] {manager.py:504} INFO - Created Permission View: can read on DAG:example_xcom_args
[2024-09-24T16:12:36.381+0000] {logging_mixin.py:137} INFO - [2024-09-24T16:12:36.381+0000] {manager.py:504} INFO - Created Permission View: can edit on DAG:example_xcom_args
[2024-09-24T16:12:36.386+0000] {logging_mixin.py:137} INFO - [2024-09-24T16:12:36.386+0000] {manager.py:504} INFO - Created Permission View: can delete on DAG:example_xcom_args
[2024-09-24T16:12:36.397+0000] {logging_mixin.py:137} INFO - [2024-09-24T16:12:36.397+0000] {manager.py:504} INFO - Created Permission View: can read on DAG:example_xcom_args_with_operators
[2024-09-24T16:12:36.402+0000] {logging_mixin.py:137} INFO - [2024-09-24T16:12:36.402+0000] {manager.py:504} INFO - Created Permission View: can edit on DAG:example_xcom_args_with_operators
[2024-09-24T16:12:36.408+0000] {logging_mixin.py:137} INFO - [2024-09-24T16:12:36.408+0000] {manager.py:504} INFO - Created Permission View: can delete on DAG:example_xcom_args_with_operators
[2024-09-24T16:12:36.408+0000] {logging_mixin.py:137} INFO - [2024-09-24T16:12:36.408+0000] {dag.py:2705} INFO - Sync 2 DAGs
[2024-09-24T16:12:36.417+0000] {logging_mixin.py:137} INFO - [2024-09-24T16:12:36.417+0000] {dag.py:2726} INFO - Creating ORM DAG for example_xcom_args
[2024-09-24T16:12:36.417+0000] {logging_mixin.py:137} INFO - [2024-09-24T16:12:36.417+0000] {dag.py:2726} INFO - Creating ORM DAG for example_xcom_args_with_operators
[2024-09-24T16:12:36.423+0000] {logging_mixin.py:137} INFO - [2024-09-24T16:12:36.423+0000] {dag.py:3452} INFO - Setting next_dagrun for example_xcom_args to None, run_after=None
[2024-09-24T16:12:36.423+0000] {logging_mixin.py:137} INFO - [2024-09-24T16:12:36.423+0000] {dag.py:3452} INFO - Setting next_dagrun for example_xcom_args_with_operators to None, run_after=None
[2024-09-24T16:12:36.436+0000] {processor.py:175} INFO - Processing /usr/local/lib/python3.9/site-packages/airflow/example_dags/example_xcomargs.py took 0.290 seconds
[2024-09-24T16:13:08.726+0000] {processor.py:153} INFO - Started process (PID=461) to work on /usr/local/lib/python3.9/site-packages/airflow/example_dags/example_xcomargs.py
[2024-09-24T16:13:08.763+0000] {processor.py:743} INFO - Processing file /usr/local/lib/python3.9/site-packages/airflow/example_dags/example_xcomargs.py for tasks to queue
[2024-09-24T16:13:08.799+0000] {logging_mixin.py:137} INFO - [2024-09-24T16:13:08.796+0000] {dagbag.py:532} INFO - Filling up the DagBag from /usr/local/lib/python3.9/site-packages/airflow/example_dags/example_xcomargs.py
[2024-09-24T16:13:14.732+0000] {processor.py:753} INFO - DAG(s) dict_keys(['example_xcom_args_with_operators', 'example_xcom_args']) retrieved from /usr/local/lib/python3.9/site-packages/airflow/example_dags/example_xcomargs.py
[2024-09-24T16:13:15.574+0000] {logging_mixin.py:137} INFO - [2024-09-24T16:13:15.572+0000] {dag.py:2705} INFO - Sync 2 DAGs
[2024-09-24T16:13:15.752+0000] {logging_mixin.py:137} INFO - [2024-09-24T16:13:15.752+0000] {dag.py:3452} INFO - Setting next_dagrun for example_xcom_args to None, run_after=None
[2024-09-24T16:13:15.764+0000] {logging_mixin.py:137} INFO - [2024-09-24T16:13:15.763+0000] {dag.py:3452} INFO - Setting next_dagrun for example_xcom_args_with_operators to None, run_after=None
[2024-09-24T16:13:15.814+0000] {processor.py:175} INFO - Processing /usr/local/lib/python3.9/site-packages/airflow/example_dags/example_xcomargs.py took 7.394 seconds
[2024-09-24T16:13:46.353+0000] {processor.py:153} INFO - Started process (PID=671) to work on /usr/local/lib/python3.9/site-packages/airflow/example_dags/example_xcomargs.py
[2024-09-24T16:13:46.357+0000] {processor.py:743} INFO - Processing file /usr/local/lib/python3.9/site-packages/airflow/example_dags/example_xcomargs.py for tasks to queue
[2024-09-24T16:13:46.357+0000] {logging_mixin.py:137} INFO - [2024-09-24T16:13:46.357+0000] {dagbag.py:532} INFO - Filling up the DagBag from /usr/local/lib/python3.9/site-packages/airflow/example_dags/example_xcomargs.py
[2024-09-24T16:13:46.382+0000] {processor.py:753} INFO - DAG(s) dict_keys(['example_xcom_args', 'example_xcom_args_with_operators']) retrieved from /usr/local/lib/python3.9/site-packages/airflow/example_dags/example_xcomargs.py
[2024-09-24T16:13:46.419+0000] {logging_mixin.py:137} INFO - [2024-09-24T16:13:46.418+0000] {dag.py:2705} INFO - Sync 2 DAGs
[2024-09-24T16:13:46.432+0000] {logging_mixin.py:137} INFO - [2024-09-24T16:13:46.432+0000] {dag.py:3452} INFO - Setting next_dagrun for example_xcom_args to None, run_after=None
[2024-09-24T16:13:46.434+0000] {logging_mixin.py:137} INFO - [2024-09-24T16:13:46.434+0000] {dag.py:3452} INFO - Setting next_dagrun for example_xcom_args_with_operators to None, run_after=None
[2024-09-24T16:13:46.524+0000] {processor.py:175} INFO - Processing /usr/local/lib/python3.9/site-packages/airflow/example_dags/example_xcomargs.py took 0.175 seconds
[2024-09-24T16:14:17.406+0000] {processor.py:153} INFO - Started process (PID=880) to work on /usr/local/lib/python3.9/site-packages/airflow/example_dags/example_xcomargs.py
[2024-09-24T16:14:17.409+0000] {processor.py:743} INFO - Processing file /usr/local/lib/python3.9/site-packages/airflow/example_dags/example_xcomargs.py for tasks to queue
[2024-09-24T16:14:17.409+0000] {logging_mixin.py:137} INFO - [2024-09-24T16:14:17.409+0000] {dagbag.py:532} INFO - Filling up the DagBag from /usr/local/lib/python3.9/site-packages/airflow/example_dags/example_xcomargs.py
[2024-09-24T16:14:17.494+0000] {processor.py:753} INFO - DAG(s) dict_keys(['example_xcom_args', 'example_xcom_args_with_operators']) retrieved from /usr/local/lib/python3.9/site-packages/airflow/example_dags/example_xcomargs.py
[2024-09-24T16:14:17.545+0000] {logging_mixin.py:137} INFO - [2024-09-24T16:14:17.545+0000] {dag.py:2705} INFO - Sync 2 DAGs
[2024-09-24T16:14:17.557+0000] {logging_mixin.py:137} INFO - [2024-09-24T16:14:17.557+0000] {dag.py:3452} INFO - Setting next_dagrun for example_xcom_args to None, run_after=None
[2024-09-24T16:14:17.559+0000] {logging_mixin.py:137} INFO - [2024-09-24T16:14:17.559+0000] {dag.py:3452} INFO - Setting next_dagrun for example_xcom_args_with_operators to None, run_after=None
[2024-09-24T16:14:17.577+0000] {processor.py:175} INFO - Processing /usr/local/lib/python3.9/site-packages/airflow/example_dags/example_xcomargs.py took 0.174 seconds
[2024-09-24T16:14:48.107+0000] {processor.py:153} INFO - Started process (PID=1090) to work on /usr/local/lib/python3.9/site-packages/airflow/example_dags/example_xcomargs.py
[2024-09-24T16:14:48.110+0000] {processor.py:743} INFO - Processing file /usr/local/lib/python3.9/site-packages/airflow/example_dags/example_xcomargs.py for tasks to queue
[2024-09-24T16:14:48.112+0000] {logging_mixin.py:137} INFO - [2024-09-24T16:14:48.111+0000] {dagbag.py:532} INFO - Filling up the DagBag from /usr/local/lib/python3.9/site-packages/airflow/example_dags/example_xcomargs.py
[2024-09-24T16:14:48.147+0000] {processor.py:753} INFO - DAG(s) dict_keys(['example_xcom_args', 'example_xcom_args_with_operators']) retrieved from /usr/local/lib/python3.9/site-packages/airflow/example_dags/example_xcomargs.py
[2024-09-24T16:14:48.180+0000] {logging_mixin.py:137} INFO - [2024-09-24T16:14:48.180+0000] {dag.py:2705} INFO - Sync 2 DAGs
[2024-09-24T16:14:48.202+0000] {logging_mixin.py:137} INFO - [2024-09-24T16:14:48.202+0000] {dag.py:3452} INFO - Setting next_dagrun for example_xcom_args to None, run_after=None
[2024-09-24T16:14:48.203+0000] {logging_mixin.py:137} INFO - [2024-09-24T16:14:48.203+0000] {dag.py:3452} INFO - Setting next_dagrun for example_xcom_args_with_operators to None, run_after=None
[2024-09-24T16:14:48.326+0000] {processor.py:175} INFO - Processing /usr/local/lib/python3.9/site-packages/airflow/example_dags/example_xcomargs.py took 0.226 seconds
[2024-09-24T16:15:18.755+0000] {processor.py:153} INFO - Started process (PID=1301) to work on /usr/local/lib/python3.9/site-packages/airflow/example_dags/example_xcomargs.py
[2024-09-24T16:15:18.768+0000] {processor.py:743} INFO - Processing file /usr/local/lib/python3.9/site-packages/airflow/example_dags/example_xcomargs.py for tasks to queue
[2024-09-24T16:15:18.770+0000] {logging_mixin.py:137} INFO - [2024-09-24T16:15:18.770+0000] {dagbag.py:532} INFO - Filling up the DagBag from /usr/local/lib/python3.9/site-packages/airflow/example_dags/example_xcomargs.py
[2024-09-24T16:15:18.818+0000] {processor.py:753} INFO - DAG(s) dict_keys(['example_xcom_args', 'example_xcom_args_with_operators']) retrieved from /usr/local/lib/python3.9/site-packages/airflow/example_dags/example_xcomargs.py
[2024-09-24T16:15:18.869+0000] {logging_mixin.py:137} INFO - [2024-09-24T16:15:18.869+0000] {dag.py:2705} INFO - Sync 2 DAGs
[2024-09-24T16:15:18.908+0000] {logging_mixin.py:137} INFO - [2024-09-24T16:15:18.908+0000] {dag.py:3452} INFO - Setting next_dagrun for example_xcom_args to None, run_after=None
[2024-09-24T16:15:18.911+0000] {logging_mixin.py:137} INFO - [2024-09-24T16:15:18.911+0000] {dag.py:3452} INFO - Setting next_dagrun for example_xcom_args_with_operators to None, run_after=None
[2024-09-24T16:15:18.936+0000] {processor.py:175} INFO - Processing /usr/local/lib/python3.9/site-packages/airflow/example_dags/example_xcomargs.py took 0.186 seconds
[2024-09-24T16:15:49.339+0000] {processor.py:153} INFO - Started process (PID=1512) to work on /usr/local/lib/python3.9/site-packages/airflow/example_dags/example_xcomargs.py
[2024-09-24T16:15:49.344+0000] {processor.py:743} INFO - Processing file /usr/local/lib/python3.9/site-packages/airflow/example_dags/example_xcomargs.py for tasks to queue
[2024-09-24T16:15:49.345+0000] {logging_mixin.py:137} INFO - [2024-09-24T16:15:49.344+0000] {dagbag.py:532} INFO - Filling up the DagBag from /usr/local/lib/python3.9/site-packages/airflow/example_dags/example_xcomargs.py
[2024-09-24T16:15:49.372+0000] {processor.py:753} INFO - DAG(s) dict_keys(['example_xcom_args_with_operators', 'example_xcom_args']) retrieved from /usr/local/lib/python3.9/site-packages/airflow/example_dags/example_xcomargs.py
[2024-09-24T16:15:49.404+0000] {logging_mixin.py:137} INFO - [2024-09-24T16:15:49.404+0000] {dag.py:2705} INFO - Sync 2 DAGs
[2024-09-24T16:15:49.419+0000] {logging_mixin.py:137} INFO - [2024-09-24T16:15:49.419+0000] {dag.py:3452} INFO - Setting next_dagrun for example_xcom_args to None, run_after=None
[2024-09-24T16:15:49.421+0000] {logging_mixin.py:137} INFO - [2024-09-24T16:15:49.421+0000] {dag.py:3452} INFO - Setting next_dagrun for example_xcom_args_with_operators to None, run_after=None
[2024-09-24T16:15:50.182+0000] {processor.py:175} INFO - Processing /usr/local/lib/python3.9/site-packages/airflow/example_dags/example_xcomargs.py took 0.859 seconds
[2024-09-24T16:16:20.760+0000] {processor.py:153} INFO - Started process (PID=1723) to work on /usr/local/lib/python3.9/site-packages/airflow/example_dags/example_xcomargs.py
[2024-09-24T16:16:20.761+0000] {processor.py:743} INFO - Processing file /usr/local/lib/python3.9/site-packages/airflow/example_dags/example_xcomargs.py for tasks to queue
[2024-09-24T16:16:20.762+0000] {logging_mixin.py:137} INFO - [2024-09-24T16:16:20.761+0000] {dagbag.py:532} INFO - Filling up the DagBag from /usr/local/lib/python3.9/site-packages/airflow/example_dags/example_xcomargs.py
[2024-09-24T16:16:20.782+0000] {processor.py:753} INFO - DAG(s) dict_keys(['example_xcom_args', 'example_xcom_args_with_operators']) retrieved from /usr/local/lib/python3.9/site-packages/airflow/example_dags/example_xcomargs.py
[2024-09-24T16:16:20.802+0000] {logging_mixin.py:137} INFO - [2024-09-24T16:16:20.802+0000] {dag.py:2705} INFO - Sync 2 DAGs
[2024-09-24T16:16:20.816+0000] {logging_mixin.py:137} INFO - [2024-09-24T16:16:20.816+0000] {dag.py:3452} INFO - Setting next_dagrun for example_xcom_args to None, run_after=None
[2024-09-24T16:16:20.818+0000] {logging_mixin.py:137} INFO - [2024-09-24T16:16:20.818+0000] {dag.py:3452} INFO - Setting next_dagrun for example_xcom_args_with_operators to None, run_after=None
[2024-09-24T16:16:20.831+0000] {processor.py:175} INFO - Processing /usr/local/lib/python3.9/site-packages/airflow/example_dags/example_xcomargs.py took 0.076 seconds
[2024-09-24T16:16:51.026+0000] {processor.py:153} INFO - Started process (PID=1934) to work on /usr/local/lib/python3.9/site-packages/airflow/example_dags/example_xcomargs.py
[2024-09-24T16:16:51.028+0000] {processor.py:743} INFO - Processing file /usr/local/lib/python3.9/site-packages/airflow/example_dags/example_xcomargs.py for tasks to queue
[2024-09-24T16:16:51.029+0000] {logging_mixin.py:137} INFO - [2024-09-24T16:16:51.029+0000] {dagbag.py:532} INFO - Filling up the DagBag from /usr/local/lib/python3.9/site-packages/airflow/example_dags/example_xcomargs.py
[2024-09-24T16:16:51.052+0000] {processor.py:753} INFO - DAG(s) dict_keys(['example_xcom_args_with_operators', 'example_xcom_args']) retrieved from /usr/local/lib/python3.9/site-packages/airflow/example_dags/example_xcomargs.py
[2024-09-24T16:16:51.069+0000] {logging_mixin.py:137} INFO - [2024-09-24T16:16:51.069+0000] {dag.py:2705} INFO - Sync 2 DAGs
[2024-09-24T16:16:51.125+0000] {logging_mixin.py:137} INFO - [2024-09-24T16:16:51.125+0000] {dag.py:3452} INFO - Setting next_dagrun for example_xcom_args to None, run_after=None
[2024-09-24T16:16:51.126+0000] {logging_mixin.py:137} INFO - [2024-09-24T16:16:51.126+0000] {dag.py:3452} INFO - Setting next_dagrun for example_xcom_args_with_operators to None, run_after=None
[2024-09-24T16:16:51.132+0000] {processor.py:175} INFO - Processing /usr/local/lib/python3.9/site-packages/airflow/example_dags/example_xcomargs.py took 0.111 seconds
[2024-09-24T16:17:21.632+0000] {processor.py:153} INFO - Started process (PID=2145) to work on /usr/local/lib/python3.9/site-packages/airflow/example_dags/example_xcomargs.py
[2024-09-24T16:17:21.633+0000] {processor.py:743} INFO - Processing file /usr/local/lib/python3.9/site-packages/airflow/example_dags/example_xcomargs.py for tasks to queue
[2024-09-24T16:17:21.633+0000] {logging_mixin.py:137} INFO - [2024-09-24T16:17:21.633+0000] {dagbag.py:532} INFO - Filling up the DagBag from /usr/local/lib/python3.9/site-packages/airflow/example_dags/example_xcomargs.py
[2024-09-24T16:17:21.644+0000] {processor.py:753} INFO - DAG(s) dict_keys(['example_xcom_args', 'example_xcom_args_with_operators']) retrieved from /usr/local/lib/python3.9/site-packages/airflow/example_dags/example_xcomargs.py
[2024-09-24T16:17:21.745+0000] {logging_mixin.py:137} INFO - [2024-09-24T16:17:21.745+0000] {dag.py:2705} INFO - Sync 2 DAGs
[2024-09-24T16:17:21.753+0000] {logging_mixin.py:137} INFO - [2024-09-24T16:17:21.753+0000] {dag.py:3452} INFO - Setting next_dagrun for example_xcom_args to None, run_after=None
[2024-09-24T16:17:21.754+0000] {logging_mixin.py:137} INFO - [2024-09-24T16:17:21.754+0000] {dag.py:3452} INFO - Setting next_dagrun for example_xcom_args_with_operators to None, run_after=None
[2024-09-24T16:17:21.760+0000] {processor.py:175} INFO - Processing /usr/local/lib/python3.9/site-packages/airflow/example_dags/example_xcomargs.py took 0.129 seconds
[2024-09-24T16:17:52.343+0000] {processor.py:153} INFO - Started process (PID=2356) to work on /usr/local/lib/python3.9/site-packages/airflow/example_dags/example_xcomargs.py
[2024-09-24T16:17:52.345+0000] {processor.py:743} INFO - Processing file /usr/local/lib/python3.9/site-packages/airflow/example_dags/example_xcomargs.py for tasks to queue
[2024-09-24T16:17:52.346+0000] {logging_mixin.py:137} INFO - [2024-09-24T16:17:52.346+0000] {dagbag.py:532} INFO - Filling up the DagBag from /usr/local/lib/python3.9/site-packages/airflow/example_dags/example_xcomargs.py
[2024-09-24T16:17:52.428+0000] {processor.py:753} INFO - DAG(s) dict_keys(['example_xcom_args_with_operators', 'example_xcom_args']) retrieved from /usr/local/lib/python3.9/site-packages/airflow/example_dags/example_xcomargs.py
[2024-09-24T16:17:52.439+0000] {logging_mixin.py:137} INFO - [2024-09-24T16:17:52.439+0000] {dag.py:2705} INFO - Sync 2 DAGs
[2024-09-24T16:17:52.449+0000] {logging_mixin.py:137} INFO - [2024-09-24T16:17:52.449+0000] {dag.py:3452} INFO - Setting next_dagrun for example_xcom_args to None, run_after=None
[2024-09-24T16:17:52.452+0000] {logging_mixin.py:137} INFO - [2024-09-24T16:17:52.451+0000] {dag.py:3452} INFO - Setting next_dagrun for example_xcom_args_with_operators to None, run_after=None
[2024-09-24T16:17:52.464+0000] {processor.py:175} INFO - Processing /usr/local/lib/python3.9/site-packages/airflow/example_dags/example_xcomargs.py took 0.125 seconds
[2024-09-24T17:55:51.156+0000] {processor.py:153} INFO - Started process (PID=245) to work on /usr/local/lib/python3.9/site-packages/airflow/example_dags/example_xcomargs.py
[2024-09-24T17:55:51.157+0000] {processor.py:743} INFO - Processing file /usr/local/lib/python3.9/site-packages/airflow/example_dags/example_xcomargs.py for tasks to queue
[2024-09-24T17:55:51.159+0000] {logging_mixin.py:137} INFO - [2024-09-24T17:55:51.159+0000] {dagbag.py:532} INFO - Filling up the DagBag from /usr/local/lib/python3.9/site-packages/airflow/example_dags/example_xcomargs.py
[2024-09-24T17:55:51.177+0000] {processor.py:753} INFO - DAG(s) dict_keys(['example_xcom_args', 'example_xcom_args_with_operators']) retrieved from /usr/local/lib/python3.9/site-packages/airflow/example_dags/example_xcomargs.py
[2024-09-24T17:55:51.185+0000] {logging_mixin.py:137} INFO - [2024-09-24T17:55:51.185+0000] {dag.py:2705} INFO - Sync 2 DAGs
[2024-09-24T17:55:51.199+0000] {logging_mixin.py:137} INFO - [2024-09-24T17:55:51.198+0000] {dag.py:3452} INFO - Setting next_dagrun for example_xcom_args to None, run_after=None
[2024-09-24T17:55:51.201+0000] {logging_mixin.py:137} INFO - [2024-09-24T17:55:51.201+0000] {dag.py:3452} INFO - Setting next_dagrun for example_xcom_args_with_operators to None, run_after=None
[2024-09-24T17:55:51.211+0000] {processor.py:175} INFO - Processing /usr/local/lib/python3.9/site-packages/airflow/example_dags/example_xcomargs.py took 0.058 seconds
[2024-09-24T17:56:22.974+0000] {processor.py:153} INFO - Started process (PID=460) to work on /usr/local/lib/python3.9/site-packages/airflow/example_dags/example_xcomargs.py
[2024-09-24T17:56:22.978+0000] {processor.py:743} INFO - Processing file /usr/local/lib/python3.9/site-packages/airflow/example_dags/example_xcomargs.py for tasks to queue
[2024-09-24T17:56:22.979+0000] {logging_mixin.py:137} INFO - [2024-09-24T17:56:22.979+0000] {dagbag.py:532} INFO - Filling up the DagBag from /usr/local/lib/python3.9/site-packages/airflow/example_dags/example_xcomargs.py
[2024-09-24T17:56:23.128+0000] {processor.py:753} INFO - DAG(s) dict_keys(['example_xcom_args_with_operators', 'example_xcom_args']) retrieved from /usr/local/lib/python3.9/site-packages/airflow/example_dags/example_xcomargs.py
[2024-09-24T17:56:23.229+0000] {logging_mixin.py:137} INFO - [2024-09-24T17:56:23.229+0000] {dag.py:2705} INFO - Sync 2 DAGs
[2024-09-24T17:56:23.273+0000] {logging_mixin.py:137} INFO - [2024-09-24T17:56:23.272+0000] {dag.py:3452} INFO - Setting next_dagrun for example_xcom_args to None, run_after=None
[2024-09-24T17:56:23.282+0000] {logging_mixin.py:137} INFO - [2024-09-24T17:56:23.282+0000] {dag.py:3452} INFO - Setting next_dagrun for example_xcom_args_with_operators to None, run_after=None
[2024-09-24T17:56:23.337+0000] {processor.py:175} INFO - Processing /usr/local/lib/python3.9/site-packages/airflow/example_dags/example_xcomargs.py took 0.366 seconds
[2024-09-24T18:44:45.797+0000] {processor.py:153} INFO - Started process (PID=250) to work on /usr/local/lib/python3.9/site-packages/airflow/example_dags/example_xcomargs.py
[2024-09-24T18:44:45.799+0000] {processor.py:743} INFO - Processing file /usr/local/lib/python3.9/site-packages/airflow/example_dags/example_xcomargs.py for tasks to queue
[2024-09-24T18:44:45.799+0000] {logging_mixin.py:137} INFO - [2024-09-24T18:44:45.799+0000] {dagbag.py:532} INFO - Filling up the DagBag from /usr/local/lib/python3.9/site-packages/airflow/example_dags/example_xcomargs.py
[2024-09-24T18:44:45.815+0000] {processor.py:753} INFO - DAG(s) dict_keys(['example_xcom_args_with_operators', 'example_xcom_args']) retrieved from /usr/local/lib/python3.9/site-packages/airflow/example_dags/example_xcomargs.py
[2024-09-24T18:44:45.881+0000] {logging_mixin.py:137} INFO - [2024-09-24T18:44:45.880+0000] {manager.py:504} INFO - Created Permission View: can read on DAG:example_xcom_args_with_operators
[2024-09-24T18:44:45.886+0000] {logging_mixin.py:137} INFO - [2024-09-24T18:44:45.885+0000] {manager.py:504} INFO - Created Permission View: can edit on DAG:example_xcom_args_with_operators
[2024-09-24T18:44:45.889+0000] {logging_mixin.py:137} INFO - [2024-09-24T18:44:45.889+0000] {manager.py:504} INFO - Created Permission View: can delete on DAG:example_xcom_args_with_operators
[2024-09-24T18:44:45.895+0000] {logging_mixin.py:137} INFO - [2024-09-24T18:44:45.895+0000] {manager.py:504} INFO - Created Permission View: can read on DAG:example_xcom_args
[2024-09-24T18:44:45.898+0000] {logging_mixin.py:137} INFO - [2024-09-24T18:44:45.898+0000] {manager.py:504} INFO - Created Permission View: can edit on DAG:example_xcom_args
[2024-09-24T18:44:45.901+0000] {logging_mixin.py:137} INFO - [2024-09-24T18:44:45.901+0000] {manager.py:504} INFO - Created Permission View: can delete on DAG:example_xcom_args
[2024-09-24T18:44:45.901+0000] {logging_mixin.py:137} INFO - [2024-09-24T18:44:45.901+0000] {dag.py:2705} INFO - Sync 2 DAGs
[2024-09-24T18:44:45.907+0000] {logging_mixin.py:137} INFO - [2024-09-24T18:44:45.907+0000] {dag.py:2726} INFO - Creating ORM DAG for example_xcom_args
[2024-09-24T18:44:45.908+0000] {logging_mixin.py:137} INFO - [2024-09-24T18:44:45.908+0000] {dag.py:2726} INFO - Creating ORM DAG for example_xcom_args_with_operators
[2024-09-24T18:44:45.913+0000] {logging_mixin.py:137} INFO - [2024-09-24T18:44:45.913+0000] {dag.py:3452} INFO - Setting next_dagrun for example_xcom_args to None, run_after=None
[2024-09-24T18:44:45.913+0000] {logging_mixin.py:137} INFO - [2024-09-24T18:44:45.913+0000] {dag.py:3452} INFO - Setting next_dagrun for example_xcom_args_with_operators to None, run_after=None
[2024-09-24T18:44:45.923+0000] {processor.py:175} INFO - Processing /usr/local/lib/python3.9/site-packages/airflow/example_dags/example_xcomargs.py took 0.128 seconds
[2024-09-24T18:45:16.363+0000] {processor.py:153} INFO - Started process (PID=465) to work on /usr/local/lib/python3.9/site-packages/airflow/example_dags/example_xcomargs.py
[2024-09-24T18:45:16.364+0000] {processor.py:743} INFO - Processing file /usr/local/lib/python3.9/site-packages/airflow/example_dags/example_xcomargs.py for tasks to queue
[2024-09-24T18:45:16.366+0000] {logging_mixin.py:137} INFO - [2024-09-24T18:45:16.365+0000] {dagbag.py:532} INFO - Filling up the DagBag from /usr/local/lib/python3.9/site-packages/airflow/example_dags/example_xcomargs.py
[2024-09-24T18:45:16.387+0000] {processor.py:753} INFO - DAG(s) dict_keys(['example_xcom_args_with_operators', 'example_xcom_args']) retrieved from /usr/local/lib/python3.9/site-packages/airflow/example_dags/example_xcomargs.py
[2024-09-24T18:45:16.422+0000] {logging_mixin.py:137} INFO - [2024-09-24T18:45:16.422+0000] {dag.py:2705} INFO - Sync 2 DAGs
[2024-09-24T18:45:16.442+0000] {logging_mixin.py:137} INFO - [2024-09-24T18:45:16.441+0000] {dag.py:3452} INFO - Setting next_dagrun for example_xcom_args to None, run_after=None
[2024-09-24T18:45:16.444+0000] {logging_mixin.py:137} INFO - [2024-09-24T18:45:16.444+0000] {dag.py:3452} INFO - Setting next_dagrun for example_xcom_args_with_operators to None, run_after=None
[2024-09-24T18:45:16.459+0000] {processor.py:175} INFO - Processing /usr/local/lib/python3.9/site-packages/airflow/example_dags/example_xcomargs.py took 0.100 seconds
[2024-09-24T18:45:46.999+0000] {processor.py:153} INFO - Started process (PID=675) to work on /usr/local/lib/python3.9/site-packages/airflow/example_dags/example_xcomargs.py
[2024-09-24T18:45:47.004+0000] {processor.py:743} INFO - Processing file /usr/local/lib/python3.9/site-packages/airflow/example_dags/example_xcomargs.py for tasks to queue
[2024-09-24T18:45:47.005+0000] {logging_mixin.py:137} INFO - [2024-09-24T18:45:47.005+0000] {dagbag.py:532} INFO - Filling up the DagBag from /usr/local/lib/python3.9/site-packages/airflow/example_dags/example_xcomargs.py
[2024-09-24T18:45:47.017+0000] {processor.py:753} INFO - DAG(s) dict_keys(['example_xcom_args_with_operators', 'example_xcom_args']) retrieved from /usr/local/lib/python3.9/site-packages/airflow/example_dags/example_xcomargs.py
[2024-09-24T18:45:47.028+0000] {logging_mixin.py:137} INFO - [2024-09-24T18:45:47.028+0000] {dag.py:2705} INFO - Sync 2 DAGs
[2024-09-24T18:45:47.037+0000] {logging_mixin.py:137} INFO - [2024-09-24T18:45:47.037+0000] {dag.py:3452} INFO - Setting next_dagrun for example_xcom_args to None, run_after=None
[2024-09-24T18:45:47.039+0000] {logging_mixin.py:137} INFO - [2024-09-24T18:45:47.038+0000] {dag.py:3452} INFO - Setting next_dagrun for example_xcom_args_with_operators to None, run_after=None
[2024-09-24T18:45:47.095+0000] {processor.py:175} INFO - Processing /usr/local/lib/python3.9/site-packages/airflow/example_dags/example_xcomargs.py took 0.098 seconds
[2024-09-24T18:46:17.707+0000] {processor.py:153} INFO - Started process (PID=881) to work on /usr/local/lib/python3.9/site-packages/airflow/example_dags/example_xcomargs.py
[2024-09-24T18:46:17.711+0000] {processor.py:743} INFO - Processing file /usr/local/lib/python3.9/site-packages/airflow/example_dags/example_xcomargs.py for tasks to queue
[2024-09-24T18:46:17.712+0000] {logging_mixin.py:137} INFO - [2024-09-24T18:46:17.712+0000] {dagbag.py:532} INFO - Filling up the DagBag from /usr/local/lib/python3.9/site-packages/airflow/example_dags/example_xcomargs.py
[2024-09-24T18:46:17.722+0000] {processor.py:753} INFO - DAG(s) dict_keys(['example_xcom_args', 'example_xcom_args_with_operators']) retrieved from /usr/local/lib/python3.9/site-packages/airflow/example_dags/example_xcomargs.py
[2024-09-24T18:46:17.735+0000] {logging_mixin.py:137} INFO - [2024-09-24T18:46:17.735+0000] {dag.py:2705} INFO - Sync 2 DAGs
[2024-09-24T18:46:17.745+0000] {logging_mixin.py:137} INFO - [2024-09-24T18:46:17.745+0000] {dag.py:3452} INFO - Setting next_dagrun for example_xcom_args to None, run_after=None
[2024-09-24T18:46:17.747+0000] {logging_mixin.py:137} INFO - [2024-09-24T18:46:17.746+0000] {dag.py:3452} INFO - Setting next_dagrun for example_xcom_args_with_operators to None, run_after=None
[2024-09-24T18:46:17.755+0000] {processor.py:175} INFO - Processing /usr/local/lib/python3.9/site-packages/airflow/example_dags/example_xcomargs.py took 0.050 seconds
[2024-09-24T18:46:49.992+0000] {processor.py:153} INFO - Started process (PID=1094) to work on /usr/local/lib/python3.9/site-packages/airflow/example_dags/example_xcomargs.py
[2024-09-24T18:46:49.994+0000] {processor.py:743} INFO - Processing file /usr/local/lib/python3.9/site-packages/airflow/example_dags/example_xcomargs.py for tasks to queue
[2024-09-24T18:46:49.995+0000] {logging_mixin.py:137} INFO - [2024-09-24T18:46:49.995+0000] {dagbag.py:532} INFO - Filling up the DagBag from /usr/local/lib/python3.9/site-packages/airflow/example_dags/example_xcomargs.py
[2024-09-24T18:46:50.022+0000] {processor.py:753} INFO - DAG(s) dict_keys(['example_xcom_args', 'example_xcom_args_with_operators']) retrieved from /usr/local/lib/python3.9/site-packages/airflow/example_dags/example_xcomargs.py
[2024-09-24T18:46:50.056+0000] {logging_mixin.py:137} INFO - [2024-09-24T18:46:50.055+0000] {dag.py:2705} INFO - Sync 2 DAGs
[2024-09-24T18:46:50.091+0000] {logging_mixin.py:137} INFO - [2024-09-24T18:46:50.091+0000] {dag.py:3452} INFO - Setting next_dagrun for example_xcom_args to None, run_after=None
[2024-09-24T18:46:50.094+0000] {logging_mixin.py:137} INFO - [2024-09-24T18:46:50.094+0000] {dag.py:3452} INFO - Setting next_dagrun for example_xcom_args_with_operators to None, run_after=None
[2024-09-24T18:46:50.118+0000] {processor.py:175} INFO - Processing /usr/local/lib/python3.9/site-packages/airflow/example_dags/example_xcomargs.py took 0.133 seconds
[2024-09-24T18:47:22.898+0000] {processor.py:153} INFO - Started process (PID=1308) to work on /usr/local/lib/python3.9/site-packages/airflow/example_dags/example_xcomargs.py
[2024-09-24T18:47:22.901+0000] {processor.py:743} INFO - Processing file /usr/local/lib/python3.9/site-packages/airflow/example_dags/example_xcomargs.py for tasks to queue
[2024-09-24T18:47:22.901+0000] {logging_mixin.py:137} INFO - [2024-09-24T18:47:22.901+0000] {dagbag.py:532} INFO - Filling up the DagBag from /usr/local/lib/python3.9/site-packages/airflow/example_dags/example_xcomargs.py
[2024-09-24T18:47:22.925+0000] {processor.py:753} INFO - DAG(s) dict_keys(['example_xcom_args', 'example_xcom_args_with_operators']) retrieved from /usr/local/lib/python3.9/site-packages/airflow/example_dags/example_xcomargs.py
[2024-09-24T18:47:22.949+0000] {logging_mixin.py:137} INFO - [2024-09-24T18:47:22.949+0000] {dag.py:2705} INFO - Sync 2 DAGs
[2024-09-24T18:47:22.960+0000] {logging_mixin.py:137} INFO - [2024-09-24T18:47:22.960+0000] {dag.py:3452} INFO - Setting next_dagrun for example_xcom_args to None, run_after=None
[2024-09-24T18:47:22.962+0000] {logging_mixin.py:137} INFO - [2024-09-24T18:47:22.962+0000] {dag.py:3452} INFO - Setting next_dagrun for example_xcom_args_with_operators to None, run_after=None
[2024-09-24T18:47:22.978+0000] {processor.py:175} INFO - Processing /usr/local/lib/python3.9/site-packages/airflow/example_dags/example_xcomargs.py took 0.084 seconds
[2024-09-24T18:47:54.445+0000] {processor.py:153} INFO - Started process (PID=1514) to work on /usr/local/lib/python3.9/site-packages/airflow/example_dags/example_xcomargs.py
[2024-09-24T18:47:54.447+0000] {processor.py:743} INFO - Processing file /usr/local/lib/python3.9/site-packages/airflow/example_dags/example_xcomargs.py for tasks to queue
[2024-09-24T18:47:54.451+0000] {logging_mixin.py:137} INFO - [2024-09-24T18:47:54.451+0000] {dagbag.py:532} INFO - Filling up the DagBag from /usr/local/lib/python3.9/site-packages/airflow/example_dags/example_xcomargs.py
[2024-09-24T18:47:54.468+0000] {processor.py:753} INFO - DAG(s) dict_keys(['example_xcom_args', 'example_xcom_args_with_operators']) retrieved from /usr/local/lib/python3.9/site-packages/airflow/example_dags/example_xcomargs.py
[2024-09-24T18:47:54.501+0000] {logging_mixin.py:137} INFO - [2024-09-24T18:47:54.500+0000] {dag.py:2705} INFO - Sync 2 DAGs
[2024-09-24T18:47:54.516+0000] {logging_mixin.py:137} INFO - [2024-09-24T18:47:54.516+0000] {dag.py:3452} INFO - Setting next_dagrun for example_xcom_args to None, run_after=None
[2024-09-24T18:47:54.518+0000] {logging_mixin.py:137} INFO - [2024-09-24T18:47:54.518+0000] {dag.py:3452} INFO - Setting next_dagrun for example_xcom_args_with_operators to None, run_after=None
[2024-09-24T18:47:54.528+0000] {processor.py:175} INFO - Processing /usr/local/lib/python3.9/site-packages/airflow/example_dags/example_xcomargs.py took 0.086 seconds
[2024-09-24T18:48:29.814+0000] {processor.py:153} INFO - Started process (PID=1727) to work on /usr/local/lib/python3.9/site-packages/airflow/example_dags/example_xcomargs.py
[2024-09-24T18:48:29.817+0000] {processor.py:743} INFO - Processing file /usr/local/lib/python3.9/site-packages/airflow/example_dags/example_xcomargs.py for tasks to queue
[2024-09-24T18:48:29.818+0000] {logging_mixin.py:137} INFO - [2024-09-24T18:48:29.817+0000] {dagbag.py:532} INFO - Filling up the DagBag from /usr/local/lib/python3.9/site-packages/airflow/example_dags/example_xcomargs.py
[2024-09-24T18:48:29.835+0000] {processor.py:753} INFO - DAG(s) dict_keys(['example_xcom_args', 'example_xcom_args_with_operators']) retrieved from /usr/local/lib/python3.9/site-packages/airflow/example_dags/example_xcomargs.py
[2024-09-24T18:48:29.870+0000] {logging_mixin.py:137} INFO - [2024-09-24T18:48:29.870+0000] {dag.py:2705} INFO - Sync 2 DAGs
[2024-09-24T18:48:29.885+0000] {logging_mixin.py:137} INFO - [2024-09-24T18:48:29.885+0000] {dag.py:3452} INFO - Setting next_dagrun for example_xcom_args to None, run_after=None
[2024-09-24T18:48:29.888+0000] {logging_mixin.py:137} INFO - [2024-09-24T18:48:29.888+0000] {dag.py:3452} INFO - Setting next_dagrun for example_xcom_args_with_operators to None, run_after=None
[2024-09-24T18:48:29.968+0000] {processor.py:175} INFO - Processing /usr/local/lib/python3.9/site-packages/airflow/example_dags/example_xcomargs.py took 0.157 seconds
[2024-09-24T18:49:00.108+0000] {processor.py:153} INFO - Started process (PID=1936) to work on /usr/local/lib/python3.9/site-packages/airflow/example_dags/example_xcomargs.py
[2024-09-24T18:49:00.110+0000] {processor.py:743} INFO - Processing file /usr/local/lib/python3.9/site-packages/airflow/example_dags/example_xcomargs.py for tasks to queue
[2024-09-24T18:49:00.111+0000] {logging_mixin.py:137} INFO - [2024-09-24T18:49:00.110+0000] {dagbag.py:532} INFO - Filling up the DagBag from /usr/local/lib/python3.9/site-packages/airflow/example_dags/example_xcomargs.py
[2024-09-24T18:49:00.123+0000] {processor.py:753} INFO - DAG(s) dict_keys(['example_xcom_args_with_operators', 'example_xcom_args']) retrieved from /usr/local/lib/python3.9/site-packages/airflow/example_dags/example_xcomargs.py
[2024-09-24T18:49:00.139+0000] {logging_mixin.py:137} INFO - [2024-09-24T18:49:00.139+0000] {dag.py:2705} INFO - Sync 2 DAGs
[2024-09-24T18:49:00.236+0000] {logging_mixin.py:137} INFO - [2024-09-24T18:49:00.236+0000] {dag.py:3452} INFO - Setting next_dagrun for example_xcom_args to None, run_after=None
[2024-09-24T18:49:00.237+0000] {logging_mixin.py:137} INFO - [2024-09-24T18:49:00.237+0000] {dag.py:3452} INFO - Setting next_dagrun for example_xcom_args_with_operators to None, run_after=None
[2024-09-24T18:49:00.244+0000] {processor.py:175} INFO - Processing /usr/local/lib/python3.9/site-packages/airflow/example_dags/example_xcomargs.py took 0.142 seconds
[2024-09-24T18:49:30.908+0000] {processor.py:153} INFO - Started process (PID=2147) to work on /usr/local/lib/python3.9/site-packages/airflow/example_dags/example_xcomargs.py
[2024-09-24T18:49:30.909+0000] {processor.py:743} INFO - Processing file /usr/local/lib/python3.9/site-packages/airflow/example_dags/example_xcomargs.py for tasks to queue
[2024-09-24T18:49:30.909+0000] {logging_mixin.py:137} INFO - [2024-09-24T18:49:30.909+0000] {dagbag.py:532} INFO - Filling up the DagBag from /usr/local/lib/python3.9/site-packages/airflow/example_dags/example_xcomargs.py
[2024-09-24T18:49:30.924+0000] {processor.py:753} INFO - DAG(s) dict_keys(['example_xcom_args_with_operators', 'example_xcom_args']) retrieved from /usr/local/lib/python3.9/site-packages/airflow/example_dags/example_xcomargs.py
[2024-09-24T18:49:30.995+0000] {logging_mixin.py:137} INFO - [2024-09-24T18:49:30.995+0000] {dag.py:2705} INFO - Sync 2 DAGs
[2024-09-24T18:49:31.003+0000] {logging_mixin.py:137} INFO - [2024-09-24T18:49:31.003+0000] {dag.py:3452} INFO - Setting next_dagrun for example_xcom_args to None, run_after=None
[2024-09-24T18:49:31.004+0000] {logging_mixin.py:137} INFO - [2024-09-24T18:49:31.004+0000] {dag.py:3452} INFO - Setting next_dagrun for example_xcom_args_with_operators to None, run_after=None
[2024-09-24T18:49:31.010+0000] {processor.py:175} INFO - Processing /usr/local/lib/python3.9/site-packages/airflow/example_dags/example_xcomargs.py took 0.104 seconds
[2024-09-24T18:50:01.490+0000] {processor.py:153} INFO - Started process (PID=2360) to work on /usr/local/lib/python3.9/site-packages/airflow/example_dags/example_xcomargs.py
[2024-09-24T18:50:01.490+0000] {processor.py:743} INFO - Processing file /usr/local/lib/python3.9/site-packages/airflow/example_dags/example_xcomargs.py for tasks to queue
[2024-09-24T18:50:01.490+0000] {logging_mixin.py:137} INFO - [2024-09-24T18:50:01.490+0000] {dagbag.py:532} INFO - Filling up the DagBag from /usr/local/lib/python3.9/site-packages/airflow/example_dags/example_xcomargs.py
[2024-09-24T18:50:01.545+0000] {processor.py:753} INFO - DAG(s) dict_keys(['example_xcom_args_with_operators', 'example_xcom_args']) retrieved from /usr/local/lib/python3.9/site-packages/airflow/example_dags/example_xcomargs.py
[2024-09-24T18:50:01.554+0000] {logging_mixin.py:137} INFO - [2024-09-24T18:50:01.554+0000] {dag.py:2705} INFO - Sync 2 DAGs
[2024-09-24T18:50:01.562+0000] {logging_mixin.py:137} INFO - [2024-09-24T18:50:01.562+0000] {dag.py:3452} INFO - Setting next_dagrun for example_xcom_args to None, run_after=None
[2024-09-24T18:50:01.563+0000] {logging_mixin.py:137} INFO - [2024-09-24T18:50:01.563+0000] {dag.py:3452} INFO - Setting next_dagrun for example_xcom_args_with_operators to None, run_after=None
[2024-09-24T18:50:01.569+0000] {processor.py:175} INFO - Processing /usr/local/lib/python3.9/site-packages/airflow/example_dags/example_xcomargs.py took 0.081 seconds
[2024-09-24T18:50:31.580+0000] {processor.py:153} INFO - Started process (PID=2571) to work on /usr/local/lib/python3.9/site-packages/airflow/example_dags/example_xcomargs.py
[2024-09-24T18:50:31.581+0000] {processor.py:743} INFO - Processing file /usr/local/lib/python3.9/site-packages/airflow/example_dags/example_xcomargs.py for tasks to queue
[2024-09-24T18:50:31.581+0000] {logging_mixin.py:137} INFO - [2024-09-24T18:50:31.581+0000] {dagbag.py:532} INFO - Filling up the DagBag from /usr/local/lib/python3.9/site-packages/airflow/example_dags/example_xcomargs.py
[2024-09-24T18:50:31.591+0000] {processor.py:753} INFO - DAG(s) dict_keys(['example_xcom_args_with_operators', 'example_xcom_args']) retrieved from /usr/local/lib/python3.9/site-packages/airflow/example_dags/example_xcomargs.py
[2024-09-24T18:50:31.601+0000] {logging_mixin.py:137} INFO - [2024-09-24T18:50:31.601+0000] {dag.py:2705} INFO - Sync 2 DAGs
[2024-09-24T18:50:31.610+0000] {logging_mixin.py:137} INFO - [2024-09-24T18:50:31.610+0000] {dag.py:3452} INFO - Setting next_dagrun for example_xcom_args to None, run_after=None
[2024-09-24T18:50:31.611+0000] {logging_mixin.py:137} INFO - [2024-09-24T18:50:31.611+0000] {dag.py:3452} INFO - Setting next_dagrun for example_xcom_args_with_operators to None, run_after=None
[2024-09-24T18:50:31.617+0000] {processor.py:175} INFO - Processing /usr/local/lib/python3.9/site-packages/airflow/example_dags/example_xcomargs.py took 0.038 seconds
[2024-09-24T18:51:02.469+0000] {processor.py:153} INFO - Started process (PID=2780) to work on /usr/local/lib/python3.9/site-packages/airflow/example_dags/example_xcomargs.py
[2024-09-24T18:51:02.472+0000] {processor.py:743} INFO - Processing file /usr/local/lib/python3.9/site-packages/airflow/example_dags/example_xcomargs.py for tasks to queue
[2024-09-24T18:51:02.473+0000] {logging_mixin.py:137} INFO - [2024-09-24T18:51:02.473+0000] {dagbag.py:532} INFO - Filling up the DagBag from /usr/local/lib/python3.9/site-packages/airflow/example_dags/example_xcomargs.py
[2024-09-24T18:51:02.489+0000] {processor.py:753} INFO - DAG(s) dict_keys(['example_xcom_args', 'example_xcom_args_with_operators']) retrieved from /usr/local/lib/python3.9/site-packages/airflow/example_dags/example_xcomargs.py
[2024-09-24T18:51:02.507+0000] {logging_mixin.py:137} INFO - [2024-09-24T18:51:02.507+0000] {dag.py:2705} INFO - Sync 2 DAGs
[2024-09-24T18:51:02.517+0000] {logging_mixin.py:137} INFO - [2024-09-24T18:51:02.517+0000] {dag.py:3452} INFO - Setting next_dagrun for example_xcom_args to None, run_after=None
[2024-09-24T18:51:02.519+0000] {logging_mixin.py:137} INFO - [2024-09-24T18:51:02.519+0000] {dag.py:3452} INFO - Setting next_dagrun for example_xcom_args_with_operators to None, run_after=None
[2024-09-24T18:51:02.525+0000] {processor.py:175} INFO - Processing /usr/local/lib/python3.9/site-packages/airflow/example_dags/example_xcomargs.py took 0.059 seconds
[2024-09-24T18:51:32.954+0000] {processor.py:153} INFO - Started process (PID=2991) to work on /usr/local/lib/python3.9/site-packages/airflow/example_dags/example_xcomargs.py
[2024-09-24T18:51:32.956+0000] {processor.py:743} INFO - Processing file /usr/local/lib/python3.9/site-packages/airflow/example_dags/example_xcomargs.py for tasks to queue
[2024-09-24T18:51:32.957+0000] {logging_mixin.py:137} INFO - [2024-09-24T18:51:32.957+0000] {dagbag.py:532} INFO - Filling up the DagBag from /usr/local/lib/python3.9/site-packages/airflow/example_dags/example_xcomargs.py
[2024-09-24T18:51:32.969+0000] {processor.py:753} INFO - DAG(s) dict_keys(['example_xcom_args_with_operators', 'example_xcom_args']) retrieved from /usr/local/lib/python3.9/site-packages/airflow/example_dags/example_xcomargs.py
[2024-09-24T18:51:32.981+0000] {logging_mixin.py:137} INFO - [2024-09-24T18:51:32.981+0000] {dag.py:2705} INFO - Sync 2 DAGs
[2024-09-24T18:51:32.990+0000] {logging_mixin.py:137} INFO - [2024-09-24T18:51:32.990+0000] {dag.py:3452} INFO - Setting next_dagrun for example_xcom_args to None, run_after=None
[2024-09-24T18:51:32.991+0000] {logging_mixin.py:137} INFO - [2024-09-24T18:51:32.991+0000] {dag.py:3452} INFO - Setting next_dagrun for example_xcom_args_with_operators to None, run_after=None
[2024-09-24T18:51:32.996+0000] {processor.py:175} INFO - Processing /usr/local/lib/python3.9/site-packages/airflow/example_dags/example_xcomargs.py took 0.043 seconds
[2024-09-24T18:52:04.013+0000] {processor.py:153} INFO - Started process (PID=3202) to work on /usr/local/lib/python3.9/site-packages/airflow/example_dags/example_xcomargs.py
[2024-09-24T18:52:04.014+0000] {processor.py:743} INFO - Processing file /usr/local/lib/python3.9/site-packages/airflow/example_dags/example_xcomargs.py for tasks to queue
[2024-09-24T18:52:04.015+0000] {logging_mixin.py:137} INFO - [2024-09-24T18:52:04.015+0000] {dagbag.py:532} INFO - Filling up the DagBag from /usr/local/lib/python3.9/site-packages/airflow/example_dags/example_xcomargs.py
[2024-09-24T18:52:04.031+0000] {processor.py:753} INFO - DAG(s) dict_keys(['example_xcom_args_with_operators', 'example_xcom_args']) retrieved from /usr/local/lib/python3.9/site-packages/airflow/example_dags/example_xcomargs.py
[2024-09-24T18:52:04.043+0000] {logging_mixin.py:137} INFO - [2024-09-24T18:52:04.043+0000] {dag.py:2705} INFO - Sync 2 DAGs
[2024-09-24T18:52:04.053+0000] {logging_mixin.py:137} INFO - [2024-09-24T18:52:04.053+0000] {dag.py:3452} INFO - Setting next_dagrun for example_xcom_args to None, run_after=None
[2024-09-24T18:52:04.055+0000] {logging_mixin.py:137} INFO - [2024-09-24T18:52:04.055+0000] {dag.py:3452} INFO - Setting next_dagrun for example_xcom_args_with_operators to None, run_after=None
[2024-09-24T18:52:04.061+0000] {processor.py:175} INFO - Processing /usr/local/lib/python3.9/site-packages/airflow/example_dags/example_xcomargs.py took 0.050 seconds
[2024-09-24T18:52:34.785+0000] {processor.py:153} INFO - Started process (PID=3413) to work on /usr/local/lib/python3.9/site-packages/airflow/example_dags/example_xcomargs.py
[2024-09-24T18:52:34.788+0000] {processor.py:743} INFO - Processing file /usr/local/lib/python3.9/site-packages/airflow/example_dags/example_xcomargs.py for tasks to queue
[2024-09-24T18:52:34.788+0000] {logging_mixin.py:137} INFO - [2024-09-24T18:52:34.788+0000] {dagbag.py:532} INFO - Filling up the DagBag from /usr/local/lib/python3.9/site-packages/airflow/example_dags/example_xcomargs.py
[2024-09-24T18:52:34.800+0000] {processor.py:753} INFO - DAG(s) dict_keys(['example_xcom_args', 'example_xcom_args_with_operators']) retrieved from /usr/local/lib/python3.9/site-packages/airflow/example_dags/example_xcomargs.py
[2024-09-24T18:52:34.811+0000] {logging_mixin.py:137} INFO - [2024-09-24T18:52:34.811+0000] {dag.py:2705} INFO - Sync 2 DAGs
[2024-09-24T18:52:34.821+0000] {logging_mixin.py:137} INFO - [2024-09-24T18:52:34.821+0000] {dag.py:3452} INFO - Setting next_dagrun for example_xcom_args to None, run_after=None
[2024-09-24T18:52:34.822+0000] {logging_mixin.py:137} INFO - [2024-09-24T18:52:34.822+0000] {dag.py:3452} INFO - Setting next_dagrun for example_xcom_args_with_operators to None, run_after=None
[2024-09-24T18:52:34.828+0000] {processor.py:175} INFO - Processing /usr/local/lib/python3.9/site-packages/airflow/example_dags/example_xcomargs.py took 0.049 seconds
[2024-09-24T18:53:05.569+0000] {processor.py:153} INFO - Started process (PID=3626) to work on /usr/local/lib/python3.9/site-packages/airflow/example_dags/example_xcomargs.py
[2024-09-24T18:53:05.573+0000] {processor.py:743} INFO - Processing file /usr/local/lib/python3.9/site-packages/airflow/example_dags/example_xcomargs.py for tasks to queue
[2024-09-24T18:53:05.577+0000] {logging_mixin.py:137} INFO - [2024-09-24T18:53:05.577+0000] {dagbag.py:532} INFO - Filling up the DagBag from /usr/local/lib/python3.9/site-packages/airflow/example_dags/example_xcomargs.py
[2024-09-24T18:53:05.601+0000] {processor.py:753} INFO - DAG(s) dict_keys(['example_xcom_args_with_operators', 'example_xcom_args']) retrieved from /usr/local/lib/python3.9/site-packages/airflow/example_dags/example_xcomargs.py
[2024-09-24T18:53:05.695+0000] {logging_mixin.py:137} INFO - [2024-09-24T18:53:05.695+0000] {dag.py:2705} INFO - Sync 2 DAGs
[2024-09-24T18:53:05.771+0000] {logging_mixin.py:137} INFO - [2024-09-24T18:53:05.771+0000] {dag.py:3452} INFO - Setting next_dagrun for example_xcom_args to None, run_after=None
[2024-09-24T18:53:05.777+0000] {logging_mixin.py:137} INFO - [2024-09-24T18:53:05.777+0000] {dag.py:3452} INFO - Setting next_dagrun for example_xcom_args_with_operators to None, run_after=None
[2024-09-24T18:53:05.798+0000] {processor.py:175} INFO - Processing /usr/local/lib/python3.9/site-packages/airflow/example_dags/example_xcomargs.py took 0.236 seconds
