[2024-09-24T15:58:45.235+0000] {processor.py:153} INFO - Started process (PID=394) to work on /usr/local/lib/python3.9/site-packages/airflow/example_dags/example_branch_datetime_operator.py
[2024-09-24T15:58:45.235+0000] {processor.py:743} INFO - Processing file /usr/local/lib/python3.9/site-packages/airflow/example_dags/example_branch_datetime_operator.py for tasks to queue
[2024-09-24T15:58:45.236+0000] {logging_mixin.py:137} INFO - [2024-09-24T15:58:45.236+0000] {dagbag.py:532} INFO - Filling up the DagBag from /usr/local/lib/python3.9/site-packages/airflow/example_dags/example_branch_datetime_operator.py
[2024-09-24T15:58:45.245+0000] {processor.py:753} INFO - DAG(s) dict_keys(['example_branch_datetime_operator_2', 'example_branch_datetime_operator_3', 'example_branch_datetime_operator']) retrieved from /usr/local/lib/python3.9/site-packages/airflow/example_dags/example_branch_datetime_operator.py
[2024-09-24T15:58:45.310+0000] {logging_mixin.py:137} INFO - [2024-09-24T15:58:45.309+0000] {manager.py:504} INFO - Created Permission View: can delete on DAG:example_branch_datetime_operator_2
[2024-09-24T15:58:45.320+0000] {logging_mixin.py:137} INFO - [2024-09-24T15:58:45.320+0000] {manager.py:504} INFO - Created Permission View: can read on DAG:example_branch_datetime_operator_2
[2024-09-24T15:58:45.326+0000] {logging_mixin.py:137} INFO - [2024-09-24T15:58:45.326+0000] {manager.py:504} INFO - Created Permission View: can edit on DAG:example_branch_datetime_operator_2
[2024-09-24T15:58:45.338+0000] {logging_mixin.py:137} INFO - [2024-09-24T15:58:45.338+0000] {manager.py:504} INFO - Created Permission View: can delete on DAG:example_branch_datetime_operator_3
[2024-09-24T15:58:45.345+0000] {logging_mixin.py:137} INFO - [2024-09-24T15:58:45.345+0000] {manager.py:504} INFO - Created Permission View: can read on DAG:example_branch_datetime_operator_3
[2024-09-24T15:58:45.351+0000] {logging_mixin.py:137} INFO - [2024-09-24T15:58:45.351+0000] {manager.py:504} INFO - Created Permission View: can edit on DAG:example_branch_datetime_operator_3
[2024-09-24T15:58:45.360+0000] {logging_mixin.py:137} INFO - [2024-09-24T15:58:45.360+0000] {manager.py:504} INFO - Created Permission View: can delete on DAG:example_branch_datetime_operator
[2024-09-24T15:58:45.365+0000] {logging_mixin.py:137} INFO - [2024-09-24T15:58:45.365+0000] {manager.py:504} INFO - Created Permission View: can read on DAG:example_branch_datetime_operator
[2024-09-24T15:58:45.369+0000] {logging_mixin.py:137} INFO - [2024-09-24T15:58:45.369+0000] {manager.py:504} INFO - Created Permission View: can edit on DAG:example_branch_datetime_operator
[2024-09-24T15:58:45.369+0000] {logging_mixin.py:137} INFO - [2024-09-24T15:58:45.369+0000] {dag.py:2705} INFO - Sync 3 DAGs
[2024-09-24T15:58:45.375+0000] {logging_mixin.py:137} INFO - [2024-09-24T15:58:45.375+0000] {dag.py:2726} INFO - Creating ORM DAG for example_branch_datetime_operator_3
[2024-09-24T15:58:45.376+0000] {logging_mixin.py:137} INFO - [2024-09-24T15:58:45.376+0000] {dag.py:2726} INFO - Creating ORM DAG for example_branch_datetime_operator
[2024-09-24T15:58:45.376+0000] {logging_mixin.py:137} INFO - [2024-09-24T15:58:45.376+0000] {dag.py:2726} INFO - Creating ORM DAG for example_branch_datetime_operator_2
[2024-09-24T15:58:45.382+0000] {logging_mixin.py:137} INFO - [2024-09-24T15:58:45.382+0000] {dag.py:3452} INFO - Setting next_dagrun for example_branch_datetime_operator to 2024-09-23T00:00:00+00:00, run_after=2024-09-24T00:00:00+00:00
[2024-09-24T15:58:45.383+0000] {logging_mixin.py:137} INFO - [2024-09-24T15:58:45.383+0000] {dag.py:3452} INFO - Setting next_dagrun for example_branch_datetime_operator_2 to 2024-09-23T00:00:00+00:00, run_after=2024-09-24T00:00:00+00:00
[2024-09-24T15:58:45.384+0000] {logging_mixin.py:137} INFO - [2024-09-24T15:58:45.384+0000] {dag.py:3452} INFO - Setting next_dagrun for example_branch_datetime_operator_3 to 2024-09-23T00:00:00+00:00, run_after=2024-09-24T00:00:00+00:00
[2024-09-24T15:58:45.401+0000] {processor.py:175} INFO - Processing /usr/local/lib/python3.9/site-packages/airflow/example_dags/example_branch_datetime_operator.py took 0.168 seconds
[2024-09-24T15:59:15.721+0000] {processor.py:153} INFO - Started process (PID=605) to work on /usr/local/lib/python3.9/site-packages/airflow/example_dags/example_branch_datetime_operator.py
[2024-09-24T15:59:15.722+0000] {processor.py:743} INFO - Processing file /usr/local/lib/python3.9/site-packages/airflow/example_dags/example_branch_datetime_operator.py for tasks to queue
[2024-09-24T15:59:15.723+0000] {logging_mixin.py:137} INFO - [2024-09-24T15:59:15.723+0000] {dagbag.py:532} INFO - Filling up the DagBag from /usr/local/lib/python3.9/site-packages/airflow/example_dags/example_branch_datetime_operator.py
[2024-09-24T15:59:15.737+0000] {processor.py:753} INFO - DAG(s) dict_keys(['example_branch_datetime_operator_3', 'example_branch_datetime_operator_2', 'example_branch_datetime_operator']) retrieved from /usr/local/lib/python3.9/site-packages/airflow/example_dags/example_branch_datetime_operator.py
[2024-09-24T15:59:15.766+0000] {logging_mixin.py:137} INFO - [2024-09-24T15:59:15.766+0000] {dag.py:2705} INFO - Sync 3 DAGs
[2024-09-24T15:59:15.787+0000] {logging_mixin.py:137} INFO - [2024-09-24T15:59:15.787+0000] {dag.py:3452} INFO - Setting next_dagrun for example_branch_datetime_operator to 2024-09-23T00:00:00+00:00, run_after=2024-09-24T00:00:00+00:00
[2024-09-24T15:59:15.800+0000] {logging_mixin.py:137} INFO - [2024-09-24T15:59:15.800+0000] {dag.py:3452} INFO - Setting next_dagrun for example_branch_datetime_operator_2 to 2024-09-23T00:00:00+00:00, run_after=2024-09-24T00:00:00+00:00
[2024-09-24T15:59:15.804+0000] {logging_mixin.py:137} INFO - [2024-09-24T15:59:15.804+0000] {dag.py:3452} INFO - Setting next_dagrun for example_branch_datetime_operator_3 to 2024-09-23T00:00:00+00:00, run_after=2024-09-24T00:00:00+00:00
[2024-09-24T15:59:15.823+0000] {processor.py:175} INFO - Processing /usr/local/lib/python3.9/site-packages/airflow/example_dags/example_branch_datetime_operator.py took 0.104 seconds
[2024-09-24T15:59:46.895+0000] {processor.py:153} INFO - Started process (PID=816) to work on /usr/local/lib/python3.9/site-packages/airflow/example_dags/example_branch_datetime_operator.py
[2024-09-24T15:59:46.902+0000] {processor.py:743} INFO - Processing file /usr/local/lib/python3.9/site-packages/airflow/example_dags/example_branch_datetime_operator.py for tasks to queue
[2024-09-24T15:59:46.903+0000] {logging_mixin.py:137} INFO - [2024-09-24T15:59:46.903+0000] {dagbag.py:532} INFO - Filling up the DagBag from /usr/local/lib/python3.9/site-packages/airflow/example_dags/example_branch_datetime_operator.py
[2024-09-24T15:59:46.912+0000] {processor.py:753} INFO - DAG(s) dict_keys(['example_branch_datetime_operator', 'example_branch_datetime_operator_3', 'example_branch_datetime_operator_2']) retrieved from /usr/local/lib/python3.9/site-packages/airflow/example_dags/example_branch_datetime_operator.py
[2024-09-24T15:59:46.929+0000] {logging_mixin.py:137} INFO - [2024-09-24T15:59:46.929+0000] {dag.py:2705} INFO - Sync 3 DAGs
[2024-09-24T15:59:46.940+0000] {logging_mixin.py:137} INFO - [2024-09-24T15:59:46.940+0000] {dag.py:3452} INFO - Setting next_dagrun for example_branch_datetime_operator to 2024-09-23T00:00:00+00:00, run_after=2024-09-24T00:00:00+00:00
[2024-09-24T15:59:46.942+0000] {logging_mixin.py:137} INFO - [2024-09-24T15:59:46.942+0000] {dag.py:3452} INFO - Setting next_dagrun for example_branch_datetime_operator_2 to 2024-09-23T00:00:00+00:00, run_after=2024-09-24T00:00:00+00:00
[2024-09-24T15:59:46.944+0000] {logging_mixin.py:137} INFO - [2024-09-24T15:59:46.944+0000] {dag.py:3452} INFO - Setting next_dagrun for example_branch_datetime_operator_3 to 2024-09-23T00:00:00+00:00, run_after=2024-09-24T00:00:00+00:00
[2024-09-24T15:59:46.968+0000] {processor.py:175} INFO - Processing /usr/local/lib/python3.9/site-packages/airflow/example_dags/example_branch_datetime_operator.py took 0.075 seconds
[2024-09-24T16:12:39.590+0000] {processor.py:153} INFO - Started process (PID=395) to work on /usr/local/lib/python3.9/site-packages/airflow/example_dags/example_branch_datetime_operator.py
[2024-09-24T16:12:39.591+0000] {processor.py:743} INFO - Processing file /usr/local/lib/python3.9/site-packages/airflow/example_dags/example_branch_datetime_operator.py for tasks to queue
[2024-09-24T16:12:39.591+0000] {logging_mixin.py:137} INFO - [2024-09-24T16:12:39.591+0000] {dagbag.py:532} INFO - Filling up the DagBag from /usr/local/lib/python3.9/site-packages/airflow/example_dags/example_branch_datetime_operator.py
[2024-09-24T16:12:39.612+0000] {processor.py:753} INFO - DAG(s) dict_keys(['example_branch_datetime_operator_3', 'example_branch_datetime_operator', 'example_branch_datetime_operator_2']) retrieved from /usr/local/lib/python3.9/site-packages/airflow/example_dags/example_branch_datetime_operator.py
[2024-09-24T16:12:39.729+0000] {logging_mixin.py:137} INFO - [2024-09-24T16:12:39.729+0000] {manager.py:504} INFO - Created Permission View: can read on DAG:example_branch_datetime_operator_3
[2024-09-24T16:12:39.736+0000] {logging_mixin.py:137} INFO - [2024-09-24T16:12:39.736+0000] {manager.py:504} INFO - Created Permission View: can edit on DAG:example_branch_datetime_operator_3
[2024-09-24T16:12:39.739+0000] {logging_mixin.py:137} INFO - [2024-09-24T16:12:39.738+0000] {manager.py:504} INFO - Created Permission View: can delete on DAG:example_branch_datetime_operator_3
[2024-09-24T16:12:39.745+0000] {logging_mixin.py:137} INFO - [2024-09-24T16:12:39.745+0000] {manager.py:504} INFO - Created Permission View: can read on DAG:example_branch_datetime_operator
[2024-09-24T16:12:39.749+0000] {logging_mixin.py:137} INFO - [2024-09-24T16:12:39.749+0000] {manager.py:504} INFO - Created Permission View: can edit on DAG:example_branch_datetime_operator
[2024-09-24T16:12:39.751+0000] {logging_mixin.py:137} INFO - [2024-09-24T16:12:39.751+0000] {manager.py:504} INFO - Created Permission View: can delete on DAG:example_branch_datetime_operator
[2024-09-24T16:12:39.758+0000] {logging_mixin.py:137} INFO - [2024-09-24T16:12:39.757+0000] {manager.py:504} INFO - Created Permission View: can read on DAG:example_branch_datetime_operator_2
[2024-09-24T16:12:39.760+0000] {logging_mixin.py:137} INFO - [2024-09-24T16:12:39.760+0000] {manager.py:504} INFO - Created Permission View: can edit on DAG:example_branch_datetime_operator_2
[2024-09-24T16:12:39.765+0000] {logging_mixin.py:137} INFO - [2024-09-24T16:12:39.765+0000] {manager.py:504} INFO - Created Permission View: can delete on DAG:example_branch_datetime_operator_2
[2024-09-24T16:12:39.765+0000] {logging_mixin.py:137} INFO - [2024-09-24T16:12:39.765+0000] {dag.py:2705} INFO - Sync 3 DAGs
[2024-09-24T16:12:39.773+0000] {logging_mixin.py:137} INFO - [2024-09-24T16:12:39.773+0000] {dag.py:2726} INFO - Creating ORM DAG for example_branch_datetime_operator
[2024-09-24T16:12:39.774+0000] {logging_mixin.py:137} INFO - [2024-09-24T16:12:39.774+0000] {dag.py:2726} INFO - Creating ORM DAG for example_branch_datetime_operator_2
[2024-09-24T16:12:39.774+0000] {logging_mixin.py:137} INFO - [2024-09-24T16:12:39.774+0000] {dag.py:2726} INFO - Creating ORM DAG for example_branch_datetime_operator_3
[2024-09-24T16:12:39.791+0000] {logging_mixin.py:137} INFO - [2024-09-24T16:12:39.791+0000] {dag.py:3452} INFO - Setting next_dagrun for example_branch_datetime_operator to 2024-09-23T00:00:00+00:00, run_after=2024-09-24T00:00:00+00:00
[2024-09-24T16:12:39.794+0000] {logging_mixin.py:137} INFO - [2024-09-24T16:12:39.794+0000] {dag.py:3452} INFO - Setting next_dagrun for example_branch_datetime_operator_2 to 2024-09-23T00:00:00+00:00, run_after=2024-09-24T00:00:00+00:00
[2024-09-24T16:12:39.796+0000] {logging_mixin.py:137} INFO - [2024-09-24T16:12:39.796+0000] {dag.py:3452} INFO - Setting next_dagrun for example_branch_datetime_operator_3 to 2024-09-23T00:00:00+00:00, run_after=2024-09-24T00:00:00+00:00
[2024-09-24T16:12:39.812+0000] {processor.py:175} INFO - Processing /usr/local/lib/python3.9/site-packages/airflow/example_dags/example_branch_datetime_operator.py took 0.224 seconds
[2024-09-24T16:13:24.188+0000] {processor.py:153} INFO - Started process (PID=606) to work on /usr/local/lib/python3.9/site-packages/airflow/example_dags/example_branch_datetime_operator.py
[2024-09-24T16:13:24.192+0000] {processor.py:743} INFO - Processing file /usr/local/lib/python3.9/site-packages/airflow/example_dags/example_branch_datetime_operator.py for tasks to queue
[2024-09-24T16:13:24.193+0000] {logging_mixin.py:137} INFO - [2024-09-24T16:13:24.193+0000] {dagbag.py:532} INFO - Filling up the DagBag from /usr/local/lib/python3.9/site-packages/airflow/example_dags/example_branch_datetime_operator.py
[2024-09-24T16:13:24.212+0000] {processor.py:753} INFO - DAG(s) dict_keys(['example_branch_datetime_operator', 'example_branch_datetime_operator_3', 'example_branch_datetime_operator_2']) retrieved from /usr/local/lib/python3.9/site-packages/airflow/example_dags/example_branch_datetime_operator.py
[2024-09-24T16:13:24.260+0000] {logging_mixin.py:137} INFO - [2024-09-24T16:13:24.260+0000] {dag.py:2705} INFO - Sync 3 DAGs
[2024-09-24T16:13:24.299+0000] {logging_mixin.py:137} INFO - [2024-09-24T16:13:24.299+0000] {dag.py:3452} INFO - Setting next_dagrun for example_branch_datetime_operator to 2024-09-23T00:00:00+00:00, run_after=2024-09-24T00:00:00+00:00
[2024-09-24T16:13:24.305+0000] {logging_mixin.py:137} INFO - [2024-09-24T16:13:24.305+0000] {dag.py:3452} INFO - Setting next_dagrun for example_branch_datetime_operator_2 to 2024-09-23T00:00:00+00:00, run_after=2024-09-24T00:00:00+00:00
[2024-09-24T16:13:24.308+0000] {logging_mixin.py:137} INFO - [2024-09-24T16:13:24.308+0000] {dag.py:3452} INFO - Setting next_dagrun for example_branch_datetime_operator_3 to 2024-09-23T00:00:00+00:00, run_after=2024-09-24T00:00:00+00:00
[2024-09-24T16:13:24.329+0000] {processor.py:175} INFO - Processing /usr/local/lib/python3.9/site-packages/airflow/example_dags/example_branch_datetime_operator.py took 0.144 seconds
[2024-09-24T16:13:55.158+0000] {processor.py:153} INFO - Started process (PID=817) to work on /usr/local/lib/python3.9/site-packages/airflow/example_dags/example_branch_datetime_operator.py
[2024-09-24T16:13:55.160+0000] {processor.py:743} INFO - Processing file /usr/local/lib/python3.9/site-packages/airflow/example_dags/example_branch_datetime_operator.py for tasks to queue
[2024-09-24T16:13:55.162+0000] {logging_mixin.py:137} INFO - [2024-09-24T16:13:55.162+0000] {dagbag.py:532} INFO - Filling up the DagBag from /usr/local/lib/python3.9/site-packages/airflow/example_dags/example_branch_datetime_operator.py
[2024-09-24T16:13:55.169+0000] {processor.py:753} INFO - DAG(s) dict_keys(['example_branch_datetime_operator_2', 'example_branch_datetime_operator_3', 'example_branch_datetime_operator']) retrieved from /usr/local/lib/python3.9/site-packages/airflow/example_dags/example_branch_datetime_operator.py
[2024-09-24T16:13:55.190+0000] {logging_mixin.py:137} INFO - [2024-09-24T16:13:55.189+0000] {dag.py:2705} INFO - Sync 3 DAGs
[2024-09-24T16:13:55.205+0000] {logging_mixin.py:137} INFO - [2024-09-24T16:13:55.205+0000] {dag.py:3452} INFO - Setting next_dagrun for example_branch_datetime_operator to 2024-09-23T00:00:00+00:00, run_after=2024-09-24T00:00:00+00:00
[2024-09-24T16:13:55.208+0000] {logging_mixin.py:137} INFO - [2024-09-24T16:13:55.208+0000] {dag.py:3452} INFO - Setting next_dagrun for example_branch_datetime_operator_2 to 2024-09-23T00:00:00+00:00, run_after=2024-09-24T00:00:00+00:00
[2024-09-24T16:13:55.210+0000] {logging_mixin.py:137} INFO - [2024-09-24T16:13:55.210+0000] {dag.py:3452} INFO - Setting next_dagrun for example_branch_datetime_operator_3 to 2024-09-23T00:00:00+00:00, run_after=2024-09-24T00:00:00+00:00
[2024-09-24T16:13:55.221+0000] {processor.py:175} INFO - Processing /usr/local/lib/python3.9/site-packages/airflow/example_dags/example_branch_datetime_operator.py took 0.065 seconds
[2024-09-24T16:14:27.939+0000] {processor.py:153} INFO - Started process (PID=1028) to work on /usr/local/lib/python3.9/site-packages/airflow/example_dags/example_branch_datetime_operator.py
[2024-09-24T16:14:27.941+0000] {processor.py:743} INFO - Processing file /usr/local/lib/python3.9/site-packages/airflow/example_dags/example_branch_datetime_operator.py for tasks to queue
[2024-09-24T16:14:27.943+0000] {logging_mixin.py:137} INFO - [2024-09-24T16:14:27.943+0000] {dagbag.py:532} INFO - Filling up the DagBag from /usr/local/lib/python3.9/site-packages/airflow/example_dags/example_branch_datetime_operator.py
[2024-09-24T16:14:27.964+0000] {processor.py:753} INFO - DAG(s) dict_keys(['example_branch_datetime_operator_2', 'example_branch_datetime_operator_3', 'example_branch_datetime_operator']) retrieved from /usr/local/lib/python3.9/site-packages/airflow/example_dags/example_branch_datetime_operator.py
[2024-09-24T16:14:28.002+0000] {logging_mixin.py:137} INFO - [2024-09-24T16:14:28.002+0000] {dag.py:2705} INFO - Sync 3 DAGs
[2024-09-24T16:14:28.032+0000] {logging_mixin.py:137} INFO - [2024-09-24T16:14:28.032+0000] {dag.py:3452} INFO - Setting next_dagrun for example_branch_datetime_operator to 2024-09-23T00:00:00+00:00, run_after=2024-09-24T00:00:00+00:00
[2024-09-24T16:14:28.037+0000] {logging_mixin.py:137} INFO - [2024-09-24T16:14:28.037+0000] {dag.py:3452} INFO - Setting next_dagrun for example_branch_datetime_operator_2 to 2024-09-23T00:00:00+00:00, run_after=2024-09-24T00:00:00+00:00
[2024-09-24T16:14:28.041+0000] {logging_mixin.py:137} INFO - [2024-09-24T16:14:28.040+0000] {dag.py:3452} INFO - Setting next_dagrun for example_branch_datetime_operator_3 to 2024-09-23T00:00:00+00:00, run_after=2024-09-24T00:00:00+00:00
[2024-09-24T16:14:28.056+0000] {processor.py:175} INFO - Processing /usr/local/lib/python3.9/site-packages/airflow/example_dags/example_branch_datetime_operator.py took 0.119 seconds
[2024-09-24T16:15:05.580+0000] {processor.py:153} INFO - Started process (PID=1241) to work on /usr/local/lib/python3.9/site-packages/airflow/example_dags/example_branch_datetime_operator.py
[2024-09-24T16:15:05.581+0000] {processor.py:743} INFO - Processing file /usr/local/lib/python3.9/site-packages/airflow/example_dags/example_branch_datetime_operator.py for tasks to queue
[2024-09-24T16:15:05.582+0000] {logging_mixin.py:137} INFO - [2024-09-24T16:15:05.582+0000] {dagbag.py:532} INFO - Filling up the DagBag from /usr/local/lib/python3.9/site-packages/airflow/example_dags/example_branch_datetime_operator.py
[2024-09-24T16:15:05.599+0000] {processor.py:753} INFO - DAG(s) dict_keys(['example_branch_datetime_operator', 'example_branch_datetime_operator_3', 'example_branch_datetime_operator_2']) retrieved from /usr/local/lib/python3.9/site-packages/airflow/example_dags/example_branch_datetime_operator.py
[2024-09-24T16:15:05.623+0000] {logging_mixin.py:137} INFO - [2024-09-24T16:15:05.623+0000] {dag.py:2705} INFO - Sync 3 DAGs
[2024-09-24T16:15:05.644+0000] {logging_mixin.py:137} INFO - [2024-09-24T16:15:05.644+0000] {dag.py:3452} INFO - Setting next_dagrun for example_branch_datetime_operator to 2024-09-23T00:00:00+00:00, run_after=2024-09-24T00:00:00+00:00
[2024-09-24T16:15:05.648+0000] {logging_mixin.py:137} INFO - [2024-09-24T16:15:05.648+0000] {dag.py:3452} INFO - Setting next_dagrun for example_branch_datetime_operator_2 to 2024-09-23T00:00:00+00:00, run_after=2024-09-24T00:00:00+00:00
[2024-09-24T16:15:05.651+0000] {logging_mixin.py:137} INFO - [2024-09-24T16:15:05.651+0000] {dag.py:3452} INFO - Setting next_dagrun for example_branch_datetime_operator_3 to 2024-09-23T00:00:00+00:00, run_after=2024-09-24T00:00:00+00:00
[2024-09-24T16:15:05.663+0000] {processor.py:175} INFO - Processing /usr/local/lib/python3.9/site-packages/airflow/example_dags/example_branch_datetime_operator.py took 0.086 seconds
[2024-09-24T16:15:38.401+0000] {processor.py:153} INFO - Started process (PID=1452) to work on /usr/local/lib/python3.9/site-packages/airflow/example_dags/example_branch_datetime_operator.py
[2024-09-24T16:15:38.411+0000] {processor.py:743} INFO - Processing file /usr/local/lib/python3.9/site-packages/airflow/example_dags/example_branch_datetime_operator.py for tasks to queue
[2024-09-24T16:15:38.414+0000] {logging_mixin.py:137} INFO - [2024-09-24T16:15:38.414+0000] {dagbag.py:532} INFO - Filling up the DagBag from /usr/local/lib/python3.9/site-packages/airflow/example_dags/example_branch_datetime_operator.py
[2024-09-24T16:15:38.434+0000] {processor.py:753} INFO - DAG(s) dict_keys(['example_branch_datetime_operator_2', 'example_branch_datetime_operator_3', 'example_branch_datetime_operator']) retrieved from /usr/local/lib/python3.9/site-packages/airflow/example_dags/example_branch_datetime_operator.py
[2024-09-24T16:15:38.470+0000] {logging_mixin.py:137} INFO - [2024-09-24T16:15:38.470+0000] {dag.py:2705} INFO - Sync 3 DAGs
[2024-09-24T16:15:38.511+0000] {logging_mixin.py:137} INFO - [2024-09-24T16:15:38.511+0000] {dag.py:3452} INFO - Setting next_dagrun for example_branch_datetime_operator to 2024-09-23T00:00:00+00:00, run_after=2024-09-24T00:00:00+00:00
[2024-09-24T16:15:38.517+0000] {logging_mixin.py:137} INFO - [2024-09-24T16:15:38.517+0000] {dag.py:3452} INFO - Setting next_dagrun for example_branch_datetime_operator_2 to 2024-09-23T00:00:00+00:00, run_after=2024-09-24T00:00:00+00:00
[2024-09-24T16:15:38.519+0000] {logging_mixin.py:137} INFO - [2024-09-24T16:15:38.519+0000] {dag.py:3452} INFO - Setting next_dagrun for example_branch_datetime_operator_3 to 2024-09-23T00:00:00+00:00, run_after=2024-09-24T00:00:00+00:00
[2024-09-24T16:15:38.545+0000] {processor.py:175} INFO - Processing /usr/local/lib/python3.9/site-packages/airflow/example_dags/example_branch_datetime_operator.py took 0.147 seconds
[2024-09-24T16:16:09.128+0000] {processor.py:153} INFO - Started process (PID=1663) to work on /usr/local/lib/python3.9/site-packages/airflow/example_dags/example_branch_datetime_operator.py
[2024-09-24T16:16:09.129+0000] {processor.py:743} INFO - Processing file /usr/local/lib/python3.9/site-packages/airflow/example_dags/example_branch_datetime_operator.py for tasks to queue
[2024-09-24T16:16:09.130+0000] {logging_mixin.py:137} INFO - [2024-09-24T16:16:09.130+0000] {dagbag.py:532} INFO - Filling up the DagBag from /usr/local/lib/python3.9/site-packages/airflow/example_dags/example_branch_datetime_operator.py
[2024-09-24T16:16:09.143+0000] {processor.py:753} INFO - DAG(s) dict_keys(['example_branch_datetime_operator_3', 'example_branch_datetime_operator_2', 'example_branch_datetime_operator']) retrieved from /usr/local/lib/python3.9/site-packages/airflow/example_dags/example_branch_datetime_operator.py
[2024-09-24T16:16:09.155+0000] {logging_mixin.py:137} INFO - [2024-09-24T16:16:09.155+0000] {dag.py:2705} INFO - Sync 3 DAGs
[2024-09-24T16:16:09.165+0000] {logging_mixin.py:137} INFO - [2024-09-24T16:16:09.165+0000] {dag.py:3452} INFO - Setting next_dagrun for example_branch_datetime_operator to 2024-09-23T00:00:00+00:00, run_after=2024-09-24T00:00:00+00:00
[2024-09-24T16:16:09.167+0000] {logging_mixin.py:137} INFO - [2024-09-24T16:16:09.167+0000] {dag.py:3452} INFO - Setting next_dagrun for example_branch_datetime_operator_2 to 2024-09-23T00:00:00+00:00, run_after=2024-09-24T00:00:00+00:00
[2024-09-24T16:16:09.168+0000] {logging_mixin.py:137} INFO - [2024-09-24T16:16:09.168+0000] {dag.py:3452} INFO - Setting next_dagrun for example_branch_datetime_operator_3 to 2024-09-23T00:00:00+00:00, run_after=2024-09-24T00:00:00+00:00
[2024-09-24T16:16:09.215+0000] {processor.py:175} INFO - Processing /usr/local/lib/python3.9/site-packages/airflow/example_dags/example_branch_datetime_operator.py took 0.089 seconds
[2024-09-24T16:16:39.382+0000] {processor.py:153} INFO - Started process (PID=1872) to work on /usr/local/lib/python3.9/site-packages/airflow/example_dags/example_branch_datetime_operator.py
[2024-09-24T16:16:39.386+0000] {processor.py:743} INFO - Processing file /usr/local/lib/python3.9/site-packages/airflow/example_dags/example_branch_datetime_operator.py for tasks to queue
[2024-09-24T16:16:39.386+0000] {logging_mixin.py:137} INFO - [2024-09-24T16:16:39.386+0000] {dagbag.py:532} INFO - Filling up the DagBag from /usr/local/lib/python3.9/site-packages/airflow/example_dags/example_branch_datetime_operator.py
[2024-09-24T16:16:39.394+0000] {processor.py:753} INFO - DAG(s) dict_keys(['example_branch_datetime_operator_3', 'example_branch_datetime_operator_2', 'example_branch_datetime_operator']) retrieved from /usr/local/lib/python3.9/site-packages/airflow/example_dags/example_branch_datetime_operator.py
[2024-09-24T16:16:39.409+0000] {logging_mixin.py:137} INFO - [2024-09-24T16:16:39.409+0000] {dag.py:2705} INFO - Sync 3 DAGs
[2024-09-24T16:16:39.420+0000] {logging_mixin.py:137} INFO - [2024-09-24T16:16:39.420+0000] {dag.py:3452} INFO - Setting next_dagrun for example_branch_datetime_operator to 2024-09-23T00:00:00+00:00, run_after=2024-09-24T00:00:00+00:00
[2024-09-24T16:16:39.422+0000] {logging_mixin.py:137} INFO - [2024-09-24T16:16:39.422+0000] {dag.py:3452} INFO - Setting next_dagrun for example_branch_datetime_operator_2 to 2024-09-23T00:00:00+00:00, run_after=2024-09-24T00:00:00+00:00
[2024-09-24T16:16:39.423+0000] {logging_mixin.py:137} INFO - [2024-09-24T16:16:39.423+0000] {dag.py:3452} INFO - Setting next_dagrun for example_branch_datetime_operator_3 to 2024-09-23T00:00:00+00:00, run_after=2024-09-24T00:00:00+00:00
[2024-09-24T16:16:39.433+0000] {processor.py:175} INFO - Processing /usr/local/lib/python3.9/site-packages/airflow/example_dags/example_branch_datetime_operator.py took 0.053 seconds
[2024-09-24T16:17:09.893+0000] {processor.py:153} INFO - Started process (PID=2083) to work on /usr/local/lib/python3.9/site-packages/airflow/example_dags/example_branch_datetime_operator.py
[2024-09-24T16:17:09.894+0000] {processor.py:743} INFO - Processing file /usr/local/lib/python3.9/site-packages/airflow/example_dags/example_branch_datetime_operator.py for tasks to queue
[2024-09-24T16:17:09.894+0000] {logging_mixin.py:137} INFO - [2024-09-24T16:17:09.894+0000] {dagbag.py:532} INFO - Filling up the DagBag from /usr/local/lib/python3.9/site-packages/airflow/example_dags/example_branch_datetime_operator.py
[2024-09-24T16:17:09.902+0000] {processor.py:753} INFO - DAG(s) dict_keys(['example_branch_datetime_operator', 'example_branch_datetime_operator_2', 'example_branch_datetime_operator_3']) retrieved from /usr/local/lib/python3.9/site-packages/airflow/example_dags/example_branch_datetime_operator.py
[2024-09-24T16:17:09.922+0000] {logging_mixin.py:137} INFO - [2024-09-24T16:17:09.922+0000] {dag.py:2705} INFO - Sync 3 DAGs
[2024-09-24T16:17:09.988+0000] {logging_mixin.py:137} INFO - [2024-09-24T16:17:09.988+0000] {dag.py:3452} INFO - Setting next_dagrun for example_branch_datetime_operator to 2024-09-23T00:00:00+00:00, run_after=2024-09-24T00:00:00+00:00
[2024-09-24T16:17:09.995+0000] {logging_mixin.py:137} INFO - [2024-09-24T16:17:09.995+0000] {dag.py:3452} INFO - Setting next_dagrun for example_branch_datetime_operator_2 to 2024-09-23T00:00:00+00:00, run_after=2024-09-24T00:00:00+00:00
[2024-09-24T16:17:09.996+0000] {logging_mixin.py:137} INFO - [2024-09-24T16:17:09.996+0000] {dag.py:3452} INFO - Setting next_dagrun for example_branch_datetime_operator_3 to 2024-09-23T00:00:00+00:00, run_after=2024-09-24T00:00:00+00:00
[2024-09-24T16:17:10.011+0000] {processor.py:175} INFO - Processing /usr/local/lib/python3.9/site-packages/airflow/example_dags/example_branch_datetime_operator.py took 0.120 seconds
[2024-09-24T16:17:40.708+0000] {processor.py:153} INFO - Started process (PID=2294) to work on /usr/local/lib/python3.9/site-packages/airflow/example_dags/example_branch_datetime_operator.py
[2024-09-24T16:17:40.709+0000] {processor.py:743} INFO - Processing file /usr/local/lib/python3.9/site-packages/airflow/example_dags/example_branch_datetime_operator.py for tasks to queue
[2024-09-24T16:17:40.709+0000] {logging_mixin.py:137} INFO - [2024-09-24T16:17:40.709+0000] {dagbag.py:532} INFO - Filling up the DagBag from /usr/local/lib/python3.9/site-packages/airflow/example_dags/example_branch_datetime_operator.py
[2024-09-24T16:17:40.719+0000] {processor.py:753} INFO - DAG(s) dict_keys(['example_branch_datetime_operator', 'example_branch_datetime_operator_3', 'example_branch_datetime_operator_2']) retrieved from /usr/local/lib/python3.9/site-packages/airflow/example_dags/example_branch_datetime_operator.py
[2024-09-24T16:17:40.792+0000] {logging_mixin.py:137} INFO - [2024-09-24T16:17:40.792+0000] {dag.py:2705} INFO - Sync 3 DAGs
[2024-09-24T16:17:40.805+0000] {logging_mixin.py:137} INFO - [2024-09-24T16:17:40.805+0000] {dag.py:3452} INFO - Setting next_dagrun for example_branch_datetime_operator to 2024-09-23T00:00:00+00:00, run_after=2024-09-24T00:00:00+00:00
[2024-09-24T16:17:40.807+0000] {logging_mixin.py:137} INFO - [2024-09-24T16:17:40.807+0000] {dag.py:3452} INFO - Setting next_dagrun for example_branch_datetime_operator_2 to 2024-09-23T00:00:00+00:00, run_after=2024-09-24T00:00:00+00:00
[2024-09-24T16:17:40.808+0000] {logging_mixin.py:137} INFO - [2024-09-24T16:17:40.808+0000] {dag.py:3452} INFO - Setting next_dagrun for example_branch_datetime_operator_3 to 2024-09-23T00:00:00+00:00, run_after=2024-09-24T00:00:00+00:00
[2024-09-24T16:17:40.815+0000] {processor.py:175} INFO - Processing /usr/local/lib/python3.9/site-packages/airflow/example_dags/example_branch_datetime_operator.py took 0.109 seconds
[2024-09-24T16:18:11.374+0000] {processor.py:153} INFO - Started process (PID=2505) to work on /usr/local/lib/python3.9/site-packages/airflow/example_dags/example_branch_datetime_operator.py
[2024-09-24T16:18:11.374+0000] {processor.py:743} INFO - Processing file /usr/local/lib/python3.9/site-packages/airflow/example_dags/example_branch_datetime_operator.py for tasks to queue
[2024-09-24T16:18:11.374+0000] {logging_mixin.py:137} INFO - [2024-09-24T16:18:11.374+0000] {dagbag.py:532} INFO - Filling up the DagBag from /usr/local/lib/python3.9/site-packages/airflow/example_dags/example_branch_datetime_operator.py
[2024-09-24T16:18:11.454+0000] {processor.py:753} INFO - DAG(s) dict_keys(['example_branch_datetime_operator', 'example_branch_datetime_operator_2', 'example_branch_datetime_operator_3']) retrieved from /usr/local/lib/python3.9/site-packages/airflow/example_dags/example_branch_datetime_operator.py
[2024-09-24T16:18:11.481+0000] {logging_mixin.py:137} INFO - [2024-09-24T16:18:11.480+0000] {dag.py:2705} INFO - Sync 3 DAGs
[2024-09-24T16:18:11.492+0000] {logging_mixin.py:137} INFO - [2024-09-24T16:18:11.491+0000] {dag.py:3452} INFO - Setting next_dagrun for example_branch_datetime_operator to 2024-09-23T00:00:00+00:00, run_after=2024-09-24T00:00:00+00:00
[2024-09-24T16:18:11.494+0000] {logging_mixin.py:137} INFO - [2024-09-24T16:18:11.494+0000] {dag.py:3452} INFO - Setting next_dagrun for example_branch_datetime_operator_2 to 2024-09-23T00:00:00+00:00, run_after=2024-09-24T00:00:00+00:00
[2024-09-24T16:18:11.495+0000] {logging_mixin.py:137} INFO - [2024-09-24T16:18:11.495+0000] {dag.py:3452} INFO - Setting next_dagrun for example_branch_datetime_operator_3 to 2024-09-23T00:00:00+00:00, run_after=2024-09-24T00:00:00+00:00
[2024-09-24T16:18:11.502+0000] {processor.py:175} INFO - Processing /usr/local/lib/python3.9/site-packages/airflow/example_dags/example_branch_datetime_operator.py took 0.129 seconds
[2024-09-24T17:55:52.388+0000] {processor.py:153} INFO - Started process (PID=392) to work on /usr/local/lib/python3.9/site-packages/airflow/example_dags/example_branch_datetime_operator.py
[2024-09-24T17:55:52.389+0000] {processor.py:743} INFO - Processing file /usr/local/lib/python3.9/site-packages/airflow/example_dags/example_branch_datetime_operator.py for tasks to queue
[2024-09-24T17:55:52.389+0000] {logging_mixin.py:137} INFO - [2024-09-24T17:55:52.389+0000] {dagbag.py:532} INFO - Filling up the DagBag from /usr/local/lib/python3.9/site-packages/airflow/example_dags/example_branch_datetime_operator.py
[2024-09-24T17:55:52.399+0000] {processor.py:753} INFO - DAG(s) dict_keys(['example_branch_datetime_operator', 'example_branch_datetime_operator_2', 'example_branch_datetime_operator_3']) retrieved from /usr/local/lib/python3.9/site-packages/airflow/example_dags/example_branch_datetime_operator.py
[2024-09-24T17:55:52.407+0000] {logging_mixin.py:137} INFO - [2024-09-24T17:55:52.407+0000] {dag.py:2705} INFO - Sync 3 DAGs
[2024-09-24T17:55:52.421+0000] {logging_mixin.py:137} INFO - [2024-09-24T17:55:52.420+0000] {dag.py:3452} INFO - Setting next_dagrun for example_branch_datetime_operator to 2024-09-23T00:00:00+00:00, run_after=2024-09-24T00:00:00+00:00
[2024-09-24T17:55:52.423+0000] {logging_mixin.py:137} INFO - [2024-09-24T17:55:52.423+0000] {dag.py:3452} INFO - Setting next_dagrun for example_branch_datetime_operator_2 to 2024-09-23T00:00:00+00:00, run_after=2024-09-24T00:00:00+00:00
[2024-09-24T17:55:52.424+0000] {logging_mixin.py:137} INFO - [2024-09-24T17:55:52.424+0000] {dag.py:3452} INFO - Setting next_dagrun for example_branch_datetime_operator_3 to 2024-09-23T00:00:00+00:00, run_after=2024-09-24T00:00:00+00:00
[2024-09-24T17:55:52.433+0000] {processor.py:175} INFO - Processing /usr/local/lib/python3.9/site-packages/airflow/example_dags/example_branch_datetime_operator.py took 0.049 seconds
[2024-09-24T17:56:27.559+0000] {processor.py:153} INFO - Started process (PID=605) to work on /usr/local/lib/python3.9/site-packages/airflow/example_dags/example_branch_datetime_operator.py
[2024-09-24T17:56:27.562+0000] {processor.py:743} INFO - Processing file /usr/local/lib/python3.9/site-packages/airflow/example_dags/example_branch_datetime_operator.py for tasks to queue
[2024-09-24T17:56:27.570+0000] {logging_mixin.py:137} INFO - [2024-09-24T17:56:27.569+0000] {dagbag.py:532} INFO - Filling up the DagBag from /usr/local/lib/python3.9/site-packages/airflow/example_dags/example_branch_datetime_operator.py
[2024-09-24T17:56:27.589+0000] {processor.py:753} INFO - DAG(s) dict_keys(['example_branch_datetime_operator_3', 'example_branch_datetime_operator_2', 'example_branch_datetime_operator']) retrieved from /usr/local/lib/python3.9/site-packages/airflow/example_dags/example_branch_datetime_operator.py
[2024-09-24T17:56:27.645+0000] {logging_mixin.py:137} INFO - [2024-09-24T17:56:27.644+0000] {dag.py:2705} INFO - Sync 3 DAGs
[2024-09-24T17:56:27.687+0000] {logging_mixin.py:137} INFO - [2024-09-24T17:56:27.687+0000] {dag.py:3452} INFO - Setting next_dagrun for example_branch_datetime_operator to 2024-09-23T00:00:00+00:00, run_after=2024-09-24T00:00:00+00:00
[2024-09-24T17:56:27.696+0000] {logging_mixin.py:137} INFO - [2024-09-24T17:56:27.696+0000] {dag.py:3452} INFO - Setting next_dagrun for example_branch_datetime_operator_2 to 2024-09-23T00:00:00+00:00, run_after=2024-09-24T00:00:00+00:00
[2024-09-24T17:56:27.717+0000] {logging_mixin.py:137} INFO - [2024-09-24T17:56:27.716+0000] {dag.py:3452} INFO - Setting next_dagrun for example_branch_datetime_operator_3 to 2024-09-23T00:00:00+00:00, run_after=2024-09-24T00:00:00+00:00
[2024-09-24T17:56:27.763+0000] {processor.py:175} INFO - Processing /usr/local/lib/python3.9/site-packages/airflow/example_dags/example_branch_datetime_operator.py took 0.206 seconds
[2024-09-24T18:44:48.140+0000] {processor.py:153} INFO - Started process (PID=399) to work on /usr/local/lib/python3.9/site-packages/airflow/example_dags/example_branch_datetime_operator.py
[2024-09-24T18:44:48.141+0000] {processor.py:743} INFO - Processing file /usr/local/lib/python3.9/site-packages/airflow/example_dags/example_branch_datetime_operator.py for tasks to queue
[2024-09-24T18:44:48.141+0000] {logging_mixin.py:137} INFO - [2024-09-24T18:44:48.141+0000] {dagbag.py:532} INFO - Filling up the DagBag from /usr/local/lib/python3.9/site-packages/airflow/example_dags/example_branch_datetime_operator.py
[2024-09-24T18:44:48.158+0000] {processor.py:753} INFO - DAG(s) dict_keys(['example_branch_datetime_operator_2', 'example_branch_datetime_operator_3', 'example_branch_datetime_operator']) retrieved from /usr/local/lib/python3.9/site-packages/airflow/example_dags/example_branch_datetime_operator.py
[2024-09-24T18:44:48.219+0000] {logging_mixin.py:137} INFO - [2024-09-24T18:44:48.219+0000] {manager.py:504} INFO - Created Permission View: can read on DAG:example_branch_datetime_operator_2
[2024-09-24T18:44:48.228+0000] {logging_mixin.py:137} INFO - [2024-09-24T18:44:48.227+0000] {manager.py:504} INFO - Created Permission View: can edit on DAG:example_branch_datetime_operator_2
[2024-09-24T18:44:48.231+0000] {logging_mixin.py:137} INFO - [2024-09-24T18:44:48.231+0000] {manager.py:504} INFO - Created Permission View: can delete on DAG:example_branch_datetime_operator_2
[2024-09-24T18:44:48.239+0000] {logging_mixin.py:137} INFO - [2024-09-24T18:44:48.239+0000] {manager.py:504} INFO - Created Permission View: can read on DAG:example_branch_datetime_operator_3
[2024-09-24T18:44:48.245+0000] {logging_mixin.py:137} INFO - [2024-09-24T18:44:48.245+0000] {manager.py:504} INFO - Created Permission View: can edit on DAG:example_branch_datetime_operator_3
[2024-09-24T18:44:48.249+0000] {logging_mixin.py:137} INFO - [2024-09-24T18:44:48.249+0000] {manager.py:504} INFO - Created Permission View: can delete on DAG:example_branch_datetime_operator_3
[2024-09-24T18:44:48.258+0000] {logging_mixin.py:137} INFO - [2024-09-24T18:44:48.258+0000] {manager.py:504} INFO - Created Permission View: can read on DAG:example_branch_datetime_operator
[2024-09-24T18:44:48.261+0000] {logging_mixin.py:137} INFO - [2024-09-24T18:44:48.261+0000] {manager.py:504} INFO - Created Permission View: can edit on DAG:example_branch_datetime_operator
[2024-09-24T18:44:48.266+0000] {logging_mixin.py:137} INFO - [2024-09-24T18:44:48.266+0000] {manager.py:504} INFO - Created Permission View: can delete on DAG:example_branch_datetime_operator
[2024-09-24T18:44:48.266+0000] {logging_mixin.py:137} INFO - [2024-09-24T18:44:48.266+0000] {dag.py:2705} INFO - Sync 3 DAGs
[2024-09-24T18:44:48.278+0000] {logging_mixin.py:137} INFO - [2024-09-24T18:44:48.278+0000] {dag.py:2726} INFO - Creating ORM DAG for example_branch_datetime_operator_2
[2024-09-24T18:44:48.279+0000] {logging_mixin.py:137} INFO - [2024-09-24T18:44:48.279+0000] {dag.py:2726} INFO - Creating ORM DAG for example_branch_datetime_operator_3
[2024-09-24T18:44:48.279+0000] {logging_mixin.py:137} INFO - [2024-09-24T18:44:48.279+0000] {dag.py:2726} INFO - Creating ORM DAG for example_branch_datetime_operator
[2024-09-24T18:44:48.291+0000] {logging_mixin.py:137} INFO - [2024-09-24T18:44:48.291+0000] {dag.py:3452} INFO - Setting next_dagrun for example_branch_datetime_operator to 2024-09-23T00:00:00+00:00, run_after=2024-09-24T00:00:00+00:00
[2024-09-24T18:44:48.293+0000] {logging_mixin.py:137} INFO - [2024-09-24T18:44:48.293+0000] {dag.py:3452} INFO - Setting next_dagrun for example_branch_datetime_operator_2 to 2024-09-23T00:00:00+00:00, run_after=2024-09-24T00:00:00+00:00
[2024-09-24T18:44:48.294+0000] {logging_mixin.py:137} INFO - [2024-09-24T18:44:48.294+0000] {dag.py:3452} INFO - Setting next_dagrun for example_branch_datetime_operator_3 to 2024-09-23T00:00:00+00:00, run_after=2024-09-24T00:00:00+00:00
[2024-09-24T18:44:48.306+0000] {processor.py:175} INFO - Processing /usr/local/lib/python3.9/site-packages/airflow/example_dags/example_branch_datetime_operator.py took 0.167 seconds
[2024-09-24T18:45:18.906+0000] {processor.py:153} INFO - Started process (PID=610) to work on /usr/local/lib/python3.9/site-packages/airflow/example_dags/example_branch_datetime_operator.py
[2024-09-24T18:45:18.908+0000] {processor.py:743} INFO - Processing file /usr/local/lib/python3.9/site-packages/airflow/example_dags/example_branch_datetime_operator.py for tasks to queue
[2024-09-24T18:45:18.911+0000] {logging_mixin.py:137} INFO - [2024-09-24T18:45:18.911+0000] {dagbag.py:532} INFO - Filling up the DagBag from /usr/local/lib/python3.9/site-packages/airflow/example_dags/example_branch_datetime_operator.py
[2024-09-24T18:45:18.920+0000] {processor.py:753} INFO - DAG(s) dict_keys(['example_branch_datetime_operator_2', 'example_branch_datetime_operator_3', 'example_branch_datetime_operator']) retrieved from /usr/local/lib/python3.9/site-packages/airflow/example_dags/example_branch_datetime_operator.py
[2024-09-24T18:45:18.936+0000] {logging_mixin.py:137} INFO - [2024-09-24T18:45:18.936+0000] {dag.py:2705} INFO - Sync 3 DAGs
[2024-09-24T18:45:18.949+0000] {logging_mixin.py:137} INFO - [2024-09-24T18:45:18.949+0000] {dag.py:3452} INFO - Setting next_dagrun for example_branch_datetime_operator to 2024-09-23T00:00:00+00:00, run_after=2024-09-24T00:00:00+00:00
[2024-09-24T18:45:18.955+0000] {logging_mixin.py:137} INFO - [2024-09-24T18:45:18.955+0000] {dag.py:3452} INFO - Setting next_dagrun for example_branch_datetime_operator_2 to 2024-09-23T00:00:00+00:00, run_after=2024-09-24T00:00:00+00:00
[2024-09-24T18:45:18.958+0000] {logging_mixin.py:137} INFO - [2024-09-24T18:45:18.958+0000] {dag.py:3452} INFO - Setting next_dagrun for example_branch_datetime_operator_3 to 2024-09-23T00:00:00+00:00, run_after=2024-09-24T00:00:00+00:00
[2024-09-24T18:45:18.970+0000] {processor.py:175} INFO - Processing /usr/local/lib/python3.9/site-packages/airflow/example_dags/example_branch_datetime_operator.py took 0.065 seconds
[2024-09-24T18:45:50.791+0000] {processor.py:153} INFO - Started process (PID=823) to work on /usr/local/lib/python3.9/site-packages/airflow/example_dags/example_branch_datetime_operator.py
[2024-09-24T18:45:50.792+0000] {processor.py:743} INFO - Processing file /usr/local/lib/python3.9/site-packages/airflow/example_dags/example_branch_datetime_operator.py for tasks to queue
[2024-09-24T18:45:50.793+0000] {logging_mixin.py:137} INFO - [2024-09-24T18:45:50.792+0000] {dagbag.py:532} INFO - Filling up the DagBag from /usr/local/lib/python3.9/site-packages/airflow/example_dags/example_branch_datetime_operator.py
[2024-09-24T18:45:50.804+0000] {processor.py:753} INFO - DAG(s) dict_keys(['example_branch_datetime_operator_3', 'example_branch_datetime_operator_2', 'example_branch_datetime_operator']) retrieved from /usr/local/lib/python3.9/site-packages/airflow/example_dags/example_branch_datetime_operator.py
[2024-09-24T18:45:50.822+0000] {logging_mixin.py:137} INFO - [2024-09-24T18:45:50.822+0000] {dag.py:2705} INFO - Sync 3 DAGs
[2024-09-24T18:45:50.833+0000] {logging_mixin.py:137} INFO - [2024-09-24T18:45:50.833+0000] {dag.py:3452} INFO - Setting next_dagrun for example_branch_datetime_operator to 2024-09-23T00:00:00+00:00, run_after=2024-09-24T00:00:00+00:00
[2024-09-24T18:45:50.835+0000] {logging_mixin.py:137} INFO - [2024-09-24T18:45:50.835+0000] {dag.py:3452} INFO - Setting next_dagrun for example_branch_datetime_operator_2 to 2024-09-23T00:00:00+00:00, run_after=2024-09-24T00:00:00+00:00
[2024-09-24T18:45:50.836+0000] {logging_mixin.py:137} INFO - [2024-09-24T18:45:50.836+0000] {dag.py:3452} INFO - Setting next_dagrun for example_branch_datetime_operator_3 to 2024-09-23T00:00:00+00:00, run_after=2024-09-24T00:00:00+00:00
[2024-09-24T18:45:50.843+0000] {processor.py:175} INFO - Processing /usr/local/lib/python3.9/site-packages/airflow/example_dags/example_branch_datetime_operator.py took 0.054 seconds
[2024-09-24T18:46:21.457+0000] {processor.py:153} INFO - Started process (PID=1032) to work on /usr/local/lib/python3.9/site-packages/airflow/example_dags/example_branch_datetime_operator.py
[2024-09-24T18:46:21.458+0000] {processor.py:743} INFO - Processing file /usr/local/lib/python3.9/site-packages/airflow/example_dags/example_branch_datetime_operator.py for tasks to queue
[2024-09-24T18:46:21.459+0000] {logging_mixin.py:137} INFO - [2024-09-24T18:46:21.459+0000] {dagbag.py:532} INFO - Filling up the DagBag from /usr/local/lib/python3.9/site-packages/airflow/example_dags/example_branch_datetime_operator.py
[2024-09-24T18:46:21.467+0000] {processor.py:753} INFO - DAG(s) dict_keys(['example_branch_datetime_operator_2', 'example_branch_datetime_operator', 'example_branch_datetime_operator_3']) retrieved from /usr/local/lib/python3.9/site-packages/airflow/example_dags/example_branch_datetime_operator.py
[2024-09-24T18:46:21.481+0000] {logging_mixin.py:137} INFO - [2024-09-24T18:46:21.480+0000] {dag.py:2705} INFO - Sync 3 DAGs
[2024-09-24T18:46:21.492+0000] {logging_mixin.py:137} INFO - [2024-09-24T18:46:21.492+0000] {dag.py:3452} INFO - Setting next_dagrun for example_branch_datetime_operator to 2024-09-23T00:00:00+00:00, run_after=2024-09-24T00:00:00+00:00
[2024-09-24T18:46:21.495+0000] {logging_mixin.py:137} INFO - [2024-09-24T18:46:21.495+0000] {dag.py:3452} INFO - Setting next_dagrun for example_branch_datetime_operator_2 to 2024-09-23T00:00:00+00:00, run_after=2024-09-24T00:00:00+00:00
[2024-09-24T18:46:21.499+0000] {logging_mixin.py:137} INFO - [2024-09-24T18:46:21.499+0000] {dag.py:3452} INFO - Setting next_dagrun for example_branch_datetime_operator_3 to 2024-09-23T00:00:00+00:00, run_after=2024-09-24T00:00:00+00:00
[2024-09-24T18:46:21.516+0000] {processor.py:175} INFO - Processing /usr/local/lib/python3.9/site-packages/airflow/example_dags/example_branch_datetime_operator.py took 0.061 seconds
[2024-09-24T18:47:04.734+0000] {processor.py:153} INFO - Started process (PID=1243) to work on /usr/local/lib/python3.9/site-packages/airflow/example_dags/example_branch_datetime_operator.py
[2024-09-24T18:47:04.738+0000] {processor.py:743} INFO - Processing file /usr/local/lib/python3.9/site-packages/airflow/example_dags/example_branch_datetime_operator.py for tasks to queue
[2024-09-24T18:47:05.927+0000] {logging_mixin.py:137} INFO - [2024-09-24T18:47:05.927+0000] {dagbag.py:532} INFO - Filling up the DagBag from /usr/local/lib/python3.9/site-packages/airflow/example_dags/example_branch_datetime_operator.py
[2024-09-24T18:47:05.949+0000] {processor.py:753} INFO - DAG(s) dict_keys(['example_branch_datetime_operator_3', 'example_branch_datetime_operator', 'example_branch_datetime_operator_2']) retrieved from /usr/local/lib/python3.9/site-packages/airflow/example_dags/example_branch_datetime_operator.py
[2024-09-24T18:47:05.997+0000] {logging_mixin.py:137} INFO - [2024-09-24T18:47:05.997+0000] {dag.py:2705} INFO - Sync 3 DAGs
[2024-09-24T18:47:06.026+0000] {logging_mixin.py:137} INFO - [2024-09-24T18:47:06.026+0000] {dag.py:3452} INFO - Setting next_dagrun for example_branch_datetime_operator to 2024-09-23T00:00:00+00:00, run_after=2024-09-24T00:00:00+00:00
[2024-09-24T18:47:06.030+0000] {logging_mixin.py:137} INFO - [2024-09-24T18:47:06.029+0000] {dag.py:3452} INFO - Setting next_dagrun for example_branch_datetime_operator_2 to 2024-09-23T00:00:00+00:00, run_after=2024-09-24T00:00:00+00:00
[2024-09-24T18:47:06.033+0000] {logging_mixin.py:137} INFO - [2024-09-24T18:47:06.033+0000] {dag.py:3452} INFO - Setting next_dagrun for example_branch_datetime_operator_3 to 2024-09-23T00:00:00+00:00, run_after=2024-09-24T00:00:00+00:00
[2024-09-24T18:47:06.047+0000] {processor.py:175} INFO - Processing /usr/local/lib/python3.9/site-packages/airflow/example_dags/example_branch_datetime_operator.py took 1.316 seconds
[2024-09-24T18:47:39.288+0000] {processor.py:153} INFO - Started process (PID=1454) to work on /usr/local/lib/python3.9/site-packages/airflow/example_dags/example_branch_datetime_operator.py
[2024-09-24T18:47:39.289+0000] {processor.py:743} INFO - Processing file /usr/local/lib/python3.9/site-packages/airflow/example_dags/example_branch_datetime_operator.py for tasks to queue
[2024-09-24T18:47:39.289+0000] {logging_mixin.py:137} INFO - [2024-09-24T18:47:39.289+0000] {dagbag.py:532} INFO - Filling up the DagBag from /usr/local/lib/python3.9/site-packages/airflow/example_dags/example_branch_datetime_operator.py
[2024-09-24T18:47:39.302+0000] {processor.py:753} INFO - DAG(s) dict_keys(['example_branch_datetime_operator_2', 'example_branch_datetime_operator_3', 'example_branch_datetime_operator']) retrieved from /usr/local/lib/python3.9/site-packages/airflow/example_dags/example_branch_datetime_operator.py
[2024-09-24T18:47:39.319+0000] {logging_mixin.py:137} INFO - [2024-09-24T18:47:39.319+0000] {dag.py:2705} INFO - Sync 3 DAGs
[2024-09-24T18:47:39.329+0000] {logging_mixin.py:137} INFO - [2024-09-24T18:47:39.329+0000] {dag.py:3452} INFO - Setting next_dagrun for example_branch_datetime_operator to 2024-09-23T00:00:00+00:00, run_after=2024-09-24T00:00:00+00:00
[2024-09-24T18:47:39.332+0000] {logging_mixin.py:137} INFO - [2024-09-24T18:47:39.332+0000] {dag.py:3452} INFO - Setting next_dagrun for example_branch_datetime_operator_2 to 2024-09-23T00:00:00+00:00, run_after=2024-09-24T00:00:00+00:00
[2024-09-24T18:47:39.335+0000] {logging_mixin.py:137} INFO - [2024-09-24T18:47:39.335+0000] {dag.py:3452} INFO - Setting next_dagrun for example_branch_datetime_operator_3 to 2024-09-23T00:00:00+00:00, run_after=2024-09-24T00:00:00+00:00
[2024-09-24T18:47:39.342+0000] {processor.py:175} INFO - Processing /usr/local/lib/python3.9/site-packages/airflow/example_dags/example_branch_datetime_operator.py took 0.056 seconds
[2024-09-24T18:48:11.206+0000] {processor.py:153} INFO - Started process (PID=1665) to work on /usr/local/lib/python3.9/site-packages/airflow/example_dags/example_branch_datetime_operator.py
[2024-09-24T18:48:11.224+0000] {processor.py:743} INFO - Processing file /usr/local/lib/python3.9/site-packages/airflow/example_dags/example_branch_datetime_operator.py for tasks to queue
[2024-09-24T18:48:11.228+0000] {logging_mixin.py:137} INFO - [2024-09-24T18:48:11.228+0000] {dagbag.py:532} INFO - Filling up the DagBag from /usr/local/lib/python3.9/site-packages/airflow/example_dags/example_branch_datetime_operator.py
[2024-09-24T18:48:11.256+0000] {processor.py:753} INFO - DAG(s) dict_keys(['example_branch_datetime_operator_2', 'example_branch_datetime_operator_3', 'example_branch_datetime_operator']) retrieved from /usr/local/lib/python3.9/site-packages/airflow/example_dags/example_branch_datetime_operator.py
[2024-09-24T18:48:11.286+0000] {logging_mixin.py:137} INFO - [2024-09-24T18:48:11.286+0000] {dag.py:2705} INFO - Sync 3 DAGs
[2024-09-24T18:48:11.296+0000] {logging_mixin.py:137} INFO - [2024-09-24T18:48:11.296+0000] {dag.py:3452} INFO - Setting next_dagrun for example_branch_datetime_operator to 2024-09-23T00:00:00+00:00, run_after=2024-09-24T00:00:00+00:00
[2024-09-24T18:48:11.298+0000] {logging_mixin.py:137} INFO - [2024-09-24T18:48:11.298+0000] {dag.py:3452} INFO - Setting next_dagrun for example_branch_datetime_operator_2 to 2024-09-23T00:00:00+00:00, run_after=2024-09-24T00:00:00+00:00
[2024-09-24T18:48:11.299+0000] {logging_mixin.py:137} INFO - [2024-09-24T18:48:11.299+0000] {dag.py:3452} INFO - Setting next_dagrun for example_branch_datetime_operator_3 to 2024-09-23T00:00:00+00:00, run_after=2024-09-24T00:00:00+00:00
[2024-09-24T18:48:11.305+0000] {processor.py:175} INFO - Processing /usr/local/lib/python3.9/site-packages/airflow/example_dags/example_branch_datetime_operator.py took 0.104 seconds
[2024-09-24T18:48:42.150+0000] {processor.py:153} INFO - Started process (PID=1876) to work on /usr/local/lib/python3.9/site-packages/airflow/example_dags/example_branch_datetime_operator.py
[2024-09-24T18:48:42.154+0000] {processor.py:743} INFO - Processing file /usr/local/lib/python3.9/site-packages/airflow/example_dags/example_branch_datetime_operator.py for tasks to queue
[2024-09-24T18:48:42.154+0000] {logging_mixin.py:137} INFO - [2024-09-24T18:48:42.154+0000] {dagbag.py:532} INFO - Filling up the DagBag from /usr/local/lib/python3.9/site-packages/airflow/example_dags/example_branch_datetime_operator.py
[2024-09-24T18:48:42.169+0000] {processor.py:753} INFO - DAG(s) dict_keys(['example_branch_datetime_operator_2', 'example_branch_datetime_operator', 'example_branch_datetime_operator_3']) retrieved from /usr/local/lib/python3.9/site-packages/airflow/example_dags/example_branch_datetime_operator.py
[2024-09-24T18:48:42.198+0000] {logging_mixin.py:137} INFO - [2024-09-24T18:48:42.198+0000] {dag.py:2705} INFO - Sync 3 DAGs
[2024-09-24T18:48:42.210+0000] {logging_mixin.py:137} INFO - [2024-09-24T18:48:42.210+0000] {dag.py:3452} INFO - Setting next_dagrun for example_branch_datetime_operator to 2024-09-23T00:00:00+00:00, run_after=2024-09-24T00:00:00+00:00
[2024-09-24T18:48:42.212+0000] {logging_mixin.py:137} INFO - [2024-09-24T18:48:42.212+0000] {dag.py:3452} INFO - Setting next_dagrun for example_branch_datetime_operator_2 to 2024-09-23T00:00:00+00:00, run_after=2024-09-24T00:00:00+00:00
[2024-09-24T18:48:42.214+0000] {logging_mixin.py:137} INFO - [2024-09-24T18:48:42.214+0000] {dag.py:3452} INFO - Setting next_dagrun for example_branch_datetime_operator_3 to 2024-09-23T00:00:00+00:00, run_after=2024-09-24T00:00:00+00:00
[2024-09-24T18:48:42.283+0000] {processor.py:175} INFO - Processing /usr/local/lib/python3.9/site-packages/airflow/example_dags/example_branch_datetime_operator.py took 0.134 seconds
[2024-09-24T18:49:12.573+0000] {processor.py:153} INFO - Started process (PID=2087) to work on /usr/local/lib/python3.9/site-packages/airflow/example_dags/example_branch_datetime_operator.py
[2024-09-24T18:49:12.578+0000] {processor.py:743} INFO - Processing file /usr/local/lib/python3.9/site-packages/airflow/example_dags/example_branch_datetime_operator.py for tasks to queue
[2024-09-24T18:49:12.583+0000] {logging_mixin.py:137} INFO - [2024-09-24T18:49:12.583+0000] {dagbag.py:532} INFO - Filling up the DagBag from /usr/local/lib/python3.9/site-packages/airflow/example_dags/example_branch_datetime_operator.py
[2024-09-24T18:49:12.598+0000] {processor.py:753} INFO - DAG(s) dict_keys(['example_branch_datetime_operator_2', 'example_branch_datetime_operator', 'example_branch_datetime_operator_3']) retrieved from /usr/local/lib/python3.9/site-packages/airflow/example_dags/example_branch_datetime_operator.py
[2024-09-24T18:49:12.619+0000] {logging_mixin.py:137} INFO - [2024-09-24T18:49:12.619+0000] {dag.py:2705} INFO - Sync 3 DAGs
[2024-09-24T18:49:12.684+0000] {logging_mixin.py:137} INFO - [2024-09-24T18:49:12.684+0000] {dag.py:3452} INFO - Setting next_dagrun for example_branch_datetime_operator to 2024-09-23T00:00:00+00:00, run_after=2024-09-24T00:00:00+00:00
[2024-09-24T18:49:12.686+0000] {logging_mixin.py:137} INFO - [2024-09-24T18:49:12.686+0000] {dag.py:3452} INFO - Setting next_dagrun for example_branch_datetime_operator_2 to 2024-09-23T00:00:00+00:00, run_after=2024-09-24T00:00:00+00:00
[2024-09-24T18:49:12.687+0000] {logging_mixin.py:137} INFO - [2024-09-24T18:49:12.687+0000] {dag.py:3452} INFO - Setting next_dagrun for example_branch_datetime_operator_3 to 2024-09-23T00:00:00+00:00, run_after=2024-09-24T00:00:00+00:00
[2024-09-24T18:49:12.694+0000] {processor.py:175} INFO - Processing /usr/local/lib/python3.9/site-packages/airflow/example_dags/example_branch_datetime_operator.py took 0.124 seconds
[2024-09-24T18:49:42.778+0000] {processor.py:153} INFO - Started process (PID=2298) to work on /usr/local/lib/python3.9/site-packages/airflow/example_dags/example_branch_datetime_operator.py
[2024-09-24T18:49:42.782+0000] {processor.py:743} INFO - Processing file /usr/local/lib/python3.9/site-packages/airflow/example_dags/example_branch_datetime_operator.py for tasks to queue
[2024-09-24T18:49:42.783+0000] {logging_mixin.py:137} INFO - [2024-09-24T18:49:42.783+0000] {dagbag.py:532} INFO - Filling up the DagBag from /usr/local/lib/python3.9/site-packages/airflow/example_dags/example_branch_datetime_operator.py
[2024-09-24T18:49:42.791+0000] {processor.py:753} INFO - DAG(s) dict_keys(['example_branch_datetime_operator_3', 'example_branch_datetime_operator_2', 'example_branch_datetime_operator']) retrieved from /usr/local/lib/python3.9/site-packages/airflow/example_dags/example_branch_datetime_operator.py
[2024-09-24T18:49:42.856+0000] {logging_mixin.py:137} INFO - [2024-09-24T18:49:42.856+0000] {dag.py:2705} INFO - Sync 3 DAGs
[2024-09-24T18:49:42.865+0000] {logging_mixin.py:137} INFO - [2024-09-24T18:49:42.865+0000] {dag.py:3452} INFO - Setting next_dagrun for example_branch_datetime_operator to 2024-09-23T00:00:00+00:00, run_after=2024-09-24T00:00:00+00:00
[2024-09-24T18:49:42.870+0000] {logging_mixin.py:137} INFO - [2024-09-24T18:49:42.870+0000] {dag.py:3452} INFO - Setting next_dagrun for example_branch_datetime_operator_2 to 2024-09-23T00:00:00+00:00, run_after=2024-09-24T00:00:00+00:00
[2024-09-24T18:49:42.871+0000] {logging_mixin.py:137} INFO - [2024-09-24T18:49:42.871+0000] {dag.py:3452} INFO - Setting next_dagrun for example_branch_datetime_operator_3 to 2024-09-23T00:00:00+00:00, run_after=2024-09-24T00:00:00+00:00
[2024-09-24T18:49:42.876+0000] {processor.py:175} INFO - Processing /usr/local/lib/python3.9/site-packages/airflow/example_dags/example_branch_datetime_operator.py took 0.100 seconds
[2024-09-24T18:50:13.125+0000] {processor.py:153} INFO - Started process (PID=2509) to work on /usr/local/lib/python3.9/site-packages/airflow/example_dags/example_branch_datetime_operator.py
[2024-09-24T18:50:13.125+0000] {processor.py:743} INFO - Processing file /usr/local/lib/python3.9/site-packages/airflow/example_dags/example_branch_datetime_operator.py for tasks to queue
[2024-09-24T18:50:13.126+0000] {logging_mixin.py:137} INFO - [2024-09-24T18:50:13.125+0000] {dagbag.py:532} INFO - Filling up the DagBag from /usr/local/lib/python3.9/site-packages/airflow/example_dags/example_branch_datetime_operator.py
[2024-09-24T18:50:13.133+0000] {processor.py:753} INFO - DAG(s) dict_keys(['example_branch_datetime_operator_2', 'example_branch_datetime_operator', 'example_branch_datetime_operator_3']) retrieved from /usr/local/lib/python3.9/site-packages/airflow/example_dags/example_branch_datetime_operator.py
[2024-09-24T18:50:13.147+0000] {logging_mixin.py:137} INFO - [2024-09-24T18:50:13.147+0000] {dag.py:2705} INFO - Sync 3 DAGs
[2024-09-24T18:50:13.156+0000] {logging_mixin.py:137} INFO - [2024-09-24T18:50:13.156+0000] {dag.py:3452} INFO - Setting next_dagrun for example_branch_datetime_operator to 2024-09-23T00:00:00+00:00, run_after=2024-09-24T00:00:00+00:00
[2024-09-24T18:50:13.158+0000] {logging_mixin.py:137} INFO - [2024-09-24T18:50:13.158+0000] {dag.py:3452} INFO - Setting next_dagrun for example_branch_datetime_operator_2 to 2024-09-23T00:00:00+00:00, run_after=2024-09-24T00:00:00+00:00
[2024-09-24T18:50:13.160+0000] {logging_mixin.py:137} INFO - [2024-09-24T18:50:13.160+0000] {dag.py:3452} INFO - Setting next_dagrun for example_branch_datetime_operator_3 to 2024-09-23T00:00:00+00:00, run_after=2024-09-24T00:00:00+00:00
[2024-09-24T18:50:13.166+0000] {processor.py:175} INFO - Processing /usr/local/lib/python3.9/site-packages/airflow/example_dags/example_branch_datetime_operator.py took 0.043 seconds
[2024-09-24T18:50:43.826+0000] {processor.py:153} INFO - Started process (PID=2720) to work on /usr/local/lib/python3.9/site-packages/airflow/example_dags/example_branch_datetime_operator.py
[2024-09-24T18:50:43.830+0000] {processor.py:743} INFO - Processing file /usr/local/lib/python3.9/site-packages/airflow/example_dags/example_branch_datetime_operator.py for tasks to queue
[2024-09-24T18:50:43.830+0000] {logging_mixin.py:137} INFO - [2024-09-24T18:50:43.830+0000] {dagbag.py:532} INFO - Filling up the DagBag from /usr/local/lib/python3.9/site-packages/airflow/example_dags/example_branch_datetime_operator.py
[2024-09-24T18:50:43.838+0000] {processor.py:753} INFO - DAG(s) dict_keys(['example_branch_datetime_operator', 'example_branch_datetime_operator_2', 'example_branch_datetime_operator_3']) retrieved from /usr/local/lib/python3.9/site-packages/airflow/example_dags/example_branch_datetime_operator.py
[2024-09-24T18:50:43.851+0000] {logging_mixin.py:137} INFO - [2024-09-24T18:50:43.851+0000] {dag.py:2705} INFO - Sync 3 DAGs
[2024-09-24T18:50:43.861+0000] {logging_mixin.py:137} INFO - [2024-09-24T18:50:43.861+0000] {dag.py:3452} INFO - Setting next_dagrun for example_branch_datetime_operator to 2024-09-23T00:00:00+00:00, run_after=2024-09-24T00:00:00+00:00
[2024-09-24T18:50:43.863+0000] {logging_mixin.py:137} INFO - [2024-09-24T18:50:43.863+0000] {dag.py:3452} INFO - Setting next_dagrun for example_branch_datetime_operator_2 to 2024-09-23T00:00:00+00:00, run_after=2024-09-24T00:00:00+00:00
[2024-09-24T18:50:43.865+0000] {logging_mixin.py:137} INFO - [2024-09-24T18:50:43.865+0000] {dag.py:3452} INFO - Setting next_dagrun for example_branch_datetime_operator_3 to 2024-09-23T00:00:00+00:00, run_after=2024-09-24T00:00:00+00:00
[2024-09-24T18:50:43.871+0000] {processor.py:175} INFO - Processing /usr/local/lib/python3.9/site-packages/airflow/example_dags/example_branch_datetime_operator.py took 0.046 seconds
[2024-09-24T18:51:14.395+0000] {processor.py:153} INFO - Started process (PID=2931) to work on /usr/local/lib/python3.9/site-packages/airflow/example_dags/example_branch_datetime_operator.py
[2024-09-24T18:51:14.396+0000] {processor.py:743} INFO - Processing file /usr/local/lib/python3.9/site-packages/airflow/example_dags/example_branch_datetime_operator.py for tasks to queue
[2024-09-24T18:51:14.396+0000] {logging_mixin.py:137} INFO - [2024-09-24T18:51:14.396+0000] {dagbag.py:532} INFO - Filling up the DagBag from /usr/local/lib/python3.9/site-packages/airflow/example_dags/example_branch_datetime_operator.py
[2024-09-24T18:51:14.408+0000] {processor.py:753} INFO - DAG(s) dict_keys(['example_branch_datetime_operator', 'example_branch_datetime_operator_3', 'example_branch_datetime_operator_2']) retrieved from /usr/local/lib/python3.9/site-packages/airflow/example_dags/example_branch_datetime_operator.py
[2024-09-24T18:51:14.427+0000] {logging_mixin.py:137} INFO - [2024-09-24T18:51:14.427+0000] {dag.py:2705} INFO - Sync 3 DAGs
[2024-09-24T18:51:14.441+0000] {logging_mixin.py:137} INFO - [2024-09-24T18:51:14.441+0000] {dag.py:3452} INFO - Setting next_dagrun for example_branch_datetime_operator to 2024-09-23T00:00:00+00:00, run_after=2024-09-24T00:00:00+00:00
[2024-09-24T18:51:14.443+0000] {logging_mixin.py:137} INFO - [2024-09-24T18:51:14.443+0000] {dag.py:3452} INFO - Setting next_dagrun for example_branch_datetime_operator_2 to 2024-09-23T00:00:00+00:00, run_after=2024-09-24T00:00:00+00:00
[2024-09-24T18:51:14.444+0000] {logging_mixin.py:137} INFO - [2024-09-24T18:51:14.444+0000] {dag.py:3452} INFO - Setting next_dagrun for example_branch_datetime_operator_3 to 2024-09-23T00:00:00+00:00, run_after=2024-09-24T00:00:00+00:00
[2024-09-24T18:51:14.450+0000] {processor.py:175} INFO - Processing /usr/local/lib/python3.9/site-packages/airflow/example_dags/example_branch_datetime_operator.py took 0.057 seconds
[2024-09-24T18:51:45.283+0000] {processor.py:153} INFO - Started process (PID=3142) to work on /usr/local/lib/python3.9/site-packages/airflow/example_dags/example_branch_datetime_operator.py
[2024-09-24T18:51:45.285+0000] {processor.py:743} INFO - Processing file /usr/local/lib/python3.9/site-packages/airflow/example_dags/example_branch_datetime_operator.py for tasks to queue
[2024-09-24T18:51:45.285+0000] {logging_mixin.py:137} INFO - [2024-09-24T18:51:45.285+0000] {dagbag.py:532} INFO - Filling up the DagBag from /usr/local/lib/python3.9/site-packages/airflow/example_dags/example_branch_datetime_operator.py
[2024-09-24T18:51:45.294+0000] {processor.py:753} INFO - DAG(s) dict_keys(['example_branch_datetime_operator', 'example_branch_datetime_operator_2', 'example_branch_datetime_operator_3']) retrieved from /usr/local/lib/python3.9/site-packages/airflow/example_dags/example_branch_datetime_operator.py
[2024-09-24T18:51:45.310+0000] {logging_mixin.py:137} INFO - [2024-09-24T18:51:45.310+0000] {dag.py:2705} INFO - Sync 3 DAGs
[2024-09-24T18:51:45.322+0000] {logging_mixin.py:137} INFO - [2024-09-24T18:51:45.322+0000] {dag.py:3452} INFO - Setting next_dagrun for example_branch_datetime_operator to 2024-09-23T00:00:00+00:00, run_after=2024-09-24T00:00:00+00:00
[2024-09-24T18:51:45.324+0000] {logging_mixin.py:137} INFO - [2024-09-24T18:51:45.324+0000] {dag.py:3452} INFO - Setting next_dagrun for example_branch_datetime_operator_2 to 2024-09-23T00:00:00+00:00, run_after=2024-09-24T00:00:00+00:00
[2024-09-24T18:51:45.328+0000] {logging_mixin.py:137} INFO - [2024-09-24T18:51:45.328+0000] {dag.py:3452} INFO - Setting next_dagrun for example_branch_datetime_operator_3 to 2024-09-23T00:00:00+00:00, run_after=2024-09-24T00:00:00+00:00
[2024-09-24T18:51:45.337+0000] {processor.py:175} INFO - Processing /usr/local/lib/python3.9/site-packages/airflow/example_dags/example_branch_datetime_operator.py took 0.055 seconds
[2024-09-24T18:52:16.153+0000] {processor.py:153} INFO - Started process (PID=3353) to work on /usr/local/lib/python3.9/site-packages/airflow/example_dags/example_branch_datetime_operator.py
[2024-09-24T18:52:16.154+0000] {processor.py:743} INFO - Processing file /usr/local/lib/python3.9/site-packages/airflow/example_dags/example_branch_datetime_operator.py for tasks to queue
[2024-09-24T18:52:16.157+0000] {logging_mixin.py:137} INFO - [2024-09-24T18:52:16.157+0000] {dagbag.py:532} INFO - Filling up the DagBag from /usr/local/lib/python3.9/site-packages/airflow/example_dags/example_branch_datetime_operator.py
[2024-09-24T18:52:16.166+0000] {processor.py:753} INFO - DAG(s) dict_keys(['example_branch_datetime_operator_3', 'example_branch_datetime_operator', 'example_branch_datetime_operator_2']) retrieved from /usr/local/lib/python3.9/site-packages/airflow/example_dags/example_branch_datetime_operator.py
[2024-09-24T18:52:16.181+0000] {logging_mixin.py:137} INFO - [2024-09-24T18:52:16.181+0000] {dag.py:2705} INFO - Sync 3 DAGs
[2024-09-24T18:52:16.193+0000] {logging_mixin.py:137} INFO - [2024-09-24T18:52:16.193+0000] {dag.py:3452} INFO - Setting next_dagrun for example_branch_datetime_operator to 2024-09-23T00:00:00+00:00, run_after=2024-09-24T00:00:00+00:00
[2024-09-24T18:52:16.195+0000] {logging_mixin.py:137} INFO - [2024-09-24T18:52:16.195+0000] {dag.py:3452} INFO - Setting next_dagrun for example_branch_datetime_operator_2 to 2024-09-23T00:00:00+00:00, run_after=2024-09-24T00:00:00+00:00
[2024-09-24T18:52:16.196+0000] {logging_mixin.py:137} INFO - [2024-09-24T18:52:16.196+0000] {dag.py:3452} INFO - Setting next_dagrun for example_branch_datetime_operator_3 to 2024-09-23T00:00:00+00:00, run_after=2024-09-24T00:00:00+00:00
[2024-09-24T18:52:16.202+0000] {processor.py:175} INFO - Processing /usr/local/lib/python3.9/site-packages/airflow/example_dags/example_branch_datetime_operator.py took 0.050 seconds
[2024-09-24T18:52:47.087+0000] {processor.py:153} INFO - Started process (PID=3564) to work on /usr/local/lib/python3.9/site-packages/airflow/example_dags/example_branch_datetime_operator.py
[2024-09-24T18:52:47.088+0000] {processor.py:743} INFO - Processing file /usr/local/lib/python3.9/site-packages/airflow/example_dags/example_branch_datetime_operator.py for tasks to queue
[2024-09-24T18:52:47.089+0000] {logging_mixin.py:137} INFO - [2024-09-24T18:52:47.089+0000] {dagbag.py:532} INFO - Filling up the DagBag from /usr/local/lib/python3.9/site-packages/airflow/example_dags/example_branch_datetime_operator.py
[2024-09-24T18:52:47.097+0000] {processor.py:753} INFO - DAG(s) dict_keys(['example_branch_datetime_operator', 'example_branch_datetime_operator_2', 'example_branch_datetime_operator_3']) retrieved from /usr/local/lib/python3.9/site-packages/airflow/example_dags/example_branch_datetime_operator.py
[2024-09-24T18:52:47.112+0000] {logging_mixin.py:137} INFO - [2024-09-24T18:52:47.112+0000] {dag.py:2705} INFO - Sync 3 DAGs
[2024-09-24T18:52:47.123+0000] {logging_mixin.py:137} INFO - [2024-09-24T18:52:47.123+0000] {dag.py:3452} INFO - Setting next_dagrun for example_branch_datetime_operator to 2024-09-23T00:00:00+00:00, run_after=2024-09-24T00:00:00+00:00
[2024-09-24T18:52:47.125+0000] {logging_mixin.py:137} INFO - [2024-09-24T18:52:47.125+0000] {dag.py:3452} INFO - Setting next_dagrun for example_branch_datetime_operator_2 to 2024-09-23T00:00:00+00:00, run_after=2024-09-24T00:00:00+00:00
[2024-09-24T18:52:47.126+0000] {logging_mixin.py:137} INFO - [2024-09-24T18:52:47.126+0000] {dag.py:3452} INFO - Setting next_dagrun for example_branch_datetime_operator_3 to 2024-09-23T00:00:00+00:00, run_after=2024-09-24T00:00:00+00:00
[2024-09-24T18:52:47.133+0000] {processor.py:175} INFO - Processing /usr/local/lib/python3.9/site-packages/airflow/example_dags/example_branch_datetime_operator.py took 0.048 seconds
[2024-09-24T18:53:18.088+0000] {processor.py:153} INFO - Started process (PID=3775) to work on /usr/local/lib/python3.9/site-packages/airflow/example_dags/example_branch_datetime_operator.py
[2024-09-24T18:53:18.090+0000] {processor.py:743} INFO - Processing file /usr/local/lib/python3.9/site-packages/airflow/example_dags/example_branch_datetime_operator.py for tasks to queue
[2024-09-24T18:53:18.090+0000] {logging_mixin.py:137} INFO - [2024-09-24T18:53:18.090+0000] {dagbag.py:532} INFO - Filling up the DagBag from /usr/local/lib/python3.9/site-packages/airflow/example_dags/example_branch_datetime_operator.py
[2024-09-24T18:53:18.105+0000] {processor.py:753} INFO - DAG(s) dict_keys(['example_branch_datetime_operator', 'example_branch_datetime_operator_2', 'example_branch_datetime_operator_3']) retrieved from /usr/local/lib/python3.9/site-packages/airflow/example_dags/example_branch_datetime_operator.py
[2024-09-24T18:53:18.123+0000] {logging_mixin.py:137} INFO - [2024-09-24T18:53:18.123+0000] {dag.py:2705} INFO - Sync 3 DAGs
[2024-09-24T18:53:18.140+0000] {logging_mixin.py:137} INFO - [2024-09-24T18:53:18.140+0000] {dag.py:3452} INFO - Setting next_dagrun for example_branch_datetime_operator to 2024-09-23T00:00:00+00:00, run_after=2024-09-24T00:00:00+00:00
[2024-09-24T18:53:18.142+0000] {logging_mixin.py:137} INFO - [2024-09-24T18:53:18.142+0000] {dag.py:3452} INFO - Setting next_dagrun for example_branch_datetime_operator_2 to 2024-09-23T00:00:00+00:00, run_after=2024-09-24T00:00:00+00:00
[2024-09-24T18:53:18.143+0000] {logging_mixin.py:137} INFO - [2024-09-24T18:53:18.143+0000] {dag.py:3452} INFO - Setting next_dagrun for example_branch_datetime_operator_3 to 2024-09-23T00:00:00+00:00, run_after=2024-09-24T00:00:00+00:00
[2024-09-24T18:53:18.150+0000] {processor.py:175} INFO - Processing /usr/local/lib/python3.9/site-packages/airflow/example_dags/example_branch_datetime_operator.py took 0.064 seconds
