[2024-09-24T15:58:44.632+0000] {processor.py:153} INFO - Started process (PID=344) to work on /usr/local/lib/python3.9/site-packages/airflow/example_dags/example_external_task_marker_dag.py
[2024-09-24T15:58:44.633+0000] {processor.py:743} INFO - Processing file /usr/local/lib/python3.9/site-packages/airflow/example_dags/example_external_task_marker_dag.py for tasks to queue
[2024-09-24T15:58:44.634+0000] {logging_mixin.py:137} INFO - [2024-09-24T15:58:44.634+0000] {dagbag.py:532} INFO - Filling up the DagBag from /usr/local/lib/python3.9/site-packages/airflow/example_dags/example_external_task_marker_dag.py
[2024-09-24T15:58:44.642+0000] {processor.py:753} INFO - DAG(s) dict_keys(['example_external_task_marker_parent', 'example_external_task_marker_child']) retrieved from /usr/local/lib/python3.9/site-packages/airflow/example_dags/example_external_task_marker_dag.py
[2024-09-24T15:58:44.691+0000] {logging_mixin.py:137} INFO - [2024-09-24T15:58:44.691+0000] {manager.py:504} INFO - Created Permission View: can delete on DAG:example_external_task_marker_parent
[2024-09-24T15:58:44.696+0000] {logging_mixin.py:137} INFO - [2024-09-24T15:58:44.696+0000] {manager.py:504} INFO - Created Permission View: can read on DAG:example_external_task_marker_parent
[2024-09-24T15:58:44.703+0000] {logging_mixin.py:137} INFO - [2024-09-24T15:58:44.703+0000] {manager.py:504} INFO - Created Permission View: can edit on DAG:example_external_task_marker_parent
[2024-09-24T15:58:44.714+0000] {logging_mixin.py:137} INFO - [2024-09-24T15:58:44.714+0000] {manager.py:504} INFO - Created Permission View: can delete on DAG:example_external_task_marker_child
[2024-09-24T15:58:44.719+0000] {logging_mixin.py:137} INFO - [2024-09-24T15:58:44.719+0000] {manager.py:504} INFO - Created Permission View: can read on DAG:example_external_task_marker_child
[2024-09-24T15:58:44.724+0000] {logging_mixin.py:137} INFO - [2024-09-24T15:58:44.724+0000] {manager.py:504} INFO - Created Permission View: can edit on DAG:example_external_task_marker_child
[2024-09-24T15:58:44.725+0000] {logging_mixin.py:137} INFO - [2024-09-24T15:58:44.725+0000] {dag.py:2705} INFO - Sync 2 DAGs
[2024-09-24T15:58:44.731+0000] {logging_mixin.py:137} INFO - [2024-09-24T15:58:44.730+0000] {dag.py:2726} INFO - Creating ORM DAG for example_external_task_marker_parent
[2024-09-24T15:58:44.732+0000] {logging_mixin.py:137} INFO - [2024-09-24T15:58:44.731+0000] {dag.py:2726} INFO - Creating ORM DAG for example_external_task_marker_child
[2024-09-24T15:58:44.738+0000] {logging_mixin.py:137} INFO - [2024-09-24T15:58:44.737+0000] {dag.py:3452} INFO - Setting next_dagrun for example_external_task_marker_child to None, run_after=None
[2024-09-24T15:58:44.738+0000] {logging_mixin.py:137} INFO - [2024-09-24T15:58:44.738+0000] {dag.py:3452} INFO - Setting next_dagrun for example_external_task_marker_parent to None, run_after=None
[2024-09-24T15:58:44.746+0000] {processor.py:175} INFO - Processing /usr/local/lib/python3.9/site-packages/airflow/example_dags/example_external_task_marker_dag.py took 0.116 seconds
[2024-09-24T15:59:15.000+0000] {processor.py:153} INFO - Started process (PID=555) to work on /usr/local/lib/python3.9/site-packages/airflow/example_dags/example_external_task_marker_dag.py
[2024-09-24T15:59:15.003+0000] {processor.py:743} INFO - Processing file /usr/local/lib/python3.9/site-packages/airflow/example_dags/example_external_task_marker_dag.py for tasks to queue
[2024-09-24T15:59:15.005+0000] {logging_mixin.py:137} INFO - [2024-09-24T15:59:15.004+0000] {dagbag.py:532} INFO - Filling up the DagBag from /usr/local/lib/python3.9/site-packages/airflow/example_dags/example_external_task_marker_dag.py
[2024-09-24T15:59:15.029+0000] {processor.py:753} INFO - DAG(s) dict_keys(['example_external_task_marker_child', 'example_external_task_marker_parent']) retrieved from /usr/local/lib/python3.9/site-packages/airflow/example_dags/example_external_task_marker_dag.py
[2024-09-24T15:59:15.118+0000] {logging_mixin.py:137} INFO - [2024-09-24T15:59:15.110+0000] {dag.py:2705} INFO - Sync 2 DAGs
[2024-09-24T15:59:15.139+0000] {logging_mixin.py:137} INFO - [2024-09-24T15:59:15.139+0000] {dag.py:3452} INFO - Setting next_dagrun for example_external_task_marker_child to None, run_after=None
[2024-09-24T15:59:15.148+0000] {logging_mixin.py:137} INFO - [2024-09-24T15:59:15.147+0000] {dag.py:3452} INFO - Setting next_dagrun for example_external_task_marker_parent to None, run_after=None
[2024-09-24T15:59:15.199+0000] {processor.py:175} INFO - Processing /usr/local/lib/python3.9/site-packages/airflow/example_dags/example_external_task_marker_dag.py took 0.201 seconds
[2024-09-24T15:59:46.361+0000] {processor.py:153} INFO - Started process (PID=766) to work on /usr/local/lib/python3.9/site-packages/airflow/example_dags/example_external_task_marker_dag.py
[2024-09-24T15:59:46.366+0000] {processor.py:743} INFO - Processing file /usr/local/lib/python3.9/site-packages/airflow/example_dags/example_external_task_marker_dag.py for tasks to queue
[2024-09-24T15:59:46.367+0000] {logging_mixin.py:137} INFO - [2024-09-24T15:59:46.367+0000] {dagbag.py:532} INFO - Filling up the DagBag from /usr/local/lib/python3.9/site-packages/airflow/example_dags/example_external_task_marker_dag.py
[2024-09-24T15:59:46.376+0000] {processor.py:753} INFO - DAG(s) dict_keys(['example_external_task_marker_child', 'example_external_task_marker_parent']) retrieved from /usr/local/lib/python3.9/site-packages/airflow/example_dags/example_external_task_marker_dag.py
[2024-09-24T15:59:46.392+0000] {logging_mixin.py:137} INFO - [2024-09-24T15:59:46.391+0000] {dag.py:2705} INFO - Sync 2 DAGs
[2024-09-24T15:59:46.401+0000] {logging_mixin.py:137} INFO - [2024-09-24T15:59:46.401+0000] {dag.py:3452} INFO - Setting next_dagrun for example_external_task_marker_child to None, run_after=None
[2024-09-24T15:59:46.403+0000] {logging_mixin.py:137} INFO - [2024-09-24T15:59:46.403+0000] {dag.py:3452} INFO - Setting next_dagrun for example_external_task_marker_parent to None, run_after=None
[2024-09-24T15:59:46.412+0000] {processor.py:175} INFO - Processing /usr/local/lib/python3.9/site-packages/airflow/example_dags/example_external_task_marker_dag.py took 0.053 seconds
[2024-09-24T16:12:38.665+0000] {processor.py:153} INFO - Started process (PID=345) to work on /usr/local/lib/python3.9/site-packages/airflow/example_dags/example_external_task_marker_dag.py
[2024-09-24T16:12:38.667+0000] {processor.py:743} INFO - Processing file /usr/local/lib/python3.9/site-packages/airflow/example_dags/example_external_task_marker_dag.py for tasks to queue
[2024-09-24T16:12:38.669+0000] {logging_mixin.py:137} INFO - [2024-09-24T16:12:38.668+0000] {dagbag.py:532} INFO - Filling up the DagBag from /usr/local/lib/python3.9/site-packages/airflow/example_dags/example_external_task_marker_dag.py
[2024-09-24T16:12:38.706+0000] {processor.py:753} INFO - DAG(s) dict_keys(['example_external_task_marker_child', 'example_external_task_marker_parent']) retrieved from /usr/local/lib/python3.9/site-packages/airflow/example_dags/example_external_task_marker_dag.py
[2024-09-24T16:12:38.786+0000] {logging_mixin.py:137} INFO - [2024-09-24T16:12:38.786+0000] {manager.py:504} INFO - Created Permission View: can read on DAG:example_external_task_marker_child
[2024-09-24T16:12:38.793+0000] {logging_mixin.py:137} INFO - [2024-09-24T16:12:38.792+0000] {manager.py:504} INFO - Created Permission View: can edit on DAG:example_external_task_marker_child
[2024-09-24T16:12:38.799+0000] {logging_mixin.py:137} INFO - [2024-09-24T16:12:38.799+0000] {manager.py:504} INFO - Created Permission View: can delete on DAG:example_external_task_marker_child
[2024-09-24T16:12:38.810+0000] {logging_mixin.py:137} INFO - [2024-09-24T16:12:38.810+0000] {manager.py:504} INFO - Created Permission View: can read on DAG:example_external_task_marker_parent
[2024-09-24T16:12:38.814+0000] {logging_mixin.py:137} INFO - [2024-09-24T16:12:38.814+0000] {manager.py:504} INFO - Created Permission View: can edit on DAG:example_external_task_marker_parent
[2024-09-24T16:12:38.817+0000] {logging_mixin.py:137} INFO - [2024-09-24T16:12:38.817+0000] {manager.py:504} INFO - Created Permission View: can delete on DAG:example_external_task_marker_parent
[2024-09-24T16:12:38.818+0000] {logging_mixin.py:137} INFO - [2024-09-24T16:12:38.818+0000] {dag.py:2705} INFO - Sync 2 DAGs
[2024-09-24T16:12:38.824+0000] {logging_mixin.py:137} INFO - [2024-09-24T16:12:38.824+0000] {dag.py:2726} INFO - Creating ORM DAG for example_external_task_marker_child
[2024-09-24T16:12:38.825+0000] {logging_mixin.py:137} INFO - [2024-09-24T16:12:38.825+0000] {dag.py:2726} INFO - Creating ORM DAG for example_external_task_marker_parent
[2024-09-24T16:12:38.833+0000] {logging_mixin.py:137} INFO - [2024-09-24T16:12:38.832+0000] {dag.py:3452} INFO - Setting next_dagrun for example_external_task_marker_child to None, run_after=None
[2024-09-24T16:12:38.833+0000] {logging_mixin.py:137} INFO - [2024-09-24T16:12:38.833+0000] {dag.py:3452} INFO - Setting next_dagrun for example_external_task_marker_parent to None, run_after=None
[2024-09-24T16:12:38.854+0000] {processor.py:175} INFO - Processing /usr/local/lib/python3.9/site-packages/airflow/example_dags/example_external_task_marker_dag.py took 0.193 seconds
[2024-09-24T16:13:22.958+0000] {processor.py:153} INFO - Started process (PID=558) to work on /usr/local/lib/python3.9/site-packages/airflow/example_dags/example_external_task_marker_dag.py
[2024-09-24T16:13:22.962+0000] {processor.py:743} INFO - Processing file /usr/local/lib/python3.9/site-packages/airflow/example_dags/example_external_task_marker_dag.py for tasks to queue
[2024-09-24T16:13:22.985+0000] {logging_mixin.py:137} INFO - [2024-09-24T16:13:22.985+0000] {dagbag.py:532} INFO - Filling up the DagBag from /usr/local/lib/python3.9/site-packages/airflow/example_dags/example_external_task_marker_dag.py
[2024-09-24T16:13:23.028+0000] {processor.py:753} INFO - DAG(s) dict_keys(['example_external_task_marker_child', 'example_external_task_marker_parent']) retrieved from /usr/local/lib/python3.9/site-packages/airflow/example_dags/example_external_task_marker_dag.py
[2024-09-24T16:13:23.091+0000] {logging_mixin.py:137} INFO - [2024-09-24T16:13:23.089+0000] {dag.py:2705} INFO - Sync 2 DAGs
[2024-09-24T16:13:23.112+0000] {logging_mixin.py:137} INFO - [2024-09-24T16:13:23.112+0000] {dag.py:3452} INFO - Setting next_dagrun for example_external_task_marker_child to None, run_after=None
[2024-09-24T16:13:23.116+0000] {logging_mixin.py:137} INFO - [2024-09-24T16:13:23.115+0000] {dag.py:3452} INFO - Setting next_dagrun for example_external_task_marker_parent to None, run_after=None
[2024-09-24T16:13:23.137+0000] {processor.py:175} INFO - Processing /usr/local/lib/python3.9/site-packages/airflow/example_dags/example_external_task_marker_dag.py took 0.185 seconds
[2024-09-24T16:13:53.446+0000] {processor.py:153} INFO - Started process (PID=767) to work on /usr/local/lib/python3.9/site-packages/airflow/example_dags/example_external_task_marker_dag.py
[2024-09-24T16:13:53.453+0000] {processor.py:743} INFO - Processing file /usr/local/lib/python3.9/site-packages/airflow/example_dags/example_external_task_marker_dag.py for tasks to queue
[2024-09-24T16:13:53.453+0000] {logging_mixin.py:137} INFO - [2024-09-24T16:13:53.453+0000] {dagbag.py:532} INFO - Filling up the DagBag from /usr/local/lib/python3.9/site-packages/airflow/example_dags/example_external_task_marker_dag.py
[2024-09-24T16:13:53.464+0000] {processor.py:753} INFO - DAG(s) dict_keys(['example_external_task_marker_parent', 'example_external_task_marker_child']) retrieved from /usr/local/lib/python3.9/site-packages/airflow/example_dags/example_external_task_marker_dag.py
[2024-09-24T16:13:53.482+0000] {logging_mixin.py:137} INFO - [2024-09-24T16:13:53.482+0000] {dag.py:2705} INFO - Sync 2 DAGs
[2024-09-24T16:13:53.499+0000] {logging_mixin.py:137} INFO - [2024-09-24T16:13:53.499+0000] {dag.py:3452} INFO - Setting next_dagrun for example_external_task_marker_child to None, run_after=None
[2024-09-24T16:13:53.503+0000] {logging_mixin.py:137} INFO - [2024-09-24T16:13:53.503+0000] {dag.py:3452} INFO - Setting next_dagrun for example_external_task_marker_parent to None, run_after=None
[2024-09-24T16:13:53.517+0000] {processor.py:175} INFO - Processing /usr/local/lib/python3.9/site-packages/airflow/example_dags/example_external_task_marker_dag.py took 0.073 seconds
[2024-09-24T16:14:25.932+0000] {processor.py:153} INFO - Started process (PID=978) to work on /usr/local/lib/python3.9/site-packages/airflow/example_dags/example_external_task_marker_dag.py
[2024-09-24T16:14:25.934+0000] {processor.py:743} INFO - Processing file /usr/local/lib/python3.9/site-packages/airflow/example_dags/example_external_task_marker_dag.py for tasks to queue
[2024-09-24T16:14:25.936+0000] {logging_mixin.py:137} INFO - [2024-09-24T16:14:25.936+0000] {dagbag.py:532} INFO - Filling up the DagBag from /usr/local/lib/python3.9/site-packages/airflow/example_dags/example_external_task_marker_dag.py
[2024-09-24T16:14:25.950+0000] {processor.py:753} INFO - DAG(s) dict_keys(['example_external_task_marker_parent', 'example_external_task_marker_child']) retrieved from /usr/local/lib/python3.9/site-packages/airflow/example_dags/example_external_task_marker_dag.py
[2024-09-24T16:14:25.995+0000] {logging_mixin.py:137} INFO - [2024-09-24T16:14:25.995+0000] {dag.py:2705} INFO - Sync 2 DAGs
[2024-09-24T16:14:26.034+0000] {logging_mixin.py:137} INFO - [2024-09-24T16:14:26.034+0000] {dag.py:3452} INFO - Setting next_dagrun for example_external_task_marker_child to None, run_after=None
[2024-09-24T16:14:26.038+0000] {logging_mixin.py:137} INFO - [2024-09-24T16:14:26.038+0000] {dag.py:3452} INFO - Setting next_dagrun for example_external_task_marker_parent to None, run_after=None
[2024-09-24T16:14:26.081+0000] {processor.py:175} INFO - Processing /usr/local/lib/python3.9/site-packages/airflow/example_dags/example_external_task_marker_dag.py took 0.153 seconds
[2024-09-24T16:15:04.948+0000] {processor.py:153} INFO - Started process (PID=1189) to work on /usr/local/lib/python3.9/site-packages/airflow/example_dags/example_external_task_marker_dag.py
[2024-09-24T16:15:04.949+0000] {processor.py:743} INFO - Processing file /usr/local/lib/python3.9/site-packages/airflow/example_dags/example_external_task_marker_dag.py for tasks to queue
[2024-09-24T16:15:04.950+0000] {logging_mixin.py:137} INFO - [2024-09-24T16:15:04.950+0000] {dagbag.py:532} INFO - Filling up the DagBag from /usr/local/lib/python3.9/site-packages/airflow/example_dags/example_external_task_marker_dag.py
[2024-09-24T16:15:04.974+0000] {processor.py:753} INFO - DAG(s) dict_keys(['example_external_task_marker_child', 'example_external_task_marker_parent']) retrieved from /usr/local/lib/python3.9/site-packages/airflow/example_dags/example_external_task_marker_dag.py
[2024-09-24T16:15:05.061+0000] {logging_mixin.py:137} INFO - [2024-09-24T16:15:05.061+0000] {dag.py:2705} INFO - Sync 2 DAGs
[2024-09-24T16:15:05.090+0000] {logging_mixin.py:137} INFO - [2024-09-24T16:15:05.090+0000] {dag.py:3452} INFO - Setting next_dagrun for example_external_task_marker_child to None, run_after=None
[2024-09-24T16:15:05.092+0000] {logging_mixin.py:137} INFO - [2024-09-24T16:15:05.092+0000] {dag.py:3452} INFO - Setting next_dagrun for example_external_task_marker_parent to None, run_after=None
[2024-09-24T16:15:05.108+0000] {processor.py:175} INFO - Processing /usr/local/lib/python3.9/site-packages/airflow/example_dags/example_external_task_marker_dag.py took 0.164 seconds
[2024-09-24T16:15:37.108+0000] {processor.py:153} INFO - Started process (PID=1400) to work on /usr/local/lib/python3.9/site-packages/airflow/example_dags/example_external_task_marker_dag.py
[2024-09-24T16:15:37.110+0000] {processor.py:743} INFO - Processing file /usr/local/lib/python3.9/site-packages/airflow/example_dags/example_external_task_marker_dag.py for tasks to queue
[2024-09-24T16:15:37.111+0000] {logging_mixin.py:137} INFO - [2024-09-24T16:15:37.111+0000] {dagbag.py:532} INFO - Filling up the DagBag from /usr/local/lib/python3.9/site-packages/airflow/example_dags/example_external_task_marker_dag.py
[2024-09-24T16:15:37.124+0000] {processor.py:753} INFO - DAG(s) dict_keys(['example_external_task_marker_parent', 'example_external_task_marker_child']) retrieved from /usr/local/lib/python3.9/site-packages/airflow/example_dags/example_external_task_marker_dag.py
[2024-09-24T16:15:37.148+0000] {logging_mixin.py:137} INFO - [2024-09-24T16:15:37.148+0000] {dag.py:2705} INFO - Sync 2 DAGs
[2024-09-24T16:15:37.160+0000] {logging_mixin.py:137} INFO - [2024-09-24T16:15:37.160+0000] {dag.py:3452} INFO - Setting next_dagrun for example_external_task_marker_child to None, run_after=None
[2024-09-24T16:15:37.164+0000] {logging_mixin.py:137} INFO - [2024-09-24T16:15:37.164+0000] {dag.py:3452} INFO - Setting next_dagrun for example_external_task_marker_parent to None, run_after=None
[2024-09-24T16:15:37.177+0000] {processor.py:175} INFO - Processing /usr/local/lib/python3.9/site-packages/airflow/example_dags/example_external_task_marker_dag.py took 0.073 seconds
[2024-09-24T16:16:07.498+0000] {processor.py:153} INFO - Started process (PID=1611) to work on /usr/local/lib/python3.9/site-packages/airflow/example_dags/example_external_task_marker_dag.py
[2024-09-24T16:16:07.500+0000] {processor.py:743} INFO - Processing file /usr/local/lib/python3.9/site-packages/airflow/example_dags/example_external_task_marker_dag.py for tasks to queue
[2024-09-24T16:16:07.500+0000] {logging_mixin.py:137} INFO - [2024-09-24T16:16:07.500+0000] {dagbag.py:532} INFO - Filling up the DagBag from /usr/local/lib/python3.9/site-packages/airflow/example_dags/example_external_task_marker_dag.py
[2024-09-24T16:16:07.506+0000] {processor.py:753} INFO - DAG(s) dict_keys(['example_external_task_marker_parent', 'example_external_task_marker_child']) retrieved from /usr/local/lib/python3.9/site-packages/airflow/example_dags/example_external_task_marker_dag.py
[2024-09-24T16:16:07.518+0000] {logging_mixin.py:137} INFO - [2024-09-24T16:16:07.518+0000] {dag.py:2705} INFO - Sync 2 DAGs
[2024-09-24T16:16:07.527+0000] {logging_mixin.py:137} INFO - [2024-09-24T16:16:07.527+0000] {dag.py:3452} INFO - Setting next_dagrun for example_external_task_marker_child to None, run_after=None
[2024-09-24T16:16:07.529+0000] {logging_mixin.py:137} INFO - [2024-09-24T16:16:07.529+0000] {dag.py:3452} INFO - Setting next_dagrun for example_external_task_marker_parent to None, run_after=None
[2024-09-24T16:16:07.535+0000] {processor.py:175} INFO - Processing /usr/local/lib/python3.9/site-packages/airflow/example_dags/example_external_task_marker_dag.py took 0.039 seconds
[2024-09-24T16:16:37.819+0000] {processor.py:153} INFO - Started process (PID=1817) to work on /usr/local/lib/python3.9/site-packages/airflow/example_dags/example_external_task_marker_dag.py
[2024-09-24T16:16:37.822+0000] {processor.py:743} INFO - Processing file /usr/local/lib/python3.9/site-packages/airflow/example_dags/example_external_task_marker_dag.py for tasks to queue
[2024-09-24T16:16:37.823+0000] {logging_mixin.py:137} INFO - [2024-09-24T16:16:37.823+0000] {dagbag.py:532} INFO - Filling up the DagBag from /usr/local/lib/python3.9/site-packages/airflow/example_dags/example_external_task_marker_dag.py
[2024-09-24T16:16:37.831+0000] {processor.py:753} INFO - DAG(s) dict_keys(['example_external_task_marker_parent', 'example_external_task_marker_child']) retrieved from /usr/local/lib/python3.9/site-packages/airflow/example_dags/example_external_task_marker_dag.py
[2024-09-24T16:16:37.847+0000] {logging_mixin.py:137} INFO - [2024-09-24T16:16:37.847+0000] {dag.py:2705} INFO - Sync 2 DAGs
[2024-09-24T16:16:37.857+0000] {logging_mixin.py:137} INFO - [2024-09-24T16:16:37.857+0000] {dag.py:3452} INFO - Setting next_dagrun for example_external_task_marker_child to None, run_after=None
[2024-09-24T16:16:37.859+0000] {logging_mixin.py:137} INFO - [2024-09-24T16:16:37.859+0000] {dag.py:3452} INFO - Setting next_dagrun for example_external_task_marker_parent to None, run_after=None
[2024-09-24T16:16:37.869+0000] {processor.py:175} INFO - Processing /usr/local/lib/python3.9/site-packages/airflow/example_dags/example_external_task_marker_dag.py took 0.052 seconds
[2024-09-24T16:17:08.312+0000] {processor.py:153} INFO - Started process (PID=2028) to work on /usr/local/lib/python3.9/site-packages/airflow/example_dags/example_external_task_marker_dag.py
[2024-09-24T16:17:08.313+0000] {processor.py:743} INFO - Processing file /usr/local/lib/python3.9/site-packages/airflow/example_dags/example_external_task_marker_dag.py for tasks to queue
[2024-09-24T16:17:08.313+0000] {logging_mixin.py:137} INFO - [2024-09-24T16:17:08.313+0000] {dagbag.py:532} INFO - Filling up the DagBag from /usr/local/lib/python3.9/site-packages/airflow/example_dags/example_external_task_marker_dag.py
[2024-09-24T16:17:08.320+0000] {processor.py:753} INFO - DAG(s) dict_keys(['example_external_task_marker_child', 'example_external_task_marker_parent']) retrieved from /usr/local/lib/python3.9/site-packages/airflow/example_dags/example_external_task_marker_dag.py
[2024-09-24T16:17:08.331+0000] {logging_mixin.py:137} INFO - [2024-09-24T16:17:08.331+0000] {dag.py:2705} INFO - Sync 2 DAGs
[2024-09-24T16:17:08.341+0000] {logging_mixin.py:137} INFO - [2024-09-24T16:17:08.341+0000] {dag.py:3452} INFO - Setting next_dagrun for example_external_task_marker_child to None, run_after=None
[2024-09-24T16:17:08.388+0000] {logging_mixin.py:137} INFO - [2024-09-24T16:17:08.388+0000] {dag.py:3452} INFO - Setting next_dagrun for example_external_task_marker_parent to None, run_after=None
[2024-09-24T16:17:08.401+0000] {processor.py:175} INFO - Processing /usr/local/lib/python3.9/site-packages/airflow/example_dags/example_external_task_marker_dag.py took 0.092 seconds
[2024-09-24T16:17:39.000+0000] {processor.py:153} INFO - Started process (PID=2239) to work on /usr/local/lib/python3.9/site-packages/airflow/example_dags/example_external_task_marker_dag.py
[2024-09-24T16:17:39.001+0000] {processor.py:743} INFO - Processing file /usr/local/lib/python3.9/site-packages/airflow/example_dags/example_external_task_marker_dag.py for tasks to queue
[2024-09-24T16:17:39.001+0000] {logging_mixin.py:137} INFO - [2024-09-24T16:17:39.001+0000] {dagbag.py:532} INFO - Filling up the DagBag from /usr/local/lib/python3.9/site-packages/airflow/example_dags/example_external_task_marker_dag.py
[2024-09-24T16:17:39.009+0000] {processor.py:753} INFO - DAG(s) dict_keys(['example_external_task_marker_child', 'example_external_task_marker_parent']) retrieved from /usr/local/lib/python3.9/site-packages/airflow/example_dags/example_external_task_marker_dag.py
[2024-09-24T16:17:39.113+0000] {logging_mixin.py:137} INFO - [2024-09-24T16:17:39.112+0000] {dag.py:2705} INFO - Sync 2 DAGs
[2024-09-24T16:17:39.126+0000] {logging_mixin.py:137} INFO - [2024-09-24T16:17:39.126+0000] {dag.py:3452} INFO - Setting next_dagrun for example_external_task_marker_child to None, run_after=None
[2024-09-24T16:17:39.128+0000] {logging_mixin.py:137} INFO - [2024-09-24T16:17:39.128+0000] {dag.py:3452} INFO - Setting next_dagrun for example_external_task_marker_parent to None, run_after=None
[2024-09-24T16:17:39.142+0000] {processor.py:175} INFO - Processing /usr/local/lib/python3.9/site-packages/airflow/example_dags/example_external_task_marker_dag.py took 0.144 seconds
[2024-09-24T16:18:09.693+0000] {processor.py:153} INFO - Started process (PID=2450) to work on /usr/local/lib/python3.9/site-packages/airflow/example_dags/example_external_task_marker_dag.py
[2024-09-24T16:18:09.694+0000] {processor.py:743} INFO - Processing file /usr/local/lib/python3.9/site-packages/airflow/example_dags/example_external_task_marker_dag.py for tasks to queue
[2024-09-24T16:18:09.694+0000] {logging_mixin.py:137} INFO - [2024-09-24T16:18:09.694+0000] {dagbag.py:532} INFO - Filling up the DagBag from /usr/local/lib/python3.9/site-packages/airflow/example_dags/example_external_task_marker_dag.py
[2024-09-24T16:18:09.773+0000] {processor.py:753} INFO - DAG(s) dict_keys(['example_external_task_marker_child', 'example_external_task_marker_parent']) retrieved from /usr/local/lib/python3.9/site-packages/airflow/example_dags/example_external_task_marker_dag.py
[2024-09-24T16:18:09.788+0000] {logging_mixin.py:137} INFO - [2024-09-24T16:18:09.788+0000] {dag.py:2705} INFO - Sync 2 DAGs
[2024-09-24T16:18:09.797+0000] {logging_mixin.py:137} INFO - [2024-09-24T16:18:09.797+0000] {dag.py:3452} INFO - Setting next_dagrun for example_external_task_marker_child to None, run_after=None
[2024-09-24T16:18:09.799+0000] {logging_mixin.py:137} INFO - [2024-09-24T16:18:09.798+0000] {dag.py:3452} INFO - Setting next_dagrun for example_external_task_marker_parent to None, run_after=None
[2024-09-24T16:18:09.805+0000] {processor.py:175} INFO - Processing /usr/local/lib/python3.9/site-packages/airflow/example_dags/example_external_task_marker_dag.py took 0.115 seconds
[2024-09-24T17:55:51.905+0000] {processor.py:153} INFO - Started process (PID=339) to work on /usr/local/lib/python3.9/site-packages/airflow/example_dags/example_external_task_marker_dag.py
[2024-09-24T17:55:51.907+0000] {processor.py:743} INFO - Processing file /usr/local/lib/python3.9/site-packages/airflow/example_dags/example_external_task_marker_dag.py for tasks to queue
[2024-09-24T17:55:51.907+0000] {logging_mixin.py:137} INFO - [2024-09-24T17:55:51.907+0000] {dagbag.py:532} INFO - Filling up the DagBag from /usr/local/lib/python3.9/site-packages/airflow/example_dags/example_external_task_marker_dag.py
[2024-09-24T17:55:51.914+0000] {processor.py:753} INFO - DAG(s) dict_keys(['example_external_task_marker_parent', 'example_external_task_marker_child']) retrieved from /usr/local/lib/python3.9/site-packages/airflow/example_dags/example_external_task_marker_dag.py
[2024-09-24T17:55:51.926+0000] {logging_mixin.py:137} INFO - [2024-09-24T17:55:51.926+0000] {dag.py:2705} INFO - Sync 2 DAGs
[2024-09-24T17:55:51.946+0000] {logging_mixin.py:137} INFO - [2024-09-24T17:55:51.946+0000] {dag.py:3452} INFO - Setting next_dagrun for example_external_task_marker_child to None, run_after=None
[2024-09-24T17:55:51.948+0000] {logging_mixin.py:137} INFO - [2024-09-24T17:55:51.948+0000] {dag.py:3452} INFO - Setting next_dagrun for example_external_task_marker_parent to None, run_after=None
[2024-09-24T17:55:52.020+0000] {processor.py:175} INFO - Processing /usr/local/lib/python3.9/site-packages/airflow/example_dags/example_external_task_marker_dag.py took 0.117 seconds
[2024-09-24T17:56:26.303+0000] {processor.py:153} INFO - Started process (PID=555) to work on /usr/local/lib/python3.9/site-packages/airflow/example_dags/example_external_task_marker_dag.py
[2024-09-24T17:56:26.307+0000] {processor.py:743} INFO - Processing file /usr/local/lib/python3.9/site-packages/airflow/example_dags/example_external_task_marker_dag.py for tasks to queue
[2024-09-24T17:56:26.308+0000] {logging_mixin.py:137} INFO - [2024-09-24T17:56:26.308+0000] {dagbag.py:532} INFO - Filling up the DagBag from /usr/local/lib/python3.9/site-packages/airflow/example_dags/example_external_task_marker_dag.py
[2024-09-24T17:56:26.322+0000] {processor.py:753} INFO - DAG(s) dict_keys(['example_external_task_marker_parent', 'example_external_task_marker_child']) retrieved from /usr/local/lib/python3.9/site-packages/airflow/example_dags/example_external_task_marker_dag.py
[2024-09-24T17:56:26.421+0000] {logging_mixin.py:137} INFO - [2024-09-24T17:56:26.421+0000] {dag.py:2705} INFO - Sync 2 DAGs
[2024-09-24T17:56:26.474+0000] {logging_mixin.py:137} INFO - [2024-09-24T17:56:26.474+0000] {dag.py:3452} INFO - Setting next_dagrun for example_external_task_marker_child to None, run_after=None
[2024-09-24T17:56:26.482+0000] {logging_mixin.py:137} INFO - [2024-09-24T17:56:26.481+0000] {dag.py:3452} INFO - Setting next_dagrun for example_external_task_marker_parent to None, run_after=None
[2024-09-24T17:56:26.532+0000] {processor.py:175} INFO - Processing /usr/local/lib/python3.9/site-packages/airflow/example_dags/example_external_task_marker_dag.py took 0.235 seconds
[2024-09-24T18:44:47.352+0000] {processor.py:153} INFO - Started process (PID=345) to work on /usr/local/lib/python3.9/site-packages/airflow/example_dags/example_external_task_marker_dag.py
[2024-09-24T18:44:47.355+0000] {processor.py:743} INFO - Processing file /usr/local/lib/python3.9/site-packages/airflow/example_dags/example_external_task_marker_dag.py for tasks to queue
[2024-09-24T18:44:47.357+0000] {logging_mixin.py:137} INFO - [2024-09-24T18:44:47.357+0000] {dagbag.py:532} INFO - Filling up the DagBag from /usr/local/lib/python3.9/site-packages/airflow/example_dags/example_external_task_marker_dag.py
[2024-09-24T18:44:47.364+0000] {processor.py:753} INFO - DAG(s) dict_keys(['example_external_task_marker_child', 'example_external_task_marker_parent']) retrieved from /usr/local/lib/python3.9/site-packages/airflow/example_dags/example_external_task_marker_dag.py
[2024-09-24T18:44:47.482+0000] {logging_mixin.py:137} INFO - [2024-09-24T18:44:47.482+0000] {manager.py:504} INFO - Created Permission View: can read on DAG:example_external_task_marker_child
[2024-09-24T18:44:47.489+0000] {logging_mixin.py:137} INFO - [2024-09-24T18:44:47.489+0000] {manager.py:504} INFO - Created Permission View: can edit on DAG:example_external_task_marker_child
[2024-09-24T18:44:47.493+0000] {logging_mixin.py:137} INFO - [2024-09-24T18:44:47.493+0000] {manager.py:504} INFO - Created Permission View: can delete on DAG:example_external_task_marker_child
[2024-09-24T18:44:47.504+0000] {logging_mixin.py:137} INFO - [2024-09-24T18:44:47.504+0000] {manager.py:504} INFO - Created Permission View: can read on DAG:example_external_task_marker_parent
[2024-09-24T18:44:47.512+0000] {logging_mixin.py:137} INFO - [2024-09-24T18:44:47.512+0000] {manager.py:504} INFO - Created Permission View: can edit on DAG:example_external_task_marker_parent
[2024-09-24T18:44:47.604+0000] {logging_mixin.py:137} INFO - [2024-09-24T18:44:47.603+0000] {manager.py:504} INFO - Created Permission View: can delete on DAG:example_external_task_marker_parent
[2024-09-24T18:44:47.606+0000] {logging_mixin.py:137} INFO - [2024-09-24T18:44:47.606+0000] {dag.py:2705} INFO - Sync 2 DAGs
[2024-09-24T18:44:47.622+0000] {logging_mixin.py:137} INFO - [2024-09-24T18:44:47.622+0000] {dag.py:2726} INFO - Creating ORM DAG for example_external_task_marker_child
[2024-09-24T18:44:47.623+0000] {logging_mixin.py:137} INFO - [2024-09-24T18:44:47.623+0000] {dag.py:2726} INFO - Creating ORM DAG for example_external_task_marker_parent
[2024-09-24T18:44:47.630+0000] {logging_mixin.py:137} INFO - [2024-09-24T18:44:47.630+0000] {dag.py:3452} INFO - Setting next_dagrun for example_external_task_marker_child to None, run_after=None
[2024-09-24T18:44:47.631+0000] {logging_mixin.py:137} INFO - [2024-09-24T18:44:47.631+0000] {dag.py:3452} INFO - Setting next_dagrun for example_external_task_marker_parent to None, run_after=None
[2024-09-24T18:44:47.683+0000] {processor.py:175} INFO - Processing /usr/local/lib/python3.9/site-packages/airflow/example_dags/example_external_task_marker_dag.py took 0.333 seconds
[2024-09-24T18:45:18.443+0000] {processor.py:153} INFO - Started process (PID=560) to work on /usr/local/lib/python3.9/site-packages/airflow/example_dags/example_external_task_marker_dag.py
[2024-09-24T18:45:18.446+0000] {processor.py:743} INFO - Processing file /usr/local/lib/python3.9/site-packages/airflow/example_dags/example_external_task_marker_dag.py for tasks to queue
[2024-09-24T18:45:18.447+0000] {logging_mixin.py:137} INFO - [2024-09-24T18:45:18.447+0000] {dagbag.py:532} INFO - Filling up the DagBag from /usr/local/lib/python3.9/site-packages/airflow/example_dags/example_external_task_marker_dag.py
[2024-09-24T18:45:18.458+0000] {processor.py:753} INFO - DAG(s) dict_keys(['example_external_task_marker_child', 'example_external_task_marker_parent']) retrieved from /usr/local/lib/python3.9/site-packages/airflow/example_dags/example_external_task_marker_dag.py
[2024-09-24T18:45:18.475+0000] {logging_mixin.py:137} INFO - [2024-09-24T18:45:18.475+0000] {dag.py:2705} INFO - Sync 2 DAGs
[2024-09-24T18:45:18.491+0000] {logging_mixin.py:137} INFO - [2024-09-24T18:45:18.491+0000] {dag.py:3452} INFO - Setting next_dagrun for example_external_task_marker_child to None, run_after=None
[2024-09-24T18:45:18.495+0000] {logging_mixin.py:137} INFO - [2024-09-24T18:45:18.494+0000] {dag.py:3452} INFO - Setting next_dagrun for example_external_task_marker_parent to None, run_after=None
[2024-09-24T18:45:18.507+0000] {processor.py:175} INFO - Processing /usr/local/lib/python3.9/site-packages/airflow/example_dags/example_external_task_marker_dag.py took 0.066 seconds
[2024-09-24T18:45:50.170+0000] {processor.py:153} INFO - Started process (PID=771) to work on /usr/local/lib/python3.9/site-packages/airflow/example_dags/example_external_task_marker_dag.py
[2024-09-24T18:45:50.172+0000] {processor.py:743} INFO - Processing file /usr/local/lib/python3.9/site-packages/airflow/example_dags/example_external_task_marker_dag.py for tasks to queue
[2024-09-24T18:45:50.172+0000] {logging_mixin.py:137} INFO - [2024-09-24T18:45:50.172+0000] {dagbag.py:532} INFO - Filling up the DagBag from /usr/local/lib/python3.9/site-packages/airflow/example_dags/example_external_task_marker_dag.py
[2024-09-24T18:45:50.188+0000] {processor.py:753} INFO - DAG(s) dict_keys(['example_external_task_marker_parent', 'example_external_task_marker_child']) retrieved from /usr/local/lib/python3.9/site-packages/airflow/example_dags/example_external_task_marker_dag.py
[2024-09-24T18:45:50.202+0000] {logging_mixin.py:137} INFO - [2024-09-24T18:45:50.202+0000] {dag.py:2705} INFO - Sync 2 DAGs
[2024-09-24T18:45:50.231+0000] {logging_mixin.py:137} INFO - [2024-09-24T18:45:50.230+0000] {dag.py:3452} INFO - Setting next_dagrun for example_external_task_marker_child to None, run_after=None
[2024-09-24T18:45:50.234+0000] {logging_mixin.py:137} INFO - [2024-09-24T18:45:50.234+0000] {dag.py:3452} INFO - Setting next_dagrun for example_external_task_marker_parent to None, run_after=None
[2024-09-24T18:45:50.246+0000] {processor.py:175} INFO - Processing /usr/local/lib/python3.9/site-packages/airflow/example_dags/example_external_task_marker_dag.py took 0.080 seconds
[2024-09-24T18:46:21.111+0000] {processor.py:153} INFO - Started process (PID=982) to work on /usr/local/lib/python3.9/site-packages/airflow/example_dags/example_external_task_marker_dag.py
[2024-09-24T18:46:21.114+0000] {processor.py:743} INFO - Processing file /usr/local/lib/python3.9/site-packages/airflow/example_dags/example_external_task_marker_dag.py for tasks to queue
[2024-09-24T18:46:21.115+0000] {logging_mixin.py:137} INFO - [2024-09-24T18:46:21.115+0000] {dagbag.py:532} INFO - Filling up the DagBag from /usr/local/lib/python3.9/site-packages/airflow/example_dags/example_external_task_marker_dag.py
[2024-09-24T18:46:21.124+0000] {processor.py:753} INFO - DAG(s) dict_keys(['example_external_task_marker_child', 'example_external_task_marker_parent']) retrieved from /usr/local/lib/python3.9/site-packages/airflow/example_dags/example_external_task_marker_dag.py
[2024-09-24T18:46:21.136+0000] {logging_mixin.py:137} INFO - [2024-09-24T18:46:21.135+0000] {dag.py:2705} INFO - Sync 2 DAGs
[2024-09-24T18:46:21.146+0000] {logging_mixin.py:137} INFO - [2024-09-24T18:46:21.146+0000] {dag.py:3452} INFO - Setting next_dagrun for example_external_task_marker_child to None, run_after=None
[2024-09-24T18:46:21.147+0000] {logging_mixin.py:137} INFO - [2024-09-24T18:46:21.147+0000] {dag.py:3452} INFO - Setting next_dagrun for example_external_task_marker_parent to None, run_after=None
[2024-09-24T18:46:21.155+0000] {processor.py:175} INFO - Processing /usr/local/lib/python3.9/site-packages/airflow/example_dags/example_external_task_marker_dag.py took 0.047 seconds
[2024-09-24T18:46:54.929+0000] {processor.py:153} INFO - Started process (PID=1193) to work on /usr/local/lib/python3.9/site-packages/airflow/example_dags/example_external_task_marker_dag.py
[2024-09-24T18:46:54.933+0000] {processor.py:743} INFO - Processing file /usr/local/lib/python3.9/site-packages/airflow/example_dags/example_external_task_marker_dag.py for tasks to queue
[2024-09-24T18:46:54.934+0000] {logging_mixin.py:137} INFO - [2024-09-24T18:46:54.934+0000] {dagbag.py:532} INFO - Filling up the DagBag from /usr/local/lib/python3.9/site-packages/airflow/example_dags/example_external_task_marker_dag.py
[2024-09-24T18:46:54.951+0000] {processor.py:753} INFO - DAG(s) dict_keys(['example_external_task_marker_parent', 'example_external_task_marker_child']) retrieved from /usr/local/lib/python3.9/site-packages/airflow/example_dags/example_external_task_marker_dag.py
[2024-09-24T18:46:54.970+0000] {logging_mixin.py:137} INFO - [2024-09-24T18:46:54.970+0000] {dag.py:2705} INFO - Sync 2 DAGs
[2024-09-24T18:46:54.987+0000] {logging_mixin.py:137} INFO - [2024-09-24T18:46:54.987+0000] {dag.py:3452} INFO - Setting next_dagrun for example_external_task_marker_child to None, run_after=None
[2024-09-24T18:46:54.990+0000] {logging_mixin.py:137} INFO - [2024-09-24T18:46:54.990+0000] {dag.py:3452} INFO - Setting next_dagrun for example_external_task_marker_parent to None, run_after=None
[2024-09-24T18:46:55.006+0000] {processor.py:175} INFO - Processing /usr/local/lib/python3.9/site-packages/airflow/example_dags/example_external_task_marker_dag.py took 0.083 seconds
[2024-09-24T18:47:28.984+0000] {processor.py:153} INFO - Started process (PID=1406) to work on /usr/local/lib/python3.9/site-packages/airflow/example_dags/example_external_task_marker_dag.py
[2024-09-24T18:47:29.002+0000] {processor.py:743} INFO - Processing file /usr/local/lib/python3.9/site-packages/airflow/example_dags/example_external_task_marker_dag.py for tasks to queue
[2024-09-24T18:47:29.003+0000] {logging_mixin.py:137} INFO - [2024-09-24T18:47:29.003+0000] {dagbag.py:532} INFO - Filling up the DagBag from /usr/local/lib/python3.9/site-packages/airflow/example_dags/example_external_task_marker_dag.py
[2024-09-24T18:47:29.033+0000] {processor.py:753} INFO - DAG(s) dict_keys(['example_external_task_marker_child', 'example_external_task_marker_parent']) retrieved from /usr/local/lib/python3.9/site-packages/airflow/example_dags/example_external_task_marker_dag.py
[2024-09-24T18:47:29.110+0000] {logging_mixin.py:137} INFO - [2024-09-24T18:47:29.110+0000] {dag.py:2705} INFO - Sync 2 DAGs
[2024-09-24T18:47:29.144+0000] {logging_mixin.py:137} INFO - [2024-09-24T18:47:29.143+0000] {dag.py:3452} INFO - Setting next_dagrun for example_external_task_marker_child to None, run_after=None
[2024-09-24T18:47:29.146+0000] {logging_mixin.py:137} INFO - [2024-09-24T18:47:29.146+0000] {dag.py:3452} INFO - Setting next_dagrun for example_external_task_marker_parent to None, run_after=None
[2024-09-24T18:47:29.164+0000] {processor.py:175} INFO - Processing /usr/local/lib/python3.9/site-packages/airflow/example_dags/example_external_task_marker_dag.py took 0.186 seconds
[2024-09-24T18:48:00.698+0000] {processor.py:153} INFO - Started process (PID=1615) to work on /usr/local/lib/python3.9/site-packages/airflow/example_dags/example_external_task_marker_dag.py
[2024-09-24T18:48:00.699+0000] {processor.py:743} INFO - Processing file /usr/local/lib/python3.9/site-packages/airflow/example_dags/example_external_task_marker_dag.py for tasks to queue
[2024-09-24T18:48:00.700+0000] {logging_mixin.py:137} INFO - [2024-09-24T18:48:00.700+0000] {dagbag.py:532} INFO - Filling up the DagBag from /usr/local/lib/python3.9/site-packages/airflow/example_dags/example_external_task_marker_dag.py
[2024-09-24T18:48:00.706+0000] {processor.py:753} INFO - DAG(s) dict_keys(['example_external_task_marker_parent', 'example_external_task_marker_child']) retrieved from /usr/local/lib/python3.9/site-packages/airflow/example_dags/example_external_task_marker_dag.py
[2024-09-24T18:48:00.718+0000] {logging_mixin.py:137} INFO - [2024-09-24T18:48:00.718+0000] {dag.py:2705} INFO - Sync 2 DAGs
[2024-09-24T18:48:00.731+0000] {logging_mixin.py:137} INFO - [2024-09-24T18:48:00.731+0000] {dag.py:3452} INFO - Setting next_dagrun for example_external_task_marker_child to None, run_after=None
[2024-09-24T18:48:00.734+0000] {logging_mixin.py:137} INFO - [2024-09-24T18:48:00.733+0000] {dag.py:3452} INFO - Setting next_dagrun for example_external_task_marker_parent to None, run_after=None
[2024-09-24T18:48:00.741+0000] {processor.py:175} INFO - Processing /usr/local/lib/python3.9/site-packages/airflow/example_dags/example_external_task_marker_dag.py took 0.045 seconds
[2024-09-24T18:48:31.503+0000] {processor.py:153} INFO - Started process (PID=1825) to work on /usr/local/lib/python3.9/site-packages/airflow/example_dags/example_external_task_marker_dag.py
[2024-09-24T18:48:31.507+0000] {processor.py:743} INFO - Processing file /usr/local/lib/python3.9/site-packages/airflow/example_dags/example_external_task_marker_dag.py for tasks to queue
[2024-09-24T18:48:31.508+0000] {logging_mixin.py:137} INFO - [2024-09-24T18:48:31.508+0000] {dagbag.py:532} INFO - Filling up the DagBag from /usr/local/lib/python3.9/site-packages/airflow/example_dags/example_external_task_marker_dag.py
[2024-09-24T18:48:31.515+0000] {processor.py:753} INFO - DAG(s) dict_keys(['example_external_task_marker_parent', 'example_external_task_marker_child']) retrieved from /usr/local/lib/python3.9/site-packages/airflow/example_dags/example_external_task_marker_dag.py
[2024-09-24T18:48:31.530+0000] {logging_mixin.py:137} INFO - [2024-09-24T18:48:31.530+0000] {dag.py:2705} INFO - Sync 2 DAGs
[2024-09-24T18:48:31.540+0000] {logging_mixin.py:137} INFO - [2024-09-24T18:48:31.540+0000] {dag.py:3452} INFO - Setting next_dagrun for example_external_task_marker_child to None, run_after=None
[2024-09-24T18:48:31.541+0000] {logging_mixin.py:137} INFO - [2024-09-24T18:48:31.541+0000] {dag.py:3452} INFO - Setting next_dagrun for example_external_task_marker_parent to None, run_after=None
[2024-09-24T18:48:31.548+0000] {processor.py:175} INFO - Processing /usr/local/lib/python3.9/site-packages/airflow/example_dags/example_external_task_marker_dag.py took 0.047 seconds
[2024-09-24T18:49:02.963+0000] {processor.py:153} INFO - Started process (PID=2031) to work on /usr/local/lib/python3.9/site-packages/airflow/example_dags/example_external_task_marker_dag.py
[2024-09-24T18:49:02.964+0000] {processor.py:743} INFO - Processing file /usr/local/lib/python3.9/site-packages/airflow/example_dags/example_external_task_marker_dag.py for tasks to queue
[2024-09-24T18:49:02.966+0000] {logging_mixin.py:137} INFO - [2024-09-24T18:49:02.966+0000] {dagbag.py:532} INFO - Filling up the DagBag from /usr/local/lib/python3.9/site-packages/airflow/example_dags/example_external_task_marker_dag.py
[2024-09-24T18:49:02.977+0000] {processor.py:753} INFO - DAG(s) dict_keys(['example_external_task_marker_child', 'example_external_task_marker_parent']) retrieved from /usr/local/lib/python3.9/site-packages/airflow/example_dags/example_external_task_marker_dag.py
[2024-09-24T18:49:02.994+0000] {logging_mixin.py:137} INFO - [2024-09-24T18:49:02.993+0000] {dag.py:2705} INFO - Sync 2 DAGs
[2024-09-24T18:49:03.082+0000] {logging_mixin.py:137} INFO - [2024-09-24T18:49:03.081+0000] {dag.py:3452} INFO - Setting next_dagrun for example_external_task_marker_child to None, run_after=None
[2024-09-24T18:49:03.083+0000] {logging_mixin.py:137} INFO - [2024-09-24T18:49:03.083+0000] {dag.py:3452} INFO - Setting next_dagrun for example_external_task_marker_parent to None, run_after=None
[2024-09-24T18:49:03.090+0000] {processor.py:175} INFO - Processing /usr/local/lib/python3.9/site-packages/airflow/example_dags/example_external_task_marker_dag.py took 0.129 seconds
[2024-09-24T18:49:33.995+0000] {processor.py:153} INFO - Started process (PID=2242) to work on /usr/local/lib/python3.9/site-packages/airflow/example_dags/example_external_task_marker_dag.py
[2024-09-24T18:49:33.996+0000] {processor.py:743} INFO - Processing file /usr/local/lib/python3.9/site-packages/airflow/example_dags/example_external_task_marker_dag.py for tasks to queue
[2024-09-24T18:49:33.996+0000] {logging_mixin.py:137} INFO - [2024-09-24T18:49:33.996+0000] {dagbag.py:532} INFO - Filling up the DagBag from /usr/local/lib/python3.9/site-packages/airflow/example_dags/example_external_task_marker_dag.py
[2024-09-24T18:49:34.002+0000] {processor.py:753} INFO - DAG(s) dict_keys(['example_external_task_marker_child', 'example_external_task_marker_parent']) retrieved from /usr/local/lib/python3.9/site-packages/airflow/example_dags/example_external_task_marker_dag.py
[2024-09-24T18:49:34.068+0000] {logging_mixin.py:137} INFO - [2024-09-24T18:49:34.067+0000] {dag.py:2705} INFO - Sync 2 DAGs
[2024-09-24T18:49:34.076+0000] {logging_mixin.py:137} INFO - [2024-09-24T18:49:34.076+0000] {dag.py:3452} INFO - Setting next_dagrun for example_external_task_marker_child to None, run_after=None
[2024-09-24T18:49:34.077+0000] {logging_mixin.py:137} INFO - [2024-09-24T18:49:34.077+0000] {dag.py:3452} INFO - Setting next_dagrun for example_external_task_marker_parent to None, run_after=None
[2024-09-24T18:49:34.083+0000] {processor.py:175} INFO - Processing /usr/local/lib/python3.9/site-packages/airflow/example_dags/example_external_task_marker_dag.py took 0.090 seconds
[2024-09-24T18:50:04.557+0000] {processor.py:153} INFO - Started process (PID=2453) to work on /usr/local/lib/python3.9/site-packages/airflow/example_dags/example_external_task_marker_dag.py
[2024-09-24T18:50:04.558+0000] {processor.py:743} INFO - Processing file /usr/local/lib/python3.9/site-packages/airflow/example_dags/example_external_task_marker_dag.py for tasks to queue
[2024-09-24T18:50:04.558+0000] {logging_mixin.py:137} INFO - [2024-09-24T18:50:04.558+0000] {dagbag.py:532} INFO - Filling up the DagBag from /usr/local/lib/python3.9/site-packages/airflow/example_dags/example_external_task_marker_dag.py
[2024-09-24T18:50:04.619+0000] {processor.py:753} INFO - DAG(s) dict_keys(['example_external_task_marker_child', 'example_external_task_marker_parent']) retrieved from /usr/local/lib/python3.9/site-packages/airflow/example_dags/example_external_task_marker_dag.py
[2024-09-24T18:50:04.628+0000] {logging_mixin.py:137} INFO - [2024-09-24T18:50:04.628+0000] {dag.py:2705} INFO - Sync 2 DAGs
[2024-09-24T18:50:04.636+0000] {logging_mixin.py:137} INFO - [2024-09-24T18:50:04.636+0000] {dag.py:3452} INFO - Setting next_dagrun for example_external_task_marker_child to None, run_after=None
[2024-09-24T18:50:04.638+0000] {logging_mixin.py:137} INFO - [2024-09-24T18:50:04.638+0000] {dag.py:3452} INFO - Setting next_dagrun for example_external_task_marker_parent to None, run_after=None
[2024-09-24T18:50:04.644+0000] {processor.py:175} INFO - Processing /usr/local/lib/python3.9/site-packages/airflow/example_dags/example_external_task_marker_dag.py took 0.088 seconds
[2024-09-24T18:50:35.350+0000] {processor.py:153} INFO - Started process (PID=2664) to work on /usr/local/lib/python3.9/site-packages/airflow/example_dags/example_external_task_marker_dag.py
[2024-09-24T18:50:35.352+0000] {processor.py:743} INFO - Processing file /usr/local/lib/python3.9/site-packages/airflow/example_dags/example_external_task_marker_dag.py for tasks to queue
[2024-09-24T18:50:35.354+0000] {logging_mixin.py:137} INFO - [2024-09-24T18:50:35.353+0000] {dagbag.py:532} INFO - Filling up the DagBag from /usr/local/lib/python3.9/site-packages/airflow/example_dags/example_external_task_marker_dag.py
[2024-09-24T18:50:35.371+0000] {processor.py:753} INFO - DAG(s) dict_keys(['example_external_task_marker_child', 'example_external_task_marker_parent']) retrieved from /usr/local/lib/python3.9/site-packages/airflow/example_dags/example_external_task_marker_dag.py
[2024-09-24T18:50:35.392+0000] {logging_mixin.py:137} INFO - [2024-09-24T18:50:35.392+0000] {dag.py:2705} INFO - Sync 2 DAGs
[2024-09-24T18:50:35.405+0000] {logging_mixin.py:137} INFO - [2024-09-24T18:50:35.405+0000] {dag.py:3452} INFO - Setting next_dagrun for example_external_task_marker_child to None, run_after=None
[2024-09-24T18:50:35.406+0000] {logging_mixin.py:137} INFO - [2024-09-24T18:50:35.406+0000] {dag.py:3452} INFO - Setting next_dagrun for example_external_task_marker_parent to None, run_after=None
[2024-09-24T18:50:35.413+0000] {processor.py:175} INFO - Processing /usr/local/lib/python3.9/site-packages/airflow/example_dags/example_external_task_marker_dag.py took 0.068 seconds
[2024-09-24T18:51:06.825+0000] {processor.py:153} INFO - Started process (PID=2875) to work on /usr/local/lib/python3.9/site-packages/airflow/example_dags/example_external_task_marker_dag.py
[2024-09-24T18:51:06.825+0000] {processor.py:743} INFO - Processing file /usr/local/lib/python3.9/site-packages/airflow/example_dags/example_external_task_marker_dag.py for tasks to queue
[2024-09-24T18:51:06.826+0000] {logging_mixin.py:137} INFO - [2024-09-24T18:51:06.826+0000] {dagbag.py:532} INFO - Filling up the DagBag from /usr/local/lib/python3.9/site-packages/airflow/example_dags/example_external_task_marker_dag.py
[2024-09-24T18:51:06.834+0000] {processor.py:753} INFO - DAG(s) dict_keys(['example_external_task_marker_child', 'example_external_task_marker_parent']) retrieved from /usr/local/lib/python3.9/site-packages/airflow/example_dags/example_external_task_marker_dag.py
[2024-09-24T18:51:06.863+0000] {logging_mixin.py:137} INFO - [2024-09-24T18:51:06.863+0000] {dag.py:2705} INFO - Sync 2 DAGs
[2024-09-24T18:51:06.880+0000] {logging_mixin.py:137} INFO - [2024-09-24T18:51:06.880+0000] {dag.py:3452} INFO - Setting next_dagrun for example_external_task_marker_child to None, run_after=None
[2024-09-24T18:51:06.882+0000] {logging_mixin.py:137} INFO - [2024-09-24T18:51:06.882+0000] {dag.py:3452} INFO - Setting next_dagrun for example_external_task_marker_parent to None, run_after=None
[2024-09-24T18:51:06.899+0000] {processor.py:175} INFO - Processing /usr/local/lib/python3.9/site-packages/airflow/example_dags/example_external_task_marker_dag.py took 0.076 seconds
[2024-09-24T18:51:37.787+0000] {processor.py:153} INFO - Started process (PID=3092) to work on /usr/local/lib/python3.9/site-packages/airflow/example_dags/example_external_task_marker_dag.py
[2024-09-24T18:51:37.790+0000] {processor.py:743} INFO - Processing file /usr/local/lib/python3.9/site-packages/airflow/example_dags/example_external_task_marker_dag.py for tasks to queue
[2024-09-24T18:51:37.791+0000] {logging_mixin.py:137} INFO - [2024-09-24T18:51:37.791+0000] {dagbag.py:532} INFO - Filling up the DagBag from /usr/local/lib/python3.9/site-packages/airflow/example_dags/example_external_task_marker_dag.py
[2024-09-24T18:51:37.797+0000] {processor.py:753} INFO - DAG(s) dict_keys(['example_external_task_marker_child', 'example_external_task_marker_parent']) retrieved from /usr/local/lib/python3.9/site-packages/airflow/example_dags/example_external_task_marker_dag.py
[2024-09-24T18:51:37.808+0000] {logging_mixin.py:137} INFO - [2024-09-24T18:51:37.808+0000] {dag.py:2705} INFO - Sync 2 DAGs
[2024-09-24T18:51:37.817+0000] {logging_mixin.py:137} INFO - [2024-09-24T18:51:37.817+0000] {dag.py:3452} INFO - Setting next_dagrun for example_external_task_marker_child to None, run_after=None
[2024-09-24T18:51:37.819+0000] {logging_mixin.py:137} INFO - [2024-09-24T18:51:37.819+0000] {dag.py:3452} INFO - Setting next_dagrun for example_external_task_marker_parent to None, run_after=None
[2024-09-24T18:51:37.825+0000] {processor.py:175} INFO - Processing /usr/local/lib/python3.9/site-packages/airflow/example_dags/example_external_task_marker_dag.py took 0.040 seconds
[2024-09-24T18:52:08.712+0000] {processor.py:153} INFO - Started process (PID=3303) to work on /usr/local/lib/python3.9/site-packages/airflow/example_dags/example_external_task_marker_dag.py
[2024-09-24T18:52:08.712+0000] {processor.py:743} INFO - Processing file /usr/local/lib/python3.9/site-packages/airflow/example_dags/example_external_task_marker_dag.py for tasks to queue
[2024-09-24T18:52:08.712+0000] {logging_mixin.py:137} INFO - [2024-09-24T18:52:08.712+0000] {dagbag.py:532} INFO - Filling up the DagBag from /usr/local/lib/python3.9/site-packages/airflow/example_dags/example_external_task_marker_dag.py
[2024-09-24T18:52:08.718+0000] {processor.py:753} INFO - DAG(s) dict_keys(['example_external_task_marker_child', 'example_external_task_marker_parent']) retrieved from /usr/local/lib/python3.9/site-packages/airflow/example_dags/example_external_task_marker_dag.py
[2024-09-24T18:52:08.728+0000] {logging_mixin.py:137} INFO - [2024-09-24T18:52:08.728+0000] {dag.py:2705} INFO - Sync 2 DAGs
[2024-09-24T18:52:08.737+0000] {logging_mixin.py:137} INFO - [2024-09-24T18:52:08.737+0000] {dag.py:3452} INFO - Setting next_dagrun for example_external_task_marker_child to None, run_after=None
[2024-09-24T18:52:08.740+0000] {logging_mixin.py:137} INFO - [2024-09-24T18:52:08.740+0000] {dag.py:3452} INFO - Setting next_dagrun for example_external_task_marker_parent to None, run_after=None
[2024-09-24T18:52:08.747+0000] {processor.py:175} INFO - Processing /usr/local/lib/python3.9/site-packages/airflow/example_dags/example_external_task_marker_dag.py took 0.037 seconds
[2024-09-24T18:52:39.648+0000] {processor.py:153} INFO - Started process (PID=3514) to work on /usr/local/lib/python3.9/site-packages/airflow/example_dags/example_external_task_marker_dag.py
[2024-09-24T18:52:39.648+0000] {processor.py:743} INFO - Processing file /usr/local/lib/python3.9/site-packages/airflow/example_dags/example_external_task_marker_dag.py for tasks to queue
[2024-09-24T18:52:39.652+0000] {logging_mixin.py:137} INFO - [2024-09-24T18:52:39.652+0000] {dagbag.py:532} INFO - Filling up the DagBag from /usr/local/lib/python3.9/site-packages/airflow/example_dags/example_external_task_marker_dag.py
[2024-09-24T18:52:39.661+0000] {processor.py:753} INFO - DAG(s) dict_keys(['example_external_task_marker_child', 'example_external_task_marker_parent']) retrieved from /usr/local/lib/python3.9/site-packages/airflow/example_dags/example_external_task_marker_dag.py
[2024-09-24T18:52:39.677+0000] {logging_mixin.py:137} INFO - [2024-09-24T18:52:39.677+0000] {dag.py:2705} INFO - Sync 2 DAGs
[2024-09-24T18:52:39.687+0000] {logging_mixin.py:137} INFO - [2024-09-24T18:52:39.687+0000] {dag.py:3452} INFO - Setting next_dagrun for example_external_task_marker_child to None, run_after=None
[2024-09-24T18:52:39.689+0000] {logging_mixin.py:137} INFO - [2024-09-24T18:52:39.688+0000] {dag.py:3452} INFO - Setting next_dagrun for example_external_task_marker_parent to None, run_after=None
[2024-09-24T18:52:39.696+0000] {processor.py:175} INFO - Processing /usr/local/lib/python3.9/site-packages/airflow/example_dags/example_external_task_marker_dag.py took 0.053 seconds
[2024-09-24T18:53:10.531+0000] {processor.py:153} INFO - Started process (PID=3723) to work on /usr/local/lib/python3.9/site-packages/airflow/example_dags/example_external_task_marker_dag.py
[2024-09-24T18:53:10.544+0000] {processor.py:743} INFO - Processing file /usr/local/lib/python3.9/site-packages/airflow/example_dags/example_external_task_marker_dag.py for tasks to queue
[2024-09-24T18:53:10.546+0000] {logging_mixin.py:137} INFO - [2024-09-24T18:53:10.546+0000] {dagbag.py:532} INFO - Filling up the DagBag from /usr/local/lib/python3.9/site-packages/airflow/example_dags/example_external_task_marker_dag.py
[2024-09-24T18:53:10.558+0000] {processor.py:753} INFO - DAG(s) dict_keys(['example_external_task_marker_child', 'example_external_task_marker_parent']) retrieved from /usr/local/lib/python3.9/site-packages/airflow/example_dags/example_external_task_marker_dag.py
[2024-09-24T18:53:10.574+0000] {logging_mixin.py:137} INFO - [2024-09-24T18:53:10.574+0000] {dag.py:2705} INFO - Sync 2 DAGs
[2024-09-24T18:53:10.586+0000] {logging_mixin.py:137} INFO - [2024-09-24T18:53:10.586+0000] {dag.py:3452} INFO - Setting next_dagrun for example_external_task_marker_child to None, run_after=None
[2024-09-24T18:53:10.587+0000] {logging_mixin.py:137} INFO - [2024-09-24T18:53:10.587+0000] {dag.py:3452} INFO - Setting next_dagrun for example_external_task_marker_parent to None, run_after=None
[2024-09-24T18:53:10.593+0000] {processor.py:175} INFO - Processing /usr/local/lib/python3.9/site-packages/airflow/example_dags/example_external_task_marker_dag.py took 0.091 seconds
