[2024-09-24T15:58:40.447+0000] {processor.py:153} INFO - Started process (PID=186) to work on /usr/local/lib/python3.9/site-packages/airflow/example_dags/tutorial_taskflow_api_virtualenv.py
[2024-09-24T15:58:40.449+0000] {processor.py:743} INFO - Processing file /usr/local/lib/python3.9/site-packages/airflow/example_dags/tutorial_taskflow_api_virtualenv.py for tasks to queue
[2024-09-24T15:58:40.450+0000] {logging_mixin.py:137} INFO - [2024-09-24T15:58:40.450+0000] {dagbag.py:532} INFO - Filling up the DagBag from /usr/local/lib/python3.9/site-packages/airflow/example_dags/tutorial_taskflow_api_virtualenv.py
[2024-09-24T15:58:40.572+0000] {logging_mixin.py:137} INFO - [2024-09-24T15:58:40.571+0000] {tutorial_taskflow_api_virtualenv.py:29} WARNING - The tutorial_taskflow_api_virtualenv example DAG requires virtualenv, please install it.
[2024-09-24T15:58:40.572+0000] {processor.py:755} WARNING - No viable dags retrieved from /usr/local/lib/python3.9/site-packages/airflow/example_dags/tutorial_taskflow_api_virtualenv.py
[2024-09-24T15:58:40.594+0000] {processor.py:175} INFO - Processing /usr/local/lib/python3.9/site-packages/airflow/example_dags/tutorial_taskflow_api_virtualenv.py took 0.152 seconds
[2024-09-24T15:59:10.694+0000] {processor.py:153} INFO - Started process (PID=407) to work on /usr/local/lib/python3.9/site-packages/airflow/example_dags/tutorial_taskflow_api_virtualenv.py
[2024-09-24T15:59:10.697+0000] {processor.py:743} INFO - Processing file /usr/local/lib/python3.9/site-packages/airflow/example_dags/tutorial_taskflow_api_virtualenv.py for tasks to queue
[2024-09-24T15:59:10.698+0000] {logging_mixin.py:137} INFO - [2024-09-24T15:59:10.698+0000] {dagbag.py:532} INFO - Filling up the DagBag from /usr/local/lib/python3.9/site-packages/airflow/example_dags/tutorial_taskflow_api_virtualenv.py
[2024-09-24T15:59:10.740+0000] {logging_mixin.py:137} INFO - [2024-09-24T15:59:10.739+0000] {tutorial_taskflow_api_virtualenv.py:29} WARNING - The tutorial_taskflow_api_virtualenv example DAG requires virtualenv, please install it.
[2024-09-24T15:59:10.740+0000] {processor.py:755} WARNING - No viable dags retrieved from /usr/local/lib/python3.9/site-packages/airflow/example_dags/tutorial_taskflow_api_virtualenv.py
[2024-09-24T15:59:10.773+0000] {processor.py:175} INFO - Processing /usr/local/lib/python3.9/site-packages/airflow/example_dags/tutorial_taskflow_api_virtualenv.py took 0.088 seconds
[2024-09-24T15:59:41.128+0000] {processor.py:153} INFO - Started process (PID=619) to work on /usr/local/lib/python3.9/site-packages/airflow/example_dags/tutorial_taskflow_api_virtualenv.py
[2024-09-24T15:59:41.132+0000] {processor.py:743} INFO - Processing file /usr/local/lib/python3.9/site-packages/airflow/example_dags/tutorial_taskflow_api_virtualenv.py for tasks to queue
[2024-09-24T15:59:41.136+0000] {logging_mixin.py:137} INFO - [2024-09-24T15:59:41.136+0000] {dagbag.py:532} INFO - Filling up the DagBag from /usr/local/lib/python3.9/site-packages/airflow/example_dags/tutorial_taskflow_api_virtualenv.py
[2024-09-24T15:59:41.151+0000] {logging_mixin.py:137} INFO - [2024-09-24T15:59:41.151+0000] {tutorial_taskflow_api_virtualenv.py:29} WARNING - The tutorial_taskflow_api_virtualenv example DAG requires virtualenv, please install it.
[2024-09-24T15:59:41.152+0000] {processor.py:755} WARNING - No viable dags retrieved from /usr/local/lib/python3.9/site-packages/airflow/example_dags/tutorial_taskflow_api_virtualenv.py
[2024-09-24T15:59:41.167+0000] {processor.py:175} INFO - Processing /usr/local/lib/python3.9/site-packages/airflow/example_dags/tutorial_taskflow_api_virtualenv.py took 0.047 seconds
[2024-09-24T16:12:35.341+0000] {processor.py:153} INFO - Started process (PID=188) to work on /usr/local/lib/python3.9/site-packages/airflow/example_dags/tutorial_taskflow_api_virtualenv.py
[2024-09-24T16:12:35.343+0000] {processor.py:743} INFO - Processing file /usr/local/lib/python3.9/site-packages/airflow/example_dags/tutorial_taskflow_api_virtualenv.py for tasks to queue
[2024-09-24T16:12:35.343+0000] {logging_mixin.py:137} INFO - [2024-09-24T16:12:35.343+0000] {dagbag.py:532} INFO - Filling up the DagBag from /usr/local/lib/python3.9/site-packages/airflow/example_dags/tutorial_taskflow_api_virtualenv.py
[2024-09-24T16:12:35.362+0000] {logging_mixin.py:137} INFO - [2024-09-24T16:12:35.362+0000] {tutorial_taskflow_api_virtualenv.py:29} WARNING - The tutorial_taskflow_api_virtualenv example DAG requires virtualenv, please install it.
[2024-09-24T16:12:35.362+0000] {processor.py:755} WARNING - No viable dags retrieved from /usr/local/lib/python3.9/site-packages/airflow/example_dags/tutorial_taskflow_api_virtualenv.py
[2024-09-24T16:12:35.371+0000] {processor.py:175} INFO - Processing /usr/local/lib/python3.9/site-packages/airflow/example_dags/tutorial_taskflow_api_virtualenv.py took 0.033 seconds
[2024-09-24T16:13:06.032+0000] {processor.py:153} INFO - Started process (PID=408) to work on /usr/local/lib/python3.9/site-packages/airflow/example_dags/tutorial_taskflow_api_virtualenv.py
[2024-09-24T16:13:06.035+0000] {processor.py:743} INFO - Processing file /usr/local/lib/python3.9/site-packages/airflow/example_dags/tutorial_taskflow_api_virtualenv.py for tasks to queue
[2024-09-24T16:13:06.037+0000] {logging_mixin.py:137} INFO - [2024-09-24T16:13:06.037+0000] {dagbag.py:532} INFO - Filling up the DagBag from /usr/local/lib/python3.9/site-packages/airflow/example_dags/tutorial_taskflow_api_virtualenv.py
[2024-09-24T16:13:06.077+0000] {logging_mixin.py:137} INFO - [2024-09-24T16:13:06.077+0000] {tutorial_taskflow_api_virtualenv.py:29} WARNING - The tutorial_taskflow_api_virtualenv example DAG requires virtualenv, please install it.
[2024-09-24T16:13:06.079+0000] {processor.py:755} WARNING - No viable dags retrieved from /usr/local/lib/python3.9/site-packages/airflow/example_dags/tutorial_taskflow_api_virtualenv.py
[2024-09-24T16:13:06.099+0000] {processor.py:175} INFO - Processing /usr/local/lib/python3.9/site-packages/airflow/example_dags/tutorial_taskflow_api_virtualenv.py took 0.074 seconds
[2024-09-24T16:13:37.110+0000] {processor.py:153} INFO - Started process (PID=620) to work on /usr/local/lib/python3.9/site-packages/airflow/example_dags/tutorial_taskflow_api_virtualenv.py
[2024-09-24T16:13:38.351+0000] {processor.py:743} INFO - Processing file /usr/local/lib/python3.9/site-packages/airflow/example_dags/tutorial_taskflow_api_virtualenv.py for tasks to queue
[2024-09-24T16:13:38.380+0000] {logging_mixin.py:137} INFO - [2024-09-24T16:13:38.380+0000] {dagbag.py:532} INFO - Filling up the DagBag from /usr/local/lib/python3.9/site-packages/airflow/example_dags/tutorial_taskflow_api_virtualenv.py
[2024-09-24T16:13:38.432+0000] {logging_mixin.py:137} INFO - [2024-09-24T16:13:38.431+0000] {tutorial_taskflow_api_virtualenv.py:29} WARNING - The tutorial_taskflow_api_virtualenv example DAG requires virtualenv, please install it.
[2024-09-24T16:13:38.436+0000] {processor.py:755} WARNING - No viable dags retrieved from /usr/local/lib/python3.9/site-packages/airflow/example_dags/tutorial_taskflow_api_virtualenv.py
[2024-09-24T16:13:38.843+0000] {processor.py:175} INFO - Processing /usr/local/lib/python3.9/site-packages/airflow/example_dags/tutorial_taskflow_api_virtualenv.py took 1.739 seconds
[2024-09-24T16:14:09.543+0000] {processor.py:153} INFO - Started process (PID=832) to work on /usr/local/lib/python3.9/site-packages/airflow/example_dags/tutorial_taskflow_api_virtualenv.py
[2024-09-24T16:14:09.551+0000] {processor.py:743} INFO - Processing file /usr/local/lib/python3.9/site-packages/airflow/example_dags/tutorial_taskflow_api_virtualenv.py for tasks to queue
[2024-09-24T16:14:09.552+0000] {logging_mixin.py:137} INFO - [2024-09-24T16:14:09.552+0000] {dagbag.py:532} INFO - Filling up the DagBag from /usr/local/lib/python3.9/site-packages/airflow/example_dags/tutorial_taskflow_api_virtualenv.py
[2024-09-24T16:14:09.661+0000] {logging_mixin.py:137} INFO - [2024-09-24T16:14:09.661+0000] {tutorial_taskflow_api_virtualenv.py:29} WARNING - The tutorial_taskflow_api_virtualenv example DAG requires virtualenv, please install it.
[2024-09-24T16:14:09.665+0000] {processor.py:755} WARNING - No viable dags retrieved from /usr/local/lib/python3.9/site-packages/airflow/example_dags/tutorial_taskflow_api_virtualenv.py
[2024-09-24T16:14:09.748+0000] {processor.py:175} INFO - Processing /usr/local/lib/python3.9/site-packages/airflow/example_dags/tutorial_taskflow_api_virtualenv.py took 0.228 seconds
[2024-09-24T16:14:40.282+0000] {processor.py:153} INFO - Started process (PID=1041) to work on /usr/local/lib/python3.9/site-packages/airflow/example_dags/tutorial_taskflow_api_virtualenv.py
[2024-09-24T16:14:40.285+0000] {processor.py:743} INFO - Processing file /usr/local/lib/python3.9/site-packages/airflow/example_dags/tutorial_taskflow_api_virtualenv.py for tasks to queue
[2024-09-24T16:14:40.286+0000] {logging_mixin.py:137} INFO - [2024-09-24T16:14:40.286+0000] {dagbag.py:532} INFO - Filling up the DagBag from /usr/local/lib/python3.9/site-packages/airflow/example_dags/tutorial_taskflow_api_virtualenv.py
[2024-09-24T16:14:40.317+0000] {logging_mixin.py:137} INFO - [2024-09-24T16:14:40.316+0000] {tutorial_taskflow_api_virtualenv.py:29} WARNING - The tutorial_taskflow_api_virtualenv example DAG requires virtualenv, please install it.
[2024-09-24T16:14:40.317+0000] {processor.py:755} WARNING - No viable dags retrieved from /usr/local/lib/python3.9/site-packages/airflow/example_dags/tutorial_taskflow_api_virtualenv.py
[2024-09-24T16:14:40.363+0000] {processor.py:175} INFO - Processing /usr/local/lib/python3.9/site-packages/airflow/example_dags/tutorial_taskflow_api_virtualenv.py took 0.084 seconds
[2024-09-24T16:15:10.767+0000] {processor.py:153} INFO - Started process (PID=1252) to work on /usr/local/lib/python3.9/site-packages/airflow/example_dags/tutorial_taskflow_api_virtualenv.py
[2024-09-24T16:15:10.770+0000] {processor.py:743} INFO - Processing file /usr/local/lib/python3.9/site-packages/airflow/example_dags/tutorial_taskflow_api_virtualenv.py for tasks to queue
[2024-09-24T16:15:10.772+0000] {logging_mixin.py:137} INFO - [2024-09-24T16:15:10.772+0000] {dagbag.py:532} INFO - Filling up the DagBag from /usr/local/lib/python3.9/site-packages/airflow/example_dags/tutorial_taskflow_api_virtualenv.py
[2024-09-24T16:15:10.832+0000] {logging_mixin.py:137} INFO - [2024-09-24T16:15:10.832+0000] {tutorial_taskflow_api_virtualenv.py:29} WARNING - The tutorial_taskflow_api_virtualenv example DAG requires virtualenv, please install it.
[2024-09-24T16:15:10.847+0000] {processor.py:755} WARNING - No viable dags retrieved from /usr/local/lib/python3.9/site-packages/airflow/example_dags/tutorial_taskflow_api_virtualenv.py
[2024-09-24T16:15:10.939+0000] {processor.py:175} INFO - Processing /usr/local/lib/python3.9/site-packages/airflow/example_dags/tutorial_taskflow_api_virtualenv.py took 0.176 seconds
[2024-09-24T16:15:42.566+0000] {processor.py:153} INFO - Started process (PID=1465) to work on /usr/local/lib/python3.9/site-packages/airflow/example_dags/tutorial_taskflow_api_virtualenv.py
[2024-09-24T16:15:42.573+0000] {processor.py:743} INFO - Processing file /usr/local/lib/python3.9/site-packages/airflow/example_dags/tutorial_taskflow_api_virtualenv.py for tasks to queue
[2024-09-24T16:15:42.580+0000] {logging_mixin.py:137} INFO - [2024-09-24T16:15:42.579+0000] {dagbag.py:532} INFO - Filling up the DagBag from /usr/local/lib/python3.9/site-packages/airflow/example_dags/tutorial_taskflow_api_virtualenv.py
[2024-09-24T16:15:42.730+0000] {logging_mixin.py:137} INFO - [2024-09-24T16:15:42.726+0000] {tutorial_taskflow_api_virtualenv.py:29} WARNING - The tutorial_taskflow_api_virtualenv example DAG requires virtualenv, please install it.
[2024-09-24T16:15:42.742+0000] {processor.py:755} WARNING - No viable dags retrieved from /usr/local/lib/python3.9/site-packages/airflow/example_dags/tutorial_taskflow_api_virtualenv.py
[2024-09-24T16:15:43.001+0000] {processor.py:175} INFO - Processing /usr/local/lib/python3.9/site-packages/airflow/example_dags/tutorial_taskflow_api_virtualenv.py took 0.473 seconds
[2024-09-24T16:16:13.323+0000] {processor.py:153} INFO - Started process (PID=1675) to work on /usr/local/lib/python3.9/site-packages/airflow/example_dags/tutorial_taskflow_api_virtualenv.py
[2024-09-24T16:16:13.327+0000] {processor.py:743} INFO - Processing file /usr/local/lib/python3.9/site-packages/airflow/example_dags/tutorial_taskflow_api_virtualenv.py for tasks to queue
[2024-09-24T16:16:13.328+0000] {logging_mixin.py:137} INFO - [2024-09-24T16:16:13.328+0000] {dagbag.py:532} INFO - Filling up the DagBag from /usr/local/lib/python3.9/site-packages/airflow/example_dags/tutorial_taskflow_api_virtualenv.py
[2024-09-24T16:16:13.347+0000] {logging_mixin.py:137} INFO - [2024-09-24T16:16:13.347+0000] {tutorial_taskflow_api_virtualenv.py:29} WARNING - The tutorial_taskflow_api_virtualenv example DAG requires virtualenv, please install it.
[2024-09-24T16:16:13.347+0000] {processor.py:755} WARNING - No viable dags retrieved from /usr/local/lib/python3.9/site-packages/airflow/example_dags/tutorial_taskflow_api_virtualenv.py
[2024-09-24T16:16:13.365+0000] {processor.py:175} INFO - Processing /usr/local/lib/python3.9/site-packages/airflow/example_dags/tutorial_taskflow_api_virtualenv.py took 0.046 seconds
[2024-09-24T16:16:43.512+0000] {processor.py:153} INFO - Started process (PID=1887) to work on /usr/local/lib/python3.9/site-packages/airflow/example_dags/tutorial_taskflow_api_virtualenv.py
[2024-09-24T16:16:43.516+0000] {processor.py:743} INFO - Processing file /usr/local/lib/python3.9/site-packages/airflow/example_dags/tutorial_taskflow_api_virtualenv.py for tasks to queue
[2024-09-24T16:16:43.516+0000] {logging_mixin.py:137} INFO - [2024-09-24T16:16:43.516+0000] {dagbag.py:532} INFO - Filling up the DagBag from /usr/local/lib/python3.9/site-packages/airflow/example_dags/tutorial_taskflow_api_virtualenv.py
[2024-09-24T16:16:43.532+0000] {logging_mixin.py:137} INFO - [2024-09-24T16:16:43.532+0000] {tutorial_taskflow_api_virtualenv.py:29} WARNING - The tutorial_taskflow_api_virtualenv example DAG requires virtualenv, please install it.
[2024-09-24T16:16:43.533+0000] {processor.py:755} WARNING - No viable dags retrieved from /usr/local/lib/python3.9/site-packages/airflow/example_dags/tutorial_taskflow_api_virtualenv.py
[2024-09-24T16:16:43.539+0000] {processor.py:175} INFO - Processing /usr/local/lib/python3.9/site-packages/airflow/example_dags/tutorial_taskflow_api_virtualenv.py took 0.032 seconds
[2024-09-24T16:17:14.091+0000] {processor.py:153} INFO - Started process (PID=2098) to work on /usr/local/lib/python3.9/site-packages/airflow/example_dags/tutorial_taskflow_api_virtualenv.py
[2024-09-24T16:17:14.097+0000] {processor.py:743} INFO - Processing file /usr/local/lib/python3.9/site-packages/airflow/example_dags/tutorial_taskflow_api_virtualenv.py for tasks to queue
[2024-09-24T16:17:14.098+0000] {logging_mixin.py:137} INFO - [2024-09-24T16:17:14.098+0000] {dagbag.py:532} INFO - Filling up the DagBag from /usr/local/lib/python3.9/site-packages/airflow/example_dags/tutorial_taskflow_api_virtualenv.py
[2024-09-24T16:17:14.115+0000] {logging_mixin.py:137} INFO - [2024-09-24T16:17:14.115+0000] {tutorial_taskflow_api_virtualenv.py:29} WARNING - The tutorial_taskflow_api_virtualenv example DAG requires virtualenv, please install it.
[2024-09-24T16:17:14.115+0000] {processor.py:755} WARNING - No viable dags retrieved from /usr/local/lib/python3.9/site-packages/airflow/example_dags/tutorial_taskflow_api_virtualenv.py
[2024-09-24T16:17:14.126+0000] {processor.py:175} INFO - Processing /usr/local/lib/python3.9/site-packages/airflow/example_dags/tutorial_taskflow_api_virtualenv.py took 0.040 seconds
[2024-09-24T16:17:44.891+0000] {processor.py:153} INFO - Started process (PID=2308) to work on /usr/local/lib/python3.9/site-packages/airflow/example_dags/tutorial_taskflow_api_virtualenv.py
[2024-09-24T16:17:44.893+0000] {processor.py:743} INFO - Processing file /usr/local/lib/python3.9/site-packages/airflow/example_dags/tutorial_taskflow_api_virtualenv.py for tasks to queue
[2024-09-24T16:17:44.894+0000] {logging_mixin.py:137} INFO - [2024-09-24T16:17:44.894+0000] {dagbag.py:532} INFO - Filling up the DagBag from /usr/local/lib/python3.9/site-packages/airflow/example_dags/tutorial_taskflow_api_virtualenv.py
[2024-09-24T16:17:44.910+0000] {logging_mixin.py:137} INFO - [2024-09-24T16:17:44.910+0000] {tutorial_taskflow_api_virtualenv.py:29} WARNING - The tutorial_taskflow_api_virtualenv example DAG requires virtualenv, please install it.
[2024-09-24T16:17:44.911+0000] {processor.py:755} WARNING - No viable dags retrieved from /usr/local/lib/python3.9/site-packages/airflow/example_dags/tutorial_taskflow_api_virtualenv.py
[2024-09-24T16:17:44.920+0000] {processor.py:175} INFO - Processing /usr/local/lib/python3.9/site-packages/airflow/example_dags/tutorial_taskflow_api_virtualenv.py took 0.032 seconds
[2024-09-24T16:18:15.675+0000] {processor.py:153} INFO - Started process (PID=2520) to work on /usr/local/lib/python3.9/site-packages/airflow/example_dags/tutorial_taskflow_api_virtualenv.py
[2024-09-24T16:18:15.675+0000] {processor.py:743} INFO - Processing file /usr/local/lib/python3.9/site-packages/airflow/example_dags/tutorial_taskflow_api_virtualenv.py for tasks to queue
[2024-09-24T16:18:15.675+0000] {logging_mixin.py:137} INFO - [2024-09-24T16:18:15.675+0000] {dagbag.py:532} INFO - Filling up the DagBag from /usr/local/lib/python3.9/site-packages/airflow/example_dags/tutorial_taskflow_api_virtualenv.py
[2024-09-24T16:18:15.682+0000] {logging_mixin.py:137} INFO - [2024-09-24T16:18:15.682+0000] {tutorial_taskflow_api_virtualenv.py:29} WARNING - The tutorial_taskflow_api_virtualenv example DAG requires virtualenv, please install it.
[2024-09-24T16:18:15.682+0000] {processor.py:755} WARNING - No viable dags retrieved from /usr/local/lib/python3.9/site-packages/airflow/example_dags/tutorial_taskflow_api_virtualenv.py
[2024-09-24T16:18:15.686+0000] {processor.py:175} INFO - Processing /usr/local/lib/python3.9/site-packages/airflow/example_dags/tutorial_taskflow_api_virtualenv.py took 0.125 seconds
[2024-09-24T17:55:50.764+0000] {processor.py:153} INFO - Started process (PID=186) to work on /usr/local/lib/python3.9/site-packages/airflow/example_dags/tutorial_taskflow_api_virtualenv.py
[2024-09-24T17:55:50.765+0000] {processor.py:743} INFO - Processing file /usr/local/lib/python3.9/site-packages/airflow/example_dags/tutorial_taskflow_api_virtualenv.py for tasks to queue
[2024-09-24T17:55:50.765+0000] {logging_mixin.py:137} INFO - [2024-09-24T17:55:50.765+0000] {dagbag.py:532} INFO - Filling up the DagBag from /usr/local/lib/python3.9/site-packages/airflow/example_dags/tutorial_taskflow_api_virtualenv.py
[2024-09-24T17:55:50.777+0000] {logging_mixin.py:137} INFO - [2024-09-24T17:55:50.777+0000] {tutorial_taskflow_api_virtualenv.py:29} WARNING - The tutorial_taskflow_api_virtualenv example DAG requires virtualenv, please install it.
[2024-09-24T17:55:50.777+0000] {processor.py:755} WARNING - No viable dags retrieved from /usr/local/lib/python3.9/site-packages/airflow/example_dags/tutorial_taskflow_api_virtualenv.py
[2024-09-24T17:55:50.786+0000] {processor.py:175} INFO - Processing /usr/local/lib/python3.9/site-packages/airflow/example_dags/tutorial_taskflow_api_virtualenv.py took 0.024 seconds
[2024-09-24T17:56:21.163+0000] {processor.py:153} INFO - Started process (PID=407) to work on /usr/local/lib/python3.9/site-packages/airflow/example_dags/tutorial_taskflow_api_virtualenv.py
[2024-09-24T17:56:21.173+0000] {processor.py:743} INFO - Processing file /usr/local/lib/python3.9/site-packages/airflow/example_dags/tutorial_taskflow_api_virtualenv.py for tasks to queue
[2024-09-24T17:56:21.180+0000] {logging_mixin.py:137} INFO - [2024-09-24T17:56:21.179+0000] {dagbag.py:532} INFO - Filling up the DagBag from /usr/local/lib/python3.9/site-packages/airflow/example_dags/tutorial_taskflow_api_virtualenv.py
[2024-09-24T17:56:21.252+0000] {logging_mixin.py:137} INFO - [2024-09-24T17:56:21.252+0000] {tutorial_taskflow_api_virtualenv.py:29} WARNING - The tutorial_taskflow_api_virtualenv example DAG requires virtualenv, please install it.
[2024-09-24T17:56:21.259+0000] {processor.py:755} WARNING - No viable dags retrieved from /usr/local/lib/python3.9/site-packages/airflow/example_dags/tutorial_taskflow_api_virtualenv.py
[2024-09-24T17:56:21.313+0000] {processor.py:175} INFO - Processing /usr/local/lib/python3.9/site-packages/airflow/example_dags/tutorial_taskflow_api_virtualenv.py took 0.160 seconds
[2024-09-24T18:44:44.828+0000] {processor.py:153} INFO - Started process (PID=191) to work on /usr/local/lib/python3.9/site-packages/airflow/example_dags/tutorial_taskflow_api_virtualenv.py
[2024-09-24T18:44:44.829+0000] {processor.py:743} INFO - Processing file /usr/local/lib/python3.9/site-packages/airflow/example_dags/tutorial_taskflow_api_virtualenv.py for tasks to queue
[2024-09-24T18:44:44.830+0000] {logging_mixin.py:137} INFO - [2024-09-24T18:44:44.830+0000] {dagbag.py:532} INFO - Filling up the DagBag from /usr/local/lib/python3.9/site-packages/airflow/example_dags/tutorial_taskflow_api_virtualenv.py
[2024-09-24T18:44:44.847+0000] {logging_mixin.py:137} INFO - [2024-09-24T18:44:44.847+0000] {tutorial_taskflow_api_virtualenv.py:29} WARNING - The tutorial_taskflow_api_virtualenv example DAG requires virtualenv, please install it.
[2024-09-24T18:44:44.848+0000] {processor.py:755} WARNING - No viable dags retrieved from /usr/local/lib/python3.9/site-packages/airflow/example_dags/tutorial_taskflow_api_virtualenv.py
[2024-09-24T18:44:44.855+0000] {processor.py:175} INFO - Processing /usr/local/lib/python3.9/site-packages/airflow/example_dags/tutorial_taskflow_api_virtualenv.py took 0.029 seconds
[2024-09-24T18:45:15.564+0000] {processor.py:153} INFO - Started process (PID=413) to work on /usr/local/lib/python3.9/site-packages/airflow/example_dags/tutorial_taskflow_api_virtualenv.py
[2024-09-24T18:45:15.570+0000] {processor.py:743} INFO - Processing file /usr/local/lib/python3.9/site-packages/airflow/example_dags/tutorial_taskflow_api_virtualenv.py for tasks to queue
[2024-09-24T18:45:15.570+0000] {logging_mixin.py:137} INFO - [2024-09-24T18:45:15.570+0000] {dagbag.py:532} INFO - Filling up the DagBag from /usr/local/lib/python3.9/site-packages/airflow/example_dags/tutorial_taskflow_api_virtualenv.py
[2024-09-24T18:45:15.588+0000] {logging_mixin.py:137} INFO - [2024-09-24T18:45:15.588+0000] {tutorial_taskflow_api_virtualenv.py:29} WARNING - The tutorial_taskflow_api_virtualenv example DAG requires virtualenv, please install it.
[2024-09-24T18:45:15.588+0000] {processor.py:755} WARNING - No viable dags retrieved from /usr/local/lib/python3.9/site-packages/airflow/example_dags/tutorial_taskflow_api_virtualenv.py
[2024-09-24T18:45:15.613+0000] {processor.py:175} INFO - Processing /usr/local/lib/python3.9/site-packages/airflow/example_dags/tutorial_taskflow_api_virtualenv.py took 0.059 seconds
[2024-09-24T18:45:46.297+0000] {processor.py:153} INFO - Started process (PID=624) to work on /usr/local/lib/python3.9/site-packages/airflow/example_dags/tutorial_taskflow_api_virtualenv.py
[2024-09-24T18:45:46.299+0000] {processor.py:743} INFO - Processing file /usr/local/lib/python3.9/site-packages/airflow/example_dags/tutorial_taskflow_api_virtualenv.py for tasks to queue
[2024-09-24T18:45:46.299+0000] {logging_mixin.py:137} INFO - [2024-09-24T18:45:46.299+0000] {dagbag.py:532} INFO - Filling up the DagBag from /usr/local/lib/python3.9/site-packages/airflow/example_dags/tutorial_taskflow_api_virtualenv.py
[2024-09-24T18:45:46.327+0000] {logging_mixin.py:137} INFO - [2024-09-24T18:45:46.327+0000] {tutorial_taskflow_api_virtualenv.py:29} WARNING - The tutorial_taskflow_api_virtualenv example DAG requires virtualenv, please install it.
[2024-09-24T18:45:46.328+0000] {processor.py:755} WARNING - No viable dags retrieved from /usr/local/lib/python3.9/site-packages/airflow/example_dags/tutorial_taskflow_api_virtualenv.py
[2024-09-24T18:45:46.339+0000] {processor.py:175} INFO - Processing /usr/local/lib/python3.9/site-packages/airflow/example_dags/tutorial_taskflow_api_virtualenv.py took 0.048 seconds
[2024-09-24T18:46:17.284+0000] {processor.py:153} INFO - Started process (PID=834) to work on /usr/local/lib/python3.9/site-packages/airflow/example_dags/tutorial_taskflow_api_virtualenv.py
[2024-09-24T18:46:17.286+0000] {processor.py:743} INFO - Processing file /usr/local/lib/python3.9/site-packages/airflow/example_dags/tutorial_taskflow_api_virtualenv.py for tasks to queue
[2024-09-24T18:46:17.287+0000] {logging_mixin.py:137} INFO - [2024-09-24T18:46:17.287+0000] {dagbag.py:532} INFO - Filling up the DagBag from /usr/local/lib/python3.9/site-packages/airflow/example_dags/tutorial_taskflow_api_virtualenv.py
[2024-09-24T18:46:17.336+0000] {logging_mixin.py:137} INFO - [2024-09-24T18:46:17.336+0000] {tutorial_taskflow_api_virtualenv.py:29} WARNING - The tutorial_taskflow_api_virtualenv example DAG requires virtualenv, please install it.
[2024-09-24T18:46:17.337+0000] {processor.py:755} WARNING - No viable dags retrieved from /usr/local/lib/python3.9/site-packages/airflow/example_dags/tutorial_taskflow_api_virtualenv.py
[2024-09-24T18:46:17.372+0000] {processor.py:175} INFO - Processing /usr/local/lib/python3.9/site-packages/airflow/example_dags/tutorial_taskflow_api_virtualenv.py took 0.102 seconds
[2024-09-24T18:46:48.382+0000] {processor.py:153} INFO - Started process (PID=1045) to work on /usr/local/lib/python3.9/site-packages/airflow/example_dags/tutorial_taskflow_api_virtualenv.py
[2024-09-24T18:46:48.389+0000] {processor.py:743} INFO - Processing file /usr/local/lib/python3.9/site-packages/airflow/example_dags/tutorial_taskflow_api_virtualenv.py for tasks to queue
[2024-09-24T18:46:48.392+0000] {logging_mixin.py:137} INFO - [2024-09-24T18:46:48.391+0000] {dagbag.py:532} INFO - Filling up the DagBag from /usr/local/lib/python3.9/site-packages/airflow/example_dags/tutorial_taskflow_api_virtualenv.py
[2024-09-24T18:46:48.566+0000] {logging_mixin.py:137} INFO - [2024-09-24T18:46:48.566+0000] {tutorial_taskflow_api_virtualenv.py:29} WARNING - The tutorial_taskflow_api_virtualenv example DAG requires virtualenv, please install it.
[2024-09-24T18:46:48.567+0000] {processor.py:755} WARNING - No viable dags retrieved from /usr/local/lib/python3.9/site-packages/airflow/example_dags/tutorial_taskflow_api_virtualenv.py
[2024-09-24T18:46:48.691+0000] {processor.py:175} INFO - Processing /usr/local/lib/python3.9/site-packages/airflow/example_dags/tutorial_taskflow_api_virtualenv.py took 0.371 seconds
[2024-09-24T18:47:19.730+0000] {processor.py:153} INFO - Started process (PID=1256) to work on /usr/local/lib/python3.9/site-packages/airflow/example_dags/tutorial_taskflow_api_virtualenv.py
[2024-09-24T18:47:19.776+0000] {processor.py:743} INFO - Processing file /usr/local/lib/python3.9/site-packages/airflow/example_dags/tutorial_taskflow_api_virtualenv.py for tasks to queue
[2024-09-24T18:47:19.785+0000] {logging_mixin.py:137} INFO - [2024-09-24T18:47:19.785+0000] {dagbag.py:532} INFO - Filling up the DagBag from /usr/local/lib/python3.9/site-packages/airflow/example_dags/tutorial_taskflow_api_virtualenv.py
[2024-09-24T18:47:20.199+0000] {logging_mixin.py:137} INFO - [2024-09-24T18:47:20.199+0000] {tutorial_taskflow_api_virtualenv.py:29} WARNING - The tutorial_taskflow_api_virtualenv example DAG requires virtualenv, please install it.
[2024-09-24T18:47:20.224+0000] {processor.py:755} WARNING - No viable dags retrieved from /usr/local/lib/python3.9/site-packages/airflow/example_dags/tutorial_taskflow_api_virtualenv.py
[2024-09-24T18:47:20.461+0000] {processor.py:175} INFO - Processing /usr/local/lib/python3.9/site-packages/airflow/example_dags/tutorial_taskflow_api_virtualenv.py took 1.041 seconds
[2024-09-24T18:47:50.611+0000] {processor.py:153} INFO - Started process (PID=1469) to work on /usr/local/lib/python3.9/site-packages/airflow/example_dags/tutorial_taskflow_api_virtualenv.py
[2024-09-24T18:47:50.622+0000] {processor.py:743} INFO - Processing file /usr/local/lib/python3.9/site-packages/airflow/example_dags/tutorial_taskflow_api_virtualenv.py for tasks to queue
[2024-09-24T18:47:50.652+0000] {logging_mixin.py:137} INFO - [2024-09-24T18:47:50.652+0000] {dagbag.py:532} INFO - Filling up the DagBag from /usr/local/lib/python3.9/site-packages/airflow/example_dags/tutorial_taskflow_api_virtualenv.py
[2024-09-24T18:47:50.732+0000] {logging_mixin.py:137} INFO - [2024-09-24T18:47:50.732+0000] {tutorial_taskflow_api_virtualenv.py:29} WARNING - The tutorial_taskflow_api_virtualenv example DAG requires virtualenv, please install it.
[2024-09-24T18:47:50.732+0000] {processor.py:755} WARNING - No viable dags retrieved from /usr/local/lib/python3.9/site-packages/airflow/example_dags/tutorial_taskflow_api_virtualenv.py
[2024-09-24T18:47:50.745+0000] {processor.py:175} INFO - Processing /usr/local/lib/python3.9/site-packages/airflow/example_dags/tutorial_taskflow_api_virtualenv.py took 0.200 seconds
[2024-09-24T18:48:21.591+0000] {processor.py:153} INFO - Started process (PID=1680) to work on /usr/local/lib/python3.9/site-packages/airflow/example_dags/tutorial_taskflow_api_virtualenv.py
[2024-09-24T18:48:21.598+0000] {processor.py:743} INFO - Processing file /usr/local/lib/python3.9/site-packages/airflow/example_dags/tutorial_taskflow_api_virtualenv.py for tasks to queue
[2024-09-24T18:48:21.611+0000] {logging_mixin.py:137} INFO - [2024-09-24T18:48:21.607+0000] {dagbag.py:532} INFO - Filling up the DagBag from /usr/local/lib/python3.9/site-packages/airflow/example_dags/tutorial_taskflow_api_virtualenv.py
[2024-09-24T18:48:21.715+0000] {logging_mixin.py:137} INFO - [2024-09-24T18:48:21.715+0000] {tutorial_taskflow_api_virtualenv.py:29} WARNING - The tutorial_taskflow_api_virtualenv example DAG requires virtualenv, please install it.
[2024-09-24T18:48:21.716+0000] {processor.py:755} WARNING - No viable dags retrieved from /usr/local/lib/python3.9/site-packages/airflow/example_dags/tutorial_taskflow_api_virtualenv.py
[2024-09-24T18:48:21.724+0000] {processor.py:175} INFO - Processing /usr/local/lib/python3.9/site-packages/airflow/example_dags/tutorial_taskflow_api_virtualenv.py took 0.198 seconds
[2024-09-24T18:48:52.390+0000] {processor.py:153} INFO - Started process (PID=1889) to work on /usr/local/lib/python3.9/site-packages/airflow/example_dags/tutorial_taskflow_api_virtualenv.py
[2024-09-24T18:48:52.396+0000] {processor.py:743} INFO - Processing file /usr/local/lib/python3.9/site-packages/airflow/example_dags/tutorial_taskflow_api_virtualenv.py for tasks to queue
[2024-09-24T18:48:52.397+0000] {logging_mixin.py:137} INFO - [2024-09-24T18:48:52.396+0000] {dagbag.py:532} INFO - Filling up the DagBag from /usr/local/lib/python3.9/site-packages/airflow/example_dags/tutorial_taskflow_api_virtualenv.py
[2024-09-24T18:48:52.422+0000] {logging_mixin.py:137} INFO - [2024-09-24T18:48:52.422+0000] {tutorial_taskflow_api_virtualenv.py:29} WARNING - The tutorial_taskflow_api_virtualenv example DAG requires virtualenv, please install it.
[2024-09-24T18:48:52.423+0000] {processor.py:755} WARNING - No viable dags retrieved from /usr/local/lib/python3.9/site-packages/airflow/example_dags/tutorial_taskflow_api_virtualenv.py
[2024-09-24T18:48:52.435+0000] {processor.py:175} INFO - Processing /usr/local/lib/python3.9/site-packages/airflow/example_dags/tutorial_taskflow_api_virtualenv.py took 0.050 seconds
[2024-09-24T18:49:23.491+0000] {processor.py:153} INFO - Started process (PID=2102) to work on /usr/local/lib/python3.9/site-packages/airflow/example_dags/tutorial_taskflow_api_virtualenv.py
[2024-09-24T18:49:23.493+0000] {processor.py:743} INFO - Processing file /usr/local/lib/python3.9/site-packages/airflow/example_dags/tutorial_taskflow_api_virtualenv.py for tasks to queue
[2024-09-24T18:49:23.494+0000] {logging_mixin.py:137} INFO - [2024-09-24T18:49:23.494+0000] {dagbag.py:532} INFO - Filling up the DagBag from /usr/local/lib/python3.9/site-packages/airflow/example_dags/tutorial_taskflow_api_virtualenv.py
[2024-09-24T18:49:23.510+0000] {logging_mixin.py:137} INFO - [2024-09-24T18:49:23.510+0000] {tutorial_taskflow_api_virtualenv.py:29} WARNING - The tutorial_taskflow_api_virtualenv example DAG requires virtualenv, please install it.
[2024-09-24T18:49:23.511+0000] {processor.py:755} WARNING - No viable dags retrieved from /usr/local/lib/python3.9/site-packages/airflow/example_dags/tutorial_taskflow_api_virtualenv.py
[2024-09-24T18:49:23.536+0000] {processor.py:175} INFO - Processing /usr/local/lib/python3.9/site-packages/airflow/example_dags/tutorial_taskflow_api_virtualenv.py took 0.050 seconds
[2024-09-24T18:49:54.045+0000] {processor.py:153} INFO - Started process (PID=2313) to work on /usr/local/lib/python3.9/site-packages/airflow/example_dags/tutorial_taskflow_api_virtualenv.py
[2024-09-24T18:49:54.046+0000] {processor.py:743} INFO - Processing file /usr/local/lib/python3.9/site-packages/airflow/example_dags/tutorial_taskflow_api_virtualenv.py for tasks to queue
[2024-09-24T18:49:54.050+0000] {logging_mixin.py:137} INFO - [2024-09-24T18:49:54.050+0000] {dagbag.py:532} INFO - Filling up the DagBag from /usr/local/lib/python3.9/site-packages/airflow/example_dags/tutorial_taskflow_api_virtualenv.py
[2024-09-24T18:49:54.061+0000] {logging_mixin.py:137} INFO - [2024-09-24T18:49:54.061+0000] {tutorial_taskflow_api_virtualenv.py:29} WARNING - The tutorial_taskflow_api_virtualenv example DAG requires virtualenv, please install it.
[2024-09-24T18:49:54.062+0000] {processor.py:755} WARNING - No viable dags retrieved from /usr/local/lib/python3.9/site-packages/airflow/example_dags/tutorial_taskflow_api_virtualenv.py
[2024-09-24T18:49:54.115+0000] {processor.py:175} INFO - Processing /usr/local/lib/python3.9/site-packages/airflow/example_dags/tutorial_taskflow_api_virtualenv.py took 0.073 seconds
[2024-09-24T18:50:24.302+0000] {processor.py:153} INFO - Started process (PID=2523) to work on /usr/local/lib/python3.9/site-packages/airflow/example_dags/tutorial_taskflow_api_virtualenv.py
[2024-09-24T18:50:24.303+0000] {processor.py:743} INFO - Processing file /usr/local/lib/python3.9/site-packages/airflow/example_dags/tutorial_taskflow_api_virtualenv.py for tasks to queue
[2024-09-24T18:50:24.303+0000] {logging_mixin.py:137} INFO - [2024-09-24T18:50:24.303+0000] {dagbag.py:532} INFO - Filling up the DagBag from /usr/local/lib/python3.9/site-packages/airflow/example_dags/tutorial_taskflow_api_virtualenv.py
[2024-09-24T18:50:24.316+0000] {logging_mixin.py:137} INFO - [2024-09-24T18:50:24.316+0000] {tutorial_taskflow_api_virtualenv.py:29} WARNING - The tutorial_taskflow_api_virtualenv example DAG requires virtualenv, please install it.
[2024-09-24T18:50:24.316+0000] {processor.py:755} WARNING - No viable dags retrieved from /usr/local/lib/python3.9/site-packages/airflow/example_dags/tutorial_taskflow_api_virtualenv.py
[2024-09-24T18:50:24.324+0000] {processor.py:175} INFO - Processing /usr/local/lib/python3.9/site-packages/airflow/example_dags/tutorial_taskflow_api_virtualenv.py took 0.025 seconds
[2024-09-24T18:50:55.032+0000] {processor.py:153} INFO - Started process (PID=2735) to work on /usr/local/lib/python3.9/site-packages/airflow/example_dags/tutorial_taskflow_api_virtualenv.py
[2024-09-24T18:50:55.033+0000] {processor.py:743} INFO - Processing file /usr/local/lib/python3.9/site-packages/airflow/example_dags/tutorial_taskflow_api_virtualenv.py for tasks to queue
[2024-09-24T18:50:55.034+0000] {logging_mixin.py:137} INFO - [2024-09-24T18:50:55.033+0000] {dagbag.py:532} INFO - Filling up the DagBag from /usr/local/lib/python3.9/site-packages/airflow/example_dags/tutorial_taskflow_api_virtualenv.py
[2024-09-24T18:50:55.045+0000] {logging_mixin.py:137} INFO - [2024-09-24T18:50:55.045+0000] {tutorial_taskflow_api_virtualenv.py:29} WARNING - The tutorial_taskflow_api_virtualenv example DAG requires virtualenv, please install it.
[2024-09-24T18:50:55.045+0000] {processor.py:755} WARNING - No viable dags retrieved from /usr/local/lib/python3.9/site-packages/airflow/example_dags/tutorial_taskflow_api_virtualenv.py
[2024-09-24T18:50:55.053+0000] {processor.py:175} INFO - Processing /usr/local/lib/python3.9/site-packages/airflow/example_dags/tutorial_taskflow_api_virtualenv.py took 0.023 seconds
[2024-09-24T18:51:25.646+0000] {processor.py:153} INFO - Started process (PID=2945) to work on /usr/local/lib/python3.9/site-packages/airflow/example_dags/tutorial_taskflow_api_virtualenv.py
[2024-09-24T18:51:25.648+0000] {processor.py:743} INFO - Processing file /usr/local/lib/python3.9/site-packages/airflow/example_dags/tutorial_taskflow_api_virtualenv.py for tasks to queue
[2024-09-24T18:51:25.650+0000] {logging_mixin.py:137} INFO - [2024-09-24T18:51:25.649+0000] {dagbag.py:532} INFO - Filling up the DagBag from /usr/local/lib/python3.9/site-packages/airflow/example_dags/tutorial_taskflow_api_virtualenv.py
[2024-09-24T18:51:25.667+0000] {logging_mixin.py:137} INFO - [2024-09-24T18:51:25.667+0000] {tutorial_taskflow_api_virtualenv.py:29} WARNING - The tutorial_taskflow_api_virtualenv example DAG requires virtualenv, please install it.
[2024-09-24T18:51:25.668+0000] {processor.py:755} WARNING - No viable dags retrieved from /usr/local/lib/python3.9/site-packages/airflow/example_dags/tutorial_taskflow_api_virtualenv.py
[2024-09-24T18:51:25.677+0000] {processor.py:175} INFO - Processing /usr/local/lib/python3.9/site-packages/airflow/example_dags/tutorial_taskflow_api_virtualenv.py took 0.041 seconds
[2024-09-24T18:51:56.537+0000] {processor.py:153} INFO - Started process (PID=3156) to work on /usr/local/lib/python3.9/site-packages/airflow/example_dags/tutorial_taskflow_api_virtualenv.py
[2024-09-24T18:51:56.540+0000] {processor.py:743} INFO - Processing file /usr/local/lib/python3.9/site-packages/airflow/example_dags/tutorial_taskflow_api_virtualenv.py for tasks to queue
[2024-09-24T18:51:56.541+0000] {logging_mixin.py:137} INFO - [2024-09-24T18:51:56.541+0000] {dagbag.py:532} INFO - Filling up the DagBag from /usr/local/lib/python3.9/site-packages/airflow/example_dags/tutorial_taskflow_api_virtualenv.py
[2024-09-24T18:51:56.569+0000] {logging_mixin.py:137} INFO - [2024-09-24T18:51:56.568+0000] {tutorial_taskflow_api_virtualenv.py:29} WARNING - The tutorial_taskflow_api_virtualenv example DAG requires virtualenv, please install it.
[2024-09-24T18:51:56.569+0000] {processor.py:755} WARNING - No viable dags retrieved from /usr/local/lib/python3.9/site-packages/airflow/example_dags/tutorial_taskflow_api_virtualenv.py
[2024-09-24T18:51:56.579+0000] {processor.py:175} INFO - Processing /usr/local/lib/python3.9/site-packages/airflow/example_dags/tutorial_taskflow_api_virtualenv.py took 0.054 seconds
[2024-09-24T18:52:27.388+0000] {processor.py:153} INFO - Started process (PID=3367) to work on /usr/local/lib/python3.9/site-packages/airflow/example_dags/tutorial_taskflow_api_virtualenv.py
[2024-09-24T18:52:27.389+0000] {processor.py:743} INFO - Processing file /usr/local/lib/python3.9/site-packages/airflow/example_dags/tutorial_taskflow_api_virtualenv.py for tasks to queue
[2024-09-24T18:52:27.390+0000] {logging_mixin.py:137} INFO - [2024-09-24T18:52:27.390+0000] {dagbag.py:532} INFO - Filling up the DagBag from /usr/local/lib/python3.9/site-packages/airflow/example_dags/tutorial_taskflow_api_virtualenv.py
[2024-09-24T18:52:27.411+0000] {logging_mixin.py:137} INFO - [2024-09-24T18:52:27.411+0000] {tutorial_taskflow_api_virtualenv.py:29} WARNING - The tutorial_taskflow_api_virtualenv example DAG requires virtualenv, please install it.
[2024-09-24T18:52:27.411+0000] {processor.py:755} WARNING - No viable dags retrieved from /usr/local/lib/python3.9/site-packages/airflow/example_dags/tutorial_taskflow_api_virtualenv.py
[2024-09-24T18:52:27.420+0000] {processor.py:175} INFO - Processing /usr/local/lib/python3.9/site-packages/airflow/example_dags/tutorial_taskflow_api_virtualenv.py took 0.041 seconds
[2024-09-24T18:52:58.362+0000] {processor.py:153} INFO - Started process (PID=3578) to work on /usr/local/lib/python3.9/site-packages/airflow/example_dags/tutorial_taskflow_api_virtualenv.py
[2024-09-24T18:52:58.364+0000] {processor.py:743} INFO - Processing file /usr/local/lib/python3.9/site-packages/airflow/example_dags/tutorial_taskflow_api_virtualenv.py for tasks to queue
[2024-09-24T18:52:58.364+0000] {logging_mixin.py:137} INFO - [2024-09-24T18:52:58.364+0000] {dagbag.py:532} INFO - Filling up the DagBag from /usr/local/lib/python3.9/site-packages/airflow/example_dags/tutorial_taskflow_api_virtualenv.py
[2024-09-24T18:52:58.381+0000] {logging_mixin.py:137} INFO - [2024-09-24T18:52:58.381+0000] {tutorial_taskflow_api_virtualenv.py:29} WARNING - The tutorial_taskflow_api_virtualenv example DAG requires virtualenv, please install it.
[2024-09-24T18:52:58.381+0000] {processor.py:755} WARNING - No viable dags retrieved from /usr/local/lib/python3.9/site-packages/airflow/example_dags/tutorial_taskflow_api_virtualenv.py
[2024-09-24T18:52:58.389+0000] {processor.py:175} INFO - Processing /usr/local/lib/python3.9/site-packages/airflow/example_dags/tutorial_taskflow_api_virtualenv.py took 0.033 seconds
[2024-09-24T18:53:29.371+0000] {processor.py:153} INFO - Started process (PID=3789) to work on /usr/local/lib/python3.9/site-packages/airflow/example_dags/tutorial_taskflow_api_virtualenv.py
[2024-09-24T18:53:29.373+0000] {processor.py:743} INFO - Processing file /usr/local/lib/python3.9/site-packages/airflow/example_dags/tutorial_taskflow_api_virtualenv.py for tasks to queue
[2024-09-24T18:53:29.373+0000] {logging_mixin.py:137} INFO - [2024-09-24T18:53:29.373+0000] {dagbag.py:532} INFO - Filling up the DagBag from /usr/local/lib/python3.9/site-packages/airflow/example_dags/tutorial_taskflow_api_virtualenv.py
[2024-09-24T18:53:29.395+0000] {logging_mixin.py:137} INFO - [2024-09-24T18:53:29.395+0000] {tutorial_taskflow_api_virtualenv.py:29} WARNING - The tutorial_taskflow_api_virtualenv example DAG requires virtualenv, please install it.
[2024-09-24T18:53:29.396+0000] {processor.py:755} WARNING - No viable dags retrieved from /usr/local/lib/python3.9/site-packages/airflow/example_dags/tutorial_taskflow_api_virtualenv.py
[2024-09-24T18:53:29.409+0000] {processor.py:175} INFO - Processing /usr/local/lib/python3.9/site-packages/airflow/example_dags/tutorial_taskflow_api_virtualenv.py took 0.042 seconds
