[2024-09-24T15:58:40.877+0000] {processor.py:153} INFO - Started process (PID=211) to work on /usr/local/lib/python3.9/site-packages/airflow/example_dags/tutorial_taskflow_api.py
[2024-09-24T15:58:40.878+0000] {processor.py:743} INFO - Processing file /usr/local/lib/python3.9/site-packages/airflow/example_dags/tutorial_taskflow_api.py for tasks to queue
[2024-09-24T15:58:40.878+0000] {logging_mixin.py:137} INFO - [2024-09-24T15:58:40.878+0000] {dagbag.py:532} INFO - Filling up the DagBag from /usr/local/lib/python3.9/site-packages/airflow/example_dags/tutorial_taskflow_api.py
[2024-09-24T15:58:40.890+0000] {processor.py:753} INFO - DAG(s) dict_keys(['tutorial_taskflow_api']) retrieved from /usr/local/lib/python3.9/site-packages/airflow/example_dags/tutorial_taskflow_api.py
[2024-09-24T15:58:40.954+0000] {logging_mixin.py:137} INFO - [2024-09-24T15:58:40.954+0000] {manager.py:504} INFO - Created Permission View: can delete on DAG:tutorial_taskflow_api
[2024-09-24T15:58:40.961+0000] {logging_mixin.py:137} INFO - [2024-09-24T15:58:40.961+0000] {manager.py:504} INFO - Created Permission View: can read on DAG:tutorial_taskflow_api
[2024-09-24T15:58:40.964+0000] {logging_mixin.py:137} INFO - [2024-09-24T15:58:40.964+0000] {manager.py:504} INFO - Created Permission View: can edit on DAG:tutorial_taskflow_api
[2024-09-24T15:58:40.965+0000] {logging_mixin.py:137} INFO - [2024-09-24T15:58:40.965+0000] {dag.py:2705} INFO - Sync 1 DAGs
[2024-09-24T15:58:40.971+0000] {logging_mixin.py:137} INFO - [2024-09-24T15:58:40.971+0000] {dag.py:2726} INFO - Creating ORM DAG for tutorial_taskflow_api
[2024-09-24T15:58:40.977+0000] {logging_mixin.py:137} INFO - [2024-09-24T15:58:40.977+0000] {dag.py:3452} INFO - Setting next_dagrun for tutorial_taskflow_api to None, run_after=None
[2024-09-24T15:58:40.986+0000] {processor.py:175} INFO - Processing /usr/local/lib/python3.9/site-packages/airflow/example_dags/tutorial_taskflow_api.py took 0.111 seconds
[2024-09-24T15:59:11.867+0000] {processor.py:153} INFO - Started process (PID=426) to work on /usr/local/lib/python3.9/site-packages/airflow/example_dags/tutorial_taskflow_api.py
[2024-09-24T15:59:11.869+0000] {processor.py:743} INFO - Processing file /usr/local/lib/python3.9/site-packages/airflow/example_dags/tutorial_taskflow_api.py for tasks to queue
[2024-09-24T15:59:11.870+0000] {logging_mixin.py:137} INFO - [2024-09-24T15:59:11.870+0000] {dagbag.py:532} INFO - Filling up the DagBag from /usr/local/lib/python3.9/site-packages/airflow/example_dags/tutorial_taskflow_api.py
[2024-09-24T15:59:11.890+0000] {processor.py:753} INFO - DAG(s) dict_keys(['tutorial_taskflow_api']) retrieved from /usr/local/lib/python3.9/site-packages/airflow/example_dags/tutorial_taskflow_api.py
[2024-09-24T15:59:11.909+0000] {logging_mixin.py:137} INFO - [2024-09-24T15:59:11.908+0000] {dag.py:2705} INFO - Sync 1 DAGs
[2024-09-24T15:59:11.926+0000] {logging_mixin.py:137} INFO - [2024-09-24T15:59:11.926+0000] {dag.py:3452} INFO - Setting next_dagrun for tutorial_taskflow_api to None, run_after=None
[2024-09-24T15:59:11.952+0000] {processor.py:175} INFO - Processing /usr/local/lib/python3.9/site-packages/airflow/example_dags/tutorial_taskflow_api.py took 0.086 seconds
[2024-09-24T15:59:42.380+0000] {processor.py:153} INFO - Started process (PID=637) to work on /usr/local/lib/python3.9/site-packages/airflow/example_dags/tutorial_taskflow_api.py
[2024-09-24T15:59:42.382+0000] {processor.py:743} INFO - Processing file /usr/local/lib/python3.9/site-packages/airflow/example_dags/tutorial_taskflow_api.py for tasks to queue
[2024-09-24T15:59:42.382+0000] {logging_mixin.py:137} INFO - [2024-09-24T15:59:42.382+0000] {dagbag.py:532} INFO - Filling up the DagBag from /usr/local/lib/python3.9/site-packages/airflow/example_dags/tutorial_taskflow_api.py
[2024-09-24T15:59:42.396+0000] {processor.py:753} INFO - DAG(s) dict_keys(['tutorial_taskflow_api']) retrieved from /usr/local/lib/python3.9/site-packages/airflow/example_dags/tutorial_taskflow_api.py
[2024-09-24T15:59:42.408+0000] {logging_mixin.py:137} INFO - [2024-09-24T15:59:42.407+0000] {dag.py:2705} INFO - Sync 1 DAGs
[2024-09-24T15:59:42.420+0000] {logging_mixin.py:137} INFO - [2024-09-24T15:59:42.420+0000] {dag.py:3452} INFO - Setting next_dagrun for tutorial_taskflow_api to None, run_after=None
[2024-09-24T15:59:42.500+0000] {processor.py:175} INFO - Processing /usr/local/lib/python3.9/site-packages/airflow/example_dags/tutorial_taskflow_api.py took 0.122 seconds
[2024-09-24T16:12:35.625+0000] {processor.py:153} INFO - Started process (PID=210) to work on /usr/local/lib/python3.9/site-packages/airflow/example_dags/tutorial_taskflow_api.py
[2024-09-24T16:12:35.632+0000] {processor.py:743} INFO - Processing file /usr/local/lib/python3.9/site-packages/airflow/example_dags/tutorial_taskflow_api.py for tasks to queue
[2024-09-24T16:12:35.633+0000] {logging_mixin.py:137} INFO - [2024-09-24T16:12:35.633+0000] {dagbag.py:532} INFO - Filling up the DagBag from /usr/local/lib/python3.9/site-packages/airflow/example_dags/tutorial_taskflow_api.py
[2024-09-24T16:12:35.651+0000] {processor.py:753} INFO - DAG(s) dict_keys(['tutorial_taskflow_api']) retrieved from /usr/local/lib/python3.9/site-packages/airflow/example_dags/tutorial_taskflow_api.py
[2024-09-24T16:12:35.782+0000] {logging_mixin.py:137} INFO - [2024-09-24T16:12:35.782+0000] {manager.py:504} INFO - Created Permission View: can read on DAG:tutorial_taskflow_api
[2024-09-24T16:12:35.786+0000] {logging_mixin.py:137} INFO - [2024-09-24T16:12:35.786+0000] {manager.py:504} INFO - Created Permission View: can edit on DAG:tutorial_taskflow_api
[2024-09-24T16:12:35.789+0000] {logging_mixin.py:137} INFO - [2024-09-24T16:12:35.789+0000] {manager.py:504} INFO - Created Permission View: can delete on DAG:tutorial_taskflow_api
[2024-09-24T16:12:35.789+0000] {logging_mixin.py:137} INFO - [2024-09-24T16:12:35.789+0000] {dag.py:2705} INFO - Sync 1 DAGs
[2024-09-24T16:12:35.796+0000] {logging_mixin.py:137} INFO - [2024-09-24T16:12:35.796+0000] {dag.py:2726} INFO - Creating ORM DAG for tutorial_taskflow_api
[2024-09-24T16:12:35.803+0000] {logging_mixin.py:137} INFO - [2024-09-24T16:12:35.803+0000] {dag.py:3452} INFO - Setting next_dagrun for tutorial_taskflow_api to None, run_after=None
[2024-09-24T16:12:35.814+0000] {processor.py:175} INFO - Processing /usr/local/lib/python3.9/site-packages/airflow/example_dags/tutorial_taskflow_api.py took 0.216 seconds
[2024-09-24T16:13:06.493+0000] {processor.py:153} INFO - Started process (PID=424) to work on /usr/local/lib/python3.9/site-packages/airflow/example_dags/tutorial_taskflow_api.py
[2024-09-24T16:13:06.495+0000] {processor.py:743} INFO - Processing file /usr/local/lib/python3.9/site-packages/airflow/example_dags/tutorial_taskflow_api.py for tasks to queue
[2024-09-24T16:13:06.497+0000] {logging_mixin.py:137} INFO - [2024-09-24T16:13:06.497+0000] {dagbag.py:532} INFO - Filling up the DagBag from /usr/local/lib/python3.9/site-packages/airflow/example_dags/tutorial_taskflow_api.py
[2024-09-24T16:13:06.558+0000] {processor.py:753} INFO - DAG(s) dict_keys(['tutorial_taskflow_api']) retrieved from /usr/local/lib/python3.9/site-packages/airflow/example_dags/tutorial_taskflow_api.py
[2024-09-24T16:13:06.601+0000] {logging_mixin.py:137} INFO - [2024-09-24T16:13:06.601+0000] {dag.py:2705} INFO - Sync 1 DAGs
[2024-09-24T16:13:06.647+0000] {logging_mixin.py:137} INFO - [2024-09-24T16:13:06.646+0000] {dag.py:3452} INFO - Setting next_dagrun for tutorial_taskflow_api to None, run_after=None
[2024-09-24T16:13:06.748+0000] {processor.py:175} INFO - Processing /usr/local/lib/python3.9/site-packages/airflow/example_dags/tutorial_taskflow_api.py took 0.264 seconds
[2024-09-24T16:13:39.105+0000] {processor.py:153} INFO - Started process (PID=636) to work on /usr/local/lib/python3.9/site-packages/airflow/example_dags/tutorial_taskflow_api.py
[2024-09-24T16:13:39.107+0000] {processor.py:743} INFO - Processing file /usr/local/lib/python3.9/site-packages/airflow/example_dags/tutorial_taskflow_api.py for tasks to queue
[2024-09-24T16:13:39.107+0000] {logging_mixin.py:137} INFO - [2024-09-24T16:13:39.107+0000] {dagbag.py:532} INFO - Filling up the DagBag from /usr/local/lib/python3.9/site-packages/airflow/example_dags/tutorial_taskflow_api.py
[2024-09-24T16:13:39.119+0000] {processor.py:753} INFO - DAG(s) dict_keys(['tutorial_taskflow_api']) retrieved from /usr/local/lib/python3.9/site-packages/airflow/example_dags/tutorial_taskflow_api.py
[2024-09-24T16:13:39.146+0000] {logging_mixin.py:137} INFO - [2024-09-24T16:13:39.146+0000] {dag.py:2705} INFO - Sync 1 DAGs
[2024-09-24T16:13:39.173+0000] {logging_mixin.py:137} INFO - [2024-09-24T16:13:39.173+0000] {dag.py:3452} INFO - Setting next_dagrun for tutorial_taskflow_api to None, run_after=None
[2024-09-24T16:13:39.317+0000] {processor.py:175} INFO - Processing /usr/local/lib/python3.9/site-packages/airflow/example_dags/tutorial_taskflow_api.py took 0.216 seconds
[2024-09-24T16:14:09.781+0000] {processor.py:153} INFO - Started process (PID=842) to work on /usr/local/lib/python3.9/site-packages/airflow/example_dags/tutorial_taskflow_api.py
[2024-09-24T16:14:09.790+0000] {processor.py:743} INFO - Processing file /usr/local/lib/python3.9/site-packages/airflow/example_dags/tutorial_taskflow_api.py for tasks to queue
[2024-09-24T16:14:09.792+0000] {logging_mixin.py:137} INFO - [2024-09-24T16:14:09.792+0000] {dagbag.py:532} INFO - Filling up the DagBag from /usr/local/lib/python3.9/site-packages/airflow/example_dags/tutorial_taskflow_api.py
[2024-09-24T16:14:09.804+0000] {processor.py:753} INFO - DAG(s) dict_keys(['tutorial_taskflow_api']) retrieved from /usr/local/lib/python3.9/site-packages/airflow/example_dags/tutorial_taskflow_api.py
[2024-09-24T16:14:09.850+0000] {logging_mixin.py:137} INFO - [2024-09-24T16:14:09.850+0000] {dag.py:2705} INFO - Sync 1 DAGs
[2024-09-24T16:14:09.864+0000] {logging_mixin.py:137} INFO - [2024-09-24T16:14:09.864+0000] {dag.py:3452} INFO - Setting next_dagrun for tutorial_taskflow_api to None, run_after=None
[2024-09-24T16:14:09.879+0000] {processor.py:175} INFO - Processing /usr/local/lib/python3.9/site-packages/airflow/example_dags/tutorial_taskflow_api.py took 0.105 seconds
[2024-09-24T16:14:40.478+0000] {processor.py:153} INFO - Started process (PID=1058) to work on /usr/local/lib/python3.9/site-packages/airflow/example_dags/tutorial_taskflow_api.py
[2024-09-24T16:14:40.480+0000] {processor.py:743} INFO - Processing file /usr/local/lib/python3.9/site-packages/airflow/example_dags/tutorial_taskflow_api.py for tasks to queue
[2024-09-24T16:14:40.482+0000] {logging_mixin.py:137} INFO - [2024-09-24T16:14:40.482+0000] {dagbag.py:532} INFO - Filling up the DagBag from /usr/local/lib/python3.9/site-packages/airflow/example_dags/tutorial_taskflow_api.py
[2024-09-24T16:14:40.500+0000] {processor.py:753} INFO - DAG(s) dict_keys(['tutorial_taskflow_api']) retrieved from /usr/local/lib/python3.9/site-packages/airflow/example_dags/tutorial_taskflow_api.py
[2024-09-24T16:14:40.550+0000] {logging_mixin.py:137} INFO - [2024-09-24T16:14:40.550+0000] {dag.py:2705} INFO - Sync 1 DAGs
[2024-09-24T16:14:40.574+0000] {logging_mixin.py:137} INFO - [2024-09-24T16:14:40.574+0000] {dag.py:3452} INFO - Setting next_dagrun for tutorial_taskflow_api to None, run_after=None
[2024-09-24T16:14:40.592+0000] {processor.py:175} INFO - Processing /usr/local/lib/python3.9/site-packages/airflow/example_dags/tutorial_taskflow_api.py took 0.116 seconds
[2024-09-24T16:15:11.143+0000] {processor.py:153} INFO - Started process (PID=1269) to work on /usr/local/lib/python3.9/site-packages/airflow/example_dags/tutorial_taskflow_api.py
[2024-09-24T16:15:11.146+0000] {processor.py:743} INFO - Processing file /usr/local/lib/python3.9/site-packages/airflow/example_dags/tutorial_taskflow_api.py for tasks to queue
[2024-09-24T16:15:11.147+0000] {logging_mixin.py:137} INFO - [2024-09-24T16:15:11.147+0000] {dagbag.py:532} INFO - Filling up the DagBag from /usr/local/lib/python3.9/site-packages/airflow/example_dags/tutorial_taskflow_api.py
[2024-09-24T16:15:11.166+0000] {processor.py:753} INFO - DAG(s) dict_keys(['tutorial_taskflow_api']) retrieved from /usr/local/lib/python3.9/site-packages/airflow/example_dags/tutorial_taskflow_api.py
[2024-09-24T16:15:11.196+0000] {logging_mixin.py:137} INFO - [2024-09-24T16:15:11.196+0000] {dag.py:2705} INFO - Sync 1 DAGs
[2024-09-24T16:15:11.215+0000] {logging_mixin.py:137} INFO - [2024-09-24T16:15:11.215+0000] {dag.py:3452} INFO - Setting next_dagrun for tutorial_taskflow_api to None, run_after=None
[2024-09-24T16:15:11.235+0000] {processor.py:175} INFO - Processing /usr/local/lib/python3.9/site-packages/airflow/example_dags/tutorial_taskflow_api.py took 0.095 seconds
[2024-09-24T16:15:44.412+0000] {processor.py:153} INFO - Started process (PID=1482) to work on /usr/local/lib/python3.9/site-packages/airflow/example_dags/tutorial_taskflow_api.py
[2024-09-24T16:15:44.413+0000] {processor.py:743} INFO - Processing file /usr/local/lib/python3.9/site-packages/airflow/example_dags/tutorial_taskflow_api.py for tasks to queue
[2024-09-24T16:15:44.414+0000] {logging_mixin.py:137} INFO - [2024-09-24T16:15:44.414+0000] {dagbag.py:532} INFO - Filling up the DagBag from /usr/local/lib/python3.9/site-packages/airflow/example_dags/tutorial_taskflow_api.py
[2024-09-24T16:15:44.444+0000] {processor.py:753} INFO - DAG(s) dict_keys(['tutorial_taskflow_api']) retrieved from /usr/local/lib/python3.9/site-packages/airflow/example_dags/tutorial_taskflow_api.py
[2024-09-24T16:15:44.591+0000] {logging_mixin.py:137} INFO - [2024-09-24T16:15:44.586+0000] {dag.py:2705} INFO - Sync 1 DAGs
[2024-09-24T16:15:44.765+0000] {logging_mixin.py:137} INFO - [2024-09-24T16:15:44.763+0000] {dag.py:3452} INFO - Setting next_dagrun for tutorial_taskflow_api to None, run_after=None
[2024-09-24T16:15:45.920+0000] {processor.py:175} INFO - Processing /usr/local/lib/python3.9/site-packages/airflow/example_dags/tutorial_taskflow_api.py took 1.514 seconds
[2024-09-24T16:16:16.514+0000] {processor.py:153} INFO - Started process (PID=1698) to work on /usr/local/lib/python3.9/site-packages/airflow/example_dags/tutorial_taskflow_api.py
[2024-09-24T16:16:16.515+0000] {processor.py:743} INFO - Processing file /usr/local/lib/python3.9/site-packages/airflow/example_dags/tutorial_taskflow_api.py for tasks to queue
[2024-09-24T16:16:16.515+0000] {logging_mixin.py:137} INFO - [2024-09-24T16:16:16.515+0000] {dagbag.py:532} INFO - Filling up the DagBag from /usr/local/lib/python3.9/site-packages/airflow/example_dags/tutorial_taskflow_api.py
[2024-09-24T16:16:16.543+0000] {processor.py:753} INFO - DAG(s) dict_keys(['tutorial_taskflow_api']) retrieved from /usr/local/lib/python3.9/site-packages/airflow/example_dags/tutorial_taskflow_api.py
[2024-09-24T16:16:16.555+0000] {logging_mixin.py:137} INFO - [2024-09-24T16:16:16.555+0000] {dag.py:2705} INFO - Sync 1 DAGs
[2024-09-24T16:16:16.564+0000] {logging_mixin.py:137} INFO - [2024-09-24T16:16:16.564+0000] {dag.py:3452} INFO - Setting next_dagrun for tutorial_taskflow_api to None, run_after=None
[2024-09-24T16:16:16.572+0000] {processor.py:175} INFO - Processing /usr/local/lib/python3.9/site-packages/airflow/example_dags/tutorial_taskflow_api.py took 0.065 seconds
[2024-09-24T16:16:46.663+0000] {processor.py:153} INFO - Started process (PID=1909) to work on /usr/local/lib/python3.9/site-packages/airflow/example_dags/tutorial_taskflow_api.py
[2024-09-24T16:16:46.664+0000] {processor.py:743} INFO - Processing file /usr/local/lib/python3.9/site-packages/airflow/example_dags/tutorial_taskflow_api.py for tasks to queue
[2024-09-24T16:16:46.665+0000] {logging_mixin.py:137} INFO - [2024-09-24T16:16:46.665+0000] {dagbag.py:532} INFO - Filling up the DagBag from /usr/local/lib/python3.9/site-packages/airflow/example_dags/tutorial_taskflow_api.py
[2024-09-24T16:16:46.681+0000] {processor.py:753} INFO - DAG(s) dict_keys(['tutorial_taskflow_api']) retrieved from /usr/local/lib/python3.9/site-packages/airflow/example_dags/tutorial_taskflow_api.py
[2024-09-24T16:16:46.692+0000] {logging_mixin.py:137} INFO - [2024-09-24T16:16:46.692+0000] {dag.py:2705} INFO - Sync 1 DAGs
[2024-09-24T16:16:46.701+0000] {logging_mixin.py:137} INFO - [2024-09-24T16:16:46.701+0000] {dag.py:3452} INFO - Setting next_dagrun for tutorial_taskflow_api to None, run_after=None
[2024-09-24T16:16:46.772+0000] {processor.py:175} INFO - Processing /usr/local/lib/python3.9/site-packages/airflow/example_dags/tutorial_taskflow_api.py took 0.111 seconds
[2024-09-24T16:17:17.406+0000] {processor.py:153} INFO - Started process (PID=2120) to work on /usr/local/lib/python3.9/site-packages/airflow/example_dags/tutorial_taskflow_api.py
[2024-09-24T16:17:17.407+0000] {processor.py:743} INFO - Processing file /usr/local/lib/python3.9/site-packages/airflow/example_dags/tutorial_taskflow_api.py for tasks to queue
[2024-09-24T16:17:17.408+0000] {logging_mixin.py:137} INFO - [2024-09-24T16:17:17.408+0000] {dagbag.py:532} INFO - Filling up the DagBag from /usr/local/lib/python3.9/site-packages/airflow/example_dags/tutorial_taskflow_api.py
[2024-09-24T16:17:17.423+0000] {processor.py:753} INFO - DAG(s) dict_keys(['tutorial_taskflow_api']) retrieved from /usr/local/lib/python3.9/site-packages/airflow/example_dags/tutorial_taskflow_api.py
[2024-09-24T16:17:17.433+0000] {logging_mixin.py:137} INFO - [2024-09-24T16:17:17.433+0000] {dag.py:2705} INFO - Sync 1 DAGs
[2024-09-24T16:17:17.494+0000] {logging_mixin.py:137} INFO - [2024-09-24T16:17:17.494+0000] {dag.py:3452} INFO - Setting next_dagrun for tutorial_taskflow_api to None, run_after=None
[2024-09-24T16:17:17.501+0000] {processor.py:175} INFO - Processing /usr/local/lib/python3.9/site-packages/airflow/example_dags/tutorial_taskflow_api.py took 0.096 seconds
[2024-09-24T16:17:48.108+0000] {processor.py:153} INFO - Started process (PID=2331) to work on /usr/local/lib/python3.9/site-packages/airflow/example_dags/tutorial_taskflow_api.py
[2024-09-24T16:17:48.108+0000] {processor.py:743} INFO - Processing file /usr/local/lib/python3.9/site-packages/airflow/example_dags/tutorial_taskflow_api.py for tasks to queue
[2024-09-24T16:17:48.110+0000] {logging_mixin.py:137} INFO - [2024-09-24T16:17:48.109+0000] {dagbag.py:532} INFO - Filling up the DagBag from /usr/local/lib/python3.9/site-packages/airflow/example_dags/tutorial_taskflow_api.py
[2024-09-24T16:17:48.182+0000] {processor.py:753} INFO - DAG(s) dict_keys(['tutorial_taskflow_api']) retrieved from /usr/local/lib/python3.9/site-packages/airflow/example_dags/tutorial_taskflow_api.py
[2024-09-24T16:17:48.190+0000] {logging_mixin.py:137} INFO - [2024-09-24T16:17:48.190+0000] {dag.py:2705} INFO - Sync 1 DAGs
[2024-09-24T16:17:48.197+0000] {logging_mixin.py:137} INFO - [2024-09-24T16:17:48.197+0000] {dag.py:3452} INFO - Setting next_dagrun for tutorial_taskflow_api to None, run_after=None
[2024-09-24T16:17:48.204+0000] {processor.py:175} INFO - Processing /usr/local/lib/python3.9/site-packages/airflow/example_dags/tutorial_taskflow_api.py took 0.099 seconds
[2024-09-24T16:18:18.836+0000] {processor.py:153} INFO - Started process (PID=2542) to work on /usr/local/lib/python3.9/site-packages/airflow/example_dags/tutorial_taskflow_api.py
[2024-09-24T16:18:18.838+0000] {processor.py:743} INFO - Processing file /usr/local/lib/python3.9/site-packages/airflow/example_dags/tutorial_taskflow_api.py for tasks to queue
[2024-09-24T16:18:18.839+0000] {logging_mixin.py:137} INFO - [2024-09-24T16:18:18.839+0000] {dagbag.py:532} INFO - Filling up the DagBag from /usr/local/lib/python3.9/site-packages/airflow/example_dags/tutorial_taskflow_api.py
[2024-09-24T16:18:18.862+0000] {processor.py:753} INFO - DAG(s) dict_keys(['tutorial_taskflow_api']) retrieved from /usr/local/lib/python3.9/site-packages/airflow/example_dags/tutorial_taskflow_api.py
[2024-09-24T16:18:18.876+0000] {logging_mixin.py:137} INFO - [2024-09-24T16:18:18.876+0000] {dag.py:2705} INFO - Sync 1 DAGs
[2024-09-24T16:18:18.887+0000] {logging_mixin.py:137} INFO - [2024-09-24T16:18:18.887+0000] {dag.py:3452} INFO - Setting next_dagrun for tutorial_taskflow_api to None, run_after=None
[2024-09-24T16:18:18.894+0000] {processor.py:175} INFO - Processing /usr/local/lib/python3.9/site-packages/airflow/example_dags/tutorial_taskflow_api.py took 0.063 seconds
[2024-09-24T17:55:50.856+0000] {processor.py:153} INFO - Started process (PID=202) to work on /usr/local/lib/python3.9/site-packages/airflow/example_dags/tutorial_taskflow_api.py
[2024-09-24T17:55:50.857+0000] {processor.py:743} INFO - Processing file /usr/local/lib/python3.9/site-packages/airflow/example_dags/tutorial_taskflow_api.py for tasks to queue
[2024-09-24T17:55:50.858+0000] {logging_mixin.py:137} INFO - [2024-09-24T17:55:50.858+0000] {dagbag.py:532} INFO - Filling up the DagBag from /usr/local/lib/python3.9/site-packages/airflow/example_dags/tutorial_taskflow_api.py
[2024-09-24T17:55:50.871+0000] {processor.py:753} INFO - DAG(s) dict_keys(['tutorial_taskflow_api']) retrieved from /usr/local/lib/python3.9/site-packages/airflow/example_dags/tutorial_taskflow_api.py
[2024-09-24T17:55:50.876+0000] {logging_mixin.py:137} INFO - [2024-09-24T17:55:50.876+0000] {dag.py:2705} INFO - Sync 1 DAGs
[2024-09-24T17:55:50.888+0000] {logging_mixin.py:137} INFO - [2024-09-24T17:55:50.888+0000] {dag.py:3452} INFO - Setting next_dagrun for tutorial_taskflow_api to None, run_after=None
[2024-09-24T17:55:50.903+0000] {processor.py:175} INFO - Processing /usr/local/lib/python3.9/site-packages/airflow/example_dags/tutorial_taskflow_api.py took 0.049 seconds
[2024-09-24T17:56:21.793+0000] {processor.py:153} INFO - Started process (PID=423) to work on /usr/local/lib/python3.9/site-packages/airflow/example_dags/tutorial_taskflow_api.py
[2024-09-24T17:56:21.795+0000] {processor.py:743} INFO - Processing file /usr/local/lib/python3.9/site-packages/airflow/example_dags/tutorial_taskflow_api.py for tasks to queue
[2024-09-24T17:56:21.796+0000] {logging_mixin.py:137} INFO - [2024-09-24T17:56:21.796+0000] {dagbag.py:532} INFO - Filling up the DagBag from /usr/local/lib/python3.9/site-packages/airflow/example_dags/tutorial_taskflow_api.py
[2024-09-24T17:56:21.829+0000] {processor.py:753} INFO - DAG(s) dict_keys(['tutorial_taskflow_api']) retrieved from /usr/local/lib/python3.9/site-packages/airflow/example_dags/tutorial_taskflow_api.py
[2024-09-24T17:56:21.905+0000] {logging_mixin.py:137} INFO - [2024-09-24T17:56:21.904+0000] {dag.py:2705} INFO - Sync 1 DAGs
[2024-09-24T17:56:21.931+0000] {logging_mixin.py:137} INFO - [2024-09-24T17:56:21.931+0000] {dag.py:3452} INFO - Setting next_dagrun for tutorial_taskflow_api to None, run_after=None
[2024-09-24T17:56:21.965+0000] {processor.py:175} INFO - Processing /usr/local/lib/python3.9/site-packages/airflow/example_dags/tutorial_taskflow_api.py took 0.175 seconds
[2024-09-24T18:44:45.057+0000] {processor.py:153} INFO - Started process (PID=216) to work on /usr/local/lib/python3.9/site-packages/airflow/example_dags/tutorial_taskflow_api.py
[2024-09-24T18:44:45.060+0000] {processor.py:743} INFO - Processing file /usr/local/lib/python3.9/site-packages/airflow/example_dags/tutorial_taskflow_api.py for tasks to queue
[2024-09-24T18:44:45.061+0000] {logging_mixin.py:137} INFO - [2024-09-24T18:44:45.060+0000] {dagbag.py:532} INFO - Filling up the DagBag from /usr/local/lib/python3.9/site-packages/airflow/example_dags/tutorial_taskflow_api.py
[2024-09-24T18:44:45.079+0000] {processor.py:753} INFO - DAG(s) dict_keys(['tutorial_taskflow_api']) retrieved from /usr/local/lib/python3.9/site-packages/airflow/example_dags/tutorial_taskflow_api.py
[2024-09-24T18:44:45.149+0000] {logging_mixin.py:137} INFO - [2024-09-24T18:44:45.149+0000] {manager.py:504} INFO - Created Permission View: can read on DAG:tutorial_taskflow_api
[2024-09-24T18:44:45.153+0000] {logging_mixin.py:137} INFO - [2024-09-24T18:44:45.153+0000] {manager.py:504} INFO - Created Permission View: can edit on DAG:tutorial_taskflow_api
[2024-09-24T18:44:45.157+0000] {logging_mixin.py:137} INFO - [2024-09-24T18:44:45.156+0000] {manager.py:504} INFO - Created Permission View: can delete on DAG:tutorial_taskflow_api
[2024-09-24T18:44:45.157+0000] {logging_mixin.py:137} INFO - [2024-09-24T18:44:45.157+0000] {dag.py:2705} INFO - Sync 1 DAGs
[2024-09-24T18:44:45.177+0000] {logging_mixin.py:137} INFO - [2024-09-24T18:44:45.177+0000] {dag.py:2726} INFO - Creating ORM DAG for tutorial_taskflow_api
[2024-09-24T18:44:45.186+0000] {logging_mixin.py:137} INFO - [2024-09-24T18:44:45.185+0000] {dag.py:3452} INFO - Setting next_dagrun for tutorial_taskflow_api to None, run_after=None
[2024-09-24T18:44:45.201+0000] {processor.py:175} INFO - Processing /usr/local/lib/python3.9/site-packages/airflow/example_dags/tutorial_taskflow_api.py took 0.145 seconds
[2024-09-24T18:45:15.821+0000] {processor.py:153} INFO - Started process (PID=428) to work on /usr/local/lib/python3.9/site-packages/airflow/example_dags/tutorial_taskflow_api.py
[2024-09-24T18:45:15.824+0000] {processor.py:743} INFO - Processing file /usr/local/lib/python3.9/site-packages/airflow/example_dags/tutorial_taskflow_api.py for tasks to queue
[2024-09-24T18:45:15.825+0000] {logging_mixin.py:137} INFO - [2024-09-24T18:45:15.825+0000] {dagbag.py:532} INFO - Filling up the DagBag from /usr/local/lib/python3.9/site-packages/airflow/example_dags/tutorial_taskflow_api.py
[2024-09-24T18:45:15.836+0000] {processor.py:753} INFO - DAG(s) dict_keys(['tutorial_taskflow_api']) retrieved from /usr/local/lib/python3.9/site-packages/airflow/example_dags/tutorial_taskflow_api.py
[2024-09-24T18:45:15.857+0000] {logging_mixin.py:137} INFO - [2024-09-24T18:45:15.856+0000] {dag.py:2705} INFO - Sync 1 DAGs
[2024-09-24T18:45:15.881+0000] {logging_mixin.py:137} INFO - [2024-09-24T18:45:15.881+0000] {dag.py:3452} INFO - Setting next_dagrun for tutorial_taskflow_api to None, run_after=None
[2024-09-24T18:45:15.893+0000] {processor.py:175} INFO - Processing /usr/local/lib/python3.9/site-packages/airflow/example_dags/tutorial_taskflow_api.py took 0.074 seconds
[2024-09-24T18:45:46.489+0000] {processor.py:153} INFO - Started process (PID=639) to work on /usr/local/lib/python3.9/site-packages/airflow/example_dags/tutorial_taskflow_api.py
[2024-09-24T18:45:46.493+0000] {processor.py:743} INFO - Processing file /usr/local/lib/python3.9/site-packages/airflow/example_dags/tutorial_taskflow_api.py for tasks to queue
[2024-09-24T18:45:46.494+0000] {logging_mixin.py:137} INFO - [2024-09-24T18:45:46.494+0000] {dagbag.py:532} INFO - Filling up the DagBag from /usr/local/lib/python3.9/site-packages/airflow/example_dags/tutorial_taskflow_api.py
[2024-09-24T18:45:46.509+0000] {processor.py:753} INFO - DAG(s) dict_keys(['tutorial_taskflow_api']) retrieved from /usr/local/lib/python3.9/site-packages/airflow/example_dags/tutorial_taskflow_api.py
[2024-09-24T18:45:46.529+0000] {logging_mixin.py:137} INFO - [2024-09-24T18:45:46.528+0000] {dag.py:2705} INFO - Sync 1 DAGs
[2024-09-24T18:45:46.556+0000] {logging_mixin.py:137} INFO - [2024-09-24T18:45:46.556+0000] {dag.py:3452} INFO - Setting next_dagrun for tutorial_taskflow_api to None, run_after=None
[2024-09-24T18:45:46.684+0000] {processor.py:175} INFO - Processing /usr/local/lib/python3.9/site-packages/airflow/example_dags/tutorial_taskflow_api.py took 0.198 seconds
[2024-09-24T18:46:17.517+0000] {processor.py:153} INFO - Started process (PID=851) to work on /usr/local/lib/python3.9/site-packages/airflow/example_dags/tutorial_taskflow_api.py
[2024-09-24T18:46:17.522+0000] {processor.py:743} INFO - Processing file /usr/local/lib/python3.9/site-packages/airflow/example_dags/tutorial_taskflow_api.py for tasks to queue
[2024-09-24T18:46:17.523+0000] {logging_mixin.py:137} INFO - [2024-09-24T18:46:17.523+0000] {dagbag.py:532} INFO - Filling up the DagBag from /usr/local/lib/python3.9/site-packages/airflow/example_dags/tutorial_taskflow_api.py
[2024-09-24T18:46:17.549+0000] {processor.py:753} INFO - DAG(s) dict_keys(['tutorial_taskflow_api']) retrieved from /usr/local/lib/python3.9/site-packages/airflow/example_dags/tutorial_taskflow_api.py
[2024-09-24T18:46:17.565+0000] {logging_mixin.py:137} INFO - [2024-09-24T18:46:17.565+0000] {dag.py:2705} INFO - Sync 1 DAGs
[2024-09-24T18:46:17.578+0000] {logging_mixin.py:137} INFO - [2024-09-24T18:46:17.578+0000] {dag.py:3452} INFO - Setting next_dagrun for tutorial_taskflow_api to None, run_after=None
[2024-09-24T18:46:17.590+0000] {processor.py:175} INFO - Processing /usr/local/lib/python3.9/site-packages/airflow/example_dags/tutorial_taskflow_api.py took 0.079 seconds
[2024-09-24T18:46:49.426+0000] {processor.py:153} INFO - Started process (PID=1064) to work on /usr/local/lib/python3.9/site-packages/airflow/example_dags/tutorial_taskflow_api.py
[2024-09-24T18:46:49.430+0000] {processor.py:743} INFO - Processing file /usr/local/lib/python3.9/site-packages/airflow/example_dags/tutorial_taskflow_api.py for tasks to queue
[2024-09-24T18:46:49.431+0000] {logging_mixin.py:137} INFO - [2024-09-24T18:46:49.431+0000] {dagbag.py:532} INFO - Filling up the DagBag from /usr/local/lib/python3.9/site-packages/airflow/example_dags/tutorial_taskflow_api.py
[2024-09-24T18:46:49.470+0000] {processor.py:753} INFO - DAG(s) dict_keys(['tutorial_taskflow_api']) retrieved from /usr/local/lib/python3.9/site-packages/airflow/example_dags/tutorial_taskflow_api.py
[2024-09-24T18:46:49.509+0000] {logging_mixin.py:137} INFO - [2024-09-24T18:46:49.509+0000] {dag.py:2705} INFO - Sync 1 DAGs
[2024-09-24T18:46:49.546+0000] {logging_mixin.py:137} INFO - [2024-09-24T18:46:49.546+0000] {dag.py:3452} INFO - Setting next_dagrun for tutorial_taskflow_api to None, run_after=None
[2024-09-24T18:46:49.571+0000] {processor.py:175} INFO - Processing /usr/local/lib/python3.9/site-packages/airflow/example_dags/tutorial_taskflow_api.py took 0.156 seconds
[2024-09-24T18:47:22.275+0000] {processor.py:153} INFO - Started process (PID=1273) to work on /usr/local/lib/python3.9/site-packages/airflow/example_dags/tutorial_taskflow_api.py
[2024-09-24T18:47:22.278+0000] {processor.py:743} INFO - Processing file /usr/local/lib/python3.9/site-packages/airflow/example_dags/tutorial_taskflow_api.py for tasks to queue
[2024-09-24T18:47:22.279+0000] {logging_mixin.py:137} INFO - [2024-09-24T18:47:22.279+0000] {dagbag.py:532} INFO - Filling up the DagBag from /usr/local/lib/python3.9/site-packages/airflow/example_dags/tutorial_taskflow_api.py
[2024-09-24T18:47:22.300+0000] {processor.py:753} INFO - DAG(s) dict_keys(['tutorial_taskflow_api']) retrieved from /usr/local/lib/python3.9/site-packages/airflow/example_dags/tutorial_taskflow_api.py
[2024-09-24T18:47:22.320+0000] {logging_mixin.py:137} INFO - [2024-09-24T18:47:22.320+0000] {dag.py:2705} INFO - Sync 1 DAGs
[2024-09-24T18:47:22.339+0000] {logging_mixin.py:137} INFO - [2024-09-24T18:47:22.338+0000] {dag.py:3452} INFO - Setting next_dagrun for tutorial_taskflow_api to None, run_after=None
[2024-09-24T18:47:22.359+0000] {processor.py:175} INFO - Processing /usr/local/lib/python3.9/site-packages/airflow/example_dags/tutorial_taskflow_api.py took 0.093 seconds
[2024-09-24T18:47:53.734+0000] {processor.py:153} INFO - Started process (PID=1484) to work on /usr/local/lib/python3.9/site-packages/airflow/example_dags/tutorial_taskflow_api.py
[2024-09-24T18:47:53.740+0000] {processor.py:743} INFO - Processing file /usr/local/lib/python3.9/site-packages/airflow/example_dags/tutorial_taskflow_api.py for tasks to queue
[2024-09-24T18:47:53.740+0000] {logging_mixin.py:137} INFO - [2024-09-24T18:47:53.740+0000] {dagbag.py:532} INFO - Filling up the DagBag from /usr/local/lib/python3.9/site-packages/airflow/example_dags/tutorial_taskflow_api.py
[2024-09-24T18:47:53.758+0000] {processor.py:753} INFO - DAG(s) dict_keys(['tutorial_taskflow_api']) retrieved from /usr/local/lib/python3.9/site-packages/airflow/example_dags/tutorial_taskflow_api.py
[2024-09-24T18:47:53.777+0000] {logging_mixin.py:137} INFO - [2024-09-24T18:47:53.777+0000] {dag.py:2705} INFO - Sync 1 DAGs
[2024-09-24T18:47:53.786+0000] {logging_mixin.py:137} INFO - [2024-09-24T18:47:53.786+0000] {dag.py:3452} INFO - Setting next_dagrun for tutorial_taskflow_api to None, run_after=None
[2024-09-24T18:47:53.793+0000] {processor.py:175} INFO - Processing /usr/local/lib/python3.9/site-packages/airflow/example_dags/tutorial_taskflow_api.py took 0.061 seconds
[2024-09-24T18:48:25.963+0000] {processor.py:153} INFO - Started process (PID=1695) to work on /usr/local/lib/python3.9/site-packages/airflow/example_dags/tutorial_taskflow_api.py
[2024-09-24T18:48:25.964+0000] {processor.py:743} INFO - Processing file /usr/local/lib/python3.9/site-packages/airflow/example_dags/tutorial_taskflow_api.py for tasks to queue
[2024-09-24T18:48:25.965+0000] {logging_mixin.py:137} INFO - [2024-09-24T18:48:25.965+0000] {dagbag.py:532} INFO - Filling up the DagBag from /usr/local/lib/python3.9/site-packages/airflow/example_dags/tutorial_taskflow_api.py
[2024-09-24T18:48:25.977+0000] {processor.py:753} INFO - DAG(s) dict_keys(['tutorial_taskflow_api']) retrieved from /usr/local/lib/python3.9/site-packages/airflow/example_dags/tutorial_taskflow_api.py
[2024-09-24T18:48:25.989+0000] {logging_mixin.py:137} INFO - [2024-09-24T18:48:25.989+0000] {dag.py:2705} INFO - Sync 1 DAGs
[2024-09-24T18:48:26.007+0000] {logging_mixin.py:137} INFO - [2024-09-24T18:48:26.006+0000] {dag.py:3452} INFO - Setting next_dagrun for tutorial_taskflow_api to None, run_after=None
[2024-09-24T18:48:26.022+0000] {processor.py:175} INFO - Processing /usr/local/lib/python3.9/site-packages/airflow/example_dags/tutorial_taskflow_api.py took 0.060 seconds
[2024-09-24T18:48:56.779+0000] {processor.py:153} INFO - Started process (PID=1908) to work on /usr/local/lib/python3.9/site-packages/airflow/example_dags/tutorial_taskflow_api.py
[2024-09-24T18:48:56.780+0000] {processor.py:743} INFO - Processing file /usr/local/lib/python3.9/site-packages/airflow/example_dags/tutorial_taskflow_api.py for tasks to queue
[2024-09-24T18:48:56.780+0000] {logging_mixin.py:137} INFO - [2024-09-24T18:48:56.780+0000] {dagbag.py:532} INFO - Filling up the DagBag from /usr/local/lib/python3.9/site-packages/airflow/example_dags/tutorial_taskflow_api.py
[2024-09-24T18:48:56.796+0000] {processor.py:753} INFO - DAG(s) dict_keys(['tutorial_taskflow_api']) retrieved from /usr/local/lib/python3.9/site-packages/airflow/example_dags/tutorial_taskflow_api.py
[2024-09-24T18:48:56.810+0000] {logging_mixin.py:137} INFO - [2024-09-24T18:48:56.810+0000] {dag.py:2705} INFO - Sync 1 DAGs
[2024-09-24T18:48:56.873+0000] {logging_mixin.py:137} INFO - [2024-09-24T18:48:56.873+0000] {dag.py:3452} INFO - Setting next_dagrun for tutorial_taskflow_api to None, run_after=None
[2024-09-24T18:48:56.881+0000] {processor.py:175} INFO - Processing /usr/local/lib/python3.9/site-packages/airflow/example_dags/tutorial_taskflow_api.py took 0.103 seconds
[2024-09-24T18:49:29.650+0000] {processor.py:153} INFO - Started process (PID=2119) to work on /usr/local/lib/python3.9/site-packages/airflow/example_dags/tutorial_taskflow_api.py
[2024-09-24T18:49:29.652+0000] {processor.py:743} INFO - Processing file /usr/local/lib/python3.9/site-packages/airflow/example_dags/tutorial_taskflow_api.py for tasks to queue
[2024-09-24T18:49:29.653+0000] {logging_mixin.py:137} INFO - [2024-09-24T18:49:29.653+0000] {dagbag.py:532} INFO - Filling up the DagBag from /usr/local/lib/python3.9/site-packages/airflow/example_dags/tutorial_taskflow_api.py
[2024-09-24T18:49:29.667+0000] {processor.py:753} INFO - DAG(s) dict_keys(['tutorial_taskflow_api']) retrieved from /usr/local/lib/python3.9/site-packages/airflow/example_dags/tutorial_taskflow_api.py
[2024-09-24T18:49:29.754+0000] {logging_mixin.py:137} INFO - [2024-09-24T18:49:29.754+0000] {dag.py:2705} INFO - Sync 1 DAGs
[2024-09-24T18:49:29.764+0000] {logging_mixin.py:137} INFO - [2024-09-24T18:49:29.764+0000] {dag.py:3452} INFO - Setting next_dagrun for tutorial_taskflow_api to None, run_after=None
[2024-09-24T18:49:29.771+0000] {processor.py:175} INFO - Processing /usr/local/lib/python3.9/site-packages/airflow/example_dags/tutorial_taskflow_api.py took 0.123 seconds
[2024-09-24T18:50:00.252+0000] {processor.py:153} INFO - Started process (PID=2330) to work on /usr/local/lib/python3.9/site-packages/airflow/example_dags/tutorial_taskflow_api.py
[2024-09-24T18:50:00.252+0000] {processor.py:743} INFO - Processing file /usr/local/lib/python3.9/site-packages/airflow/example_dags/tutorial_taskflow_api.py for tasks to queue
[2024-09-24T18:50:00.252+0000] {logging_mixin.py:137} INFO - [2024-09-24T18:50:00.252+0000] {dagbag.py:532} INFO - Filling up the DagBag from /usr/local/lib/python3.9/site-packages/airflow/example_dags/tutorial_taskflow_api.py
[2024-09-24T18:50:00.306+0000] {processor.py:753} INFO - DAG(s) dict_keys(['tutorial_taskflow_api']) retrieved from /usr/local/lib/python3.9/site-packages/airflow/example_dags/tutorial_taskflow_api.py
[2024-09-24T18:50:00.313+0000] {logging_mixin.py:137} INFO - [2024-09-24T18:50:00.313+0000] {dag.py:2705} INFO - Sync 1 DAGs
[2024-09-24T18:50:00.321+0000] {logging_mixin.py:137} INFO - [2024-09-24T18:50:00.321+0000] {dag.py:3452} INFO - Setting next_dagrun for tutorial_taskflow_api to None, run_after=None
[2024-09-24T18:50:00.328+0000] {processor.py:175} INFO - Processing /usr/local/lib/python3.9/site-packages/airflow/example_dags/tutorial_taskflow_api.py took 0.078 seconds
[2024-09-24T18:50:30.446+0000] {processor.py:153} INFO - Started process (PID=2541) to work on /usr/local/lib/python3.9/site-packages/airflow/example_dags/tutorial_taskflow_api.py
[2024-09-24T18:50:30.447+0000] {processor.py:743} INFO - Processing file /usr/local/lib/python3.9/site-packages/airflow/example_dags/tutorial_taskflow_api.py for tasks to queue
[2024-09-24T18:50:30.447+0000] {logging_mixin.py:137} INFO - [2024-09-24T18:50:30.447+0000] {dagbag.py:532} INFO - Filling up the DagBag from /usr/local/lib/python3.9/site-packages/airflow/example_dags/tutorial_taskflow_api.py
[2024-09-24T18:50:30.457+0000] {processor.py:753} INFO - DAG(s) dict_keys(['tutorial_taskflow_api']) retrieved from /usr/local/lib/python3.9/site-packages/airflow/example_dags/tutorial_taskflow_api.py
[2024-09-24T18:50:30.467+0000] {logging_mixin.py:137} INFO - [2024-09-24T18:50:30.467+0000] {dag.py:2705} INFO - Sync 1 DAGs
[2024-09-24T18:50:30.476+0000] {logging_mixin.py:137} INFO - [2024-09-24T18:50:30.476+0000] {dag.py:3452} INFO - Setting next_dagrun for tutorial_taskflow_api to None, run_after=None
[2024-09-24T18:50:30.485+0000] {processor.py:175} INFO - Processing /usr/local/lib/python3.9/site-packages/airflow/example_dags/tutorial_taskflow_api.py took 0.040 seconds
[2024-09-24T18:51:01.250+0000] {processor.py:153} INFO - Started process (PID=2752) to work on /usr/local/lib/python3.9/site-packages/airflow/example_dags/tutorial_taskflow_api.py
[2024-09-24T18:51:01.251+0000] {processor.py:743} INFO - Processing file /usr/local/lib/python3.9/site-packages/airflow/example_dags/tutorial_taskflow_api.py for tasks to queue
[2024-09-24T18:51:01.251+0000] {logging_mixin.py:137} INFO - [2024-09-24T18:51:01.251+0000] {dagbag.py:532} INFO - Filling up the DagBag from /usr/local/lib/python3.9/site-packages/airflow/example_dags/tutorial_taskflow_api.py
[2024-09-24T18:51:01.262+0000] {processor.py:753} INFO - DAG(s) dict_keys(['tutorial_taskflow_api']) retrieved from /usr/local/lib/python3.9/site-packages/airflow/example_dags/tutorial_taskflow_api.py
[2024-09-24T18:51:01.274+0000] {logging_mixin.py:137} INFO - [2024-09-24T18:51:01.274+0000] {dag.py:2705} INFO - Sync 1 DAGs
[2024-09-24T18:51:01.283+0000] {logging_mixin.py:137} INFO - [2024-09-24T18:51:01.283+0000] {dag.py:3452} INFO - Setting next_dagrun for tutorial_taskflow_api to None, run_after=None
[2024-09-24T18:51:01.297+0000] {processor.py:175} INFO - Processing /usr/local/lib/python3.9/site-packages/airflow/example_dags/tutorial_taskflow_api.py took 0.049 seconds
[2024-09-24T18:51:31.807+0000] {processor.py:153} INFO - Started process (PID=2963) to work on /usr/local/lib/python3.9/site-packages/airflow/example_dags/tutorial_taskflow_api.py
[2024-09-24T18:51:31.807+0000] {processor.py:743} INFO - Processing file /usr/local/lib/python3.9/site-packages/airflow/example_dags/tutorial_taskflow_api.py for tasks to queue
[2024-09-24T18:51:31.808+0000] {logging_mixin.py:137} INFO - [2024-09-24T18:51:31.808+0000] {dagbag.py:532} INFO - Filling up the DagBag from /usr/local/lib/python3.9/site-packages/airflow/example_dags/tutorial_taskflow_api.py
[2024-09-24T18:51:31.818+0000] {processor.py:753} INFO - DAG(s) dict_keys(['tutorial_taskflow_api']) retrieved from /usr/local/lib/python3.9/site-packages/airflow/example_dags/tutorial_taskflow_api.py
[2024-09-24T18:51:31.831+0000] {logging_mixin.py:137} INFO - [2024-09-24T18:51:31.831+0000] {dag.py:2705} INFO - Sync 1 DAGs
[2024-09-24T18:51:31.841+0000] {logging_mixin.py:137} INFO - [2024-09-24T18:51:31.841+0000] {dag.py:3452} INFO - Setting next_dagrun for tutorial_taskflow_api to None, run_after=None
[2024-09-24T18:51:31.850+0000] {processor.py:175} INFO - Processing /usr/local/lib/python3.9/site-packages/airflow/example_dags/tutorial_taskflow_api.py took 0.046 seconds
[2024-09-24T18:52:02.837+0000] {processor.py:153} INFO - Started process (PID=3174) to work on /usr/local/lib/python3.9/site-packages/airflow/example_dags/tutorial_taskflow_api.py
[2024-09-24T18:52:02.837+0000] {processor.py:743} INFO - Processing file /usr/local/lib/python3.9/site-packages/airflow/example_dags/tutorial_taskflow_api.py for tasks to queue
[2024-09-24T18:52:02.838+0000] {logging_mixin.py:137} INFO - [2024-09-24T18:52:02.837+0000] {dagbag.py:532} INFO - Filling up the DagBag from /usr/local/lib/python3.9/site-packages/airflow/example_dags/tutorial_taskflow_api.py
[2024-09-24T18:52:02.849+0000] {processor.py:753} INFO - DAG(s) dict_keys(['tutorial_taskflow_api']) retrieved from /usr/local/lib/python3.9/site-packages/airflow/example_dags/tutorial_taskflow_api.py
[2024-09-24T18:52:02.859+0000] {logging_mixin.py:137} INFO - [2024-09-24T18:52:02.859+0000] {dag.py:2705} INFO - Sync 1 DAGs
[2024-09-24T18:52:02.868+0000] {logging_mixin.py:137} INFO - [2024-09-24T18:52:02.868+0000] {dag.py:3452} INFO - Setting next_dagrun for tutorial_taskflow_api to None, run_after=None
[2024-09-24T18:52:02.875+0000] {processor.py:175} INFO - Processing /usr/local/lib/python3.9/site-packages/airflow/example_dags/tutorial_taskflow_api.py took 0.039 seconds
[2024-09-24T18:52:33.592+0000] {processor.py:153} INFO - Started process (PID=3385) to work on /usr/local/lib/python3.9/site-packages/airflow/example_dags/tutorial_taskflow_api.py
[2024-09-24T18:52:33.592+0000] {processor.py:743} INFO - Processing file /usr/local/lib/python3.9/site-packages/airflow/example_dags/tutorial_taskflow_api.py for tasks to queue
[2024-09-24T18:52:33.593+0000] {logging_mixin.py:137} INFO - [2024-09-24T18:52:33.593+0000] {dagbag.py:532} INFO - Filling up the DagBag from /usr/local/lib/python3.9/site-packages/airflow/example_dags/tutorial_taskflow_api.py
[2024-09-24T18:52:33.603+0000] {processor.py:753} INFO - DAG(s) dict_keys(['tutorial_taskflow_api']) retrieved from /usr/local/lib/python3.9/site-packages/airflow/example_dags/tutorial_taskflow_api.py
[2024-09-24T18:52:33.613+0000] {logging_mixin.py:137} INFO - [2024-09-24T18:52:33.613+0000] {dag.py:2705} INFO - Sync 1 DAGs
[2024-09-24T18:52:33.622+0000] {logging_mixin.py:137} INFO - [2024-09-24T18:52:33.622+0000] {dag.py:3452} INFO - Setting next_dagrun for tutorial_taskflow_api to None, run_after=None
[2024-09-24T18:52:33.629+0000] {processor.py:175} INFO - Processing /usr/local/lib/python3.9/site-packages/airflow/example_dags/tutorial_taskflow_api.py took 0.039 seconds
[2024-09-24T18:53:04.055+0000] {processor.py:153} INFO - Started process (PID=3596) to work on /usr/local/lib/python3.9/site-packages/airflow/example_dags/tutorial_taskflow_api.py
[2024-09-24T18:53:04.057+0000] {processor.py:743} INFO - Processing file /usr/local/lib/python3.9/site-packages/airflow/example_dags/tutorial_taskflow_api.py for tasks to queue
[2024-09-24T18:53:04.057+0000] {logging_mixin.py:137} INFO - [2024-09-24T18:53:04.057+0000] {dagbag.py:532} INFO - Filling up the DagBag from /usr/local/lib/python3.9/site-packages/airflow/example_dags/tutorial_taskflow_api.py
[2024-09-24T18:53:04.078+0000] {processor.py:753} INFO - DAG(s) dict_keys(['tutorial_taskflow_api']) retrieved from /usr/local/lib/python3.9/site-packages/airflow/example_dags/tutorial_taskflow_api.py
[2024-09-24T18:53:04.091+0000] {logging_mixin.py:137} INFO - [2024-09-24T18:53:04.090+0000] {dag.py:2705} INFO - Sync 1 DAGs
[2024-09-24T18:53:04.104+0000] {logging_mixin.py:137} INFO - [2024-09-24T18:53:04.104+0000] {dag.py:3452} INFO - Setting next_dagrun for tutorial_taskflow_api to None, run_after=None
[2024-09-24T18:53:04.115+0000] {processor.py:175} INFO - Processing /usr/local/lib/python3.9/site-packages/airflow/example_dags/tutorial_taskflow_api.py took 0.063 seconds
[2024-09-24T18:53:34.826+0000] {processor.py:153} INFO - Started process (PID=3807) to work on /usr/local/lib/python3.9/site-packages/airflow/example_dags/tutorial_taskflow_api.py
[2024-09-24T18:53:34.827+0000] {processor.py:743} INFO - Processing file /usr/local/lib/python3.9/site-packages/airflow/example_dags/tutorial_taskflow_api.py for tasks to queue
[2024-09-24T18:53:34.828+0000] {logging_mixin.py:137} INFO - [2024-09-24T18:53:34.828+0000] {dagbag.py:532} INFO - Filling up the DagBag from /usr/local/lib/python3.9/site-packages/airflow/example_dags/tutorial_taskflow_api.py
[2024-09-24T18:53:34.848+0000] {processor.py:753} INFO - DAG(s) dict_keys(['tutorial_taskflow_api']) retrieved from /usr/local/lib/python3.9/site-packages/airflow/example_dags/tutorial_taskflow_api.py
[2024-09-24T18:53:34.877+0000] {logging_mixin.py:137} INFO - [2024-09-24T18:53:34.877+0000] {dag.py:2705} INFO - Sync 1 DAGs
[2024-09-24T18:53:34.905+0000] {logging_mixin.py:137} INFO - [2024-09-24T18:53:34.905+0000] {dag.py:3452} INFO - Setting next_dagrun for tutorial_taskflow_api to None, run_after=None
[2024-09-24T18:53:34.918+0000] {processor.py:175} INFO - Processing /usr/local/lib/python3.9/site-packages/airflow/example_dags/tutorial_taskflow_api.py took 0.098 seconds
