[2024-10-14T14:21:11.536+0000] {taskinstance.py:1090} INFO - Dependencies all met for dep_context=non-requeueable deps ti=<TaskInstance: pipeline_Demo.SFTP_to_S3 manual__2024-10-14T14:21:09.293092+00:00 [queued]>
[2024-10-14T14:21:11.541+0000] {taskinstance.py:1090} INFO - Dependencies all met for dep_context=requeueable deps ti=<TaskInstance: pipeline_Demo.SFTP_to_S3 manual__2024-10-14T14:21:09.293092+00:00 [queued]>
[2024-10-14T14:21:11.542+0000] {taskinstance.py:1288} INFO - 
--------------------------------------------------------------------------------
[2024-10-14T14:21:11.542+0000] {taskinstance.py:1289} INFO - Starting attempt 1 of 1
[2024-10-14T14:21:11.542+0000] {taskinstance.py:1290} INFO - 
--------------------------------------------------------------------------------
[2024-10-14T14:21:11.548+0000] {taskinstance.py:1309} INFO - Executing <Task(PythonOperator): SFTP_to_S3> on 2024-10-14 14:21:09.293092+00:00
[2024-10-14T14:21:11.553+0000] {standard_task_runner.py:55} INFO - Started process 221 to run task
[2024-10-14T14:21:11.556+0000] {standard_task_runner.py:82} INFO - Running: ['***', 'tasks', 'run', 'pipeline_Demo', 'SFTP_to_S3', 'manual__2024-10-14T14:21:09.293092+00:00', '--job-id', '16', '--raw', '--subdir', 'DAGS_FOLDER/pipeline_Demo.py', '--cfg-path', '/tmp/tmp7f5qrw3k']
[2024-10-14T14:21:11.558+0000] {standard_task_runner.py:83} INFO - Job 16: Subtask SFTP_to_S3
[2024-10-14T14:21:11.566+0000] {logging_mixin.py:137} WARNING - /usr/local/lib/python3.9/site-packages/***/settings.py:250 DeprecationWarning: The sql_alchemy_conn option in [core] has been moved to the sql_alchemy_conn option in [database] - the old setting has been used, but please update your config.
[2024-10-14T14:21:11.594+0000] {task_command.py:389} INFO - Running <TaskInstance: pipeline_Demo.SFTP_to_S3 manual__2024-10-14T14:21:09.293092+00:00 [running]> on host a84a64e41b62
[2024-10-14T14:21:11.632+0000] {taskinstance.py:1516} INFO - Exporting the following env vars:
AIRFLOW_CTX_DAG_OWNER=***
AIRFLOW_CTX_DAG_ID=pipeline_Demo
AIRFLOW_CTX_TASK_ID=SFTP_to_S3
AIRFLOW_CTX_EXECUTION_DATE=2024-10-14T14:21:09.293092+00:00
AIRFLOW_CTX_TRY_NUMBER=1
AIRFLOW_CTX_DAG_RUN_ID=manual__2024-10-14T14:21:09.293092+00:00
[2024-10-14T14:21:11.634+0000] {sftp_s3.py:187} INFO - Entered sftp_get_file function .....
[2024-10-14T14:21:11.635+0000] {logging_mixin.py:137} WARNING - /usr/local/lib/python3.9/site-packages/pysftp/__init__.py:61 UserWarning: Failed to load HostKeys from /root/.ssh/known_hosts.  You will need to explicitly load HostKeys (cnopts.hostkeys.load(filename)) or disableHostKey checking (cnopts.hostkeys = None).
[2024-10-14T14:21:11.635+0000] {sftp_s3.py:210} INFO - Entered func
[2024-10-14T14:21:11.635+0000] {sftp_s3.py:73} INFO - Executing File pattern check......
[2024-10-14T14:21:11.704+0000] {transport.py:1944} INFO - Connected (version 2.0, client OpenSSH_8.4p1)
[2024-10-14T14:21:11.829+0000] {transport.py:1944} INFO - Authentication (password) successful!
[2024-10-14T14:21:11.829+0000] {logging_mixin.py:137} INFO - Connection successful to SFTP .........
[2024-10-14T14:21:12.205+0000] {sftp.py:169} INFO - [chan 0] Opened sftp connection (server version 3)
[2024-10-14T14:21:12.214+0000] {logging_mixin.py:137} INFO - objs: ['.DS_Store', 'sftp_20241010.txt', 'sftp_20241010123456 .txt', 'sftp_20241011.txt', 'sftp_20241011053445.txt', 'sftp_20241012.txt', 'sftp_20241012123030.txt', 'sftp_20241014123030.txt']
[2024-10-14T14:21:12.214+0000] {sftp.py:169} INFO - [chan 0] sftp session closed.
[2024-10-14T14:21:12.214+0000] {logging_mixin.py:137} INFO - match_list: ['sftp_20241011053445.txt', 'sftp_20241012123030.txt', 'sftp_20241014123030.txt']
[2024-10-14T14:21:12.214+0000] {logging_mixin.py:137} INFO - latest file: sftp_20241014123030.txt
[2024-10-14T14:21:12.214+0000] {sftp_s3.py:121} INFO - Latest file for pattern - sftp_\d{14}\.txt at /sftp_restricted: sftp_20241014123030.txt
[2024-10-14T14:21:12.259+0000] {transport.py:1944} INFO - Connected (version 2.0, client OpenSSH_8.4p1)
[2024-10-14T14:21:12.376+0000] {transport.py:1944} INFO - Authentication (password) successful!
[2024-10-14T14:21:12.376+0000] {sftp_s3.py:223} INFO - Connection successful to SFTP
[2024-10-14T14:21:12.746+0000] {sftp.py:169} INFO - [chan 0] Opened sftp connection (server version 3)
[2024-10-14T14:21:12.759+0000] {sftp_s3.py:227} INFO - File sftp_20241014123030.txt downloaded to local path /opt/***/tempdata/sftp_20241014123030.txt
[2024-10-14T14:21:12.764+0000] {sftp_s3.py:53} INFO - Updating run log for read operation....
[2024-10-14T14:21:12.765+0000] {sftp_s3.py:57} INFO - Run log updated successfully....
[2024-10-14T14:21:12.765+0000] {sftp.py:169} INFO - [chan 0] sftp session closed.
[2024-10-14T14:21:12.765+0000] {logging_mixin.py:137} INFO - lc: /opt/***/tempdata/sftp_20241014123030.txt
[2024-10-14T14:21:12.765+0000] {sftp_s3.py:18} INFO - Creating Spark session ......
[2024-10-14T14:21:21.019+0000] {logging_mixin.py:137} INFO - root
 |-- _c0: string (nullable = true)
 |-- _c1: string (nullable = true)
 |-- _c2: string (nullable = true)
 |-- _c3: string (nullable = true)
 |-- _c4: string (nullable = true)
 |-- _c5: string (nullable = true)
 |-- _c6: string (nullable = true)
 |-- _c7: string (nullable = true)
 |-- _c8: string (nullable = true)
[2024-10-14T14:21:21.022+0000] {logging_mixin.py:137} INFO - None
[2024-10-14T14:21:28.856+0000] {sftp_s3.py:172} INFO - Moved and Renamed files
[2024-10-14T14:21:28.871+0000] {sftp_s3.py:53} INFO - Updating run log for write operation....
[2024-10-14T14:21:28.873+0000] {sftp_s3.py:57} INFO - Run log updated successfully....
[2024-10-14T14:21:28.873+0000] {sftp_s3.py:309} INFO - File transfer successful to sdevalla-buck with key sftp_file_receiver/sftp_s3_20241014.csv
[2024-10-14T14:21:28.874+0000] {sftp_s3.py:350} INFO - File transfer Successful
[2024-10-14T14:21:28.874+0000] {python.py:177} INFO - Done. Returned value was: sftp_file_receiver/sftp_s3_20241014.csv
[2024-10-14T14:21:28.963+0000] {taskinstance.py:1327} INFO - Marking task as SUCCESS. dag_id=pipeline_Demo, task_id=SFTP_to_S3, execution_date=20241014T142109, start_date=20241014T142111, end_date=20241014T142128
[2024-10-14T14:21:29.026+0000] {local_task_job.py:212} INFO - Task exited with return code 0
[2024-10-14T14:21:29.110+0000] {taskinstance.py:2596} INFO - 1 downstream tasks scheduled from follow-on schedule check
