[2024-10-10T21:31:00.374+0000] {taskinstance.py:1090} INFO - Dependencies all met for dep_context=non-requeueable deps ti=<TaskInstance: pipeline_A.task_0_S3_to_DB manual__2024-10-10T21:30:57.170028+00:00 [queued]>
[2024-10-10T21:31:00.378+0000] {taskinstance.py:1090} INFO - Dependencies all met for dep_context=requeueable deps ti=<TaskInstance: pipeline_A.task_0_S3_to_DB manual__2024-10-10T21:30:57.170028+00:00 [queued]>
[2024-10-10T21:31:00.378+0000] {taskinstance.py:1288} INFO - 
--------------------------------------------------------------------------------
[2024-10-10T21:31:00.378+0000] {taskinstance.py:1289} INFO - Starting attempt 1 of 1
[2024-10-10T21:31:00.378+0000] {taskinstance.py:1290} INFO - 
--------------------------------------------------------------------------------
[2024-10-10T21:31:00.384+0000] {taskinstance.py:1309} INFO - Executing <Task(PythonOperator): task_0_S3_to_DB> on 2024-10-10 21:30:57.170028+00:00
[2024-10-10T21:31:00.401+0000] {standard_task_runner.py:55} INFO - Started process 94723 to run task
[2024-10-10T21:31:00.405+0000] {standard_task_runner.py:82} INFO - Running: ['***', 'tasks', 'run', 'pipeline_A', 'task_0_S3_to_DB', 'manual__2024-10-10T21:30:57.170028+00:00', '--job-id', '22', '--raw', '--subdir', 'DAGS_FOLDER/pipeline_A.py', '--cfg-path', '/tmp/tmpkjqia9b_']
[2024-10-10T21:31:00.406+0000] {standard_task_runner.py:83} INFO - Job 22: Subtask task_0_S3_to_DB
[2024-10-10T21:31:00.419+0000] {logging_mixin.py:137} WARNING - /usr/local/lib/python3.9/site-packages/***/settings.py:250 DeprecationWarning: The sql_alchemy_conn option in [core] has been moved to the sql_alchemy_conn option in [database] - the old setting has been used, but please update your config.
[2024-10-10T21:31:00.465+0000] {task_command.py:389} INFO - Running <TaskInstance: pipeline_A.task_0_S3_to_DB manual__2024-10-10T21:30:57.170028+00:00 [running]> on host d6685a94b59c
[2024-10-10T21:31:00.492+0000] {taskinstance.py:1516} INFO - Exporting the following env vars:
AIRFLOW_CTX_DAG_OWNER=***
AIRFLOW_CTX_DAG_ID=pipeline_A
AIRFLOW_CTX_TASK_ID=task_0_S3_to_DB
AIRFLOW_CTX_EXECUTION_DATE=2024-10-10T21:30:57.170028+00:00
AIRFLOW_CTX_TRY_NUMBER=1
AIRFLOW_CTX_DAG_RUN_ID=manual__2024-10-10T21:30:57.170028+00:00
[2024-10-10T21:31:00.493+0000] {s3_db.py:130} INFO - Executing S3 File read.......
[2024-10-10T21:31:00.493+0000] {s3_db.py:17} INFO - Creating Spark session ......
[2024-10-10T21:31:12.207+0000] {s3_db.py:52} INFO - Updating run log for read operation....
[2024-10-10T21:31:12.217+0000] {s3_db.py:56} INFO - Run log updated successfully....
[2024-10-10T21:31:12.221+0000] {s3_db.py:239} INFO - Executing file writing function .....
[2024-10-10T21:31:13.150+0000] {s3_db.py:264} INFO - Completed writing to target table.......
[2024-10-10T21:31:13.152+0000] {s3_db.py:314} INFO - Updating run_log, marking status as success........ 
[2024-10-10T21:31:13.169+0000] {s3_db.py:52} INFO - Updating run log for write operation....
[2024-10-10T21:31:13.170+0000] {s3_db.py:56} INFO - Run log updated successfully....
[2024-10-10T21:31:13.170+0000] {s3_db.py:316} INFO - 918 records transferred from s3a://sdevalla-buck/test/sftp_20240323.txt to ***.reddit_d
[2024-10-10T21:31:13.659+0000] {python.py:177} INFO - Done. Returned value was: 918
[2024-10-10T21:31:13.720+0000] {taskinstance.py:1327} INFO - Marking task as SUCCESS. dag_id=pipeline_A, task_id=task_0_S3_to_DB, execution_date=20241010T213057, start_date=20241010T213100, end_date=20241010T213113
[2024-10-10T21:31:13.745+0000] {local_task_job.py:212} INFO - Task exited with return code 0
[2024-10-10T21:31:13.812+0000] {taskinstance.py:2596} INFO - 0 downstream tasks scheduled from follow-on schedule check
