[2024-10-13T19:31:54.944+0000] {taskinstance.py:1090} INFO - Dependencies all met for dep_context=non-requeueable deps ti=<TaskInstance: pipeline_Demo.S3_to_DB manual__2024-10-13T19:31:38.903578+00:00 [queued]>
[2024-10-13T19:31:54.947+0000] {taskinstance.py:1090} INFO - Dependencies all met for dep_context=requeueable deps ti=<TaskInstance: pipeline_Demo.S3_to_DB manual__2024-10-13T19:31:38.903578+00:00 [queued]>
[2024-10-13T19:31:54.947+0000] {taskinstance.py:1288} INFO - 
--------------------------------------------------------------------------------
[2024-10-13T19:31:54.947+0000] {taskinstance.py:1289} INFO - Starting attempt 1 of 1
[2024-10-13T19:31:54.947+0000] {taskinstance.py:1290} INFO - 
--------------------------------------------------------------------------------
[2024-10-13T19:31:54.952+0000] {taskinstance.py:1309} INFO - Executing <Task(PythonOperator): S3_to_DB> on 2024-10-13 19:31:38.903578+00:00
[2024-10-13T19:31:54.955+0000] {standard_task_runner.py:55} INFO - Started process 443 to run task
[2024-10-13T19:31:54.957+0000] {standard_task_runner.py:82} INFO - Running: ['***', 'tasks', 'run', 'pipeline_Demo', 'S3_to_DB', 'manual__2024-10-13T19:31:38.903578+00:00', '--job-id', '22', '--raw', '--subdir', 'DAGS_FOLDER/pipeline_Demo.py', '--cfg-path', '/tmp/tmpeb692hz0']
[2024-10-13T19:31:54.958+0000] {standard_task_runner.py:83} INFO - Job 22: Subtask S3_to_DB
[2024-10-13T19:31:54.965+0000] {logging_mixin.py:137} WARNING - /usr/local/lib/python3.9/site-packages/***/settings.py:250 DeprecationWarning: The sql_alchemy_conn option in [core] has been moved to the sql_alchemy_conn option in [database] - the old setting has been used, but please update your config.
[2024-10-13T19:31:54.986+0000] {task_command.py:389} INFO - Running <TaskInstance: pipeline_Demo.S3_to_DB manual__2024-10-13T19:31:38.903578+00:00 [running]> on host c3a571b96d5f
[2024-10-13T19:31:55.019+0000] {taskinstance.py:1516} INFO - Exporting the following env vars:
AIRFLOW_CTX_DAG_OWNER=***
AIRFLOW_CTX_DAG_ID=pipeline_Demo
AIRFLOW_CTX_TASK_ID=S3_to_DB
AIRFLOW_CTX_EXECUTION_DATE=2024-10-13T19:31:38.903578+00:00
AIRFLOW_CTX_TRY_NUMBER=1
AIRFLOW_CTX_DAG_RUN_ID=manual__2024-10-13T19:31:38.903578+00:00
[2024-10-13T19:31:55.020+0000] {s3_db.py:129} INFO - Executing S3 File read.......
[2024-10-13T19:31:55.020+0000] {s3_db.py:16} INFO - Creating Spark session ......
[2024-10-13T19:31:57.718+0000] {s3_db.py:71} INFO - Executing File pattern check......
[2024-10-13T19:31:57.719+0000] {logging_mixin.py:137} INFO - prefix: sftp_file_receiver
[2024-10-13T19:31:58.236+0000] {s3_db.py:116} INFO - Latest file for pattern - sftp_s3_\d{8}\.csv at s3a://sdevalla-buck/sftp_file_receiver: sftp_s3_20241013.csv
[2024-10-13T19:32:02.468+0000] {s3_db.py:51} INFO - Updating run log for read operation....
[2024-10-13T19:32:02.472+0000] {s3_db.py:55} INFO - Run log updated successfully....
[2024-10-13T19:32:02.475+0000] {s3_db.py:238} INFO - Executing file writing function .....
[2024-10-13T19:32:03.218+0000] {s3_db.py:262} INFO - Completed writing to target table.......
[2024-10-13T19:32:03.219+0000] {s3_db.py:316} INFO - Updating run_log, marking status as success........ 
[2024-10-13T19:32:03.221+0000] {s3_db.py:51} INFO - Updating run log for write operation....
[2024-10-13T19:32:03.221+0000] {s3_db.py:55} INFO - Run log updated successfully....
[2024-10-13T19:32:03.222+0000] {s3_db.py:318} INFO - 918 records transferred from s3a://sdevalla-buck/sftp_file_receiver/sftp_s3_yyyymmdd.csv to ***.public.reddit_d
[2024-10-13T19:32:03.607+0000] {python.py:177} INFO - Done. Returned value was: 918
[2024-10-13T19:32:03.662+0000] {taskinstance.py:1327} INFO - Marking task as SUCCESS. dag_id=pipeline_Demo, task_id=S3_to_DB, execution_date=20241013T193138, start_date=20241013T193154, end_date=20241013T193203
[2024-10-13T19:32:03.699+0000] {local_task_job.py:212} INFO - Task exited with return code 0
[2024-10-13T19:32:03.740+0000] {taskinstance.py:2596} INFO - 1 downstream tasks scheduled from follow-on schedule check
