[2024-09-28T00:33:04.214+0000] {processor.py:153} INFO - Started process (PID=82671) to work on /usr/local/lib/python3.9/site-packages/airflow/example_dags/example_dynamic_task_mapping.py
[2024-09-28T00:33:04.215+0000] {processor.py:743} INFO - Processing file /usr/local/lib/python3.9/site-packages/airflow/example_dags/example_dynamic_task_mapping.py for tasks to queue
[2024-09-28T00:33:04.215+0000] {logging_mixin.py:137} INFO - [2024-09-28T00:33:04.215+0000] {dagbag.py:532} INFO - Filling up the DagBag from /usr/local/lib/python3.9/site-packages/airflow/example_dags/example_dynamic_task_mapping.py
[2024-09-28T00:33:04.231+0000] {processor.py:753} INFO - DAG(s) dict_keys(['example_dynamic_task_mapping']) retrieved from /usr/local/lib/python3.9/site-packages/airflow/example_dags/example_dynamic_task_mapping.py
[2024-09-28T00:33:04.248+0000] {logging_mixin.py:137} INFO - [2024-09-28T00:33:04.248+0000] {dag.py:2705} INFO - Sync 1 DAGs
[2024-09-28T00:33:04.259+0000] {logging_mixin.py:137} INFO - [2024-09-28T00:33:04.259+0000] {dag.py:3452} INFO - Setting next_dagrun for example_dynamic_task_mapping to 2022-03-04T00:00:00+00:00, run_after=2022-03-05T00:00:00+00:00
[2024-09-28T00:33:04.267+0000] {processor.py:175} INFO - Processing /usr/local/lib/python3.9/site-packages/airflow/example_dags/example_dynamic_task_mapping.py took 0.054 seconds
[2024-09-28T01:50:05.827+0000] {processor.py:153} INFO - Started process (PID=82884) to work on /usr/local/lib/python3.9/site-packages/airflow/example_dags/example_dynamic_task_mapping.py
[2024-09-28T01:50:05.828+0000] {processor.py:743} INFO - Processing file /usr/local/lib/python3.9/site-packages/airflow/example_dags/example_dynamic_task_mapping.py for tasks to queue
[2024-09-28T01:50:05.828+0000] {logging_mixin.py:137} INFO - [2024-09-28T01:50:05.828+0000] {dagbag.py:532} INFO - Filling up the DagBag from /usr/local/lib/python3.9/site-packages/airflow/example_dags/example_dynamic_task_mapping.py
[2024-09-28T01:50:05.844+0000] {processor.py:753} INFO - DAG(s) dict_keys(['example_dynamic_task_mapping']) retrieved from /usr/local/lib/python3.9/site-packages/airflow/example_dags/example_dynamic_task_mapping.py
[2024-09-28T01:50:05.864+0000] {logging_mixin.py:137} INFO - [2024-09-28T01:50:05.864+0000] {dag.py:2705} INFO - Sync 1 DAGs
[2024-09-28T01:50:05.878+0000] {logging_mixin.py:137} INFO - [2024-09-28T01:50:05.878+0000] {dag.py:3452} INFO - Setting next_dagrun for example_dynamic_task_mapping to 2022-03-04T00:00:00+00:00, run_after=2022-03-05T00:00:00+00:00
[2024-09-28T01:50:05.889+0000] {processor.py:175} INFO - Processing /usr/local/lib/python3.9/site-packages/airflow/example_dags/example_dynamic_task_mapping.py took 0.063 seconds
[2024-09-28T03:19:36.682+0000] {processor.py:153} INFO - Started process (PID=83093) to work on /usr/local/lib/python3.9/site-packages/airflow/example_dags/example_dynamic_task_mapping.py
[2024-09-28T03:19:36.683+0000] {processor.py:743} INFO - Processing file /usr/local/lib/python3.9/site-packages/airflow/example_dags/example_dynamic_task_mapping.py for tasks to queue
[2024-09-28T03:19:36.684+0000] {logging_mixin.py:137} INFO - [2024-09-28T03:19:36.684+0000] {dagbag.py:532} INFO - Filling up the DagBag from /usr/local/lib/python3.9/site-packages/airflow/example_dags/example_dynamic_task_mapping.py
[2024-09-28T03:19:36.694+0000] {processor.py:753} INFO - DAG(s) dict_keys(['example_dynamic_task_mapping']) retrieved from /usr/local/lib/python3.9/site-packages/airflow/example_dags/example_dynamic_task_mapping.py
[2024-09-28T03:19:36.705+0000] {logging_mixin.py:137} INFO - [2024-09-28T03:19:36.705+0000] {dag.py:2705} INFO - Sync 1 DAGs
[2024-09-28T03:19:36.718+0000] {logging_mixin.py:137} INFO - [2024-09-28T03:19:36.716+0000] {dag.py:3452} INFO - Setting next_dagrun for example_dynamic_task_mapping to 2022-03-04T00:00:00+00:00, run_after=2022-03-05T00:00:00+00:00
[2024-09-28T03:19:36.724+0000] {processor.py:175} INFO - Processing /usr/local/lib/python3.9/site-packages/airflow/example_dags/example_dynamic_task_mapping.py took 0.044 seconds
[2024-09-28T04:20:43.814+0000] {processor.py:153} INFO - Started process (PID=83306) to work on /usr/local/lib/python3.9/site-packages/airflow/example_dags/example_dynamic_task_mapping.py
[2024-09-28T04:20:43.815+0000] {processor.py:743} INFO - Processing file /usr/local/lib/python3.9/site-packages/airflow/example_dags/example_dynamic_task_mapping.py for tasks to queue
[2024-09-28T04:20:43.815+0000] {logging_mixin.py:137} INFO - [2024-09-28T04:20:43.815+0000] {dagbag.py:532} INFO - Filling up the DagBag from /usr/local/lib/python3.9/site-packages/airflow/example_dags/example_dynamic_task_mapping.py
[2024-09-28T04:20:43.826+0000] {processor.py:753} INFO - DAG(s) dict_keys(['example_dynamic_task_mapping']) retrieved from /usr/local/lib/python3.9/site-packages/airflow/example_dags/example_dynamic_task_mapping.py
[2024-09-28T04:20:43.841+0000] {logging_mixin.py:137} INFO - [2024-09-28T04:20:43.841+0000] {dag.py:2705} INFO - Sync 1 DAGs
[2024-09-28T04:20:43.855+0000] {logging_mixin.py:137} INFO - [2024-09-28T04:20:43.855+0000] {dag.py:3452} INFO - Setting next_dagrun for example_dynamic_task_mapping to 2022-03-04T00:00:00+00:00, run_after=2022-03-05T00:00:00+00:00
[2024-09-28T04:20:43.867+0000] {processor.py:175} INFO - Processing /usr/local/lib/python3.9/site-packages/airflow/example_dags/example_dynamic_task_mapping.py took 0.055 seconds
[2024-09-28T05:59:39.673+0000] {processor.py:153} INFO - Started process (PID=83516) to work on /usr/local/lib/python3.9/site-packages/airflow/example_dags/example_dynamic_task_mapping.py
[2024-09-28T05:59:39.675+0000] {processor.py:743} INFO - Processing file /usr/local/lib/python3.9/site-packages/airflow/example_dags/example_dynamic_task_mapping.py for tasks to queue
[2024-09-28T05:59:39.676+0000] {logging_mixin.py:137} INFO - [2024-09-28T05:59:39.676+0000] {dagbag.py:532} INFO - Filling up the DagBag from /usr/local/lib/python3.9/site-packages/airflow/example_dags/example_dynamic_task_mapping.py
[2024-09-28T05:59:39.686+0000] {processor.py:753} INFO - DAG(s) dict_keys(['example_dynamic_task_mapping']) retrieved from /usr/local/lib/python3.9/site-packages/airflow/example_dags/example_dynamic_task_mapping.py
[2024-09-28T05:59:39.699+0000] {logging_mixin.py:137} INFO - [2024-09-28T05:59:39.699+0000] {dag.py:2705} INFO - Sync 1 DAGs
[2024-09-28T05:59:39.708+0000] {logging_mixin.py:137} INFO - [2024-09-28T05:59:39.708+0000] {dag.py:3452} INFO - Setting next_dagrun for example_dynamic_task_mapping to 2022-03-04T00:00:00+00:00, run_after=2022-03-05T00:00:00+00:00
[2024-09-28T05:59:39.717+0000] {processor.py:175} INFO - Processing /usr/local/lib/python3.9/site-packages/airflow/example_dags/example_dynamic_task_mapping.py took 0.046 seconds
[2024-09-28T07:11:51.179+0000] {processor.py:153} INFO - Started process (PID=83727) to work on /usr/local/lib/python3.9/site-packages/airflow/example_dags/example_dynamic_task_mapping.py
[2024-09-28T07:11:51.181+0000] {processor.py:743} INFO - Processing file /usr/local/lib/python3.9/site-packages/airflow/example_dags/example_dynamic_task_mapping.py for tasks to queue
[2024-09-28T07:11:51.182+0000] {logging_mixin.py:137} INFO - [2024-09-28T07:11:51.182+0000] {dagbag.py:532} INFO - Filling up the DagBag from /usr/local/lib/python3.9/site-packages/airflow/example_dags/example_dynamic_task_mapping.py
[2024-09-28T07:11:51.193+0000] {processor.py:753} INFO - DAG(s) dict_keys(['example_dynamic_task_mapping']) retrieved from /usr/local/lib/python3.9/site-packages/airflow/example_dags/example_dynamic_task_mapping.py
[2024-09-28T07:11:51.206+0000] {logging_mixin.py:137} INFO - [2024-09-28T07:11:51.206+0000] {dag.py:2705} INFO - Sync 1 DAGs
[2024-09-28T07:11:51.215+0000] {logging_mixin.py:137} INFO - [2024-09-28T07:11:51.215+0000] {dag.py:3452} INFO - Setting next_dagrun for example_dynamic_task_mapping to 2022-03-04T00:00:00+00:00, run_after=2022-03-05T00:00:00+00:00
[2024-09-28T07:11:51.224+0000] {processor.py:175} INFO - Processing /usr/local/lib/python3.9/site-packages/airflow/example_dags/example_dynamic_task_mapping.py took 0.046 seconds
[2024-09-28T08:16:49.073+0000] {processor.py:153} INFO - Started process (PID=83938) to work on /usr/local/lib/python3.9/site-packages/airflow/example_dags/example_dynamic_task_mapping.py
[2024-09-28T08:16:49.075+0000] {processor.py:743} INFO - Processing file /usr/local/lib/python3.9/site-packages/airflow/example_dags/example_dynamic_task_mapping.py for tasks to queue
[2024-09-28T08:16:49.075+0000] {logging_mixin.py:137} INFO - [2024-09-28T08:16:49.075+0000] {dagbag.py:532} INFO - Filling up the DagBag from /usr/local/lib/python3.9/site-packages/airflow/example_dags/example_dynamic_task_mapping.py
[2024-09-28T08:16:49.085+0000] {processor.py:753} INFO - DAG(s) dict_keys(['example_dynamic_task_mapping']) retrieved from /usr/local/lib/python3.9/site-packages/airflow/example_dags/example_dynamic_task_mapping.py
[2024-09-28T08:16:49.100+0000] {logging_mixin.py:137} INFO - [2024-09-28T08:16:49.100+0000] {dag.py:2705} INFO - Sync 1 DAGs
[2024-09-28T08:16:49.110+0000] {logging_mixin.py:137} INFO - [2024-09-28T08:16:49.110+0000] {dag.py:3452} INFO - Setting next_dagrun for example_dynamic_task_mapping to 2022-03-04T00:00:00+00:00, run_after=2022-03-05T00:00:00+00:00
[2024-09-28T08:16:49.118+0000] {processor.py:175} INFO - Processing /usr/local/lib/python3.9/site-packages/airflow/example_dags/example_dynamic_task_mapping.py took 0.046 seconds
[2024-09-28T09:53:29.937+0000] {processor.py:153} INFO - Started process (PID=84151) to work on /usr/local/lib/python3.9/site-packages/airflow/example_dags/example_dynamic_task_mapping.py
[2024-09-28T09:53:29.938+0000] {processor.py:743} INFO - Processing file /usr/local/lib/python3.9/site-packages/airflow/example_dags/example_dynamic_task_mapping.py for tasks to queue
[2024-09-28T09:53:29.938+0000] {logging_mixin.py:137} INFO - [2024-09-28T09:53:29.938+0000] {dagbag.py:532} INFO - Filling up the DagBag from /usr/local/lib/python3.9/site-packages/airflow/example_dags/example_dynamic_task_mapping.py
[2024-09-28T09:53:29.949+0000] {processor.py:753} INFO - DAG(s) dict_keys(['example_dynamic_task_mapping']) retrieved from /usr/local/lib/python3.9/site-packages/airflow/example_dags/example_dynamic_task_mapping.py
[2024-09-28T09:53:29.966+0000] {logging_mixin.py:137} INFO - [2024-09-28T09:53:29.966+0000] {dag.py:2705} INFO - Sync 1 DAGs
[2024-09-28T09:53:29.979+0000] {logging_mixin.py:137} INFO - [2024-09-28T09:53:29.979+0000] {dag.py:3452} INFO - Setting next_dagrun for example_dynamic_task_mapping to 2022-03-04T00:00:00+00:00, run_after=2022-03-05T00:00:00+00:00
[2024-09-28T09:53:29.989+0000] {processor.py:175} INFO - Processing /usr/local/lib/python3.9/site-packages/airflow/example_dags/example_dynamic_task_mapping.py took 0.053 seconds
[2024-09-28T11:08:27.253+0000] {processor.py:153} INFO - Started process (PID=84360) to work on /usr/local/lib/python3.9/site-packages/airflow/example_dags/example_dynamic_task_mapping.py
[2024-09-28T11:08:27.255+0000] {processor.py:743} INFO - Processing file /usr/local/lib/python3.9/site-packages/airflow/example_dags/example_dynamic_task_mapping.py for tasks to queue
[2024-09-28T11:08:27.255+0000] {logging_mixin.py:137} INFO - [2024-09-28T11:08:27.255+0000] {dagbag.py:532} INFO - Filling up the DagBag from /usr/local/lib/python3.9/site-packages/airflow/example_dags/example_dynamic_task_mapping.py
[2024-09-28T11:08:27.266+0000] {processor.py:753} INFO - DAG(s) dict_keys(['example_dynamic_task_mapping']) retrieved from /usr/local/lib/python3.9/site-packages/airflow/example_dags/example_dynamic_task_mapping.py
[2024-09-28T11:08:27.280+0000] {logging_mixin.py:137} INFO - [2024-09-28T11:08:27.280+0000] {dag.py:2705} INFO - Sync 1 DAGs
[2024-09-28T11:08:27.292+0000] {logging_mixin.py:137} INFO - [2024-09-28T11:08:27.292+0000] {dag.py:3452} INFO - Setting next_dagrun for example_dynamic_task_mapping to 2022-03-04T00:00:00+00:00, run_after=2022-03-05T00:00:00+00:00
[2024-09-28T11:08:27.299+0000] {processor.py:175} INFO - Processing /usr/local/lib/python3.9/site-packages/airflow/example_dags/example_dynamic_task_mapping.py took 0.047 seconds
[2024-09-28T12:19:39.148+0000] {processor.py:153} INFO - Started process (PID=84573) to work on /usr/local/lib/python3.9/site-packages/airflow/example_dags/example_dynamic_task_mapping.py
[2024-09-28T12:19:39.149+0000] {processor.py:743} INFO - Processing file /usr/local/lib/python3.9/site-packages/airflow/example_dags/example_dynamic_task_mapping.py for tasks to queue
[2024-09-28T12:19:39.149+0000] {logging_mixin.py:137} INFO - [2024-09-28T12:19:39.149+0000] {dagbag.py:532} INFO - Filling up the DagBag from /usr/local/lib/python3.9/site-packages/airflow/example_dags/example_dynamic_task_mapping.py
[2024-09-28T12:19:39.160+0000] {processor.py:753} INFO - DAG(s) dict_keys(['example_dynamic_task_mapping']) retrieved from /usr/local/lib/python3.9/site-packages/airflow/example_dags/example_dynamic_task_mapping.py
[2024-09-28T12:19:39.171+0000] {logging_mixin.py:137} INFO - [2024-09-28T12:19:39.171+0000] {dag.py:2705} INFO - Sync 1 DAGs
[2024-09-28T12:19:39.181+0000] {logging_mixin.py:137} INFO - [2024-09-28T12:19:39.181+0000] {dag.py:3452} INFO - Setting next_dagrun for example_dynamic_task_mapping to 2022-03-04T00:00:00+00:00, run_after=2022-03-05T00:00:00+00:00
[2024-09-28T12:19:39.191+0000] {processor.py:175} INFO - Processing /usr/local/lib/python3.9/site-packages/airflow/example_dags/example_dynamic_task_mapping.py took 0.044 seconds
[2024-09-28T13:00:05.184+0000] {processor.py:153} INFO - Started process (PID=84782) to work on /usr/local/lib/python3.9/site-packages/airflow/example_dags/example_dynamic_task_mapping.py
[2024-09-28T13:00:05.184+0000] {processor.py:743} INFO - Processing file /usr/local/lib/python3.9/site-packages/airflow/example_dags/example_dynamic_task_mapping.py for tasks to queue
[2024-09-28T13:00:05.184+0000] {logging_mixin.py:137} INFO - [2024-09-28T13:00:05.184+0000] {dagbag.py:532} INFO - Filling up the DagBag from /usr/local/lib/python3.9/site-packages/airflow/example_dags/example_dynamic_task_mapping.py
[2024-09-28T13:00:05.195+0000] {processor.py:753} INFO - DAG(s) dict_keys(['example_dynamic_task_mapping']) retrieved from /usr/local/lib/python3.9/site-packages/airflow/example_dags/example_dynamic_task_mapping.py
[2024-09-28T13:00:05.213+0000] {logging_mixin.py:137} INFO - [2024-09-28T13:00:05.213+0000] {dag.py:2705} INFO - Sync 1 DAGs
[2024-09-28T13:00:05.227+0000] {logging_mixin.py:137} INFO - [2024-09-28T13:00:05.227+0000] {dag.py:3452} INFO - Setting next_dagrun for example_dynamic_task_mapping to 2022-03-04T00:00:00+00:00, run_after=2022-03-05T00:00:00+00:00
[2024-09-28T13:00:05.233+0000] {processor.py:175} INFO - Processing /usr/local/lib/python3.9/site-packages/airflow/example_dags/example_dynamic_task_mapping.py took 0.051 seconds
[2024-09-28T13:34:48.942+0000] {processor.py:153} INFO - Started process (PID=84993) to work on /usr/local/lib/python3.9/site-packages/airflow/example_dags/example_dynamic_task_mapping.py
[2024-09-28T13:34:48.946+0000] {processor.py:743} INFO - Processing file /usr/local/lib/python3.9/site-packages/airflow/example_dags/example_dynamic_task_mapping.py for tasks to queue
[2024-09-28T13:34:48.946+0000] {logging_mixin.py:137} INFO - [2024-09-28T13:34:48.946+0000] {dagbag.py:532} INFO - Filling up the DagBag from /usr/local/lib/python3.9/site-packages/airflow/example_dags/example_dynamic_task_mapping.py
[2024-09-28T13:34:48.958+0000] {processor.py:753} INFO - DAG(s) dict_keys(['example_dynamic_task_mapping']) retrieved from /usr/local/lib/python3.9/site-packages/airflow/example_dags/example_dynamic_task_mapping.py
[2024-09-28T13:34:48.977+0000] {logging_mixin.py:137} INFO - [2024-09-28T13:34:48.977+0000] {dag.py:2705} INFO - Sync 1 DAGs
[2024-09-28T13:34:48.995+0000] {logging_mixin.py:137} INFO - [2024-09-28T13:34:48.995+0000] {dag.py:3452} INFO - Setting next_dagrun for example_dynamic_task_mapping to 2022-03-04T00:00:00+00:00, run_after=2022-03-05T00:00:00+00:00
[2024-09-28T13:34:49.005+0000] {processor.py:175} INFO - Processing /usr/local/lib/python3.9/site-packages/airflow/example_dags/example_dynamic_task_mapping.py took 0.065 seconds
[2024-09-28T13:35:19.054+0000] {processor.py:153} INFO - Started process (PID=85204) to work on /usr/local/lib/python3.9/site-packages/airflow/example_dags/example_dynamic_task_mapping.py
[2024-09-28T13:35:19.054+0000] {processor.py:743} INFO - Processing file /usr/local/lib/python3.9/site-packages/airflow/example_dags/example_dynamic_task_mapping.py for tasks to queue
[2024-09-28T13:35:19.055+0000] {logging_mixin.py:137} INFO - [2024-09-28T13:35:19.055+0000] {dagbag.py:532} INFO - Filling up the DagBag from /usr/local/lib/python3.9/site-packages/airflow/example_dags/example_dynamic_task_mapping.py
[2024-09-28T13:35:19.069+0000] {processor.py:753} INFO - DAG(s) dict_keys(['example_dynamic_task_mapping']) retrieved from /usr/local/lib/python3.9/site-packages/airflow/example_dags/example_dynamic_task_mapping.py
[2024-09-28T13:35:19.085+0000] {logging_mixin.py:137} INFO - [2024-09-28T13:35:19.084+0000] {dag.py:2705} INFO - Sync 1 DAGs
[2024-09-28T13:35:19.095+0000] {logging_mixin.py:137} INFO - [2024-09-28T13:35:19.095+0000] {dag.py:3452} INFO - Setting next_dagrun for example_dynamic_task_mapping to 2022-03-04T00:00:00+00:00, run_after=2022-03-05T00:00:00+00:00
[2024-09-28T13:35:19.103+0000] {processor.py:175} INFO - Processing /usr/local/lib/python3.9/site-packages/airflow/example_dags/example_dynamic_task_mapping.py took 0.052 seconds
[2024-09-28T13:43:14.368+0000] {processor.py:153} INFO - Started process (PID=85417) to work on /usr/local/lib/python3.9/site-packages/airflow/example_dags/example_dynamic_task_mapping.py
[2024-09-28T13:43:14.369+0000] {processor.py:743} INFO - Processing file /usr/local/lib/python3.9/site-packages/airflow/example_dags/example_dynamic_task_mapping.py for tasks to queue
[2024-09-28T13:43:14.370+0000] {logging_mixin.py:137} INFO - [2024-09-28T13:43:14.370+0000] {dagbag.py:532} INFO - Filling up the DagBag from /usr/local/lib/python3.9/site-packages/airflow/example_dags/example_dynamic_task_mapping.py
[2024-09-28T13:43:14.387+0000] {processor.py:753} INFO - DAG(s) dict_keys(['example_dynamic_task_mapping']) retrieved from /usr/local/lib/python3.9/site-packages/airflow/example_dags/example_dynamic_task_mapping.py
[2024-09-28T13:43:14.400+0000] {logging_mixin.py:137} INFO - [2024-09-28T13:43:14.400+0000] {dag.py:2705} INFO - Sync 1 DAGs
[2024-09-28T13:43:14.411+0000] {logging_mixin.py:137} INFO - [2024-09-28T13:43:14.411+0000] {dag.py:3452} INFO - Setting next_dagrun for example_dynamic_task_mapping to 2022-03-04T00:00:00+00:00, run_after=2022-03-05T00:00:00+00:00
[2024-09-28T13:43:14.421+0000] {processor.py:175} INFO - Processing /usr/local/lib/python3.9/site-packages/airflow/example_dags/example_dynamic_task_mapping.py took 0.055 seconds
