[2024-09-28T00:33:03.672+0000] {processor.py:153} INFO - Started process (PID=82601) to work on /usr/local/lib/python3.9/site-packages/airflow/example_dags/example_subdag_operator.py
[2024-09-28T00:33:03.673+0000] {processor.py:743} INFO - Processing file /usr/local/lib/python3.9/site-packages/airflow/example_dags/example_subdag_operator.py for tasks to queue
[2024-09-28T00:33:03.673+0000] {logging_mixin.py:137} INFO - [2024-09-28T00:33:03.673+0000] {dagbag.py:532} INFO - Filling up the DagBag from /usr/local/lib/python3.9/site-packages/airflow/example_dags/example_subdag_operator.py
[2024-09-28T00:33:03.697+0000] {processor.py:753} INFO - DAG(s) dict_keys(['example_subdag_operator.section-1', 'example_subdag_operator.section-2', 'example_subdag_operator']) retrieved from /usr/local/lib/python3.9/site-packages/airflow/example_dags/example_subdag_operator.py
[2024-09-28T00:33:03.705+0000] {logging_mixin.py:137} INFO - [2024-09-28T00:33:03.705+0000] {dag.py:2705} INFO - Sync 3 DAGs
[2024-09-28T00:33:03.720+0000] {logging_mixin.py:137} INFO - [2024-09-28T00:33:03.720+0000] {dag.py:3452} INFO - Setting next_dagrun for example_subdag_operator to 2022-01-01T00:00:00+00:00, run_after=2022-01-01T00:00:00+00:00
[2024-09-28T00:33:03.721+0000] {logging_mixin.py:137} INFO - [2024-09-28T00:33:03.721+0000] {dag.py:3452} INFO - Setting next_dagrun for example_subdag_operator.section-1 to None, run_after=None
[2024-09-28T00:33:03.724+0000] {logging_mixin.py:137} INFO - [2024-09-28T00:33:03.723+0000] {dag.py:3452} INFO - Setting next_dagrun for example_subdag_operator.section-2 to None, run_after=None
[2024-09-28T00:33:03.727+0000] {logging_mixin.py:137} INFO - [2024-09-28T00:33:03.727+0000] {dag.py:2705} INFO - Sync 2 DAGs
[2024-09-28T00:33:03.729+0000] {logging_mixin.py:137} INFO - [2024-09-28T00:33:03.729+0000] {dag.py:3452} INFO - Setting next_dagrun for example_subdag_operator.section-1 to None, run_after=None
[2024-09-28T00:33:03.729+0000] {logging_mixin.py:137} INFO - [2024-09-28T00:33:03.729+0000] {dag.py:3452} INFO - Setting next_dagrun for example_subdag_operator.section-2 to None, run_after=None
[2024-09-28T00:33:03.734+0000] {processor.py:175} INFO - Processing /usr/local/lib/python3.9/site-packages/airflow/example_dags/example_subdag_operator.py took 0.066 seconds
[2024-09-28T01:50:05.229+0000] {processor.py:153} INFO - Started process (PID=82812) to work on /usr/local/lib/python3.9/site-packages/airflow/example_dags/example_subdag_operator.py
[2024-09-28T01:50:05.230+0000] {processor.py:743} INFO - Processing file /usr/local/lib/python3.9/site-packages/airflow/example_dags/example_subdag_operator.py for tasks to queue
[2024-09-28T01:50:05.230+0000] {logging_mixin.py:137} INFO - [2024-09-28T01:50:05.230+0000] {dagbag.py:532} INFO - Filling up the DagBag from /usr/local/lib/python3.9/site-packages/airflow/example_dags/example_subdag_operator.py
[2024-09-28T01:50:05.247+0000] {processor.py:753} INFO - DAG(s) dict_keys(['example_subdag_operator.section-1', 'example_subdag_operator.section-2', 'example_subdag_operator']) retrieved from /usr/local/lib/python3.9/site-packages/airflow/example_dags/example_subdag_operator.py
[2024-09-28T01:50:05.262+0000] {logging_mixin.py:137} INFO - [2024-09-28T01:50:05.262+0000] {dag.py:2705} INFO - Sync 3 DAGs
[2024-09-28T01:50:05.275+0000] {logging_mixin.py:137} INFO - [2024-09-28T01:50:05.274+0000] {dag.py:3452} INFO - Setting next_dagrun for example_subdag_operator to 2022-01-01T00:00:00+00:00, run_after=2022-01-01T00:00:00+00:00
[2024-09-28T01:50:05.276+0000] {logging_mixin.py:137} INFO - [2024-09-28T01:50:05.276+0000] {dag.py:3452} INFO - Setting next_dagrun for example_subdag_operator.section-1 to None, run_after=None
[2024-09-28T01:50:05.276+0000] {logging_mixin.py:137} INFO - [2024-09-28T01:50:05.276+0000] {dag.py:3452} INFO - Setting next_dagrun for example_subdag_operator.section-2 to None, run_after=None
[2024-09-28T01:50:05.279+0000] {logging_mixin.py:137} INFO - [2024-09-28T01:50:05.279+0000] {dag.py:2705} INFO - Sync 2 DAGs
[2024-09-28T01:50:05.282+0000] {logging_mixin.py:137} INFO - [2024-09-28T01:50:05.282+0000] {dag.py:3452} INFO - Setting next_dagrun for example_subdag_operator.section-1 to None, run_after=None
[2024-09-28T01:50:05.282+0000] {logging_mixin.py:137} INFO - [2024-09-28T01:50:05.282+0000] {dag.py:3452} INFO - Setting next_dagrun for example_subdag_operator.section-2 to None, run_after=None
[2024-09-28T01:50:05.287+0000] {processor.py:175} INFO - Processing /usr/local/lib/python3.9/site-packages/airflow/example_dags/example_subdag_operator.py took 0.060 seconds
[2024-09-28T03:19:36.174+0000] {processor.py:153} INFO - Started process (PID=83025) to work on /usr/local/lib/python3.9/site-packages/airflow/example_dags/example_subdag_operator.py
[2024-09-28T03:19:36.174+0000] {processor.py:743} INFO - Processing file /usr/local/lib/python3.9/site-packages/airflow/example_dags/example_subdag_operator.py for tasks to queue
[2024-09-28T03:19:36.175+0000] {logging_mixin.py:137} INFO - [2024-09-28T03:19:36.175+0000] {dagbag.py:532} INFO - Filling up the DagBag from /usr/local/lib/python3.9/site-packages/airflow/example_dags/example_subdag_operator.py
[2024-09-28T03:19:36.191+0000] {processor.py:753} INFO - DAG(s) dict_keys(['example_subdag_operator.section-1', 'example_subdag_operator.section-2', 'example_subdag_operator']) retrieved from /usr/local/lib/python3.9/site-packages/airflow/example_dags/example_subdag_operator.py
[2024-09-28T03:19:36.198+0000] {logging_mixin.py:137} INFO - [2024-09-28T03:19:36.198+0000] {dag.py:2705} INFO - Sync 3 DAGs
[2024-09-28T03:19:36.206+0000] {logging_mixin.py:137} INFO - [2024-09-28T03:19:36.206+0000] {dag.py:3452} INFO - Setting next_dagrun for example_subdag_operator to 2022-01-01T00:00:00+00:00, run_after=2022-01-01T00:00:00+00:00
[2024-09-28T03:19:36.207+0000] {logging_mixin.py:137} INFO - [2024-09-28T03:19:36.207+0000] {dag.py:3452} INFO - Setting next_dagrun for example_subdag_operator.section-1 to None, run_after=None
[2024-09-28T03:19:36.207+0000] {logging_mixin.py:137} INFO - [2024-09-28T03:19:36.207+0000] {dag.py:3452} INFO - Setting next_dagrun for example_subdag_operator.section-2 to None, run_after=None
[2024-09-28T03:19:36.210+0000] {logging_mixin.py:137} INFO - [2024-09-28T03:19:36.210+0000] {dag.py:2705} INFO - Sync 2 DAGs
[2024-09-28T03:19:36.212+0000] {logging_mixin.py:137} INFO - [2024-09-28T03:19:36.212+0000] {dag.py:3452} INFO - Setting next_dagrun for example_subdag_operator.section-1 to None, run_after=None
[2024-09-28T03:19:36.212+0000] {logging_mixin.py:137} INFO - [2024-09-28T03:19:36.212+0000] {dag.py:3452} INFO - Setting next_dagrun for example_subdag_operator.section-2 to None, run_after=None
[2024-09-28T03:19:36.215+0000] {processor.py:175} INFO - Processing /usr/local/lib/python3.9/site-packages/airflow/example_dags/example_subdag_operator.py took 0.043 seconds
[2024-09-28T04:20:43.293+0000] {processor.py:153} INFO - Started process (PID=83234) to work on /usr/local/lib/python3.9/site-packages/airflow/example_dags/example_subdag_operator.py
[2024-09-28T04:20:43.294+0000] {processor.py:743} INFO - Processing file /usr/local/lib/python3.9/site-packages/airflow/example_dags/example_subdag_operator.py for tasks to queue
[2024-09-28T04:20:43.294+0000] {logging_mixin.py:137} INFO - [2024-09-28T04:20:43.294+0000] {dagbag.py:532} INFO - Filling up the DagBag from /usr/local/lib/python3.9/site-packages/airflow/example_dags/example_subdag_operator.py
[2024-09-28T04:20:43.311+0000] {processor.py:753} INFO - DAG(s) dict_keys(['example_subdag_operator.section-1', 'example_subdag_operator.section-2', 'example_subdag_operator']) retrieved from /usr/local/lib/python3.9/site-packages/airflow/example_dags/example_subdag_operator.py
[2024-09-28T04:20:43.319+0000] {logging_mixin.py:137} INFO - [2024-09-28T04:20:43.319+0000] {dag.py:2705} INFO - Sync 3 DAGs
[2024-09-28T04:20:43.331+0000] {logging_mixin.py:137} INFO - [2024-09-28T04:20:43.331+0000] {dag.py:3452} INFO - Setting next_dagrun for example_subdag_operator to 2022-01-01T00:00:00+00:00, run_after=2022-01-01T00:00:00+00:00
[2024-09-28T04:20:43.333+0000] {logging_mixin.py:137} INFO - [2024-09-28T04:20:43.333+0000] {dag.py:3452} INFO - Setting next_dagrun for example_subdag_operator.section-1 to None, run_after=None
[2024-09-28T04:20:43.333+0000] {logging_mixin.py:137} INFO - [2024-09-28T04:20:43.333+0000] {dag.py:3452} INFO - Setting next_dagrun for example_subdag_operator.section-2 to None, run_after=None
[2024-09-28T04:20:43.338+0000] {logging_mixin.py:137} INFO - [2024-09-28T04:20:43.338+0000] {dag.py:2705} INFO - Sync 2 DAGs
[2024-09-28T04:20:43.345+0000] {logging_mixin.py:137} INFO - [2024-09-28T04:20:43.345+0000] {dag.py:3452} INFO - Setting next_dagrun for example_subdag_operator.section-1 to None, run_after=None
[2024-09-28T04:20:43.348+0000] {logging_mixin.py:137} INFO - [2024-09-28T04:20:43.348+0000] {dag.py:3452} INFO - Setting next_dagrun for example_subdag_operator.section-2 to None, run_after=None
[2024-09-28T04:20:43.352+0000] {processor.py:175} INFO - Processing /usr/local/lib/python3.9/site-packages/airflow/example_dags/example_subdag_operator.py took 0.061 seconds
[2024-09-28T05:59:39.222+0000] {processor.py:153} INFO - Started process (PID=83446) to work on /usr/local/lib/python3.9/site-packages/airflow/example_dags/example_subdag_operator.py
[2024-09-28T05:59:39.223+0000] {processor.py:743} INFO - Processing file /usr/local/lib/python3.9/site-packages/airflow/example_dags/example_subdag_operator.py for tasks to queue
[2024-09-28T05:59:39.225+0000] {logging_mixin.py:137} INFO - [2024-09-28T05:59:39.225+0000] {dagbag.py:532} INFO - Filling up the DagBag from /usr/local/lib/python3.9/site-packages/airflow/example_dags/example_subdag_operator.py
[2024-09-28T05:59:39.242+0000] {processor.py:753} INFO - DAG(s) dict_keys(['example_subdag_operator.section-1', 'example_subdag_operator.section-2', 'example_subdag_operator']) retrieved from /usr/local/lib/python3.9/site-packages/airflow/example_dags/example_subdag_operator.py
[2024-09-28T05:59:39.249+0000] {logging_mixin.py:137} INFO - [2024-09-28T05:59:39.249+0000] {dag.py:2705} INFO - Sync 3 DAGs
[2024-09-28T05:59:39.259+0000] {logging_mixin.py:137} INFO - [2024-09-28T05:59:39.259+0000] {dag.py:3452} INFO - Setting next_dagrun for example_subdag_operator to 2022-01-01T00:00:00+00:00, run_after=2022-01-01T00:00:00+00:00
[2024-09-28T05:59:39.261+0000] {logging_mixin.py:137} INFO - [2024-09-28T05:59:39.261+0000] {dag.py:3452} INFO - Setting next_dagrun for example_subdag_operator.section-1 to None, run_after=None
[2024-09-28T05:59:39.262+0000] {logging_mixin.py:137} INFO - [2024-09-28T05:59:39.262+0000] {dag.py:3452} INFO - Setting next_dagrun for example_subdag_operator.section-2 to None, run_after=None
[2024-09-28T05:59:39.265+0000] {logging_mixin.py:137} INFO - [2024-09-28T05:59:39.265+0000] {dag.py:2705} INFO - Sync 2 DAGs
[2024-09-28T05:59:39.269+0000] {logging_mixin.py:137} INFO - [2024-09-28T05:59:39.269+0000] {dag.py:3452} INFO - Setting next_dagrun for example_subdag_operator.section-1 to None, run_after=None
[2024-09-28T05:59:39.270+0000] {logging_mixin.py:137} INFO - [2024-09-28T05:59:39.270+0000] {dag.py:3452} INFO - Setting next_dagrun for example_subdag_operator.section-2 to None, run_after=None
[2024-09-28T05:59:39.275+0000] {processor.py:175} INFO - Processing /usr/local/lib/python3.9/site-packages/airflow/example_dags/example_subdag_operator.py took 0.055 seconds
[2024-09-28T07:11:50.748+0000] {processor.py:153} INFO - Started process (PID=83657) to work on /usr/local/lib/python3.9/site-packages/airflow/example_dags/example_subdag_operator.py
[2024-09-28T07:11:50.748+0000] {processor.py:743} INFO - Processing file /usr/local/lib/python3.9/site-packages/airflow/example_dags/example_subdag_operator.py for tasks to queue
[2024-09-28T07:11:50.749+0000] {logging_mixin.py:137} INFO - [2024-09-28T07:11:50.748+0000] {dagbag.py:532} INFO - Filling up the DagBag from /usr/local/lib/python3.9/site-packages/airflow/example_dags/example_subdag_operator.py
[2024-09-28T07:11:50.770+0000] {processor.py:753} INFO - DAG(s) dict_keys(['example_subdag_operator.section-1', 'example_subdag_operator.section-2', 'example_subdag_operator']) retrieved from /usr/local/lib/python3.9/site-packages/airflow/example_dags/example_subdag_operator.py
[2024-09-28T07:11:50.779+0000] {logging_mixin.py:137} INFO - [2024-09-28T07:11:50.779+0000] {dag.py:2705} INFO - Sync 3 DAGs
[2024-09-28T07:11:50.788+0000] {logging_mixin.py:137} INFO - [2024-09-28T07:11:50.788+0000] {dag.py:3452} INFO - Setting next_dagrun for example_subdag_operator to 2022-01-01T00:00:00+00:00, run_after=2022-01-01T00:00:00+00:00
[2024-09-28T07:11:50.790+0000] {logging_mixin.py:137} INFO - [2024-09-28T07:11:50.790+0000] {dag.py:3452} INFO - Setting next_dagrun for example_subdag_operator.section-1 to None, run_after=None
[2024-09-28T07:11:50.791+0000] {logging_mixin.py:137} INFO - [2024-09-28T07:11:50.791+0000] {dag.py:3452} INFO - Setting next_dagrun for example_subdag_operator.section-2 to None, run_after=None
[2024-09-28T07:11:50.797+0000] {logging_mixin.py:137} INFO - [2024-09-28T07:11:50.797+0000] {dag.py:2705} INFO - Sync 2 DAGs
[2024-09-28T07:11:50.801+0000] {logging_mixin.py:137} INFO - [2024-09-28T07:11:50.801+0000] {dag.py:3452} INFO - Setting next_dagrun for example_subdag_operator.section-1 to None, run_after=None
[2024-09-28T07:11:50.801+0000] {logging_mixin.py:137} INFO - [2024-09-28T07:11:50.801+0000] {dag.py:3452} INFO - Setting next_dagrun for example_subdag_operator.section-2 to None, run_after=None
[2024-09-28T07:11:50.810+0000] {processor.py:175} INFO - Processing /usr/local/lib/python3.9/site-packages/airflow/example_dags/example_subdag_operator.py took 0.065 seconds
[2024-09-28T08:16:48.650+0000] {processor.py:153} INFO - Started process (PID=83868) to work on /usr/local/lib/python3.9/site-packages/airflow/example_dags/example_subdag_operator.py
[2024-09-28T08:16:48.651+0000] {processor.py:743} INFO - Processing file /usr/local/lib/python3.9/site-packages/airflow/example_dags/example_subdag_operator.py for tasks to queue
[2024-09-28T08:16:48.651+0000] {logging_mixin.py:137} INFO - [2024-09-28T08:16:48.651+0000] {dagbag.py:532} INFO - Filling up the DagBag from /usr/local/lib/python3.9/site-packages/airflow/example_dags/example_subdag_operator.py
[2024-09-28T08:16:48.668+0000] {processor.py:753} INFO - DAG(s) dict_keys(['example_subdag_operator.section-1', 'example_subdag_operator.section-2', 'example_subdag_operator']) retrieved from /usr/local/lib/python3.9/site-packages/airflow/example_dags/example_subdag_operator.py
[2024-09-28T08:16:48.682+0000] {logging_mixin.py:137} INFO - [2024-09-28T08:16:48.682+0000] {dag.py:2705} INFO - Sync 3 DAGs
[2024-09-28T08:16:48.694+0000] {logging_mixin.py:137} INFO - [2024-09-28T08:16:48.694+0000] {dag.py:3452} INFO - Setting next_dagrun for example_subdag_operator to 2022-01-01T00:00:00+00:00, run_after=2022-01-01T00:00:00+00:00
[2024-09-28T08:16:48.695+0000] {logging_mixin.py:137} INFO - [2024-09-28T08:16:48.695+0000] {dag.py:3452} INFO - Setting next_dagrun for example_subdag_operator.section-1 to None, run_after=None
[2024-09-28T08:16:48.700+0000] {logging_mixin.py:137} INFO - [2024-09-28T08:16:48.700+0000] {dag.py:3452} INFO - Setting next_dagrun for example_subdag_operator.section-2 to None, run_after=None
[2024-09-28T08:16:48.704+0000] {logging_mixin.py:137} INFO - [2024-09-28T08:16:48.704+0000] {dag.py:2705} INFO - Sync 2 DAGs
[2024-09-28T08:16:48.707+0000] {logging_mixin.py:137} INFO - [2024-09-28T08:16:48.707+0000] {dag.py:3452} INFO - Setting next_dagrun for example_subdag_operator.section-1 to None, run_after=None
[2024-09-28T08:16:48.707+0000] {logging_mixin.py:137} INFO - [2024-09-28T08:16:48.707+0000] {dag.py:3452} INFO - Setting next_dagrun for example_subdag_operator.section-2 to None, run_after=None
[2024-09-28T08:16:48.711+0000] {processor.py:175} INFO - Processing /usr/local/lib/python3.9/site-packages/airflow/example_dags/example_subdag_operator.py took 0.062 seconds
[2024-09-28T09:53:29.431+0000] {processor.py:153} INFO - Started process (PID=84080) to work on /usr/local/lib/python3.9/site-packages/airflow/example_dags/example_subdag_operator.py
[2024-09-28T09:53:29.431+0000] {processor.py:743} INFO - Processing file /usr/local/lib/python3.9/site-packages/airflow/example_dags/example_subdag_operator.py for tasks to queue
[2024-09-28T09:53:29.431+0000] {logging_mixin.py:137} INFO - [2024-09-28T09:53:29.431+0000] {dagbag.py:532} INFO - Filling up the DagBag from /usr/local/lib/python3.9/site-packages/airflow/example_dags/example_subdag_operator.py
[2024-09-28T09:53:29.450+0000] {processor.py:753} INFO - DAG(s) dict_keys(['example_subdag_operator.section-1', 'example_subdag_operator.section-2', 'example_subdag_operator']) retrieved from /usr/local/lib/python3.9/site-packages/airflow/example_dags/example_subdag_operator.py
[2024-09-28T09:53:29.459+0000] {logging_mixin.py:137} INFO - [2024-09-28T09:53:29.459+0000] {dag.py:2705} INFO - Sync 3 DAGs
[2024-09-28T09:53:29.472+0000] {logging_mixin.py:137} INFO - [2024-09-28T09:53:29.472+0000] {dag.py:3452} INFO - Setting next_dagrun for example_subdag_operator to 2022-01-01T00:00:00+00:00, run_after=2022-01-01T00:00:00+00:00
[2024-09-28T09:53:29.476+0000] {logging_mixin.py:137} INFO - [2024-09-28T09:53:29.476+0000] {dag.py:3452} INFO - Setting next_dagrun for example_subdag_operator.section-1 to None, run_after=None
[2024-09-28T09:53:29.477+0000] {logging_mixin.py:137} INFO - [2024-09-28T09:53:29.477+0000] {dag.py:3452} INFO - Setting next_dagrun for example_subdag_operator.section-2 to None, run_after=None
[2024-09-28T09:53:29.481+0000] {logging_mixin.py:137} INFO - [2024-09-28T09:53:29.481+0000] {dag.py:2705} INFO - Sync 2 DAGs
[2024-09-28T09:53:29.485+0000] {logging_mixin.py:137} INFO - [2024-09-28T09:53:29.485+0000] {dag.py:3452} INFO - Setting next_dagrun for example_subdag_operator.section-1 to None, run_after=None
[2024-09-28T09:53:29.486+0000] {logging_mixin.py:137} INFO - [2024-09-28T09:53:29.486+0000] {dag.py:3452} INFO - Setting next_dagrun for example_subdag_operator.section-2 to None, run_after=None
[2024-09-28T09:53:29.493+0000] {processor.py:175} INFO - Processing /usr/local/lib/python3.9/site-packages/airflow/example_dags/example_subdag_operator.py took 0.064 seconds
[2024-09-28T11:08:26.775+0000] {processor.py:153} INFO - Started process (PID=84290) to work on /usr/local/lib/python3.9/site-packages/airflow/example_dags/example_subdag_operator.py
[2024-09-28T11:08:26.776+0000] {processor.py:743} INFO - Processing file /usr/local/lib/python3.9/site-packages/airflow/example_dags/example_subdag_operator.py for tasks to queue
[2024-09-28T11:08:26.777+0000] {logging_mixin.py:137} INFO - [2024-09-28T11:08:26.777+0000] {dagbag.py:532} INFO - Filling up the DagBag from /usr/local/lib/python3.9/site-packages/airflow/example_dags/example_subdag_operator.py
[2024-09-28T11:08:26.793+0000] {processor.py:753} INFO - DAG(s) dict_keys(['example_subdag_operator.section-1', 'example_subdag_operator.section-2', 'example_subdag_operator']) retrieved from /usr/local/lib/python3.9/site-packages/airflow/example_dags/example_subdag_operator.py
[2024-09-28T11:08:26.801+0000] {logging_mixin.py:137} INFO - [2024-09-28T11:08:26.801+0000] {dag.py:2705} INFO - Sync 3 DAGs
[2024-09-28T11:08:26.810+0000] {logging_mixin.py:137} INFO - [2024-09-28T11:08:26.810+0000] {dag.py:3452} INFO - Setting next_dagrun for example_subdag_operator to 2022-01-01T00:00:00+00:00, run_after=2022-01-01T00:00:00+00:00
[2024-09-28T11:08:26.814+0000] {logging_mixin.py:137} INFO - [2024-09-28T11:08:26.814+0000] {dag.py:3452} INFO - Setting next_dagrun for example_subdag_operator.section-1 to None, run_after=None
[2024-09-28T11:08:26.814+0000] {logging_mixin.py:137} INFO - [2024-09-28T11:08:26.814+0000] {dag.py:3452} INFO - Setting next_dagrun for example_subdag_operator.section-2 to None, run_after=None
[2024-09-28T11:08:26.817+0000] {logging_mixin.py:137} INFO - [2024-09-28T11:08:26.817+0000] {dag.py:2705} INFO - Sync 2 DAGs
[2024-09-28T11:08:26.820+0000] {logging_mixin.py:137} INFO - [2024-09-28T11:08:26.820+0000] {dag.py:3452} INFO - Setting next_dagrun for example_subdag_operator.section-1 to None, run_after=None
[2024-09-28T11:08:26.823+0000] {logging_mixin.py:137} INFO - [2024-09-28T11:08:26.823+0000] {dag.py:3452} INFO - Setting next_dagrun for example_subdag_operator.section-2 to None, run_after=None
[2024-09-28T11:08:26.833+0000] {processor.py:175} INFO - Processing /usr/local/lib/python3.9/site-packages/airflow/example_dags/example_subdag_operator.py took 0.059 seconds
[2024-09-28T12:19:38.699+0000] {processor.py:153} INFO - Started process (PID=84501) to work on /usr/local/lib/python3.9/site-packages/airflow/example_dags/example_subdag_operator.py
[2024-09-28T12:19:38.701+0000] {processor.py:743} INFO - Processing file /usr/local/lib/python3.9/site-packages/airflow/example_dags/example_subdag_operator.py for tasks to queue
[2024-09-28T12:19:38.701+0000] {logging_mixin.py:137} INFO - [2024-09-28T12:19:38.701+0000] {dagbag.py:532} INFO - Filling up the DagBag from /usr/local/lib/python3.9/site-packages/airflow/example_dags/example_subdag_operator.py
[2024-09-28T12:19:38.714+0000] {processor.py:753} INFO - DAG(s) dict_keys(['example_subdag_operator.section-1', 'example_subdag_operator.section-2', 'example_subdag_operator']) retrieved from /usr/local/lib/python3.9/site-packages/airflow/example_dags/example_subdag_operator.py
[2024-09-28T12:19:38.722+0000] {logging_mixin.py:137} INFO - [2024-09-28T12:19:38.722+0000] {dag.py:2705} INFO - Sync 3 DAGs
[2024-09-28T12:19:38.730+0000] {logging_mixin.py:137} INFO - [2024-09-28T12:19:38.730+0000] {dag.py:3452} INFO - Setting next_dagrun for example_subdag_operator to 2022-01-01T00:00:00+00:00, run_after=2022-01-01T00:00:00+00:00
[2024-09-28T12:19:38.731+0000] {logging_mixin.py:137} INFO - [2024-09-28T12:19:38.731+0000] {dag.py:3452} INFO - Setting next_dagrun for example_subdag_operator.section-1 to None, run_after=None
[2024-09-28T12:19:38.732+0000] {logging_mixin.py:137} INFO - [2024-09-28T12:19:38.732+0000] {dag.py:3452} INFO - Setting next_dagrun for example_subdag_operator.section-2 to None, run_after=None
[2024-09-28T12:19:38.736+0000] {logging_mixin.py:137} INFO - [2024-09-28T12:19:38.736+0000] {dag.py:2705} INFO - Sync 2 DAGs
[2024-09-28T12:19:38.738+0000] {logging_mixin.py:137} INFO - [2024-09-28T12:19:38.738+0000] {dag.py:3452} INFO - Setting next_dagrun for example_subdag_operator.section-1 to None, run_after=None
[2024-09-28T12:19:38.738+0000] {logging_mixin.py:137} INFO - [2024-09-28T12:19:38.738+0000] {dag.py:3452} INFO - Setting next_dagrun for example_subdag_operator.section-2 to None, run_after=None
[2024-09-28T12:19:38.742+0000] {processor.py:175} INFO - Processing /usr/local/lib/python3.9/site-packages/airflow/example_dags/example_subdag_operator.py took 0.056 seconds
[2024-09-28T13:00:04.733+0000] {processor.py:153} INFO - Started process (PID=84712) to work on /usr/local/lib/python3.9/site-packages/airflow/example_dags/example_subdag_operator.py
[2024-09-28T13:00:04.734+0000] {processor.py:743} INFO - Processing file /usr/local/lib/python3.9/site-packages/airflow/example_dags/example_subdag_operator.py for tasks to queue
[2024-09-28T13:00:04.734+0000] {logging_mixin.py:137} INFO - [2024-09-28T13:00:04.734+0000] {dagbag.py:532} INFO - Filling up the DagBag from /usr/local/lib/python3.9/site-packages/airflow/example_dags/example_subdag_operator.py
[2024-09-28T13:00:04.748+0000] {processor.py:753} INFO - DAG(s) dict_keys(['example_subdag_operator.section-1', 'example_subdag_operator.section-2', 'example_subdag_operator']) retrieved from /usr/local/lib/python3.9/site-packages/airflow/example_dags/example_subdag_operator.py
[2024-09-28T13:00:04.755+0000] {logging_mixin.py:137} INFO - [2024-09-28T13:00:04.755+0000] {dag.py:2705} INFO - Sync 3 DAGs
[2024-09-28T13:00:04.765+0000] {logging_mixin.py:137} INFO - [2024-09-28T13:00:04.765+0000] {dag.py:3452} INFO - Setting next_dagrun for example_subdag_operator to 2022-01-01T00:00:00+00:00, run_after=2022-01-01T00:00:00+00:00
[2024-09-28T13:00:04.768+0000] {logging_mixin.py:137} INFO - [2024-09-28T13:00:04.768+0000] {dag.py:3452} INFO - Setting next_dagrun for example_subdag_operator.section-1 to None, run_after=None
[2024-09-28T13:00:04.768+0000] {logging_mixin.py:137} INFO - [2024-09-28T13:00:04.768+0000] {dag.py:3452} INFO - Setting next_dagrun for example_subdag_operator.section-2 to None, run_after=None
[2024-09-28T13:00:04.777+0000] {logging_mixin.py:137} INFO - [2024-09-28T13:00:04.777+0000] {dag.py:2705} INFO - Sync 2 DAGs
[2024-09-28T13:00:04.780+0000] {logging_mixin.py:137} INFO - [2024-09-28T13:00:04.779+0000] {dag.py:3452} INFO - Setting next_dagrun for example_subdag_operator.section-1 to None, run_after=None
[2024-09-28T13:00:04.780+0000] {logging_mixin.py:137} INFO - [2024-09-28T13:00:04.780+0000] {dag.py:3452} INFO - Setting next_dagrun for example_subdag_operator.section-2 to None, run_after=None
[2024-09-28T13:00:04.785+0000] {processor.py:175} INFO - Processing /usr/local/lib/python3.9/site-packages/airflow/example_dags/example_subdag_operator.py took 0.054 seconds
[2024-09-28T13:34:48.295+0000] {processor.py:153} INFO - Started process (PID=84925) to work on /usr/local/lib/python3.9/site-packages/airflow/example_dags/example_subdag_operator.py
[2024-09-28T13:34:48.296+0000] {processor.py:743} INFO - Processing file /usr/local/lib/python3.9/site-packages/airflow/example_dags/example_subdag_operator.py for tasks to queue
[2024-09-28T13:34:48.296+0000] {logging_mixin.py:137} INFO - [2024-09-28T13:34:48.296+0000] {dagbag.py:532} INFO - Filling up the DagBag from /usr/local/lib/python3.9/site-packages/airflow/example_dags/example_subdag_operator.py
[2024-09-28T13:34:48.313+0000] {processor.py:753} INFO - DAG(s) dict_keys(['example_subdag_operator.section-1', 'example_subdag_operator.section-2', 'example_subdag_operator']) retrieved from /usr/local/lib/python3.9/site-packages/airflow/example_dags/example_subdag_operator.py
[2024-09-28T13:34:48.323+0000] {logging_mixin.py:137} INFO - [2024-09-28T13:34:48.322+0000] {dag.py:2705} INFO - Sync 3 DAGs
[2024-09-28T13:34:48.362+0000] {logging_mixin.py:137} INFO - [2024-09-28T13:34:48.362+0000] {dag.py:3452} INFO - Setting next_dagrun for example_subdag_operator to 2022-01-01T00:00:00+00:00, run_after=2022-01-01T00:00:00+00:00
[2024-09-28T13:34:48.363+0000] {logging_mixin.py:137} INFO - [2024-09-28T13:34:48.363+0000] {dag.py:3452} INFO - Setting next_dagrun for example_subdag_operator.section-1 to None, run_after=None
[2024-09-28T13:34:48.364+0000] {logging_mixin.py:137} INFO - [2024-09-28T13:34:48.364+0000] {dag.py:3452} INFO - Setting next_dagrun for example_subdag_operator.section-2 to None, run_after=None
[2024-09-28T13:34:48.367+0000] {logging_mixin.py:137} INFO - [2024-09-28T13:34:48.367+0000] {dag.py:2705} INFO - Sync 2 DAGs
[2024-09-28T13:34:48.369+0000] {logging_mixin.py:137} INFO - [2024-09-28T13:34:48.369+0000] {dag.py:3452} INFO - Setting next_dagrun for example_subdag_operator.section-1 to None, run_after=None
[2024-09-28T13:34:48.370+0000] {logging_mixin.py:137} INFO - [2024-09-28T13:34:48.370+0000] {dag.py:3452} INFO - Setting next_dagrun for example_subdag_operator.section-2 to None, run_after=None
[2024-09-28T13:34:48.374+0000] {processor.py:175} INFO - Processing /usr/local/lib/python3.9/site-packages/airflow/example_dags/example_subdag_operator.py took 0.080 seconds
[2024-09-28T13:35:18.547+0000] {processor.py:153} INFO - Started process (PID=85134) to work on /usr/local/lib/python3.9/site-packages/airflow/example_dags/example_subdag_operator.py
[2024-09-28T13:35:18.548+0000] {processor.py:743} INFO - Processing file /usr/local/lib/python3.9/site-packages/airflow/example_dags/example_subdag_operator.py for tasks to queue
[2024-09-28T13:35:18.548+0000] {logging_mixin.py:137} INFO - [2024-09-28T13:35:18.548+0000] {dagbag.py:532} INFO - Filling up the DagBag from /usr/local/lib/python3.9/site-packages/airflow/example_dags/example_subdag_operator.py
[2024-09-28T13:35:18.562+0000] {processor.py:753} INFO - DAG(s) dict_keys(['example_subdag_operator.section-1', 'example_subdag_operator.section-2', 'example_subdag_operator']) retrieved from /usr/local/lib/python3.9/site-packages/airflow/example_dags/example_subdag_operator.py
[2024-09-28T13:35:18.571+0000] {logging_mixin.py:137} INFO - [2024-09-28T13:35:18.571+0000] {dag.py:2705} INFO - Sync 3 DAGs
[2024-09-28T13:35:18.583+0000] {logging_mixin.py:137} INFO - [2024-09-28T13:35:18.583+0000] {dag.py:3452} INFO - Setting next_dagrun for example_subdag_operator to 2022-01-01T00:00:00+00:00, run_after=2022-01-01T00:00:00+00:00
[2024-09-28T13:35:18.585+0000] {logging_mixin.py:137} INFO - [2024-09-28T13:35:18.585+0000] {dag.py:3452} INFO - Setting next_dagrun for example_subdag_operator.section-1 to None, run_after=None
[2024-09-28T13:35:18.585+0000] {logging_mixin.py:137} INFO - [2024-09-28T13:35:18.585+0000] {dag.py:3452} INFO - Setting next_dagrun for example_subdag_operator.section-2 to None, run_after=None
[2024-09-28T13:35:18.588+0000] {logging_mixin.py:137} INFO - [2024-09-28T13:35:18.588+0000] {dag.py:2705} INFO - Sync 2 DAGs
[2024-09-28T13:35:18.590+0000] {logging_mixin.py:137} INFO - [2024-09-28T13:35:18.590+0000] {dag.py:3452} INFO - Setting next_dagrun for example_subdag_operator.section-1 to None, run_after=None
[2024-09-28T13:35:18.590+0000] {logging_mixin.py:137} INFO - [2024-09-28T13:35:18.590+0000] {dag.py:3452} INFO - Setting next_dagrun for example_subdag_operator.section-2 to None, run_after=None
[2024-09-28T13:35:18.594+0000] {processor.py:175} INFO - Processing /usr/local/lib/python3.9/site-packages/airflow/example_dags/example_subdag_operator.py took 0.049 seconds
[2024-09-28T13:43:13.826+0000] {processor.py:153} INFO - Started process (PID=85347) to work on /usr/local/lib/python3.9/site-packages/airflow/example_dags/example_subdag_operator.py
[2024-09-28T13:43:13.827+0000] {processor.py:743} INFO - Processing file /usr/local/lib/python3.9/site-packages/airflow/example_dags/example_subdag_operator.py for tasks to queue
[2024-09-28T13:43:13.827+0000] {logging_mixin.py:137} INFO - [2024-09-28T13:43:13.827+0000] {dagbag.py:532} INFO - Filling up the DagBag from /usr/local/lib/python3.9/site-packages/airflow/example_dags/example_subdag_operator.py
[2024-09-28T13:43:13.841+0000] {processor.py:753} INFO - DAG(s) dict_keys(['example_subdag_operator.section-1', 'example_subdag_operator.section-2', 'example_subdag_operator']) retrieved from /usr/local/lib/python3.9/site-packages/airflow/example_dags/example_subdag_operator.py
[2024-09-28T13:43:13.848+0000] {logging_mixin.py:137} INFO - [2024-09-28T13:43:13.848+0000] {dag.py:2705} INFO - Sync 3 DAGs
[2024-09-28T13:43:13.856+0000] {logging_mixin.py:137} INFO - [2024-09-28T13:43:13.856+0000] {dag.py:3452} INFO - Setting next_dagrun for example_subdag_operator to 2022-01-01T00:00:00+00:00, run_after=2022-01-01T00:00:00+00:00
[2024-09-28T13:43:13.857+0000] {logging_mixin.py:137} INFO - [2024-09-28T13:43:13.857+0000] {dag.py:3452} INFO - Setting next_dagrun for example_subdag_operator.section-1 to None, run_after=None
[2024-09-28T13:43:13.858+0000] {logging_mixin.py:137} INFO - [2024-09-28T13:43:13.858+0000] {dag.py:3452} INFO - Setting next_dagrun for example_subdag_operator.section-2 to None, run_after=None
[2024-09-28T13:43:13.861+0000] {logging_mixin.py:137} INFO - [2024-09-28T13:43:13.861+0000] {dag.py:2705} INFO - Sync 2 DAGs
[2024-09-28T13:43:13.863+0000] {logging_mixin.py:137} INFO - [2024-09-28T13:43:13.863+0000] {dag.py:3452} INFO - Setting next_dagrun for example_subdag_operator.section-1 to None, run_after=None
[2024-09-28T13:43:13.863+0000] {logging_mixin.py:137} INFO - [2024-09-28T13:43:13.863+0000] {dag.py:3452} INFO - Setting next_dagrun for example_subdag_operator.section-2 to None, run_after=None
[2024-09-28T13:43:13.867+0000] {processor.py:175} INFO - Processing /usr/local/lib/python3.9/site-packages/airflow/example_dags/example_subdag_operator.py took 0.043 seconds
