[2024-09-28T00:33:03.565+0000] {processor.py:153} INFO - Started process (PID=82586) to work on /usr/local/lib/python3.9/site-packages/airflow/example_dags/example_sensors.py
[2024-09-28T00:33:03.565+0000] {processor.py:743} INFO - Processing file /usr/local/lib/python3.9/site-packages/airflow/example_dags/example_sensors.py for tasks to queue
[2024-09-28T00:33:03.566+0000] {logging_mixin.py:137} INFO - [2024-09-28T00:33:03.566+0000] {dagbag.py:532} INFO - Filling up the DagBag from /usr/local/lib/python3.9/site-packages/airflow/example_dags/example_sensors.py
[2024-09-28T00:33:03.575+0000] {processor.py:753} INFO - DAG(s) dict_keys(['example_sensors']) retrieved from /usr/local/lib/python3.9/site-packages/airflow/example_dags/example_sensors.py
[2024-09-28T00:33:03.596+0000] {logging_mixin.py:137} INFO - [2024-09-28T00:33:03.596+0000] {dag.py:2705} INFO - Sync 1 DAGs
[2024-09-28T00:33:03.612+0000] {logging_mixin.py:137} INFO - [2024-09-28T00:33:03.612+0000] {dag.py:3452} INFO - Setting next_dagrun for example_sensors to None, run_after=None
[2024-09-28T00:33:03.630+0000] {processor.py:175} INFO - Processing /usr/local/lib/python3.9/site-packages/airflow/example_dags/example_sensors.py took 0.068 seconds
[2024-09-28T01:50:05.144+0000] {processor.py:153} INFO - Started process (PID=82799) to work on /usr/local/lib/python3.9/site-packages/airflow/example_dags/example_sensors.py
[2024-09-28T01:50:05.145+0000] {processor.py:743} INFO - Processing file /usr/local/lib/python3.9/site-packages/airflow/example_dags/example_sensors.py for tasks to queue
[2024-09-28T01:50:05.145+0000] {logging_mixin.py:137} INFO - [2024-09-28T01:50:05.145+0000] {dagbag.py:532} INFO - Filling up the DagBag from /usr/local/lib/python3.9/site-packages/airflow/example_dags/example_sensors.py
[2024-09-28T01:50:05.154+0000] {processor.py:753} INFO - DAG(s) dict_keys(['example_sensors']) retrieved from /usr/local/lib/python3.9/site-packages/airflow/example_dags/example_sensors.py
[2024-09-28T01:50:05.171+0000] {logging_mixin.py:137} INFO - [2024-09-28T01:50:05.171+0000] {dag.py:2705} INFO - Sync 1 DAGs
[2024-09-28T01:50:05.183+0000] {logging_mixin.py:137} INFO - [2024-09-28T01:50:05.183+0000] {dag.py:3452} INFO - Setting next_dagrun for example_sensors to None, run_after=None
[2024-09-28T01:50:05.197+0000] {processor.py:175} INFO - Processing /usr/local/lib/python3.9/site-packages/airflow/example_dags/example_sensors.py took 0.054 seconds
[2024-09-28T03:19:36.066+0000] {processor.py:153} INFO - Started process (PID=83008) to work on /usr/local/lib/python3.9/site-packages/airflow/example_dags/example_sensors.py
[2024-09-28T03:19:36.067+0000] {processor.py:743} INFO - Processing file /usr/local/lib/python3.9/site-packages/airflow/example_dags/example_sensors.py for tasks to queue
[2024-09-28T03:19:36.067+0000] {logging_mixin.py:137} INFO - [2024-09-28T03:19:36.067+0000] {dagbag.py:532} INFO - Filling up the DagBag from /usr/local/lib/python3.9/site-packages/airflow/example_dags/example_sensors.py
[2024-09-28T03:19:36.077+0000] {processor.py:753} INFO - DAG(s) dict_keys(['example_sensors']) retrieved from /usr/local/lib/python3.9/site-packages/airflow/example_dags/example_sensors.py
[2024-09-28T03:19:36.098+0000] {logging_mixin.py:137} INFO - [2024-09-28T03:19:36.097+0000] {dag.py:2705} INFO - Sync 1 DAGs
[2024-09-28T03:19:36.107+0000] {logging_mixin.py:137} INFO - [2024-09-28T03:19:36.107+0000] {dag.py:3452} INFO - Setting next_dagrun for example_sensors to None, run_after=None
[2024-09-28T03:19:36.114+0000] {processor.py:175} INFO - Processing /usr/local/lib/python3.9/site-packages/airflow/example_dags/example_sensors.py took 0.050 seconds
[2024-09-28T04:20:43.154+0000] {processor.py:153} INFO - Started process (PID=83221) to work on /usr/local/lib/python3.9/site-packages/airflow/example_dags/example_sensors.py
[2024-09-28T04:20:43.154+0000] {processor.py:743} INFO - Processing file /usr/local/lib/python3.9/site-packages/airflow/example_dags/example_sensors.py for tasks to queue
[2024-09-28T04:20:43.155+0000] {logging_mixin.py:137} INFO - [2024-09-28T04:20:43.155+0000] {dagbag.py:532} INFO - Filling up the DagBag from /usr/local/lib/python3.9/site-packages/airflow/example_dags/example_sensors.py
[2024-09-28T04:20:43.169+0000] {processor.py:753} INFO - DAG(s) dict_keys(['example_sensors']) retrieved from /usr/local/lib/python3.9/site-packages/airflow/example_dags/example_sensors.py
[2024-09-28T04:20:43.187+0000] {logging_mixin.py:137} INFO - [2024-09-28T04:20:43.187+0000] {dag.py:2705} INFO - Sync 1 DAGs
[2024-09-28T04:20:43.197+0000] {logging_mixin.py:137} INFO - [2024-09-28T04:20:43.197+0000] {dag.py:3452} INFO - Setting next_dagrun for example_sensors to None, run_after=None
[2024-09-28T04:20:43.205+0000] {processor.py:175} INFO - Processing /usr/local/lib/python3.9/site-packages/airflow/example_dags/example_sensors.py took 0.053 seconds
[2024-09-28T05:59:39.114+0000] {processor.py:153} INFO - Started process (PID=83431) to work on /usr/local/lib/python3.9/site-packages/airflow/example_dags/example_sensors.py
[2024-09-28T05:59:39.117+0000] {processor.py:743} INFO - Processing file /usr/local/lib/python3.9/site-packages/airflow/example_dags/example_sensors.py for tasks to queue
[2024-09-28T05:59:39.117+0000] {logging_mixin.py:137} INFO - [2024-09-28T05:59:39.117+0000] {dagbag.py:532} INFO - Filling up the DagBag from /usr/local/lib/python3.9/site-packages/airflow/example_dags/example_sensors.py
[2024-09-28T05:59:39.126+0000] {processor.py:753} INFO - DAG(s) dict_keys(['example_sensors']) retrieved from /usr/local/lib/python3.9/site-packages/airflow/example_dags/example_sensors.py
[2024-09-28T05:59:39.143+0000] {logging_mixin.py:137} INFO - [2024-09-28T05:59:39.143+0000] {dag.py:2705} INFO - Sync 1 DAGs
[2024-09-28T05:59:39.156+0000] {logging_mixin.py:137} INFO - [2024-09-28T05:59:39.156+0000] {dag.py:3452} INFO - Setting next_dagrun for example_sensors to None, run_after=None
[2024-09-28T05:59:39.171+0000] {processor.py:175} INFO - Processing /usr/local/lib/python3.9/site-packages/airflow/example_dags/example_sensors.py took 0.060 seconds
[2024-09-28T07:11:50.641+0000] {processor.py:153} INFO - Started process (PID=83642) to work on /usr/local/lib/python3.9/site-packages/airflow/example_dags/example_sensors.py
[2024-09-28T07:11:50.641+0000] {processor.py:743} INFO - Processing file /usr/local/lib/python3.9/site-packages/airflow/example_dags/example_sensors.py for tasks to queue
[2024-09-28T07:11:50.641+0000] {logging_mixin.py:137} INFO - [2024-09-28T07:11:50.641+0000] {dagbag.py:532} INFO - Filling up the DagBag from /usr/local/lib/python3.9/site-packages/airflow/example_dags/example_sensors.py
[2024-09-28T07:11:50.650+0000] {processor.py:753} INFO - DAG(s) dict_keys(['example_sensors']) retrieved from /usr/local/lib/python3.9/site-packages/airflow/example_dags/example_sensors.py
[2024-09-28T07:11:50.667+0000] {logging_mixin.py:137} INFO - [2024-09-28T07:11:50.667+0000] {dag.py:2705} INFO - Sync 1 DAGs
[2024-09-28T07:11:50.678+0000] {logging_mixin.py:137} INFO - [2024-09-28T07:11:50.678+0000] {dag.py:3452} INFO - Setting next_dagrun for example_sensors to None, run_after=None
[2024-09-28T07:11:50.684+0000] {processor.py:175} INFO - Processing /usr/local/lib/python3.9/site-packages/airflow/example_dags/example_sensors.py took 0.045 seconds
[2024-09-28T08:16:48.543+0000] {processor.py:153} INFO - Started process (PID=83855) to work on /usr/local/lib/python3.9/site-packages/airflow/example_dags/example_sensors.py
[2024-09-28T08:16:48.543+0000] {processor.py:743} INFO - Processing file /usr/local/lib/python3.9/site-packages/airflow/example_dags/example_sensors.py for tasks to queue
[2024-09-28T08:16:48.543+0000] {logging_mixin.py:137} INFO - [2024-09-28T08:16:48.543+0000] {dagbag.py:532} INFO - Filling up the DagBag from /usr/local/lib/python3.9/site-packages/airflow/example_dags/example_sensors.py
[2024-09-28T08:16:48.552+0000] {processor.py:753} INFO - DAG(s) dict_keys(['example_sensors']) retrieved from /usr/local/lib/python3.9/site-packages/airflow/example_dags/example_sensors.py
[2024-09-28T08:16:48.562+0000] {logging_mixin.py:137} INFO - [2024-09-28T08:16:48.562+0000] {dag.py:2705} INFO - Sync 1 DAGs
[2024-09-28T08:16:48.570+0000] {logging_mixin.py:137} INFO - [2024-09-28T08:16:48.570+0000] {dag.py:3452} INFO - Setting next_dagrun for example_sensors to None, run_after=None
[2024-09-28T08:16:48.577+0000] {processor.py:175} INFO - Processing /usr/local/lib/python3.9/site-packages/airflow/example_dags/example_sensors.py took 0.036 seconds
[2024-09-28T09:53:29.332+0000] {processor.py:153} INFO - Started process (PID=84066) to work on /usr/local/lib/python3.9/site-packages/airflow/example_dags/example_sensors.py
[2024-09-28T09:53:29.333+0000] {processor.py:743} INFO - Processing file /usr/local/lib/python3.9/site-packages/airflow/example_dags/example_sensors.py for tasks to queue
[2024-09-28T09:53:29.333+0000] {logging_mixin.py:137} INFO - [2024-09-28T09:53:29.333+0000] {dagbag.py:532} INFO - Filling up the DagBag from /usr/local/lib/python3.9/site-packages/airflow/example_dags/example_sensors.py
[2024-09-28T09:53:29.341+0000] {processor.py:753} INFO - DAG(s) dict_keys(['example_sensors']) retrieved from /usr/local/lib/python3.9/site-packages/airflow/example_dags/example_sensors.py
[2024-09-28T09:53:29.352+0000] {logging_mixin.py:137} INFO - [2024-09-28T09:53:29.352+0000] {dag.py:2705} INFO - Sync 1 DAGs
[2024-09-28T09:53:29.361+0000] {logging_mixin.py:137} INFO - [2024-09-28T09:53:29.361+0000] {dag.py:3452} INFO - Setting next_dagrun for example_sensors to None, run_after=None
[2024-09-28T09:53:29.367+0000] {processor.py:175} INFO - Processing /usr/local/lib/python3.9/site-packages/airflow/example_dags/example_sensors.py took 0.036 seconds
[2024-09-28T11:08:26.676+0000] {processor.py:153} INFO - Started process (PID=84275) to work on /usr/local/lib/python3.9/site-packages/airflow/example_dags/example_sensors.py
[2024-09-28T11:08:26.677+0000] {processor.py:743} INFO - Processing file /usr/local/lib/python3.9/site-packages/airflow/example_dags/example_sensors.py for tasks to queue
[2024-09-28T11:08:26.678+0000] {logging_mixin.py:137} INFO - [2024-09-28T11:08:26.678+0000] {dagbag.py:532} INFO - Filling up the DagBag from /usr/local/lib/python3.9/site-packages/airflow/example_dags/example_sensors.py
[2024-09-28T11:08:26.690+0000] {processor.py:753} INFO - DAG(s) dict_keys(['example_sensors']) retrieved from /usr/local/lib/python3.9/site-packages/airflow/example_dags/example_sensors.py
[2024-09-28T11:08:26.709+0000] {logging_mixin.py:137} INFO - [2024-09-28T11:08:26.709+0000] {dag.py:2705} INFO - Sync 1 DAGs
[2024-09-28T11:08:26.720+0000] {logging_mixin.py:137} INFO - [2024-09-28T11:08:26.720+0000] {dag.py:3452} INFO - Setting next_dagrun for example_sensors to None, run_after=None
[2024-09-28T11:08:26.728+0000] {processor.py:175} INFO - Processing /usr/local/lib/python3.9/site-packages/airflow/example_dags/example_sensors.py took 0.056 seconds
[2024-09-28T12:19:38.624+0000] {processor.py:153} INFO - Started process (PID=84486) to work on /usr/local/lib/python3.9/site-packages/airflow/example_dags/example_sensors.py
[2024-09-28T12:19:38.625+0000] {processor.py:743} INFO - Processing file /usr/local/lib/python3.9/site-packages/airflow/example_dags/example_sensors.py for tasks to queue
[2024-09-28T12:19:38.625+0000] {logging_mixin.py:137} INFO - [2024-09-28T12:19:38.625+0000] {dagbag.py:532} INFO - Filling up the DagBag from /usr/local/lib/python3.9/site-packages/airflow/example_dags/example_sensors.py
[2024-09-28T12:19:38.633+0000] {processor.py:753} INFO - DAG(s) dict_keys(['example_sensors']) retrieved from /usr/local/lib/python3.9/site-packages/airflow/example_dags/example_sensors.py
[2024-09-28T12:19:38.645+0000] {logging_mixin.py:137} INFO - [2024-09-28T12:19:38.644+0000] {dag.py:2705} INFO - Sync 1 DAGs
[2024-09-28T12:19:38.657+0000] {logging_mixin.py:137} INFO - [2024-09-28T12:19:38.657+0000] {dag.py:3452} INFO - Setting next_dagrun for example_sensors to None, run_after=None
[2024-09-28T12:19:38.669+0000] {processor.py:175} INFO - Processing /usr/local/lib/python3.9/site-packages/airflow/example_dags/example_sensors.py took 0.047 seconds
[2024-09-28T13:00:04.636+0000] {processor.py:153} INFO - Started process (PID=84699) to work on /usr/local/lib/python3.9/site-packages/airflow/example_dags/example_sensors.py
[2024-09-28T13:00:04.637+0000] {processor.py:743} INFO - Processing file /usr/local/lib/python3.9/site-packages/airflow/example_dags/example_sensors.py for tasks to queue
[2024-09-28T13:00:04.637+0000] {logging_mixin.py:137} INFO - [2024-09-28T13:00:04.637+0000] {dagbag.py:532} INFO - Filling up the DagBag from /usr/local/lib/python3.9/site-packages/airflow/example_dags/example_sensors.py
[2024-09-28T13:00:04.645+0000] {processor.py:753} INFO - DAG(s) dict_keys(['example_sensors']) retrieved from /usr/local/lib/python3.9/site-packages/airflow/example_dags/example_sensors.py
[2024-09-28T13:00:04.655+0000] {logging_mixin.py:137} INFO - [2024-09-28T13:00:04.655+0000] {dag.py:2705} INFO - Sync 1 DAGs
[2024-09-28T13:00:04.663+0000] {logging_mixin.py:137} INFO - [2024-09-28T13:00:04.663+0000] {dag.py:3452} INFO - Setting next_dagrun for example_sensors to None, run_after=None
[2024-09-28T13:00:04.669+0000] {processor.py:175} INFO - Processing /usr/local/lib/python3.9/site-packages/airflow/example_dags/example_sensors.py took 0.034 seconds
[2024-09-28T13:34:48.101+0000] {processor.py:153} INFO - Started process (PID=84910) to work on /usr/local/lib/python3.9/site-packages/airflow/example_dags/example_sensors.py
[2024-09-28T13:34:48.104+0000] {processor.py:743} INFO - Processing file /usr/local/lib/python3.9/site-packages/airflow/example_dags/example_sensors.py for tasks to queue
[2024-09-28T13:34:48.105+0000] {logging_mixin.py:137} INFO - [2024-09-28T13:34:48.105+0000] {dagbag.py:532} INFO - Filling up the DagBag from /usr/local/lib/python3.9/site-packages/airflow/example_dags/example_sensors.py
[2024-09-28T13:34:48.125+0000] {processor.py:753} INFO - DAG(s) dict_keys(['example_sensors']) retrieved from /usr/local/lib/python3.9/site-packages/airflow/example_dags/example_sensors.py
[2024-09-28T13:34:48.152+0000] {logging_mixin.py:137} INFO - [2024-09-28T13:34:48.152+0000] {dag.py:2705} INFO - Sync 1 DAGs
[2024-09-28T13:34:48.165+0000] {logging_mixin.py:137} INFO - [2024-09-28T13:34:48.165+0000] {dag.py:3452} INFO - Setting next_dagrun for example_sensors to None, run_after=None
[2024-09-28T13:34:48.173+0000] {processor.py:175} INFO - Processing /usr/local/lib/python3.9/site-packages/airflow/example_dags/example_sensors.py took 0.078 seconds
[2024-09-28T13:35:18.475+0000] {processor.py:153} INFO - Started process (PID=85119) to work on /usr/local/lib/python3.9/site-packages/airflow/example_dags/example_sensors.py
[2024-09-28T13:35:18.475+0000] {processor.py:743} INFO - Processing file /usr/local/lib/python3.9/site-packages/airflow/example_dags/example_sensors.py for tasks to queue
[2024-09-28T13:35:18.475+0000] {logging_mixin.py:137} INFO - [2024-09-28T13:35:18.475+0000] {dagbag.py:532} INFO - Filling up the DagBag from /usr/local/lib/python3.9/site-packages/airflow/example_dags/example_sensors.py
[2024-09-28T13:35:18.485+0000] {processor.py:753} INFO - DAG(s) dict_keys(['example_sensors']) retrieved from /usr/local/lib/python3.9/site-packages/airflow/example_dags/example_sensors.py
[2024-09-28T13:35:18.501+0000] {logging_mixin.py:137} INFO - [2024-09-28T13:35:18.501+0000] {dag.py:2705} INFO - Sync 1 DAGs
[2024-09-28T13:35:18.510+0000] {logging_mixin.py:137} INFO - [2024-09-28T13:35:18.510+0000] {dag.py:3452} INFO - Setting next_dagrun for example_sensors to None, run_after=None
[2024-09-28T13:35:18.522+0000] {processor.py:175} INFO - Processing /usr/local/lib/python3.9/site-packages/airflow/example_dags/example_sensors.py took 0.049 seconds
[2024-09-28T13:43:13.673+0000] {processor.py:153} INFO - Started process (PID=85332) to work on /usr/local/lib/python3.9/site-packages/airflow/example_dags/example_sensors.py
[2024-09-28T13:43:13.675+0000] {processor.py:743} INFO - Processing file /usr/local/lib/python3.9/site-packages/airflow/example_dags/example_sensors.py for tasks to queue
[2024-09-28T13:43:13.675+0000] {logging_mixin.py:137} INFO - [2024-09-28T13:43:13.675+0000] {dagbag.py:532} INFO - Filling up the DagBag from /usr/local/lib/python3.9/site-packages/airflow/example_dags/example_sensors.py
[2024-09-28T13:43:13.683+0000] {processor.py:753} INFO - DAG(s) dict_keys(['example_sensors']) retrieved from /usr/local/lib/python3.9/site-packages/airflow/example_dags/example_sensors.py
[2024-09-28T13:43:13.694+0000] {logging_mixin.py:137} INFO - [2024-09-28T13:43:13.694+0000] {dag.py:2705} INFO - Sync 1 DAGs
[2024-09-28T13:43:13.702+0000] {logging_mixin.py:137} INFO - [2024-09-28T13:43:13.702+0000] {dag.py:3452} INFO - Setting next_dagrun for example_sensors to None, run_after=None
[2024-09-28T13:43:13.708+0000] {processor.py:175} INFO - Processing /usr/local/lib/python3.9/site-packages/airflow/example_dags/example_sensors.py took 0.037 seconds
