[2024-09-28T00:33:03.362+0000] {processor.py:153} INFO - Started process (PID=82561) to work on /usr/local/lib/python3.9/site-packages/airflow/example_dags/example_xcomargs.py
[2024-09-28T00:33:03.363+0000] {processor.py:743} INFO - Processing file /usr/local/lib/python3.9/site-packages/airflow/example_dags/example_xcomargs.py for tasks to queue
[2024-09-28T00:33:03.363+0000] {logging_mixin.py:137} INFO - [2024-09-28T00:33:03.363+0000] {dagbag.py:532} INFO - Filling up the DagBag from /usr/local/lib/python3.9/site-packages/airflow/example_dags/example_xcomargs.py
[2024-09-28T00:33:03.378+0000] {processor.py:753} INFO - DAG(s) dict_keys(['example_xcom_args_with_operators', 'example_xcom_args']) retrieved from /usr/local/lib/python3.9/site-packages/airflow/example_dags/example_xcomargs.py
[2024-09-28T00:33:03.400+0000] {logging_mixin.py:137} INFO - [2024-09-28T00:33:03.400+0000] {dag.py:2705} INFO - Sync 2 DAGs
[2024-09-28T00:33:03.422+0000] {logging_mixin.py:137} INFO - [2024-09-28T00:33:03.422+0000] {dag.py:3452} INFO - Setting next_dagrun for example_xcom_args to None, run_after=None
[2024-09-28T00:33:03.425+0000] {logging_mixin.py:137} INFO - [2024-09-28T00:33:03.425+0000] {dag.py:3452} INFO - Setting next_dagrun for example_xcom_args_with_operators to None, run_after=None
[2024-09-28T00:33:03.435+0000] {processor.py:175} INFO - Processing /usr/local/lib/python3.9/site-packages/airflow/example_dags/example_xcomargs.py took 0.083 seconds
[2024-09-28T01:50:04.873+0000] {processor.py:153} INFO - Started process (PID=82772) to work on /usr/local/lib/python3.9/site-packages/airflow/example_dags/example_xcomargs.py
[2024-09-28T01:50:04.874+0000] {processor.py:743} INFO - Processing file /usr/local/lib/python3.9/site-packages/airflow/example_dags/example_xcomargs.py for tasks to queue
[2024-09-28T01:50:04.875+0000] {logging_mixin.py:137} INFO - [2024-09-28T01:50:04.874+0000] {dagbag.py:532} INFO - Filling up the DagBag from /usr/local/lib/python3.9/site-packages/airflow/example_dags/example_xcomargs.py
[2024-09-28T01:50:04.892+0000] {processor.py:753} INFO - DAG(s) dict_keys(['example_xcom_args_with_operators', 'example_xcom_args']) retrieved from /usr/local/lib/python3.9/site-packages/airflow/example_dags/example_xcomargs.py
[2024-09-28T01:50:04.912+0000] {logging_mixin.py:137} INFO - [2024-09-28T01:50:04.912+0000] {dag.py:2705} INFO - Sync 2 DAGs
[2024-09-28T01:50:04.925+0000] {logging_mixin.py:137} INFO - [2024-09-28T01:50:04.925+0000] {dag.py:3452} INFO - Setting next_dagrun for example_xcom_args to None, run_after=None
[2024-09-28T01:50:04.927+0000] {logging_mixin.py:137} INFO - [2024-09-28T01:50:04.927+0000] {dag.py:3452} INFO - Setting next_dagrun for example_xcom_args_with_operators to None, run_after=None
[2024-09-28T01:50:04.941+0000] {processor.py:175} INFO - Processing /usr/local/lib/python3.9/site-packages/airflow/example_dags/example_xcomargs.py took 0.071 seconds
[2024-09-28T03:19:35.925+0000] {processor.py:153} INFO - Started process (PID=82983) to work on /usr/local/lib/python3.9/site-packages/airflow/example_dags/example_xcomargs.py
[2024-09-28T03:19:35.925+0000] {processor.py:743} INFO - Processing file /usr/local/lib/python3.9/site-packages/airflow/example_dags/example_xcomargs.py for tasks to queue
[2024-09-28T03:19:35.925+0000] {logging_mixin.py:137} INFO - [2024-09-28T03:19:35.925+0000] {dagbag.py:532} INFO - Filling up the DagBag from /usr/local/lib/python3.9/site-packages/airflow/example_dags/example_xcomargs.py
[2024-09-28T03:19:35.941+0000] {processor.py:753} INFO - DAG(s) dict_keys(['example_xcom_args_with_operators', 'example_xcom_args']) retrieved from /usr/local/lib/python3.9/site-packages/airflow/example_dags/example_xcomargs.py
[2024-09-28T03:19:35.956+0000] {logging_mixin.py:137} INFO - [2024-09-28T03:19:35.956+0000] {dag.py:2705} INFO - Sync 2 DAGs
[2024-09-28T03:19:35.973+0000] {logging_mixin.py:137} INFO - [2024-09-28T03:19:35.973+0000] {dag.py:3452} INFO - Setting next_dagrun for example_xcom_args to None, run_after=None
[2024-09-28T03:19:35.974+0000] {logging_mixin.py:137} INFO - [2024-09-28T03:19:35.974+0000] {dag.py:3452} INFO - Setting next_dagrun for example_xcom_args_with_operators to None, run_after=None
[2024-09-28T03:19:35.983+0000] {processor.py:175} INFO - Processing /usr/local/lib/python3.9/site-packages/airflow/example_dags/example_xcomargs.py took 0.060 seconds
[2024-09-28T04:20:42.903+0000] {processor.py:153} INFO - Started process (PID=83196) to work on /usr/local/lib/python3.9/site-packages/airflow/example_dags/example_xcomargs.py
[2024-09-28T04:20:42.904+0000] {processor.py:743} INFO - Processing file /usr/local/lib/python3.9/site-packages/airflow/example_dags/example_xcomargs.py for tasks to queue
[2024-09-28T04:20:42.904+0000] {logging_mixin.py:137} INFO - [2024-09-28T04:20:42.904+0000] {dagbag.py:532} INFO - Filling up the DagBag from /usr/local/lib/python3.9/site-packages/airflow/example_dags/example_xcomargs.py
[2024-09-28T04:20:42.918+0000] {processor.py:753} INFO - DAG(s) dict_keys(['example_xcom_args_with_operators', 'example_xcom_args']) retrieved from /usr/local/lib/python3.9/site-packages/airflow/example_dags/example_xcomargs.py
[2024-09-28T04:20:42.934+0000] {logging_mixin.py:137} INFO - [2024-09-28T04:20:42.934+0000] {dag.py:2705} INFO - Sync 2 DAGs
[2024-09-28T04:20:42.945+0000] {logging_mixin.py:137} INFO - [2024-09-28T04:20:42.945+0000] {dag.py:3452} INFO - Setting next_dagrun for example_xcom_args to None, run_after=None
[2024-09-28T04:20:42.947+0000] {logging_mixin.py:137} INFO - [2024-09-28T04:20:42.947+0000] {dag.py:3452} INFO - Setting next_dagrun for example_xcom_args_with_operators to None, run_after=None
[2024-09-28T04:20:42.956+0000] {processor.py:175} INFO - Processing /usr/local/lib/python3.9/site-packages/airflow/example_dags/example_xcomargs.py took 0.054 seconds
[2024-09-28T05:59:38.974+0000] {processor.py:153} INFO - Started process (PID=83406) to work on /usr/local/lib/python3.9/site-packages/airflow/example_dags/example_xcomargs.py
[2024-09-28T05:59:38.974+0000] {processor.py:743} INFO - Processing file /usr/local/lib/python3.9/site-packages/airflow/example_dags/example_xcomargs.py for tasks to queue
[2024-09-28T05:59:38.975+0000] {logging_mixin.py:137} INFO - [2024-09-28T05:59:38.975+0000] {dagbag.py:532} INFO - Filling up the DagBag from /usr/local/lib/python3.9/site-packages/airflow/example_dags/example_xcomargs.py
[2024-09-28T05:59:38.988+0000] {processor.py:753} INFO - DAG(s) dict_keys(['example_xcom_args_with_operators', 'example_xcom_args']) retrieved from /usr/local/lib/python3.9/site-packages/airflow/example_dags/example_xcomargs.py
[2024-09-28T05:59:39.000+0000] {logging_mixin.py:137} INFO - [2024-09-28T05:59:39.000+0000] {dag.py:2705} INFO - Sync 2 DAGs
[2024-09-28T05:59:39.011+0000] {logging_mixin.py:137} INFO - [2024-09-28T05:59:39.011+0000] {dag.py:3452} INFO - Setting next_dagrun for example_xcom_args to None, run_after=None
[2024-09-28T05:59:39.012+0000] {logging_mixin.py:137} INFO - [2024-09-28T05:59:39.012+0000] {dag.py:3452} INFO - Setting next_dagrun for example_xcom_args_with_operators to None, run_after=None
[2024-09-28T05:59:39.020+0000] {processor.py:175} INFO - Processing /usr/local/lib/python3.9/site-packages/airflow/example_dags/example_xcomargs.py took 0.048 seconds
[2024-09-28T07:11:50.503+0000] {processor.py:153} INFO - Started process (PID=83617) to work on /usr/local/lib/python3.9/site-packages/airflow/example_dags/example_xcomargs.py
[2024-09-28T07:11:50.504+0000] {processor.py:743} INFO - Processing file /usr/local/lib/python3.9/site-packages/airflow/example_dags/example_xcomargs.py for tasks to queue
[2024-09-28T07:11:50.504+0000] {logging_mixin.py:137} INFO - [2024-09-28T07:11:50.504+0000] {dagbag.py:532} INFO - Filling up the DagBag from /usr/local/lib/python3.9/site-packages/airflow/example_dags/example_xcomargs.py
[2024-09-28T07:11:50.518+0000] {processor.py:753} INFO - DAG(s) dict_keys(['example_xcom_args_with_operators', 'example_xcom_args']) retrieved from /usr/local/lib/python3.9/site-packages/airflow/example_dags/example_xcomargs.py
[2024-09-28T07:11:50.531+0000] {logging_mixin.py:137} INFO - [2024-09-28T07:11:50.531+0000] {dag.py:2705} INFO - Sync 2 DAGs
[2024-09-28T07:11:50.540+0000] {logging_mixin.py:137} INFO - [2024-09-28T07:11:50.540+0000] {dag.py:3452} INFO - Setting next_dagrun for example_xcom_args to None, run_after=None
[2024-09-28T07:11:50.543+0000] {logging_mixin.py:137} INFO - [2024-09-28T07:11:50.543+0000] {dag.py:3452} INFO - Setting next_dagrun for example_xcom_args_with_operators to None, run_after=None
[2024-09-28T07:11:50.550+0000] {processor.py:175} INFO - Processing /usr/local/lib/python3.9/site-packages/airflow/example_dags/example_xcomargs.py took 0.048 seconds
[2024-09-28T08:16:48.383+0000] {processor.py:153} INFO - Started process (PID=83830) to work on /usr/local/lib/python3.9/site-packages/airflow/example_dags/example_xcomargs.py
[2024-09-28T08:16:48.384+0000] {processor.py:743} INFO - Processing file /usr/local/lib/python3.9/site-packages/airflow/example_dags/example_xcomargs.py for tasks to queue
[2024-09-28T08:16:48.384+0000] {logging_mixin.py:137} INFO - [2024-09-28T08:16:48.384+0000] {dagbag.py:532} INFO - Filling up the DagBag from /usr/local/lib/python3.9/site-packages/airflow/example_dags/example_xcomargs.py
[2024-09-28T08:16:48.396+0000] {processor.py:753} INFO - DAG(s) dict_keys(['example_xcom_args_with_operators', 'example_xcom_args']) retrieved from /usr/local/lib/python3.9/site-packages/airflow/example_dags/example_xcomargs.py
[2024-09-28T08:16:48.406+0000] {logging_mixin.py:137} INFO - [2024-09-28T08:16:48.406+0000] {dag.py:2705} INFO - Sync 2 DAGs
[2024-09-28T08:16:48.415+0000] {logging_mixin.py:137} INFO - [2024-09-28T08:16:48.415+0000] {dag.py:3452} INFO - Setting next_dagrun for example_xcom_args to None, run_after=None
[2024-09-28T08:16:48.416+0000] {logging_mixin.py:137} INFO - [2024-09-28T08:16:48.416+0000] {dag.py:3452} INFO - Setting next_dagrun for example_xcom_args_with_operators to None, run_after=None
[2024-09-28T08:16:48.422+0000] {processor.py:175} INFO - Processing /usr/local/lib/python3.9/site-packages/airflow/example_dags/example_xcomargs.py took 0.040 seconds
[2024-09-28T09:53:29.162+0000] {processor.py:153} INFO - Started process (PID=84039) to work on /usr/local/lib/python3.9/site-packages/airflow/example_dags/example_xcomargs.py
[2024-09-28T09:53:29.163+0000] {processor.py:743} INFO - Processing file /usr/local/lib/python3.9/site-packages/airflow/example_dags/example_xcomargs.py for tasks to queue
[2024-09-28T09:53:29.163+0000] {logging_mixin.py:137} INFO - [2024-09-28T09:53:29.163+0000] {dagbag.py:532} INFO - Filling up the DagBag from /usr/local/lib/python3.9/site-packages/airflow/example_dags/example_xcomargs.py
[2024-09-28T09:53:29.175+0000] {processor.py:753} INFO - DAG(s) dict_keys(['example_xcom_args_with_operators', 'example_xcom_args']) retrieved from /usr/local/lib/python3.9/site-packages/airflow/example_dags/example_xcomargs.py
[2024-09-28T09:53:29.187+0000] {logging_mixin.py:137} INFO - [2024-09-28T09:53:29.187+0000] {dag.py:2705} INFO - Sync 2 DAGs
[2024-09-28T09:53:29.198+0000] {logging_mixin.py:137} INFO - [2024-09-28T09:53:29.198+0000] {dag.py:3452} INFO - Setting next_dagrun for example_xcom_args to None, run_after=None
[2024-09-28T09:53:29.199+0000] {logging_mixin.py:137} INFO - [2024-09-28T09:53:29.199+0000] {dag.py:3452} INFO - Setting next_dagrun for example_xcom_args_with_operators to None, run_after=None
[2024-09-28T09:53:29.208+0000] {processor.py:175} INFO - Processing /usr/local/lib/python3.9/site-packages/airflow/example_dags/example_xcomargs.py took 0.049 seconds
[2024-09-28T11:08:26.531+0000] {processor.py:153} INFO - Started process (PID=84250) to work on /usr/local/lib/python3.9/site-packages/airflow/example_dags/example_xcomargs.py
[2024-09-28T11:08:26.532+0000] {processor.py:743} INFO - Processing file /usr/local/lib/python3.9/site-packages/airflow/example_dags/example_xcomargs.py for tasks to queue
[2024-09-28T11:08:26.533+0000] {logging_mixin.py:137} INFO - [2024-09-28T11:08:26.533+0000] {dagbag.py:532} INFO - Filling up the DagBag from /usr/local/lib/python3.9/site-packages/airflow/example_dags/example_xcomargs.py
[2024-09-28T11:08:26.546+0000] {processor.py:753} INFO - DAG(s) dict_keys(['example_xcom_args_with_operators', 'example_xcom_args']) retrieved from /usr/local/lib/python3.9/site-packages/airflow/example_dags/example_xcomargs.py
[2024-09-28T11:08:26.562+0000] {logging_mixin.py:137} INFO - [2024-09-28T11:08:26.562+0000] {dag.py:2705} INFO - Sync 2 DAGs
[2024-09-28T11:08:26.572+0000] {logging_mixin.py:137} INFO - [2024-09-28T11:08:26.572+0000] {dag.py:3452} INFO - Setting next_dagrun for example_xcom_args to None, run_after=None
[2024-09-28T11:08:26.574+0000] {logging_mixin.py:137} INFO - [2024-09-28T11:08:26.574+0000] {dag.py:3452} INFO - Setting next_dagrun for example_xcom_args_with_operators to None, run_after=None
[2024-09-28T11:08:26.586+0000] {processor.py:175} INFO - Processing /usr/local/lib/python3.9/site-packages/airflow/example_dags/example_xcomargs.py took 0.059 seconds
[2024-09-28T12:19:38.471+0000] {processor.py:153} INFO - Started process (PID=84463) to work on /usr/local/lib/python3.9/site-packages/airflow/example_dags/example_xcomargs.py
[2024-09-28T12:19:38.472+0000] {processor.py:743} INFO - Processing file /usr/local/lib/python3.9/site-packages/airflow/example_dags/example_xcomargs.py for tasks to queue
[2024-09-28T12:19:38.472+0000] {logging_mixin.py:137} INFO - [2024-09-28T12:19:38.472+0000] {dagbag.py:532} INFO - Filling up the DagBag from /usr/local/lib/python3.9/site-packages/airflow/example_dags/example_xcomargs.py
[2024-09-28T12:19:38.484+0000] {processor.py:753} INFO - DAG(s) dict_keys(['example_xcom_args_with_operators', 'example_xcom_args']) retrieved from /usr/local/lib/python3.9/site-packages/airflow/example_dags/example_xcomargs.py
[2024-09-28T12:19:38.498+0000] {logging_mixin.py:137} INFO - [2024-09-28T12:19:38.498+0000] {dag.py:2705} INFO - Sync 2 DAGs
[2024-09-28T12:19:38.508+0000] {logging_mixin.py:137} INFO - [2024-09-28T12:19:38.508+0000] {dag.py:3452} INFO - Setting next_dagrun for example_xcom_args to None, run_after=None
[2024-09-28T12:19:38.510+0000] {logging_mixin.py:137} INFO - [2024-09-28T12:19:38.510+0000] {dag.py:3452} INFO - Setting next_dagrun for example_xcom_args_with_operators to None, run_after=None
[2024-09-28T12:19:38.519+0000] {processor.py:175} INFO - Processing /usr/local/lib/python3.9/site-packages/airflow/example_dags/example_xcomargs.py took 0.052 seconds
[2024-09-28T13:00:04.470+0000] {processor.py:153} INFO - Started process (PID=84674) to work on /usr/local/lib/python3.9/site-packages/airflow/example_dags/example_xcomargs.py
[2024-09-28T13:00:04.471+0000] {processor.py:743} INFO - Processing file /usr/local/lib/python3.9/site-packages/airflow/example_dags/example_xcomargs.py for tasks to queue
[2024-09-28T13:00:04.471+0000] {logging_mixin.py:137} INFO - [2024-09-28T13:00:04.471+0000] {dagbag.py:532} INFO - Filling up the DagBag from /usr/local/lib/python3.9/site-packages/airflow/example_dags/example_xcomargs.py
[2024-09-28T13:00:04.483+0000] {processor.py:753} INFO - DAG(s) dict_keys(['example_xcom_args', 'example_xcom_args_with_operators']) retrieved from /usr/local/lib/python3.9/site-packages/airflow/example_dags/example_xcomargs.py
[2024-09-28T13:00:04.494+0000] {logging_mixin.py:137} INFO - [2024-09-28T13:00:04.494+0000] {dag.py:2705} INFO - Sync 2 DAGs
[2024-09-28T13:00:04.502+0000] {logging_mixin.py:137} INFO - [2024-09-28T13:00:04.502+0000] {dag.py:3452} INFO - Setting next_dagrun for example_xcom_args to None, run_after=None
[2024-09-28T13:00:04.504+0000] {logging_mixin.py:137} INFO - [2024-09-28T13:00:04.504+0000] {dag.py:3452} INFO - Setting next_dagrun for example_xcom_args_with_operators to None, run_after=None
[2024-09-28T13:00:04.509+0000] {processor.py:175} INFO - Processing /usr/local/lib/python3.9/site-packages/airflow/example_dags/example_xcomargs.py took 0.041 seconds
[2024-09-28T13:34:47.304+0000] {processor.py:153} INFO - Started process (PID=84883) to work on /usr/local/lib/python3.9/site-packages/airflow/example_dags/example_xcomargs.py
[2024-09-28T13:34:47.305+0000] {processor.py:743} INFO - Processing file /usr/local/lib/python3.9/site-packages/airflow/example_dags/example_xcomargs.py for tasks to queue
[2024-09-28T13:34:47.306+0000] {logging_mixin.py:137} INFO - [2024-09-28T13:34:47.306+0000] {dagbag.py:532} INFO - Filling up the DagBag from /usr/local/lib/python3.9/site-packages/airflow/example_dags/example_xcomargs.py
[2024-09-28T13:34:47.322+0000] {processor.py:753} INFO - DAG(s) dict_keys(['example_xcom_args_with_operators', 'example_xcom_args']) retrieved from /usr/local/lib/python3.9/site-packages/airflow/example_dags/example_xcomargs.py
[2024-09-28T13:34:47.356+0000] {logging_mixin.py:137} INFO - [2024-09-28T13:34:47.354+0000] {dag.py:2705} INFO - Sync 2 DAGs
[2024-09-28T13:34:47.380+0000] {logging_mixin.py:137} INFO - [2024-09-28T13:34:47.380+0000] {dag.py:3452} INFO - Setting next_dagrun for example_xcom_args to None, run_after=None
[2024-09-28T13:34:47.383+0000] {logging_mixin.py:137} INFO - [2024-09-28T13:34:47.383+0000] {dag.py:3452} INFO - Setting next_dagrun for example_xcom_args_with_operators to None, run_after=None
[2024-09-28T13:34:47.400+0000] {processor.py:175} INFO - Processing /usr/local/lib/python3.9/site-packages/airflow/example_dags/example_xcomargs.py took 0.098 seconds
[2024-09-28T13:35:18.285+0000] {processor.py:153} INFO - Started process (PID=85094) to work on /usr/local/lib/python3.9/site-packages/airflow/example_dags/example_xcomargs.py
[2024-09-28T13:35:18.286+0000] {processor.py:743} INFO - Processing file /usr/local/lib/python3.9/site-packages/airflow/example_dags/example_xcomargs.py for tasks to queue
[2024-09-28T13:35:18.287+0000] {logging_mixin.py:137} INFO - [2024-09-28T13:35:18.286+0000] {dagbag.py:532} INFO - Filling up the DagBag from /usr/local/lib/python3.9/site-packages/airflow/example_dags/example_xcomargs.py
[2024-09-28T13:35:18.299+0000] {processor.py:753} INFO - DAG(s) dict_keys(['example_xcom_args', 'example_xcom_args_with_operators']) retrieved from /usr/local/lib/python3.9/site-packages/airflow/example_dags/example_xcomargs.py
[2024-09-28T13:35:18.322+0000] {logging_mixin.py:137} INFO - [2024-09-28T13:35:18.322+0000] {dag.py:2705} INFO - Sync 2 DAGs
[2024-09-28T13:35:18.335+0000] {logging_mixin.py:137} INFO - [2024-09-28T13:35:18.335+0000] {dag.py:3452} INFO - Setting next_dagrun for example_xcom_args to None, run_after=None
[2024-09-28T13:35:18.336+0000] {logging_mixin.py:137} INFO - [2024-09-28T13:35:18.336+0000] {dag.py:3452} INFO - Setting next_dagrun for example_xcom_args_with_operators to None, run_after=None
[2024-09-28T13:35:18.344+0000] {processor.py:175} INFO - Processing /usr/local/lib/python3.9/site-packages/airflow/example_dags/example_xcomargs.py took 0.062 seconds
[2024-09-28T13:43:13.500+0000] {processor.py:153} INFO - Started process (PID=85305) to work on /usr/local/lib/python3.9/site-packages/airflow/example_dags/example_xcomargs.py
[2024-09-28T13:43:13.500+0000] {processor.py:743} INFO - Processing file /usr/local/lib/python3.9/site-packages/airflow/example_dags/example_xcomargs.py for tasks to queue
[2024-09-28T13:43:13.500+0000] {logging_mixin.py:137} INFO - [2024-09-28T13:43:13.500+0000] {dagbag.py:532} INFO - Filling up the DagBag from /usr/local/lib/python3.9/site-packages/airflow/example_dags/example_xcomargs.py
[2024-09-28T13:43:13.512+0000] {processor.py:753} INFO - DAG(s) dict_keys(['example_xcom_args_with_operators', 'example_xcom_args']) retrieved from /usr/local/lib/python3.9/site-packages/airflow/example_dags/example_xcomargs.py
[2024-09-28T13:43:13.530+0000] {logging_mixin.py:137} INFO - [2024-09-28T13:43:13.530+0000] {dag.py:2705} INFO - Sync 2 DAGs
[2024-09-28T13:43:13.541+0000] {logging_mixin.py:137} INFO - [2024-09-28T13:43:13.541+0000] {dag.py:3452} INFO - Setting next_dagrun for example_xcom_args to None, run_after=None
[2024-09-28T13:43:13.542+0000] {logging_mixin.py:137} INFO - [2024-09-28T13:43:13.542+0000] {dag.py:3452} INFO - Setting next_dagrun for example_xcom_args_with_operators to None, run_after=None
[2024-09-28T13:43:13.551+0000] {processor.py:175} INFO - Processing /usr/local/lib/python3.9/site-packages/airflow/example_dags/example_xcomargs.py took 0.053 seconds
