[2024-09-28T00:33:03.507+0000] {processor.py:153} INFO - Started process (PID=82578) to work on /usr/local/lib/python3.9/site-packages/airflow/example_dags/example_short_circuit_operator.py
[2024-09-28T00:33:03.508+0000] {processor.py:743} INFO - Processing file /usr/local/lib/python3.9/site-packages/airflow/example_dags/example_short_circuit_operator.py for tasks to queue
[2024-09-28T00:33:03.510+0000] {logging_mixin.py:137} INFO - [2024-09-28T00:33:03.510+0000] {dagbag.py:532} INFO - Filling up the DagBag from /usr/local/lib/python3.9/site-packages/airflow/example_dags/example_short_circuit_operator.py
[2024-09-28T00:33:03.519+0000] {processor.py:753} INFO - DAG(s) dict_keys(['example_short_circuit_operator']) retrieved from /usr/local/lib/python3.9/site-packages/airflow/example_dags/example_short_circuit_operator.py
[2024-09-28T00:33:03.537+0000] {logging_mixin.py:137} INFO - [2024-09-28T00:33:03.537+0000] {dag.py:2705} INFO - Sync 1 DAGs
[2024-09-28T00:33:03.547+0000] {logging_mixin.py:137} INFO - [2024-09-28T00:33:03.547+0000] {dag.py:3452} INFO - Setting next_dagrun for example_short_circuit_operator to 2024-09-27T00:33:03.547159+00:00, run_after=2024-09-28T00:33:03.547159+00:00
[2024-09-28T00:33:03.558+0000] {processor.py:175} INFO - Processing /usr/local/lib/python3.9/site-packages/airflow/example_dags/example_short_circuit_operator.py took 0.056 seconds
[2024-09-28T01:50:05.050+0000] {processor.py:153} INFO - Started process (PID=82789) to work on /usr/local/lib/python3.9/site-packages/airflow/example_dags/example_short_circuit_operator.py
[2024-09-28T01:50:05.052+0000] {processor.py:743} INFO - Processing file /usr/local/lib/python3.9/site-packages/airflow/example_dags/example_short_circuit_operator.py for tasks to queue
[2024-09-28T01:50:05.053+0000] {logging_mixin.py:137} INFO - [2024-09-28T01:50:05.053+0000] {dagbag.py:532} INFO - Filling up the DagBag from /usr/local/lib/python3.9/site-packages/airflow/example_dags/example_short_circuit_operator.py
[2024-09-28T01:50:05.070+0000] {processor.py:753} INFO - DAG(s) dict_keys(['example_short_circuit_operator']) retrieved from /usr/local/lib/python3.9/site-packages/airflow/example_dags/example_short_circuit_operator.py
[2024-09-28T01:50:05.092+0000] {logging_mixin.py:137} INFO - [2024-09-28T01:50:05.092+0000] {dag.py:2705} INFO - Sync 1 DAGs
[2024-09-28T01:50:05.108+0000] {logging_mixin.py:137} INFO - [2024-09-28T01:50:05.108+0000] {dag.py:3452} INFO - Setting next_dagrun for example_short_circuit_operator to 2024-09-27T01:50:05.107907+00:00, run_after=2024-09-28T01:50:05.107907+00:00
[2024-09-28T01:50:05.131+0000] {processor.py:175} INFO - Processing /usr/local/lib/python3.9/site-packages/airflow/example_dags/example_short_circuit_operator.py took 0.083 seconds
[2024-09-28T03:19:36.001+0000] {processor.py:153} INFO - Started process (PID=82998) to work on /usr/local/lib/python3.9/site-packages/airflow/example_dags/example_short_circuit_operator.py
[2024-09-28T03:19:36.002+0000] {processor.py:743} INFO - Processing file /usr/local/lib/python3.9/site-packages/airflow/example_dags/example_short_circuit_operator.py for tasks to queue
[2024-09-28T03:19:36.003+0000] {logging_mixin.py:137} INFO - [2024-09-28T03:19:36.003+0000] {dagbag.py:532} INFO - Filling up the DagBag from /usr/local/lib/python3.9/site-packages/airflow/example_dags/example_short_circuit_operator.py
[2024-09-28T03:19:36.013+0000] {processor.py:753} INFO - DAG(s) dict_keys(['example_short_circuit_operator']) retrieved from /usr/local/lib/python3.9/site-packages/airflow/example_dags/example_short_circuit_operator.py
[2024-09-28T03:19:36.031+0000] {logging_mixin.py:137} INFO - [2024-09-28T03:19:36.031+0000] {dag.py:2705} INFO - Sync 1 DAGs
[2024-09-28T03:19:36.044+0000] {logging_mixin.py:137} INFO - [2024-09-28T03:19:36.044+0000] {dag.py:3452} INFO - Setting next_dagrun for example_short_circuit_operator to 2024-09-27T03:19:36.044329+00:00, run_after=2024-09-28T03:19:36.044329+00:00
[2024-09-28T03:19:36.054+0000] {processor.py:175} INFO - Processing /usr/local/lib/python3.9/site-packages/airflow/example_dags/example_short_circuit_operator.py took 0.055 seconds
[2024-09-28T04:20:43.012+0000] {processor.py:153} INFO - Started process (PID=83211) to work on /usr/local/lib/python3.9/site-packages/airflow/example_dags/example_short_circuit_operator.py
[2024-09-28T04:20:43.013+0000] {processor.py:743} INFO - Processing file /usr/local/lib/python3.9/site-packages/airflow/example_dags/example_short_circuit_operator.py for tasks to queue
[2024-09-28T04:20:43.013+0000] {logging_mixin.py:137} INFO - [2024-09-28T04:20:43.013+0000] {dagbag.py:532} INFO - Filling up the DagBag from /usr/local/lib/python3.9/site-packages/airflow/example_dags/example_short_circuit_operator.py
[2024-09-28T04:20:43.031+0000] {processor.py:753} INFO - DAG(s) dict_keys(['example_short_circuit_operator']) retrieved from /usr/local/lib/python3.9/site-packages/airflow/example_dags/example_short_circuit_operator.py
[2024-09-28T04:20:43.095+0000] {logging_mixin.py:137} INFO - [2024-09-28T04:20:43.094+0000] {dag.py:2705} INFO - Sync 1 DAGs
[2024-09-28T04:20:43.115+0000] {logging_mixin.py:137} INFO - [2024-09-28T04:20:43.115+0000] {dag.py:3452} INFO - Setting next_dagrun for example_short_circuit_operator to 2024-09-27T04:20:43.115433+00:00, run_after=2024-09-28T04:20:43.115433+00:00
[2024-09-28T04:20:43.135+0000] {processor.py:175} INFO - Processing /usr/local/lib/python3.9/site-packages/airflow/example_dags/example_short_circuit_operator.py took 0.125 seconds
[2024-09-28T05:59:39.060+0000] {processor.py:153} INFO - Started process (PID=83421) to work on /usr/local/lib/python3.9/site-packages/airflow/example_dags/example_short_circuit_operator.py
[2024-09-28T05:59:39.062+0000] {processor.py:743} INFO - Processing file /usr/local/lib/python3.9/site-packages/airflow/example_dags/example_short_circuit_operator.py for tasks to queue
[2024-09-28T05:59:39.062+0000] {logging_mixin.py:137} INFO - [2024-09-28T05:59:39.062+0000] {dagbag.py:532} INFO - Filling up the DagBag from /usr/local/lib/python3.9/site-packages/airflow/example_dags/example_short_circuit_operator.py
[2024-09-28T05:59:39.069+0000] {processor.py:753} INFO - DAG(s) dict_keys(['example_short_circuit_operator']) retrieved from /usr/local/lib/python3.9/site-packages/airflow/example_dags/example_short_circuit_operator.py
[2024-09-28T05:59:39.081+0000] {logging_mixin.py:137} INFO - [2024-09-28T05:59:39.081+0000] {dag.py:2705} INFO - Sync 1 DAGs
[2024-09-28T05:59:39.090+0000] {logging_mixin.py:137} INFO - [2024-09-28T05:59:39.090+0000] {dag.py:3452} INFO - Setting next_dagrun for example_short_circuit_operator to 2024-09-27T05:59:39.090347+00:00, run_after=2024-09-28T05:59:39.090347+00:00
[2024-09-28T05:59:39.101+0000] {processor.py:175} INFO - Processing /usr/local/lib/python3.9/site-packages/airflow/example_dags/example_short_circuit_operator.py took 0.043 seconds
[2024-09-28T07:11:50.591+0000] {processor.py:153} INFO - Started process (PID=83632) to work on /usr/local/lib/python3.9/site-packages/airflow/example_dags/example_short_circuit_operator.py
[2024-09-28T07:11:50.593+0000] {processor.py:743} INFO - Processing file /usr/local/lib/python3.9/site-packages/airflow/example_dags/example_short_circuit_operator.py for tasks to queue
[2024-09-28T07:11:50.593+0000] {logging_mixin.py:137} INFO - [2024-09-28T07:11:50.593+0000] {dagbag.py:532} INFO - Filling up the DagBag from /usr/local/lib/python3.9/site-packages/airflow/example_dags/example_short_circuit_operator.py
[2024-09-28T07:11:50.600+0000] {processor.py:753} INFO - DAG(s) dict_keys(['example_short_circuit_operator']) retrieved from /usr/local/lib/python3.9/site-packages/airflow/example_dags/example_short_circuit_operator.py
[2024-09-28T07:11:50.611+0000] {logging_mixin.py:137} INFO - [2024-09-28T07:11:50.611+0000] {dag.py:2705} INFO - Sync 1 DAGs
[2024-09-28T07:11:50.620+0000] {logging_mixin.py:137} INFO - [2024-09-28T07:11:50.620+0000] {dag.py:3452} INFO - Setting next_dagrun for example_short_circuit_operator to 2024-09-27T07:11:50.620734+00:00, run_after=2024-09-28T07:11:50.620734+00:00
[2024-09-28T07:11:50.629+0000] {processor.py:175} INFO - Processing /usr/local/lib/python3.9/site-packages/airflow/example_dags/example_short_circuit_operator.py took 0.039 seconds
[2024-09-28T08:16:48.486+0000] {processor.py:153} INFO - Started process (PID=83843) to work on /usr/local/lib/python3.9/site-packages/airflow/example_dags/example_short_circuit_operator.py
[2024-09-28T08:16:48.487+0000] {processor.py:743} INFO - Processing file /usr/local/lib/python3.9/site-packages/airflow/example_dags/example_short_circuit_operator.py for tasks to queue
[2024-09-28T08:16:48.487+0000] {logging_mixin.py:137} INFO - [2024-09-28T08:16:48.487+0000] {dagbag.py:532} INFO - Filling up the DagBag from /usr/local/lib/python3.9/site-packages/airflow/example_dags/example_short_circuit_operator.py
[2024-09-28T08:16:48.495+0000] {processor.py:753} INFO - DAG(s) dict_keys(['example_short_circuit_operator']) retrieved from /usr/local/lib/python3.9/site-packages/airflow/example_dags/example_short_circuit_operator.py
[2024-09-28T08:16:48.510+0000] {logging_mixin.py:137} INFO - [2024-09-28T08:16:48.510+0000] {dag.py:2705} INFO - Sync 1 DAGs
[2024-09-28T08:16:48.522+0000] {logging_mixin.py:137} INFO - [2024-09-28T08:16:48.522+0000] {dag.py:3452} INFO - Setting next_dagrun for example_short_circuit_operator to 2024-09-27T08:16:48.522117+00:00, run_after=2024-09-28T08:16:48.522117+00:00
[2024-09-28T08:16:48.533+0000] {processor.py:175} INFO - Processing /usr/local/lib/python3.9/site-packages/airflow/example_dags/example_short_circuit_operator.py took 0.048 seconds
[2024-09-28T09:53:29.274+0000] {processor.py:153} INFO - Started process (PID=84056) to work on /usr/local/lib/python3.9/site-packages/airflow/example_dags/example_short_circuit_operator.py
[2024-09-28T09:53:29.275+0000] {processor.py:743} INFO - Processing file /usr/local/lib/python3.9/site-packages/airflow/example_dags/example_short_circuit_operator.py for tasks to queue
[2024-09-28T09:53:29.275+0000] {logging_mixin.py:137} INFO - [2024-09-28T09:53:29.275+0000] {dagbag.py:532} INFO - Filling up the DagBag from /usr/local/lib/python3.9/site-packages/airflow/example_dags/example_short_circuit_operator.py
[2024-09-28T09:53:29.283+0000] {processor.py:753} INFO - DAG(s) dict_keys(['example_short_circuit_operator']) retrieved from /usr/local/lib/python3.9/site-packages/airflow/example_dags/example_short_circuit_operator.py
[2024-09-28T09:53:29.299+0000] {logging_mixin.py:137} INFO - [2024-09-28T09:53:29.299+0000] {dag.py:2705} INFO - Sync 1 DAGs
[2024-09-28T09:53:29.310+0000] {logging_mixin.py:137} INFO - [2024-09-28T09:53:29.310+0000] {dag.py:3452} INFO - Setting next_dagrun for example_short_circuit_operator to 2024-09-27T09:53:29.310374+00:00, run_after=2024-09-28T09:53:29.310374+00:00
[2024-09-28T09:53:29.322+0000] {processor.py:175} INFO - Processing /usr/local/lib/python3.9/site-packages/airflow/example_dags/example_short_circuit_operator.py took 0.050 seconds
[2024-09-28T11:08:26.621+0000] {processor.py:153} INFO - Started process (PID=84265) to work on /usr/local/lib/python3.9/site-packages/airflow/example_dags/example_short_circuit_operator.py
[2024-09-28T11:08:26.622+0000] {processor.py:743} INFO - Processing file /usr/local/lib/python3.9/site-packages/airflow/example_dags/example_short_circuit_operator.py for tasks to queue
[2024-09-28T11:08:26.622+0000] {logging_mixin.py:137} INFO - [2024-09-28T11:08:26.622+0000] {dagbag.py:532} INFO - Filling up the DagBag from /usr/local/lib/python3.9/site-packages/airflow/example_dags/example_short_circuit_operator.py
[2024-09-28T11:08:26.630+0000] {processor.py:753} INFO - DAG(s) dict_keys(['example_short_circuit_operator']) retrieved from /usr/local/lib/python3.9/site-packages/airflow/example_dags/example_short_circuit_operator.py
[2024-09-28T11:08:26.642+0000] {logging_mixin.py:137} INFO - [2024-09-28T11:08:26.642+0000] {dag.py:2705} INFO - Sync 1 DAGs
[2024-09-28T11:08:26.652+0000] {logging_mixin.py:137} INFO - [2024-09-28T11:08:26.652+0000] {dag.py:3452} INFO - Setting next_dagrun for example_short_circuit_operator to 2024-09-27T11:08:26.652596+00:00, run_after=2024-09-28T11:08:26.652596+00:00
[2024-09-28T11:08:26.661+0000] {processor.py:175} INFO - Processing /usr/local/lib/python3.9/site-packages/airflow/example_dags/example_short_circuit_operator.py took 0.041 seconds
[2024-09-28T12:19:38.573+0000] {processor.py:153} INFO - Started process (PID=84478) to work on /usr/local/lib/python3.9/site-packages/airflow/example_dags/example_short_circuit_operator.py
[2024-09-28T12:19:38.574+0000] {processor.py:743} INFO - Processing file /usr/local/lib/python3.9/site-packages/airflow/example_dags/example_short_circuit_operator.py for tasks to queue
[2024-09-28T12:19:38.574+0000] {logging_mixin.py:137} INFO - [2024-09-28T12:19:38.574+0000] {dagbag.py:532} INFO - Filling up the DagBag from /usr/local/lib/python3.9/site-packages/airflow/example_dags/example_short_circuit_operator.py
[2024-09-28T12:19:38.582+0000] {processor.py:753} INFO - DAG(s) dict_keys(['example_short_circuit_operator']) retrieved from /usr/local/lib/python3.9/site-packages/airflow/example_dags/example_short_circuit_operator.py
[2024-09-28T12:19:38.593+0000] {logging_mixin.py:137} INFO - [2024-09-28T12:19:38.593+0000] {dag.py:2705} INFO - Sync 1 DAGs
[2024-09-28T12:19:38.602+0000] {logging_mixin.py:137} INFO - [2024-09-28T12:19:38.602+0000] {dag.py:3452} INFO - Setting next_dagrun for example_short_circuit_operator to 2024-09-27T12:19:38.601977+00:00, run_after=2024-09-28T12:19:38.601977+00:00
[2024-09-28T12:19:38.611+0000] {processor.py:175} INFO - Processing /usr/local/lib/python3.9/site-packages/airflow/example_dags/example_short_circuit_operator.py took 0.040 seconds
[2024-09-28T13:00:04.579+0000] {processor.py:153} INFO - Started process (PID=84687) to work on /usr/local/lib/python3.9/site-packages/airflow/example_dags/example_short_circuit_operator.py
[2024-09-28T13:00:04.579+0000] {processor.py:743} INFO - Processing file /usr/local/lib/python3.9/site-packages/airflow/example_dags/example_short_circuit_operator.py for tasks to queue
[2024-09-28T13:00:04.580+0000] {logging_mixin.py:137} INFO - [2024-09-28T13:00:04.579+0000] {dagbag.py:532} INFO - Filling up the DagBag from /usr/local/lib/python3.9/site-packages/airflow/example_dags/example_short_circuit_operator.py
[2024-09-28T13:00:04.587+0000] {processor.py:753} INFO - DAG(s) dict_keys(['example_short_circuit_operator']) retrieved from /usr/local/lib/python3.9/site-packages/airflow/example_dags/example_short_circuit_operator.py
[2024-09-28T13:00:04.605+0000] {logging_mixin.py:137} INFO - [2024-09-28T13:00:04.605+0000] {dag.py:2705} INFO - Sync 1 DAGs
[2024-09-28T13:00:04.615+0000] {logging_mixin.py:137} INFO - [2024-09-28T13:00:04.615+0000] {dag.py:3452} INFO - Setting next_dagrun for example_short_circuit_operator to 2024-09-27T13:00:04.615793+00:00, run_after=2024-09-28T13:00:04.615793+00:00
[2024-09-28T13:00:04.627+0000] {processor.py:175} INFO - Processing /usr/local/lib/python3.9/site-packages/airflow/example_dags/example_short_circuit_operator.py took 0.049 seconds
[2024-09-28T13:34:47.642+0000] {processor.py:153} INFO - Started process (PID=84900) to work on /usr/local/lib/python3.9/site-packages/airflow/example_dags/example_short_circuit_operator.py
[2024-09-28T13:34:47.644+0000] {processor.py:743} INFO - Processing file /usr/local/lib/python3.9/site-packages/airflow/example_dags/example_short_circuit_operator.py for tasks to queue
[2024-09-28T13:34:47.645+0000] {logging_mixin.py:137} INFO - [2024-09-28T13:34:47.645+0000] {dagbag.py:532} INFO - Filling up the DagBag from /usr/local/lib/python3.9/site-packages/airflow/example_dags/example_short_circuit_operator.py
[2024-09-28T13:34:47.762+0000] {processor.py:753} INFO - DAG(s) dict_keys(['example_short_circuit_operator']) retrieved from /usr/local/lib/python3.9/site-packages/airflow/example_dags/example_short_circuit_operator.py
[2024-09-28T13:34:47.945+0000] {logging_mixin.py:137} INFO - [2024-09-28T13:34:47.944+0000] {dag.py:2705} INFO - Sync 1 DAGs
[2024-09-28T13:34:47.987+0000] {logging_mixin.py:137} INFO - [2024-09-28T13:34:47.987+0000] {dag.py:3452} INFO - Setting next_dagrun for example_short_circuit_operator to 2024-09-27T13:34:47.985416+00:00, run_after=2024-09-28T13:34:47.985416+00:00
[2024-09-28T13:34:48.022+0000] {processor.py:175} INFO - Processing /usr/local/lib/python3.9/site-packages/airflow/example_dags/example_short_circuit_operator.py took 0.386 seconds
[2024-09-28T13:35:18.414+0000] {processor.py:153} INFO - Started process (PID=85109) to work on /usr/local/lib/python3.9/site-packages/airflow/example_dags/example_short_circuit_operator.py
[2024-09-28T13:35:18.414+0000] {processor.py:743} INFO - Processing file /usr/local/lib/python3.9/site-packages/airflow/example_dags/example_short_circuit_operator.py for tasks to queue
[2024-09-28T13:35:18.415+0000] {logging_mixin.py:137} INFO - [2024-09-28T13:35:18.415+0000] {dagbag.py:532} INFO - Filling up the DagBag from /usr/local/lib/python3.9/site-packages/airflow/example_dags/example_short_circuit_operator.py
[2024-09-28T13:35:18.424+0000] {processor.py:753} INFO - DAG(s) dict_keys(['example_short_circuit_operator']) retrieved from /usr/local/lib/python3.9/site-packages/airflow/example_dags/example_short_circuit_operator.py
[2024-09-28T13:35:18.436+0000] {logging_mixin.py:137} INFO - [2024-09-28T13:35:18.436+0000] {dag.py:2705} INFO - Sync 1 DAGs
[2024-09-28T13:35:18.447+0000] {logging_mixin.py:137} INFO - [2024-09-28T13:35:18.447+0000] {dag.py:3452} INFO - Setting next_dagrun for example_short_circuit_operator to 2024-09-27T13:35:18.447792+00:00, run_after=2024-09-28T13:35:18.447792+00:00
[2024-09-28T13:35:18.463+0000] {processor.py:175} INFO - Processing /usr/local/lib/python3.9/site-packages/airflow/example_dags/example_short_circuit_operator.py took 0.051 seconds
[2024-09-28T13:43:13.617+0000] {processor.py:153} INFO - Started process (PID=85322) to work on /usr/local/lib/python3.9/site-packages/airflow/example_dags/example_short_circuit_operator.py
[2024-09-28T13:43:13.617+0000] {processor.py:743} INFO - Processing file /usr/local/lib/python3.9/site-packages/airflow/example_dags/example_short_circuit_operator.py for tasks to queue
[2024-09-28T13:43:13.618+0000] {logging_mixin.py:137} INFO - [2024-09-28T13:43:13.618+0000] {dagbag.py:532} INFO - Filling up the DagBag from /usr/local/lib/python3.9/site-packages/airflow/example_dags/example_short_circuit_operator.py
[2024-09-28T13:43:13.626+0000] {processor.py:753} INFO - DAG(s) dict_keys(['example_short_circuit_operator']) retrieved from /usr/local/lib/python3.9/site-packages/airflow/example_dags/example_short_circuit_operator.py
[2024-09-28T13:43:13.643+0000] {logging_mixin.py:137} INFO - [2024-09-28T13:43:13.643+0000] {dag.py:2705} INFO - Sync 1 DAGs
[2024-09-28T13:43:13.653+0000] {logging_mixin.py:137} INFO - [2024-09-28T13:43:13.653+0000] {dag.py:3452} INFO - Setting next_dagrun for example_short_circuit_operator to 2024-09-27T13:43:13.653163+00:00, run_after=2024-09-28T13:43:13.653163+00:00
[2024-09-28T13:43:13.666+0000] {processor.py:175} INFO - Processing /usr/local/lib/python3.9/site-packages/airflow/example_dags/example_short_circuit_operator.py took 0.053 seconds
