[2024-09-28T00:33:03.918+0000] {processor.py:153} INFO - Started process (PID=82631) to work on /usr/local/lib/python3.9/site-packages/airflow/example_dags/example_branch_operator_decorator.py
[2024-09-28T00:33:03.919+0000] {processor.py:743} INFO - Processing file /usr/local/lib/python3.9/site-packages/airflow/example_dags/example_branch_operator_decorator.py for tasks to queue
[2024-09-28T00:33:03.921+0000] {logging_mixin.py:137} INFO - [2024-09-28T00:33:03.921+0000] {dagbag.py:532} INFO - Filling up the DagBag from /usr/local/lib/python3.9/site-packages/airflow/example_dags/example_branch_operator_decorator.py
[2024-09-28T00:33:03.937+0000] {processor.py:753} INFO - DAG(s) dict_keys(['example_branch_python_operator_decorator']) retrieved from /usr/local/lib/python3.9/site-packages/airflow/example_dags/example_branch_operator_decorator.py
[2024-09-28T00:33:03.948+0000] {logging_mixin.py:137} INFO - [2024-09-28T00:33:03.948+0000] {dag.py:2705} INFO - Sync 1 DAGs
[2024-09-28T00:33:03.957+0000] {logging_mixin.py:137} INFO - [2024-09-28T00:33:03.957+0000] {dag.py:3452} INFO - Setting next_dagrun for example_branch_python_operator_decorator to 2024-09-27T00:00:00+00:00, run_after=2024-09-28T00:00:00+00:00
[2024-09-28T00:33:03.969+0000] {processor.py:175} INFO - Processing /usr/local/lib/python3.9/site-packages/airflow/example_dags/example_branch_operator_decorator.py took 0.053 seconds
[2024-09-28T01:50:05.434+0000] {processor.py:153} INFO - Started process (PID=82842) to work on /usr/local/lib/python3.9/site-packages/airflow/example_dags/example_branch_operator_decorator.py
[2024-09-28T01:50:05.438+0000] {processor.py:743} INFO - Processing file /usr/local/lib/python3.9/site-packages/airflow/example_dags/example_branch_operator_decorator.py for tasks to queue
[2024-09-28T01:50:05.438+0000] {logging_mixin.py:137} INFO - [2024-09-28T01:50:05.438+0000] {dagbag.py:532} INFO - Filling up the DagBag from /usr/local/lib/python3.9/site-packages/airflow/example_dags/example_branch_operator_decorator.py
[2024-09-28T01:50:05.452+0000] {processor.py:753} INFO - DAG(s) dict_keys(['example_branch_python_operator_decorator']) retrieved from /usr/local/lib/python3.9/site-packages/airflow/example_dags/example_branch_operator_decorator.py
[2024-09-28T01:50:05.467+0000] {logging_mixin.py:137} INFO - [2024-09-28T01:50:05.467+0000] {dag.py:2705} INFO - Sync 1 DAGs
[2024-09-28T01:50:05.478+0000] {logging_mixin.py:137} INFO - [2024-09-28T01:50:05.478+0000] {dag.py:3452} INFO - Setting next_dagrun for example_branch_python_operator_decorator to 2024-09-27T00:00:00+00:00, run_after=2024-09-28T00:00:00+00:00
[2024-09-28T01:50:05.486+0000] {processor.py:175} INFO - Processing /usr/local/lib/python3.9/site-packages/airflow/example_dags/example_branch_operator_decorator.py took 0.053 seconds
[2024-09-28T03:19:36.412+0000] {processor.py:153} INFO - Started process (PID=83055) to work on /usr/local/lib/python3.9/site-packages/airflow/example_dags/example_branch_operator_decorator.py
[2024-09-28T03:19:36.413+0000] {processor.py:743} INFO - Processing file /usr/local/lib/python3.9/site-packages/airflow/example_dags/example_branch_operator_decorator.py for tasks to queue
[2024-09-28T03:19:36.413+0000] {logging_mixin.py:137} INFO - [2024-09-28T03:19:36.413+0000] {dagbag.py:532} INFO - Filling up the DagBag from /usr/local/lib/python3.9/site-packages/airflow/example_dags/example_branch_operator_decorator.py
[2024-09-28T03:19:36.425+0000] {processor.py:753} INFO - DAG(s) dict_keys(['example_branch_python_operator_decorator']) retrieved from /usr/local/lib/python3.9/site-packages/airflow/example_dags/example_branch_operator_decorator.py
[2024-09-28T03:19:36.435+0000] {logging_mixin.py:137} INFO - [2024-09-28T03:19:36.435+0000] {dag.py:2705} INFO - Sync 1 DAGs
[2024-09-28T03:19:36.444+0000] {logging_mixin.py:137} INFO - [2024-09-28T03:19:36.444+0000] {dag.py:3452} INFO - Setting next_dagrun for example_branch_python_operator_decorator to 2024-09-27T00:00:00+00:00, run_after=2024-09-28T00:00:00+00:00
[2024-09-28T03:19:36.450+0000] {processor.py:175} INFO - Processing /usr/local/lib/python3.9/site-packages/airflow/example_dags/example_branch_operator_decorator.py took 0.039 seconds
[2024-09-28T04:20:43.499+0000] {processor.py:153} INFO - Started process (PID=83264) to work on /usr/local/lib/python3.9/site-packages/airflow/example_dags/example_branch_operator_decorator.py
[2024-09-28T04:20:43.499+0000] {processor.py:743} INFO - Processing file /usr/local/lib/python3.9/site-packages/airflow/example_dags/example_branch_operator_decorator.py for tasks to queue
[2024-09-28T04:20:43.500+0000] {logging_mixin.py:137} INFO - [2024-09-28T04:20:43.500+0000] {dagbag.py:532} INFO - Filling up the DagBag from /usr/local/lib/python3.9/site-packages/airflow/example_dags/example_branch_operator_decorator.py
[2024-09-28T04:20:43.515+0000] {processor.py:753} INFO - DAG(s) dict_keys(['example_branch_python_operator_decorator']) retrieved from /usr/local/lib/python3.9/site-packages/airflow/example_dags/example_branch_operator_decorator.py
[2024-09-28T04:20:43.528+0000] {logging_mixin.py:137} INFO - [2024-09-28T04:20:43.528+0000] {dag.py:2705} INFO - Sync 1 DAGs
[2024-09-28T04:20:43.538+0000] {logging_mixin.py:137} INFO - [2024-09-28T04:20:43.538+0000] {dag.py:3452} INFO - Setting next_dagrun for example_branch_python_operator_decorator to 2024-09-27T00:00:00+00:00, run_after=2024-09-28T00:00:00+00:00
[2024-09-28T04:20:43.546+0000] {processor.py:175} INFO - Processing /usr/local/lib/python3.9/site-packages/airflow/example_dags/example_branch_operator_decorator.py took 0.050 seconds
[2024-09-28T05:59:39.406+0000] {processor.py:153} INFO - Started process (PID=83476) to work on /usr/local/lib/python3.9/site-packages/airflow/example_dags/example_branch_operator_decorator.py
[2024-09-28T05:59:39.408+0000] {processor.py:743} INFO - Processing file /usr/local/lib/python3.9/site-packages/airflow/example_dags/example_branch_operator_decorator.py for tasks to queue
[2024-09-28T05:59:39.409+0000] {logging_mixin.py:137} INFO - [2024-09-28T05:59:39.409+0000] {dagbag.py:532} INFO - Filling up the DagBag from /usr/local/lib/python3.9/site-packages/airflow/example_dags/example_branch_operator_decorator.py
[2024-09-28T05:59:39.420+0000] {processor.py:753} INFO - DAG(s) dict_keys(['example_branch_python_operator_decorator']) retrieved from /usr/local/lib/python3.9/site-packages/airflow/example_dags/example_branch_operator_decorator.py
[2024-09-28T05:59:39.432+0000] {logging_mixin.py:137} INFO - [2024-09-28T05:59:39.432+0000] {dag.py:2705} INFO - Sync 1 DAGs
[2024-09-28T05:59:39.442+0000] {logging_mixin.py:137} INFO - [2024-09-28T05:59:39.442+0000] {dag.py:3452} INFO - Setting next_dagrun for example_branch_python_operator_decorator to 2024-09-27T00:00:00+00:00, run_after=2024-09-28T00:00:00+00:00
[2024-09-28T05:59:39.457+0000] {processor.py:175} INFO - Processing /usr/local/lib/python3.9/site-packages/airflow/example_dags/example_branch_operator_decorator.py took 0.052 seconds
[2024-09-28T07:11:50.943+0000] {processor.py:153} INFO - Started process (PID=83689) to work on /usr/local/lib/python3.9/site-packages/airflow/example_dags/example_branch_operator_decorator.py
[2024-09-28T07:11:50.944+0000] {processor.py:743} INFO - Processing file /usr/local/lib/python3.9/site-packages/airflow/example_dags/example_branch_operator_decorator.py for tasks to queue
[2024-09-28T07:11:50.944+0000] {logging_mixin.py:137} INFO - [2024-09-28T07:11:50.944+0000] {dagbag.py:532} INFO - Filling up the DagBag from /usr/local/lib/python3.9/site-packages/airflow/example_dags/example_branch_operator_decorator.py
[2024-09-28T07:11:50.955+0000] {processor.py:753} INFO - DAG(s) dict_keys(['example_branch_python_operator_decorator']) retrieved from /usr/local/lib/python3.9/site-packages/airflow/example_dags/example_branch_operator_decorator.py
[2024-09-28T07:11:50.965+0000] {logging_mixin.py:137} INFO - [2024-09-28T07:11:50.965+0000] {dag.py:2705} INFO - Sync 1 DAGs
[2024-09-28T07:11:50.974+0000] {logging_mixin.py:137} INFO - [2024-09-28T07:11:50.973+0000] {dag.py:3452} INFO - Setting next_dagrun for example_branch_python_operator_decorator to 2024-09-27T00:00:00+00:00, run_after=2024-09-28T00:00:00+00:00
[2024-09-28T07:11:50.980+0000] {processor.py:175} INFO - Processing /usr/local/lib/python3.9/site-packages/airflow/example_dags/example_branch_operator_decorator.py took 0.038 seconds
[2024-09-28T08:16:48.843+0000] {processor.py:153} INFO - Started process (PID=83900) to work on /usr/local/lib/python3.9/site-packages/airflow/example_dags/example_branch_operator_decorator.py
[2024-09-28T08:16:48.844+0000] {processor.py:743} INFO - Processing file /usr/local/lib/python3.9/site-packages/airflow/example_dags/example_branch_operator_decorator.py for tasks to queue
[2024-09-28T08:16:48.844+0000] {logging_mixin.py:137} INFO - [2024-09-28T08:16:48.844+0000] {dagbag.py:532} INFO - Filling up the DagBag from /usr/local/lib/python3.9/site-packages/airflow/example_dags/example_branch_operator_decorator.py
[2024-09-28T08:16:48.856+0000] {processor.py:753} INFO - DAG(s) dict_keys(['example_branch_python_operator_decorator']) retrieved from /usr/local/lib/python3.9/site-packages/airflow/example_dags/example_branch_operator_decorator.py
[2024-09-28T08:16:48.867+0000] {logging_mixin.py:137} INFO - [2024-09-28T08:16:48.867+0000] {dag.py:2705} INFO - Sync 1 DAGs
[2024-09-28T08:16:48.876+0000] {logging_mixin.py:137} INFO - [2024-09-28T08:16:48.876+0000] {dag.py:3452} INFO - Setting next_dagrun for example_branch_python_operator_decorator to 2024-09-27T00:00:00+00:00, run_after=2024-09-28T00:00:00+00:00
[2024-09-28T08:16:48.883+0000] {processor.py:175} INFO - Processing /usr/local/lib/python3.9/site-packages/airflow/example_dags/example_branch_operator_decorator.py took 0.042 seconds
[2024-09-28T09:53:29.652+0000] {processor.py:153} INFO - Started process (PID=84111) to work on /usr/local/lib/python3.9/site-packages/airflow/example_dags/example_branch_operator_decorator.py
[2024-09-28T09:53:29.653+0000] {processor.py:743} INFO - Processing file /usr/local/lib/python3.9/site-packages/airflow/example_dags/example_branch_operator_decorator.py for tasks to queue
[2024-09-28T09:53:29.653+0000] {logging_mixin.py:137} INFO - [2024-09-28T09:53:29.653+0000] {dagbag.py:532} INFO - Filling up the DagBag from /usr/local/lib/python3.9/site-packages/airflow/example_dags/example_branch_operator_decorator.py
[2024-09-28T09:53:29.666+0000] {processor.py:753} INFO - DAG(s) dict_keys(['example_branch_python_operator_decorator']) retrieved from /usr/local/lib/python3.9/site-packages/airflow/example_dags/example_branch_operator_decorator.py
[2024-09-28T09:53:29.679+0000] {logging_mixin.py:137} INFO - [2024-09-28T09:53:29.679+0000] {dag.py:2705} INFO - Sync 1 DAGs
[2024-09-28T09:53:29.689+0000] {logging_mixin.py:137} INFO - [2024-09-28T09:53:29.689+0000] {dag.py:3452} INFO - Setting next_dagrun for example_branch_python_operator_decorator to 2024-09-27T00:00:00+00:00, run_after=2024-09-28T00:00:00+00:00
[2024-09-28T09:53:29.697+0000] {processor.py:175} INFO - Processing /usr/local/lib/python3.9/site-packages/airflow/example_dags/example_branch_operator_decorator.py took 0.046 seconds
[2024-09-28T11:08:27.002+0000] {processor.py:153} INFO - Started process (PID=84322) to work on /usr/local/lib/python3.9/site-packages/airflow/example_dags/example_branch_operator_decorator.py
[2024-09-28T11:08:27.003+0000] {processor.py:743} INFO - Processing file /usr/local/lib/python3.9/site-packages/airflow/example_dags/example_branch_operator_decorator.py for tasks to queue
[2024-09-28T11:08:27.004+0000] {logging_mixin.py:137} INFO - [2024-09-28T11:08:27.004+0000] {dagbag.py:532} INFO - Filling up the DagBag from /usr/local/lib/python3.9/site-packages/airflow/example_dags/example_branch_operator_decorator.py
[2024-09-28T11:08:27.018+0000] {processor.py:753} INFO - DAG(s) dict_keys(['example_branch_python_operator_decorator']) retrieved from /usr/local/lib/python3.9/site-packages/airflow/example_dags/example_branch_operator_decorator.py
[2024-09-28T11:08:27.037+0000] {logging_mixin.py:137} INFO - [2024-09-28T11:08:27.037+0000] {dag.py:2705} INFO - Sync 1 DAGs
[2024-09-28T11:08:27.050+0000] {logging_mixin.py:137} INFO - [2024-09-28T11:08:27.050+0000] {dag.py:3452} INFO - Setting next_dagrun for example_branch_python_operator_decorator to 2024-09-27T00:00:00+00:00, run_after=2024-09-28T00:00:00+00:00
[2024-09-28T11:08:27.061+0000] {processor.py:175} INFO - Processing /usr/local/lib/python3.9/site-packages/airflow/example_dags/example_branch_operator_decorator.py took 0.060 seconds
[2024-09-28T12:19:38.871+0000] {processor.py:153} INFO - Started process (PID=84531) to work on /usr/local/lib/python3.9/site-packages/airflow/example_dags/example_branch_operator_decorator.py
[2024-09-28T12:19:38.873+0000] {processor.py:743} INFO - Processing file /usr/local/lib/python3.9/site-packages/airflow/example_dags/example_branch_operator_decorator.py for tasks to queue
[2024-09-28T12:19:38.874+0000] {logging_mixin.py:137} INFO - [2024-09-28T12:19:38.874+0000] {dagbag.py:532} INFO - Filling up the DagBag from /usr/local/lib/python3.9/site-packages/airflow/example_dags/example_branch_operator_decorator.py
[2024-09-28T12:19:38.886+0000] {processor.py:753} INFO - DAG(s) dict_keys(['example_branch_python_operator_decorator']) retrieved from /usr/local/lib/python3.9/site-packages/airflow/example_dags/example_branch_operator_decorator.py
[2024-09-28T12:19:38.899+0000] {logging_mixin.py:137} INFO - [2024-09-28T12:19:38.899+0000] {dag.py:2705} INFO - Sync 1 DAGs
[2024-09-28T12:19:38.911+0000] {logging_mixin.py:137} INFO - [2024-09-28T12:19:38.911+0000] {dag.py:3452} INFO - Setting next_dagrun for example_branch_python_operator_decorator to 2024-09-27T00:00:00+00:00, run_after=2024-09-28T00:00:00+00:00
[2024-09-28T12:19:38.920+0000] {processor.py:175} INFO - Processing /usr/local/lib/python3.9/site-packages/airflow/example_dags/example_branch_operator_decorator.py took 0.052 seconds
[2024-09-28T13:00:04.919+0000] {processor.py:153} INFO - Started process (PID=84742) to work on /usr/local/lib/python3.9/site-packages/airflow/example_dags/example_branch_operator_decorator.py
[2024-09-28T13:00:04.920+0000] {processor.py:743} INFO - Processing file /usr/local/lib/python3.9/site-packages/airflow/example_dags/example_branch_operator_decorator.py for tasks to queue
[2024-09-28T13:00:04.922+0000] {logging_mixin.py:137} INFO - [2024-09-28T13:00:04.922+0000] {dagbag.py:532} INFO - Filling up the DagBag from /usr/local/lib/python3.9/site-packages/airflow/example_dags/example_branch_operator_decorator.py
[2024-09-28T13:00:04.934+0000] {processor.py:753} INFO - DAG(s) dict_keys(['example_branch_python_operator_decorator']) retrieved from /usr/local/lib/python3.9/site-packages/airflow/example_dags/example_branch_operator_decorator.py
[2024-09-28T13:00:04.951+0000] {logging_mixin.py:137} INFO - [2024-09-28T13:00:04.951+0000] {dag.py:2705} INFO - Sync 1 DAGs
[2024-09-28T13:00:04.964+0000] {logging_mixin.py:137} INFO - [2024-09-28T13:00:04.964+0000] {dag.py:3452} INFO - Setting next_dagrun for example_branch_python_operator_decorator to 2024-09-27T00:00:00+00:00, run_after=2024-09-28T00:00:00+00:00
[2024-09-28T13:00:04.975+0000] {processor.py:175} INFO - Processing /usr/local/lib/python3.9/site-packages/airflow/example_dags/example_branch_operator_decorator.py took 0.058 seconds
[2024-09-28T13:34:48.598+0000] {processor.py:153} INFO - Started process (PID=84953) to work on /usr/local/lib/python3.9/site-packages/airflow/example_dags/example_branch_operator_decorator.py
[2024-09-28T13:34:48.600+0000] {processor.py:743} INFO - Processing file /usr/local/lib/python3.9/site-packages/airflow/example_dags/example_branch_operator_decorator.py for tasks to queue
[2024-09-28T13:34:48.601+0000] {logging_mixin.py:137} INFO - [2024-09-28T13:34:48.601+0000] {dagbag.py:532} INFO - Filling up the DagBag from /usr/local/lib/python3.9/site-packages/airflow/example_dags/example_branch_operator_decorator.py
[2024-09-28T13:34:48.615+0000] {processor.py:753} INFO - DAG(s) dict_keys(['example_branch_python_operator_decorator']) retrieved from /usr/local/lib/python3.9/site-packages/airflow/example_dags/example_branch_operator_decorator.py
[2024-09-28T13:34:48.641+0000] {logging_mixin.py:137} INFO - [2024-09-28T13:34:48.641+0000] {dag.py:2705} INFO - Sync 1 DAGs
[2024-09-28T13:34:48.654+0000] {logging_mixin.py:137} INFO - [2024-09-28T13:34:48.654+0000] {dag.py:3452} INFO - Setting next_dagrun for example_branch_python_operator_decorator to 2024-09-27T00:00:00+00:00, run_after=2024-09-28T00:00:00+00:00
[2024-09-28T13:34:48.662+0000] {processor.py:175} INFO - Processing /usr/local/lib/python3.9/site-packages/airflow/example_dags/example_branch_operator_decorator.py took 0.069 seconds
[2024-09-28T13:35:18.758+0000] {processor.py:153} INFO - Started process (PID=85164) to work on /usr/local/lib/python3.9/site-packages/airflow/example_dags/example_branch_operator_decorator.py
[2024-09-28T13:35:18.759+0000] {processor.py:743} INFO - Processing file /usr/local/lib/python3.9/site-packages/airflow/example_dags/example_branch_operator_decorator.py for tasks to queue
[2024-09-28T13:35:18.760+0000] {logging_mixin.py:137} INFO - [2024-09-28T13:35:18.759+0000] {dagbag.py:532} INFO - Filling up the DagBag from /usr/local/lib/python3.9/site-packages/airflow/example_dags/example_branch_operator_decorator.py
[2024-09-28T13:35:18.776+0000] {processor.py:753} INFO - DAG(s) dict_keys(['example_branch_python_operator_decorator']) retrieved from /usr/local/lib/python3.9/site-packages/airflow/example_dags/example_branch_operator_decorator.py
[2024-09-28T13:35:18.790+0000] {logging_mixin.py:137} INFO - [2024-09-28T13:35:18.790+0000] {dag.py:2705} INFO - Sync 1 DAGs
[2024-09-28T13:35:18.805+0000] {logging_mixin.py:137} INFO - [2024-09-28T13:35:18.805+0000] {dag.py:3452} INFO - Setting next_dagrun for example_branch_python_operator_decorator to 2024-09-27T00:00:00+00:00, run_after=2024-09-28T00:00:00+00:00
[2024-09-28T13:35:18.818+0000] {processor.py:175} INFO - Processing /usr/local/lib/python3.9/site-packages/airflow/example_dags/example_branch_operator_decorator.py took 0.061 seconds
[2024-09-28T13:43:14.054+0000] {processor.py:153} INFO - Started process (PID=85377) to work on /usr/local/lib/python3.9/site-packages/airflow/example_dags/example_branch_operator_decorator.py
[2024-09-28T13:43:14.055+0000] {processor.py:743} INFO - Processing file /usr/local/lib/python3.9/site-packages/airflow/example_dags/example_branch_operator_decorator.py for tasks to queue
[2024-09-28T13:43:14.055+0000] {logging_mixin.py:137} INFO - [2024-09-28T13:43:14.055+0000] {dagbag.py:532} INFO - Filling up the DagBag from /usr/local/lib/python3.9/site-packages/airflow/example_dags/example_branch_operator_decorator.py
[2024-09-28T13:43:14.068+0000] {processor.py:753} INFO - DAG(s) dict_keys(['example_branch_python_operator_decorator']) retrieved from /usr/local/lib/python3.9/site-packages/airflow/example_dags/example_branch_operator_decorator.py
[2024-09-28T13:43:14.082+0000] {logging_mixin.py:137} INFO - [2024-09-28T13:43:14.082+0000] {dag.py:2705} INFO - Sync 1 DAGs
[2024-09-28T13:43:14.092+0000] {logging_mixin.py:137} INFO - [2024-09-28T13:43:14.092+0000] {dag.py:3452} INFO - Setting next_dagrun for example_branch_python_operator_decorator to 2024-09-27T00:00:00+00:00, run_after=2024-09-28T00:00:00+00:00
[2024-09-28T13:43:14.099+0000] {processor.py:175} INFO - Processing /usr/local/lib/python3.9/site-packages/airflow/example_dags/example_branch_operator_decorator.py took 0.046 seconds
