[2024-09-28T00:33:03.987+0000] {processor.py:153} INFO - Started process (PID=82641) to work on /usr/local/lib/python3.9/site-packages/airflow/example_dags/example_datasets.py
[2024-09-28T00:33:03.987+0000] {processor.py:743} INFO - Processing file /usr/local/lib/python3.9/site-packages/airflow/example_dags/example_datasets.py for tasks to queue
[2024-09-28T00:33:03.988+0000] {logging_mixin.py:137} INFO - [2024-09-28T00:33:03.988+0000] {dagbag.py:532} INFO - Filling up the DagBag from /usr/local/lib/python3.9/site-packages/airflow/example_dags/example_datasets.py
[2024-09-28T00:33:03.996+0000] {processor.py:753} INFO - DAG(s) dict_keys(['dataset_consumes_unknown_never_scheduled', 'dataset_consumes_1_never_scheduled', 'dataset_consumes_1', 'dataset_produces_2', 'dataset_produces_1', 'dataset_consumes_1_and_2']) retrieved from /usr/local/lib/python3.9/site-packages/airflow/example_dags/example_datasets.py
[2024-09-28T00:33:04.016+0000] {logging_mixin.py:137} INFO - [2024-09-28T00:33:04.016+0000] {dag.py:2705} INFO - Sync 6 DAGs
[2024-09-28T00:33:04.028+0000] {logging_mixin.py:137} INFO - [2024-09-28T00:33:04.028+0000] {dag.py:3452} INFO - Setting next_dagrun for dataset_consumes_1 to None, run_after=None
[2024-09-28T00:33:04.031+0000] {logging_mixin.py:137} INFO - [2024-09-28T00:33:04.031+0000] {dag.py:3452} INFO - Setting next_dagrun for dataset_consumes_1_and_2 to None, run_after=None
[2024-09-28T00:33:04.036+0000] {logging_mixin.py:137} INFO - [2024-09-28T00:33:04.036+0000] {dag.py:3452} INFO - Setting next_dagrun for dataset_consumes_1_never_scheduled to None, run_after=None
[2024-09-28T00:33:04.039+0000] {logging_mixin.py:137} INFO - [2024-09-28T00:33:04.039+0000] {dag.py:3452} INFO - Setting next_dagrun for dataset_consumes_unknown_never_scheduled to None, run_after=None
[2024-09-28T00:33:04.040+0000] {logging_mixin.py:137} INFO - [2024-09-28T00:33:04.040+0000] {dag.py:3452} INFO - Setting next_dagrun for dataset_produces_1 to 2024-09-27T00:00:00+00:00, run_after=2024-09-28T00:00:00+00:00
[2024-09-28T00:33:04.041+0000] {logging_mixin.py:137} INFO - [2024-09-28T00:33:04.041+0000] {dag.py:3452} INFO - Setting next_dagrun for dataset_produces_2 to None, run_after=None
[2024-09-28T00:33:04.062+0000] {processor.py:175} INFO - Processing /usr/local/lib/python3.9/site-packages/airflow/example_dags/example_datasets.py took 0.077 seconds
[2024-09-28T01:50:05.510+0000] {processor.py:153} INFO - Started process (PID=82852) to work on /usr/local/lib/python3.9/site-packages/airflow/example_dags/example_datasets.py
[2024-09-28T01:50:05.512+0000] {processor.py:743} INFO - Processing file /usr/local/lib/python3.9/site-packages/airflow/example_dags/example_datasets.py for tasks to queue
[2024-09-28T01:50:05.513+0000] {logging_mixin.py:137} INFO - [2024-09-28T01:50:05.513+0000] {dagbag.py:532} INFO - Filling up the DagBag from /usr/local/lib/python3.9/site-packages/airflow/example_dags/example_datasets.py
[2024-09-28T01:50:05.523+0000] {processor.py:753} INFO - DAG(s) dict_keys(['dataset_produces_2', 'dataset_produces_1', 'dataset_consumes_unknown_never_scheduled', 'dataset_consumes_1', 'dataset_consumes_1_never_scheduled', 'dataset_consumes_1_and_2']) retrieved from /usr/local/lib/python3.9/site-packages/airflow/example_dags/example_datasets.py
[2024-09-28T01:50:05.542+0000] {logging_mixin.py:137} INFO - [2024-09-28T01:50:05.542+0000] {dag.py:2705} INFO - Sync 6 DAGs
[2024-09-28T01:50:05.556+0000] {logging_mixin.py:137} INFO - [2024-09-28T01:50:05.556+0000] {dag.py:3452} INFO - Setting next_dagrun for dataset_consumes_1 to None, run_after=None
[2024-09-28T01:50:05.558+0000] {logging_mixin.py:137} INFO - [2024-09-28T01:50:05.558+0000] {dag.py:3452} INFO - Setting next_dagrun for dataset_consumes_1_and_2 to None, run_after=None
[2024-09-28T01:50:05.559+0000] {logging_mixin.py:137} INFO - [2024-09-28T01:50:05.559+0000] {dag.py:3452} INFO - Setting next_dagrun for dataset_consumes_1_never_scheduled to None, run_after=None
[2024-09-28T01:50:05.561+0000] {logging_mixin.py:137} INFO - [2024-09-28T01:50:05.561+0000] {dag.py:3452} INFO - Setting next_dagrun for dataset_consumes_unknown_never_scheduled to None, run_after=None
[2024-09-28T01:50:05.564+0000] {logging_mixin.py:137} INFO - [2024-09-28T01:50:05.564+0000] {dag.py:3452} INFO - Setting next_dagrun for dataset_produces_1 to 2024-09-27T00:00:00+00:00, run_after=2024-09-28T00:00:00+00:00
[2024-09-28T01:50:05.566+0000] {logging_mixin.py:137} INFO - [2024-09-28T01:50:05.566+0000] {dag.py:3452} INFO - Setting next_dagrun for dataset_produces_2 to None, run_after=None
[2024-09-28T01:50:05.594+0000] {processor.py:175} INFO - Processing /usr/local/lib/python3.9/site-packages/airflow/example_dags/example_datasets.py took 0.087 seconds
[2024-09-28T03:19:36.462+0000] {processor.py:153} INFO - Started process (PID=83063) to work on /usr/local/lib/python3.9/site-packages/airflow/example_dags/example_datasets.py
[2024-09-28T03:19:36.465+0000] {processor.py:743} INFO - Processing file /usr/local/lib/python3.9/site-packages/airflow/example_dags/example_datasets.py for tasks to queue
[2024-09-28T03:19:36.466+0000] {logging_mixin.py:137} INFO - [2024-09-28T03:19:36.466+0000] {dagbag.py:532} INFO - Filling up the DagBag from /usr/local/lib/python3.9/site-packages/airflow/example_dags/example_datasets.py
[2024-09-28T03:19:36.473+0000] {processor.py:753} INFO - DAG(s) dict_keys(['dataset_consumes_unknown_never_scheduled', 'dataset_consumes_1', 'dataset_consumes_1_never_scheduled', 'dataset_produces_1', 'dataset_consumes_1_and_2', 'dataset_produces_2']) retrieved from /usr/local/lib/python3.9/site-packages/airflow/example_dags/example_datasets.py
[2024-09-28T03:19:36.489+0000] {logging_mixin.py:137} INFO - [2024-09-28T03:19:36.489+0000] {dag.py:2705} INFO - Sync 6 DAGs
[2024-09-28T03:19:36.499+0000] {logging_mixin.py:137} INFO - [2024-09-28T03:19:36.499+0000] {dag.py:3452} INFO - Setting next_dagrun for dataset_consumes_1 to None, run_after=None
[2024-09-28T03:19:36.500+0000] {logging_mixin.py:137} INFO - [2024-09-28T03:19:36.500+0000] {dag.py:3452} INFO - Setting next_dagrun for dataset_consumes_1_and_2 to None, run_after=None
[2024-09-28T03:19:36.501+0000] {logging_mixin.py:137} INFO - [2024-09-28T03:19:36.501+0000] {dag.py:3452} INFO - Setting next_dagrun for dataset_consumes_1_never_scheduled to None, run_after=None
[2024-09-28T03:19:36.501+0000] {logging_mixin.py:137} INFO - [2024-09-28T03:19:36.501+0000] {dag.py:3452} INFO - Setting next_dagrun for dataset_consumes_unknown_never_scheduled to None, run_after=None
[2024-09-28T03:19:36.502+0000] {logging_mixin.py:137} INFO - [2024-09-28T03:19:36.502+0000] {dag.py:3452} INFO - Setting next_dagrun for dataset_produces_1 to 2024-09-27T00:00:00+00:00, run_after=2024-09-28T00:00:00+00:00
[2024-09-28T03:19:36.503+0000] {logging_mixin.py:137} INFO - [2024-09-28T03:19:36.503+0000] {dag.py:3452} INFO - Setting next_dagrun for dataset_produces_2 to None, run_after=None
[2024-09-28T03:19:36.525+0000] {processor.py:175} INFO - Processing /usr/local/lib/python3.9/site-packages/airflow/example_dags/example_datasets.py took 0.064 seconds
[2024-09-28T04:20:43.572+0000] {processor.py:153} INFO - Started process (PID=83274) to work on /usr/local/lib/python3.9/site-packages/airflow/example_dags/example_datasets.py
[2024-09-28T04:20:43.575+0000] {processor.py:743} INFO - Processing file /usr/local/lib/python3.9/site-packages/airflow/example_dags/example_datasets.py for tasks to queue
[2024-09-28T04:20:43.576+0000] {logging_mixin.py:137} INFO - [2024-09-28T04:20:43.576+0000] {dagbag.py:532} INFO - Filling up the DagBag from /usr/local/lib/python3.9/site-packages/airflow/example_dags/example_datasets.py
[2024-09-28T04:20:43.590+0000] {processor.py:753} INFO - DAG(s) dict_keys(['dataset_consumes_unknown_never_scheduled', 'dataset_consumes_1_and_2', 'dataset_produces_2', 'dataset_consumes_1', 'dataset_produces_1', 'dataset_consumes_1_never_scheduled']) retrieved from /usr/local/lib/python3.9/site-packages/airflow/example_dags/example_datasets.py
[2024-09-28T04:20:43.609+0000] {logging_mixin.py:137} INFO - [2024-09-28T04:20:43.609+0000] {dag.py:2705} INFO - Sync 6 DAGs
[2024-09-28T04:20:43.622+0000] {logging_mixin.py:137} INFO - [2024-09-28T04:20:43.621+0000] {dag.py:3452} INFO - Setting next_dagrun for dataset_consumes_1 to None, run_after=None
[2024-09-28T04:20:43.624+0000] {logging_mixin.py:137} INFO - [2024-09-28T04:20:43.624+0000] {dag.py:3452} INFO - Setting next_dagrun for dataset_consumes_1_and_2 to None, run_after=None
[2024-09-28T04:20:43.625+0000] {logging_mixin.py:137} INFO - [2024-09-28T04:20:43.625+0000] {dag.py:3452} INFO - Setting next_dagrun for dataset_consumes_1_never_scheduled to None, run_after=None
[2024-09-28T04:20:43.627+0000] {logging_mixin.py:137} INFO - [2024-09-28T04:20:43.627+0000] {dag.py:3452} INFO - Setting next_dagrun for dataset_consumes_unknown_never_scheduled to None, run_after=None
[2024-09-28T04:20:43.630+0000] {logging_mixin.py:137} INFO - [2024-09-28T04:20:43.630+0000] {dag.py:3452} INFO - Setting next_dagrun for dataset_produces_1 to 2024-09-27T00:00:00+00:00, run_after=2024-09-28T00:00:00+00:00
[2024-09-28T04:20:43.631+0000] {logging_mixin.py:137} INFO - [2024-09-28T04:20:43.631+0000] {dag.py:3452} INFO - Setting next_dagrun for dataset_produces_2 to None, run_after=None
[2024-09-28T04:20:43.652+0000] {processor.py:175} INFO - Processing /usr/local/lib/python3.9/site-packages/airflow/example_dags/example_datasets.py took 0.093 seconds
[2024-09-28T05:59:39.466+0000] {processor.py:153} INFO - Started process (PID=83486) to work on /usr/local/lib/python3.9/site-packages/airflow/example_dags/example_datasets.py
[2024-09-28T05:59:39.468+0000] {processor.py:743} INFO - Processing file /usr/local/lib/python3.9/site-packages/airflow/example_dags/example_datasets.py for tasks to queue
[2024-09-28T05:59:39.469+0000] {logging_mixin.py:137} INFO - [2024-09-28T05:59:39.469+0000] {dagbag.py:532} INFO - Filling up the DagBag from /usr/local/lib/python3.9/site-packages/airflow/example_dags/example_datasets.py
[2024-09-28T05:59:39.477+0000] {processor.py:753} INFO - DAG(s) dict_keys(['dataset_consumes_1', 'dataset_consumes_1_never_scheduled', 'dataset_consumes_1_and_2', 'dataset_consumes_unknown_never_scheduled', 'dataset_produces_1', 'dataset_produces_2']) retrieved from /usr/local/lib/python3.9/site-packages/airflow/example_dags/example_datasets.py
[2024-09-28T05:59:39.500+0000] {logging_mixin.py:137} INFO - [2024-09-28T05:59:39.500+0000] {dag.py:2705} INFO - Sync 6 DAGs
[2024-09-28T05:59:39.512+0000] {logging_mixin.py:137} INFO - [2024-09-28T05:59:39.512+0000] {dag.py:3452} INFO - Setting next_dagrun for dataset_consumes_1 to None, run_after=None
[2024-09-28T05:59:39.513+0000] {logging_mixin.py:137} INFO - [2024-09-28T05:59:39.513+0000] {dag.py:3452} INFO - Setting next_dagrun for dataset_consumes_1_and_2 to None, run_after=None
[2024-09-28T05:59:39.514+0000] {logging_mixin.py:137} INFO - [2024-09-28T05:59:39.514+0000] {dag.py:3452} INFO - Setting next_dagrun for dataset_consumes_1_never_scheduled to None, run_after=None
[2024-09-28T05:59:39.514+0000] {logging_mixin.py:137} INFO - [2024-09-28T05:59:39.514+0000] {dag.py:3452} INFO - Setting next_dagrun for dataset_consumes_unknown_never_scheduled to None, run_after=None
[2024-09-28T05:59:39.516+0000] {logging_mixin.py:137} INFO - [2024-09-28T05:59:39.516+0000] {dag.py:3452} INFO - Setting next_dagrun for dataset_produces_1 to 2024-09-27T00:00:00+00:00, run_after=2024-09-28T00:00:00+00:00
[2024-09-28T05:59:39.516+0000] {logging_mixin.py:137} INFO - [2024-09-28T05:59:39.516+0000] {dag.py:3452} INFO - Setting next_dagrun for dataset_produces_2 to None, run_after=None
[2024-09-28T05:59:39.536+0000] {processor.py:175} INFO - Processing /usr/local/lib/python3.9/site-packages/airflow/example_dags/example_datasets.py took 0.071 seconds
[2024-09-28T07:11:50.991+0000] {processor.py:153} INFO - Started process (PID=83697) to work on /usr/local/lib/python3.9/site-packages/airflow/example_dags/example_datasets.py
[2024-09-28T07:11:50.993+0000] {processor.py:743} INFO - Processing file /usr/local/lib/python3.9/site-packages/airflow/example_dags/example_datasets.py for tasks to queue
[2024-09-28T07:11:50.993+0000] {logging_mixin.py:137} INFO - [2024-09-28T07:11:50.993+0000] {dagbag.py:532} INFO - Filling up the DagBag from /usr/local/lib/python3.9/site-packages/airflow/example_dags/example_datasets.py
[2024-09-28T07:11:51.000+0000] {processor.py:753} INFO - DAG(s) dict_keys(['dataset_consumes_1_never_scheduled', 'dataset_produces_2', 'dataset_consumes_1_and_2', 'dataset_consumes_unknown_never_scheduled', 'dataset_produces_1', 'dataset_consumes_1']) retrieved from /usr/local/lib/python3.9/site-packages/airflow/example_dags/example_datasets.py
[2024-09-28T07:11:51.016+0000] {logging_mixin.py:137} INFO - [2024-09-28T07:11:51.016+0000] {dag.py:2705} INFO - Sync 6 DAGs
[2024-09-28T07:11:51.025+0000] {logging_mixin.py:137} INFO - [2024-09-28T07:11:51.025+0000] {dag.py:3452} INFO - Setting next_dagrun for dataset_consumes_1 to None, run_after=None
[2024-09-28T07:11:51.027+0000] {logging_mixin.py:137} INFO - [2024-09-28T07:11:51.027+0000] {dag.py:3452} INFO - Setting next_dagrun for dataset_consumes_1_and_2 to None, run_after=None
[2024-09-28T07:11:51.027+0000] {logging_mixin.py:137} INFO - [2024-09-28T07:11:51.027+0000] {dag.py:3452} INFO - Setting next_dagrun for dataset_consumes_1_never_scheduled to None, run_after=None
[2024-09-28T07:11:51.028+0000] {logging_mixin.py:137} INFO - [2024-09-28T07:11:51.028+0000] {dag.py:3452} INFO - Setting next_dagrun for dataset_consumes_unknown_never_scheduled to None, run_after=None
[2024-09-28T07:11:51.029+0000] {logging_mixin.py:137} INFO - [2024-09-28T07:11:51.029+0000] {dag.py:3452} INFO - Setting next_dagrun for dataset_produces_1 to 2024-09-27T00:00:00+00:00, run_after=2024-09-28T00:00:00+00:00
[2024-09-28T07:11:51.029+0000] {logging_mixin.py:137} INFO - [2024-09-28T07:11:51.029+0000] {dag.py:3452} INFO - Setting next_dagrun for dataset_produces_2 to None, run_after=None
[2024-09-28T07:11:51.042+0000] {processor.py:175} INFO - Processing /usr/local/lib/python3.9/site-packages/airflow/example_dags/example_datasets.py took 0.053 seconds
[2024-09-28T08:16:48.893+0000] {processor.py:153} INFO - Started process (PID=83908) to work on /usr/local/lib/python3.9/site-packages/airflow/example_dags/example_datasets.py
[2024-09-28T08:16:48.894+0000] {processor.py:743} INFO - Processing file /usr/local/lib/python3.9/site-packages/airflow/example_dags/example_datasets.py for tasks to queue
[2024-09-28T08:16:48.896+0000] {logging_mixin.py:137} INFO - [2024-09-28T08:16:48.896+0000] {dagbag.py:532} INFO - Filling up the DagBag from /usr/local/lib/python3.9/site-packages/airflow/example_dags/example_datasets.py
[2024-09-28T08:16:48.905+0000] {processor.py:753} INFO - DAG(s) dict_keys(['dataset_consumes_1', 'dataset_produces_2', 'dataset_consumes_unknown_never_scheduled', 'dataset_consumes_1_and_2', 'dataset_produces_1', 'dataset_consumes_1_never_scheduled']) retrieved from /usr/local/lib/python3.9/site-packages/airflow/example_dags/example_datasets.py
[2024-09-28T08:16:48.931+0000] {logging_mixin.py:137} INFO - [2024-09-28T08:16:48.931+0000] {dag.py:2705} INFO - Sync 6 DAGs
[2024-09-28T08:16:48.942+0000] {logging_mixin.py:137} INFO - [2024-09-28T08:16:48.942+0000] {dag.py:3452} INFO - Setting next_dagrun for dataset_consumes_1 to None, run_after=None
[2024-09-28T08:16:48.944+0000] {logging_mixin.py:137} INFO - [2024-09-28T08:16:48.944+0000] {dag.py:3452} INFO - Setting next_dagrun for dataset_consumes_1_and_2 to None, run_after=None
[2024-09-28T08:16:48.945+0000] {logging_mixin.py:137} INFO - [2024-09-28T08:16:48.945+0000] {dag.py:3452} INFO - Setting next_dagrun for dataset_consumes_1_never_scheduled to None, run_after=None
[2024-09-28T08:16:48.946+0000] {logging_mixin.py:137} INFO - [2024-09-28T08:16:48.946+0000] {dag.py:3452} INFO - Setting next_dagrun for dataset_consumes_unknown_never_scheduled to None, run_after=None
[2024-09-28T08:16:48.947+0000] {logging_mixin.py:137} INFO - [2024-09-28T08:16:48.947+0000] {dag.py:3452} INFO - Setting next_dagrun for dataset_produces_1 to 2024-09-27T00:00:00+00:00, run_after=2024-09-28T00:00:00+00:00
[2024-09-28T08:16:48.948+0000] {logging_mixin.py:137} INFO - [2024-09-28T08:16:48.948+0000] {dag.py:3452} INFO - Setting next_dagrun for dataset_produces_2 to None, run_after=None
[2024-09-28T08:16:48.961+0000] {processor.py:175} INFO - Processing /usr/local/lib/python3.9/site-packages/airflow/example_dags/example_datasets.py took 0.069 seconds
[2024-09-28T09:53:29.708+0000] {processor.py:153} INFO - Started process (PID=84119) to work on /usr/local/lib/python3.9/site-packages/airflow/example_dags/example_datasets.py
[2024-09-28T09:53:29.710+0000] {processor.py:743} INFO - Processing file /usr/local/lib/python3.9/site-packages/airflow/example_dags/example_datasets.py for tasks to queue
[2024-09-28T09:53:29.711+0000] {logging_mixin.py:137} INFO - [2024-09-28T09:53:29.711+0000] {dagbag.py:532} INFO - Filling up the DagBag from /usr/local/lib/python3.9/site-packages/airflow/example_dags/example_datasets.py
[2024-09-28T09:53:29.720+0000] {processor.py:753} INFO - DAG(s) dict_keys(['dataset_consumes_unknown_never_scheduled', 'dataset_produces_2', 'dataset_produces_1', 'dataset_consumes_1_never_scheduled', 'dataset_consumes_1_and_2', 'dataset_consumes_1']) retrieved from /usr/local/lib/python3.9/site-packages/airflow/example_dags/example_datasets.py
[2024-09-28T09:53:29.741+0000] {logging_mixin.py:137} INFO - [2024-09-28T09:53:29.740+0000] {dag.py:2705} INFO - Sync 6 DAGs
[2024-09-28T09:53:29.751+0000] {logging_mixin.py:137} INFO - [2024-09-28T09:53:29.751+0000] {dag.py:3452} INFO - Setting next_dagrun for dataset_consumes_1 to None, run_after=None
[2024-09-28T09:53:29.753+0000] {logging_mixin.py:137} INFO - [2024-09-28T09:53:29.753+0000] {dag.py:3452} INFO - Setting next_dagrun for dataset_consumes_1_and_2 to None, run_after=None
[2024-09-28T09:53:29.753+0000] {logging_mixin.py:137} INFO - [2024-09-28T09:53:29.753+0000] {dag.py:3452} INFO - Setting next_dagrun for dataset_consumes_1_never_scheduled to None, run_after=None
[2024-09-28T09:53:29.754+0000] {logging_mixin.py:137} INFO - [2024-09-28T09:53:29.754+0000] {dag.py:3452} INFO - Setting next_dagrun for dataset_consumes_unknown_never_scheduled to None, run_after=None
[2024-09-28T09:53:29.755+0000] {logging_mixin.py:137} INFO - [2024-09-28T09:53:29.755+0000] {dag.py:3452} INFO - Setting next_dagrun for dataset_produces_1 to 2024-09-27T00:00:00+00:00, run_after=2024-09-28T00:00:00+00:00
[2024-09-28T09:53:29.756+0000] {logging_mixin.py:137} INFO - [2024-09-28T09:53:29.756+0000] {dag.py:3452} INFO - Setting next_dagrun for dataset_produces_2 to None, run_after=None
[2024-09-28T09:53:29.773+0000] {processor.py:175} INFO - Processing /usr/local/lib/python3.9/site-packages/airflow/example_dags/example_datasets.py took 0.067 seconds
[2024-09-28T11:08:27.074+0000] {processor.py:153} INFO - Started process (PID=84330) to work on /usr/local/lib/python3.9/site-packages/airflow/example_dags/example_datasets.py
[2024-09-28T11:08:27.075+0000] {processor.py:743} INFO - Processing file /usr/local/lib/python3.9/site-packages/airflow/example_dags/example_datasets.py for tasks to queue
[2024-09-28T11:08:27.076+0000] {logging_mixin.py:137} INFO - [2024-09-28T11:08:27.076+0000] {dagbag.py:532} INFO - Filling up the DagBag from /usr/local/lib/python3.9/site-packages/airflow/example_dags/example_datasets.py
[2024-09-28T11:08:27.084+0000] {processor.py:753} INFO - DAG(s) dict_keys(['dataset_consumes_1_never_scheduled', 'dataset_produces_2', 'dataset_consumes_1_and_2', 'dataset_produces_1', 'dataset_consumes_unknown_never_scheduled', 'dataset_consumes_1']) retrieved from /usr/local/lib/python3.9/site-packages/airflow/example_dags/example_datasets.py
[2024-09-28T11:08:27.101+0000] {logging_mixin.py:137} INFO - [2024-09-28T11:08:27.101+0000] {dag.py:2705} INFO - Sync 6 DAGs
[2024-09-28T11:08:27.113+0000] {logging_mixin.py:137} INFO - [2024-09-28T11:08:27.113+0000] {dag.py:3452} INFO - Setting next_dagrun for dataset_consumes_1 to None, run_after=None
[2024-09-28T11:08:27.114+0000] {logging_mixin.py:137} INFO - [2024-09-28T11:08:27.114+0000] {dag.py:3452} INFO - Setting next_dagrun for dataset_consumes_1_and_2 to None, run_after=None
[2024-09-28T11:08:27.115+0000] {logging_mixin.py:137} INFO - [2024-09-28T11:08:27.115+0000] {dag.py:3452} INFO - Setting next_dagrun for dataset_consumes_1_never_scheduled to None, run_after=None
[2024-09-28T11:08:27.116+0000] {logging_mixin.py:137} INFO - [2024-09-28T11:08:27.116+0000] {dag.py:3452} INFO - Setting next_dagrun for dataset_consumes_unknown_never_scheduled to None, run_after=None
[2024-09-28T11:08:27.117+0000] {logging_mixin.py:137} INFO - [2024-09-28T11:08:27.117+0000] {dag.py:3452} INFO - Setting next_dagrun for dataset_produces_1 to 2024-09-27T00:00:00+00:00, run_after=2024-09-28T00:00:00+00:00
[2024-09-28T11:08:27.118+0000] {logging_mixin.py:137} INFO - [2024-09-28T11:08:27.118+0000] {dag.py:3452} INFO - Setting next_dagrun for dataset_produces_2 to None, run_after=None
[2024-09-28T11:08:27.133+0000] {processor.py:175} INFO - Processing /usr/local/lib/python3.9/site-packages/airflow/example_dags/example_datasets.py took 0.060 seconds
[2024-09-28T12:19:38.932+0000] {processor.py:153} INFO - Started process (PID=84541) to work on /usr/local/lib/python3.9/site-packages/airflow/example_dags/example_datasets.py
[2024-09-28T12:19:38.934+0000] {processor.py:743} INFO - Processing file /usr/local/lib/python3.9/site-packages/airflow/example_dags/example_datasets.py for tasks to queue
[2024-09-28T12:19:38.935+0000] {logging_mixin.py:137} INFO - [2024-09-28T12:19:38.935+0000] {dagbag.py:532} INFO - Filling up the DagBag from /usr/local/lib/python3.9/site-packages/airflow/example_dags/example_datasets.py
[2024-09-28T12:19:38.946+0000] {processor.py:753} INFO - DAG(s) dict_keys(['dataset_consumes_unknown_never_scheduled', 'dataset_consumes_1_and_2', 'dataset_consumes_1', 'dataset_consumes_1_never_scheduled', 'dataset_produces_2', 'dataset_produces_1']) retrieved from /usr/local/lib/python3.9/site-packages/airflow/example_dags/example_datasets.py
[2024-09-28T12:19:38.962+0000] {logging_mixin.py:137} INFO - [2024-09-28T12:19:38.962+0000] {dag.py:2705} INFO - Sync 6 DAGs
[2024-09-28T12:19:38.971+0000] {logging_mixin.py:137} INFO - [2024-09-28T12:19:38.971+0000] {dag.py:3452} INFO - Setting next_dagrun for dataset_consumes_1 to None, run_after=None
[2024-09-28T12:19:38.973+0000] {logging_mixin.py:137} INFO - [2024-09-28T12:19:38.973+0000] {dag.py:3452} INFO - Setting next_dagrun for dataset_consumes_1_and_2 to None, run_after=None
[2024-09-28T12:19:38.973+0000] {logging_mixin.py:137} INFO - [2024-09-28T12:19:38.973+0000] {dag.py:3452} INFO - Setting next_dagrun for dataset_consumes_1_never_scheduled to None, run_after=None
[2024-09-28T12:19:38.974+0000] {logging_mixin.py:137} INFO - [2024-09-28T12:19:38.974+0000] {dag.py:3452} INFO - Setting next_dagrun for dataset_consumes_unknown_never_scheduled to None, run_after=None
[2024-09-28T12:19:38.975+0000] {logging_mixin.py:137} INFO - [2024-09-28T12:19:38.975+0000] {dag.py:3452} INFO - Setting next_dagrun for dataset_produces_1 to 2024-09-27T00:00:00+00:00, run_after=2024-09-28T00:00:00+00:00
[2024-09-28T12:19:38.975+0000] {logging_mixin.py:137} INFO - [2024-09-28T12:19:38.975+0000] {dag.py:3452} INFO - Setting next_dagrun for dataset_produces_2 to None, run_after=None
[2024-09-28T12:19:38.988+0000] {processor.py:175} INFO - Processing /usr/local/lib/python3.9/site-packages/airflow/example_dags/example_datasets.py took 0.057 seconds
[2024-09-28T13:00:04.988+0000] {processor.py:153} INFO - Started process (PID=84752) to work on /usr/local/lib/python3.9/site-packages/airflow/example_dags/example_datasets.py
[2024-09-28T13:00:04.989+0000] {processor.py:743} INFO - Processing file /usr/local/lib/python3.9/site-packages/airflow/example_dags/example_datasets.py for tasks to queue
[2024-09-28T13:00:04.990+0000] {logging_mixin.py:137} INFO - [2024-09-28T13:00:04.990+0000] {dagbag.py:532} INFO - Filling up the DagBag from /usr/local/lib/python3.9/site-packages/airflow/example_dags/example_datasets.py
[2024-09-28T13:00:04.999+0000] {processor.py:753} INFO - DAG(s) dict_keys(['dataset_consumes_1_never_scheduled', 'dataset_consumes_1_and_2', 'dataset_produces_1', 'dataset_consumes_1', 'dataset_consumes_unknown_never_scheduled', 'dataset_produces_2']) retrieved from /usr/local/lib/python3.9/site-packages/airflow/example_dags/example_datasets.py
[2024-09-28T13:00:05.020+0000] {logging_mixin.py:137} INFO - [2024-09-28T13:00:05.020+0000] {dag.py:2705} INFO - Sync 6 DAGs
[2024-09-28T13:00:05.031+0000] {logging_mixin.py:137} INFO - [2024-09-28T13:00:05.031+0000] {dag.py:3452} INFO - Setting next_dagrun for dataset_consumes_1 to None, run_after=None
[2024-09-28T13:00:05.033+0000] {logging_mixin.py:137} INFO - [2024-09-28T13:00:05.033+0000] {dag.py:3452} INFO - Setting next_dagrun for dataset_consumes_1_and_2 to None, run_after=None
[2024-09-28T13:00:05.034+0000] {logging_mixin.py:137} INFO - [2024-09-28T13:00:05.034+0000] {dag.py:3452} INFO - Setting next_dagrun for dataset_consumes_1_never_scheduled to None, run_after=None
[2024-09-28T13:00:05.034+0000] {logging_mixin.py:137} INFO - [2024-09-28T13:00:05.034+0000] {dag.py:3452} INFO - Setting next_dagrun for dataset_consumes_unknown_never_scheduled to None, run_after=None
[2024-09-28T13:00:05.038+0000] {logging_mixin.py:137} INFO - [2024-09-28T13:00:05.038+0000] {dag.py:3452} INFO - Setting next_dagrun for dataset_produces_1 to 2024-09-27T00:00:00+00:00, run_after=2024-09-28T00:00:00+00:00
[2024-09-28T13:00:05.039+0000] {logging_mixin.py:137} INFO - [2024-09-28T13:00:05.039+0000] {dag.py:3452} INFO - Setting next_dagrun for dataset_produces_2 to None, run_after=None
[2024-09-28T13:00:05.061+0000] {processor.py:175} INFO - Processing /usr/local/lib/python3.9/site-packages/airflow/example_dags/example_datasets.py took 0.075 seconds
[2024-09-28T13:34:48.690+0000] {processor.py:153} INFO - Started process (PID=84963) to work on /usr/local/lib/python3.9/site-packages/airflow/example_dags/example_datasets.py
[2024-09-28T13:34:48.690+0000] {processor.py:743} INFO - Processing file /usr/local/lib/python3.9/site-packages/airflow/example_dags/example_datasets.py for tasks to queue
[2024-09-28T13:34:48.690+0000] {logging_mixin.py:137} INFO - [2024-09-28T13:34:48.690+0000] {dagbag.py:532} INFO - Filling up the DagBag from /usr/local/lib/python3.9/site-packages/airflow/example_dags/example_datasets.py
[2024-09-28T13:34:48.702+0000] {processor.py:753} INFO - DAG(s) dict_keys(['dataset_consumes_1_and_2', 'dataset_consumes_1', 'dataset_produces_2', 'dataset_consumes_unknown_never_scheduled', 'dataset_consumes_1_never_scheduled', 'dataset_produces_1']) retrieved from /usr/local/lib/python3.9/site-packages/airflow/example_dags/example_datasets.py
[2024-09-28T13:34:48.728+0000] {logging_mixin.py:137} INFO - [2024-09-28T13:34:48.728+0000] {dag.py:2705} INFO - Sync 6 DAGs
[2024-09-28T13:34:48.743+0000] {logging_mixin.py:137} INFO - [2024-09-28T13:34:48.743+0000] {dag.py:3452} INFO - Setting next_dagrun for dataset_consumes_1 to None, run_after=None
[2024-09-28T13:34:48.744+0000] {logging_mixin.py:137} INFO - [2024-09-28T13:34:48.744+0000] {dag.py:3452} INFO - Setting next_dagrun for dataset_consumes_1_and_2 to None, run_after=None
[2024-09-28T13:34:48.745+0000] {logging_mixin.py:137} INFO - [2024-09-28T13:34:48.745+0000] {dag.py:3452} INFO - Setting next_dagrun for dataset_consumes_1_never_scheduled to None, run_after=None
[2024-09-28T13:34:48.745+0000] {logging_mixin.py:137} INFO - [2024-09-28T13:34:48.745+0000] {dag.py:3452} INFO - Setting next_dagrun for dataset_consumes_unknown_never_scheduled to None, run_after=None
[2024-09-28T13:34:48.747+0000] {logging_mixin.py:137} INFO - [2024-09-28T13:34:48.746+0000] {dag.py:3452} INFO - Setting next_dagrun for dataset_produces_1 to 2024-09-27T00:00:00+00:00, run_after=2024-09-28T00:00:00+00:00
[2024-09-28T13:34:48.749+0000] {logging_mixin.py:137} INFO - [2024-09-28T13:34:48.749+0000] {dag.py:3452} INFO - Setting next_dagrun for dataset_produces_2 to None, run_after=None
[2024-09-28T13:34:48.772+0000] {processor.py:175} INFO - Processing /usr/local/lib/python3.9/site-packages/airflow/example_dags/example_datasets.py took 0.084 seconds
[2024-09-28T13:35:18.799+0000] {processor.py:153} INFO - Started process (PID=85169) to work on /usr/local/lib/python3.9/site-packages/airflow/example_dags/example_datasets.py
[2024-09-28T13:35:18.801+0000] {processor.py:743} INFO - Processing file /usr/local/lib/python3.9/site-packages/airflow/example_dags/example_datasets.py for tasks to queue
[2024-09-28T13:35:18.802+0000] {logging_mixin.py:137} INFO - [2024-09-28T13:35:18.802+0000] {dagbag.py:532} INFO - Filling up the DagBag from /usr/local/lib/python3.9/site-packages/airflow/example_dags/example_datasets.py
[2024-09-28T13:35:18.812+0000] {processor.py:753} INFO - DAG(s) dict_keys(['dataset_consumes_1_never_scheduled', 'dataset_consumes_unknown_never_scheduled', 'dataset_produces_1', 'dataset_consumes_1', 'dataset_produces_2', 'dataset_consumes_1_and_2']) retrieved from /usr/local/lib/python3.9/site-packages/airflow/example_dags/example_datasets.py
[2024-09-28T13:35:18.834+0000] {logging_mixin.py:137} INFO - [2024-09-28T13:35:18.834+0000] {dag.py:2705} INFO - Sync 6 DAGs
[2024-09-28T13:35:18.845+0000] {logging_mixin.py:137} INFO - [2024-09-28T13:35:18.845+0000] {dag.py:3452} INFO - Setting next_dagrun for dataset_consumes_1 to None, run_after=None
[2024-09-28T13:35:18.846+0000] {logging_mixin.py:137} INFO - [2024-09-28T13:35:18.846+0000] {dag.py:3452} INFO - Setting next_dagrun for dataset_consumes_1_and_2 to None, run_after=None
[2024-09-28T13:35:18.847+0000] {logging_mixin.py:137} INFO - [2024-09-28T13:35:18.847+0000] {dag.py:3452} INFO - Setting next_dagrun for dataset_consumes_1_never_scheduled to None, run_after=None
[2024-09-28T13:35:18.847+0000] {logging_mixin.py:137} INFO - [2024-09-28T13:35:18.847+0000] {dag.py:3452} INFO - Setting next_dagrun for dataset_consumes_unknown_never_scheduled to None, run_after=None
[2024-09-28T13:35:18.849+0000] {logging_mixin.py:137} INFO - [2024-09-28T13:35:18.849+0000] {dag.py:3452} INFO - Setting next_dagrun for dataset_produces_1 to 2024-09-27T00:00:00+00:00, run_after=2024-09-28T00:00:00+00:00
[2024-09-28T13:35:18.849+0000] {logging_mixin.py:137} INFO - [2024-09-28T13:35:18.849+0000] {dag.py:3452} INFO - Setting next_dagrun for dataset_produces_2 to None, run_after=None
[2024-09-28T13:35:18.861+0000] {processor.py:175} INFO - Processing /usr/local/lib/python3.9/site-packages/airflow/example_dags/example_datasets.py took 0.073 seconds
[2024-09-28T13:43:14.110+0000] {processor.py:153} INFO - Started process (PID=85384) to work on /usr/local/lib/python3.9/site-packages/airflow/example_dags/example_datasets.py
[2024-09-28T13:43:14.118+0000] {processor.py:743} INFO - Processing file /usr/local/lib/python3.9/site-packages/airflow/example_dags/example_datasets.py for tasks to queue
[2024-09-28T13:43:14.118+0000] {logging_mixin.py:137} INFO - [2024-09-28T13:43:14.118+0000] {dagbag.py:532} INFO - Filling up the DagBag from /usr/local/lib/python3.9/site-packages/airflow/example_dags/example_datasets.py
[2024-09-28T13:43:14.126+0000] {processor.py:753} INFO - DAG(s) dict_keys(['dataset_consumes_1_and_2', 'dataset_consumes_1_never_scheduled', 'dataset_produces_2', 'dataset_produces_1', 'dataset_consumes_unknown_never_scheduled', 'dataset_consumes_1']) retrieved from /usr/local/lib/python3.9/site-packages/airflow/example_dags/example_datasets.py
[2024-09-28T13:43:14.144+0000] {logging_mixin.py:137} INFO - [2024-09-28T13:43:14.144+0000] {dag.py:2705} INFO - Sync 6 DAGs
[2024-09-28T13:43:14.156+0000] {logging_mixin.py:137} INFO - [2024-09-28T13:43:14.156+0000] {dag.py:3452} INFO - Setting next_dagrun for dataset_consumes_1 to None, run_after=None
[2024-09-28T13:43:14.158+0000] {logging_mixin.py:137} INFO - [2024-09-28T13:43:14.158+0000] {dag.py:3452} INFO - Setting next_dagrun for dataset_consumes_1_and_2 to None, run_after=None
[2024-09-28T13:43:14.159+0000] {logging_mixin.py:137} INFO - [2024-09-28T13:43:14.159+0000] {dag.py:3452} INFO - Setting next_dagrun for dataset_consumes_1_never_scheduled to None, run_after=None
[2024-09-28T13:43:14.159+0000] {logging_mixin.py:137} INFO - [2024-09-28T13:43:14.159+0000] {dag.py:3452} INFO - Setting next_dagrun for dataset_consumes_unknown_never_scheduled to None, run_after=None
[2024-09-28T13:43:14.160+0000] {logging_mixin.py:137} INFO - [2024-09-28T13:43:14.160+0000] {dag.py:3452} INFO - Setting next_dagrun for dataset_produces_1 to 2024-09-27T00:00:00+00:00, run_after=2024-09-28T00:00:00+00:00
[2024-09-28T13:43:14.161+0000] {logging_mixin.py:137} INFO - [2024-09-28T13:43:14.161+0000] {dag.py:3452} INFO - Setting next_dagrun for dataset_produces_2 to None, run_after=None
[2024-09-28T13:43:14.191+0000] {processor.py:175} INFO - Processing /usr/local/lib/python3.9/site-packages/airflow/example_dags/example_datasets.py took 0.082 seconds
