[2024-09-28T00:33:02.242+0000] {processor.py:153} INFO - Started process (PID=82551) to work on /usr/local/lib/python3.9/site-packages/airflow/example_dags/example_trigger_target_dag.py
[2024-09-28T00:33:02.243+0000] {processor.py:743} INFO - Processing file /usr/local/lib/python3.9/site-packages/airflow/example_dags/example_trigger_target_dag.py for tasks to queue
[2024-09-28T00:33:02.243+0000] {logging_mixin.py:137} INFO - [2024-09-28T00:33:02.243+0000] {dagbag.py:532} INFO - Filling up the DagBag from /usr/local/lib/python3.9/site-packages/airflow/example_dags/example_trigger_target_dag.py
[2024-09-28T00:33:02.254+0000] {processor.py:753} INFO - DAG(s) dict_keys(['example_trigger_target_dag']) retrieved from /usr/local/lib/python3.9/site-packages/airflow/example_dags/example_trigger_target_dag.py
[2024-09-28T00:33:02.265+0000] {logging_mixin.py:137} INFO - [2024-09-28T00:33:02.265+0000] {dag.py:2705} INFO - Sync 1 DAGs
[2024-09-28T00:33:02.281+0000] {logging_mixin.py:137} INFO - [2024-09-28T00:33:02.281+0000] {dag.py:3452} INFO - Setting next_dagrun for example_trigger_target_dag to None, run_after=None
[2024-09-28T00:33:02.289+0000] {processor.py:175} INFO - Processing /usr/local/lib/python3.9/site-packages/airflow/example_dags/example_trigger_target_dag.py took 0.048 seconds
[2024-09-28T01:50:04.702+0000] {processor.py:153} INFO - Started process (PID=82762) to work on /usr/local/lib/python3.9/site-packages/airflow/example_dags/example_trigger_target_dag.py
[2024-09-28T01:50:04.704+0000] {processor.py:743} INFO - Processing file /usr/local/lib/python3.9/site-packages/airflow/example_dags/example_trigger_target_dag.py for tasks to queue
[2024-09-28T01:50:04.706+0000] {logging_mixin.py:137} INFO - [2024-09-28T01:50:04.706+0000] {dagbag.py:532} INFO - Filling up the DagBag from /usr/local/lib/python3.9/site-packages/airflow/example_dags/example_trigger_target_dag.py
[2024-09-28T01:50:04.724+0000] {processor.py:753} INFO - DAG(s) dict_keys(['example_trigger_target_dag']) retrieved from /usr/local/lib/python3.9/site-packages/airflow/example_dags/example_trigger_target_dag.py
[2024-09-28T01:50:04.738+0000] {logging_mixin.py:137} INFO - [2024-09-28T01:50:04.738+0000] {dag.py:2705} INFO - Sync 1 DAGs
[2024-09-28T01:50:04.762+0000] {logging_mixin.py:137} INFO - [2024-09-28T01:50:04.761+0000] {dag.py:3452} INFO - Setting next_dagrun for example_trigger_target_dag to None, run_after=None
[2024-09-28T01:50:04.771+0000] {processor.py:175} INFO - Processing /usr/local/lib/python3.9/site-packages/airflow/example_dags/example_trigger_target_dag.py took 0.073 seconds
[2024-09-28T03:19:35.814+0000] {processor.py:153} INFO - Started process (PID=82973) to work on /usr/local/lib/python3.9/site-packages/airflow/example_dags/example_trigger_target_dag.py
[2024-09-28T03:19:35.815+0000] {processor.py:743} INFO - Processing file /usr/local/lib/python3.9/site-packages/airflow/example_dags/example_trigger_target_dag.py for tasks to queue
[2024-09-28T03:19:35.816+0000] {logging_mixin.py:137} INFO - [2024-09-28T03:19:35.816+0000] {dagbag.py:532} INFO - Filling up the DagBag from /usr/local/lib/python3.9/site-packages/airflow/example_dags/example_trigger_target_dag.py
[2024-09-28T03:19:35.826+0000] {processor.py:753} INFO - DAG(s) dict_keys(['example_trigger_target_dag']) retrieved from /usr/local/lib/python3.9/site-packages/airflow/example_dags/example_trigger_target_dag.py
[2024-09-28T03:19:35.838+0000] {logging_mixin.py:137} INFO - [2024-09-28T03:19:35.837+0000] {dag.py:2705} INFO - Sync 1 DAGs
[2024-09-28T03:19:35.852+0000] {logging_mixin.py:137} INFO - [2024-09-28T03:19:35.852+0000] {dag.py:3452} INFO - Setting next_dagrun for example_trigger_target_dag to None, run_after=None
[2024-09-28T03:19:35.859+0000] {processor.py:175} INFO - Processing /usr/local/lib/python3.9/site-packages/airflow/example_dags/example_trigger_target_dag.py took 0.049 seconds
[2024-09-28T04:20:42.780+0000] {processor.py:153} INFO - Started process (PID=83184) to work on /usr/local/lib/python3.9/site-packages/airflow/example_dags/example_trigger_target_dag.py
[2024-09-28T04:20:42.780+0000] {processor.py:743} INFO - Processing file /usr/local/lib/python3.9/site-packages/airflow/example_dags/example_trigger_target_dag.py for tasks to queue
[2024-09-28T04:20:42.780+0000] {logging_mixin.py:137} INFO - [2024-09-28T04:20:42.780+0000] {dagbag.py:532} INFO - Filling up the DagBag from /usr/local/lib/python3.9/site-packages/airflow/example_dags/example_trigger_target_dag.py
[2024-09-28T04:20:42.798+0000] {processor.py:753} INFO - DAG(s) dict_keys(['example_trigger_target_dag']) retrieved from /usr/local/lib/python3.9/site-packages/airflow/example_dags/example_trigger_target_dag.py
[2024-09-28T04:20:42.811+0000] {logging_mixin.py:137} INFO - [2024-09-28T04:20:42.811+0000] {dag.py:2705} INFO - Sync 1 DAGs
[2024-09-28T04:20:42.823+0000] {logging_mixin.py:137} INFO - [2024-09-28T04:20:42.823+0000] {dag.py:3452} INFO - Setting next_dagrun for example_trigger_target_dag to None, run_after=None
[2024-09-28T04:20:42.830+0000] {processor.py:175} INFO - Processing /usr/local/lib/python3.9/site-packages/airflow/example_dags/example_trigger_target_dag.py took 0.052 seconds
[2024-09-28T05:59:38.875+0000] {processor.py:153} INFO - Started process (PID=83396) to work on /usr/local/lib/python3.9/site-packages/airflow/example_dags/example_trigger_target_dag.py
[2024-09-28T05:59:38.875+0000] {processor.py:743} INFO - Processing file /usr/local/lib/python3.9/site-packages/airflow/example_dags/example_trigger_target_dag.py for tasks to queue
[2024-09-28T05:59:38.876+0000] {logging_mixin.py:137} INFO - [2024-09-28T05:59:38.875+0000] {dagbag.py:532} INFO - Filling up the DagBag from /usr/local/lib/python3.9/site-packages/airflow/example_dags/example_trigger_target_dag.py
[2024-09-28T05:59:38.888+0000] {processor.py:753} INFO - DAG(s) dict_keys(['example_trigger_target_dag']) retrieved from /usr/local/lib/python3.9/site-packages/airflow/example_dags/example_trigger_target_dag.py
[2024-09-28T05:59:38.899+0000] {logging_mixin.py:137} INFO - [2024-09-28T05:59:38.898+0000] {dag.py:2705} INFO - Sync 1 DAGs
[2024-09-28T05:59:38.908+0000] {logging_mixin.py:137} INFO - [2024-09-28T05:59:38.908+0000] {dag.py:3452} INFO - Setting next_dagrun for example_trigger_target_dag to None, run_after=None
[2024-09-28T05:59:38.916+0000] {processor.py:175} INFO - Processing /usr/local/lib/python3.9/site-packages/airflow/example_dags/example_trigger_target_dag.py took 0.043 seconds
[2024-09-28T07:11:50.397+0000] {processor.py:153} INFO - Started process (PID=83607) to work on /usr/local/lib/python3.9/site-packages/airflow/example_dags/example_trigger_target_dag.py
[2024-09-28T07:11:50.397+0000] {processor.py:743} INFO - Processing file /usr/local/lib/python3.9/site-packages/airflow/example_dags/example_trigger_target_dag.py for tasks to queue
[2024-09-28T07:11:50.398+0000] {logging_mixin.py:137} INFO - [2024-09-28T07:11:50.398+0000] {dagbag.py:532} INFO - Filling up the DagBag from /usr/local/lib/python3.9/site-packages/airflow/example_dags/example_trigger_target_dag.py
[2024-09-28T07:11:50.408+0000] {processor.py:753} INFO - DAG(s) dict_keys(['example_trigger_target_dag']) retrieved from /usr/local/lib/python3.9/site-packages/airflow/example_dags/example_trigger_target_dag.py
[2024-09-28T07:11:50.419+0000] {logging_mixin.py:137} INFO - [2024-09-28T07:11:50.419+0000] {dag.py:2705} INFO - Sync 1 DAGs
[2024-09-28T07:11:50.429+0000] {logging_mixin.py:137} INFO - [2024-09-28T07:11:50.429+0000] {dag.py:3452} INFO - Setting next_dagrun for example_trigger_target_dag to None, run_after=None
[2024-09-28T07:11:50.435+0000] {processor.py:175} INFO - Processing /usr/local/lib/python3.9/site-packages/airflow/example_dags/example_trigger_target_dag.py took 0.040 seconds
[2024-09-28T08:16:48.260+0000] {processor.py:153} INFO - Started process (PID=83818) to work on /usr/local/lib/python3.9/site-packages/airflow/example_dags/example_trigger_target_dag.py
[2024-09-28T08:16:48.261+0000] {processor.py:743} INFO - Processing file /usr/local/lib/python3.9/site-packages/airflow/example_dags/example_trigger_target_dag.py for tasks to queue
[2024-09-28T08:16:48.261+0000] {logging_mixin.py:137} INFO - [2024-09-28T08:16:48.261+0000] {dagbag.py:532} INFO - Filling up the DagBag from /usr/local/lib/python3.9/site-packages/airflow/example_dags/example_trigger_target_dag.py
[2024-09-28T08:16:48.274+0000] {processor.py:753} INFO - DAG(s) dict_keys(['example_trigger_target_dag']) retrieved from /usr/local/lib/python3.9/site-packages/airflow/example_dags/example_trigger_target_dag.py
[2024-09-28T08:16:48.289+0000] {logging_mixin.py:137} INFO - [2024-09-28T08:16:48.289+0000] {dag.py:2705} INFO - Sync 1 DAGs
[2024-09-28T08:16:48.300+0000] {logging_mixin.py:137} INFO - [2024-09-28T08:16:48.300+0000] {dag.py:3452} INFO - Setting next_dagrun for example_trigger_target_dag to None, run_after=None
[2024-09-28T08:16:48.307+0000] {processor.py:175} INFO - Processing /usr/local/lib/python3.9/site-packages/airflow/example_dags/example_trigger_target_dag.py took 0.052 seconds
[2024-09-28T09:53:29.044+0000] {processor.py:153} INFO - Started process (PID=84029) to work on /usr/local/lib/python3.9/site-packages/airflow/example_dags/example_trigger_target_dag.py
[2024-09-28T09:53:29.045+0000] {processor.py:743} INFO - Processing file /usr/local/lib/python3.9/site-packages/airflow/example_dags/example_trigger_target_dag.py for tasks to queue
[2024-09-28T09:53:29.045+0000] {logging_mixin.py:137} INFO - [2024-09-28T09:53:29.045+0000] {dagbag.py:532} INFO - Filling up the DagBag from /usr/local/lib/python3.9/site-packages/airflow/example_dags/example_trigger_target_dag.py
[2024-09-28T09:53:29.057+0000] {processor.py:753} INFO - DAG(s) dict_keys(['example_trigger_target_dag']) retrieved from /usr/local/lib/python3.9/site-packages/airflow/example_dags/example_trigger_target_dag.py
[2024-09-28T09:53:29.070+0000] {logging_mixin.py:137} INFO - [2024-09-28T09:53:29.070+0000] {dag.py:2705} INFO - Sync 1 DAGs
[2024-09-28T09:53:29.081+0000] {logging_mixin.py:137} INFO - [2024-09-28T09:53:29.081+0000] {dag.py:3452} INFO - Setting next_dagrun for example_trigger_target_dag to None, run_after=None
[2024-09-28T09:53:29.088+0000] {processor.py:175} INFO - Processing /usr/local/lib/python3.9/site-packages/airflow/example_dags/example_trigger_target_dag.py took 0.045 seconds
[2024-09-28T11:08:26.414+0000] {processor.py:153} INFO - Started process (PID=84240) to work on /usr/local/lib/python3.9/site-packages/airflow/example_dags/example_trigger_target_dag.py
[2024-09-28T11:08:26.415+0000] {processor.py:743} INFO - Processing file /usr/local/lib/python3.9/site-packages/airflow/example_dags/example_trigger_target_dag.py for tasks to queue
[2024-09-28T11:08:26.415+0000] {logging_mixin.py:137} INFO - [2024-09-28T11:08:26.415+0000] {dagbag.py:532} INFO - Filling up the DagBag from /usr/local/lib/python3.9/site-packages/airflow/example_dags/example_trigger_target_dag.py
[2024-09-28T11:08:26.427+0000] {processor.py:753} INFO - DAG(s) dict_keys(['example_trigger_target_dag']) retrieved from /usr/local/lib/python3.9/site-packages/airflow/example_dags/example_trigger_target_dag.py
[2024-09-28T11:08:26.440+0000] {logging_mixin.py:137} INFO - [2024-09-28T11:08:26.440+0000] {dag.py:2705} INFO - Sync 1 DAGs
[2024-09-28T11:08:26.450+0000] {logging_mixin.py:137} INFO - [2024-09-28T11:08:26.450+0000] {dag.py:3452} INFO - Setting next_dagrun for example_trigger_target_dag to None, run_after=None
[2024-09-28T11:08:26.457+0000] {processor.py:175} INFO - Processing /usr/local/lib/python3.9/site-packages/airflow/example_dags/example_trigger_target_dag.py took 0.045 seconds
[2024-09-28T12:19:38.360+0000] {processor.py:153} INFO - Started process (PID=84451) to work on /usr/local/lib/python3.9/site-packages/airflow/example_dags/example_trigger_target_dag.py
[2024-09-28T12:19:38.361+0000] {processor.py:743} INFO - Processing file /usr/local/lib/python3.9/site-packages/airflow/example_dags/example_trigger_target_dag.py for tasks to queue
[2024-09-28T12:19:38.361+0000] {logging_mixin.py:137} INFO - [2024-09-28T12:19:38.361+0000] {dagbag.py:532} INFO - Filling up the DagBag from /usr/local/lib/python3.9/site-packages/airflow/example_dags/example_trigger_target_dag.py
[2024-09-28T12:19:38.372+0000] {processor.py:753} INFO - DAG(s) dict_keys(['example_trigger_target_dag']) retrieved from /usr/local/lib/python3.9/site-packages/airflow/example_dags/example_trigger_target_dag.py
[2024-09-28T12:19:38.383+0000] {logging_mixin.py:137} INFO - [2024-09-28T12:19:38.383+0000] {dag.py:2705} INFO - Sync 1 DAGs
[2024-09-28T12:19:38.392+0000] {logging_mixin.py:137} INFO - [2024-09-28T12:19:38.392+0000] {dag.py:3452} INFO - Setting next_dagrun for example_trigger_target_dag to None, run_after=None
[2024-09-28T12:19:38.399+0000] {processor.py:175} INFO - Processing /usr/local/lib/python3.9/site-packages/airflow/example_dags/example_trigger_target_dag.py took 0.041 seconds
[2024-09-28T13:00:04.356+0000] {processor.py:153} INFO - Started process (PID=84662) to work on /usr/local/lib/python3.9/site-packages/airflow/example_dags/example_trigger_target_dag.py
[2024-09-28T13:00:04.357+0000] {processor.py:743} INFO - Processing file /usr/local/lib/python3.9/site-packages/airflow/example_dags/example_trigger_target_dag.py for tasks to queue
[2024-09-28T13:00:04.357+0000] {logging_mixin.py:137} INFO - [2024-09-28T13:00:04.357+0000] {dagbag.py:532} INFO - Filling up the DagBag from /usr/local/lib/python3.9/site-packages/airflow/example_dags/example_trigger_target_dag.py
[2024-09-28T13:00:04.367+0000] {processor.py:753} INFO - DAG(s) dict_keys(['example_trigger_target_dag']) retrieved from /usr/local/lib/python3.9/site-packages/airflow/example_dags/example_trigger_target_dag.py
[2024-09-28T13:00:04.377+0000] {logging_mixin.py:137} INFO - [2024-09-28T13:00:04.377+0000] {dag.py:2705} INFO - Sync 1 DAGs
[2024-09-28T13:00:04.387+0000] {logging_mixin.py:137} INFO - [2024-09-28T13:00:04.387+0000] {dag.py:3452} INFO - Setting next_dagrun for example_trigger_target_dag to None, run_after=None
[2024-09-28T13:00:04.394+0000] {processor.py:175} INFO - Processing /usr/local/lib/python3.9/site-packages/airflow/example_dags/example_trigger_target_dag.py took 0.040 seconds
[2024-09-28T13:34:47.149+0000] {processor.py:153} INFO - Started process (PID=84873) to work on /usr/local/lib/python3.9/site-packages/airflow/example_dags/example_trigger_target_dag.py
[2024-09-28T13:34:47.149+0000] {processor.py:743} INFO - Processing file /usr/local/lib/python3.9/site-packages/airflow/example_dags/example_trigger_target_dag.py for tasks to queue
[2024-09-28T13:34:47.150+0000] {logging_mixin.py:137} INFO - [2024-09-28T13:34:47.150+0000] {dagbag.py:532} INFO - Filling up the DagBag from /usr/local/lib/python3.9/site-packages/airflow/example_dags/example_trigger_target_dag.py
[2024-09-28T13:34:47.163+0000] {processor.py:753} INFO - DAG(s) dict_keys(['example_trigger_target_dag']) retrieved from /usr/local/lib/python3.9/site-packages/airflow/example_dags/example_trigger_target_dag.py
[2024-09-28T13:34:47.181+0000] {logging_mixin.py:137} INFO - [2024-09-28T13:34:47.181+0000] {dag.py:2705} INFO - Sync 1 DAGs
[2024-09-28T13:34:47.193+0000] {logging_mixin.py:137} INFO - [2024-09-28T13:34:47.193+0000] {dag.py:3452} INFO - Setting next_dagrun for example_trigger_target_dag to None, run_after=None
[2024-09-28T13:34:47.201+0000] {processor.py:175} INFO - Processing /usr/local/lib/python3.9/site-packages/airflow/example_dags/example_trigger_target_dag.py took 0.055 seconds
[2024-09-28T13:35:18.170+0000] {processor.py:153} INFO - Started process (PID=85084) to work on /usr/local/lib/python3.9/site-packages/airflow/example_dags/example_trigger_target_dag.py
[2024-09-28T13:35:18.171+0000] {processor.py:743} INFO - Processing file /usr/local/lib/python3.9/site-packages/airflow/example_dags/example_trigger_target_dag.py for tasks to queue
[2024-09-28T13:35:18.171+0000] {logging_mixin.py:137} INFO - [2024-09-28T13:35:18.171+0000] {dagbag.py:532} INFO - Filling up the DagBag from /usr/local/lib/python3.9/site-packages/airflow/example_dags/example_trigger_target_dag.py
[2024-09-28T13:35:18.182+0000] {processor.py:753} INFO - DAG(s) dict_keys(['example_trigger_target_dag']) retrieved from /usr/local/lib/python3.9/site-packages/airflow/example_dags/example_trigger_target_dag.py
[2024-09-28T13:35:18.193+0000] {logging_mixin.py:137} INFO - [2024-09-28T13:35:18.193+0000] {dag.py:2705} INFO - Sync 1 DAGs
[2024-09-28T13:35:18.202+0000] {logging_mixin.py:137} INFO - [2024-09-28T13:35:18.202+0000] {dag.py:3452} INFO - Setting next_dagrun for example_trigger_target_dag to None, run_after=None
[2024-09-28T13:35:18.211+0000] {processor.py:175} INFO - Processing /usr/local/lib/python3.9/site-packages/airflow/example_dags/example_trigger_target_dag.py took 0.042 seconds
[2024-09-28T13:43:13.381+0000] {processor.py:153} INFO - Started process (PID=85295) to work on /usr/local/lib/python3.9/site-packages/airflow/example_dags/example_trigger_target_dag.py
[2024-09-28T13:43:13.382+0000] {processor.py:743} INFO - Processing file /usr/local/lib/python3.9/site-packages/airflow/example_dags/example_trigger_target_dag.py for tasks to queue
[2024-09-28T13:43:13.382+0000] {logging_mixin.py:137} INFO - [2024-09-28T13:43:13.382+0000] {dagbag.py:532} INFO - Filling up the DagBag from /usr/local/lib/python3.9/site-packages/airflow/example_dags/example_trigger_target_dag.py
[2024-09-28T13:43:13.393+0000] {processor.py:753} INFO - DAG(s) dict_keys(['example_trigger_target_dag']) retrieved from /usr/local/lib/python3.9/site-packages/airflow/example_dags/example_trigger_target_dag.py
[2024-09-28T13:43:13.404+0000] {logging_mixin.py:137} INFO - [2024-09-28T13:43:13.404+0000] {dag.py:2705} INFO - Sync 1 DAGs
[2024-09-28T13:43:13.415+0000] {logging_mixin.py:137} INFO - [2024-09-28T13:43:13.415+0000] {dag.py:3452} INFO - Setting next_dagrun for example_trigger_target_dag to None, run_after=None
[2024-09-28T13:43:13.423+0000] {processor.py:175} INFO - Processing /usr/local/lib/python3.9/site-packages/airflow/example_dags/example_trigger_target_dag.py took 0.043 seconds
