[2024-09-28T00:33:04.281+0000] {processor.py:153} INFO - Started process (PID=82681) to work on /usr/local/lib/python3.9/site-packages/airflow/example_dags/example_kubernetes_executor.py
[2024-09-28T00:33:04.282+0000] {processor.py:743} INFO - Processing file /usr/local/lib/python3.9/site-packages/airflow/example_dags/example_kubernetes_executor.py for tasks to queue
[2024-09-28T00:33:04.285+0000] {logging_mixin.py:137} INFO - [2024-09-28T00:33:04.285+0000] {dagbag.py:532} INFO - Filling up the DagBag from /usr/local/lib/python3.9/site-packages/airflow/example_dags/example_kubernetes_executor.py
[2024-09-28T00:33:04.296+0000] {logging_mixin.py:137} INFO - [2024-09-28T00:33:04.296+0000] {example_kubernetes_executor.py:41} WARNING - The example_kubernetes_executor example DAG requires the kubernetes provider. Please install it with: pip install apache-airflow[cncf.kubernetes]
[2024-09-28T00:33:04.296+0000] {processor.py:755} WARNING - No viable dags retrieved from /usr/local/lib/python3.9/site-packages/airflow/example_dags/example_kubernetes_executor.py
[2024-09-28T00:33:04.308+0000] {processor.py:175} INFO - Processing /usr/local/lib/python3.9/site-packages/airflow/example_dags/example_kubernetes_executor.py took 0.029 seconds
[2024-09-28T01:50:05.903+0000] {processor.py:153} INFO - Started process (PID=82894) to work on /usr/local/lib/python3.9/site-packages/airflow/example_dags/example_kubernetes_executor.py
[2024-09-28T01:50:05.903+0000] {processor.py:743} INFO - Processing file /usr/local/lib/python3.9/site-packages/airflow/example_dags/example_kubernetes_executor.py for tasks to queue
[2024-09-28T01:50:05.903+0000] {logging_mixin.py:137} INFO - [2024-09-28T01:50:05.903+0000] {dagbag.py:532} INFO - Filling up the DagBag from /usr/local/lib/python3.9/site-packages/airflow/example_dags/example_kubernetes_executor.py
[2024-09-28T01:50:05.911+0000] {logging_mixin.py:137} INFO - [2024-09-28T01:50:05.911+0000] {example_kubernetes_executor.py:41} WARNING - The example_kubernetes_executor example DAG requires the kubernetes provider. Please install it with: pip install apache-airflow[cncf.kubernetes]
[2024-09-28T01:50:05.911+0000] {processor.py:755} WARNING - No viable dags retrieved from /usr/local/lib/python3.9/site-packages/airflow/example_dags/example_kubernetes_executor.py
[2024-09-28T01:50:05.916+0000] {processor.py:175} INFO - Processing /usr/local/lib/python3.9/site-packages/airflow/example_dags/example_kubernetes_executor.py took 0.015 seconds
[2024-09-28T03:19:36.734+0000] {processor.py:153} INFO - Started process (PID=83103) to work on /usr/local/lib/python3.9/site-packages/airflow/example_dags/example_kubernetes_executor.py
[2024-09-28T03:19:36.735+0000] {processor.py:743} INFO - Processing file /usr/local/lib/python3.9/site-packages/airflow/example_dags/example_kubernetes_executor.py for tasks to queue
[2024-09-28T03:19:36.736+0000] {logging_mixin.py:137} INFO - [2024-09-28T03:19:36.736+0000] {dagbag.py:532} INFO - Filling up the DagBag from /usr/local/lib/python3.9/site-packages/airflow/example_dags/example_kubernetes_executor.py
[2024-09-28T03:19:36.744+0000] {logging_mixin.py:137} INFO - [2024-09-28T03:19:36.744+0000] {example_kubernetes_executor.py:41} WARNING - The example_kubernetes_executor example DAG requires the kubernetes provider. Please install it with: pip install apache-airflow[cncf.kubernetes]
[2024-09-28T03:19:36.744+0000] {processor.py:755} WARNING - No viable dags retrieved from /usr/local/lib/python3.9/site-packages/airflow/example_dags/example_kubernetes_executor.py
[2024-09-28T03:19:36.749+0000] {processor.py:175} INFO - Processing /usr/local/lib/python3.9/site-packages/airflow/example_dags/example_kubernetes_executor.py took 0.017 seconds
[2024-09-28T04:20:43.878+0000] {processor.py:153} INFO - Started process (PID=83316) to work on /usr/local/lib/python3.9/site-packages/airflow/example_dags/example_kubernetes_executor.py
[2024-09-28T04:20:43.879+0000] {processor.py:743} INFO - Processing file /usr/local/lib/python3.9/site-packages/airflow/example_dags/example_kubernetes_executor.py for tasks to queue
[2024-09-28T04:20:43.879+0000] {logging_mixin.py:137} INFO - [2024-09-28T04:20:43.879+0000] {dagbag.py:532} INFO - Filling up the DagBag from /usr/local/lib/python3.9/site-packages/airflow/example_dags/example_kubernetes_executor.py
[2024-09-28T04:20:43.885+0000] {logging_mixin.py:137} INFO - [2024-09-28T04:20:43.885+0000] {example_kubernetes_executor.py:41} WARNING - The example_kubernetes_executor example DAG requires the kubernetes provider. Please install it with: pip install apache-airflow[cncf.kubernetes]
[2024-09-28T04:20:43.885+0000] {processor.py:755} WARNING - No viable dags retrieved from /usr/local/lib/python3.9/site-packages/airflow/example_dags/example_kubernetes_executor.py
[2024-09-28T04:20:43.890+0000] {processor.py:175} INFO - Processing /usr/local/lib/python3.9/site-packages/airflow/example_dags/example_kubernetes_executor.py took 0.013 seconds
[2024-09-28T05:59:39.775+0000] {processor.py:153} INFO - Started process (PID=83528) to work on /usr/local/lib/python3.9/site-packages/airflow/example_dags/example_kubernetes_executor.py
[2024-09-28T05:59:39.775+0000] {processor.py:743} INFO - Processing file /usr/local/lib/python3.9/site-packages/airflow/example_dags/example_kubernetes_executor.py for tasks to queue
[2024-09-28T05:59:39.776+0000] {logging_mixin.py:137} INFO - [2024-09-28T05:59:39.776+0000] {dagbag.py:532} INFO - Filling up the DagBag from /usr/local/lib/python3.9/site-packages/airflow/example_dags/example_kubernetes_executor.py
[2024-09-28T05:59:39.783+0000] {logging_mixin.py:137} INFO - [2024-09-28T05:59:39.783+0000] {example_kubernetes_executor.py:41} WARNING - The example_kubernetes_executor example DAG requires the kubernetes provider. Please install it with: pip install apache-airflow[cncf.kubernetes]
[2024-09-28T05:59:39.783+0000] {processor.py:755} WARNING - No viable dags retrieved from /usr/local/lib/python3.9/site-packages/airflow/example_dags/example_kubernetes_executor.py
[2024-09-28T05:59:39.788+0000] {processor.py:175} INFO - Processing /usr/local/lib/python3.9/site-packages/airflow/example_dags/example_kubernetes_executor.py took 0.015 seconds
[2024-09-28T07:11:51.238+0000] {processor.py:153} INFO - Started process (PID=83737) to work on /usr/local/lib/python3.9/site-packages/airflow/example_dags/example_kubernetes_executor.py
[2024-09-28T07:11:51.239+0000] {processor.py:743} INFO - Processing file /usr/local/lib/python3.9/site-packages/airflow/example_dags/example_kubernetes_executor.py for tasks to queue
[2024-09-28T07:11:51.240+0000] {logging_mixin.py:137} INFO - [2024-09-28T07:11:51.240+0000] {dagbag.py:532} INFO - Filling up the DagBag from /usr/local/lib/python3.9/site-packages/airflow/example_dags/example_kubernetes_executor.py
[2024-09-28T07:11:51.248+0000] {logging_mixin.py:137} INFO - [2024-09-28T07:11:51.248+0000] {example_kubernetes_executor.py:41} WARNING - The example_kubernetes_executor example DAG requires the kubernetes provider. Please install it with: pip install apache-airflow[cncf.kubernetes]
[2024-09-28T07:11:51.248+0000] {processor.py:755} WARNING - No viable dags retrieved from /usr/local/lib/python3.9/site-packages/airflow/example_dags/example_kubernetes_executor.py
[2024-09-28T07:11:51.254+0000] {processor.py:175} INFO - Processing /usr/local/lib/python3.9/site-packages/airflow/example_dags/example_kubernetes_executor.py took 0.018 seconds
[2024-09-28T08:16:49.129+0000] {processor.py:153} INFO - Started process (PID=83948) to work on /usr/local/lib/python3.9/site-packages/airflow/example_dags/example_kubernetes_executor.py
[2024-09-28T08:16:49.131+0000] {processor.py:743} INFO - Processing file /usr/local/lib/python3.9/site-packages/airflow/example_dags/example_kubernetes_executor.py for tasks to queue
[2024-09-28T08:16:49.132+0000] {logging_mixin.py:137} INFO - [2024-09-28T08:16:49.132+0000] {dagbag.py:532} INFO - Filling up the DagBag from /usr/local/lib/python3.9/site-packages/airflow/example_dags/example_kubernetes_executor.py
[2024-09-28T08:16:49.140+0000] {logging_mixin.py:137} INFO - [2024-09-28T08:16:49.140+0000] {example_kubernetes_executor.py:41} WARNING - The example_kubernetes_executor example DAG requires the kubernetes provider. Please install it with: pip install apache-airflow[cncf.kubernetes]
[2024-09-28T08:16:49.140+0000] {processor.py:755} WARNING - No viable dags retrieved from /usr/local/lib/python3.9/site-packages/airflow/example_dags/example_kubernetes_executor.py
[2024-09-28T08:16:49.147+0000] {processor.py:175} INFO - Processing /usr/local/lib/python3.9/site-packages/airflow/example_dags/example_kubernetes_executor.py took 0.019 seconds
[2024-09-28T09:53:30.007+0000] {processor.py:153} INFO - Started process (PID=84159) to work on /usr/local/lib/python3.9/site-packages/airflow/example_dags/example_kubernetes_executor.py
[2024-09-28T09:53:30.008+0000] {processor.py:743} INFO - Processing file /usr/local/lib/python3.9/site-packages/airflow/example_dags/example_kubernetes_executor.py for tasks to queue
[2024-09-28T09:53:30.008+0000] {logging_mixin.py:137} INFO - [2024-09-28T09:53:30.008+0000] {dagbag.py:532} INFO - Filling up the DagBag from /usr/local/lib/python3.9/site-packages/airflow/example_dags/example_kubernetes_executor.py
[2024-09-28T09:53:30.016+0000] {logging_mixin.py:137} INFO - [2024-09-28T09:53:30.016+0000] {example_kubernetes_executor.py:41} WARNING - The example_kubernetes_executor example DAG requires the kubernetes provider. Please install it with: pip install apache-airflow[cncf.kubernetes]
[2024-09-28T09:53:30.018+0000] {processor.py:755} WARNING - No viable dags retrieved from /usr/local/lib/python3.9/site-packages/airflow/example_dags/example_kubernetes_executor.py
[2024-09-28T09:53:30.030+0000] {processor.py:175} INFO - Processing /usr/local/lib/python3.9/site-packages/airflow/example_dags/example_kubernetes_executor.py took 0.026 seconds
[2024-09-28T11:08:27.312+0000] {processor.py:153} INFO - Started process (PID=84370) to work on /usr/local/lib/python3.9/site-packages/airflow/example_dags/example_kubernetes_executor.py
[2024-09-28T11:08:27.313+0000] {processor.py:743} INFO - Processing file /usr/local/lib/python3.9/site-packages/airflow/example_dags/example_kubernetes_executor.py for tasks to queue
[2024-09-28T11:08:27.313+0000] {logging_mixin.py:137} INFO - [2024-09-28T11:08:27.313+0000] {dagbag.py:532} INFO - Filling up the DagBag from /usr/local/lib/python3.9/site-packages/airflow/example_dags/example_kubernetes_executor.py
[2024-09-28T11:08:27.322+0000] {logging_mixin.py:137} INFO - [2024-09-28T11:08:27.322+0000] {example_kubernetes_executor.py:41} WARNING - The example_kubernetes_executor example DAG requires the kubernetes provider. Please install it with: pip install apache-airflow[cncf.kubernetes]
[2024-09-28T11:08:27.322+0000] {processor.py:755} WARNING - No viable dags retrieved from /usr/local/lib/python3.9/site-packages/airflow/example_dags/example_kubernetes_executor.py
[2024-09-28T11:08:27.328+0000] {processor.py:175} INFO - Processing /usr/local/lib/python3.9/site-packages/airflow/example_dags/example_kubernetes_executor.py took 0.017 seconds
[2024-09-28T12:19:39.204+0000] {processor.py:153} INFO - Started process (PID=84583) to work on /usr/local/lib/python3.9/site-packages/airflow/example_dags/example_kubernetes_executor.py
[2024-09-28T12:19:39.204+0000] {processor.py:743} INFO - Processing file /usr/local/lib/python3.9/site-packages/airflow/example_dags/example_kubernetes_executor.py for tasks to queue
[2024-09-28T12:19:39.204+0000] {logging_mixin.py:137} INFO - [2024-09-28T12:19:39.204+0000] {dagbag.py:532} INFO - Filling up the DagBag from /usr/local/lib/python3.9/site-packages/airflow/example_dags/example_kubernetes_executor.py
[2024-09-28T12:19:39.211+0000] {logging_mixin.py:137} INFO - [2024-09-28T12:19:39.211+0000] {example_kubernetes_executor.py:41} WARNING - The example_kubernetes_executor example DAG requires the kubernetes provider. Please install it with: pip install apache-airflow[cncf.kubernetes]
[2024-09-28T12:19:39.211+0000] {processor.py:755} WARNING - No viable dags retrieved from /usr/local/lib/python3.9/site-packages/airflow/example_dags/example_kubernetes_executor.py
[2024-09-28T12:19:39.217+0000] {processor.py:175} INFO - Processing /usr/local/lib/python3.9/site-packages/airflow/example_dags/example_kubernetes_executor.py took 0.015 seconds
[2024-09-28T13:00:05.244+0000] {processor.py:153} INFO - Started process (PID=84792) to work on /usr/local/lib/python3.9/site-packages/airflow/example_dags/example_kubernetes_executor.py
[2024-09-28T13:00:05.246+0000] {processor.py:743} INFO - Processing file /usr/local/lib/python3.9/site-packages/airflow/example_dags/example_kubernetes_executor.py for tasks to queue
[2024-09-28T13:00:05.248+0000] {logging_mixin.py:137} INFO - [2024-09-28T13:00:05.248+0000] {dagbag.py:532} INFO - Filling up the DagBag from /usr/local/lib/python3.9/site-packages/airflow/example_dags/example_kubernetes_executor.py
[2024-09-28T13:00:05.256+0000] {logging_mixin.py:137} INFO - [2024-09-28T13:00:05.256+0000] {example_kubernetes_executor.py:41} WARNING - The example_kubernetes_executor example DAG requires the kubernetes provider. Please install it with: pip install apache-airflow[cncf.kubernetes]
[2024-09-28T13:00:05.256+0000] {processor.py:755} WARNING - No viable dags retrieved from /usr/local/lib/python3.9/site-packages/airflow/example_dags/example_kubernetes_executor.py
[2024-09-28T13:00:05.271+0000] {processor.py:175} INFO - Processing /usr/local/lib/python3.9/site-packages/airflow/example_dags/example_kubernetes_executor.py took 0.028 seconds
[2024-09-28T13:34:49.035+0000] {processor.py:153} INFO - Started process (PID=85003) to work on /usr/local/lib/python3.9/site-packages/airflow/example_dags/example_kubernetes_executor.py
[2024-09-28T13:34:49.037+0000] {processor.py:743} INFO - Processing file /usr/local/lib/python3.9/site-packages/airflow/example_dags/example_kubernetes_executor.py for tasks to queue
[2024-09-28T13:34:49.038+0000] {logging_mixin.py:137} INFO - [2024-09-28T13:34:49.038+0000] {dagbag.py:532} INFO - Filling up the DagBag from /usr/local/lib/python3.9/site-packages/airflow/example_dags/example_kubernetes_executor.py
[2024-09-28T13:34:49.047+0000] {logging_mixin.py:137} INFO - [2024-09-28T13:34:49.047+0000] {example_kubernetes_executor.py:41} WARNING - The example_kubernetes_executor example DAG requires the kubernetes provider. Please install it with: pip install apache-airflow[cncf.kubernetes]
[2024-09-28T13:34:49.048+0000] {processor.py:755} WARNING - No viable dags retrieved from /usr/local/lib/python3.9/site-packages/airflow/example_dags/example_kubernetes_executor.py
[2024-09-28T13:34:49.063+0000] {processor.py:175} INFO - Processing /usr/local/lib/python3.9/site-packages/airflow/example_dags/example_kubernetes_executor.py took 0.032 seconds
[2024-09-28T13:35:19.117+0000] {processor.py:153} INFO - Started process (PID=85214) to work on /usr/local/lib/python3.9/site-packages/airflow/example_dags/example_kubernetes_executor.py
[2024-09-28T13:35:19.118+0000] {processor.py:743} INFO - Processing file /usr/local/lib/python3.9/site-packages/airflow/example_dags/example_kubernetes_executor.py for tasks to queue
[2024-09-28T13:35:19.119+0000] {logging_mixin.py:137} INFO - [2024-09-28T13:35:19.118+0000] {dagbag.py:532} INFO - Filling up the DagBag from /usr/local/lib/python3.9/site-packages/airflow/example_dags/example_kubernetes_executor.py
[2024-09-28T13:35:19.129+0000] {logging_mixin.py:137} INFO - [2024-09-28T13:35:19.129+0000] {example_kubernetes_executor.py:41} WARNING - The example_kubernetes_executor example DAG requires the kubernetes provider. Please install it with: pip install apache-airflow[cncf.kubernetes]
[2024-09-28T13:35:19.130+0000] {processor.py:755} WARNING - No viable dags retrieved from /usr/local/lib/python3.9/site-packages/airflow/example_dags/example_kubernetes_executor.py
[2024-09-28T13:35:19.141+0000] {processor.py:175} INFO - Processing /usr/local/lib/python3.9/site-packages/airflow/example_dags/example_kubernetes_executor.py took 0.025 seconds
[2024-09-28T13:43:14.430+0000] {processor.py:153} INFO - Started process (PID=85427) to work on /usr/local/lib/python3.9/site-packages/airflow/example_dags/example_kubernetes_executor.py
[2024-09-28T13:43:14.431+0000] {processor.py:743} INFO - Processing file /usr/local/lib/python3.9/site-packages/airflow/example_dags/example_kubernetes_executor.py for tasks to queue
[2024-09-28T13:43:14.431+0000] {logging_mixin.py:137} INFO - [2024-09-28T13:43:14.431+0000] {dagbag.py:532} INFO - Filling up the DagBag from /usr/local/lib/python3.9/site-packages/airflow/example_dags/example_kubernetes_executor.py
[2024-09-28T13:43:14.438+0000] {logging_mixin.py:137} INFO - [2024-09-28T13:43:14.438+0000] {example_kubernetes_executor.py:41} WARNING - The example_kubernetes_executor example DAG requires the kubernetes provider. Please install it with: pip install apache-airflow[cncf.kubernetes]
[2024-09-28T13:43:14.438+0000] {processor.py:755} WARNING - No viable dags retrieved from /usr/local/lib/python3.9/site-packages/airflow/example_dags/example_kubernetes_executor.py
[2024-09-28T13:43:14.444+0000] {processor.py:175} INFO - Processing /usr/local/lib/python3.9/site-packages/airflow/example_dags/example_kubernetes_executor.py took 0.015 seconds
