[2024-09-28T00:33:03.447+0000] {processor.py:153} INFO - Started process (PID=82573) to work on /usr/local/lib/python3.9/site-packages/airflow/example_dags/example_short_circuit_decorator.py
[2024-09-28T00:33:03.448+0000] {processor.py:743} INFO - Processing file /usr/local/lib/python3.9/site-packages/airflow/example_dags/example_short_circuit_decorator.py for tasks to queue
[2024-09-28T00:33:03.448+0000] {logging_mixin.py:137} INFO - [2024-09-28T00:33:03.448+0000] {dagbag.py:532} INFO - Filling up the DagBag from /usr/local/lib/python3.9/site-packages/airflow/example_dags/example_short_circuit_decorator.py
[2024-09-28T00:33:03.460+0000] {processor.py:753} INFO - DAG(s) dict_keys(['example_short_circuit_decorator']) retrieved from /usr/local/lib/python3.9/site-packages/airflow/example_dags/example_short_circuit_decorator.py
[2024-09-28T00:33:03.471+0000] {logging_mixin.py:137} INFO - [2024-09-28T00:33:03.470+0000] {dag.py:2705} INFO - Sync 1 DAGs
[2024-09-28T00:33:03.479+0000] {logging_mixin.py:137} INFO - [2024-09-28T00:33:03.479+0000] {dag.py:3452} INFO - Setting next_dagrun for example_short_circuit_decorator to 2024-09-27T00:33:03.479679+00:00, run_after=2024-09-28T00:33:03.479679+00:00
[2024-09-28T00:33:03.486+0000] {processor.py:175} INFO - Processing /usr/local/lib/python3.9/site-packages/airflow/example_dags/example_short_circuit_decorator.py took 0.040 seconds
[2024-09-28T01:50:04.956+0000] {processor.py:153} INFO - Started process (PID=82784) to work on /usr/local/lib/python3.9/site-packages/airflow/example_dags/example_short_circuit_decorator.py
[2024-09-28T01:50:04.956+0000] {processor.py:743} INFO - Processing file /usr/local/lib/python3.9/site-packages/airflow/example_dags/example_short_circuit_decorator.py for tasks to queue
[2024-09-28T01:50:04.957+0000] {logging_mixin.py:137} INFO - [2024-09-28T01:50:04.957+0000] {dagbag.py:532} INFO - Filling up the DagBag from /usr/local/lib/python3.9/site-packages/airflow/example_dags/example_short_circuit_decorator.py
[2024-09-28T01:50:04.978+0000] {processor.py:753} INFO - DAG(s) dict_keys(['example_short_circuit_decorator']) retrieved from /usr/local/lib/python3.9/site-packages/airflow/example_dags/example_short_circuit_decorator.py
[2024-09-28T01:50:05.014+0000] {logging_mixin.py:137} INFO - [2024-09-28T01:50:05.014+0000] {dag.py:2705} INFO - Sync 1 DAGs
[2024-09-28T01:50:05.029+0000] {logging_mixin.py:137} INFO - [2024-09-28T01:50:05.029+0000] {dag.py:3452} INFO - Setting next_dagrun for example_short_circuit_decorator to 2024-09-27T01:50:05.029432+00:00, run_after=2024-09-28T01:50:05.029432+00:00
[2024-09-28T01:50:05.037+0000] {processor.py:175} INFO - Processing /usr/local/lib/python3.9/site-packages/airflow/example_dags/example_short_circuit_decorator.py took 0.084 seconds
[2024-09-28T03:19:35.995+0000] {processor.py:153} INFO - Started process (PID=82994) to work on /usr/local/lib/python3.9/site-packages/airflow/example_dags/example_short_circuit_decorator.py
[2024-09-28T03:19:35.995+0000] {processor.py:743} INFO - Processing file /usr/local/lib/python3.9/site-packages/airflow/example_dags/example_short_circuit_decorator.py for tasks to queue
[2024-09-28T03:19:35.995+0000] {logging_mixin.py:137} INFO - [2024-09-28T03:19:35.995+0000] {dagbag.py:532} INFO - Filling up the DagBag from /usr/local/lib/python3.9/site-packages/airflow/example_dags/example_short_circuit_decorator.py
[2024-09-28T03:19:36.008+0000] {processor.py:753} INFO - DAG(s) dict_keys(['example_short_circuit_decorator']) retrieved from /usr/local/lib/python3.9/site-packages/airflow/example_dags/example_short_circuit_decorator.py
[2024-09-28T03:19:36.023+0000] {logging_mixin.py:137} INFO - [2024-09-28T03:19:36.022+0000] {dag.py:2705} INFO - Sync 1 DAGs
[2024-09-28T03:19:36.036+0000] {logging_mixin.py:137} INFO - [2024-09-28T03:19:36.036+0000] {dag.py:3452} INFO - Setting next_dagrun for example_short_circuit_decorator to 2024-09-27T03:19:36.036309+00:00, run_after=2024-09-28T03:19:36.036309+00:00
[2024-09-28T03:19:36.047+0000] {processor.py:175} INFO - Processing /usr/local/lib/python3.9/site-packages/airflow/example_dags/example_short_circuit_decorator.py took 0.054 seconds
[2024-09-28T04:20:42.966+0000] {processor.py:153} INFO - Started process (PID=83206) to work on /usr/local/lib/python3.9/site-packages/airflow/example_dags/example_short_circuit_decorator.py
[2024-09-28T04:20:42.966+0000] {processor.py:743} INFO - Processing file /usr/local/lib/python3.9/site-packages/airflow/example_dags/example_short_circuit_decorator.py for tasks to queue
[2024-09-28T04:20:42.967+0000] {logging_mixin.py:137} INFO - [2024-09-28T04:20:42.967+0000] {dagbag.py:532} INFO - Filling up the DagBag from /usr/local/lib/python3.9/site-packages/airflow/example_dags/example_short_circuit_decorator.py
[2024-09-28T04:20:42.977+0000] {processor.py:753} INFO - DAG(s) dict_keys(['example_short_circuit_decorator']) retrieved from /usr/local/lib/python3.9/site-packages/airflow/example_dags/example_short_circuit_decorator.py
[2024-09-28T04:20:42.987+0000] {logging_mixin.py:137} INFO - [2024-09-28T04:20:42.987+0000] {dag.py:2705} INFO - Sync 1 DAGs
[2024-09-28T04:20:42.995+0000] {logging_mixin.py:137} INFO - [2024-09-28T04:20:42.995+0000] {dag.py:3452} INFO - Setting next_dagrun for example_short_circuit_decorator to 2024-09-27T04:20:42.995194+00:00, run_after=2024-09-28T04:20:42.995194+00:00
[2024-09-28T04:20:43.001+0000] {processor.py:175} INFO - Processing /usr/local/lib/python3.9/site-packages/airflow/example_dags/example_short_circuit_decorator.py took 0.037 seconds
[2024-09-28T05:59:39.031+0000] {processor.py:153} INFO - Started process (PID=83416) to work on /usr/local/lib/python3.9/site-packages/airflow/example_dags/example_short_circuit_decorator.py
[2024-09-28T05:59:39.032+0000] {processor.py:743} INFO - Processing file /usr/local/lib/python3.9/site-packages/airflow/example_dags/example_short_circuit_decorator.py for tasks to queue
[2024-09-28T05:59:39.032+0000] {logging_mixin.py:137} INFO - [2024-09-28T05:59:39.032+0000] {dagbag.py:532} INFO - Filling up the DagBag from /usr/local/lib/python3.9/site-packages/airflow/example_dags/example_short_circuit_decorator.py
[2024-09-28T05:59:39.047+0000] {processor.py:753} INFO - DAG(s) dict_keys(['example_short_circuit_decorator']) retrieved from /usr/local/lib/python3.9/site-packages/airflow/example_dags/example_short_circuit_decorator.py
[2024-09-28T05:59:39.058+0000] {logging_mixin.py:137} INFO - [2024-09-28T05:59:39.058+0000] {dag.py:2705} INFO - Sync 1 DAGs
[2024-09-28T05:59:39.068+0000] {logging_mixin.py:137} INFO - [2024-09-28T05:59:39.068+0000] {dag.py:3452} INFO - Setting next_dagrun for example_short_circuit_decorator to 2024-09-27T05:59:39.068113+00:00, run_after=2024-09-28T05:59:39.068113+00:00
[2024-09-28T05:59:39.080+0000] {processor.py:175} INFO - Processing /usr/local/lib/python3.9/site-packages/airflow/example_dags/example_short_circuit_decorator.py took 0.051 seconds
[2024-09-28T07:11:50.565+0000] {processor.py:153} INFO - Started process (PID=83627) to work on /usr/local/lib/python3.9/site-packages/airflow/example_dags/example_short_circuit_decorator.py
[2024-09-28T07:11:50.567+0000] {processor.py:743} INFO - Processing file /usr/local/lib/python3.9/site-packages/airflow/example_dags/example_short_circuit_decorator.py for tasks to queue
[2024-09-28T07:11:50.567+0000] {logging_mixin.py:137} INFO - [2024-09-28T07:11:50.567+0000] {dagbag.py:532} INFO - Filling up the DagBag from /usr/local/lib/python3.9/site-packages/airflow/example_dags/example_short_circuit_decorator.py
[2024-09-28T07:11:50.579+0000] {processor.py:753} INFO - DAG(s) dict_keys(['example_short_circuit_decorator']) retrieved from /usr/local/lib/python3.9/site-packages/airflow/example_dags/example_short_circuit_decorator.py
[2024-09-28T07:11:50.594+0000] {logging_mixin.py:137} INFO - [2024-09-28T07:11:50.594+0000] {dag.py:2705} INFO - Sync 1 DAGs
[2024-09-28T07:11:50.606+0000] {logging_mixin.py:137} INFO - [2024-09-28T07:11:50.606+0000] {dag.py:3452} INFO - Setting next_dagrun for example_short_circuit_decorator to 2024-09-27T07:11:50.606320+00:00, run_after=2024-09-28T07:11:50.606320+00:00
[2024-09-28T07:11:50.619+0000] {processor.py:175} INFO - Processing /usr/local/lib/python3.9/site-packages/airflow/example_dags/example_short_circuit_decorator.py took 0.055 seconds
[2024-09-28T08:16:48.432+0000] {processor.py:153} INFO - Started process (PID=83838) to work on /usr/local/lib/python3.9/site-packages/airflow/example_dags/example_short_circuit_decorator.py
[2024-09-28T08:16:48.437+0000] {processor.py:743} INFO - Processing file /usr/local/lib/python3.9/site-packages/airflow/example_dags/example_short_circuit_decorator.py for tasks to queue
[2024-09-28T08:16:48.437+0000] {logging_mixin.py:137} INFO - [2024-09-28T08:16:48.437+0000] {dagbag.py:532} INFO - Filling up the DagBag from /usr/local/lib/python3.9/site-packages/airflow/example_dags/example_short_circuit_decorator.py
[2024-09-28T08:16:48.450+0000] {processor.py:753} INFO - DAG(s) dict_keys(['example_short_circuit_decorator']) retrieved from /usr/local/lib/python3.9/site-packages/airflow/example_dags/example_short_circuit_decorator.py
[2024-09-28T08:16:48.463+0000] {logging_mixin.py:137} INFO - [2024-09-28T08:16:48.463+0000] {dag.py:2705} INFO - Sync 1 DAGs
[2024-09-28T08:16:48.474+0000] {logging_mixin.py:137} INFO - [2024-09-28T08:16:48.474+0000] {dag.py:3452} INFO - Setting next_dagrun for example_short_circuit_decorator to 2024-09-27T08:16:48.474015+00:00, run_after=2024-09-28T08:16:48.474015+00:00
[2024-09-28T08:16:48.481+0000] {processor.py:175} INFO - Processing /usr/local/lib/python3.9/site-packages/airflow/example_dags/example_short_circuit_decorator.py took 0.050 seconds
[2024-09-28T09:53:29.222+0000] {processor.py:153} INFO - Started process (PID=84051) to work on /usr/local/lib/python3.9/site-packages/airflow/example_dags/example_short_circuit_decorator.py
[2024-09-28T09:53:29.222+0000] {processor.py:743} INFO - Processing file /usr/local/lib/python3.9/site-packages/airflow/example_dags/example_short_circuit_decorator.py for tasks to queue
[2024-09-28T09:53:29.223+0000] {logging_mixin.py:137} INFO - [2024-09-28T09:53:29.222+0000] {dagbag.py:532} INFO - Filling up the DagBag from /usr/local/lib/python3.9/site-packages/airflow/example_dags/example_short_circuit_decorator.py
[2024-09-28T09:53:29.233+0000] {processor.py:753} INFO - DAG(s) dict_keys(['example_short_circuit_decorator']) retrieved from /usr/local/lib/python3.9/site-packages/airflow/example_dags/example_short_circuit_decorator.py
[2024-09-28T09:53:29.243+0000] {logging_mixin.py:137} INFO - [2024-09-28T09:53:29.243+0000] {dag.py:2705} INFO - Sync 1 DAGs
[2024-09-28T09:53:29.254+0000] {logging_mixin.py:137} INFO - [2024-09-28T09:53:29.254+0000] {dag.py:3452} INFO - Setting next_dagrun for example_short_circuit_decorator to 2024-09-27T09:53:29.254458+00:00, run_after=2024-09-28T09:53:29.254458+00:00
[2024-09-28T09:53:29.263+0000] {processor.py:175} INFO - Processing /usr/local/lib/python3.9/site-packages/airflow/example_dags/example_short_circuit_decorator.py took 0.043 seconds
[2024-09-28T11:08:26.604+0000] {processor.py:153} INFO - Started process (PID=84260) to work on /usr/local/lib/python3.9/site-packages/airflow/example_dags/example_short_circuit_decorator.py
[2024-09-28T11:08:26.605+0000] {processor.py:743} INFO - Processing file /usr/local/lib/python3.9/site-packages/airflow/example_dags/example_short_circuit_decorator.py for tasks to queue
[2024-09-28T11:08:26.605+0000] {logging_mixin.py:137} INFO - [2024-09-28T11:08:26.605+0000] {dagbag.py:532} INFO - Filling up the DagBag from /usr/local/lib/python3.9/site-packages/airflow/example_dags/example_short_circuit_decorator.py
[2024-09-28T11:08:26.617+0000] {processor.py:753} INFO - DAG(s) dict_keys(['example_short_circuit_decorator']) retrieved from /usr/local/lib/python3.9/site-packages/airflow/example_dags/example_short_circuit_decorator.py
[2024-09-28T11:08:26.628+0000] {logging_mixin.py:137} INFO - [2024-09-28T11:08:26.628+0000] {dag.py:2705} INFO - Sync 1 DAGs
[2024-09-28T11:08:26.638+0000] {logging_mixin.py:137} INFO - [2024-09-28T11:08:26.638+0000] {dag.py:3452} INFO - Setting next_dagrun for example_short_circuit_decorator to 2024-09-27T11:08:26.638774+00:00, run_after=2024-09-28T11:08:26.638774+00:00
[2024-09-28T11:08:26.651+0000] {processor.py:175} INFO - Processing /usr/local/lib/python3.9/site-packages/airflow/example_dags/example_short_circuit_decorator.py took 0.051 seconds
[2024-09-28T12:19:38.529+0000] {processor.py:153} INFO - Started process (PID=84473) to work on /usr/local/lib/python3.9/site-packages/airflow/example_dags/example_short_circuit_decorator.py
[2024-09-28T12:19:38.530+0000] {processor.py:743} INFO - Processing file /usr/local/lib/python3.9/site-packages/airflow/example_dags/example_short_circuit_decorator.py for tasks to queue
[2024-09-28T12:19:38.530+0000] {logging_mixin.py:137} INFO - [2024-09-28T12:19:38.530+0000] {dagbag.py:532} INFO - Filling up the DagBag from /usr/local/lib/python3.9/site-packages/airflow/example_dags/example_short_circuit_decorator.py
[2024-09-28T12:19:38.540+0000] {processor.py:753} INFO - DAG(s) dict_keys(['example_short_circuit_decorator']) retrieved from /usr/local/lib/python3.9/site-packages/airflow/example_dags/example_short_circuit_decorator.py
[2024-09-28T12:19:38.550+0000] {logging_mixin.py:137} INFO - [2024-09-28T12:19:38.550+0000] {dag.py:2705} INFO - Sync 1 DAGs
[2024-09-28T12:19:38.557+0000] {logging_mixin.py:137} INFO - [2024-09-28T12:19:38.557+0000] {dag.py:3452} INFO - Setting next_dagrun for example_short_circuit_decorator to 2024-09-27T12:19:38.557688+00:00, run_after=2024-09-28T12:19:38.557688+00:00
[2024-09-28T12:19:38.564+0000] {processor.py:175} INFO - Processing /usr/local/lib/python3.9/site-packages/airflow/example_dags/example_short_circuit_decorator.py took 0.036 seconds
[2024-09-28T13:00:04.526+0000] {processor.py:153} INFO - Started process (PID=84682) to work on /usr/local/lib/python3.9/site-packages/airflow/example_dags/example_short_circuit_decorator.py
[2024-09-28T13:00:04.527+0000] {processor.py:743} INFO - Processing file /usr/local/lib/python3.9/site-packages/airflow/example_dags/example_short_circuit_decorator.py for tasks to queue
[2024-09-28T13:00:04.528+0000] {logging_mixin.py:137} INFO - [2024-09-28T13:00:04.528+0000] {dagbag.py:532} INFO - Filling up the DagBag from /usr/local/lib/python3.9/site-packages/airflow/example_dags/example_short_circuit_decorator.py
[2024-09-28T13:00:04.541+0000] {processor.py:753} INFO - DAG(s) dict_keys(['example_short_circuit_decorator']) retrieved from /usr/local/lib/python3.9/site-packages/airflow/example_dags/example_short_circuit_decorator.py
[2024-09-28T13:00:04.555+0000] {logging_mixin.py:137} INFO - [2024-09-28T13:00:04.555+0000] {dag.py:2705} INFO - Sync 1 DAGs
[2024-09-28T13:00:04.567+0000] {logging_mixin.py:137} INFO - [2024-09-28T13:00:04.567+0000] {dag.py:3452} INFO - Setting next_dagrun for example_short_circuit_decorator to 2024-09-27T13:00:04.567535+00:00, run_after=2024-09-28T13:00:04.567535+00:00
[2024-09-28T13:00:04.574+0000] {processor.py:175} INFO - Processing /usr/local/lib/python3.9/site-packages/airflow/example_dags/example_short_circuit_decorator.py took 0.049 seconds
[2024-09-28T13:34:47.446+0000] {processor.py:153} INFO - Started process (PID=84895) to work on /usr/local/lib/python3.9/site-packages/airflow/example_dags/example_short_circuit_decorator.py
[2024-09-28T13:34:47.449+0000] {processor.py:743} INFO - Processing file /usr/local/lib/python3.9/site-packages/airflow/example_dags/example_short_circuit_decorator.py for tasks to queue
[2024-09-28T13:34:47.449+0000] {logging_mixin.py:137} INFO - [2024-09-28T13:34:47.449+0000] {dagbag.py:532} INFO - Filling up the DagBag from /usr/local/lib/python3.9/site-packages/airflow/example_dags/example_short_circuit_decorator.py
[2024-09-28T13:34:47.533+0000] {processor.py:753} INFO - DAG(s) dict_keys(['example_short_circuit_decorator']) retrieved from /usr/local/lib/python3.9/site-packages/airflow/example_dags/example_short_circuit_decorator.py
[2024-09-28T13:34:47.565+0000] {logging_mixin.py:137} INFO - [2024-09-28T13:34:47.565+0000] {dag.py:2705} INFO - Sync 1 DAGs
[2024-09-28T13:34:47.597+0000] {logging_mixin.py:137} INFO - [2024-09-28T13:34:47.597+0000] {dag.py:3452} INFO - Setting next_dagrun for example_short_circuit_decorator to 2024-09-27T13:34:47.596778+00:00, run_after=2024-09-28T13:34:47.596778+00:00
[2024-09-28T13:34:47.605+0000] {processor.py:175} INFO - Processing /usr/local/lib/python3.9/site-packages/airflow/example_dags/example_short_circuit_decorator.py took 0.171 seconds
[2024-09-28T13:35:18.360+0000] {processor.py:153} INFO - Started process (PID=85104) to work on /usr/local/lib/python3.9/site-packages/airflow/example_dags/example_short_circuit_decorator.py
[2024-09-28T13:35:18.361+0000] {processor.py:743} INFO - Processing file /usr/local/lib/python3.9/site-packages/airflow/example_dags/example_short_circuit_decorator.py for tasks to queue
[2024-09-28T13:35:18.361+0000] {logging_mixin.py:137} INFO - [2024-09-28T13:35:18.361+0000] {dagbag.py:532} INFO - Filling up the DagBag from /usr/local/lib/python3.9/site-packages/airflow/example_dags/example_short_circuit_decorator.py
[2024-09-28T13:35:18.374+0000] {processor.py:753} INFO - DAG(s) dict_keys(['example_short_circuit_decorator']) retrieved from /usr/local/lib/python3.9/site-packages/airflow/example_dags/example_short_circuit_decorator.py
[2024-09-28T13:35:18.394+0000] {logging_mixin.py:137} INFO - [2024-09-28T13:35:18.394+0000] {dag.py:2705} INFO - Sync 1 DAGs
[2024-09-28T13:35:18.407+0000] {logging_mixin.py:137} INFO - [2024-09-28T13:35:18.407+0000] {dag.py:3452} INFO - Setting next_dagrun for example_short_circuit_decorator to 2024-09-27T13:35:18.407715+00:00, run_after=2024-09-28T13:35:18.407715+00:00
[2024-09-28T13:35:18.415+0000] {processor.py:175} INFO - Processing /usr/local/lib/python3.9/site-packages/airflow/example_dags/example_short_circuit_decorator.py took 0.057 seconds
[2024-09-28T13:43:13.561+0000] {processor.py:153} INFO - Started process (PID=85317) to work on /usr/local/lib/python3.9/site-packages/airflow/example_dags/example_short_circuit_decorator.py
[2024-09-28T13:43:13.561+0000] {processor.py:743} INFO - Processing file /usr/local/lib/python3.9/site-packages/airflow/example_dags/example_short_circuit_decorator.py for tasks to queue
[2024-09-28T13:43:13.562+0000] {logging_mixin.py:137} INFO - [2024-09-28T13:43:13.562+0000] {dagbag.py:532} INFO - Filling up the DagBag from /usr/local/lib/python3.9/site-packages/airflow/example_dags/example_short_circuit_decorator.py
[2024-09-28T13:43:13.579+0000] {processor.py:753} INFO - DAG(s) dict_keys(['example_short_circuit_decorator']) retrieved from /usr/local/lib/python3.9/site-packages/airflow/example_dags/example_short_circuit_decorator.py
[2024-09-28T13:43:13.590+0000] {logging_mixin.py:137} INFO - [2024-09-28T13:43:13.590+0000] {dag.py:2705} INFO - Sync 1 DAGs
[2024-09-28T13:43:13.599+0000] {logging_mixin.py:137} INFO - [2024-09-28T13:43:13.599+0000] {dag.py:3452} INFO - Setting next_dagrun for example_short_circuit_decorator to 2024-09-27T13:43:13.599258+00:00, run_after=2024-09-28T13:43:13.599258+00:00
[2024-09-28T13:43:13.605+0000] {processor.py:175} INFO - Processing /usr/local/lib/python3.9/site-packages/airflow/example_dags/example_short_circuit_decorator.py took 0.046 seconds
