[2024-09-28T00:33:04.493+0000] {processor.py:153} INFO - Started process (PID=82696) to work on /usr/local/lib/python3.9/site-packages/airflow/example_dags/example_params_ui_tutorial.py
[2024-09-28T00:33:04.493+0000] {processor.py:743} INFO - Processing file /usr/local/lib/python3.9/site-packages/airflow/example_dags/example_params_ui_tutorial.py for tasks to queue
[2024-09-28T00:33:04.494+0000] {logging_mixin.py:137} INFO - [2024-09-28T00:33:04.494+0000] {dagbag.py:532} INFO - Filling up the DagBag from /usr/local/lib/python3.9/site-packages/airflow/example_dags/example_params_ui_tutorial.py
[2024-09-28T00:33:04.516+0000] {processor.py:753} INFO - DAG(s) dict_keys(['example_params_ui_tutorial']) retrieved from /usr/local/lib/python3.9/site-packages/airflow/example_dags/example_params_ui_tutorial.py
[2024-09-28T00:33:04.562+0000] {logging_mixin.py:137} INFO - [2024-09-28T00:33:04.562+0000] {dag.py:2705} INFO - Sync 1 DAGs
[2024-09-28T00:33:04.573+0000] {logging_mixin.py:137} INFO - [2024-09-28T00:33:04.572+0000] {dag.py:3452} INFO - Setting next_dagrun for example_params_ui_tutorial to None, run_after=None
[2024-09-28T00:33:04.583+0000] {processor.py:175} INFO - Processing /usr/local/lib/python3.9/site-packages/airflow/example_dags/example_params_ui_tutorial.py took 0.092 seconds
[2024-09-28T01:50:05.991+0000] {processor.py:153} INFO - Started process (PID=82909) to work on /usr/local/lib/python3.9/site-packages/airflow/example_dags/example_params_ui_tutorial.py
[2024-09-28T01:50:05.992+0000] {processor.py:743} INFO - Processing file /usr/local/lib/python3.9/site-packages/airflow/example_dags/example_params_ui_tutorial.py for tasks to queue
[2024-09-28T01:50:05.992+0000] {logging_mixin.py:137} INFO - [2024-09-28T01:50:05.992+0000] {dagbag.py:532} INFO - Filling up the DagBag from /usr/local/lib/python3.9/site-packages/airflow/example_dags/example_params_ui_tutorial.py
[2024-09-28T01:50:06.010+0000] {processor.py:753} INFO - DAG(s) dict_keys(['example_params_ui_tutorial']) retrieved from /usr/local/lib/python3.9/site-packages/airflow/example_dags/example_params_ui_tutorial.py
[2024-09-28T01:50:06.026+0000] {logging_mixin.py:137} INFO - [2024-09-28T01:50:06.026+0000] {dag.py:2705} INFO - Sync 1 DAGs
[2024-09-28T01:50:06.035+0000] {logging_mixin.py:137} INFO - [2024-09-28T01:50:06.035+0000] {dag.py:3452} INFO - Setting next_dagrun for example_params_ui_tutorial to None, run_after=None
[2024-09-28T01:50:06.042+0000] {processor.py:175} INFO - Processing /usr/local/lib/python3.9/site-packages/airflow/example_dags/example_params_ui_tutorial.py took 0.052 seconds
[2024-09-28T03:19:36.831+0000] {processor.py:153} INFO - Started process (PID=83118) to work on /usr/local/lib/python3.9/site-packages/airflow/example_dags/example_params_ui_tutorial.py
[2024-09-28T03:19:36.833+0000] {processor.py:743} INFO - Processing file /usr/local/lib/python3.9/site-packages/airflow/example_dags/example_params_ui_tutorial.py for tasks to queue
[2024-09-28T03:19:36.833+0000] {logging_mixin.py:137} INFO - [2024-09-28T03:19:36.833+0000] {dagbag.py:532} INFO - Filling up the DagBag from /usr/local/lib/python3.9/site-packages/airflow/example_dags/example_params_ui_tutorial.py
[2024-09-28T03:19:36.855+0000] {processor.py:753} INFO - DAG(s) dict_keys(['example_params_ui_tutorial']) retrieved from /usr/local/lib/python3.9/site-packages/airflow/example_dags/example_params_ui_tutorial.py
[2024-09-28T03:19:36.874+0000] {logging_mixin.py:137} INFO - [2024-09-28T03:19:36.874+0000] {dag.py:2705} INFO - Sync 1 DAGs
[2024-09-28T03:19:36.884+0000] {logging_mixin.py:137} INFO - [2024-09-28T03:19:36.884+0000] {dag.py:3452} INFO - Setting next_dagrun for example_params_ui_tutorial to None, run_after=None
[2024-09-28T03:19:36.895+0000] {processor.py:175} INFO - Processing /usr/local/lib/python3.9/site-packages/airflow/example_dags/example_params_ui_tutorial.py took 0.065 seconds
[2024-09-28T04:20:43.957+0000] {processor.py:153} INFO - Started process (PID=83332) to work on /usr/local/lib/python3.9/site-packages/airflow/example_dags/example_params_ui_tutorial.py
[2024-09-28T04:20:43.957+0000] {processor.py:743} INFO - Processing file /usr/local/lib/python3.9/site-packages/airflow/example_dags/example_params_ui_tutorial.py for tasks to queue
[2024-09-28T04:20:43.957+0000] {logging_mixin.py:137} INFO - [2024-09-28T04:20:43.957+0000] {dagbag.py:532} INFO - Filling up the DagBag from /usr/local/lib/python3.9/site-packages/airflow/example_dags/example_params_ui_tutorial.py
[2024-09-28T04:20:43.973+0000] {processor.py:753} INFO - DAG(s) dict_keys(['example_params_ui_tutorial']) retrieved from /usr/local/lib/python3.9/site-packages/airflow/example_dags/example_params_ui_tutorial.py
[2024-09-28T04:20:43.990+0000] {logging_mixin.py:137} INFO - [2024-09-28T04:20:43.990+0000] {dag.py:2705} INFO - Sync 1 DAGs
[2024-09-28T04:20:43.999+0000] {logging_mixin.py:137} INFO - [2024-09-28T04:20:43.999+0000] {dag.py:3452} INFO - Setting next_dagrun for example_params_ui_tutorial to None, run_after=None
[2024-09-28T04:20:44.006+0000] {processor.py:175} INFO - Processing /usr/local/lib/python3.9/site-packages/airflow/example_dags/example_params_ui_tutorial.py took 0.051 seconds
[2024-09-28T05:59:39.839+0000] {processor.py:153} INFO - Started process (PID=83541) to work on /usr/local/lib/python3.9/site-packages/airflow/example_dags/example_params_ui_tutorial.py
[2024-09-28T05:59:39.840+0000] {processor.py:743} INFO - Processing file /usr/local/lib/python3.9/site-packages/airflow/example_dags/example_params_ui_tutorial.py for tasks to queue
[2024-09-28T05:59:39.841+0000] {logging_mixin.py:137} INFO - [2024-09-28T05:59:39.841+0000] {dagbag.py:532} INFO - Filling up the DagBag from /usr/local/lib/python3.9/site-packages/airflow/example_dags/example_params_ui_tutorial.py
[2024-09-28T05:59:39.865+0000] {processor.py:753} INFO - DAG(s) dict_keys(['example_params_ui_tutorial']) retrieved from /usr/local/lib/python3.9/site-packages/airflow/example_dags/example_params_ui_tutorial.py
[2024-09-28T05:59:39.885+0000] {logging_mixin.py:137} INFO - [2024-09-28T05:59:39.884+0000] {dag.py:2705} INFO - Sync 1 DAGs
[2024-09-28T05:59:39.894+0000] {logging_mixin.py:137} INFO - [2024-09-28T05:59:39.894+0000] {dag.py:3452} INFO - Setting next_dagrun for example_params_ui_tutorial to None, run_after=None
[2024-09-28T05:59:39.904+0000] {processor.py:175} INFO - Processing /usr/local/lib/python3.9/site-packages/airflow/example_dags/example_params_ui_tutorial.py took 0.066 seconds
[2024-09-28T07:11:51.610+0000] {processor.py:153} INFO - Started process (PID=83752) to work on /usr/local/lib/python3.9/site-packages/airflow/example_dags/example_params_ui_tutorial.py
[2024-09-28T07:11:51.611+0000] {processor.py:743} INFO - Processing file /usr/local/lib/python3.9/site-packages/airflow/example_dags/example_params_ui_tutorial.py for tasks to queue
[2024-09-28T07:11:51.611+0000] {logging_mixin.py:137} INFO - [2024-09-28T07:11:51.611+0000] {dagbag.py:532} INFO - Filling up the DagBag from /usr/local/lib/python3.9/site-packages/airflow/example_dags/example_params_ui_tutorial.py
[2024-09-28T07:11:51.634+0000] {processor.py:753} INFO - DAG(s) dict_keys(['example_params_ui_tutorial']) retrieved from /usr/local/lib/python3.9/site-packages/airflow/example_dags/example_params_ui_tutorial.py
[2024-09-28T07:11:51.659+0000] {logging_mixin.py:137} INFO - [2024-09-28T07:11:51.659+0000] {dag.py:2705} INFO - Sync 1 DAGs
[2024-09-28T07:11:51.670+0000] {logging_mixin.py:137} INFO - [2024-09-28T07:11:51.670+0000] {dag.py:3452} INFO - Setting next_dagrun for example_params_ui_tutorial to None, run_after=None
[2024-09-28T07:11:51.686+0000] {processor.py:175} INFO - Processing /usr/local/lib/python3.9/site-packages/airflow/example_dags/example_params_ui_tutorial.py took 0.078 seconds
[2024-09-28T08:16:49.218+0000] {processor.py:153} INFO - Started process (PID=83963) to work on /usr/local/lib/python3.9/site-packages/airflow/example_dags/example_params_ui_tutorial.py
[2024-09-28T08:16:49.220+0000] {processor.py:743} INFO - Processing file /usr/local/lib/python3.9/site-packages/airflow/example_dags/example_params_ui_tutorial.py for tasks to queue
[2024-09-28T08:16:49.220+0000] {logging_mixin.py:137} INFO - [2024-09-28T08:16:49.220+0000] {dagbag.py:532} INFO - Filling up the DagBag from /usr/local/lib/python3.9/site-packages/airflow/example_dags/example_params_ui_tutorial.py
[2024-09-28T08:16:49.238+0000] {processor.py:753} INFO - DAG(s) dict_keys(['example_params_ui_tutorial']) retrieved from /usr/local/lib/python3.9/site-packages/airflow/example_dags/example_params_ui_tutorial.py
[2024-09-28T08:16:49.260+0000] {logging_mixin.py:137} INFO - [2024-09-28T08:16:49.260+0000] {dag.py:2705} INFO - Sync 1 DAGs
[2024-09-28T08:16:49.270+0000] {logging_mixin.py:137} INFO - [2024-09-28T08:16:49.269+0000] {dag.py:3452} INFO - Setting next_dagrun for example_params_ui_tutorial to None, run_after=None
[2024-09-28T08:16:49.285+0000] {processor.py:175} INFO - Processing /usr/local/lib/python3.9/site-packages/airflow/example_dags/example_params_ui_tutorial.py took 0.068 seconds
[2024-09-28T09:53:30.078+0000] {processor.py:153} INFO - Started process (PID=84174) to work on /usr/local/lib/python3.9/site-packages/airflow/example_dags/example_params_ui_tutorial.py
[2024-09-28T09:53:30.080+0000] {processor.py:743} INFO - Processing file /usr/local/lib/python3.9/site-packages/airflow/example_dags/example_params_ui_tutorial.py for tasks to queue
[2024-09-28T09:53:30.080+0000] {logging_mixin.py:137} INFO - [2024-09-28T09:53:30.080+0000] {dagbag.py:532} INFO - Filling up the DagBag from /usr/local/lib/python3.9/site-packages/airflow/example_dags/example_params_ui_tutorial.py
[2024-09-28T09:53:30.099+0000] {processor.py:753} INFO - DAG(s) dict_keys(['example_params_ui_tutorial']) retrieved from /usr/local/lib/python3.9/site-packages/airflow/example_dags/example_params_ui_tutorial.py
[2024-09-28T09:53:30.116+0000] {logging_mixin.py:137} INFO - [2024-09-28T09:53:30.116+0000] {dag.py:2705} INFO - Sync 1 DAGs
[2024-09-28T09:53:30.125+0000] {logging_mixin.py:137} INFO - [2024-09-28T09:53:30.125+0000] {dag.py:3452} INFO - Setting next_dagrun for example_params_ui_tutorial to None, run_after=None
[2024-09-28T09:53:30.133+0000] {processor.py:175} INFO - Processing /usr/local/lib/python3.9/site-packages/airflow/example_dags/example_params_ui_tutorial.py took 0.056 seconds
[2024-09-28T11:08:27.409+0000] {processor.py:153} INFO - Started process (PID=84385) to work on /usr/local/lib/python3.9/site-packages/airflow/example_dags/example_params_ui_tutorial.py
[2024-09-28T11:08:27.410+0000] {processor.py:743} INFO - Processing file /usr/local/lib/python3.9/site-packages/airflow/example_dags/example_params_ui_tutorial.py for tasks to queue
[2024-09-28T11:08:27.411+0000] {logging_mixin.py:137} INFO - [2024-09-28T11:08:27.411+0000] {dagbag.py:532} INFO - Filling up the DagBag from /usr/local/lib/python3.9/site-packages/airflow/example_dags/example_params_ui_tutorial.py
[2024-09-28T11:08:27.435+0000] {processor.py:753} INFO - DAG(s) dict_keys(['example_params_ui_tutorial']) retrieved from /usr/local/lib/python3.9/site-packages/airflow/example_dags/example_params_ui_tutorial.py
[2024-09-28T11:08:27.461+0000] {logging_mixin.py:137} INFO - [2024-09-28T11:08:27.461+0000] {dag.py:2705} INFO - Sync 1 DAGs
[2024-09-28T11:08:27.472+0000] {logging_mixin.py:137} INFO - [2024-09-28T11:08:27.472+0000] {dag.py:3452} INFO - Setting next_dagrun for example_params_ui_tutorial to None, run_after=None
[2024-09-28T11:08:27.483+0000] {processor.py:175} INFO - Processing /usr/local/lib/python3.9/site-packages/airflow/example_dags/example_params_ui_tutorial.py took 0.076 seconds
[2024-09-28T12:19:39.281+0000] {processor.py:153} INFO - Started process (PID=84598) to work on /usr/local/lib/python3.9/site-packages/airflow/example_dags/example_params_ui_tutorial.py
[2024-09-28T12:19:39.281+0000] {processor.py:743} INFO - Processing file /usr/local/lib/python3.9/site-packages/airflow/example_dags/example_params_ui_tutorial.py for tasks to queue
[2024-09-28T12:19:39.282+0000] {logging_mixin.py:137} INFO - [2024-09-28T12:19:39.282+0000] {dagbag.py:532} INFO - Filling up the DagBag from /usr/local/lib/python3.9/site-packages/airflow/example_dags/example_params_ui_tutorial.py
[2024-09-28T12:19:39.297+0000] {processor.py:753} INFO - DAG(s) dict_keys(['example_params_ui_tutorial']) retrieved from /usr/local/lib/python3.9/site-packages/airflow/example_dags/example_params_ui_tutorial.py
[2024-09-28T12:19:39.315+0000] {logging_mixin.py:137} INFO - [2024-09-28T12:19:39.315+0000] {dag.py:2705} INFO - Sync 1 DAGs
[2024-09-28T12:19:39.322+0000] {logging_mixin.py:137} INFO - [2024-09-28T12:19:39.322+0000] {dag.py:3452} INFO - Setting next_dagrun for example_params_ui_tutorial to None, run_after=None
[2024-09-28T12:19:39.329+0000] {processor.py:175} INFO - Processing /usr/local/lib/python3.9/site-packages/airflow/example_dags/example_params_ui_tutorial.py took 0.049 seconds
[2024-09-28T13:00:05.342+0000] {processor.py:153} INFO - Started process (PID=84807) to work on /usr/local/lib/python3.9/site-packages/airflow/example_dags/example_params_ui_tutorial.py
[2024-09-28T13:00:05.343+0000] {processor.py:743} INFO - Processing file /usr/local/lib/python3.9/site-packages/airflow/example_dags/example_params_ui_tutorial.py for tasks to queue
[2024-09-28T13:00:05.344+0000] {logging_mixin.py:137} INFO - [2024-09-28T13:00:05.344+0000] {dagbag.py:532} INFO - Filling up the DagBag from /usr/local/lib/python3.9/site-packages/airflow/example_dags/example_params_ui_tutorial.py
[2024-09-28T13:00:05.364+0000] {processor.py:753} INFO - DAG(s) dict_keys(['example_params_ui_tutorial']) retrieved from /usr/local/lib/python3.9/site-packages/airflow/example_dags/example_params_ui_tutorial.py
[2024-09-28T13:00:05.386+0000] {logging_mixin.py:137} INFO - [2024-09-28T13:00:05.386+0000] {dag.py:2705} INFO - Sync 1 DAGs
[2024-09-28T13:00:05.395+0000] {logging_mixin.py:137} INFO - [2024-09-28T13:00:05.395+0000] {dag.py:3452} INFO - Setting next_dagrun for example_params_ui_tutorial to None, run_after=None
[2024-09-28T13:00:05.405+0000] {processor.py:175} INFO - Processing /usr/local/lib/python3.9/site-packages/airflow/example_dags/example_params_ui_tutorial.py took 0.064 seconds
[2024-09-28T13:34:49.122+0000] {processor.py:153} INFO - Started process (PID=85018) to work on /usr/local/lib/python3.9/site-packages/airflow/example_dags/example_params_ui_tutorial.py
[2024-09-28T13:34:49.123+0000] {processor.py:743} INFO - Processing file /usr/local/lib/python3.9/site-packages/airflow/example_dags/example_params_ui_tutorial.py for tasks to queue
[2024-09-28T13:34:49.124+0000] {logging_mixin.py:137} INFO - [2024-09-28T13:34:49.124+0000] {dagbag.py:532} INFO - Filling up the DagBag from /usr/local/lib/python3.9/site-packages/airflow/example_dags/example_params_ui_tutorial.py
[2024-09-28T13:34:49.142+0000] {processor.py:753} INFO - DAG(s) dict_keys(['example_params_ui_tutorial']) retrieved from /usr/local/lib/python3.9/site-packages/airflow/example_dags/example_params_ui_tutorial.py
[2024-09-28T13:34:49.166+0000] {logging_mixin.py:137} INFO - [2024-09-28T13:34:49.166+0000] {dag.py:2705} INFO - Sync 1 DAGs
[2024-09-28T13:34:49.176+0000] {logging_mixin.py:137} INFO - [2024-09-28T13:34:49.176+0000] {dag.py:3452} INFO - Setting next_dagrun for example_params_ui_tutorial to None, run_after=None
[2024-09-28T13:34:49.185+0000] {processor.py:175} INFO - Processing /usr/local/lib/python3.9/site-packages/airflow/example_dags/example_params_ui_tutorial.py took 0.064 seconds
[2024-09-28T13:35:19.232+0000] {processor.py:153} INFO - Started process (PID=85229) to work on /usr/local/lib/python3.9/site-packages/airflow/example_dags/example_params_ui_tutorial.py
[2024-09-28T13:35:19.233+0000] {processor.py:743} INFO - Processing file /usr/local/lib/python3.9/site-packages/airflow/example_dags/example_params_ui_tutorial.py for tasks to queue
[2024-09-28T13:35:19.234+0000] {logging_mixin.py:137} INFO - [2024-09-28T13:35:19.234+0000] {dagbag.py:532} INFO - Filling up the DagBag from /usr/local/lib/python3.9/site-packages/airflow/example_dags/example_params_ui_tutorial.py
[2024-09-28T13:35:19.253+0000] {processor.py:753} INFO - DAG(s) dict_keys(['example_params_ui_tutorial']) retrieved from /usr/local/lib/python3.9/site-packages/airflow/example_dags/example_params_ui_tutorial.py
[2024-09-28T13:35:19.273+0000] {logging_mixin.py:137} INFO - [2024-09-28T13:35:19.273+0000] {dag.py:2705} INFO - Sync 1 DAGs
[2024-09-28T13:35:19.283+0000] {logging_mixin.py:137} INFO - [2024-09-28T13:35:19.283+0000] {dag.py:3452} INFO - Setting next_dagrun for example_params_ui_tutorial to None, run_after=None
[2024-09-28T13:35:19.295+0000] {processor.py:175} INFO - Processing /usr/local/lib/python3.9/site-packages/airflow/example_dags/example_params_ui_tutorial.py took 0.065 seconds
[2024-09-28T13:43:14.523+0000] {processor.py:153} INFO - Started process (PID=85440) to work on /usr/local/lib/python3.9/site-packages/airflow/example_dags/example_params_ui_tutorial.py
[2024-09-28T13:43:14.524+0000] {processor.py:743} INFO - Processing file /usr/local/lib/python3.9/site-packages/airflow/example_dags/example_params_ui_tutorial.py for tasks to queue
[2024-09-28T13:43:14.525+0000] {logging_mixin.py:137} INFO - [2024-09-28T13:43:14.524+0000] {dagbag.py:532} INFO - Filling up the DagBag from /usr/local/lib/python3.9/site-packages/airflow/example_dags/example_params_ui_tutorial.py
[2024-09-28T13:43:14.552+0000] {processor.py:753} INFO - DAG(s) dict_keys(['example_params_ui_tutorial']) retrieved from /usr/local/lib/python3.9/site-packages/airflow/example_dags/example_params_ui_tutorial.py
[2024-09-28T13:43:14.591+0000] {logging_mixin.py:137} INFO - [2024-09-28T13:43:14.591+0000] {dag.py:2705} INFO - Sync 1 DAGs
[2024-09-28T13:43:14.607+0000] {logging_mixin.py:137} INFO - [2024-09-28T13:43:14.607+0000] {dag.py:3452} INFO - Setting next_dagrun for example_params_ui_tutorial to None, run_after=None
[2024-09-28T13:43:14.620+0000] {processor.py:175} INFO - Processing /usr/local/lib/python3.9/site-packages/airflow/example_dags/example_params_ui_tutorial.py took 0.100 seconds
