[2024-09-28T00:33:03.500+0000] {processor.py:153} INFO - Started process (PID=82580) to work on /usr/local/lib/python3.9/site-packages/airflow/example_dags/example_time_delta_sensor_async.py
[2024-09-28T00:33:03.502+0000] {processor.py:743} INFO - Processing file /usr/local/lib/python3.9/site-packages/airflow/example_dags/example_time_delta_sensor_async.py for tasks to queue
[2024-09-28T00:33:03.503+0000] {logging_mixin.py:137} INFO - [2024-09-28T00:33:03.502+0000] {dagbag.py:532} INFO - Filling up the DagBag from /usr/local/lib/python3.9/site-packages/airflow/example_dags/example_time_delta_sensor_async.py
[2024-09-28T00:33:03.510+0000] {processor.py:753} INFO - DAG(s) dict_keys(['example_time_delta_sensor_async']) retrieved from /usr/local/lib/python3.9/site-packages/airflow/example_dags/example_time_delta_sensor_async.py
[2024-09-28T00:33:03.529+0000] {logging_mixin.py:137} INFO - [2024-09-28T00:33:03.529+0000] {dag.py:2705} INFO - Sync 1 DAGs
[2024-09-28T00:33:03.539+0000] {logging_mixin.py:137} INFO - [2024-09-28T00:33:03.539+0000] {dag.py:3452} INFO - Setting next_dagrun for example_time_delta_sensor_async to None, run_after=None
[2024-09-28T00:33:03.552+0000] {processor.py:175} INFO - Processing /usr/local/lib/python3.9/site-packages/airflow/example_dags/example_time_delta_sensor_async.py took 0.055 seconds
[2024-09-28T01:50:05.054+0000] {processor.py:153} INFO - Started process (PID=82792) to work on /usr/local/lib/python3.9/site-packages/airflow/example_dags/example_time_delta_sensor_async.py
[2024-09-28T01:50:05.057+0000] {processor.py:743} INFO - Processing file /usr/local/lib/python3.9/site-packages/airflow/example_dags/example_time_delta_sensor_async.py for tasks to queue
[2024-09-28T01:50:05.058+0000] {logging_mixin.py:137} INFO - [2024-09-28T01:50:05.058+0000] {dagbag.py:532} INFO - Filling up the DagBag from /usr/local/lib/python3.9/site-packages/airflow/example_dags/example_time_delta_sensor_async.py
[2024-09-28T01:50:05.080+0000] {processor.py:753} INFO - DAG(s) dict_keys(['example_time_delta_sensor_async']) retrieved from /usr/local/lib/python3.9/site-packages/airflow/example_dags/example_time_delta_sensor_async.py
[2024-09-28T01:50:05.099+0000] {logging_mixin.py:137} INFO - [2024-09-28T01:50:05.099+0000] {dag.py:2705} INFO - Sync 1 DAGs
[2024-09-28T01:50:05.121+0000] {logging_mixin.py:137} INFO - [2024-09-28T01:50:05.121+0000] {dag.py:3452} INFO - Setting next_dagrun for example_time_delta_sensor_async to None, run_after=None
[2024-09-28T01:50:05.137+0000] {processor.py:175} INFO - Processing /usr/local/lib/python3.9/site-packages/airflow/example_dags/example_time_delta_sensor_async.py took 0.087 seconds
[2024-09-28T03:19:36.059+0000] {processor.py:153} INFO - Started process (PID=83005) to work on /usr/local/lib/python3.9/site-packages/airflow/example_dags/example_time_delta_sensor_async.py
[2024-09-28T03:19:36.060+0000] {processor.py:743} INFO - Processing file /usr/local/lib/python3.9/site-packages/airflow/example_dags/example_time_delta_sensor_async.py for tasks to queue
[2024-09-28T03:19:36.060+0000] {logging_mixin.py:137} INFO - [2024-09-28T03:19:36.060+0000] {dagbag.py:532} INFO - Filling up the DagBag from /usr/local/lib/python3.9/site-packages/airflow/example_dags/example_time_delta_sensor_async.py
[2024-09-28T03:19:36.066+0000] {processor.py:753} INFO - DAG(s) dict_keys(['example_time_delta_sensor_async']) retrieved from /usr/local/lib/python3.9/site-packages/airflow/example_dags/example_time_delta_sensor_async.py
[2024-09-28T03:19:36.077+0000] {logging_mixin.py:137} INFO - [2024-09-28T03:19:36.077+0000] {dag.py:2705} INFO - Sync 1 DAGs
[2024-09-28T03:19:36.086+0000] {logging_mixin.py:137} INFO - [2024-09-28T03:19:36.086+0000] {dag.py:3452} INFO - Setting next_dagrun for example_time_delta_sensor_async to None, run_after=None
[2024-09-28T03:19:36.097+0000] {processor.py:175} INFO - Processing /usr/local/lib/python3.9/site-packages/airflow/example_dags/example_time_delta_sensor_async.py took 0.040 seconds
[2024-09-28T04:20:43.016+0000] {processor.py:153} INFO - Started process (PID=83214) to work on /usr/local/lib/python3.9/site-packages/airflow/example_dags/example_time_delta_sensor_async.py
[2024-09-28T04:20:43.017+0000] {processor.py:743} INFO - Processing file /usr/local/lib/python3.9/site-packages/airflow/example_dags/example_time_delta_sensor_async.py for tasks to queue
[2024-09-28T04:20:43.017+0000] {logging_mixin.py:137} INFO - [2024-09-28T04:20:43.017+0000] {dagbag.py:532} INFO - Filling up the DagBag from /usr/local/lib/python3.9/site-packages/airflow/example_dags/example_time_delta_sensor_async.py
[2024-09-28T04:20:43.024+0000] {processor.py:753} INFO - DAG(s) dict_keys(['example_time_delta_sensor_async']) retrieved from /usr/local/lib/python3.9/site-packages/airflow/example_dags/example_time_delta_sensor_async.py
[2024-09-28T04:20:43.068+0000] {logging_mixin.py:137} INFO - [2024-09-28T04:20:43.067+0000] {dag.py:2705} INFO - Sync 1 DAGs
[2024-09-28T04:20:43.112+0000] {logging_mixin.py:137} INFO - [2024-09-28T04:20:43.112+0000] {dag.py:3452} INFO - Setting next_dagrun for example_time_delta_sensor_async to None, run_after=None
[2024-09-28T04:20:43.134+0000] {processor.py:175} INFO - Processing /usr/local/lib/python3.9/site-packages/airflow/example_dags/example_time_delta_sensor_async.py took 0.120 seconds
[2024-09-28T05:59:39.095+0000] {processor.py:153} INFO - Started process (PID=83426) to work on /usr/local/lib/python3.9/site-packages/airflow/example_dags/example_time_delta_sensor_async.py
[2024-09-28T05:59:39.095+0000] {processor.py:743} INFO - Processing file /usr/local/lib/python3.9/site-packages/airflow/example_dags/example_time_delta_sensor_async.py for tasks to queue
[2024-09-28T05:59:39.096+0000] {logging_mixin.py:137} INFO - [2024-09-28T05:59:39.096+0000] {dagbag.py:532} INFO - Filling up the DagBag from /usr/local/lib/python3.9/site-packages/airflow/example_dags/example_time_delta_sensor_async.py
[2024-09-28T05:59:39.103+0000] {processor.py:753} INFO - DAG(s) dict_keys(['example_time_delta_sensor_async']) retrieved from /usr/local/lib/python3.9/site-packages/airflow/example_dags/example_time_delta_sensor_async.py
[2024-09-28T05:59:39.113+0000] {logging_mixin.py:137} INFO - [2024-09-28T05:59:39.113+0000] {dag.py:2705} INFO - Sync 1 DAGs
[2024-09-28T05:59:39.122+0000] {logging_mixin.py:137} INFO - [2024-09-28T05:59:39.122+0000] {dag.py:3452} INFO - Setting next_dagrun for example_time_delta_sensor_async to None, run_after=None
[2024-09-28T05:59:39.133+0000] {processor.py:175} INFO - Processing /usr/local/lib/python3.9/site-packages/airflow/example_dags/example_time_delta_sensor_async.py took 0.040 seconds
[2024-09-28T07:11:50.631+0000] {processor.py:153} INFO - Started process (PID=83637) to work on /usr/local/lib/python3.9/site-packages/airflow/example_dags/example_time_delta_sensor_async.py
[2024-09-28T07:11:50.632+0000] {processor.py:743} INFO - Processing file /usr/local/lib/python3.9/site-packages/airflow/example_dags/example_time_delta_sensor_async.py for tasks to queue
[2024-09-28T07:11:50.632+0000] {logging_mixin.py:137} INFO - [2024-09-28T07:11:50.632+0000] {dagbag.py:532} INFO - Filling up the DagBag from /usr/local/lib/python3.9/site-packages/airflow/example_dags/example_time_delta_sensor_async.py
[2024-09-28T07:11:50.638+0000] {processor.py:753} INFO - DAG(s) dict_keys(['example_time_delta_sensor_async']) retrieved from /usr/local/lib/python3.9/site-packages/airflow/example_dags/example_time_delta_sensor_async.py
[2024-09-28T07:11:50.648+0000] {logging_mixin.py:137} INFO - [2024-09-28T07:11:50.648+0000] {dag.py:2705} INFO - Sync 1 DAGs
[2024-09-28T07:11:50.660+0000] {logging_mixin.py:137} INFO - [2024-09-28T07:11:50.660+0000] {dag.py:3452} INFO - Setting next_dagrun for example_time_delta_sensor_async to None, run_after=None
[2024-09-28T07:11:50.673+0000] {processor.py:175} INFO - Processing /usr/local/lib/python3.9/site-packages/airflow/example_dags/example_time_delta_sensor_async.py took 0.043 seconds
[2024-09-28T08:16:48.493+0000] {processor.py:153} INFO - Started process (PID=83848) to work on /usr/local/lib/python3.9/site-packages/airflow/example_dags/example_time_delta_sensor_async.py
[2024-09-28T08:16:48.495+0000] {processor.py:743} INFO - Processing file /usr/local/lib/python3.9/site-packages/airflow/example_dags/example_time_delta_sensor_async.py for tasks to queue
[2024-09-28T08:16:48.495+0000] {logging_mixin.py:137} INFO - [2024-09-28T08:16:48.495+0000] {dagbag.py:532} INFO - Filling up the DagBag from /usr/local/lib/python3.9/site-packages/airflow/example_dags/example_time_delta_sensor_async.py
[2024-09-28T08:16:48.501+0000] {processor.py:753} INFO - DAG(s) dict_keys(['example_time_delta_sensor_async']) retrieved from /usr/local/lib/python3.9/site-packages/airflow/example_dags/example_time_delta_sensor_async.py
[2024-09-28T08:16:48.513+0000] {logging_mixin.py:137} INFO - [2024-09-28T08:16:48.513+0000] {dag.py:2705} INFO - Sync 1 DAGs
[2024-09-28T08:16:48.523+0000] {logging_mixin.py:137} INFO - [2024-09-28T08:16:48.523+0000] {dag.py:3452} INFO - Setting next_dagrun for example_time_delta_sensor_async to None, run_after=None
[2024-09-28T08:16:48.532+0000] {processor.py:175} INFO - Processing /usr/local/lib/python3.9/site-packages/airflow/example_dags/example_time_delta_sensor_async.py took 0.040 seconds
[2024-09-28T09:53:29.277+0000] {processor.py:153} INFO - Started process (PID=84059) to work on /usr/local/lib/python3.9/site-packages/airflow/example_dags/example_time_delta_sensor_async.py
[2024-09-28T09:53:29.279+0000] {processor.py:743} INFO - Processing file /usr/local/lib/python3.9/site-packages/airflow/example_dags/example_time_delta_sensor_async.py for tasks to queue
[2024-09-28T09:53:29.280+0000] {logging_mixin.py:137} INFO - [2024-09-28T09:53:29.279+0000] {dagbag.py:532} INFO - Filling up the DagBag from /usr/local/lib/python3.9/site-packages/airflow/example_dags/example_time_delta_sensor_async.py
[2024-09-28T09:53:29.288+0000] {processor.py:753} INFO - DAG(s) dict_keys(['example_time_delta_sensor_async']) retrieved from /usr/local/lib/python3.9/site-packages/airflow/example_dags/example_time_delta_sensor_async.py
[2024-09-28T09:53:29.304+0000] {logging_mixin.py:137} INFO - [2024-09-28T09:53:29.304+0000] {dag.py:2705} INFO - Sync 1 DAGs
[2024-09-28T09:53:29.313+0000] {logging_mixin.py:137} INFO - [2024-09-28T09:53:29.313+0000] {dag.py:3452} INFO - Setting next_dagrun for example_time_delta_sensor_async to None, run_after=None
[2024-09-28T09:53:29.324+0000] {processor.py:175} INFO - Processing /usr/local/lib/python3.9/site-packages/airflow/example_dags/example_time_delta_sensor_async.py took 0.048 seconds
[2024-09-28T11:08:26.663+0000] {processor.py:153} INFO - Started process (PID=84270) to work on /usr/local/lib/python3.9/site-packages/airflow/example_dags/example_time_delta_sensor_async.py
[2024-09-28T11:08:26.664+0000] {processor.py:743} INFO - Processing file /usr/local/lib/python3.9/site-packages/airflow/example_dags/example_time_delta_sensor_async.py for tasks to queue
[2024-09-28T11:08:26.664+0000] {logging_mixin.py:137} INFO - [2024-09-28T11:08:26.664+0000] {dagbag.py:532} INFO - Filling up the DagBag from /usr/local/lib/python3.9/site-packages/airflow/example_dags/example_time_delta_sensor_async.py
[2024-09-28T11:08:26.670+0000] {processor.py:753} INFO - DAG(s) dict_keys(['example_time_delta_sensor_async']) retrieved from /usr/local/lib/python3.9/site-packages/airflow/example_dags/example_time_delta_sensor_async.py
[2024-09-28T11:08:26.682+0000] {logging_mixin.py:137} INFO - [2024-09-28T11:08:26.682+0000] {dag.py:2705} INFO - Sync 1 DAGs
[2024-09-28T11:08:26.693+0000] {logging_mixin.py:137} INFO - [2024-09-28T11:08:26.693+0000] {dag.py:3452} INFO - Setting next_dagrun for example_time_delta_sensor_async to None, run_after=None
[2024-09-28T11:08:26.702+0000] {processor.py:175} INFO - Processing /usr/local/lib/python3.9/site-packages/airflow/example_dags/example_time_delta_sensor_async.py took 0.041 seconds
[2024-09-28T12:19:38.578+0000] {processor.py:153} INFO - Started process (PID=84481) to work on /usr/local/lib/python3.9/site-packages/airflow/example_dags/example_time_delta_sensor_async.py
[2024-09-28T12:19:38.580+0000] {processor.py:743} INFO - Processing file /usr/local/lib/python3.9/site-packages/airflow/example_dags/example_time_delta_sensor_async.py for tasks to queue
[2024-09-28T12:19:38.581+0000] {logging_mixin.py:137} INFO - [2024-09-28T12:19:38.581+0000] {dagbag.py:532} INFO - Filling up the DagBag from /usr/local/lib/python3.9/site-packages/airflow/example_dags/example_time_delta_sensor_async.py
[2024-09-28T12:19:38.587+0000] {processor.py:753} INFO - DAG(s) dict_keys(['example_time_delta_sensor_async']) retrieved from /usr/local/lib/python3.9/site-packages/airflow/example_dags/example_time_delta_sensor_async.py
[2024-09-28T12:19:38.602+0000] {logging_mixin.py:137} INFO - [2024-09-28T12:19:38.602+0000] {dag.py:2705} INFO - Sync 1 DAGs
[2024-09-28T12:19:38.611+0000] {logging_mixin.py:137} INFO - [2024-09-28T12:19:38.611+0000] {dag.py:3452} INFO - Setting next_dagrun for example_time_delta_sensor_async to None, run_after=None
[2024-09-28T12:19:38.619+0000] {processor.py:175} INFO - Processing /usr/local/lib/python3.9/site-packages/airflow/example_dags/example_time_delta_sensor_async.py took 0.045 seconds
[2024-09-28T13:00:04.586+0000] {processor.py:153} INFO - Started process (PID=84692) to work on /usr/local/lib/python3.9/site-packages/airflow/example_dags/example_time_delta_sensor_async.py
[2024-09-28T13:00:04.587+0000] {processor.py:743} INFO - Processing file /usr/local/lib/python3.9/site-packages/airflow/example_dags/example_time_delta_sensor_async.py for tasks to queue
[2024-09-28T13:00:04.587+0000] {logging_mixin.py:137} INFO - [2024-09-28T13:00:04.587+0000] {dagbag.py:532} INFO - Filling up the DagBag from /usr/local/lib/python3.9/site-packages/airflow/example_dags/example_time_delta_sensor_async.py
[2024-09-28T13:00:04.594+0000] {processor.py:753} INFO - DAG(s) dict_keys(['example_time_delta_sensor_async']) retrieved from /usr/local/lib/python3.9/site-packages/airflow/example_dags/example_time_delta_sensor_async.py
[2024-09-28T13:00:04.608+0000] {logging_mixin.py:137} INFO - [2024-09-28T13:00:04.608+0000] {dag.py:2705} INFO - Sync 1 DAGs
[2024-09-28T13:00:04.618+0000] {logging_mixin.py:137} INFO - [2024-09-28T13:00:04.618+0000] {dag.py:3452} INFO - Setting next_dagrun for example_time_delta_sensor_async to None, run_after=None
[2024-09-28T13:00:04.628+0000] {processor.py:175} INFO - Processing /usr/local/lib/python3.9/site-packages/airflow/example_dags/example_time_delta_sensor_async.py took 0.044 seconds
[2024-09-28T13:34:47.680+0000] {processor.py:153} INFO - Started process (PID=84903) to work on /usr/local/lib/python3.9/site-packages/airflow/example_dags/example_time_delta_sensor_async.py
[2024-09-28T13:34:47.684+0000] {processor.py:743} INFO - Processing file /usr/local/lib/python3.9/site-packages/airflow/example_dags/example_time_delta_sensor_async.py for tasks to queue
[2024-09-28T13:34:47.687+0000] {logging_mixin.py:137} INFO - [2024-09-28T13:34:47.686+0000] {dagbag.py:532} INFO - Filling up the DagBag from /usr/local/lib/python3.9/site-packages/airflow/example_dags/example_time_delta_sensor_async.py
[2024-09-28T13:34:47.823+0000] {processor.py:753} INFO - DAG(s) dict_keys(['example_time_delta_sensor_async']) retrieved from /usr/local/lib/python3.9/site-packages/airflow/example_dags/example_time_delta_sensor_async.py
[2024-09-28T13:34:47.972+0000] {logging_mixin.py:137} INFO - [2024-09-28T13:34:47.972+0000] {dag.py:2705} INFO - Sync 1 DAGs
[2024-09-28T13:34:48.017+0000] {logging_mixin.py:137} INFO - [2024-09-28T13:34:48.017+0000] {dag.py:3452} INFO - Setting next_dagrun for example_time_delta_sensor_async to None, run_after=None
[2024-09-28T13:34:48.045+0000] {processor.py:175} INFO - Processing /usr/local/lib/python3.9/site-packages/airflow/example_dags/example_time_delta_sensor_async.py took 0.397 seconds
[2024-09-28T13:35:18.429+0000] {processor.py:153} INFO - Started process (PID=85114) to work on /usr/local/lib/python3.9/site-packages/airflow/example_dags/example_time_delta_sensor_async.py
[2024-09-28T13:35:18.434+0000] {processor.py:743} INFO - Processing file /usr/local/lib/python3.9/site-packages/airflow/example_dags/example_time_delta_sensor_async.py for tasks to queue
[2024-09-28T13:35:18.434+0000] {logging_mixin.py:137} INFO - [2024-09-28T13:35:18.434+0000] {dagbag.py:532} INFO - Filling up the DagBag from /usr/local/lib/python3.9/site-packages/airflow/example_dags/example_time_delta_sensor_async.py
[2024-09-28T13:35:18.440+0000] {processor.py:753} INFO - DAG(s) dict_keys(['example_time_delta_sensor_async']) retrieved from /usr/local/lib/python3.9/site-packages/airflow/example_dags/example_time_delta_sensor_async.py
[2024-09-28T13:35:18.453+0000] {logging_mixin.py:137} INFO - [2024-09-28T13:35:18.453+0000] {dag.py:2705} INFO - Sync 1 DAGs
[2024-09-28T13:35:18.463+0000] {logging_mixin.py:137} INFO - [2024-09-28T13:35:18.463+0000] {dag.py:3452} INFO - Setting next_dagrun for example_time_delta_sensor_async to None, run_after=None
[2024-09-28T13:35:18.472+0000] {processor.py:175} INFO - Processing /usr/local/lib/python3.9/site-packages/airflow/example_dags/example_time_delta_sensor_async.py took 0.044 seconds
[2024-09-28T13:43:13.617+0000] {processor.py:153} INFO - Started process (PID=85325) to work on /usr/local/lib/python3.9/site-packages/airflow/example_dags/example_time_delta_sensor_async.py
[2024-09-28T13:43:13.617+0000] {processor.py:743} INFO - Processing file /usr/local/lib/python3.9/site-packages/airflow/example_dags/example_time_delta_sensor_async.py for tasks to queue
[2024-09-28T13:43:13.618+0000] {logging_mixin.py:137} INFO - [2024-09-28T13:43:13.618+0000] {dagbag.py:532} INFO - Filling up the DagBag from /usr/local/lib/python3.9/site-packages/airflow/example_dags/example_time_delta_sensor_async.py
[2024-09-28T13:43:13.624+0000] {processor.py:753} INFO - DAG(s) dict_keys(['example_time_delta_sensor_async']) retrieved from /usr/local/lib/python3.9/site-packages/airflow/example_dags/example_time_delta_sensor_async.py
[2024-09-28T13:43:13.635+0000] {logging_mixin.py:137} INFO - [2024-09-28T13:43:13.635+0000] {dag.py:2705} INFO - Sync 1 DAGs
[2024-09-28T13:43:13.651+0000] {logging_mixin.py:137} INFO - [2024-09-28T13:43:13.651+0000] {dag.py:3452} INFO - Setting next_dagrun for example_time_delta_sensor_async to None, run_after=None
[2024-09-28T13:43:13.663+0000] {processor.py:175} INFO - Processing /usr/local/lib/python3.9/site-packages/airflow/example_dags/example_time_delta_sensor_async.py took 0.048 seconds
