[2024-09-28T00:33:03.734+0000] {processor.py:153} INFO - Started process (PID=82606) to work on /usr/local/lib/python3.9/site-packages/airflow/example_dags/example_python_operator.py
[2024-09-28T00:33:03.735+0000] {processor.py:743} INFO - Processing file /usr/local/lib/python3.9/site-packages/airflow/example_dags/example_python_operator.py for tasks to queue
[2024-09-28T00:33:03.736+0000] {logging_mixin.py:137} INFO - [2024-09-28T00:33:03.736+0000] {dagbag.py:532} INFO - Filling up the DagBag from /usr/local/lib/python3.9/site-packages/airflow/example_dags/example_python_operator.py
[2024-09-28T00:33:03.746+0000] {logging_mixin.py:137} INFO - [2024-09-28T00:33:03.746+0000] {taskmixin.py:211} WARNING - Dependency <Task(_PythonDecoratedOperator): print_the_context>, log_sql_query already registered for DAG: example_python_operator
[2024-09-28T00:33:03.746+0000] {logging_mixin.py:137} INFO - [2024-09-28T00:33:03.746+0000] {taskmixin.py:211} WARNING - Dependency <Task(_PythonDecoratedOperator): log_sql_query>, print_the_context already registered for DAG: example_python_operator
[2024-09-28T00:33:03.746+0000] {logging_mixin.py:137} INFO - [2024-09-28T00:33:03.746+0000] {taskmixin.py:211} WARNING - Dependency <Task(_PythonDecoratedOperator): print_the_context>, log_sql_query already registered for DAG: example_python_operator
[2024-09-28T00:33:03.746+0000] {logging_mixin.py:137} INFO - [2024-09-28T00:33:03.746+0000] {taskmixin.py:211} WARNING - Dependency <Task(_PythonDecoratedOperator): log_sql_query>, print_the_context already registered for DAG: example_python_operator
[2024-09-28T00:33:03.747+0000] {logging_mixin.py:137} INFO - [2024-09-28T00:33:03.747+0000] {taskmixin.py:211} WARNING - Dependency <Task(_PythonDecoratedOperator): print_the_context>, log_sql_query already registered for DAG: example_python_operator
[2024-09-28T00:33:03.747+0000] {logging_mixin.py:137} INFO - [2024-09-28T00:33:03.747+0000] {taskmixin.py:211} WARNING - Dependency <Task(_PythonDecoratedOperator): log_sql_query>, print_the_context already registered for DAG: example_python_operator
[2024-09-28T00:33:03.747+0000] {logging_mixin.py:137} INFO - [2024-09-28T00:33:03.747+0000] {taskmixin.py:211} WARNING - Dependency <Task(_PythonDecoratedOperator): print_the_context>, log_sql_query already registered for DAG: example_python_operator
[2024-09-28T00:33:03.747+0000] {logging_mixin.py:137} INFO - [2024-09-28T00:33:03.747+0000] {taskmixin.py:211} WARNING - Dependency <Task(_PythonDecoratedOperator): log_sql_query>, print_the_context already registered for DAG: example_python_operator
[2024-09-28T00:33:03.748+0000] {logging_mixin.py:137} INFO - [2024-09-28T00:33:03.748+0000] {example_python_operator.py:90} WARNING - The virtalenv_python example task requires virtualenv, please install it.
[2024-09-28T00:33:03.751+0000] {processor.py:753} INFO - DAG(s) dict_keys(['example_python_operator']) retrieved from /usr/local/lib/python3.9/site-packages/airflow/example_dags/example_python_operator.py
[2024-09-28T00:33:03.766+0000] {logging_mixin.py:137} INFO - [2024-09-28T00:33:03.766+0000] {dag.py:2705} INFO - Sync 1 DAGs
[2024-09-28T00:33:03.778+0000] {logging_mixin.py:137} INFO - [2024-09-28T00:33:03.778+0000] {dag.py:3452} INFO - Setting next_dagrun for example_python_operator to None, run_after=None
[2024-09-28T00:33:03.791+0000] {processor.py:175} INFO - Processing /usr/local/lib/python3.9/site-packages/airflow/example_dags/example_python_operator.py took 0.060 seconds
[2024-09-28T01:50:05.283+0000] {processor.py:153} INFO - Started process (PID=82817) to work on /usr/local/lib/python3.9/site-packages/airflow/example_dags/example_python_operator.py
[2024-09-28T01:50:05.283+0000] {processor.py:743} INFO - Processing file /usr/local/lib/python3.9/site-packages/airflow/example_dags/example_python_operator.py for tasks to queue
[2024-09-28T01:50:05.284+0000] {logging_mixin.py:137} INFO - [2024-09-28T01:50:05.284+0000] {dagbag.py:532} INFO - Filling up the DagBag from /usr/local/lib/python3.9/site-packages/airflow/example_dags/example_python_operator.py
[2024-09-28T01:50:05.292+0000] {logging_mixin.py:137} INFO - [2024-09-28T01:50:05.292+0000] {taskmixin.py:211} WARNING - Dependency <Task(_PythonDecoratedOperator): print_the_context>, log_sql_query already registered for DAG: example_python_operator
[2024-09-28T01:50:05.292+0000] {logging_mixin.py:137} INFO - [2024-09-28T01:50:05.292+0000] {taskmixin.py:211} WARNING - Dependency <Task(_PythonDecoratedOperator): log_sql_query>, print_the_context already registered for DAG: example_python_operator
[2024-09-28T01:50:05.294+0000] {logging_mixin.py:137} INFO - [2024-09-28T01:50:05.294+0000] {taskmixin.py:211} WARNING - Dependency <Task(_PythonDecoratedOperator): print_the_context>, log_sql_query already registered for DAG: example_python_operator
[2024-09-28T01:50:05.294+0000] {logging_mixin.py:137} INFO - [2024-09-28T01:50:05.294+0000] {taskmixin.py:211} WARNING - Dependency <Task(_PythonDecoratedOperator): log_sql_query>, print_the_context already registered for DAG: example_python_operator
[2024-09-28T01:50:05.295+0000] {logging_mixin.py:137} INFO - [2024-09-28T01:50:05.295+0000] {taskmixin.py:211} WARNING - Dependency <Task(_PythonDecoratedOperator): print_the_context>, log_sql_query already registered for DAG: example_python_operator
[2024-09-28T01:50:05.295+0000] {logging_mixin.py:137} INFO - [2024-09-28T01:50:05.295+0000] {taskmixin.py:211} WARNING - Dependency <Task(_PythonDecoratedOperator): log_sql_query>, print_the_context already registered for DAG: example_python_operator
[2024-09-28T01:50:05.295+0000] {logging_mixin.py:137} INFO - [2024-09-28T01:50:05.295+0000] {taskmixin.py:211} WARNING - Dependency <Task(_PythonDecoratedOperator): print_the_context>, log_sql_query already registered for DAG: example_python_operator
[2024-09-28T01:50:05.295+0000] {logging_mixin.py:137} INFO - [2024-09-28T01:50:05.295+0000] {taskmixin.py:211} WARNING - Dependency <Task(_PythonDecoratedOperator): log_sql_query>, print_the_context already registered for DAG: example_python_operator
[2024-09-28T01:50:05.296+0000] {logging_mixin.py:137} INFO - [2024-09-28T01:50:05.295+0000] {example_python_operator.py:90} WARNING - The virtalenv_python example task requires virtualenv, please install it.
[2024-09-28T01:50:05.299+0000] {processor.py:753} INFO - DAG(s) dict_keys(['example_python_operator']) retrieved from /usr/local/lib/python3.9/site-packages/airflow/example_dags/example_python_operator.py
[2024-09-28T01:50:05.316+0000] {logging_mixin.py:137} INFO - [2024-09-28T01:50:05.316+0000] {dag.py:2705} INFO - Sync 1 DAGs
[2024-09-28T01:50:05.329+0000] {logging_mixin.py:137} INFO - [2024-09-28T01:50:05.329+0000] {dag.py:3452} INFO - Setting next_dagrun for example_python_operator to None, run_after=None
[2024-09-28T01:50:05.337+0000] {processor.py:175} INFO - Processing /usr/local/lib/python3.9/site-packages/airflow/example_dags/example_python_operator.py took 0.057 seconds
[2024-09-28T03:19:36.225+0000] {processor.py:153} INFO - Started process (PID=83030) to work on /usr/local/lib/python3.9/site-packages/airflow/example_dags/example_python_operator.py
[2024-09-28T03:19:36.226+0000] {processor.py:743} INFO - Processing file /usr/local/lib/python3.9/site-packages/airflow/example_dags/example_python_operator.py for tasks to queue
[2024-09-28T03:19:36.226+0000] {logging_mixin.py:137} INFO - [2024-09-28T03:19:36.226+0000] {dagbag.py:532} INFO - Filling up the DagBag from /usr/local/lib/python3.9/site-packages/airflow/example_dags/example_python_operator.py
[2024-09-28T03:19:36.234+0000] {logging_mixin.py:137} INFO - [2024-09-28T03:19:36.234+0000] {taskmixin.py:211} WARNING - Dependency <Task(_PythonDecoratedOperator): print_the_context>, log_sql_query already registered for DAG: example_python_operator
[2024-09-28T03:19:36.235+0000] {logging_mixin.py:137} INFO - [2024-09-28T03:19:36.235+0000] {taskmixin.py:211} WARNING - Dependency <Task(_PythonDecoratedOperator): log_sql_query>, print_the_context already registered for DAG: example_python_operator
[2024-09-28T03:19:36.238+0000] {logging_mixin.py:137} INFO - [2024-09-28T03:19:36.238+0000] {taskmixin.py:211} WARNING - Dependency <Task(_PythonDecoratedOperator): print_the_context>, log_sql_query already registered for DAG: example_python_operator
[2024-09-28T03:19:36.238+0000] {logging_mixin.py:137} INFO - [2024-09-28T03:19:36.238+0000] {taskmixin.py:211} WARNING - Dependency <Task(_PythonDecoratedOperator): log_sql_query>, print_the_context already registered for DAG: example_python_operator
[2024-09-28T03:19:36.238+0000] {logging_mixin.py:137} INFO - [2024-09-28T03:19:36.238+0000] {taskmixin.py:211} WARNING - Dependency <Task(_PythonDecoratedOperator): print_the_context>, log_sql_query already registered for DAG: example_python_operator
[2024-09-28T03:19:36.239+0000] {logging_mixin.py:137} INFO - [2024-09-28T03:19:36.238+0000] {taskmixin.py:211} WARNING - Dependency <Task(_PythonDecoratedOperator): log_sql_query>, print_the_context already registered for DAG: example_python_operator
[2024-09-28T03:19:36.239+0000] {logging_mixin.py:137} INFO - [2024-09-28T03:19:36.239+0000] {taskmixin.py:211} WARNING - Dependency <Task(_PythonDecoratedOperator): print_the_context>, log_sql_query already registered for DAG: example_python_operator
[2024-09-28T03:19:36.239+0000] {logging_mixin.py:137} INFO - [2024-09-28T03:19:36.239+0000] {taskmixin.py:211} WARNING - Dependency <Task(_PythonDecoratedOperator): log_sql_query>, print_the_context already registered for DAG: example_python_operator
[2024-09-28T03:19:36.239+0000] {logging_mixin.py:137} INFO - [2024-09-28T03:19:36.239+0000] {example_python_operator.py:90} WARNING - The virtalenv_python example task requires virtualenv, please install it.
[2024-09-28T03:19:36.241+0000] {processor.py:753} INFO - DAG(s) dict_keys(['example_python_operator']) retrieved from /usr/local/lib/python3.9/site-packages/airflow/example_dags/example_python_operator.py
[2024-09-28T03:19:36.255+0000] {logging_mixin.py:137} INFO - [2024-09-28T03:19:36.255+0000] {dag.py:2705} INFO - Sync 1 DAGs
[2024-09-28T03:19:36.267+0000] {logging_mixin.py:137} INFO - [2024-09-28T03:19:36.267+0000] {dag.py:3452} INFO - Setting next_dagrun for example_python_operator to None, run_after=None
[2024-09-28T03:19:36.278+0000] {processor.py:175} INFO - Processing /usr/local/lib/python3.9/site-packages/airflow/example_dags/example_python_operator.py took 0.054 seconds
[2024-09-28T04:20:43.307+0000] {processor.py:153} INFO - Started process (PID=83239) to work on /usr/local/lib/python3.9/site-packages/airflow/example_dags/example_python_operator.py
[2024-09-28T04:20:43.308+0000] {processor.py:743} INFO - Processing file /usr/local/lib/python3.9/site-packages/airflow/example_dags/example_python_operator.py for tasks to queue
[2024-09-28T04:20:43.309+0000] {logging_mixin.py:137} INFO - [2024-09-28T04:20:43.309+0000] {dagbag.py:532} INFO - Filling up the DagBag from /usr/local/lib/python3.9/site-packages/airflow/example_dags/example_python_operator.py
[2024-09-28T04:20:43.322+0000] {logging_mixin.py:137} INFO - [2024-09-28T04:20:43.322+0000] {taskmixin.py:211} WARNING - Dependency <Task(_PythonDecoratedOperator): print_the_context>, log_sql_query already registered for DAG: example_python_operator
[2024-09-28T04:20:43.323+0000] {logging_mixin.py:137} INFO - [2024-09-28T04:20:43.323+0000] {taskmixin.py:211} WARNING - Dependency <Task(_PythonDecoratedOperator): log_sql_query>, print_the_context already registered for DAG: example_python_operator
[2024-09-28T04:20:43.323+0000] {logging_mixin.py:137} INFO - [2024-09-28T04:20:43.323+0000] {taskmixin.py:211} WARNING - Dependency <Task(_PythonDecoratedOperator): print_the_context>, log_sql_query already registered for DAG: example_python_operator
[2024-09-28T04:20:43.323+0000] {logging_mixin.py:137} INFO - [2024-09-28T04:20:43.323+0000] {taskmixin.py:211} WARNING - Dependency <Task(_PythonDecoratedOperator): log_sql_query>, print_the_context already registered for DAG: example_python_operator
[2024-09-28T04:20:43.324+0000] {logging_mixin.py:137} INFO - [2024-09-28T04:20:43.324+0000] {taskmixin.py:211} WARNING - Dependency <Task(_PythonDecoratedOperator): print_the_context>, log_sql_query already registered for DAG: example_python_operator
[2024-09-28T04:20:43.324+0000] {logging_mixin.py:137} INFO - [2024-09-28T04:20:43.324+0000] {taskmixin.py:211} WARNING - Dependency <Task(_PythonDecoratedOperator): log_sql_query>, print_the_context already registered for DAG: example_python_operator
[2024-09-28T04:20:43.324+0000] {logging_mixin.py:137} INFO - [2024-09-28T04:20:43.324+0000] {taskmixin.py:211} WARNING - Dependency <Task(_PythonDecoratedOperator): print_the_context>, log_sql_query already registered for DAG: example_python_operator
[2024-09-28T04:20:43.324+0000] {logging_mixin.py:137} INFO - [2024-09-28T04:20:43.324+0000] {taskmixin.py:211} WARNING - Dependency <Task(_PythonDecoratedOperator): log_sql_query>, print_the_context already registered for DAG: example_python_operator
[2024-09-28T04:20:43.325+0000] {logging_mixin.py:137} INFO - [2024-09-28T04:20:43.325+0000] {example_python_operator.py:90} WARNING - The virtalenv_python example task requires virtualenv, please install it.
[2024-09-28T04:20:43.327+0000] {processor.py:753} INFO - DAG(s) dict_keys(['example_python_operator']) retrieved from /usr/local/lib/python3.9/site-packages/airflow/example_dags/example_python_operator.py
[2024-09-28T04:20:43.344+0000] {logging_mixin.py:137} INFO - [2024-09-28T04:20:43.344+0000] {dag.py:2705} INFO - Sync 1 DAGs
[2024-09-28T04:20:43.355+0000] {logging_mixin.py:137} INFO - [2024-09-28T04:20:43.354+0000] {dag.py:3452} INFO - Setting next_dagrun for example_python_operator to None, run_after=None
[2024-09-28T04:20:43.362+0000] {processor.py:175} INFO - Processing /usr/local/lib/python3.9/site-packages/airflow/example_dags/example_python_operator.py took 0.059 seconds
[2024-09-28T05:59:39.250+0000] {processor.py:153} INFO - Started process (PID=83451) to work on /usr/local/lib/python3.9/site-packages/airflow/example_dags/example_python_operator.py
[2024-09-28T05:59:39.253+0000] {processor.py:743} INFO - Processing file /usr/local/lib/python3.9/site-packages/airflow/example_dags/example_python_operator.py for tasks to queue
[2024-09-28T05:59:39.253+0000] {logging_mixin.py:137} INFO - [2024-09-28T05:59:39.253+0000] {dagbag.py:532} INFO - Filling up the DagBag from /usr/local/lib/python3.9/site-packages/airflow/example_dags/example_python_operator.py
[2024-09-28T05:59:39.261+0000] {logging_mixin.py:137} INFO - [2024-09-28T05:59:39.261+0000] {taskmixin.py:211} WARNING - Dependency <Task(_PythonDecoratedOperator): print_the_context>, log_sql_query already registered for DAG: example_python_operator
[2024-09-28T05:59:39.261+0000] {logging_mixin.py:137} INFO - [2024-09-28T05:59:39.261+0000] {taskmixin.py:211} WARNING - Dependency <Task(_PythonDecoratedOperator): log_sql_query>, print_the_context already registered for DAG: example_python_operator
[2024-09-28T05:59:39.262+0000] {logging_mixin.py:137} INFO - [2024-09-28T05:59:39.262+0000] {taskmixin.py:211} WARNING - Dependency <Task(_PythonDecoratedOperator): print_the_context>, log_sql_query already registered for DAG: example_python_operator
[2024-09-28T05:59:39.262+0000] {logging_mixin.py:137} INFO - [2024-09-28T05:59:39.262+0000] {taskmixin.py:211} WARNING - Dependency <Task(_PythonDecoratedOperator): log_sql_query>, print_the_context already registered for DAG: example_python_operator
[2024-09-28T05:59:39.262+0000] {logging_mixin.py:137} INFO - [2024-09-28T05:59:39.262+0000] {taskmixin.py:211} WARNING - Dependency <Task(_PythonDecoratedOperator): print_the_context>, log_sql_query already registered for DAG: example_python_operator
[2024-09-28T05:59:39.263+0000] {logging_mixin.py:137} INFO - [2024-09-28T05:59:39.262+0000] {taskmixin.py:211} WARNING - Dependency <Task(_PythonDecoratedOperator): log_sql_query>, print_the_context already registered for DAG: example_python_operator
[2024-09-28T05:59:39.263+0000] {logging_mixin.py:137} INFO - [2024-09-28T05:59:39.263+0000] {taskmixin.py:211} WARNING - Dependency <Task(_PythonDecoratedOperator): print_the_context>, log_sql_query already registered for DAG: example_python_operator
[2024-09-28T05:59:39.265+0000] {logging_mixin.py:137} INFO - [2024-09-28T05:59:39.264+0000] {taskmixin.py:211} WARNING - Dependency <Task(_PythonDecoratedOperator): log_sql_query>, print_the_context already registered for DAG: example_python_operator
[2024-09-28T05:59:39.265+0000] {logging_mixin.py:137} INFO - [2024-09-28T05:59:39.265+0000] {example_python_operator.py:90} WARNING - The virtalenv_python example task requires virtualenv, please install it.
[2024-09-28T05:59:39.268+0000] {processor.py:753} INFO - DAG(s) dict_keys(['example_python_operator']) retrieved from /usr/local/lib/python3.9/site-packages/airflow/example_dags/example_python_operator.py
[2024-09-28T05:59:39.285+0000] {logging_mixin.py:137} INFO - [2024-09-28T05:59:39.284+0000] {dag.py:2705} INFO - Sync 1 DAGs
[2024-09-28T05:59:39.298+0000] {logging_mixin.py:137} INFO - [2024-09-28T05:59:39.298+0000] {dag.py:3452} INFO - Setting next_dagrun for example_python_operator to None, run_after=None
[2024-09-28T05:59:39.308+0000] {processor.py:175} INFO - Processing /usr/local/lib/python3.9/site-packages/airflow/example_dags/example_python_operator.py took 0.060 seconds
[2024-09-28T07:11:50.757+0000] {processor.py:153} INFO - Started process (PID=83662) to work on /usr/local/lib/python3.9/site-packages/airflow/example_dags/example_python_operator.py
[2024-09-28T07:11:50.758+0000] {processor.py:743} INFO - Processing file /usr/local/lib/python3.9/site-packages/airflow/example_dags/example_python_operator.py for tasks to queue
[2024-09-28T07:11:50.759+0000] {logging_mixin.py:137} INFO - [2024-09-28T07:11:50.759+0000] {dagbag.py:532} INFO - Filling up the DagBag from /usr/local/lib/python3.9/site-packages/airflow/example_dags/example_python_operator.py
[2024-09-28T07:11:50.770+0000] {logging_mixin.py:137} INFO - [2024-09-28T07:11:50.770+0000] {taskmixin.py:211} WARNING - Dependency <Task(_PythonDecoratedOperator): print_the_context>, log_sql_query already registered for DAG: example_python_operator
[2024-09-28T07:11:50.770+0000] {logging_mixin.py:137} INFO - [2024-09-28T07:11:50.770+0000] {taskmixin.py:211} WARNING - Dependency <Task(_PythonDecoratedOperator): log_sql_query>, print_the_context already registered for DAG: example_python_operator
[2024-09-28T07:11:50.771+0000] {logging_mixin.py:137} INFO - [2024-09-28T07:11:50.771+0000] {taskmixin.py:211} WARNING - Dependency <Task(_PythonDecoratedOperator): print_the_context>, log_sql_query already registered for DAG: example_python_operator
[2024-09-28T07:11:50.771+0000] {logging_mixin.py:137} INFO - [2024-09-28T07:11:50.771+0000] {taskmixin.py:211} WARNING - Dependency <Task(_PythonDecoratedOperator): log_sql_query>, print_the_context already registered for DAG: example_python_operator
[2024-09-28T07:11:50.772+0000] {logging_mixin.py:137} INFO - [2024-09-28T07:11:50.772+0000] {taskmixin.py:211} WARNING - Dependency <Task(_PythonDecoratedOperator): print_the_context>, log_sql_query already registered for DAG: example_python_operator
[2024-09-28T07:11:50.772+0000] {logging_mixin.py:137} INFO - [2024-09-28T07:11:50.772+0000] {taskmixin.py:211} WARNING - Dependency <Task(_PythonDecoratedOperator): log_sql_query>, print_the_context already registered for DAG: example_python_operator
[2024-09-28T07:11:50.773+0000] {logging_mixin.py:137} INFO - [2024-09-28T07:11:50.773+0000] {taskmixin.py:211} WARNING - Dependency <Task(_PythonDecoratedOperator): print_the_context>, log_sql_query already registered for DAG: example_python_operator
[2024-09-28T07:11:50.777+0000] {logging_mixin.py:137} INFO - [2024-09-28T07:11:50.777+0000] {taskmixin.py:211} WARNING - Dependency <Task(_PythonDecoratedOperator): log_sql_query>, print_the_context already registered for DAG: example_python_operator
[2024-09-28T07:11:50.777+0000] {logging_mixin.py:137} INFO - [2024-09-28T07:11:50.777+0000] {example_python_operator.py:90} WARNING - The virtalenv_python example task requires virtualenv, please install it.
[2024-09-28T07:11:50.779+0000] {processor.py:753} INFO - DAG(s) dict_keys(['example_python_operator']) retrieved from /usr/local/lib/python3.9/site-packages/airflow/example_dags/example_python_operator.py
[2024-09-28T07:11:50.797+0000] {logging_mixin.py:137} INFO - [2024-09-28T07:11:50.797+0000] {dag.py:2705} INFO - Sync 1 DAGs
[2024-09-28T07:11:50.807+0000] {logging_mixin.py:137} INFO - [2024-09-28T07:11:50.807+0000] {dag.py:3452} INFO - Setting next_dagrun for example_python_operator to None, run_after=None
[2024-09-28T07:11:50.816+0000] {processor.py:175} INFO - Processing /usr/local/lib/python3.9/site-packages/airflow/example_dags/example_python_operator.py took 0.061 seconds
[2024-09-28T08:16:48.666+0000] {processor.py:153} INFO - Started process (PID=83873) to work on /usr/local/lib/python3.9/site-packages/airflow/example_dags/example_python_operator.py
[2024-09-28T08:16:48.667+0000] {processor.py:743} INFO - Processing file /usr/local/lib/python3.9/site-packages/airflow/example_dags/example_python_operator.py for tasks to queue
[2024-09-28T08:16:48.668+0000] {logging_mixin.py:137} INFO - [2024-09-28T08:16:48.668+0000] {dagbag.py:532} INFO - Filling up the DagBag from /usr/local/lib/python3.9/site-packages/airflow/example_dags/example_python_operator.py
[2024-09-28T08:16:48.679+0000] {logging_mixin.py:137} INFO - [2024-09-28T08:16:48.679+0000] {taskmixin.py:211} WARNING - Dependency <Task(_PythonDecoratedOperator): print_the_context>, log_sql_query already registered for DAG: example_python_operator
[2024-09-28T08:16:48.679+0000] {logging_mixin.py:137} INFO - [2024-09-28T08:16:48.679+0000] {taskmixin.py:211} WARNING - Dependency <Task(_PythonDecoratedOperator): log_sql_query>, print_the_context already registered for DAG: example_python_operator
[2024-09-28T08:16:48.680+0000] {logging_mixin.py:137} INFO - [2024-09-28T08:16:48.680+0000] {taskmixin.py:211} WARNING - Dependency <Task(_PythonDecoratedOperator): print_the_context>, log_sql_query already registered for DAG: example_python_operator
[2024-09-28T08:16:48.680+0000] {logging_mixin.py:137} INFO - [2024-09-28T08:16:48.680+0000] {taskmixin.py:211} WARNING - Dependency <Task(_PythonDecoratedOperator): log_sql_query>, print_the_context already registered for DAG: example_python_operator
[2024-09-28T08:16:48.681+0000] {logging_mixin.py:137} INFO - [2024-09-28T08:16:48.681+0000] {taskmixin.py:211} WARNING - Dependency <Task(_PythonDecoratedOperator): print_the_context>, log_sql_query already registered for DAG: example_python_operator
[2024-09-28T08:16:48.681+0000] {logging_mixin.py:137} INFO - [2024-09-28T08:16:48.681+0000] {taskmixin.py:211} WARNING - Dependency <Task(_PythonDecoratedOperator): log_sql_query>, print_the_context already registered for DAG: example_python_operator
[2024-09-28T08:16:48.682+0000] {logging_mixin.py:137} INFO - [2024-09-28T08:16:48.682+0000] {taskmixin.py:211} WARNING - Dependency <Task(_PythonDecoratedOperator): print_the_context>, log_sql_query already registered for DAG: example_python_operator
[2024-09-28T08:16:48.682+0000] {logging_mixin.py:137} INFO - [2024-09-28T08:16:48.682+0000] {taskmixin.py:211} WARNING - Dependency <Task(_PythonDecoratedOperator): log_sql_query>, print_the_context already registered for DAG: example_python_operator
[2024-09-28T08:16:48.682+0000] {logging_mixin.py:137} INFO - [2024-09-28T08:16:48.682+0000] {example_python_operator.py:90} WARNING - The virtalenv_python example task requires virtualenv, please install it.
[2024-09-28T08:16:48.689+0000] {processor.py:753} INFO - DAG(s) dict_keys(['example_python_operator']) retrieved from /usr/local/lib/python3.9/site-packages/airflow/example_dags/example_python_operator.py
[2024-09-28T08:16:48.701+0000] {logging_mixin.py:137} INFO - [2024-09-28T08:16:48.701+0000] {dag.py:2705} INFO - Sync 1 DAGs
[2024-09-28T08:16:48.711+0000] {logging_mixin.py:137} INFO - [2024-09-28T08:16:48.711+0000] {dag.py:3452} INFO - Setting next_dagrun for example_python_operator to None, run_after=None
[2024-09-28T08:16:48.720+0000] {processor.py:175} INFO - Processing /usr/local/lib/python3.9/site-packages/airflow/example_dags/example_python_operator.py took 0.058 seconds
[2024-09-28T09:53:29.437+0000] {processor.py:153} INFO - Started process (PID=84084) to work on /usr/local/lib/python3.9/site-packages/airflow/example_dags/example_python_operator.py
[2024-09-28T09:53:29.439+0000] {processor.py:743} INFO - Processing file /usr/local/lib/python3.9/site-packages/airflow/example_dags/example_python_operator.py for tasks to queue
[2024-09-28T09:53:29.439+0000] {logging_mixin.py:137} INFO - [2024-09-28T09:53:29.439+0000] {dagbag.py:532} INFO - Filling up the DagBag from /usr/local/lib/python3.9/site-packages/airflow/example_dags/example_python_operator.py
[2024-09-28T09:53:29.448+0000] {logging_mixin.py:137} INFO - [2024-09-28T09:53:29.448+0000] {taskmixin.py:211} WARNING - Dependency <Task(_PythonDecoratedOperator): print_the_context>, log_sql_query already registered for DAG: example_python_operator
[2024-09-28T09:53:29.448+0000] {logging_mixin.py:137} INFO - [2024-09-28T09:53:29.448+0000] {taskmixin.py:211} WARNING - Dependency <Task(_PythonDecoratedOperator): log_sql_query>, print_the_context already registered for DAG: example_python_operator
[2024-09-28T09:53:29.449+0000] {logging_mixin.py:137} INFO - [2024-09-28T09:53:29.449+0000] {taskmixin.py:211} WARNING - Dependency <Task(_PythonDecoratedOperator): print_the_context>, log_sql_query already registered for DAG: example_python_operator
[2024-09-28T09:53:29.449+0000] {logging_mixin.py:137} INFO - [2024-09-28T09:53:29.449+0000] {taskmixin.py:211} WARNING - Dependency <Task(_PythonDecoratedOperator): log_sql_query>, print_the_context already registered for DAG: example_python_operator
[2024-09-28T09:53:29.449+0000] {logging_mixin.py:137} INFO - [2024-09-28T09:53:29.449+0000] {taskmixin.py:211} WARNING - Dependency <Task(_PythonDecoratedOperator): print_the_context>, log_sql_query already registered for DAG: example_python_operator
[2024-09-28T09:53:29.449+0000] {logging_mixin.py:137} INFO - [2024-09-28T09:53:29.449+0000] {taskmixin.py:211} WARNING - Dependency <Task(_PythonDecoratedOperator): log_sql_query>, print_the_context already registered for DAG: example_python_operator
[2024-09-28T09:53:29.450+0000] {logging_mixin.py:137} INFO - [2024-09-28T09:53:29.450+0000] {taskmixin.py:211} WARNING - Dependency <Task(_PythonDecoratedOperator): print_the_context>, log_sql_query already registered for DAG: example_python_operator
[2024-09-28T09:53:29.450+0000] {logging_mixin.py:137} INFO - [2024-09-28T09:53:29.450+0000] {taskmixin.py:211} WARNING - Dependency <Task(_PythonDecoratedOperator): log_sql_query>, print_the_context already registered for DAG: example_python_operator
[2024-09-28T09:53:29.451+0000] {logging_mixin.py:137} INFO - [2024-09-28T09:53:29.451+0000] {example_python_operator.py:90} WARNING - The virtalenv_python example task requires virtualenv, please install it.
[2024-09-28T09:53:29.453+0000] {processor.py:753} INFO - DAG(s) dict_keys(['example_python_operator']) retrieved from /usr/local/lib/python3.9/site-packages/airflow/example_dags/example_python_operator.py
[2024-09-28T09:53:29.470+0000] {logging_mixin.py:137} INFO - [2024-09-28T09:53:29.470+0000] {dag.py:2705} INFO - Sync 1 DAGs
[2024-09-28T09:53:29.482+0000] {logging_mixin.py:137} INFO - [2024-09-28T09:53:29.482+0000] {dag.py:3452} INFO - Setting next_dagrun for example_python_operator to None, run_after=None
[2024-09-28T09:53:29.493+0000] {processor.py:175} INFO - Processing /usr/local/lib/python3.9/site-packages/airflow/example_dags/example_python_operator.py took 0.058 seconds
[2024-09-28T11:08:26.800+0000] {processor.py:153} INFO - Started process (PID=84295) to work on /usr/local/lib/python3.9/site-packages/airflow/example_dags/example_python_operator.py
[2024-09-28T11:08:26.801+0000] {processor.py:743} INFO - Processing file /usr/local/lib/python3.9/site-packages/airflow/example_dags/example_python_operator.py for tasks to queue
[2024-09-28T11:08:26.801+0000] {logging_mixin.py:137} INFO - [2024-09-28T11:08:26.801+0000] {dagbag.py:532} INFO - Filling up the DagBag from /usr/local/lib/python3.9/site-packages/airflow/example_dags/example_python_operator.py
[2024-09-28T11:08:26.809+0000] {logging_mixin.py:137} INFO - [2024-09-28T11:08:26.809+0000] {taskmixin.py:211} WARNING - Dependency <Task(_PythonDecoratedOperator): print_the_context>, log_sql_query already registered for DAG: example_python_operator
[2024-09-28T11:08:26.809+0000] {logging_mixin.py:137} INFO - [2024-09-28T11:08:26.809+0000] {taskmixin.py:211} WARNING - Dependency <Task(_PythonDecoratedOperator): log_sql_query>, print_the_context already registered for DAG: example_python_operator
[2024-09-28T11:08:26.809+0000] {logging_mixin.py:137} INFO - [2024-09-28T11:08:26.809+0000] {taskmixin.py:211} WARNING - Dependency <Task(_PythonDecoratedOperator): print_the_context>, log_sql_query already registered for DAG: example_python_operator
[2024-09-28T11:08:26.809+0000] {logging_mixin.py:137} INFO - [2024-09-28T11:08:26.809+0000] {taskmixin.py:211} WARNING - Dependency <Task(_PythonDecoratedOperator): log_sql_query>, print_the_context already registered for DAG: example_python_operator
[2024-09-28T11:08:26.809+0000] {logging_mixin.py:137} INFO - [2024-09-28T11:08:26.809+0000] {taskmixin.py:211} WARNING - Dependency <Task(_PythonDecoratedOperator): print_the_context>, log_sql_query already registered for DAG: example_python_operator
[2024-09-28T11:08:26.810+0000] {logging_mixin.py:137} INFO - [2024-09-28T11:08:26.810+0000] {taskmixin.py:211} WARNING - Dependency <Task(_PythonDecoratedOperator): log_sql_query>, print_the_context already registered for DAG: example_python_operator
[2024-09-28T11:08:26.810+0000] {logging_mixin.py:137} INFO - [2024-09-28T11:08:26.810+0000] {taskmixin.py:211} WARNING - Dependency <Task(_PythonDecoratedOperator): print_the_context>, log_sql_query already registered for DAG: example_python_operator
[2024-09-28T11:08:26.810+0000] {logging_mixin.py:137} INFO - [2024-09-28T11:08:26.810+0000] {taskmixin.py:211} WARNING - Dependency <Task(_PythonDecoratedOperator): log_sql_query>, print_the_context already registered for DAG: example_python_operator
[2024-09-28T11:08:26.810+0000] {logging_mixin.py:137} INFO - [2024-09-28T11:08:26.810+0000] {example_python_operator.py:90} WARNING - The virtalenv_python example task requires virtualenv, please install it.
[2024-09-28T11:08:26.812+0000] {processor.py:753} INFO - DAG(s) dict_keys(['example_python_operator']) retrieved from /usr/local/lib/python3.9/site-packages/airflow/example_dags/example_python_operator.py
[2024-09-28T11:08:26.827+0000] {logging_mixin.py:137} INFO - [2024-09-28T11:08:26.827+0000] {dag.py:2705} INFO - Sync 1 DAGs
[2024-09-28T11:08:26.840+0000] {logging_mixin.py:137} INFO - [2024-09-28T11:08:26.840+0000] {dag.py:3452} INFO - Setting next_dagrun for example_python_operator to None, run_after=None
[2024-09-28T11:08:26.849+0000] {processor.py:175} INFO - Processing /usr/local/lib/python3.9/site-packages/airflow/example_dags/example_python_operator.py took 0.051 seconds
[2024-09-28T12:19:38.746+0000] {processor.py:153} INFO - Started process (PID=84506) to work on /usr/local/lib/python3.9/site-packages/airflow/example_dags/example_python_operator.py
[2024-09-28T12:19:38.746+0000] {processor.py:743} INFO - Processing file /usr/local/lib/python3.9/site-packages/airflow/example_dags/example_python_operator.py for tasks to queue
[2024-09-28T12:19:38.747+0000] {logging_mixin.py:137} INFO - [2024-09-28T12:19:38.747+0000] {dagbag.py:532} INFO - Filling up the DagBag from /usr/local/lib/python3.9/site-packages/airflow/example_dags/example_python_operator.py
[2024-09-28T12:19:38.754+0000] {logging_mixin.py:137} INFO - [2024-09-28T12:19:38.754+0000] {taskmixin.py:211} WARNING - Dependency <Task(_PythonDecoratedOperator): print_the_context>, log_sql_query already registered for DAG: example_python_operator
[2024-09-28T12:19:38.754+0000] {logging_mixin.py:137} INFO - [2024-09-28T12:19:38.754+0000] {taskmixin.py:211} WARNING - Dependency <Task(_PythonDecoratedOperator): log_sql_query>, print_the_context already registered for DAG: example_python_operator
[2024-09-28T12:19:38.755+0000] {logging_mixin.py:137} INFO - [2024-09-28T12:19:38.755+0000] {taskmixin.py:211} WARNING - Dependency <Task(_PythonDecoratedOperator): print_the_context>, log_sql_query already registered for DAG: example_python_operator
[2024-09-28T12:19:38.755+0000] {logging_mixin.py:137} INFO - [2024-09-28T12:19:38.755+0000] {taskmixin.py:211} WARNING - Dependency <Task(_PythonDecoratedOperator): log_sql_query>, print_the_context already registered for DAG: example_python_operator
[2024-09-28T12:19:38.755+0000] {logging_mixin.py:137} INFO - [2024-09-28T12:19:38.755+0000] {taskmixin.py:211} WARNING - Dependency <Task(_PythonDecoratedOperator): print_the_context>, log_sql_query already registered for DAG: example_python_operator
[2024-09-28T12:19:38.755+0000] {logging_mixin.py:137} INFO - [2024-09-28T12:19:38.755+0000] {taskmixin.py:211} WARNING - Dependency <Task(_PythonDecoratedOperator): log_sql_query>, print_the_context already registered for DAG: example_python_operator
[2024-09-28T12:19:38.755+0000] {logging_mixin.py:137} INFO - [2024-09-28T12:19:38.755+0000] {taskmixin.py:211} WARNING - Dependency <Task(_PythonDecoratedOperator): print_the_context>, log_sql_query already registered for DAG: example_python_operator
[2024-09-28T12:19:38.755+0000] {logging_mixin.py:137} INFO - [2024-09-28T12:19:38.755+0000] {taskmixin.py:211} WARNING - Dependency <Task(_PythonDecoratedOperator): log_sql_query>, print_the_context already registered for DAG: example_python_operator
[2024-09-28T12:19:38.756+0000] {logging_mixin.py:137} INFO - [2024-09-28T12:19:38.756+0000] {example_python_operator.py:90} WARNING - The virtalenv_python example task requires virtualenv, please install it.
[2024-09-28T12:19:38.758+0000] {processor.py:753} INFO - DAG(s) dict_keys(['example_python_operator']) retrieved from /usr/local/lib/python3.9/site-packages/airflow/example_dags/example_python_operator.py
[2024-09-28T12:19:38.771+0000] {logging_mixin.py:137} INFO - [2024-09-28T12:19:38.771+0000] {dag.py:2705} INFO - Sync 1 DAGs
[2024-09-28T12:19:38.781+0000] {logging_mixin.py:137} INFO - [2024-09-28T12:19:38.781+0000] {dag.py:3452} INFO - Setting next_dagrun for example_python_operator to None, run_after=None
[2024-09-28T12:19:38.792+0000] {processor.py:175} INFO - Processing /usr/local/lib/python3.9/site-packages/airflow/example_dags/example_python_operator.py took 0.048 seconds
[2024-09-28T13:00:04.748+0000] {processor.py:153} INFO - Started process (PID=84717) to work on /usr/local/lib/python3.9/site-packages/airflow/example_dags/example_python_operator.py
[2024-09-28T13:00:04.748+0000] {processor.py:743} INFO - Processing file /usr/local/lib/python3.9/site-packages/airflow/example_dags/example_python_operator.py for tasks to queue
[2024-09-28T13:00:04.749+0000] {logging_mixin.py:137} INFO - [2024-09-28T13:00:04.749+0000] {dagbag.py:532} INFO - Filling up the DagBag from /usr/local/lib/python3.9/site-packages/airflow/example_dags/example_python_operator.py
[2024-09-28T13:00:04.757+0000] {logging_mixin.py:137} INFO - [2024-09-28T13:00:04.756+0000] {taskmixin.py:211} WARNING - Dependency <Task(_PythonDecoratedOperator): print_the_context>, log_sql_query already registered for DAG: example_python_operator
[2024-09-28T13:00:04.757+0000] {logging_mixin.py:137} INFO - [2024-09-28T13:00:04.757+0000] {taskmixin.py:211} WARNING - Dependency <Task(_PythonDecoratedOperator): log_sql_query>, print_the_context already registered for DAG: example_python_operator
[2024-09-28T13:00:04.757+0000] {logging_mixin.py:137} INFO - [2024-09-28T13:00:04.757+0000] {taskmixin.py:211} WARNING - Dependency <Task(_PythonDecoratedOperator): print_the_context>, log_sql_query already registered for DAG: example_python_operator
[2024-09-28T13:00:04.757+0000] {logging_mixin.py:137} INFO - [2024-09-28T13:00:04.757+0000] {taskmixin.py:211} WARNING - Dependency <Task(_PythonDecoratedOperator): log_sql_query>, print_the_context already registered for DAG: example_python_operator
[2024-09-28T13:00:04.757+0000] {logging_mixin.py:137} INFO - [2024-09-28T13:00:04.757+0000] {taskmixin.py:211} WARNING - Dependency <Task(_PythonDecoratedOperator): print_the_context>, log_sql_query already registered for DAG: example_python_operator
[2024-09-28T13:00:04.757+0000] {logging_mixin.py:137} INFO - [2024-09-28T13:00:04.757+0000] {taskmixin.py:211} WARNING - Dependency <Task(_PythonDecoratedOperator): log_sql_query>, print_the_context already registered for DAG: example_python_operator
[2024-09-28T13:00:04.758+0000] {logging_mixin.py:137} INFO - [2024-09-28T13:00:04.758+0000] {taskmixin.py:211} WARNING - Dependency <Task(_PythonDecoratedOperator): print_the_context>, log_sql_query already registered for DAG: example_python_operator
[2024-09-28T13:00:04.758+0000] {logging_mixin.py:137} INFO - [2024-09-28T13:00:04.758+0000] {taskmixin.py:211} WARNING - Dependency <Task(_PythonDecoratedOperator): log_sql_query>, print_the_context already registered for DAG: example_python_operator
[2024-09-28T13:00:04.758+0000] {logging_mixin.py:137} INFO - [2024-09-28T13:00:04.758+0000] {example_python_operator.py:90} WARNING - The virtalenv_python example task requires virtualenv, please install it.
[2024-09-28T13:00:04.760+0000] {processor.py:753} INFO - DAG(s) dict_keys(['example_python_operator']) retrieved from /usr/local/lib/python3.9/site-packages/airflow/example_dags/example_python_operator.py
[2024-09-28T13:00:04.774+0000] {logging_mixin.py:137} INFO - [2024-09-28T13:00:04.773+0000] {dag.py:2705} INFO - Sync 1 DAGs
[2024-09-28T13:00:04.784+0000] {logging_mixin.py:137} INFO - [2024-09-28T13:00:04.784+0000] {dag.py:3452} INFO - Setting next_dagrun for example_python_operator to None, run_after=None
[2024-09-28T13:00:04.793+0000] {processor.py:175} INFO - Processing /usr/local/lib/python3.9/site-packages/airflow/example_dags/example_python_operator.py took 0.046 seconds
[2024-09-28T13:34:48.386+0000] {processor.py:153} INFO - Started process (PID=84930) to work on /usr/local/lib/python3.9/site-packages/airflow/example_dags/example_python_operator.py
[2024-09-28T13:34:48.387+0000] {processor.py:743} INFO - Processing file /usr/local/lib/python3.9/site-packages/airflow/example_dags/example_python_operator.py for tasks to queue
[2024-09-28T13:34:48.387+0000] {logging_mixin.py:137} INFO - [2024-09-28T13:34:48.387+0000] {dagbag.py:532} INFO - Filling up the DagBag from /usr/local/lib/python3.9/site-packages/airflow/example_dags/example_python_operator.py
[2024-09-28T13:34:48.401+0000] {logging_mixin.py:137} INFO - [2024-09-28T13:34:48.401+0000] {taskmixin.py:211} WARNING - Dependency <Task(_PythonDecoratedOperator): print_the_context>, log_sql_query already registered for DAG: example_python_operator
[2024-09-28T13:34:48.401+0000] {logging_mixin.py:137} INFO - [2024-09-28T13:34:48.401+0000] {taskmixin.py:211} WARNING - Dependency <Task(_PythonDecoratedOperator): log_sql_query>, print_the_context already registered for DAG: example_python_operator
[2024-09-28T13:34:48.402+0000] {logging_mixin.py:137} INFO - [2024-09-28T13:34:48.402+0000] {taskmixin.py:211} WARNING - Dependency <Task(_PythonDecoratedOperator): print_the_context>, log_sql_query already registered for DAG: example_python_operator
[2024-09-28T13:34:48.402+0000] {logging_mixin.py:137} INFO - [2024-09-28T13:34:48.402+0000] {taskmixin.py:211} WARNING - Dependency <Task(_PythonDecoratedOperator): log_sql_query>, print_the_context already registered for DAG: example_python_operator
[2024-09-28T13:34:48.402+0000] {logging_mixin.py:137} INFO - [2024-09-28T13:34:48.402+0000] {taskmixin.py:211} WARNING - Dependency <Task(_PythonDecoratedOperator): print_the_context>, log_sql_query already registered for DAG: example_python_operator
[2024-09-28T13:34:48.404+0000] {logging_mixin.py:137} INFO - [2024-09-28T13:34:48.404+0000] {taskmixin.py:211} WARNING - Dependency <Task(_PythonDecoratedOperator): log_sql_query>, print_the_context already registered for DAG: example_python_operator
[2024-09-28T13:34:48.405+0000] {logging_mixin.py:137} INFO - [2024-09-28T13:34:48.405+0000] {taskmixin.py:211} WARNING - Dependency <Task(_PythonDecoratedOperator): print_the_context>, log_sql_query already registered for DAG: example_python_operator
[2024-09-28T13:34:48.406+0000] {logging_mixin.py:137} INFO - [2024-09-28T13:34:48.406+0000] {taskmixin.py:211} WARNING - Dependency <Task(_PythonDecoratedOperator): log_sql_query>, print_the_context already registered for DAG: example_python_operator
[2024-09-28T13:34:48.406+0000] {logging_mixin.py:137} INFO - [2024-09-28T13:34:48.406+0000] {example_python_operator.py:90} WARNING - The virtalenv_python example task requires virtualenv, please install it.
[2024-09-28T13:34:48.409+0000] {processor.py:753} INFO - DAG(s) dict_keys(['example_python_operator']) retrieved from /usr/local/lib/python3.9/site-packages/airflow/example_dags/example_python_operator.py
[2024-09-28T13:34:48.428+0000] {logging_mixin.py:137} INFO - [2024-09-28T13:34:48.427+0000] {dag.py:2705} INFO - Sync 1 DAGs
[2024-09-28T13:34:48.454+0000] {logging_mixin.py:137} INFO - [2024-09-28T13:34:48.454+0000] {dag.py:3452} INFO - Setting next_dagrun for example_python_operator to None, run_after=None
[2024-09-28T13:34:48.471+0000] {processor.py:175} INFO - Processing /usr/local/lib/python3.9/site-packages/airflow/example_dags/example_python_operator.py took 0.086 seconds
[2024-09-28T13:35:18.592+0000] {processor.py:153} INFO - Started process (PID=85139) to work on /usr/local/lib/python3.9/site-packages/airflow/example_dags/example_python_operator.py
[2024-09-28T13:35:18.593+0000] {processor.py:743} INFO - Processing file /usr/local/lib/python3.9/site-packages/airflow/example_dags/example_python_operator.py for tasks to queue
[2024-09-28T13:35:18.593+0000] {logging_mixin.py:137} INFO - [2024-09-28T13:35:18.593+0000] {dagbag.py:532} INFO - Filling up the DagBag from /usr/local/lib/python3.9/site-packages/airflow/example_dags/example_python_operator.py
[2024-09-28T13:35:18.602+0000] {logging_mixin.py:137} INFO - [2024-09-28T13:35:18.602+0000] {taskmixin.py:211} WARNING - Dependency <Task(_PythonDecoratedOperator): print_the_context>, log_sql_query already registered for DAG: example_python_operator
[2024-09-28T13:35:18.602+0000] {logging_mixin.py:137} INFO - [2024-09-28T13:35:18.602+0000] {taskmixin.py:211} WARNING - Dependency <Task(_PythonDecoratedOperator): log_sql_query>, print_the_context already registered for DAG: example_python_operator
[2024-09-28T13:35:18.602+0000] {logging_mixin.py:137} INFO - [2024-09-28T13:35:18.602+0000] {taskmixin.py:211} WARNING - Dependency <Task(_PythonDecoratedOperator): print_the_context>, log_sql_query already registered for DAG: example_python_operator
[2024-09-28T13:35:18.602+0000] {logging_mixin.py:137} INFO - [2024-09-28T13:35:18.602+0000] {taskmixin.py:211} WARNING - Dependency <Task(_PythonDecoratedOperator): log_sql_query>, print_the_context already registered for DAG: example_python_operator
[2024-09-28T13:35:18.603+0000] {logging_mixin.py:137} INFO - [2024-09-28T13:35:18.603+0000] {taskmixin.py:211} WARNING - Dependency <Task(_PythonDecoratedOperator): print_the_context>, log_sql_query already registered for DAG: example_python_operator
[2024-09-28T13:35:18.603+0000] {logging_mixin.py:137} INFO - [2024-09-28T13:35:18.603+0000] {taskmixin.py:211} WARNING - Dependency <Task(_PythonDecoratedOperator): log_sql_query>, print_the_context already registered for DAG: example_python_operator
[2024-09-28T13:35:18.603+0000] {logging_mixin.py:137} INFO - [2024-09-28T13:35:18.603+0000] {taskmixin.py:211} WARNING - Dependency <Task(_PythonDecoratedOperator): print_the_context>, log_sql_query already registered for DAG: example_python_operator
[2024-09-28T13:35:18.603+0000] {logging_mixin.py:137} INFO - [2024-09-28T13:35:18.603+0000] {taskmixin.py:211} WARNING - Dependency <Task(_PythonDecoratedOperator): log_sql_query>, print_the_context already registered for DAG: example_python_operator
[2024-09-28T13:35:18.604+0000] {logging_mixin.py:137} INFO - [2024-09-28T13:35:18.604+0000] {example_python_operator.py:90} WARNING - The virtalenv_python example task requires virtualenv, please install it.
[2024-09-28T13:35:18.607+0000] {processor.py:753} INFO - DAG(s) dict_keys(['example_python_operator']) retrieved from /usr/local/lib/python3.9/site-packages/airflow/example_dags/example_python_operator.py
[2024-09-28T13:35:18.621+0000] {logging_mixin.py:137} INFO - [2024-09-28T13:35:18.621+0000] {dag.py:2705} INFO - Sync 1 DAGs
[2024-09-28T13:35:18.632+0000] {logging_mixin.py:137} INFO - [2024-09-28T13:35:18.632+0000] {dag.py:3452} INFO - Setting next_dagrun for example_python_operator to None, run_after=None
[2024-09-28T13:35:18.643+0000] {processor.py:175} INFO - Processing /usr/local/lib/python3.9/site-packages/airflow/example_dags/example_python_operator.py took 0.053 seconds
[2024-09-28T13:43:13.880+0000] {processor.py:153} INFO - Started process (PID=85352) to work on /usr/local/lib/python3.9/site-packages/airflow/example_dags/example_python_operator.py
[2024-09-28T13:43:13.880+0000] {processor.py:743} INFO - Processing file /usr/local/lib/python3.9/site-packages/airflow/example_dags/example_python_operator.py for tasks to queue
[2024-09-28T13:43:13.881+0000] {logging_mixin.py:137} INFO - [2024-09-28T13:43:13.881+0000] {dagbag.py:532} INFO - Filling up the DagBag from /usr/local/lib/python3.9/site-packages/airflow/example_dags/example_python_operator.py
[2024-09-28T13:43:13.891+0000] {logging_mixin.py:137} INFO - [2024-09-28T13:43:13.891+0000] {taskmixin.py:211} WARNING - Dependency <Task(_PythonDecoratedOperator): print_the_context>, log_sql_query already registered for DAG: example_python_operator
[2024-09-28T13:43:13.893+0000] {logging_mixin.py:137} INFO - [2024-09-28T13:43:13.893+0000] {taskmixin.py:211} WARNING - Dependency <Task(_PythonDecoratedOperator): log_sql_query>, print_the_context already registered for DAG: example_python_operator
[2024-09-28T13:43:13.893+0000] {logging_mixin.py:137} INFO - [2024-09-28T13:43:13.893+0000] {taskmixin.py:211} WARNING - Dependency <Task(_PythonDecoratedOperator): print_the_context>, log_sql_query already registered for DAG: example_python_operator
[2024-09-28T13:43:13.893+0000] {logging_mixin.py:137} INFO - [2024-09-28T13:43:13.893+0000] {taskmixin.py:211} WARNING - Dependency <Task(_PythonDecoratedOperator): log_sql_query>, print_the_context already registered for DAG: example_python_operator
[2024-09-28T13:43:13.893+0000] {logging_mixin.py:137} INFO - [2024-09-28T13:43:13.893+0000] {taskmixin.py:211} WARNING - Dependency <Task(_PythonDecoratedOperator): print_the_context>, log_sql_query already registered for DAG: example_python_operator
[2024-09-28T13:43:13.893+0000] {logging_mixin.py:137} INFO - [2024-09-28T13:43:13.893+0000] {taskmixin.py:211} WARNING - Dependency <Task(_PythonDecoratedOperator): log_sql_query>, print_the_context already registered for DAG: example_python_operator
[2024-09-28T13:43:13.894+0000] {logging_mixin.py:137} INFO - [2024-09-28T13:43:13.894+0000] {taskmixin.py:211} WARNING - Dependency <Task(_PythonDecoratedOperator): print_the_context>, log_sql_query already registered for DAG: example_python_operator
[2024-09-28T13:43:13.894+0000] {logging_mixin.py:137} INFO - [2024-09-28T13:43:13.894+0000] {taskmixin.py:211} WARNING - Dependency <Task(_PythonDecoratedOperator): log_sql_query>, print_the_context already registered for DAG: example_python_operator
[2024-09-28T13:43:13.894+0000] {logging_mixin.py:137} INFO - [2024-09-28T13:43:13.894+0000] {example_python_operator.py:90} WARNING - The virtalenv_python example task requires virtualenv, please install it.
[2024-09-28T13:43:13.896+0000] {processor.py:753} INFO - DAG(s) dict_keys(['example_python_operator']) retrieved from /usr/local/lib/python3.9/site-packages/airflow/example_dags/example_python_operator.py
[2024-09-28T13:43:13.912+0000] {logging_mixin.py:137} INFO - [2024-09-28T13:43:13.912+0000] {dag.py:2705} INFO - Sync 1 DAGs
[2024-09-28T13:43:13.923+0000] {logging_mixin.py:137} INFO - [2024-09-28T13:43:13.923+0000] {dag.py:3452} INFO - Setting next_dagrun for example_python_operator to None, run_after=None
[2024-09-28T13:43:13.934+0000] {processor.py:175} INFO - Processing /usr/local/lib/python3.9/site-packages/airflow/example_dags/example_python_operator.py took 0.057 seconds
