[2024-09-28T00:33:04.186+0000] {processor.py:153} INFO - Started process (PID=82663) to work on /usr/local/lib/python3.9/site-packages/airflow/example_dags/example_local_kubernetes_executor.py
[2024-09-28T00:33:04.186+0000] {processor.py:743} INFO - Processing file /usr/local/lib/python3.9/site-packages/airflow/example_dags/example_local_kubernetes_executor.py for tasks to queue
[2024-09-28T00:33:04.186+0000] {logging_mixin.py:137} INFO - [2024-09-28T00:33:04.186+0000] {dagbag.py:532} INFO - Filling up the DagBag from /usr/local/lib/python3.9/site-packages/airflow/example_dags/example_local_kubernetes_executor.py
[2024-09-28T00:33:04.195+0000] {logging_mixin.py:137} INFO - [2024-09-28T00:33:04.194+0000] {example_local_kubernetes_executor.py:39} WARNING - Could not import DAGs in example_local_kubernetes_executor.py
Traceback (most recent call last):
  File "/usr/local/lib/python3.9/site-packages/airflow/example_dags/example_local_kubernetes_executor.py", line 37, in <module>
    from kubernetes.client import models as k8s
ModuleNotFoundError: No module named 'kubernetes'
[2024-09-28T00:33:04.195+0000] {logging_mixin.py:137} INFO - [2024-09-28T00:33:04.195+0000] {example_local_kubernetes_executor.py:40} WARNING - Install Kubernetes dependencies with: pip install apache-airflow[cncf.kubernetes]
[2024-09-28T00:33:04.195+0000] {processor.py:755} WARNING - No viable dags retrieved from /usr/local/lib/python3.9/site-packages/airflow/example_dags/example_local_kubernetes_executor.py
[2024-09-28T00:33:04.201+0000] {processor.py:175} INFO - Processing /usr/local/lib/python3.9/site-packages/airflow/example_dags/example_local_kubernetes_executor.py took 0.018 seconds
[2024-09-28T01:50:05.722+0000] {processor.py:153} INFO - Started process (PID=82872) to work on /usr/local/lib/python3.9/site-packages/airflow/example_dags/example_local_kubernetes_executor.py
[2024-09-28T01:50:05.725+0000] {processor.py:743} INFO - Processing file /usr/local/lib/python3.9/site-packages/airflow/example_dags/example_local_kubernetes_executor.py for tasks to queue
[2024-09-28T01:50:05.727+0000] {logging_mixin.py:137} INFO - [2024-09-28T01:50:05.727+0000] {dagbag.py:532} INFO - Filling up the DagBag from /usr/local/lib/python3.9/site-packages/airflow/example_dags/example_local_kubernetes_executor.py
[2024-09-28T01:50:05.752+0000] {logging_mixin.py:137} INFO - [2024-09-28T01:50:05.751+0000] {example_local_kubernetes_executor.py:39} WARNING - Could not import DAGs in example_local_kubernetes_executor.py
Traceback (most recent call last):
  File "/usr/local/lib/python3.9/site-packages/airflow/example_dags/example_local_kubernetes_executor.py", line 37, in <module>
    from kubernetes.client import models as k8s
ModuleNotFoundError: No module named 'kubernetes'
[2024-09-28T01:50:05.752+0000] {logging_mixin.py:137} INFO - [2024-09-28T01:50:05.752+0000] {example_local_kubernetes_executor.py:40} WARNING - Install Kubernetes dependencies with: pip install apache-airflow[cncf.kubernetes]
[2024-09-28T01:50:05.752+0000] {processor.py:755} WARNING - No viable dags retrieved from /usr/local/lib/python3.9/site-packages/airflow/example_dags/example_local_kubernetes_executor.py
[2024-09-28T01:50:05.766+0000] {processor.py:175} INFO - Processing /usr/local/lib/python3.9/site-packages/airflow/example_dags/example_local_kubernetes_executor.py took 0.050 seconds
[2024-09-28T03:19:36.646+0000] {processor.py:153} INFO - Started process (PID=83083) to work on /usr/local/lib/python3.9/site-packages/airflow/example_dags/example_local_kubernetes_executor.py
[2024-09-28T03:19:36.646+0000] {processor.py:743} INFO - Processing file /usr/local/lib/python3.9/site-packages/airflow/example_dags/example_local_kubernetes_executor.py for tasks to queue
[2024-09-28T03:19:36.647+0000] {logging_mixin.py:137} INFO - [2024-09-28T03:19:36.647+0000] {dagbag.py:532} INFO - Filling up the DagBag from /usr/local/lib/python3.9/site-packages/airflow/example_dags/example_local_kubernetes_executor.py
[2024-09-28T03:19:36.659+0000] {logging_mixin.py:137} INFO - [2024-09-28T03:19:36.659+0000] {example_local_kubernetes_executor.py:39} WARNING - Could not import DAGs in example_local_kubernetes_executor.py
Traceback (most recent call last):
  File "/usr/local/lib/python3.9/site-packages/airflow/example_dags/example_local_kubernetes_executor.py", line 37, in <module>
    from kubernetes.client import models as k8s
ModuleNotFoundError: No module named 'kubernetes'
[2024-09-28T03:19:36.659+0000] {logging_mixin.py:137} INFO - [2024-09-28T03:19:36.659+0000] {example_local_kubernetes_executor.py:40} WARNING - Install Kubernetes dependencies with: pip install apache-airflow[cncf.kubernetes]
[2024-09-28T03:19:36.660+0000] {processor.py:755} WARNING - No viable dags retrieved from /usr/local/lib/python3.9/site-packages/airflow/example_dags/example_local_kubernetes_executor.py
[2024-09-28T03:19:36.668+0000] {processor.py:175} INFO - Processing /usr/local/lib/python3.9/site-packages/airflow/example_dags/example_local_kubernetes_executor.py took 0.024 seconds
[2024-09-28T04:20:43.742+0000] {processor.py:153} INFO - Started process (PID=83294) to work on /usr/local/lib/python3.9/site-packages/airflow/example_dags/example_local_kubernetes_executor.py
[2024-09-28T04:20:43.743+0000] {processor.py:743} INFO - Processing file /usr/local/lib/python3.9/site-packages/airflow/example_dags/example_local_kubernetes_executor.py for tasks to queue
[2024-09-28T04:20:43.743+0000] {logging_mixin.py:137} INFO - [2024-09-28T04:20:43.743+0000] {dagbag.py:532} INFO - Filling up the DagBag from /usr/local/lib/python3.9/site-packages/airflow/example_dags/example_local_kubernetes_executor.py
[2024-09-28T04:20:43.751+0000] {logging_mixin.py:137} INFO - [2024-09-28T04:20:43.750+0000] {example_local_kubernetes_executor.py:39} WARNING - Could not import DAGs in example_local_kubernetes_executor.py
Traceback (most recent call last):
  File "/usr/local/lib/python3.9/site-packages/airflow/example_dags/example_local_kubernetes_executor.py", line 37, in <module>
    from kubernetes.client import models as k8s
ModuleNotFoundError: No module named 'kubernetes'
[2024-09-28T04:20:43.752+0000] {logging_mixin.py:137} INFO - [2024-09-28T04:20:43.752+0000] {example_local_kubernetes_executor.py:40} WARNING - Install Kubernetes dependencies with: pip install apache-airflow[cncf.kubernetes]
[2024-09-28T04:20:43.752+0000] {processor.py:755} WARNING - No viable dags retrieved from /usr/local/lib/python3.9/site-packages/airflow/example_dags/example_local_kubernetes_executor.py
[2024-09-28T04:20:43.761+0000] {processor.py:175} INFO - Processing /usr/local/lib/python3.9/site-packages/airflow/example_dags/example_local_kubernetes_executor.py took 0.024 seconds
[2024-09-28T05:59:39.649+0000] {processor.py:153} INFO - Started process (PID=83508) to work on /usr/local/lib/python3.9/site-packages/airflow/example_dags/example_local_kubernetes_executor.py
[2024-09-28T05:59:39.649+0000] {processor.py:743} INFO - Processing file /usr/local/lib/python3.9/site-packages/airflow/example_dags/example_local_kubernetes_executor.py for tasks to queue
[2024-09-28T05:59:39.649+0000] {logging_mixin.py:137} INFO - [2024-09-28T05:59:39.649+0000] {dagbag.py:532} INFO - Filling up the DagBag from /usr/local/lib/python3.9/site-packages/airflow/example_dags/example_local_kubernetes_executor.py
[2024-09-28T05:59:39.656+0000] {logging_mixin.py:137} INFO - [2024-09-28T05:59:39.656+0000] {example_local_kubernetes_executor.py:39} WARNING - Could not import DAGs in example_local_kubernetes_executor.py
Traceback (most recent call last):
  File "/usr/local/lib/python3.9/site-packages/airflow/example_dags/example_local_kubernetes_executor.py", line 37, in <module>
    from kubernetes.client import models as k8s
ModuleNotFoundError: No module named 'kubernetes'
[2024-09-28T05:59:39.656+0000] {logging_mixin.py:137} INFO - [2024-09-28T05:59:39.656+0000] {example_local_kubernetes_executor.py:40} WARNING - Install Kubernetes dependencies with: pip install apache-airflow[cncf.kubernetes]
[2024-09-28T05:59:39.656+0000] {processor.py:755} WARNING - No viable dags retrieved from /usr/local/lib/python3.9/site-packages/airflow/example_dags/example_local_kubernetes_executor.py
[2024-09-28T05:59:39.662+0000] {processor.py:175} INFO - Processing /usr/local/lib/python3.9/site-packages/airflow/example_dags/example_local_kubernetes_executor.py took 0.015 seconds
[2024-09-28T07:11:51.155+0000] {processor.py:153} INFO - Started process (PID=83719) to work on /usr/local/lib/python3.9/site-packages/airflow/example_dags/example_local_kubernetes_executor.py
[2024-09-28T07:11:51.156+0000] {processor.py:743} INFO - Processing file /usr/local/lib/python3.9/site-packages/airflow/example_dags/example_local_kubernetes_executor.py for tasks to queue
[2024-09-28T07:11:51.156+0000] {logging_mixin.py:137} INFO - [2024-09-28T07:11:51.156+0000] {dagbag.py:532} INFO - Filling up the DagBag from /usr/local/lib/python3.9/site-packages/airflow/example_dags/example_local_kubernetes_executor.py
[2024-09-28T07:11:51.163+0000] {logging_mixin.py:137} INFO - [2024-09-28T07:11:51.163+0000] {example_local_kubernetes_executor.py:39} WARNING - Could not import DAGs in example_local_kubernetes_executor.py
Traceback (most recent call last):
  File "/usr/local/lib/python3.9/site-packages/airflow/example_dags/example_local_kubernetes_executor.py", line 37, in <module>
    from kubernetes.client import models as k8s
ModuleNotFoundError: No module named 'kubernetes'
[2024-09-28T07:11:51.163+0000] {logging_mixin.py:137} INFO - [2024-09-28T07:11:51.163+0000] {example_local_kubernetes_executor.py:40} WARNING - Install Kubernetes dependencies with: pip install apache-airflow[cncf.kubernetes]
[2024-09-28T07:11:51.163+0000] {processor.py:755} WARNING - No viable dags retrieved from /usr/local/lib/python3.9/site-packages/airflow/example_dags/example_local_kubernetes_executor.py
[2024-09-28T07:11:51.169+0000] {processor.py:175} INFO - Processing /usr/local/lib/python3.9/site-packages/airflow/example_dags/example_local_kubernetes_executor.py took 0.015 seconds
[2024-09-28T08:16:49.036+0000] {processor.py:153} INFO - Started process (PID=83928) to work on /usr/local/lib/python3.9/site-packages/airflow/example_dags/example_local_kubernetes_executor.py
[2024-09-28T08:16:49.037+0000] {processor.py:743} INFO - Processing file /usr/local/lib/python3.9/site-packages/airflow/example_dags/example_local_kubernetes_executor.py for tasks to queue
[2024-09-28T08:16:49.038+0000] {logging_mixin.py:137} INFO - [2024-09-28T08:16:49.038+0000] {dagbag.py:532} INFO - Filling up the DagBag from /usr/local/lib/python3.9/site-packages/airflow/example_dags/example_local_kubernetes_executor.py
[2024-09-28T08:16:49.045+0000] {logging_mixin.py:137} INFO - [2024-09-28T08:16:49.045+0000] {example_local_kubernetes_executor.py:39} WARNING - Could not import DAGs in example_local_kubernetes_executor.py
Traceback (most recent call last):
  File "/usr/local/lib/python3.9/site-packages/airflow/example_dags/example_local_kubernetes_executor.py", line 37, in <module>
    from kubernetes.client import models as k8s
ModuleNotFoundError: No module named 'kubernetes'
[2024-09-28T08:16:49.045+0000] {logging_mixin.py:137} INFO - [2024-09-28T08:16:49.045+0000] {example_local_kubernetes_executor.py:40} WARNING - Install Kubernetes dependencies with: pip install apache-airflow[cncf.kubernetes]
[2024-09-28T08:16:49.045+0000] {processor.py:755} WARNING - No viable dags retrieved from /usr/local/lib/python3.9/site-packages/airflow/example_dags/example_local_kubernetes_executor.py
[2024-09-28T08:16:49.051+0000] {processor.py:175} INFO - Processing /usr/local/lib/python3.9/site-packages/airflow/example_dags/example_local_kubernetes_executor.py took 0.016 seconds
[2024-09-28T09:53:29.855+0000] {processor.py:153} INFO - Started process (PID=84139) to work on /usr/local/lib/python3.9/site-packages/airflow/example_dags/example_local_kubernetes_executor.py
[2024-09-28T09:53:29.858+0000] {processor.py:743} INFO - Processing file /usr/local/lib/python3.9/site-packages/airflow/example_dags/example_local_kubernetes_executor.py for tasks to queue
[2024-09-28T09:53:29.858+0000] {logging_mixin.py:137} INFO - [2024-09-28T09:53:29.858+0000] {dagbag.py:532} INFO - Filling up the DagBag from /usr/local/lib/python3.9/site-packages/airflow/example_dags/example_local_kubernetes_executor.py
[2024-09-28T09:53:29.867+0000] {logging_mixin.py:137} INFO - [2024-09-28T09:53:29.866+0000] {example_local_kubernetes_executor.py:39} WARNING - Could not import DAGs in example_local_kubernetes_executor.py
Traceback (most recent call last):
  File "/usr/local/lib/python3.9/site-packages/airflow/example_dags/example_local_kubernetes_executor.py", line 37, in <module>
    from kubernetes.client import models as k8s
ModuleNotFoundError: No module named 'kubernetes'
[2024-09-28T09:53:29.867+0000] {logging_mixin.py:137} INFO - [2024-09-28T09:53:29.867+0000] {example_local_kubernetes_executor.py:40} WARNING - Install Kubernetes dependencies with: pip install apache-airflow[cncf.kubernetes]
[2024-09-28T09:53:29.867+0000] {processor.py:755} WARNING - No viable dags retrieved from /usr/local/lib/python3.9/site-packages/airflow/example_dags/example_local_kubernetes_executor.py
[2024-09-28T09:53:29.886+0000] {processor.py:175} INFO - Processing /usr/local/lib/python3.9/site-packages/airflow/example_dags/example_local_kubernetes_executor.py took 0.035 seconds
[2024-09-28T11:08:27.225+0000] {processor.py:153} INFO - Started process (PID=84350) to work on /usr/local/lib/python3.9/site-packages/airflow/example_dags/example_local_kubernetes_executor.py
[2024-09-28T11:08:27.226+0000] {processor.py:743} INFO - Processing file /usr/local/lib/python3.9/site-packages/airflow/example_dags/example_local_kubernetes_executor.py for tasks to queue
[2024-09-28T11:08:27.227+0000] {logging_mixin.py:137} INFO - [2024-09-28T11:08:27.227+0000] {dagbag.py:532} INFO - Filling up the DagBag from /usr/local/lib/python3.9/site-packages/airflow/example_dags/example_local_kubernetes_executor.py
[2024-09-28T11:08:27.236+0000] {logging_mixin.py:137} INFO - [2024-09-28T11:08:27.235+0000] {example_local_kubernetes_executor.py:39} WARNING - Could not import DAGs in example_local_kubernetes_executor.py
Traceback (most recent call last):
  File "/usr/local/lib/python3.9/site-packages/airflow/example_dags/example_local_kubernetes_executor.py", line 37, in <module>
    from kubernetes.client import models as k8s
ModuleNotFoundError: No module named 'kubernetes'
[2024-09-28T11:08:27.236+0000] {logging_mixin.py:137} INFO - [2024-09-28T11:08:27.236+0000] {example_local_kubernetes_executor.py:40} WARNING - Install Kubernetes dependencies with: pip install apache-airflow[cncf.kubernetes]
[2024-09-28T11:08:27.236+0000] {processor.py:755} WARNING - No viable dags retrieved from /usr/local/lib/python3.9/site-packages/airflow/example_dags/example_local_kubernetes_executor.py
[2024-09-28T11:08:27.242+0000] {processor.py:175} INFO - Processing /usr/local/lib/python3.9/site-packages/airflow/example_dags/example_local_kubernetes_executor.py took 0.020 seconds
[2024-09-28T12:19:39.079+0000] {processor.py:153} INFO - Started process (PID=84561) to work on /usr/local/lib/python3.9/site-packages/airflow/example_dags/example_local_kubernetes_executor.py
[2024-09-28T12:19:39.082+0000] {processor.py:743} INFO - Processing file /usr/local/lib/python3.9/site-packages/airflow/example_dags/example_local_kubernetes_executor.py for tasks to queue
[2024-09-28T12:19:39.082+0000] {logging_mixin.py:137} INFO - [2024-09-28T12:19:39.082+0000] {dagbag.py:532} INFO - Filling up the DagBag from /usr/local/lib/python3.9/site-packages/airflow/example_dags/example_local_kubernetes_executor.py
[2024-09-28T12:19:39.091+0000] {logging_mixin.py:137} INFO - [2024-09-28T12:19:39.090+0000] {example_local_kubernetes_executor.py:39} WARNING - Could not import DAGs in example_local_kubernetes_executor.py
Traceback (most recent call last):
  File "/usr/local/lib/python3.9/site-packages/airflow/example_dags/example_local_kubernetes_executor.py", line 37, in <module>
    from kubernetes.client import models as k8s
ModuleNotFoundError: No module named 'kubernetes'
[2024-09-28T12:19:39.091+0000] {logging_mixin.py:137} INFO - [2024-09-28T12:19:39.091+0000] {example_local_kubernetes_executor.py:40} WARNING - Install Kubernetes dependencies with: pip install apache-airflow[cncf.kubernetes]
[2024-09-28T12:19:39.091+0000] {processor.py:755} WARNING - No viable dags retrieved from /usr/local/lib/python3.9/site-packages/airflow/example_dags/example_local_kubernetes_executor.py
[2024-09-28T12:19:39.101+0000] {processor.py:175} INFO - Processing /usr/local/lib/python3.9/site-packages/airflow/example_dags/example_local_kubernetes_executor.py took 0.024 seconds
[2024-09-28T13:00:05.139+0000] {processor.py:153} INFO - Started process (PID=84772) to work on /usr/local/lib/python3.9/site-packages/airflow/example_dags/example_local_kubernetes_executor.py
[2024-09-28T13:00:05.140+0000] {processor.py:743} INFO - Processing file /usr/local/lib/python3.9/site-packages/airflow/example_dags/example_local_kubernetes_executor.py for tasks to queue
[2024-09-28T13:00:05.141+0000] {logging_mixin.py:137} INFO - [2024-09-28T13:00:05.141+0000] {dagbag.py:532} INFO - Filling up the DagBag from /usr/local/lib/python3.9/site-packages/airflow/example_dags/example_local_kubernetes_executor.py
[2024-09-28T13:00:05.148+0000] {logging_mixin.py:137} INFO - [2024-09-28T13:00:05.148+0000] {example_local_kubernetes_executor.py:39} WARNING - Could not import DAGs in example_local_kubernetes_executor.py
Traceback (most recent call last):
  File "/usr/local/lib/python3.9/site-packages/airflow/example_dags/example_local_kubernetes_executor.py", line 37, in <module>
    from kubernetes.client import models as k8s
ModuleNotFoundError: No module named 'kubernetes'
[2024-09-28T13:00:05.149+0000] {logging_mixin.py:137} INFO - [2024-09-28T13:00:05.149+0000] {example_local_kubernetes_executor.py:40} WARNING - Install Kubernetes dependencies with: pip install apache-airflow[cncf.kubernetes]
[2024-09-28T13:00:05.149+0000] {processor.py:755} WARNING - No viable dags retrieved from /usr/local/lib/python3.9/site-packages/airflow/example_dags/example_local_kubernetes_executor.py
[2024-09-28T13:00:05.161+0000] {processor.py:175} INFO - Processing /usr/local/lib/python3.9/site-packages/airflow/example_dags/example_local_kubernetes_executor.py took 0.024 seconds
[2024-09-28T13:34:48.884+0000] {processor.py:153} INFO - Started process (PID=84983) to work on /usr/local/lib/python3.9/site-packages/airflow/example_dags/example_local_kubernetes_executor.py
[2024-09-28T13:34:48.885+0000] {processor.py:743} INFO - Processing file /usr/local/lib/python3.9/site-packages/airflow/example_dags/example_local_kubernetes_executor.py for tasks to queue
[2024-09-28T13:34:48.885+0000] {logging_mixin.py:137} INFO - [2024-09-28T13:34:48.885+0000] {dagbag.py:532} INFO - Filling up the DagBag from /usr/local/lib/python3.9/site-packages/airflow/example_dags/example_local_kubernetes_executor.py
[2024-09-28T13:34:48.894+0000] {logging_mixin.py:137} INFO - [2024-09-28T13:34:48.893+0000] {example_local_kubernetes_executor.py:39} WARNING - Could not import DAGs in example_local_kubernetes_executor.py
Traceback (most recent call last):
  File "/usr/local/lib/python3.9/site-packages/airflow/example_dags/example_local_kubernetes_executor.py", line 37, in <module>
    from kubernetes.client import models as k8s
ModuleNotFoundError: No module named 'kubernetes'
[2024-09-28T13:34:48.894+0000] {logging_mixin.py:137} INFO - [2024-09-28T13:34:48.894+0000] {example_local_kubernetes_executor.py:40} WARNING - Install Kubernetes dependencies with: pip install apache-airflow[cncf.kubernetes]
[2024-09-28T13:34:48.894+0000] {processor.py:755} WARNING - No viable dags retrieved from /usr/local/lib/python3.9/site-packages/airflow/example_dags/example_local_kubernetes_executor.py
[2024-09-28T13:34:48.901+0000] {processor.py:175} INFO - Processing /usr/local/lib/python3.9/site-packages/airflow/example_dags/example_local_kubernetes_executor.py took 0.018 seconds
[2024-09-28T13:35:18.954+0000] {processor.py:153} INFO - Started process (PID=85189) to work on /usr/local/lib/python3.9/site-packages/airflow/example_dags/example_local_kubernetes_executor.py
[2024-09-28T13:35:18.955+0000] {processor.py:743} INFO - Processing file /usr/local/lib/python3.9/site-packages/airflow/example_dags/example_local_kubernetes_executor.py for tasks to queue
[2024-09-28T13:35:18.955+0000] {logging_mixin.py:137} INFO - [2024-09-28T13:35:18.955+0000] {dagbag.py:532} INFO - Filling up the DagBag from /usr/local/lib/python3.9/site-packages/airflow/example_dags/example_local_kubernetes_executor.py
[2024-09-28T13:35:18.963+0000] {logging_mixin.py:137} INFO - [2024-09-28T13:35:18.963+0000] {example_local_kubernetes_executor.py:39} WARNING - Could not import DAGs in example_local_kubernetes_executor.py
Traceback (most recent call last):
  File "/usr/local/lib/python3.9/site-packages/airflow/example_dags/example_local_kubernetes_executor.py", line 37, in <module>
    from kubernetes.client import models as k8s
ModuleNotFoundError: No module named 'kubernetes'
[2024-09-28T13:35:18.963+0000] {logging_mixin.py:137} INFO - [2024-09-28T13:35:18.963+0000] {example_local_kubernetes_executor.py:40} WARNING - Install Kubernetes dependencies with: pip install apache-airflow[cncf.kubernetes]
[2024-09-28T13:35:18.963+0000] {processor.py:755} WARNING - No viable dags retrieved from /usr/local/lib/python3.9/site-packages/airflow/example_dags/example_local_kubernetes_executor.py
[2024-09-28T13:35:18.970+0000] {processor.py:175} INFO - Processing /usr/local/lib/python3.9/site-packages/airflow/example_dags/example_local_kubernetes_executor.py took 0.018 seconds
[2024-09-28T13:43:14.295+0000] {processor.py:153} INFO - Started process (PID=85405) to work on /usr/local/lib/python3.9/site-packages/airflow/example_dags/example_local_kubernetes_executor.py
[2024-09-28T13:43:14.296+0000] {processor.py:743} INFO - Processing file /usr/local/lib/python3.9/site-packages/airflow/example_dags/example_local_kubernetes_executor.py for tasks to queue
[2024-09-28T13:43:14.296+0000] {logging_mixin.py:137} INFO - [2024-09-28T13:43:14.296+0000] {dagbag.py:532} INFO - Filling up the DagBag from /usr/local/lib/python3.9/site-packages/airflow/example_dags/example_local_kubernetes_executor.py
[2024-09-28T13:43:14.304+0000] {logging_mixin.py:137} INFO - [2024-09-28T13:43:14.303+0000] {example_local_kubernetes_executor.py:39} WARNING - Could not import DAGs in example_local_kubernetes_executor.py
Traceback (most recent call last):
  File "/usr/local/lib/python3.9/site-packages/airflow/example_dags/example_local_kubernetes_executor.py", line 37, in <module>
    from kubernetes.client import models as k8s
ModuleNotFoundError: No module named 'kubernetes'
[2024-09-28T13:43:14.304+0000] {logging_mixin.py:137} INFO - [2024-09-28T13:43:14.304+0000] {example_local_kubernetes_executor.py:40} WARNING - Install Kubernetes dependencies with: pip install apache-airflow[cncf.kubernetes]
[2024-09-28T13:43:14.304+0000] {processor.py:755} WARNING - No viable dags retrieved from /usr/local/lib/python3.9/site-packages/airflow/example_dags/example_local_kubernetes_executor.py
[2024-09-28T13:43:14.313+0000] {processor.py:175} INFO - Processing /usr/local/lib/python3.9/site-packages/airflow/example_dags/example_local_kubernetes_executor.py took 0.020 seconds
