[2024-09-28T00:33:04.575+0000] {processor.py:153} INFO - Started process (PID=82706) to work on /usr/local/lib/python3.9/site-packages/airflow/example_dags/example_branch_datetime_operator.py
[2024-09-28T00:33:04.576+0000] {processor.py:743} INFO - Processing file /usr/local/lib/python3.9/site-packages/airflow/example_dags/example_branch_datetime_operator.py for tasks to queue
[2024-09-28T00:33:04.576+0000] {logging_mixin.py:137} INFO - [2024-09-28T00:33:04.576+0000] {dagbag.py:532} INFO - Filling up the DagBag from /usr/local/lib/python3.9/site-packages/airflow/example_dags/example_branch_datetime_operator.py
[2024-09-28T00:33:04.587+0000] {processor.py:753} INFO - DAG(s) dict_keys(['example_branch_datetime_operator', 'example_branch_datetime_operator_2', 'example_branch_datetime_operator_3']) retrieved from /usr/local/lib/python3.9/site-packages/airflow/example_dags/example_branch_datetime_operator.py
[2024-09-28T00:33:04.601+0000] {logging_mixin.py:137} INFO - [2024-09-28T00:33:04.601+0000] {dag.py:2705} INFO - Sync 3 DAGs
[2024-09-28T00:33:04.612+0000] {logging_mixin.py:137} INFO - [2024-09-28T00:33:04.612+0000] {dag.py:3452} INFO - Setting next_dagrun for example_branch_datetime_operator to 2024-09-27T00:00:00+00:00, run_after=2024-09-28T00:00:00+00:00
[2024-09-28T00:33:04.615+0000] {logging_mixin.py:137} INFO - [2024-09-28T00:33:04.615+0000] {dag.py:3452} INFO - Setting next_dagrun for example_branch_datetime_operator_2 to 2024-09-27T00:00:00+00:00, run_after=2024-09-28T00:00:00+00:00
[2024-09-28T00:33:04.616+0000] {logging_mixin.py:137} INFO - [2024-09-28T00:33:04.616+0000] {dag.py:3452} INFO - Setting next_dagrun for example_branch_datetime_operator_3 to 2024-09-27T00:00:00+00:00, run_after=2024-09-28T00:00:00+00:00
[2024-09-28T00:33:04.631+0000] {processor.py:175} INFO - Processing /usr/local/lib/python3.9/site-packages/airflow/example_dags/example_branch_datetime_operator.py took 0.057 seconds
[2024-09-28T01:50:06.054+0000] {processor.py:153} INFO - Started process (PID=82917) to work on /usr/local/lib/python3.9/site-packages/airflow/example_dags/example_branch_datetime_operator.py
[2024-09-28T01:50:06.055+0000] {processor.py:743} INFO - Processing file /usr/local/lib/python3.9/site-packages/airflow/example_dags/example_branch_datetime_operator.py for tasks to queue
[2024-09-28T01:50:06.055+0000] {logging_mixin.py:137} INFO - [2024-09-28T01:50:06.055+0000] {dagbag.py:532} INFO - Filling up the DagBag from /usr/local/lib/python3.9/site-packages/airflow/example_dags/example_branch_datetime_operator.py
[2024-09-28T01:50:06.064+0000] {processor.py:753} INFO - DAG(s) dict_keys(['example_branch_datetime_operator_2', 'example_branch_datetime_operator_3', 'example_branch_datetime_operator']) retrieved from /usr/local/lib/python3.9/site-packages/airflow/example_dags/example_branch_datetime_operator.py
[2024-09-28T01:50:06.085+0000] {logging_mixin.py:137} INFO - [2024-09-28T01:50:06.084+0000] {dag.py:2705} INFO - Sync 3 DAGs
[2024-09-28T01:50:06.098+0000] {logging_mixin.py:137} INFO - [2024-09-28T01:50:06.098+0000] {dag.py:3452} INFO - Setting next_dagrun for example_branch_datetime_operator to 2024-09-27T00:00:00+00:00, run_after=2024-09-28T00:00:00+00:00
[2024-09-28T01:50:06.101+0000] {logging_mixin.py:137} INFO - [2024-09-28T01:50:06.101+0000] {dag.py:3452} INFO - Setting next_dagrun for example_branch_datetime_operator_2 to 2024-09-27T00:00:00+00:00, run_after=2024-09-28T00:00:00+00:00
[2024-09-28T01:50:06.103+0000] {logging_mixin.py:137} INFO - [2024-09-28T01:50:06.103+0000] {dag.py:3452} INFO - Setting next_dagrun for example_branch_datetime_operator_3 to 2024-09-27T00:00:00+00:00, run_after=2024-09-28T00:00:00+00:00
[2024-09-28T01:50:06.113+0000] {processor.py:175} INFO - Processing /usr/local/lib/python3.9/site-packages/airflow/example_dags/example_branch_datetime_operator.py took 0.061 seconds
[2024-09-28T03:19:36.908+0000] {processor.py:153} INFO - Started process (PID=83128) to work on /usr/local/lib/python3.9/site-packages/airflow/example_dags/example_branch_datetime_operator.py
[2024-09-28T03:19:36.908+0000] {processor.py:743} INFO - Processing file /usr/local/lib/python3.9/site-packages/airflow/example_dags/example_branch_datetime_operator.py for tasks to queue
[2024-09-28T03:19:36.911+0000] {logging_mixin.py:137} INFO - [2024-09-28T03:19:36.911+0000] {dagbag.py:532} INFO - Filling up the DagBag from /usr/local/lib/python3.9/site-packages/airflow/example_dags/example_branch_datetime_operator.py
[2024-09-28T03:19:36.925+0000] {processor.py:753} INFO - DAG(s) dict_keys(['example_branch_datetime_operator_3', 'example_branch_datetime_operator_2', 'example_branch_datetime_operator']) retrieved from /usr/local/lib/python3.9/site-packages/airflow/example_dags/example_branch_datetime_operator.py
[2024-09-28T03:19:36.939+0000] {logging_mixin.py:137} INFO - [2024-09-28T03:19:36.939+0000] {dag.py:2705} INFO - Sync 3 DAGs
[2024-09-28T03:19:36.953+0000] {logging_mixin.py:137} INFO - [2024-09-28T03:19:36.953+0000] {dag.py:3452} INFO - Setting next_dagrun for example_branch_datetime_operator to 2024-09-27T00:00:00+00:00, run_after=2024-09-28T00:00:00+00:00
[2024-09-28T03:19:36.957+0000] {logging_mixin.py:137} INFO - [2024-09-28T03:19:36.957+0000] {dag.py:3452} INFO - Setting next_dagrun for example_branch_datetime_operator_2 to 2024-09-27T00:00:00+00:00, run_after=2024-09-28T00:00:00+00:00
[2024-09-28T03:19:36.959+0000] {logging_mixin.py:137} INFO - [2024-09-28T03:19:36.959+0000] {dag.py:3452} INFO - Setting next_dagrun for example_branch_datetime_operator_3 to 2024-09-27T00:00:00+00:00, run_after=2024-09-28T00:00:00+00:00
[2024-09-28T03:19:36.974+0000] {processor.py:175} INFO - Processing /usr/local/lib/python3.9/site-packages/airflow/example_dags/example_branch_datetime_operator.py took 0.068 seconds
[2024-09-28T04:20:44.017+0000] {processor.py:153} INFO - Started process (PID=83340) to work on /usr/local/lib/python3.9/site-packages/airflow/example_dags/example_branch_datetime_operator.py
[2024-09-28T04:20:44.018+0000] {processor.py:743} INFO - Processing file /usr/local/lib/python3.9/site-packages/airflow/example_dags/example_branch_datetime_operator.py for tasks to queue
[2024-09-28T04:20:44.018+0000] {logging_mixin.py:137} INFO - [2024-09-28T04:20:44.018+0000] {dagbag.py:532} INFO - Filling up the DagBag from /usr/local/lib/python3.9/site-packages/airflow/example_dags/example_branch_datetime_operator.py
[2024-09-28T04:20:44.028+0000] {processor.py:753} INFO - DAG(s) dict_keys(['example_branch_datetime_operator', 'example_branch_datetime_operator_3', 'example_branch_datetime_operator_2']) retrieved from /usr/local/lib/python3.9/site-packages/airflow/example_dags/example_branch_datetime_operator.py
[2024-09-28T04:20:44.041+0000] {logging_mixin.py:137} INFO - [2024-09-28T04:20:44.041+0000] {dag.py:2705} INFO - Sync 3 DAGs
[2024-09-28T04:20:44.053+0000] {logging_mixin.py:137} INFO - [2024-09-28T04:20:44.053+0000] {dag.py:3452} INFO - Setting next_dagrun for example_branch_datetime_operator to 2024-09-27T00:00:00+00:00, run_after=2024-09-28T00:00:00+00:00
[2024-09-28T04:20:44.056+0000] {logging_mixin.py:137} INFO - [2024-09-28T04:20:44.056+0000] {dag.py:3452} INFO - Setting next_dagrun for example_branch_datetime_operator_2 to 2024-09-27T00:00:00+00:00, run_after=2024-09-28T00:00:00+00:00
[2024-09-28T04:20:44.058+0000] {logging_mixin.py:137} INFO - [2024-09-28T04:20:44.058+0000] {dag.py:3452} INFO - Setting next_dagrun for example_branch_datetime_operator_3 to 2024-09-27T00:00:00+00:00, run_after=2024-09-28T00:00:00+00:00
[2024-09-28T04:20:44.067+0000] {processor.py:175} INFO - Processing /usr/local/lib/python3.9/site-packages/airflow/example_dags/example_branch_datetime_operator.py took 0.051 seconds
[2024-09-28T05:59:39.914+0000] {processor.py:153} INFO - Started process (PID=83553) to work on /usr/local/lib/python3.9/site-packages/airflow/example_dags/example_branch_datetime_operator.py
[2024-09-28T05:59:39.915+0000] {processor.py:743} INFO - Processing file /usr/local/lib/python3.9/site-packages/airflow/example_dags/example_branch_datetime_operator.py for tasks to queue
[2024-09-28T05:59:39.915+0000] {logging_mixin.py:137} INFO - [2024-09-28T05:59:39.915+0000] {dagbag.py:532} INFO - Filling up the DagBag from /usr/local/lib/python3.9/site-packages/airflow/example_dags/example_branch_datetime_operator.py
[2024-09-28T05:59:39.923+0000] {processor.py:753} INFO - DAG(s) dict_keys(['example_branch_datetime_operator_3', 'example_branch_datetime_operator_2', 'example_branch_datetime_operator']) retrieved from /usr/local/lib/python3.9/site-packages/airflow/example_dags/example_branch_datetime_operator.py
[2024-09-28T05:59:39.946+0000] {logging_mixin.py:137} INFO - [2024-09-28T05:59:39.946+0000] {dag.py:2705} INFO - Sync 3 DAGs
[2024-09-28T05:59:39.956+0000] {logging_mixin.py:137} INFO - [2024-09-28T05:59:39.956+0000] {dag.py:3452} INFO - Setting next_dagrun for example_branch_datetime_operator to 2024-09-27T00:00:00+00:00, run_after=2024-09-28T00:00:00+00:00
[2024-09-28T05:59:39.959+0000] {logging_mixin.py:137} INFO - [2024-09-28T05:59:39.959+0000] {dag.py:3452} INFO - Setting next_dagrun for example_branch_datetime_operator_2 to 2024-09-27T00:00:00+00:00, run_after=2024-09-28T00:00:00+00:00
[2024-09-28T05:59:39.960+0000] {logging_mixin.py:137} INFO - [2024-09-28T05:59:39.960+0000] {dag.py:3452} INFO - Setting next_dagrun for example_branch_datetime_operator_3 to 2024-09-27T00:00:00+00:00, run_after=2024-09-28T00:00:00+00:00
[2024-09-28T05:59:39.969+0000] {processor.py:175} INFO - Processing /usr/local/lib/python3.9/site-packages/airflow/example_dags/example_branch_datetime_operator.py took 0.057 seconds
[2024-09-28T07:11:51.701+0000] {processor.py:153} INFO - Started process (PID=83762) to work on /usr/local/lib/python3.9/site-packages/airflow/example_dags/example_branch_datetime_operator.py
[2024-09-28T07:11:51.702+0000] {processor.py:743} INFO - Processing file /usr/local/lib/python3.9/site-packages/airflow/example_dags/example_branch_datetime_operator.py for tasks to queue
[2024-09-28T07:11:51.702+0000] {logging_mixin.py:137} INFO - [2024-09-28T07:11:51.702+0000] {dagbag.py:532} INFO - Filling up the DagBag from /usr/local/lib/python3.9/site-packages/airflow/example_dags/example_branch_datetime_operator.py
[2024-09-28T07:11:51.712+0000] {processor.py:753} INFO - DAG(s) dict_keys(['example_branch_datetime_operator_2', 'example_branch_datetime_operator_3', 'example_branch_datetime_operator']) retrieved from /usr/local/lib/python3.9/site-packages/airflow/example_dags/example_branch_datetime_operator.py
[2024-09-28T07:11:51.729+0000] {logging_mixin.py:137} INFO - [2024-09-28T07:11:51.729+0000] {dag.py:2705} INFO - Sync 3 DAGs
[2024-09-28T07:11:51.741+0000] {logging_mixin.py:137} INFO - [2024-09-28T07:11:51.741+0000] {dag.py:3452} INFO - Setting next_dagrun for example_branch_datetime_operator to 2024-09-27T00:00:00+00:00, run_after=2024-09-28T00:00:00+00:00
[2024-09-28T07:11:51.745+0000] {logging_mixin.py:137} INFO - [2024-09-28T07:11:51.745+0000] {dag.py:3452} INFO - Setting next_dagrun for example_branch_datetime_operator_2 to 2024-09-27T00:00:00+00:00, run_after=2024-09-28T00:00:00+00:00
[2024-09-28T07:11:51.749+0000] {logging_mixin.py:137} INFO - [2024-09-28T07:11:51.749+0000] {dag.py:3452} INFO - Setting next_dagrun for example_branch_datetime_operator_3 to 2024-09-27T00:00:00+00:00, run_after=2024-09-28T00:00:00+00:00
[2024-09-28T07:11:51.758+0000] {processor.py:175} INFO - Processing /usr/local/lib/python3.9/site-packages/airflow/example_dags/example_branch_datetime_operator.py took 0.059 seconds
[2024-09-28T08:16:49.297+0000] {processor.py:153} INFO - Started process (PID=83974) to work on /usr/local/lib/python3.9/site-packages/airflow/example_dags/example_branch_datetime_operator.py
[2024-09-28T08:16:49.298+0000] {processor.py:743} INFO - Processing file /usr/local/lib/python3.9/site-packages/airflow/example_dags/example_branch_datetime_operator.py for tasks to queue
[2024-09-28T08:16:49.298+0000] {logging_mixin.py:137} INFO - [2024-09-28T08:16:49.298+0000] {dagbag.py:532} INFO - Filling up the DagBag from /usr/local/lib/python3.9/site-packages/airflow/example_dags/example_branch_datetime_operator.py
[2024-09-28T08:16:49.306+0000] {processor.py:753} INFO - DAG(s) dict_keys(['example_branch_datetime_operator_3', 'example_branch_datetime_operator_2', 'example_branch_datetime_operator']) retrieved from /usr/local/lib/python3.9/site-packages/airflow/example_dags/example_branch_datetime_operator.py
[2024-09-28T08:16:49.326+0000] {logging_mixin.py:137} INFO - [2024-09-28T08:16:49.326+0000] {dag.py:2705} INFO - Sync 3 DAGs
[2024-09-28T08:16:49.339+0000] {logging_mixin.py:137} INFO - [2024-09-28T08:16:49.339+0000] {dag.py:3452} INFO - Setting next_dagrun for example_branch_datetime_operator to 2024-09-27T00:00:00+00:00, run_after=2024-09-28T00:00:00+00:00
[2024-09-28T08:16:49.341+0000] {logging_mixin.py:137} INFO - [2024-09-28T08:16:49.341+0000] {dag.py:3452} INFO - Setting next_dagrun for example_branch_datetime_operator_2 to 2024-09-27T00:00:00+00:00, run_after=2024-09-28T00:00:00+00:00
[2024-09-28T08:16:49.343+0000] {logging_mixin.py:137} INFO - [2024-09-28T08:16:49.343+0000] {dag.py:3452} INFO - Setting next_dagrun for example_branch_datetime_operator_3 to 2024-09-27T00:00:00+00:00, run_after=2024-09-28T00:00:00+00:00
[2024-09-28T08:16:49.352+0000] {processor.py:175} INFO - Processing /usr/local/lib/python3.9/site-packages/airflow/example_dags/example_branch_datetime_operator.py took 0.056 seconds
[2024-09-28T09:53:30.142+0000] {processor.py:153} INFO - Started process (PID=84184) to work on /usr/local/lib/python3.9/site-packages/airflow/example_dags/example_branch_datetime_operator.py
[2024-09-28T09:53:30.143+0000] {processor.py:743} INFO - Processing file /usr/local/lib/python3.9/site-packages/airflow/example_dags/example_branch_datetime_operator.py for tasks to queue
[2024-09-28T09:53:30.143+0000] {logging_mixin.py:137} INFO - [2024-09-28T09:53:30.143+0000] {dagbag.py:532} INFO - Filling up the DagBag from /usr/local/lib/python3.9/site-packages/airflow/example_dags/example_branch_datetime_operator.py
[2024-09-28T09:53:30.152+0000] {processor.py:753} INFO - DAG(s) dict_keys(['example_branch_datetime_operator', 'example_branch_datetime_operator_3', 'example_branch_datetime_operator_2']) retrieved from /usr/local/lib/python3.9/site-packages/airflow/example_dags/example_branch_datetime_operator.py
[2024-09-28T09:53:30.170+0000] {logging_mixin.py:137} INFO - [2024-09-28T09:53:30.170+0000] {dag.py:2705} INFO - Sync 3 DAGs
[2024-09-28T09:53:30.180+0000] {logging_mixin.py:137} INFO - [2024-09-28T09:53:30.180+0000] {dag.py:3452} INFO - Setting next_dagrun for example_branch_datetime_operator to 2024-09-27T00:00:00+00:00, run_after=2024-09-28T00:00:00+00:00
[2024-09-28T09:53:30.183+0000] {logging_mixin.py:137} INFO - [2024-09-28T09:53:30.183+0000] {dag.py:3452} INFO - Setting next_dagrun for example_branch_datetime_operator_2 to 2024-09-27T00:00:00+00:00, run_after=2024-09-28T00:00:00+00:00
[2024-09-28T09:53:30.185+0000] {logging_mixin.py:137} INFO - [2024-09-28T09:53:30.185+0000] {dag.py:3452} INFO - Setting next_dagrun for example_branch_datetime_operator_3 to 2024-09-27T00:00:00+00:00, run_after=2024-09-28T00:00:00+00:00
[2024-09-28T09:53:30.191+0000] {processor.py:175} INFO - Processing /usr/local/lib/python3.9/site-packages/airflow/example_dags/example_branch_datetime_operator.py took 0.050 seconds
[2024-09-28T11:08:27.495+0000] {processor.py:153} INFO - Started process (PID=84397) to work on /usr/local/lib/python3.9/site-packages/airflow/example_dags/example_branch_datetime_operator.py
[2024-09-28T11:08:27.496+0000] {processor.py:743} INFO - Processing file /usr/local/lib/python3.9/site-packages/airflow/example_dags/example_branch_datetime_operator.py for tasks to queue
[2024-09-28T11:08:27.496+0000] {logging_mixin.py:137} INFO - [2024-09-28T11:08:27.496+0000] {dagbag.py:532} INFO - Filling up the DagBag from /usr/local/lib/python3.9/site-packages/airflow/example_dags/example_branch_datetime_operator.py
[2024-09-28T11:08:27.504+0000] {processor.py:753} INFO - DAG(s) dict_keys(['example_branch_datetime_operator', 'example_branch_datetime_operator_2', 'example_branch_datetime_operator_3']) retrieved from /usr/local/lib/python3.9/site-packages/airflow/example_dags/example_branch_datetime_operator.py
[2024-09-28T11:08:27.517+0000] {logging_mixin.py:137} INFO - [2024-09-28T11:08:27.517+0000] {dag.py:2705} INFO - Sync 3 DAGs
[2024-09-28T11:08:27.526+0000] {logging_mixin.py:137} INFO - [2024-09-28T11:08:27.526+0000] {dag.py:3452} INFO - Setting next_dagrun for example_branch_datetime_operator to 2024-09-27T00:00:00+00:00, run_after=2024-09-28T00:00:00+00:00
[2024-09-28T11:08:27.528+0000] {logging_mixin.py:137} INFO - [2024-09-28T11:08:27.528+0000] {dag.py:3452} INFO - Setting next_dagrun for example_branch_datetime_operator_2 to 2024-09-27T00:00:00+00:00, run_after=2024-09-28T00:00:00+00:00
[2024-09-28T11:08:27.529+0000] {logging_mixin.py:137} INFO - [2024-09-28T11:08:27.529+0000] {dag.py:3452} INFO - Setting next_dagrun for example_branch_datetime_operator_3 to 2024-09-27T00:00:00+00:00, run_after=2024-09-28T00:00:00+00:00
[2024-09-28T11:08:27.534+0000] {processor.py:175} INFO - Processing /usr/local/lib/python3.9/site-packages/airflow/example_dags/example_branch_datetime_operator.py took 0.041 seconds
[2024-09-28T12:19:39.340+0000] {processor.py:153} INFO - Started process (PID=84606) to work on /usr/local/lib/python3.9/site-packages/airflow/example_dags/example_branch_datetime_operator.py
[2024-09-28T12:19:39.343+0000] {processor.py:743} INFO - Processing file /usr/local/lib/python3.9/site-packages/airflow/example_dags/example_branch_datetime_operator.py for tasks to queue
[2024-09-28T12:19:39.344+0000] {logging_mixin.py:137} INFO - [2024-09-28T12:19:39.344+0000] {dagbag.py:532} INFO - Filling up the DagBag from /usr/local/lib/python3.9/site-packages/airflow/example_dags/example_branch_datetime_operator.py
[2024-09-28T12:19:39.352+0000] {processor.py:753} INFO - DAG(s) dict_keys(['example_branch_datetime_operator_3', 'example_branch_datetime_operator_2', 'example_branch_datetime_operator']) retrieved from /usr/local/lib/python3.9/site-packages/airflow/example_dags/example_branch_datetime_operator.py
[2024-09-28T12:19:39.365+0000] {logging_mixin.py:137} INFO - [2024-09-28T12:19:39.365+0000] {dag.py:2705} INFO - Sync 3 DAGs
[2024-09-28T12:19:39.376+0000] {logging_mixin.py:137} INFO - [2024-09-28T12:19:39.376+0000] {dag.py:3452} INFO - Setting next_dagrun for example_branch_datetime_operator to 2024-09-27T00:00:00+00:00, run_after=2024-09-28T00:00:00+00:00
[2024-09-28T12:19:39.378+0000] {logging_mixin.py:137} INFO - [2024-09-28T12:19:39.378+0000] {dag.py:3452} INFO - Setting next_dagrun for example_branch_datetime_operator_2 to 2024-09-27T00:00:00+00:00, run_after=2024-09-28T00:00:00+00:00
[2024-09-28T12:19:39.379+0000] {logging_mixin.py:137} INFO - [2024-09-28T12:19:39.379+0000] {dag.py:3452} INFO - Setting next_dagrun for example_branch_datetime_operator_3 to 2024-09-27T00:00:00+00:00, run_after=2024-09-28T00:00:00+00:00
[2024-09-28T12:19:39.386+0000] {processor.py:175} INFO - Processing /usr/local/lib/python3.9/site-packages/airflow/example_dags/example_branch_datetime_operator.py took 0.048 seconds
[2024-09-28T13:00:05.415+0000] {processor.py:153} INFO - Started process (PID=84819) to work on /usr/local/lib/python3.9/site-packages/airflow/example_dags/example_branch_datetime_operator.py
[2024-09-28T13:00:05.416+0000] {processor.py:743} INFO - Processing file /usr/local/lib/python3.9/site-packages/airflow/example_dags/example_branch_datetime_operator.py for tasks to queue
[2024-09-28T13:00:05.416+0000] {logging_mixin.py:137} INFO - [2024-09-28T13:00:05.416+0000] {dagbag.py:532} INFO - Filling up the DagBag from /usr/local/lib/python3.9/site-packages/airflow/example_dags/example_branch_datetime_operator.py
[2024-09-28T13:00:05.424+0000] {processor.py:753} INFO - DAG(s) dict_keys(['example_branch_datetime_operator_3', 'example_branch_datetime_operator_2', 'example_branch_datetime_operator']) retrieved from /usr/local/lib/python3.9/site-packages/airflow/example_dags/example_branch_datetime_operator.py
[2024-09-28T13:00:05.445+0000] {logging_mixin.py:137} INFO - [2024-09-28T13:00:05.445+0000] {dag.py:2705} INFO - Sync 3 DAGs
[2024-09-28T13:00:05.457+0000] {logging_mixin.py:137} INFO - [2024-09-28T13:00:05.457+0000] {dag.py:3452} INFO - Setting next_dagrun for example_branch_datetime_operator to 2024-09-27T00:00:00+00:00, run_after=2024-09-28T00:00:00+00:00
[2024-09-28T13:00:05.459+0000] {logging_mixin.py:137} INFO - [2024-09-28T13:00:05.459+0000] {dag.py:3452} INFO - Setting next_dagrun for example_branch_datetime_operator_2 to 2024-09-27T00:00:00+00:00, run_after=2024-09-28T00:00:00+00:00
[2024-09-28T13:00:05.460+0000] {logging_mixin.py:137} INFO - [2024-09-28T13:00:05.460+0000] {dag.py:3452} INFO - Setting next_dagrun for example_branch_datetime_operator_3 to 2024-09-27T00:00:00+00:00, run_after=2024-09-28T00:00:00+00:00
[2024-09-28T13:00:05.469+0000] {processor.py:175} INFO - Processing /usr/local/lib/python3.9/site-packages/airflow/example_dags/example_branch_datetime_operator.py took 0.055 seconds
[2024-09-28T13:34:49.195+0000] {processor.py:153} INFO - Started process (PID=85028) to work on /usr/local/lib/python3.9/site-packages/airflow/example_dags/example_branch_datetime_operator.py
[2024-09-28T13:34:49.196+0000] {processor.py:743} INFO - Processing file /usr/local/lib/python3.9/site-packages/airflow/example_dags/example_branch_datetime_operator.py for tasks to queue
[2024-09-28T13:34:49.197+0000] {logging_mixin.py:137} INFO - [2024-09-28T13:34:49.197+0000] {dagbag.py:532} INFO - Filling up the DagBag from /usr/local/lib/python3.9/site-packages/airflow/example_dags/example_branch_datetime_operator.py
[2024-09-28T13:34:49.211+0000] {processor.py:753} INFO - DAG(s) dict_keys(['example_branch_datetime_operator_2', 'example_branch_datetime_operator_3', 'example_branch_datetime_operator']) retrieved from /usr/local/lib/python3.9/site-packages/airflow/example_dags/example_branch_datetime_operator.py
[2024-09-28T13:34:49.235+0000] {logging_mixin.py:137} INFO - [2024-09-28T13:34:49.235+0000] {dag.py:2705} INFO - Sync 3 DAGs
[2024-09-28T13:34:49.247+0000] {logging_mixin.py:137} INFO - [2024-09-28T13:34:49.247+0000] {dag.py:3452} INFO - Setting next_dagrun for example_branch_datetime_operator to 2024-09-27T00:00:00+00:00, run_after=2024-09-28T00:00:00+00:00
[2024-09-28T13:34:49.249+0000] {logging_mixin.py:137} INFO - [2024-09-28T13:34:49.249+0000] {dag.py:3452} INFO - Setting next_dagrun for example_branch_datetime_operator_2 to 2024-09-27T00:00:00+00:00, run_after=2024-09-28T00:00:00+00:00
[2024-09-28T13:34:49.250+0000] {logging_mixin.py:137} INFO - [2024-09-28T13:34:49.250+0000] {dag.py:3452} INFO - Setting next_dagrun for example_branch_datetime_operator_3 to 2024-09-27T00:00:00+00:00, run_after=2024-09-28T00:00:00+00:00
[2024-09-28T13:34:49.256+0000] {processor.py:175} INFO - Processing /usr/local/lib/python3.9/site-packages/airflow/example_dags/example_branch_datetime_operator.py took 0.062 seconds
[2024-09-28T13:35:19.307+0000] {processor.py:153} INFO - Started process (PID=85241) to work on /usr/local/lib/python3.9/site-packages/airflow/example_dags/example_branch_datetime_operator.py
[2024-09-28T13:35:19.307+0000] {processor.py:743} INFO - Processing file /usr/local/lib/python3.9/site-packages/airflow/example_dags/example_branch_datetime_operator.py for tasks to queue
[2024-09-28T13:35:19.308+0000] {logging_mixin.py:137} INFO - [2024-09-28T13:35:19.308+0000] {dagbag.py:532} INFO - Filling up the DagBag from /usr/local/lib/python3.9/site-packages/airflow/example_dags/example_branch_datetime_operator.py
[2024-09-28T13:35:19.320+0000] {processor.py:753} INFO - DAG(s) dict_keys(['example_branch_datetime_operator_2', 'example_branch_datetime_operator', 'example_branch_datetime_operator_3']) retrieved from /usr/local/lib/python3.9/site-packages/airflow/example_dags/example_branch_datetime_operator.py
[2024-09-28T13:35:19.337+0000] {logging_mixin.py:137} INFO - [2024-09-28T13:35:19.337+0000] {dag.py:2705} INFO - Sync 3 DAGs
[2024-09-28T13:35:19.348+0000] {logging_mixin.py:137} INFO - [2024-09-28T13:35:19.348+0000] {dag.py:3452} INFO - Setting next_dagrun for example_branch_datetime_operator to 2024-09-27T00:00:00+00:00, run_after=2024-09-28T00:00:00+00:00
[2024-09-28T13:35:19.350+0000] {logging_mixin.py:137} INFO - [2024-09-28T13:35:19.350+0000] {dag.py:3452} INFO - Setting next_dagrun for example_branch_datetime_operator_2 to 2024-09-27T00:00:00+00:00, run_after=2024-09-28T00:00:00+00:00
[2024-09-28T13:35:19.351+0000] {logging_mixin.py:137} INFO - [2024-09-28T13:35:19.351+0000] {dag.py:3452} INFO - Setting next_dagrun for example_branch_datetime_operator_3 to 2024-09-27T00:00:00+00:00, run_after=2024-09-28T00:00:00+00:00
[2024-09-28T13:35:19.357+0000] {processor.py:175} INFO - Processing /usr/local/lib/python3.9/site-packages/airflow/example_dags/example_branch_datetime_operator.py took 0.053 seconds
[2024-09-28T13:43:14.634+0000] {processor.py:153} INFO - Started process (PID=85452) to work on /usr/local/lib/python3.9/site-packages/airflow/example_dags/example_branch_datetime_operator.py
[2024-09-28T13:43:14.635+0000] {processor.py:743} INFO - Processing file /usr/local/lib/python3.9/site-packages/airflow/example_dags/example_branch_datetime_operator.py for tasks to queue
[2024-09-28T13:43:14.635+0000] {logging_mixin.py:137} INFO - [2024-09-28T13:43:14.635+0000] {dagbag.py:532} INFO - Filling up the DagBag from /usr/local/lib/python3.9/site-packages/airflow/example_dags/example_branch_datetime_operator.py
[2024-09-28T13:43:14.645+0000] {processor.py:753} INFO - DAG(s) dict_keys(['example_branch_datetime_operator_2', 'example_branch_datetime_operator_3', 'example_branch_datetime_operator']) retrieved from /usr/local/lib/python3.9/site-packages/airflow/example_dags/example_branch_datetime_operator.py
[2024-09-28T13:43:14.658+0000] {logging_mixin.py:137} INFO - [2024-09-28T13:43:14.658+0000] {dag.py:2705} INFO - Sync 3 DAGs
[2024-09-28T13:43:14.667+0000] {logging_mixin.py:137} INFO - [2024-09-28T13:43:14.667+0000] {dag.py:3452} INFO - Setting next_dagrun for example_branch_datetime_operator to 2024-09-27T00:00:00+00:00, run_after=2024-09-28T00:00:00+00:00
[2024-09-28T13:43:14.670+0000] {logging_mixin.py:137} INFO - [2024-09-28T13:43:14.670+0000] {dag.py:3452} INFO - Setting next_dagrun for example_branch_datetime_operator_2 to 2024-09-27T00:00:00+00:00, run_after=2024-09-28T00:00:00+00:00
[2024-09-28T13:43:14.671+0000] {logging_mixin.py:137} INFO - [2024-09-28T13:43:14.671+0000] {dag.py:3452} INFO - Setting next_dagrun for example_branch_datetime_operator_3 to 2024-09-27T00:00:00+00:00, run_after=2024-09-28T00:00:00+00:00
[2024-09-28T13:43:14.676+0000] {processor.py:175} INFO - Processing /usr/local/lib/python3.9/site-packages/airflow/example_dags/example_branch_datetime_operator.py took 0.044 seconds
