[2024-09-28T00:33:03.948+0000] {processor.py:153} INFO - Started process (PID=82636) to work on /usr/local/lib/python3.9/site-packages/airflow/example_dags/example_dag_decorator.py
[2024-09-28T00:33:03.952+0000] {processor.py:743} INFO - Processing file /usr/local/lib/python3.9/site-packages/airflow/example_dags/example_dag_decorator.py for tasks to queue
[2024-09-28T00:33:03.952+0000] {logging_mixin.py:137} INFO - [2024-09-28T00:33:03.952+0000] {dagbag.py:532} INFO - Filling up the DagBag from /usr/local/lib/python3.9/site-packages/airflow/example_dags/example_dag_decorator.py
[2024-09-28T00:33:04.008+0000] {logging_mixin.py:137} INFO - [2024-09-28T00:33:04.008+0000] {taskmixin.py:211} WARNING - Dependency <Task(_PythonDecoratedOperator): prepare_email>, send_email already registered for DAG: example_dag_decorator
[2024-09-28T00:33:04.008+0000] {logging_mixin.py:137} INFO - [2024-09-28T00:33:04.008+0000] {taskmixin.py:211} WARNING - Dependency <Task(EmailOperator): send_email>, prepare_email already registered for DAG: example_dag_decorator
[2024-09-28T00:33:04.013+0000] {processor.py:753} INFO - DAG(s) dict_keys(['example_dag_decorator']) retrieved from /usr/local/lib/python3.9/site-packages/airflow/example_dags/example_dag_decorator.py
[2024-09-28T00:33:04.041+0000] {logging_mixin.py:137} INFO - [2024-09-28T00:33:04.041+0000] {dag.py:2705} INFO - Sync 1 DAGs
[2024-09-28T00:33:04.051+0000] {logging_mixin.py:137} INFO - [2024-09-28T00:33:04.051+0000] {dag.py:3452} INFO - Setting next_dagrun for example_dag_decorator to None, run_after=None
[2024-09-28T00:33:04.062+0000] {processor.py:175} INFO - Processing /usr/local/lib/python3.9/site-packages/airflow/example_dags/example_dag_decorator.py took 0.116 seconds
[2024-09-28T01:50:05.482+0000] {processor.py:153} INFO - Started process (PID=82847) to work on /usr/local/lib/python3.9/site-packages/airflow/example_dags/example_dag_decorator.py
[2024-09-28T01:50:05.482+0000] {processor.py:743} INFO - Processing file /usr/local/lib/python3.9/site-packages/airflow/example_dags/example_dag_decorator.py for tasks to queue
[2024-09-28T01:50:05.483+0000] {logging_mixin.py:137} INFO - [2024-09-28T01:50:05.483+0000] {dagbag.py:532} INFO - Filling up the DagBag from /usr/local/lib/python3.9/site-packages/airflow/example_dags/example_dag_decorator.py
[2024-09-28T01:50:05.543+0000] {logging_mixin.py:137} INFO - [2024-09-28T01:50:05.543+0000] {taskmixin.py:211} WARNING - Dependency <Task(_PythonDecoratedOperator): prepare_email>, send_email already registered for DAG: example_dag_decorator
[2024-09-28T01:50:05.546+0000] {logging_mixin.py:137} INFO - [2024-09-28T01:50:05.546+0000] {taskmixin.py:211} WARNING - Dependency <Task(EmailOperator): send_email>, prepare_email already registered for DAG: example_dag_decorator
[2024-09-28T01:50:05.552+0000] {processor.py:753} INFO - DAG(s) dict_keys(['example_dag_decorator']) retrieved from /usr/local/lib/python3.9/site-packages/airflow/example_dags/example_dag_decorator.py
[2024-09-28T01:50:05.587+0000] {logging_mixin.py:137} INFO - [2024-09-28T01:50:05.587+0000] {dag.py:2705} INFO - Sync 1 DAGs
[2024-09-28T01:50:05.601+0000] {logging_mixin.py:137} INFO - [2024-09-28T01:50:05.601+0000] {dag.py:3452} INFO - Setting next_dagrun for example_dag_decorator to None, run_after=None
[2024-09-28T01:50:05.609+0000] {processor.py:175} INFO - Processing /usr/local/lib/python3.9/site-packages/airflow/example_dags/example_dag_decorator.py took 0.131 seconds
[2024-09-28T03:19:36.461+0000] {processor.py:153} INFO - Started process (PID=83060) to work on /usr/local/lib/python3.9/site-packages/airflow/example_dags/example_dag_decorator.py
[2024-09-28T03:19:36.461+0000] {processor.py:743} INFO - Processing file /usr/local/lib/python3.9/site-packages/airflow/example_dags/example_dag_decorator.py for tasks to queue
[2024-09-28T03:19:36.461+0000] {logging_mixin.py:137} INFO - [2024-09-28T03:19:36.461+0000] {dagbag.py:532} INFO - Filling up the DagBag from /usr/local/lib/python3.9/site-packages/airflow/example_dags/example_dag_decorator.py
[2024-09-28T03:19:36.503+0000] {logging_mixin.py:137} INFO - [2024-09-28T03:19:36.503+0000] {taskmixin.py:211} WARNING - Dependency <Task(_PythonDecoratedOperator): prepare_email>, send_email already registered for DAG: example_dag_decorator
[2024-09-28T03:19:36.504+0000] {logging_mixin.py:137} INFO - [2024-09-28T03:19:36.504+0000] {taskmixin.py:211} WARNING - Dependency <Task(EmailOperator): send_email>, prepare_email already registered for DAG: example_dag_decorator
[2024-09-28T03:19:36.508+0000] {processor.py:753} INFO - DAG(s) dict_keys(['example_dag_decorator']) retrieved from /usr/local/lib/python3.9/site-packages/airflow/example_dags/example_dag_decorator.py
[2024-09-28T03:19:36.547+0000] {logging_mixin.py:137} INFO - [2024-09-28T03:19:36.547+0000] {dag.py:2705} INFO - Sync 1 DAGs
[2024-09-28T03:19:36.559+0000] {logging_mixin.py:137} INFO - [2024-09-28T03:19:36.559+0000] {dag.py:3452} INFO - Setting next_dagrun for example_dag_decorator to None, run_after=None
[2024-09-28T03:19:36.568+0000] {processor.py:175} INFO - Processing /usr/local/lib/python3.9/site-packages/airflow/example_dags/example_dag_decorator.py took 0.109 seconds
[2024-09-28T04:20:43.507+0000] {processor.py:153} INFO - Started process (PID=83269) to work on /usr/local/lib/python3.9/site-packages/airflow/example_dags/example_dag_decorator.py
[2024-09-28T04:20:43.507+0000] {processor.py:743} INFO - Processing file /usr/local/lib/python3.9/site-packages/airflow/example_dags/example_dag_decorator.py for tasks to queue
[2024-09-28T04:20:43.508+0000] {logging_mixin.py:137} INFO - [2024-09-28T04:20:43.508+0000] {dagbag.py:532} INFO - Filling up the DagBag from /usr/local/lib/python3.9/site-packages/airflow/example_dags/example_dag_decorator.py
[2024-09-28T04:20:43.554+0000] {logging_mixin.py:137} INFO - [2024-09-28T04:20:43.554+0000] {taskmixin.py:211} WARNING - Dependency <Task(_PythonDecoratedOperator): prepare_email>, send_email already registered for DAG: example_dag_decorator
[2024-09-28T04:20:43.554+0000] {logging_mixin.py:137} INFO - [2024-09-28T04:20:43.554+0000] {taskmixin.py:211} WARNING - Dependency <Task(EmailOperator): send_email>, prepare_email already registered for DAG: example_dag_decorator
[2024-09-28T04:20:43.560+0000] {processor.py:753} INFO - DAG(s) dict_keys(['example_dag_decorator']) retrieved from /usr/local/lib/python3.9/site-packages/airflow/example_dags/example_dag_decorator.py
[2024-09-28T04:20:43.603+0000] {logging_mixin.py:137} INFO - [2024-09-28T04:20:43.603+0000] {dag.py:2705} INFO - Sync 1 DAGs
[2024-09-28T04:20:43.613+0000] {logging_mixin.py:137} INFO - [2024-09-28T04:20:43.613+0000] {dag.py:3452} INFO - Setting next_dagrun for example_dag_decorator to None, run_after=None
[2024-09-28T04:20:43.622+0000] {processor.py:175} INFO - Processing /usr/local/lib/python3.9/site-packages/airflow/example_dags/example_dag_decorator.py took 0.117 seconds
[2024-09-28T05:59:39.442+0000] {processor.py:153} INFO - Started process (PID=83481) to work on /usr/local/lib/python3.9/site-packages/airflow/example_dags/example_dag_decorator.py
[2024-09-28T05:59:39.442+0000] {processor.py:743} INFO - Processing file /usr/local/lib/python3.9/site-packages/airflow/example_dags/example_dag_decorator.py for tasks to queue
[2024-09-28T05:59:39.444+0000] {logging_mixin.py:137} INFO - [2024-09-28T05:59:39.443+0000] {dagbag.py:532} INFO - Filling up the DagBag from /usr/local/lib/python3.9/site-packages/airflow/example_dags/example_dag_decorator.py
[2024-09-28T05:59:39.488+0000] {logging_mixin.py:137} INFO - [2024-09-28T05:59:39.488+0000] {taskmixin.py:211} WARNING - Dependency <Task(_PythonDecoratedOperator): prepare_email>, send_email already registered for DAG: example_dag_decorator
[2024-09-28T05:59:39.488+0000] {logging_mixin.py:137} INFO - [2024-09-28T05:59:39.488+0000] {taskmixin.py:211} WARNING - Dependency <Task(EmailOperator): send_email>, prepare_email already registered for DAG: example_dag_decorator
[2024-09-28T05:59:39.493+0000] {processor.py:753} INFO - DAG(s) dict_keys(['example_dag_decorator']) retrieved from /usr/local/lib/python3.9/site-packages/airflow/example_dags/example_dag_decorator.py
[2024-09-28T05:59:39.516+0000] {logging_mixin.py:137} INFO - [2024-09-28T05:59:39.516+0000] {dag.py:2705} INFO - Sync 1 DAGs
[2024-09-28T05:59:39.526+0000] {logging_mixin.py:137} INFO - [2024-09-28T05:59:39.526+0000] {dag.py:3452} INFO - Setting next_dagrun for example_dag_decorator to None, run_after=None
[2024-09-28T05:59:39.537+0000] {processor.py:175} INFO - Processing /usr/local/lib/python3.9/site-packages/airflow/example_dags/example_dag_decorator.py took 0.097 seconds
[2024-09-28T07:11:50.989+0000] {processor.py:153} INFO - Started process (PID=83694) to work on /usr/local/lib/python3.9/site-packages/airflow/example_dags/example_dag_decorator.py
[2024-09-28T07:11:50.989+0000] {processor.py:743} INFO - Processing file /usr/local/lib/python3.9/site-packages/airflow/example_dags/example_dag_decorator.py for tasks to queue
[2024-09-28T07:11:50.989+0000] {logging_mixin.py:137} INFO - [2024-09-28T07:11:50.989+0000] {dagbag.py:532} INFO - Filling up the DagBag from /usr/local/lib/python3.9/site-packages/airflow/example_dags/example_dag_decorator.py
[2024-09-28T07:11:51.030+0000] {logging_mixin.py:137} INFO - [2024-09-28T07:11:51.030+0000] {taskmixin.py:211} WARNING - Dependency <Task(_PythonDecoratedOperator): prepare_email>, send_email already registered for DAG: example_dag_decorator
[2024-09-28T07:11:51.030+0000] {logging_mixin.py:137} INFO - [2024-09-28T07:11:51.030+0000] {taskmixin.py:211} WARNING - Dependency <Task(EmailOperator): send_email>, prepare_email already registered for DAG: example_dag_decorator
[2024-09-28T07:11:51.034+0000] {processor.py:753} INFO - DAG(s) dict_keys(['example_dag_decorator']) retrieved from /usr/local/lib/python3.9/site-packages/airflow/example_dags/example_dag_decorator.py
[2024-09-28T07:11:51.059+0000] {logging_mixin.py:137} INFO - [2024-09-28T07:11:51.059+0000] {dag.py:2705} INFO - Sync 1 DAGs
[2024-09-28T07:11:51.071+0000] {logging_mixin.py:137} INFO - [2024-09-28T07:11:51.071+0000] {dag.py:3452} INFO - Setting next_dagrun for example_dag_decorator to None, run_after=None
[2024-09-28T07:11:51.083+0000] {processor.py:175} INFO - Processing /usr/local/lib/python3.9/site-packages/airflow/example_dags/example_dag_decorator.py took 0.096 seconds
[2024-09-28T08:16:48.849+0000] {processor.py:153} INFO - Started process (PID=83903) to work on /usr/local/lib/python3.9/site-packages/airflow/example_dags/example_dag_decorator.py
[2024-09-28T08:16:48.850+0000] {processor.py:743} INFO - Processing file /usr/local/lib/python3.9/site-packages/airflow/example_dags/example_dag_decorator.py for tasks to queue
[2024-09-28T08:16:48.851+0000] {logging_mixin.py:137} INFO - [2024-09-28T08:16:48.851+0000] {dagbag.py:532} INFO - Filling up the DagBag from /usr/local/lib/python3.9/site-packages/airflow/example_dags/example_dag_decorator.py
[2024-09-28T08:16:48.893+0000] {logging_mixin.py:137} INFO - [2024-09-28T08:16:48.893+0000] {taskmixin.py:211} WARNING - Dependency <Task(_PythonDecoratedOperator): prepare_email>, send_email already registered for DAG: example_dag_decorator
[2024-09-28T08:16:48.894+0000] {logging_mixin.py:137} INFO - [2024-09-28T08:16:48.894+0000] {taskmixin.py:211} WARNING - Dependency <Task(EmailOperator): send_email>, prepare_email already registered for DAG: example_dag_decorator
[2024-09-28T08:16:48.898+0000] {processor.py:753} INFO - DAG(s) dict_keys(['example_dag_decorator']) retrieved from /usr/local/lib/python3.9/site-packages/airflow/example_dags/example_dag_decorator.py
[2024-09-28T08:16:48.927+0000] {logging_mixin.py:137} INFO - [2024-09-28T08:16:48.927+0000] {dag.py:2705} INFO - Sync 1 DAGs
[2024-09-28T08:16:48.935+0000] {logging_mixin.py:137} INFO - [2024-09-28T08:16:48.935+0000] {dag.py:3452} INFO - Setting next_dagrun for example_dag_decorator to None, run_after=None
[2024-09-28T08:16:48.946+0000] {processor.py:175} INFO - Processing /usr/local/lib/python3.9/site-packages/airflow/example_dags/example_dag_decorator.py took 0.098 seconds
[2024-09-28T09:53:29.656+0000] {processor.py:153} INFO - Started process (PID=84114) to work on /usr/local/lib/python3.9/site-packages/airflow/example_dags/example_dag_decorator.py
[2024-09-28T09:53:29.657+0000] {processor.py:743} INFO - Processing file /usr/local/lib/python3.9/site-packages/airflow/example_dags/example_dag_decorator.py for tasks to queue
[2024-09-28T09:53:29.659+0000] {logging_mixin.py:137} INFO - [2024-09-28T09:53:29.659+0000] {dagbag.py:532} INFO - Filling up the DagBag from /usr/local/lib/python3.9/site-packages/airflow/example_dags/example_dag_decorator.py
[2024-09-28T09:53:29.706+0000] {logging_mixin.py:137} INFO - [2024-09-28T09:53:29.706+0000] {taskmixin.py:211} WARNING - Dependency <Task(_PythonDecoratedOperator): prepare_email>, send_email already registered for DAG: example_dag_decorator
[2024-09-28T09:53:29.706+0000] {logging_mixin.py:137} INFO - [2024-09-28T09:53:29.706+0000] {taskmixin.py:211} WARNING - Dependency <Task(EmailOperator): send_email>, prepare_email already registered for DAG: example_dag_decorator
[2024-09-28T09:53:29.711+0000] {processor.py:753} INFO - DAG(s) dict_keys(['example_dag_decorator']) retrieved from /usr/local/lib/python3.9/site-packages/airflow/example_dags/example_dag_decorator.py
[2024-09-28T09:53:29.742+0000] {logging_mixin.py:137} INFO - [2024-09-28T09:53:29.742+0000] {dag.py:2705} INFO - Sync 1 DAGs
[2024-09-28T09:53:29.751+0000] {logging_mixin.py:137} INFO - [2024-09-28T09:53:29.751+0000] {dag.py:3452} INFO - Setting next_dagrun for example_dag_decorator to None, run_after=None
[2024-09-28T09:53:29.762+0000] {processor.py:175} INFO - Processing /usr/local/lib/python3.9/site-packages/airflow/example_dags/example_dag_decorator.py took 0.109 seconds
[2024-09-28T11:08:27.009+0000] {processor.py:153} INFO - Started process (PID=84325) to work on /usr/local/lib/python3.9/site-packages/airflow/example_dags/example_dag_decorator.py
[2024-09-28T11:08:27.011+0000] {processor.py:743} INFO - Processing file /usr/local/lib/python3.9/site-packages/airflow/example_dags/example_dag_decorator.py for tasks to queue
[2024-09-28T11:08:27.011+0000] {logging_mixin.py:137} INFO - [2024-09-28T11:08:27.011+0000] {dagbag.py:532} INFO - Filling up the DagBag from /usr/local/lib/python3.9/site-packages/airflow/example_dags/example_dag_decorator.py
[2024-09-28T11:08:27.057+0000] {logging_mixin.py:137} INFO - [2024-09-28T11:08:27.056+0000] {taskmixin.py:211} WARNING - Dependency <Task(_PythonDecoratedOperator): prepare_email>, send_email already registered for DAG: example_dag_decorator
[2024-09-28T11:08:27.057+0000] {logging_mixin.py:137} INFO - [2024-09-28T11:08:27.057+0000] {taskmixin.py:211} WARNING - Dependency <Task(EmailOperator): send_email>, prepare_email already registered for DAG: example_dag_decorator
[2024-09-28T11:08:27.061+0000] {processor.py:753} INFO - DAG(s) dict_keys(['example_dag_decorator']) retrieved from /usr/local/lib/python3.9/site-packages/airflow/example_dags/example_dag_decorator.py
[2024-09-28T11:08:27.092+0000] {logging_mixin.py:137} INFO - [2024-09-28T11:08:27.092+0000] {dag.py:2705} INFO - Sync 1 DAGs
[2024-09-28T11:08:27.103+0000] {logging_mixin.py:137} INFO - [2024-09-28T11:08:27.103+0000] {dag.py:3452} INFO - Setting next_dagrun for example_dag_decorator to None, run_after=None
[2024-09-28T11:08:27.118+0000] {processor.py:175} INFO - Processing /usr/local/lib/python3.9/site-packages/airflow/example_dags/example_dag_decorator.py took 0.110 seconds
[2024-09-28T12:19:38.907+0000] {processor.py:153} INFO - Started process (PID=84536) to work on /usr/local/lib/python3.9/site-packages/airflow/example_dags/example_dag_decorator.py
[2024-09-28T12:19:38.908+0000] {processor.py:743} INFO - Processing file /usr/local/lib/python3.9/site-packages/airflow/example_dags/example_dag_decorator.py for tasks to queue
[2024-09-28T12:19:38.909+0000] {logging_mixin.py:137} INFO - [2024-09-28T12:19:38.909+0000] {dagbag.py:532} INFO - Filling up the DagBag from /usr/local/lib/python3.9/site-packages/airflow/example_dags/example_dag_decorator.py
[2024-09-28T12:19:38.954+0000] {logging_mixin.py:137} INFO - [2024-09-28T12:19:38.954+0000] {taskmixin.py:211} WARNING - Dependency <Task(_PythonDecoratedOperator): prepare_email>, send_email already registered for DAG: example_dag_decorator
[2024-09-28T12:19:38.956+0000] {logging_mixin.py:137} INFO - [2024-09-28T12:19:38.956+0000] {taskmixin.py:211} WARNING - Dependency <Task(EmailOperator): send_email>, prepare_email already registered for DAG: example_dag_decorator
[2024-09-28T12:19:38.959+0000] {processor.py:753} INFO - DAG(s) dict_keys(['example_dag_decorator']) retrieved from /usr/local/lib/python3.9/site-packages/airflow/example_dags/example_dag_decorator.py
[2024-09-28T12:19:38.984+0000] {logging_mixin.py:137} INFO - [2024-09-28T12:19:38.984+0000] {dag.py:2705} INFO - Sync 1 DAGs
[2024-09-28T12:19:38.992+0000] {logging_mixin.py:137} INFO - [2024-09-28T12:19:38.992+0000] {dag.py:3452} INFO - Setting next_dagrun for example_dag_decorator to None, run_after=None
[2024-09-28T12:19:39.004+0000] {processor.py:175} INFO - Processing /usr/local/lib/python3.9/site-packages/airflow/example_dags/example_dag_decorator.py took 0.099 seconds
[2024-09-28T13:00:04.981+0000] {processor.py:153} INFO - Started process (PID=84749) to work on /usr/local/lib/python3.9/site-packages/airflow/example_dags/example_dag_decorator.py
[2024-09-28T13:00:04.981+0000] {processor.py:743} INFO - Processing file /usr/local/lib/python3.9/site-packages/airflow/example_dags/example_dag_decorator.py for tasks to queue
[2024-09-28T13:00:04.982+0000] {logging_mixin.py:137} INFO - [2024-09-28T13:00:04.982+0000] {dagbag.py:532} INFO - Filling up the DagBag from /usr/local/lib/python3.9/site-packages/airflow/example_dags/example_dag_decorator.py
[2024-09-28T13:00:05.024+0000] {logging_mixin.py:137} INFO - [2024-09-28T13:00:05.024+0000] {taskmixin.py:211} WARNING - Dependency <Task(_PythonDecoratedOperator): prepare_email>, send_email already registered for DAG: example_dag_decorator
[2024-09-28T13:00:05.024+0000] {logging_mixin.py:137} INFO - [2024-09-28T13:00:05.024+0000] {taskmixin.py:211} WARNING - Dependency <Task(EmailOperator): send_email>, prepare_email already registered for DAG: example_dag_decorator
[2024-09-28T13:00:05.028+0000] {processor.py:753} INFO - DAG(s) dict_keys(['example_dag_decorator']) retrieved from /usr/local/lib/python3.9/site-packages/airflow/example_dags/example_dag_decorator.py
[2024-09-28T13:00:05.058+0000] {logging_mixin.py:137} INFO - [2024-09-28T13:00:05.058+0000] {dag.py:2705} INFO - Sync 1 DAGs
[2024-09-28T13:00:05.067+0000] {logging_mixin.py:137} INFO - [2024-09-28T13:00:05.067+0000] {dag.py:3452} INFO - Setting next_dagrun for example_dag_decorator to None, run_after=None
[2024-09-28T13:00:05.074+0000] {processor.py:175} INFO - Processing /usr/local/lib/python3.9/site-packages/airflow/example_dags/example_dag_decorator.py took 0.095 seconds
[2024-09-28T13:34:48.656+0000] {processor.py:153} INFO - Started process (PID=84958) to work on /usr/local/lib/python3.9/site-packages/airflow/example_dags/example_dag_decorator.py
[2024-09-28T13:34:48.658+0000] {processor.py:743} INFO - Processing file /usr/local/lib/python3.9/site-packages/airflow/example_dags/example_dag_decorator.py for tasks to queue
[2024-09-28T13:34:48.658+0000] {logging_mixin.py:137} INFO - [2024-09-28T13:34:48.658+0000] {dagbag.py:532} INFO - Filling up the DagBag from /usr/local/lib/python3.9/site-packages/airflow/example_dags/example_dag_decorator.py
[2024-09-28T13:34:48.721+0000] {logging_mixin.py:137} INFO - [2024-09-28T13:34:48.720+0000] {taskmixin.py:211} WARNING - Dependency <Task(_PythonDecoratedOperator): prepare_email>, send_email already registered for DAG: example_dag_decorator
[2024-09-28T13:34:48.721+0000] {logging_mixin.py:137} INFO - [2024-09-28T13:34:48.721+0000] {taskmixin.py:211} WARNING - Dependency <Task(EmailOperator): send_email>, prepare_email already registered for DAG: example_dag_decorator
[2024-09-28T13:34:48.727+0000] {processor.py:753} INFO - DAG(s) dict_keys(['example_dag_decorator']) retrieved from /usr/local/lib/python3.9/site-packages/airflow/example_dags/example_dag_decorator.py
[2024-09-28T13:34:48.769+0000] {logging_mixin.py:137} INFO - [2024-09-28T13:34:48.769+0000] {dag.py:2705} INFO - Sync 1 DAGs
[2024-09-28T13:34:48.779+0000] {logging_mixin.py:137} INFO - [2024-09-28T13:34:48.779+0000] {dag.py:3452} INFO - Setting next_dagrun for example_dag_decorator to None, run_after=None
[2024-09-28T13:34:48.803+0000] {processor.py:175} INFO - Processing /usr/local/lib/python3.9/site-packages/airflow/example_dags/example_dag_decorator.py took 0.151 seconds
[2024-09-28T13:35:18.834+0000] {processor.py:153} INFO - Started process (PID=85174) to work on /usr/local/lib/python3.9/site-packages/airflow/example_dags/example_dag_decorator.py
[2024-09-28T13:35:18.835+0000] {processor.py:743} INFO - Processing file /usr/local/lib/python3.9/site-packages/airflow/example_dags/example_dag_decorator.py for tasks to queue
[2024-09-28T13:35:18.836+0000] {logging_mixin.py:137} INFO - [2024-09-28T13:35:18.836+0000] {dagbag.py:532} INFO - Filling up the DagBag from /usr/local/lib/python3.9/site-packages/airflow/example_dags/example_dag_decorator.py
[2024-09-28T13:35:18.881+0000] {logging_mixin.py:137} INFO - [2024-09-28T13:35:18.881+0000] {taskmixin.py:211} WARNING - Dependency <Task(_PythonDecoratedOperator): prepare_email>, send_email already registered for DAG: example_dag_decorator
[2024-09-28T13:35:18.881+0000] {logging_mixin.py:137} INFO - [2024-09-28T13:35:18.881+0000] {taskmixin.py:211} WARNING - Dependency <Task(EmailOperator): send_email>, prepare_email already registered for DAG: example_dag_decorator
[2024-09-28T13:35:18.887+0000] {processor.py:753} INFO - DAG(s) dict_keys(['example_dag_decorator']) retrieved from /usr/local/lib/python3.9/site-packages/airflow/example_dags/example_dag_decorator.py
[2024-09-28T13:35:18.917+0000] {logging_mixin.py:137} INFO - [2024-09-28T13:35:18.917+0000] {dag.py:2705} INFO - Sync 1 DAGs
[2024-09-28T13:35:18.930+0000] {logging_mixin.py:137} INFO - [2024-09-28T13:35:18.930+0000] {dag.py:3452} INFO - Setting next_dagrun for example_dag_decorator to None, run_after=None
[2024-09-28T13:35:18.938+0000] {processor.py:175} INFO - Processing /usr/local/lib/python3.9/site-packages/airflow/example_dags/example_dag_decorator.py took 0.106 seconds
[2024-09-28T13:43:14.109+0000] {processor.py:153} INFO - Started process (PID=85382) to work on /usr/local/lib/python3.9/site-packages/airflow/example_dags/example_dag_decorator.py
[2024-09-28T13:43:14.110+0000] {processor.py:743} INFO - Processing file /usr/local/lib/python3.9/site-packages/airflow/example_dags/example_dag_decorator.py for tasks to queue
[2024-09-28T13:43:14.110+0000] {logging_mixin.py:137} INFO - [2024-09-28T13:43:14.110+0000] {dagbag.py:532} INFO - Filling up the DagBag from /usr/local/lib/python3.9/site-packages/airflow/example_dags/example_dag_decorator.py
[2024-09-28T13:43:14.161+0000] {logging_mixin.py:137} INFO - [2024-09-28T13:43:14.160+0000] {taskmixin.py:211} WARNING - Dependency <Task(_PythonDecoratedOperator): prepare_email>, send_email already registered for DAG: example_dag_decorator
[2024-09-28T13:43:14.161+0000] {logging_mixin.py:137} INFO - [2024-09-28T13:43:14.161+0000] {taskmixin.py:211} WARNING - Dependency <Task(EmailOperator): send_email>, prepare_email already registered for DAG: example_dag_decorator
[2024-09-28T13:43:14.165+0000] {processor.py:753} INFO - DAG(s) dict_keys(['example_dag_decorator']) retrieved from /usr/local/lib/python3.9/site-packages/airflow/example_dags/example_dag_decorator.py
[2024-09-28T13:43:14.197+0000] {logging_mixin.py:137} INFO - [2024-09-28T13:43:14.197+0000] {dag.py:2705} INFO - Sync 1 DAGs
[2024-09-28T13:43:14.205+0000] {logging_mixin.py:137} INFO - [2024-09-28T13:43:14.205+0000] {dag.py:3452} INFO - Setting next_dagrun for example_dag_decorator to None, run_after=None
[2024-09-28T13:43:14.220+0000] {processor.py:175} INFO - Processing /usr/local/lib/python3.9/site-packages/airflow/example_dags/example_dag_decorator.py took 0.113 seconds
