[2024-09-28T00:33:03.572+0000] {processor.py:153} INFO - Started process (PID=82591) to work on /usr/local/lib/python3.9/site-packages/airflow/example_dags/example_sensor_decorator.py
[2024-09-28T00:33:03.573+0000] {processor.py:743} INFO - Processing file /usr/local/lib/python3.9/site-packages/airflow/example_dags/example_sensor_decorator.py for tasks to queue
[2024-09-28T00:33:03.574+0000] {logging_mixin.py:137} INFO - [2024-09-28T00:33:03.574+0000] {dagbag.py:532} INFO - Filling up the DagBag from /usr/local/lib/python3.9/site-packages/airflow/example_dags/example_sensor_decorator.py
[2024-09-28T00:33:03.593+0000] {processor.py:753} INFO - DAG(s) dict_keys(['example_sensor_decorator']) retrieved from /usr/local/lib/python3.9/site-packages/airflow/example_dags/example_sensor_decorator.py
[2024-09-28T00:33:03.614+0000] {logging_mixin.py:137} INFO - [2024-09-28T00:33:03.614+0000] {dag.py:2705} INFO - Sync 1 DAGs
[2024-09-28T00:33:03.641+0000] {logging_mixin.py:137} INFO - [2024-09-28T00:33:03.641+0000] {dag.py:3452} INFO - Setting next_dagrun for example_sensor_decorator to None, run_after=None
[2024-09-28T00:33:03.652+0000] {processor.py:175} INFO - Processing /usr/local/lib/python3.9/site-packages/airflow/example_dags/example_sensor_decorator.py took 0.081 seconds
[2024-09-28T01:50:05.152+0000] {processor.py:153} INFO - Started process (PID=82802) to work on /usr/local/lib/python3.9/site-packages/airflow/example_dags/example_sensor_decorator.py
[2024-09-28T01:50:05.152+0000] {processor.py:743} INFO - Processing file /usr/local/lib/python3.9/site-packages/airflow/example_dags/example_sensor_decorator.py for tasks to queue
[2024-09-28T01:50:05.155+0000] {logging_mixin.py:137} INFO - [2024-09-28T01:50:05.155+0000] {dagbag.py:532} INFO - Filling up the DagBag from /usr/local/lib/python3.9/site-packages/airflow/example_dags/example_sensor_decorator.py
[2024-09-28T01:50:05.166+0000] {processor.py:753} INFO - DAG(s) dict_keys(['example_sensor_decorator']) retrieved from /usr/local/lib/python3.9/site-packages/airflow/example_dags/example_sensor_decorator.py
[2024-09-28T01:50:05.188+0000] {logging_mixin.py:137} INFO - [2024-09-28T01:50:05.188+0000] {dag.py:2705} INFO - Sync 1 DAGs
[2024-09-28T01:50:05.204+0000] {logging_mixin.py:137} INFO - [2024-09-28T01:50:05.204+0000] {dag.py:3452} INFO - Setting next_dagrun for example_sensor_decorator to None, run_after=None
[2024-09-28T01:50:05.213+0000] {processor.py:175} INFO - Processing /usr/local/lib/python3.9/site-packages/airflow/example_dags/example_sensor_decorator.py took 0.063 seconds
[2024-09-28T03:19:36.113+0000] {processor.py:153} INFO - Started process (PID=83013) to work on /usr/local/lib/python3.9/site-packages/airflow/example_dags/example_sensor_decorator.py
[2024-09-28T03:19:36.114+0000] {processor.py:743} INFO - Processing file /usr/local/lib/python3.9/site-packages/airflow/example_dags/example_sensor_decorator.py for tasks to queue
[2024-09-28T03:19:36.114+0000] {logging_mixin.py:137} INFO - [2024-09-28T03:19:36.114+0000] {dagbag.py:532} INFO - Filling up the DagBag from /usr/local/lib/python3.9/site-packages/airflow/example_dags/example_sensor_decorator.py
[2024-09-28T03:19:36.126+0000] {processor.py:753} INFO - DAG(s) dict_keys(['example_sensor_decorator']) retrieved from /usr/local/lib/python3.9/site-packages/airflow/example_dags/example_sensor_decorator.py
[2024-09-28T03:19:36.142+0000] {logging_mixin.py:137} INFO - [2024-09-28T03:19:36.141+0000] {dag.py:2705} INFO - Sync 1 DAGs
[2024-09-28T03:19:36.153+0000] {logging_mixin.py:137} INFO - [2024-09-28T03:19:36.153+0000] {dag.py:3452} INFO - Setting next_dagrun for example_sensor_decorator to None, run_after=None
[2024-09-28T03:19:36.163+0000] {processor.py:175} INFO - Processing /usr/local/lib/python3.9/site-packages/airflow/example_dags/example_sensor_decorator.py took 0.052 seconds
[2024-09-28T04:20:43.215+0000] {processor.py:153} INFO - Started process (PID=83226) to work on /usr/local/lib/python3.9/site-packages/airflow/example_dags/example_sensor_decorator.py
[2024-09-28T04:20:43.215+0000] {processor.py:743} INFO - Processing file /usr/local/lib/python3.9/site-packages/airflow/example_dags/example_sensor_decorator.py for tasks to queue
[2024-09-28T04:20:43.216+0000] {logging_mixin.py:137} INFO - [2024-09-28T04:20:43.216+0000] {dagbag.py:532} INFO - Filling up the DagBag from /usr/local/lib/python3.9/site-packages/airflow/example_dags/example_sensor_decorator.py
[2024-09-28T04:20:43.233+0000] {processor.py:753} INFO - DAG(s) dict_keys(['example_sensor_decorator']) retrieved from /usr/local/lib/python3.9/site-packages/airflow/example_dags/example_sensor_decorator.py
[2024-09-28T04:20:43.247+0000] {logging_mixin.py:137} INFO - [2024-09-28T04:20:43.247+0000] {dag.py:2705} INFO - Sync 1 DAGs
[2024-09-28T04:20:43.263+0000] {logging_mixin.py:137} INFO - [2024-09-28T04:20:43.263+0000] {dag.py:3452} INFO - Setting next_dagrun for example_sensor_decorator to None, run_after=None
[2024-09-28T04:20:43.272+0000] {processor.py:175} INFO - Processing /usr/local/lib/python3.9/site-packages/airflow/example_dags/example_sensor_decorator.py took 0.058 seconds
[2024-09-28T05:59:39.158+0000] {processor.py:153} INFO - Started process (PID=83436) to work on /usr/local/lib/python3.9/site-packages/airflow/example_dags/example_sensor_decorator.py
[2024-09-28T05:59:39.161+0000] {processor.py:743} INFO - Processing file /usr/local/lib/python3.9/site-packages/airflow/example_dags/example_sensor_decorator.py for tasks to queue
[2024-09-28T05:59:39.162+0000] {logging_mixin.py:137} INFO - [2024-09-28T05:59:39.162+0000] {dagbag.py:532} INFO - Filling up the DagBag from /usr/local/lib/python3.9/site-packages/airflow/example_dags/example_sensor_decorator.py
[2024-09-28T05:59:39.178+0000] {processor.py:753} INFO - DAG(s) dict_keys(['example_sensor_decorator']) retrieved from /usr/local/lib/python3.9/site-packages/airflow/example_dags/example_sensor_decorator.py
[2024-09-28T05:59:39.187+0000] {logging_mixin.py:137} INFO - [2024-09-28T05:59:39.187+0000] {dag.py:2705} INFO - Sync 1 DAGs
[2024-09-28T05:59:39.200+0000] {logging_mixin.py:137} INFO - [2024-09-28T05:59:39.200+0000] {dag.py:3452} INFO - Setting next_dagrun for example_sensor_decorator to None, run_after=None
[2024-09-28T05:59:39.209+0000] {processor.py:175} INFO - Processing /usr/local/lib/python3.9/site-packages/airflow/example_dags/example_sensor_decorator.py took 0.055 seconds
[2024-09-28T07:11:50.686+0000] {processor.py:153} INFO - Started process (PID=83647) to work on /usr/local/lib/python3.9/site-packages/airflow/example_dags/example_sensor_decorator.py
[2024-09-28T07:11:50.687+0000] {processor.py:743} INFO - Processing file /usr/local/lib/python3.9/site-packages/airflow/example_dags/example_sensor_decorator.py for tasks to queue
[2024-09-28T07:11:50.688+0000] {logging_mixin.py:137} INFO - [2024-09-28T07:11:50.687+0000] {dagbag.py:532} INFO - Filling up the DagBag from /usr/local/lib/python3.9/site-packages/airflow/example_dags/example_sensor_decorator.py
[2024-09-28T07:11:50.698+0000] {processor.py:753} INFO - DAG(s) dict_keys(['example_sensor_decorator']) retrieved from /usr/local/lib/python3.9/site-packages/airflow/example_dags/example_sensor_decorator.py
[2024-09-28T07:11:50.708+0000] {logging_mixin.py:137} INFO - [2024-09-28T07:11:50.707+0000] {dag.py:2705} INFO - Sync 1 DAGs
[2024-09-28T07:11:50.717+0000] {logging_mixin.py:137} INFO - [2024-09-28T07:11:50.717+0000] {dag.py:3452} INFO - Setting next_dagrun for example_sensor_decorator to None, run_after=None
[2024-09-28T07:11:50.734+0000] {processor.py:175} INFO - Processing /usr/local/lib/python3.9/site-packages/airflow/example_dags/example_sensor_decorator.py took 0.050 seconds
[2024-09-28T08:16:48.587+0000] {processor.py:153} INFO - Started process (PID=83860) to work on /usr/local/lib/python3.9/site-packages/airflow/example_dags/example_sensor_decorator.py
[2024-09-28T08:16:48.588+0000] {processor.py:743} INFO - Processing file /usr/local/lib/python3.9/site-packages/airflow/example_dags/example_sensor_decorator.py for tasks to queue
[2024-09-28T08:16:48.588+0000] {logging_mixin.py:137} INFO - [2024-09-28T08:16:48.588+0000] {dagbag.py:532} INFO - Filling up the DagBag from /usr/local/lib/python3.9/site-packages/airflow/example_dags/example_sensor_decorator.py
[2024-09-28T08:16:48.600+0000] {processor.py:753} INFO - DAG(s) dict_keys(['example_sensor_decorator']) retrieved from /usr/local/lib/python3.9/site-packages/airflow/example_dags/example_sensor_decorator.py
[2024-09-28T08:16:48.616+0000] {logging_mixin.py:137} INFO - [2024-09-28T08:16:48.616+0000] {dag.py:2705} INFO - Sync 1 DAGs
[2024-09-28T08:16:48.626+0000] {logging_mixin.py:137} INFO - [2024-09-28T08:16:48.626+0000] {dag.py:3452} INFO - Setting next_dagrun for example_sensor_decorator to None, run_after=None
[2024-09-28T08:16:48.645+0000] {processor.py:175} INFO - Processing /usr/local/lib/python3.9/site-packages/airflow/example_dags/example_sensor_decorator.py took 0.060 seconds
[2024-09-28T09:53:29.376+0000] {processor.py:153} INFO - Started process (PID=84071) to work on /usr/local/lib/python3.9/site-packages/airflow/example_dags/example_sensor_decorator.py
[2024-09-28T09:53:29.377+0000] {processor.py:743} INFO - Processing file /usr/local/lib/python3.9/site-packages/airflow/example_dags/example_sensor_decorator.py for tasks to queue
[2024-09-28T09:53:29.378+0000] {logging_mixin.py:137} INFO - [2024-09-28T09:53:29.378+0000] {dagbag.py:532} INFO - Filling up the DagBag from /usr/local/lib/python3.9/site-packages/airflow/example_dags/example_sensor_decorator.py
[2024-09-28T09:53:29.388+0000] {processor.py:753} INFO - DAG(s) dict_keys(['example_sensor_decorator']) retrieved from /usr/local/lib/python3.9/site-packages/airflow/example_dags/example_sensor_decorator.py
[2024-09-28T09:53:29.403+0000] {logging_mixin.py:137} INFO - [2024-09-28T09:53:29.403+0000] {dag.py:2705} INFO - Sync 1 DAGs
[2024-09-28T09:53:29.417+0000] {logging_mixin.py:137} INFO - [2024-09-28T09:53:29.417+0000] {dag.py:3452} INFO - Setting next_dagrun for example_sensor_decorator to None, run_after=None
[2024-09-28T09:53:29.426+0000] {processor.py:175} INFO - Processing /usr/local/lib/python3.9/site-packages/airflow/example_dags/example_sensor_decorator.py took 0.051 seconds
[2024-09-28T11:08:26.713+0000] {processor.py:153} INFO - Started process (PID=84280) to work on /usr/local/lib/python3.9/site-packages/airflow/example_dags/example_sensor_decorator.py
[2024-09-28T11:08:26.713+0000] {processor.py:743} INFO - Processing file /usr/local/lib/python3.9/site-packages/airflow/example_dags/example_sensor_decorator.py for tasks to queue
[2024-09-28T11:08:26.714+0000] {logging_mixin.py:137} INFO - [2024-09-28T11:08:26.714+0000] {dagbag.py:532} INFO - Filling up the DagBag from /usr/local/lib/python3.9/site-packages/airflow/example_dags/example_sensor_decorator.py
[2024-09-28T11:08:26.725+0000] {processor.py:753} INFO - DAG(s) dict_keys(['example_sensor_decorator']) retrieved from /usr/local/lib/python3.9/site-packages/airflow/example_dags/example_sensor_decorator.py
[2024-09-28T11:08:26.737+0000] {logging_mixin.py:137} INFO - [2024-09-28T11:08:26.737+0000] {dag.py:2705} INFO - Sync 1 DAGs
[2024-09-28T11:08:26.746+0000] {logging_mixin.py:137} INFO - [2024-09-28T11:08:26.746+0000] {dag.py:3452} INFO - Setting next_dagrun for example_sensor_decorator to None, run_after=None
[2024-09-28T11:08:26.757+0000] {processor.py:175} INFO - Processing /usr/local/lib/python3.9/site-packages/airflow/example_dags/example_sensor_decorator.py took 0.046 seconds
[2024-09-28T12:19:38.631+0000] {processor.py:153} INFO - Started process (PID=84491) to work on /usr/local/lib/python3.9/site-packages/airflow/example_dags/example_sensor_decorator.py
[2024-09-28T12:19:38.632+0000] {processor.py:743} INFO - Processing file /usr/local/lib/python3.9/site-packages/airflow/example_dags/example_sensor_decorator.py for tasks to queue
[2024-09-28T12:19:38.633+0000] {logging_mixin.py:137} INFO - [2024-09-28T12:19:38.633+0000] {dagbag.py:532} INFO - Filling up the DagBag from /usr/local/lib/python3.9/site-packages/airflow/example_dags/example_sensor_decorator.py
[2024-09-28T12:19:38.648+0000] {processor.py:753} INFO - DAG(s) dict_keys(['example_sensor_decorator']) retrieved from /usr/local/lib/python3.9/site-packages/airflow/example_dags/example_sensor_decorator.py
[2024-09-28T12:19:38.657+0000] {logging_mixin.py:137} INFO - [2024-09-28T12:19:38.657+0000] {dag.py:2705} INFO - Sync 1 DAGs
[2024-09-28T12:19:38.667+0000] {logging_mixin.py:137} INFO - [2024-09-28T12:19:38.667+0000] {dag.py:3452} INFO - Setting next_dagrun for example_sensor_decorator to None, run_after=None
[2024-09-28T12:19:38.676+0000] {processor.py:175} INFO - Processing /usr/local/lib/python3.9/site-packages/airflow/example_dags/example_sensor_decorator.py took 0.047 seconds
[2024-09-28T13:00:04.679+0000] {processor.py:153} INFO - Started process (PID=84704) to work on /usr/local/lib/python3.9/site-packages/airflow/example_dags/example_sensor_decorator.py
[2024-09-28T13:00:04.680+0000] {processor.py:743} INFO - Processing file /usr/local/lib/python3.9/site-packages/airflow/example_dags/example_sensor_decorator.py for tasks to queue
[2024-09-28T13:00:04.680+0000] {logging_mixin.py:137} INFO - [2024-09-28T13:00:04.680+0000] {dagbag.py:532} INFO - Filling up the DagBag from /usr/local/lib/python3.9/site-packages/airflow/example_dags/example_sensor_decorator.py
[2024-09-28T13:00:04.692+0000] {processor.py:753} INFO - DAG(s) dict_keys(['example_sensor_decorator']) retrieved from /usr/local/lib/python3.9/site-packages/airflow/example_dags/example_sensor_decorator.py
[2024-09-28T13:00:04.714+0000] {logging_mixin.py:137} INFO - [2024-09-28T13:00:04.713+0000] {dag.py:2705} INFO - Sync 1 DAGs
[2024-09-28T13:00:04.727+0000] {logging_mixin.py:137} INFO - [2024-09-28T13:00:04.727+0000] {dag.py:3452} INFO - Setting next_dagrun for example_sensor_decorator to None, run_after=None
[2024-09-28T13:00:04.733+0000] {processor.py:175} INFO - Processing /usr/local/lib/python3.9/site-packages/airflow/example_dags/example_sensor_decorator.py took 0.057 seconds
[2024-09-28T13:34:48.198+0000] {processor.py:153} INFO - Started process (PID=84915) to work on /usr/local/lib/python3.9/site-packages/airflow/example_dags/example_sensor_decorator.py
[2024-09-28T13:34:48.202+0000] {processor.py:743} INFO - Processing file /usr/local/lib/python3.9/site-packages/airflow/example_dags/example_sensor_decorator.py for tasks to queue
[2024-09-28T13:34:48.204+0000] {logging_mixin.py:137} INFO - [2024-09-28T13:34:48.204+0000] {dagbag.py:532} INFO - Filling up the DagBag from /usr/local/lib/python3.9/site-packages/airflow/example_dags/example_sensor_decorator.py
[2024-09-28T13:34:48.227+0000] {processor.py:753} INFO - DAG(s) dict_keys(['example_sensor_decorator']) retrieved from /usr/local/lib/python3.9/site-packages/airflow/example_dags/example_sensor_decorator.py
[2024-09-28T13:34:48.245+0000] {logging_mixin.py:137} INFO - [2024-09-28T13:34:48.245+0000] {dag.py:2705} INFO - Sync 1 DAGs
[2024-09-28T13:34:48.270+0000] {logging_mixin.py:137} INFO - [2024-09-28T13:34:48.270+0000] {dag.py:3452} INFO - Setting next_dagrun for example_sensor_decorator to None, run_after=None
[2024-09-28T13:34:48.283+0000] {processor.py:175} INFO - Processing /usr/local/lib/python3.9/site-packages/airflow/example_dags/example_sensor_decorator.py took 0.097 seconds
[2024-09-28T13:35:18.483+0000] {processor.py:153} INFO - Started process (PID=85124) to work on /usr/local/lib/python3.9/site-packages/airflow/example_dags/example_sensor_decorator.py
[2024-09-28T13:35:18.484+0000] {processor.py:743} INFO - Processing file /usr/local/lib/python3.9/site-packages/airflow/example_dags/example_sensor_decorator.py for tasks to queue
[2024-09-28T13:35:18.485+0000] {logging_mixin.py:137} INFO - [2024-09-28T13:35:18.485+0000] {dagbag.py:532} INFO - Filling up the DagBag from /usr/local/lib/python3.9/site-packages/airflow/example_dags/example_sensor_decorator.py
[2024-09-28T13:35:18.499+0000] {processor.py:753} INFO - DAG(s) dict_keys(['example_sensor_decorator']) retrieved from /usr/local/lib/python3.9/site-packages/airflow/example_dags/example_sensor_decorator.py
[2024-09-28T13:35:18.516+0000] {logging_mixin.py:137} INFO - [2024-09-28T13:35:18.516+0000] {dag.py:2705} INFO - Sync 1 DAGs
[2024-09-28T13:35:18.527+0000] {logging_mixin.py:137} INFO - [2024-09-28T13:35:18.527+0000] {dag.py:3452} INFO - Setting next_dagrun for example_sensor_decorator to None, run_after=None
[2024-09-28T13:35:18.534+0000] {processor.py:175} INFO - Processing /usr/local/lib/python3.9/site-packages/airflow/example_dags/example_sensor_decorator.py took 0.053 seconds
[2024-09-28T13:43:13.727+0000] {processor.py:153} INFO - Started process (PID=85337) to work on /usr/local/lib/python3.9/site-packages/airflow/example_dags/example_sensor_decorator.py
[2024-09-28T13:43:13.730+0000] {processor.py:743} INFO - Processing file /usr/local/lib/python3.9/site-packages/airflow/example_dags/example_sensor_decorator.py for tasks to queue
[2024-09-28T13:43:13.732+0000] {logging_mixin.py:137} INFO - [2024-09-28T13:43:13.732+0000] {dagbag.py:532} INFO - Filling up the DagBag from /usr/local/lib/python3.9/site-packages/airflow/example_dags/example_sensor_decorator.py
[2024-09-28T13:43:13.776+0000] {processor.py:753} INFO - DAG(s) dict_keys(['example_sensor_decorator']) retrieved from /usr/local/lib/python3.9/site-packages/airflow/example_dags/example_sensor_decorator.py
[2024-09-28T13:43:13.791+0000] {logging_mixin.py:137} INFO - [2024-09-28T13:43:13.791+0000] {dag.py:2705} INFO - Sync 1 DAGs
[2024-09-28T13:43:13.803+0000] {logging_mixin.py:137} INFO - [2024-09-28T13:43:13.803+0000] {dag.py:3452} INFO - Setting next_dagrun for example_sensor_decorator to None, run_after=None
[2024-09-28T13:43:13.817+0000] {processor.py:175} INFO - Processing /usr/local/lib/python3.9/site-packages/airflow/example_dags/example_sensor_decorator.py took 0.099 seconds
