[2024-09-28T00:33:02.016+0000] {processor.py:153} INFO - Started process (PID=82520) to work on /usr/local/lib/python3.9/site-packages/airflow/example_dags/tutorial_dag.py
[2024-09-28T00:33:02.018+0000] {processor.py:743} INFO - Processing file /usr/local/lib/python3.9/site-packages/airflow/example_dags/tutorial_dag.py for tasks to queue
[2024-09-28T00:33:02.018+0000] {logging_mixin.py:137} INFO - [2024-09-28T00:33:02.018+0000] {dagbag.py:532} INFO - Filling up the DagBag from /usr/local/lib/python3.9/site-packages/airflow/example_dags/tutorial_dag.py
[2024-09-28T00:33:02.026+0000] {processor.py:753} INFO - DAG(s) dict_keys(['tutorial_dag']) retrieved from /usr/local/lib/python3.9/site-packages/airflow/example_dags/tutorial_dag.py
[2024-09-28T00:33:02.041+0000] {logging_mixin.py:137} INFO - [2024-09-28T00:33:02.041+0000] {dag.py:2705} INFO - Sync 1 DAGs
[2024-09-28T00:33:02.061+0000] {logging_mixin.py:137} INFO - [2024-09-28T00:33:02.061+0000] {dag.py:3452} INFO - Setting next_dagrun for tutorial_dag to None, run_after=None
[2024-09-28T00:33:02.072+0000] {processor.py:175} INFO - Processing /usr/local/lib/python3.9/site-packages/airflow/example_dags/tutorial_dag.py took 0.059 seconds
[2024-09-28T01:50:04.119+0000] {processor.py:153} INFO - Started process (PID=82731) to work on /usr/local/lib/python3.9/site-packages/airflow/example_dags/tutorial_dag.py
[2024-09-28T01:50:04.120+0000] {processor.py:743} INFO - Processing file /usr/local/lib/python3.9/site-packages/airflow/example_dags/tutorial_dag.py for tasks to queue
[2024-09-28T01:50:04.121+0000] {logging_mixin.py:137} INFO - [2024-09-28T01:50:04.121+0000] {dagbag.py:532} INFO - Filling up the DagBag from /usr/local/lib/python3.9/site-packages/airflow/example_dags/tutorial_dag.py
[2024-09-28T01:50:04.129+0000] {processor.py:753} INFO - DAG(s) dict_keys(['tutorial_dag']) retrieved from /usr/local/lib/python3.9/site-packages/airflow/example_dags/tutorial_dag.py
[2024-09-28T01:50:04.148+0000] {logging_mixin.py:137} INFO - [2024-09-28T01:50:04.148+0000] {dag.py:2705} INFO - Sync 1 DAGs
[2024-09-28T01:50:04.164+0000] {logging_mixin.py:137} INFO - [2024-09-28T01:50:04.164+0000] {dag.py:3452} INFO - Setting next_dagrun for tutorial_dag to None, run_after=None
[2024-09-28T01:50:04.176+0000] {processor.py:175} INFO - Processing /usr/local/lib/python3.9/site-packages/airflow/example_dags/tutorial_dag.py took 0.058 seconds
[2024-09-28T03:19:35.579+0000] {processor.py:153} INFO - Started process (PID=82942) to work on /usr/local/lib/python3.9/site-packages/airflow/example_dags/tutorial_dag.py
[2024-09-28T03:19:35.581+0000] {processor.py:743} INFO - Processing file /usr/local/lib/python3.9/site-packages/airflow/example_dags/tutorial_dag.py for tasks to queue
[2024-09-28T03:19:35.587+0000] {logging_mixin.py:137} INFO - [2024-09-28T03:19:35.587+0000] {dagbag.py:532} INFO - Filling up the DagBag from /usr/local/lib/python3.9/site-packages/airflow/example_dags/tutorial_dag.py
[2024-09-28T03:19:35.599+0000] {processor.py:753} INFO - DAG(s) dict_keys(['tutorial_dag']) retrieved from /usr/local/lib/python3.9/site-packages/airflow/example_dags/tutorial_dag.py
[2024-09-28T03:19:35.641+0000] {logging_mixin.py:137} INFO - [2024-09-28T03:19:35.641+0000] {dag.py:2705} INFO - Sync 1 DAGs
[2024-09-28T03:19:35.667+0000] {logging_mixin.py:137} INFO - [2024-09-28T03:19:35.667+0000] {dag.py:3452} INFO - Setting next_dagrun for tutorial_dag to None, run_after=None
[2024-09-28T03:19:35.679+0000] {processor.py:175} INFO - Processing /usr/local/lib/python3.9/site-packages/airflow/example_dags/tutorial_dag.py took 0.103 seconds
[2024-09-28T04:20:42.271+0000] {processor.py:153} INFO - Started process (PID=83153) to work on /usr/local/lib/python3.9/site-packages/airflow/example_dags/tutorial_dag.py
[2024-09-28T04:20:42.273+0000] {processor.py:743} INFO - Processing file /usr/local/lib/python3.9/site-packages/airflow/example_dags/tutorial_dag.py for tasks to queue
[2024-09-28T04:20:42.273+0000] {logging_mixin.py:137} INFO - [2024-09-28T04:20:42.273+0000] {dagbag.py:532} INFO - Filling up the DagBag from /usr/local/lib/python3.9/site-packages/airflow/example_dags/tutorial_dag.py
[2024-09-28T04:20:42.281+0000] {processor.py:753} INFO - DAG(s) dict_keys(['tutorial_dag']) retrieved from /usr/local/lib/python3.9/site-packages/airflow/example_dags/tutorial_dag.py
[2024-09-28T04:20:42.298+0000] {logging_mixin.py:137} INFO - [2024-09-28T04:20:42.298+0000] {dag.py:2705} INFO - Sync 1 DAGs
[2024-09-28T04:20:42.318+0000] {logging_mixin.py:137} INFO - [2024-09-28T04:20:42.318+0000] {dag.py:3452} INFO - Setting next_dagrun for tutorial_dag to None, run_after=None
[2024-09-28T04:20:42.327+0000] {processor.py:175} INFO - Processing /usr/local/lib/python3.9/site-packages/airflow/example_dags/tutorial_dag.py took 0.061 seconds
[2024-09-28T05:59:38.626+0000] {processor.py:153} INFO - Started process (PID=83365) to work on /usr/local/lib/python3.9/site-packages/airflow/example_dags/tutorial_dag.py
[2024-09-28T05:59:38.628+0000] {processor.py:743} INFO - Processing file /usr/local/lib/python3.9/site-packages/airflow/example_dags/tutorial_dag.py for tasks to queue
[2024-09-28T05:59:38.630+0000] {logging_mixin.py:137} INFO - [2024-09-28T05:59:38.630+0000] {dagbag.py:532} INFO - Filling up the DagBag from /usr/local/lib/python3.9/site-packages/airflow/example_dags/tutorial_dag.py
[2024-09-28T05:59:38.635+0000] {processor.py:753} INFO - DAG(s) dict_keys(['tutorial_dag']) retrieved from /usr/local/lib/python3.9/site-packages/airflow/example_dags/tutorial_dag.py
[2024-09-28T05:59:38.670+0000] {logging_mixin.py:137} INFO - [2024-09-28T05:59:38.670+0000] {dag.py:2705} INFO - Sync 1 DAGs
[2024-09-28T05:59:38.687+0000] {logging_mixin.py:137} INFO - [2024-09-28T05:59:38.687+0000] {dag.py:3452} INFO - Setting next_dagrun for tutorial_dag to None, run_after=None
[2024-09-28T05:59:38.700+0000] {processor.py:175} INFO - Processing /usr/local/lib/python3.9/site-packages/airflow/example_dags/tutorial_dag.py took 0.076 seconds
[2024-09-28T07:11:50.203+0000] {processor.py:153} INFO - Started process (PID=83576) to work on /usr/local/lib/python3.9/site-packages/airflow/example_dags/tutorial_dag.py
[2024-09-28T07:11:50.204+0000] {processor.py:743} INFO - Processing file /usr/local/lib/python3.9/site-packages/airflow/example_dags/tutorial_dag.py for tasks to queue
[2024-09-28T07:11:50.207+0000] {logging_mixin.py:137} INFO - [2024-09-28T07:11:50.207+0000] {dagbag.py:532} INFO - Filling up the DagBag from /usr/local/lib/python3.9/site-packages/airflow/example_dags/tutorial_dag.py
[2024-09-28T07:11:50.218+0000] {processor.py:753} INFO - DAG(s) dict_keys(['tutorial_dag']) retrieved from /usr/local/lib/python3.9/site-packages/airflow/example_dags/tutorial_dag.py
[2024-09-28T07:11:50.236+0000] {logging_mixin.py:137} INFO - [2024-09-28T07:11:50.236+0000] {dag.py:2705} INFO - Sync 1 DAGs
[2024-09-28T07:11:50.246+0000] {logging_mixin.py:137} INFO - [2024-09-28T07:11:50.246+0000] {dag.py:3452} INFO - Setting next_dagrun for tutorial_dag to None, run_after=None
[2024-09-28T07:11:50.255+0000] {processor.py:175} INFO - Processing /usr/local/lib/python3.9/site-packages/airflow/example_dags/tutorial_dag.py took 0.057 seconds
[2024-09-28T08:16:48.035+0000] {processor.py:153} INFO - Started process (PID=83787) to work on /usr/local/lib/python3.9/site-packages/airflow/example_dags/tutorial_dag.py
[2024-09-28T08:16:48.036+0000] {processor.py:743} INFO - Processing file /usr/local/lib/python3.9/site-packages/airflow/example_dags/tutorial_dag.py for tasks to queue
[2024-09-28T08:16:48.038+0000] {logging_mixin.py:137} INFO - [2024-09-28T08:16:48.038+0000] {dagbag.py:532} INFO - Filling up the DagBag from /usr/local/lib/python3.9/site-packages/airflow/example_dags/tutorial_dag.py
[2024-09-28T08:16:48.047+0000] {processor.py:753} INFO - DAG(s) dict_keys(['tutorial_dag']) retrieved from /usr/local/lib/python3.9/site-packages/airflow/example_dags/tutorial_dag.py
[2024-09-28T08:16:48.074+0000] {logging_mixin.py:137} INFO - [2024-09-28T08:16:48.074+0000] {dag.py:2705} INFO - Sync 1 DAGs
[2024-09-28T08:16:48.091+0000] {logging_mixin.py:137} INFO - [2024-09-28T08:16:48.091+0000] {dag.py:3452} INFO - Setting next_dagrun for tutorial_dag to None, run_after=None
[2024-09-28T08:16:48.105+0000] {processor.py:175} INFO - Processing /usr/local/lib/python3.9/site-packages/airflow/example_dags/tutorial_dag.py took 0.072 seconds
[2024-09-28T09:53:28.811+0000] {processor.py:153} INFO - Started process (PID=83998) to work on /usr/local/lib/python3.9/site-packages/airflow/example_dags/tutorial_dag.py
[2024-09-28T09:53:28.812+0000] {processor.py:743} INFO - Processing file /usr/local/lib/python3.9/site-packages/airflow/example_dags/tutorial_dag.py for tasks to queue
[2024-09-28T09:53:28.814+0000] {logging_mixin.py:137} INFO - [2024-09-28T09:53:28.814+0000] {dagbag.py:532} INFO - Filling up the DagBag from /usr/local/lib/python3.9/site-packages/airflow/example_dags/tutorial_dag.py
[2024-09-28T09:53:28.822+0000] {processor.py:753} INFO - DAG(s) dict_keys(['tutorial_dag']) retrieved from /usr/local/lib/python3.9/site-packages/airflow/example_dags/tutorial_dag.py
[2024-09-28T09:53:28.853+0000] {logging_mixin.py:137} INFO - [2024-09-28T09:53:28.853+0000] {dag.py:2705} INFO - Sync 1 DAGs
[2024-09-28T09:53:28.868+0000] {logging_mixin.py:137} INFO - [2024-09-28T09:53:28.868+0000] {dag.py:3452} INFO - Setting next_dagrun for tutorial_dag to None, run_after=None
[2024-09-28T09:53:28.879+0000] {processor.py:175} INFO - Processing /usr/local/lib/python3.9/site-packages/airflow/example_dags/tutorial_dag.py took 0.069 seconds
[2024-09-28T11:08:26.229+0000] {processor.py:153} INFO - Started process (PID=84211) to work on /usr/local/lib/python3.9/site-packages/airflow/example_dags/tutorial_dag.py
[2024-09-28T11:08:26.233+0000] {processor.py:743} INFO - Processing file /usr/local/lib/python3.9/site-packages/airflow/example_dags/tutorial_dag.py for tasks to queue
[2024-09-28T11:08:26.234+0000] {logging_mixin.py:137} INFO - [2024-09-28T11:08:26.234+0000] {dagbag.py:532} INFO - Filling up the DagBag from /usr/local/lib/python3.9/site-packages/airflow/example_dags/tutorial_dag.py
[2024-09-28T11:08:26.241+0000] {processor.py:753} INFO - DAG(s) dict_keys(['tutorial_dag']) retrieved from /usr/local/lib/python3.9/site-packages/airflow/example_dags/tutorial_dag.py
[2024-09-28T11:08:26.259+0000] {logging_mixin.py:137} INFO - [2024-09-28T11:08:26.259+0000] {dag.py:2705} INFO - Sync 1 DAGs
[2024-09-28T11:08:26.269+0000] {logging_mixin.py:137} INFO - [2024-09-28T11:08:26.269+0000] {dag.py:3452} INFO - Setting next_dagrun for tutorial_dag to None, run_after=None
[2024-09-28T11:08:26.279+0000] {processor.py:175} INFO - Processing /usr/local/lib/python3.9/site-packages/airflow/example_dags/tutorial_dag.py took 0.055 seconds
[2024-09-28T12:19:38.149+0000] {processor.py:153} INFO - Started process (PID=84420) to work on /usr/local/lib/python3.9/site-packages/airflow/example_dags/tutorial_dag.py
[2024-09-28T12:19:38.151+0000] {processor.py:743} INFO - Processing file /usr/local/lib/python3.9/site-packages/airflow/example_dags/tutorial_dag.py for tasks to queue
[2024-09-28T12:19:38.151+0000] {logging_mixin.py:137} INFO - [2024-09-28T12:19:38.151+0000] {dagbag.py:532} INFO - Filling up the DagBag from /usr/local/lib/python3.9/site-packages/airflow/example_dags/tutorial_dag.py
[2024-09-28T12:19:38.164+0000] {processor.py:753} INFO - DAG(s) dict_keys(['tutorial_dag']) retrieved from /usr/local/lib/python3.9/site-packages/airflow/example_dags/tutorial_dag.py
[2024-09-28T12:19:38.181+0000] {logging_mixin.py:137} INFO - [2024-09-28T12:19:38.181+0000] {dag.py:2705} INFO - Sync 1 DAGs
[2024-09-28T12:19:38.191+0000] {logging_mixin.py:137} INFO - [2024-09-28T12:19:38.191+0000] {dag.py:3452} INFO - Setting next_dagrun for tutorial_dag to None, run_after=None
[2024-09-28T12:19:38.200+0000] {processor.py:175} INFO - Processing /usr/local/lib/python3.9/site-packages/airflow/example_dags/tutorial_dag.py took 0.064 seconds
[2024-09-28T13:00:04.166+0000] {processor.py:153} INFO - Started process (PID=84633) to work on /usr/local/lib/python3.9/site-packages/airflow/example_dags/tutorial_dag.py
[2024-09-28T13:00:04.167+0000] {processor.py:743} INFO - Processing file /usr/local/lib/python3.9/site-packages/airflow/example_dags/tutorial_dag.py for tasks to queue
[2024-09-28T13:00:04.168+0000] {logging_mixin.py:137} INFO - [2024-09-28T13:00:04.168+0000] {dagbag.py:532} INFO - Filling up the DagBag from /usr/local/lib/python3.9/site-packages/airflow/example_dags/tutorial_dag.py
[2024-09-28T13:00:04.176+0000] {processor.py:753} INFO - DAG(s) dict_keys(['tutorial_dag']) retrieved from /usr/local/lib/python3.9/site-packages/airflow/example_dags/tutorial_dag.py
[2024-09-28T13:00:04.195+0000] {logging_mixin.py:137} INFO - [2024-09-28T13:00:04.194+0000] {dag.py:2705} INFO - Sync 1 DAGs
[2024-09-28T13:00:04.211+0000] {logging_mixin.py:137} INFO - [2024-09-28T13:00:04.211+0000] {dag.py:3452} INFO - Setting next_dagrun for tutorial_dag to None, run_after=None
[2024-09-28T13:00:04.225+0000] {processor.py:175} INFO - Processing /usr/local/lib/python3.9/site-packages/airflow/example_dags/tutorial_dag.py took 0.062 seconds
[2024-09-28T13:34:46.741+0000] {processor.py:153} INFO - Started process (PID=84844) to work on /usr/local/lib/python3.9/site-packages/airflow/example_dags/tutorial_dag.py
[2024-09-28T13:34:46.742+0000] {processor.py:743} INFO - Processing file /usr/local/lib/python3.9/site-packages/airflow/example_dags/tutorial_dag.py for tasks to queue
[2024-09-28T13:34:46.742+0000] {logging_mixin.py:137} INFO - [2024-09-28T13:34:46.742+0000] {dagbag.py:532} INFO - Filling up the DagBag from /usr/local/lib/python3.9/site-packages/airflow/example_dags/tutorial_dag.py
[2024-09-28T13:34:46.749+0000] {processor.py:753} INFO - DAG(s) dict_keys(['tutorial_dag']) retrieved from /usr/local/lib/python3.9/site-packages/airflow/example_dags/tutorial_dag.py
[2024-09-28T13:34:46.911+0000] {logging_mixin.py:137} INFO - [2024-09-28T13:34:46.911+0000] {dag.py:2705} INFO - Sync 1 DAGs
[2024-09-28T13:34:46.953+0000] {logging_mixin.py:137} INFO - [2024-09-28T13:34:46.953+0000] {dag.py:3452} INFO - Setting next_dagrun for tutorial_dag to None, run_after=None
[2024-09-28T13:34:46.963+0000] {processor.py:175} INFO - Processing /usr/local/lib/python3.9/site-packages/airflow/example_dags/tutorial_dag.py took 0.224 seconds
[2024-09-28T13:35:17.902+0000] {processor.py:153} INFO - Started process (PID=85055) to work on /usr/local/lib/python3.9/site-packages/airflow/example_dags/tutorial_dag.py
[2024-09-28T13:35:17.904+0000] {processor.py:743} INFO - Processing file /usr/local/lib/python3.9/site-packages/airflow/example_dags/tutorial_dag.py for tasks to queue
[2024-09-28T13:35:17.904+0000] {logging_mixin.py:137} INFO - [2024-09-28T13:35:17.904+0000] {dagbag.py:532} INFO - Filling up the DagBag from /usr/local/lib/python3.9/site-packages/airflow/example_dags/tutorial_dag.py
[2024-09-28T13:35:17.932+0000] {processor.py:753} INFO - DAG(s) dict_keys(['tutorial_dag']) retrieved from /usr/local/lib/python3.9/site-packages/airflow/example_dags/tutorial_dag.py
[2024-09-28T13:35:17.973+0000] {logging_mixin.py:137} INFO - [2024-09-28T13:35:17.973+0000] {dag.py:2705} INFO - Sync 1 DAGs
[2024-09-28T13:35:17.993+0000] {logging_mixin.py:137} INFO - [2024-09-28T13:35:17.993+0000] {dag.py:3452} INFO - Setting next_dagrun for tutorial_dag to None, run_after=None
[2024-09-28T13:35:18.014+0000] {processor.py:175} INFO - Processing /usr/local/lib/python3.9/site-packages/airflow/example_dags/tutorial_dag.py took 0.117 seconds
[2024-09-28T13:43:13.177+0000] {processor.py:153} INFO - Started process (PID=85266) to work on /usr/local/lib/python3.9/site-packages/airflow/example_dags/tutorial_dag.py
[2024-09-28T13:43:13.178+0000] {processor.py:743} INFO - Processing file /usr/local/lib/python3.9/site-packages/airflow/example_dags/tutorial_dag.py for tasks to queue
[2024-09-28T13:43:13.178+0000] {logging_mixin.py:137} INFO - [2024-09-28T13:43:13.178+0000] {dagbag.py:532} INFO - Filling up the DagBag from /usr/local/lib/python3.9/site-packages/airflow/example_dags/tutorial_dag.py
[2024-09-28T13:43:13.184+0000] {processor.py:753} INFO - DAG(s) dict_keys(['tutorial_dag']) retrieved from /usr/local/lib/python3.9/site-packages/airflow/example_dags/tutorial_dag.py
[2024-09-28T13:43:13.206+0000] {logging_mixin.py:137} INFO - [2024-09-28T13:43:13.206+0000] {dag.py:2705} INFO - Sync 1 DAGs
[2024-09-28T13:43:13.227+0000] {logging_mixin.py:137} INFO - [2024-09-28T13:43:13.227+0000] {dag.py:3452} INFO - Setting next_dagrun for tutorial_dag to None, run_after=None
[2024-09-28T13:43:13.243+0000] {processor.py:175} INFO - Processing /usr/local/lib/python3.9/site-packages/airflow/example_dags/tutorial_dag.py took 0.072 seconds
