[2024-10-13T22:31:49.350+0000] {taskinstance.py:1090} INFO - Dependencies all met for dep_context=non-requeueable deps ti=<TaskInstance: pipeline_Demo.DB_to_S3 manual__2024-10-13T22:31:10.787712+00:00 [queued]>
[2024-10-13T22:31:49.355+0000] {taskinstance.py:1090} INFO - Dependencies all met for dep_context=requeueable deps ti=<TaskInstance: pipeline_Demo.DB_to_S3 manual__2024-10-13T22:31:10.787712+00:00 [queued]>
[2024-10-13T22:31:49.355+0000] {taskinstance.py:1288} INFO - 
--------------------------------------------------------------------------------
[2024-10-13T22:31:49.356+0000] {taskinstance.py:1289} INFO - Starting attempt 1 of 1
[2024-10-13T22:31:49.356+0000] {taskinstance.py:1290} INFO - 
--------------------------------------------------------------------------------
[2024-10-13T22:31:49.362+0000] {taskinstance.py:1309} INFO - Executing <Task(PythonOperator): DB_to_S3> on 2024-10-13 22:31:10.787712+00:00
[2024-10-13T22:31:49.375+0000] {standard_task_runner.py:55} INFO - Started process 714 to run task
[2024-10-13T22:31:49.377+0000] {standard_task_runner.py:82} INFO - Running: ['***', 'tasks', 'run', 'pipeline_Demo', 'DB_to_S3', 'manual__2024-10-13T22:31:10.787712+00:00', '--job-id', '38', '--raw', '--subdir', 'DAGS_FOLDER/pipeline_Demo.py', '--cfg-path', '/tmp/tmpwagnqtdj']
[2024-10-13T22:31:49.378+0000] {standard_task_runner.py:83} INFO - Job 38: Subtask DB_to_S3
[2024-10-13T22:31:49.388+0000] {logging_mixin.py:137} WARNING - /usr/local/lib/python3.9/site-packages/***/settings.py:250 DeprecationWarning: The sql_alchemy_conn option in [core] has been moved to the sql_alchemy_conn option in [database] - the old setting has been used, but please update your config.
[2024-10-13T22:31:49.418+0000] {task_command.py:389} INFO - Running <TaskInstance: pipeline_Demo.DB_to_S3 manual__2024-10-13T22:31:10.787712+00:00 [running]> on host 764f93acab86
[2024-10-13T22:31:49.455+0000] {taskinstance.py:1516} INFO - Exporting the following env vars:
AIRFLOW_CTX_DAG_OWNER=***
AIRFLOW_CTX_DAG_ID=pipeline_Demo
AIRFLOW_CTX_TASK_ID=DB_to_S3
AIRFLOW_CTX_EXECUTION_DATE=2024-10-13T22:31:10.787712+00:00
AIRFLOW_CTX_TRY_NUMBER=1
AIRFLOW_CTX_DAG_RUN_ID=manual__2024-10-13T22:31:10.787712+00:00
[2024-10-13T22:31:49.457+0000] {db_s3.py:20} INFO - Creating Spark session ......
[2024-10-13T22:31:52.275+0000] {logging_mixin.py:137} INFO - Executable Query: ( select * from ***.public.reddit_d where flair = 'Blog' ) as query
[2024-10-13T22:31:54.717+0000] {db_s3.py:51} INFO - Updating run log for read operation....
[2024-10-13T22:31:54.721+0000] {db_s3.py:55} INFO - Run log updated successfully....
[2024-10-13T22:31:54.721+0000] {db_s3.py:113} INFO - Completed reading from table ......
[2024-10-13T22:31:54.721+0000] {logging_mixin.py:137} INFO - s3_parts: ['s3a:', '', 'sdevalla-buck', 'db_data_receiver', 'db_s3_yyyymmdd.parquet']
[2024-10-13T22:31:55.056+0000] {logging_mixin.py:137} INFO - file_name: db_s3_20241013.parquet
[2024-10-13T22:31:55.056+0000] {logging_mixin.py:137} INFO - Target File name: db_s3_20241013.parquet
[2024-10-13T22:32:04.264+0000] {db_s3.py:173} INFO - Moved and Renamed files
[2024-10-13T22:32:04.280+0000] {db_s3.py:51} INFO - Updating run log for write operation....
[2024-10-13T22:32:04.282+0000] {db_s3.py:55} INFO - Run log updated successfully....
[2024-10-13T22:32:04.283+0000] {db_s3.py:245} INFO - Completed writing file.....
[2024-10-13T22:32:04.283+0000] {db_s3.py:302} INFO - 93 records transferred from DB to S3 s3a://sdevalla-buck/db_data_receiver/db_s3_yyyymmdd.parquet with filename db_s3_20241013.parquet
[2024-10-13T22:32:04.780+0000] {python.py:177} INFO - Done. Returned value was: [93, 'db_s3_20241013.parquet']
[2024-10-13T22:32:04.815+0000] {taskinstance.py:1327} INFO - Marking task as SUCCESS. dag_id=pipeline_Demo, task_id=DB_to_S3, execution_date=20241013T223110, start_date=20241013T223149, end_date=20241013T223204
[2024-10-13T22:32:04.844+0000] {local_task_job.py:212} INFO - Task exited with return code 0
[2024-10-13T22:32:04.876+0000] {taskinstance.py:2596} INFO - 1 downstream tasks scheduled from follow-on schedule check
