[2024-10-14T14:21:40.846+0000] {taskinstance.py:1090} INFO - Dependencies all met for dep_context=non-requeueable deps ti=<TaskInstance: pipeline_Demo.DB_to_S3 manual__2024-10-14T14:21:09.293092+00:00 [queued]>
[2024-10-14T14:21:40.851+0000] {taskinstance.py:1090} INFO - Dependencies all met for dep_context=requeueable deps ti=<TaskInstance: pipeline_Demo.DB_to_S3 manual__2024-10-14T14:21:09.293092+00:00 [queued]>
[2024-10-14T14:21:40.851+0000] {taskinstance.py:1288} INFO - 
--------------------------------------------------------------------------------
[2024-10-14T14:21:40.851+0000] {taskinstance.py:1289} INFO - Starting attempt 1 of 1
[2024-10-14T14:21:40.851+0000] {taskinstance.py:1290} INFO - 
--------------------------------------------------------------------------------
[2024-10-14T14:21:40.857+0000] {taskinstance.py:1309} INFO - Executing <Task(PythonOperator): DB_to_S3> on 2024-10-14 14:21:09.293092+00:00
[2024-10-14T14:21:40.864+0000] {standard_task_runner.py:55} INFO - Started process 714 to run task
[2024-10-14T14:21:40.867+0000] {standard_task_runner.py:82} INFO - Running: ['***', 'tasks', 'run', 'pipeline_Demo', 'DB_to_S3', 'manual__2024-10-14T14:21:09.293092+00:00', '--job-id', '18', '--raw', '--subdir', 'DAGS_FOLDER/pipeline_Demo.py', '--cfg-path', '/tmp/tmp_ymy7p89']
[2024-10-14T14:21:40.869+0000] {standard_task_runner.py:83} INFO - Job 18: Subtask DB_to_S3
[2024-10-14T14:21:40.878+0000] {logging_mixin.py:137} WARNING - /usr/local/lib/python3.9/site-packages/***/settings.py:250 DeprecationWarning: The sql_alchemy_conn option in [core] has been moved to the sql_alchemy_conn option in [database] - the old setting has been used, but please update your config.
[2024-10-14T14:21:40.917+0000] {task_command.py:389} INFO - Running <TaskInstance: pipeline_Demo.DB_to_S3 manual__2024-10-14T14:21:09.293092+00:00 [running]> on host a84a64e41b62
[2024-10-14T14:21:40.949+0000] {taskinstance.py:1516} INFO - Exporting the following env vars:
AIRFLOW_CTX_DAG_OWNER=***
AIRFLOW_CTX_DAG_ID=pipeline_Demo
AIRFLOW_CTX_TASK_ID=DB_to_S3
AIRFLOW_CTX_EXECUTION_DATE=2024-10-14T14:21:09.293092+00:00
AIRFLOW_CTX_TRY_NUMBER=1
AIRFLOW_CTX_DAG_RUN_ID=manual__2024-10-14T14:21:09.293092+00:00
[2024-10-14T14:21:40.950+0000] {db_s3.py:20} INFO - Creating Spark session ......
[2024-10-14T14:21:43.588+0000] {logging_mixin.py:137} INFO - Executable Query: ( SELECT * FROM ***.public.reddit_d where flair = 'Blog' ) as query
[2024-10-14T14:21:45.656+0000] {db_s3.py:51} INFO - Updating run log for read operation....
[2024-10-14T14:21:45.660+0000] {db_s3.py:55} INFO - Run log updated successfully....
[2024-10-14T14:21:45.660+0000] {db_s3.py:113} INFO - Completed reading from table ......
[2024-10-14T14:21:45.661+0000] {logging_mixin.py:137} INFO - s3_parts: ['s3a:', '', 'sdevalla-buck', 'db_data', 'db_s3_yyyymmddHHMMSS.parquet']
[2024-10-14T14:21:46.065+0000] {logging_mixin.py:137} INFO - Target File name: db_s3_20241014142146.parquet
[2024-10-14T14:21:54.570+0000] {db_s3.py:173} INFO - Moved and Renamed files
[2024-10-14T14:21:54.586+0000] {db_s3.py:51} INFO - Updating run log for write operation....
[2024-10-14T14:21:54.589+0000] {db_s3.py:55} INFO - Run log updated successfully....
[2024-10-14T14:21:54.589+0000] {db_s3.py:246} INFO - Completed writing file.....
[2024-10-14T14:21:54.590+0000] {db_s3.py:303} INFO - 93 records transferred from DB to S3 s3a://sdevalla-buck/db_data/db_s3_yyyymmddHHMMSS.parquet with filename db_s3_20241014142146.parquet
[2024-10-14T14:21:55.097+0000] {python.py:177} INFO - Done. Returned value was: [93, 'db_s3_20241014142146.parquet']
[2024-10-14T14:21:55.131+0000] {taskinstance.py:1327} INFO - Marking task as SUCCESS. dag_id=pipeline_Demo, task_id=DB_to_S3, execution_date=20241014T142109, start_date=20241014T142140, end_date=20241014T142155
[2024-10-14T14:21:55.212+0000] {local_task_job.py:212} INFO - Task exited with return code 0
[2024-10-14T14:21:55.247+0000] {taskinstance.py:2596} INFO - 1 downstream tasks scheduled from follow-on schedule check
