[2024-10-10T18:00:37.544+0000] {taskinstance.py:1090} INFO - Dependencies all met for dep_context=non-requeueable deps ti=<TaskInstance: pipeline_D.task_0_DB_to_DB manual__2024-10-10T17:13:58.109375+00:00 [queued]>
[2024-10-10T18:00:37.562+0000] {taskinstance.py:1090} INFO - Dependencies all met for dep_context=requeueable deps ti=<TaskInstance: pipeline_D.task_0_DB_to_DB manual__2024-10-10T17:13:58.109375+00:00 [queued]>
[2024-10-10T18:00:37.562+0000] {taskinstance.py:1288} INFO - 
--------------------------------------------------------------------------------
[2024-10-10T18:00:37.562+0000] {taskinstance.py:1289} INFO - Starting attempt 5 of 5
[2024-10-10T18:00:37.562+0000] {taskinstance.py:1290} INFO - 
--------------------------------------------------------------------------------
[2024-10-10T18:00:37.577+0000] {taskinstance.py:1309} INFO - Executing <Task(PythonOperator): task_0_DB_to_DB> on 2024-10-10 17:13:58.109375+00:00
[2024-10-10T18:00:37.589+0000] {standard_task_runner.py:55} INFO - Started process 9397 to run task
[2024-10-10T18:00:37.594+0000] {standard_task_runner.py:82} INFO - Running: ['***', 'tasks', 'run', 'pipeline_D', 'task_0_DB_to_DB', 'manual__2024-10-10T17:13:58.109375+00:00', '--job-id', '7', '--raw', '--subdir', 'DAGS_FOLDER/pipeline_D.py', '--cfg-path', '/tmp/tmpl6nbiapy']
[2024-10-10T18:00:37.597+0000] {standard_task_runner.py:83} INFO - Job 7: Subtask task_0_DB_to_DB
[2024-10-10T18:00:37.611+0000] {logging_mixin.py:137} WARNING - /usr/local/lib/python3.9/site-packages/***/settings.py:250 DeprecationWarning: The sql_alchemy_conn option in [core] has been moved to the sql_alchemy_conn option in [database] - the old setting has been used, but please update your config.
[2024-10-10T18:00:37.647+0000] {task_command.py:389} INFO - Running <TaskInstance: pipeline_D.task_0_DB_to_DB manual__2024-10-10T17:13:58.109375+00:00 [running]> on host d6685a94b59c
[2024-10-10T18:00:37.691+0000] {taskinstance.py:1516} INFO - Exporting the following env vars:
AIRFLOW_CTX_DAG_OWNER=***
AIRFLOW_CTX_DAG_ID=pipeline_D
AIRFLOW_CTX_TASK_ID=task_0_DB_to_DB
AIRFLOW_CTX_EXECUTION_DATE=2024-10-10T17:13:58.109375+00:00
AIRFLOW_CTX_TRY_NUMBER=5
AIRFLOW_CTX_DAG_RUN_ID=manual__2024-10-10T17:13:58.109375+00:00
[2024-10-10T18:00:37.693+0000] {db_db.py:17} INFO - Creating Spark session ......
[2024-10-10T18:00:41.190+0000] {logging_mixin.py:137} INFO - Executable Query: (SELECT * FROM ***.public.reddit_d)as query
[2024-10-10T18:00:43.257+0000] {db_db.py:82} INFO - Completed reading from table ......
[2024-10-10T18:00:43.612+0000] {db_db.py:103} INFO - Completed writing to target table.......
[2024-10-10T18:00:43.612+0000] {db_db.py:152} INFO - 918 records loaded to table ***.public.reddit_dclone
[2024-10-10T18:00:44.148+0000] {python.py:177} INFO - Done. Returned value was: 918
[2024-10-10T18:00:44.209+0000] {taskinstance.py:1327} INFO - Marking task as SUCCESS. dag_id=pipeline_D, task_id=task_0_DB_to_DB, execution_date=20241010T171358, start_date=20241010T180037, end_date=20241010T180044
[2024-10-10T18:00:44.275+0000] {local_task_job.py:212} INFO - Task exited with return code 0
[2024-10-10T18:00:44.314+0000] {taskinstance.py:2596} INFO - 0 downstream tasks scheduled from follow-on schedule check
