[2024-10-10T17:14:01.802+0000] {taskinstance.py:1090} INFO - Dependencies all met for dep_context=non-requeueable deps ti=<TaskInstance: pipeline_D.task_0_DB_to_DB manual__2024-10-10T17:13:58.109375+00:00 [queued]>
[2024-10-10T17:14:01.810+0000] {taskinstance.py:1090} INFO - Dependencies all met for dep_context=requeueable deps ti=<TaskInstance: pipeline_D.task_0_DB_to_DB manual__2024-10-10T17:13:58.109375+00:00 [queued]>
[2024-10-10T17:14:01.810+0000] {taskinstance.py:1288} INFO - 
--------------------------------------------------------------------------------
[2024-10-10T17:14:01.810+0000] {taskinstance.py:1289} INFO - Starting attempt 1 of 1
[2024-10-10T17:14:01.810+0000] {taskinstance.py:1290} INFO - 
--------------------------------------------------------------------------------
[2024-10-10T17:14:01.818+0000] {taskinstance.py:1309} INFO - Executing <Task(PythonOperator): task_0_DB_to_DB> on 2024-10-10 17:13:58.109375+00:00
[2024-10-10T17:14:01.853+0000] {standard_task_runner.py:55} INFO - Started process 3271 to run task
[2024-10-10T17:14:01.862+0000] {standard_task_runner.py:82} INFO - Running: ['***', 'tasks', 'run', 'pipeline_D', 'task_0_DB_to_DB', 'manual__2024-10-10T17:13:58.109375+00:00', '--job-id', '3', '--raw', '--subdir', 'DAGS_FOLDER/pipeline_D.py', '--cfg-path', '/tmp/tmp_j70k7_h']
[2024-10-10T17:14:01.865+0000] {standard_task_runner.py:83} INFO - Job 3: Subtask task_0_DB_to_DB
[2024-10-10T17:14:01.880+0000] {logging_mixin.py:137} WARNING - /usr/local/lib/python3.9/site-packages/***/settings.py:250 DeprecationWarning: The sql_alchemy_conn option in [core] has been moved to the sql_alchemy_conn option in [database] - the old setting has been used, but please update your config.
[2024-10-10T17:14:01.907+0000] {task_command.py:389} INFO - Running <TaskInstance: pipeline_D.task_0_DB_to_DB manual__2024-10-10T17:13:58.109375+00:00 [running]> on host d6685a94b59c
[2024-10-10T17:14:01.950+0000] {taskinstance.py:1516} INFO - Exporting the following env vars:
AIRFLOW_CTX_DAG_OWNER=***
AIRFLOW_CTX_DAG_ID=pipeline_D
AIRFLOW_CTX_TASK_ID=task_0_DB_to_DB
AIRFLOW_CTX_EXECUTION_DATE=2024-10-10T17:13:58.109375+00:00
AIRFLOW_CTX_TRY_NUMBER=1
AIRFLOW_CTX_DAG_RUN_ID=manual__2024-10-10T17:13:58.109375+00:00
[2024-10-10T17:14:01.952+0000] {logging_mixin.py:137} INFO - Executable Query: (SELECT * FROM ***.public.reddit_d)as query
[2024-10-10T17:14:01.952+0000] {db_db.py:76} ERROR - Unable to read data from table:'NoneType' object has no attribute 'read'
[2024-10-10T17:14:01.953+0000] {db_db.py:158} INFO - Data load failed to target table!!
[2024-10-10T17:14:01.953+0000] {taskinstance.py:1776} ERROR - Task failed with exception
Traceback (most recent call last):
  File "/usr/local/lib/python3.9/site-packages/airflow/operators/python.py", line 175, in execute
    return_value = self.execute_callable()
  File "/usr/local/lib/python3.9/site-packages/airflow/operators/python.py", line 192, in execute_callable
    return self.python_callable(*self.op_args, **self.op_kwargs)
  File "/opt/airflow/scripts/db_db.py", line 159, in main_db_db
    spark.stop()
AttributeError: 'NoneType' object has no attribute 'stop'
[2024-10-10T17:14:01.959+0000] {taskinstance.py:1327} INFO - Marking task as FAILED. dag_id=pipeline_D, task_id=task_0_DB_to_DB, execution_date=20241010T171358, start_date=20241010T171401, end_date=20241010T171401
[2024-10-10T17:14:01.966+0000] {standard_task_runner.py:100} ERROR - Failed to execute job 3 for task task_0_DB_to_DB ('NoneType' object has no attribute 'stop'; 3271)
[2024-10-10T17:14:02.005+0000] {local_task_job.py:212} INFO - Task exited with return code 1
[2024-10-10T17:14:02.015+0000] {taskinstance.py:2596} INFO - 0 downstream tasks scheduled from follow-on schedule check
