[2024-10-10T17:58:16.363+0000] {taskinstance.py:1090} INFO - Dependencies all met for dep_context=non-requeueable deps ti=<TaskInstance: pipeline_D.task_0_DB_to_DB manual__2024-10-10T17:13:58.109375+00:00 [queued]>
[2024-10-10T17:58:16.367+0000] {taskinstance.py:1090} INFO - Dependencies all met for dep_context=requeueable deps ti=<TaskInstance: pipeline_D.task_0_DB_to_DB manual__2024-10-10T17:13:58.109375+00:00 [queued]>
[2024-10-10T17:58:16.367+0000] {taskinstance.py:1288} INFO - 
--------------------------------------------------------------------------------
[2024-10-10T17:58:16.367+0000] {taskinstance.py:1289} INFO - Starting attempt 4 of 4
[2024-10-10T17:58:16.368+0000] {taskinstance.py:1290} INFO - 
--------------------------------------------------------------------------------
[2024-10-10T17:58:16.372+0000] {taskinstance.py:1309} INFO - Executing <Task(PythonOperator): task_0_DB_to_DB> on 2024-10-10 17:13:58.109375+00:00
[2024-10-10T17:58:16.379+0000] {standard_task_runner.py:55} INFO - Started process 8071 to run task
[2024-10-10T17:58:16.381+0000] {standard_task_runner.py:82} INFO - Running: ['***', 'tasks', 'run', 'pipeline_D', 'task_0_DB_to_DB', 'manual__2024-10-10T17:13:58.109375+00:00', '--job-id', '6', '--raw', '--subdir', 'DAGS_FOLDER/pipeline_D.py', '--cfg-path', '/tmp/tmp7ot4a8ku']
[2024-10-10T17:58:16.391+0000] {standard_task_runner.py:83} INFO - Job 6: Subtask task_0_DB_to_DB
[2024-10-10T17:58:16.506+0000] {logging_mixin.py:137} WARNING - /usr/local/lib/python3.9/site-packages/***/settings.py:250 DeprecationWarning: The sql_alchemy_conn option in [core] has been moved to the sql_alchemy_conn option in [database] - the old setting has been used, but please update your config.
[2024-10-10T17:58:16.708+0000] {task_command.py:389} INFO - Running <TaskInstance: pipeline_D.task_0_DB_to_DB manual__2024-10-10T17:13:58.109375+00:00 [running]> on host d6685a94b59c
[2024-10-10T17:58:16.786+0000] {taskinstance.py:1516} INFO - Exporting the following env vars:
AIRFLOW_CTX_DAG_OWNER=***
AIRFLOW_CTX_DAG_ID=pipeline_D
AIRFLOW_CTX_TASK_ID=task_0_DB_to_DB
AIRFLOW_CTX_EXECUTION_DATE=2024-10-10T17:13:58.109375+00:00
AIRFLOW_CTX_TRY_NUMBER=4
AIRFLOW_CTX_DAG_RUN_ID=manual__2024-10-10T17:13:58.109375+00:00
[2024-10-10T17:58:16.792+0000] {db_db.py:17} INFO - Creating Spark session ......
[2024-10-10T17:58:22.356+0000] {logging_mixin.py:137} INFO - Executable Query: (SELECT * FROM ***.public.reddit_d)as query
[2024-10-10T17:58:24.367+0000] {db_db.py:82} INFO - Completed reading from table ......
[2024-10-10T17:58:24.585+0000] {db_db.py:103} INFO - Completed writing to target table.......
[2024-10-10T17:58:24.589+0000] {db_db.py:152} INFO - 918 records loaded to table ***.public.reddit_dclone
[2024-10-10T17:58:24.764+0000] {python.py:177} INFO - Done. Returned value was: 918
[2024-10-10T17:58:24.820+0000] {taskinstance.py:1327} INFO - Marking task as SUCCESS. dag_id=pipeline_D, task_id=task_0_DB_to_DB, execution_date=20241010T171358, start_date=20241010T175816, end_date=20241010T175824
[2024-10-10T17:58:24.865+0000] {local_task_job.py:212} INFO - Task exited with return code 0
[2024-10-10T17:58:24.907+0000] {taskinstance.py:2596} INFO - 0 downstream tasks scheduled from follow-on schedule check
