[2024-10-13T18:48:55.535+0000] {taskinstance.py:1090} INFO - Dependencies all met for dep_context=non-requeueable deps ti=<TaskInstance: pipeline_Demo.Email_notification manual__2024-10-13T18:48:13.353856+00:00 [queued]>
[2024-10-13T18:48:55.538+0000] {taskinstance.py:1090} INFO - Dependencies all met for dep_context=requeueable deps ti=<TaskInstance: pipeline_Demo.Email_notification manual__2024-10-13T18:48:13.353856+00:00 [queued]>
[2024-10-13T18:48:55.538+0000] {taskinstance.py:1288} INFO - 
--------------------------------------------------------------------------------
[2024-10-13T18:48:55.538+0000] {taskinstance.py:1289} INFO - Starting attempt 1 of 1
[2024-10-13T18:48:55.538+0000] {taskinstance.py:1290} INFO - 
--------------------------------------------------------------------------------
[2024-10-13T18:48:55.543+0000] {taskinstance.py:1309} INFO - Executing <Task(PythonOperator): Email_notification> on 2024-10-13 18:48:13.353856+00:00
[2024-10-13T18:48:55.546+0000] {standard_task_runner.py:55} INFO - Started process 912 to run task
[2024-10-13T18:48:55.548+0000] {standard_task_runner.py:82} INFO - Running: ['***', 'tasks', 'run', 'pipeline_Demo', 'Email_notification', 'manual__2024-10-13T18:48:13.353856+00:00', '--job-id', '5', '--raw', '--subdir', 'DAGS_FOLDER/pipeline_Demo.py', '--cfg-path', '/tmp/tmpdvkzm7uk']
[2024-10-13T18:48:55.549+0000] {standard_task_runner.py:83} INFO - Job 5: Subtask Email_notification
[2024-10-13T18:48:55.555+0000] {logging_mixin.py:137} WARNING - /usr/local/lib/python3.9/site-packages/***/settings.py:250 DeprecationWarning: The sql_alchemy_conn option in [core] has been moved to the sql_alchemy_conn option in [database] - the old setting has been used, but please update your config.
[2024-10-13T18:48:55.577+0000] {task_command.py:389} INFO - Running <TaskInstance: pipeline_Demo.Email_notification manual__2024-10-13T18:48:13.353856+00:00 [running]> on host 16e31bf22c08
[2024-10-13T18:48:55.611+0000] {taskinstance.py:1516} INFO - Exporting the following env vars:
AIRFLOW_CTX_DAG_OWNER=***
AIRFLOW_CTX_DAG_ID=pipeline_Demo
AIRFLOW_CTX_TASK_ID=Email_notification
AIRFLOW_CTX_EXECUTION_DATE=2024-10-13T18:48:13.353856+00:00
AIRFLOW_CTX_TRY_NUMBER=1
AIRFLOW_CTX_DAG_RUN_ID=manual__2024-10-13T18:48:13.353856+00:00
[2024-10-13T18:48:55.618+0000] {logging_mixin.py:137} WARNING - /opt/***/scripts/email_notification.py:119 UserWarning: pandas only supports SQLAlchemy connectable (engine/connection) or database string URI or sqlite3 DBAPI2 connection. Other DBAPI2 objects are not tested. Please consider using SQLAlchemy.
[2024-10-13T18:48:56.217+0000] {logging_mixin.py:137} INFO - Email sent! Message ID: 010f019287364e1d-29948271-3517-4536-8b88-f38b75b25d68-000000
[2024-10-13T18:48:56.219+0000] {python.py:177} INFO - Done. Returned value was: None
[2024-10-13T18:48:56.231+0000] {taskinstance.py:1327} INFO - Marking task as SUCCESS. dag_id=pipeline_Demo, task_id=Email_notification, execution_date=20241013T184813, start_date=20241013T184855, end_date=20241013T184856
[2024-10-13T18:48:56.281+0000] {local_task_job.py:212} INFO - Task exited with return code 0
[2024-10-13T18:48:56.303+0000] {taskinstance.py:2596} INFO - 0 downstream tasks scheduled from follow-on schedule check
