[2024-10-03T20:32:01.456+0000] {processor.py:153} INFO - Started process (PID=270) to work on /usr/local/lib/python3.9/site-packages/airflow/example_dags/example_sensor_decorator.py
[2024-10-03T20:32:01.456+0000] {processor.py:743} INFO - Processing file /usr/local/lib/python3.9/site-packages/airflow/example_dags/example_sensor_decorator.py for tasks to queue
[2024-10-03T20:32:01.457+0000] {logging_mixin.py:137} INFO - [2024-10-03T20:32:01.457+0000] {dagbag.py:532} INFO - Filling up the DagBag from /usr/local/lib/python3.9/site-packages/airflow/example_dags/example_sensor_decorator.py
[2024-10-03T20:32:01.488+0000] {processor.py:753} INFO - DAG(s) dict_keys(['example_sensor_decorator']) retrieved from /usr/local/lib/python3.9/site-packages/airflow/example_dags/example_sensor_decorator.py
[2024-10-03T20:32:01.510+0000] {logging_mixin.py:137} INFO - [2024-10-03T20:32:01.510+0000] {dag.py:2705} INFO - Sync 1 DAGs
[2024-10-03T20:32:01.545+0000] {logging_mixin.py:137} INFO - [2024-10-03T20:32:01.545+0000] {dag.py:3452} INFO - Setting next_dagrun for example_sensor_decorator to None, run_after=None
[2024-10-03T20:32:01.578+0000] {processor.py:175} INFO - Processing /usr/local/lib/python3.9/site-packages/airflow/example_dags/example_sensor_decorator.py took 0.124 seconds
[2024-10-03T20:32:32.189+0000] {processor.py:153} INFO - Started process (PID=487) to work on /usr/local/lib/python3.9/site-packages/airflow/example_dags/example_sensor_decorator.py
[2024-10-03T20:32:32.191+0000] {processor.py:743} INFO - Processing file /usr/local/lib/python3.9/site-packages/airflow/example_dags/example_sensor_decorator.py for tasks to queue
[2024-10-03T20:32:32.191+0000] {logging_mixin.py:137} INFO - [2024-10-03T20:32:32.191+0000] {dagbag.py:532} INFO - Filling up the DagBag from /usr/local/lib/python3.9/site-packages/airflow/example_dags/example_sensor_decorator.py
[2024-10-03T20:32:32.206+0000] {processor.py:753} INFO - DAG(s) dict_keys(['example_sensor_decorator']) retrieved from /usr/local/lib/python3.9/site-packages/airflow/example_dags/example_sensor_decorator.py
[2024-10-03T20:32:32.220+0000] {logging_mixin.py:137} INFO - [2024-10-03T20:32:32.219+0000] {dag.py:2705} INFO - Sync 1 DAGs
[2024-10-03T20:32:32.232+0000] {logging_mixin.py:137} INFO - [2024-10-03T20:32:32.232+0000] {dag.py:3452} INFO - Setting next_dagrun for example_sensor_decorator to None, run_after=None
[2024-10-03T20:32:32.245+0000] {processor.py:175} INFO - Processing /usr/local/lib/python3.9/site-packages/airflow/example_dags/example_sensor_decorator.py took 0.057 seconds
[2024-10-03T20:33:09.483+0000] {processor.py:153} INFO - Started process (PID=698) to work on /usr/local/lib/python3.9/site-packages/airflow/example_dags/example_sensor_decorator.py
[2024-10-03T20:33:09.485+0000] {processor.py:743} INFO - Processing file /usr/local/lib/python3.9/site-packages/airflow/example_dags/example_sensor_decorator.py for tasks to queue
[2024-10-03T20:33:09.486+0000] {logging_mixin.py:137} INFO - [2024-10-03T20:33:09.485+0000] {dagbag.py:532} INFO - Filling up the DagBag from /usr/local/lib/python3.9/site-packages/airflow/example_dags/example_sensor_decorator.py
[2024-10-03T20:33:09.501+0000] {processor.py:753} INFO - DAG(s) dict_keys(['example_sensor_decorator']) retrieved from /usr/local/lib/python3.9/site-packages/airflow/example_dags/example_sensor_decorator.py
[2024-10-03T20:33:09.514+0000] {logging_mixin.py:137} INFO - [2024-10-03T20:33:09.514+0000] {dag.py:2705} INFO - Sync 1 DAGs
[2024-10-03T20:33:09.525+0000] {logging_mixin.py:137} INFO - [2024-10-03T20:33:09.525+0000] {dag.py:3452} INFO - Setting next_dagrun for example_sensor_decorator to None, run_after=None
[2024-10-03T20:33:09.714+0000] {processor.py:175} INFO - Processing /usr/local/lib/python3.9/site-packages/airflow/example_dags/example_sensor_decorator.py took 0.232 seconds
[2024-10-03T20:33:39.973+0000] {processor.py:153} INFO - Started process (PID=907) to work on /usr/local/lib/python3.9/site-packages/airflow/example_dags/example_sensor_decorator.py
[2024-10-03T20:33:39.975+0000] {processor.py:743} INFO - Processing file /usr/local/lib/python3.9/site-packages/airflow/example_dags/example_sensor_decorator.py for tasks to queue
[2024-10-03T20:33:39.976+0000] {logging_mixin.py:137} INFO - [2024-10-03T20:33:39.976+0000] {dagbag.py:532} INFO - Filling up the DagBag from /usr/local/lib/python3.9/site-packages/airflow/example_dags/example_sensor_decorator.py
[2024-10-03T20:33:39.994+0000] {processor.py:753} INFO - DAG(s) dict_keys(['example_sensor_decorator']) retrieved from /usr/local/lib/python3.9/site-packages/airflow/example_dags/example_sensor_decorator.py
[2024-10-03T20:33:40.010+0000] {logging_mixin.py:137} INFO - [2024-10-03T20:33:40.009+0000] {dag.py:2705} INFO - Sync 1 DAGs
[2024-10-03T20:33:40.023+0000] {logging_mixin.py:137} INFO - [2024-10-03T20:33:40.023+0000] {dag.py:3452} INFO - Setting next_dagrun for example_sensor_decorator to None, run_after=None
[2024-10-03T20:33:40.032+0000] {processor.py:175} INFO - Processing /usr/local/lib/python3.9/site-packages/airflow/example_dags/example_sensor_decorator.py took 0.090 seconds
[2024-10-03T20:34:10.283+0000] {processor.py:153} INFO - Started process (PID=1118) to work on /usr/local/lib/python3.9/site-packages/airflow/example_dags/example_sensor_decorator.py
[2024-10-03T20:34:10.284+0000] {processor.py:743} INFO - Processing file /usr/local/lib/python3.9/site-packages/airflow/example_dags/example_sensor_decorator.py for tasks to queue
[2024-10-03T20:34:10.284+0000] {logging_mixin.py:137} INFO - [2024-10-03T20:34:10.284+0000] {dagbag.py:532} INFO - Filling up the DagBag from /usr/local/lib/python3.9/site-packages/airflow/example_dags/example_sensor_decorator.py
[2024-10-03T20:34:10.297+0000] {processor.py:753} INFO - DAG(s) dict_keys(['example_sensor_decorator']) retrieved from /usr/local/lib/python3.9/site-packages/airflow/example_dags/example_sensor_decorator.py
[2024-10-03T20:34:10.316+0000] {logging_mixin.py:137} INFO - [2024-10-03T20:34:10.315+0000] {dag.py:2705} INFO - Sync 1 DAGs
[2024-10-03T20:34:10.349+0000] {logging_mixin.py:137} INFO - [2024-10-03T20:34:10.349+0000] {dag.py:3452} INFO - Setting next_dagrun for example_sensor_decorator to None, run_after=None
[2024-10-03T20:34:10.366+0000] {processor.py:175} INFO - Processing /usr/local/lib/python3.9/site-packages/airflow/example_dags/example_sensor_decorator.py took 0.086 seconds
[2024-10-03T20:34:40.796+0000] {processor.py:153} INFO - Started process (PID=1329) to work on /usr/local/lib/python3.9/site-packages/airflow/example_dags/example_sensor_decorator.py
[2024-10-03T20:34:40.802+0000] {processor.py:743} INFO - Processing file /usr/local/lib/python3.9/site-packages/airflow/example_dags/example_sensor_decorator.py for tasks to queue
[2024-10-03T20:34:40.802+0000] {logging_mixin.py:137} INFO - [2024-10-03T20:34:40.802+0000] {dagbag.py:532} INFO - Filling up the DagBag from /usr/local/lib/python3.9/site-packages/airflow/example_dags/example_sensor_decorator.py
[2024-10-03T20:34:40.814+0000] {processor.py:753} INFO - DAG(s) dict_keys(['example_sensor_decorator']) retrieved from /usr/local/lib/python3.9/site-packages/airflow/example_dags/example_sensor_decorator.py
[2024-10-03T20:34:40.852+0000] {logging_mixin.py:137} INFO - [2024-10-03T20:34:40.851+0000] {dag.py:2705} INFO - Sync 1 DAGs
[2024-10-03T20:34:40.868+0000] {logging_mixin.py:137} INFO - [2024-10-03T20:34:40.868+0000] {dag.py:3452} INFO - Setting next_dagrun for example_sensor_decorator to None, run_after=None
[2024-10-03T20:34:40.878+0000] {processor.py:175} INFO - Processing /usr/local/lib/python3.9/site-packages/airflow/example_dags/example_sensor_decorator.py took 0.084 seconds
[2024-10-03T20:35:12.430+0000] {processor.py:153} INFO - Started process (PID=1540) to work on /usr/local/lib/python3.9/site-packages/airflow/example_dags/example_sensor_decorator.py
[2024-10-03T20:35:12.432+0000] {processor.py:743} INFO - Processing file /usr/local/lib/python3.9/site-packages/airflow/example_dags/example_sensor_decorator.py for tasks to queue
[2024-10-03T20:35:12.432+0000] {logging_mixin.py:137} INFO - [2024-10-03T20:35:12.432+0000] {dagbag.py:532} INFO - Filling up the DagBag from /usr/local/lib/python3.9/site-packages/airflow/example_dags/example_sensor_decorator.py
[2024-10-03T20:35:12.458+0000] {processor.py:753} INFO - DAG(s) dict_keys(['example_sensor_decorator']) retrieved from /usr/local/lib/python3.9/site-packages/airflow/example_dags/example_sensor_decorator.py
[2024-10-03T20:35:12.471+0000] {logging_mixin.py:137} INFO - [2024-10-03T20:35:12.470+0000] {dag.py:2705} INFO - Sync 1 DAGs
[2024-10-03T20:35:12.480+0000] {logging_mixin.py:137} INFO - [2024-10-03T20:35:12.480+0000] {dag.py:3452} INFO - Setting next_dagrun for example_sensor_decorator to None, run_after=None
[2024-10-03T20:35:12.497+0000] {processor.py:175} INFO - Processing /usr/local/lib/python3.9/site-packages/airflow/example_dags/example_sensor_decorator.py took 0.069 seconds
[2024-10-03T20:35:43.027+0000] {processor.py:153} INFO - Started process (PID=1745) to work on /usr/local/lib/python3.9/site-packages/airflow/example_dags/example_sensor_decorator.py
[2024-10-03T20:35:43.028+0000] {processor.py:743} INFO - Processing file /usr/local/lib/python3.9/site-packages/airflow/example_dags/example_sensor_decorator.py for tasks to queue
[2024-10-03T20:35:43.029+0000] {logging_mixin.py:137} INFO - [2024-10-03T20:35:43.029+0000] {dagbag.py:532} INFO - Filling up the DagBag from /usr/local/lib/python3.9/site-packages/airflow/example_dags/example_sensor_decorator.py
[2024-10-03T20:35:43.040+0000] {processor.py:753} INFO - DAG(s) dict_keys(['example_sensor_decorator']) retrieved from /usr/local/lib/python3.9/site-packages/airflow/example_dags/example_sensor_decorator.py
[2024-10-03T20:35:43.053+0000] {logging_mixin.py:137} INFO - [2024-10-03T20:35:43.053+0000] {dag.py:2705} INFO - Sync 1 DAGs
[2024-10-03T20:35:43.065+0000] {logging_mixin.py:137} INFO - [2024-10-03T20:35:43.065+0000] {dag.py:3452} INFO - Setting next_dagrun for example_sensor_decorator to None, run_after=None
[2024-10-03T20:35:43.126+0000] {processor.py:175} INFO - Processing /usr/local/lib/python3.9/site-packages/airflow/example_dags/example_sensor_decorator.py took 0.101 seconds
[2024-10-03T20:36:14.832+0000] {processor.py:153} INFO - Started process (PID=1956) to work on /usr/local/lib/python3.9/site-packages/airflow/example_dags/example_sensor_decorator.py
[2024-10-03T20:36:14.835+0000] {processor.py:743} INFO - Processing file /usr/local/lib/python3.9/site-packages/airflow/example_dags/example_sensor_decorator.py for tasks to queue
[2024-10-03T20:36:14.836+0000] {logging_mixin.py:137} INFO - [2024-10-03T20:36:14.836+0000] {dagbag.py:532} INFO - Filling up the DagBag from /usr/local/lib/python3.9/site-packages/airflow/example_dags/example_sensor_decorator.py
[2024-10-03T20:36:14.848+0000] {processor.py:753} INFO - DAG(s) dict_keys(['example_sensor_decorator']) retrieved from /usr/local/lib/python3.9/site-packages/airflow/example_dags/example_sensor_decorator.py
[2024-10-03T20:36:14.869+0000] {logging_mixin.py:137} INFO - [2024-10-03T20:36:14.869+0000] {dag.py:2705} INFO - Sync 1 DAGs
[2024-10-03T20:36:14.950+0000] {logging_mixin.py:137} INFO - [2024-10-03T20:36:14.950+0000] {dag.py:3452} INFO - Setting next_dagrun for example_sensor_decorator to None, run_after=None
[2024-10-03T20:36:14.957+0000] {processor.py:175} INFO - Processing /usr/local/lib/python3.9/site-packages/airflow/example_dags/example_sensor_decorator.py took 0.127 seconds
[2024-10-03T20:36:45.131+0000] {processor.py:153} INFO - Started process (PID=2167) to work on /usr/local/lib/python3.9/site-packages/airflow/example_dags/example_sensor_decorator.py
[2024-10-03T20:36:45.132+0000] {processor.py:743} INFO - Processing file /usr/local/lib/python3.9/site-packages/airflow/example_dags/example_sensor_decorator.py for tasks to queue
[2024-10-03T20:36:45.132+0000] {logging_mixin.py:137} INFO - [2024-10-03T20:36:45.132+0000] {dagbag.py:532} INFO - Filling up the DagBag from /usr/local/lib/python3.9/site-packages/airflow/example_dags/example_sensor_decorator.py
[2024-10-03T20:36:45.198+0000] {processor.py:753} INFO - DAG(s) dict_keys(['example_sensor_decorator']) retrieved from /usr/local/lib/python3.9/site-packages/airflow/example_dags/example_sensor_decorator.py
[2024-10-03T20:36:45.214+0000] {logging_mixin.py:137} INFO - [2024-10-03T20:36:45.214+0000] {dag.py:2705} INFO - Sync 1 DAGs
[2024-10-03T20:36:45.223+0000] {logging_mixin.py:137} INFO - [2024-10-03T20:36:45.223+0000] {dag.py:3452} INFO - Setting next_dagrun for example_sensor_decorator to None, run_after=None
[2024-10-03T20:36:45.236+0000] {processor.py:175} INFO - Processing /usr/local/lib/python3.9/site-packages/airflow/example_dags/example_sensor_decorator.py took 0.106 seconds
[2024-10-03T20:37:15.975+0000] {processor.py:153} INFO - Started process (PID=2380) to work on /usr/local/lib/python3.9/site-packages/airflow/example_dags/example_sensor_decorator.py
[2024-10-03T20:37:15.976+0000] {processor.py:743} INFO - Processing file /usr/local/lib/python3.9/site-packages/airflow/example_dags/example_sensor_decorator.py for tasks to queue
[2024-10-03T20:37:15.976+0000] {logging_mixin.py:137} INFO - [2024-10-03T20:37:15.976+0000] {dagbag.py:532} INFO - Filling up the DagBag from /usr/local/lib/python3.9/site-packages/airflow/example_dags/example_sensor_decorator.py
[2024-10-03T20:37:16.026+0000] {processor.py:753} INFO - DAG(s) dict_keys(['example_sensor_decorator']) retrieved from /usr/local/lib/python3.9/site-packages/airflow/example_dags/example_sensor_decorator.py
[2024-10-03T20:37:16.033+0000] {logging_mixin.py:137} INFO - [2024-10-03T20:37:16.033+0000] {dag.py:2705} INFO - Sync 1 DAGs
[2024-10-03T20:37:16.040+0000] {logging_mixin.py:137} INFO - [2024-10-03T20:37:16.040+0000] {dag.py:3452} INFO - Setting next_dagrun for example_sensor_decorator to None, run_after=None
[2024-10-03T20:37:16.047+0000] {processor.py:175} INFO - Processing /usr/local/lib/python3.9/site-packages/airflow/example_dags/example_sensor_decorator.py took 0.073 seconds
[2024-10-03T20:37:46.527+0000] {processor.py:153} INFO - Started process (PID=2589) to work on /usr/local/lib/python3.9/site-packages/airflow/example_dags/example_sensor_decorator.py
[2024-10-03T20:37:46.529+0000] {processor.py:743} INFO - Processing file /usr/local/lib/python3.9/site-packages/airflow/example_dags/example_sensor_decorator.py for tasks to queue
[2024-10-03T20:37:46.530+0000] {logging_mixin.py:137} INFO - [2024-10-03T20:37:46.530+0000] {dagbag.py:532} INFO - Filling up the DagBag from /usr/local/lib/python3.9/site-packages/airflow/example_dags/example_sensor_decorator.py
[2024-10-03T20:37:46.542+0000] {processor.py:753} INFO - DAG(s) dict_keys(['example_sensor_decorator']) retrieved from /usr/local/lib/python3.9/site-packages/airflow/example_dags/example_sensor_decorator.py
[2024-10-03T20:37:46.556+0000] {logging_mixin.py:137} INFO - [2024-10-03T20:37:46.556+0000] {dag.py:2705} INFO - Sync 1 DAGs
[2024-10-03T20:37:46.566+0000] {logging_mixin.py:137} INFO - [2024-10-03T20:37:46.566+0000] {dag.py:3452} INFO - Setting next_dagrun for example_sensor_decorator to None, run_after=None
[2024-10-03T20:37:46.576+0000] {processor.py:175} INFO - Processing /usr/local/lib/python3.9/site-packages/airflow/example_dags/example_sensor_decorator.py took 0.050 seconds
[2024-10-03T20:38:16.757+0000] {processor.py:153} INFO - Started process (PID=2802) to work on /usr/local/lib/python3.9/site-packages/airflow/example_dags/example_sensor_decorator.py
[2024-10-03T20:38:16.758+0000] {processor.py:743} INFO - Processing file /usr/local/lib/python3.9/site-packages/airflow/example_dags/example_sensor_decorator.py for tasks to queue
[2024-10-03T20:38:16.759+0000] {logging_mixin.py:137} INFO - [2024-10-03T20:38:16.759+0000] {dagbag.py:532} INFO - Filling up the DagBag from /usr/local/lib/python3.9/site-packages/airflow/example_dags/example_sensor_decorator.py
[2024-10-03T20:38:16.771+0000] {processor.py:753} INFO - DAG(s) dict_keys(['example_sensor_decorator']) retrieved from /usr/local/lib/python3.9/site-packages/airflow/example_dags/example_sensor_decorator.py
[2024-10-03T20:38:16.786+0000] {logging_mixin.py:137} INFO - [2024-10-03T20:38:16.785+0000] {dag.py:2705} INFO - Sync 1 DAGs
[2024-10-03T20:38:16.796+0000] {logging_mixin.py:137} INFO - [2024-10-03T20:38:16.796+0000] {dag.py:3452} INFO - Setting next_dagrun for example_sensor_decorator to None, run_after=None
[2024-10-03T20:38:16.807+0000] {processor.py:175} INFO - Processing /usr/local/lib/python3.9/site-packages/airflow/example_dags/example_sensor_decorator.py took 0.051 seconds
[2024-10-03T20:38:47.532+0000] {processor.py:153} INFO - Started process (PID=3011) to work on /usr/local/lib/python3.9/site-packages/airflow/example_dags/example_sensor_decorator.py
[2024-10-03T20:38:47.532+0000] {processor.py:743} INFO - Processing file /usr/local/lib/python3.9/site-packages/airflow/example_dags/example_sensor_decorator.py for tasks to queue
[2024-10-03T20:38:47.532+0000] {logging_mixin.py:137} INFO - [2024-10-03T20:38:47.532+0000] {dagbag.py:532} INFO - Filling up the DagBag from /usr/local/lib/python3.9/site-packages/airflow/example_dags/example_sensor_decorator.py
[2024-10-03T20:38:47.542+0000] {processor.py:753} INFO - DAG(s) dict_keys(['example_sensor_decorator']) retrieved from /usr/local/lib/python3.9/site-packages/airflow/example_dags/example_sensor_decorator.py
[2024-10-03T20:38:47.552+0000] {logging_mixin.py:137} INFO - [2024-10-03T20:38:47.552+0000] {dag.py:2705} INFO - Sync 1 DAGs
[2024-10-03T20:38:47.560+0000] {logging_mixin.py:137} INFO - [2024-10-03T20:38:47.560+0000] {dag.py:3452} INFO - Setting next_dagrun for example_sensor_decorator to None, run_after=None
[2024-10-03T20:38:47.575+0000] {processor.py:175} INFO - Processing /usr/local/lib/python3.9/site-packages/airflow/example_dags/example_sensor_decorator.py took 0.045 seconds
[2024-10-03T20:39:18.366+0000] {processor.py:153} INFO - Started process (PID=3224) to work on /usr/local/lib/python3.9/site-packages/airflow/example_dags/example_sensor_decorator.py
[2024-10-03T20:39:18.367+0000] {processor.py:743} INFO - Processing file /usr/local/lib/python3.9/site-packages/airflow/example_dags/example_sensor_decorator.py for tasks to queue
[2024-10-03T20:39:18.368+0000] {logging_mixin.py:137} INFO - [2024-10-03T20:39:18.368+0000] {dagbag.py:532} INFO - Filling up the DagBag from /usr/local/lib/python3.9/site-packages/airflow/example_dags/example_sensor_decorator.py
[2024-10-03T20:39:18.377+0000] {processor.py:753} INFO - DAG(s) dict_keys(['example_sensor_decorator']) retrieved from /usr/local/lib/python3.9/site-packages/airflow/example_dags/example_sensor_decorator.py
[2024-10-03T20:39:18.390+0000] {logging_mixin.py:137} INFO - [2024-10-03T20:39:18.389+0000] {dag.py:2705} INFO - Sync 1 DAGs
[2024-10-03T20:39:18.400+0000] {logging_mixin.py:137} INFO - [2024-10-03T20:39:18.400+0000] {dag.py:3452} INFO - Setting next_dagrun for example_sensor_decorator to None, run_after=None
[2024-10-03T20:39:18.408+0000] {processor.py:175} INFO - Processing /usr/local/lib/python3.9/site-packages/airflow/example_dags/example_sensor_decorator.py took 0.043 seconds
[2024-10-03T20:39:49.101+0000] {processor.py:153} INFO - Started process (PID=3433) to work on /usr/local/lib/python3.9/site-packages/airflow/example_dags/example_sensor_decorator.py
[2024-10-03T20:39:49.102+0000] {processor.py:743} INFO - Processing file /usr/local/lib/python3.9/site-packages/airflow/example_dags/example_sensor_decorator.py for tasks to queue
[2024-10-03T20:39:49.103+0000] {logging_mixin.py:137} INFO - [2024-10-03T20:39:49.103+0000] {dagbag.py:532} INFO - Filling up the DagBag from /usr/local/lib/python3.9/site-packages/airflow/example_dags/example_sensor_decorator.py
[2024-10-03T20:39:49.115+0000] {processor.py:753} INFO - DAG(s) dict_keys(['example_sensor_decorator']) retrieved from /usr/local/lib/python3.9/site-packages/airflow/example_dags/example_sensor_decorator.py
[2024-10-03T20:39:49.129+0000] {logging_mixin.py:137} INFO - [2024-10-03T20:39:49.129+0000] {dag.py:2705} INFO - Sync 1 DAGs
[2024-10-03T20:39:49.140+0000] {logging_mixin.py:137} INFO - [2024-10-03T20:39:49.140+0000] {dag.py:3452} INFO - Setting next_dagrun for example_sensor_decorator to None, run_after=None
[2024-10-03T20:39:49.148+0000] {processor.py:175} INFO - Processing /usr/local/lib/python3.9/site-packages/airflow/example_dags/example_sensor_decorator.py took 0.048 seconds
[2024-10-03T20:40:20.024+0000] {processor.py:153} INFO - Started process (PID=3644) to work on /usr/local/lib/python3.9/site-packages/airflow/example_dags/example_sensor_decorator.py
[2024-10-03T20:40:20.025+0000] {processor.py:743} INFO - Processing file /usr/local/lib/python3.9/site-packages/airflow/example_dags/example_sensor_decorator.py for tasks to queue
[2024-10-03T20:40:20.025+0000] {logging_mixin.py:137} INFO - [2024-10-03T20:40:20.025+0000] {dagbag.py:532} INFO - Filling up the DagBag from /usr/local/lib/python3.9/site-packages/airflow/example_dags/example_sensor_decorator.py
[2024-10-03T20:40:20.036+0000] {processor.py:753} INFO - DAG(s) dict_keys(['example_sensor_decorator']) retrieved from /usr/local/lib/python3.9/site-packages/airflow/example_dags/example_sensor_decorator.py
[2024-10-03T20:40:20.049+0000] {logging_mixin.py:137} INFO - [2024-10-03T20:40:20.049+0000] {dag.py:2705} INFO - Sync 1 DAGs
[2024-10-03T20:40:20.065+0000] {logging_mixin.py:137} INFO - [2024-10-03T20:40:20.065+0000] {dag.py:3452} INFO - Setting next_dagrun for example_sensor_decorator to None, run_after=None
[2024-10-03T20:40:20.076+0000] {processor.py:175} INFO - Processing /usr/local/lib/python3.9/site-packages/airflow/example_dags/example_sensor_decorator.py took 0.053 seconds
[2024-10-03T20:40:50.907+0000] {processor.py:153} INFO - Started process (PID=3857) to work on /usr/local/lib/python3.9/site-packages/airflow/example_dags/example_sensor_decorator.py
[2024-10-03T20:40:50.907+0000] {processor.py:743} INFO - Processing file /usr/local/lib/python3.9/site-packages/airflow/example_dags/example_sensor_decorator.py for tasks to queue
[2024-10-03T20:40:50.908+0000] {logging_mixin.py:137} INFO - [2024-10-03T20:40:50.907+0000] {dagbag.py:532} INFO - Filling up the DagBag from /usr/local/lib/python3.9/site-packages/airflow/example_dags/example_sensor_decorator.py
[2024-10-03T20:40:50.917+0000] {processor.py:753} INFO - DAG(s) dict_keys(['example_sensor_decorator']) retrieved from /usr/local/lib/python3.9/site-packages/airflow/example_dags/example_sensor_decorator.py
[2024-10-03T20:40:50.928+0000] {logging_mixin.py:137} INFO - [2024-10-03T20:40:50.927+0000] {dag.py:2705} INFO - Sync 1 DAGs
[2024-10-03T20:40:50.938+0000] {logging_mixin.py:137} INFO - [2024-10-03T20:40:50.938+0000] {dag.py:3452} INFO - Setting next_dagrun for example_sensor_decorator to None, run_after=None
[2024-10-03T20:40:50.950+0000] {processor.py:175} INFO - Processing /usr/local/lib/python3.9/site-packages/airflow/example_dags/example_sensor_decorator.py took 0.046 seconds
[2024-10-03T20:41:21.591+0000] {processor.py:153} INFO - Started process (PID=4068) to work on /usr/local/lib/python3.9/site-packages/airflow/example_dags/example_sensor_decorator.py
[2024-10-03T20:41:21.591+0000] {processor.py:743} INFO - Processing file /usr/local/lib/python3.9/site-packages/airflow/example_dags/example_sensor_decorator.py for tasks to queue
[2024-10-03T20:41:21.592+0000] {logging_mixin.py:137} INFO - [2024-10-03T20:41:21.592+0000] {dagbag.py:532} INFO - Filling up the DagBag from /usr/local/lib/python3.9/site-packages/airflow/example_dags/example_sensor_decorator.py
[2024-10-03T20:41:21.601+0000] {processor.py:753} INFO - DAG(s) dict_keys(['example_sensor_decorator']) retrieved from /usr/local/lib/python3.9/site-packages/airflow/example_dags/example_sensor_decorator.py
[2024-10-03T20:41:21.615+0000] {logging_mixin.py:137} INFO - [2024-10-03T20:41:21.615+0000] {dag.py:2705} INFO - Sync 1 DAGs
[2024-10-03T20:41:21.625+0000] {logging_mixin.py:137} INFO - [2024-10-03T20:41:21.625+0000] {dag.py:3452} INFO - Setting next_dagrun for example_sensor_decorator to None, run_after=None
[2024-10-03T20:41:21.636+0000] {processor.py:175} INFO - Processing /usr/local/lib/python3.9/site-packages/airflow/example_dags/example_sensor_decorator.py took 0.047 seconds
[2024-10-03T20:41:52.247+0000] {processor.py:153} INFO - Started process (PID=4279) to work on /usr/local/lib/python3.9/site-packages/airflow/example_dags/example_sensor_decorator.py
[2024-10-03T20:41:52.248+0000] {processor.py:743} INFO - Processing file /usr/local/lib/python3.9/site-packages/airflow/example_dags/example_sensor_decorator.py for tasks to queue
[2024-10-03T20:41:52.248+0000] {logging_mixin.py:137} INFO - [2024-10-03T20:41:52.248+0000] {dagbag.py:532} INFO - Filling up the DagBag from /usr/local/lib/python3.9/site-packages/airflow/example_dags/example_sensor_decorator.py
[2024-10-03T20:41:52.259+0000] {processor.py:753} INFO - DAG(s) dict_keys(['example_sensor_decorator']) retrieved from /usr/local/lib/python3.9/site-packages/airflow/example_dags/example_sensor_decorator.py
[2024-10-03T20:41:52.270+0000] {logging_mixin.py:137} INFO - [2024-10-03T20:41:52.269+0000] {dag.py:2705} INFO - Sync 1 DAGs
[2024-10-03T20:41:52.278+0000] {logging_mixin.py:137} INFO - [2024-10-03T20:41:52.278+0000] {dag.py:3452} INFO - Setting next_dagrun for example_sensor_decorator to None, run_after=None
[2024-10-03T20:41:52.288+0000] {processor.py:175} INFO - Processing /usr/local/lib/python3.9/site-packages/airflow/example_dags/example_sensor_decorator.py took 0.043 seconds
[2024-10-03T20:42:22.944+0000] {processor.py:153} INFO - Started process (PID=4490) to work on /usr/local/lib/python3.9/site-packages/airflow/example_dags/example_sensor_decorator.py
[2024-10-03T20:42:22.945+0000] {processor.py:743} INFO - Processing file /usr/local/lib/python3.9/site-packages/airflow/example_dags/example_sensor_decorator.py for tasks to queue
[2024-10-03T20:42:22.945+0000] {logging_mixin.py:137} INFO - [2024-10-03T20:42:22.945+0000] {dagbag.py:532} INFO - Filling up the DagBag from /usr/local/lib/python3.9/site-packages/airflow/example_dags/example_sensor_decorator.py
[2024-10-03T20:42:22.956+0000] {processor.py:753} INFO - DAG(s) dict_keys(['example_sensor_decorator']) retrieved from /usr/local/lib/python3.9/site-packages/airflow/example_dags/example_sensor_decorator.py
[2024-10-03T20:42:22.967+0000] {logging_mixin.py:137} INFO - [2024-10-03T20:42:22.967+0000] {dag.py:2705} INFO - Sync 1 DAGs
[2024-10-03T20:42:22.976+0000] {logging_mixin.py:137} INFO - [2024-10-03T20:42:22.976+0000] {dag.py:3452} INFO - Setting next_dagrun for example_sensor_decorator to None, run_after=None
[2024-10-03T20:42:22.986+0000] {processor.py:175} INFO - Processing /usr/local/lib/python3.9/site-packages/airflow/example_dags/example_sensor_decorator.py took 0.043 seconds
[2024-10-03T20:42:53.535+0000] {processor.py:153} INFO - Started process (PID=4699) to work on /usr/local/lib/python3.9/site-packages/airflow/example_dags/example_sensor_decorator.py
[2024-10-03T20:42:53.535+0000] {processor.py:743} INFO - Processing file /usr/local/lib/python3.9/site-packages/airflow/example_dags/example_sensor_decorator.py for tasks to queue
[2024-10-03T20:42:53.537+0000] {logging_mixin.py:137} INFO - [2024-10-03T20:42:53.537+0000] {dagbag.py:532} INFO - Filling up the DagBag from /usr/local/lib/python3.9/site-packages/airflow/example_dags/example_sensor_decorator.py
[2024-10-03T20:42:53.548+0000] {processor.py:753} INFO - DAG(s) dict_keys(['example_sensor_decorator']) retrieved from /usr/local/lib/python3.9/site-packages/airflow/example_dags/example_sensor_decorator.py
[2024-10-03T20:42:53.556+0000] {logging_mixin.py:137} INFO - [2024-10-03T20:42:53.556+0000] {dag.py:2705} INFO - Sync 1 DAGs
[2024-10-03T20:42:53.568+0000] {logging_mixin.py:137} INFO - [2024-10-03T20:42:53.568+0000] {dag.py:3452} INFO - Setting next_dagrun for example_sensor_decorator to None, run_after=None
[2024-10-03T20:42:53.578+0000] {processor.py:175} INFO - Processing /usr/local/lib/python3.9/site-packages/airflow/example_dags/example_sensor_decorator.py took 0.044 seconds
[2024-10-03T20:43:24.182+0000] {processor.py:153} INFO - Started process (PID=4910) to work on /usr/local/lib/python3.9/site-packages/airflow/example_dags/example_sensor_decorator.py
[2024-10-03T20:43:24.183+0000] {processor.py:743} INFO - Processing file /usr/local/lib/python3.9/site-packages/airflow/example_dags/example_sensor_decorator.py for tasks to queue
[2024-10-03T20:43:24.184+0000] {logging_mixin.py:137} INFO - [2024-10-03T20:43:24.184+0000] {dagbag.py:532} INFO - Filling up the DagBag from /usr/local/lib/python3.9/site-packages/airflow/example_dags/example_sensor_decorator.py
[2024-10-03T20:43:24.194+0000] {processor.py:753} INFO - DAG(s) dict_keys(['example_sensor_decorator']) retrieved from /usr/local/lib/python3.9/site-packages/airflow/example_dags/example_sensor_decorator.py
[2024-10-03T20:43:24.205+0000] {logging_mixin.py:137} INFO - [2024-10-03T20:43:24.205+0000] {dag.py:2705} INFO - Sync 1 DAGs
[2024-10-03T20:43:24.214+0000] {logging_mixin.py:137} INFO - [2024-10-03T20:43:24.214+0000] {dag.py:3452} INFO - Setting next_dagrun for example_sensor_decorator to None, run_after=None
[2024-10-03T20:43:24.220+0000] {processor.py:175} INFO - Processing /usr/local/lib/python3.9/site-packages/airflow/example_dags/example_sensor_decorator.py took 0.040 seconds
[2024-10-03T20:43:54.745+0000] {processor.py:153} INFO - Started process (PID=5121) to work on /usr/local/lib/python3.9/site-packages/airflow/example_dags/example_sensor_decorator.py
[2024-10-03T20:43:54.747+0000] {processor.py:743} INFO - Processing file /usr/local/lib/python3.9/site-packages/airflow/example_dags/example_sensor_decorator.py for tasks to queue
[2024-10-03T20:43:54.748+0000] {logging_mixin.py:137} INFO - [2024-10-03T20:43:54.748+0000] {dagbag.py:532} INFO - Filling up the DagBag from /usr/local/lib/python3.9/site-packages/airflow/example_dags/example_sensor_decorator.py
[2024-10-03T20:43:54.763+0000] {processor.py:753} INFO - DAG(s) dict_keys(['example_sensor_decorator']) retrieved from /usr/local/lib/python3.9/site-packages/airflow/example_dags/example_sensor_decorator.py
[2024-10-03T20:43:54.775+0000] {logging_mixin.py:137} INFO - [2024-10-03T20:43:54.774+0000] {dag.py:2705} INFO - Sync 1 DAGs
[2024-10-03T20:43:54.783+0000] {logging_mixin.py:137} INFO - [2024-10-03T20:43:54.783+0000] {dag.py:3452} INFO - Setting next_dagrun for example_sensor_decorator to None, run_after=None
[2024-10-03T20:43:54.793+0000] {processor.py:175} INFO - Processing /usr/local/lib/python3.9/site-packages/airflow/example_dags/example_sensor_decorator.py took 0.049 seconds
[2024-10-03T20:44:25.498+0000] {processor.py:153} INFO - Started process (PID=5332) to work on /usr/local/lib/python3.9/site-packages/airflow/example_dags/example_sensor_decorator.py
[2024-10-03T20:44:25.498+0000] {processor.py:743} INFO - Processing file /usr/local/lib/python3.9/site-packages/airflow/example_dags/example_sensor_decorator.py for tasks to queue
[2024-10-03T20:44:25.499+0000] {logging_mixin.py:137} INFO - [2024-10-03T20:44:25.499+0000] {dagbag.py:532} INFO - Filling up the DagBag from /usr/local/lib/python3.9/site-packages/airflow/example_dags/example_sensor_decorator.py
[2024-10-03T20:44:25.509+0000] {processor.py:753} INFO - DAG(s) dict_keys(['example_sensor_decorator']) retrieved from /usr/local/lib/python3.9/site-packages/airflow/example_dags/example_sensor_decorator.py
[2024-10-03T20:44:25.518+0000] {logging_mixin.py:137} INFO - [2024-10-03T20:44:25.518+0000] {dag.py:2705} INFO - Sync 1 DAGs
[2024-10-03T20:44:25.528+0000] {logging_mixin.py:137} INFO - [2024-10-03T20:44:25.527+0000] {dag.py:3452} INFO - Setting next_dagrun for example_sensor_decorator to None, run_after=None
[2024-10-03T20:44:25.539+0000] {processor.py:175} INFO - Processing /usr/local/lib/python3.9/site-packages/airflow/example_dags/example_sensor_decorator.py took 0.043 seconds
[2024-10-03T20:44:56.183+0000] {processor.py:153} INFO - Started process (PID=5543) to work on /usr/local/lib/python3.9/site-packages/airflow/example_dags/example_sensor_decorator.py
[2024-10-03T20:44:56.184+0000] {processor.py:743} INFO - Processing file /usr/local/lib/python3.9/site-packages/airflow/example_dags/example_sensor_decorator.py for tasks to queue
[2024-10-03T20:44:56.184+0000] {logging_mixin.py:137} INFO - [2024-10-03T20:44:56.184+0000] {dagbag.py:532} INFO - Filling up the DagBag from /usr/local/lib/python3.9/site-packages/airflow/example_dags/example_sensor_decorator.py
[2024-10-03T20:44:56.194+0000] {processor.py:753} INFO - DAG(s) dict_keys(['example_sensor_decorator']) retrieved from /usr/local/lib/python3.9/site-packages/airflow/example_dags/example_sensor_decorator.py
[2024-10-03T20:44:56.205+0000] {logging_mixin.py:137} INFO - [2024-10-03T20:44:56.205+0000] {dag.py:2705} INFO - Sync 1 DAGs
[2024-10-03T20:44:56.217+0000] {logging_mixin.py:137} INFO - [2024-10-03T20:44:56.217+0000] {dag.py:3452} INFO - Setting next_dagrun for example_sensor_decorator to None, run_after=None
[2024-10-03T20:44:56.227+0000] {processor.py:175} INFO - Processing /usr/local/lib/python3.9/site-packages/airflow/example_dags/example_sensor_decorator.py took 0.045 seconds
[2024-10-03T20:45:26.790+0000] {processor.py:153} INFO - Started process (PID=5754) to work on /usr/local/lib/python3.9/site-packages/airflow/example_dags/example_sensor_decorator.py
[2024-10-03T20:45:26.791+0000] {processor.py:743} INFO - Processing file /usr/local/lib/python3.9/site-packages/airflow/example_dags/example_sensor_decorator.py for tasks to queue
[2024-10-03T20:45:26.791+0000] {logging_mixin.py:137} INFO - [2024-10-03T20:45:26.791+0000] {dagbag.py:532} INFO - Filling up the DagBag from /usr/local/lib/python3.9/site-packages/airflow/example_dags/example_sensor_decorator.py
[2024-10-03T20:45:26.801+0000] {processor.py:753} INFO - DAG(s) dict_keys(['example_sensor_decorator']) retrieved from /usr/local/lib/python3.9/site-packages/airflow/example_dags/example_sensor_decorator.py
[2024-10-03T20:45:26.810+0000] {logging_mixin.py:137} INFO - [2024-10-03T20:45:26.810+0000] {dag.py:2705} INFO - Sync 1 DAGs
[2024-10-03T20:45:26.820+0000] {logging_mixin.py:137} INFO - [2024-10-03T20:45:26.819+0000] {dag.py:3452} INFO - Setting next_dagrun for example_sensor_decorator to None, run_after=None
[2024-10-03T20:45:26.827+0000] {processor.py:175} INFO - Processing /usr/local/lib/python3.9/site-packages/airflow/example_dags/example_sensor_decorator.py took 0.038 seconds
[2024-10-03T20:45:57.560+0000] {processor.py:153} INFO - Started process (PID=5965) to work on /usr/local/lib/python3.9/site-packages/airflow/example_dags/example_sensor_decorator.py
[2024-10-03T20:45:57.561+0000] {processor.py:743} INFO - Processing file /usr/local/lib/python3.9/site-packages/airflow/example_dags/example_sensor_decorator.py for tasks to queue
[2024-10-03T20:45:57.562+0000] {logging_mixin.py:137} INFO - [2024-10-03T20:45:57.562+0000] {dagbag.py:532} INFO - Filling up the DagBag from /usr/local/lib/python3.9/site-packages/airflow/example_dags/example_sensor_decorator.py
[2024-10-03T20:45:57.573+0000] {processor.py:753} INFO - DAG(s) dict_keys(['example_sensor_decorator']) retrieved from /usr/local/lib/python3.9/site-packages/airflow/example_dags/example_sensor_decorator.py
[2024-10-03T20:45:57.584+0000] {logging_mixin.py:137} INFO - [2024-10-03T20:45:57.584+0000] {dag.py:2705} INFO - Sync 1 DAGs
[2024-10-03T20:45:57.593+0000] {logging_mixin.py:137} INFO - [2024-10-03T20:45:57.593+0000] {dag.py:3452} INFO - Setting next_dagrun for example_sensor_decorator to None, run_after=None
[2024-10-03T20:45:57.606+0000] {processor.py:175} INFO - Processing /usr/local/lib/python3.9/site-packages/airflow/example_dags/example_sensor_decorator.py took 0.048 seconds
[2024-10-03T20:46:28.289+0000] {processor.py:153} INFO - Started process (PID=6176) to work on /usr/local/lib/python3.9/site-packages/airflow/example_dags/example_sensor_decorator.py
[2024-10-03T20:46:28.289+0000] {processor.py:743} INFO - Processing file /usr/local/lib/python3.9/site-packages/airflow/example_dags/example_sensor_decorator.py for tasks to queue
[2024-10-03T20:46:28.290+0000] {logging_mixin.py:137} INFO - [2024-10-03T20:46:28.290+0000] {dagbag.py:532} INFO - Filling up the DagBag from /usr/local/lib/python3.9/site-packages/airflow/example_dags/example_sensor_decorator.py
[2024-10-03T20:46:28.301+0000] {processor.py:753} INFO - DAG(s) dict_keys(['example_sensor_decorator']) retrieved from /usr/local/lib/python3.9/site-packages/airflow/example_dags/example_sensor_decorator.py
[2024-10-03T20:46:28.315+0000] {logging_mixin.py:137} INFO - [2024-10-03T20:46:28.315+0000] {dag.py:2705} INFO - Sync 1 DAGs
[2024-10-03T20:46:28.326+0000] {logging_mixin.py:137} INFO - [2024-10-03T20:46:28.326+0000] {dag.py:3452} INFO - Setting next_dagrun for example_sensor_decorator to None, run_after=None
[2024-10-03T20:46:28.338+0000] {processor.py:175} INFO - Processing /usr/local/lib/python3.9/site-packages/airflow/example_dags/example_sensor_decorator.py took 0.050 seconds
[2024-10-03T20:46:58.922+0000] {processor.py:153} INFO - Started process (PID=6386) to work on /usr/local/lib/python3.9/site-packages/airflow/example_dags/example_sensor_decorator.py
[2024-10-03T20:46:58.924+0000] {processor.py:743} INFO - Processing file /usr/local/lib/python3.9/site-packages/airflow/example_dags/example_sensor_decorator.py for tasks to queue
[2024-10-03T20:46:58.924+0000] {logging_mixin.py:137} INFO - [2024-10-03T20:46:58.924+0000] {dagbag.py:532} INFO - Filling up the DagBag from /usr/local/lib/python3.9/site-packages/airflow/example_dags/example_sensor_decorator.py
[2024-10-03T20:46:58.934+0000] {processor.py:753} INFO - DAG(s) dict_keys(['example_sensor_decorator']) retrieved from /usr/local/lib/python3.9/site-packages/airflow/example_dags/example_sensor_decorator.py
[2024-10-03T20:46:58.943+0000] {logging_mixin.py:137} INFO - [2024-10-03T20:46:58.943+0000] {dag.py:2705} INFO - Sync 1 DAGs
[2024-10-03T20:46:58.955+0000] {logging_mixin.py:137} INFO - [2024-10-03T20:46:58.955+0000] {dag.py:3452} INFO - Setting next_dagrun for example_sensor_decorator to None, run_after=None
[2024-10-03T20:46:58.963+0000] {processor.py:175} INFO - Processing /usr/local/lib/python3.9/site-packages/airflow/example_dags/example_sensor_decorator.py took 0.043 seconds
[2024-10-03T20:47:29.444+0000] {processor.py:153} INFO - Started process (PID=6600) to work on /usr/local/lib/python3.9/site-packages/airflow/example_dags/example_sensor_decorator.py
[2024-10-03T20:47:29.445+0000] {processor.py:743} INFO - Processing file /usr/local/lib/python3.9/site-packages/airflow/example_dags/example_sensor_decorator.py for tasks to queue
[2024-10-03T20:47:29.445+0000] {logging_mixin.py:137} INFO - [2024-10-03T20:47:29.445+0000] {dagbag.py:532} INFO - Filling up the DagBag from /usr/local/lib/python3.9/site-packages/airflow/example_dags/example_sensor_decorator.py
[2024-10-03T20:47:29.455+0000] {processor.py:753} INFO - DAG(s) dict_keys(['example_sensor_decorator']) retrieved from /usr/local/lib/python3.9/site-packages/airflow/example_dags/example_sensor_decorator.py
[2024-10-03T20:47:29.468+0000] {logging_mixin.py:137} INFO - [2024-10-03T20:47:29.468+0000] {dag.py:2705} INFO - Sync 1 DAGs
[2024-10-03T20:47:29.478+0000] {logging_mixin.py:137} INFO - [2024-10-03T20:47:29.478+0000] {dag.py:3452} INFO - Setting next_dagrun for example_sensor_decorator to None, run_after=None
[2024-10-03T20:47:29.489+0000] {processor.py:175} INFO - Processing /usr/local/lib/python3.9/site-packages/airflow/example_dags/example_sensor_decorator.py took 0.047 seconds
[2024-10-03T20:48:00.141+0000] {processor.py:153} INFO - Started process (PID=6809) to work on /usr/local/lib/python3.9/site-packages/airflow/example_dags/example_sensor_decorator.py
[2024-10-03T20:48:00.142+0000] {processor.py:743} INFO - Processing file /usr/local/lib/python3.9/site-packages/airflow/example_dags/example_sensor_decorator.py for tasks to queue
[2024-10-03T20:48:00.142+0000] {logging_mixin.py:137} INFO - [2024-10-03T20:48:00.142+0000] {dagbag.py:532} INFO - Filling up the DagBag from /usr/local/lib/python3.9/site-packages/airflow/example_dags/example_sensor_decorator.py
[2024-10-03T20:48:00.152+0000] {processor.py:753} INFO - DAG(s) dict_keys(['example_sensor_decorator']) retrieved from /usr/local/lib/python3.9/site-packages/airflow/example_dags/example_sensor_decorator.py
[2024-10-03T20:48:00.167+0000] {logging_mixin.py:137} INFO - [2024-10-03T20:48:00.166+0000] {dag.py:2705} INFO - Sync 1 DAGs
[2024-10-03T20:48:00.176+0000] {logging_mixin.py:137} INFO - [2024-10-03T20:48:00.175+0000] {dag.py:3452} INFO - Setting next_dagrun for example_sensor_decorator to None, run_after=None
[2024-10-03T20:48:00.185+0000] {processor.py:175} INFO - Processing /usr/local/lib/python3.9/site-packages/airflow/example_dags/example_sensor_decorator.py took 0.046 seconds
[2024-10-03T20:48:30.759+0000] {processor.py:153} INFO - Started process (PID=7020) to work on /usr/local/lib/python3.9/site-packages/airflow/example_dags/example_sensor_decorator.py
[2024-10-03T20:48:30.760+0000] {processor.py:743} INFO - Processing file /usr/local/lib/python3.9/site-packages/airflow/example_dags/example_sensor_decorator.py for tasks to queue
[2024-10-03T20:48:30.761+0000] {logging_mixin.py:137} INFO - [2024-10-03T20:48:30.761+0000] {dagbag.py:532} INFO - Filling up the DagBag from /usr/local/lib/python3.9/site-packages/airflow/example_dags/example_sensor_decorator.py
[2024-10-03T20:48:30.772+0000] {processor.py:753} INFO - DAG(s) dict_keys(['example_sensor_decorator']) retrieved from /usr/local/lib/python3.9/site-packages/airflow/example_dags/example_sensor_decorator.py
[2024-10-03T20:48:30.782+0000] {logging_mixin.py:137} INFO - [2024-10-03T20:48:30.782+0000] {dag.py:2705} INFO - Sync 1 DAGs
[2024-10-03T20:48:30.793+0000] {logging_mixin.py:137} INFO - [2024-10-03T20:48:30.793+0000] {dag.py:3452} INFO - Setting next_dagrun for example_sensor_decorator to None, run_after=None
[2024-10-03T20:48:30.801+0000] {processor.py:175} INFO - Processing /usr/local/lib/python3.9/site-packages/airflow/example_dags/example_sensor_decorator.py took 0.043 seconds
[2024-10-03T20:49:01.593+0000] {processor.py:153} INFO - Started process (PID=7230) to work on /usr/local/lib/python3.9/site-packages/airflow/example_dags/example_sensor_decorator.py
[2024-10-03T20:49:01.594+0000] {processor.py:743} INFO - Processing file /usr/local/lib/python3.9/site-packages/airflow/example_dags/example_sensor_decorator.py for tasks to queue
[2024-10-03T20:49:01.595+0000] {logging_mixin.py:137} INFO - [2024-10-03T20:49:01.595+0000] {dagbag.py:532} INFO - Filling up the DagBag from /usr/local/lib/python3.9/site-packages/airflow/example_dags/example_sensor_decorator.py
[2024-10-03T20:49:01.609+0000] {processor.py:753} INFO - DAG(s) dict_keys(['example_sensor_decorator']) retrieved from /usr/local/lib/python3.9/site-packages/airflow/example_dags/example_sensor_decorator.py
[2024-10-03T20:49:01.625+0000] {logging_mixin.py:137} INFO - [2024-10-03T20:49:01.625+0000] {dag.py:2705} INFO - Sync 1 DAGs
[2024-10-03T20:49:01.636+0000] {logging_mixin.py:137} INFO - [2024-10-03T20:49:01.636+0000] {dag.py:3452} INFO - Setting next_dagrun for example_sensor_decorator to None, run_after=None
[2024-10-03T20:49:01.647+0000] {processor.py:175} INFO - Processing /usr/local/lib/python3.9/site-packages/airflow/example_dags/example_sensor_decorator.py took 0.055 seconds
[2024-10-03T20:49:32.414+0000] {processor.py:153} INFO - Started process (PID=7442) to work on /usr/local/lib/python3.9/site-packages/airflow/example_dags/example_sensor_decorator.py
[2024-10-03T20:49:32.418+0000] {processor.py:743} INFO - Processing file /usr/local/lib/python3.9/site-packages/airflow/example_dags/example_sensor_decorator.py for tasks to queue
[2024-10-03T20:49:32.419+0000] {logging_mixin.py:137} INFO - [2024-10-03T20:49:32.419+0000] {dagbag.py:532} INFO - Filling up the DagBag from /usr/local/lib/python3.9/site-packages/airflow/example_dags/example_sensor_decorator.py
[2024-10-03T20:49:32.429+0000] {processor.py:753} INFO - DAG(s) dict_keys(['example_sensor_decorator']) retrieved from /usr/local/lib/python3.9/site-packages/airflow/example_dags/example_sensor_decorator.py
[2024-10-03T20:49:32.441+0000] {logging_mixin.py:137} INFO - [2024-10-03T20:49:32.441+0000] {dag.py:2705} INFO - Sync 1 DAGs
[2024-10-03T20:49:32.453+0000] {logging_mixin.py:137} INFO - [2024-10-03T20:49:32.453+0000] {dag.py:3452} INFO - Setting next_dagrun for example_sensor_decorator to None, run_after=None
[2024-10-03T20:49:32.462+0000] {processor.py:175} INFO - Processing /usr/local/lib/python3.9/site-packages/airflow/example_dags/example_sensor_decorator.py took 0.049 seconds
[2024-10-03T20:50:03.094+0000] {processor.py:153} INFO - Started process (PID=7653) to work on /usr/local/lib/python3.9/site-packages/airflow/example_dags/example_sensor_decorator.py
[2024-10-03T20:50:03.096+0000] {processor.py:743} INFO - Processing file /usr/local/lib/python3.9/site-packages/airflow/example_dags/example_sensor_decorator.py for tasks to queue
[2024-10-03T20:50:03.097+0000] {logging_mixin.py:137} INFO - [2024-10-03T20:50:03.097+0000] {dagbag.py:532} INFO - Filling up the DagBag from /usr/local/lib/python3.9/site-packages/airflow/example_dags/example_sensor_decorator.py
[2024-10-03T20:50:03.108+0000] {processor.py:753} INFO - DAG(s) dict_keys(['example_sensor_decorator']) retrieved from /usr/local/lib/python3.9/site-packages/airflow/example_dags/example_sensor_decorator.py
[2024-10-03T20:50:03.117+0000] {logging_mixin.py:137} INFO - [2024-10-03T20:50:03.117+0000] {dag.py:2705} INFO - Sync 1 DAGs
[2024-10-03T20:50:03.126+0000] {logging_mixin.py:137} INFO - [2024-10-03T20:50:03.126+0000] {dag.py:3452} INFO - Setting next_dagrun for example_sensor_decorator to None, run_after=None
[2024-10-03T20:50:03.134+0000] {processor.py:175} INFO - Processing /usr/local/lib/python3.9/site-packages/airflow/example_dags/example_sensor_decorator.py took 0.041 seconds
[2024-10-03T20:50:33.878+0000] {processor.py:153} INFO - Started process (PID=7864) to work on /usr/local/lib/python3.9/site-packages/airflow/example_dags/example_sensor_decorator.py
[2024-10-03T20:50:33.878+0000] {processor.py:743} INFO - Processing file /usr/local/lib/python3.9/site-packages/airflow/example_dags/example_sensor_decorator.py for tasks to queue
[2024-10-03T20:50:33.879+0000] {logging_mixin.py:137} INFO - [2024-10-03T20:50:33.879+0000] {dagbag.py:532} INFO - Filling up the DagBag from /usr/local/lib/python3.9/site-packages/airflow/example_dags/example_sensor_decorator.py
[2024-10-03T20:50:33.891+0000] {processor.py:753} INFO - DAG(s) dict_keys(['example_sensor_decorator']) retrieved from /usr/local/lib/python3.9/site-packages/airflow/example_dags/example_sensor_decorator.py
[2024-10-03T20:50:33.904+0000] {logging_mixin.py:137} INFO - [2024-10-03T20:50:33.904+0000] {dag.py:2705} INFO - Sync 1 DAGs
[2024-10-03T20:50:33.913+0000] {logging_mixin.py:137} INFO - [2024-10-03T20:50:33.913+0000] {dag.py:3452} INFO - Setting next_dagrun for example_sensor_decorator to None, run_after=None
[2024-10-03T20:50:33.924+0000] {processor.py:175} INFO - Processing /usr/local/lib/python3.9/site-packages/airflow/example_dags/example_sensor_decorator.py took 0.047 seconds
[2024-10-03T20:51:04.716+0000] {processor.py:153} INFO - Started process (PID=8077) to work on /usr/local/lib/python3.9/site-packages/airflow/example_dags/example_sensor_decorator.py
[2024-10-03T20:51:04.717+0000] {processor.py:743} INFO - Processing file /usr/local/lib/python3.9/site-packages/airflow/example_dags/example_sensor_decorator.py for tasks to queue
[2024-10-03T20:51:04.717+0000] {logging_mixin.py:137} INFO - [2024-10-03T20:51:04.717+0000] {dagbag.py:532} INFO - Filling up the DagBag from /usr/local/lib/python3.9/site-packages/airflow/example_dags/example_sensor_decorator.py
[2024-10-03T20:51:04.728+0000] {processor.py:753} INFO - DAG(s) dict_keys(['example_sensor_decorator']) retrieved from /usr/local/lib/python3.9/site-packages/airflow/example_dags/example_sensor_decorator.py
[2024-10-03T20:51:04.740+0000] {logging_mixin.py:137} INFO - [2024-10-03T20:51:04.739+0000] {dag.py:2705} INFO - Sync 1 DAGs
[2024-10-03T20:51:04.751+0000] {logging_mixin.py:137} INFO - [2024-10-03T20:51:04.751+0000] {dag.py:3452} INFO - Setting next_dagrun for example_sensor_decorator to None, run_after=None
[2024-10-03T20:51:04.763+0000] {processor.py:175} INFO - Processing /usr/local/lib/python3.9/site-packages/airflow/example_dags/example_sensor_decorator.py took 0.049 seconds
[2024-10-03T20:51:35.439+0000] {processor.py:153} INFO - Started process (PID=8286) to work on /usr/local/lib/python3.9/site-packages/airflow/example_dags/example_sensor_decorator.py
[2024-10-03T20:51:35.441+0000] {processor.py:743} INFO - Processing file /usr/local/lib/python3.9/site-packages/airflow/example_dags/example_sensor_decorator.py for tasks to queue
[2024-10-03T20:51:35.442+0000] {logging_mixin.py:137} INFO - [2024-10-03T20:51:35.442+0000] {dagbag.py:532} INFO - Filling up the DagBag from /usr/local/lib/python3.9/site-packages/airflow/example_dags/example_sensor_decorator.py
[2024-10-03T20:51:35.457+0000] {processor.py:753} INFO - DAG(s) dict_keys(['example_sensor_decorator']) retrieved from /usr/local/lib/python3.9/site-packages/airflow/example_dags/example_sensor_decorator.py
[2024-10-03T20:51:35.470+0000] {logging_mixin.py:137} INFO - [2024-10-03T20:51:35.470+0000] {dag.py:2705} INFO - Sync 1 DAGs
[2024-10-03T20:51:35.479+0000] {logging_mixin.py:137} INFO - [2024-10-03T20:51:35.479+0000] {dag.py:3452} INFO - Setting next_dagrun for example_sensor_decorator to None, run_after=None
[2024-10-03T20:51:35.490+0000] {processor.py:175} INFO - Processing /usr/local/lib/python3.9/site-packages/airflow/example_dags/example_sensor_decorator.py took 0.052 seconds
[2024-10-03T20:52:05.693+0000] {processor.py:153} INFO - Started process (PID=8498) to work on /usr/local/lib/python3.9/site-packages/airflow/example_dags/example_sensor_decorator.py
[2024-10-03T20:52:05.694+0000] {processor.py:743} INFO - Processing file /usr/local/lib/python3.9/site-packages/airflow/example_dags/example_sensor_decorator.py for tasks to queue
[2024-10-03T20:52:05.694+0000] {logging_mixin.py:137} INFO - [2024-10-03T20:52:05.694+0000] {dagbag.py:532} INFO - Filling up the DagBag from /usr/local/lib/python3.9/site-packages/airflow/example_dags/example_sensor_decorator.py
[2024-10-03T20:52:05.705+0000] {processor.py:753} INFO - DAG(s) dict_keys(['example_sensor_decorator']) retrieved from /usr/local/lib/python3.9/site-packages/airflow/example_dags/example_sensor_decorator.py
[2024-10-03T20:52:05.717+0000] {logging_mixin.py:137} INFO - [2024-10-03T20:52:05.717+0000] {dag.py:2705} INFO - Sync 1 DAGs
[2024-10-03T20:52:05.730+0000] {logging_mixin.py:137} INFO - [2024-10-03T20:52:05.730+0000] {dag.py:3452} INFO - Setting next_dagrun for example_sensor_decorator to None, run_after=None
[2024-10-03T20:52:05.743+0000] {processor.py:175} INFO - Processing /usr/local/lib/python3.9/site-packages/airflow/example_dags/example_sensor_decorator.py took 0.051 seconds
[2024-10-03T20:52:36.702+0000] {processor.py:153} INFO - Started process (PID=8708) to work on /usr/local/lib/python3.9/site-packages/airflow/example_dags/example_sensor_decorator.py
[2024-10-03T20:52:36.703+0000] {processor.py:743} INFO - Processing file /usr/local/lib/python3.9/site-packages/airflow/example_dags/example_sensor_decorator.py for tasks to queue
[2024-10-03T20:52:36.703+0000] {logging_mixin.py:137} INFO - [2024-10-03T20:52:36.703+0000] {dagbag.py:532} INFO - Filling up the DagBag from /usr/local/lib/python3.9/site-packages/airflow/example_dags/example_sensor_decorator.py
[2024-10-03T20:52:36.713+0000] {processor.py:753} INFO - DAG(s) dict_keys(['example_sensor_decorator']) retrieved from /usr/local/lib/python3.9/site-packages/airflow/example_dags/example_sensor_decorator.py
[2024-10-03T20:52:36.723+0000] {logging_mixin.py:137} INFO - [2024-10-03T20:52:36.723+0000] {dag.py:2705} INFO - Sync 1 DAGs
[2024-10-03T20:52:36.732+0000] {logging_mixin.py:137} INFO - [2024-10-03T20:52:36.732+0000] {dag.py:3452} INFO - Setting next_dagrun for example_sensor_decorator to None, run_after=None
[2024-10-03T20:52:36.741+0000] {processor.py:175} INFO - Processing /usr/local/lib/python3.9/site-packages/airflow/example_dags/example_sensor_decorator.py took 0.040 seconds
