[2024-10-03T20:32:01.664+0000] {processor.py:153} INFO - Started process (PID=289) to work on /usr/local/lib/python3.9/site-packages/airflow/example_dags/example_sla_dag.py
[2024-10-03T20:32:01.669+0000] {processor.py:743} INFO - Processing file /usr/local/lib/python3.9/site-packages/airflow/example_dags/example_sla_dag.py for tasks to queue
[2024-10-03T20:32:01.669+0000] {logging_mixin.py:137} INFO - [2024-10-03T20:32:01.669+0000] {dagbag.py:532} INFO - Filling up the DagBag from /usr/local/lib/python3.9/site-packages/airflow/example_dags/example_sla_dag.py
[2024-10-03T20:32:01.696+0000] {processor.py:753} INFO - DAG(s) dict_keys(['example_sla_dag']) retrieved from /usr/local/lib/python3.9/site-packages/airflow/example_dags/example_sla_dag.py
[2024-10-03T20:32:01.708+0000] {logging_mixin.py:137} INFO - [2024-10-03T20:32:01.708+0000] {dag.py:2705} INFO - Sync 1 DAGs
[2024-10-03T20:32:01.725+0000] {logging_mixin.py:137} INFO - [2024-10-03T20:32:01.725+0000] {dag.py:3452} INFO - Setting next_dagrun for example_sla_dag to 2024-10-03T20:30:00+00:00, run_after=2024-10-03T20:32:00+00:00
[2024-10-03T20:32:01.740+0000] {processor.py:175} INFO - Processing /usr/local/lib/python3.9/site-packages/airflow/example_dags/example_sla_dag.py took 0.078 seconds
[2024-10-03T20:32:32.405+0000] {processor.py:153} INFO - Started process (PID=505) to work on /usr/local/lib/python3.9/site-packages/airflow/example_dags/example_sla_dag.py
[2024-10-03T20:32:32.410+0000] {processor.py:743} INFO - Processing file /usr/local/lib/python3.9/site-packages/airflow/example_dags/example_sla_dag.py for tasks to queue
[2024-10-03T20:32:32.414+0000] {logging_mixin.py:137} INFO - [2024-10-03T20:32:32.413+0000] {dagbag.py:532} INFO - Filling up the DagBag from /usr/local/lib/python3.9/site-packages/airflow/example_dags/example_sla_dag.py
[2024-10-03T20:32:32.433+0000] {processor.py:753} INFO - DAG(s) dict_keys(['example_sla_dag']) retrieved from /usr/local/lib/python3.9/site-packages/airflow/example_dags/example_sla_dag.py
[2024-10-03T20:32:32.453+0000] {logging_mixin.py:137} INFO - [2024-10-03T20:32:32.453+0000] {dag.py:2705} INFO - Sync 1 DAGs
[2024-10-03T20:32:33.384+0000] {logging_mixin.py:137} INFO - [2024-10-03T20:32:33.384+0000] {dag.py:3452} INFO - Setting next_dagrun for example_sla_dag to 2024-10-03T20:30:00+00:00, run_after=2024-10-03T20:32:00+00:00
[2024-10-03T20:32:33.894+0000] {processor.py:175} INFO - Processing /usr/local/lib/python3.9/site-packages/airflow/example_dags/example_sla_dag.py took 1.490 seconds
[2024-10-03T20:33:10.046+0000] {processor.py:153} INFO - Started process (PID=716) to work on /usr/local/lib/python3.9/site-packages/airflow/example_dags/example_sla_dag.py
[2024-10-03T20:33:10.053+0000] {processor.py:743} INFO - Processing file /usr/local/lib/python3.9/site-packages/airflow/example_dags/example_sla_dag.py for tasks to queue
[2024-10-03T20:33:10.054+0000] {logging_mixin.py:137} INFO - [2024-10-03T20:33:10.054+0000] {dagbag.py:532} INFO - Filling up the DagBag from /usr/local/lib/python3.9/site-packages/airflow/example_dags/example_sla_dag.py
[2024-10-03T20:33:10.065+0000] {processor.py:753} INFO - DAG(s) dict_keys(['example_sla_dag']) retrieved from /usr/local/lib/python3.9/site-packages/airflow/example_dags/example_sla_dag.py
[2024-10-03T20:33:10.076+0000] {logging_mixin.py:137} INFO - [2024-10-03T20:33:10.075+0000] {dag.py:2705} INFO - Sync 1 DAGs
[2024-10-03T20:33:10.087+0000] {logging_mixin.py:137} INFO - [2024-10-03T20:33:10.087+0000] {dag.py:3452} INFO - Setting next_dagrun for example_sla_dag to 2024-10-03T20:30:00+00:00, run_after=2024-10-03T20:32:00+00:00
[2024-10-03T20:33:10.136+0000] {processor.py:175} INFO - Processing /usr/local/lib/python3.9/site-packages/airflow/example_dags/example_sla_dag.py took 0.093 seconds
[2024-10-03T20:33:40.275+0000] {processor.py:153} INFO - Started process (PID=929) to work on /usr/local/lib/python3.9/site-packages/airflow/example_dags/example_sla_dag.py
[2024-10-03T20:33:40.277+0000] {processor.py:743} INFO - Processing file /usr/local/lib/python3.9/site-packages/airflow/example_dags/example_sla_dag.py for tasks to queue
[2024-10-03T20:33:40.278+0000] {logging_mixin.py:137} INFO - [2024-10-03T20:33:40.278+0000] {dagbag.py:532} INFO - Filling up the DagBag from /usr/local/lib/python3.9/site-packages/airflow/example_dags/example_sla_dag.py
[2024-10-03T20:33:40.300+0000] {processor.py:753} INFO - DAG(s) dict_keys(['example_sla_dag']) retrieved from /usr/local/lib/python3.9/site-packages/airflow/example_dags/example_sla_dag.py
[2024-10-03T20:33:40.314+0000] {logging_mixin.py:137} INFO - [2024-10-03T20:33:40.313+0000] {dag.py:2705} INFO - Sync 1 DAGs
[2024-10-03T20:33:40.336+0000] {logging_mixin.py:137} INFO - [2024-10-03T20:33:40.335+0000] {dag.py:3452} INFO - Setting next_dagrun for example_sla_dag to 2024-10-03T20:30:00+00:00, run_after=2024-10-03T20:32:00+00:00
[2024-10-03T20:33:40.350+0000] {processor.py:175} INFO - Processing /usr/local/lib/python3.9/site-packages/airflow/example_dags/example_sla_dag.py took 0.085 seconds
[2024-10-03T20:34:10.489+0000] {processor.py:153} INFO - Started process (PID=1139) to work on /usr/local/lib/python3.9/site-packages/airflow/example_dags/example_sla_dag.py
[2024-10-03T20:34:10.490+0000] {processor.py:743} INFO - Processing file /usr/local/lib/python3.9/site-packages/airflow/example_dags/example_sla_dag.py for tasks to queue
[2024-10-03T20:34:10.490+0000] {logging_mixin.py:137} INFO - [2024-10-03T20:34:10.490+0000] {dagbag.py:532} INFO - Filling up the DagBag from /usr/local/lib/python3.9/site-packages/airflow/example_dags/example_sla_dag.py
[2024-10-03T20:34:10.506+0000] {processor.py:753} INFO - DAG(s) dict_keys(['example_sla_dag']) retrieved from /usr/local/lib/python3.9/site-packages/airflow/example_dags/example_sla_dag.py
[2024-10-03T20:34:10.519+0000] {logging_mixin.py:137} INFO - [2024-10-03T20:34:10.519+0000] {dag.py:2705} INFO - Sync 1 DAGs
[2024-10-03T20:34:10.532+0000] {logging_mixin.py:137} INFO - [2024-10-03T20:34:10.532+0000] {dag.py:3452} INFO - Setting next_dagrun for example_sla_dag to 2024-10-03T20:32:00+00:00, run_after=2024-10-03T20:34:00+00:00
[2024-10-03T20:34:10.540+0000] {processor.py:175} INFO - Processing /usr/local/lib/python3.9/site-packages/airflow/example_dags/example_sla_dag.py took 0.053 seconds
[2024-10-03T20:34:41.121+0000] {processor.py:153} INFO - Started process (PID=1349) to work on /usr/local/lib/python3.9/site-packages/airflow/example_dags/example_sla_dag.py
[2024-10-03T20:34:41.125+0000] {processor.py:743} INFO - Processing file /usr/local/lib/python3.9/site-packages/airflow/example_dags/example_sla_dag.py for tasks to queue
[2024-10-03T20:34:41.127+0000] {logging_mixin.py:137} INFO - [2024-10-03T20:34:41.127+0000] {dagbag.py:532} INFO - Filling up the DagBag from /usr/local/lib/python3.9/site-packages/airflow/example_dags/example_sla_dag.py
[2024-10-03T20:34:41.158+0000] {processor.py:753} INFO - DAG(s) dict_keys(['example_sla_dag']) retrieved from /usr/local/lib/python3.9/site-packages/airflow/example_dags/example_sla_dag.py
[2024-10-03T20:34:41.268+0000] {logging_mixin.py:137} INFO - [2024-10-03T20:34:41.266+0000] {dag.py:2705} INFO - Sync 1 DAGs
[2024-10-03T20:34:41.300+0000] {logging_mixin.py:137} INFO - [2024-10-03T20:34:41.300+0000] {dag.py:3452} INFO - Setting next_dagrun for example_sla_dag to 2024-10-03T20:32:00+00:00, run_after=2024-10-03T20:34:00+00:00
[2024-10-03T20:34:41.315+0000] {processor.py:175} INFO - Processing /usr/local/lib/python3.9/site-packages/airflow/example_dags/example_sla_dag.py took 0.197 seconds
[2024-10-03T20:35:15.457+0000] {processor.py:153} INFO - Started process (PID=1560) to work on /usr/local/lib/python3.9/site-packages/airflow/example_dags/example_sla_dag.py
[2024-10-03T20:35:15.471+0000] {processor.py:743} INFO - Processing file /usr/local/lib/python3.9/site-packages/airflow/example_dags/example_sla_dag.py for tasks to queue
[2024-10-03T20:35:15.472+0000] {logging_mixin.py:137} INFO - [2024-10-03T20:35:15.472+0000] {dagbag.py:532} INFO - Filling up the DagBag from /usr/local/lib/python3.9/site-packages/airflow/example_dags/example_sla_dag.py
[2024-10-03T20:35:15.486+0000] {processor.py:753} INFO - DAG(s) dict_keys(['example_sla_dag']) retrieved from /usr/local/lib/python3.9/site-packages/airflow/example_dags/example_sla_dag.py
[2024-10-03T20:35:15.516+0000] {logging_mixin.py:137} INFO - [2024-10-03T20:35:15.516+0000] {dag.py:2705} INFO - Sync 1 DAGs
[2024-10-03T20:35:15.529+0000] {logging_mixin.py:137} INFO - [2024-10-03T20:35:15.529+0000] {dag.py:3452} INFO - Setting next_dagrun for example_sla_dag to 2024-10-03T20:32:00+00:00, run_after=2024-10-03T20:34:00+00:00
[2024-10-03T20:35:15.591+0000] {processor.py:175} INFO - Processing /usr/local/lib/python3.9/site-packages/airflow/example_dags/example_sla_dag.py took 0.136 seconds
[2024-10-03T20:35:46.359+0000] {processor.py:153} INFO - Started process (PID=1763) to work on /usr/local/lib/python3.9/site-packages/airflow/example_dags/example_sla_dag.py
[2024-10-03T20:35:46.363+0000] {processor.py:743} INFO - Processing file /usr/local/lib/python3.9/site-packages/airflow/example_dags/example_sla_dag.py for tasks to queue
[2024-10-03T20:35:46.365+0000] {logging_mixin.py:137} INFO - [2024-10-03T20:35:46.364+0000] {dagbag.py:532} INFO - Filling up the DagBag from /usr/local/lib/python3.9/site-packages/airflow/example_dags/example_sla_dag.py
[2024-10-03T20:35:46.382+0000] {processor.py:753} INFO - DAG(s) dict_keys(['example_sla_dag']) retrieved from /usr/local/lib/python3.9/site-packages/airflow/example_dags/example_sla_dag.py
[2024-10-03T20:35:46.399+0000] {logging_mixin.py:137} INFO - [2024-10-03T20:35:46.399+0000] {dag.py:2705} INFO - Sync 1 DAGs
[2024-10-03T20:35:46.516+0000] {logging_mixin.py:137} INFO - [2024-10-03T20:35:46.516+0000] {dag.py:3452} INFO - Setting next_dagrun for example_sla_dag to 2024-10-03T20:32:00+00:00, run_after=2024-10-03T20:34:00+00:00
[2024-10-03T20:35:46.528+0000] {processor.py:175} INFO - Processing /usr/local/lib/python3.9/site-packages/airflow/example_dags/example_sla_dag.py took 0.172 seconds
[2024-10-03T20:36:17.178+0000] {processor.py:153} INFO - Started process (PID=1976) to work on /usr/local/lib/python3.9/site-packages/airflow/example_dags/example_sla_dag.py
[2024-10-03T20:36:17.185+0000] {processor.py:743} INFO - Processing file /usr/local/lib/python3.9/site-packages/airflow/example_dags/example_sla_dag.py for tasks to queue
[2024-10-03T20:36:17.187+0000] {logging_mixin.py:137} INFO - [2024-10-03T20:36:17.187+0000] {dagbag.py:532} INFO - Filling up the DagBag from /usr/local/lib/python3.9/site-packages/airflow/example_dags/example_sla_dag.py
[2024-10-03T20:36:17.215+0000] {processor.py:753} INFO - DAG(s) dict_keys(['example_sla_dag']) retrieved from /usr/local/lib/python3.9/site-packages/airflow/example_dags/example_sla_dag.py
[2024-10-03T20:36:17.255+0000] {logging_mixin.py:137} INFO - [2024-10-03T20:36:17.255+0000] {dag.py:2705} INFO - Sync 1 DAGs
[2024-10-03T20:36:17.399+0000] {logging_mixin.py:137} INFO - [2024-10-03T20:36:17.399+0000] {dag.py:3452} INFO - Setting next_dagrun for example_sla_dag to 2024-10-03T20:34:00+00:00, run_after=2024-10-03T20:36:00+00:00
[2024-10-03T20:36:17.411+0000] {processor.py:175} INFO - Processing /usr/local/lib/python3.9/site-packages/airflow/example_dags/example_sla_dag.py took 0.238 seconds
[2024-10-03T20:36:47.435+0000] {processor.py:153} INFO - Started process (PID=2187) to work on /usr/local/lib/python3.9/site-packages/airflow/example_dags/example_sla_dag.py
[2024-10-03T20:36:47.438+0000] {processor.py:743} INFO - Processing file /usr/local/lib/python3.9/site-packages/airflow/example_dags/example_sla_dag.py for tasks to queue
[2024-10-03T20:36:47.438+0000] {logging_mixin.py:137} INFO - [2024-10-03T20:36:47.438+0000] {dagbag.py:532} INFO - Filling up the DagBag from /usr/local/lib/python3.9/site-packages/airflow/example_dags/example_sla_dag.py
[2024-10-03T20:36:47.508+0000] {processor.py:753} INFO - DAG(s) dict_keys(['example_sla_dag']) retrieved from /usr/local/lib/python3.9/site-packages/airflow/example_dags/example_sla_dag.py
[2024-10-03T20:36:47.520+0000] {logging_mixin.py:137} INFO - [2024-10-03T20:36:47.520+0000] {dag.py:2705} INFO - Sync 1 DAGs
[2024-10-03T20:36:47.539+0000] {logging_mixin.py:137} INFO - [2024-10-03T20:36:47.539+0000] {dag.py:3452} INFO - Setting next_dagrun for example_sla_dag to 2024-10-03T20:34:00+00:00, run_after=2024-10-03T20:36:00+00:00
[2024-10-03T20:36:47.551+0000] {processor.py:175} INFO - Processing /usr/local/lib/python3.9/site-packages/airflow/example_dags/example_sla_dag.py took 0.118 seconds
[2024-10-03T20:37:18.308+0000] {processor.py:153} INFO - Started process (PID=2400) to work on /usr/local/lib/python3.9/site-packages/airflow/example_dags/example_sla_dag.py
[2024-10-03T20:37:18.308+0000] {processor.py:743} INFO - Processing file /usr/local/lib/python3.9/site-packages/airflow/example_dags/example_sla_dag.py for tasks to queue
[2024-10-03T20:37:18.309+0000] {logging_mixin.py:137} INFO - [2024-10-03T20:37:18.309+0000] {dagbag.py:532} INFO - Filling up the DagBag from /usr/local/lib/python3.9/site-packages/airflow/example_dags/example_sla_dag.py
[2024-10-03T20:37:18.363+0000] {processor.py:753} INFO - DAG(s) dict_keys(['example_sla_dag']) retrieved from /usr/local/lib/python3.9/site-packages/airflow/example_dags/example_sla_dag.py
[2024-10-03T20:37:18.372+0000] {logging_mixin.py:137} INFO - [2024-10-03T20:37:18.372+0000] {dag.py:2705} INFO - Sync 1 DAGs
[2024-10-03T20:37:18.381+0000] {logging_mixin.py:137} INFO - [2024-10-03T20:37:18.381+0000] {dag.py:3452} INFO - Setting next_dagrun for example_sla_dag to 2024-10-03T20:34:00+00:00, run_after=2024-10-03T20:36:00+00:00
[2024-10-03T20:37:18.387+0000] {processor.py:175} INFO - Processing /usr/local/lib/python3.9/site-packages/airflow/example_dags/example_sla_dag.py took 0.081 seconds
[2024-10-03T20:37:48.746+0000] {processor.py:153} INFO - Started process (PID=2610) to work on /usr/local/lib/python3.9/site-packages/airflow/example_dags/example_sla_dag.py
[2024-10-03T20:37:48.746+0000] {processor.py:743} INFO - Processing file /usr/local/lib/python3.9/site-packages/airflow/example_dags/example_sla_dag.py for tasks to queue
[2024-10-03T20:37:48.747+0000] {logging_mixin.py:137} INFO - [2024-10-03T20:37:48.747+0000] {dagbag.py:532} INFO - Filling up the DagBag from /usr/local/lib/python3.9/site-packages/airflow/example_dags/example_sla_dag.py
[2024-10-03T20:37:48.760+0000] {processor.py:753} INFO - DAG(s) dict_keys(['example_sla_dag']) retrieved from /usr/local/lib/python3.9/site-packages/airflow/example_dags/example_sla_dag.py
[2024-10-03T20:37:48.773+0000] {logging_mixin.py:137} INFO - [2024-10-03T20:37:48.773+0000] {dag.py:2705} INFO - Sync 1 DAGs
[2024-10-03T20:37:48.796+0000] {logging_mixin.py:137} INFO - [2024-10-03T20:37:48.796+0000] {dag.py:3452} INFO - Setting next_dagrun for example_sla_dag to 2024-10-03T20:34:00+00:00, run_after=2024-10-03T20:36:00+00:00
[2024-10-03T20:37:48.810+0000] {processor.py:175} INFO - Processing /usr/local/lib/python3.9/site-packages/airflow/example_dags/example_sla_dag.py took 0.066 seconds
[2024-10-03T20:38:18.942+0000] {processor.py:153} INFO - Started process (PID=2820) to work on /usr/local/lib/python3.9/site-packages/airflow/example_dags/example_sla_dag.py
[2024-10-03T20:38:18.943+0000] {processor.py:743} INFO - Processing file /usr/local/lib/python3.9/site-packages/airflow/example_dags/example_sla_dag.py for tasks to queue
[2024-10-03T20:38:18.943+0000] {logging_mixin.py:137} INFO - [2024-10-03T20:38:18.943+0000] {dagbag.py:532} INFO - Filling up the DagBag from /usr/local/lib/python3.9/site-packages/airflow/example_dags/example_sla_dag.py
[2024-10-03T20:38:18.956+0000] {processor.py:753} INFO - DAG(s) dict_keys(['example_sla_dag']) retrieved from /usr/local/lib/python3.9/site-packages/airflow/example_dags/example_sla_dag.py
[2024-10-03T20:38:18.970+0000] {logging_mixin.py:137} INFO - [2024-10-03T20:38:18.970+0000] {dag.py:2705} INFO - Sync 1 DAGs
[2024-10-03T20:38:18.984+0000] {logging_mixin.py:137} INFO - [2024-10-03T20:38:18.984+0000] {dag.py:3452} INFO - Setting next_dagrun for example_sla_dag to 2024-10-03T20:36:00+00:00, run_after=2024-10-03T20:38:00+00:00
[2024-10-03T20:38:18.994+0000] {processor.py:175} INFO - Processing /usr/local/lib/python3.9/site-packages/airflow/example_dags/example_sla_dag.py took 0.053 seconds
[2024-10-03T20:38:49.699+0000] {processor.py:153} INFO - Started process (PID=3033) to work on /usr/local/lib/python3.9/site-packages/airflow/example_dags/example_sla_dag.py
[2024-10-03T20:38:49.699+0000] {processor.py:743} INFO - Processing file /usr/local/lib/python3.9/site-packages/airflow/example_dags/example_sla_dag.py for tasks to queue
[2024-10-03T20:38:49.699+0000] {logging_mixin.py:137} INFO - [2024-10-03T20:38:49.699+0000] {dagbag.py:532} INFO - Filling up the DagBag from /usr/local/lib/python3.9/site-packages/airflow/example_dags/example_sla_dag.py
[2024-10-03T20:38:49.711+0000] {processor.py:753} INFO - DAG(s) dict_keys(['example_sla_dag']) retrieved from /usr/local/lib/python3.9/site-packages/airflow/example_dags/example_sla_dag.py
[2024-10-03T20:38:49.727+0000] {logging_mixin.py:137} INFO - [2024-10-03T20:38:49.727+0000] {dag.py:2705} INFO - Sync 1 DAGs
[2024-10-03T20:38:49.740+0000] {logging_mixin.py:137} INFO - [2024-10-03T20:38:49.740+0000] {dag.py:3452} INFO - Setting next_dagrun for example_sla_dag to 2024-10-03T20:36:00+00:00, run_after=2024-10-03T20:38:00+00:00
[2024-10-03T20:38:49.751+0000] {processor.py:175} INFO - Processing /usr/local/lib/python3.9/site-packages/airflow/example_dags/example_sla_dag.py took 0.054 seconds
[2024-10-03T20:39:20.531+0000] {processor.py:153} INFO - Started process (PID=3244) to work on /usr/local/lib/python3.9/site-packages/airflow/example_dags/example_sla_dag.py
[2024-10-03T20:39:20.532+0000] {processor.py:743} INFO - Processing file /usr/local/lib/python3.9/site-packages/airflow/example_dags/example_sla_dag.py for tasks to queue
[2024-10-03T20:39:20.532+0000] {logging_mixin.py:137} INFO - [2024-10-03T20:39:20.532+0000] {dagbag.py:532} INFO - Filling up the DagBag from /usr/local/lib/python3.9/site-packages/airflow/example_dags/example_sla_dag.py
[2024-10-03T20:39:20.544+0000] {processor.py:753} INFO - DAG(s) dict_keys(['example_sla_dag']) retrieved from /usr/local/lib/python3.9/site-packages/airflow/example_dags/example_sla_dag.py
[2024-10-03T20:39:20.557+0000] {logging_mixin.py:137} INFO - [2024-10-03T20:39:20.557+0000] {dag.py:2705} INFO - Sync 1 DAGs
[2024-10-03T20:39:20.568+0000] {logging_mixin.py:137} INFO - [2024-10-03T20:39:20.568+0000] {dag.py:3452} INFO - Setting next_dagrun for example_sla_dag to 2024-10-03T20:36:00+00:00, run_after=2024-10-03T20:38:00+00:00
[2024-10-03T20:39:20.583+0000] {processor.py:175} INFO - Processing /usr/local/lib/python3.9/site-packages/airflow/example_dags/example_sla_dag.py took 0.053 seconds
[2024-10-03T20:39:51.331+0000] {processor.py:153} INFO - Started process (PID=3455) to work on /usr/local/lib/python3.9/site-packages/airflow/example_dags/example_sla_dag.py
[2024-10-03T20:39:51.331+0000] {processor.py:743} INFO - Processing file /usr/local/lib/python3.9/site-packages/airflow/example_dags/example_sla_dag.py for tasks to queue
[2024-10-03T20:39:51.331+0000] {logging_mixin.py:137} INFO - [2024-10-03T20:39:51.331+0000] {dagbag.py:532} INFO - Filling up the DagBag from /usr/local/lib/python3.9/site-packages/airflow/example_dags/example_sla_dag.py
[2024-10-03T20:39:51.343+0000] {processor.py:753} INFO - DAG(s) dict_keys(['example_sla_dag']) retrieved from /usr/local/lib/python3.9/site-packages/airflow/example_dags/example_sla_dag.py
[2024-10-03T20:39:51.353+0000] {logging_mixin.py:137} INFO - [2024-10-03T20:39:51.353+0000] {dag.py:2705} INFO - Sync 1 DAGs
[2024-10-03T20:39:51.364+0000] {logging_mixin.py:137} INFO - [2024-10-03T20:39:51.364+0000] {dag.py:3452} INFO - Setting next_dagrun for example_sla_dag to 2024-10-03T20:36:00+00:00, run_after=2024-10-03T20:38:00+00:00
[2024-10-03T20:39:51.376+0000] {processor.py:175} INFO - Processing /usr/local/lib/python3.9/site-packages/airflow/example_dags/example_sla_dag.py took 0.047 seconds
[2024-10-03T20:40:22.202+0000] {processor.py:153} INFO - Started process (PID=3666) to work on /usr/local/lib/python3.9/site-packages/airflow/example_dags/example_sla_dag.py
[2024-10-03T20:40:22.203+0000] {processor.py:743} INFO - Processing file /usr/local/lib/python3.9/site-packages/airflow/example_dags/example_sla_dag.py for tasks to queue
[2024-10-03T20:40:22.203+0000] {logging_mixin.py:137} INFO - [2024-10-03T20:40:22.203+0000] {dagbag.py:532} INFO - Filling up the DagBag from /usr/local/lib/python3.9/site-packages/airflow/example_dags/example_sla_dag.py
[2024-10-03T20:40:22.216+0000] {processor.py:753} INFO - DAG(s) dict_keys(['example_sla_dag']) retrieved from /usr/local/lib/python3.9/site-packages/airflow/example_dags/example_sla_dag.py
[2024-10-03T20:40:22.229+0000] {logging_mixin.py:137} INFO - [2024-10-03T20:40:22.229+0000] {dag.py:2705} INFO - Sync 1 DAGs
[2024-10-03T20:40:22.246+0000] {logging_mixin.py:137} INFO - [2024-10-03T20:40:22.246+0000] {dag.py:3452} INFO - Setting next_dagrun for example_sla_dag to 2024-10-03T20:38:00+00:00, run_after=2024-10-03T20:40:00+00:00
[2024-10-03T20:40:22.260+0000] {processor.py:175} INFO - Processing /usr/local/lib/python3.9/site-packages/airflow/example_dags/example_sla_dag.py took 0.060 seconds
[2024-10-03T20:40:53.069+0000] {processor.py:153} INFO - Started process (PID=3877) to work on /usr/local/lib/python3.9/site-packages/airflow/example_dags/example_sla_dag.py
[2024-10-03T20:40:53.070+0000] {processor.py:743} INFO - Processing file /usr/local/lib/python3.9/site-packages/airflow/example_dags/example_sla_dag.py for tasks to queue
[2024-10-03T20:40:53.070+0000] {logging_mixin.py:137} INFO - [2024-10-03T20:40:53.070+0000] {dagbag.py:532} INFO - Filling up the DagBag from /usr/local/lib/python3.9/site-packages/airflow/example_dags/example_sla_dag.py
[2024-10-03T20:40:53.083+0000] {processor.py:753} INFO - DAG(s) dict_keys(['example_sla_dag']) retrieved from /usr/local/lib/python3.9/site-packages/airflow/example_dags/example_sla_dag.py
[2024-10-03T20:40:53.097+0000] {logging_mixin.py:137} INFO - [2024-10-03T20:40:53.097+0000] {dag.py:2705} INFO - Sync 1 DAGs
[2024-10-03T20:40:53.111+0000] {logging_mixin.py:137} INFO - [2024-10-03T20:40:53.111+0000] {dag.py:3452} INFO - Setting next_dagrun for example_sla_dag to 2024-10-03T20:38:00+00:00, run_after=2024-10-03T20:40:00+00:00
[2024-10-03T20:40:53.122+0000] {processor.py:175} INFO - Processing /usr/local/lib/python3.9/site-packages/airflow/example_dags/example_sla_dag.py took 0.054 seconds
[2024-10-03T20:41:23.757+0000] {processor.py:153} INFO - Started process (PID=4086) to work on /usr/local/lib/python3.9/site-packages/airflow/example_dags/example_sla_dag.py
[2024-10-03T20:41:23.758+0000] {processor.py:743} INFO - Processing file /usr/local/lib/python3.9/site-packages/airflow/example_dags/example_sla_dag.py for tasks to queue
[2024-10-03T20:41:23.758+0000] {logging_mixin.py:137} INFO - [2024-10-03T20:41:23.758+0000] {dagbag.py:532} INFO - Filling up the DagBag from /usr/local/lib/python3.9/site-packages/airflow/example_dags/example_sla_dag.py
[2024-10-03T20:41:23.770+0000] {processor.py:753} INFO - DAG(s) dict_keys(['example_sla_dag']) retrieved from /usr/local/lib/python3.9/site-packages/airflow/example_dags/example_sla_dag.py
[2024-10-03T20:41:23.779+0000] {logging_mixin.py:137} INFO - [2024-10-03T20:41:23.779+0000] {dag.py:2705} INFO - Sync 1 DAGs
[2024-10-03T20:41:23.791+0000] {logging_mixin.py:137} INFO - [2024-10-03T20:41:23.791+0000] {dag.py:3452} INFO - Setting next_dagrun for example_sla_dag to 2024-10-03T20:38:00+00:00, run_after=2024-10-03T20:40:00+00:00
[2024-10-03T20:41:23.803+0000] {processor.py:175} INFO - Processing /usr/local/lib/python3.9/site-packages/airflow/example_dags/example_sla_dag.py took 0.048 seconds
[2024-10-03T20:41:54.417+0000] {processor.py:153} INFO - Started process (PID=4299) to work on /usr/local/lib/python3.9/site-packages/airflow/example_dags/example_sla_dag.py
[2024-10-03T20:41:54.418+0000] {processor.py:743} INFO - Processing file /usr/local/lib/python3.9/site-packages/airflow/example_dags/example_sla_dag.py for tasks to queue
[2024-10-03T20:41:54.418+0000] {logging_mixin.py:137} INFO - [2024-10-03T20:41:54.418+0000] {dagbag.py:532} INFO - Filling up the DagBag from /usr/local/lib/python3.9/site-packages/airflow/example_dags/example_sla_dag.py
[2024-10-03T20:41:54.428+0000] {processor.py:753} INFO - DAG(s) dict_keys(['example_sla_dag']) retrieved from /usr/local/lib/python3.9/site-packages/airflow/example_dags/example_sla_dag.py
[2024-10-03T20:41:54.436+0000] {logging_mixin.py:137} INFO - [2024-10-03T20:41:54.436+0000] {dag.py:2705} INFO - Sync 1 DAGs
[2024-10-03T20:41:54.445+0000] {logging_mixin.py:137} INFO - [2024-10-03T20:41:54.445+0000] {dag.py:3452} INFO - Setting next_dagrun for example_sla_dag to 2024-10-03T20:38:00+00:00, run_after=2024-10-03T20:40:00+00:00
[2024-10-03T20:41:54.452+0000] {processor.py:175} INFO - Processing /usr/local/lib/python3.9/site-packages/airflow/example_dags/example_sla_dag.py took 0.036 seconds
[2024-10-03T20:42:25.065+0000] {processor.py:153} INFO - Started process (PID=4510) to work on /usr/local/lib/python3.9/site-packages/airflow/example_dags/example_sla_dag.py
[2024-10-03T20:42:25.066+0000] {processor.py:743} INFO - Processing file /usr/local/lib/python3.9/site-packages/airflow/example_dags/example_sla_dag.py for tasks to queue
[2024-10-03T20:42:25.066+0000] {logging_mixin.py:137} INFO - [2024-10-03T20:42:25.066+0000] {dagbag.py:532} INFO - Filling up the DagBag from /usr/local/lib/python3.9/site-packages/airflow/example_dags/example_sla_dag.py
[2024-10-03T20:42:25.077+0000] {processor.py:753} INFO - DAG(s) dict_keys(['example_sla_dag']) retrieved from /usr/local/lib/python3.9/site-packages/airflow/example_dags/example_sla_dag.py
[2024-10-03T20:42:25.085+0000] {logging_mixin.py:137} INFO - [2024-10-03T20:42:25.085+0000] {dag.py:2705} INFO - Sync 1 DAGs
[2024-10-03T20:42:25.095+0000] {logging_mixin.py:137} INFO - [2024-10-03T20:42:25.095+0000] {dag.py:3452} INFO - Setting next_dagrun for example_sla_dag to 2024-10-03T20:40:00+00:00, run_after=2024-10-03T20:42:00+00:00
[2024-10-03T20:42:25.102+0000] {processor.py:175} INFO - Processing /usr/local/lib/python3.9/site-packages/airflow/example_dags/example_sla_dag.py took 0.038 seconds
[2024-10-03T20:42:55.690+0000] {processor.py:153} INFO - Started process (PID=4721) to work on /usr/local/lib/python3.9/site-packages/airflow/example_dags/example_sla_dag.py
[2024-10-03T20:42:55.690+0000] {processor.py:743} INFO - Processing file /usr/local/lib/python3.9/site-packages/airflow/example_dags/example_sla_dag.py for tasks to queue
[2024-10-03T20:42:55.690+0000] {logging_mixin.py:137} INFO - [2024-10-03T20:42:55.690+0000] {dagbag.py:532} INFO - Filling up the DagBag from /usr/local/lib/python3.9/site-packages/airflow/example_dags/example_sla_dag.py
[2024-10-03T20:42:55.701+0000] {processor.py:753} INFO - DAG(s) dict_keys(['example_sla_dag']) retrieved from /usr/local/lib/python3.9/site-packages/airflow/example_dags/example_sla_dag.py
[2024-10-03T20:42:55.710+0000] {logging_mixin.py:137} INFO - [2024-10-03T20:42:55.710+0000] {dag.py:2705} INFO - Sync 1 DAGs
[2024-10-03T20:42:55.719+0000] {logging_mixin.py:137} INFO - [2024-10-03T20:42:55.719+0000] {dag.py:3452} INFO - Setting next_dagrun for example_sla_dag to 2024-10-03T20:40:00+00:00, run_after=2024-10-03T20:42:00+00:00
[2024-10-03T20:42:55.726+0000] {processor.py:175} INFO - Processing /usr/local/lib/python3.9/site-packages/airflow/example_dags/example_sla_dag.py took 0.037 seconds
[2024-10-03T20:43:26.322+0000] {processor.py:153} INFO - Started process (PID=4930) to work on /usr/local/lib/python3.9/site-packages/airflow/example_dags/example_sla_dag.py
[2024-10-03T20:43:26.323+0000] {processor.py:743} INFO - Processing file /usr/local/lib/python3.9/site-packages/airflow/example_dags/example_sla_dag.py for tasks to queue
[2024-10-03T20:43:26.324+0000] {logging_mixin.py:137} INFO - [2024-10-03T20:43:26.324+0000] {dagbag.py:532} INFO - Filling up the DagBag from /usr/local/lib/python3.9/site-packages/airflow/example_dags/example_sla_dag.py
[2024-10-03T20:43:26.338+0000] {processor.py:753} INFO - DAG(s) dict_keys(['example_sla_dag']) retrieved from /usr/local/lib/python3.9/site-packages/airflow/example_dags/example_sla_dag.py
[2024-10-03T20:43:26.349+0000] {logging_mixin.py:137} INFO - [2024-10-03T20:43:26.349+0000] {dag.py:2705} INFO - Sync 1 DAGs
[2024-10-03T20:43:26.361+0000] {logging_mixin.py:137} INFO - [2024-10-03T20:43:26.361+0000] {dag.py:3452} INFO - Setting next_dagrun for example_sla_dag to 2024-10-03T20:40:00+00:00, run_after=2024-10-03T20:42:00+00:00
[2024-10-03T20:43:26.368+0000] {processor.py:175} INFO - Processing /usr/local/lib/python3.9/site-packages/airflow/example_dags/example_sla_dag.py took 0.049 seconds
[2024-10-03T20:43:56.918+0000] {processor.py:153} INFO - Started process (PID=5143) to work on /usr/local/lib/python3.9/site-packages/airflow/example_dags/example_sla_dag.py
[2024-10-03T20:43:56.919+0000] {processor.py:743} INFO - Processing file /usr/local/lib/python3.9/site-packages/airflow/example_dags/example_sla_dag.py for tasks to queue
[2024-10-03T20:43:56.919+0000] {logging_mixin.py:137} INFO - [2024-10-03T20:43:56.919+0000] {dagbag.py:532} INFO - Filling up the DagBag from /usr/local/lib/python3.9/site-packages/airflow/example_dags/example_sla_dag.py
[2024-10-03T20:43:56.932+0000] {processor.py:753} INFO - DAG(s) dict_keys(['example_sla_dag']) retrieved from /usr/local/lib/python3.9/site-packages/airflow/example_dags/example_sla_dag.py
[2024-10-03T20:43:56.942+0000] {logging_mixin.py:137} INFO - [2024-10-03T20:43:56.942+0000] {dag.py:2705} INFO - Sync 1 DAGs
[2024-10-03T20:43:56.952+0000] {logging_mixin.py:137} INFO - [2024-10-03T20:43:56.952+0000] {dag.py:3452} INFO - Setting next_dagrun for example_sla_dag to 2024-10-03T20:40:00+00:00, run_after=2024-10-03T20:42:00+00:00
[2024-10-03T20:43:56.958+0000] {processor.py:175} INFO - Processing /usr/local/lib/python3.9/site-packages/airflow/example_dags/example_sla_dag.py took 0.042 seconds
[2024-10-03T20:44:27.693+0000] {processor.py:153} INFO - Started process (PID=5354) to work on /usr/local/lib/python3.9/site-packages/airflow/example_dags/example_sla_dag.py
[2024-10-03T20:44:27.694+0000] {processor.py:743} INFO - Processing file /usr/local/lib/python3.9/site-packages/airflow/example_dags/example_sla_dag.py for tasks to queue
[2024-10-03T20:44:27.694+0000] {logging_mixin.py:137} INFO - [2024-10-03T20:44:27.694+0000] {dagbag.py:532} INFO - Filling up the DagBag from /usr/local/lib/python3.9/site-packages/airflow/example_dags/example_sla_dag.py
[2024-10-03T20:44:27.704+0000] {processor.py:753} INFO - DAG(s) dict_keys(['example_sla_dag']) retrieved from /usr/local/lib/python3.9/site-packages/airflow/example_dags/example_sla_dag.py
[2024-10-03T20:44:27.713+0000] {logging_mixin.py:137} INFO - [2024-10-03T20:44:27.713+0000] {dag.py:2705} INFO - Sync 1 DAGs
[2024-10-03T20:44:27.723+0000] {logging_mixin.py:137} INFO - [2024-10-03T20:44:27.723+0000] {dag.py:3452} INFO - Setting next_dagrun for example_sla_dag to 2024-10-03T20:42:00+00:00, run_after=2024-10-03T20:44:00+00:00
[2024-10-03T20:44:27.729+0000] {processor.py:175} INFO - Processing /usr/local/lib/python3.9/site-packages/airflow/example_dags/example_sla_dag.py took 0.037 seconds
[2024-10-03T20:44:58.368+0000] {processor.py:153} INFO - Started process (PID=5565) to work on /usr/local/lib/python3.9/site-packages/airflow/example_dags/example_sla_dag.py
[2024-10-03T20:44:58.369+0000] {processor.py:743} INFO - Processing file /usr/local/lib/python3.9/site-packages/airflow/example_dags/example_sla_dag.py for tasks to queue
[2024-10-03T20:44:58.369+0000] {logging_mixin.py:137} INFO - [2024-10-03T20:44:58.369+0000] {dagbag.py:532} INFO - Filling up the DagBag from /usr/local/lib/python3.9/site-packages/airflow/example_dags/example_sla_dag.py
[2024-10-03T20:44:58.379+0000] {processor.py:753} INFO - DAG(s) dict_keys(['example_sla_dag']) retrieved from /usr/local/lib/python3.9/site-packages/airflow/example_dags/example_sla_dag.py
[2024-10-03T20:44:58.388+0000] {logging_mixin.py:137} INFO - [2024-10-03T20:44:58.388+0000] {dag.py:2705} INFO - Sync 1 DAGs
[2024-10-03T20:44:58.398+0000] {logging_mixin.py:137} INFO - [2024-10-03T20:44:58.397+0000] {dag.py:3452} INFO - Setting next_dagrun for example_sla_dag to 2024-10-03T20:42:00+00:00, run_after=2024-10-03T20:44:00+00:00
[2024-10-03T20:44:58.404+0000] {processor.py:175} INFO - Processing /usr/local/lib/python3.9/site-packages/airflow/example_dags/example_sla_dag.py took 0.037 seconds
[2024-10-03T20:45:28.950+0000] {processor.py:153} INFO - Started process (PID=5776) to work on /usr/local/lib/python3.9/site-packages/airflow/example_dags/example_sla_dag.py
[2024-10-03T20:45:28.951+0000] {processor.py:743} INFO - Processing file /usr/local/lib/python3.9/site-packages/airflow/example_dags/example_sla_dag.py for tasks to queue
[2024-10-03T20:45:28.951+0000] {logging_mixin.py:137} INFO - [2024-10-03T20:45:28.951+0000] {dagbag.py:532} INFO - Filling up the DagBag from /usr/local/lib/python3.9/site-packages/airflow/example_dags/example_sla_dag.py
[2024-10-03T20:45:28.961+0000] {processor.py:753} INFO - DAG(s) dict_keys(['example_sla_dag']) retrieved from /usr/local/lib/python3.9/site-packages/airflow/example_dags/example_sla_dag.py
[2024-10-03T20:45:28.970+0000] {logging_mixin.py:137} INFO - [2024-10-03T20:45:28.970+0000] {dag.py:2705} INFO - Sync 1 DAGs
[2024-10-03T20:45:28.979+0000] {logging_mixin.py:137} INFO - [2024-10-03T20:45:28.979+0000] {dag.py:3452} INFO - Setting next_dagrun for example_sla_dag to 2024-10-03T20:42:00+00:00, run_after=2024-10-03T20:44:00+00:00
[2024-10-03T20:45:28.985+0000] {processor.py:175} INFO - Processing /usr/local/lib/python3.9/site-packages/airflow/example_dags/example_sla_dag.py took 0.036 seconds
[2024-10-03T20:45:59.725+0000] {processor.py:153} INFO - Started process (PID=5987) to work on /usr/local/lib/python3.9/site-packages/airflow/example_dags/example_sla_dag.py
[2024-10-03T20:45:59.726+0000] {processor.py:743} INFO - Processing file /usr/local/lib/python3.9/site-packages/airflow/example_dags/example_sla_dag.py for tasks to queue
[2024-10-03T20:45:59.727+0000] {logging_mixin.py:137} INFO - [2024-10-03T20:45:59.727+0000] {dagbag.py:532} INFO - Filling up the DagBag from /usr/local/lib/python3.9/site-packages/airflow/example_dags/example_sla_dag.py
[2024-10-03T20:45:59.737+0000] {processor.py:753} INFO - DAG(s) dict_keys(['example_sla_dag']) retrieved from /usr/local/lib/python3.9/site-packages/airflow/example_dags/example_sla_dag.py
[2024-10-03T20:45:59.747+0000] {logging_mixin.py:137} INFO - [2024-10-03T20:45:59.747+0000] {dag.py:2705} INFO - Sync 1 DAGs
[2024-10-03T20:45:59.761+0000] {logging_mixin.py:137} INFO - [2024-10-03T20:45:59.761+0000] {dag.py:3452} INFO - Setting next_dagrun for example_sla_dag to 2024-10-03T20:42:00+00:00, run_after=2024-10-03T20:44:00+00:00
[2024-10-03T20:45:59.774+0000] {processor.py:175} INFO - Processing /usr/local/lib/python3.9/site-packages/airflow/example_dags/example_sla_dag.py took 0.051 seconds
[2024-10-03T20:46:30.434+0000] {processor.py:153} INFO - Started process (PID=6196) to work on /usr/local/lib/python3.9/site-packages/airflow/example_dags/example_sla_dag.py
[2024-10-03T20:46:30.435+0000] {processor.py:743} INFO - Processing file /usr/local/lib/python3.9/site-packages/airflow/example_dags/example_sla_dag.py for tasks to queue
[2024-10-03T20:46:30.435+0000] {logging_mixin.py:137} INFO - [2024-10-03T20:46:30.435+0000] {dagbag.py:532} INFO - Filling up the DagBag from /usr/local/lib/python3.9/site-packages/airflow/example_dags/example_sla_dag.py
[2024-10-03T20:46:30.446+0000] {processor.py:753} INFO - DAG(s) dict_keys(['example_sla_dag']) retrieved from /usr/local/lib/python3.9/site-packages/airflow/example_dags/example_sla_dag.py
[2024-10-03T20:46:30.456+0000] {logging_mixin.py:137} INFO - [2024-10-03T20:46:30.456+0000] {dag.py:2705} INFO - Sync 1 DAGs
[2024-10-03T20:46:30.468+0000] {logging_mixin.py:137} INFO - [2024-10-03T20:46:30.468+0000] {dag.py:3452} INFO - Setting next_dagrun for example_sla_dag to 2024-10-03T20:44:00+00:00, run_after=2024-10-03T20:46:00+00:00
[2024-10-03T20:46:30.480+0000] {processor.py:175} INFO - Processing /usr/local/lib/python3.9/site-packages/airflow/example_dags/example_sla_dag.py took 0.047 seconds
[2024-10-03T20:47:01.097+0000] {processor.py:153} INFO - Started process (PID=6409) to work on /usr/local/lib/python3.9/site-packages/airflow/example_dags/example_sla_dag.py
[2024-10-03T20:47:01.098+0000] {processor.py:743} INFO - Processing file /usr/local/lib/python3.9/site-packages/airflow/example_dags/example_sla_dag.py for tasks to queue
[2024-10-03T20:47:01.098+0000] {logging_mixin.py:137} INFO - [2024-10-03T20:47:01.098+0000] {dagbag.py:532} INFO - Filling up the DagBag from /usr/local/lib/python3.9/site-packages/airflow/example_dags/example_sla_dag.py
[2024-10-03T20:47:01.109+0000] {processor.py:753} INFO - DAG(s) dict_keys(['example_sla_dag']) retrieved from /usr/local/lib/python3.9/site-packages/airflow/example_dags/example_sla_dag.py
[2024-10-03T20:47:01.119+0000] {logging_mixin.py:137} INFO - [2024-10-03T20:47:01.119+0000] {dag.py:2705} INFO - Sync 1 DAGs
[2024-10-03T20:47:01.129+0000] {logging_mixin.py:137} INFO - [2024-10-03T20:47:01.129+0000] {dag.py:3452} INFO - Setting next_dagrun for example_sla_dag to 2024-10-03T20:44:00+00:00, run_after=2024-10-03T20:46:00+00:00
[2024-10-03T20:47:01.142+0000] {processor.py:175} INFO - Processing /usr/local/lib/python3.9/site-packages/airflow/example_dags/example_sla_dag.py took 0.047 seconds
[2024-10-03T20:47:31.607+0000] {processor.py:153} INFO - Started process (PID=6618) to work on /usr/local/lib/python3.9/site-packages/airflow/example_dags/example_sla_dag.py
[2024-10-03T20:47:31.607+0000] {processor.py:743} INFO - Processing file /usr/local/lib/python3.9/site-packages/airflow/example_dags/example_sla_dag.py for tasks to queue
[2024-10-03T20:47:31.608+0000] {logging_mixin.py:137} INFO - [2024-10-03T20:47:31.608+0000] {dagbag.py:532} INFO - Filling up the DagBag from /usr/local/lib/python3.9/site-packages/airflow/example_dags/example_sla_dag.py
[2024-10-03T20:47:31.619+0000] {processor.py:753} INFO - DAG(s) dict_keys(['example_sla_dag']) retrieved from /usr/local/lib/python3.9/site-packages/airflow/example_dags/example_sla_dag.py
[2024-10-03T20:47:31.628+0000] {logging_mixin.py:137} INFO - [2024-10-03T20:47:31.628+0000] {dag.py:2705} INFO - Sync 1 DAGs
[2024-10-03T20:47:31.639+0000] {logging_mixin.py:137} INFO - [2024-10-03T20:47:31.638+0000] {dag.py:3452} INFO - Setting next_dagrun for example_sla_dag to 2024-10-03T20:44:00+00:00, run_after=2024-10-03T20:46:00+00:00
[2024-10-03T20:47:31.648+0000] {processor.py:175} INFO - Processing /usr/local/lib/python3.9/site-packages/airflow/example_dags/example_sla_dag.py took 0.043 seconds
[2024-10-03T20:48:02.307+0000] {processor.py:153} INFO - Started process (PID=6831) to work on /usr/local/lib/python3.9/site-packages/airflow/example_dags/example_sla_dag.py
[2024-10-03T20:48:02.308+0000] {processor.py:743} INFO - Processing file /usr/local/lib/python3.9/site-packages/airflow/example_dags/example_sla_dag.py for tasks to queue
[2024-10-03T20:48:02.308+0000] {logging_mixin.py:137} INFO - [2024-10-03T20:48:02.308+0000] {dagbag.py:532} INFO - Filling up the DagBag from /usr/local/lib/python3.9/site-packages/airflow/example_dags/example_sla_dag.py
[2024-10-03T20:48:02.319+0000] {processor.py:753} INFO - DAG(s) dict_keys(['example_sla_dag']) retrieved from /usr/local/lib/python3.9/site-packages/airflow/example_dags/example_sla_dag.py
[2024-10-03T20:48:02.327+0000] {logging_mixin.py:137} INFO - [2024-10-03T20:48:02.327+0000] {dag.py:2705} INFO - Sync 1 DAGs
[2024-10-03T20:48:02.338+0000] {logging_mixin.py:137} INFO - [2024-10-03T20:48:02.338+0000] {dag.py:3452} INFO - Setting next_dagrun for example_sla_dag to 2024-10-03T20:46:00+00:00, run_after=2024-10-03T20:48:00+00:00
[2024-10-03T20:48:02.350+0000] {processor.py:175} INFO - Processing /usr/local/lib/python3.9/site-packages/airflow/example_dags/example_sla_dag.py took 0.044 seconds
[2024-10-03T20:48:32.911+0000] {processor.py:153} INFO - Started process (PID=7042) to work on /usr/local/lib/python3.9/site-packages/airflow/example_dags/example_sla_dag.py
[2024-10-03T20:48:32.911+0000] {processor.py:743} INFO - Processing file /usr/local/lib/python3.9/site-packages/airflow/example_dags/example_sla_dag.py for tasks to queue
[2024-10-03T20:48:32.911+0000] {logging_mixin.py:137} INFO - [2024-10-03T20:48:32.911+0000] {dagbag.py:532} INFO - Filling up the DagBag from /usr/local/lib/python3.9/site-packages/airflow/example_dags/example_sla_dag.py
[2024-10-03T20:48:32.922+0000] {processor.py:753} INFO - DAG(s) dict_keys(['example_sla_dag']) retrieved from /usr/local/lib/python3.9/site-packages/airflow/example_dags/example_sla_dag.py
[2024-10-03T20:48:32.932+0000] {logging_mixin.py:137} INFO - [2024-10-03T20:48:32.932+0000] {dag.py:2705} INFO - Sync 1 DAGs
[2024-10-03T20:48:32.943+0000] {logging_mixin.py:137} INFO - [2024-10-03T20:48:32.943+0000] {dag.py:3452} INFO - Setting next_dagrun for example_sla_dag to 2024-10-03T20:46:00+00:00, run_after=2024-10-03T20:48:00+00:00
[2024-10-03T20:48:32.952+0000] {processor.py:175} INFO - Processing /usr/local/lib/python3.9/site-packages/airflow/example_dags/example_sla_dag.py took 0.044 seconds
[2024-10-03T20:49:03.768+0000] {processor.py:153} INFO - Started process (PID=7253) to work on /usr/local/lib/python3.9/site-packages/airflow/example_dags/example_sla_dag.py
[2024-10-03T20:49:03.769+0000] {processor.py:743} INFO - Processing file /usr/local/lib/python3.9/site-packages/airflow/example_dags/example_sla_dag.py for tasks to queue
[2024-10-03T20:49:03.769+0000] {logging_mixin.py:137} INFO - [2024-10-03T20:49:03.769+0000] {dagbag.py:532} INFO - Filling up the DagBag from /usr/local/lib/python3.9/site-packages/airflow/example_dags/example_sla_dag.py
[2024-10-03T20:49:03.779+0000] {processor.py:753} INFO - DAG(s) dict_keys(['example_sla_dag']) retrieved from /usr/local/lib/python3.9/site-packages/airflow/example_dags/example_sla_dag.py
[2024-10-03T20:49:03.788+0000] {logging_mixin.py:137} INFO - [2024-10-03T20:49:03.788+0000] {dag.py:2705} INFO - Sync 1 DAGs
[2024-10-03T20:49:03.797+0000] {logging_mixin.py:137} INFO - [2024-10-03T20:49:03.797+0000] {dag.py:3452} INFO - Setting next_dagrun for example_sla_dag to 2024-10-03T20:46:00+00:00, run_after=2024-10-03T20:48:00+00:00
[2024-10-03T20:49:03.804+0000] {processor.py:175} INFO - Processing /usr/local/lib/python3.9/site-packages/airflow/example_dags/example_sla_dag.py took 0.037 seconds
[2024-10-03T20:49:34.590+0000] {processor.py:153} INFO - Started process (PID=7464) to work on /usr/local/lib/python3.9/site-packages/airflow/example_dags/example_sla_dag.py
[2024-10-03T20:49:34.590+0000] {processor.py:743} INFO - Processing file /usr/local/lib/python3.9/site-packages/airflow/example_dags/example_sla_dag.py for tasks to queue
[2024-10-03T20:49:34.591+0000] {logging_mixin.py:137} INFO - [2024-10-03T20:49:34.590+0000] {dagbag.py:532} INFO - Filling up the DagBag from /usr/local/lib/python3.9/site-packages/airflow/example_dags/example_sla_dag.py
[2024-10-03T20:49:34.601+0000] {processor.py:753} INFO - DAG(s) dict_keys(['example_sla_dag']) retrieved from /usr/local/lib/python3.9/site-packages/airflow/example_dags/example_sla_dag.py
[2024-10-03T20:49:34.609+0000] {logging_mixin.py:137} INFO - [2024-10-03T20:49:34.609+0000] {dag.py:2705} INFO - Sync 1 DAGs
[2024-10-03T20:49:34.619+0000] {logging_mixin.py:137} INFO - [2024-10-03T20:49:34.619+0000] {dag.py:3452} INFO - Setting next_dagrun for example_sla_dag to 2024-10-03T20:46:00+00:00, run_after=2024-10-03T20:48:00+00:00
[2024-10-03T20:49:34.625+0000] {processor.py:175} INFO - Processing /usr/local/lib/python3.9/site-packages/airflow/example_dags/example_sla_dag.py took 0.037 seconds
[2024-10-03T20:50:05.311+0000] {processor.py:153} INFO - Started process (PID=7675) to work on /usr/local/lib/python3.9/site-packages/airflow/example_dags/example_sla_dag.py
[2024-10-03T20:50:05.312+0000] {processor.py:743} INFO - Processing file /usr/local/lib/python3.9/site-packages/airflow/example_dags/example_sla_dag.py for tasks to queue
[2024-10-03T20:50:05.312+0000] {logging_mixin.py:137} INFO - [2024-10-03T20:50:05.312+0000] {dagbag.py:532} INFO - Filling up the DagBag from /usr/local/lib/python3.9/site-packages/airflow/example_dags/example_sla_dag.py
[2024-10-03T20:50:05.324+0000] {processor.py:753} INFO - DAG(s) dict_keys(['example_sla_dag']) retrieved from /usr/local/lib/python3.9/site-packages/airflow/example_dags/example_sla_dag.py
[2024-10-03T20:50:05.336+0000] {logging_mixin.py:137} INFO - [2024-10-03T20:50:05.336+0000] {dag.py:2705} INFO - Sync 1 DAGs
[2024-10-03T20:50:05.347+0000] {logging_mixin.py:137} INFO - [2024-10-03T20:50:05.346+0000] {dag.py:3452} INFO - Setting next_dagrun for example_sla_dag to 2024-10-03T20:48:00+00:00, run_after=2024-10-03T20:50:00+00:00
[2024-10-03T20:50:05.353+0000] {processor.py:175} INFO - Processing /usr/local/lib/python3.9/site-packages/airflow/example_dags/example_sla_dag.py took 0.044 seconds
[2024-10-03T20:50:36.058+0000] {processor.py:153} INFO - Started process (PID=7885) to work on /usr/local/lib/python3.9/site-packages/airflow/example_dags/example_sla_dag.py
[2024-10-03T20:50:36.059+0000] {processor.py:743} INFO - Processing file /usr/local/lib/python3.9/site-packages/airflow/example_dags/example_sla_dag.py for tasks to queue
[2024-10-03T20:50:36.059+0000] {logging_mixin.py:137} INFO - [2024-10-03T20:50:36.059+0000] {dagbag.py:532} INFO - Filling up the DagBag from /usr/local/lib/python3.9/site-packages/airflow/example_dags/example_sla_dag.py
[2024-10-03T20:50:36.071+0000] {processor.py:753} INFO - DAG(s) dict_keys(['example_sla_dag']) retrieved from /usr/local/lib/python3.9/site-packages/airflow/example_dags/example_sla_dag.py
[2024-10-03T20:50:36.080+0000] {logging_mixin.py:137} INFO - [2024-10-03T20:50:36.080+0000] {dag.py:2705} INFO - Sync 1 DAGs
[2024-10-03T20:50:36.092+0000] {logging_mixin.py:137} INFO - [2024-10-03T20:50:36.092+0000] {dag.py:3452} INFO - Setting next_dagrun for example_sla_dag to 2024-10-03T20:48:00+00:00, run_after=2024-10-03T20:50:00+00:00
[2024-10-03T20:50:36.105+0000] {processor.py:175} INFO - Processing /usr/local/lib/python3.9/site-packages/airflow/example_dags/example_sla_dag.py took 0.048 seconds
[2024-10-03T20:51:06.898+0000] {processor.py:153} INFO - Started process (PID=8097) to work on /usr/local/lib/python3.9/site-packages/airflow/example_dags/example_sla_dag.py
[2024-10-03T20:51:06.898+0000] {processor.py:743} INFO - Processing file /usr/local/lib/python3.9/site-packages/airflow/example_dags/example_sla_dag.py for tasks to queue
[2024-10-03T20:51:06.899+0000] {logging_mixin.py:137} INFO - [2024-10-03T20:51:06.899+0000] {dagbag.py:532} INFO - Filling up the DagBag from /usr/local/lib/python3.9/site-packages/airflow/example_dags/example_sla_dag.py
[2024-10-03T20:51:06.909+0000] {processor.py:753} INFO - DAG(s) dict_keys(['example_sla_dag']) retrieved from /usr/local/lib/python3.9/site-packages/airflow/example_dags/example_sla_dag.py
[2024-10-03T20:51:06.918+0000] {logging_mixin.py:137} INFO - [2024-10-03T20:51:06.918+0000] {dag.py:2705} INFO - Sync 1 DAGs
[2024-10-03T20:51:06.927+0000] {logging_mixin.py:137} INFO - [2024-10-03T20:51:06.927+0000] {dag.py:3452} INFO - Setting next_dagrun for example_sla_dag to 2024-10-03T20:48:00+00:00, run_after=2024-10-03T20:50:00+00:00
[2024-10-03T20:51:06.934+0000] {processor.py:175} INFO - Processing /usr/local/lib/python3.9/site-packages/airflow/example_dags/example_sla_dag.py took 0.037 seconds
[2024-10-03T20:51:37.751+0000] {processor.py:153} INFO - Started process (PID=8306) to work on /usr/local/lib/python3.9/site-packages/airflow/example_dags/example_sla_dag.py
[2024-10-03T20:51:37.752+0000] {processor.py:743} INFO - Processing file /usr/local/lib/python3.9/site-packages/airflow/example_dags/example_sla_dag.py for tasks to queue
[2024-10-03T20:51:37.752+0000] {logging_mixin.py:137} INFO - [2024-10-03T20:51:37.752+0000] {dagbag.py:532} INFO - Filling up the DagBag from /usr/local/lib/python3.9/site-packages/airflow/example_dags/example_sla_dag.py
[2024-10-03T20:51:37.765+0000] {processor.py:753} INFO - DAG(s) dict_keys(['example_sla_dag']) retrieved from /usr/local/lib/python3.9/site-packages/airflow/example_dags/example_sla_dag.py
[2024-10-03T20:51:37.776+0000] {logging_mixin.py:137} INFO - [2024-10-03T20:51:37.776+0000] {dag.py:2705} INFO - Sync 1 DAGs
[2024-10-03T20:51:37.792+0000] {logging_mixin.py:137} INFO - [2024-10-03T20:51:37.792+0000] {dag.py:3452} INFO - Setting next_dagrun for example_sla_dag to 2024-10-03T20:48:00+00:00, run_after=2024-10-03T20:50:00+00:00
[2024-10-03T20:51:37.867+0000] {processor.py:175} INFO - Processing /usr/local/lib/python3.9/site-packages/airflow/example_dags/example_sla_dag.py took 0.117 seconds
[2024-10-03T20:52:07.878+0000] {processor.py:153} INFO - Started process (PID=8519) to work on /usr/local/lib/python3.9/site-packages/airflow/example_dags/example_sla_dag.py
[2024-10-03T20:52:07.879+0000] {processor.py:743} INFO - Processing file /usr/local/lib/python3.9/site-packages/airflow/example_dags/example_sla_dag.py for tasks to queue
[2024-10-03T20:52:07.879+0000] {logging_mixin.py:137} INFO - [2024-10-03T20:52:07.879+0000] {dagbag.py:532} INFO - Filling up the DagBag from /usr/local/lib/python3.9/site-packages/airflow/example_dags/example_sla_dag.py
[2024-10-03T20:52:07.890+0000] {processor.py:753} INFO - DAG(s) dict_keys(['example_sla_dag']) retrieved from /usr/local/lib/python3.9/site-packages/airflow/example_dags/example_sla_dag.py
[2024-10-03T20:52:07.898+0000] {logging_mixin.py:137} INFO - [2024-10-03T20:52:07.898+0000] {dag.py:2705} INFO - Sync 1 DAGs
[2024-10-03T20:52:07.908+0000] {logging_mixin.py:137} INFO - [2024-10-03T20:52:07.908+0000] {dag.py:3452} INFO - Setting next_dagrun for example_sla_dag to 2024-10-03T20:50:00+00:00, run_after=2024-10-03T20:52:00+00:00
[2024-10-03T20:52:07.914+0000] {processor.py:175} INFO - Processing /usr/local/lib/python3.9/site-packages/airflow/example_dags/example_sla_dag.py took 0.036 seconds
[2024-10-03T20:52:38.886+0000] {processor.py:153} INFO - Started process (PID=8730) to work on /usr/local/lib/python3.9/site-packages/airflow/example_dags/example_sla_dag.py
[2024-10-03T20:52:38.887+0000] {processor.py:743} INFO - Processing file /usr/local/lib/python3.9/site-packages/airflow/example_dags/example_sla_dag.py for tasks to queue
[2024-10-03T20:52:38.887+0000] {logging_mixin.py:137} INFO - [2024-10-03T20:52:38.887+0000] {dagbag.py:532} INFO - Filling up the DagBag from /usr/local/lib/python3.9/site-packages/airflow/example_dags/example_sla_dag.py
[2024-10-03T20:52:38.899+0000] {processor.py:753} INFO - DAG(s) dict_keys(['example_sla_dag']) retrieved from /usr/local/lib/python3.9/site-packages/airflow/example_dags/example_sla_dag.py
[2024-10-03T20:52:38.911+0000] {logging_mixin.py:137} INFO - [2024-10-03T20:52:38.910+0000] {dag.py:2705} INFO - Sync 1 DAGs
[2024-10-03T20:52:38.922+0000] {logging_mixin.py:137} INFO - [2024-10-03T20:52:38.922+0000] {dag.py:3452} INFO - Setting next_dagrun for example_sla_dag to 2024-10-03T20:50:00+00:00, run_after=2024-10-03T20:52:00+00:00
[2024-10-03T20:52:38.929+0000] {processor.py:175} INFO - Processing /usr/local/lib/python3.9/site-packages/airflow/example_dags/example_sla_dag.py took 0.045 seconds
