[2024-10-03T20:32:02.324+0000] {processor.py:153} INFO - Started process (PID=370) to work on /usr/local/lib/python3.9/site-packages/airflow/example_dags/example_latest_only.py
[2024-10-03T20:32:02.326+0000] {processor.py:743} INFO - Processing file /usr/local/lib/python3.9/site-packages/airflow/example_dags/example_latest_only.py for tasks to queue
[2024-10-03T20:32:02.326+0000] {logging_mixin.py:137} INFO - [2024-10-03T20:32:02.326+0000] {dagbag.py:532} INFO - Filling up the DagBag from /usr/local/lib/python3.9/site-packages/airflow/example_dags/example_latest_only.py
[2024-10-03T20:32:02.392+0000] {processor.py:753} INFO - DAG(s) dict_keys(['latest_only']) retrieved from /usr/local/lib/python3.9/site-packages/airflow/example_dags/example_latest_only.py
[2024-10-03T20:32:02.506+0000] {logging_mixin.py:137} INFO - [2024-10-03T20:32:02.505+0000] {dag.py:2705} INFO - Sync 1 DAGs
[2024-10-03T20:32:02.590+0000] {logging_mixin.py:137} INFO - [2024-10-03T20:32:02.590+0000] {dag.py:3452} INFO - Setting next_dagrun for latest_only to 2024-10-03T16:32:02.590054+00:00, run_after=2024-10-03T20:32:02.590054+00:00
[2024-10-03T20:32:02.603+0000] {processor.py:175} INFO - Processing /usr/local/lib/python3.9/site-packages/airflow/example_dags/example_latest_only.py took 0.281 seconds
[2024-10-03T20:32:36.281+0000] {processor.py:153} INFO - Started process (PID=585) to work on /usr/local/lib/python3.9/site-packages/airflow/example_dags/example_latest_only.py
[2024-10-03T20:32:36.283+0000] {processor.py:743} INFO - Processing file /usr/local/lib/python3.9/site-packages/airflow/example_dags/example_latest_only.py for tasks to queue
[2024-10-03T20:32:36.286+0000] {logging_mixin.py:137} INFO - [2024-10-03T20:32:36.284+0000] {dagbag.py:532} INFO - Filling up the DagBag from /usr/local/lib/python3.9/site-packages/airflow/example_dags/example_latest_only.py
[2024-10-03T20:32:36.295+0000] {processor.py:753} INFO - DAG(s) dict_keys(['latest_only']) retrieved from /usr/local/lib/python3.9/site-packages/airflow/example_dags/example_latest_only.py
[2024-10-03T20:32:36.324+0000] {logging_mixin.py:137} INFO - [2024-10-03T20:32:36.324+0000] {dag.py:2705} INFO - Sync 1 DAGs
[2024-10-03T20:32:36.351+0000] {logging_mixin.py:137} INFO - [2024-10-03T20:32:36.351+0000] {dag.py:3452} INFO - Setting next_dagrun for latest_only to 2024-10-03T16:32:36.351399+00:00, run_after=2024-10-03T20:32:36.351399+00:00
[2024-10-03T20:32:36.373+0000] {processor.py:175} INFO - Processing /usr/local/lib/python3.9/site-packages/airflow/example_dags/example_latest_only.py took 0.096 seconds
[2024-10-03T20:33:11.040+0000] {processor.py:153} INFO - Started process (PID=796) to work on /usr/local/lib/python3.9/site-packages/airflow/example_dags/example_latest_only.py
[2024-10-03T20:33:11.042+0000] {processor.py:743} INFO - Processing file /usr/local/lib/python3.9/site-packages/airflow/example_dags/example_latest_only.py for tasks to queue
[2024-10-03T20:33:11.042+0000] {logging_mixin.py:137} INFO - [2024-10-03T20:33:11.042+0000] {dagbag.py:532} INFO - Filling up the DagBag from /usr/local/lib/python3.9/site-packages/airflow/example_dags/example_latest_only.py
[2024-10-03T20:33:11.055+0000] {processor.py:753} INFO - DAG(s) dict_keys(['latest_only']) retrieved from /usr/local/lib/python3.9/site-packages/airflow/example_dags/example_latest_only.py
[2024-10-03T20:33:11.093+0000] {logging_mixin.py:137} INFO - [2024-10-03T20:33:11.093+0000] {dag.py:2705} INFO - Sync 1 DAGs
[2024-10-03T20:33:11.124+0000] {logging_mixin.py:137} INFO - [2024-10-03T20:33:11.124+0000] {dag.py:3452} INFO - Setting next_dagrun for latest_only to 2024-10-03T16:33:11.124093+00:00, run_after=2024-10-03T20:33:11.124093+00:00
[2024-10-03T20:33:11.139+0000] {processor.py:175} INFO - Processing /usr/local/lib/python3.9/site-packages/airflow/example_dags/example_latest_only.py took 0.101 seconds
[2024-10-03T20:33:41.902+0000] {processor.py:153} INFO - Started process (PID=1007) to work on /usr/local/lib/python3.9/site-packages/airflow/example_dags/example_latest_only.py
[2024-10-03T20:33:41.903+0000] {processor.py:743} INFO - Processing file /usr/local/lib/python3.9/site-packages/airflow/example_dags/example_latest_only.py for tasks to queue
[2024-10-03T20:33:41.905+0000] {logging_mixin.py:137} INFO - [2024-10-03T20:33:41.905+0000] {dagbag.py:532} INFO - Filling up the DagBag from /usr/local/lib/python3.9/site-packages/airflow/example_dags/example_latest_only.py
[2024-10-03T20:33:41.913+0000] {processor.py:753} INFO - DAG(s) dict_keys(['latest_only']) retrieved from /usr/local/lib/python3.9/site-packages/airflow/example_dags/example_latest_only.py
[2024-10-03T20:33:41.966+0000] {logging_mixin.py:137} INFO - [2024-10-03T20:33:41.966+0000] {dag.py:2705} INFO - Sync 1 DAGs
[2024-10-03T20:33:41.987+0000] {logging_mixin.py:137} INFO - [2024-10-03T20:33:41.987+0000] {dag.py:3452} INFO - Setting next_dagrun for latest_only to 2024-10-03T16:33:41.986952+00:00, run_after=2024-10-03T20:33:41.986952+00:00
[2024-10-03T20:33:42.010+0000] {processor.py:175} INFO - Processing /usr/local/lib/python3.9/site-packages/airflow/example_dags/example_latest_only.py took 0.110 seconds
[2024-10-03T20:34:12.425+0000] {processor.py:153} INFO - Started process (PID=1218) to work on /usr/local/lib/python3.9/site-packages/airflow/example_dags/example_latest_only.py
[2024-10-03T20:34:12.426+0000] {processor.py:743} INFO - Processing file /usr/local/lib/python3.9/site-packages/airflow/example_dags/example_latest_only.py for tasks to queue
[2024-10-03T20:34:12.426+0000] {logging_mixin.py:137} INFO - [2024-10-03T20:34:12.426+0000] {dagbag.py:532} INFO - Filling up the DagBag from /usr/local/lib/python3.9/site-packages/airflow/example_dags/example_latest_only.py
[2024-10-03T20:34:12.437+0000] {processor.py:753} INFO - DAG(s) dict_keys(['latest_only']) retrieved from /usr/local/lib/python3.9/site-packages/airflow/example_dags/example_latest_only.py
[2024-10-03T20:34:12.458+0000] {logging_mixin.py:137} INFO - [2024-10-03T20:34:12.458+0000] {dag.py:2705} INFO - Sync 1 DAGs
[2024-10-03T20:34:12.471+0000] {logging_mixin.py:137} INFO - [2024-10-03T20:34:12.471+0000] {dag.py:3452} INFO - Setting next_dagrun for latest_only to 2024-10-03T16:34:12.471201+00:00, run_after=2024-10-03T20:34:12.471201+00:00
[2024-10-03T20:34:12.485+0000] {processor.py:175} INFO - Processing /usr/local/lib/python3.9/site-packages/airflow/example_dags/example_latest_only.py took 0.062 seconds
[2024-10-03T20:34:47.585+0000] {processor.py:153} INFO - Started process (PID=1429) to work on /usr/local/lib/python3.9/site-packages/airflow/example_dags/example_latest_only.py
[2024-10-03T20:34:47.602+0000] {processor.py:743} INFO - Processing file /usr/local/lib/python3.9/site-packages/airflow/example_dags/example_latest_only.py for tasks to queue
[2024-10-03T20:34:47.605+0000] {logging_mixin.py:137} INFO - [2024-10-03T20:34:47.605+0000] {dagbag.py:532} INFO - Filling up the DagBag from /usr/local/lib/python3.9/site-packages/airflow/example_dags/example_latest_only.py
[2024-10-03T20:34:47.650+0000] {processor.py:753} INFO - DAG(s) dict_keys(['latest_only']) retrieved from /usr/local/lib/python3.9/site-packages/airflow/example_dags/example_latest_only.py
[2024-10-03T20:34:47.735+0000] {logging_mixin.py:137} INFO - [2024-10-03T20:34:47.734+0000] {dag.py:2705} INFO - Sync 1 DAGs
[2024-10-03T20:34:47.789+0000] {logging_mixin.py:137} INFO - [2024-10-03T20:34:47.789+0000] {dag.py:3452} INFO - Setting next_dagrun for latest_only to 2024-10-03T16:34:47.789215+00:00, run_after=2024-10-03T20:34:47.789215+00:00
[2024-10-03T20:34:47.889+0000] {processor.py:175} INFO - Processing /usr/local/lib/python3.9/site-packages/airflow/example_dags/example_latest_only.py took 0.330 seconds
[2024-10-03T20:35:18.656+0000] {processor.py:153} INFO - Started process (PID=1640) to work on /usr/local/lib/python3.9/site-packages/airflow/example_dags/example_latest_only.py
[2024-10-03T20:35:18.658+0000] {processor.py:743} INFO - Processing file /usr/local/lib/python3.9/site-packages/airflow/example_dags/example_latest_only.py for tasks to queue
[2024-10-03T20:35:18.658+0000] {logging_mixin.py:137} INFO - [2024-10-03T20:35:18.658+0000] {dagbag.py:532} INFO - Filling up the DagBag from /usr/local/lib/python3.9/site-packages/airflow/example_dags/example_latest_only.py
[2024-10-03T20:35:18.665+0000] {processor.py:753} INFO - DAG(s) dict_keys(['latest_only']) retrieved from /usr/local/lib/python3.9/site-packages/airflow/example_dags/example_latest_only.py
[2024-10-03T20:35:18.677+0000] {logging_mixin.py:137} INFO - [2024-10-03T20:35:18.677+0000] {dag.py:2705} INFO - Sync 1 DAGs
[2024-10-03T20:35:18.700+0000] {logging_mixin.py:137} INFO - [2024-10-03T20:35:18.700+0000] {dag.py:3452} INFO - Setting next_dagrun for latest_only to 2024-10-03T16:35:18.700438+00:00, run_after=2024-10-03T20:35:18.700438+00:00
[2024-10-03T20:35:18.720+0000] {processor.py:175} INFO - Processing /usr/local/lib/python3.9/site-packages/airflow/example_dags/example_latest_only.py took 0.066 seconds
[2024-10-03T20:35:49.838+0000] {processor.py:153} INFO - Started process (PID=1851) to work on /usr/local/lib/python3.9/site-packages/airflow/example_dags/example_latest_only.py
[2024-10-03T20:35:49.838+0000] {processor.py:743} INFO - Processing file /usr/local/lib/python3.9/site-packages/airflow/example_dags/example_latest_only.py for tasks to queue
[2024-10-03T20:35:49.839+0000] {logging_mixin.py:137} INFO - [2024-10-03T20:35:49.839+0000] {dagbag.py:532} INFO - Filling up the DagBag from /usr/local/lib/python3.9/site-packages/airflow/example_dags/example_latest_only.py
[2024-10-03T20:35:49.845+0000] {processor.py:753} INFO - DAG(s) dict_keys(['latest_only']) retrieved from /usr/local/lib/python3.9/site-packages/airflow/example_dags/example_latest_only.py
[2024-10-03T20:35:49.855+0000] {logging_mixin.py:137} INFO - [2024-10-03T20:35:49.855+0000] {dag.py:2705} INFO - Sync 1 DAGs
[2024-10-03T20:35:49.864+0000] {logging_mixin.py:137} INFO - [2024-10-03T20:35:49.864+0000] {dag.py:3452} INFO - Setting next_dagrun for latest_only to 2024-10-03T16:35:49.864576+00:00, run_after=2024-10-03T20:35:49.864576+00:00
[2024-10-03T20:35:49.965+0000] {processor.py:175} INFO - Processing /usr/local/lib/python3.9/site-packages/airflow/example_dags/example_latest_only.py took 0.129 seconds
[2024-10-03T20:36:21.238+0000] {processor.py:153} INFO - Started process (PID=2062) to work on /usr/local/lib/python3.9/site-packages/airflow/example_dags/example_latest_only.py
[2024-10-03T20:36:21.242+0000] {processor.py:743} INFO - Processing file /usr/local/lib/python3.9/site-packages/airflow/example_dags/example_latest_only.py for tasks to queue
[2024-10-03T20:36:21.242+0000] {logging_mixin.py:137} INFO - [2024-10-03T20:36:21.242+0000] {dagbag.py:532} INFO - Filling up the DagBag from /usr/local/lib/python3.9/site-packages/airflow/example_dags/example_latest_only.py
[2024-10-03T20:36:21.248+0000] {processor.py:753} INFO - DAG(s) dict_keys(['latest_only']) retrieved from /usr/local/lib/python3.9/site-packages/airflow/example_dags/example_latest_only.py
[2024-10-03T20:36:21.265+0000] {logging_mixin.py:137} INFO - [2024-10-03T20:36:21.265+0000] {dag.py:2705} INFO - Sync 1 DAGs
[2024-10-03T20:36:21.340+0000] {logging_mixin.py:137} INFO - [2024-10-03T20:36:21.340+0000] {dag.py:3452} INFO - Setting next_dagrun for latest_only to 2024-10-03T16:36:21.339846+00:00, run_after=2024-10-03T20:36:21.339846+00:00
[2024-10-03T20:36:21.357+0000] {processor.py:175} INFO - Processing /usr/local/lib/python3.9/site-packages/airflow/example_dags/example_latest_only.py took 0.121 seconds
[2024-10-03T20:36:51.513+0000] {processor.py:153} INFO - Started process (PID=2273) to work on /usr/local/lib/python3.9/site-packages/airflow/example_dags/example_latest_only.py
[2024-10-03T20:36:51.514+0000] {processor.py:743} INFO - Processing file /usr/local/lib/python3.9/site-packages/airflow/example_dags/example_latest_only.py for tasks to queue
[2024-10-03T20:36:51.514+0000] {logging_mixin.py:137} INFO - [2024-10-03T20:36:51.514+0000] {dagbag.py:532} INFO - Filling up the DagBag from /usr/local/lib/python3.9/site-packages/airflow/example_dags/example_latest_only.py
[2024-10-03T20:36:51.519+0000] {processor.py:753} INFO - DAG(s) dict_keys(['latest_only']) retrieved from /usr/local/lib/python3.9/site-packages/airflow/example_dags/example_latest_only.py
[2024-10-03T20:36:51.579+0000] {logging_mixin.py:137} INFO - [2024-10-03T20:36:51.579+0000] {dag.py:2705} INFO - Sync 1 DAGs
[2024-10-03T20:36:51.587+0000] {logging_mixin.py:137} INFO - [2024-10-03T20:36:51.587+0000] {dag.py:3452} INFO - Setting next_dagrun for latest_only to 2024-10-03T16:36:51.586971+00:00, run_after=2024-10-03T20:36:51.586971+00:00
[2024-10-03T20:36:51.593+0000] {processor.py:175} INFO - Processing /usr/local/lib/python3.9/site-packages/airflow/example_dags/example_latest_only.py took 0.082 seconds
[2024-10-03T20:37:22.618+0000] {processor.py:153} INFO - Started process (PID=2484) to work on /usr/local/lib/python3.9/site-packages/airflow/example_dags/example_latest_only.py
[2024-10-03T20:37:22.619+0000] {processor.py:743} INFO - Processing file /usr/local/lib/python3.9/site-packages/airflow/example_dags/example_latest_only.py for tasks to queue
[2024-10-03T20:37:22.619+0000] {logging_mixin.py:137} INFO - [2024-10-03T20:37:22.619+0000] {dagbag.py:532} INFO - Filling up the DagBag from /usr/local/lib/python3.9/site-packages/airflow/example_dags/example_latest_only.py
[2024-10-03T20:37:22.625+0000] {processor.py:753} INFO - DAG(s) dict_keys(['latest_only']) retrieved from /usr/local/lib/python3.9/site-packages/airflow/example_dags/example_latest_only.py
[2024-10-03T20:37:22.636+0000] {logging_mixin.py:137} INFO - [2024-10-03T20:37:22.636+0000] {dag.py:2705} INFO - Sync 1 DAGs
[2024-10-03T20:37:22.645+0000] {logging_mixin.py:137} INFO - [2024-10-03T20:37:22.645+0000] {dag.py:3452} INFO - Setting next_dagrun for latest_only to 2024-10-03T16:37:22.645395+00:00, run_after=2024-10-03T20:37:22.645395+00:00
[2024-10-03T20:37:22.653+0000] {processor.py:175} INFO - Processing /usr/local/lib/python3.9/site-packages/airflow/example_dags/example_latest_only.py took 0.038 seconds
[2024-10-03T20:37:53.813+0000] {processor.py:153} INFO - Started process (PID=2697) to work on /usr/local/lib/python3.9/site-packages/airflow/example_dags/example_latest_only.py
[2024-10-03T20:37:53.814+0000] {processor.py:743} INFO - Processing file /usr/local/lib/python3.9/site-packages/airflow/example_dags/example_latest_only.py for tasks to queue
[2024-10-03T20:37:53.814+0000] {logging_mixin.py:137} INFO - [2024-10-03T20:37:53.814+0000] {dagbag.py:532} INFO - Filling up the DagBag from /usr/local/lib/python3.9/site-packages/airflow/example_dags/example_latest_only.py
[2024-10-03T20:37:53.820+0000] {processor.py:753} INFO - DAG(s) dict_keys(['latest_only']) retrieved from /usr/local/lib/python3.9/site-packages/airflow/example_dags/example_latest_only.py
[2024-10-03T20:37:53.829+0000] {logging_mixin.py:137} INFO - [2024-10-03T20:37:53.829+0000] {dag.py:2705} INFO - Sync 1 DAGs
[2024-10-03T20:37:53.838+0000] {logging_mixin.py:137} INFO - [2024-10-03T20:37:53.838+0000] {dag.py:3452} INFO - Setting next_dagrun for latest_only to 2024-10-03T16:37:53.838393+00:00, run_after=2024-10-03T20:37:53.838393+00:00
[2024-10-03T20:37:53.845+0000] {processor.py:175} INFO - Processing /usr/local/lib/python3.9/site-packages/airflow/example_dags/example_latest_only.py took 0.033 seconds
[2024-10-03T20:38:24.642+0000] {processor.py:153} INFO - Started process (PID=2906) to work on /usr/local/lib/python3.9/site-packages/airflow/example_dags/example_latest_only.py
[2024-10-03T20:38:24.643+0000] {processor.py:743} INFO - Processing file /usr/local/lib/python3.9/site-packages/airflow/example_dags/example_latest_only.py for tasks to queue
[2024-10-03T20:38:24.643+0000] {logging_mixin.py:137} INFO - [2024-10-03T20:38:24.643+0000] {dagbag.py:532} INFO - Filling up the DagBag from /usr/local/lib/python3.9/site-packages/airflow/example_dags/example_latest_only.py
[2024-10-03T20:38:24.651+0000] {processor.py:753} INFO - DAG(s) dict_keys(['latest_only']) retrieved from /usr/local/lib/python3.9/site-packages/airflow/example_dags/example_latest_only.py
[2024-10-03T20:38:24.661+0000] {logging_mixin.py:137} INFO - [2024-10-03T20:38:24.661+0000] {dag.py:2705} INFO - Sync 1 DAGs
[2024-10-03T20:38:24.669+0000] {logging_mixin.py:137} INFO - [2024-10-03T20:38:24.669+0000] {dag.py:3452} INFO - Setting next_dagrun for latest_only to 2024-10-03T16:38:24.669720+00:00, run_after=2024-10-03T20:38:24.669720+00:00
[2024-10-03T20:38:24.677+0000] {processor.py:175} INFO - Processing /usr/local/lib/python3.9/site-packages/airflow/example_dags/example_latest_only.py took 0.036 seconds
[2024-10-03T20:38:55.401+0000] {processor.py:153} INFO - Started process (PID=3117) to work on /usr/local/lib/python3.9/site-packages/airflow/example_dags/example_latest_only.py
[2024-10-03T20:38:55.402+0000] {processor.py:743} INFO - Processing file /usr/local/lib/python3.9/site-packages/airflow/example_dags/example_latest_only.py for tasks to queue
[2024-10-03T20:38:55.402+0000] {logging_mixin.py:137} INFO - [2024-10-03T20:38:55.402+0000] {dagbag.py:532} INFO - Filling up the DagBag from /usr/local/lib/python3.9/site-packages/airflow/example_dags/example_latest_only.py
[2024-10-03T20:38:55.408+0000] {processor.py:753} INFO - DAG(s) dict_keys(['latest_only']) retrieved from /usr/local/lib/python3.9/site-packages/airflow/example_dags/example_latest_only.py
[2024-10-03T20:38:55.416+0000] {logging_mixin.py:137} INFO - [2024-10-03T20:38:55.416+0000] {dag.py:2705} INFO - Sync 1 DAGs
[2024-10-03T20:38:55.425+0000] {logging_mixin.py:137} INFO - [2024-10-03T20:38:55.425+0000] {dag.py:3452} INFO - Setting next_dagrun for latest_only to 2024-10-03T16:38:55.425205+00:00, run_after=2024-10-03T20:38:55.425205+00:00
[2024-10-03T20:38:55.431+0000] {processor.py:175} INFO - Processing /usr/local/lib/python3.9/site-packages/airflow/example_dags/example_latest_only.py took 0.032 seconds
[2024-10-03T20:39:26.248+0000] {processor.py:153} INFO - Started process (PID=3328) to work on /usr/local/lib/python3.9/site-packages/airflow/example_dags/example_latest_only.py
[2024-10-03T20:39:26.250+0000] {processor.py:743} INFO - Processing file /usr/local/lib/python3.9/site-packages/airflow/example_dags/example_latest_only.py for tasks to queue
[2024-10-03T20:39:26.250+0000] {logging_mixin.py:137} INFO - [2024-10-03T20:39:26.250+0000] {dagbag.py:532} INFO - Filling up the DagBag from /usr/local/lib/python3.9/site-packages/airflow/example_dags/example_latest_only.py
[2024-10-03T20:39:26.256+0000] {processor.py:753} INFO - DAG(s) dict_keys(['latest_only']) retrieved from /usr/local/lib/python3.9/site-packages/airflow/example_dags/example_latest_only.py
[2024-10-03T20:39:26.264+0000] {logging_mixin.py:137} INFO - [2024-10-03T20:39:26.264+0000] {dag.py:2705} INFO - Sync 1 DAGs
[2024-10-03T20:39:26.273+0000] {logging_mixin.py:137} INFO - [2024-10-03T20:39:26.273+0000] {dag.py:3452} INFO - Setting next_dagrun for latest_only to 2024-10-03T16:39:26.273122+00:00, run_after=2024-10-03T20:39:26.273122+00:00
[2024-10-03T20:39:26.280+0000] {processor.py:175} INFO - Processing /usr/local/lib/python3.9/site-packages/airflow/example_dags/example_latest_only.py took 0.033 seconds
[2024-10-03T20:39:57.041+0000] {processor.py:153} INFO - Started process (PID=3541) to work on /usr/local/lib/python3.9/site-packages/airflow/example_dags/example_latest_only.py
[2024-10-03T20:39:57.042+0000] {processor.py:743} INFO - Processing file /usr/local/lib/python3.9/site-packages/airflow/example_dags/example_latest_only.py for tasks to queue
[2024-10-03T20:39:57.042+0000] {logging_mixin.py:137} INFO - [2024-10-03T20:39:57.042+0000] {dagbag.py:532} INFO - Filling up the DagBag from /usr/local/lib/python3.9/site-packages/airflow/example_dags/example_latest_only.py
[2024-10-03T20:39:57.047+0000] {processor.py:753} INFO - DAG(s) dict_keys(['latest_only']) retrieved from /usr/local/lib/python3.9/site-packages/airflow/example_dags/example_latest_only.py
[2024-10-03T20:39:57.056+0000] {logging_mixin.py:137} INFO - [2024-10-03T20:39:57.056+0000] {dag.py:2705} INFO - Sync 1 DAGs
[2024-10-03T20:39:57.064+0000] {logging_mixin.py:137} INFO - [2024-10-03T20:39:57.064+0000] {dag.py:3452} INFO - Setting next_dagrun for latest_only to 2024-10-03T16:39:57.064460+00:00, run_after=2024-10-03T20:39:57.064460+00:00
[2024-10-03T20:39:57.071+0000] {processor.py:175} INFO - Processing /usr/local/lib/python3.9/site-packages/airflow/example_dags/example_latest_only.py took 0.031 seconds
[2024-10-03T20:40:27.892+0000] {processor.py:153} INFO - Started process (PID=3750) to work on /usr/local/lib/python3.9/site-packages/airflow/example_dags/example_latest_only.py
[2024-10-03T20:40:27.892+0000] {processor.py:743} INFO - Processing file /usr/local/lib/python3.9/site-packages/airflow/example_dags/example_latest_only.py for tasks to queue
[2024-10-03T20:40:27.892+0000] {logging_mixin.py:137} INFO - [2024-10-03T20:40:27.892+0000] {dagbag.py:532} INFO - Filling up the DagBag from /usr/local/lib/python3.9/site-packages/airflow/example_dags/example_latest_only.py
[2024-10-03T20:40:27.898+0000] {processor.py:753} INFO - DAG(s) dict_keys(['latest_only']) retrieved from /usr/local/lib/python3.9/site-packages/airflow/example_dags/example_latest_only.py
[2024-10-03T20:40:27.907+0000] {logging_mixin.py:137} INFO - [2024-10-03T20:40:27.907+0000] {dag.py:2705} INFO - Sync 1 DAGs
[2024-10-03T20:40:27.915+0000] {logging_mixin.py:137} INFO - [2024-10-03T20:40:27.915+0000] {dag.py:3452} INFO - Setting next_dagrun for latest_only to 2024-10-03T16:40:27.915303+00:00, run_after=2024-10-03T20:40:27.915303+00:00
[2024-10-03T20:40:27.921+0000] {processor.py:175} INFO - Processing /usr/local/lib/python3.9/site-packages/airflow/example_dags/example_latest_only.py took 0.031 seconds
[2024-10-03T20:40:58.766+0000] {processor.py:153} INFO - Started process (PID=3963) to work on /usr/local/lib/python3.9/site-packages/airflow/example_dags/example_latest_only.py
[2024-10-03T20:40:58.766+0000] {processor.py:743} INFO - Processing file /usr/local/lib/python3.9/site-packages/airflow/example_dags/example_latest_only.py for tasks to queue
[2024-10-03T20:40:58.766+0000] {logging_mixin.py:137} INFO - [2024-10-03T20:40:58.766+0000] {dagbag.py:532} INFO - Filling up the DagBag from /usr/local/lib/python3.9/site-packages/airflow/example_dags/example_latest_only.py
[2024-10-03T20:40:58.772+0000] {processor.py:753} INFO - DAG(s) dict_keys(['latest_only']) retrieved from /usr/local/lib/python3.9/site-packages/airflow/example_dags/example_latest_only.py
[2024-10-03T20:40:58.780+0000] {logging_mixin.py:137} INFO - [2024-10-03T20:40:58.780+0000] {dag.py:2705} INFO - Sync 1 DAGs
[2024-10-03T20:40:58.788+0000] {logging_mixin.py:137} INFO - [2024-10-03T20:40:58.788+0000] {dag.py:3452} INFO - Setting next_dagrun for latest_only to 2024-10-03T16:40:58.788482+00:00, run_after=2024-10-03T20:40:58.788482+00:00
[2024-10-03T20:40:58.795+0000] {processor.py:175} INFO - Processing /usr/local/lib/python3.9/site-packages/airflow/example_dags/example_latest_only.py took 0.031 seconds
[2024-10-03T20:41:29.436+0000] {processor.py:153} INFO - Started process (PID=4172) to work on /usr/local/lib/python3.9/site-packages/airflow/example_dags/example_latest_only.py
[2024-10-03T20:41:29.438+0000] {processor.py:743} INFO - Processing file /usr/local/lib/python3.9/site-packages/airflow/example_dags/example_latest_only.py for tasks to queue
[2024-10-03T20:41:29.439+0000] {logging_mixin.py:137} INFO - [2024-10-03T20:41:29.439+0000] {dagbag.py:532} INFO - Filling up the DagBag from /usr/local/lib/python3.9/site-packages/airflow/example_dags/example_latest_only.py
[2024-10-03T20:41:29.445+0000] {processor.py:753} INFO - DAG(s) dict_keys(['latest_only']) retrieved from /usr/local/lib/python3.9/site-packages/airflow/example_dags/example_latest_only.py
[2024-10-03T20:41:29.452+0000] {logging_mixin.py:137} INFO - [2024-10-03T20:41:29.452+0000] {dag.py:2705} INFO - Sync 1 DAGs
[2024-10-03T20:41:29.461+0000] {logging_mixin.py:137} INFO - [2024-10-03T20:41:29.461+0000] {dag.py:3452} INFO - Setting next_dagrun for latest_only to 2024-10-03T16:41:29.461050+00:00, run_after=2024-10-03T20:41:29.461050+00:00
[2024-10-03T20:41:29.467+0000] {processor.py:175} INFO - Processing /usr/local/lib/python3.9/site-packages/airflow/example_dags/example_latest_only.py took 0.032 seconds
[2024-10-03T20:42:00.071+0000] {processor.py:153} INFO - Started process (PID=4385) to work on /usr/local/lib/python3.9/site-packages/airflow/example_dags/example_latest_only.py
[2024-10-03T20:42:00.072+0000] {processor.py:743} INFO - Processing file /usr/local/lib/python3.9/site-packages/airflow/example_dags/example_latest_only.py for tasks to queue
[2024-10-03T20:42:00.072+0000] {logging_mixin.py:137} INFO - [2024-10-03T20:42:00.072+0000] {dagbag.py:532} INFO - Filling up the DagBag from /usr/local/lib/python3.9/site-packages/airflow/example_dags/example_latest_only.py
[2024-10-03T20:42:00.078+0000] {processor.py:753} INFO - DAG(s) dict_keys(['latest_only']) retrieved from /usr/local/lib/python3.9/site-packages/airflow/example_dags/example_latest_only.py
[2024-10-03T20:42:00.087+0000] {logging_mixin.py:137} INFO - [2024-10-03T20:42:00.086+0000] {dag.py:2705} INFO - Sync 1 DAGs
[2024-10-03T20:42:00.095+0000] {logging_mixin.py:137} INFO - [2024-10-03T20:42:00.095+0000] {dag.py:3452} INFO - Setting next_dagrun for latest_only to 2024-10-03T16:42:00.095190+00:00, run_after=2024-10-03T20:42:00.095190+00:00
[2024-10-03T20:42:00.101+0000] {processor.py:175} INFO - Processing /usr/local/lib/python3.9/site-packages/airflow/example_dags/example_latest_only.py took 0.032 seconds
[2024-10-03T20:42:30.740+0000] {processor.py:153} INFO - Started process (PID=4596) to work on /usr/local/lib/python3.9/site-packages/airflow/example_dags/example_latest_only.py
[2024-10-03T20:42:30.740+0000] {processor.py:743} INFO - Processing file /usr/local/lib/python3.9/site-packages/airflow/example_dags/example_latest_only.py for tasks to queue
[2024-10-03T20:42:30.741+0000] {logging_mixin.py:137} INFO - [2024-10-03T20:42:30.741+0000] {dagbag.py:532} INFO - Filling up the DagBag from /usr/local/lib/python3.9/site-packages/airflow/example_dags/example_latest_only.py
[2024-10-03T20:42:30.746+0000] {processor.py:753} INFO - DAG(s) dict_keys(['latest_only']) retrieved from /usr/local/lib/python3.9/site-packages/airflow/example_dags/example_latest_only.py
[2024-10-03T20:42:30.755+0000] {logging_mixin.py:137} INFO - [2024-10-03T20:42:30.754+0000] {dag.py:2705} INFO - Sync 1 DAGs
[2024-10-03T20:42:30.763+0000] {logging_mixin.py:137} INFO - [2024-10-03T20:42:30.762+0000] {dag.py:3452} INFO - Setting next_dagrun for latest_only to 2024-10-03T16:42:30.762888+00:00, run_after=2024-10-03T20:42:30.762888+00:00
[2024-10-03T20:42:30.769+0000] {processor.py:175} INFO - Processing /usr/local/lib/python3.9/site-packages/airflow/example_dags/example_latest_only.py took 0.032 seconds
[2024-10-03T20:43:01.335+0000] {processor.py:153} INFO - Started process (PID=4805) to work on /usr/local/lib/python3.9/site-packages/airflow/example_dags/example_latest_only.py
[2024-10-03T20:43:01.336+0000] {processor.py:743} INFO - Processing file /usr/local/lib/python3.9/site-packages/airflow/example_dags/example_latest_only.py for tasks to queue
[2024-10-03T20:43:01.336+0000] {logging_mixin.py:137} INFO - [2024-10-03T20:43:01.336+0000] {dagbag.py:532} INFO - Filling up the DagBag from /usr/local/lib/python3.9/site-packages/airflow/example_dags/example_latest_only.py
[2024-10-03T20:43:01.342+0000] {processor.py:753} INFO - DAG(s) dict_keys(['latest_only']) retrieved from /usr/local/lib/python3.9/site-packages/airflow/example_dags/example_latest_only.py
[2024-10-03T20:43:01.350+0000] {logging_mixin.py:137} INFO - [2024-10-03T20:43:01.350+0000] {dag.py:2705} INFO - Sync 1 DAGs
[2024-10-03T20:43:01.358+0000] {logging_mixin.py:137} INFO - [2024-10-03T20:43:01.358+0000] {dag.py:3452} INFO - Setting next_dagrun for latest_only to 2024-10-03T16:43:01.358485+00:00, run_after=2024-10-03T20:43:01.358485+00:00
[2024-10-03T20:43:01.365+0000] {processor.py:175} INFO - Processing /usr/local/lib/python3.9/site-packages/airflow/example_dags/example_latest_only.py took 0.031 seconds
[2024-10-03T20:43:31.994+0000] {processor.py:153} INFO - Started process (PID=5018) to work on /usr/local/lib/python3.9/site-packages/airflow/example_dags/example_latest_only.py
[2024-10-03T20:43:31.995+0000] {processor.py:743} INFO - Processing file /usr/local/lib/python3.9/site-packages/airflow/example_dags/example_latest_only.py for tasks to queue
[2024-10-03T20:43:31.995+0000] {logging_mixin.py:137} INFO - [2024-10-03T20:43:31.995+0000] {dagbag.py:532} INFO - Filling up the DagBag from /usr/local/lib/python3.9/site-packages/airflow/example_dags/example_latest_only.py
[2024-10-03T20:43:32.000+0000] {processor.py:753} INFO - DAG(s) dict_keys(['latest_only']) retrieved from /usr/local/lib/python3.9/site-packages/airflow/example_dags/example_latest_only.py
[2024-10-03T20:43:32.009+0000] {logging_mixin.py:137} INFO - [2024-10-03T20:43:32.009+0000] {dag.py:2705} INFO - Sync 1 DAGs
[2024-10-03T20:43:32.018+0000] {logging_mixin.py:137} INFO - [2024-10-03T20:43:32.018+0000] {dag.py:3452} INFO - Setting next_dagrun for latest_only to 2024-10-03T16:43:32.017919+00:00, run_after=2024-10-03T20:43:32.017919+00:00
[2024-10-03T20:43:32.024+0000] {processor.py:175} INFO - Processing /usr/local/lib/python3.9/site-packages/airflow/example_dags/example_latest_only.py took 0.031 seconds
[2024-10-03T20:44:02.578+0000] {processor.py:153} INFO - Started process (PID=5229) to work on /usr/local/lib/python3.9/site-packages/airflow/example_dags/example_latest_only.py
[2024-10-03T20:44:02.578+0000] {processor.py:743} INFO - Processing file /usr/local/lib/python3.9/site-packages/airflow/example_dags/example_latest_only.py for tasks to queue
[2024-10-03T20:44:02.579+0000] {logging_mixin.py:137} INFO - [2024-10-03T20:44:02.579+0000] {dagbag.py:532} INFO - Filling up the DagBag from /usr/local/lib/python3.9/site-packages/airflow/example_dags/example_latest_only.py
[2024-10-03T20:44:02.584+0000] {processor.py:753} INFO - DAG(s) dict_keys(['latest_only']) retrieved from /usr/local/lib/python3.9/site-packages/airflow/example_dags/example_latest_only.py
[2024-10-03T20:44:02.593+0000] {logging_mixin.py:137} INFO - [2024-10-03T20:44:02.593+0000] {dag.py:2705} INFO - Sync 1 DAGs
[2024-10-03T20:44:02.601+0000] {logging_mixin.py:137} INFO - [2024-10-03T20:44:02.601+0000] {dag.py:3452} INFO - Setting next_dagrun for latest_only to 2024-10-03T16:44:02.601101+00:00, run_after=2024-10-03T20:44:02.601101+00:00
[2024-10-03T20:44:02.607+0000] {processor.py:175} INFO - Processing /usr/local/lib/python3.9/site-packages/airflow/example_dags/example_latest_only.py took 0.031 seconds
[2024-10-03T20:44:33.390+0000] {processor.py:153} INFO - Started process (PID=5440) to work on /usr/local/lib/python3.9/site-packages/airflow/example_dags/example_latest_only.py
[2024-10-03T20:44:33.391+0000] {processor.py:743} INFO - Processing file /usr/local/lib/python3.9/site-packages/airflow/example_dags/example_latest_only.py for tasks to queue
[2024-10-03T20:44:33.391+0000] {logging_mixin.py:137} INFO - [2024-10-03T20:44:33.391+0000] {dagbag.py:532} INFO - Filling up the DagBag from /usr/local/lib/python3.9/site-packages/airflow/example_dags/example_latest_only.py
[2024-10-03T20:44:33.396+0000] {processor.py:753} INFO - DAG(s) dict_keys(['latest_only']) retrieved from /usr/local/lib/python3.9/site-packages/airflow/example_dags/example_latest_only.py
[2024-10-03T20:44:33.405+0000] {logging_mixin.py:137} INFO - [2024-10-03T20:44:33.405+0000] {dag.py:2705} INFO - Sync 1 DAGs
[2024-10-03T20:44:33.415+0000] {logging_mixin.py:137} INFO - [2024-10-03T20:44:33.415+0000] {dag.py:3452} INFO - Setting next_dagrun for latest_only to 2024-10-03T16:44:33.415192+00:00, run_after=2024-10-03T20:44:33.415192+00:00
[2024-10-03T20:44:33.424+0000] {processor.py:175} INFO - Processing /usr/local/lib/python3.9/site-packages/airflow/example_dags/example_latest_only.py took 0.035 seconds
[2024-10-03T20:45:04.036+0000] {processor.py:153} INFO - Started process (PID=5651) to work on /usr/local/lib/python3.9/site-packages/airflow/example_dags/example_latest_only.py
[2024-10-03T20:45:04.037+0000] {processor.py:743} INFO - Processing file /usr/local/lib/python3.9/site-packages/airflow/example_dags/example_latest_only.py for tasks to queue
[2024-10-03T20:45:04.037+0000] {logging_mixin.py:137} INFO - [2024-10-03T20:45:04.037+0000] {dagbag.py:532} INFO - Filling up the DagBag from /usr/local/lib/python3.9/site-packages/airflow/example_dags/example_latest_only.py
[2024-10-03T20:45:04.042+0000] {processor.py:753} INFO - DAG(s) dict_keys(['latest_only']) retrieved from /usr/local/lib/python3.9/site-packages/airflow/example_dags/example_latest_only.py
[2024-10-03T20:45:04.051+0000] {logging_mixin.py:137} INFO - [2024-10-03T20:45:04.051+0000] {dag.py:2705} INFO - Sync 1 DAGs
[2024-10-03T20:45:04.060+0000] {logging_mixin.py:137} INFO - [2024-10-03T20:45:04.060+0000] {dag.py:3452} INFO - Setting next_dagrun for latest_only to 2024-10-03T16:45:04.059928+00:00, run_after=2024-10-03T20:45:04.059928+00:00
[2024-10-03T20:45:04.066+0000] {processor.py:175} INFO - Processing /usr/local/lib/python3.9/site-packages/airflow/example_dags/example_latest_only.py took 0.031 seconds
[2024-10-03T20:45:34.545+0000] {processor.py:153} INFO - Started process (PID=5862) to work on /usr/local/lib/python3.9/site-packages/airflow/example_dags/example_latest_only.py
[2024-10-03T20:45:34.546+0000] {processor.py:743} INFO - Processing file /usr/local/lib/python3.9/site-packages/airflow/example_dags/example_latest_only.py for tasks to queue
[2024-10-03T20:45:34.546+0000] {logging_mixin.py:137} INFO - [2024-10-03T20:45:34.546+0000] {dagbag.py:532} INFO - Filling up the DagBag from /usr/local/lib/python3.9/site-packages/airflow/example_dags/example_latest_only.py
[2024-10-03T20:45:34.551+0000] {processor.py:753} INFO - DAG(s) dict_keys(['latest_only']) retrieved from /usr/local/lib/python3.9/site-packages/airflow/example_dags/example_latest_only.py
[2024-10-03T20:45:34.560+0000] {logging_mixin.py:137} INFO - [2024-10-03T20:45:34.560+0000] {dag.py:2705} INFO - Sync 1 DAGs
[2024-10-03T20:45:34.569+0000] {logging_mixin.py:137} INFO - [2024-10-03T20:45:34.569+0000] {dag.py:3452} INFO - Setting next_dagrun for latest_only to 2024-10-03T16:45:34.568929+00:00, run_after=2024-10-03T20:45:34.568929+00:00
[2024-10-03T20:45:34.575+0000] {processor.py:175} INFO - Processing /usr/local/lib/python3.9/site-packages/airflow/example_dags/example_latest_only.py took 0.032 seconds
[2024-10-03T20:46:05.455+0000] {processor.py:153} INFO - Started process (PID=6073) to work on /usr/local/lib/python3.9/site-packages/airflow/example_dags/example_latest_only.py
[2024-10-03T20:46:05.455+0000] {processor.py:743} INFO - Processing file /usr/local/lib/python3.9/site-packages/airflow/example_dags/example_latest_only.py for tasks to queue
[2024-10-03T20:46:05.455+0000] {logging_mixin.py:137} INFO - [2024-10-03T20:46:05.455+0000] {dagbag.py:532} INFO - Filling up the DagBag from /usr/local/lib/python3.9/site-packages/airflow/example_dags/example_latest_only.py
[2024-10-03T20:46:05.461+0000] {processor.py:753} INFO - DAG(s) dict_keys(['latest_only']) retrieved from /usr/local/lib/python3.9/site-packages/airflow/example_dags/example_latest_only.py
[2024-10-03T20:46:05.470+0000] {logging_mixin.py:137} INFO - [2024-10-03T20:46:05.470+0000] {dag.py:2705} INFO - Sync 1 DAGs
[2024-10-03T20:46:05.482+0000] {logging_mixin.py:137} INFO - [2024-10-03T20:46:05.482+0000] {dag.py:3452} INFO - Setting next_dagrun for latest_only to 2024-10-03T16:46:05.482191+00:00, run_after=2024-10-03T20:46:05.482191+00:00
[2024-10-03T20:46:05.490+0000] {processor.py:175} INFO - Processing /usr/local/lib/python3.9/site-packages/airflow/example_dags/example_latest_only.py took 0.037 seconds
[2024-10-03T20:46:36.105+0000] {processor.py:153} INFO - Started process (PID=6282) to work on /usr/local/lib/python3.9/site-packages/airflow/example_dags/example_latest_only.py
[2024-10-03T20:46:36.105+0000] {processor.py:743} INFO - Processing file /usr/local/lib/python3.9/site-packages/airflow/example_dags/example_latest_only.py for tasks to queue
[2024-10-03T20:46:36.106+0000] {logging_mixin.py:137} INFO - [2024-10-03T20:46:36.106+0000] {dagbag.py:532} INFO - Filling up the DagBag from /usr/local/lib/python3.9/site-packages/airflow/example_dags/example_latest_only.py
[2024-10-03T20:46:36.111+0000] {processor.py:753} INFO - DAG(s) dict_keys(['latest_only']) retrieved from /usr/local/lib/python3.9/site-packages/airflow/example_dags/example_latest_only.py
[2024-10-03T20:46:36.123+0000] {logging_mixin.py:137} INFO - [2024-10-03T20:46:36.123+0000] {dag.py:2705} INFO - Sync 1 DAGs
[2024-10-03T20:46:36.133+0000] {logging_mixin.py:137} INFO - [2024-10-03T20:46:36.132+0000] {dag.py:3452} INFO - Setting next_dagrun for latest_only to 2024-10-03T16:46:36.132871+00:00, run_after=2024-10-03T20:46:36.132871+00:00
[2024-10-03T20:46:36.139+0000] {processor.py:175} INFO - Processing /usr/local/lib/python3.9/site-packages/airflow/example_dags/example_latest_only.py took 0.035 seconds
[2024-10-03T20:47:06.680+0000] {processor.py:153} INFO - Started process (PID=6495) to work on /usr/local/lib/python3.9/site-packages/airflow/example_dags/example_latest_only.py
[2024-10-03T20:47:06.680+0000] {processor.py:743} INFO - Processing file /usr/local/lib/python3.9/site-packages/airflow/example_dags/example_latest_only.py for tasks to queue
[2024-10-03T20:47:06.681+0000] {logging_mixin.py:137} INFO - [2024-10-03T20:47:06.681+0000] {dagbag.py:532} INFO - Filling up the DagBag from /usr/local/lib/python3.9/site-packages/airflow/example_dags/example_latest_only.py
[2024-10-03T20:47:06.686+0000] {processor.py:753} INFO - DAG(s) dict_keys(['latest_only']) retrieved from /usr/local/lib/python3.9/site-packages/airflow/example_dags/example_latest_only.py
[2024-10-03T20:47:06.694+0000] {logging_mixin.py:137} INFO - [2024-10-03T20:47:06.694+0000] {dag.py:2705} INFO - Sync 1 DAGs
[2024-10-03T20:47:06.702+0000] {logging_mixin.py:137} INFO - [2024-10-03T20:47:06.702+0000] {dag.py:3452} INFO - Setting next_dagrun for latest_only to 2024-10-03T16:47:06.702220+00:00, run_after=2024-10-03T20:47:06.702220+00:00
[2024-10-03T20:47:06.708+0000] {processor.py:175} INFO - Processing /usr/local/lib/python3.9/site-packages/airflow/example_dags/example_latest_only.py took 0.029 seconds
[2024-10-03T20:47:37.294+0000] {processor.py:153} INFO - Started process (PID=6706) to work on /usr/local/lib/python3.9/site-packages/airflow/example_dags/example_latest_only.py
[2024-10-03T20:47:37.294+0000] {processor.py:743} INFO - Processing file /usr/local/lib/python3.9/site-packages/airflow/example_dags/example_latest_only.py for tasks to queue
[2024-10-03T20:47:37.294+0000] {logging_mixin.py:137} INFO - [2024-10-03T20:47:37.294+0000] {dagbag.py:532} INFO - Filling up the DagBag from /usr/local/lib/python3.9/site-packages/airflow/example_dags/example_latest_only.py
[2024-10-03T20:47:37.300+0000] {processor.py:753} INFO - DAG(s) dict_keys(['latest_only']) retrieved from /usr/local/lib/python3.9/site-packages/airflow/example_dags/example_latest_only.py
[2024-10-03T20:47:37.308+0000] {logging_mixin.py:137} INFO - [2024-10-03T20:47:37.308+0000] {dag.py:2705} INFO - Sync 1 DAGs
[2024-10-03T20:47:37.316+0000] {logging_mixin.py:137} INFO - [2024-10-03T20:47:37.316+0000] {dag.py:3452} INFO - Setting next_dagrun for latest_only to 2024-10-03T16:47:37.316490+00:00, run_after=2024-10-03T20:47:37.316490+00:00
[2024-10-03T20:47:37.323+0000] {processor.py:175} INFO - Processing /usr/local/lib/python3.9/site-packages/airflow/example_dags/example_latest_only.py took 0.030 seconds
[2024-10-03T20:48:07.963+0000] {processor.py:153} INFO - Started process (PID=6917) to work on /usr/local/lib/python3.9/site-packages/airflow/example_dags/example_latest_only.py
[2024-10-03T20:48:07.963+0000] {processor.py:743} INFO - Processing file /usr/local/lib/python3.9/site-packages/airflow/example_dags/example_latest_only.py for tasks to queue
[2024-10-03T20:48:07.963+0000] {logging_mixin.py:137} INFO - [2024-10-03T20:48:07.963+0000] {dagbag.py:532} INFO - Filling up the DagBag from /usr/local/lib/python3.9/site-packages/airflow/example_dags/example_latest_only.py
[2024-10-03T20:48:07.969+0000] {processor.py:753} INFO - DAG(s) dict_keys(['latest_only']) retrieved from /usr/local/lib/python3.9/site-packages/airflow/example_dags/example_latest_only.py
[2024-10-03T20:48:07.977+0000] {logging_mixin.py:137} INFO - [2024-10-03T20:48:07.977+0000] {dag.py:2705} INFO - Sync 1 DAGs
[2024-10-03T20:48:07.986+0000] {logging_mixin.py:137} INFO - [2024-10-03T20:48:07.986+0000] {dag.py:3452} INFO - Setting next_dagrun for latest_only to 2024-10-03T16:48:07.986069+00:00, run_after=2024-10-03T20:48:07.986069+00:00
[2024-10-03T20:48:07.992+0000] {processor.py:175} INFO - Processing /usr/local/lib/python3.9/site-packages/airflow/example_dags/example_latest_only.py took 0.031 seconds
[2024-10-03T20:48:38.702+0000] {processor.py:153} INFO - Started process (PID=7128) to work on /usr/local/lib/python3.9/site-packages/airflow/example_dags/example_latest_only.py
[2024-10-03T20:48:38.703+0000] {processor.py:743} INFO - Processing file /usr/local/lib/python3.9/site-packages/airflow/example_dags/example_latest_only.py for tasks to queue
[2024-10-03T20:48:38.703+0000] {logging_mixin.py:137} INFO - [2024-10-03T20:48:38.703+0000] {dagbag.py:532} INFO - Filling up the DagBag from /usr/local/lib/python3.9/site-packages/airflow/example_dags/example_latest_only.py
[2024-10-03T20:48:38.710+0000] {processor.py:753} INFO - DAG(s) dict_keys(['latest_only']) retrieved from /usr/local/lib/python3.9/site-packages/airflow/example_dags/example_latest_only.py
[2024-10-03T20:48:38.720+0000] {logging_mixin.py:137} INFO - [2024-10-03T20:48:38.720+0000] {dag.py:2705} INFO - Sync 1 DAGs
[2024-10-03T20:48:38.728+0000] {logging_mixin.py:137} INFO - [2024-10-03T20:48:38.728+0000] {dag.py:3452} INFO - Setting next_dagrun for latest_only to 2024-10-03T16:48:38.728554+00:00, run_after=2024-10-03T20:48:38.728554+00:00
[2024-10-03T20:48:38.735+0000] {processor.py:175} INFO - Processing /usr/local/lib/python3.9/site-packages/airflow/example_dags/example_latest_only.py took 0.035 seconds
[2024-10-03T20:49:09.578+0000] {processor.py:153} INFO - Started process (PID=7339) to work on /usr/local/lib/python3.9/site-packages/airflow/example_dags/example_latest_only.py
[2024-10-03T20:49:09.579+0000] {processor.py:743} INFO - Processing file /usr/local/lib/python3.9/site-packages/airflow/example_dags/example_latest_only.py for tasks to queue
[2024-10-03T20:49:09.579+0000] {logging_mixin.py:137} INFO - [2024-10-03T20:49:09.579+0000] {dagbag.py:532} INFO - Filling up the DagBag from /usr/local/lib/python3.9/site-packages/airflow/example_dags/example_latest_only.py
[2024-10-03T20:49:09.585+0000] {processor.py:753} INFO - DAG(s) dict_keys(['latest_only']) retrieved from /usr/local/lib/python3.9/site-packages/airflow/example_dags/example_latest_only.py
[2024-10-03T20:49:09.593+0000] {logging_mixin.py:137} INFO - [2024-10-03T20:49:09.593+0000] {dag.py:2705} INFO - Sync 1 DAGs
[2024-10-03T20:49:09.601+0000] {logging_mixin.py:137} INFO - [2024-10-03T20:49:09.601+0000] {dag.py:3452} INFO - Setting next_dagrun for latest_only to 2024-10-03T16:49:09.601534+00:00, run_after=2024-10-03T20:49:09.601534+00:00
[2024-10-03T20:49:09.608+0000] {processor.py:175} INFO - Processing /usr/local/lib/python3.9/site-packages/airflow/example_dags/example_latest_only.py took 0.031 seconds
[2024-10-03T20:49:40.242+0000] {processor.py:153} INFO - Started process (PID=7548) to work on /usr/local/lib/python3.9/site-packages/airflow/example_dags/example_latest_only.py
[2024-10-03T20:49:40.244+0000] {processor.py:743} INFO - Processing file /usr/local/lib/python3.9/site-packages/airflow/example_dags/example_latest_only.py for tasks to queue
[2024-10-03T20:49:40.244+0000] {logging_mixin.py:137} INFO - [2024-10-03T20:49:40.244+0000] {dagbag.py:532} INFO - Filling up the DagBag from /usr/local/lib/python3.9/site-packages/airflow/example_dags/example_latest_only.py
[2024-10-03T20:49:40.250+0000] {processor.py:753} INFO - DAG(s) dict_keys(['latest_only']) retrieved from /usr/local/lib/python3.9/site-packages/airflow/example_dags/example_latest_only.py
[2024-10-03T20:49:40.258+0000] {logging_mixin.py:137} INFO - [2024-10-03T20:49:40.258+0000] {dag.py:2705} INFO - Sync 1 DAGs
[2024-10-03T20:49:40.266+0000] {logging_mixin.py:137} INFO - [2024-10-03T20:49:40.266+0000] {dag.py:3452} INFO - Setting next_dagrun for latest_only to 2024-10-03T16:49:40.266144+00:00, run_after=2024-10-03T20:49:40.266144+00:00
[2024-10-03T20:49:40.272+0000] {processor.py:175} INFO - Processing /usr/local/lib/python3.9/site-packages/airflow/example_dags/example_latest_only.py took 0.032 seconds
[2024-10-03T20:50:11.044+0000] {processor.py:153} INFO - Started process (PID=7761) to work on /usr/local/lib/python3.9/site-packages/airflow/example_dags/example_latest_only.py
[2024-10-03T20:50:11.045+0000] {processor.py:743} INFO - Processing file /usr/local/lib/python3.9/site-packages/airflow/example_dags/example_latest_only.py for tasks to queue
[2024-10-03T20:50:11.046+0000] {logging_mixin.py:137} INFO - [2024-10-03T20:50:11.046+0000] {dagbag.py:532} INFO - Filling up the DagBag from /usr/local/lib/python3.9/site-packages/airflow/example_dags/example_latest_only.py
[2024-10-03T20:50:11.054+0000] {processor.py:753} INFO - DAG(s) dict_keys(['latest_only']) retrieved from /usr/local/lib/python3.9/site-packages/airflow/example_dags/example_latest_only.py
[2024-10-03T20:50:11.066+0000] {logging_mixin.py:137} INFO - [2024-10-03T20:50:11.066+0000] {dag.py:2705} INFO - Sync 1 DAGs
[2024-10-03T20:50:11.075+0000] {logging_mixin.py:137} INFO - [2024-10-03T20:50:11.075+0000] {dag.py:3452} INFO - Setting next_dagrun for latest_only to 2024-10-03T16:50:11.075215+00:00, run_after=2024-10-03T20:50:11.075215+00:00
[2024-10-03T20:50:11.082+0000] {processor.py:175} INFO - Processing /usr/local/lib/python3.9/site-packages/airflow/example_dags/example_latest_only.py took 0.040 seconds
[2024-10-03T20:50:41.834+0000] {processor.py:153} INFO - Started process (PID=7970) to work on /usr/local/lib/python3.9/site-packages/airflow/example_dags/example_latest_only.py
[2024-10-03T20:50:41.836+0000] {processor.py:743} INFO - Processing file /usr/local/lib/python3.9/site-packages/airflow/example_dags/example_latest_only.py for tasks to queue
[2024-10-03T20:50:41.837+0000] {logging_mixin.py:137} INFO - [2024-10-03T20:50:41.837+0000] {dagbag.py:532} INFO - Filling up the DagBag from /usr/local/lib/python3.9/site-packages/airflow/example_dags/example_latest_only.py
[2024-10-03T20:50:41.843+0000] {processor.py:753} INFO - DAG(s) dict_keys(['latest_only']) retrieved from /usr/local/lib/python3.9/site-packages/airflow/example_dags/example_latest_only.py
[2024-10-03T20:50:41.852+0000] {logging_mixin.py:137} INFO - [2024-10-03T20:50:41.852+0000] {dag.py:2705} INFO - Sync 1 DAGs
[2024-10-03T20:50:41.860+0000] {logging_mixin.py:137} INFO - [2024-10-03T20:50:41.860+0000] {dag.py:3452} INFO - Setting next_dagrun for latest_only to 2024-10-03T16:50:41.860355+00:00, run_after=2024-10-03T20:50:41.860355+00:00
[2024-10-03T20:50:41.867+0000] {processor.py:175} INFO - Processing /usr/local/lib/python3.9/site-packages/airflow/example_dags/example_latest_only.py took 0.035 seconds
[2024-10-03T20:51:12.562+0000] {processor.py:153} INFO - Started process (PID=8183) to work on /usr/local/lib/python3.9/site-packages/airflow/example_dags/example_latest_only.py
[2024-10-03T20:51:12.562+0000] {processor.py:743} INFO - Processing file /usr/local/lib/python3.9/site-packages/airflow/example_dags/example_latest_only.py for tasks to queue
[2024-10-03T20:51:12.562+0000] {logging_mixin.py:137} INFO - [2024-10-03T20:51:12.562+0000] {dagbag.py:532} INFO - Filling up the DagBag from /usr/local/lib/python3.9/site-packages/airflow/example_dags/example_latest_only.py
[2024-10-03T20:51:12.568+0000] {processor.py:753} INFO - DAG(s) dict_keys(['latest_only']) retrieved from /usr/local/lib/python3.9/site-packages/airflow/example_dags/example_latest_only.py
[2024-10-03T20:51:12.577+0000] {logging_mixin.py:137} INFO - [2024-10-03T20:51:12.577+0000] {dag.py:2705} INFO - Sync 1 DAGs
[2024-10-03T20:51:12.585+0000] {logging_mixin.py:137} INFO - [2024-10-03T20:51:12.585+0000] {dag.py:3452} INFO - Setting next_dagrun for latest_only to 2024-10-03T16:51:12.585621+00:00, run_after=2024-10-03T20:51:12.585621+00:00
[2024-10-03T20:51:12.592+0000] {processor.py:175} INFO - Processing /usr/local/lib/python3.9/site-packages/airflow/example_dags/example_latest_only.py took 0.032 seconds
[2024-10-03T20:51:43.614+0000] {processor.py:153} INFO - Started process (PID=8394) to work on /usr/local/lib/python3.9/site-packages/airflow/example_dags/example_latest_only.py
[2024-10-03T20:51:43.614+0000] {processor.py:743} INFO - Processing file /usr/local/lib/python3.9/site-packages/airflow/example_dags/example_latest_only.py for tasks to queue
[2024-10-03T20:51:43.615+0000] {logging_mixin.py:137} INFO - [2024-10-03T20:51:43.615+0000] {dagbag.py:532} INFO - Filling up the DagBag from /usr/local/lib/python3.9/site-packages/airflow/example_dags/example_latest_only.py
[2024-10-03T20:51:43.620+0000] {processor.py:753} INFO - DAG(s) dict_keys(['latest_only']) retrieved from /usr/local/lib/python3.9/site-packages/airflow/example_dags/example_latest_only.py
[2024-10-03T20:51:43.630+0000] {logging_mixin.py:137} INFO - [2024-10-03T20:51:43.630+0000] {dag.py:2705} INFO - Sync 1 DAGs
[2024-10-03T20:51:43.639+0000] {logging_mixin.py:137} INFO - [2024-10-03T20:51:43.638+0000] {dag.py:3452} INFO - Setting next_dagrun for latest_only to 2024-10-03T16:51:43.638850+00:00, run_after=2024-10-03T20:51:43.638850+00:00
[2024-10-03T20:51:43.645+0000] {processor.py:175} INFO - Processing /usr/local/lib/python3.9/site-packages/airflow/example_dags/example_latest_only.py took 0.034 seconds
[2024-10-03T20:52:14.631+0000] {processor.py:153} INFO - Started process (PID=8603) to work on /usr/local/lib/python3.9/site-packages/airflow/example_dags/example_latest_only.py
[2024-10-03T20:52:14.631+0000] {processor.py:743} INFO - Processing file /usr/local/lib/python3.9/site-packages/airflow/example_dags/example_latest_only.py for tasks to queue
[2024-10-03T20:52:14.632+0000] {logging_mixin.py:137} INFO - [2024-10-03T20:52:14.632+0000] {dagbag.py:532} INFO - Filling up the DagBag from /usr/local/lib/python3.9/site-packages/airflow/example_dags/example_latest_only.py
[2024-10-03T20:52:14.637+0000] {processor.py:753} INFO - DAG(s) dict_keys(['latest_only']) retrieved from /usr/local/lib/python3.9/site-packages/airflow/example_dags/example_latest_only.py
[2024-10-03T20:52:14.649+0000] {logging_mixin.py:137} INFO - [2024-10-03T20:52:14.649+0000] {dag.py:2705} INFO - Sync 1 DAGs
[2024-10-03T20:52:14.659+0000] {logging_mixin.py:137} INFO - [2024-10-03T20:52:14.659+0000] {dag.py:3452} INFO - Setting next_dagrun for latest_only to 2024-10-03T16:52:14.659006+00:00, run_after=2024-10-03T20:52:14.659006+00:00
[2024-10-03T20:52:14.665+0000] {processor.py:175} INFO - Processing /usr/local/lib/python3.9/site-packages/airflow/example_dags/example_latest_only.py took 0.035 seconds
[2024-10-03T20:52:45.706+0000] {processor.py:153} INFO - Started process (PID=8814) to work on /usr/local/lib/python3.9/site-packages/airflow/example_dags/example_latest_only.py
[2024-10-03T20:52:45.706+0000] {processor.py:743} INFO - Processing file /usr/local/lib/python3.9/site-packages/airflow/example_dags/example_latest_only.py for tasks to queue
[2024-10-03T20:52:45.706+0000] {logging_mixin.py:137} INFO - [2024-10-03T20:52:45.706+0000] {dagbag.py:532} INFO - Filling up the DagBag from /usr/local/lib/python3.9/site-packages/airflow/example_dags/example_latest_only.py
[2024-10-03T20:52:45.712+0000] {processor.py:753} INFO - DAG(s) dict_keys(['latest_only']) retrieved from /usr/local/lib/python3.9/site-packages/airflow/example_dags/example_latest_only.py
[2024-10-03T20:52:45.720+0000] {logging_mixin.py:137} INFO - [2024-10-03T20:52:45.720+0000] {dag.py:2705} INFO - Sync 1 DAGs
[2024-10-03T20:52:45.728+0000] {logging_mixin.py:137} INFO - [2024-10-03T20:52:45.728+0000] {dag.py:3452} INFO - Setting next_dagrun for latest_only to 2024-10-03T16:52:45.728483+00:00, run_after=2024-10-03T20:52:45.728483+00:00
[2024-10-03T20:52:45.734+0000] {processor.py:175} INFO - Processing /usr/local/lib/python3.9/site-packages/airflow/example_dags/example_latest_only.py took 0.031 seconds
