[2024-10-03T20:32:02.751+0000] {processor.py:153} INFO - Started process (PID=390) to work on /usr/local/lib/python3.9/site-packages/airflow/example_dags/example_branch_operator.py
[2024-10-03T20:32:02.751+0000] {processor.py:743} INFO - Processing file /usr/local/lib/python3.9/site-packages/airflow/example_dags/example_branch_operator.py for tasks to queue
[2024-10-03T20:32:02.754+0000] {logging_mixin.py:137} INFO - [2024-10-03T20:32:02.754+0000] {dagbag.py:532} INFO - Filling up the DagBag from /usr/local/lib/python3.9/site-packages/airflow/example_dags/example_branch_operator.py
[2024-10-03T20:32:02.767+0000] {processor.py:753} INFO - DAG(s) dict_keys(['example_branch_operator']) retrieved from /usr/local/lib/python3.9/site-packages/airflow/example_dags/example_branch_operator.py
[2024-10-03T20:32:02.788+0000] {logging_mixin.py:137} INFO - [2024-10-03T20:32:02.788+0000] {dag.py:2705} INFO - Sync 1 DAGs
[2024-10-03T20:32:02.813+0000] {logging_mixin.py:137} INFO - [2024-10-03T20:32:02.813+0000] {dag.py:3452} INFO - Setting next_dagrun for example_branch_operator to 2024-10-02T00:00:00+00:00, run_after=2024-10-03T00:00:00+00:00
[2024-10-03T20:32:02.824+0000] {processor.py:175} INFO - Processing /usr/local/lib/python3.9/site-packages/airflow/example_dags/example_branch_operator.py took 0.083 seconds
[2024-10-03T20:32:36.511+0000] {processor.py:153} INFO - Started process (PID=605) to work on /usr/local/lib/python3.9/site-packages/airflow/example_dags/example_branch_operator.py
[2024-10-03T20:32:36.515+0000] {processor.py:743} INFO - Processing file /usr/local/lib/python3.9/site-packages/airflow/example_dags/example_branch_operator.py for tasks to queue
[2024-10-03T20:32:36.516+0000] {logging_mixin.py:137} INFO - [2024-10-03T20:32:36.516+0000] {dagbag.py:532} INFO - Filling up the DagBag from /usr/local/lib/python3.9/site-packages/airflow/example_dags/example_branch_operator.py
[2024-10-03T20:32:36.525+0000] {processor.py:753} INFO - DAG(s) dict_keys(['example_branch_operator']) retrieved from /usr/local/lib/python3.9/site-packages/airflow/example_dags/example_branch_operator.py
[2024-10-03T20:32:36.546+0000] {logging_mixin.py:137} INFO - [2024-10-03T20:32:36.546+0000] {dag.py:2705} INFO - Sync 1 DAGs
[2024-10-03T20:32:36.560+0000] {logging_mixin.py:137} INFO - [2024-10-03T20:32:36.559+0000] {dag.py:3452} INFO - Setting next_dagrun for example_branch_operator to 2024-10-02T00:00:00+00:00, run_after=2024-10-03T00:00:00+00:00
[2024-10-03T20:32:36.577+0000] {processor.py:175} INFO - Processing /usr/local/lib/python3.9/site-packages/airflow/example_dags/example_branch_operator.py took 0.067 seconds
[2024-10-03T20:33:11.340+0000] {processor.py:153} INFO - Started process (PID=818) to work on /usr/local/lib/python3.9/site-packages/airflow/example_dags/example_branch_operator.py
[2024-10-03T20:33:11.341+0000] {processor.py:743} INFO - Processing file /usr/local/lib/python3.9/site-packages/airflow/example_dags/example_branch_operator.py for tasks to queue
[2024-10-03T20:33:11.341+0000] {logging_mixin.py:137} INFO - [2024-10-03T20:33:11.341+0000] {dagbag.py:532} INFO - Filling up the DagBag from /usr/local/lib/python3.9/site-packages/airflow/example_dags/example_branch_operator.py
[2024-10-03T20:33:11.360+0000] {processor.py:753} INFO - DAG(s) dict_keys(['example_branch_operator']) retrieved from /usr/local/lib/python3.9/site-packages/airflow/example_dags/example_branch_operator.py
[2024-10-03T20:33:11.380+0000] {logging_mixin.py:137} INFO - [2024-10-03T20:33:11.380+0000] {dag.py:2705} INFO - Sync 1 DAGs
[2024-10-03T20:33:11.402+0000] {logging_mixin.py:137} INFO - [2024-10-03T20:33:11.401+0000] {dag.py:3452} INFO - Setting next_dagrun for example_branch_operator to 2024-10-02T00:00:00+00:00, run_after=2024-10-03T00:00:00+00:00
[2024-10-03T20:33:11.416+0000] {processor.py:175} INFO - Processing /usr/local/lib/python3.9/site-packages/airflow/example_dags/example_branch_operator.py took 0.081 seconds
[2024-10-03T20:33:42.073+0000] {processor.py:153} INFO - Started process (PID=1027) to work on /usr/local/lib/python3.9/site-packages/airflow/example_dags/example_branch_operator.py
[2024-10-03T20:33:42.075+0000] {processor.py:743} INFO - Processing file /usr/local/lib/python3.9/site-packages/airflow/example_dags/example_branch_operator.py for tasks to queue
[2024-10-03T20:33:42.075+0000] {logging_mixin.py:137} INFO - [2024-10-03T20:33:42.075+0000] {dagbag.py:532} INFO - Filling up the DagBag from /usr/local/lib/python3.9/site-packages/airflow/example_dags/example_branch_operator.py
[2024-10-03T20:33:42.147+0000] {processor.py:753} INFO - DAG(s) dict_keys(['example_branch_operator']) retrieved from /usr/local/lib/python3.9/site-packages/airflow/example_dags/example_branch_operator.py
[2024-10-03T20:33:42.171+0000] {logging_mixin.py:137} INFO - [2024-10-03T20:33:42.171+0000] {dag.py:2705} INFO - Sync 1 DAGs
[2024-10-03T20:33:42.185+0000] {logging_mixin.py:137} INFO - [2024-10-03T20:33:42.185+0000] {dag.py:3452} INFO - Setting next_dagrun for example_branch_operator to 2024-10-02T00:00:00+00:00, run_after=2024-10-03T00:00:00+00:00
[2024-10-03T20:33:42.200+0000] {processor.py:175} INFO - Processing /usr/local/lib/python3.9/site-packages/airflow/example_dags/example_branch_operator.py took 0.142 seconds
[2024-10-03T20:34:12.641+0000] {processor.py:153} INFO - Started process (PID=1240) to work on /usr/local/lib/python3.9/site-packages/airflow/example_dags/example_branch_operator.py
[2024-10-03T20:34:12.642+0000] {processor.py:743} INFO - Processing file /usr/local/lib/python3.9/site-packages/airflow/example_dags/example_branch_operator.py for tasks to queue
[2024-10-03T20:34:12.642+0000] {logging_mixin.py:137} INFO - [2024-10-03T20:34:12.642+0000] {dagbag.py:532} INFO - Filling up the DagBag from /usr/local/lib/python3.9/site-packages/airflow/example_dags/example_branch_operator.py
[2024-10-03T20:34:12.655+0000] {processor.py:753} INFO - DAG(s) dict_keys(['example_branch_operator']) retrieved from /usr/local/lib/python3.9/site-packages/airflow/example_dags/example_branch_operator.py
[2024-10-03T20:34:12.681+0000] {logging_mixin.py:137} INFO - [2024-10-03T20:34:12.681+0000] {dag.py:2705} INFO - Sync 1 DAGs
[2024-10-03T20:34:12.700+0000] {logging_mixin.py:137} INFO - [2024-10-03T20:34:12.700+0000] {dag.py:3452} INFO - Setting next_dagrun for example_branch_operator to 2024-10-02T00:00:00+00:00, run_after=2024-10-03T00:00:00+00:00
[2024-10-03T20:34:12.718+0000] {processor.py:175} INFO - Processing /usr/local/lib/python3.9/site-packages/airflow/example_dags/example_branch_operator.py took 0.079 seconds
[2024-10-03T20:34:52.684+0000] {processor.py:153} INFO - Started process (PID=1449) to work on /usr/local/lib/python3.9/site-packages/airflow/example_dags/example_branch_operator.py
[2024-10-03T20:34:52.768+0000] {processor.py:743} INFO - Processing file /usr/local/lib/python3.9/site-packages/airflow/example_dags/example_branch_operator.py for tasks to queue
[2024-10-03T20:34:53.407+0000] {logging_mixin.py:137} INFO - [2024-10-03T20:34:53.407+0000] {dagbag.py:532} INFO - Filling up the DagBag from /usr/local/lib/python3.9/site-packages/airflow/example_dags/example_branch_operator.py
[2024-10-03T20:34:53.424+0000] {processor.py:753} INFO - DAG(s) dict_keys(['example_branch_operator']) retrieved from /usr/local/lib/python3.9/site-packages/airflow/example_dags/example_branch_operator.py
[2024-10-03T20:34:53.574+0000] {logging_mixin.py:137} INFO - [2024-10-03T20:34:53.574+0000] {dag.py:2705} INFO - Sync 1 DAGs
[2024-10-03T20:34:53.618+0000] {logging_mixin.py:137} INFO - [2024-10-03T20:34:53.618+0000] {dag.py:3452} INFO - Setting next_dagrun for example_branch_operator to 2024-10-02T00:00:00+00:00, run_after=2024-10-03T00:00:00+00:00
[2024-10-03T20:34:53.680+0000] {processor.py:175} INFO - Processing /usr/local/lib/python3.9/site-packages/airflow/example_dags/example_branch_operator.py took 1.030 seconds
[2024-10-03T20:35:24.109+0000] {processor.py:153} INFO - Started process (PID=1659) to work on /usr/local/lib/python3.9/site-packages/airflow/example_dags/example_branch_operator.py
[2024-10-03T20:35:24.326+0000] {processor.py:743} INFO - Processing file /usr/local/lib/python3.9/site-packages/airflow/example_dags/example_branch_operator.py for tasks to queue
[2024-10-03T20:35:24.327+0000] {logging_mixin.py:137} INFO - [2024-10-03T20:35:24.327+0000] {dagbag.py:532} INFO - Filling up the DagBag from /usr/local/lib/python3.9/site-packages/airflow/example_dags/example_branch_operator.py
[2024-10-03T20:35:24.356+0000] {processor.py:753} INFO - DAG(s) dict_keys(['example_branch_operator']) retrieved from /usr/local/lib/python3.9/site-packages/airflow/example_dags/example_branch_operator.py
[2024-10-03T20:35:24.430+0000] {logging_mixin.py:137} INFO - [2024-10-03T20:35:24.430+0000] {dag.py:2705} INFO - Sync 1 DAGs
[2024-10-03T20:35:24.444+0000] {logging_mixin.py:137} INFO - [2024-10-03T20:35:24.444+0000] {dag.py:3452} INFO - Setting next_dagrun for example_branch_operator to 2024-10-02T00:00:00+00:00, run_after=2024-10-03T00:00:00+00:00
[2024-10-03T20:35:24.452+0000] {processor.py:175} INFO - Processing /usr/local/lib/python3.9/site-packages/airflow/example_dags/example_branch_operator.py took 0.339 seconds
[2024-10-03T20:35:55.371+0000] {processor.py:153} INFO - Started process (PID=1870) to work on /usr/local/lib/python3.9/site-packages/airflow/example_dags/example_branch_operator.py
[2024-10-03T20:35:55.375+0000] {processor.py:743} INFO - Processing file /usr/local/lib/python3.9/site-packages/airflow/example_dags/example_branch_operator.py for tasks to queue
[2024-10-03T20:35:55.378+0000] {logging_mixin.py:137} INFO - [2024-10-03T20:35:55.378+0000] {dagbag.py:532} INFO - Filling up the DagBag from /usr/local/lib/python3.9/site-packages/airflow/example_dags/example_branch_operator.py
[2024-10-03T20:35:55.397+0000] {processor.py:753} INFO - DAG(s) dict_keys(['example_branch_operator']) retrieved from /usr/local/lib/python3.9/site-packages/airflow/example_dags/example_branch_operator.py
[2024-10-03T20:35:55.418+0000] {logging_mixin.py:137} INFO - [2024-10-03T20:35:55.418+0000] {dag.py:2705} INFO - Sync 1 DAGs
[2024-10-03T20:35:55.437+0000] {logging_mixin.py:137} INFO - [2024-10-03T20:35:55.437+0000] {dag.py:3452} INFO - Setting next_dagrun for example_branch_operator to 2024-10-02T00:00:00+00:00, run_after=2024-10-03T00:00:00+00:00
[2024-10-03T20:35:55.505+0000] {processor.py:175} INFO - Processing /usr/local/lib/python3.9/site-packages/airflow/example_dags/example_branch_operator.py took 0.138 seconds
[2024-10-03T20:36:25.688+0000] {processor.py:153} INFO - Started process (PID=2080) to work on /usr/local/lib/python3.9/site-packages/airflow/example_dags/example_branch_operator.py
[2024-10-03T20:36:25.692+0000] {processor.py:743} INFO - Processing file /usr/local/lib/python3.9/site-packages/airflow/example_dags/example_branch_operator.py for tasks to queue
[2024-10-03T20:36:25.692+0000] {logging_mixin.py:137} INFO - [2024-10-03T20:36:25.692+0000] {dagbag.py:532} INFO - Filling up the DagBag from /usr/local/lib/python3.9/site-packages/airflow/example_dags/example_branch_operator.py
[2024-10-03T20:36:25.714+0000] {processor.py:753} INFO - DAG(s) dict_keys(['example_branch_operator']) retrieved from /usr/local/lib/python3.9/site-packages/airflow/example_dags/example_branch_operator.py
[2024-10-03T20:36:25.762+0000] {logging_mixin.py:137} INFO - [2024-10-03T20:36:25.762+0000] {dag.py:2705} INFO - Sync 1 DAGs
[2024-10-03T20:36:25.881+0000] {logging_mixin.py:137} INFO - [2024-10-03T20:36:25.881+0000] {dag.py:3452} INFO - Setting next_dagrun for example_branch_operator to 2024-10-02T00:00:00+00:00, run_after=2024-10-03T00:00:00+00:00
[2024-10-03T20:36:26.016+0000] {processor.py:175} INFO - Processing /usr/local/lib/python3.9/site-packages/airflow/example_dags/example_branch_operator.py took 0.331 seconds
[2024-10-03T20:36:56.824+0000] {processor.py:153} INFO - Started process (PID=2293) to work on /usr/local/lib/python3.9/site-packages/airflow/example_dags/example_branch_operator.py
[2024-10-03T20:36:56.825+0000] {processor.py:743} INFO - Processing file /usr/local/lib/python3.9/site-packages/airflow/example_dags/example_branch_operator.py for tasks to queue
[2024-10-03T20:36:56.826+0000] {logging_mixin.py:137} INFO - [2024-10-03T20:36:56.826+0000] {dagbag.py:532} INFO - Filling up the DagBag from /usr/local/lib/python3.9/site-packages/airflow/example_dags/example_branch_operator.py
[2024-10-03T20:36:56.991+0000] {processor.py:753} INFO - DAG(s) dict_keys(['example_branch_operator']) retrieved from /usr/local/lib/python3.9/site-packages/airflow/example_dags/example_branch_operator.py
[2024-10-03T20:36:57.010+0000] {logging_mixin.py:137} INFO - [2024-10-03T20:36:57.010+0000] {dag.py:2705} INFO - Sync 1 DAGs
[2024-10-03T20:36:57.023+0000] {logging_mixin.py:137} INFO - [2024-10-03T20:36:57.023+0000] {dag.py:3452} INFO - Setting next_dagrun for example_branch_operator to 2024-10-02T00:00:00+00:00, run_after=2024-10-03T00:00:00+00:00
[2024-10-03T20:36:57.034+0000] {processor.py:175} INFO - Processing /usr/local/lib/python3.9/site-packages/airflow/example_dags/example_branch_operator.py took 0.214 seconds
[2024-10-03T20:37:27.765+0000] {processor.py:153} INFO - Started process (PID=2504) to work on /usr/local/lib/python3.9/site-packages/airflow/example_dags/example_branch_operator.py
[2024-10-03T20:37:27.766+0000] {processor.py:743} INFO - Processing file /usr/local/lib/python3.9/site-packages/airflow/example_dags/example_branch_operator.py for tasks to queue
[2024-10-03T20:37:27.767+0000] {logging_mixin.py:137} INFO - [2024-10-03T20:37:27.767+0000] {dagbag.py:532} INFO - Filling up the DagBag from /usr/local/lib/python3.9/site-packages/airflow/example_dags/example_branch_operator.py
[2024-10-03T20:37:27.783+0000] {processor.py:753} INFO - DAG(s) dict_keys(['example_branch_operator']) retrieved from /usr/local/lib/python3.9/site-packages/airflow/example_dags/example_branch_operator.py
[2024-10-03T20:37:27.800+0000] {logging_mixin.py:137} INFO - [2024-10-03T20:37:27.800+0000] {dag.py:2705} INFO - Sync 1 DAGs
[2024-10-03T20:37:27.814+0000] {logging_mixin.py:137} INFO - [2024-10-03T20:37:27.814+0000] {dag.py:3452} INFO - Setting next_dagrun for example_branch_operator to 2024-10-02T00:00:00+00:00, run_after=2024-10-03T00:00:00+00:00
[2024-10-03T20:37:27.825+0000] {processor.py:175} INFO - Processing /usr/local/lib/python3.9/site-packages/airflow/example_dags/example_branch_operator.py took 0.063 seconds
[2024-10-03T20:37:57.988+0000] {processor.py:153} INFO - Started process (PID=2714) to work on /usr/local/lib/python3.9/site-packages/airflow/example_dags/example_branch_operator.py
[2024-10-03T20:37:57.990+0000] {processor.py:743} INFO - Processing file /usr/local/lib/python3.9/site-packages/airflow/example_dags/example_branch_operator.py for tasks to queue
[2024-10-03T20:37:57.991+0000] {logging_mixin.py:137} INFO - [2024-10-03T20:37:57.991+0000] {dagbag.py:532} INFO - Filling up the DagBag from /usr/local/lib/python3.9/site-packages/airflow/example_dags/example_branch_operator.py
[2024-10-03T20:37:58.017+0000] {processor.py:753} INFO - DAG(s) dict_keys(['example_branch_operator']) retrieved from /usr/local/lib/python3.9/site-packages/airflow/example_dags/example_branch_operator.py
[2024-10-03T20:37:58.043+0000] {logging_mixin.py:137} INFO - [2024-10-03T20:37:58.043+0000] {dag.py:2705} INFO - Sync 1 DAGs
[2024-10-03T20:37:58.060+0000] {logging_mixin.py:137} INFO - [2024-10-03T20:37:58.060+0000] {dag.py:3452} INFO - Setting next_dagrun for example_branch_operator to 2024-10-02T00:00:00+00:00, run_after=2024-10-03T00:00:00+00:00
[2024-10-03T20:37:58.074+0000] {processor.py:175} INFO - Processing /usr/local/lib/python3.9/site-packages/airflow/example_dags/example_branch_operator.py took 0.091 seconds
[2024-10-03T20:38:28.801+0000] {processor.py:153} INFO - Started process (PID=2926) to work on /usr/local/lib/python3.9/site-packages/airflow/example_dags/example_branch_operator.py
[2024-10-03T20:38:28.805+0000] {processor.py:743} INFO - Processing file /usr/local/lib/python3.9/site-packages/airflow/example_dags/example_branch_operator.py for tasks to queue
[2024-10-03T20:38:28.807+0000] {logging_mixin.py:137} INFO - [2024-10-03T20:38:28.806+0000] {dagbag.py:532} INFO - Filling up the DagBag from /usr/local/lib/python3.9/site-packages/airflow/example_dags/example_branch_operator.py
[2024-10-03T20:38:28.820+0000] {processor.py:753} INFO - DAG(s) dict_keys(['example_branch_operator']) retrieved from /usr/local/lib/python3.9/site-packages/airflow/example_dags/example_branch_operator.py
[2024-10-03T20:38:28.837+0000] {logging_mixin.py:137} INFO - [2024-10-03T20:38:28.837+0000] {dag.py:2705} INFO - Sync 1 DAGs
[2024-10-03T20:38:28.850+0000] {logging_mixin.py:137} INFO - [2024-10-03T20:38:28.850+0000] {dag.py:3452} INFO - Setting next_dagrun for example_branch_operator to 2024-10-02T00:00:00+00:00, run_after=2024-10-03T00:00:00+00:00
[2024-10-03T20:38:28.861+0000] {processor.py:175} INFO - Processing /usr/local/lib/python3.9/site-packages/airflow/example_dags/example_branch_operator.py took 0.063 seconds
[2024-10-03T20:38:59.567+0000] {processor.py:153} INFO - Started process (PID=3137) to work on /usr/local/lib/python3.9/site-packages/airflow/example_dags/example_branch_operator.py
[2024-10-03T20:38:59.569+0000] {processor.py:743} INFO - Processing file /usr/local/lib/python3.9/site-packages/airflow/example_dags/example_branch_operator.py for tasks to queue
[2024-10-03T20:38:59.570+0000] {logging_mixin.py:137} INFO - [2024-10-03T20:38:59.570+0000] {dagbag.py:532} INFO - Filling up the DagBag from /usr/local/lib/python3.9/site-packages/airflow/example_dags/example_branch_operator.py
[2024-10-03T20:38:59.589+0000] {processor.py:753} INFO - DAG(s) dict_keys(['example_branch_operator']) retrieved from /usr/local/lib/python3.9/site-packages/airflow/example_dags/example_branch_operator.py
[2024-10-03T20:38:59.608+0000] {logging_mixin.py:137} INFO - [2024-10-03T20:38:59.608+0000] {dag.py:2705} INFO - Sync 1 DAGs
[2024-10-03T20:38:59.621+0000] {logging_mixin.py:137} INFO - [2024-10-03T20:38:59.621+0000] {dag.py:3452} INFO - Setting next_dagrun for example_branch_operator to 2024-10-02T00:00:00+00:00, run_after=2024-10-03T00:00:00+00:00
[2024-10-03T20:38:59.634+0000] {processor.py:175} INFO - Processing /usr/local/lib/python3.9/site-packages/airflow/example_dags/example_branch_operator.py took 0.072 seconds
[2024-10-03T20:39:30.350+0000] {processor.py:153} INFO - Started process (PID=3348) to work on /usr/local/lib/python3.9/site-packages/airflow/example_dags/example_branch_operator.py
[2024-10-03T20:39:30.350+0000] {processor.py:743} INFO - Processing file /usr/local/lib/python3.9/site-packages/airflow/example_dags/example_branch_operator.py for tasks to queue
[2024-10-03T20:39:30.352+0000] {logging_mixin.py:137} INFO - [2024-10-03T20:39:30.352+0000] {dagbag.py:532} INFO - Filling up the DagBag from /usr/local/lib/python3.9/site-packages/airflow/example_dags/example_branch_operator.py
[2024-10-03T20:39:30.364+0000] {processor.py:753} INFO - DAG(s) dict_keys(['example_branch_operator']) retrieved from /usr/local/lib/python3.9/site-packages/airflow/example_dags/example_branch_operator.py
[2024-10-03T20:39:30.382+0000] {logging_mixin.py:137} INFO - [2024-10-03T20:39:30.382+0000] {dag.py:2705} INFO - Sync 1 DAGs
[2024-10-03T20:39:30.395+0000] {logging_mixin.py:137} INFO - [2024-10-03T20:39:30.395+0000] {dag.py:3452} INFO - Setting next_dagrun for example_branch_operator to 2024-10-02T00:00:00+00:00, run_after=2024-10-03T00:00:00+00:00
[2024-10-03T20:39:30.407+0000] {processor.py:175} INFO - Processing /usr/local/lib/python3.9/site-packages/airflow/example_dags/example_branch_operator.py took 0.059 seconds
[2024-10-03T20:40:01.171+0000] {processor.py:153} INFO - Started process (PID=3559) to work on /usr/local/lib/python3.9/site-packages/airflow/example_dags/example_branch_operator.py
[2024-10-03T20:40:01.173+0000] {processor.py:743} INFO - Processing file /usr/local/lib/python3.9/site-packages/airflow/example_dags/example_branch_operator.py for tasks to queue
[2024-10-03T20:40:01.174+0000] {logging_mixin.py:137} INFO - [2024-10-03T20:40:01.174+0000] {dagbag.py:532} INFO - Filling up the DagBag from /usr/local/lib/python3.9/site-packages/airflow/example_dags/example_branch_operator.py
[2024-10-03T20:40:01.190+0000] {processor.py:753} INFO - DAG(s) dict_keys(['example_branch_operator']) retrieved from /usr/local/lib/python3.9/site-packages/airflow/example_dags/example_branch_operator.py
[2024-10-03T20:40:01.205+0000] {logging_mixin.py:137} INFO - [2024-10-03T20:40:01.205+0000] {dag.py:2705} INFO - Sync 1 DAGs
[2024-10-03T20:40:01.217+0000] {logging_mixin.py:137} INFO - [2024-10-03T20:40:01.217+0000] {dag.py:3452} INFO - Setting next_dagrun for example_branch_operator to 2024-10-02T00:00:00+00:00, run_after=2024-10-03T00:00:00+00:00
[2024-10-03T20:40:01.228+0000] {processor.py:175} INFO - Processing /usr/local/lib/python3.9/site-packages/airflow/example_dags/example_branch_operator.py took 0.060 seconds
[2024-10-03T20:40:32.047+0000] {processor.py:153} INFO - Started process (PID=3770) to work on /usr/local/lib/python3.9/site-packages/airflow/example_dags/example_branch_operator.py
[2024-10-03T20:40:32.048+0000] {processor.py:743} INFO - Processing file /usr/local/lib/python3.9/site-packages/airflow/example_dags/example_branch_operator.py for tasks to queue
[2024-10-03T20:40:32.049+0000] {logging_mixin.py:137} INFO - [2024-10-03T20:40:32.049+0000] {dagbag.py:532} INFO - Filling up the DagBag from /usr/local/lib/python3.9/site-packages/airflow/example_dags/example_branch_operator.py
[2024-10-03T20:40:32.064+0000] {processor.py:753} INFO - DAG(s) dict_keys(['example_branch_operator']) retrieved from /usr/local/lib/python3.9/site-packages/airflow/example_dags/example_branch_operator.py
[2024-10-03T20:40:32.079+0000] {logging_mixin.py:137} INFO - [2024-10-03T20:40:32.079+0000] {dag.py:2705} INFO - Sync 1 DAGs
[2024-10-03T20:40:32.090+0000] {logging_mixin.py:137} INFO - [2024-10-03T20:40:32.090+0000] {dag.py:3452} INFO - Setting next_dagrun for example_branch_operator to 2024-10-02T00:00:00+00:00, run_after=2024-10-03T00:00:00+00:00
[2024-10-03T20:40:32.100+0000] {processor.py:175} INFO - Processing /usr/local/lib/python3.9/site-packages/airflow/example_dags/example_branch_operator.py took 0.057 seconds
[2024-10-03T20:41:02.924+0000] {processor.py:153} INFO - Started process (PID=3981) to work on /usr/local/lib/python3.9/site-packages/airflow/example_dags/example_branch_operator.py
[2024-10-03T20:41:02.926+0000] {processor.py:743} INFO - Processing file /usr/local/lib/python3.9/site-packages/airflow/example_dags/example_branch_operator.py for tasks to queue
[2024-10-03T20:41:02.927+0000] {logging_mixin.py:137} INFO - [2024-10-03T20:41:02.926+0000] {dagbag.py:532} INFO - Filling up the DagBag from /usr/local/lib/python3.9/site-packages/airflow/example_dags/example_branch_operator.py
[2024-10-03T20:41:02.946+0000] {processor.py:753} INFO - DAG(s) dict_keys(['example_branch_operator']) retrieved from /usr/local/lib/python3.9/site-packages/airflow/example_dags/example_branch_operator.py
[2024-10-03T20:41:02.966+0000] {logging_mixin.py:137} INFO - [2024-10-03T20:41:02.966+0000] {dag.py:2705} INFO - Sync 1 DAGs
[2024-10-03T20:41:02.979+0000] {logging_mixin.py:137} INFO - [2024-10-03T20:41:02.979+0000] {dag.py:3452} INFO - Setting next_dagrun for example_branch_operator to 2024-10-02T00:00:00+00:00, run_after=2024-10-03T00:00:00+00:00
[2024-10-03T20:41:02.990+0000] {processor.py:175} INFO - Processing /usr/local/lib/python3.9/site-packages/airflow/example_dags/example_branch_operator.py took 0.070 seconds
[2024-10-03T20:41:33.529+0000] {processor.py:153} INFO - Started process (PID=4191) to work on /usr/local/lib/python3.9/site-packages/airflow/example_dags/example_branch_operator.py
[2024-10-03T20:41:33.532+0000] {processor.py:743} INFO - Processing file /usr/local/lib/python3.9/site-packages/airflow/example_dags/example_branch_operator.py for tasks to queue
[2024-10-03T20:41:33.534+0000] {logging_mixin.py:137} INFO - [2024-10-03T20:41:33.534+0000] {dagbag.py:532} INFO - Filling up the DagBag from /usr/local/lib/python3.9/site-packages/airflow/example_dags/example_branch_operator.py
[2024-10-03T20:41:33.549+0000] {processor.py:753} INFO - DAG(s) dict_keys(['example_branch_operator']) retrieved from /usr/local/lib/python3.9/site-packages/airflow/example_dags/example_branch_operator.py
[2024-10-03T20:41:33.564+0000] {logging_mixin.py:137} INFO - [2024-10-03T20:41:33.564+0000] {dag.py:2705} INFO - Sync 1 DAGs
[2024-10-03T20:41:33.576+0000] {logging_mixin.py:137} INFO - [2024-10-03T20:41:33.576+0000] {dag.py:3452} INFO - Setting next_dagrun for example_branch_operator to 2024-10-02T00:00:00+00:00, run_after=2024-10-03T00:00:00+00:00
[2024-10-03T20:41:33.590+0000] {processor.py:175} INFO - Processing /usr/local/lib/python3.9/site-packages/airflow/example_dags/example_branch_operator.py took 0.065 seconds
[2024-10-03T20:42:04.228+0000] {processor.py:153} INFO - Started process (PID=4402) to work on /usr/local/lib/python3.9/site-packages/airflow/example_dags/example_branch_operator.py
[2024-10-03T20:42:04.231+0000] {processor.py:743} INFO - Processing file /usr/local/lib/python3.9/site-packages/airflow/example_dags/example_branch_operator.py for tasks to queue
[2024-10-03T20:42:04.234+0000] {logging_mixin.py:137} INFO - [2024-10-03T20:42:04.234+0000] {dagbag.py:532} INFO - Filling up the DagBag from /usr/local/lib/python3.9/site-packages/airflow/example_dags/example_branch_operator.py
[2024-10-03T20:42:04.248+0000] {processor.py:753} INFO - DAG(s) dict_keys(['example_branch_operator']) retrieved from /usr/local/lib/python3.9/site-packages/airflow/example_dags/example_branch_operator.py
[2024-10-03T20:42:04.265+0000] {logging_mixin.py:137} INFO - [2024-10-03T20:42:04.265+0000] {dag.py:2705} INFO - Sync 1 DAGs
[2024-10-03T20:42:04.277+0000] {logging_mixin.py:137} INFO - [2024-10-03T20:42:04.277+0000] {dag.py:3452} INFO - Setting next_dagrun for example_branch_operator to 2024-10-02T00:00:00+00:00, run_after=2024-10-03T00:00:00+00:00
[2024-10-03T20:42:04.286+0000] {processor.py:175} INFO - Processing /usr/local/lib/python3.9/site-packages/airflow/example_dags/example_branch_operator.py took 0.062 seconds
[2024-10-03T20:42:34.873+0000] {processor.py:153} INFO - Started process (PID=4612) to work on /usr/local/lib/python3.9/site-packages/airflow/example_dags/example_branch_operator.py
[2024-10-03T20:42:34.874+0000] {processor.py:743} INFO - Processing file /usr/local/lib/python3.9/site-packages/airflow/example_dags/example_branch_operator.py for tasks to queue
[2024-10-03T20:42:34.875+0000] {logging_mixin.py:137} INFO - [2024-10-03T20:42:34.875+0000] {dagbag.py:532} INFO - Filling up the DagBag from /usr/local/lib/python3.9/site-packages/airflow/example_dags/example_branch_operator.py
[2024-10-03T20:42:34.891+0000] {processor.py:753} INFO - DAG(s) dict_keys(['example_branch_operator']) retrieved from /usr/local/lib/python3.9/site-packages/airflow/example_dags/example_branch_operator.py
[2024-10-03T20:42:34.906+0000] {logging_mixin.py:137} INFO - [2024-10-03T20:42:34.906+0000] {dag.py:2705} INFO - Sync 1 DAGs
[2024-10-03T20:42:34.919+0000] {logging_mixin.py:137} INFO - [2024-10-03T20:42:34.919+0000] {dag.py:3452} INFO - Setting next_dagrun for example_branch_operator to 2024-10-02T00:00:00+00:00, run_after=2024-10-03T00:00:00+00:00
[2024-10-03T20:42:34.930+0000] {processor.py:175} INFO - Processing /usr/local/lib/python3.9/site-packages/airflow/example_dags/example_branch_operator.py took 0.059 seconds
[2024-10-03T20:43:05.511+0000] {processor.py:153} INFO - Started process (PID=4825) to work on /usr/local/lib/python3.9/site-packages/airflow/example_dags/example_branch_operator.py
[2024-10-03T20:43:05.512+0000] {processor.py:743} INFO - Processing file /usr/local/lib/python3.9/site-packages/airflow/example_dags/example_branch_operator.py for tasks to queue
[2024-10-03T20:43:05.513+0000] {logging_mixin.py:137} INFO - [2024-10-03T20:43:05.513+0000] {dagbag.py:532} INFO - Filling up the DagBag from /usr/local/lib/python3.9/site-packages/airflow/example_dags/example_branch_operator.py
[2024-10-03T20:43:05.526+0000] {processor.py:753} INFO - DAG(s) dict_keys(['example_branch_operator']) retrieved from /usr/local/lib/python3.9/site-packages/airflow/example_dags/example_branch_operator.py
[2024-10-03T20:43:05.541+0000] {logging_mixin.py:137} INFO - [2024-10-03T20:43:05.541+0000] {dag.py:2705} INFO - Sync 1 DAGs
[2024-10-03T20:43:05.553+0000] {logging_mixin.py:137} INFO - [2024-10-03T20:43:05.553+0000] {dag.py:3452} INFO - Setting next_dagrun for example_branch_operator to 2024-10-02T00:00:00+00:00, run_after=2024-10-03T00:00:00+00:00
[2024-10-03T20:43:05.563+0000] {processor.py:175} INFO - Processing /usr/local/lib/python3.9/site-packages/airflow/example_dags/example_branch_operator.py took 0.055 seconds
[2024-10-03T20:43:36.119+0000] {processor.py:153} INFO - Started process (PID=5035) to work on /usr/local/lib/python3.9/site-packages/airflow/example_dags/example_branch_operator.py
[2024-10-03T20:43:36.120+0000] {processor.py:743} INFO - Processing file /usr/local/lib/python3.9/site-packages/airflow/example_dags/example_branch_operator.py for tasks to queue
[2024-10-03T20:43:36.122+0000] {logging_mixin.py:137} INFO - [2024-10-03T20:43:36.122+0000] {dagbag.py:532} INFO - Filling up the DagBag from /usr/local/lib/python3.9/site-packages/airflow/example_dags/example_branch_operator.py
[2024-10-03T20:43:36.135+0000] {processor.py:753} INFO - DAG(s) dict_keys(['example_branch_operator']) retrieved from /usr/local/lib/python3.9/site-packages/airflow/example_dags/example_branch_operator.py
[2024-10-03T20:43:36.150+0000] {logging_mixin.py:137} INFO - [2024-10-03T20:43:36.150+0000] {dag.py:2705} INFO - Sync 1 DAGs
[2024-10-03T20:43:36.162+0000] {logging_mixin.py:137} INFO - [2024-10-03T20:43:36.162+0000] {dag.py:3452} INFO - Setting next_dagrun for example_branch_operator to 2024-10-02T00:00:00+00:00, run_after=2024-10-03T00:00:00+00:00
[2024-10-03T20:43:36.172+0000] {processor.py:175} INFO - Processing /usr/local/lib/python3.9/site-packages/airflow/example_dags/example_branch_operator.py took 0.054 seconds
[2024-10-03T20:44:06.752+0000] {processor.py:153} INFO - Started process (PID=5246) to work on /usr/local/lib/python3.9/site-packages/airflow/example_dags/example_branch_operator.py
[2024-10-03T20:44:06.754+0000] {processor.py:743} INFO - Processing file /usr/local/lib/python3.9/site-packages/airflow/example_dags/example_branch_operator.py for tasks to queue
[2024-10-03T20:44:06.755+0000] {logging_mixin.py:137} INFO - [2024-10-03T20:44:06.754+0000] {dagbag.py:532} INFO - Filling up the DagBag from /usr/local/lib/python3.9/site-packages/airflow/example_dags/example_branch_operator.py
[2024-10-03T20:44:06.776+0000] {processor.py:753} INFO - DAG(s) dict_keys(['example_branch_operator']) retrieved from /usr/local/lib/python3.9/site-packages/airflow/example_dags/example_branch_operator.py
[2024-10-03T20:44:06.812+0000] {logging_mixin.py:137} INFO - [2024-10-03T20:44:06.812+0000] {dag.py:2705} INFO - Sync 1 DAGs
[2024-10-03T20:44:06.831+0000] {logging_mixin.py:137} INFO - [2024-10-03T20:44:06.831+0000] {dag.py:3452} INFO - Setting next_dagrun for example_branch_operator to 2024-10-02T00:00:00+00:00, run_after=2024-10-03T00:00:00+00:00
[2024-10-03T20:44:06.843+0000] {processor.py:175} INFO - Processing /usr/local/lib/python3.9/site-packages/airflow/example_dags/example_branch_operator.py took 0.096 seconds
[2024-10-03T20:44:37.531+0000] {processor.py:153} INFO - Started process (PID=5457) to work on /usr/local/lib/python3.9/site-packages/airflow/example_dags/example_branch_operator.py
[2024-10-03T20:44:37.533+0000] {processor.py:743} INFO - Processing file /usr/local/lib/python3.9/site-packages/airflow/example_dags/example_branch_operator.py for tasks to queue
[2024-10-03T20:44:37.534+0000] {logging_mixin.py:137} INFO - [2024-10-03T20:44:37.534+0000] {dagbag.py:532} INFO - Filling up the DagBag from /usr/local/lib/python3.9/site-packages/airflow/example_dags/example_branch_operator.py
[2024-10-03T20:44:37.553+0000] {processor.py:753} INFO - DAG(s) dict_keys(['example_branch_operator']) retrieved from /usr/local/lib/python3.9/site-packages/airflow/example_dags/example_branch_operator.py
[2024-10-03T20:44:37.570+0000] {logging_mixin.py:137} INFO - [2024-10-03T20:44:37.570+0000] {dag.py:2705} INFO - Sync 1 DAGs
[2024-10-03T20:44:37.582+0000] {logging_mixin.py:137} INFO - [2024-10-03T20:44:37.582+0000] {dag.py:3452} INFO - Setting next_dagrun for example_branch_operator to 2024-10-02T00:00:00+00:00, run_after=2024-10-03T00:00:00+00:00
[2024-10-03T20:44:37.594+0000] {processor.py:175} INFO - Processing /usr/local/lib/python3.9/site-packages/airflow/example_dags/example_branch_operator.py took 0.067 seconds
[2024-10-03T20:45:08.181+0000] {processor.py:153} INFO - Started process (PID=5669) to work on /usr/local/lib/python3.9/site-packages/airflow/example_dags/example_branch_operator.py
[2024-10-03T20:45:08.185+0000] {processor.py:743} INFO - Processing file /usr/local/lib/python3.9/site-packages/airflow/example_dags/example_branch_operator.py for tasks to queue
[2024-10-03T20:45:08.185+0000] {logging_mixin.py:137} INFO - [2024-10-03T20:45:08.185+0000] {dagbag.py:532} INFO - Filling up the DagBag from /usr/local/lib/python3.9/site-packages/airflow/example_dags/example_branch_operator.py
[2024-10-03T20:45:08.197+0000] {processor.py:753} INFO - DAG(s) dict_keys(['example_branch_operator']) retrieved from /usr/local/lib/python3.9/site-packages/airflow/example_dags/example_branch_operator.py
[2024-10-03T20:45:08.211+0000] {logging_mixin.py:137} INFO - [2024-10-03T20:45:08.211+0000] {dag.py:2705} INFO - Sync 1 DAGs
[2024-10-03T20:45:08.223+0000] {logging_mixin.py:137} INFO - [2024-10-03T20:45:08.223+0000] {dag.py:3452} INFO - Setting next_dagrun for example_branch_operator to 2024-10-02T00:00:00+00:00, run_after=2024-10-03T00:00:00+00:00
[2024-10-03T20:45:08.232+0000] {processor.py:175} INFO - Processing /usr/local/lib/python3.9/site-packages/airflow/example_dags/example_branch_operator.py took 0.055 seconds
[2024-10-03T20:45:38.716+0000] {processor.py:153} INFO - Started process (PID=5879) to work on /usr/local/lib/python3.9/site-packages/airflow/example_dags/example_branch_operator.py
[2024-10-03T20:45:38.719+0000] {processor.py:743} INFO - Processing file /usr/local/lib/python3.9/site-packages/airflow/example_dags/example_branch_operator.py for tasks to queue
[2024-10-03T20:45:38.721+0000] {logging_mixin.py:137} INFO - [2024-10-03T20:45:38.721+0000] {dagbag.py:532} INFO - Filling up the DagBag from /usr/local/lib/python3.9/site-packages/airflow/example_dags/example_branch_operator.py
[2024-10-03T20:45:38.734+0000] {processor.py:753} INFO - DAG(s) dict_keys(['example_branch_operator']) retrieved from /usr/local/lib/python3.9/site-packages/airflow/example_dags/example_branch_operator.py
[2024-10-03T20:45:38.750+0000] {logging_mixin.py:137} INFO - [2024-10-03T20:45:38.750+0000] {dag.py:2705} INFO - Sync 1 DAGs
[2024-10-03T20:45:38.763+0000] {logging_mixin.py:137} INFO - [2024-10-03T20:45:38.763+0000] {dag.py:3452} INFO - Setting next_dagrun for example_branch_operator to 2024-10-02T00:00:00+00:00, run_after=2024-10-03T00:00:00+00:00
[2024-10-03T20:45:38.773+0000] {processor.py:175} INFO - Processing /usr/local/lib/python3.9/site-packages/airflow/example_dags/example_branch_operator.py took 0.060 seconds
[2024-10-03T20:46:09.611+0000] {processor.py:153} INFO - Started process (PID=6091) to work on /usr/local/lib/python3.9/site-packages/airflow/example_dags/example_branch_operator.py
[2024-10-03T20:46:09.612+0000] {processor.py:743} INFO - Processing file /usr/local/lib/python3.9/site-packages/airflow/example_dags/example_branch_operator.py for tasks to queue
[2024-10-03T20:46:09.613+0000] {logging_mixin.py:137} INFO - [2024-10-03T20:46:09.613+0000] {dagbag.py:532} INFO - Filling up the DagBag from /usr/local/lib/python3.9/site-packages/airflow/example_dags/example_branch_operator.py
[2024-10-03T20:46:09.634+0000] {processor.py:753} INFO - DAG(s) dict_keys(['example_branch_operator']) retrieved from /usr/local/lib/python3.9/site-packages/airflow/example_dags/example_branch_operator.py
[2024-10-03T20:46:09.651+0000] {logging_mixin.py:137} INFO - [2024-10-03T20:46:09.651+0000] {dag.py:2705} INFO - Sync 1 DAGs
[2024-10-03T20:46:09.670+0000] {logging_mixin.py:137} INFO - [2024-10-03T20:46:09.670+0000] {dag.py:3452} INFO - Setting next_dagrun for example_branch_operator to 2024-10-02T00:00:00+00:00, run_after=2024-10-03T00:00:00+00:00
[2024-10-03T20:46:09.683+0000] {processor.py:175} INFO - Processing /usr/local/lib/python3.9/site-packages/airflow/example_dags/example_branch_operator.py took 0.075 seconds
[2024-10-03T20:46:40.259+0000] {processor.py:153} INFO - Started process (PID=6301) to work on /usr/local/lib/python3.9/site-packages/airflow/example_dags/example_branch_operator.py
[2024-10-03T20:46:40.260+0000] {processor.py:743} INFO - Processing file /usr/local/lib/python3.9/site-packages/airflow/example_dags/example_branch_operator.py for tasks to queue
[2024-10-03T20:46:40.262+0000] {logging_mixin.py:137} INFO - [2024-10-03T20:46:40.262+0000] {dagbag.py:532} INFO - Filling up the DagBag from /usr/local/lib/python3.9/site-packages/airflow/example_dags/example_branch_operator.py
[2024-10-03T20:46:40.275+0000] {processor.py:753} INFO - DAG(s) dict_keys(['example_branch_operator']) retrieved from /usr/local/lib/python3.9/site-packages/airflow/example_dags/example_branch_operator.py
[2024-10-03T20:46:40.292+0000] {logging_mixin.py:137} INFO - [2024-10-03T20:46:40.292+0000] {dag.py:2705} INFO - Sync 1 DAGs
[2024-10-03T20:46:40.304+0000] {logging_mixin.py:137} INFO - [2024-10-03T20:46:40.304+0000] {dag.py:3452} INFO - Setting next_dagrun for example_branch_operator to 2024-10-02T00:00:00+00:00, run_after=2024-10-03T00:00:00+00:00
[2024-10-03T20:46:40.318+0000] {processor.py:175} INFO - Processing /usr/local/lib/python3.9/site-packages/airflow/example_dags/example_branch_operator.py took 0.062 seconds
[2024-10-03T20:47:10.765+0000] {processor.py:153} INFO - Started process (PID=6513) to work on /usr/local/lib/python3.9/site-packages/airflow/example_dags/example_branch_operator.py
[2024-10-03T20:47:10.765+0000] {processor.py:743} INFO - Processing file /usr/local/lib/python3.9/site-packages/airflow/example_dags/example_branch_operator.py for tasks to queue
[2024-10-03T20:47:10.766+0000] {logging_mixin.py:137} INFO - [2024-10-03T20:47:10.766+0000] {dagbag.py:532} INFO - Filling up the DagBag from /usr/local/lib/python3.9/site-packages/airflow/example_dags/example_branch_operator.py
[2024-10-03T20:47:10.781+0000] {processor.py:753} INFO - DAG(s) dict_keys(['example_branch_operator']) retrieved from /usr/local/lib/python3.9/site-packages/airflow/example_dags/example_branch_operator.py
[2024-10-03T20:47:10.797+0000] {logging_mixin.py:137} INFO - [2024-10-03T20:47:10.797+0000] {dag.py:2705} INFO - Sync 1 DAGs
[2024-10-03T20:47:10.808+0000] {logging_mixin.py:137} INFO - [2024-10-03T20:47:10.808+0000] {dag.py:3452} INFO - Setting next_dagrun for example_branch_operator to 2024-10-02T00:00:00+00:00, run_after=2024-10-03T00:00:00+00:00
[2024-10-03T20:47:10.819+0000] {processor.py:175} INFO - Processing /usr/local/lib/python3.9/site-packages/airflow/example_dags/example_branch_operator.py took 0.057 seconds
[2024-10-03T20:47:41.427+0000] {processor.py:153} INFO - Started process (PID=6723) to work on /usr/local/lib/python3.9/site-packages/airflow/example_dags/example_branch_operator.py
[2024-10-03T20:47:41.428+0000] {processor.py:743} INFO - Processing file /usr/local/lib/python3.9/site-packages/airflow/example_dags/example_branch_operator.py for tasks to queue
[2024-10-03T20:47:41.429+0000] {logging_mixin.py:137} INFO - [2024-10-03T20:47:41.429+0000] {dagbag.py:532} INFO - Filling up the DagBag from /usr/local/lib/python3.9/site-packages/airflow/example_dags/example_branch_operator.py
[2024-10-03T20:47:41.442+0000] {processor.py:753} INFO - DAG(s) dict_keys(['example_branch_operator']) retrieved from /usr/local/lib/python3.9/site-packages/airflow/example_dags/example_branch_operator.py
[2024-10-03T20:47:41.458+0000] {logging_mixin.py:137} INFO - [2024-10-03T20:47:41.458+0000] {dag.py:2705} INFO - Sync 1 DAGs
[2024-10-03T20:47:41.469+0000] {logging_mixin.py:137} INFO - [2024-10-03T20:47:41.469+0000] {dag.py:3452} INFO - Setting next_dagrun for example_branch_operator to 2024-10-02T00:00:00+00:00, run_after=2024-10-03T00:00:00+00:00
[2024-10-03T20:47:41.479+0000] {processor.py:175} INFO - Processing /usr/local/lib/python3.9/site-packages/airflow/example_dags/example_branch_operator.py took 0.055 seconds
[2024-10-03T20:48:12.052+0000] {processor.py:153} INFO - Started process (PID=6934) to work on /usr/local/lib/python3.9/site-packages/airflow/example_dags/example_branch_operator.py
[2024-10-03T20:48:12.053+0000] {processor.py:743} INFO - Processing file /usr/local/lib/python3.9/site-packages/airflow/example_dags/example_branch_operator.py for tasks to queue
[2024-10-03T20:48:12.055+0000] {logging_mixin.py:137} INFO - [2024-10-03T20:48:12.055+0000] {dagbag.py:532} INFO - Filling up the DagBag from /usr/local/lib/python3.9/site-packages/airflow/example_dags/example_branch_operator.py
[2024-10-03T20:48:12.068+0000] {processor.py:753} INFO - DAG(s) dict_keys(['example_branch_operator']) retrieved from /usr/local/lib/python3.9/site-packages/airflow/example_dags/example_branch_operator.py
[2024-10-03T20:48:12.083+0000] {logging_mixin.py:137} INFO - [2024-10-03T20:48:12.083+0000] {dag.py:2705} INFO - Sync 1 DAGs
[2024-10-03T20:48:12.094+0000] {logging_mixin.py:137} INFO - [2024-10-03T20:48:12.094+0000] {dag.py:3452} INFO - Setting next_dagrun for example_branch_operator to 2024-10-02T00:00:00+00:00, run_after=2024-10-03T00:00:00+00:00
[2024-10-03T20:48:12.104+0000] {processor.py:175} INFO - Processing /usr/local/lib/python3.9/site-packages/airflow/example_dags/example_branch_operator.py took 0.055 seconds
[2024-10-03T20:48:42.832+0000] {processor.py:153} INFO - Started process (PID=7146) to work on /usr/local/lib/python3.9/site-packages/airflow/example_dags/example_branch_operator.py
[2024-10-03T20:48:42.837+0000] {processor.py:743} INFO - Processing file /usr/local/lib/python3.9/site-packages/airflow/example_dags/example_branch_operator.py for tasks to queue
[2024-10-03T20:48:42.837+0000] {logging_mixin.py:137} INFO - [2024-10-03T20:48:42.837+0000] {dagbag.py:532} INFO - Filling up the DagBag from /usr/local/lib/python3.9/site-packages/airflow/example_dags/example_branch_operator.py
[2024-10-03T20:48:42.851+0000] {processor.py:753} INFO - DAG(s) dict_keys(['example_branch_operator']) retrieved from /usr/local/lib/python3.9/site-packages/airflow/example_dags/example_branch_operator.py
[2024-10-03T20:48:42.867+0000] {logging_mixin.py:137} INFO - [2024-10-03T20:48:42.867+0000] {dag.py:2705} INFO - Sync 1 DAGs
[2024-10-03T20:48:42.880+0000] {logging_mixin.py:137} INFO - [2024-10-03T20:48:42.880+0000] {dag.py:3452} INFO - Setting next_dagrun for example_branch_operator to 2024-10-02T00:00:00+00:00, run_after=2024-10-03T00:00:00+00:00
[2024-10-03T20:48:42.890+0000] {processor.py:175} INFO - Processing /usr/local/lib/python3.9/site-packages/airflow/example_dags/example_branch_operator.py took 0.061 seconds
[2024-10-03T20:49:13.775+0000] {processor.py:153} INFO - Started process (PID=7357) to work on /usr/local/lib/python3.9/site-packages/airflow/example_dags/example_branch_operator.py
[2024-10-03T20:49:13.776+0000] {processor.py:743} INFO - Processing file /usr/local/lib/python3.9/site-packages/airflow/example_dags/example_branch_operator.py for tasks to queue
[2024-10-03T20:49:13.777+0000] {logging_mixin.py:137} INFO - [2024-10-03T20:49:13.777+0000] {dagbag.py:532} INFO - Filling up the DagBag from /usr/local/lib/python3.9/site-packages/airflow/example_dags/example_branch_operator.py
[2024-10-03T20:49:13.792+0000] {processor.py:753} INFO - DAG(s) dict_keys(['example_branch_operator']) retrieved from /usr/local/lib/python3.9/site-packages/airflow/example_dags/example_branch_operator.py
[2024-10-03T20:49:13.808+0000] {logging_mixin.py:137} INFO - [2024-10-03T20:49:13.807+0000] {dag.py:2705} INFO - Sync 1 DAGs
[2024-10-03T20:49:13.820+0000] {logging_mixin.py:137} INFO - [2024-10-03T20:49:13.820+0000] {dag.py:3452} INFO - Setting next_dagrun for example_branch_operator to 2024-10-02T00:00:00+00:00, run_after=2024-10-03T00:00:00+00:00
[2024-10-03T20:49:13.830+0000] {processor.py:175} INFO - Processing /usr/local/lib/python3.9/site-packages/airflow/example_dags/example_branch_operator.py took 0.059 seconds
[2024-10-03T20:49:44.387+0000] {processor.py:153} INFO - Started process (PID=7567) to work on /usr/local/lib/python3.9/site-packages/airflow/example_dags/example_branch_operator.py
[2024-10-03T20:49:44.388+0000] {processor.py:743} INFO - Processing file /usr/local/lib/python3.9/site-packages/airflow/example_dags/example_branch_operator.py for tasks to queue
[2024-10-03T20:49:44.391+0000] {logging_mixin.py:137} INFO - [2024-10-03T20:49:44.391+0000] {dagbag.py:532} INFO - Filling up the DagBag from /usr/local/lib/python3.9/site-packages/airflow/example_dags/example_branch_operator.py
[2024-10-03T20:49:44.404+0000] {processor.py:753} INFO - DAG(s) dict_keys(['example_branch_operator']) retrieved from /usr/local/lib/python3.9/site-packages/airflow/example_dags/example_branch_operator.py
[2024-10-03T20:49:44.420+0000] {logging_mixin.py:137} INFO - [2024-10-03T20:49:44.420+0000] {dag.py:2705} INFO - Sync 1 DAGs
[2024-10-03T20:49:44.432+0000] {logging_mixin.py:137} INFO - [2024-10-03T20:49:44.432+0000] {dag.py:3452} INFO - Setting next_dagrun for example_branch_operator to 2024-10-02T00:00:00+00:00, run_after=2024-10-03T00:00:00+00:00
[2024-10-03T20:49:44.441+0000] {processor.py:175} INFO - Processing /usr/local/lib/python3.9/site-packages/airflow/example_dags/example_branch_operator.py took 0.057 seconds
[2024-10-03T20:50:15.140+0000] {processor.py:153} INFO - Started process (PID=7779) to work on /usr/local/lib/python3.9/site-packages/airflow/example_dags/example_branch_operator.py
[2024-10-03T20:50:15.142+0000] {processor.py:743} INFO - Processing file /usr/local/lib/python3.9/site-packages/airflow/example_dags/example_branch_operator.py for tasks to queue
[2024-10-03T20:50:15.143+0000] {logging_mixin.py:137} INFO - [2024-10-03T20:50:15.143+0000] {dagbag.py:532} INFO - Filling up the DagBag from /usr/local/lib/python3.9/site-packages/airflow/example_dags/example_branch_operator.py
[2024-10-03T20:50:15.162+0000] {processor.py:753} INFO - DAG(s) dict_keys(['example_branch_operator']) retrieved from /usr/local/lib/python3.9/site-packages/airflow/example_dags/example_branch_operator.py
[2024-10-03T20:50:15.182+0000] {logging_mixin.py:137} INFO - [2024-10-03T20:50:15.182+0000] {dag.py:2705} INFO - Sync 1 DAGs
[2024-10-03T20:50:15.200+0000] {logging_mixin.py:137} INFO - [2024-10-03T20:50:15.200+0000] {dag.py:3452} INFO - Setting next_dagrun for example_branch_operator to 2024-10-02T00:00:00+00:00, run_after=2024-10-03T00:00:00+00:00
[2024-10-03T20:50:15.215+0000] {processor.py:175} INFO - Processing /usr/local/lib/python3.9/site-packages/airflow/example_dags/example_branch_operator.py took 0.078 seconds
[2024-10-03T20:50:45.930+0000] {processor.py:153} INFO - Started process (PID=7990) to work on /usr/local/lib/python3.9/site-packages/airflow/example_dags/example_branch_operator.py
[2024-10-03T20:50:45.934+0000] {processor.py:743} INFO - Processing file /usr/local/lib/python3.9/site-packages/airflow/example_dags/example_branch_operator.py for tasks to queue
[2024-10-03T20:50:45.936+0000] {logging_mixin.py:137} INFO - [2024-10-03T20:50:45.935+0000] {dagbag.py:532} INFO - Filling up the DagBag from /usr/local/lib/python3.9/site-packages/airflow/example_dags/example_branch_operator.py
[2024-10-03T20:50:45.948+0000] {processor.py:753} INFO - DAG(s) dict_keys(['example_branch_operator']) retrieved from /usr/local/lib/python3.9/site-packages/airflow/example_dags/example_branch_operator.py
[2024-10-03T20:50:45.964+0000] {logging_mixin.py:137} INFO - [2024-10-03T20:50:45.964+0000] {dag.py:2705} INFO - Sync 1 DAGs
[2024-10-03T20:50:45.975+0000] {logging_mixin.py:137} INFO - [2024-10-03T20:50:45.975+0000] {dag.py:3452} INFO - Setting next_dagrun for example_branch_operator to 2024-10-02T00:00:00+00:00, run_after=2024-10-03T00:00:00+00:00
[2024-10-03T20:50:45.985+0000] {processor.py:175} INFO - Processing /usr/local/lib/python3.9/site-packages/airflow/example_dags/example_branch_operator.py took 0.059 seconds
[2024-10-03T20:51:16.665+0000] {processor.py:153} INFO - Started process (PID=8201) to work on /usr/local/lib/python3.9/site-packages/airflow/example_dags/example_branch_operator.py
[2024-10-03T20:51:16.668+0000] {processor.py:743} INFO - Processing file /usr/local/lib/python3.9/site-packages/airflow/example_dags/example_branch_operator.py for tasks to queue
[2024-10-03T20:51:16.671+0000] {logging_mixin.py:137} INFO - [2024-10-03T20:51:16.671+0000] {dagbag.py:532} INFO - Filling up the DagBag from /usr/local/lib/python3.9/site-packages/airflow/example_dags/example_branch_operator.py
[2024-10-03T20:51:16.687+0000] {processor.py:753} INFO - DAG(s) dict_keys(['example_branch_operator']) retrieved from /usr/local/lib/python3.9/site-packages/airflow/example_dags/example_branch_operator.py
[2024-10-03T20:51:16.710+0000] {logging_mixin.py:137} INFO - [2024-10-03T20:51:16.710+0000] {dag.py:2705} INFO - Sync 1 DAGs
[2024-10-03T20:51:16.726+0000] {logging_mixin.py:137} INFO - [2024-10-03T20:51:16.725+0000] {dag.py:3452} INFO - Setting next_dagrun for example_branch_operator to 2024-10-02T00:00:00+00:00, run_after=2024-10-03T00:00:00+00:00
[2024-10-03T20:51:16.738+0000] {processor.py:175} INFO - Processing /usr/local/lib/python3.9/site-packages/airflow/example_dags/example_branch_operator.py took 0.077 seconds
[2024-10-03T20:51:47.773+0000] {processor.py:153} INFO - Started process (PID=8411) to work on /usr/local/lib/python3.9/site-packages/airflow/example_dags/example_branch_operator.py
[2024-10-03T20:51:47.775+0000] {processor.py:743} INFO - Processing file /usr/local/lib/python3.9/site-packages/airflow/example_dags/example_branch_operator.py for tasks to queue
[2024-10-03T20:51:47.776+0000] {logging_mixin.py:137} INFO - [2024-10-03T20:51:47.776+0000] {dagbag.py:532} INFO - Filling up the DagBag from /usr/local/lib/python3.9/site-packages/airflow/example_dags/example_branch_operator.py
[2024-10-03T20:51:47.796+0000] {processor.py:753} INFO - DAG(s) dict_keys(['example_branch_operator']) retrieved from /usr/local/lib/python3.9/site-packages/airflow/example_dags/example_branch_operator.py
[2024-10-03T20:51:47.823+0000] {logging_mixin.py:137} INFO - [2024-10-03T20:51:47.823+0000] {dag.py:2705} INFO - Sync 1 DAGs
[2024-10-03T20:51:47.849+0000] {logging_mixin.py:137} INFO - [2024-10-03T20:51:47.849+0000] {dag.py:3452} INFO - Setting next_dagrun for example_branch_operator to 2024-10-02T00:00:00+00:00, run_after=2024-10-03T00:00:00+00:00
[2024-10-03T20:51:47.860+0000] {processor.py:175} INFO - Processing /usr/local/lib/python3.9/site-packages/airflow/example_dags/example_branch_operator.py took 0.092 seconds
[2024-10-03T20:52:18.869+0000] {processor.py:153} INFO - Started process (PID=8623) to work on /usr/local/lib/python3.9/site-packages/airflow/example_dags/example_branch_operator.py
[2024-10-03T20:52:18.869+0000] {processor.py:743} INFO - Processing file /usr/local/lib/python3.9/site-packages/airflow/example_dags/example_branch_operator.py for tasks to queue
[2024-10-03T20:52:18.870+0000] {logging_mixin.py:137} INFO - [2024-10-03T20:52:18.870+0000] {dagbag.py:532} INFO - Filling up the DagBag from /usr/local/lib/python3.9/site-packages/airflow/example_dags/example_branch_operator.py
[2024-10-03T20:52:18.883+0000] {processor.py:753} INFO - DAG(s) dict_keys(['example_branch_operator']) retrieved from /usr/local/lib/python3.9/site-packages/airflow/example_dags/example_branch_operator.py
[2024-10-03T20:52:18.902+0000] {logging_mixin.py:137} INFO - [2024-10-03T20:52:18.902+0000] {dag.py:2705} INFO - Sync 1 DAGs
[2024-10-03T20:52:18.915+0000] {logging_mixin.py:137} INFO - [2024-10-03T20:52:18.915+0000] {dag.py:3452} INFO - Setting next_dagrun for example_branch_operator to 2024-10-02T00:00:00+00:00, run_after=2024-10-03T00:00:00+00:00
[2024-10-03T20:52:18.927+0000] {processor.py:175} INFO - Processing /usr/local/lib/python3.9/site-packages/airflow/example_dags/example_branch_operator.py took 0.060 seconds
[2024-10-03T20:52:49.879+0000] {processor.py:153} INFO - Started process (PID=8833) to work on /usr/local/lib/python3.9/site-packages/airflow/example_dags/example_branch_operator.py
[2024-10-03T20:52:49.887+0000] {processor.py:743} INFO - Processing file /usr/local/lib/python3.9/site-packages/airflow/example_dags/example_branch_operator.py for tasks to queue
[2024-10-03T20:52:49.888+0000] {logging_mixin.py:137} INFO - [2024-10-03T20:52:49.888+0000] {dagbag.py:532} INFO - Filling up the DagBag from /usr/local/lib/python3.9/site-packages/airflow/example_dags/example_branch_operator.py
[2024-10-03T20:52:49.904+0000] {processor.py:753} INFO - DAG(s) dict_keys(['example_branch_operator']) retrieved from /usr/local/lib/python3.9/site-packages/airflow/example_dags/example_branch_operator.py
[2024-10-03T20:52:49.920+0000] {logging_mixin.py:137} INFO - [2024-10-03T20:52:49.920+0000] {dag.py:2705} INFO - Sync 1 DAGs
[2024-10-03T20:52:49.932+0000] {logging_mixin.py:137} INFO - [2024-10-03T20:52:49.932+0000] {dag.py:3452} INFO - Setting next_dagrun for example_branch_operator to 2024-10-02T00:00:00+00:00, run_after=2024-10-03T00:00:00+00:00
[2024-10-03T20:52:49.944+0000] {processor.py:175} INFO - Processing /usr/local/lib/python3.9/site-packages/airflow/example_dags/example_branch_operator.py took 0.070 seconds
