[2024-10-03T20:32:01.092+0000] {processor.py:153} INFO - Started process (PID=235) to work on /usr/local/lib/python3.9/site-packages/airflow/example_dags/example_trigger_target_dag.py
[2024-10-03T20:32:01.094+0000] {processor.py:743} INFO - Processing file /usr/local/lib/python3.9/site-packages/airflow/example_dags/example_trigger_target_dag.py for tasks to queue
[2024-10-03T20:32:01.097+0000] {logging_mixin.py:137} INFO - [2024-10-03T20:32:01.097+0000] {dagbag.py:532} INFO - Filling up the DagBag from /usr/local/lib/python3.9/site-packages/airflow/example_dags/example_trigger_target_dag.py
[2024-10-03T20:32:01.120+0000] {processor.py:753} INFO - DAG(s) dict_keys(['example_trigger_target_dag']) retrieved from /usr/local/lib/python3.9/site-packages/airflow/example_dags/example_trigger_target_dag.py
[2024-10-03T20:32:01.131+0000] {logging_mixin.py:137} INFO - [2024-10-03T20:32:01.131+0000] {dag.py:2705} INFO - Sync 1 DAGs
[2024-10-03T20:32:01.152+0000] {logging_mixin.py:137} INFO - [2024-10-03T20:32:01.152+0000] {dag.py:3452} INFO - Setting next_dagrun for example_trigger_target_dag to None, run_after=None
[2024-10-03T20:32:01.165+0000] {processor.py:175} INFO - Processing /usr/local/lib/python3.9/site-packages/airflow/example_dags/example_trigger_target_dag.py took 0.077 seconds
[2024-10-03T20:32:31.823+0000] {processor.py:153} INFO - Started process (PID=450) to work on /usr/local/lib/python3.9/site-packages/airflow/example_dags/example_trigger_target_dag.py
[2024-10-03T20:32:31.825+0000] {processor.py:743} INFO - Processing file /usr/local/lib/python3.9/site-packages/airflow/example_dags/example_trigger_target_dag.py for tasks to queue
[2024-10-03T20:32:31.826+0000] {logging_mixin.py:137} INFO - [2024-10-03T20:32:31.826+0000] {dagbag.py:532} INFO - Filling up the DagBag from /usr/local/lib/python3.9/site-packages/airflow/example_dags/example_trigger_target_dag.py
[2024-10-03T20:32:31.845+0000] {processor.py:753} INFO - DAG(s) dict_keys(['example_trigger_target_dag']) retrieved from /usr/local/lib/python3.9/site-packages/airflow/example_dags/example_trigger_target_dag.py
[2024-10-03T20:32:31.870+0000] {logging_mixin.py:137} INFO - [2024-10-03T20:32:31.870+0000] {dag.py:2705} INFO - Sync 1 DAGs
[2024-10-03T20:32:31.901+0000] {logging_mixin.py:137} INFO - [2024-10-03T20:32:31.901+0000] {dag.py:3452} INFO - Setting next_dagrun for example_trigger_target_dag to None, run_after=None
[2024-10-03T20:32:31.915+0000] {processor.py:175} INFO - Processing /usr/local/lib/python3.9/site-packages/airflow/example_dags/example_trigger_target_dag.py took 0.093 seconds
[2024-10-03T20:33:04.806+0000] {processor.py:153} INFO - Started process (PID=661) to work on /usr/local/lib/python3.9/site-packages/airflow/example_dags/example_trigger_target_dag.py
[2024-10-03T20:33:04.819+0000] {processor.py:743} INFO - Processing file /usr/local/lib/python3.9/site-packages/airflow/example_dags/example_trigger_target_dag.py for tasks to queue
[2024-10-03T20:33:04.820+0000] {logging_mixin.py:137} INFO - [2024-10-03T20:33:04.819+0000] {dagbag.py:532} INFO - Filling up the DagBag from /usr/local/lib/python3.9/site-packages/airflow/example_dags/example_trigger_target_dag.py
[2024-10-03T20:33:04.834+0000] {processor.py:753} INFO - DAG(s) dict_keys(['example_trigger_target_dag']) retrieved from /usr/local/lib/python3.9/site-packages/airflow/example_dags/example_trigger_target_dag.py
[2024-10-03T20:33:04.858+0000] {logging_mixin.py:137} INFO - [2024-10-03T20:33:04.858+0000] {dag.py:2705} INFO - Sync 1 DAGs
[2024-10-03T20:33:04.882+0000] {logging_mixin.py:137} INFO - [2024-10-03T20:33:04.882+0000] {dag.py:3452} INFO - Setting next_dagrun for example_trigger_target_dag to None, run_after=None
[2024-10-03T20:33:04.935+0000] {processor.py:175} INFO - Processing /usr/local/lib/python3.9/site-packages/airflow/example_dags/example_trigger_target_dag.py took 0.130 seconds
[2024-10-03T20:33:35.211+0000] {processor.py:153} INFO - Started process (PID=872) to work on /usr/local/lib/python3.9/site-packages/airflow/example_dags/example_trigger_target_dag.py
[2024-10-03T20:33:35.212+0000] {processor.py:743} INFO - Processing file /usr/local/lib/python3.9/site-packages/airflow/example_dags/example_trigger_target_dag.py for tasks to queue
[2024-10-03T20:33:35.213+0000] {logging_mixin.py:137} INFO - [2024-10-03T20:33:35.213+0000] {dagbag.py:532} INFO - Filling up the DagBag from /usr/local/lib/python3.9/site-packages/airflow/example_dags/example_trigger_target_dag.py
[2024-10-03T20:33:35.225+0000] {processor.py:753} INFO - DAG(s) dict_keys(['example_trigger_target_dag']) retrieved from /usr/local/lib/python3.9/site-packages/airflow/example_dags/example_trigger_target_dag.py
[2024-10-03T20:33:35.234+0000] {logging_mixin.py:137} INFO - [2024-10-03T20:33:35.234+0000] {dag.py:2705} INFO - Sync 1 DAGs
[2024-10-03T20:33:35.244+0000] {logging_mixin.py:137} INFO - [2024-10-03T20:33:35.244+0000] {dag.py:3452} INFO - Setting next_dagrun for example_trigger_target_dag to None, run_after=None
[2024-10-03T20:33:35.252+0000] {processor.py:175} INFO - Processing /usr/local/lib/python3.9/site-packages/airflow/example_dags/example_trigger_target_dag.py took 0.043 seconds
[2024-10-03T20:34:06.850+0000] {processor.py:153} INFO - Started process (PID=1083) to work on /usr/local/lib/python3.9/site-packages/airflow/example_dags/example_trigger_target_dag.py
[2024-10-03T20:34:06.853+0000] {processor.py:743} INFO - Processing file /usr/local/lib/python3.9/site-packages/airflow/example_dags/example_trigger_target_dag.py for tasks to queue
[2024-10-03T20:34:06.854+0000] {logging_mixin.py:137} INFO - [2024-10-03T20:34:06.854+0000] {dagbag.py:532} INFO - Filling up the DagBag from /usr/local/lib/python3.9/site-packages/airflow/example_dags/example_trigger_target_dag.py
[2024-10-03T20:34:06.868+0000] {processor.py:753} INFO - DAG(s) dict_keys(['example_trigger_target_dag']) retrieved from /usr/local/lib/python3.9/site-packages/airflow/example_dags/example_trigger_target_dag.py
[2024-10-03T20:34:06.886+0000] {logging_mixin.py:137} INFO - [2024-10-03T20:34:06.885+0000] {dag.py:2705} INFO - Sync 1 DAGs
[2024-10-03T20:34:06.911+0000] {logging_mixin.py:137} INFO - [2024-10-03T20:34:06.910+0000] {dag.py:3452} INFO - Setting next_dagrun for example_trigger_target_dag to None, run_after=None
[2024-10-03T20:34:06.929+0000] {processor.py:175} INFO - Processing /usr/local/lib/python3.9/site-packages/airflow/example_dags/example_trigger_target_dag.py took 0.085 seconds
[2024-10-03T20:34:38.279+0000] {processor.py:153} INFO - Started process (PID=1294) to work on /usr/local/lib/python3.9/site-packages/airflow/example_dags/example_trigger_target_dag.py
[2024-10-03T20:34:38.286+0000] {processor.py:743} INFO - Processing file /usr/local/lib/python3.9/site-packages/airflow/example_dags/example_trigger_target_dag.py for tasks to queue
[2024-10-03T20:34:38.289+0000] {logging_mixin.py:137} INFO - [2024-10-03T20:34:38.287+0000] {dagbag.py:532} INFO - Filling up the DagBag from /usr/local/lib/python3.9/site-packages/airflow/example_dags/example_trigger_target_dag.py
[2024-10-03T20:34:38.326+0000] {processor.py:753} INFO - DAG(s) dict_keys(['example_trigger_target_dag']) retrieved from /usr/local/lib/python3.9/site-packages/airflow/example_dags/example_trigger_target_dag.py
[2024-10-03T20:34:38.450+0000] {logging_mixin.py:137} INFO - [2024-10-03T20:34:38.449+0000] {dag.py:2705} INFO - Sync 1 DAGs
[2024-10-03T20:34:38.509+0000] {logging_mixin.py:137} INFO - [2024-10-03T20:34:38.508+0000] {dag.py:3452} INFO - Setting next_dagrun for example_trigger_target_dag to None, run_after=None
[2024-10-03T20:34:38.563+0000] {processor.py:175} INFO - Processing /usr/local/lib/python3.9/site-packages/airflow/example_dags/example_trigger_target_dag.py took 0.288 seconds
[2024-10-03T20:35:11.710+0000] {processor.py:153} INFO - Started process (PID=1505) to work on /usr/local/lib/python3.9/site-packages/airflow/example_dags/example_trigger_target_dag.py
[2024-10-03T20:35:11.718+0000] {processor.py:743} INFO - Processing file /usr/local/lib/python3.9/site-packages/airflow/example_dags/example_trigger_target_dag.py for tasks to queue
[2024-10-03T20:35:11.718+0000] {logging_mixin.py:137} INFO - [2024-10-03T20:35:11.718+0000] {dagbag.py:532} INFO - Filling up the DagBag from /usr/local/lib/python3.9/site-packages/airflow/example_dags/example_trigger_target_dag.py
[2024-10-03T20:35:11.731+0000] {processor.py:753} INFO - DAG(s) dict_keys(['example_trigger_target_dag']) retrieved from /usr/local/lib/python3.9/site-packages/airflow/example_dags/example_trigger_target_dag.py
[2024-10-03T20:35:11.747+0000] {logging_mixin.py:137} INFO - [2024-10-03T20:35:11.746+0000] {dag.py:2705} INFO - Sync 1 DAGs
[2024-10-03T20:35:11.758+0000] {logging_mixin.py:137} INFO - [2024-10-03T20:35:11.758+0000] {dag.py:3452} INFO - Setting next_dagrun for example_trigger_target_dag to None, run_after=None
[2024-10-03T20:35:11.775+0000] {processor.py:175} INFO - Processing /usr/local/lib/python3.9/site-packages/airflow/example_dags/example_trigger_target_dag.py took 0.069 seconds
[2024-10-03T20:35:42.395+0000] {processor.py:153} INFO - Started process (PID=1710) to work on /usr/local/lib/python3.9/site-packages/airflow/example_dags/example_trigger_target_dag.py
[2024-10-03T20:35:42.398+0000] {processor.py:743} INFO - Processing file /usr/local/lib/python3.9/site-packages/airflow/example_dags/example_trigger_target_dag.py for tasks to queue
[2024-10-03T20:35:42.398+0000] {logging_mixin.py:137} INFO - [2024-10-03T20:35:42.398+0000] {dagbag.py:532} INFO - Filling up the DagBag from /usr/local/lib/python3.9/site-packages/airflow/example_dags/example_trigger_target_dag.py
[2024-10-03T20:35:42.412+0000] {processor.py:753} INFO - DAG(s) dict_keys(['example_trigger_target_dag']) retrieved from /usr/local/lib/python3.9/site-packages/airflow/example_dags/example_trigger_target_dag.py
[2024-10-03T20:35:42.424+0000] {logging_mixin.py:137} INFO - [2024-10-03T20:35:42.424+0000] {dag.py:2705} INFO - Sync 1 DAGs
[2024-10-03T20:35:42.436+0000] {logging_mixin.py:137} INFO - [2024-10-03T20:35:42.436+0000] {dag.py:3452} INFO - Setting next_dagrun for example_trigger_target_dag to None, run_after=None
[2024-10-03T20:35:42.545+0000] {processor.py:175} INFO - Processing /usr/local/lib/python3.9/site-packages/airflow/example_dags/example_trigger_target_dag.py took 0.151 seconds
[2024-10-03T20:36:13.983+0000] {processor.py:153} INFO - Started process (PID=1923) to work on /usr/local/lib/python3.9/site-packages/airflow/example_dags/example_trigger_target_dag.py
[2024-10-03T20:36:13.986+0000] {processor.py:743} INFO - Processing file /usr/local/lib/python3.9/site-packages/airflow/example_dags/example_trigger_target_dag.py for tasks to queue
[2024-10-03T20:36:13.987+0000] {logging_mixin.py:137} INFO - [2024-10-03T20:36:13.987+0000] {dagbag.py:532} INFO - Filling up the DagBag from /usr/local/lib/python3.9/site-packages/airflow/example_dags/example_trigger_target_dag.py
[2024-10-03T20:36:14.001+0000] {processor.py:753} INFO - DAG(s) dict_keys(['example_trigger_target_dag']) retrieved from /usr/local/lib/python3.9/site-packages/airflow/example_dags/example_trigger_target_dag.py
[2024-10-03T20:36:14.022+0000] {logging_mixin.py:137} INFO - [2024-10-03T20:36:14.022+0000] {dag.py:2705} INFO - Sync 1 DAGs
[2024-10-03T20:36:14.102+0000] {logging_mixin.py:137} INFO - [2024-10-03T20:36:14.101+0000] {dag.py:3452} INFO - Setting next_dagrun for example_trigger_target_dag to None, run_after=None
[2024-10-03T20:36:14.113+0000] {processor.py:175} INFO - Processing /usr/local/lib/python3.9/site-packages/airflow/example_dags/example_trigger_target_dag.py took 0.137 seconds
[2024-10-03T20:36:44.700+0000] {processor.py:153} INFO - Started process (PID=2134) to work on /usr/local/lib/python3.9/site-packages/airflow/example_dags/example_trigger_target_dag.py
[2024-10-03T20:36:44.702+0000] {processor.py:743} INFO - Processing file /usr/local/lib/python3.9/site-packages/airflow/example_dags/example_trigger_target_dag.py for tasks to queue
[2024-10-03T20:36:44.702+0000] {logging_mixin.py:137} INFO - [2024-10-03T20:36:44.702+0000] {dagbag.py:532} INFO - Filling up the DagBag from /usr/local/lib/python3.9/site-packages/airflow/example_dags/example_trigger_target_dag.py
[2024-10-03T20:36:44.712+0000] {processor.py:753} INFO - DAG(s) dict_keys(['example_trigger_target_dag']) retrieved from /usr/local/lib/python3.9/site-packages/airflow/example_dags/example_trigger_target_dag.py
[2024-10-03T20:36:44.764+0000] {logging_mixin.py:137} INFO - [2024-10-03T20:36:44.764+0000] {dag.py:2705} INFO - Sync 1 DAGs
[2024-10-03T20:36:44.772+0000] {logging_mixin.py:137} INFO - [2024-10-03T20:36:44.772+0000] {dag.py:3452} INFO - Setting next_dagrun for example_trigger_target_dag to None, run_after=None
[2024-10-03T20:36:44.778+0000] {processor.py:175} INFO - Processing /usr/local/lib/python3.9/site-packages/airflow/example_dags/example_trigger_target_dag.py took 0.080 seconds
[2024-10-03T20:37:15.595+0000] {processor.py:153} INFO - Started process (PID=2345) to work on /usr/local/lib/python3.9/site-packages/airflow/example_dags/example_trigger_target_dag.py
[2024-10-03T20:37:15.596+0000] {processor.py:743} INFO - Processing file /usr/local/lib/python3.9/site-packages/airflow/example_dags/example_trigger_target_dag.py for tasks to queue
[2024-10-03T20:37:15.596+0000] {logging_mixin.py:137} INFO - [2024-10-03T20:37:15.596+0000] {dagbag.py:532} INFO - Filling up the DagBag from /usr/local/lib/python3.9/site-packages/airflow/example_dags/example_trigger_target_dag.py
[2024-10-03T20:37:15.666+0000] {processor.py:753} INFO - DAG(s) dict_keys(['example_trigger_target_dag']) retrieved from /usr/local/lib/python3.9/site-packages/airflow/example_dags/example_trigger_target_dag.py
[2024-10-03T20:37:15.675+0000] {logging_mixin.py:137} INFO - [2024-10-03T20:37:15.675+0000] {dag.py:2705} INFO - Sync 1 DAGs
[2024-10-03T20:37:15.684+0000] {logging_mixin.py:137} INFO - [2024-10-03T20:37:15.684+0000] {dag.py:3452} INFO - Setting next_dagrun for example_trigger_target_dag to None, run_after=None
[2024-10-03T20:37:15.691+0000] {processor.py:175} INFO - Processing /usr/local/lib/python3.9/site-packages/airflow/example_dags/example_trigger_target_dag.py took 0.097 seconds
[2024-10-03T20:37:46.311+0000] {processor.py:153} INFO - Started process (PID=2556) to work on /usr/local/lib/python3.9/site-packages/airflow/example_dags/example_trigger_target_dag.py
[2024-10-03T20:37:46.311+0000] {processor.py:743} INFO - Processing file /usr/local/lib/python3.9/site-packages/airflow/example_dags/example_trigger_target_dag.py for tasks to queue
[2024-10-03T20:37:46.312+0000] {logging_mixin.py:137} INFO - [2024-10-03T20:37:46.312+0000] {dagbag.py:532} INFO - Filling up the DagBag from /usr/local/lib/python3.9/site-packages/airflow/example_dags/example_trigger_target_dag.py
[2024-10-03T20:37:46.322+0000] {processor.py:753} INFO - DAG(s) dict_keys(['example_trigger_target_dag']) retrieved from /usr/local/lib/python3.9/site-packages/airflow/example_dags/example_trigger_target_dag.py
[2024-10-03T20:37:46.332+0000] {logging_mixin.py:137} INFO - [2024-10-03T20:37:46.331+0000] {dag.py:2705} INFO - Sync 1 DAGs
[2024-10-03T20:37:46.340+0000] {logging_mixin.py:137} INFO - [2024-10-03T20:37:46.340+0000] {dag.py:3452} INFO - Setting next_dagrun for example_trigger_target_dag to None, run_after=None
[2024-10-03T20:37:46.347+0000] {processor.py:175} INFO - Processing /usr/local/lib/python3.9/site-packages/airflow/example_dags/example_trigger_target_dag.py took 0.037 seconds
[2024-10-03T20:38:16.521+0000] {processor.py:153} INFO - Started process (PID=2767) to work on /usr/local/lib/python3.9/site-packages/airflow/example_dags/example_trigger_target_dag.py
[2024-10-03T20:38:16.522+0000] {processor.py:743} INFO - Processing file /usr/local/lib/python3.9/site-packages/airflow/example_dags/example_trigger_target_dag.py for tasks to queue
[2024-10-03T20:38:16.522+0000] {logging_mixin.py:137} INFO - [2024-10-03T20:38:16.522+0000] {dagbag.py:532} INFO - Filling up the DagBag from /usr/local/lib/python3.9/site-packages/airflow/example_dags/example_trigger_target_dag.py
[2024-10-03T20:38:16.534+0000] {processor.py:753} INFO - DAG(s) dict_keys(['example_trigger_target_dag']) retrieved from /usr/local/lib/python3.9/site-packages/airflow/example_dags/example_trigger_target_dag.py
[2024-10-03T20:38:16.547+0000] {logging_mixin.py:137} INFO - [2024-10-03T20:38:16.547+0000] {dag.py:2705} INFO - Sync 1 DAGs
[2024-10-03T20:38:16.557+0000] {logging_mixin.py:137} INFO - [2024-10-03T20:38:16.557+0000] {dag.py:3452} INFO - Setting next_dagrun for example_trigger_target_dag to None, run_after=None
[2024-10-03T20:38:16.569+0000] {processor.py:175} INFO - Processing /usr/local/lib/python3.9/site-packages/airflow/example_dags/example_trigger_target_dag.py took 0.050 seconds
[2024-10-03T20:38:47.325+0000] {processor.py:153} INFO - Started process (PID=2978) to work on /usr/local/lib/python3.9/site-packages/airflow/example_dags/example_trigger_target_dag.py
[2024-10-03T20:38:47.325+0000] {processor.py:743} INFO - Processing file /usr/local/lib/python3.9/site-packages/airflow/example_dags/example_trigger_target_dag.py for tasks to queue
[2024-10-03T20:38:47.325+0000] {logging_mixin.py:137} INFO - [2024-10-03T20:38:47.325+0000] {dagbag.py:532} INFO - Filling up the DagBag from /usr/local/lib/python3.9/site-packages/airflow/example_dags/example_trigger_target_dag.py
[2024-10-03T20:38:47.335+0000] {processor.py:753} INFO - DAG(s) dict_keys(['example_trigger_target_dag']) retrieved from /usr/local/lib/python3.9/site-packages/airflow/example_dags/example_trigger_target_dag.py
[2024-10-03T20:38:47.343+0000] {logging_mixin.py:137} INFO - [2024-10-03T20:38:47.343+0000] {dag.py:2705} INFO - Sync 1 DAGs
[2024-10-03T20:38:47.351+0000] {logging_mixin.py:137} INFO - [2024-10-03T20:38:47.351+0000] {dag.py:3452} INFO - Setting next_dagrun for example_trigger_target_dag to None, run_after=None
[2024-10-03T20:38:47.358+0000] {processor.py:175} INFO - Processing /usr/local/lib/python3.9/site-packages/airflow/example_dags/example_trigger_target_dag.py took 0.035 seconds
[2024-10-03T20:39:18.140+0000] {processor.py:153} INFO - Started process (PID=3189) to work on /usr/local/lib/python3.9/site-packages/airflow/example_dags/example_trigger_target_dag.py
[2024-10-03T20:39:18.140+0000] {processor.py:743} INFO - Processing file /usr/local/lib/python3.9/site-packages/airflow/example_dags/example_trigger_target_dag.py for tasks to queue
[2024-10-03T20:39:18.141+0000] {logging_mixin.py:137} INFO - [2024-10-03T20:39:18.141+0000] {dagbag.py:532} INFO - Filling up the DagBag from /usr/local/lib/python3.9/site-packages/airflow/example_dags/example_trigger_target_dag.py
[2024-10-03T20:39:18.154+0000] {processor.py:753} INFO - DAG(s) dict_keys(['example_trigger_target_dag']) retrieved from /usr/local/lib/python3.9/site-packages/airflow/example_dags/example_trigger_target_dag.py
[2024-10-03T20:39:18.165+0000] {logging_mixin.py:137} INFO - [2024-10-03T20:39:18.165+0000] {dag.py:2705} INFO - Sync 1 DAGs
[2024-10-03T20:39:18.173+0000] {logging_mixin.py:137} INFO - [2024-10-03T20:39:18.173+0000] {dag.py:3452} INFO - Setting next_dagrun for example_trigger_target_dag to None, run_after=None
[2024-10-03T20:39:18.179+0000] {processor.py:175} INFO - Processing /usr/local/lib/python3.9/site-packages/airflow/example_dags/example_trigger_target_dag.py took 0.041 seconds
[2024-10-03T20:39:48.884+0000] {processor.py:153} INFO - Started process (PID=3400) to work on /usr/local/lib/python3.9/site-packages/airflow/example_dags/example_trigger_target_dag.py
[2024-10-03T20:39:48.884+0000] {processor.py:743} INFO - Processing file /usr/local/lib/python3.9/site-packages/airflow/example_dags/example_trigger_target_dag.py for tasks to queue
[2024-10-03T20:39:48.885+0000] {logging_mixin.py:137} INFO - [2024-10-03T20:39:48.885+0000] {dagbag.py:532} INFO - Filling up the DagBag from /usr/local/lib/python3.9/site-packages/airflow/example_dags/example_trigger_target_dag.py
[2024-10-03T20:39:48.902+0000] {processor.py:753} INFO - DAG(s) dict_keys(['example_trigger_target_dag']) retrieved from /usr/local/lib/python3.9/site-packages/airflow/example_dags/example_trigger_target_dag.py
[2024-10-03T20:39:48.915+0000] {logging_mixin.py:137} INFO - [2024-10-03T20:39:48.915+0000] {dag.py:2705} INFO - Sync 1 DAGs
[2024-10-03T20:39:48.924+0000] {logging_mixin.py:137} INFO - [2024-10-03T20:39:48.924+0000] {dag.py:3452} INFO - Setting next_dagrun for example_trigger_target_dag to None, run_after=None
[2024-10-03T20:39:48.931+0000] {processor.py:175} INFO - Processing /usr/local/lib/python3.9/site-packages/airflow/example_dags/example_trigger_target_dag.py took 0.048 seconds
[2024-10-03T20:40:19.793+0000] {processor.py:153} INFO - Started process (PID=3611) to work on /usr/local/lib/python3.9/site-packages/airflow/example_dags/example_trigger_target_dag.py
[2024-10-03T20:40:19.794+0000] {processor.py:743} INFO - Processing file /usr/local/lib/python3.9/site-packages/airflow/example_dags/example_trigger_target_dag.py for tasks to queue
[2024-10-03T20:40:19.794+0000] {logging_mixin.py:137} INFO - [2024-10-03T20:40:19.794+0000] {dagbag.py:532} INFO - Filling up the DagBag from /usr/local/lib/python3.9/site-packages/airflow/example_dags/example_trigger_target_dag.py
[2024-10-03T20:40:19.805+0000] {processor.py:753} INFO - DAG(s) dict_keys(['example_trigger_target_dag']) retrieved from /usr/local/lib/python3.9/site-packages/airflow/example_dags/example_trigger_target_dag.py
[2024-10-03T20:40:19.814+0000] {logging_mixin.py:137} INFO - [2024-10-03T20:40:19.814+0000] {dag.py:2705} INFO - Sync 1 DAGs
[2024-10-03T20:40:19.823+0000] {logging_mixin.py:137} INFO - [2024-10-03T20:40:19.823+0000] {dag.py:3452} INFO - Setting next_dagrun for example_trigger_target_dag to None, run_after=None
[2024-10-03T20:40:19.829+0000] {processor.py:175} INFO - Processing /usr/local/lib/python3.9/site-packages/airflow/example_dags/example_trigger_target_dag.py took 0.037 seconds
[2024-10-03T20:40:50.689+0000] {processor.py:153} INFO - Started process (PID=3822) to work on /usr/local/lib/python3.9/site-packages/airflow/example_dags/example_trigger_target_dag.py
[2024-10-03T20:40:50.689+0000] {processor.py:743} INFO - Processing file /usr/local/lib/python3.9/site-packages/airflow/example_dags/example_trigger_target_dag.py for tasks to queue
[2024-10-03T20:40:50.690+0000] {logging_mixin.py:137} INFO - [2024-10-03T20:40:50.690+0000] {dagbag.py:532} INFO - Filling up the DagBag from /usr/local/lib/python3.9/site-packages/airflow/example_dags/example_trigger_target_dag.py
[2024-10-03T20:40:50.700+0000] {processor.py:753} INFO - DAG(s) dict_keys(['example_trigger_target_dag']) retrieved from /usr/local/lib/python3.9/site-packages/airflow/example_dags/example_trigger_target_dag.py
[2024-10-03T20:40:50.711+0000] {logging_mixin.py:137} INFO - [2024-10-03T20:40:50.711+0000] {dag.py:2705} INFO - Sync 1 DAGs
[2024-10-03T20:40:50.721+0000] {logging_mixin.py:137} INFO - [2024-10-03T20:40:50.721+0000] {dag.py:3452} INFO - Setting next_dagrun for example_trigger_target_dag to None, run_after=None
[2024-10-03T20:40:50.734+0000] {processor.py:175} INFO - Processing /usr/local/lib/python3.9/site-packages/airflow/example_dags/example_trigger_target_dag.py took 0.046 seconds
[2024-10-03T20:41:21.382+0000] {processor.py:153} INFO - Started process (PID=4033) to work on /usr/local/lib/python3.9/site-packages/airflow/example_dags/example_trigger_target_dag.py
[2024-10-03T20:41:21.383+0000] {processor.py:743} INFO - Processing file /usr/local/lib/python3.9/site-packages/airflow/example_dags/example_trigger_target_dag.py for tasks to queue
[2024-10-03T20:41:21.383+0000] {logging_mixin.py:137} INFO - [2024-10-03T20:41:21.383+0000] {dagbag.py:532} INFO - Filling up the DagBag from /usr/local/lib/python3.9/site-packages/airflow/example_dags/example_trigger_target_dag.py
[2024-10-03T20:41:21.395+0000] {processor.py:753} INFO - DAG(s) dict_keys(['example_trigger_target_dag']) retrieved from /usr/local/lib/python3.9/site-packages/airflow/example_dags/example_trigger_target_dag.py
[2024-10-03T20:41:21.410+0000] {logging_mixin.py:137} INFO - [2024-10-03T20:41:21.410+0000] {dag.py:2705} INFO - Sync 1 DAGs
[2024-10-03T20:41:21.420+0000] {logging_mixin.py:137} INFO - [2024-10-03T20:41:21.420+0000] {dag.py:3452} INFO - Setting next_dagrun for example_trigger_target_dag to None, run_after=None
[2024-10-03T20:41:21.427+0000] {processor.py:175} INFO - Processing /usr/local/lib/python3.9/site-packages/airflow/example_dags/example_trigger_target_dag.py took 0.047 seconds
[2024-10-03T20:41:52.000+0000] {processor.py:153} INFO - Started process (PID=4244) to work on /usr/local/lib/python3.9/site-packages/airflow/example_dags/example_trigger_target_dag.py
[2024-10-03T20:41:52.001+0000] {processor.py:743} INFO - Processing file /usr/local/lib/python3.9/site-packages/airflow/example_dags/example_trigger_target_dag.py for tasks to queue
[2024-10-03T20:41:52.002+0000] {logging_mixin.py:137} INFO - [2024-10-03T20:41:52.002+0000] {dagbag.py:532} INFO - Filling up the DagBag from /usr/local/lib/python3.9/site-packages/airflow/example_dags/example_trigger_target_dag.py
[2024-10-03T20:41:52.017+0000] {processor.py:753} INFO - DAG(s) dict_keys(['example_trigger_target_dag']) retrieved from /usr/local/lib/python3.9/site-packages/airflow/example_dags/example_trigger_target_dag.py
[2024-10-03T20:41:52.029+0000] {logging_mixin.py:137} INFO - [2024-10-03T20:41:52.029+0000] {dag.py:2705} INFO - Sync 1 DAGs
[2024-10-03T20:41:52.039+0000] {logging_mixin.py:137} INFO - [2024-10-03T20:41:52.039+0000] {dag.py:3452} INFO - Setting next_dagrun for example_trigger_target_dag to None, run_after=None
[2024-10-03T20:41:52.046+0000] {processor.py:175} INFO - Processing /usr/local/lib/python3.9/site-packages/airflow/example_dags/example_trigger_target_dag.py took 0.050 seconds
[2024-10-03T20:42:22.727+0000] {processor.py:153} INFO - Started process (PID=4455) to work on /usr/local/lib/python3.9/site-packages/airflow/example_dags/example_trigger_target_dag.py
[2024-10-03T20:42:22.728+0000] {processor.py:743} INFO - Processing file /usr/local/lib/python3.9/site-packages/airflow/example_dags/example_trigger_target_dag.py for tasks to queue
[2024-10-03T20:42:22.728+0000] {logging_mixin.py:137} INFO - [2024-10-03T20:42:22.728+0000] {dagbag.py:532} INFO - Filling up the DagBag from /usr/local/lib/python3.9/site-packages/airflow/example_dags/example_trigger_target_dag.py
[2024-10-03T20:42:22.738+0000] {processor.py:753} INFO - DAG(s) dict_keys(['example_trigger_target_dag']) retrieved from /usr/local/lib/python3.9/site-packages/airflow/example_dags/example_trigger_target_dag.py
[2024-10-03T20:42:22.752+0000] {logging_mixin.py:137} INFO - [2024-10-03T20:42:22.752+0000] {dag.py:2705} INFO - Sync 1 DAGs
[2024-10-03T20:42:22.764+0000] {logging_mixin.py:137} INFO - [2024-10-03T20:42:22.764+0000] {dag.py:3452} INFO - Setting next_dagrun for example_trigger_target_dag to None, run_after=None
[2024-10-03T20:42:22.776+0000] {processor.py:175} INFO - Processing /usr/local/lib/python3.9/site-packages/airflow/example_dags/example_trigger_target_dag.py took 0.051 seconds
[2024-10-03T20:42:53.351+0000] {processor.py:153} INFO - Started process (PID=4664) to work on /usr/local/lib/python3.9/site-packages/airflow/example_dags/example_trigger_target_dag.py
[2024-10-03T20:42:53.352+0000] {processor.py:743} INFO - Processing file /usr/local/lib/python3.9/site-packages/airflow/example_dags/example_trigger_target_dag.py for tasks to queue
[2024-10-03T20:42:53.352+0000] {logging_mixin.py:137} INFO - [2024-10-03T20:42:53.352+0000] {dagbag.py:532} INFO - Filling up the DagBag from /usr/local/lib/python3.9/site-packages/airflow/example_dags/example_trigger_target_dag.py
[2024-10-03T20:42:53.362+0000] {processor.py:753} INFO - DAG(s) dict_keys(['example_trigger_target_dag']) retrieved from /usr/local/lib/python3.9/site-packages/airflow/example_dags/example_trigger_target_dag.py
[2024-10-03T20:42:53.372+0000] {logging_mixin.py:137} INFO - [2024-10-03T20:42:53.372+0000] {dag.py:2705} INFO - Sync 1 DAGs
[2024-10-03T20:42:53.381+0000] {logging_mixin.py:137} INFO - [2024-10-03T20:42:53.381+0000] {dag.py:3452} INFO - Setting next_dagrun for example_trigger_target_dag to None, run_after=None
[2024-10-03T20:42:53.390+0000] {processor.py:175} INFO - Processing /usr/local/lib/python3.9/site-packages/airflow/example_dags/example_trigger_target_dag.py took 0.040 seconds
[2024-10-03T20:43:24.022+0000] {processor.py:153} INFO - Started process (PID=4877) to work on /usr/local/lib/python3.9/site-packages/airflow/example_dags/example_trigger_target_dag.py
[2024-10-03T20:43:24.022+0000] {processor.py:743} INFO - Processing file /usr/local/lib/python3.9/site-packages/airflow/example_dags/example_trigger_target_dag.py for tasks to queue
[2024-10-03T20:43:24.023+0000] {logging_mixin.py:137} INFO - [2024-10-03T20:43:24.023+0000] {dagbag.py:532} INFO - Filling up the DagBag from /usr/local/lib/python3.9/site-packages/airflow/example_dags/example_trigger_target_dag.py
[2024-10-03T20:43:24.033+0000] {processor.py:753} INFO - DAG(s) dict_keys(['example_trigger_target_dag']) retrieved from /usr/local/lib/python3.9/site-packages/airflow/example_dags/example_trigger_target_dag.py
[2024-10-03T20:43:24.043+0000] {logging_mixin.py:137} INFO - [2024-10-03T20:43:24.043+0000] {dag.py:2705} INFO - Sync 1 DAGs
[2024-10-03T20:43:24.053+0000] {logging_mixin.py:137} INFO - [2024-10-03T20:43:24.053+0000] {dag.py:3452} INFO - Setting next_dagrun for example_trigger_target_dag to None, run_after=None
[2024-10-03T20:43:24.065+0000] {processor.py:175} INFO - Processing /usr/local/lib/python3.9/site-packages/airflow/example_dags/example_trigger_target_dag.py took 0.045 seconds
[2024-10-03T20:43:54.570+0000] {processor.py:153} INFO - Started process (PID=5088) to work on /usr/local/lib/python3.9/site-packages/airflow/example_dags/example_trigger_target_dag.py
[2024-10-03T20:43:54.571+0000] {processor.py:743} INFO - Processing file /usr/local/lib/python3.9/site-packages/airflow/example_dags/example_trigger_target_dag.py for tasks to queue
[2024-10-03T20:43:54.571+0000] {logging_mixin.py:137} INFO - [2024-10-03T20:43:54.571+0000] {dagbag.py:532} INFO - Filling up the DagBag from /usr/local/lib/python3.9/site-packages/airflow/example_dags/example_trigger_target_dag.py
[2024-10-03T20:43:54.582+0000] {processor.py:753} INFO - DAG(s) dict_keys(['example_trigger_target_dag']) retrieved from /usr/local/lib/python3.9/site-packages/airflow/example_dags/example_trigger_target_dag.py
[2024-10-03T20:43:54.593+0000] {logging_mixin.py:137} INFO - [2024-10-03T20:43:54.593+0000] {dag.py:2705} INFO - Sync 1 DAGs
[2024-10-03T20:43:54.603+0000] {logging_mixin.py:137} INFO - [2024-10-03T20:43:54.603+0000] {dag.py:3452} INFO - Setting next_dagrun for example_trigger_target_dag to None, run_after=None
[2024-10-03T20:43:54.611+0000] {processor.py:175} INFO - Processing /usr/local/lib/python3.9/site-packages/airflow/example_dags/example_trigger_target_dag.py took 0.042 seconds
[2024-10-03T20:44:25.299+0000] {processor.py:153} INFO - Started process (PID=5299) to work on /usr/local/lib/python3.9/site-packages/airflow/example_dags/example_trigger_target_dag.py
[2024-10-03T20:44:25.299+0000] {processor.py:743} INFO - Processing file /usr/local/lib/python3.9/site-packages/airflow/example_dags/example_trigger_target_dag.py for tasks to queue
[2024-10-03T20:44:25.300+0000] {logging_mixin.py:137} INFO - [2024-10-03T20:44:25.300+0000] {dagbag.py:532} INFO - Filling up the DagBag from /usr/local/lib/python3.9/site-packages/airflow/example_dags/example_trigger_target_dag.py
[2024-10-03T20:44:25.309+0000] {processor.py:753} INFO - DAG(s) dict_keys(['example_trigger_target_dag']) retrieved from /usr/local/lib/python3.9/site-packages/airflow/example_dags/example_trigger_target_dag.py
[2024-10-03T20:44:25.319+0000] {logging_mixin.py:137} INFO - [2024-10-03T20:44:25.318+0000] {dag.py:2705} INFO - Sync 1 DAGs
[2024-10-03T20:44:25.327+0000] {logging_mixin.py:137} INFO - [2024-10-03T20:44:25.327+0000] {dag.py:3452} INFO - Setting next_dagrun for example_trigger_target_dag to None, run_after=None
[2024-10-03T20:44:25.333+0000] {processor.py:175} INFO - Processing /usr/local/lib/python3.9/site-packages/airflow/example_dags/example_trigger_target_dag.py took 0.036 seconds
[2024-10-03T20:44:55.994+0000] {processor.py:153} INFO - Started process (PID=5510) to work on /usr/local/lib/python3.9/site-packages/airflow/example_dags/example_trigger_target_dag.py
[2024-10-03T20:44:55.994+0000] {processor.py:743} INFO - Processing file /usr/local/lib/python3.9/site-packages/airflow/example_dags/example_trigger_target_dag.py for tasks to queue
[2024-10-03T20:44:55.994+0000] {logging_mixin.py:137} INFO - [2024-10-03T20:44:55.994+0000] {dagbag.py:532} INFO - Filling up the DagBag from /usr/local/lib/python3.9/site-packages/airflow/example_dags/example_trigger_target_dag.py
[2024-10-03T20:44:56.004+0000] {processor.py:753} INFO - DAG(s) dict_keys(['example_trigger_target_dag']) retrieved from /usr/local/lib/python3.9/site-packages/airflow/example_dags/example_trigger_target_dag.py
[2024-10-03T20:44:56.013+0000] {logging_mixin.py:137} INFO - [2024-10-03T20:44:56.013+0000] {dag.py:2705} INFO - Sync 1 DAGs
[2024-10-03T20:44:56.021+0000] {logging_mixin.py:137} INFO - [2024-10-03T20:44:56.021+0000] {dag.py:3452} INFO - Setting next_dagrun for example_trigger_target_dag to None, run_after=None
[2024-10-03T20:44:56.027+0000] {processor.py:175} INFO - Processing /usr/local/lib/python3.9/site-packages/airflow/example_dags/example_trigger_target_dag.py took 0.035 seconds
[2024-10-03T20:45:26.624+0000] {processor.py:153} INFO - Started process (PID=5721) to work on /usr/local/lib/python3.9/site-packages/airflow/example_dags/example_trigger_target_dag.py
[2024-10-03T20:45:26.625+0000] {processor.py:743} INFO - Processing file /usr/local/lib/python3.9/site-packages/airflow/example_dags/example_trigger_target_dag.py for tasks to queue
[2024-10-03T20:45:26.625+0000] {logging_mixin.py:137} INFO - [2024-10-03T20:45:26.625+0000] {dagbag.py:532} INFO - Filling up the DagBag from /usr/local/lib/python3.9/site-packages/airflow/example_dags/example_trigger_target_dag.py
[2024-10-03T20:45:26.635+0000] {processor.py:753} INFO - DAG(s) dict_keys(['example_trigger_target_dag']) retrieved from /usr/local/lib/python3.9/site-packages/airflow/example_dags/example_trigger_target_dag.py
[2024-10-03T20:45:26.645+0000] {logging_mixin.py:137} INFO - [2024-10-03T20:45:26.644+0000] {dag.py:2705} INFO - Sync 1 DAGs
[2024-10-03T20:45:26.653+0000] {logging_mixin.py:137} INFO - [2024-10-03T20:45:26.653+0000] {dag.py:3452} INFO - Setting next_dagrun for example_trigger_target_dag to None, run_after=None
[2024-10-03T20:45:26.660+0000] {processor.py:175} INFO - Processing /usr/local/lib/python3.9/site-packages/airflow/example_dags/example_trigger_target_dag.py took 0.037 seconds
[2024-10-03T20:45:57.382+0000] {processor.py:153} INFO - Started process (PID=5932) to work on /usr/local/lib/python3.9/site-packages/airflow/example_dags/example_trigger_target_dag.py
[2024-10-03T20:45:57.383+0000] {processor.py:743} INFO - Processing file /usr/local/lib/python3.9/site-packages/airflow/example_dags/example_trigger_target_dag.py for tasks to queue
[2024-10-03T20:45:57.383+0000] {logging_mixin.py:137} INFO - [2024-10-03T20:45:57.383+0000] {dagbag.py:532} INFO - Filling up the DagBag from /usr/local/lib/python3.9/site-packages/airflow/example_dags/example_trigger_target_dag.py
[2024-10-03T20:45:57.392+0000] {processor.py:753} INFO - DAG(s) dict_keys(['example_trigger_target_dag']) retrieved from /usr/local/lib/python3.9/site-packages/airflow/example_dags/example_trigger_target_dag.py
[2024-10-03T20:45:57.410+0000] {logging_mixin.py:137} INFO - [2024-10-03T20:45:57.410+0000] {dag.py:2705} INFO - Sync 1 DAGs
[2024-10-03T20:45:57.420+0000] {logging_mixin.py:137} INFO - [2024-10-03T20:45:57.420+0000] {dag.py:3452} INFO - Setting next_dagrun for example_trigger_target_dag to None, run_after=None
[2024-10-03T20:45:57.433+0000] {processor.py:175} INFO - Processing /usr/local/lib/python3.9/site-packages/airflow/example_dags/example_trigger_target_dag.py took 0.053 seconds
[2024-10-03T20:46:28.085+0000] {processor.py:153} INFO - Started process (PID=6143) to work on /usr/local/lib/python3.9/site-packages/airflow/example_dags/example_trigger_target_dag.py
[2024-10-03T20:46:28.086+0000] {processor.py:743} INFO - Processing file /usr/local/lib/python3.9/site-packages/airflow/example_dags/example_trigger_target_dag.py for tasks to queue
[2024-10-03T20:46:28.086+0000] {logging_mixin.py:137} INFO - [2024-10-03T20:46:28.086+0000] {dagbag.py:532} INFO - Filling up the DagBag from /usr/local/lib/python3.9/site-packages/airflow/example_dags/example_trigger_target_dag.py
[2024-10-03T20:46:28.096+0000] {processor.py:753} INFO - DAG(s) dict_keys(['example_trigger_target_dag']) retrieved from /usr/local/lib/python3.9/site-packages/airflow/example_dags/example_trigger_target_dag.py
[2024-10-03T20:46:28.106+0000] {logging_mixin.py:137} INFO - [2024-10-03T20:46:28.106+0000] {dag.py:2705} INFO - Sync 1 DAGs
[2024-10-03T20:46:28.115+0000] {logging_mixin.py:137} INFO - [2024-10-03T20:46:28.115+0000] {dag.py:3452} INFO - Setting next_dagrun for example_trigger_target_dag to None, run_after=None
[2024-10-03T20:46:28.121+0000] {processor.py:175} INFO - Processing /usr/local/lib/python3.9/site-packages/airflow/example_dags/example_trigger_target_dag.py took 0.037 seconds
[2024-10-03T20:46:58.728+0000] {processor.py:153} INFO - Started process (PID=6354) to work on /usr/local/lib/python3.9/site-packages/airflow/example_dags/example_trigger_target_dag.py
[2024-10-03T20:46:58.729+0000] {processor.py:743} INFO - Processing file /usr/local/lib/python3.9/site-packages/airflow/example_dags/example_trigger_target_dag.py for tasks to queue
[2024-10-03T20:46:58.729+0000] {logging_mixin.py:137} INFO - [2024-10-03T20:46:58.729+0000] {dagbag.py:532} INFO - Filling up the DagBag from /usr/local/lib/python3.9/site-packages/airflow/example_dags/example_trigger_target_dag.py
[2024-10-03T20:46:58.739+0000] {processor.py:753} INFO - DAG(s) dict_keys(['example_trigger_target_dag']) retrieved from /usr/local/lib/python3.9/site-packages/airflow/example_dags/example_trigger_target_dag.py
[2024-10-03T20:46:58.748+0000] {logging_mixin.py:137} INFO - [2024-10-03T20:46:58.748+0000] {dag.py:2705} INFO - Sync 1 DAGs
[2024-10-03T20:46:58.756+0000] {logging_mixin.py:137} INFO - [2024-10-03T20:46:58.756+0000] {dag.py:3452} INFO - Setting next_dagrun for example_trigger_target_dag to None, run_after=None
[2024-10-03T20:46:58.762+0000] {processor.py:175} INFO - Processing /usr/local/lib/python3.9/site-packages/airflow/example_dags/example_trigger_target_dag.py took 0.035 seconds
[2024-10-03T20:47:29.217+0000] {processor.py:153} INFO - Started process (PID=6565) to work on /usr/local/lib/python3.9/site-packages/airflow/example_dags/example_trigger_target_dag.py
[2024-10-03T20:47:29.218+0000] {processor.py:743} INFO - Processing file /usr/local/lib/python3.9/site-packages/airflow/example_dags/example_trigger_target_dag.py for tasks to queue
[2024-10-03T20:47:29.218+0000] {logging_mixin.py:137} INFO - [2024-10-03T20:47:29.218+0000] {dagbag.py:532} INFO - Filling up the DagBag from /usr/local/lib/python3.9/site-packages/airflow/example_dags/example_trigger_target_dag.py
[2024-10-03T20:47:29.227+0000] {processor.py:753} INFO - DAG(s) dict_keys(['example_trigger_target_dag']) retrieved from /usr/local/lib/python3.9/site-packages/airflow/example_dags/example_trigger_target_dag.py
[2024-10-03T20:47:29.236+0000] {logging_mixin.py:137} INFO - [2024-10-03T20:47:29.236+0000] {dag.py:2705} INFO - Sync 1 DAGs
[2024-10-03T20:47:29.244+0000] {logging_mixin.py:137} INFO - [2024-10-03T20:47:29.244+0000] {dag.py:3452} INFO - Setting next_dagrun for example_trigger_target_dag to None, run_after=None
[2024-10-03T20:47:29.250+0000] {processor.py:175} INFO - Processing /usr/local/lib/python3.9/site-packages/airflow/example_dags/example_trigger_target_dag.py took 0.034 seconds
[2024-10-03T20:47:59.937+0000] {processor.py:153} INFO - Started process (PID=6776) to work on /usr/local/lib/python3.9/site-packages/airflow/example_dags/example_trigger_target_dag.py
[2024-10-03T20:47:59.938+0000] {processor.py:743} INFO - Processing file /usr/local/lib/python3.9/site-packages/airflow/example_dags/example_trigger_target_dag.py for tasks to queue
[2024-10-03T20:47:59.938+0000] {logging_mixin.py:137} INFO - [2024-10-03T20:47:59.938+0000] {dagbag.py:532} INFO - Filling up the DagBag from /usr/local/lib/python3.9/site-packages/airflow/example_dags/example_trigger_target_dag.py
[2024-10-03T20:47:59.947+0000] {processor.py:753} INFO - DAG(s) dict_keys(['example_trigger_target_dag']) retrieved from /usr/local/lib/python3.9/site-packages/airflow/example_dags/example_trigger_target_dag.py
[2024-10-03T20:47:59.957+0000] {logging_mixin.py:137} INFO - [2024-10-03T20:47:59.957+0000] {dag.py:2705} INFO - Sync 1 DAGs
[2024-10-03T20:47:59.965+0000] {logging_mixin.py:137} INFO - [2024-10-03T20:47:59.965+0000] {dag.py:3452} INFO - Setting next_dagrun for example_trigger_target_dag to None, run_after=None
[2024-10-03T20:47:59.971+0000] {processor.py:175} INFO - Processing /usr/local/lib/python3.9/site-packages/airflow/example_dags/example_trigger_target_dag.py took 0.036 seconds
[2024-10-03T20:48:30.557+0000] {processor.py:153} INFO - Started process (PID=6987) to work on /usr/local/lib/python3.9/site-packages/airflow/example_dags/example_trigger_target_dag.py
[2024-10-03T20:48:30.557+0000] {processor.py:743} INFO - Processing file /usr/local/lib/python3.9/site-packages/airflow/example_dags/example_trigger_target_dag.py for tasks to queue
[2024-10-03T20:48:30.557+0000] {logging_mixin.py:137} INFO - [2024-10-03T20:48:30.557+0000] {dagbag.py:532} INFO - Filling up the DagBag from /usr/local/lib/python3.9/site-packages/airflow/example_dags/example_trigger_target_dag.py
[2024-10-03T20:48:30.567+0000] {processor.py:753} INFO - DAG(s) dict_keys(['example_trigger_target_dag']) retrieved from /usr/local/lib/python3.9/site-packages/airflow/example_dags/example_trigger_target_dag.py
[2024-10-03T20:48:30.576+0000] {logging_mixin.py:137} INFO - [2024-10-03T20:48:30.576+0000] {dag.py:2705} INFO - Sync 1 DAGs
[2024-10-03T20:48:30.584+0000] {logging_mixin.py:137} INFO - [2024-10-03T20:48:30.584+0000] {dag.py:3452} INFO - Setting next_dagrun for example_trigger_target_dag to None, run_after=None
[2024-10-03T20:48:30.590+0000] {processor.py:175} INFO - Processing /usr/local/lib/python3.9/site-packages/airflow/example_dags/example_trigger_target_dag.py took 0.035 seconds
[2024-10-03T20:49:01.369+0000] {processor.py:153} INFO - Started process (PID=7198) to work on /usr/local/lib/python3.9/site-packages/airflow/example_dags/example_trigger_target_dag.py
[2024-10-03T20:49:01.370+0000] {processor.py:743} INFO - Processing file /usr/local/lib/python3.9/site-packages/airflow/example_dags/example_trigger_target_dag.py for tasks to queue
[2024-10-03T20:49:01.370+0000] {logging_mixin.py:137} INFO - [2024-10-03T20:49:01.370+0000] {dagbag.py:532} INFO - Filling up the DagBag from /usr/local/lib/python3.9/site-packages/airflow/example_dags/example_trigger_target_dag.py
[2024-10-03T20:49:01.380+0000] {processor.py:753} INFO - DAG(s) dict_keys(['example_trigger_target_dag']) retrieved from /usr/local/lib/python3.9/site-packages/airflow/example_dags/example_trigger_target_dag.py
[2024-10-03T20:49:01.391+0000] {logging_mixin.py:137} INFO - [2024-10-03T20:49:01.391+0000] {dag.py:2705} INFO - Sync 1 DAGs
[2024-10-03T20:49:01.399+0000] {logging_mixin.py:137} INFO - [2024-10-03T20:49:01.399+0000] {dag.py:3452} INFO - Setting next_dagrun for example_trigger_target_dag to None, run_after=None
[2024-10-03T20:49:01.406+0000] {processor.py:175} INFO - Processing /usr/local/lib/python3.9/site-packages/airflow/example_dags/example_trigger_target_dag.py took 0.039 seconds
[2024-10-03T20:49:32.216+0000] {processor.py:153} INFO - Started process (PID=7409) to work on /usr/local/lib/python3.9/site-packages/airflow/example_dags/example_trigger_target_dag.py
[2024-10-03T20:49:32.216+0000] {processor.py:743} INFO - Processing file /usr/local/lib/python3.9/site-packages/airflow/example_dags/example_trigger_target_dag.py for tasks to queue
[2024-10-03T20:49:32.216+0000] {logging_mixin.py:137} INFO - [2024-10-03T20:49:32.216+0000] {dagbag.py:532} INFO - Filling up the DagBag from /usr/local/lib/python3.9/site-packages/airflow/example_dags/example_trigger_target_dag.py
[2024-10-03T20:49:32.226+0000] {processor.py:753} INFO - DAG(s) dict_keys(['example_trigger_target_dag']) retrieved from /usr/local/lib/python3.9/site-packages/airflow/example_dags/example_trigger_target_dag.py
[2024-10-03T20:49:32.235+0000] {logging_mixin.py:137} INFO - [2024-10-03T20:49:32.235+0000] {dag.py:2705} INFO - Sync 1 DAGs
[2024-10-03T20:49:32.243+0000] {logging_mixin.py:137} INFO - [2024-10-03T20:49:32.243+0000] {dag.py:3452} INFO - Setting next_dagrun for example_trigger_target_dag to None, run_after=None
[2024-10-03T20:49:32.250+0000] {processor.py:175} INFO - Processing /usr/local/lib/python3.9/site-packages/airflow/example_dags/example_trigger_target_dag.py took 0.036 seconds
[2024-10-03T20:50:02.898+0000] {processor.py:153} INFO - Started process (PID=7620) to work on /usr/local/lib/python3.9/site-packages/airflow/example_dags/example_trigger_target_dag.py
[2024-10-03T20:50:02.899+0000] {processor.py:743} INFO - Processing file /usr/local/lib/python3.9/site-packages/airflow/example_dags/example_trigger_target_dag.py for tasks to queue
[2024-10-03T20:50:02.900+0000] {logging_mixin.py:137} INFO - [2024-10-03T20:50:02.900+0000] {dagbag.py:532} INFO - Filling up the DagBag from /usr/local/lib/python3.9/site-packages/airflow/example_dags/example_trigger_target_dag.py
[2024-10-03T20:50:02.909+0000] {processor.py:753} INFO - DAG(s) dict_keys(['example_trigger_target_dag']) retrieved from /usr/local/lib/python3.9/site-packages/airflow/example_dags/example_trigger_target_dag.py
[2024-10-03T20:50:02.918+0000] {logging_mixin.py:137} INFO - [2024-10-03T20:50:02.918+0000] {dag.py:2705} INFO - Sync 1 DAGs
[2024-10-03T20:50:02.929+0000] {logging_mixin.py:137} INFO - [2024-10-03T20:50:02.929+0000] {dag.py:3452} INFO - Setting next_dagrun for example_trigger_target_dag to None, run_after=None
[2024-10-03T20:50:02.935+0000] {processor.py:175} INFO - Processing /usr/local/lib/python3.9/site-packages/airflow/example_dags/example_trigger_target_dag.py took 0.039 seconds
[2024-10-03T20:50:33.677+0000] {processor.py:153} INFO - Started process (PID=7831) to work on /usr/local/lib/python3.9/site-packages/airflow/example_dags/example_trigger_target_dag.py
[2024-10-03T20:50:33.679+0000] {processor.py:743} INFO - Processing file /usr/local/lib/python3.9/site-packages/airflow/example_dags/example_trigger_target_dag.py for tasks to queue
[2024-10-03T20:50:33.679+0000] {logging_mixin.py:137} INFO - [2024-10-03T20:50:33.679+0000] {dagbag.py:532} INFO - Filling up the DagBag from /usr/local/lib/python3.9/site-packages/airflow/example_dags/example_trigger_target_dag.py
[2024-10-03T20:50:33.690+0000] {processor.py:753} INFO - DAG(s) dict_keys(['example_trigger_target_dag']) retrieved from /usr/local/lib/python3.9/site-packages/airflow/example_dags/example_trigger_target_dag.py
[2024-10-03T20:50:33.699+0000] {logging_mixin.py:137} INFO - [2024-10-03T20:50:33.699+0000] {dag.py:2705} INFO - Sync 1 DAGs
[2024-10-03T20:50:33.708+0000] {logging_mixin.py:137} INFO - [2024-10-03T20:50:33.708+0000] {dag.py:3452} INFO - Setting next_dagrun for example_trigger_target_dag to None, run_after=None
[2024-10-03T20:50:33.714+0000] {processor.py:175} INFO - Processing /usr/local/lib/python3.9/site-packages/airflow/example_dags/example_trigger_target_dag.py took 0.038 seconds
[2024-10-03T20:51:04.513+0000] {processor.py:153} INFO - Started process (PID=8042) to work on /usr/local/lib/python3.9/site-packages/airflow/example_dags/example_trigger_target_dag.py
[2024-10-03T20:51:04.515+0000] {processor.py:743} INFO - Processing file /usr/local/lib/python3.9/site-packages/airflow/example_dags/example_trigger_target_dag.py for tasks to queue
[2024-10-03T20:51:04.515+0000] {logging_mixin.py:137} INFO - [2024-10-03T20:51:04.515+0000] {dagbag.py:532} INFO - Filling up the DagBag from /usr/local/lib/python3.9/site-packages/airflow/example_dags/example_trigger_target_dag.py
[2024-10-03T20:51:04.525+0000] {processor.py:753} INFO - DAG(s) dict_keys(['example_trigger_target_dag']) retrieved from /usr/local/lib/python3.9/site-packages/airflow/example_dags/example_trigger_target_dag.py
[2024-10-03T20:51:04.536+0000] {logging_mixin.py:137} INFO - [2024-10-03T20:51:04.536+0000] {dag.py:2705} INFO - Sync 1 DAGs
[2024-10-03T20:51:04.545+0000] {logging_mixin.py:137} INFO - [2024-10-03T20:51:04.544+0000] {dag.py:3452} INFO - Setting next_dagrun for example_trigger_target_dag to None, run_after=None
[2024-10-03T20:51:04.557+0000] {processor.py:175} INFO - Processing /usr/local/lib/python3.9/site-packages/airflow/example_dags/example_trigger_target_dag.py took 0.045 seconds
[2024-10-03T20:51:35.222+0000] {processor.py:153} INFO - Started process (PID=8253) to work on /usr/local/lib/python3.9/site-packages/airflow/example_dags/example_trigger_target_dag.py
[2024-10-03T20:51:35.222+0000] {processor.py:743} INFO - Processing file /usr/local/lib/python3.9/site-packages/airflow/example_dags/example_trigger_target_dag.py for tasks to queue
[2024-10-03T20:51:35.223+0000] {logging_mixin.py:137} INFO - [2024-10-03T20:51:35.222+0000] {dagbag.py:532} INFO - Filling up the DagBag from /usr/local/lib/python3.9/site-packages/airflow/example_dags/example_trigger_target_dag.py
[2024-10-03T20:51:35.232+0000] {processor.py:753} INFO - DAG(s) dict_keys(['example_trigger_target_dag']) retrieved from /usr/local/lib/python3.9/site-packages/airflow/example_dags/example_trigger_target_dag.py
[2024-10-03T20:51:35.241+0000] {logging_mixin.py:137} INFO - [2024-10-03T20:51:35.241+0000] {dag.py:2705} INFO - Sync 1 DAGs
[2024-10-03T20:51:35.250+0000] {logging_mixin.py:137} INFO - [2024-10-03T20:51:35.250+0000] {dag.py:3452} INFO - Setting next_dagrun for example_trigger_target_dag to None, run_after=None
[2024-10-03T20:51:35.256+0000] {processor.py:175} INFO - Processing /usr/local/lib/python3.9/site-packages/airflow/example_dags/example_trigger_target_dag.py took 0.036 seconds
[2024-10-03T20:52:05.393+0000] {processor.py:153} INFO - Started process (PID=8464) to work on /usr/local/lib/python3.9/site-packages/airflow/example_dags/example_trigger_target_dag.py
[2024-10-03T20:52:05.394+0000] {processor.py:743} INFO - Processing file /usr/local/lib/python3.9/site-packages/airflow/example_dags/example_trigger_target_dag.py for tasks to queue
[2024-10-03T20:52:05.394+0000] {logging_mixin.py:137} INFO - [2024-10-03T20:52:05.394+0000] {dagbag.py:532} INFO - Filling up the DagBag from /usr/local/lib/python3.9/site-packages/airflow/example_dags/example_trigger_target_dag.py
[2024-10-03T20:52:05.427+0000] {processor.py:753} INFO - DAG(s) dict_keys(['example_trigger_target_dag']) retrieved from /usr/local/lib/python3.9/site-packages/airflow/example_dags/example_trigger_target_dag.py
[2024-10-03T20:52:05.447+0000] {logging_mixin.py:137} INFO - [2024-10-03T20:52:05.447+0000] {dag.py:2705} INFO - Sync 1 DAGs
[2024-10-03T20:52:05.461+0000] {logging_mixin.py:137} INFO - [2024-10-03T20:52:05.461+0000] {dag.py:3452} INFO - Setting next_dagrun for example_trigger_target_dag to None, run_after=None
[2024-10-03T20:52:05.471+0000] {processor.py:175} INFO - Processing /usr/local/lib/python3.9/site-packages/airflow/example_dags/example_trigger_target_dag.py took 0.082 seconds
[2024-10-03T20:52:36.484+0000] {processor.py:153} INFO - Started process (PID=8675) to work on /usr/local/lib/python3.9/site-packages/airflow/example_dags/example_trigger_target_dag.py
[2024-10-03T20:52:36.485+0000] {processor.py:743} INFO - Processing file /usr/local/lib/python3.9/site-packages/airflow/example_dags/example_trigger_target_dag.py for tasks to queue
[2024-10-03T20:52:36.485+0000] {logging_mixin.py:137} INFO - [2024-10-03T20:52:36.485+0000] {dagbag.py:532} INFO - Filling up the DagBag from /usr/local/lib/python3.9/site-packages/airflow/example_dags/example_trigger_target_dag.py
[2024-10-03T20:52:36.499+0000] {processor.py:753} INFO - DAG(s) dict_keys(['example_trigger_target_dag']) retrieved from /usr/local/lib/python3.9/site-packages/airflow/example_dags/example_trigger_target_dag.py
[2024-10-03T20:52:36.509+0000] {logging_mixin.py:137} INFO - [2024-10-03T20:52:36.509+0000] {dag.py:2705} INFO - Sync 1 DAGs
[2024-10-03T20:52:36.517+0000] {logging_mixin.py:137} INFO - [2024-10-03T20:52:36.517+0000] {dag.py:3452} INFO - Setting next_dagrun for example_trigger_target_dag to None, run_after=None
[2024-10-03T20:52:36.524+0000] {processor.py:175} INFO - Processing /usr/local/lib/python3.9/site-packages/airflow/example_dags/example_trigger_target_dag.py took 0.042 seconds
