[2024-10-03T20:32:01.944+0000] {processor.py:153} INFO - Started process (PID=320) to work on /usr/local/lib/python3.9/site-packages/airflow/example_dags/example_branch_operator_decorator.py
[2024-10-03T20:32:01.945+0000] {processor.py:743} INFO - Processing file /usr/local/lib/python3.9/site-packages/airflow/example_dags/example_branch_operator_decorator.py for tasks to queue
[2024-10-03T20:32:01.946+0000] {logging_mixin.py:137} INFO - [2024-10-03T20:32:01.946+0000] {dagbag.py:532} INFO - Filling up the DagBag from /usr/local/lib/python3.9/site-packages/airflow/example_dags/example_branch_operator_decorator.py
[2024-10-03T20:32:01.966+0000] {processor.py:753} INFO - DAG(s) dict_keys(['example_branch_python_operator_decorator']) retrieved from /usr/local/lib/python3.9/site-packages/airflow/example_dags/example_branch_operator_decorator.py
[2024-10-03T20:32:01.976+0000] {logging_mixin.py:137} INFO - [2024-10-03T20:32:01.975+0000] {dag.py:2705} INFO - Sync 1 DAGs
[2024-10-03T20:32:01.991+0000] {logging_mixin.py:137} INFO - [2024-10-03T20:32:01.991+0000] {dag.py:3452} INFO - Setting next_dagrun for example_branch_python_operator_decorator to 2024-10-02T00:00:00+00:00, run_after=2024-10-03T00:00:00+00:00
[2024-10-03T20:32:02.003+0000] {processor.py:175} INFO - Processing /usr/local/lib/python3.9/site-packages/airflow/example_dags/example_branch_operator_decorator.py took 0.062 seconds
[2024-10-03T20:32:34.442+0000] {processor.py:153} INFO - Started process (PID=534) to work on /usr/local/lib/python3.9/site-packages/airflow/example_dags/example_branch_operator_decorator.py
[2024-10-03T20:32:34.444+0000] {processor.py:743} INFO - Processing file /usr/local/lib/python3.9/site-packages/airflow/example_dags/example_branch_operator_decorator.py for tasks to queue
[2024-10-03T20:32:34.445+0000] {logging_mixin.py:137} INFO - [2024-10-03T20:32:34.445+0000] {dagbag.py:532} INFO - Filling up the DagBag from /usr/local/lib/python3.9/site-packages/airflow/example_dags/example_branch_operator_decorator.py
[2024-10-03T20:32:34.511+0000] {processor.py:753} INFO - DAG(s) dict_keys(['example_branch_python_operator_decorator']) retrieved from /usr/local/lib/python3.9/site-packages/airflow/example_dags/example_branch_operator_decorator.py
[2024-10-03T20:32:34.573+0000] {logging_mixin.py:137} INFO - [2024-10-03T20:32:34.573+0000] {dag.py:2705} INFO - Sync 1 DAGs
[2024-10-03T20:32:34.630+0000] {logging_mixin.py:137} INFO - [2024-10-03T20:32:34.630+0000] {dag.py:3452} INFO - Setting next_dagrun for example_branch_python_operator_decorator to 2024-10-02T00:00:00+00:00, run_after=2024-10-03T00:00:00+00:00
[2024-10-03T20:32:34.674+0000] {processor.py:175} INFO - Processing /usr/local/lib/python3.9/site-packages/airflow/example_dags/example_branch_operator_decorator.py took 0.234 seconds
[2024-10-03T20:33:10.438+0000] {processor.py:153} INFO - Started process (PID=746) to work on /usr/local/lib/python3.9/site-packages/airflow/example_dags/example_branch_operator_decorator.py
[2024-10-03T20:33:10.459+0000] {processor.py:743} INFO - Processing file /usr/local/lib/python3.9/site-packages/airflow/example_dags/example_branch_operator_decorator.py for tasks to queue
[2024-10-03T20:33:10.461+0000] {logging_mixin.py:137} INFO - [2024-10-03T20:33:10.461+0000] {dagbag.py:532} INFO - Filling up the DagBag from /usr/local/lib/python3.9/site-packages/airflow/example_dags/example_branch_operator_decorator.py
[2024-10-03T20:33:10.480+0000] {processor.py:753} INFO - DAG(s) dict_keys(['example_branch_python_operator_decorator']) retrieved from /usr/local/lib/python3.9/site-packages/airflow/example_dags/example_branch_operator_decorator.py
[2024-10-03T20:33:10.499+0000] {logging_mixin.py:137} INFO - [2024-10-03T20:33:10.499+0000] {dag.py:2705} INFO - Sync 1 DAGs
[2024-10-03T20:33:10.517+0000] {logging_mixin.py:137} INFO - [2024-10-03T20:33:10.516+0000] {dag.py:3452} INFO - Setting next_dagrun for example_branch_python_operator_decorator to 2024-10-02T00:00:00+00:00, run_after=2024-10-03T00:00:00+00:00
[2024-10-03T20:33:10.530+0000] {processor.py:175} INFO - Processing /usr/local/lib/python3.9/site-packages/airflow/example_dags/example_branch_operator_decorator.py took 0.094 seconds
[2024-10-03T20:33:41.056+0000] {processor.py:153} INFO - Started process (PID=959) to work on /usr/local/lib/python3.9/site-packages/airflow/example_dags/example_branch_operator_decorator.py
[2024-10-03T20:33:41.057+0000] {processor.py:743} INFO - Processing file /usr/local/lib/python3.9/site-packages/airflow/example_dags/example_branch_operator_decorator.py for tasks to queue
[2024-10-03T20:33:41.057+0000] {logging_mixin.py:137} INFO - [2024-10-03T20:33:41.057+0000] {dagbag.py:532} INFO - Filling up the DagBag from /usr/local/lib/python3.9/site-packages/airflow/example_dags/example_branch_operator_decorator.py
[2024-10-03T20:33:41.073+0000] {processor.py:753} INFO - DAG(s) dict_keys(['example_branch_python_operator_decorator']) retrieved from /usr/local/lib/python3.9/site-packages/airflow/example_dags/example_branch_operator_decorator.py
[2024-10-03T20:33:41.104+0000] {logging_mixin.py:137} INFO - [2024-10-03T20:33:41.104+0000] {dag.py:2705} INFO - Sync 1 DAGs
[2024-10-03T20:33:41.118+0000] {logging_mixin.py:137} INFO - [2024-10-03T20:33:41.117+0000] {dag.py:3452} INFO - Setting next_dagrun for example_branch_python_operator_decorator to 2024-10-02T00:00:00+00:00, run_after=2024-10-03T00:00:00+00:00
[2024-10-03T20:33:41.129+0000] {processor.py:175} INFO - Processing /usr/local/lib/python3.9/site-packages/airflow/example_dags/example_branch_operator_decorator.py took 0.083 seconds
[2024-10-03T20:34:11.945+0000] {processor.py:153} INFO - Started process (PID=1168) to work on /usr/local/lib/python3.9/site-packages/airflow/example_dags/example_branch_operator_decorator.py
[2024-10-03T20:34:11.947+0000] {processor.py:743} INFO - Processing file /usr/local/lib/python3.9/site-packages/airflow/example_dags/example_branch_operator_decorator.py for tasks to queue
[2024-10-03T20:34:11.948+0000] {logging_mixin.py:137} INFO - [2024-10-03T20:34:11.948+0000] {dagbag.py:532} INFO - Filling up the DagBag from /usr/local/lib/python3.9/site-packages/airflow/example_dags/example_branch_operator_decorator.py
[2024-10-03T20:34:11.964+0000] {processor.py:753} INFO - DAG(s) dict_keys(['example_branch_python_operator_decorator']) retrieved from /usr/local/lib/python3.9/site-packages/airflow/example_dags/example_branch_operator_decorator.py
[2024-10-03T20:34:11.980+0000] {logging_mixin.py:137} INFO - [2024-10-03T20:34:11.980+0000] {dag.py:2705} INFO - Sync 1 DAGs
[2024-10-03T20:34:11.992+0000] {logging_mixin.py:137} INFO - [2024-10-03T20:34:11.992+0000] {dag.py:3452} INFO - Setting next_dagrun for example_branch_python_operator_decorator to 2024-10-02T00:00:00+00:00, run_after=2024-10-03T00:00:00+00:00
[2024-10-03T20:34:12.005+0000] {processor.py:175} INFO - Processing /usr/local/lib/python3.9/site-packages/airflow/example_dags/example_branch_operator_decorator.py took 0.062 seconds
[2024-10-03T20:34:43.912+0000] {processor.py:153} INFO - Started process (PID=1379) to work on /usr/local/lib/python3.9/site-packages/airflow/example_dags/example_branch_operator_decorator.py
[2024-10-03T20:34:43.917+0000] {processor.py:743} INFO - Processing file /usr/local/lib/python3.9/site-packages/airflow/example_dags/example_branch_operator_decorator.py for tasks to queue
[2024-10-03T20:34:43.919+0000] {logging_mixin.py:137} INFO - [2024-10-03T20:34:43.918+0000] {dagbag.py:532} INFO - Filling up the DagBag from /usr/local/lib/python3.9/site-packages/airflow/example_dags/example_branch_operator_decorator.py
[2024-10-03T20:34:43.990+0000] {processor.py:753} INFO - DAG(s) dict_keys(['example_branch_python_operator_decorator']) retrieved from /usr/local/lib/python3.9/site-packages/airflow/example_dags/example_branch_operator_decorator.py
[2024-10-03T20:34:44.026+0000] {logging_mixin.py:137} INFO - [2024-10-03T20:34:44.026+0000] {dag.py:2705} INFO - Sync 1 DAGs
[2024-10-03T20:34:44.040+0000] {logging_mixin.py:137} INFO - [2024-10-03T20:34:44.040+0000] {dag.py:3452} INFO - Setting next_dagrun for example_branch_python_operator_decorator to 2024-10-02T00:00:00+00:00, run_after=2024-10-03T00:00:00+00:00
[2024-10-03T20:34:44.077+0000] {processor.py:175} INFO - Processing /usr/local/lib/python3.9/site-packages/airflow/example_dags/example_branch_operator_decorator.py took 0.167 seconds
[2024-10-03T20:35:16.486+0000] {processor.py:153} INFO - Started process (PID=1590) to work on /usr/local/lib/python3.9/site-packages/airflow/example_dags/example_branch_operator_decorator.py
[2024-10-03T20:35:16.498+0000] {processor.py:743} INFO - Processing file /usr/local/lib/python3.9/site-packages/airflow/example_dags/example_branch_operator_decorator.py for tasks to queue
[2024-10-03T20:35:16.499+0000] {logging_mixin.py:137} INFO - [2024-10-03T20:35:16.499+0000] {dagbag.py:532} INFO - Filling up the DagBag from /usr/local/lib/python3.9/site-packages/airflow/example_dags/example_branch_operator_decorator.py
[2024-10-03T20:35:16.535+0000] {processor.py:753} INFO - DAG(s) dict_keys(['example_branch_python_operator_decorator']) retrieved from /usr/local/lib/python3.9/site-packages/airflow/example_dags/example_branch_operator_decorator.py
[2024-10-03T20:35:16.576+0000] {logging_mixin.py:137} INFO - [2024-10-03T20:35:16.576+0000] {dag.py:2705} INFO - Sync 1 DAGs
[2024-10-03T20:35:16.601+0000] {logging_mixin.py:137} INFO - [2024-10-03T20:35:16.601+0000] {dag.py:3452} INFO - Setting next_dagrun for example_branch_python_operator_decorator to 2024-10-02T00:00:00+00:00, run_after=2024-10-03T00:00:00+00:00
[2024-10-03T20:35:16.618+0000] {processor.py:175} INFO - Processing /usr/local/lib/python3.9/site-packages/airflow/example_dags/example_branch_operator_decorator.py took 0.136 seconds
[2024-10-03T20:35:46.891+0000] {processor.py:153} INFO - Started process (PID=1794) to work on /usr/local/lib/python3.9/site-packages/airflow/example_dags/example_branch_operator_decorator.py
[2024-10-03T20:35:46.895+0000] {processor.py:743} INFO - Processing file /usr/local/lib/python3.9/site-packages/airflow/example_dags/example_branch_operator_decorator.py for tasks to queue
[2024-10-03T20:35:46.895+0000] {logging_mixin.py:137} INFO - [2024-10-03T20:35:46.895+0000] {dagbag.py:532} INFO - Filling up the DagBag from /usr/local/lib/python3.9/site-packages/airflow/example_dags/example_branch_operator_decorator.py
[2024-10-03T20:35:46.908+0000] {processor.py:753} INFO - DAG(s) dict_keys(['example_branch_python_operator_decorator']) retrieved from /usr/local/lib/python3.9/site-packages/airflow/example_dags/example_branch_operator_decorator.py
[2024-10-03T20:35:46.938+0000] {logging_mixin.py:137} INFO - [2024-10-03T20:35:46.937+0000] {dag.py:2705} INFO - Sync 1 DAGs
[2024-10-03T20:35:47.032+0000] {logging_mixin.py:137} INFO - [2024-10-03T20:35:47.032+0000] {dag.py:3452} INFO - Setting next_dagrun for example_branch_python_operator_decorator to 2024-10-02T00:00:00+00:00, run_after=2024-10-03T00:00:00+00:00
[2024-10-03T20:35:47.042+0000] {processor.py:175} INFO - Processing /usr/local/lib/python3.9/site-packages/airflow/example_dags/example_branch_operator_decorator.py took 0.153 seconds
[2024-10-03T20:36:17.838+0000] {processor.py:153} INFO - Started process (PID=2006) to work on /usr/local/lib/python3.9/site-packages/airflow/example_dags/example_branch_operator_decorator.py
[2024-10-03T20:36:17.840+0000] {processor.py:743} INFO - Processing file /usr/local/lib/python3.9/site-packages/airflow/example_dags/example_branch_operator_decorator.py for tasks to queue
[2024-10-03T20:36:17.841+0000] {logging_mixin.py:137} INFO - [2024-10-03T20:36:17.841+0000] {dagbag.py:532} INFO - Filling up the DagBag from /usr/local/lib/python3.9/site-packages/airflow/example_dags/example_branch_operator_decorator.py
[2024-10-03T20:36:17.856+0000] {processor.py:753} INFO - DAG(s) dict_keys(['example_branch_python_operator_decorator']) retrieved from /usr/local/lib/python3.9/site-packages/airflow/example_dags/example_branch_operator_decorator.py
[2024-10-03T20:36:17.937+0000] {logging_mixin.py:137} INFO - [2024-10-03T20:36:17.937+0000] {dag.py:2705} INFO - Sync 1 DAGs
[2024-10-03T20:36:17.949+0000] {logging_mixin.py:137} INFO - [2024-10-03T20:36:17.949+0000] {dag.py:3452} INFO - Setting next_dagrun for example_branch_python_operator_decorator to 2024-10-02T00:00:00+00:00, run_after=2024-10-03T00:00:00+00:00
[2024-10-03T20:36:17.962+0000] {processor.py:175} INFO - Processing /usr/local/lib/python3.9/site-packages/airflow/example_dags/example_branch_operator_decorator.py took 0.126 seconds
[2024-10-03T20:36:48.835+0000] {processor.py:153} INFO - Started process (PID=2217) to work on /usr/local/lib/python3.9/site-packages/airflow/example_dags/example_branch_operator_decorator.py
[2024-10-03T20:36:48.835+0000] {processor.py:743} INFO - Processing file /usr/local/lib/python3.9/site-packages/airflow/example_dags/example_branch_operator_decorator.py for tasks to queue
[2024-10-03T20:36:48.836+0000] {logging_mixin.py:137} INFO - [2024-10-03T20:36:48.836+0000] {dagbag.py:532} INFO - Filling up the DagBag from /usr/local/lib/python3.9/site-packages/airflow/example_dags/example_branch_operator_decorator.py
[2024-10-03T20:36:48.907+0000] {processor.py:753} INFO - DAG(s) dict_keys(['example_branch_python_operator_decorator']) retrieved from /usr/local/lib/python3.9/site-packages/airflow/example_dags/example_branch_operator_decorator.py
[2024-10-03T20:36:48.923+0000] {logging_mixin.py:137} INFO - [2024-10-03T20:36:48.922+0000] {dag.py:2705} INFO - Sync 1 DAGs
[2024-10-03T20:36:48.932+0000] {logging_mixin.py:137} INFO - [2024-10-03T20:36:48.932+0000] {dag.py:3452} INFO - Setting next_dagrun for example_branch_python_operator_decorator to 2024-10-02T00:00:00+00:00, run_after=2024-10-03T00:00:00+00:00
[2024-10-03T20:36:48.940+0000] {processor.py:175} INFO - Processing /usr/local/lib/python3.9/site-packages/airflow/example_dags/example_branch_operator_decorator.py took 0.106 seconds
[2024-10-03T20:37:19.878+0000] {processor.py:153} INFO - Started process (PID=2428) to work on /usr/local/lib/python3.9/site-packages/airflow/example_dags/example_branch_operator_decorator.py
[2024-10-03T20:37:19.882+0000] {processor.py:743} INFO - Processing file /usr/local/lib/python3.9/site-packages/airflow/example_dags/example_branch_operator_decorator.py for tasks to queue
[2024-10-03T20:37:19.886+0000] {logging_mixin.py:137} INFO - [2024-10-03T20:37:19.886+0000] {dagbag.py:532} INFO - Filling up the DagBag from /usr/local/lib/python3.9/site-packages/airflow/example_dags/example_branch_operator_decorator.py
[2024-10-03T20:37:19.900+0000] {processor.py:753} INFO - DAG(s) dict_keys(['example_branch_python_operator_decorator']) retrieved from /usr/local/lib/python3.9/site-packages/airflow/example_dags/example_branch_operator_decorator.py
[2024-10-03T20:37:19.922+0000] {logging_mixin.py:137} INFO - [2024-10-03T20:37:19.922+0000] {dag.py:2705} INFO - Sync 1 DAGs
[2024-10-03T20:37:19.948+0000] {logging_mixin.py:137} INFO - [2024-10-03T20:37:19.948+0000] {dag.py:3452} INFO - Setting next_dagrun for example_branch_python_operator_decorator to 2024-10-02T00:00:00+00:00, run_after=2024-10-03T00:00:00+00:00
[2024-10-03T20:37:19.960+0000] {processor.py:175} INFO - Processing /usr/local/lib/python3.9/site-packages/airflow/example_dags/example_branch_operator_decorator.py took 0.084 seconds
[2024-10-03T20:37:50.010+0000] {processor.py:153} INFO - Started process (PID=2639) to work on /usr/local/lib/python3.9/site-packages/airflow/example_dags/example_branch_operator_decorator.py
[2024-10-03T20:37:50.016+0000] {processor.py:743} INFO - Processing file /usr/local/lib/python3.9/site-packages/airflow/example_dags/example_branch_operator_decorator.py for tasks to queue
[2024-10-03T20:37:50.017+0000] {logging_mixin.py:137} INFO - [2024-10-03T20:37:50.017+0000] {dagbag.py:532} INFO - Filling up the DagBag from /usr/local/lib/python3.9/site-packages/airflow/example_dags/example_branch_operator_decorator.py
[2024-10-03T20:37:50.028+0000] {processor.py:753} INFO - DAG(s) dict_keys(['example_branch_python_operator_decorator']) retrieved from /usr/local/lib/python3.9/site-packages/airflow/example_dags/example_branch_operator_decorator.py
[2024-10-03T20:37:50.041+0000] {logging_mixin.py:137} INFO - [2024-10-03T20:37:50.041+0000] {dag.py:2705} INFO - Sync 1 DAGs
[2024-10-03T20:37:50.052+0000] {logging_mixin.py:137} INFO - [2024-10-03T20:37:50.052+0000] {dag.py:3452} INFO - Setting next_dagrun for example_branch_python_operator_decorator to 2024-10-02T00:00:00+00:00, run_after=2024-10-03T00:00:00+00:00
[2024-10-03T20:37:50.065+0000] {processor.py:175} INFO - Processing /usr/local/lib/python3.9/site-packages/airflow/example_dags/example_branch_operator_decorator.py took 0.057 seconds
[2024-10-03T20:38:20.160+0000] {processor.py:153} INFO - Started process (PID=2850) to work on /usr/local/lib/python3.9/site-packages/airflow/example_dags/example_branch_operator_decorator.py
[2024-10-03T20:38:20.161+0000] {processor.py:743} INFO - Processing file /usr/local/lib/python3.9/site-packages/airflow/example_dags/example_branch_operator_decorator.py for tasks to queue
[2024-10-03T20:38:20.162+0000] {logging_mixin.py:137} INFO - [2024-10-03T20:38:20.161+0000] {dagbag.py:532} INFO - Filling up the DagBag from /usr/local/lib/python3.9/site-packages/airflow/example_dags/example_branch_operator_decorator.py
[2024-10-03T20:38:20.176+0000] {processor.py:753} INFO - DAG(s) dict_keys(['example_branch_python_operator_decorator']) retrieved from /usr/local/lib/python3.9/site-packages/airflow/example_dags/example_branch_operator_decorator.py
[2024-10-03T20:38:20.188+0000] {logging_mixin.py:137} INFO - [2024-10-03T20:38:20.188+0000] {dag.py:2705} INFO - Sync 1 DAGs
[2024-10-03T20:38:20.197+0000] {logging_mixin.py:137} INFO - [2024-10-03T20:38:20.197+0000] {dag.py:3452} INFO - Setting next_dagrun for example_branch_python_operator_decorator to 2024-10-02T00:00:00+00:00, run_after=2024-10-03T00:00:00+00:00
[2024-10-03T20:38:20.204+0000] {processor.py:175} INFO - Processing /usr/local/lib/python3.9/site-packages/airflow/example_dags/example_branch_operator_decorator.py took 0.046 seconds
[2024-10-03T20:38:50.920+0000] {processor.py:153} INFO - Started process (PID=3061) to work on /usr/local/lib/python3.9/site-packages/airflow/example_dags/example_branch_operator_decorator.py
[2024-10-03T20:38:50.920+0000] {processor.py:743} INFO - Processing file /usr/local/lib/python3.9/site-packages/airflow/example_dags/example_branch_operator_decorator.py for tasks to queue
[2024-10-03T20:38:50.920+0000] {logging_mixin.py:137} INFO - [2024-10-03T20:38:50.920+0000] {dagbag.py:532} INFO - Filling up the DagBag from /usr/local/lib/python3.9/site-packages/airflow/example_dags/example_branch_operator_decorator.py
[2024-10-03T20:38:50.933+0000] {processor.py:753} INFO - DAG(s) dict_keys(['example_branch_python_operator_decorator']) retrieved from /usr/local/lib/python3.9/site-packages/airflow/example_dags/example_branch_operator_decorator.py
[2024-10-03T20:38:50.948+0000] {logging_mixin.py:137} INFO - [2024-10-03T20:38:50.948+0000] {dag.py:2705} INFO - Sync 1 DAGs
[2024-10-03T20:38:50.958+0000] {logging_mixin.py:137} INFO - [2024-10-03T20:38:50.958+0000] {dag.py:3452} INFO - Setting next_dagrun for example_branch_python_operator_decorator to 2024-10-02T00:00:00+00:00, run_after=2024-10-03T00:00:00+00:00
[2024-10-03T20:38:50.966+0000] {processor.py:175} INFO - Processing /usr/local/lib/python3.9/site-packages/airflow/example_dags/example_branch_operator_decorator.py took 0.047 seconds
[2024-10-03T20:39:21.739+0000] {processor.py:153} INFO - Started process (PID=3272) to work on /usr/local/lib/python3.9/site-packages/airflow/example_dags/example_branch_operator_decorator.py
[2024-10-03T20:39:21.740+0000] {processor.py:743} INFO - Processing file /usr/local/lib/python3.9/site-packages/airflow/example_dags/example_branch_operator_decorator.py for tasks to queue
[2024-10-03T20:39:21.741+0000] {logging_mixin.py:137} INFO - [2024-10-03T20:39:21.741+0000] {dagbag.py:532} INFO - Filling up the DagBag from /usr/local/lib/python3.9/site-packages/airflow/example_dags/example_branch_operator_decorator.py
[2024-10-03T20:39:21.752+0000] {processor.py:753} INFO - DAG(s) dict_keys(['example_branch_python_operator_decorator']) retrieved from /usr/local/lib/python3.9/site-packages/airflow/example_dags/example_branch_operator_decorator.py
[2024-10-03T20:39:21.767+0000] {logging_mixin.py:137} INFO - [2024-10-03T20:39:21.767+0000] {dag.py:2705} INFO - Sync 1 DAGs
[2024-10-03T20:39:21.777+0000] {logging_mixin.py:137} INFO - [2024-10-03T20:39:21.777+0000] {dag.py:3452} INFO - Setting next_dagrun for example_branch_python_operator_decorator to 2024-10-02T00:00:00+00:00, run_after=2024-10-03T00:00:00+00:00
[2024-10-03T20:39:21.787+0000] {processor.py:175} INFO - Processing /usr/local/lib/python3.9/site-packages/airflow/example_dags/example_branch_operator_decorator.py took 0.050 seconds
[2024-10-03T20:39:52.558+0000] {processor.py:153} INFO - Started process (PID=3483) to work on /usr/local/lib/python3.9/site-packages/airflow/example_dags/example_branch_operator_decorator.py
[2024-10-03T20:39:52.558+0000] {processor.py:743} INFO - Processing file /usr/local/lib/python3.9/site-packages/airflow/example_dags/example_branch_operator_decorator.py for tasks to queue
[2024-10-03T20:39:52.559+0000] {logging_mixin.py:137} INFO - [2024-10-03T20:39:52.559+0000] {dagbag.py:532} INFO - Filling up the DagBag from /usr/local/lib/python3.9/site-packages/airflow/example_dags/example_branch_operator_decorator.py
[2024-10-03T20:39:52.572+0000] {processor.py:753} INFO - DAG(s) dict_keys(['example_branch_python_operator_decorator']) retrieved from /usr/local/lib/python3.9/site-packages/airflow/example_dags/example_branch_operator_decorator.py
[2024-10-03T20:39:52.582+0000] {logging_mixin.py:137} INFO - [2024-10-03T20:39:52.582+0000] {dag.py:2705} INFO - Sync 1 DAGs
[2024-10-03T20:39:52.591+0000] {logging_mixin.py:137} INFO - [2024-10-03T20:39:52.591+0000] {dag.py:3452} INFO - Setting next_dagrun for example_branch_python_operator_decorator to 2024-10-02T00:00:00+00:00, run_after=2024-10-03T00:00:00+00:00
[2024-10-03T20:39:52.597+0000] {processor.py:175} INFO - Processing /usr/local/lib/python3.9/site-packages/airflow/example_dags/example_branch_operator_decorator.py took 0.041 seconds
[2024-10-03T20:40:23.422+0000] {processor.py:153} INFO - Started process (PID=3694) to work on /usr/local/lib/python3.9/site-packages/airflow/example_dags/example_branch_operator_decorator.py
[2024-10-03T20:40:23.426+0000] {processor.py:743} INFO - Processing file /usr/local/lib/python3.9/site-packages/airflow/example_dags/example_branch_operator_decorator.py for tasks to queue
[2024-10-03T20:40:23.426+0000] {logging_mixin.py:137} INFO - [2024-10-03T20:40:23.426+0000] {dagbag.py:532} INFO - Filling up the DagBag from /usr/local/lib/python3.9/site-packages/airflow/example_dags/example_branch_operator_decorator.py
[2024-10-03T20:40:23.438+0000] {processor.py:753} INFO - DAG(s) dict_keys(['example_branch_python_operator_decorator']) retrieved from /usr/local/lib/python3.9/site-packages/airflow/example_dags/example_branch_operator_decorator.py
[2024-10-03T20:40:23.458+0000] {logging_mixin.py:137} INFO - [2024-10-03T20:40:23.458+0000] {dag.py:2705} INFO - Sync 1 DAGs
[2024-10-03T20:40:23.474+0000] {logging_mixin.py:137} INFO - [2024-10-03T20:40:23.474+0000] {dag.py:3452} INFO - Setting next_dagrun for example_branch_python_operator_decorator to 2024-10-02T00:00:00+00:00, run_after=2024-10-03T00:00:00+00:00
[2024-10-03T20:40:23.487+0000] {processor.py:175} INFO - Processing /usr/local/lib/python3.9/site-packages/airflow/example_dags/example_branch_operator_decorator.py took 0.066 seconds
[2024-10-03T20:40:54.268+0000] {processor.py:153} INFO - Started process (PID=3905) to work on /usr/local/lib/python3.9/site-packages/airflow/example_dags/example_branch_operator_decorator.py
[2024-10-03T20:40:54.268+0000] {processor.py:743} INFO - Processing file /usr/local/lib/python3.9/site-packages/airflow/example_dags/example_branch_operator_decorator.py for tasks to queue
[2024-10-03T20:40:54.269+0000] {logging_mixin.py:137} INFO - [2024-10-03T20:40:54.269+0000] {dagbag.py:532} INFO - Filling up the DagBag from /usr/local/lib/python3.9/site-packages/airflow/example_dags/example_branch_operator_decorator.py
[2024-10-03T20:40:54.283+0000] {processor.py:753} INFO - DAG(s) dict_keys(['example_branch_python_operator_decorator']) retrieved from /usr/local/lib/python3.9/site-packages/airflow/example_dags/example_branch_operator_decorator.py
[2024-10-03T20:40:54.299+0000] {logging_mixin.py:137} INFO - [2024-10-03T20:40:54.299+0000] {dag.py:2705} INFO - Sync 1 DAGs
[2024-10-03T20:40:54.308+0000] {logging_mixin.py:137} INFO - [2024-10-03T20:40:54.308+0000] {dag.py:3452} INFO - Setting next_dagrun for example_branch_python_operator_decorator to 2024-10-02T00:00:00+00:00, run_after=2024-10-03T00:00:00+00:00
[2024-10-03T20:40:54.319+0000] {processor.py:175} INFO - Processing /usr/local/lib/python3.9/site-packages/airflow/example_dags/example_branch_operator_decorator.py took 0.052 seconds
[2024-10-03T20:41:24.990+0000] {processor.py:153} INFO - Started process (PID=4116) to work on /usr/local/lib/python3.9/site-packages/airflow/example_dags/example_branch_operator_decorator.py
[2024-10-03T20:41:24.991+0000] {processor.py:743} INFO - Processing file /usr/local/lib/python3.9/site-packages/airflow/example_dags/example_branch_operator_decorator.py for tasks to queue
[2024-10-03T20:41:24.992+0000] {logging_mixin.py:137} INFO - [2024-10-03T20:41:24.992+0000] {dagbag.py:532} INFO - Filling up the DagBag from /usr/local/lib/python3.9/site-packages/airflow/example_dags/example_branch_operator_decorator.py
[2024-10-03T20:41:25.004+0000] {processor.py:753} INFO - DAG(s) dict_keys(['example_branch_python_operator_decorator']) retrieved from /usr/local/lib/python3.9/site-packages/airflow/example_dags/example_branch_operator_decorator.py
[2024-10-03T20:41:25.014+0000] {logging_mixin.py:137} INFO - [2024-10-03T20:41:25.014+0000] {dag.py:2705} INFO - Sync 1 DAGs
[2024-10-03T20:41:25.023+0000] {logging_mixin.py:137} INFO - [2024-10-03T20:41:25.023+0000] {dag.py:3452} INFO - Setting next_dagrun for example_branch_python_operator_decorator to 2024-10-02T00:00:00+00:00, run_after=2024-10-03T00:00:00+00:00
[2024-10-03T20:41:25.029+0000] {processor.py:175} INFO - Processing /usr/local/lib/python3.9/site-packages/airflow/example_dags/example_branch_operator_decorator.py took 0.040 seconds
[2024-10-03T20:41:55.617+0000] {processor.py:153} INFO - Started process (PID=4327) to work on /usr/local/lib/python3.9/site-packages/airflow/example_dags/example_branch_operator_decorator.py
[2024-10-03T20:41:55.618+0000] {processor.py:743} INFO - Processing file /usr/local/lib/python3.9/site-packages/airflow/example_dags/example_branch_operator_decorator.py for tasks to queue
[2024-10-03T20:41:55.618+0000] {logging_mixin.py:137} INFO - [2024-10-03T20:41:55.618+0000] {dagbag.py:532} INFO - Filling up the DagBag from /usr/local/lib/python3.9/site-packages/airflow/example_dags/example_branch_operator_decorator.py
[2024-10-03T20:41:55.630+0000] {processor.py:753} INFO - DAG(s) dict_keys(['example_branch_python_operator_decorator']) retrieved from /usr/local/lib/python3.9/site-packages/airflow/example_dags/example_branch_operator_decorator.py
[2024-10-03T20:41:55.639+0000] {logging_mixin.py:137} INFO - [2024-10-03T20:41:55.639+0000] {dag.py:2705} INFO - Sync 1 DAGs
[2024-10-03T20:41:55.648+0000] {logging_mixin.py:137} INFO - [2024-10-03T20:41:55.648+0000] {dag.py:3452} INFO - Setting next_dagrun for example_branch_python_operator_decorator to 2024-10-02T00:00:00+00:00, run_after=2024-10-03T00:00:00+00:00
[2024-10-03T20:41:55.654+0000] {processor.py:175} INFO - Processing /usr/local/lib/python3.9/site-packages/airflow/example_dags/example_branch_operator_decorator.py took 0.038 seconds
[2024-10-03T20:42:26.264+0000] {processor.py:153} INFO - Started process (PID=4537) to work on /usr/local/lib/python3.9/site-packages/airflow/example_dags/example_branch_operator_decorator.py
[2024-10-03T20:42:26.269+0000] {processor.py:743} INFO - Processing file /usr/local/lib/python3.9/site-packages/airflow/example_dags/example_branch_operator_decorator.py for tasks to queue
[2024-10-03T20:42:26.270+0000] {logging_mixin.py:137} INFO - [2024-10-03T20:42:26.269+0000] {dagbag.py:532} INFO - Filling up the DagBag from /usr/local/lib/python3.9/site-packages/airflow/example_dags/example_branch_operator_decorator.py
[2024-10-03T20:42:26.283+0000] {processor.py:753} INFO - DAG(s) dict_keys(['example_branch_python_operator_decorator']) retrieved from /usr/local/lib/python3.9/site-packages/airflow/example_dags/example_branch_operator_decorator.py
[2024-10-03T20:42:26.295+0000] {logging_mixin.py:137} INFO - [2024-10-03T20:42:26.295+0000] {dag.py:2705} INFO - Sync 1 DAGs
[2024-10-03T20:42:26.304+0000] {logging_mixin.py:137} INFO - [2024-10-03T20:42:26.304+0000] {dag.py:3452} INFO - Setting next_dagrun for example_branch_python_operator_decorator to 2024-10-02T00:00:00+00:00, run_after=2024-10-03T00:00:00+00:00
[2024-10-03T20:42:26.313+0000] {processor.py:175} INFO - Processing /usr/local/lib/python3.9/site-packages/airflow/example_dags/example_branch_operator_decorator.py took 0.050 seconds
[2024-10-03T20:42:56.876+0000] {processor.py:153} INFO - Started process (PID=4748) to work on /usr/local/lib/python3.9/site-packages/airflow/example_dags/example_branch_operator_decorator.py
[2024-10-03T20:42:56.880+0000] {processor.py:743} INFO - Processing file /usr/local/lib/python3.9/site-packages/airflow/example_dags/example_branch_operator_decorator.py for tasks to queue
[2024-10-03T20:42:56.880+0000] {logging_mixin.py:137} INFO - [2024-10-03T20:42:56.880+0000] {dagbag.py:532} INFO - Filling up the DagBag from /usr/local/lib/python3.9/site-packages/airflow/example_dags/example_branch_operator_decorator.py
[2024-10-03T20:42:56.892+0000] {processor.py:753} INFO - DAG(s) dict_keys(['example_branch_python_operator_decorator']) retrieved from /usr/local/lib/python3.9/site-packages/airflow/example_dags/example_branch_operator_decorator.py
[2024-10-03T20:42:56.903+0000] {logging_mixin.py:137} INFO - [2024-10-03T20:42:56.903+0000] {dag.py:2705} INFO - Sync 1 DAGs
[2024-10-03T20:42:56.914+0000] {logging_mixin.py:137} INFO - [2024-10-03T20:42:56.914+0000] {dag.py:3452} INFO - Setting next_dagrun for example_branch_python_operator_decorator to 2024-10-02T00:00:00+00:00, run_after=2024-10-03T00:00:00+00:00
[2024-10-03T20:42:56.922+0000] {processor.py:175} INFO - Processing /usr/local/lib/python3.9/site-packages/airflow/example_dags/example_branch_operator_decorator.py took 0.048 seconds
[2024-10-03T20:43:27.521+0000] {processor.py:153} INFO - Started process (PID=4959) to work on /usr/local/lib/python3.9/site-packages/airflow/example_dags/example_branch_operator_decorator.py
[2024-10-03T20:43:27.521+0000] {processor.py:743} INFO - Processing file /usr/local/lib/python3.9/site-packages/airflow/example_dags/example_branch_operator_decorator.py for tasks to queue
[2024-10-03T20:43:27.522+0000] {logging_mixin.py:137} INFO - [2024-10-03T20:43:27.522+0000] {dagbag.py:532} INFO - Filling up the DagBag from /usr/local/lib/python3.9/site-packages/airflow/example_dags/example_branch_operator_decorator.py
[2024-10-03T20:43:27.535+0000] {processor.py:753} INFO - DAG(s) dict_keys(['example_branch_python_operator_decorator']) retrieved from /usr/local/lib/python3.9/site-packages/airflow/example_dags/example_branch_operator_decorator.py
[2024-10-03T20:43:27.548+0000] {logging_mixin.py:137} INFO - [2024-10-03T20:43:27.548+0000] {dag.py:2705} INFO - Sync 1 DAGs
[2024-10-03T20:43:27.557+0000] {logging_mixin.py:137} INFO - [2024-10-03T20:43:27.557+0000] {dag.py:3452} INFO - Setting next_dagrun for example_branch_python_operator_decorator to 2024-10-02T00:00:00+00:00, run_after=2024-10-03T00:00:00+00:00
[2024-10-03T20:43:27.566+0000] {processor.py:175} INFO - Processing /usr/local/lib/python3.9/site-packages/airflow/example_dags/example_branch_operator_decorator.py took 0.047 seconds
[2024-10-03T20:43:58.121+0000] {processor.py:153} INFO - Started process (PID=5171) to work on /usr/local/lib/python3.9/site-packages/airflow/example_dags/example_branch_operator_decorator.py
[2024-10-03T20:43:58.122+0000] {processor.py:743} INFO - Processing file /usr/local/lib/python3.9/site-packages/airflow/example_dags/example_branch_operator_decorator.py for tasks to queue
[2024-10-03T20:43:58.122+0000] {logging_mixin.py:137} INFO - [2024-10-03T20:43:58.122+0000] {dagbag.py:532} INFO - Filling up the DagBag from /usr/local/lib/python3.9/site-packages/airflow/example_dags/example_branch_operator_decorator.py
[2024-10-03T20:43:58.134+0000] {processor.py:753} INFO - DAG(s) dict_keys(['example_branch_python_operator_decorator']) retrieved from /usr/local/lib/python3.9/site-packages/airflow/example_dags/example_branch_operator_decorator.py
[2024-10-03T20:43:58.143+0000] {logging_mixin.py:137} INFO - [2024-10-03T20:43:58.143+0000] {dag.py:2705} INFO - Sync 1 DAGs
[2024-10-03T20:43:58.152+0000] {logging_mixin.py:137} INFO - [2024-10-03T20:43:58.152+0000] {dag.py:3452} INFO - Setting next_dagrun for example_branch_python_operator_decorator to 2024-10-02T00:00:00+00:00, run_after=2024-10-03T00:00:00+00:00
[2024-10-03T20:43:58.159+0000] {processor.py:175} INFO - Processing /usr/local/lib/python3.9/site-packages/airflow/example_dags/example_branch_operator_decorator.py took 0.040 seconds
[2024-10-03T20:44:28.882+0000] {processor.py:153} INFO - Started process (PID=5382) to work on /usr/local/lib/python3.9/site-packages/airflow/example_dags/example_branch_operator_decorator.py
[2024-10-03T20:44:28.882+0000] {processor.py:743} INFO - Processing file /usr/local/lib/python3.9/site-packages/airflow/example_dags/example_branch_operator_decorator.py for tasks to queue
[2024-10-03T20:44:28.883+0000] {logging_mixin.py:137} INFO - [2024-10-03T20:44:28.883+0000] {dagbag.py:532} INFO - Filling up the DagBag from /usr/local/lib/python3.9/site-packages/airflow/example_dags/example_branch_operator_decorator.py
[2024-10-03T20:44:28.895+0000] {processor.py:753} INFO - DAG(s) dict_keys(['example_branch_python_operator_decorator']) retrieved from /usr/local/lib/python3.9/site-packages/airflow/example_dags/example_branch_operator_decorator.py
[2024-10-03T20:44:28.906+0000] {logging_mixin.py:137} INFO - [2024-10-03T20:44:28.906+0000] {dag.py:2705} INFO - Sync 1 DAGs
[2024-10-03T20:44:28.919+0000] {logging_mixin.py:137} INFO - [2024-10-03T20:44:28.919+0000] {dag.py:3452} INFO - Setting next_dagrun for example_branch_python_operator_decorator to 2024-10-02T00:00:00+00:00, run_after=2024-10-03T00:00:00+00:00
[2024-10-03T20:44:28.928+0000] {processor.py:175} INFO - Processing /usr/local/lib/python3.9/site-packages/airflow/example_dags/example_branch_operator_decorator.py took 0.047 seconds
[2024-10-03T20:44:59.547+0000] {processor.py:153} INFO - Started process (PID=5592) to work on /usr/local/lib/python3.9/site-packages/airflow/example_dags/example_branch_operator_decorator.py
[2024-10-03T20:44:59.551+0000] {processor.py:743} INFO - Processing file /usr/local/lib/python3.9/site-packages/airflow/example_dags/example_branch_operator_decorator.py for tasks to queue
[2024-10-03T20:44:59.551+0000] {logging_mixin.py:137} INFO - [2024-10-03T20:44:59.551+0000] {dagbag.py:532} INFO - Filling up the DagBag from /usr/local/lib/python3.9/site-packages/airflow/example_dags/example_branch_operator_decorator.py
[2024-10-03T20:44:59.562+0000] {processor.py:753} INFO - DAG(s) dict_keys(['example_branch_python_operator_decorator']) retrieved from /usr/local/lib/python3.9/site-packages/airflow/example_dags/example_branch_operator_decorator.py
[2024-10-03T20:44:59.574+0000] {logging_mixin.py:137} INFO - [2024-10-03T20:44:59.574+0000] {dag.py:2705} INFO - Sync 1 DAGs
[2024-10-03T20:44:59.584+0000] {logging_mixin.py:137} INFO - [2024-10-03T20:44:59.584+0000] {dag.py:3452} INFO - Setting next_dagrun for example_branch_python_operator_decorator to 2024-10-02T00:00:00+00:00, run_after=2024-10-03T00:00:00+00:00
[2024-10-03T20:44:59.593+0000] {processor.py:175} INFO - Processing /usr/local/lib/python3.9/site-packages/airflow/example_dags/example_branch_operator_decorator.py took 0.048 seconds
[2024-10-03T20:45:30.134+0000] {processor.py:153} INFO - Started process (PID=5804) to work on /usr/local/lib/python3.9/site-packages/airflow/example_dags/example_branch_operator_decorator.py
[2024-10-03T20:45:30.135+0000] {processor.py:743} INFO - Processing file /usr/local/lib/python3.9/site-packages/airflow/example_dags/example_branch_operator_decorator.py for tasks to queue
[2024-10-03T20:45:30.135+0000] {logging_mixin.py:137} INFO - [2024-10-03T20:45:30.135+0000] {dagbag.py:532} INFO - Filling up the DagBag from /usr/local/lib/python3.9/site-packages/airflow/example_dags/example_branch_operator_decorator.py
[2024-10-03T20:45:30.147+0000] {processor.py:753} INFO - DAG(s) dict_keys(['example_branch_python_operator_decorator']) retrieved from /usr/local/lib/python3.9/site-packages/airflow/example_dags/example_branch_operator_decorator.py
[2024-10-03T20:45:30.155+0000] {logging_mixin.py:137} INFO - [2024-10-03T20:45:30.155+0000] {dag.py:2705} INFO - Sync 1 DAGs
[2024-10-03T20:45:30.164+0000] {logging_mixin.py:137} INFO - [2024-10-03T20:45:30.164+0000] {dag.py:3452} INFO - Setting next_dagrun for example_branch_python_operator_decorator to 2024-10-02T00:00:00+00:00, run_after=2024-10-03T00:00:00+00:00
[2024-10-03T20:45:30.170+0000] {processor.py:175} INFO - Processing /usr/local/lib/python3.9/site-packages/airflow/example_dags/example_branch_operator_decorator.py took 0.038 seconds
[2024-10-03T20:46:00.932+0000] {processor.py:153} INFO - Started process (PID=6015) to work on /usr/local/lib/python3.9/site-packages/airflow/example_dags/example_branch_operator_decorator.py
[2024-10-03T20:46:00.936+0000] {processor.py:743} INFO - Processing file /usr/local/lib/python3.9/site-packages/airflow/example_dags/example_branch_operator_decorator.py for tasks to queue
[2024-10-03T20:46:00.937+0000] {logging_mixin.py:137} INFO - [2024-10-03T20:46:00.937+0000] {dagbag.py:532} INFO - Filling up the DagBag from /usr/local/lib/python3.9/site-packages/airflow/example_dags/example_branch_operator_decorator.py
[2024-10-03T20:46:00.948+0000] {processor.py:753} INFO - DAG(s) dict_keys(['example_branch_python_operator_decorator']) retrieved from /usr/local/lib/python3.9/site-packages/airflow/example_dags/example_branch_operator_decorator.py
[2024-10-03T20:46:00.960+0000] {logging_mixin.py:137} INFO - [2024-10-03T20:46:00.960+0000] {dag.py:2705} INFO - Sync 1 DAGs
[2024-10-03T20:46:00.972+0000] {logging_mixin.py:137} INFO - [2024-10-03T20:46:00.972+0000] {dag.py:3452} INFO - Setting next_dagrun for example_branch_python_operator_decorator to 2024-10-02T00:00:00+00:00, run_after=2024-10-03T00:00:00+00:00
[2024-10-03T20:46:00.983+0000] {processor.py:175} INFO - Processing /usr/local/lib/python3.9/site-packages/airflow/example_dags/example_branch_operator_decorator.py took 0.053 seconds
[2024-10-03T20:46:31.667+0000] {processor.py:153} INFO - Started process (PID=6226) to work on /usr/local/lib/python3.9/site-packages/airflow/example_dags/example_branch_operator_decorator.py
[2024-10-03T20:46:31.668+0000] {processor.py:743} INFO - Processing file /usr/local/lib/python3.9/site-packages/airflow/example_dags/example_branch_operator_decorator.py for tasks to queue
[2024-10-03T20:46:31.668+0000] {logging_mixin.py:137} INFO - [2024-10-03T20:46:31.668+0000] {dagbag.py:532} INFO - Filling up the DagBag from /usr/local/lib/python3.9/site-packages/airflow/example_dags/example_branch_operator_decorator.py
[2024-10-03T20:46:31.679+0000] {processor.py:753} INFO - DAG(s) dict_keys(['example_branch_python_operator_decorator']) retrieved from /usr/local/lib/python3.9/site-packages/airflow/example_dags/example_branch_operator_decorator.py
[2024-10-03T20:46:31.688+0000] {logging_mixin.py:137} INFO - [2024-10-03T20:46:31.688+0000] {dag.py:2705} INFO - Sync 1 DAGs
[2024-10-03T20:46:31.697+0000] {logging_mixin.py:137} INFO - [2024-10-03T20:46:31.697+0000] {dag.py:3452} INFO - Setting next_dagrun for example_branch_python_operator_decorator to 2024-10-02T00:00:00+00:00, run_after=2024-10-03T00:00:00+00:00
[2024-10-03T20:46:31.703+0000] {processor.py:175} INFO - Processing /usr/local/lib/python3.9/site-packages/airflow/example_dags/example_branch_operator_decorator.py took 0.038 seconds
[2024-10-03T20:47:02.248+0000] {processor.py:153} INFO - Started process (PID=6437) to work on /usr/local/lib/python3.9/site-packages/airflow/example_dags/example_branch_operator_decorator.py
[2024-10-03T20:47:02.249+0000] {processor.py:743} INFO - Processing file /usr/local/lib/python3.9/site-packages/airflow/example_dags/example_branch_operator_decorator.py for tasks to queue
[2024-10-03T20:47:02.249+0000] {logging_mixin.py:137} INFO - [2024-10-03T20:47:02.249+0000] {dagbag.py:532} INFO - Filling up the DagBag from /usr/local/lib/python3.9/site-packages/airflow/example_dags/example_branch_operator_decorator.py
[2024-10-03T20:47:02.261+0000] {processor.py:753} INFO - DAG(s) dict_keys(['example_branch_python_operator_decorator']) retrieved from /usr/local/lib/python3.9/site-packages/airflow/example_dags/example_branch_operator_decorator.py
[2024-10-03T20:47:02.271+0000] {logging_mixin.py:137} INFO - [2024-10-03T20:47:02.271+0000] {dag.py:2705} INFO - Sync 1 DAGs
[2024-10-03T20:47:02.280+0000] {logging_mixin.py:137} INFO - [2024-10-03T20:47:02.280+0000] {dag.py:3452} INFO - Setting next_dagrun for example_branch_python_operator_decorator to 2024-10-02T00:00:00+00:00, run_after=2024-10-03T00:00:00+00:00
[2024-10-03T20:47:02.286+0000] {processor.py:175} INFO - Processing /usr/local/lib/python3.9/site-packages/airflow/example_dags/example_branch_operator_decorator.py took 0.040 seconds
[2024-10-03T20:47:32.799+0000] {processor.py:153} INFO - Started process (PID=6648) to work on /usr/local/lib/python3.9/site-packages/airflow/example_dags/example_branch_operator_decorator.py
[2024-10-03T20:47:32.802+0000] {processor.py:743} INFO - Processing file /usr/local/lib/python3.9/site-packages/airflow/example_dags/example_branch_operator_decorator.py for tasks to queue
[2024-10-03T20:47:32.803+0000] {logging_mixin.py:137} INFO - [2024-10-03T20:47:32.803+0000] {dagbag.py:532} INFO - Filling up the DagBag from /usr/local/lib/python3.9/site-packages/airflow/example_dags/example_branch_operator_decorator.py
[2024-10-03T20:47:32.816+0000] {processor.py:753} INFO - DAG(s) dict_keys(['example_branch_python_operator_decorator']) retrieved from /usr/local/lib/python3.9/site-packages/airflow/example_dags/example_branch_operator_decorator.py
[2024-10-03T20:47:32.827+0000] {logging_mixin.py:137} INFO - [2024-10-03T20:47:32.827+0000] {dag.py:2705} INFO - Sync 1 DAGs
[2024-10-03T20:47:32.836+0000] {logging_mixin.py:137} INFO - [2024-10-03T20:47:32.836+0000] {dag.py:3452} INFO - Setting next_dagrun for example_branch_python_operator_decorator to 2024-10-02T00:00:00+00:00, run_after=2024-10-03T00:00:00+00:00
[2024-10-03T20:47:32.849+0000] {processor.py:175} INFO - Processing /usr/local/lib/python3.9/site-packages/airflow/example_dags/example_branch_operator_decorator.py took 0.051 seconds
[2024-10-03T20:48:03.510+0000] {processor.py:153} INFO - Started process (PID=6859) to work on /usr/local/lib/python3.9/site-packages/airflow/example_dags/example_branch_operator_decorator.py
[2024-10-03T20:48:03.511+0000] {processor.py:743} INFO - Processing file /usr/local/lib/python3.9/site-packages/airflow/example_dags/example_branch_operator_decorator.py for tasks to queue
[2024-10-03T20:48:03.511+0000] {logging_mixin.py:137} INFO - [2024-10-03T20:48:03.511+0000] {dagbag.py:532} INFO - Filling up the DagBag from /usr/local/lib/python3.9/site-packages/airflow/example_dags/example_branch_operator_decorator.py
[2024-10-03T20:48:03.523+0000] {processor.py:753} INFO - DAG(s) dict_keys(['example_branch_python_operator_decorator']) retrieved from /usr/local/lib/python3.9/site-packages/airflow/example_dags/example_branch_operator_decorator.py
[2024-10-03T20:48:03.537+0000] {logging_mixin.py:137} INFO - [2024-10-03T20:48:03.537+0000] {dag.py:2705} INFO - Sync 1 DAGs
[2024-10-03T20:48:03.547+0000] {logging_mixin.py:137} INFO - [2024-10-03T20:48:03.547+0000] {dag.py:3452} INFO - Setting next_dagrun for example_branch_python_operator_decorator to 2024-10-02T00:00:00+00:00, run_after=2024-10-03T00:00:00+00:00
[2024-10-03T20:48:03.553+0000] {processor.py:175} INFO - Processing /usr/local/lib/python3.9/site-packages/airflow/example_dags/example_branch_operator_decorator.py took 0.045 seconds
[2024-10-03T20:48:34.141+0000] {processor.py:153} INFO - Started process (PID=7069) to work on /usr/local/lib/python3.9/site-packages/airflow/example_dags/example_branch_operator_decorator.py
[2024-10-03T20:48:34.144+0000] {processor.py:743} INFO - Processing file /usr/local/lib/python3.9/site-packages/airflow/example_dags/example_branch_operator_decorator.py for tasks to queue
[2024-10-03T20:48:34.145+0000] {logging_mixin.py:137} INFO - [2024-10-03T20:48:34.145+0000] {dagbag.py:532} INFO - Filling up the DagBag from /usr/local/lib/python3.9/site-packages/airflow/example_dags/example_branch_operator_decorator.py
[2024-10-03T20:48:34.157+0000] {processor.py:753} INFO - DAG(s) dict_keys(['example_branch_python_operator_decorator']) retrieved from /usr/local/lib/python3.9/site-packages/airflow/example_dags/example_branch_operator_decorator.py
[2024-10-03T20:48:34.172+0000] {logging_mixin.py:137} INFO - [2024-10-03T20:48:34.172+0000] {dag.py:2705} INFO - Sync 1 DAGs
[2024-10-03T20:48:34.183+0000] {logging_mixin.py:137} INFO - [2024-10-03T20:48:34.183+0000] {dag.py:3452} INFO - Setting next_dagrun for example_branch_python_operator_decorator to 2024-10-02T00:00:00+00:00, run_after=2024-10-03T00:00:00+00:00
[2024-10-03T20:48:34.193+0000] {processor.py:175} INFO - Processing /usr/local/lib/python3.9/site-packages/airflow/example_dags/example_branch_operator_decorator.py took 0.054 seconds
[2024-10-03T20:49:04.994+0000] {processor.py:153} INFO - Started process (PID=7281) to work on /usr/local/lib/python3.9/site-packages/airflow/example_dags/example_branch_operator_decorator.py
[2024-10-03T20:49:04.994+0000] {processor.py:743} INFO - Processing file /usr/local/lib/python3.9/site-packages/airflow/example_dags/example_branch_operator_decorator.py for tasks to queue
[2024-10-03T20:49:04.995+0000] {logging_mixin.py:137} INFO - [2024-10-03T20:49:04.995+0000] {dagbag.py:532} INFO - Filling up the DagBag from /usr/local/lib/python3.9/site-packages/airflow/example_dags/example_branch_operator_decorator.py
[2024-10-03T20:49:05.012+0000] {processor.py:753} INFO - DAG(s) dict_keys(['example_branch_python_operator_decorator']) retrieved from /usr/local/lib/python3.9/site-packages/airflow/example_dags/example_branch_operator_decorator.py
[2024-10-03T20:49:05.027+0000] {logging_mixin.py:137} INFO - [2024-10-03T20:49:05.027+0000] {dag.py:2705} INFO - Sync 1 DAGs
[2024-10-03T20:49:05.042+0000] {logging_mixin.py:137} INFO - [2024-10-03T20:49:05.042+0000] {dag.py:3452} INFO - Setting next_dagrun for example_branch_python_operator_decorator to 2024-10-02T00:00:00+00:00, run_after=2024-10-03T00:00:00+00:00
[2024-10-03T20:49:05.053+0000] {processor.py:175} INFO - Processing /usr/local/lib/python3.9/site-packages/airflow/example_dags/example_branch_operator_decorator.py took 0.061 seconds
[2024-10-03T20:49:35.774+0000] {processor.py:153} INFO - Started process (PID=7492) to work on /usr/local/lib/python3.9/site-packages/airflow/example_dags/example_branch_operator_decorator.py
[2024-10-03T20:49:35.776+0000] {processor.py:743} INFO - Processing file /usr/local/lib/python3.9/site-packages/airflow/example_dags/example_branch_operator_decorator.py for tasks to queue
[2024-10-03T20:49:35.776+0000] {logging_mixin.py:137} INFO - [2024-10-03T20:49:35.776+0000] {dagbag.py:532} INFO - Filling up the DagBag from /usr/local/lib/python3.9/site-packages/airflow/example_dags/example_branch_operator_decorator.py
[2024-10-03T20:49:35.788+0000] {processor.py:753} INFO - DAG(s) dict_keys(['example_branch_python_operator_decorator']) retrieved from /usr/local/lib/python3.9/site-packages/airflow/example_dags/example_branch_operator_decorator.py
[2024-10-03T20:49:35.800+0000] {logging_mixin.py:137} INFO - [2024-10-03T20:49:35.800+0000] {dag.py:2705} INFO - Sync 1 DAGs
[2024-10-03T20:49:35.813+0000] {logging_mixin.py:137} INFO - [2024-10-03T20:49:35.813+0000] {dag.py:3452} INFO - Setting next_dagrun for example_branch_python_operator_decorator to 2024-10-02T00:00:00+00:00, run_after=2024-10-03T00:00:00+00:00
[2024-10-03T20:49:35.822+0000] {processor.py:175} INFO - Processing /usr/local/lib/python3.9/site-packages/airflow/example_dags/example_branch_operator_decorator.py took 0.049 seconds
[2024-10-03T20:50:06.528+0000] {processor.py:153} INFO - Started process (PID=7703) to work on /usr/local/lib/python3.9/site-packages/airflow/example_dags/example_branch_operator_decorator.py
[2024-10-03T20:50:06.528+0000] {processor.py:743} INFO - Processing file /usr/local/lib/python3.9/site-packages/airflow/example_dags/example_branch_operator_decorator.py for tasks to queue
[2024-10-03T20:50:06.529+0000] {logging_mixin.py:137} INFO - [2024-10-03T20:50:06.529+0000] {dagbag.py:532} INFO - Filling up the DagBag from /usr/local/lib/python3.9/site-packages/airflow/example_dags/example_branch_operator_decorator.py
[2024-10-03T20:50:06.544+0000] {processor.py:753} INFO - DAG(s) dict_keys(['example_branch_python_operator_decorator']) retrieved from /usr/local/lib/python3.9/site-packages/airflow/example_dags/example_branch_operator_decorator.py
[2024-10-03T20:50:06.559+0000] {logging_mixin.py:137} INFO - [2024-10-03T20:50:06.559+0000] {dag.py:2705} INFO - Sync 1 DAGs
[2024-10-03T20:50:06.572+0000] {logging_mixin.py:137} INFO - [2024-10-03T20:50:06.572+0000] {dag.py:3452} INFO - Setting next_dagrun for example_branch_python_operator_decorator to 2024-10-02T00:00:00+00:00, run_after=2024-10-03T00:00:00+00:00
[2024-10-03T20:50:06.601+0000] {processor.py:175} INFO - Processing /usr/local/lib/python3.9/site-packages/airflow/example_dags/example_branch_operator_decorator.py took 0.075 seconds
[2024-10-03T20:50:37.290+0000] {processor.py:153} INFO - Started process (PID=7914) to work on /usr/local/lib/python3.9/site-packages/airflow/example_dags/example_branch_operator_decorator.py
[2024-10-03T20:50:37.290+0000] {processor.py:743} INFO - Processing file /usr/local/lib/python3.9/site-packages/airflow/example_dags/example_branch_operator_decorator.py for tasks to queue
[2024-10-03T20:50:37.291+0000] {logging_mixin.py:137} INFO - [2024-10-03T20:50:37.291+0000] {dagbag.py:532} INFO - Filling up the DagBag from /usr/local/lib/python3.9/site-packages/airflow/example_dags/example_branch_operator_decorator.py
[2024-10-03T20:50:37.304+0000] {processor.py:753} INFO - DAG(s) dict_keys(['example_branch_python_operator_decorator']) retrieved from /usr/local/lib/python3.9/site-packages/airflow/example_dags/example_branch_operator_decorator.py
[2024-10-03T20:50:37.317+0000] {logging_mixin.py:137} INFO - [2024-10-03T20:50:37.317+0000] {dag.py:2705} INFO - Sync 1 DAGs
[2024-10-03T20:50:37.327+0000] {logging_mixin.py:137} INFO - [2024-10-03T20:50:37.327+0000] {dag.py:3452} INFO - Setting next_dagrun for example_branch_python_operator_decorator to 2024-10-02T00:00:00+00:00, run_after=2024-10-03T00:00:00+00:00
[2024-10-03T20:50:37.336+0000] {processor.py:175} INFO - Processing /usr/local/lib/python3.9/site-packages/airflow/example_dags/example_branch_operator_decorator.py took 0.048 seconds
[2024-10-03T20:51:08.084+0000] {processor.py:153} INFO - Started process (PID=8125) to work on /usr/local/lib/python3.9/site-packages/airflow/example_dags/example_branch_operator_decorator.py
[2024-10-03T20:51:08.087+0000] {processor.py:743} INFO - Processing file /usr/local/lib/python3.9/site-packages/airflow/example_dags/example_branch_operator_decorator.py for tasks to queue
[2024-10-03T20:51:08.088+0000] {logging_mixin.py:137} INFO - [2024-10-03T20:51:08.088+0000] {dagbag.py:532} INFO - Filling up the DagBag from /usr/local/lib/python3.9/site-packages/airflow/example_dags/example_branch_operator_decorator.py
[2024-10-03T20:51:08.101+0000] {processor.py:753} INFO - DAG(s) dict_keys(['example_branch_python_operator_decorator']) retrieved from /usr/local/lib/python3.9/site-packages/airflow/example_dags/example_branch_operator_decorator.py
[2024-10-03T20:51:08.115+0000] {logging_mixin.py:137} INFO - [2024-10-03T20:51:08.114+0000] {dag.py:2705} INFO - Sync 1 DAGs
[2024-10-03T20:51:08.125+0000] {logging_mixin.py:137} INFO - [2024-10-03T20:51:08.125+0000] {dag.py:3452} INFO - Setting next_dagrun for example_branch_python_operator_decorator to 2024-10-02T00:00:00+00:00, run_after=2024-10-03T00:00:00+00:00
[2024-10-03T20:51:08.134+0000] {processor.py:175} INFO - Processing /usr/local/lib/python3.9/site-packages/airflow/example_dags/example_branch_operator_decorator.py took 0.051 seconds
[2024-10-03T20:51:39.055+0000] {processor.py:153} INFO - Started process (PID=8336) to work on /usr/local/lib/python3.9/site-packages/airflow/example_dags/example_branch_operator_decorator.py
[2024-10-03T20:51:39.056+0000] {processor.py:743} INFO - Processing file /usr/local/lib/python3.9/site-packages/airflow/example_dags/example_branch_operator_decorator.py for tasks to queue
[2024-10-03T20:51:39.056+0000] {logging_mixin.py:137} INFO - [2024-10-03T20:51:39.056+0000] {dagbag.py:532} INFO - Filling up the DagBag from /usr/local/lib/python3.9/site-packages/airflow/example_dags/example_branch_operator_decorator.py
[2024-10-03T20:51:39.066+0000] {processor.py:753} INFO - DAG(s) dict_keys(['example_branch_python_operator_decorator']) retrieved from /usr/local/lib/python3.9/site-packages/airflow/example_dags/example_branch_operator_decorator.py
[2024-10-03T20:51:39.076+0000] {logging_mixin.py:137} INFO - [2024-10-03T20:51:39.076+0000] {dag.py:2705} INFO - Sync 1 DAGs
[2024-10-03T20:51:39.085+0000] {logging_mixin.py:137} INFO - [2024-10-03T20:51:39.085+0000] {dag.py:3452} INFO - Setting next_dagrun for example_branch_python_operator_decorator to 2024-10-02T00:00:00+00:00, run_after=2024-10-03T00:00:00+00:00
[2024-10-03T20:51:39.091+0000] {processor.py:175} INFO - Processing /usr/local/lib/python3.9/site-packages/airflow/example_dags/example_branch_operator_decorator.py took 0.041 seconds
[2024-10-03T20:52:09.176+0000] {processor.py:153} INFO - Started process (PID=8549) to work on /usr/local/lib/python3.9/site-packages/airflow/example_dags/example_branch_operator_decorator.py
[2024-10-03T20:52:09.176+0000] {processor.py:743} INFO - Processing file /usr/local/lib/python3.9/site-packages/airflow/example_dags/example_branch_operator_decorator.py for tasks to queue
[2024-10-03T20:52:09.176+0000] {logging_mixin.py:137} INFO - [2024-10-03T20:52:09.176+0000] {dagbag.py:532} INFO - Filling up the DagBag from /usr/local/lib/python3.9/site-packages/airflow/example_dags/example_branch_operator_decorator.py
[2024-10-03T20:52:09.187+0000] {processor.py:753} INFO - DAG(s) dict_keys(['example_branch_python_operator_decorator']) retrieved from /usr/local/lib/python3.9/site-packages/airflow/example_dags/example_branch_operator_decorator.py
[2024-10-03T20:52:09.197+0000] {logging_mixin.py:137} INFO - [2024-10-03T20:52:09.197+0000] {dag.py:2705} INFO - Sync 1 DAGs
[2024-10-03T20:52:09.205+0000] {logging_mixin.py:137} INFO - [2024-10-03T20:52:09.205+0000] {dag.py:3452} INFO - Setting next_dagrun for example_branch_python_operator_decorator to 2024-10-02T00:00:00+00:00, run_after=2024-10-03T00:00:00+00:00
[2024-10-03T20:52:09.212+0000] {processor.py:175} INFO - Processing /usr/local/lib/python3.9/site-packages/airflow/example_dags/example_branch_operator_decorator.py took 0.038 seconds
[2024-10-03T20:52:40.107+0000] {processor.py:153} INFO - Started process (PID=8758) to work on /usr/local/lib/python3.9/site-packages/airflow/example_dags/example_branch_operator_decorator.py
[2024-10-03T20:52:40.110+0000] {processor.py:743} INFO - Processing file /usr/local/lib/python3.9/site-packages/airflow/example_dags/example_branch_operator_decorator.py for tasks to queue
[2024-10-03T20:52:40.111+0000] {logging_mixin.py:137} INFO - [2024-10-03T20:52:40.111+0000] {dagbag.py:532} INFO - Filling up the DagBag from /usr/local/lib/python3.9/site-packages/airflow/example_dags/example_branch_operator_decorator.py
[2024-10-03T20:52:40.123+0000] {processor.py:753} INFO - DAG(s) dict_keys(['example_branch_python_operator_decorator']) retrieved from /usr/local/lib/python3.9/site-packages/airflow/example_dags/example_branch_operator_decorator.py
[2024-10-03T20:52:40.138+0000] {logging_mixin.py:137} INFO - [2024-10-03T20:52:40.137+0000] {dag.py:2705} INFO - Sync 1 DAGs
[2024-10-03T20:52:40.148+0000] {logging_mixin.py:137} INFO - [2024-10-03T20:52:40.148+0000] {dag.py:3452} INFO - Setting next_dagrun for example_branch_python_operator_decorator to 2024-10-02T00:00:00+00:00, run_after=2024-10-03T00:00:00+00:00
[2024-10-03T20:52:40.159+0000] {processor.py:175} INFO - Processing /usr/local/lib/python3.9/site-packages/airflow/example_dags/example_branch_operator_decorator.py took 0.054 seconds
