[2024-10-03T20:32:01.817+0000] {processor.py:153} INFO - Started process (PID=305) to work on /usr/local/lib/python3.9/site-packages/airflow/example_dags/example_nested_branch_dag.py
[2024-10-03T20:32:01.817+0000] {processor.py:743} INFO - Processing file /usr/local/lib/python3.9/site-packages/airflow/example_dags/example_nested_branch_dag.py for tasks to queue
[2024-10-03T20:32:01.818+0000] {logging_mixin.py:137} INFO - [2024-10-03T20:32:01.818+0000] {dagbag.py:532} INFO - Filling up the DagBag from /usr/local/lib/python3.9/site-packages/airflow/example_dags/example_nested_branch_dag.py
[2024-10-03T20:32:01.832+0000] {processor.py:753} INFO - DAG(s) dict_keys(['example_nested_branch_dag']) retrieved from /usr/local/lib/python3.9/site-packages/airflow/example_dags/example_nested_branch_dag.py
[2024-10-03T20:32:01.840+0000] {logging_mixin.py:137} INFO - [2024-10-03T20:32:01.840+0000] {dag.py:2705} INFO - Sync 1 DAGs
[2024-10-03T20:32:01.856+0000] {logging_mixin.py:137} INFO - [2024-10-03T20:32:01.856+0000] {dag.py:3452} INFO - Setting next_dagrun for example_nested_branch_dag to 2024-10-02T00:00:00+00:00, run_after=2024-10-03T00:00:00+00:00
[2024-10-03T20:32:01.870+0000] {processor.py:175} INFO - Processing /usr/local/lib/python3.9/site-packages/airflow/example_dags/example_nested_branch_dag.py took 0.055 seconds
[2024-10-03T20:32:34.172+0000] {processor.py:153} INFO - Started process (PID=519) to work on /usr/local/lib/python3.9/site-packages/airflow/example_dags/example_nested_branch_dag.py
[2024-10-03T20:32:34.174+0000] {processor.py:743} INFO - Processing file /usr/local/lib/python3.9/site-packages/airflow/example_dags/example_nested_branch_dag.py for tasks to queue
[2024-10-03T20:32:34.175+0000] {logging_mixin.py:137} INFO - [2024-10-03T20:32:34.175+0000] {dagbag.py:532} INFO - Filling up the DagBag from /usr/local/lib/python3.9/site-packages/airflow/example_dags/example_nested_branch_dag.py
[2024-10-03T20:32:34.200+0000] {processor.py:753} INFO - DAG(s) dict_keys(['example_nested_branch_dag']) retrieved from /usr/local/lib/python3.9/site-packages/airflow/example_dags/example_nested_branch_dag.py
[2024-10-03T20:32:34.274+0000] {logging_mixin.py:137} INFO - [2024-10-03T20:32:34.274+0000] {dag.py:2705} INFO - Sync 1 DAGs
[2024-10-03T20:32:34.299+0000] {logging_mixin.py:137} INFO - [2024-10-03T20:32:34.299+0000] {dag.py:3452} INFO - Setting next_dagrun for example_nested_branch_dag to 2024-10-02T00:00:00+00:00, run_after=2024-10-03T00:00:00+00:00
[2024-10-03T20:32:34.325+0000] {processor.py:175} INFO - Processing /usr/local/lib/python3.9/site-packages/airflow/example_dags/example_nested_branch_dag.py took 0.155 seconds
[2024-10-03T20:33:10.280+0000] {processor.py:153} INFO - Started process (PID=731) to work on /usr/local/lib/python3.9/site-packages/airflow/example_dags/example_nested_branch_dag.py
[2024-10-03T20:33:10.288+0000] {processor.py:743} INFO - Processing file /usr/local/lib/python3.9/site-packages/airflow/example_dags/example_nested_branch_dag.py for tasks to queue
[2024-10-03T20:33:10.288+0000] {logging_mixin.py:137} INFO - [2024-10-03T20:33:10.288+0000] {dagbag.py:532} INFO - Filling up the DagBag from /usr/local/lib/python3.9/site-packages/airflow/example_dags/example_nested_branch_dag.py
[2024-10-03T20:33:10.300+0000] {processor.py:753} INFO - DAG(s) dict_keys(['example_nested_branch_dag']) retrieved from /usr/local/lib/python3.9/site-packages/airflow/example_dags/example_nested_branch_dag.py
[2024-10-03T20:33:10.311+0000] {logging_mixin.py:137} INFO - [2024-10-03T20:33:10.311+0000] {dag.py:2705} INFO - Sync 1 DAGs
[2024-10-03T20:33:10.323+0000] {logging_mixin.py:137} INFO - [2024-10-03T20:33:10.323+0000] {dag.py:3452} INFO - Setting next_dagrun for example_nested_branch_dag to 2024-10-02T00:00:00+00:00, run_after=2024-10-03T00:00:00+00:00
[2024-10-03T20:33:10.390+0000] {processor.py:175} INFO - Processing /usr/local/lib/python3.9/site-packages/airflow/example_dags/example_nested_branch_dag.py took 0.112 seconds
[2024-10-03T20:33:40.569+0000] {processor.py:153} INFO - Started process (PID=944) to work on /usr/local/lib/python3.9/site-packages/airflow/example_dags/example_nested_branch_dag.py
[2024-10-03T20:33:40.571+0000] {processor.py:743} INFO - Processing file /usr/local/lib/python3.9/site-packages/airflow/example_dags/example_nested_branch_dag.py for tasks to queue
[2024-10-03T20:33:40.573+0000] {logging_mixin.py:137} INFO - [2024-10-03T20:33:40.573+0000] {dagbag.py:532} INFO - Filling up the DagBag from /usr/local/lib/python3.9/site-packages/airflow/example_dags/example_nested_branch_dag.py
[2024-10-03T20:33:40.590+0000] {processor.py:753} INFO - DAG(s) dict_keys(['example_nested_branch_dag']) retrieved from /usr/local/lib/python3.9/site-packages/airflow/example_dags/example_nested_branch_dag.py
[2024-10-03T20:33:40.611+0000] {logging_mixin.py:137} INFO - [2024-10-03T20:33:40.611+0000] {dag.py:2705} INFO - Sync 1 DAGs
[2024-10-03T20:33:40.627+0000] {logging_mixin.py:137} INFO - [2024-10-03T20:33:40.627+0000] {dag.py:3452} INFO - Setting next_dagrun for example_nested_branch_dag to 2024-10-02T00:00:00+00:00, run_after=2024-10-03T00:00:00+00:00
[2024-10-03T20:33:40.637+0000] {processor.py:175} INFO - Processing /usr/local/lib/python3.9/site-packages/airflow/example_dags/example_nested_branch_dag.py took 0.073 seconds
[2024-10-03T20:34:11.783+0000] {processor.py:153} INFO - Started process (PID=1155) to work on /usr/local/lib/python3.9/site-packages/airflow/example_dags/example_nested_branch_dag.py
[2024-10-03T20:34:11.784+0000] {processor.py:743} INFO - Processing file /usr/local/lib/python3.9/site-packages/airflow/example_dags/example_nested_branch_dag.py for tasks to queue
[2024-10-03T20:34:11.784+0000] {logging_mixin.py:137} INFO - [2024-10-03T20:34:11.784+0000] {dagbag.py:532} INFO - Filling up the DagBag from /usr/local/lib/python3.9/site-packages/airflow/example_dags/example_nested_branch_dag.py
[2024-10-03T20:34:11.797+0000] {processor.py:753} INFO - DAG(s) dict_keys(['example_nested_branch_dag']) retrieved from /usr/local/lib/python3.9/site-packages/airflow/example_dags/example_nested_branch_dag.py
[2024-10-03T20:34:11.810+0000] {logging_mixin.py:137} INFO - [2024-10-03T20:34:11.810+0000] {dag.py:2705} INFO - Sync 1 DAGs
[2024-10-03T20:34:11.824+0000] {logging_mixin.py:137} INFO - [2024-10-03T20:34:11.823+0000] {dag.py:3452} INFO - Setting next_dagrun for example_nested_branch_dag to 2024-10-02T00:00:00+00:00, run_after=2024-10-03T00:00:00+00:00
[2024-10-03T20:34:11.832+0000] {processor.py:175} INFO - Processing /usr/local/lib/python3.9/site-packages/airflow/example_dags/example_nested_branch_dag.py took 0.050 seconds
[2024-10-03T20:34:43.286+0000] {processor.py:153} INFO - Started process (PID=1364) to work on /usr/local/lib/python3.9/site-packages/airflow/example_dags/example_nested_branch_dag.py
[2024-10-03T20:34:43.343+0000] {processor.py:743} INFO - Processing file /usr/local/lib/python3.9/site-packages/airflow/example_dags/example_nested_branch_dag.py for tasks to queue
[2024-10-03T20:34:43.344+0000] {logging_mixin.py:137} INFO - [2024-10-03T20:34:43.344+0000] {dagbag.py:532} INFO - Filling up the DagBag from /usr/local/lib/python3.9/site-packages/airflow/example_dags/example_nested_branch_dag.py
[2024-10-03T20:34:43.382+0000] {processor.py:753} INFO - DAG(s) dict_keys(['example_nested_branch_dag']) retrieved from /usr/local/lib/python3.9/site-packages/airflow/example_dags/example_nested_branch_dag.py
[2024-10-03T20:34:43.404+0000] {logging_mixin.py:137} INFO - [2024-10-03T20:34:43.404+0000] {dag.py:2705} INFO - Sync 1 DAGs
[2024-10-03T20:34:43.422+0000] {logging_mixin.py:137} INFO - [2024-10-03T20:34:43.422+0000] {dag.py:3452} INFO - Setting next_dagrun for example_nested_branch_dag to 2024-10-02T00:00:00+00:00, run_after=2024-10-03T00:00:00+00:00
[2024-10-03T20:34:43.452+0000] {processor.py:175} INFO - Processing /usr/local/lib/python3.9/site-packages/airflow/example_dags/example_nested_branch_dag.py took 0.167 seconds
[2024-10-03T20:35:15.959+0000] {processor.py:153} INFO - Started process (PID=1575) to work on /usr/local/lib/python3.9/site-packages/airflow/example_dags/example_nested_branch_dag.py
[2024-10-03T20:35:15.965+0000] {processor.py:743} INFO - Processing file /usr/local/lib/python3.9/site-packages/airflow/example_dags/example_nested_branch_dag.py for tasks to queue
[2024-10-03T20:35:15.966+0000] {logging_mixin.py:137} INFO - [2024-10-03T20:35:15.966+0000] {dagbag.py:532} INFO - Filling up the DagBag from /usr/local/lib/python3.9/site-packages/airflow/example_dags/example_nested_branch_dag.py
[2024-10-03T20:35:15.984+0000] {processor.py:753} INFO - DAG(s) dict_keys(['example_nested_branch_dag']) retrieved from /usr/local/lib/python3.9/site-packages/airflow/example_dags/example_nested_branch_dag.py
[2024-10-03T20:35:16.022+0000] {logging_mixin.py:137} INFO - [2024-10-03T20:35:16.022+0000] {dag.py:2705} INFO - Sync 1 DAGs
[2024-10-03T20:35:16.030+0000] {logging_mixin.py:137} INFO - [2024-10-03T20:35:16.030+0000] {dag.py:3452} INFO - Setting next_dagrun for example_nested_branch_dag to 2024-10-02T00:00:00+00:00, run_after=2024-10-03T00:00:00+00:00
[2024-10-03T20:35:16.049+0000] {processor.py:175} INFO - Processing /usr/local/lib/python3.9/site-packages/airflow/example_dags/example_nested_branch_dag.py took 0.092 seconds
[2024-10-03T20:35:46.678+0000] {processor.py:153} INFO - Started process (PID=1782) to work on /usr/local/lib/python3.9/site-packages/airflow/example_dags/example_nested_branch_dag.py
[2024-10-03T20:35:46.679+0000] {processor.py:743} INFO - Processing file /usr/local/lib/python3.9/site-packages/airflow/example_dags/example_nested_branch_dag.py for tasks to queue
[2024-10-03T20:35:46.680+0000] {logging_mixin.py:137} INFO - [2024-10-03T20:35:46.679+0000] {dagbag.py:532} INFO - Filling up the DagBag from /usr/local/lib/python3.9/site-packages/airflow/example_dags/example_nested_branch_dag.py
[2024-10-03T20:35:46.693+0000] {processor.py:753} INFO - DAG(s) dict_keys(['example_nested_branch_dag']) retrieved from /usr/local/lib/python3.9/site-packages/airflow/example_dags/example_nested_branch_dag.py
[2024-10-03T20:35:46.707+0000] {logging_mixin.py:137} INFO - [2024-10-03T20:35:46.707+0000] {dag.py:2705} INFO - Sync 1 DAGs
[2024-10-03T20:35:46.763+0000] {logging_mixin.py:137} INFO - [2024-10-03T20:35:46.763+0000] {dag.py:3452} INFO - Setting next_dagrun for example_nested_branch_dag to 2024-10-02T00:00:00+00:00, run_after=2024-10-03T00:00:00+00:00
[2024-10-03T20:35:46.770+0000] {processor.py:175} INFO - Processing /usr/local/lib/python3.9/site-packages/airflow/example_dags/example_nested_branch_dag.py took 0.093 seconds
[2024-10-03T20:36:17.573+0000] {processor.py:153} INFO - Started process (PID=1991) to work on /usr/local/lib/python3.9/site-packages/airflow/example_dags/example_nested_branch_dag.py
[2024-10-03T20:36:17.575+0000] {processor.py:743} INFO - Processing file /usr/local/lib/python3.9/site-packages/airflow/example_dags/example_nested_branch_dag.py for tasks to queue
[2024-10-03T20:36:17.575+0000] {logging_mixin.py:137} INFO - [2024-10-03T20:36:17.575+0000] {dagbag.py:532} INFO - Filling up the DagBag from /usr/local/lib/python3.9/site-packages/airflow/example_dags/example_nested_branch_dag.py
[2024-10-03T20:36:17.586+0000] {processor.py:753} INFO - DAG(s) dict_keys(['example_nested_branch_dag']) retrieved from /usr/local/lib/python3.9/site-packages/airflow/example_dags/example_nested_branch_dag.py
[2024-10-03T20:36:17.609+0000] {logging_mixin.py:137} INFO - [2024-10-03T20:36:17.609+0000] {dag.py:2705} INFO - Sync 1 DAGs
[2024-10-03T20:36:17.703+0000] {logging_mixin.py:137} INFO - [2024-10-03T20:36:17.703+0000] {dag.py:3452} INFO - Setting next_dagrun for example_nested_branch_dag to 2024-10-02T00:00:00+00:00, run_after=2024-10-03T00:00:00+00:00
[2024-10-03T20:36:17.710+0000] {processor.py:175} INFO - Processing /usr/local/lib/python3.9/site-packages/airflow/example_dags/example_nested_branch_dag.py took 0.139 seconds
[2024-10-03T20:36:48.593+0000] {processor.py:153} INFO - Started process (PID=2201) to work on /usr/local/lib/python3.9/site-packages/airflow/example_dags/example_nested_branch_dag.py
[2024-10-03T20:36:48.600+0000] {processor.py:743} INFO - Processing file /usr/local/lib/python3.9/site-packages/airflow/example_dags/example_nested_branch_dag.py for tasks to queue
[2024-10-03T20:36:48.604+0000] {logging_mixin.py:137} INFO - [2024-10-03T20:36:48.604+0000] {dagbag.py:532} INFO - Filling up the DagBag from /usr/local/lib/python3.9/site-packages/airflow/example_dags/example_nested_branch_dag.py
[2024-10-03T20:36:48.679+0000] {processor.py:753} INFO - DAG(s) dict_keys(['example_nested_branch_dag']) retrieved from /usr/local/lib/python3.9/site-packages/airflow/example_dags/example_nested_branch_dag.py
[2024-10-03T20:36:48.694+0000] {logging_mixin.py:137} INFO - [2024-10-03T20:36:48.694+0000] {dag.py:2705} INFO - Sync 1 DAGs
[2024-10-03T20:36:48.704+0000] {logging_mixin.py:137} INFO - [2024-10-03T20:36:48.704+0000] {dag.py:3452} INFO - Setting next_dagrun for example_nested_branch_dag to 2024-10-02T00:00:00+00:00, run_after=2024-10-03T00:00:00+00:00
[2024-10-03T20:36:48.715+0000] {processor.py:175} INFO - Processing /usr/local/lib/python3.9/site-packages/airflow/example_dags/example_nested_branch_dag.py took 0.127 seconds
[2024-10-03T20:37:19.590+0000] {processor.py:153} INFO - Started process (PID=2412) to work on /usr/local/lib/python3.9/site-packages/airflow/example_dags/example_nested_branch_dag.py
[2024-10-03T20:37:19.594+0000] {processor.py:743} INFO - Processing file /usr/local/lib/python3.9/site-packages/airflow/example_dags/example_nested_branch_dag.py for tasks to queue
[2024-10-03T20:37:19.595+0000] {logging_mixin.py:137} INFO - [2024-10-03T20:37:19.595+0000] {dagbag.py:532} INFO - Filling up the DagBag from /usr/local/lib/python3.9/site-packages/airflow/example_dags/example_nested_branch_dag.py
[2024-10-03T20:37:19.631+0000] {processor.py:753} INFO - DAG(s) dict_keys(['example_nested_branch_dag']) retrieved from /usr/local/lib/python3.9/site-packages/airflow/example_dags/example_nested_branch_dag.py
[2024-10-03T20:37:19.672+0000] {logging_mixin.py:137} INFO - [2024-10-03T20:37:19.671+0000] {dag.py:2705} INFO - Sync 1 DAGs
[2024-10-03T20:37:19.710+0000] {logging_mixin.py:137} INFO - [2024-10-03T20:37:19.710+0000] {dag.py:3452} INFO - Setting next_dagrun for example_nested_branch_dag to 2024-10-02T00:00:00+00:00, run_after=2024-10-03T00:00:00+00:00
[2024-10-03T20:37:19.737+0000] {processor.py:175} INFO - Processing /usr/local/lib/python3.9/site-packages/airflow/example_dags/example_nested_branch_dag.py took 0.286 seconds
[2024-10-03T20:37:49.881+0000] {processor.py:153} INFO - Started process (PID=2624) to work on /usr/local/lib/python3.9/site-packages/airflow/example_dags/example_nested_branch_dag.py
[2024-10-03T20:37:49.881+0000] {processor.py:743} INFO - Processing file /usr/local/lib/python3.9/site-packages/airflow/example_dags/example_nested_branch_dag.py for tasks to queue
[2024-10-03T20:37:49.882+0000] {logging_mixin.py:137} INFO - [2024-10-03T20:37:49.882+0000] {dagbag.py:532} INFO - Filling up the DagBag from /usr/local/lib/python3.9/site-packages/airflow/example_dags/example_nested_branch_dag.py
[2024-10-03T20:37:49.902+0000] {processor.py:753} INFO - DAG(s) dict_keys(['example_nested_branch_dag']) retrieved from /usr/local/lib/python3.9/site-packages/airflow/example_dags/example_nested_branch_dag.py
[2024-10-03T20:37:49.920+0000] {logging_mixin.py:137} INFO - [2024-10-03T20:37:49.920+0000] {dag.py:2705} INFO - Sync 1 DAGs
[2024-10-03T20:37:49.933+0000] {logging_mixin.py:137} INFO - [2024-10-03T20:37:49.933+0000] {dag.py:3452} INFO - Setting next_dagrun for example_nested_branch_dag to 2024-10-02T00:00:00+00:00, run_after=2024-10-03T00:00:00+00:00
[2024-10-03T20:37:49.946+0000] {processor.py:175} INFO - Processing /usr/local/lib/python3.9/site-packages/airflow/example_dags/example_nested_branch_dag.py took 0.069 seconds
[2024-10-03T20:38:20.014+0000] {processor.py:153} INFO - Started process (PID=2834) to work on /usr/local/lib/python3.9/site-packages/airflow/example_dags/example_nested_branch_dag.py
[2024-10-03T20:38:20.017+0000] {processor.py:743} INFO - Processing file /usr/local/lib/python3.9/site-packages/airflow/example_dags/example_nested_branch_dag.py for tasks to queue
[2024-10-03T20:38:20.018+0000] {logging_mixin.py:137} INFO - [2024-10-03T20:38:20.018+0000] {dagbag.py:532} INFO - Filling up the DagBag from /usr/local/lib/python3.9/site-packages/airflow/example_dags/example_nested_branch_dag.py
[2024-10-03T20:38:20.038+0000] {processor.py:753} INFO - DAG(s) dict_keys(['example_nested_branch_dag']) retrieved from /usr/local/lib/python3.9/site-packages/airflow/example_dags/example_nested_branch_dag.py
[2024-10-03T20:38:20.058+0000] {logging_mixin.py:137} INFO - [2024-10-03T20:38:20.058+0000] {dag.py:2705} INFO - Sync 1 DAGs
[2024-10-03T20:38:20.070+0000] {logging_mixin.py:137} INFO - [2024-10-03T20:38:20.070+0000] {dag.py:3452} INFO - Setting next_dagrun for example_nested_branch_dag to 2024-10-02T00:00:00+00:00, run_after=2024-10-03T00:00:00+00:00
[2024-10-03T20:38:20.083+0000] {processor.py:175} INFO - Processing /usr/local/lib/python3.9/site-packages/airflow/example_dags/example_nested_branch_dag.py took 0.072 seconds
[2024-10-03T20:38:50.787+0000] {processor.py:153} INFO - Started process (PID=3046) to work on /usr/local/lib/python3.9/site-packages/airflow/example_dags/example_nested_branch_dag.py
[2024-10-03T20:38:50.790+0000] {processor.py:743} INFO - Processing file /usr/local/lib/python3.9/site-packages/airflow/example_dags/example_nested_branch_dag.py for tasks to queue
[2024-10-03T20:38:50.793+0000] {logging_mixin.py:137} INFO - [2024-10-03T20:38:50.793+0000] {dagbag.py:532} INFO - Filling up the DagBag from /usr/local/lib/python3.9/site-packages/airflow/example_dags/example_nested_branch_dag.py
[2024-10-03T20:38:50.811+0000] {processor.py:753} INFO - DAG(s) dict_keys(['example_nested_branch_dag']) retrieved from /usr/local/lib/python3.9/site-packages/airflow/example_dags/example_nested_branch_dag.py
[2024-10-03T20:38:50.826+0000] {logging_mixin.py:137} INFO - [2024-10-03T20:38:50.826+0000] {dag.py:2705} INFO - Sync 1 DAGs
[2024-10-03T20:38:50.839+0000] {logging_mixin.py:137} INFO - [2024-10-03T20:38:50.839+0000] {dag.py:3452} INFO - Setting next_dagrun for example_nested_branch_dag to 2024-10-02T00:00:00+00:00, run_after=2024-10-03T00:00:00+00:00
[2024-10-03T20:38:50.847+0000] {processor.py:175} INFO - Processing /usr/local/lib/python3.9/site-packages/airflow/example_dags/example_nested_branch_dag.py took 0.063 seconds
[2024-10-03T20:39:21.623+0000] {processor.py:153} INFO - Started process (PID=3257) to work on /usr/local/lib/python3.9/site-packages/airflow/example_dags/example_nested_branch_dag.py
[2024-10-03T20:39:21.624+0000] {processor.py:743} INFO - Processing file /usr/local/lib/python3.9/site-packages/airflow/example_dags/example_nested_branch_dag.py for tasks to queue
[2024-10-03T20:39:21.624+0000] {logging_mixin.py:137} INFO - [2024-10-03T20:39:21.624+0000] {dagbag.py:532} INFO - Filling up the DagBag from /usr/local/lib/python3.9/site-packages/airflow/example_dags/example_nested_branch_dag.py
[2024-10-03T20:39:21.642+0000] {processor.py:753} INFO - DAG(s) dict_keys(['example_nested_branch_dag']) retrieved from /usr/local/lib/python3.9/site-packages/airflow/example_dags/example_nested_branch_dag.py
[2024-10-03T20:39:21.655+0000] {logging_mixin.py:137} INFO - [2024-10-03T20:39:21.655+0000] {dag.py:2705} INFO - Sync 1 DAGs
[2024-10-03T20:39:21.670+0000] {logging_mixin.py:137} INFO - [2024-10-03T20:39:21.670+0000] {dag.py:3452} INFO - Setting next_dagrun for example_nested_branch_dag to 2024-10-02T00:00:00+00:00, run_after=2024-10-03T00:00:00+00:00
[2024-10-03T20:39:21.680+0000] {processor.py:175} INFO - Processing /usr/local/lib/python3.9/site-packages/airflow/example_dags/example_nested_branch_dag.py took 0.061 seconds
[2024-10-03T20:39:52.422+0000] {processor.py:153} INFO - Started process (PID=3467) to work on /usr/local/lib/python3.9/site-packages/airflow/example_dags/example_nested_branch_dag.py
[2024-10-03T20:39:52.424+0000] {processor.py:743} INFO - Processing file /usr/local/lib/python3.9/site-packages/airflow/example_dags/example_nested_branch_dag.py for tasks to queue
[2024-10-03T20:39:52.425+0000] {logging_mixin.py:137} INFO - [2024-10-03T20:39:52.425+0000] {dagbag.py:532} INFO - Filling up the DagBag from /usr/local/lib/python3.9/site-packages/airflow/example_dags/example_nested_branch_dag.py
[2024-10-03T20:39:52.445+0000] {processor.py:753} INFO - DAG(s) dict_keys(['example_nested_branch_dag']) retrieved from /usr/local/lib/python3.9/site-packages/airflow/example_dags/example_nested_branch_dag.py
[2024-10-03T20:39:52.461+0000] {logging_mixin.py:137} INFO - [2024-10-03T20:39:52.461+0000] {dag.py:2705} INFO - Sync 1 DAGs
[2024-10-03T20:39:52.473+0000] {logging_mixin.py:137} INFO - [2024-10-03T20:39:52.473+0000] {dag.py:3452} INFO - Setting next_dagrun for example_nested_branch_dag to 2024-10-02T00:00:00+00:00, run_after=2024-10-03T00:00:00+00:00
[2024-10-03T20:39:52.486+0000] {processor.py:175} INFO - Processing /usr/local/lib/python3.9/site-packages/airflow/example_dags/example_nested_branch_dag.py took 0.068 seconds
[2024-10-03T20:40:23.299+0000] {processor.py:153} INFO - Started process (PID=3679) to work on /usr/local/lib/python3.9/site-packages/airflow/example_dags/example_nested_branch_dag.py
[2024-10-03T20:40:23.301+0000] {processor.py:743} INFO - Processing file /usr/local/lib/python3.9/site-packages/airflow/example_dags/example_nested_branch_dag.py for tasks to queue
[2024-10-03T20:40:23.306+0000] {logging_mixin.py:137} INFO - [2024-10-03T20:40:23.306+0000] {dagbag.py:532} INFO - Filling up the DagBag from /usr/local/lib/python3.9/site-packages/airflow/example_dags/example_nested_branch_dag.py
[2024-10-03T20:40:23.324+0000] {processor.py:753} INFO - DAG(s) dict_keys(['example_nested_branch_dag']) retrieved from /usr/local/lib/python3.9/site-packages/airflow/example_dags/example_nested_branch_dag.py
[2024-10-03T20:40:23.341+0000] {logging_mixin.py:137} INFO - [2024-10-03T20:40:23.341+0000] {dag.py:2705} INFO - Sync 1 DAGs
[2024-10-03T20:40:23.354+0000] {logging_mixin.py:137} INFO - [2024-10-03T20:40:23.354+0000] {dag.py:3452} INFO - Setting next_dagrun for example_nested_branch_dag to 2024-10-02T00:00:00+00:00, run_after=2024-10-03T00:00:00+00:00
[2024-10-03T20:40:23.366+0000] {processor.py:175} INFO - Processing /usr/local/lib/python3.9/site-packages/airflow/example_dags/example_nested_branch_dag.py took 0.071 seconds
[2024-10-03T20:40:54.154+0000] {processor.py:153} INFO - Started process (PID=3890) to work on /usr/local/lib/python3.9/site-packages/airflow/example_dags/example_nested_branch_dag.py
[2024-10-03T20:40:54.158+0000] {processor.py:743} INFO - Processing file /usr/local/lib/python3.9/site-packages/airflow/example_dags/example_nested_branch_dag.py for tasks to queue
[2024-10-03T20:40:54.159+0000] {logging_mixin.py:137} INFO - [2024-10-03T20:40:54.159+0000] {dagbag.py:532} INFO - Filling up the DagBag from /usr/local/lib/python3.9/site-packages/airflow/example_dags/example_nested_branch_dag.py
[2024-10-03T20:40:54.176+0000] {processor.py:753} INFO - DAG(s) dict_keys(['example_nested_branch_dag']) retrieved from /usr/local/lib/python3.9/site-packages/airflow/example_dags/example_nested_branch_dag.py
[2024-10-03T20:40:54.192+0000] {logging_mixin.py:137} INFO - [2024-10-03T20:40:54.191+0000] {dag.py:2705} INFO - Sync 1 DAGs
[2024-10-03T20:40:54.203+0000] {logging_mixin.py:137} INFO - [2024-10-03T20:40:54.203+0000] {dag.py:3452} INFO - Setting next_dagrun for example_nested_branch_dag to 2024-10-02T00:00:00+00:00, run_after=2024-10-03T00:00:00+00:00
[2024-10-03T20:40:54.214+0000] {processor.py:175} INFO - Processing /usr/local/lib/python3.9/site-packages/airflow/example_dags/example_nested_branch_dag.py took 0.062 seconds
[2024-10-03T20:41:24.857+0000] {processor.py:153} INFO - Started process (PID=4101) to work on /usr/local/lib/python3.9/site-packages/airflow/example_dags/example_nested_branch_dag.py
[2024-10-03T20:41:24.859+0000] {processor.py:743} INFO - Processing file /usr/local/lib/python3.9/site-packages/airflow/example_dags/example_nested_branch_dag.py for tasks to queue
[2024-10-03T20:41:24.862+0000] {logging_mixin.py:137} INFO - [2024-10-03T20:41:24.861+0000] {dagbag.py:532} INFO - Filling up the DagBag from /usr/local/lib/python3.9/site-packages/airflow/example_dags/example_nested_branch_dag.py
[2024-10-03T20:41:24.881+0000] {processor.py:753} INFO - DAG(s) dict_keys(['example_nested_branch_dag']) retrieved from /usr/local/lib/python3.9/site-packages/airflow/example_dags/example_nested_branch_dag.py
[2024-10-03T20:41:24.900+0000] {logging_mixin.py:137} INFO - [2024-10-03T20:41:24.900+0000] {dag.py:2705} INFO - Sync 1 DAGs
[2024-10-03T20:41:24.913+0000] {logging_mixin.py:137} INFO - [2024-10-03T20:41:24.913+0000] {dag.py:3452} INFO - Setting next_dagrun for example_nested_branch_dag to 2024-10-02T00:00:00+00:00, run_after=2024-10-03T00:00:00+00:00
[2024-10-03T20:41:24.921+0000] {processor.py:175} INFO - Processing /usr/local/lib/python3.9/site-packages/airflow/example_dags/example_nested_branch_dag.py took 0.067 seconds
[2024-10-03T20:41:55.486+0000] {processor.py:153} INFO - Started process (PID=4312) to work on /usr/local/lib/python3.9/site-packages/airflow/example_dags/example_nested_branch_dag.py
[2024-10-03T20:41:55.487+0000] {processor.py:743} INFO - Processing file /usr/local/lib/python3.9/site-packages/airflow/example_dags/example_nested_branch_dag.py for tasks to queue
[2024-10-03T20:41:55.488+0000] {logging_mixin.py:137} INFO - [2024-10-03T20:41:55.488+0000] {dagbag.py:532} INFO - Filling up the DagBag from /usr/local/lib/python3.9/site-packages/airflow/example_dags/example_nested_branch_dag.py
[2024-10-03T20:41:55.507+0000] {processor.py:753} INFO - DAG(s) dict_keys(['example_nested_branch_dag']) retrieved from /usr/local/lib/python3.9/site-packages/airflow/example_dags/example_nested_branch_dag.py
[2024-10-03T20:41:55.524+0000] {logging_mixin.py:137} INFO - [2024-10-03T20:41:55.524+0000] {dag.py:2705} INFO - Sync 1 DAGs
[2024-10-03T20:41:55.535+0000] {logging_mixin.py:137} INFO - [2024-10-03T20:41:55.535+0000] {dag.py:3452} INFO - Setting next_dagrun for example_nested_branch_dag to 2024-10-02T00:00:00+00:00, run_after=2024-10-03T00:00:00+00:00
[2024-10-03T20:41:55.545+0000] {processor.py:175} INFO - Processing /usr/local/lib/python3.9/site-packages/airflow/example_dags/example_nested_branch_dag.py took 0.062 seconds
[2024-10-03T20:42:26.144+0000] {processor.py:153} INFO - Started process (PID=4522) to work on /usr/local/lib/python3.9/site-packages/airflow/example_dags/example_nested_branch_dag.py
[2024-10-03T20:42:26.148+0000] {processor.py:743} INFO - Processing file /usr/local/lib/python3.9/site-packages/airflow/example_dags/example_nested_branch_dag.py for tasks to queue
[2024-10-03T20:42:26.149+0000] {logging_mixin.py:137} INFO - [2024-10-03T20:42:26.149+0000] {dagbag.py:532} INFO - Filling up the DagBag from /usr/local/lib/python3.9/site-packages/airflow/example_dags/example_nested_branch_dag.py
[2024-10-03T20:42:26.167+0000] {processor.py:753} INFO - DAG(s) dict_keys(['example_nested_branch_dag']) retrieved from /usr/local/lib/python3.9/site-packages/airflow/example_dags/example_nested_branch_dag.py
[2024-10-03T20:42:26.181+0000] {logging_mixin.py:137} INFO - [2024-10-03T20:42:26.181+0000] {dag.py:2705} INFO - Sync 1 DAGs
[2024-10-03T20:42:26.193+0000] {logging_mixin.py:137} INFO - [2024-10-03T20:42:26.193+0000] {dag.py:3452} INFO - Setting next_dagrun for example_nested_branch_dag to 2024-10-02T00:00:00+00:00, run_after=2024-10-03T00:00:00+00:00
[2024-10-03T20:42:26.203+0000] {processor.py:175} INFO - Processing /usr/local/lib/python3.9/site-packages/airflow/example_dags/example_nested_branch_dag.py took 0.063 seconds
[2024-10-03T20:42:56.762+0000] {processor.py:153} INFO - Started process (PID=4733) to work on /usr/local/lib/python3.9/site-packages/airflow/example_dags/example_nested_branch_dag.py
[2024-10-03T20:42:56.763+0000] {processor.py:743} INFO - Processing file /usr/local/lib/python3.9/site-packages/airflow/example_dags/example_nested_branch_dag.py for tasks to queue
[2024-10-03T20:42:56.766+0000] {logging_mixin.py:137} INFO - [2024-10-03T20:42:56.766+0000] {dagbag.py:532} INFO - Filling up the DagBag from /usr/local/lib/python3.9/site-packages/airflow/example_dags/example_nested_branch_dag.py
[2024-10-03T20:42:56.783+0000] {processor.py:753} INFO - DAG(s) dict_keys(['example_nested_branch_dag']) retrieved from /usr/local/lib/python3.9/site-packages/airflow/example_dags/example_nested_branch_dag.py
[2024-10-03T20:42:56.797+0000] {logging_mixin.py:137} INFO - [2024-10-03T20:42:56.797+0000] {dag.py:2705} INFO - Sync 1 DAGs
[2024-10-03T20:42:56.812+0000] {logging_mixin.py:137} INFO - [2024-10-03T20:42:56.812+0000] {dag.py:3452} INFO - Setting next_dagrun for example_nested_branch_dag to 2024-10-02T00:00:00+00:00, run_after=2024-10-03T00:00:00+00:00
[2024-10-03T20:42:56.822+0000] {processor.py:175} INFO - Processing /usr/local/lib/python3.9/site-packages/airflow/example_dags/example_nested_branch_dag.py took 0.065 seconds
[2024-10-03T20:43:27.405+0000] {processor.py:153} INFO - Started process (PID=4944) to work on /usr/local/lib/python3.9/site-packages/airflow/example_dags/example_nested_branch_dag.py
[2024-10-03T20:43:27.406+0000] {processor.py:743} INFO - Processing file /usr/local/lib/python3.9/site-packages/airflow/example_dags/example_nested_branch_dag.py for tasks to queue
[2024-10-03T20:43:27.407+0000] {logging_mixin.py:137} INFO - [2024-10-03T20:43:27.406+0000] {dagbag.py:532} INFO - Filling up the DagBag from /usr/local/lib/python3.9/site-packages/airflow/example_dags/example_nested_branch_dag.py
[2024-10-03T20:43:27.425+0000] {processor.py:753} INFO - DAG(s) dict_keys(['example_nested_branch_dag']) retrieved from /usr/local/lib/python3.9/site-packages/airflow/example_dags/example_nested_branch_dag.py
[2024-10-03T20:43:27.440+0000] {logging_mixin.py:137} INFO - [2024-10-03T20:43:27.440+0000] {dag.py:2705} INFO - Sync 1 DAGs
[2024-10-03T20:43:27.452+0000] {logging_mixin.py:137} INFO - [2024-10-03T20:43:27.452+0000] {dag.py:3452} INFO - Setting next_dagrun for example_nested_branch_dag to 2024-10-02T00:00:00+00:00, run_after=2024-10-03T00:00:00+00:00
[2024-10-03T20:43:27.463+0000] {processor.py:175} INFO - Processing /usr/local/lib/python3.9/site-packages/airflow/example_dags/example_nested_branch_dag.py took 0.061 seconds
[2024-10-03T20:43:57.996+0000] {processor.py:153} INFO - Started process (PID=5156) to work on /usr/local/lib/python3.9/site-packages/airflow/example_dags/example_nested_branch_dag.py
[2024-10-03T20:43:57.999+0000] {processor.py:743} INFO - Processing file /usr/local/lib/python3.9/site-packages/airflow/example_dags/example_nested_branch_dag.py for tasks to queue
[2024-10-03T20:43:58.003+0000] {logging_mixin.py:137} INFO - [2024-10-03T20:43:58.003+0000] {dagbag.py:532} INFO - Filling up the DagBag from /usr/local/lib/python3.9/site-packages/airflow/example_dags/example_nested_branch_dag.py
[2024-10-03T20:43:58.020+0000] {processor.py:753} INFO - DAG(s) dict_keys(['example_nested_branch_dag']) retrieved from /usr/local/lib/python3.9/site-packages/airflow/example_dags/example_nested_branch_dag.py
[2024-10-03T20:43:58.036+0000] {logging_mixin.py:137} INFO - [2024-10-03T20:43:58.036+0000] {dag.py:2705} INFO - Sync 1 DAGs
[2024-10-03T20:43:58.047+0000] {logging_mixin.py:137} INFO - [2024-10-03T20:43:58.047+0000] {dag.py:3452} INFO - Setting next_dagrun for example_nested_branch_dag to 2024-10-02T00:00:00+00:00, run_after=2024-10-03T00:00:00+00:00
[2024-10-03T20:43:58.056+0000] {processor.py:175} INFO - Processing /usr/local/lib/python3.9/site-packages/airflow/example_dags/example_nested_branch_dag.py took 0.064 seconds
[2024-10-03T20:44:28.769+0000] {processor.py:153} INFO - Started process (PID=5367) to work on /usr/local/lib/python3.9/site-packages/airflow/example_dags/example_nested_branch_dag.py
[2024-10-03T20:44:28.771+0000] {processor.py:743} INFO - Processing file /usr/local/lib/python3.9/site-packages/airflow/example_dags/example_nested_branch_dag.py for tasks to queue
[2024-10-03T20:44:28.772+0000] {logging_mixin.py:137} INFO - [2024-10-03T20:44:28.772+0000] {dagbag.py:532} INFO - Filling up the DagBag from /usr/local/lib/python3.9/site-packages/airflow/example_dags/example_nested_branch_dag.py
[2024-10-03T20:44:28.791+0000] {processor.py:753} INFO - DAG(s) dict_keys(['example_nested_branch_dag']) retrieved from /usr/local/lib/python3.9/site-packages/airflow/example_dags/example_nested_branch_dag.py
[2024-10-03T20:44:28.807+0000] {logging_mixin.py:137} INFO - [2024-10-03T20:44:28.807+0000] {dag.py:2705} INFO - Sync 1 DAGs
[2024-10-03T20:44:28.819+0000] {logging_mixin.py:137} INFO - [2024-10-03T20:44:28.819+0000] {dag.py:3452} INFO - Setting next_dagrun for example_nested_branch_dag to 2024-10-02T00:00:00+00:00, run_after=2024-10-03T00:00:00+00:00
[2024-10-03T20:44:28.828+0000] {processor.py:175} INFO - Processing /usr/local/lib/python3.9/site-packages/airflow/example_dags/example_nested_branch_dag.py took 0.063 seconds
[2024-10-03T20:44:59.435+0000] {processor.py:153} INFO - Started process (PID=5577) to work on /usr/local/lib/python3.9/site-packages/airflow/example_dags/example_nested_branch_dag.py
[2024-10-03T20:44:59.438+0000] {processor.py:743} INFO - Processing file /usr/local/lib/python3.9/site-packages/airflow/example_dags/example_nested_branch_dag.py for tasks to queue
[2024-10-03T20:44:59.439+0000] {logging_mixin.py:137} INFO - [2024-10-03T20:44:59.439+0000] {dagbag.py:532} INFO - Filling up the DagBag from /usr/local/lib/python3.9/site-packages/airflow/example_dags/example_nested_branch_dag.py
[2024-10-03T20:44:59.457+0000] {processor.py:753} INFO - DAG(s) dict_keys(['example_nested_branch_dag']) retrieved from /usr/local/lib/python3.9/site-packages/airflow/example_dags/example_nested_branch_dag.py
[2024-10-03T20:44:59.472+0000] {logging_mixin.py:137} INFO - [2024-10-03T20:44:59.472+0000] {dag.py:2705} INFO - Sync 1 DAGs
[2024-10-03T20:44:59.482+0000] {logging_mixin.py:137} INFO - [2024-10-03T20:44:59.482+0000] {dag.py:3452} INFO - Setting next_dagrun for example_nested_branch_dag to 2024-10-02T00:00:00+00:00, run_after=2024-10-03T00:00:00+00:00
[2024-10-03T20:44:59.493+0000] {processor.py:175} INFO - Processing /usr/local/lib/python3.9/site-packages/airflow/example_dags/example_nested_branch_dag.py took 0.060 seconds
[2024-10-03T20:45:30.015+0000] {processor.py:153} INFO - Started process (PID=5788) to work on /usr/local/lib/python3.9/site-packages/airflow/example_dags/example_nested_branch_dag.py
[2024-10-03T20:45:30.015+0000] {processor.py:743} INFO - Processing file /usr/local/lib/python3.9/site-packages/airflow/example_dags/example_nested_branch_dag.py for tasks to queue
[2024-10-03T20:45:30.017+0000] {logging_mixin.py:137} INFO - [2024-10-03T20:45:30.016+0000] {dagbag.py:532} INFO - Filling up the DagBag from /usr/local/lib/python3.9/site-packages/airflow/example_dags/example_nested_branch_dag.py
[2024-10-03T20:45:30.034+0000] {processor.py:753} INFO - DAG(s) dict_keys(['example_nested_branch_dag']) retrieved from /usr/local/lib/python3.9/site-packages/airflow/example_dags/example_nested_branch_dag.py
[2024-10-03T20:45:30.049+0000] {logging_mixin.py:137} INFO - [2024-10-03T20:45:30.049+0000] {dag.py:2705} INFO - Sync 1 DAGs
[2024-10-03T20:45:30.063+0000] {logging_mixin.py:137} INFO - [2024-10-03T20:45:30.063+0000] {dag.py:3452} INFO - Setting next_dagrun for example_nested_branch_dag to 2024-10-02T00:00:00+00:00, run_after=2024-10-03T00:00:00+00:00
[2024-10-03T20:45:30.073+0000] {processor.py:175} INFO - Processing /usr/local/lib/python3.9/site-packages/airflow/example_dags/example_nested_branch_dag.py took 0.062 seconds
[2024-10-03T20:46:00.817+0000] {processor.py:153} INFO - Started process (PID=6000) to work on /usr/local/lib/python3.9/site-packages/airflow/example_dags/example_nested_branch_dag.py
[2024-10-03T20:46:00.821+0000] {processor.py:743} INFO - Processing file /usr/local/lib/python3.9/site-packages/airflow/example_dags/example_nested_branch_dag.py for tasks to queue
[2024-10-03T20:46:00.823+0000] {logging_mixin.py:137} INFO - [2024-10-03T20:46:00.822+0000] {dagbag.py:532} INFO - Filling up the DagBag from /usr/local/lib/python3.9/site-packages/airflow/example_dags/example_nested_branch_dag.py
[2024-10-03T20:46:00.840+0000] {processor.py:753} INFO - DAG(s) dict_keys(['example_nested_branch_dag']) retrieved from /usr/local/lib/python3.9/site-packages/airflow/example_dags/example_nested_branch_dag.py
[2024-10-03T20:46:00.852+0000] {logging_mixin.py:137} INFO - [2024-10-03T20:46:00.852+0000] {dag.py:2705} INFO - Sync 1 DAGs
[2024-10-03T20:46:00.867+0000] {logging_mixin.py:137} INFO - [2024-10-03T20:46:00.867+0000] {dag.py:3452} INFO - Setting next_dagrun for example_nested_branch_dag to 2024-10-02T00:00:00+00:00, run_after=2024-10-03T00:00:00+00:00
[2024-10-03T20:46:00.878+0000] {processor.py:175} INFO - Processing /usr/local/lib/python3.9/site-packages/airflow/example_dags/example_nested_branch_dag.py took 0.063 seconds
[2024-10-03T20:46:31.526+0000] {processor.py:153} INFO - Started process (PID=6210) to work on /usr/local/lib/python3.9/site-packages/airflow/example_dags/example_nested_branch_dag.py
[2024-10-03T20:46:31.529+0000] {processor.py:743} INFO - Processing file /usr/local/lib/python3.9/site-packages/airflow/example_dags/example_nested_branch_dag.py for tasks to queue
[2024-10-03T20:46:31.530+0000] {logging_mixin.py:137} INFO - [2024-10-03T20:46:31.530+0000] {dagbag.py:532} INFO - Filling up the DagBag from /usr/local/lib/python3.9/site-packages/airflow/example_dags/example_nested_branch_dag.py
[2024-10-03T20:46:31.547+0000] {processor.py:753} INFO - DAG(s) dict_keys(['example_nested_branch_dag']) retrieved from /usr/local/lib/python3.9/site-packages/airflow/example_dags/example_nested_branch_dag.py
[2024-10-03T20:46:31.565+0000] {logging_mixin.py:137} INFO - [2024-10-03T20:46:31.565+0000] {dag.py:2705} INFO - Sync 1 DAGs
[2024-10-03T20:46:31.579+0000] {logging_mixin.py:137} INFO - [2024-10-03T20:46:31.579+0000] {dag.py:3452} INFO - Setting next_dagrun for example_nested_branch_dag to 2024-10-02T00:00:00+00:00, run_after=2024-10-03T00:00:00+00:00
[2024-10-03T20:46:31.590+0000] {processor.py:175} INFO - Processing /usr/local/lib/python3.9/site-packages/airflow/example_dags/example_nested_branch_dag.py took 0.068 seconds
[2024-10-03T20:47:02.122+0000] {processor.py:153} INFO - Started process (PID=6421) to work on /usr/local/lib/python3.9/site-packages/airflow/example_dags/example_nested_branch_dag.py
[2024-10-03T20:47:02.123+0000] {processor.py:743} INFO - Processing file /usr/local/lib/python3.9/site-packages/airflow/example_dags/example_nested_branch_dag.py for tasks to queue
[2024-10-03T20:47:02.124+0000] {logging_mixin.py:137} INFO - [2024-10-03T20:47:02.124+0000] {dagbag.py:532} INFO - Filling up the DagBag from /usr/local/lib/python3.9/site-packages/airflow/example_dags/example_nested_branch_dag.py
[2024-10-03T20:47:02.143+0000] {processor.py:753} INFO - DAG(s) dict_keys(['example_nested_branch_dag']) retrieved from /usr/local/lib/python3.9/site-packages/airflow/example_dags/example_nested_branch_dag.py
[2024-10-03T20:47:02.159+0000] {logging_mixin.py:137} INFO - [2024-10-03T20:47:02.159+0000] {dag.py:2705} INFO - Sync 1 DAGs
[2024-10-03T20:47:02.171+0000] {logging_mixin.py:137} INFO - [2024-10-03T20:47:02.171+0000] {dag.py:3452} INFO - Setting next_dagrun for example_nested_branch_dag to 2024-10-02T00:00:00+00:00, run_after=2024-10-03T00:00:00+00:00
[2024-10-03T20:47:02.183+0000] {processor.py:175} INFO - Processing /usr/local/lib/python3.9/site-packages/airflow/example_dags/example_nested_branch_dag.py took 0.064 seconds
[2024-10-03T20:47:32.686+0000] {processor.py:153} INFO - Started process (PID=6633) to work on /usr/local/lib/python3.9/site-packages/airflow/example_dags/example_nested_branch_dag.py
[2024-10-03T20:47:32.688+0000] {processor.py:743} INFO - Processing file /usr/local/lib/python3.9/site-packages/airflow/example_dags/example_nested_branch_dag.py for tasks to queue
[2024-10-03T20:47:32.689+0000] {logging_mixin.py:137} INFO - [2024-10-03T20:47:32.689+0000] {dagbag.py:532} INFO - Filling up the DagBag from /usr/local/lib/python3.9/site-packages/airflow/example_dags/example_nested_branch_dag.py
[2024-10-03T20:47:32.706+0000] {processor.py:753} INFO - DAG(s) dict_keys(['example_nested_branch_dag']) retrieved from /usr/local/lib/python3.9/site-packages/airflow/example_dags/example_nested_branch_dag.py
[2024-10-03T20:47:32.720+0000] {logging_mixin.py:137} INFO - [2024-10-03T20:47:32.720+0000] {dag.py:2705} INFO - Sync 1 DAGs
[2024-10-03T20:47:32.734+0000] {logging_mixin.py:137} INFO - [2024-10-03T20:47:32.734+0000] {dag.py:3452} INFO - Setting next_dagrun for example_nested_branch_dag to 2024-10-02T00:00:00+00:00, run_after=2024-10-03T00:00:00+00:00
[2024-10-03T20:47:32.746+0000] {processor.py:175} INFO - Processing /usr/local/lib/python3.9/site-packages/airflow/example_dags/example_nested_branch_dag.py took 0.062 seconds
[2024-10-03T20:48:03.385+0000] {processor.py:153} INFO - Started process (PID=6844) to work on /usr/local/lib/python3.9/site-packages/airflow/example_dags/example_nested_branch_dag.py
[2024-10-03T20:48:03.388+0000] {processor.py:743} INFO - Processing file /usr/local/lib/python3.9/site-packages/airflow/example_dags/example_nested_branch_dag.py for tasks to queue
[2024-10-03T20:48:03.389+0000] {logging_mixin.py:137} INFO - [2024-10-03T20:48:03.389+0000] {dagbag.py:532} INFO - Filling up the DagBag from /usr/local/lib/python3.9/site-packages/airflow/example_dags/example_nested_branch_dag.py
[2024-10-03T20:48:03.405+0000] {processor.py:753} INFO - DAG(s) dict_keys(['example_nested_branch_dag']) retrieved from /usr/local/lib/python3.9/site-packages/airflow/example_dags/example_nested_branch_dag.py
[2024-10-03T20:48:03.420+0000] {logging_mixin.py:137} INFO - [2024-10-03T20:48:03.420+0000] {dag.py:2705} INFO - Sync 1 DAGs
[2024-10-03T20:48:03.432+0000] {logging_mixin.py:137} INFO - [2024-10-03T20:48:03.432+0000] {dag.py:3452} INFO - Setting next_dagrun for example_nested_branch_dag to 2024-10-02T00:00:00+00:00, run_after=2024-10-03T00:00:00+00:00
[2024-10-03T20:48:03.442+0000] {processor.py:175} INFO - Processing /usr/local/lib/python3.9/site-packages/airflow/example_dags/example_nested_branch_dag.py took 0.060 seconds
[2024-10-03T20:48:33.996+0000] {processor.py:153} INFO - Started process (PID=7055) to work on /usr/local/lib/python3.9/site-packages/airflow/example_dags/example_nested_branch_dag.py
[2024-10-03T20:48:33.999+0000] {processor.py:743} INFO - Processing file /usr/local/lib/python3.9/site-packages/airflow/example_dags/example_nested_branch_dag.py for tasks to queue
[2024-10-03T20:48:34.000+0000] {logging_mixin.py:137} INFO - [2024-10-03T20:48:34.000+0000] {dagbag.py:532} INFO - Filling up the DagBag from /usr/local/lib/python3.9/site-packages/airflow/example_dags/example_nested_branch_dag.py
[2024-10-03T20:48:34.022+0000] {processor.py:753} INFO - DAG(s) dict_keys(['example_nested_branch_dag']) retrieved from /usr/local/lib/python3.9/site-packages/airflow/example_dags/example_nested_branch_dag.py
[2024-10-03T20:48:34.052+0000] {logging_mixin.py:137} INFO - [2024-10-03T20:48:34.052+0000] {dag.py:2705} INFO - Sync 1 DAGs
[2024-10-03T20:48:34.065+0000] {logging_mixin.py:137} INFO - [2024-10-03T20:48:34.064+0000] {dag.py:3452} INFO - Setting next_dagrun for example_nested_branch_dag to 2024-10-02T00:00:00+00:00, run_after=2024-10-03T00:00:00+00:00
[2024-10-03T20:48:34.076+0000] {processor.py:175} INFO - Processing /usr/local/lib/python3.9/site-packages/airflow/example_dags/example_nested_branch_dag.py took 0.083 seconds
[2024-10-03T20:49:04.844+0000] {processor.py:153} INFO - Started process (PID=7266) to work on /usr/local/lib/python3.9/site-packages/airflow/example_dags/example_nested_branch_dag.py
[2024-10-03T20:49:04.846+0000] {processor.py:743} INFO - Processing file /usr/local/lib/python3.9/site-packages/airflow/example_dags/example_nested_branch_dag.py for tasks to queue
[2024-10-03T20:49:04.848+0000] {logging_mixin.py:137} INFO - [2024-10-03T20:49:04.848+0000] {dagbag.py:532} INFO - Filling up the DagBag from /usr/local/lib/python3.9/site-packages/airflow/example_dags/example_nested_branch_dag.py
[2024-10-03T20:49:04.867+0000] {processor.py:753} INFO - DAG(s) dict_keys(['example_nested_branch_dag']) retrieved from /usr/local/lib/python3.9/site-packages/airflow/example_dags/example_nested_branch_dag.py
[2024-10-03T20:49:04.884+0000] {logging_mixin.py:137} INFO - [2024-10-03T20:49:04.884+0000] {dag.py:2705} INFO - Sync 1 DAGs
[2024-10-03T20:49:04.896+0000] {logging_mixin.py:137} INFO - [2024-10-03T20:49:04.895+0000] {dag.py:3452} INFO - Setting next_dagrun for example_nested_branch_dag to 2024-10-02T00:00:00+00:00, run_after=2024-10-03T00:00:00+00:00
[2024-10-03T20:49:04.905+0000] {processor.py:175} INFO - Processing /usr/local/lib/python3.9/site-packages/airflow/example_dags/example_nested_branch_dag.py took 0.065 seconds
[2024-10-03T20:49:35.658+0000] {processor.py:153} INFO - Started process (PID=7477) to work on /usr/local/lib/python3.9/site-packages/airflow/example_dags/example_nested_branch_dag.py
[2024-10-03T20:49:35.663+0000] {processor.py:743} INFO - Processing file /usr/local/lib/python3.9/site-packages/airflow/example_dags/example_nested_branch_dag.py for tasks to queue
[2024-10-03T20:49:35.665+0000] {logging_mixin.py:137} INFO - [2024-10-03T20:49:35.665+0000] {dagbag.py:532} INFO - Filling up the DagBag from /usr/local/lib/python3.9/site-packages/airflow/example_dags/example_nested_branch_dag.py
[2024-10-03T20:49:35.681+0000] {processor.py:753} INFO - DAG(s) dict_keys(['example_nested_branch_dag']) retrieved from /usr/local/lib/python3.9/site-packages/airflow/example_dags/example_nested_branch_dag.py
[2024-10-03T20:49:35.694+0000] {logging_mixin.py:137} INFO - [2024-10-03T20:49:35.694+0000] {dag.py:2705} INFO - Sync 1 DAGs
[2024-10-03T20:49:35.708+0000] {logging_mixin.py:137} INFO - [2024-10-03T20:49:35.708+0000] {dag.py:3452} INFO - Setting next_dagrun for example_nested_branch_dag to 2024-10-02T00:00:00+00:00, run_after=2024-10-03T00:00:00+00:00
[2024-10-03T20:49:35.718+0000] {processor.py:175} INFO - Processing /usr/local/lib/python3.9/site-packages/airflow/example_dags/example_nested_branch_dag.py took 0.063 seconds
[2024-10-03T20:50:06.394+0000] {processor.py:153} INFO - Started process (PID=7688) to work on /usr/local/lib/python3.9/site-packages/airflow/example_dags/example_nested_branch_dag.py
[2024-10-03T20:50:06.397+0000] {processor.py:743} INFO - Processing file /usr/local/lib/python3.9/site-packages/airflow/example_dags/example_nested_branch_dag.py for tasks to queue
[2024-10-03T20:50:06.398+0000] {logging_mixin.py:137} INFO - [2024-10-03T20:50:06.398+0000] {dagbag.py:532} INFO - Filling up the DagBag from /usr/local/lib/python3.9/site-packages/airflow/example_dags/example_nested_branch_dag.py
[2024-10-03T20:50:06.420+0000] {processor.py:753} INFO - DAG(s) dict_keys(['example_nested_branch_dag']) retrieved from /usr/local/lib/python3.9/site-packages/airflow/example_dags/example_nested_branch_dag.py
[2024-10-03T20:50:06.434+0000] {logging_mixin.py:137} INFO - [2024-10-03T20:50:06.434+0000] {dag.py:2705} INFO - Sync 1 DAGs
[2024-10-03T20:50:06.447+0000] {logging_mixin.py:137} INFO - [2024-10-03T20:50:06.447+0000] {dag.py:3452} INFO - Setting next_dagrun for example_nested_branch_dag to 2024-10-02T00:00:00+00:00, run_after=2024-10-03T00:00:00+00:00
[2024-10-03T20:50:06.458+0000] {processor.py:175} INFO - Processing /usr/local/lib/python3.9/site-packages/airflow/example_dags/example_nested_branch_dag.py took 0.068 seconds
[2024-10-03T20:50:37.156+0000] {processor.py:153} INFO - Started process (PID=7898) to work on /usr/local/lib/python3.9/site-packages/airflow/example_dags/example_nested_branch_dag.py
[2024-10-03T20:50:37.157+0000] {processor.py:743} INFO - Processing file /usr/local/lib/python3.9/site-packages/airflow/example_dags/example_nested_branch_dag.py for tasks to queue
[2024-10-03T20:50:37.158+0000] {logging_mixin.py:137} INFO - [2024-10-03T20:50:37.158+0000] {dagbag.py:532} INFO - Filling up the DagBag from /usr/local/lib/python3.9/site-packages/airflow/example_dags/example_nested_branch_dag.py
[2024-10-03T20:50:37.181+0000] {processor.py:753} INFO - DAG(s) dict_keys(['example_nested_branch_dag']) retrieved from /usr/local/lib/python3.9/site-packages/airflow/example_dags/example_nested_branch_dag.py
[2024-10-03T20:50:37.201+0000] {logging_mixin.py:137} INFO - [2024-10-03T20:50:37.201+0000] {dag.py:2705} INFO - Sync 1 DAGs
[2024-10-03T20:50:37.213+0000] {logging_mixin.py:137} INFO - [2024-10-03T20:50:37.213+0000] {dag.py:3452} INFO - Setting next_dagrun for example_nested_branch_dag to 2024-10-02T00:00:00+00:00, run_after=2024-10-03T00:00:00+00:00
[2024-10-03T20:50:37.223+0000] {processor.py:175} INFO - Processing /usr/local/lib/python3.9/site-packages/airflow/example_dags/example_nested_branch_dag.py took 0.070 seconds
[2024-10-03T20:51:07.970+0000] {processor.py:153} INFO - Started process (PID=8110) to work on /usr/local/lib/python3.9/site-packages/airflow/example_dags/example_nested_branch_dag.py
[2024-10-03T20:51:07.974+0000] {processor.py:743} INFO - Processing file /usr/local/lib/python3.9/site-packages/airflow/example_dags/example_nested_branch_dag.py for tasks to queue
[2024-10-03T20:51:07.975+0000] {logging_mixin.py:137} INFO - [2024-10-03T20:51:07.975+0000] {dagbag.py:532} INFO - Filling up the DagBag from /usr/local/lib/python3.9/site-packages/airflow/example_dags/example_nested_branch_dag.py
[2024-10-03T20:51:07.993+0000] {processor.py:753} INFO - DAG(s) dict_keys(['example_nested_branch_dag']) retrieved from /usr/local/lib/python3.9/site-packages/airflow/example_dags/example_nested_branch_dag.py
[2024-10-03T20:51:08.007+0000] {logging_mixin.py:137} INFO - [2024-10-03T20:51:08.007+0000] {dag.py:2705} INFO - Sync 1 DAGs
[2024-10-03T20:51:08.018+0000] {logging_mixin.py:137} INFO - [2024-10-03T20:51:08.018+0000] {dag.py:3452} INFO - Setting next_dagrun for example_nested_branch_dag to 2024-10-02T00:00:00+00:00, run_after=2024-10-03T00:00:00+00:00
[2024-10-03T20:51:08.028+0000] {processor.py:175} INFO - Processing /usr/local/lib/python3.9/site-packages/airflow/example_dags/example_nested_branch_dag.py took 0.062 seconds
[2024-10-03T20:51:38.901+0000] {processor.py:153} INFO - Started process (PID=8321) to work on /usr/local/lib/python3.9/site-packages/airflow/example_dags/example_nested_branch_dag.py
[2024-10-03T20:51:38.902+0000] {processor.py:743} INFO - Processing file /usr/local/lib/python3.9/site-packages/airflow/example_dags/example_nested_branch_dag.py for tasks to queue
[2024-10-03T20:51:38.904+0000] {logging_mixin.py:137} INFO - [2024-10-03T20:51:38.903+0000] {dagbag.py:532} INFO - Filling up the DagBag from /usr/local/lib/python3.9/site-packages/airflow/example_dags/example_nested_branch_dag.py
[2024-10-03T20:51:38.925+0000] {processor.py:753} INFO - DAG(s) dict_keys(['example_nested_branch_dag']) retrieved from /usr/local/lib/python3.9/site-packages/airflow/example_dags/example_nested_branch_dag.py
[2024-10-03T20:51:38.942+0000] {logging_mixin.py:137} INFO - [2024-10-03T20:51:38.942+0000] {dag.py:2705} INFO - Sync 1 DAGs
[2024-10-03T20:51:38.961+0000] {logging_mixin.py:137} INFO - [2024-10-03T20:51:38.961+0000] {dag.py:3452} INFO - Setting next_dagrun for example_nested_branch_dag to 2024-10-02T00:00:00+00:00, run_after=2024-10-03T00:00:00+00:00
[2024-10-03T20:51:38.972+0000] {processor.py:175} INFO - Processing /usr/local/lib/python3.9/site-packages/airflow/example_dags/example_nested_branch_dag.py took 0.075 seconds
[2024-10-03T20:52:09.057+0000] {processor.py:153} INFO - Started process (PID=8534) to work on /usr/local/lib/python3.9/site-packages/airflow/example_dags/example_nested_branch_dag.py
[2024-10-03T20:52:09.058+0000] {processor.py:743} INFO - Processing file /usr/local/lib/python3.9/site-packages/airflow/example_dags/example_nested_branch_dag.py for tasks to queue
[2024-10-03T20:52:09.058+0000] {logging_mixin.py:137} INFO - [2024-10-03T20:52:09.058+0000] {dagbag.py:532} INFO - Filling up the DagBag from /usr/local/lib/python3.9/site-packages/airflow/example_dags/example_nested_branch_dag.py
[2024-10-03T20:52:09.069+0000] {processor.py:753} INFO - DAG(s) dict_keys(['example_nested_branch_dag']) retrieved from /usr/local/lib/python3.9/site-packages/airflow/example_dags/example_nested_branch_dag.py
[2024-10-03T20:52:09.088+0000] {logging_mixin.py:137} INFO - [2024-10-03T20:52:09.088+0000] {dag.py:2705} INFO - Sync 1 DAGs
[2024-10-03T20:52:09.100+0000] {logging_mixin.py:137} INFO - [2024-10-03T20:52:09.100+0000] {dag.py:3452} INFO - Setting next_dagrun for example_nested_branch_dag to 2024-10-02T00:00:00+00:00, run_after=2024-10-03T00:00:00+00:00
[2024-10-03T20:52:09.110+0000] {processor.py:175} INFO - Processing /usr/local/lib/python3.9/site-packages/airflow/example_dags/example_nested_branch_dag.py took 0.054 seconds
[2024-10-03T20:52:39.988+0000] {processor.py:153} INFO - Started process (PID=8743) to work on /usr/local/lib/python3.9/site-packages/airflow/example_dags/example_nested_branch_dag.py
[2024-10-03T20:52:39.991+0000] {processor.py:743} INFO - Processing file /usr/local/lib/python3.9/site-packages/airflow/example_dags/example_nested_branch_dag.py for tasks to queue
[2024-10-03T20:52:39.992+0000] {logging_mixin.py:137} INFO - [2024-10-03T20:52:39.992+0000] {dagbag.py:532} INFO - Filling up the DagBag from /usr/local/lib/python3.9/site-packages/airflow/example_dags/example_nested_branch_dag.py
[2024-10-03T20:52:40.010+0000] {processor.py:753} INFO - DAG(s) dict_keys(['example_nested_branch_dag']) retrieved from /usr/local/lib/python3.9/site-packages/airflow/example_dags/example_nested_branch_dag.py
[2024-10-03T20:52:40.026+0000] {logging_mixin.py:137} INFO - [2024-10-03T20:52:40.026+0000] {dag.py:2705} INFO - Sync 1 DAGs
[2024-10-03T20:52:40.040+0000] {logging_mixin.py:137} INFO - [2024-10-03T20:52:40.039+0000] {dag.py:3452} INFO - Setting next_dagrun for example_nested_branch_dag to 2024-10-02T00:00:00+00:00, run_after=2024-10-03T00:00:00+00:00
[2024-10-03T20:52:40.051+0000] {processor.py:175} INFO - Processing /usr/local/lib/python3.9/site-packages/airflow/example_dags/example_nested_branch_dag.py took 0.067 seconds
