[2024-10-03T20:32:02.823+0000] {processor.py:153} INFO - Started process (PID=395) to work on /usr/local/lib/python3.9/site-packages/airflow/example_dags/example_branch_datetime_operator.py
[2024-10-03T20:32:02.824+0000] {processor.py:743} INFO - Processing file /usr/local/lib/python3.9/site-packages/airflow/example_dags/example_branch_datetime_operator.py for tasks to queue
[2024-10-03T20:32:02.825+0000] {logging_mixin.py:137} INFO - [2024-10-03T20:32:02.824+0000] {dagbag.py:532} INFO - Filling up the DagBag from /usr/local/lib/python3.9/site-packages/airflow/example_dags/example_branch_datetime_operator.py
[2024-10-03T20:32:02.839+0000] {processor.py:753} INFO - DAG(s) dict_keys(['example_branch_datetime_operator_3', 'example_branch_datetime_operator_2', 'example_branch_datetime_operator']) retrieved from /usr/local/lib/python3.9/site-packages/airflow/example_dags/example_branch_datetime_operator.py
[2024-10-03T20:32:02.847+0000] {logging_mixin.py:137} INFO - [2024-10-03T20:32:02.847+0000] {dag.py:2705} INFO - Sync 3 DAGs
[2024-10-03T20:32:02.859+0000] {logging_mixin.py:137} INFO - [2024-10-03T20:32:02.859+0000] {dag.py:3452} INFO - Setting next_dagrun for example_branch_datetime_operator to 2024-10-02T00:00:00+00:00, run_after=2024-10-03T00:00:00+00:00
[2024-10-03T20:32:02.863+0000] {logging_mixin.py:137} INFO - [2024-10-03T20:32:02.863+0000] {dag.py:3452} INFO - Setting next_dagrun for example_branch_datetime_operator_2 to 2024-10-02T00:00:00+00:00, run_after=2024-10-03T00:00:00+00:00
[2024-10-03T20:32:02.864+0000] {logging_mixin.py:137} INFO - [2024-10-03T20:32:02.864+0000] {dag.py:3452} INFO - Setting next_dagrun for example_branch_datetime_operator_3 to 2024-10-02T00:00:00+00:00, run_after=2024-10-03T00:00:00+00:00
[2024-10-03T20:32:02.872+0000] {processor.py:175} INFO - Processing /usr/local/lib/python3.9/site-packages/airflow/example_dags/example_branch_datetime_operator.py took 0.061 seconds
[2024-10-03T20:32:36.578+0000] {processor.py:153} INFO - Started process (PID=610) to work on /usr/local/lib/python3.9/site-packages/airflow/example_dags/example_branch_datetime_operator.py
[2024-10-03T20:32:36.582+0000] {processor.py:743} INFO - Processing file /usr/local/lib/python3.9/site-packages/airflow/example_dags/example_branch_datetime_operator.py for tasks to queue
[2024-10-03T20:32:36.583+0000] {logging_mixin.py:137} INFO - [2024-10-03T20:32:36.583+0000] {dagbag.py:532} INFO - Filling up the DagBag from /usr/local/lib/python3.9/site-packages/airflow/example_dags/example_branch_datetime_operator.py
[2024-10-03T20:32:36.601+0000] {processor.py:753} INFO - DAG(s) dict_keys(['example_branch_datetime_operator', 'example_branch_datetime_operator_3', 'example_branch_datetime_operator_2']) retrieved from /usr/local/lib/python3.9/site-packages/airflow/example_dags/example_branch_datetime_operator.py
[2024-10-03T20:32:36.618+0000] {logging_mixin.py:137} INFO - [2024-10-03T20:32:36.618+0000] {dag.py:2705} INFO - Sync 3 DAGs
[2024-10-03T20:32:36.631+0000] {logging_mixin.py:137} INFO - [2024-10-03T20:32:36.631+0000] {dag.py:3452} INFO - Setting next_dagrun for example_branch_datetime_operator to 2024-10-02T00:00:00+00:00, run_after=2024-10-03T00:00:00+00:00
[2024-10-03T20:32:36.633+0000] {logging_mixin.py:137} INFO - [2024-10-03T20:32:36.633+0000] {dag.py:3452} INFO - Setting next_dagrun for example_branch_datetime_operator_2 to 2024-10-02T00:00:00+00:00, run_after=2024-10-03T00:00:00+00:00
[2024-10-03T20:32:36.635+0000] {logging_mixin.py:137} INFO - [2024-10-03T20:32:36.635+0000] {dag.py:3452} INFO - Setting next_dagrun for example_branch_datetime_operator_3 to 2024-10-02T00:00:00+00:00, run_after=2024-10-03T00:00:00+00:00
[2024-10-03T20:32:36.646+0000] {processor.py:175} INFO - Processing /usr/local/lib/python3.9/site-packages/airflow/example_dags/example_branch_datetime_operator.py took 0.069 seconds
[2024-10-03T20:33:11.341+0000] {processor.py:153} INFO - Started process (PID=821) to work on /usr/local/lib/python3.9/site-packages/airflow/example_dags/example_branch_datetime_operator.py
[2024-10-03T20:33:11.348+0000] {processor.py:743} INFO - Processing file /usr/local/lib/python3.9/site-packages/airflow/example_dags/example_branch_datetime_operator.py for tasks to queue
[2024-10-03T20:33:11.353+0000] {logging_mixin.py:137} INFO - [2024-10-03T20:33:11.352+0000] {dagbag.py:532} INFO - Filling up the DagBag from /usr/local/lib/python3.9/site-packages/airflow/example_dags/example_branch_datetime_operator.py
[2024-10-03T20:33:11.364+0000] {processor.py:753} INFO - DAG(s) dict_keys(['example_branch_datetime_operator', 'example_branch_datetime_operator_2', 'example_branch_datetime_operator_3']) retrieved from /usr/local/lib/python3.9/site-packages/airflow/example_dags/example_branch_datetime_operator.py
[2024-10-03T20:33:11.388+0000] {logging_mixin.py:137} INFO - [2024-10-03T20:33:11.388+0000] {dag.py:2705} INFO - Sync 3 DAGs
[2024-10-03T20:33:11.404+0000] {logging_mixin.py:137} INFO - [2024-10-03T20:33:11.404+0000] {dag.py:3452} INFO - Setting next_dagrun for example_branch_datetime_operator to 2024-10-02T00:00:00+00:00, run_after=2024-10-03T00:00:00+00:00
[2024-10-03T20:33:11.408+0000] {logging_mixin.py:137} INFO - [2024-10-03T20:33:11.408+0000] {dag.py:3452} INFO - Setting next_dagrun for example_branch_datetime_operator_2 to 2024-10-02T00:00:00+00:00, run_after=2024-10-03T00:00:00+00:00
[2024-10-03T20:33:11.411+0000] {logging_mixin.py:137} INFO - [2024-10-03T20:33:11.411+0000] {dag.py:3452} INFO - Setting next_dagrun for example_branch_datetime_operator_3 to 2024-10-02T00:00:00+00:00, run_after=2024-10-03T00:00:00+00:00
[2024-10-03T20:33:11.424+0000] {processor.py:175} INFO - Processing /usr/local/lib/python3.9/site-packages/airflow/example_dags/example_branch_datetime_operator.py took 0.085 seconds
[2024-10-03T20:33:42.150+0000] {processor.py:153} INFO - Started process (PID=1032) to work on /usr/local/lib/python3.9/site-packages/airflow/example_dags/example_branch_datetime_operator.py
[2024-10-03T20:33:42.154+0000] {processor.py:743} INFO - Processing file /usr/local/lib/python3.9/site-packages/airflow/example_dags/example_branch_datetime_operator.py for tasks to queue
[2024-10-03T20:33:42.155+0000] {logging_mixin.py:137} INFO - [2024-10-03T20:33:42.155+0000] {dagbag.py:532} INFO - Filling up the DagBag from /usr/local/lib/python3.9/site-packages/airflow/example_dags/example_branch_datetime_operator.py
[2024-10-03T20:33:42.167+0000] {processor.py:753} INFO - DAG(s) dict_keys(['example_branch_datetime_operator_3', 'example_branch_datetime_operator_2', 'example_branch_datetime_operator']) retrieved from /usr/local/lib/python3.9/site-packages/airflow/example_dags/example_branch_datetime_operator.py
[2024-10-03T20:33:42.215+0000] {logging_mixin.py:137} INFO - [2024-10-03T20:33:42.215+0000] {dag.py:2705} INFO - Sync 3 DAGs
[2024-10-03T20:33:42.225+0000] {logging_mixin.py:137} INFO - [2024-10-03T20:33:42.225+0000] {dag.py:3452} INFO - Setting next_dagrun for example_branch_datetime_operator to 2024-10-02T00:00:00+00:00, run_after=2024-10-03T00:00:00+00:00
[2024-10-03T20:33:42.227+0000] {logging_mixin.py:137} INFO - [2024-10-03T20:33:42.227+0000] {dag.py:3452} INFO - Setting next_dagrun for example_branch_datetime_operator_2 to 2024-10-02T00:00:00+00:00, run_after=2024-10-03T00:00:00+00:00
[2024-10-03T20:33:42.228+0000] {logging_mixin.py:137} INFO - [2024-10-03T20:33:42.228+0000] {dag.py:3452} INFO - Setting next_dagrun for example_branch_datetime_operator_3 to 2024-10-02T00:00:00+00:00, run_after=2024-10-03T00:00:00+00:00
[2024-10-03T20:33:42.237+0000] {processor.py:175} INFO - Processing /usr/local/lib/python3.9/site-packages/airflow/example_dags/example_branch_datetime_operator.py took 0.101 seconds
[2024-10-03T20:34:12.645+0000] {processor.py:153} INFO - Started process (PID=1243) to work on /usr/local/lib/python3.9/site-packages/airflow/example_dags/example_branch_datetime_operator.py
[2024-10-03T20:34:12.646+0000] {processor.py:743} INFO - Processing file /usr/local/lib/python3.9/site-packages/airflow/example_dags/example_branch_datetime_operator.py for tasks to queue
[2024-10-03T20:34:12.646+0000] {logging_mixin.py:137} INFO - [2024-10-03T20:34:12.646+0000] {dagbag.py:532} INFO - Filling up the DagBag from /usr/local/lib/python3.9/site-packages/airflow/example_dags/example_branch_datetime_operator.py
[2024-10-03T20:34:12.661+0000] {processor.py:753} INFO - DAG(s) dict_keys(['example_branch_datetime_operator_3', 'example_branch_datetime_operator', 'example_branch_datetime_operator_2']) retrieved from /usr/local/lib/python3.9/site-packages/airflow/example_dags/example_branch_datetime_operator.py
[2024-10-03T20:34:12.691+0000] {logging_mixin.py:137} INFO - [2024-10-03T20:34:12.691+0000] {dag.py:2705} INFO - Sync 3 DAGs
[2024-10-03T20:34:12.706+0000] {logging_mixin.py:137} INFO - [2024-10-03T20:34:12.705+0000] {dag.py:3452} INFO - Setting next_dagrun for example_branch_datetime_operator to 2024-10-02T00:00:00+00:00, run_after=2024-10-03T00:00:00+00:00
[2024-10-03T20:34:12.710+0000] {logging_mixin.py:137} INFO - [2024-10-03T20:34:12.710+0000] {dag.py:3452} INFO - Setting next_dagrun for example_branch_datetime_operator_2 to 2024-10-02T00:00:00+00:00, run_after=2024-10-03T00:00:00+00:00
[2024-10-03T20:34:12.712+0000] {logging_mixin.py:137} INFO - [2024-10-03T20:34:12.712+0000] {dag.py:3452} INFO - Setting next_dagrun for example_branch_datetime_operator_3 to 2024-10-02T00:00:00+00:00, run_after=2024-10-03T00:00:00+00:00
[2024-10-03T20:34:12.726+0000] {processor.py:175} INFO - Processing /usr/local/lib/python3.9/site-packages/airflow/example_dags/example_branch_datetime_operator.py took 0.084 seconds
[2024-10-03T20:34:53.572+0000] {processor.py:153} INFO - Started process (PID=1454) to work on /usr/local/lib/python3.9/site-packages/airflow/example_dags/example_branch_datetime_operator.py
[2024-10-03T20:34:53.601+0000] {processor.py:743} INFO - Processing file /usr/local/lib/python3.9/site-packages/airflow/example_dags/example_branch_datetime_operator.py for tasks to queue
[2024-10-03T20:34:53.605+0000] {logging_mixin.py:137} INFO - [2024-10-03T20:34:53.605+0000] {dagbag.py:532} INFO - Filling up the DagBag from /usr/local/lib/python3.9/site-packages/airflow/example_dags/example_branch_datetime_operator.py
[2024-10-03T20:34:53.683+0000] {processor.py:753} INFO - DAG(s) dict_keys(['example_branch_datetime_operator_2', 'example_branch_datetime_operator_3', 'example_branch_datetime_operator']) retrieved from /usr/local/lib/python3.9/site-packages/airflow/example_dags/example_branch_datetime_operator.py
[2024-10-03T20:34:53.705+0000] {logging_mixin.py:137} INFO - [2024-10-03T20:34:53.705+0000] {dag.py:2705} INFO - Sync 3 DAGs
[2024-10-03T20:34:53.717+0000] {logging_mixin.py:137} INFO - [2024-10-03T20:34:53.717+0000] {dag.py:3452} INFO - Setting next_dagrun for example_branch_datetime_operator to 2024-10-02T00:00:00+00:00, run_after=2024-10-03T00:00:00+00:00
[2024-10-03T20:34:53.720+0000] {logging_mixin.py:137} INFO - [2024-10-03T20:34:53.720+0000] {dag.py:3452} INFO - Setting next_dagrun for example_branch_datetime_operator_2 to 2024-10-02T00:00:00+00:00, run_after=2024-10-03T00:00:00+00:00
[2024-10-03T20:34:53.721+0000] {logging_mixin.py:137} INFO - [2024-10-03T20:34:53.721+0000] {dag.py:3452} INFO - Setting next_dagrun for example_branch_datetime_operator_3 to 2024-10-02T00:00:00+00:00, run_after=2024-10-03T00:00:00+00:00
[2024-10-03T20:34:53.741+0000] {processor.py:175} INFO - Processing /usr/local/lib/python3.9/site-packages/airflow/example_dags/example_branch_datetime_operator.py took 0.173 seconds
[2024-10-03T20:35:24.508+0000] {processor.py:153} INFO - Started process (PID=1665) to work on /usr/local/lib/python3.9/site-packages/airflow/example_dags/example_branch_datetime_operator.py
[2024-10-03T20:35:24.511+0000] {processor.py:743} INFO - Processing file /usr/local/lib/python3.9/site-packages/airflow/example_dags/example_branch_datetime_operator.py for tasks to queue
[2024-10-03T20:35:24.511+0000] {logging_mixin.py:137} INFO - [2024-10-03T20:35:24.511+0000] {dagbag.py:532} INFO - Filling up the DagBag from /usr/local/lib/python3.9/site-packages/airflow/example_dags/example_branch_datetime_operator.py
[2024-10-03T20:35:24.522+0000] {processor.py:753} INFO - DAG(s) dict_keys(['example_branch_datetime_operator_2', 'example_branch_datetime_operator', 'example_branch_datetime_operator_3']) retrieved from /usr/local/lib/python3.9/site-packages/airflow/example_dags/example_branch_datetime_operator.py
[2024-10-03T20:35:24.733+0000] {logging_mixin.py:137} INFO - [2024-10-03T20:35:24.733+0000] {dag.py:2705} INFO - Sync 3 DAGs
[2024-10-03T20:35:24.746+0000] {logging_mixin.py:137} INFO - [2024-10-03T20:35:24.746+0000] {dag.py:3452} INFO - Setting next_dagrun for example_branch_datetime_operator to 2024-10-02T00:00:00+00:00, run_after=2024-10-03T00:00:00+00:00
[2024-10-03T20:35:24.748+0000] {logging_mixin.py:137} INFO - [2024-10-03T20:35:24.748+0000] {dag.py:3452} INFO - Setting next_dagrun for example_branch_datetime_operator_2 to 2024-10-02T00:00:00+00:00, run_after=2024-10-03T00:00:00+00:00
[2024-10-03T20:35:24.749+0000] {logging_mixin.py:137} INFO - [2024-10-03T20:35:24.749+0000] {dag.py:3452} INFO - Setting next_dagrun for example_branch_datetime_operator_3 to 2024-10-02T00:00:00+00:00, run_after=2024-10-03T00:00:00+00:00
[2024-10-03T20:35:24.756+0000] {processor.py:175} INFO - Processing /usr/local/lib/python3.9/site-packages/airflow/example_dags/example_branch_datetime_operator.py took 0.251 seconds
[2024-10-03T20:35:55.518+0000] {processor.py:153} INFO - Started process (PID=1878) to work on /usr/local/lib/python3.9/site-packages/airflow/example_dags/example_branch_datetime_operator.py
[2024-10-03T20:35:55.519+0000] {processor.py:743} INFO - Processing file /usr/local/lib/python3.9/site-packages/airflow/example_dags/example_branch_datetime_operator.py for tasks to queue
[2024-10-03T20:35:55.519+0000] {logging_mixin.py:137} INFO - [2024-10-03T20:35:55.519+0000] {dagbag.py:532} INFO - Filling up the DagBag from /usr/local/lib/python3.9/site-packages/airflow/example_dags/example_branch_datetime_operator.py
[2024-10-03T20:35:55.541+0000] {processor.py:753} INFO - DAG(s) dict_keys(['example_branch_datetime_operator', 'example_branch_datetime_operator_2', 'example_branch_datetime_operator_3']) retrieved from /usr/local/lib/python3.9/site-packages/airflow/example_dags/example_branch_datetime_operator.py
[2024-10-03T20:35:55.568+0000] {logging_mixin.py:137} INFO - [2024-10-03T20:35:55.568+0000] {dag.py:2705} INFO - Sync 3 DAGs
[2024-10-03T20:35:55.590+0000] {logging_mixin.py:137} INFO - [2024-10-03T20:35:55.590+0000] {dag.py:3452} INFO - Setting next_dagrun for example_branch_datetime_operator to 2024-10-02T00:00:00+00:00, run_after=2024-10-03T00:00:00+00:00
[2024-10-03T20:35:55.592+0000] {logging_mixin.py:137} INFO - [2024-10-03T20:35:55.592+0000] {dag.py:3452} INFO - Setting next_dagrun for example_branch_datetime_operator_2 to 2024-10-02T00:00:00+00:00, run_after=2024-10-03T00:00:00+00:00
[2024-10-03T20:35:55.655+0000] {logging_mixin.py:137} INFO - [2024-10-03T20:35:55.655+0000] {dag.py:3452} INFO - Setting next_dagrun for example_branch_datetime_operator_3 to 2024-10-02T00:00:00+00:00, run_after=2024-10-03T00:00:00+00:00
[2024-10-03T20:35:55.664+0000] {processor.py:175} INFO - Processing /usr/local/lib/python3.9/site-packages/airflow/example_dags/example_branch_datetime_operator.py took 0.148 seconds
[2024-10-03T20:36:26.028+0000] {processor.py:153} INFO - Started process (PID=2089) to work on /usr/local/lib/python3.9/site-packages/airflow/example_dags/example_branch_datetime_operator.py
[2024-10-03T20:36:26.030+0000] {processor.py:743} INFO - Processing file /usr/local/lib/python3.9/site-packages/airflow/example_dags/example_branch_datetime_operator.py for tasks to queue
[2024-10-03T20:36:26.031+0000] {logging_mixin.py:137} INFO - [2024-10-03T20:36:26.031+0000] {dagbag.py:532} INFO - Filling up the DagBag from /usr/local/lib/python3.9/site-packages/airflow/example_dags/example_branch_datetime_operator.py
[2024-10-03T20:36:26.039+0000] {processor.py:753} INFO - DAG(s) dict_keys(['example_branch_datetime_operator', 'example_branch_datetime_operator_3', 'example_branch_datetime_operator_2']) retrieved from /usr/local/lib/python3.9/site-packages/airflow/example_dags/example_branch_datetime_operator.py
[2024-10-03T20:36:26.059+0000] {logging_mixin.py:137} INFO - [2024-10-03T20:36:26.059+0000] {dag.py:2705} INFO - Sync 3 DAGs
[2024-10-03T20:36:26.112+0000] {logging_mixin.py:137} INFO - [2024-10-03T20:36:26.112+0000] {dag.py:3452} INFO - Setting next_dagrun for example_branch_datetime_operator to 2024-10-02T00:00:00+00:00, run_after=2024-10-03T00:00:00+00:00
[2024-10-03T20:36:26.114+0000] {logging_mixin.py:137} INFO - [2024-10-03T20:36:26.114+0000] {dag.py:3452} INFO - Setting next_dagrun for example_branch_datetime_operator_2 to 2024-10-02T00:00:00+00:00, run_after=2024-10-03T00:00:00+00:00
[2024-10-03T20:36:26.115+0000] {logging_mixin.py:137} INFO - [2024-10-03T20:36:26.115+0000] {dag.py:3452} INFO - Setting next_dagrun for example_branch_datetime_operator_3 to 2024-10-02T00:00:00+00:00, run_after=2024-10-03T00:00:00+00:00
[2024-10-03T20:36:26.121+0000] {processor.py:175} INFO - Processing /usr/local/lib/python3.9/site-packages/airflow/example_dags/example_branch_datetime_operator.py took 0.095 seconds
[2024-10-03T20:36:57.047+0000] {processor.py:153} INFO - Started process (PID=2300) to work on /usr/local/lib/python3.9/site-packages/airflow/example_dags/example_branch_datetime_operator.py
[2024-10-03T20:36:57.048+0000] {processor.py:743} INFO - Processing file /usr/local/lib/python3.9/site-packages/airflow/example_dags/example_branch_datetime_operator.py for tasks to queue
[2024-10-03T20:36:57.048+0000] {logging_mixin.py:137} INFO - [2024-10-03T20:36:57.048+0000] {dagbag.py:532} INFO - Filling up the DagBag from /usr/local/lib/python3.9/site-packages/airflow/example_dags/example_branch_datetime_operator.py
[2024-10-03T20:36:57.116+0000] {processor.py:753} INFO - DAG(s) dict_keys(['example_branch_datetime_operator', 'example_branch_datetime_operator_3', 'example_branch_datetime_operator_2']) retrieved from /usr/local/lib/python3.9/site-packages/airflow/example_dags/example_branch_datetime_operator.py
[2024-10-03T20:36:57.129+0000] {logging_mixin.py:137} INFO - [2024-10-03T20:36:57.128+0000] {dag.py:2705} INFO - Sync 3 DAGs
[2024-10-03T20:36:57.137+0000] {logging_mixin.py:137} INFO - [2024-10-03T20:36:57.137+0000] {dag.py:3452} INFO - Setting next_dagrun for example_branch_datetime_operator to 2024-10-02T00:00:00+00:00, run_after=2024-10-03T00:00:00+00:00
[2024-10-03T20:36:57.139+0000] {logging_mixin.py:137} INFO - [2024-10-03T20:36:57.139+0000] {dag.py:3452} INFO - Setting next_dagrun for example_branch_datetime_operator_2 to 2024-10-02T00:00:00+00:00, run_after=2024-10-03T00:00:00+00:00
[2024-10-03T20:36:57.140+0000] {logging_mixin.py:137} INFO - [2024-10-03T20:36:57.140+0000] {dag.py:3452} INFO - Setting next_dagrun for example_branch_datetime_operator_3 to 2024-10-02T00:00:00+00:00, run_after=2024-10-03T00:00:00+00:00
[2024-10-03T20:36:57.147+0000] {processor.py:175} INFO - Processing /usr/local/lib/python3.9/site-packages/airflow/example_dags/example_branch_datetime_operator.py took 0.101 seconds
[2024-10-03T20:37:27.836+0000] {processor.py:153} INFO - Started process (PID=2511) to work on /usr/local/lib/python3.9/site-packages/airflow/example_dags/example_branch_datetime_operator.py
[2024-10-03T20:37:27.837+0000] {processor.py:743} INFO - Processing file /usr/local/lib/python3.9/site-packages/airflow/example_dags/example_branch_datetime_operator.py for tasks to queue
[2024-10-03T20:37:27.837+0000] {logging_mixin.py:137} INFO - [2024-10-03T20:37:27.837+0000] {dagbag.py:532} INFO - Filling up the DagBag from /usr/local/lib/python3.9/site-packages/airflow/example_dags/example_branch_datetime_operator.py
[2024-10-03T20:37:27.845+0000] {processor.py:753} INFO - DAG(s) dict_keys(['example_branch_datetime_operator_3', 'example_branch_datetime_operator_2', 'example_branch_datetime_operator']) retrieved from /usr/local/lib/python3.9/site-packages/airflow/example_dags/example_branch_datetime_operator.py
[2024-10-03T20:37:27.856+0000] {logging_mixin.py:137} INFO - [2024-10-03T20:37:27.856+0000] {dag.py:2705} INFO - Sync 3 DAGs
[2024-10-03T20:37:27.865+0000] {logging_mixin.py:137} INFO - [2024-10-03T20:37:27.865+0000] {dag.py:3452} INFO - Setting next_dagrun for example_branch_datetime_operator to 2024-10-02T00:00:00+00:00, run_after=2024-10-03T00:00:00+00:00
[2024-10-03T20:37:27.867+0000] {logging_mixin.py:137} INFO - [2024-10-03T20:37:27.867+0000] {dag.py:3452} INFO - Setting next_dagrun for example_branch_datetime_operator_2 to 2024-10-02T00:00:00+00:00, run_after=2024-10-03T00:00:00+00:00
[2024-10-03T20:37:27.868+0000] {logging_mixin.py:137} INFO - [2024-10-03T20:37:27.868+0000] {dag.py:3452} INFO - Setting next_dagrun for example_branch_datetime_operator_3 to 2024-10-02T00:00:00+00:00, run_after=2024-10-03T00:00:00+00:00
[2024-10-03T20:37:27.874+0000] {processor.py:175} INFO - Processing /usr/local/lib/python3.9/site-packages/airflow/example_dags/example_branch_datetime_operator.py took 0.039 seconds
[2024-10-03T20:37:58.087+0000] {processor.py:153} INFO - Started process (PID=2720) to work on /usr/local/lib/python3.9/site-packages/airflow/example_dags/example_branch_datetime_operator.py
[2024-10-03T20:37:58.088+0000] {processor.py:743} INFO - Processing file /usr/local/lib/python3.9/site-packages/airflow/example_dags/example_branch_datetime_operator.py for tasks to queue
[2024-10-03T20:37:58.088+0000] {logging_mixin.py:137} INFO - [2024-10-03T20:37:58.088+0000] {dagbag.py:532} INFO - Filling up the DagBag from /usr/local/lib/python3.9/site-packages/airflow/example_dags/example_branch_datetime_operator.py
[2024-10-03T20:37:58.097+0000] {processor.py:753} INFO - DAG(s) dict_keys(['example_branch_datetime_operator_3', 'example_branch_datetime_operator_2', 'example_branch_datetime_operator']) retrieved from /usr/local/lib/python3.9/site-packages/airflow/example_dags/example_branch_datetime_operator.py
[2024-10-03T20:37:58.108+0000] {logging_mixin.py:137} INFO - [2024-10-03T20:37:58.108+0000] {dag.py:2705} INFO - Sync 3 DAGs
[2024-10-03T20:37:58.118+0000] {logging_mixin.py:137} INFO - [2024-10-03T20:37:58.118+0000] {dag.py:3452} INFO - Setting next_dagrun for example_branch_datetime_operator to 2024-10-02T00:00:00+00:00, run_after=2024-10-03T00:00:00+00:00
[2024-10-03T20:37:58.120+0000] {logging_mixin.py:137} INFO - [2024-10-03T20:37:58.120+0000] {dag.py:3452} INFO - Setting next_dagrun for example_branch_datetime_operator_2 to 2024-10-02T00:00:00+00:00, run_after=2024-10-03T00:00:00+00:00
[2024-10-03T20:37:58.121+0000] {logging_mixin.py:137} INFO - [2024-10-03T20:37:58.121+0000] {dag.py:3452} INFO - Setting next_dagrun for example_branch_datetime_operator_3 to 2024-10-02T00:00:00+00:00, run_after=2024-10-03T00:00:00+00:00
[2024-10-03T20:37:58.127+0000] {processor.py:175} INFO - Processing /usr/local/lib/python3.9/site-packages/airflow/example_dags/example_branch_datetime_operator.py took 0.042 seconds
[2024-10-03T20:38:28.870+0000] {processor.py:153} INFO - Started process (PID=2933) to work on /usr/local/lib/python3.9/site-packages/airflow/example_dags/example_branch_datetime_operator.py
[2024-10-03T20:38:28.870+0000] {processor.py:743} INFO - Processing file /usr/local/lib/python3.9/site-packages/airflow/example_dags/example_branch_datetime_operator.py for tasks to queue
[2024-10-03T20:38:28.871+0000] {logging_mixin.py:137} INFO - [2024-10-03T20:38:28.870+0000] {dagbag.py:532} INFO - Filling up the DagBag from /usr/local/lib/python3.9/site-packages/airflow/example_dags/example_branch_datetime_operator.py
[2024-10-03T20:38:28.878+0000] {processor.py:753} INFO - DAG(s) dict_keys(['example_branch_datetime_operator_3', 'example_branch_datetime_operator', 'example_branch_datetime_operator_2']) retrieved from /usr/local/lib/python3.9/site-packages/airflow/example_dags/example_branch_datetime_operator.py
[2024-10-03T20:38:28.889+0000] {logging_mixin.py:137} INFO - [2024-10-03T20:38:28.889+0000] {dag.py:2705} INFO - Sync 3 DAGs
[2024-10-03T20:38:28.898+0000] {logging_mixin.py:137} INFO - [2024-10-03T20:38:28.898+0000] {dag.py:3452} INFO - Setting next_dagrun for example_branch_datetime_operator to 2024-10-02T00:00:00+00:00, run_after=2024-10-03T00:00:00+00:00
[2024-10-03T20:38:28.900+0000] {logging_mixin.py:137} INFO - [2024-10-03T20:38:28.900+0000] {dag.py:3452} INFO - Setting next_dagrun for example_branch_datetime_operator_2 to 2024-10-02T00:00:00+00:00, run_after=2024-10-03T00:00:00+00:00
[2024-10-03T20:38:28.901+0000] {logging_mixin.py:137} INFO - [2024-10-03T20:38:28.901+0000] {dag.py:3452} INFO - Setting next_dagrun for example_branch_datetime_operator_3 to 2024-10-02T00:00:00+00:00, run_after=2024-10-03T00:00:00+00:00
[2024-10-03T20:38:28.907+0000] {processor.py:175} INFO - Processing /usr/local/lib/python3.9/site-packages/airflow/example_dags/example_branch_datetime_operator.py took 0.038 seconds
[2024-10-03T20:38:59.644+0000] {processor.py:153} INFO - Started process (PID=3144) to work on /usr/local/lib/python3.9/site-packages/airflow/example_dags/example_branch_datetime_operator.py
[2024-10-03T20:38:59.644+0000] {processor.py:743} INFO - Processing file /usr/local/lib/python3.9/site-packages/airflow/example_dags/example_branch_datetime_operator.py for tasks to queue
[2024-10-03T20:38:59.644+0000] {logging_mixin.py:137} INFO - [2024-10-03T20:38:59.644+0000] {dagbag.py:532} INFO - Filling up the DagBag from /usr/local/lib/python3.9/site-packages/airflow/example_dags/example_branch_datetime_operator.py
[2024-10-03T20:38:59.651+0000] {processor.py:753} INFO - DAG(s) dict_keys(['example_branch_datetime_operator_3', 'example_branch_datetime_operator_2', 'example_branch_datetime_operator']) retrieved from /usr/local/lib/python3.9/site-packages/airflow/example_dags/example_branch_datetime_operator.py
[2024-10-03T20:38:59.663+0000] {logging_mixin.py:137} INFO - [2024-10-03T20:38:59.663+0000] {dag.py:2705} INFO - Sync 3 DAGs
[2024-10-03T20:38:59.672+0000] {logging_mixin.py:137} INFO - [2024-10-03T20:38:59.672+0000] {dag.py:3452} INFO - Setting next_dagrun for example_branch_datetime_operator to 2024-10-02T00:00:00+00:00, run_after=2024-10-03T00:00:00+00:00
[2024-10-03T20:38:59.674+0000] {logging_mixin.py:137} INFO - [2024-10-03T20:38:59.674+0000] {dag.py:3452} INFO - Setting next_dagrun for example_branch_datetime_operator_2 to 2024-10-02T00:00:00+00:00, run_after=2024-10-03T00:00:00+00:00
[2024-10-03T20:38:59.675+0000] {logging_mixin.py:137} INFO - [2024-10-03T20:38:59.675+0000] {dag.py:3452} INFO - Setting next_dagrun for example_branch_datetime_operator_3 to 2024-10-02T00:00:00+00:00, run_after=2024-10-03T00:00:00+00:00
[2024-10-03T20:38:59.680+0000] {processor.py:175} INFO - Processing /usr/local/lib/python3.9/site-packages/airflow/example_dags/example_branch_datetime_operator.py took 0.038 seconds
[2024-10-03T20:39:30.416+0000] {processor.py:153} INFO - Started process (PID=3355) to work on /usr/local/lib/python3.9/site-packages/airflow/example_dags/example_branch_datetime_operator.py
[2024-10-03T20:39:30.416+0000] {processor.py:743} INFO - Processing file /usr/local/lib/python3.9/site-packages/airflow/example_dags/example_branch_datetime_operator.py for tasks to queue
[2024-10-03T20:39:30.416+0000] {logging_mixin.py:137} INFO - [2024-10-03T20:39:30.416+0000] {dagbag.py:532} INFO - Filling up the DagBag from /usr/local/lib/python3.9/site-packages/airflow/example_dags/example_branch_datetime_operator.py
[2024-10-03T20:39:30.424+0000] {processor.py:753} INFO - DAG(s) dict_keys(['example_branch_datetime_operator', 'example_branch_datetime_operator_2', 'example_branch_datetime_operator_3']) retrieved from /usr/local/lib/python3.9/site-packages/airflow/example_dags/example_branch_datetime_operator.py
[2024-10-03T20:39:30.435+0000] {logging_mixin.py:137} INFO - [2024-10-03T20:39:30.435+0000] {dag.py:2705} INFO - Sync 3 DAGs
[2024-10-03T20:39:30.444+0000] {logging_mixin.py:137} INFO - [2024-10-03T20:39:30.444+0000] {dag.py:3452} INFO - Setting next_dagrun for example_branch_datetime_operator to 2024-10-02T00:00:00+00:00, run_after=2024-10-03T00:00:00+00:00
[2024-10-03T20:39:30.446+0000] {logging_mixin.py:137} INFO - [2024-10-03T20:39:30.446+0000] {dag.py:3452} INFO - Setting next_dagrun for example_branch_datetime_operator_2 to 2024-10-02T00:00:00+00:00, run_after=2024-10-03T00:00:00+00:00
[2024-10-03T20:39:30.447+0000] {logging_mixin.py:137} INFO - [2024-10-03T20:39:30.447+0000] {dag.py:3452} INFO - Setting next_dagrun for example_branch_datetime_operator_3 to 2024-10-02T00:00:00+00:00, run_after=2024-10-03T00:00:00+00:00
[2024-10-03T20:39:30.452+0000] {processor.py:175} INFO - Processing /usr/local/lib/python3.9/site-packages/airflow/example_dags/example_branch_datetime_operator.py took 0.038 seconds
[2024-10-03T20:40:01.238+0000] {processor.py:153} INFO - Started process (PID=3564) to work on /usr/local/lib/python3.9/site-packages/airflow/example_dags/example_branch_datetime_operator.py
[2024-10-03T20:40:01.238+0000] {processor.py:743} INFO - Processing file /usr/local/lib/python3.9/site-packages/airflow/example_dags/example_branch_datetime_operator.py for tasks to queue
[2024-10-03T20:40:01.238+0000] {logging_mixin.py:137} INFO - [2024-10-03T20:40:01.238+0000] {dagbag.py:532} INFO - Filling up the DagBag from /usr/local/lib/python3.9/site-packages/airflow/example_dags/example_branch_datetime_operator.py
[2024-10-03T20:40:01.246+0000] {processor.py:753} INFO - DAG(s) dict_keys(['example_branch_datetime_operator', 'example_branch_datetime_operator_2', 'example_branch_datetime_operator_3']) retrieved from /usr/local/lib/python3.9/site-packages/airflow/example_dags/example_branch_datetime_operator.py
[2024-10-03T20:40:01.257+0000] {logging_mixin.py:137} INFO - [2024-10-03T20:40:01.257+0000] {dag.py:2705} INFO - Sync 3 DAGs
[2024-10-03T20:40:01.265+0000] {logging_mixin.py:137} INFO - [2024-10-03T20:40:01.265+0000] {dag.py:3452} INFO - Setting next_dagrun for example_branch_datetime_operator to 2024-10-02T00:00:00+00:00, run_after=2024-10-03T00:00:00+00:00
[2024-10-03T20:40:01.267+0000] {logging_mixin.py:137} INFO - [2024-10-03T20:40:01.267+0000] {dag.py:3452} INFO - Setting next_dagrun for example_branch_datetime_operator_2 to 2024-10-02T00:00:00+00:00, run_after=2024-10-03T00:00:00+00:00
[2024-10-03T20:40:01.268+0000] {logging_mixin.py:137} INFO - [2024-10-03T20:40:01.268+0000] {dag.py:3452} INFO - Setting next_dagrun for example_branch_datetime_operator_3 to 2024-10-02T00:00:00+00:00, run_after=2024-10-03T00:00:00+00:00
[2024-10-03T20:40:01.274+0000] {processor.py:175} INFO - Processing /usr/local/lib/python3.9/site-packages/airflow/example_dags/example_branch_datetime_operator.py took 0.038 seconds
[2024-10-03T20:40:32.110+0000] {processor.py:153} INFO - Started process (PID=3777) to work on /usr/local/lib/python3.9/site-packages/airflow/example_dags/example_branch_datetime_operator.py
[2024-10-03T20:40:32.110+0000] {processor.py:743} INFO - Processing file /usr/local/lib/python3.9/site-packages/airflow/example_dags/example_branch_datetime_operator.py for tasks to queue
[2024-10-03T20:40:32.110+0000] {logging_mixin.py:137} INFO - [2024-10-03T20:40:32.110+0000] {dagbag.py:532} INFO - Filling up the DagBag from /usr/local/lib/python3.9/site-packages/airflow/example_dags/example_branch_datetime_operator.py
[2024-10-03T20:40:32.118+0000] {processor.py:753} INFO - DAG(s) dict_keys(['example_branch_datetime_operator_2', 'example_branch_datetime_operator', 'example_branch_datetime_operator_3']) retrieved from /usr/local/lib/python3.9/site-packages/airflow/example_dags/example_branch_datetime_operator.py
[2024-10-03T20:40:32.131+0000] {logging_mixin.py:137} INFO - [2024-10-03T20:40:32.131+0000] {dag.py:2705} INFO - Sync 3 DAGs
[2024-10-03T20:40:32.141+0000] {logging_mixin.py:137} INFO - [2024-10-03T20:40:32.141+0000] {dag.py:3452} INFO - Setting next_dagrun for example_branch_datetime_operator to 2024-10-02T00:00:00+00:00, run_after=2024-10-03T00:00:00+00:00
[2024-10-03T20:40:32.143+0000] {logging_mixin.py:137} INFO - [2024-10-03T20:40:32.143+0000] {dag.py:3452} INFO - Setting next_dagrun for example_branch_datetime_operator_2 to 2024-10-02T00:00:00+00:00, run_after=2024-10-03T00:00:00+00:00
[2024-10-03T20:40:32.144+0000] {logging_mixin.py:137} INFO - [2024-10-03T20:40:32.144+0000] {dag.py:3452} INFO - Setting next_dagrun for example_branch_datetime_operator_3 to 2024-10-02T00:00:00+00:00, run_after=2024-10-03T00:00:00+00:00
[2024-10-03T20:40:32.150+0000] {processor.py:175} INFO - Processing /usr/local/lib/python3.9/site-packages/airflow/example_dags/example_branch_datetime_operator.py took 0.042 seconds
[2024-10-03T20:41:03.000+0000] {processor.py:153} INFO - Started process (PID=3988) to work on /usr/local/lib/python3.9/site-packages/airflow/example_dags/example_branch_datetime_operator.py
[2024-10-03T20:41:03.001+0000] {processor.py:743} INFO - Processing file /usr/local/lib/python3.9/site-packages/airflow/example_dags/example_branch_datetime_operator.py for tasks to queue
[2024-10-03T20:41:03.001+0000] {logging_mixin.py:137} INFO - [2024-10-03T20:41:03.001+0000] {dagbag.py:532} INFO - Filling up the DagBag from /usr/local/lib/python3.9/site-packages/airflow/example_dags/example_branch_datetime_operator.py
[2024-10-03T20:41:03.008+0000] {processor.py:753} INFO - DAG(s) dict_keys(['example_branch_datetime_operator', 'example_branch_datetime_operator_2', 'example_branch_datetime_operator_3']) retrieved from /usr/local/lib/python3.9/site-packages/airflow/example_dags/example_branch_datetime_operator.py
[2024-10-03T20:41:03.019+0000] {logging_mixin.py:137} INFO - [2024-10-03T20:41:03.019+0000] {dag.py:2705} INFO - Sync 3 DAGs
[2024-10-03T20:41:03.028+0000] {logging_mixin.py:137} INFO - [2024-10-03T20:41:03.028+0000] {dag.py:3452} INFO - Setting next_dagrun for example_branch_datetime_operator to 2024-10-02T00:00:00+00:00, run_after=2024-10-03T00:00:00+00:00
[2024-10-03T20:41:03.030+0000] {logging_mixin.py:137} INFO - [2024-10-03T20:41:03.030+0000] {dag.py:3452} INFO - Setting next_dagrun for example_branch_datetime_operator_2 to 2024-10-02T00:00:00+00:00, run_after=2024-10-03T00:00:00+00:00
[2024-10-03T20:41:03.031+0000] {logging_mixin.py:137} INFO - [2024-10-03T20:41:03.031+0000] {dag.py:3452} INFO - Setting next_dagrun for example_branch_datetime_operator_3 to 2024-10-02T00:00:00+00:00, run_after=2024-10-03T00:00:00+00:00
[2024-10-03T20:41:03.037+0000] {processor.py:175} INFO - Processing /usr/local/lib/python3.9/site-packages/airflow/example_dags/example_branch_datetime_operator.py took 0.038 seconds
[2024-10-03T20:41:33.599+0000] {processor.py:153} INFO - Started process (PID=4199) to work on /usr/local/lib/python3.9/site-packages/airflow/example_dags/example_branch_datetime_operator.py
[2024-10-03T20:41:33.600+0000] {processor.py:743} INFO - Processing file /usr/local/lib/python3.9/site-packages/airflow/example_dags/example_branch_datetime_operator.py for tasks to queue
[2024-10-03T20:41:33.600+0000] {logging_mixin.py:137} INFO - [2024-10-03T20:41:33.600+0000] {dagbag.py:532} INFO - Filling up the DagBag from /usr/local/lib/python3.9/site-packages/airflow/example_dags/example_branch_datetime_operator.py
[2024-10-03T20:41:33.608+0000] {processor.py:753} INFO - DAG(s) dict_keys(['example_branch_datetime_operator_2', 'example_branch_datetime_operator_3', 'example_branch_datetime_operator']) retrieved from /usr/local/lib/python3.9/site-packages/airflow/example_dags/example_branch_datetime_operator.py
[2024-10-03T20:41:33.618+0000] {logging_mixin.py:137} INFO - [2024-10-03T20:41:33.618+0000] {dag.py:2705} INFO - Sync 3 DAGs
[2024-10-03T20:41:33.627+0000] {logging_mixin.py:137} INFO - [2024-10-03T20:41:33.627+0000] {dag.py:3452} INFO - Setting next_dagrun for example_branch_datetime_operator to 2024-10-02T00:00:00+00:00, run_after=2024-10-03T00:00:00+00:00
[2024-10-03T20:41:33.629+0000] {logging_mixin.py:137} INFO - [2024-10-03T20:41:33.629+0000] {dag.py:3452} INFO - Setting next_dagrun for example_branch_datetime_operator_2 to 2024-10-02T00:00:00+00:00, run_after=2024-10-03T00:00:00+00:00
[2024-10-03T20:41:33.630+0000] {logging_mixin.py:137} INFO - [2024-10-03T20:41:33.630+0000] {dag.py:3452} INFO - Setting next_dagrun for example_branch_datetime_operator_3 to 2024-10-02T00:00:00+00:00, run_after=2024-10-03T00:00:00+00:00
[2024-10-03T20:41:33.636+0000] {processor.py:175} INFO - Processing /usr/local/lib/python3.9/site-packages/airflow/example_dags/example_branch_datetime_operator.py took 0.038 seconds
[2024-10-03T20:42:04.294+0000] {processor.py:153} INFO - Started process (PID=4410) to work on /usr/local/lib/python3.9/site-packages/airflow/example_dags/example_branch_datetime_operator.py
[2024-10-03T20:42:04.295+0000] {processor.py:743} INFO - Processing file /usr/local/lib/python3.9/site-packages/airflow/example_dags/example_branch_datetime_operator.py for tasks to queue
[2024-10-03T20:42:04.295+0000] {logging_mixin.py:137} INFO - [2024-10-03T20:42:04.295+0000] {dagbag.py:532} INFO - Filling up the DagBag from /usr/local/lib/python3.9/site-packages/airflow/example_dags/example_branch_datetime_operator.py
[2024-10-03T20:42:04.302+0000] {processor.py:753} INFO - DAG(s) dict_keys(['example_branch_datetime_operator_2', 'example_branch_datetime_operator_3', 'example_branch_datetime_operator']) retrieved from /usr/local/lib/python3.9/site-packages/airflow/example_dags/example_branch_datetime_operator.py
[2024-10-03T20:42:04.314+0000] {logging_mixin.py:137} INFO - [2024-10-03T20:42:04.314+0000] {dag.py:2705} INFO - Sync 3 DAGs
[2024-10-03T20:42:04.323+0000] {logging_mixin.py:137} INFO - [2024-10-03T20:42:04.323+0000] {dag.py:3452} INFO - Setting next_dagrun for example_branch_datetime_operator to 2024-10-02T00:00:00+00:00, run_after=2024-10-03T00:00:00+00:00
[2024-10-03T20:42:04.325+0000] {logging_mixin.py:137} INFO - [2024-10-03T20:42:04.325+0000] {dag.py:3452} INFO - Setting next_dagrun for example_branch_datetime_operator_2 to 2024-10-02T00:00:00+00:00, run_after=2024-10-03T00:00:00+00:00
[2024-10-03T20:42:04.326+0000] {logging_mixin.py:137} INFO - [2024-10-03T20:42:04.326+0000] {dag.py:3452} INFO - Setting next_dagrun for example_branch_datetime_operator_3 to 2024-10-02T00:00:00+00:00, run_after=2024-10-03T00:00:00+00:00
[2024-10-03T20:42:04.332+0000] {processor.py:175} INFO - Processing /usr/local/lib/python3.9/site-packages/airflow/example_dags/example_branch_datetime_operator.py took 0.039 seconds
[2024-10-03T20:42:34.939+0000] {processor.py:153} INFO - Started process (PID=4621) to work on /usr/local/lib/python3.9/site-packages/airflow/example_dags/example_branch_datetime_operator.py
[2024-10-03T20:42:34.940+0000] {processor.py:743} INFO - Processing file /usr/local/lib/python3.9/site-packages/airflow/example_dags/example_branch_datetime_operator.py for tasks to queue
[2024-10-03T20:42:34.940+0000] {logging_mixin.py:137} INFO - [2024-10-03T20:42:34.940+0000] {dagbag.py:532} INFO - Filling up the DagBag from /usr/local/lib/python3.9/site-packages/airflow/example_dags/example_branch_datetime_operator.py
[2024-10-03T20:42:34.948+0000] {processor.py:753} INFO - DAG(s) dict_keys(['example_branch_datetime_operator_2', 'example_branch_datetime_operator', 'example_branch_datetime_operator_3']) retrieved from /usr/local/lib/python3.9/site-packages/airflow/example_dags/example_branch_datetime_operator.py
[2024-10-03T20:42:34.959+0000] {logging_mixin.py:137} INFO - [2024-10-03T20:42:34.958+0000] {dag.py:2705} INFO - Sync 3 DAGs
[2024-10-03T20:42:34.967+0000] {logging_mixin.py:137} INFO - [2024-10-03T20:42:34.967+0000] {dag.py:3452} INFO - Setting next_dagrun for example_branch_datetime_operator to 2024-10-02T00:00:00+00:00, run_after=2024-10-03T00:00:00+00:00
[2024-10-03T20:42:34.969+0000] {logging_mixin.py:137} INFO - [2024-10-03T20:42:34.969+0000] {dag.py:3452} INFO - Setting next_dagrun for example_branch_datetime_operator_2 to 2024-10-02T00:00:00+00:00, run_after=2024-10-03T00:00:00+00:00
[2024-10-03T20:42:34.970+0000] {logging_mixin.py:137} INFO - [2024-10-03T20:42:34.970+0000] {dag.py:3452} INFO - Setting next_dagrun for example_branch_datetime_operator_3 to 2024-10-02T00:00:00+00:00, run_after=2024-10-03T00:00:00+00:00
[2024-10-03T20:42:34.976+0000] {processor.py:175} INFO - Processing /usr/local/lib/python3.9/site-packages/airflow/example_dags/example_branch_datetime_operator.py took 0.038 seconds
[2024-10-03T20:43:05.573+0000] {processor.py:153} INFO - Started process (PID=4832) to work on /usr/local/lib/python3.9/site-packages/airflow/example_dags/example_branch_datetime_operator.py
[2024-10-03T20:43:05.574+0000] {processor.py:743} INFO - Processing file /usr/local/lib/python3.9/site-packages/airflow/example_dags/example_branch_datetime_operator.py for tasks to queue
[2024-10-03T20:43:05.574+0000] {logging_mixin.py:137} INFO - [2024-10-03T20:43:05.574+0000] {dagbag.py:532} INFO - Filling up the DagBag from /usr/local/lib/python3.9/site-packages/airflow/example_dags/example_branch_datetime_operator.py
[2024-10-03T20:43:05.581+0000] {processor.py:753} INFO - DAG(s) dict_keys(['example_branch_datetime_operator_2', 'example_branch_datetime_operator_3', 'example_branch_datetime_operator']) retrieved from /usr/local/lib/python3.9/site-packages/airflow/example_dags/example_branch_datetime_operator.py
[2024-10-03T20:43:05.592+0000] {logging_mixin.py:137} INFO - [2024-10-03T20:43:05.592+0000] {dag.py:2705} INFO - Sync 3 DAGs
[2024-10-03T20:43:05.601+0000] {logging_mixin.py:137} INFO - [2024-10-03T20:43:05.601+0000] {dag.py:3452} INFO - Setting next_dagrun for example_branch_datetime_operator to 2024-10-02T00:00:00+00:00, run_after=2024-10-03T00:00:00+00:00
[2024-10-03T20:43:05.603+0000] {logging_mixin.py:137} INFO - [2024-10-03T20:43:05.603+0000] {dag.py:3452} INFO - Setting next_dagrun for example_branch_datetime_operator_2 to 2024-10-02T00:00:00+00:00, run_after=2024-10-03T00:00:00+00:00
[2024-10-03T20:43:05.604+0000] {logging_mixin.py:137} INFO - [2024-10-03T20:43:05.604+0000] {dag.py:3452} INFO - Setting next_dagrun for example_branch_datetime_operator_3 to 2024-10-02T00:00:00+00:00, run_after=2024-10-03T00:00:00+00:00
[2024-10-03T20:43:05.609+0000] {processor.py:175} INFO - Processing /usr/local/lib/python3.9/site-packages/airflow/example_dags/example_branch_datetime_operator.py took 0.038 seconds
[2024-10-03T20:43:36.181+0000] {processor.py:153} INFO - Started process (PID=5043) to work on /usr/local/lib/python3.9/site-packages/airflow/example_dags/example_branch_datetime_operator.py
[2024-10-03T20:43:36.181+0000] {processor.py:743} INFO - Processing file /usr/local/lib/python3.9/site-packages/airflow/example_dags/example_branch_datetime_operator.py for tasks to queue
[2024-10-03T20:43:36.181+0000] {logging_mixin.py:137} INFO - [2024-10-03T20:43:36.181+0000] {dagbag.py:532} INFO - Filling up the DagBag from /usr/local/lib/python3.9/site-packages/airflow/example_dags/example_branch_datetime_operator.py
[2024-10-03T20:43:36.189+0000] {processor.py:753} INFO - DAG(s) dict_keys(['example_branch_datetime_operator_3', 'example_branch_datetime_operator', 'example_branch_datetime_operator_2']) retrieved from /usr/local/lib/python3.9/site-packages/airflow/example_dags/example_branch_datetime_operator.py
[2024-10-03T20:43:36.201+0000] {logging_mixin.py:137} INFO - [2024-10-03T20:43:36.200+0000] {dag.py:2705} INFO - Sync 3 DAGs
[2024-10-03T20:43:36.209+0000] {logging_mixin.py:137} INFO - [2024-10-03T20:43:36.209+0000] {dag.py:3452} INFO - Setting next_dagrun for example_branch_datetime_operator to 2024-10-02T00:00:00+00:00, run_after=2024-10-03T00:00:00+00:00
[2024-10-03T20:43:36.211+0000] {logging_mixin.py:137} INFO - [2024-10-03T20:43:36.211+0000] {dag.py:3452} INFO - Setting next_dagrun for example_branch_datetime_operator_2 to 2024-10-02T00:00:00+00:00, run_after=2024-10-03T00:00:00+00:00
[2024-10-03T20:43:36.212+0000] {logging_mixin.py:137} INFO - [2024-10-03T20:43:36.212+0000] {dag.py:3452} INFO - Setting next_dagrun for example_branch_datetime_operator_3 to 2024-10-02T00:00:00+00:00, run_after=2024-10-03T00:00:00+00:00
[2024-10-03T20:43:36.218+0000] {processor.py:175} INFO - Processing /usr/local/lib/python3.9/site-packages/airflow/example_dags/example_branch_datetime_operator.py took 0.039 seconds
[2024-10-03T20:44:06.855+0000] {processor.py:153} INFO - Started process (PID=5254) to work on /usr/local/lib/python3.9/site-packages/airflow/example_dags/example_branch_datetime_operator.py
[2024-10-03T20:44:06.856+0000] {processor.py:743} INFO - Processing file /usr/local/lib/python3.9/site-packages/airflow/example_dags/example_branch_datetime_operator.py for tasks to queue
[2024-10-03T20:44:06.856+0000] {logging_mixin.py:137} INFO - [2024-10-03T20:44:06.856+0000] {dagbag.py:532} INFO - Filling up the DagBag from /usr/local/lib/python3.9/site-packages/airflow/example_dags/example_branch_datetime_operator.py
[2024-10-03T20:44:06.868+0000] {processor.py:753} INFO - DAG(s) dict_keys(['example_branch_datetime_operator_2', 'example_branch_datetime_operator', 'example_branch_datetime_operator_3']) retrieved from /usr/local/lib/python3.9/site-packages/airflow/example_dags/example_branch_datetime_operator.py
[2024-10-03T20:44:06.901+0000] {logging_mixin.py:137} INFO - [2024-10-03T20:44:06.901+0000] {dag.py:2705} INFO - Sync 3 DAGs
[2024-10-03T20:44:06.917+0000] {logging_mixin.py:137} INFO - [2024-10-03T20:44:06.917+0000] {dag.py:3452} INFO - Setting next_dagrun for example_branch_datetime_operator to 2024-10-02T00:00:00+00:00, run_after=2024-10-03T00:00:00+00:00
[2024-10-03T20:44:06.920+0000] {logging_mixin.py:137} INFO - [2024-10-03T20:44:06.919+0000] {dag.py:3452} INFO - Setting next_dagrun for example_branch_datetime_operator_2 to 2024-10-02T00:00:00+00:00, run_after=2024-10-03T00:00:00+00:00
[2024-10-03T20:44:06.922+0000] {logging_mixin.py:137} INFO - [2024-10-03T20:44:06.922+0000] {dag.py:3452} INFO - Setting next_dagrun for example_branch_datetime_operator_3 to 2024-10-02T00:00:00+00:00, run_after=2024-10-03T00:00:00+00:00
[2024-10-03T20:44:06.932+0000] {processor.py:175} INFO - Processing /usr/local/lib/python3.9/site-packages/airflow/example_dags/example_branch_datetime_operator.py took 0.078 seconds
[2024-10-03T20:44:37.604+0000] {processor.py:153} INFO - Started process (PID=5465) to work on /usr/local/lib/python3.9/site-packages/airflow/example_dags/example_branch_datetime_operator.py
[2024-10-03T20:44:37.604+0000] {processor.py:743} INFO - Processing file /usr/local/lib/python3.9/site-packages/airflow/example_dags/example_branch_datetime_operator.py for tasks to queue
[2024-10-03T20:44:37.604+0000] {logging_mixin.py:137} INFO - [2024-10-03T20:44:37.604+0000] {dagbag.py:532} INFO - Filling up the DagBag from /usr/local/lib/python3.9/site-packages/airflow/example_dags/example_branch_datetime_operator.py
[2024-10-03T20:44:37.612+0000] {processor.py:753} INFO - DAG(s) dict_keys(['example_branch_datetime_operator_2', 'example_branch_datetime_operator', 'example_branch_datetime_operator_3']) retrieved from /usr/local/lib/python3.9/site-packages/airflow/example_dags/example_branch_datetime_operator.py
[2024-10-03T20:44:37.622+0000] {logging_mixin.py:137} INFO - [2024-10-03T20:44:37.622+0000] {dag.py:2705} INFO - Sync 3 DAGs
[2024-10-03T20:44:37.631+0000] {logging_mixin.py:137} INFO - [2024-10-03T20:44:37.631+0000] {dag.py:3452} INFO - Setting next_dagrun for example_branch_datetime_operator to 2024-10-02T00:00:00+00:00, run_after=2024-10-03T00:00:00+00:00
[2024-10-03T20:44:37.633+0000] {logging_mixin.py:137} INFO - [2024-10-03T20:44:37.633+0000] {dag.py:3452} INFO - Setting next_dagrun for example_branch_datetime_operator_2 to 2024-10-02T00:00:00+00:00, run_after=2024-10-03T00:00:00+00:00
[2024-10-03T20:44:37.634+0000] {logging_mixin.py:137} INFO - [2024-10-03T20:44:37.634+0000] {dag.py:3452} INFO - Setting next_dagrun for example_branch_datetime_operator_3 to 2024-10-02T00:00:00+00:00, run_after=2024-10-03T00:00:00+00:00
[2024-10-03T20:44:37.640+0000] {processor.py:175} INFO - Processing /usr/local/lib/python3.9/site-packages/airflow/example_dags/example_branch_datetime_operator.py took 0.037 seconds
[2024-10-03T20:45:08.242+0000] {processor.py:153} INFO - Started process (PID=5676) to work on /usr/local/lib/python3.9/site-packages/airflow/example_dags/example_branch_datetime_operator.py
[2024-10-03T20:45:08.243+0000] {processor.py:743} INFO - Processing file /usr/local/lib/python3.9/site-packages/airflow/example_dags/example_branch_datetime_operator.py for tasks to queue
[2024-10-03T20:45:08.243+0000] {logging_mixin.py:137} INFO - [2024-10-03T20:45:08.243+0000] {dagbag.py:532} INFO - Filling up the DagBag from /usr/local/lib/python3.9/site-packages/airflow/example_dags/example_branch_datetime_operator.py
[2024-10-03T20:45:08.250+0000] {processor.py:753} INFO - DAG(s) dict_keys(['example_branch_datetime_operator', 'example_branch_datetime_operator_3', 'example_branch_datetime_operator_2']) retrieved from /usr/local/lib/python3.9/site-packages/airflow/example_dags/example_branch_datetime_operator.py
[2024-10-03T20:45:08.262+0000] {logging_mixin.py:137} INFO - [2024-10-03T20:45:08.262+0000] {dag.py:2705} INFO - Sync 3 DAGs
[2024-10-03T20:45:08.271+0000] {logging_mixin.py:137} INFO - [2024-10-03T20:45:08.271+0000] {dag.py:3452} INFO - Setting next_dagrun for example_branch_datetime_operator to 2024-10-02T00:00:00+00:00, run_after=2024-10-03T00:00:00+00:00
[2024-10-03T20:45:08.273+0000] {logging_mixin.py:137} INFO - [2024-10-03T20:45:08.273+0000] {dag.py:3452} INFO - Setting next_dagrun for example_branch_datetime_operator_2 to 2024-10-02T00:00:00+00:00, run_after=2024-10-03T00:00:00+00:00
[2024-10-03T20:45:08.273+0000] {logging_mixin.py:137} INFO - [2024-10-03T20:45:08.273+0000] {dag.py:3452} INFO - Setting next_dagrun for example_branch_datetime_operator_3 to 2024-10-02T00:00:00+00:00, run_after=2024-10-03T00:00:00+00:00
[2024-10-03T20:45:08.279+0000] {processor.py:175} INFO - Processing /usr/local/lib/python3.9/site-packages/airflow/example_dags/example_branch_datetime_operator.py took 0.038 seconds
[2024-10-03T20:45:38.784+0000] {processor.py:153} INFO - Started process (PID=5887) to work on /usr/local/lib/python3.9/site-packages/airflow/example_dags/example_branch_datetime_operator.py
[2024-10-03T20:45:38.785+0000] {processor.py:743} INFO - Processing file /usr/local/lib/python3.9/site-packages/airflow/example_dags/example_branch_datetime_operator.py for tasks to queue
[2024-10-03T20:45:38.785+0000] {logging_mixin.py:137} INFO - [2024-10-03T20:45:38.785+0000] {dagbag.py:532} INFO - Filling up the DagBag from /usr/local/lib/python3.9/site-packages/airflow/example_dags/example_branch_datetime_operator.py
[2024-10-03T20:45:38.796+0000] {processor.py:753} INFO - DAG(s) dict_keys(['example_branch_datetime_operator_3', 'example_branch_datetime_operator', 'example_branch_datetime_operator_2']) retrieved from /usr/local/lib/python3.9/site-packages/airflow/example_dags/example_branch_datetime_operator.py
[2024-10-03T20:45:38.817+0000] {logging_mixin.py:137} INFO - [2024-10-03T20:45:38.816+0000] {dag.py:2705} INFO - Sync 3 DAGs
[2024-10-03T20:45:38.835+0000] {logging_mixin.py:137} INFO - [2024-10-03T20:45:38.835+0000] {dag.py:3452} INFO - Setting next_dagrun for example_branch_datetime_operator to 2024-10-02T00:00:00+00:00, run_after=2024-10-03T00:00:00+00:00
[2024-10-03T20:45:38.841+0000] {logging_mixin.py:137} INFO - [2024-10-03T20:45:38.840+0000] {dag.py:3452} INFO - Setting next_dagrun for example_branch_datetime_operator_2 to 2024-10-02T00:00:00+00:00, run_after=2024-10-03T00:00:00+00:00
[2024-10-03T20:45:38.844+0000] {logging_mixin.py:137} INFO - [2024-10-03T20:45:38.844+0000] {dag.py:3452} INFO - Setting next_dagrun for example_branch_datetime_operator_3 to 2024-10-02T00:00:00+00:00, run_after=2024-10-03T00:00:00+00:00
[2024-10-03T20:45:38.868+0000] {processor.py:175} INFO - Processing /usr/local/lib/python3.9/site-packages/airflow/example_dags/example_branch_datetime_operator.py took 0.085 seconds
[2024-10-03T20:46:09.695+0000] {processor.py:153} INFO - Started process (PID=6098) to work on /usr/local/lib/python3.9/site-packages/airflow/example_dags/example_branch_datetime_operator.py
[2024-10-03T20:46:09.695+0000] {processor.py:743} INFO - Processing file /usr/local/lib/python3.9/site-packages/airflow/example_dags/example_branch_datetime_operator.py for tasks to queue
[2024-10-03T20:46:09.696+0000] {logging_mixin.py:137} INFO - [2024-10-03T20:46:09.696+0000] {dagbag.py:532} INFO - Filling up the DagBag from /usr/local/lib/python3.9/site-packages/airflow/example_dags/example_branch_datetime_operator.py
[2024-10-03T20:46:09.703+0000] {processor.py:753} INFO - DAG(s) dict_keys(['example_branch_datetime_operator_3', 'example_branch_datetime_operator_2', 'example_branch_datetime_operator']) retrieved from /usr/local/lib/python3.9/site-packages/airflow/example_dags/example_branch_datetime_operator.py
[2024-10-03T20:46:09.715+0000] {logging_mixin.py:137} INFO - [2024-10-03T20:46:09.715+0000] {dag.py:2705} INFO - Sync 3 DAGs
[2024-10-03T20:46:09.724+0000] {logging_mixin.py:137} INFO - [2024-10-03T20:46:09.724+0000] {dag.py:3452} INFO - Setting next_dagrun for example_branch_datetime_operator to 2024-10-02T00:00:00+00:00, run_after=2024-10-03T00:00:00+00:00
[2024-10-03T20:46:09.725+0000] {logging_mixin.py:137} INFO - [2024-10-03T20:46:09.725+0000] {dag.py:3452} INFO - Setting next_dagrun for example_branch_datetime_operator_2 to 2024-10-02T00:00:00+00:00, run_after=2024-10-03T00:00:00+00:00
[2024-10-03T20:46:09.726+0000] {logging_mixin.py:137} INFO - [2024-10-03T20:46:09.726+0000] {dag.py:3452} INFO - Setting next_dagrun for example_branch_datetime_operator_3 to 2024-10-02T00:00:00+00:00, run_after=2024-10-03T00:00:00+00:00
[2024-10-03T20:46:09.732+0000] {processor.py:175} INFO - Processing /usr/local/lib/python3.9/site-packages/airflow/example_dags/example_branch_datetime_operator.py took 0.040 seconds
[2024-10-03T20:46:40.326+0000] {processor.py:153} INFO - Started process (PID=6309) to work on /usr/local/lib/python3.9/site-packages/airflow/example_dags/example_branch_datetime_operator.py
[2024-10-03T20:46:40.327+0000] {processor.py:743} INFO - Processing file /usr/local/lib/python3.9/site-packages/airflow/example_dags/example_branch_datetime_operator.py for tasks to queue
[2024-10-03T20:46:40.327+0000] {logging_mixin.py:137} INFO - [2024-10-03T20:46:40.327+0000] {dagbag.py:532} INFO - Filling up the DagBag from /usr/local/lib/python3.9/site-packages/airflow/example_dags/example_branch_datetime_operator.py
[2024-10-03T20:46:40.334+0000] {processor.py:753} INFO - DAG(s) dict_keys(['example_branch_datetime_operator_3', 'example_branch_datetime_operator', 'example_branch_datetime_operator_2']) retrieved from /usr/local/lib/python3.9/site-packages/airflow/example_dags/example_branch_datetime_operator.py
[2024-10-03T20:46:40.345+0000] {logging_mixin.py:137} INFO - [2024-10-03T20:46:40.345+0000] {dag.py:2705} INFO - Sync 3 DAGs
[2024-10-03T20:46:40.354+0000] {logging_mixin.py:137} INFO - [2024-10-03T20:46:40.354+0000] {dag.py:3452} INFO - Setting next_dagrun for example_branch_datetime_operator to 2024-10-02T00:00:00+00:00, run_after=2024-10-03T00:00:00+00:00
[2024-10-03T20:46:40.356+0000] {logging_mixin.py:137} INFO - [2024-10-03T20:46:40.356+0000] {dag.py:3452} INFO - Setting next_dagrun for example_branch_datetime_operator_2 to 2024-10-02T00:00:00+00:00, run_after=2024-10-03T00:00:00+00:00
[2024-10-03T20:46:40.357+0000] {logging_mixin.py:137} INFO - [2024-10-03T20:46:40.357+0000] {dag.py:3452} INFO - Setting next_dagrun for example_branch_datetime_operator_3 to 2024-10-02T00:00:00+00:00, run_after=2024-10-03T00:00:00+00:00
[2024-10-03T20:46:40.363+0000] {processor.py:175} INFO - Processing /usr/local/lib/python3.9/site-packages/airflow/example_dags/example_branch_datetime_operator.py took 0.037 seconds
[2024-10-03T20:47:10.828+0000] {processor.py:153} INFO - Started process (PID=6520) to work on /usr/local/lib/python3.9/site-packages/airflow/example_dags/example_branch_datetime_operator.py
[2024-10-03T20:47:10.828+0000] {processor.py:743} INFO - Processing file /usr/local/lib/python3.9/site-packages/airflow/example_dags/example_branch_datetime_operator.py for tasks to queue
[2024-10-03T20:47:10.828+0000] {logging_mixin.py:137} INFO - [2024-10-03T20:47:10.828+0000] {dagbag.py:532} INFO - Filling up the DagBag from /usr/local/lib/python3.9/site-packages/airflow/example_dags/example_branch_datetime_operator.py
[2024-10-03T20:47:10.836+0000] {processor.py:753} INFO - DAG(s) dict_keys(['example_branch_datetime_operator_3', 'example_branch_datetime_operator_2', 'example_branch_datetime_operator']) retrieved from /usr/local/lib/python3.9/site-packages/airflow/example_dags/example_branch_datetime_operator.py
[2024-10-03T20:47:10.847+0000] {logging_mixin.py:137} INFO - [2024-10-03T20:47:10.847+0000] {dag.py:2705} INFO - Sync 3 DAGs
[2024-10-03T20:47:10.856+0000] {logging_mixin.py:137} INFO - [2024-10-03T20:47:10.856+0000] {dag.py:3452} INFO - Setting next_dagrun for example_branch_datetime_operator to 2024-10-02T00:00:00+00:00, run_after=2024-10-03T00:00:00+00:00
[2024-10-03T20:47:10.857+0000] {logging_mixin.py:137} INFO - [2024-10-03T20:47:10.857+0000] {dag.py:3452} INFO - Setting next_dagrun for example_branch_datetime_operator_2 to 2024-10-02T00:00:00+00:00, run_after=2024-10-03T00:00:00+00:00
[2024-10-03T20:47:10.858+0000] {logging_mixin.py:137} INFO - [2024-10-03T20:47:10.858+0000] {dag.py:3452} INFO - Setting next_dagrun for example_branch_datetime_operator_3 to 2024-10-02T00:00:00+00:00, run_after=2024-10-03T00:00:00+00:00
[2024-10-03T20:47:10.864+0000] {processor.py:175} INFO - Processing /usr/local/lib/python3.9/site-packages/airflow/example_dags/example_branch_datetime_operator.py took 0.037 seconds
[2024-10-03T20:47:41.489+0000] {processor.py:153} INFO - Started process (PID=6731) to work on /usr/local/lib/python3.9/site-packages/airflow/example_dags/example_branch_datetime_operator.py
[2024-10-03T20:47:41.490+0000] {processor.py:743} INFO - Processing file /usr/local/lib/python3.9/site-packages/airflow/example_dags/example_branch_datetime_operator.py for tasks to queue
[2024-10-03T20:47:41.490+0000] {logging_mixin.py:137} INFO - [2024-10-03T20:47:41.490+0000] {dagbag.py:532} INFO - Filling up the DagBag from /usr/local/lib/python3.9/site-packages/airflow/example_dags/example_branch_datetime_operator.py
[2024-10-03T20:47:41.497+0000] {processor.py:753} INFO - DAG(s) dict_keys(['example_branch_datetime_operator_2', 'example_branch_datetime_operator', 'example_branch_datetime_operator_3']) retrieved from /usr/local/lib/python3.9/site-packages/airflow/example_dags/example_branch_datetime_operator.py
[2024-10-03T20:47:41.509+0000] {logging_mixin.py:137} INFO - [2024-10-03T20:47:41.509+0000] {dag.py:2705} INFO - Sync 3 DAGs
[2024-10-03T20:47:41.518+0000] {logging_mixin.py:137} INFO - [2024-10-03T20:47:41.518+0000] {dag.py:3452} INFO - Setting next_dagrun for example_branch_datetime_operator to 2024-10-02T00:00:00+00:00, run_after=2024-10-03T00:00:00+00:00
[2024-10-03T20:47:41.519+0000] {logging_mixin.py:137} INFO - [2024-10-03T20:47:41.519+0000] {dag.py:3452} INFO - Setting next_dagrun for example_branch_datetime_operator_2 to 2024-10-02T00:00:00+00:00, run_after=2024-10-03T00:00:00+00:00
[2024-10-03T20:47:41.520+0000] {logging_mixin.py:137} INFO - [2024-10-03T20:47:41.520+0000] {dag.py:3452} INFO - Setting next_dagrun for example_branch_datetime_operator_3 to 2024-10-02T00:00:00+00:00, run_after=2024-10-03T00:00:00+00:00
[2024-10-03T20:47:41.526+0000] {processor.py:175} INFO - Processing /usr/local/lib/python3.9/site-packages/airflow/example_dags/example_branch_datetime_operator.py took 0.038 seconds
[2024-10-03T20:48:12.113+0000] {processor.py:153} INFO - Started process (PID=6942) to work on /usr/local/lib/python3.9/site-packages/airflow/example_dags/example_branch_datetime_operator.py
[2024-10-03T20:48:12.114+0000] {processor.py:743} INFO - Processing file /usr/local/lib/python3.9/site-packages/airflow/example_dags/example_branch_datetime_operator.py for tasks to queue
[2024-10-03T20:48:12.114+0000] {logging_mixin.py:137} INFO - [2024-10-03T20:48:12.114+0000] {dagbag.py:532} INFO - Filling up the DagBag from /usr/local/lib/python3.9/site-packages/airflow/example_dags/example_branch_datetime_operator.py
[2024-10-03T20:48:12.122+0000] {processor.py:753} INFO - DAG(s) dict_keys(['example_branch_datetime_operator_3', 'example_branch_datetime_operator', 'example_branch_datetime_operator_2']) retrieved from /usr/local/lib/python3.9/site-packages/airflow/example_dags/example_branch_datetime_operator.py
[2024-10-03T20:48:12.134+0000] {logging_mixin.py:137} INFO - [2024-10-03T20:48:12.134+0000] {dag.py:2705} INFO - Sync 3 DAGs
[2024-10-03T20:48:12.145+0000] {logging_mixin.py:137} INFO - [2024-10-03T20:48:12.145+0000] {dag.py:3452} INFO - Setting next_dagrun for example_branch_datetime_operator to 2024-10-02T00:00:00+00:00, run_after=2024-10-03T00:00:00+00:00
[2024-10-03T20:48:12.147+0000] {logging_mixin.py:137} INFO - [2024-10-03T20:48:12.147+0000] {dag.py:3452} INFO - Setting next_dagrun for example_branch_datetime_operator_2 to 2024-10-02T00:00:00+00:00, run_after=2024-10-03T00:00:00+00:00
[2024-10-03T20:48:12.148+0000] {logging_mixin.py:137} INFO - [2024-10-03T20:48:12.148+0000] {dag.py:3452} INFO - Setting next_dagrun for example_branch_datetime_operator_3 to 2024-10-02T00:00:00+00:00, run_after=2024-10-03T00:00:00+00:00
[2024-10-03T20:48:12.154+0000] {processor.py:175} INFO - Processing /usr/local/lib/python3.9/site-packages/airflow/example_dags/example_branch_datetime_operator.py took 0.042 seconds
[2024-10-03T20:48:42.901+0000] {processor.py:153} INFO - Started process (PID=7153) to work on /usr/local/lib/python3.9/site-packages/airflow/example_dags/example_branch_datetime_operator.py
[2024-10-03T20:48:42.902+0000] {processor.py:743} INFO - Processing file /usr/local/lib/python3.9/site-packages/airflow/example_dags/example_branch_datetime_operator.py for tasks to queue
[2024-10-03T20:48:42.902+0000] {logging_mixin.py:137} INFO - [2024-10-03T20:48:42.902+0000] {dagbag.py:532} INFO - Filling up the DagBag from /usr/local/lib/python3.9/site-packages/airflow/example_dags/example_branch_datetime_operator.py
[2024-10-03T20:48:42.911+0000] {processor.py:753} INFO - DAG(s) dict_keys(['example_branch_datetime_operator_3', 'example_branch_datetime_operator_2', 'example_branch_datetime_operator']) retrieved from /usr/local/lib/python3.9/site-packages/airflow/example_dags/example_branch_datetime_operator.py
[2024-10-03T20:48:42.922+0000] {logging_mixin.py:137} INFO - [2024-10-03T20:48:42.922+0000] {dag.py:2705} INFO - Sync 3 DAGs
[2024-10-03T20:48:42.932+0000] {logging_mixin.py:137} INFO - [2024-10-03T20:48:42.932+0000] {dag.py:3452} INFO - Setting next_dagrun for example_branch_datetime_operator to 2024-10-02T00:00:00+00:00, run_after=2024-10-03T00:00:00+00:00
[2024-10-03T20:48:42.935+0000] {logging_mixin.py:137} INFO - [2024-10-03T20:48:42.935+0000] {dag.py:3452} INFO - Setting next_dagrun for example_branch_datetime_operator_2 to 2024-10-02T00:00:00+00:00, run_after=2024-10-03T00:00:00+00:00
[2024-10-03T20:48:42.937+0000] {logging_mixin.py:137} INFO - [2024-10-03T20:48:42.937+0000] {dag.py:3452} INFO - Setting next_dagrun for example_branch_datetime_operator_3 to 2024-10-02T00:00:00+00:00, run_after=2024-10-03T00:00:00+00:00
[2024-10-03T20:48:42.942+0000] {processor.py:175} INFO - Processing /usr/local/lib/python3.9/site-packages/airflow/example_dags/example_branch_datetime_operator.py took 0.042 seconds
[2024-10-03T20:49:13.840+0000] {processor.py:153} INFO - Started process (PID=7364) to work on /usr/local/lib/python3.9/site-packages/airflow/example_dags/example_branch_datetime_operator.py
[2024-10-03T20:49:13.841+0000] {processor.py:743} INFO - Processing file /usr/local/lib/python3.9/site-packages/airflow/example_dags/example_branch_datetime_operator.py for tasks to queue
[2024-10-03T20:49:13.841+0000] {logging_mixin.py:137} INFO - [2024-10-03T20:49:13.841+0000] {dagbag.py:532} INFO - Filling up the DagBag from /usr/local/lib/python3.9/site-packages/airflow/example_dags/example_branch_datetime_operator.py
[2024-10-03T20:49:13.848+0000] {processor.py:753} INFO - DAG(s) dict_keys(['example_branch_datetime_operator', 'example_branch_datetime_operator_3', 'example_branch_datetime_operator_2']) retrieved from /usr/local/lib/python3.9/site-packages/airflow/example_dags/example_branch_datetime_operator.py
[2024-10-03T20:49:13.861+0000] {logging_mixin.py:137} INFO - [2024-10-03T20:49:13.861+0000] {dag.py:2705} INFO - Sync 3 DAGs
[2024-10-03T20:49:13.869+0000] {logging_mixin.py:137} INFO - [2024-10-03T20:49:13.869+0000] {dag.py:3452} INFO - Setting next_dagrun for example_branch_datetime_operator to 2024-10-02T00:00:00+00:00, run_after=2024-10-03T00:00:00+00:00
[2024-10-03T20:49:13.871+0000] {logging_mixin.py:137} INFO - [2024-10-03T20:49:13.871+0000] {dag.py:3452} INFO - Setting next_dagrun for example_branch_datetime_operator_2 to 2024-10-02T00:00:00+00:00, run_after=2024-10-03T00:00:00+00:00
[2024-10-03T20:49:13.872+0000] {logging_mixin.py:137} INFO - [2024-10-03T20:49:13.872+0000] {dag.py:3452} INFO - Setting next_dagrun for example_branch_datetime_operator_3 to 2024-10-02T00:00:00+00:00, run_after=2024-10-03T00:00:00+00:00
[2024-10-03T20:49:13.878+0000] {processor.py:175} INFO - Processing /usr/local/lib/python3.9/site-packages/airflow/example_dags/example_branch_datetime_operator.py took 0.040 seconds
[2024-10-03T20:49:44.450+0000] {processor.py:153} INFO - Started process (PID=7575) to work on /usr/local/lib/python3.9/site-packages/airflow/example_dags/example_branch_datetime_operator.py
[2024-10-03T20:49:44.451+0000] {processor.py:743} INFO - Processing file /usr/local/lib/python3.9/site-packages/airflow/example_dags/example_branch_datetime_operator.py for tasks to queue
[2024-10-03T20:49:44.451+0000] {logging_mixin.py:137} INFO - [2024-10-03T20:49:44.451+0000] {dagbag.py:532} INFO - Filling up the DagBag from /usr/local/lib/python3.9/site-packages/airflow/example_dags/example_branch_datetime_operator.py
[2024-10-03T20:49:44.459+0000] {processor.py:753} INFO - DAG(s) dict_keys(['example_branch_datetime_operator_3', 'example_branch_datetime_operator_2', 'example_branch_datetime_operator']) retrieved from /usr/local/lib/python3.9/site-packages/airflow/example_dags/example_branch_datetime_operator.py
[2024-10-03T20:49:44.473+0000] {logging_mixin.py:137} INFO - [2024-10-03T20:49:44.473+0000] {dag.py:2705} INFO - Sync 3 DAGs
[2024-10-03T20:49:44.485+0000] {logging_mixin.py:137} INFO - [2024-10-03T20:49:44.485+0000] {dag.py:3452} INFO - Setting next_dagrun for example_branch_datetime_operator to 2024-10-02T00:00:00+00:00, run_after=2024-10-03T00:00:00+00:00
[2024-10-03T20:49:44.488+0000] {logging_mixin.py:137} INFO - [2024-10-03T20:49:44.487+0000] {dag.py:3452} INFO - Setting next_dagrun for example_branch_datetime_operator_2 to 2024-10-02T00:00:00+00:00, run_after=2024-10-03T00:00:00+00:00
[2024-10-03T20:49:44.488+0000] {logging_mixin.py:137} INFO - [2024-10-03T20:49:44.488+0000] {dag.py:3452} INFO - Setting next_dagrun for example_branch_datetime_operator_3 to 2024-10-02T00:00:00+00:00, run_after=2024-10-03T00:00:00+00:00
[2024-10-03T20:49:44.495+0000] {processor.py:175} INFO - Processing /usr/local/lib/python3.9/site-packages/airflow/example_dags/example_branch_datetime_operator.py took 0.046 seconds
[2024-10-03T20:50:15.228+0000] {processor.py:153} INFO - Started process (PID=7786) to work on /usr/local/lib/python3.9/site-packages/airflow/example_dags/example_branch_datetime_operator.py
[2024-10-03T20:50:15.229+0000] {processor.py:743} INFO - Processing file /usr/local/lib/python3.9/site-packages/airflow/example_dags/example_branch_datetime_operator.py for tasks to queue
[2024-10-03T20:50:15.229+0000] {logging_mixin.py:137} INFO - [2024-10-03T20:50:15.229+0000] {dagbag.py:532} INFO - Filling up the DagBag from /usr/local/lib/python3.9/site-packages/airflow/example_dags/example_branch_datetime_operator.py
[2024-10-03T20:50:15.237+0000] {processor.py:753} INFO - DAG(s) dict_keys(['example_branch_datetime_operator_3', 'example_branch_datetime_operator_2', 'example_branch_datetime_operator']) retrieved from /usr/local/lib/python3.9/site-packages/airflow/example_dags/example_branch_datetime_operator.py
[2024-10-03T20:50:15.252+0000] {logging_mixin.py:137} INFO - [2024-10-03T20:50:15.252+0000] {dag.py:2705} INFO - Sync 3 DAGs
[2024-10-03T20:50:15.264+0000] {logging_mixin.py:137} INFO - [2024-10-03T20:50:15.264+0000] {dag.py:3452} INFO - Setting next_dagrun for example_branch_datetime_operator to 2024-10-02T00:00:00+00:00, run_after=2024-10-03T00:00:00+00:00
[2024-10-03T20:50:15.265+0000] {logging_mixin.py:137} INFO - [2024-10-03T20:50:15.265+0000] {dag.py:3452} INFO - Setting next_dagrun for example_branch_datetime_operator_2 to 2024-10-02T00:00:00+00:00, run_after=2024-10-03T00:00:00+00:00
[2024-10-03T20:50:15.266+0000] {logging_mixin.py:137} INFO - [2024-10-03T20:50:15.266+0000] {dag.py:3452} INFO - Setting next_dagrun for example_branch_datetime_operator_3 to 2024-10-02T00:00:00+00:00, run_after=2024-10-03T00:00:00+00:00
[2024-10-03T20:50:15.273+0000] {processor.py:175} INFO - Processing /usr/local/lib/python3.9/site-packages/airflow/example_dags/example_branch_datetime_operator.py took 0.046 seconds
[2024-10-03T20:50:45.996+0000] {processor.py:153} INFO - Started process (PID=7997) to work on /usr/local/lib/python3.9/site-packages/airflow/example_dags/example_branch_datetime_operator.py
[2024-10-03T20:50:45.996+0000] {processor.py:743} INFO - Processing file /usr/local/lib/python3.9/site-packages/airflow/example_dags/example_branch_datetime_operator.py for tasks to queue
[2024-10-03T20:50:45.997+0000] {logging_mixin.py:137} INFO - [2024-10-03T20:50:45.997+0000] {dagbag.py:532} INFO - Filling up the DagBag from /usr/local/lib/python3.9/site-packages/airflow/example_dags/example_branch_datetime_operator.py
[2024-10-03T20:50:46.005+0000] {processor.py:753} INFO - DAG(s) dict_keys(['example_branch_datetime_operator_2', 'example_branch_datetime_operator', 'example_branch_datetime_operator_3']) retrieved from /usr/local/lib/python3.9/site-packages/airflow/example_dags/example_branch_datetime_operator.py
[2024-10-03T20:50:46.016+0000] {logging_mixin.py:137} INFO - [2024-10-03T20:50:46.016+0000] {dag.py:2705} INFO - Sync 3 DAGs
[2024-10-03T20:50:46.024+0000] {logging_mixin.py:137} INFO - [2024-10-03T20:50:46.024+0000] {dag.py:3452} INFO - Setting next_dagrun for example_branch_datetime_operator to 2024-10-02T00:00:00+00:00, run_after=2024-10-03T00:00:00+00:00
[2024-10-03T20:50:46.026+0000] {logging_mixin.py:137} INFO - [2024-10-03T20:50:46.026+0000] {dag.py:3452} INFO - Setting next_dagrun for example_branch_datetime_operator_2 to 2024-10-02T00:00:00+00:00, run_after=2024-10-03T00:00:00+00:00
[2024-10-03T20:50:46.027+0000] {logging_mixin.py:137} INFO - [2024-10-03T20:50:46.027+0000] {dag.py:3452} INFO - Setting next_dagrun for example_branch_datetime_operator_3 to 2024-10-02T00:00:00+00:00, run_after=2024-10-03T00:00:00+00:00
[2024-10-03T20:50:46.033+0000] {processor.py:175} INFO - Processing /usr/local/lib/python3.9/site-packages/airflow/example_dags/example_branch_datetime_operator.py took 0.039 seconds
[2024-10-03T20:51:16.749+0000] {processor.py:153} INFO - Started process (PID=8208) to work on /usr/local/lib/python3.9/site-packages/airflow/example_dags/example_branch_datetime_operator.py
[2024-10-03T20:51:16.750+0000] {processor.py:743} INFO - Processing file /usr/local/lib/python3.9/site-packages/airflow/example_dags/example_branch_datetime_operator.py for tasks to queue
[2024-10-03T20:51:16.750+0000] {logging_mixin.py:137} INFO - [2024-10-03T20:51:16.750+0000] {dagbag.py:532} INFO - Filling up the DagBag from /usr/local/lib/python3.9/site-packages/airflow/example_dags/example_branch_datetime_operator.py
[2024-10-03T20:51:16.759+0000] {processor.py:753} INFO - DAG(s) dict_keys(['example_branch_datetime_operator_2', 'example_branch_datetime_operator_3', 'example_branch_datetime_operator']) retrieved from /usr/local/lib/python3.9/site-packages/airflow/example_dags/example_branch_datetime_operator.py
[2024-10-03T20:51:16.771+0000] {logging_mixin.py:137} INFO - [2024-10-03T20:51:16.771+0000] {dag.py:2705} INFO - Sync 3 DAGs
[2024-10-03T20:51:16.780+0000] {logging_mixin.py:137} INFO - [2024-10-03T20:51:16.780+0000] {dag.py:3452} INFO - Setting next_dagrun for example_branch_datetime_operator to 2024-10-02T00:00:00+00:00, run_after=2024-10-03T00:00:00+00:00
[2024-10-03T20:51:16.782+0000] {logging_mixin.py:137} INFO - [2024-10-03T20:51:16.782+0000] {dag.py:3452} INFO - Setting next_dagrun for example_branch_datetime_operator_2 to 2024-10-02T00:00:00+00:00, run_after=2024-10-03T00:00:00+00:00
[2024-10-03T20:51:16.783+0000] {logging_mixin.py:137} INFO - [2024-10-03T20:51:16.783+0000] {dag.py:3452} INFO - Setting next_dagrun for example_branch_datetime_operator_3 to 2024-10-02T00:00:00+00:00, run_after=2024-10-03T00:00:00+00:00
[2024-10-03T20:51:16.788+0000] {processor.py:175} INFO - Processing /usr/local/lib/python3.9/site-packages/airflow/example_dags/example_branch_datetime_operator.py took 0.041 seconds
[2024-10-03T20:51:47.872+0000] {processor.py:153} INFO - Started process (PID=8419) to work on /usr/local/lib/python3.9/site-packages/airflow/example_dags/example_branch_datetime_operator.py
[2024-10-03T20:51:47.873+0000] {processor.py:743} INFO - Processing file /usr/local/lib/python3.9/site-packages/airflow/example_dags/example_branch_datetime_operator.py for tasks to queue
[2024-10-03T20:51:47.873+0000] {logging_mixin.py:137} INFO - [2024-10-03T20:51:47.873+0000] {dagbag.py:532} INFO - Filling up the DagBag from /usr/local/lib/python3.9/site-packages/airflow/example_dags/example_branch_datetime_operator.py
[2024-10-03T20:51:47.881+0000] {processor.py:753} INFO - DAG(s) dict_keys(['example_branch_datetime_operator', 'example_branch_datetime_operator_3', 'example_branch_datetime_operator_2']) retrieved from /usr/local/lib/python3.9/site-packages/airflow/example_dags/example_branch_datetime_operator.py
[2024-10-03T20:51:47.893+0000] {logging_mixin.py:137} INFO - [2024-10-03T20:51:47.893+0000] {dag.py:2705} INFO - Sync 3 DAGs
[2024-10-03T20:51:47.903+0000] {logging_mixin.py:137} INFO - [2024-10-03T20:51:47.903+0000] {dag.py:3452} INFO - Setting next_dagrun for example_branch_datetime_operator to 2024-10-02T00:00:00+00:00, run_after=2024-10-03T00:00:00+00:00
[2024-10-03T20:51:47.904+0000] {logging_mixin.py:137} INFO - [2024-10-03T20:51:47.904+0000] {dag.py:3452} INFO - Setting next_dagrun for example_branch_datetime_operator_2 to 2024-10-02T00:00:00+00:00, run_after=2024-10-03T00:00:00+00:00
[2024-10-03T20:51:47.905+0000] {logging_mixin.py:137} INFO - [2024-10-03T20:51:47.905+0000] {dag.py:3452} INFO - Setting next_dagrun for example_branch_datetime_operator_3 to 2024-10-02T00:00:00+00:00, run_after=2024-10-03T00:00:00+00:00
[2024-10-03T20:51:47.911+0000] {processor.py:175} INFO - Processing /usr/local/lib/python3.9/site-packages/airflow/example_dags/example_branch_datetime_operator.py took 0.040 seconds
[2024-10-03T20:52:18.941+0000] {processor.py:153} INFO - Started process (PID=8630) to work on /usr/local/lib/python3.9/site-packages/airflow/example_dags/example_branch_datetime_operator.py
[2024-10-03T20:52:18.942+0000] {processor.py:743} INFO - Processing file /usr/local/lib/python3.9/site-packages/airflow/example_dags/example_branch_datetime_operator.py for tasks to queue
[2024-10-03T20:52:18.942+0000] {logging_mixin.py:137} INFO - [2024-10-03T20:52:18.942+0000] {dagbag.py:532} INFO - Filling up the DagBag from /usr/local/lib/python3.9/site-packages/airflow/example_dags/example_branch_datetime_operator.py
[2024-10-03T20:52:18.955+0000] {processor.py:753} INFO - DAG(s) dict_keys(['example_branch_datetime_operator_2', 'example_branch_datetime_operator_3', 'example_branch_datetime_operator']) retrieved from /usr/local/lib/python3.9/site-packages/airflow/example_dags/example_branch_datetime_operator.py
[2024-10-03T20:52:18.973+0000] {logging_mixin.py:137} INFO - [2024-10-03T20:52:18.973+0000] {dag.py:2705} INFO - Sync 3 DAGs
[2024-10-03T20:52:18.984+0000] {logging_mixin.py:137} INFO - [2024-10-03T20:52:18.984+0000] {dag.py:3452} INFO - Setting next_dagrun for example_branch_datetime_operator to 2024-10-02T00:00:00+00:00, run_after=2024-10-03T00:00:00+00:00
[2024-10-03T20:52:18.986+0000] {logging_mixin.py:137} INFO - [2024-10-03T20:52:18.986+0000] {dag.py:3452} INFO - Setting next_dagrun for example_branch_datetime_operator_2 to 2024-10-02T00:00:00+00:00, run_after=2024-10-03T00:00:00+00:00
[2024-10-03T20:52:18.987+0000] {logging_mixin.py:137} INFO - [2024-10-03T20:52:18.987+0000] {dag.py:3452} INFO - Setting next_dagrun for example_branch_datetime_operator_3 to 2024-10-02T00:00:00+00:00, run_after=2024-10-03T00:00:00+00:00
[2024-10-03T20:52:18.994+0000] {processor.py:175} INFO - Processing /usr/local/lib/python3.9/site-packages/airflow/example_dags/example_branch_datetime_operator.py took 0.056 seconds
[2024-10-03T20:52:49.950+0000] {processor.py:153} INFO - Started process (PID=8841) to work on /usr/local/lib/python3.9/site-packages/airflow/example_dags/example_branch_datetime_operator.py
[2024-10-03T20:52:49.951+0000] {processor.py:743} INFO - Processing file /usr/local/lib/python3.9/site-packages/airflow/example_dags/example_branch_datetime_operator.py for tasks to queue
[2024-10-03T20:52:49.951+0000] {logging_mixin.py:137} INFO - [2024-10-03T20:52:49.951+0000] {dagbag.py:532} INFO - Filling up the DagBag from /usr/local/lib/python3.9/site-packages/airflow/example_dags/example_branch_datetime_operator.py
[2024-10-03T20:52:49.958+0000] {processor.py:753} INFO - DAG(s) dict_keys(['example_branch_datetime_operator', 'example_branch_datetime_operator_2', 'example_branch_datetime_operator_3']) retrieved from /usr/local/lib/python3.9/site-packages/airflow/example_dags/example_branch_datetime_operator.py
[2024-10-03T20:52:49.969+0000] {logging_mixin.py:137} INFO - [2024-10-03T20:52:49.969+0000] {dag.py:2705} INFO - Sync 3 DAGs
[2024-10-03T20:52:49.978+0000] {logging_mixin.py:137} INFO - [2024-10-03T20:52:49.978+0000] {dag.py:3452} INFO - Setting next_dagrun for example_branch_datetime_operator to 2024-10-02T00:00:00+00:00, run_after=2024-10-03T00:00:00+00:00
[2024-10-03T20:52:49.980+0000] {logging_mixin.py:137} INFO - [2024-10-03T20:52:49.980+0000] {dag.py:3452} INFO - Setting next_dagrun for example_branch_datetime_operator_2 to 2024-10-02T00:00:00+00:00, run_after=2024-10-03T00:00:00+00:00
[2024-10-03T20:52:49.981+0000] {logging_mixin.py:137} INFO - [2024-10-03T20:52:49.981+0000] {dag.py:3452} INFO - Setting next_dagrun for example_branch_datetime_operator_3 to 2024-10-02T00:00:00+00:00, run_after=2024-10-03T00:00:00+00:00
[2024-10-03T20:52:49.987+0000] {processor.py:175} INFO - Processing /usr/local/lib/python3.9/site-packages/airflow/example_dags/example_branch_datetime_operator.py took 0.038 seconds
