[2024-10-03T20:32:02.606+0000] {processor.py:153} INFO - Started process (PID=375) to work on /usr/local/lib/python3.9/site-packages/airflow/example_dags/example_branch_labels.py
[2024-10-03T20:32:02.607+0000] {processor.py:743} INFO - Processing file /usr/local/lib/python3.9/site-packages/airflow/example_dags/example_branch_labels.py for tasks to queue
[2024-10-03T20:32:02.608+0000] {logging_mixin.py:137} INFO - [2024-10-03T20:32:02.607+0000] {dagbag.py:532} INFO - Filling up the DagBag from /usr/local/lib/python3.9/site-packages/airflow/example_dags/example_branch_labels.py
[2024-10-03T20:32:02.620+0000] {processor.py:753} INFO - DAG(s) dict_keys(['example_branch_labels']) retrieved from /usr/local/lib/python3.9/site-packages/airflow/example_dags/example_branch_labels.py
[2024-10-03T20:32:02.649+0000] {logging_mixin.py:137} INFO - [2024-10-03T20:32:02.648+0000] {dag.py:2705} INFO - Sync 1 DAGs
[2024-10-03T20:32:02.675+0000] {logging_mixin.py:137} INFO - [2024-10-03T20:32:02.675+0000] {dag.py:3452} INFO - Setting next_dagrun for example_branch_labels to 2024-10-02T00:00:00+00:00, run_after=2024-10-03T00:00:00+00:00
[2024-10-03T20:32:02.688+0000] {processor.py:175} INFO - Processing /usr/local/lib/python3.9/site-packages/airflow/example_dags/example_branch_labels.py took 0.085 seconds
[2024-10-03T20:32:36.374+0000] {processor.py:153} INFO - Started process (PID=590) to work on /usr/local/lib/python3.9/site-packages/airflow/example_dags/example_branch_labels.py
[2024-10-03T20:32:36.382+0000] {processor.py:743} INFO - Processing file /usr/local/lib/python3.9/site-packages/airflow/example_dags/example_branch_labels.py for tasks to queue
[2024-10-03T20:32:36.384+0000] {logging_mixin.py:137} INFO - [2024-10-03T20:32:36.384+0000] {dagbag.py:532} INFO - Filling up the DagBag from /usr/local/lib/python3.9/site-packages/airflow/example_dags/example_branch_labels.py
[2024-10-03T20:32:36.392+0000] {processor.py:753} INFO - DAG(s) dict_keys(['example_branch_labels']) retrieved from /usr/local/lib/python3.9/site-packages/airflow/example_dags/example_branch_labels.py
[2024-10-03T20:32:36.413+0000] {logging_mixin.py:137} INFO - [2024-10-03T20:32:36.412+0000] {dag.py:2705} INFO - Sync 1 DAGs
[2024-10-03T20:32:36.427+0000] {logging_mixin.py:137} INFO - [2024-10-03T20:32:36.427+0000] {dag.py:3452} INFO - Setting next_dagrun for example_branch_labels to 2024-10-02T00:00:00+00:00, run_after=2024-10-03T00:00:00+00:00
[2024-10-03T20:32:36.472+0000] {processor.py:175} INFO - Processing /usr/local/lib/python3.9/site-packages/airflow/example_dags/example_branch_labels.py took 0.099 seconds
[2024-10-03T20:33:11.167+0000] {processor.py:153} INFO - Started process (PID=801) to work on /usr/local/lib/python3.9/site-packages/airflow/example_dags/example_branch_labels.py
[2024-10-03T20:33:11.169+0000] {processor.py:743} INFO - Processing file /usr/local/lib/python3.9/site-packages/airflow/example_dags/example_branch_labels.py for tasks to queue
[2024-10-03T20:33:11.170+0000] {logging_mixin.py:137} INFO - [2024-10-03T20:33:11.170+0000] {dagbag.py:532} INFO - Filling up the DagBag from /usr/local/lib/python3.9/site-packages/airflow/example_dags/example_branch_labels.py
[2024-10-03T20:33:11.181+0000] {processor.py:753} INFO - DAG(s) dict_keys(['example_branch_labels']) retrieved from /usr/local/lib/python3.9/site-packages/airflow/example_dags/example_branch_labels.py
[2024-10-03T20:33:11.211+0000] {logging_mixin.py:137} INFO - [2024-10-03T20:33:11.211+0000] {dag.py:2705} INFO - Sync 1 DAGs
[2024-10-03T20:33:11.231+0000] {logging_mixin.py:137} INFO - [2024-10-03T20:33:11.231+0000] {dag.py:3452} INFO - Setting next_dagrun for example_branch_labels to 2024-10-02T00:00:00+00:00, run_after=2024-10-03T00:00:00+00:00
[2024-10-03T20:33:11.243+0000] {processor.py:175} INFO - Processing /usr/local/lib/python3.9/site-packages/airflow/example_dags/example_branch_labels.py took 0.078 seconds
[2024-10-03T20:33:41.931+0000] {processor.py:153} INFO - Started process (PID=1012) to work on /usr/local/lib/python3.9/site-packages/airflow/example_dags/example_branch_labels.py
[2024-10-03T20:33:41.933+0000] {processor.py:743} INFO - Processing file /usr/local/lib/python3.9/site-packages/airflow/example_dags/example_branch_labels.py for tasks to queue
[2024-10-03T20:33:41.933+0000] {logging_mixin.py:137} INFO - [2024-10-03T20:33:41.933+0000] {dagbag.py:532} INFO - Filling up the DagBag from /usr/local/lib/python3.9/site-packages/airflow/example_dags/example_branch_labels.py
[2024-10-03T20:33:41.940+0000] {processor.py:753} INFO - DAG(s) dict_keys(['example_branch_labels']) retrieved from /usr/local/lib/python3.9/site-packages/airflow/example_dags/example_branch_labels.py
[2024-10-03T20:33:41.951+0000] {logging_mixin.py:137} INFO - [2024-10-03T20:33:41.951+0000] {dag.py:2705} INFO - Sync 1 DAGs
[2024-10-03T20:33:41.962+0000] {logging_mixin.py:137} INFO - [2024-10-03T20:33:41.962+0000] {dag.py:3452} INFO - Setting next_dagrun for example_branch_labels to 2024-10-02T00:00:00+00:00, run_after=2024-10-03T00:00:00+00:00
[2024-10-03T20:33:41.973+0000] {processor.py:175} INFO - Processing /usr/local/lib/python3.9/site-packages/airflow/example_dags/example_branch_labels.py took 0.044 seconds
[2024-10-03T20:34:12.491+0000] {processor.py:153} INFO - Started process (PID=1223) to work on /usr/local/lib/python3.9/site-packages/airflow/example_dags/example_branch_labels.py
[2024-10-03T20:34:12.492+0000] {processor.py:743} INFO - Processing file /usr/local/lib/python3.9/site-packages/airflow/example_dags/example_branch_labels.py for tasks to queue
[2024-10-03T20:34:12.492+0000] {logging_mixin.py:137} INFO - [2024-10-03T20:34:12.492+0000] {dagbag.py:532} INFO - Filling up the DagBag from /usr/local/lib/python3.9/site-packages/airflow/example_dags/example_branch_labels.py
[2024-10-03T20:34:12.505+0000] {processor.py:753} INFO - DAG(s) dict_keys(['example_branch_labels']) retrieved from /usr/local/lib/python3.9/site-packages/airflow/example_dags/example_branch_labels.py
[2024-10-03T20:34:12.531+0000] {logging_mixin.py:137} INFO - [2024-10-03T20:34:12.531+0000] {dag.py:2705} INFO - Sync 1 DAGs
[2024-10-03T20:34:12.549+0000] {logging_mixin.py:137} INFO - [2024-10-03T20:34:12.549+0000] {dag.py:3452} INFO - Setting next_dagrun for example_branch_labels to 2024-10-02T00:00:00+00:00, run_after=2024-10-03T00:00:00+00:00
[2024-10-03T20:34:12.561+0000] {processor.py:175} INFO - Processing /usr/local/lib/python3.9/site-packages/airflow/example_dags/example_branch_labels.py took 0.072 seconds
[2024-10-03T20:34:47.658+0000] {processor.py:153} INFO - Started process (PID=1434) to work on /usr/local/lib/python3.9/site-packages/airflow/example_dags/example_branch_labels.py
[2024-10-03T20:34:47.662+0000] {processor.py:743} INFO - Processing file /usr/local/lib/python3.9/site-packages/airflow/example_dags/example_branch_labels.py for tasks to queue
[2024-10-03T20:34:47.664+0000] {logging_mixin.py:137} INFO - [2024-10-03T20:34:47.664+0000] {dagbag.py:532} INFO - Filling up the DagBag from /usr/local/lib/python3.9/site-packages/airflow/example_dags/example_branch_labels.py
[2024-10-03T20:34:47.731+0000] {processor.py:753} INFO - DAG(s) dict_keys(['example_branch_labels']) retrieved from /usr/local/lib/python3.9/site-packages/airflow/example_dags/example_branch_labels.py
[2024-10-03T20:34:47.797+0000] {logging_mixin.py:137} INFO - [2024-10-03T20:34:47.797+0000] {dag.py:2705} INFO - Sync 1 DAGs
[2024-10-03T20:34:47.873+0000] {logging_mixin.py:137} INFO - [2024-10-03T20:34:47.873+0000] {dag.py:3452} INFO - Setting next_dagrun for example_branch_labels to 2024-10-02T00:00:00+00:00, run_after=2024-10-03T00:00:00+00:00
[2024-10-03T20:34:49.250+0000] {processor.py:175} INFO - Processing /usr/local/lib/python3.9/site-packages/airflow/example_dags/example_branch_labels.py took 1.602 seconds
[2024-10-03T20:35:22.858+0000] {processor.py:153} INFO - Started process (PID=1647) to work on /usr/local/lib/python3.9/site-packages/airflow/example_dags/example_branch_labels.py
[2024-10-03T20:35:22.871+0000] {processor.py:743} INFO - Processing file /usr/local/lib/python3.9/site-packages/airflow/example_dags/example_branch_labels.py for tasks to queue
[2024-10-03T20:35:22.873+0000] {logging_mixin.py:137} INFO - [2024-10-03T20:35:22.873+0000] {dagbag.py:532} INFO - Filling up the DagBag from /usr/local/lib/python3.9/site-packages/airflow/example_dags/example_branch_labels.py
[2024-10-03T20:35:22.895+0000] {processor.py:753} INFO - DAG(s) dict_keys(['example_branch_labels']) retrieved from /usr/local/lib/python3.9/site-packages/airflow/example_dags/example_branch_labels.py
[2024-10-03T20:35:22.957+0000] {logging_mixin.py:137} INFO - [2024-10-03T20:35:22.957+0000] {dag.py:2705} INFO - Sync 1 DAGs
[2024-10-03T20:35:22.976+0000] {logging_mixin.py:137} INFO - [2024-10-03T20:35:22.976+0000] {dag.py:3452} INFO - Setting next_dagrun for example_branch_labels to 2024-10-02T00:00:00+00:00, run_after=2024-10-03T00:00:00+00:00
[2024-10-03T20:35:23.068+0000] {processor.py:175} INFO - Processing /usr/local/lib/python3.9/site-packages/airflow/example_dags/example_branch_labels.py took 0.218 seconds
[2024-10-03T20:35:54.028+0000] {processor.py:153} INFO - Started process (PID=1858) to work on /usr/local/lib/python3.9/site-packages/airflow/example_dags/example_branch_labels.py
[2024-10-03T20:35:54.037+0000] {processor.py:743} INFO - Processing file /usr/local/lib/python3.9/site-packages/airflow/example_dags/example_branch_labels.py for tasks to queue
[2024-10-03T20:35:54.040+0000] {logging_mixin.py:137} INFO - [2024-10-03T20:35:54.040+0000] {dagbag.py:532} INFO - Filling up the DagBag from /usr/local/lib/python3.9/site-packages/airflow/example_dags/example_branch_labels.py
[2024-10-03T20:35:54.065+0000] {processor.py:753} INFO - DAG(s) dict_keys(['example_branch_labels']) retrieved from /usr/local/lib/python3.9/site-packages/airflow/example_dags/example_branch_labels.py
[2024-10-03T20:35:54.115+0000] {logging_mixin.py:137} INFO - [2024-10-03T20:35:54.114+0000] {dag.py:2705} INFO - Sync 1 DAGs
[2024-10-03T20:35:54.150+0000] {logging_mixin.py:137} INFO - [2024-10-03T20:35:54.150+0000] {dag.py:3452} INFO - Setting next_dagrun for example_branch_labels to 2024-10-02T00:00:00+00:00, run_after=2024-10-03T00:00:00+00:00
[2024-10-03T20:35:54.277+0000] {processor.py:175} INFO - Processing /usr/local/lib/python3.9/site-packages/airflow/example_dags/example_branch_labels.py took 0.274 seconds
[2024-10-03T20:36:24.424+0000] {processor.py:153} INFO - Started process (PID=2069) to work on /usr/local/lib/python3.9/site-packages/airflow/example_dags/example_branch_labels.py
[2024-10-03T20:36:24.429+0000] {processor.py:743} INFO - Processing file /usr/local/lib/python3.9/site-packages/airflow/example_dags/example_branch_labels.py for tasks to queue
[2024-10-03T20:36:24.430+0000] {logging_mixin.py:137} INFO - [2024-10-03T20:36:24.430+0000] {dagbag.py:532} INFO - Filling up the DagBag from /usr/local/lib/python3.9/site-packages/airflow/example_dags/example_branch_labels.py
[2024-10-03T20:36:24.447+0000] {processor.py:753} INFO - DAG(s) dict_keys(['example_branch_labels']) retrieved from /usr/local/lib/python3.9/site-packages/airflow/example_dags/example_branch_labels.py
[2024-10-03T20:36:24.471+0000] {logging_mixin.py:137} INFO - [2024-10-03T20:36:24.471+0000] {dag.py:2705} INFO - Sync 1 DAGs
[2024-10-03T20:36:24.595+0000] {logging_mixin.py:137} INFO - [2024-10-03T20:36:24.595+0000] {dag.py:3452} INFO - Setting next_dagrun for example_branch_labels to 2024-10-02T00:00:00+00:00, run_after=2024-10-03T00:00:00+00:00
[2024-10-03T20:36:24.608+0000] {processor.py:175} INFO - Processing /usr/local/lib/python3.9/site-packages/airflow/example_dags/example_branch_labels.py took 0.203 seconds
[2024-10-03T20:36:54.653+0000] {processor.py:153} INFO - Started process (PID=2280) to work on /usr/local/lib/python3.9/site-packages/airflow/example_dags/example_branch_labels.py
[2024-10-03T20:36:54.654+0000] {processor.py:743} INFO - Processing file /usr/local/lib/python3.9/site-packages/airflow/example_dags/example_branch_labels.py for tasks to queue
[2024-10-03T20:36:54.655+0000] {logging_mixin.py:137} INFO - [2024-10-03T20:36:54.655+0000] {dagbag.py:532} INFO - Filling up the DagBag from /usr/local/lib/python3.9/site-packages/airflow/example_dags/example_branch_labels.py
[2024-10-03T20:36:54.672+0000] {processor.py:753} INFO - DAG(s) dict_keys(['example_branch_labels']) retrieved from /usr/local/lib/python3.9/site-packages/airflow/example_dags/example_branch_labels.py
[2024-10-03T20:36:54.750+0000] {logging_mixin.py:137} INFO - [2024-10-03T20:36:54.750+0000] {dag.py:2705} INFO - Sync 1 DAGs
[2024-10-03T20:36:54.760+0000] {logging_mixin.py:137} INFO - [2024-10-03T20:36:54.760+0000] {dag.py:3452} INFO - Setting next_dagrun for example_branch_labels to 2024-10-02T00:00:00+00:00, run_after=2024-10-03T00:00:00+00:00
[2024-10-03T20:36:54.770+0000] {processor.py:175} INFO - Processing /usr/local/lib/python3.9/site-packages/airflow/example_dags/example_branch_labels.py took 0.122 seconds
[2024-10-03T20:37:25.731+0000] {processor.py:153} INFO - Started process (PID=2491) to work on /usr/local/lib/python3.9/site-packages/airflow/example_dags/example_branch_labels.py
[2024-10-03T20:37:25.733+0000] {processor.py:743} INFO - Processing file /usr/local/lib/python3.9/site-packages/airflow/example_dags/example_branch_labels.py for tasks to queue
[2024-10-03T20:37:25.734+0000] {logging_mixin.py:137} INFO - [2024-10-03T20:37:25.734+0000] {dagbag.py:532} INFO - Filling up the DagBag from /usr/local/lib/python3.9/site-packages/airflow/example_dags/example_branch_labels.py
[2024-10-03T20:37:25.755+0000] {processor.py:753} INFO - DAG(s) dict_keys(['example_branch_labels']) retrieved from /usr/local/lib/python3.9/site-packages/airflow/example_dags/example_branch_labels.py
[2024-10-03T20:37:25.790+0000] {logging_mixin.py:137} INFO - [2024-10-03T20:37:25.790+0000] {dag.py:2705} INFO - Sync 1 DAGs
[2024-10-03T20:37:25.809+0000] {logging_mixin.py:137} INFO - [2024-10-03T20:37:25.809+0000] {dag.py:3452} INFO - Setting next_dagrun for example_branch_labels to 2024-10-02T00:00:00+00:00, run_after=2024-10-03T00:00:00+00:00
[2024-10-03T20:37:25.824+0000] {processor.py:175} INFO - Processing /usr/local/lib/python3.9/site-packages/airflow/example_dags/example_branch_labels.py took 0.104 seconds
[2024-10-03T20:37:55.857+0000] {processor.py:153} INFO - Started process (PID=2702) to work on /usr/local/lib/python3.9/site-packages/airflow/example_dags/example_branch_labels.py
[2024-10-03T20:37:55.858+0000] {processor.py:743} INFO - Processing file /usr/local/lib/python3.9/site-packages/airflow/example_dags/example_branch_labels.py for tasks to queue
[2024-10-03T20:37:55.859+0000] {logging_mixin.py:137} INFO - [2024-10-03T20:37:55.859+0000] {dagbag.py:532} INFO - Filling up the DagBag from /usr/local/lib/python3.9/site-packages/airflow/example_dags/example_branch_labels.py
[2024-10-03T20:37:55.872+0000] {processor.py:753} INFO - DAG(s) dict_keys(['example_branch_labels']) retrieved from /usr/local/lib/python3.9/site-packages/airflow/example_dags/example_branch_labels.py
[2024-10-03T20:37:55.893+0000] {logging_mixin.py:137} INFO - [2024-10-03T20:37:55.893+0000] {dag.py:2705} INFO - Sync 1 DAGs
[2024-10-03T20:37:55.907+0000] {logging_mixin.py:137} INFO - [2024-10-03T20:37:55.906+0000] {dag.py:3452} INFO - Setting next_dagrun for example_branch_labels to 2024-10-02T00:00:00+00:00, run_after=2024-10-03T00:00:00+00:00
[2024-10-03T20:37:55.917+0000] {processor.py:175} INFO - Processing /usr/local/lib/python3.9/site-packages/airflow/example_dags/example_branch_labels.py took 0.065 seconds
[2024-10-03T20:38:26.696+0000] {processor.py:153} INFO - Started process (PID=2913) to work on /usr/local/lib/python3.9/site-packages/airflow/example_dags/example_branch_labels.py
[2024-10-03T20:38:26.698+0000] {processor.py:743} INFO - Processing file /usr/local/lib/python3.9/site-packages/airflow/example_dags/example_branch_labels.py for tasks to queue
[2024-10-03T20:38:26.699+0000] {logging_mixin.py:137} INFO - [2024-10-03T20:38:26.699+0000] {dagbag.py:532} INFO - Filling up the DagBag from /usr/local/lib/python3.9/site-packages/airflow/example_dags/example_branch_labels.py
[2024-10-03T20:38:26.714+0000] {processor.py:753} INFO - DAG(s) dict_keys(['example_branch_labels']) retrieved from /usr/local/lib/python3.9/site-packages/airflow/example_dags/example_branch_labels.py
[2024-10-03T20:38:26.731+0000] {logging_mixin.py:137} INFO - [2024-10-03T20:38:26.731+0000] {dag.py:2705} INFO - Sync 1 DAGs
[2024-10-03T20:38:26.745+0000] {logging_mixin.py:137} INFO - [2024-10-03T20:38:26.745+0000] {dag.py:3452} INFO - Setting next_dagrun for example_branch_labels to 2024-10-02T00:00:00+00:00, run_after=2024-10-03T00:00:00+00:00
[2024-10-03T20:38:26.755+0000] {processor.py:175} INFO - Processing /usr/local/lib/python3.9/site-packages/airflow/example_dags/example_branch_labels.py took 0.066 seconds
[2024-10-03T20:38:57.444+0000] {processor.py:153} INFO - Started process (PID=3124) to work on /usr/local/lib/python3.9/site-packages/airflow/example_dags/example_branch_labels.py
[2024-10-03T20:38:57.445+0000] {processor.py:743} INFO - Processing file /usr/local/lib/python3.9/site-packages/airflow/example_dags/example_branch_labels.py for tasks to queue
[2024-10-03T20:38:57.446+0000] {logging_mixin.py:137} INFO - [2024-10-03T20:38:57.446+0000] {dagbag.py:532} INFO - Filling up the DagBag from /usr/local/lib/python3.9/site-packages/airflow/example_dags/example_branch_labels.py
[2024-10-03T20:38:57.459+0000] {processor.py:753} INFO - DAG(s) dict_keys(['example_branch_labels']) retrieved from /usr/local/lib/python3.9/site-packages/airflow/example_dags/example_branch_labels.py
[2024-10-03T20:38:57.483+0000] {logging_mixin.py:137} INFO - [2024-10-03T20:38:57.483+0000] {dag.py:2705} INFO - Sync 1 DAGs
[2024-10-03T20:38:57.495+0000] {logging_mixin.py:137} INFO - [2024-10-03T20:38:57.495+0000] {dag.py:3452} INFO - Setting next_dagrun for example_branch_labels to 2024-10-02T00:00:00+00:00, run_after=2024-10-03T00:00:00+00:00
[2024-10-03T20:38:57.506+0000] {processor.py:175} INFO - Processing /usr/local/lib/python3.9/site-packages/airflow/example_dags/example_branch_labels.py took 0.066 seconds
[2024-10-03T20:39:28.298+0000] {processor.py:153} INFO - Started process (PID=3335) to work on /usr/local/lib/python3.9/site-packages/airflow/example_dags/example_branch_labels.py
[2024-10-03T20:39:28.299+0000] {processor.py:743} INFO - Processing file /usr/local/lib/python3.9/site-packages/airflow/example_dags/example_branch_labels.py for tasks to queue
[2024-10-03T20:39:28.300+0000] {logging_mixin.py:137} INFO - [2024-10-03T20:39:28.300+0000] {dagbag.py:532} INFO - Filling up the DagBag from /usr/local/lib/python3.9/site-packages/airflow/example_dags/example_branch_labels.py
[2024-10-03T20:39:28.315+0000] {processor.py:753} INFO - DAG(s) dict_keys(['example_branch_labels']) retrieved from /usr/local/lib/python3.9/site-packages/airflow/example_dags/example_branch_labels.py
[2024-10-03T20:39:28.336+0000] {logging_mixin.py:137} INFO - [2024-10-03T20:39:28.336+0000] {dag.py:2705} INFO - Sync 1 DAGs
[2024-10-03T20:39:28.356+0000] {logging_mixin.py:137} INFO - [2024-10-03T20:39:28.356+0000] {dag.py:3452} INFO - Setting next_dagrun for example_branch_labels to 2024-10-02T00:00:00+00:00, run_after=2024-10-03T00:00:00+00:00
[2024-10-03T20:39:28.364+0000] {processor.py:175} INFO - Processing /usr/local/lib/python3.9/site-packages/airflow/example_dags/example_branch_labels.py took 0.072 seconds
[2024-10-03T20:39:59.082+0000] {processor.py:153} INFO - Started process (PID=3546) to work on /usr/local/lib/python3.9/site-packages/airflow/example_dags/example_branch_labels.py
[2024-10-03T20:39:59.084+0000] {processor.py:743} INFO - Processing file /usr/local/lib/python3.9/site-packages/airflow/example_dags/example_branch_labels.py for tasks to queue
[2024-10-03T20:39:59.085+0000] {logging_mixin.py:137} INFO - [2024-10-03T20:39:59.085+0000] {dagbag.py:532} INFO - Filling up the DagBag from /usr/local/lib/python3.9/site-packages/airflow/example_dags/example_branch_labels.py
[2024-10-03T20:39:59.098+0000] {processor.py:753} INFO - DAG(s) dict_keys(['example_branch_labels']) retrieved from /usr/local/lib/python3.9/site-packages/airflow/example_dags/example_branch_labels.py
[2024-10-03T20:39:59.112+0000] {logging_mixin.py:137} INFO - [2024-10-03T20:39:59.112+0000] {dag.py:2705} INFO - Sync 1 DAGs
[2024-10-03T20:39:59.127+0000] {logging_mixin.py:137} INFO - [2024-10-03T20:39:59.127+0000] {dag.py:3452} INFO - Setting next_dagrun for example_branch_labels to 2024-10-02T00:00:00+00:00, run_after=2024-10-03T00:00:00+00:00
[2024-10-03T20:39:59.138+0000] {processor.py:175} INFO - Processing /usr/local/lib/python3.9/site-packages/airflow/example_dags/example_branch_labels.py took 0.060 seconds
[2024-10-03T20:40:29.935+0000] {processor.py:153} INFO - Started process (PID=3757) to work on /usr/local/lib/python3.9/site-packages/airflow/example_dags/example_branch_labels.py
[2024-10-03T20:40:29.938+0000] {processor.py:743} INFO - Processing file /usr/local/lib/python3.9/site-packages/airflow/example_dags/example_branch_labels.py for tasks to queue
[2024-10-03T20:40:29.939+0000] {logging_mixin.py:137} INFO - [2024-10-03T20:40:29.939+0000] {dagbag.py:532} INFO - Filling up the DagBag from /usr/local/lib/python3.9/site-packages/airflow/example_dags/example_branch_labels.py
[2024-10-03T20:40:29.955+0000] {processor.py:753} INFO - DAG(s) dict_keys(['example_branch_labels']) retrieved from /usr/local/lib/python3.9/site-packages/airflow/example_dags/example_branch_labels.py
[2024-10-03T20:40:29.971+0000] {logging_mixin.py:137} INFO - [2024-10-03T20:40:29.971+0000] {dag.py:2705} INFO - Sync 1 DAGs
[2024-10-03T20:40:29.986+0000] {logging_mixin.py:137} INFO - [2024-10-03T20:40:29.986+0000] {dag.py:3452} INFO - Setting next_dagrun for example_branch_labels to 2024-10-02T00:00:00+00:00, run_after=2024-10-03T00:00:00+00:00
[2024-10-03T20:40:29.997+0000] {processor.py:175} INFO - Processing /usr/local/lib/python3.9/site-packages/airflow/example_dags/example_branch_labels.py took 0.067 seconds
[2024-10-03T20:41:00.810+0000] {processor.py:153} INFO - Started process (PID=3968) to work on /usr/local/lib/python3.9/site-packages/airflow/example_dags/example_branch_labels.py
[2024-10-03T20:41:00.812+0000] {processor.py:743} INFO - Processing file /usr/local/lib/python3.9/site-packages/airflow/example_dags/example_branch_labels.py for tasks to queue
[2024-10-03T20:41:00.813+0000] {logging_mixin.py:137} INFO - [2024-10-03T20:41:00.813+0000] {dagbag.py:532} INFO - Filling up the DagBag from /usr/local/lib/python3.9/site-packages/airflow/example_dags/example_branch_labels.py
[2024-10-03T20:41:00.826+0000] {processor.py:753} INFO - DAG(s) dict_keys(['example_branch_labels']) retrieved from /usr/local/lib/python3.9/site-packages/airflow/example_dags/example_branch_labels.py
[2024-10-03T20:41:00.844+0000] {logging_mixin.py:137} INFO - [2024-10-03T20:41:00.844+0000] {dag.py:2705} INFO - Sync 1 DAGs
[2024-10-03T20:41:00.855+0000] {logging_mixin.py:137} INFO - [2024-10-03T20:41:00.855+0000] {dag.py:3452} INFO - Setting next_dagrun for example_branch_labels to 2024-10-02T00:00:00+00:00, run_after=2024-10-03T00:00:00+00:00
[2024-10-03T20:41:00.867+0000] {processor.py:175} INFO - Processing /usr/local/lib/python3.9/site-packages/airflow/example_dags/example_branch_labels.py took 0.060 seconds
[2024-10-03T20:41:31.482+0000] {processor.py:153} INFO - Started process (PID=4179) to work on /usr/local/lib/python3.9/site-packages/airflow/example_dags/example_branch_labels.py
[2024-10-03T20:41:31.483+0000] {processor.py:743} INFO - Processing file /usr/local/lib/python3.9/site-packages/airflow/example_dags/example_branch_labels.py for tasks to queue
[2024-10-03T20:41:31.484+0000] {logging_mixin.py:137} INFO - [2024-10-03T20:41:31.484+0000] {dagbag.py:532} INFO - Filling up the DagBag from /usr/local/lib/python3.9/site-packages/airflow/example_dags/example_branch_labels.py
[2024-10-03T20:41:31.501+0000] {processor.py:753} INFO - DAG(s) dict_keys(['example_branch_labels']) retrieved from /usr/local/lib/python3.9/site-packages/airflow/example_dags/example_branch_labels.py
[2024-10-03T20:41:31.518+0000] {logging_mixin.py:137} INFO - [2024-10-03T20:41:31.518+0000] {dag.py:2705} INFO - Sync 1 DAGs
[2024-10-03T20:41:31.533+0000] {logging_mixin.py:137} INFO - [2024-10-03T20:41:31.533+0000] {dag.py:3452} INFO - Setting next_dagrun for example_branch_labels to 2024-10-02T00:00:00+00:00, run_after=2024-10-03T00:00:00+00:00
[2024-10-03T20:41:31.544+0000] {processor.py:175} INFO - Processing /usr/local/lib/python3.9/site-packages/airflow/example_dags/example_branch_labels.py took 0.069 seconds
[2024-10-03T20:42:02.109+0000] {processor.py:153} INFO - Started process (PID=4390) to work on /usr/local/lib/python3.9/site-packages/airflow/example_dags/example_branch_labels.py
[2024-10-03T20:42:02.111+0000] {processor.py:743} INFO - Processing file /usr/local/lib/python3.9/site-packages/airflow/example_dags/example_branch_labels.py for tasks to queue
[2024-10-03T20:42:02.112+0000] {logging_mixin.py:137} INFO - [2024-10-03T20:42:02.111+0000] {dagbag.py:532} INFO - Filling up the DagBag from /usr/local/lib/python3.9/site-packages/airflow/example_dags/example_branch_labels.py
[2024-10-03T20:42:02.129+0000] {processor.py:753} INFO - DAG(s) dict_keys(['example_branch_labels']) retrieved from /usr/local/lib/python3.9/site-packages/airflow/example_dags/example_branch_labels.py
[2024-10-03T20:42:02.151+0000] {logging_mixin.py:137} INFO - [2024-10-03T20:42:02.151+0000] {dag.py:2705} INFO - Sync 1 DAGs
[2024-10-03T20:42:02.163+0000] {logging_mixin.py:137} INFO - [2024-10-03T20:42:02.163+0000] {dag.py:3452} INFO - Setting next_dagrun for example_branch_labels to 2024-10-02T00:00:00+00:00, run_after=2024-10-03T00:00:00+00:00
[2024-10-03T20:42:02.173+0000] {processor.py:175} INFO - Processing /usr/local/lib/python3.9/site-packages/airflow/example_dags/example_branch_labels.py took 0.070 seconds
[2024-10-03T20:42:32.778+0000] {processor.py:153} INFO - Started process (PID=4601) to work on /usr/local/lib/python3.9/site-packages/airflow/example_dags/example_branch_labels.py
[2024-10-03T20:42:32.780+0000] {processor.py:743} INFO - Processing file /usr/local/lib/python3.9/site-packages/airflow/example_dags/example_branch_labels.py for tasks to queue
[2024-10-03T20:42:32.781+0000] {logging_mixin.py:137} INFO - [2024-10-03T20:42:32.781+0000] {dagbag.py:532} INFO - Filling up the DagBag from /usr/local/lib/python3.9/site-packages/airflow/example_dags/example_branch_labels.py
[2024-10-03T20:42:32.793+0000] {processor.py:753} INFO - DAG(s) dict_keys(['example_branch_labels']) retrieved from /usr/local/lib/python3.9/site-packages/airflow/example_dags/example_branch_labels.py
[2024-10-03T20:42:32.806+0000] {logging_mixin.py:137} INFO - [2024-10-03T20:42:32.806+0000] {dag.py:2705} INFO - Sync 1 DAGs
[2024-10-03T20:42:32.818+0000] {logging_mixin.py:137} INFO - [2024-10-03T20:42:32.818+0000] {dag.py:3452} INFO - Setting next_dagrun for example_branch_labels to 2024-10-02T00:00:00+00:00, run_after=2024-10-03T00:00:00+00:00
[2024-10-03T20:42:32.830+0000] {processor.py:175} INFO - Processing /usr/local/lib/python3.9/site-packages/airflow/example_dags/example_branch_labels.py took 0.055 seconds
[2024-10-03T20:43:03.392+0000] {processor.py:153} INFO - Started process (PID=4812) to work on /usr/local/lib/python3.9/site-packages/airflow/example_dags/example_branch_labels.py
[2024-10-03T20:43:03.394+0000] {processor.py:743} INFO - Processing file /usr/local/lib/python3.9/site-packages/airflow/example_dags/example_branch_labels.py for tasks to queue
[2024-10-03T20:43:03.394+0000] {logging_mixin.py:137} INFO - [2024-10-03T20:43:03.394+0000] {dagbag.py:532} INFO - Filling up the DagBag from /usr/local/lib/python3.9/site-packages/airflow/example_dags/example_branch_labels.py
[2024-10-03T20:43:03.408+0000] {processor.py:753} INFO - DAG(s) dict_keys(['example_branch_labels']) retrieved from /usr/local/lib/python3.9/site-packages/airflow/example_dags/example_branch_labels.py
[2024-10-03T20:43:03.427+0000] {logging_mixin.py:137} INFO - [2024-10-03T20:43:03.427+0000] {dag.py:2705} INFO - Sync 1 DAGs
[2024-10-03T20:43:03.439+0000] {logging_mixin.py:137} INFO - [2024-10-03T20:43:03.439+0000] {dag.py:3452} INFO - Setting next_dagrun for example_branch_labels to 2024-10-02T00:00:00+00:00, run_after=2024-10-03T00:00:00+00:00
[2024-10-03T20:43:03.450+0000] {processor.py:175} INFO - Processing /usr/local/lib/python3.9/site-packages/airflow/example_dags/example_branch_labels.py took 0.065 seconds
[2024-10-03T20:43:34.021+0000] {processor.py:153} INFO - Started process (PID=5023) to work on /usr/local/lib/python3.9/site-packages/airflow/example_dags/example_branch_labels.py
[2024-10-03T20:43:34.022+0000] {processor.py:743} INFO - Processing file /usr/local/lib/python3.9/site-packages/airflow/example_dags/example_branch_labels.py for tasks to queue
[2024-10-03T20:43:34.024+0000] {logging_mixin.py:137} INFO - [2024-10-03T20:43:34.024+0000] {dagbag.py:532} INFO - Filling up the DagBag from /usr/local/lib/python3.9/site-packages/airflow/example_dags/example_branch_labels.py
[2024-10-03T20:43:34.039+0000] {processor.py:753} INFO - DAG(s) dict_keys(['example_branch_labels']) retrieved from /usr/local/lib/python3.9/site-packages/airflow/example_dags/example_branch_labels.py
[2024-10-03T20:43:34.055+0000] {logging_mixin.py:137} INFO - [2024-10-03T20:43:34.055+0000] {dag.py:2705} INFO - Sync 1 DAGs
[2024-10-03T20:43:34.068+0000] {logging_mixin.py:137} INFO - [2024-10-03T20:43:34.068+0000] {dag.py:3452} INFO - Setting next_dagrun for example_branch_labels to 2024-10-02T00:00:00+00:00, run_after=2024-10-03T00:00:00+00:00
[2024-10-03T20:43:34.078+0000] {processor.py:175} INFO - Processing /usr/local/lib/python3.9/site-packages/airflow/example_dags/example_branch_labels.py took 0.060 seconds
[2024-10-03T20:44:04.620+0000] {processor.py:153} INFO - Started process (PID=5234) to work on /usr/local/lib/python3.9/site-packages/airflow/example_dags/example_branch_labels.py
[2024-10-03T20:44:04.622+0000] {processor.py:743} INFO - Processing file /usr/local/lib/python3.9/site-packages/airflow/example_dags/example_branch_labels.py for tasks to queue
[2024-10-03T20:44:04.624+0000] {logging_mixin.py:137} INFO - [2024-10-03T20:44:04.624+0000] {dagbag.py:532} INFO - Filling up the DagBag from /usr/local/lib/python3.9/site-packages/airflow/example_dags/example_branch_labels.py
[2024-10-03T20:44:04.638+0000] {processor.py:753} INFO - DAG(s) dict_keys(['example_branch_labels']) retrieved from /usr/local/lib/python3.9/site-packages/airflow/example_dags/example_branch_labels.py
[2024-10-03T20:44:04.658+0000] {logging_mixin.py:137} INFO - [2024-10-03T20:44:04.658+0000] {dag.py:2705} INFO - Sync 1 DAGs
[2024-10-03T20:44:04.670+0000] {logging_mixin.py:137} INFO - [2024-10-03T20:44:04.670+0000] {dag.py:3452} INFO - Setting next_dagrun for example_branch_labels to 2024-10-02T00:00:00+00:00, run_after=2024-10-03T00:00:00+00:00
[2024-10-03T20:44:04.682+0000] {processor.py:175} INFO - Processing /usr/local/lib/python3.9/site-packages/airflow/example_dags/example_branch_labels.py took 0.066 seconds
[2024-10-03T20:44:35.427+0000] {processor.py:153} INFO - Started process (PID=5445) to work on /usr/local/lib/python3.9/site-packages/airflow/example_dags/example_branch_labels.py
[2024-10-03T20:44:35.429+0000] {processor.py:743} INFO - Processing file /usr/local/lib/python3.9/site-packages/airflow/example_dags/example_branch_labels.py for tasks to queue
[2024-10-03T20:44:35.430+0000] {logging_mixin.py:137} INFO - [2024-10-03T20:44:35.430+0000] {dagbag.py:532} INFO - Filling up the DagBag from /usr/local/lib/python3.9/site-packages/airflow/example_dags/example_branch_labels.py
[2024-10-03T20:44:35.442+0000] {processor.py:753} INFO - DAG(s) dict_keys(['example_branch_labels']) retrieved from /usr/local/lib/python3.9/site-packages/airflow/example_dags/example_branch_labels.py
[2024-10-03T20:44:35.456+0000] {logging_mixin.py:137} INFO - [2024-10-03T20:44:35.456+0000] {dag.py:2705} INFO - Sync 1 DAGs
[2024-10-03T20:44:35.468+0000] {logging_mixin.py:137} INFO - [2024-10-03T20:44:35.468+0000] {dag.py:3452} INFO - Setting next_dagrun for example_branch_labels to 2024-10-02T00:00:00+00:00, run_after=2024-10-03T00:00:00+00:00
[2024-10-03T20:44:35.476+0000] {processor.py:175} INFO - Processing /usr/local/lib/python3.9/site-packages/airflow/example_dags/example_branch_labels.py took 0.052 seconds
[2024-10-03T20:45:06.078+0000] {processor.py:153} INFO - Started process (PID=5656) to work on /usr/local/lib/python3.9/site-packages/airflow/example_dags/example_branch_labels.py
[2024-10-03T20:45:06.079+0000] {processor.py:743} INFO - Processing file /usr/local/lib/python3.9/site-packages/airflow/example_dags/example_branch_labels.py for tasks to queue
[2024-10-03T20:45:06.080+0000] {logging_mixin.py:137} INFO - [2024-10-03T20:45:06.079+0000] {dagbag.py:532} INFO - Filling up the DagBag from /usr/local/lib/python3.9/site-packages/airflow/example_dags/example_branch_labels.py
[2024-10-03T20:45:06.094+0000] {processor.py:753} INFO - DAG(s) dict_keys(['example_branch_labels']) retrieved from /usr/local/lib/python3.9/site-packages/airflow/example_dags/example_branch_labels.py
[2024-10-03T20:45:06.109+0000] {logging_mixin.py:137} INFO - [2024-10-03T20:45:06.109+0000] {dag.py:2705} INFO - Sync 1 DAGs
[2024-10-03T20:45:06.121+0000] {logging_mixin.py:137} INFO - [2024-10-03T20:45:06.121+0000] {dag.py:3452} INFO - Setting next_dagrun for example_branch_labels to 2024-10-02T00:00:00+00:00, run_after=2024-10-03T00:00:00+00:00
[2024-10-03T20:45:06.131+0000] {processor.py:175} INFO - Processing /usr/local/lib/python3.9/site-packages/airflow/example_dags/example_branch_labels.py took 0.058 seconds
[2024-10-03T20:45:36.590+0000] {processor.py:153} INFO - Started process (PID=5867) to work on /usr/local/lib/python3.9/site-packages/airflow/example_dags/example_branch_labels.py
[2024-10-03T20:45:36.592+0000] {processor.py:743} INFO - Processing file /usr/local/lib/python3.9/site-packages/airflow/example_dags/example_branch_labels.py for tasks to queue
[2024-10-03T20:45:36.593+0000] {logging_mixin.py:137} INFO - [2024-10-03T20:45:36.593+0000] {dagbag.py:532} INFO - Filling up the DagBag from /usr/local/lib/python3.9/site-packages/airflow/example_dags/example_branch_labels.py
[2024-10-03T20:45:36.609+0000] {processor.py:753} INFO - DAG(s) dict_keys(['example_branch_labels']) retrieved from /usr/local/lib/python3.9/site-packages/airflow/example_dags/example_branch_labels.py
[2024-10-03T20:45:36.628+0000] {logging_mixin.py:137} INFO - [2024-10-03T20:45:36.628+0000] {dag.py:2705} INFO - Sync 1 DAGs
[2024-10-03T20:45:36.641+0000] {logging_mixin.py:137} INFO - [2024-10-03T20:45:36.641+0000] {dag.py:3452} INFO - Setting next_dagrun for example_branch_labels to 2024-10-02T00:00:00+00:00, run_after=2024-10-03T00:00:00+00:00
[2024-10-03T20:45:36.652+0000] {processor.py:175} INFO - Processing /usr/local/lib/python3.9/site-packages/airflow/example_dags/example_branch_labels.py took 0.067 seconds
[2024-10-03T20:46:07.494+0000] {processor.py:153} INFO - Started process (PID=6078) to work on /usr/local/lib/python3.9/site-packages/airflow/example_dags/example_branch_labels.py
[2024-10-03T20:46:07.495+0000] {processor.py:743} INFO - Processing file /usr/local/lib/python3.9/site-packages/airflow/example_dags/example_branch_labels.py for tasks to queue
[2024-10-03T20:46:07.496+0000] {logging_mixin.py:137} INFO - [2024-10-03T20:46:07.496+0000] {dagbag.py:532} INFO - Filling up the DagBag from /usr/local/lib/python3.9/site-packages/airflow/example_dags/example_branch_labels.py
[2024-10-03T20:46:07.510+0000] {processor.py:753} INFO - DAG(s) dict_keys(['example_branch_labels']) retrieved from /usr/local/lib/python3.9/site-packages/airflow/example_dags/example_branch_labels.py
[2024-10-03T20:46:07.526+0000] {logging_mixin.py:137} INFO - [2024-10-03T20:46:07.526+0000] {dag.py:2705} INFO - Sync 1 DAGs
[2024-10-03T20:46:07.543+0000] {logging_mixin.py:137} INFO - [2024-10-03T20:46:07.543+0000] {dag.py:3452} INFO - Setting next_dagrun for example_branch_labels to 2024-10-02T00:00:00+00:00, run_after=2024-10-03T00:00:00+00:00
[2024-10-03T20:46:07.555+0000] {processor.py:175} INFO - Processing /usr/local/lib/python3.9/site-packages/airflow/example_dags/example_branch_labels.py took 0.064 seconds
[2024-10-03T20:46:38.164+0000] {processor.py:153} INFO - Started process (PID=6289) to work on /usr/local/lib/python3.9/site-packages/airflow/example_dags/example_branch_labels.py
[2024-10-03T20:46:38.166+0000] {processor.py:743} INFO - Processing file /usr/local/lib/python3.9/site-packages/airflow/example_dags/example_branch_labels.py for tasks to queue
[2024-10-03T20:46:38.166+0000] {logging_mixin.py:137} INFO - [2024-10-03T20:46:38.166+0000] {dagbag.py:532} INFO - Filling up the DagBag from /usr/local/lib/python3.9/site-packages/airflow/example_dags/example_branch_labels.py
[2024-10-03T20:46:38.178+0000] {processor.py:753} INFO - DAG(s) dict_keys(['example_branch_labels']) retrieved from /usr/local/lib/python3.9/site-packages/airflow/example_dags/example_branch_labels.py
[2024-10-03T20:46:38.195+0000] {logging_mixin.py:137} INFO - [2024-10-03T20:46:38.195+0000] {dag.py:2705} INFO - Sync 1 DAGs
[2024-10-03T20:46:38.212+0000] {logging_mixin.py:137} INFO - [2024-10-03T20:46:38.212+0000] {dag.py:3452} INFO - Setting next_dagrun for example_branch_labels to 2024-10-02T00:00:00+00:00, run_after=2024-10-03T00:00:00+00:00
[2024-10-03T20:46:38.221+0000] {processor.py:175} INFO - Processing /usr/local/lib/python3.9/site-packages/airflow/example_dags/example_branch_labels.py took 0.063 seconds
[2024-10-03T20:47:08.719+0000] {processor.py:153} INFO - Started process (PID=6500) to work on /usr/local/lib/python3.9/site-packages/airflow/example_dags/example_branch_labels.py
[2024-10-03T20:47:08.721+0000] {processor.py:743} INFO - Processing file /usr/local/lib/python3.9/site-packages/airflow/example_dags/example_branch_labels.py for tasks to queue
[2024-10-03T20:47:08.723+0000] {logging_mixin.py:137} INFO - [2024-10-03T20:47:08.722+0000] {dagbag.py:532} INFO - Filling up the DagBag from /usr/local/lib/python3.9/site-packages/airflow/example_dags/example_branch_labels.py
[2024-10-03T20:47:08.734+0000] {processor.py:753} INFO - DAG(s) dict_keys(['example_branch_labels']) retrieved from /usr/local/lib/python3.9/site-packages/airflow/example_dags/example_branch_labels.py
[2024-10-03T20:47:08.748+0000] {logging_mixin.py:137} INFO - [2024-10-03T20:47:08.748+0000] {dag.py:2705} INFO - Sync 1 DAGs
[2024-10-03T20:47:08.759+0000] {logging_mixin.py:137} INFO - [2024-10-03T20:47:08.759+0000] {dag.py:3452} INFO - Setting next_dagrun for example_branch_labels to 2024-10-02T00:00:00+00:00, run_after=2024-10-03T00:00:00+00:00
[2024-10-03T20:47:08.771+0000] {processor.py:175} INFO - Processing /usr/local/lib/python3.9/site-packages/airflow/example_dags/example_branch_labels.py took 0.055 seconds
[2024-10-03T20:47:39.324+0000] {processor.py:153} INFO - Started process (PID=6711) to work on /usr/local/lib/python3.9/site-packages/airflow/example_dags/example_branch_labels.py
[2024-10-03T20:47:39.325+0000] {processor.py:743} INFO - Processing file /usr/local/lib/python3.9/site-packages/airflow/example_dags/example_branch_labels.py for tasks to queue
[2024-10-03T20:47:39.326+0000] {logging_mixin.py:137} INFO - [2024-10-03T20:47:39.325+0000] {dagbag.py:532} INFO - Filling up the DagBag from /usr/local/lib/python3.9/site-packages/airflow/example_dags/example_branch_labels.py
[2024-10-03T20:47:39.339+0000] {processor.py:753} INFO - DAG(s) dict_keys(['example_branch_labels']) retrieved from /usr/local/lib/python3.9/site-packages/airflow/example_dags/example_branch_labels.py
[2024-10-03T20:47:39.352+0000] {logging_mixin.py:137} INFO - [2024-10-03T20:47:39.352+0000] {dag.py:2705} INFO - Sync 1 DAGs
[2024-10-03T20:47:39.364+0000] {logging_mixin.py:137} INFO - [2024-10-03T20:47:39.364+0000] {dag.py:3452} INFO - Setting next_dagrun for example_branch_labels to 2024-10-02T00:00:00+00:00, run_after=2024-10-03T00:00:00+00:00
[2024-10-03T20:47:39.378+0000] {processor.py:175} INFO - Processing /usr/local/lib/python3.9/site-packages/airflow/example_dags/example_branch_labels.py took 0.058 seconds
[2024-10-03T20:48:09.998+0000] {processor.py:153} INFO - Started process (PID=6922) to work on /usr/local/lib/python3.9/site-packages/airflow/example_dags/example_branch_labels.py
[2024-10-03T20:48:10.000+0000] {processor.py:743} INFO - Processing file /usr/local/lib/python3.9/site-packages/airflow/example_dags/example_branch_labels.py for tasks to queue
[2024-10-03T20:48:10.001+0000] {logging_mixin.py:137} INFO - [2024-10-03T20:48:10.001+0000] {dagbag.py:532} INFO - Filling up the DagBag from /usr/local/lib/python3.9/site-packages/airflow/example_dags/example_branch_labels.py
[2024-10-03T20:48:10.017+0000] {processor.py:753} INFO - DAG(s) dict_keys(['example_branch_labels']) retrieved from /usr/local/lib/python3.9/site-packages/airflow/example_dags/example_branch_labels.py
[2024-10-03T20:48:10.034+0000] {logging_mixin.py:137} INFO - [2024-10-03T20:48:10.033+0000] {dag.py:2705} INFO - Sync 1 DAGs
[2024-10-03T20:48:10.045+0000] {logging_mixin.py:137} INFO - [2024-10-03T20:48:10.045+0000] {dag.py:3452} INFO - Setting next_dagrun for example_branch_labels to 2024-10-02T00:00:00+00:00, run_after=2024-10-03T00:00:00+00:00
[2024-10-03T20:48:10.056+0000] {processor.py:175} INFO - Processing /usr/local/lib/python3.9/site-packages/airflow/example_dags/example_branch_labels.py took 0.061 seconds
[2024-10-03T20:48:40.739+0000] {processor.py:153} INFO - Started process (PID=7133) to work on /usr/local/lib/python3.9/site-packages/airflow/example_dags/example_branch_labels.py
[2024-10-03T20:48:40.742+0000] {processor.py:743} INFO - Processing file /usr/local/lib/python3.9/site-packages/airflow/example_dags/example_branch_labels.py for tasks to queue
[2024-10-03T20:48:40.742+0000] {logging_mixin.py:137} INFO - [2024-10-03T20:48:40.742+0000] {dagbag.py:532} INFO - Filling up the DagBag from /usr/local/lib/python3.9/site-packages/airflow/example_dags/example_branch_labels.py
[2024-10-03T20:48:40.755+0000] {processor.py:753} INFO - DAG(s) dict_keys(['example_branch_labels']) retrieved from /usr/local/lib/python3.9/site-packages/airflow/example_dags/example_branch_labels.py
[2024-10-03T20:48:40.771+0000] {logging_mixin.py:137} INFO - [2024-10-03T20:48:40.771+0000] {dag.py:2705} INFO - Sync 1 DAGs
[2024-10-03T20:48:40.782+0000] {logging_mixin.py:137} INFO - [2024-10-03T20:48:40.782+0000] {dag.py:3452} INFO - Setting next_dagrun for example_branch_labels to 2024-10-02T00:00:00+00:00, run_after=2024-10-03T00:00:00+00:00
[2024-10-03T20:48:40.792+0000] {processor.py:175} INFO - Processing /usr/local/lib/python3.9/site-packages/airflow/example_dags/example_branch_labels.py took 0.057 seconds
[2024-10-03T20:49:11.658+0000] {processor.py:153} INFO - Started process (PID=7344) to work on /usr/local/lib/python3.9/site-packages/airflow/example_dags/example_branch_labels.py
[2024-10-03T20:49:11.660+0000] {processor.py:743} INFO - Processing file /usr/local/lib/python3.9/site-packages/airflow/example_dags/example_branch_labels.py for tasks to queue
[2024-10-03T20:49:11.661+0000] {logging_mixin.py:137} INFO - [2024-10-03T20:49:11.661+0000] {dagbag.py:532} INFO - Filling up the DagBag from /usr/local/lib/python3.9/site-packages/airflow/example_dags/example_branch_labels.py
[2024-10-03T20:49:11.674+0000] {processor.py:753} INFO - DAG(s) dict_keys(['example_branch_labels']) retrieved from /usr/local/lib/python3.9/site-packages/airflow/example_dags/example_branch_labels.py
[2024-10-03T20:49:11.693+0000] {logging_mixin.py:137} INFO - [2024-10-03T20:49:11.693+0000] {dag.py:2705} INFO - Sync 1 DAGs
[2024-10-03T20:49:11.706+0000] {logging_mixin.py:137} INFO - [2024-10-03T20:49:11.706+0000] {dag.py:3452} INFO - Setting next_dagrun for example_branch_labels to 2024-10-02T00:00:00+00:00, run_after=2024-10-03T00:00:00+00:00
[2024-10-03T20:49:11.720+0000] {processor.py:175} INFO - Processing /usr/local/lib/python3.9/site-packages/airflow/example_dags/example_branch_labels.py took 0.067 seconds
[2024-10-03T20:49:42.288+0000] {processor.py:153} INFO - Started process (PID=7555) to work on /usr/local/lib/python3.9/site-packages/airflow/example_dags/example_branch_labels.py
[2024-10-03T20:49:42.290+0000] {processor.py:743} INFO - Processing file /usr/local/lib/python3.9/site-packages/airflow/example_dags/example_branch_labels.py for tasks to queue
[2024-10-03T20:49:42.290+0000] {logging_mixin.py:137} INFO - [2024-10-03T20:49:42.290+0000] {dagbag.py:532} INFO - Filling up the DagBag from /usr/local/lib/python3.9/site-packages/airflow/example_dags/example_branch_labels.py
[2024-10-03T20:49:42.305+0000] {processor.py:753} INFO - DAG(s) dict_keys(['example_branch_labels']) retrieved from /usr/local/lib/python3.9/site-packages/airflow/example_dags/example_branch_labels.py
[2024-10-03T20:49:42.319+0000] {logging_mixin.py:137} INFO - [2024-10-03T20:49:42.319+0000] {dag.py:2705} INFO - Sync 1 DAGs
[2024-10-03T20:49:42.331+0000] {logging_mixin.py:137} INFO - [2024-10-03T20:49:42.331+0000] {dag.py:3452} INFO - Setting next_dagrun for example_branch_labels to 2024-10-02T00:00:00+00:00, run_after=2024-10-03T00:00:00+00:00
[2024-10-03T20:49:42.341+0000] {processor.py:175} INFO - Processing /usr/local/lib/python3.9/site-packages/airflow/example_dags/example_branch_labels.py took 0.057 seconds
[2024-10-03T20:50:13.092+0000] {processor.py:153} INFO - Started process (PID=7766) to work on /usr/local/lib/python3.9/site-packages/airflow/example_dags/example_branch_labels.py
[2024-10-03T20:50:13.095+0000] {processor.py:743} INFO - Processing file /usr/local/lib/python3.9/site-packages/airflow/example_dags/example_branch_labels.py for tasks to queue
[2024-10-03T20:50:13.096+0000] {logging_mixin.py:137} INFO - [2024-10-03T20:50:13.096+0000] {dagbag.py:532} INFO - Filling up the DagBag from /usr/local/lib/python3.9/site-packages/airflow/example_dags/example_branch_labels.py
[2024-10-03T20:50:13.115+0000] {processor.py:753} INFO - DAG(s) dict_keys(['example_branch_labels']) retrieved from /usr/local/lib/python3.9/site-packages/airflow/example_dags/example_branch_labels.py
[2024-10-03T20:50:13.139+0000] {logging_mixin.py:137} INFO - [2024-10-03T20:50:13.139+0000] {dag.py:2705} INFO - Sync 1 DAGs
[2024-10-03T20:50:13.153+0000] {logging_mixin.py:137} INFO - [2024-10-03T20:50:13.153+0000] {dag.py:3452} INFO - Setting next_dagrun for example_branch_labels to 2024-10-02T00:00:00+00:00, run_after=2024-10-03T00:00:00+00:00
[2024-10-03T20:50:13.164+0000] {processor.py:175} INFO - Processing /usr/local/lib/python3.9/site-packages/airflow/example_dags/example_branch_labels.py took 0.077 seconds
[2024-10-03T20:50:43.891+0000] {processor.py:153} INFO - Started process (PID=7977) to work on /usr/local/lib/python3.9/site-packages/airflow/example_dags/example_branch_labels.py
[2024-10-03T20:50:43.893+0000] {processor.py:743} INFO - Processing file /usr/local/lib/python3.9/site-packages/airflow/example_dags/example_branch_labels.py for tasks to queue
[2024-10-03T20:50:43.893+0000] {logging_mixin.py:137} INFO - [2024-10-03T20:50:43.893+0000] {dagbag.py:532} INFO - Filling up the DagBag from /usr/local/lib/python3.9/site-packages/airflow/example_dags/example_branch_labels.py
[2024-10-03T20:50:43.910+0000] {processor.py:753} INFO - DAG(s) dict_keys(['example_branch_labels']) retrieved from /usr/local/lib/python3.9/site-packages/airflow/example_dags/example_branch_labels.py
[2024-10-03T20:50:43.928+0000] {logging_mixin.py:137} INFO - [2024-10-03T20:50:43.928+0000] {dag.py:2705} INFO - Sync 1 DAGs
[2024-10-03T20:50:43.944+0000] {logging_mixin.py:137} INFO - [2024-10-03T20:50:43.944+0000] {dag.py:3452} INFO - Setting next_dagrun for example_branch_labels to 2024-10-02T00:00:00+00:00, run_after=2024-10-03T00:00:00+00:00
[2024-10-03T20:50:43.955+0000] {processor.py:175} INFO - Processing /usr/local/lib/python3.9/site-packages/airflow/example_dags/example_branch_labels.py took 0.069 seconds
[2024-10-03T20:51:14.601+0000] {processor.py:153} INFO - Started process (PID=8188) to work on /usr/local/lib/python3.9/site-packages/airflow/example_dags/example_branch_labels.py
[2024-10-03T20:51:14.602+0000] {processor.py:743} INFO - Processing file /usr/local/lib/python3.9/site-packages/airflow/example_dags/example_branch_labels.py for tasks to queue
[2024-10-03T20:51:14.603+0000] {logging_mixin.py:137} INFO - [2024-10-03T20:51:14.603+0000] {dagbag.py:532} INFO - Filling up the DagBag from /usr/local/lib/python3.9/site-packages/airflow/example_dags/example_branch_labels.py
[2024-10-03T20:51:14.617+0000] {processor.py:753} INFO - DAG(s) dict_keys(['example_branch_labels']) retrieved from /usr/local/lib/python3.9/site-packages/airflow/example_dags/example_branch_labels.py
[2024-10-03T20:51:14.634+0000] {logging_mixin.py:137} INFO - [2024-10-03T20:51:14.634+0000] {dag.py:2705} INFO - Sync 1 DAGs
[2024-10-03T20:51:14.649+0000] {logging_mixin.py:137} INFO - [2024-10-03T20:51:14.649+0000] {dag.py:3452} INFO - Setting next_dagrun for example_branch_labels to 2024-10-02T00:00:00+00:00, run_after=2024-10-03T00:00:00+00:00
[2024-10-03T20:51:14.659+0000] {processor.py:175} INFO - Processing /usr/local/lib/python3.9/site-packages/airflow/example_dags/example_branch_labels.py took 0.063 seconds
[2024-10-03T20:51:45.648+0000] {processor.py:153} INFO - Started process (PID=8399) to work on /usr/local/lib/python3.9/site-packages/airflow/example_dags/example_branch_labels.py
[2024-10-03T20:51:45.649+0000] {processor.py:743} INFO - Processing file /usr/local/lib/python3.9/site-packages/airflow/example_dags/example_branch_labels.py for tasks to queue
[2024-10-03T20:51:45.649+0000] {logging_mixin.py:137} INFO - [2024-10-03T20:51:45.649+0000] {dagbag.py:532} INFO - Filling up the DagBag from /usr/local/lib/python3.9/site-packages/airflow/example_dags/example_branch_labels.py
[2024-10-03T20:51:45.660+0000] {processor.py:753} INFO - DAG(s) dict_keys(['example_branch_labels']) retrieved from /usr/local/lib/python3.9/site-packages/airflow/example_dags/example_branch_labels.py
[2024-10-03T20:51:45.674+0000] {logging_mixin.py:137} INFO - [2024-10-03T20:51:45.674+0000] {dag.py:2705} INFO - Sync 1 DAGs
[2024-10-03T20:51:45.689+0000] {logging_mixin.py:137} INFO - [2024-10-03T20:51:45.689+0000] {dag.py:3452} INFO - Setting next_dagrun for example_branch_labels to 2024-10-02T00:00:00+00:00, run_after=2024-10-03T00:00:00+00:00
[2024-10-03T20:51:45.703+0000] {processor.py:175} INFO - Processing /usr/local/lib/python3.9/site-packages/airflow/example_dags/example_branch_labels.py took 0.059 seconds
[2024-10-03T20:52:16.731+0000] {processor.py:153} INFO - Started process (PID=8610) to work on /usr/local/lib/python3.9/site-packages/airflow/example_dags/example_branch_labels.py
[2024-10-03T20:52:16.732+0000] {processor.py:743} INFO - Processing file /usr/local/lib/python3.9/site-packages/airflow/example_dags/example_branch_labels.py for tasks to queue
[2024-10-03T20:52:16.733+0000] {logging_mixin.py:137} INFO - [2024-10-03T20:52:16.733+0000] {dagbag.py:532} INFO - Filling up the DagBag from /usr/local/lib/python3.9/site-packages/airflow/example_dags/example_branch_labels.py
[2024-10-03T20:52:16.761+0000] {processor.py:753} INFO - DAG(s) dict_keys(['example_branch_labels']) retrieved from /usr/local/lib/python3.9/site-packages/airflow/example_dags/example_branch_labels.py
[2024-10-03T20:52:16.785+0000] {logging_mixin.py:137} INFO - [2024-10-03T20:52:16.784+0000] {dag.py:2705} INFO - Sync 1 DAGs
[2024-10-03T20:52:16.801+0000] {logging_mixin.py:137} INFO - [2024-10-03T20:52:16.801+0000] {dag.py:3452} INFO - Setting next_dagrun for example_branch_labels to 2024-10-02T00:00:00+00:00, run_after=2024-10-03T00:00:00+00:00
[2024-10-03T20:52:16.813+0000] {processor.py:175} INFO - Processing /usr/local/lib/python3.9/site-packages/airflow/example_dags/example_branch_labels.py took 0.088 seconds
[2024-10-03T20:52:47.762+0000] {processor.py:153} INFO - Started process (PID=8821) to work on /usr/local/lib/python3.9/site-packages/airflow/example_dags/example_branch_labels.py
[2024-10-03T20:52:47.764+0000] {processor.py:743} INFO - Processing file /usr/local/lib/python3.9/site-packages/airflow/example_dags/example_branch_labels.py for tasks to queue
[2024-10-03T20:52:47.765+0000] {logging_mixin.py:137} INFO - [2024-10-03T20:52:47.764+0000] {dagbag.py:532} INFO - Filling up the DagBag from /usr/local/lib/python3.9/site-packages/airflow/example_dags/example_branch_labels.py
[2024-10-03T20:52:47.783+0000] {processor.py:753} INFO - DAG(s) dict_keys(['example_branch_labels']) retrieved from /usr/local/lib/python3.9/site-packages/airflow/example_dags/example_branch_labels.py
[2024-10-03T20:52:47.803+0000] {logging_mixin.py:137} INFO - [2024-10-03T20:52:47.803+0000] {dag.py:2705} INFO - Sync 1 DAGs
[2024-10-03T20:52:47.815+0000] {logging_mixin.py:137} INFO - [2024-10-03T20:52:47.814+0000] {dag.py:3452} INFO - Setting next_dagrun for example_branch_labels to 2024-10-02T00:00:00+00:00, run_after=2024-10-03T00:00:00+00:00
[2024-10-03T20:52:47.824+0000] {processor.py:175} INFO - Processing /usr/local/lib/python3.9/site-packages/airflow/example_dags/example_branch_labels.py took 0.067 seconds
