[2024-10-03T20:32:02.291+0000] {processor.py:153} INFO - Started process (PID=360) to work on /usr/local/lib/python3.9/site-packages/airflow/example_dags/example_kubernetes_executor.py
[2024-10-03T20:32:02.291+0000] {processor.py:743} INFO - Processing file /usr/local/lib/python3.9/site-packages/airflow/example_dags/example_kubernetes_executor.py for tasks to queue
[2024-10-03T20:32:02.292+0000] {logging_mixin.py:137} INFO - [2024-10-03T20:32:02.292+0000] {dagbag.py:532} INFO - Filling up the DagBag from /usr/local/lib/python3.9/site-packages/airflow/example_dags/example_kubernetes_executor.py
[2024-10-03T20:32:02.301+0000] {logging_mixin.py:137} INFO - [2024-10-03T20:32:02.301+0000] {example_kubernetes_executor.py:41} WARNING - The example_kubernetes_executor example DAG requires the kubernetes provider. Please install it with: pip install apache-airflow[cncf.kubernetes]
[2024-10-03T20:32:02.302+0000] {processor.py:755} WARNING - No viable dags retrieved from /usr/local/lib/python3.9/site-packages/airflow/example_dags/example_kubernetes_executor.py
[2024-10-03T20:32:02.311+0000] {processor.py:175} INFO - Processing /usr/local/lib/python3.9/site-packages/airflow/example_dags/example_kubernetes_executor.py took 0.022 seconds
[2024-10-03T20:32:36.232+0000] {processor.py:153} INFO - Started process (PID=575) to work on /usr/local/lib/python3.9/site-packages/airflow/example_dags/example_kubernetes_executor.py
[2024-10-03T20:32:36.239+0000] {processor.py:743} INFO - Processing file /usr/local/lib/python3.9/site-packages/airflow/example_dags/example_kubernetes_executor.py for tasks to queue
[2024-10-03T20:32:36.239+0000] {logging_mixin.py:137} INFO - [2024-10-03T20:32:36.239+0000] {dagbag.py:532} INFO - Filling up the DagBag from /usr/local/lib/python3.9/site-packages/airflow/example_dags/example_kubernetes_executor.py
[2024-10-03T20:32:36.248+0000] {logging_mixin.py:137} INFO - [2024-10-03T20:32:36.248+0000] {example_kubernetes_executor.py:41} WARNING - The example_kubernetes_executor example DAG requires the kubernetes provider. Please install it with: pip install apache-airflow[cncf.kubernetes]
[2024-10-03T20:32:36.248+0000] {processor.py:755} WARNING - No viable dags retrieved from /usr/local/lib/python3.9/site-packages/airflow/example_dags/example_kubernetes_executor.py
[2024-10-03T20:32:36.255+0000] {processor.py:175} INFO - Processing /usr/local/lib/python3.9/site-packages/airflow/example_dags/example_kubernetes_executor.py took 0.026 seconds
[2024-10-03T20:33:10.973+0000] {processor.py:153} INFO - Started process (PID=786) to work on /usr/local/lib/python3.9/site-packages/airflow/example_dags/example_kubernetes_executor.py
[2024-10-03T20:33:10.974+0000] {processor.py:743} INFO - Processing file /usr/local/lib/python3.9/site-packages/airflow/example_dags/example_kubernetes_executor.py for tasks to queue
[2024-10-03T20:33:10.974+0000] {logging_mixin.py:137} INFO - [2024-10-03T20:33:10.974+0000] {dagbag.py:532} INFO - Filling up the DagBag from /usr/local/lib/python3.9/site-packages/airflow/example_dags/example_kubernetes_executor.py
[2024-10-03T20:33:10.993+0000] {logging_mixin.py:137} INFO - [2024-10-03T20:33:10.992+0000] {example_kubernetes_executor.py:41} WARNING - The example_kubernetes_executor example DAG requires the kubernetes provider. Please install it with: pip install apache-airflow[cncf.kubernetes]
[2024-10-03T20:33:10.995+0000] {processor.py:755} WARNING - No viable dags retrieved from /usr/local/lib/python3.9/site-packages/airflow/example_dags/example_kubernetes_executor.py
[2024-10-03T20:33:11.009+0000] {processor.py:175} INFO - Processing /usr/local/lib/python3.9/site-packages/airflow/example_dags/example_kubernetes_executor.py took 0.038 seconds
[2024-10-03T20:33:41.857+0000] {processor.py:153} INFO - Started process (PID=997) to work on /usr/local/lib/python3.9/site-packages/airflow/example_dags/example_kubernetes_executor.py
[2024-10-03T20:33:41.864+0000] {processor.py:743} INFO - Processing file /usr/local/lib/python3.9/site-packages/airflow/example_dags/example_kubernetes_executor.py for tasks to queue
[2024-10-03T20:33:41.864+0000] {logging_mixin.py:137} INFO - [2024-10-03T20:33:41.864+0000] {dagbag.py:532} INFO - Filling up the DagBag from /usr/local/lib/python3.9/site-packages/airflow/example_dags/example_kubernetes_executor.py
[2024-10-03T20:33:41.871+0000] {logging_mixin.py:137} INFO - [2024-10-03T20:33:41.871+0000] {example_kubernetes_executor.py:41} WARNING - The example_kubernetes_executor example DAG requires the kubernetes provider. Please install it with: pip install apache-airflow[cncf.kubernetes]
[2024-10-03T20:33:41.871+0000] {processor.py:755} WARNING - No viable dags retrieved from /usr/local/lib/python3.9/site-packages/airflow/example_dags/example_kubernetes_executor.py
[2024-10-03T20:33:41.890+0000] {processor.py:175} INFO - Processing /usr/local/lib/python3.9/site-packages/airflow/example_dags/example_kubernetes_executor.py took 0.057 seconds
[2024-10-03T20:34:12.396+0000] {processor.py:153} INFO - Started process (PID=1208) to work on /usr/local/lib/python3.9/site-packages/airflow/example_dags/example_kubernetes_executor.py
[2024-10-03T20:34:12.398+0000] {processor.py:743} INFO - Processing file /usr/local/lib/python3.9/site-packages/airflow/example_dags/example_kubernetes_executor.py for tasks to queue
[2024-10-03T20:34:12.398+0000] {logging_mixin.py:137} INFO - [2024-10-03T20:34:12.398+0000] {dagbag.py:532} INFO - Filling up the DagBag from /usr/local/lib/python3.9/site-packages/airflow/example_dags/example_kubernetes_executor.py
[2024-10-03T20:34:12.407+0000] {logging_mixin.py:137} INFO - [2024-10-03T20:34:12.407+0000] {example_kubernetes_executor.py:41} WARNING - The example_kubernetes_executor example DAG requires the kubernetes provider. Please install it with: pip install apache-airflow[cncf.kubernetes]
[2024-10-03T20:34:12.407+0000] {processor.py:755} WARNING - No viable dags retrieved from /usr/local/lib/python3.9/site-packages/airflow/example_dags/example_kubernetes_executor.py
[2024-10-03T20:34:12.414+0000] {processor.py:175} INFO - Processing /usr/local/lib/python3.9/site-packages/airflow/example_dags/example_kubernetes_executor.py took 0.020 seconds
[2024-10-03T20:34:46.984+0000] {processor.py:153} INFO - Started process (PID=1419) to work on /usr/local/lib/python3.9/site-packages/airflow/example_dags/example_kubernetes_executor.py
[2024-10-03T20:34:47.014+0000] {processor.py:743} INFO - Processing file /usr/local/lib/python3.9/site-packages/airflow/example_dags/example_kubernetes_executor.py for tasks to queue
[2024-10-03T20:34:47.024+0000] {logging_mixin.py:137} INFO - [2024-10-03T20:34:47.024+0000] {dagbag.py:532} INFO - Filling up the DagBag from /usr/local/lib/python3.9/site-packages/airflow/example_dags/example_kubernetes_executor.py
[2024-10-03T20:34:47.070+0000] {logging_mixin.py:137} INFO - [2024-10-03T20:34:47.069+0000] {example_kubernetes_executor.py:41} WARNING - The example_kubernetes_executor example DAG requires the kubernetes provider. Please install it with: pip install apache-airflow[cncf.kubernetes]
[2024-10-03T20:34:47.073+0000] {processor.py:755} WARNING - No viable dags retrieved from /usr/local/lib/python3.9/site-packages/airflow/example_dags/example_kubernetes_executor.py
[2024-10-03T20:34:47.173+0000] {processor.py:175} INFO - Processing /usr/local/lib/python3.9/site-packages/airflow/example_dags/example_kubernetes_executor.py took 0.202 seconds
[2024-10-03T20:35:17.270+0000] {processor.py:153} INFO - Started process (PID=1625) to work on /usr/local/lib/python3.9/site-packages/airflow/example_dags/example_kubernetes_executor.py
[2024-10-03T20:35:17.275+0000] {processor.py:743} INFO - Processing file /usr/local/lib/python3.9/site-packages/airflow/example_dags/example_kubernetes_executor.py for tasks to queue
[2024-10-03T20:35:17.275+0000] {logging_mixin.py:137} INFO - [2024-10-03T20:35:17.275+0000] {dagbag.py:532} INFO - Filling up the DagBag from /usr/local/lib/python3.9/site-packages/airflow/example_dags/example_kubernetes_executor.py
[2024-10-03T20:35:17.286+0000] {logging_mixin.py:137} INFO - [2024-10-03T20:35:17.286+0000] {example_kubernetes_executor.py:41} WARNING - The example_kubernetes_executor example DAG requires the kubernetes provider. Please install it with: pip install apache-airflow[cncf.kubernetes]
[2024-10-03T20:35:17.286+0000] {processor.py:755} WARNING - No viable dags retrieved from /usr/local/lib/python3.9/site-packages/airflow/example_dags/example_kubernetes_executor.py
[2024-10-03T20:35:17.303+0000] {processor.py:175} INFO - Processing /usr/local/lib/python3.9/site-packages/airflow/example_dags/example_kubernetes_executor.py took 0.035 seconds
[2024-10-03T20:35:47.412+0000] {processor.py:153} INFO - Started process (PID=1830) to work on /usr/local/lib/python3.9/site-packages/airflow/example_dags/example_kubernetes_executor.py
[2024-10-03T20:35:47.414+0000] {processor.py:743} INFO - Processing file /usr/local/lib/python3.9/site-packages/airflow/example_dags/example_kubernetes_executor.py for tasks to queue
[2024-10-03T20:35:47.416+0000] {logging_mixin.py:137} INFO - [2024-10-03T20:35:47.416+0000] {dagbag.py:532} INFO - Filling up the DagBag from /usr/local/lib/python3.9/site-packages/airflow/example_dags/example_kubernetes_executor.py
[2024-10-03T20:35:47.426+0000] {logging_mixin.py:137} INFO - [2024-10-03T20:35:47.426+0000] {example_kubernetes_executor.py:41} WARNING - The example_kubernetes_executor example DAG requires the kubernetes provider. Please install it with: pip install apache-airflow[cncf.kubernetes]
[2024-10-03T20:35:47.426+0000] {processor.py:755} WARNING - No viable dags retrieved from /usr/local/lib/python3.9/site-packages/airflow/example_dags/example_kubernetes_executor.py
[2024-10-03T20:35:47.435+0000] {processor.py:175} INFO - Processing /usr/local/lib/python3.9/site-packages/airflow/example_dags/example_kubernetes_executor.py took 0.026 seconds
[2024-10-03T20:36:18.323+0000] {processor.py:153} INFO - Started process (PID=2043) to work on /usr/local/lib/python3.9/site-packages/airflow/example_dags/example_kubernetes_executor.py
[2024-10-03T20:36:18.324+0000] {processor.py:743} INFO - Processing file /usr/local/lib/python3.9/site-packages/airflow/example_dags/example_kubernetes_executor.py for tasks to queue
[2024-10-03T20:36:18.325+0000] {logging_mixin.py:137} INFO - [2024-10-03T20:36:18.325+0000] {dagbag.py:532} INFO - Filling up the DagBag from /usr/local/lib/python3.9/site-packages/airflow/example_dags/example_kubernetes_executor.py
[2024-10-03T20:36:18.332+0000] {logging_mixin.py:137} INFO - [2024-10-03T20:36:18.332+0000] {example_kubernetes_executor.py:41} WARNING - The example_kubernetes_executor example DAG requires the kubernetes provider. Please install it with: pip install apache-airflow[cncf.kubernetes]
[2024-10-03T20:36:18.332+0000] {processor.py:755} WARNING - No viable dags retrieved from /usr/local/lib/python3.9/site-packages/airflow/example_dags/example_kubernetes_executor.py
[2024-10-03T20:36:18.341+0000] {processor.py:175} INFO - Processing /usr/local/lib/python3.9/site-packages/airflow/example_dags/example_kubernetes_executor.py took 0.020 seconds
[2024-10-03T20:36:49.224+0000] {processor.py:153} INFO - Started process (PID=2252) to work on /usr/local/lib/python3.9/site-packages/airflow/example_dags/example_kubernetes_executor.py
[2024-10-03T20:36:49.225+0000] {processor.py:743} INFO - Processing file /usr/local/lib/python3.9/site-packages/airflow/example_dags/example_kubernetes_executor.py for tasks to queue
[2024-10-03T20:36:49.225+0000] {logging_mixin.py:137} INFO - [2024-10-03T20:36:49.225+0000] {dagbag.py:532} INFO - Filling up the DagBag from /usr/local/lib/python3.9/site-packages/airflow/example_dags/example_kubernetes_executor.py
[2024-10-03T20:36:49.231+0000] {logging_mixin.py:137} INFO - [2024-10-03T20:36:49.231+0000] {example_kubernetes_executor.py:41} WARNING - The example_kubernetes_executor example DAG requires the kubernetes provider. Please install it with: pip install apache-airflow[cncf.kubernetes]
[2024-10-03T20:36:49.231+0000] {processor.py:755} WARNING - No viable dags retrieved from /usr/local/lib/python3.9/site-packages/airflow/example_dags/example_kubernetes_executor.py
[2024-10-03T20:36:49.236+0000] {processor.py:175} INFO - Processing /usr/local/lib/python3.9/site-packages/airflow/example_dags/example_kubernetes_executor.py took 0.014 seconds
[2024-10-03T20:37:20.239+0000] {processor.py:153} INFO - Started process (PID=2463) to work on /usr/local/lib/python3.9/site-packages/airflow/example_dags/example_kubernetes_executor.py
[2024-10-03T20:37:20.244+0000] {processor.py:743} INFO - Processing file /usr/local/lib/python3.9/site-packages/airflow/example_dags/example_kubernetes_executor.py for tasks to queue
[2024-10-03T20:37:20.247+0000] {logging_mixin.py:137} INFO - [2024-10-03T20:37:20.247+0000] {dagbag.py:532} INFO - Filling up the DagBag from /usr/local/lib/python3.9/site-packages/airflow/example_dags/example_kubernetes_executor.py
[2024-10-03T20:37:20.260+0000] {logging_mixin.py:137} INFO - [2024-10-03T20:37:20.259+0000] {example_kubernetes_executor.py:41} WARNING - The example_kubernetes_executor example DAG requires the kubernetes provider. Please install it with: pip install apache-airflow[cncf.kubernetes]
[2024-10-03T20:37:20.260+0000] {processor.py:755} WARNING - No viable dags retrieved from /usr/local/lib/python3.9/site-packages/airflow/example_dags/example_kubernetes_executor.py
[2024-10-03T20:37:20.271+0000] {processor.py:175} INFO - Processing /usr/local/lib/python3.9/site-packages/airflow/example_dags/example_kubernetes_executor.py took 0.035 seconds
[2024-10-03T20:37:50.423+0000] {processor.py:153} INFO - Started process (PID=2674) to work on /usr/local/lib/python3.9/site-packages/airflow/example_dags/example_kubernetes_executor.py
[2024-10-03T20:37:50.426+0000] {processor.py:743} INFO - Processing file /usr/local/lib/python3.9/site-packages/airflow/example_dags/example_kubernetes_executor.py for tasks to queue
[2024-10-03T20:37:50.427+0000] {logging_mixin.py:137} INFO - [2024-10-03T20:37:50.427+0000] {dagbag.py:532} INFO - Filling up the DagBag from /usr/local/lib/python3.9/site-packages/airflow/example_dags/example_kubernetes_executor.py
[2024-10-03T20:37:50.437+0000] {logging_mixin.py:137} INFO - [2024-10-03T20:37:50.437+0000] {example_kubernetes_executor.py:41} WARNING - The example_kubernetes_executor example DAG requires the kubernetes provider. Please install it with: pip install apache-airflow[cncf.kubernetes]
[2024-10-03T20:37:50.437+0000] {processor.py:755} WARNING - No viable dags retrieved from /usr/local/lib/python3.9/site-packages/airflow/example_dags/example_kubernetes_executor.py
[2024-10-03T20:37:50.449+0000] {processor.py:175} INFO - Processing /usr/local/lib/python3.9/site-packages/airflow/example_dags/example_kubernetes_executor.py took 0.027 seconds
[2024-10-03T20:38:21.372+0000] {processor.py:153} INFO - Started process (PID=2885) to work on /usr/local/lib/python3.9/site-packages/airflow/example_dags/example_kubernetes_executor.py
[2024-10-03T20:38:21.373+0000] {processor.py:743} INFO - Processing file /usr/local/lib/python3.9/site-packages/airflow/example_dags/example_kubernetes_executor.py for tasks to queue
[2024-10-03T20:38:21.374+0000] {logging_mixin.py:137} INFO - [2024-10-03T20:38:21.374+0000] {dagbag.py:532} INFO - Filling up the DagBag from /usr/local/lib/python3.9/site-packages/airflow/example_dags/example_kubernetes_executor.py
[2024-10-03T20:38:21.383+0000] {logging_mixin.py:137} INFO - [2024-10-03T20:38:21.383+0000] {example_kubernetes_executor.py:41} WARNING - The example_kubernetes_executor example DAG requires the kubernetes provider. Please install it with: pip install apache-airflow[cncf.kubernetes]
[2024-10-03T20:38:21.384+0000] {processor.py:755} WARNING - No viable dags retrieved from /usr/local/lib/python3.9/site-packages/airflow/example_dags/example_kubernetes_executor.py
[2024-10-03T20:38:21.389+0000] {processor.py:175} INFO - Processing /usr/local/lib/python3.9/site-packages/airflow/example_dags/example_kubernetes_executor.py took 0.018 seconds
[2024-10-03T20:38:52.135+0000] {processor.py:153} INFO - Started process (PID=3096) to work on /usr/local/lib/python3.9/site-packages/airflow/example_dags/example_kubernetes_executor.py
[2024-10-03T20:38:52.135+0000] {processor.py:743} INFO - Processing file /usr/local/lib/python3.9/site-packages/airflow/example_dags/example_kubernetes_executor.py for tasks to queue
[2024-10-03T20:38:52.135+0000] {logging_mixin.py:137} INFO - [2024-10-03T20:38:52.135+0000] {dagbag.py:532} INFO - Filling up the DagBag from /usr/local/lib/python3.9/site-packages/airflow/example_dags/example_kubernetes_executor.py
[2024-10-03T20:38:52.142+0000] {logging_mixin.py:137} INFO - [2024-10-03T20:38:52.142+0000] {example_kubernetes_executor.py:41} WARNING - The example_kubernetes_executor example DAG requires the kubernetes provider. Please install it with: pip install apache-airflow[cncf.kubernetes]
[2024-10-03T20:38:52.142+0000] {processor.py:755} WARNING - No viable dags retrieved from /usr/local/lib/python3.9/site-packages/airflow/example_dags/example_kubernetes_executor.py
[2024-10-03T20:38:52.147+0000] {processor.py:175} INFO - Processing /usr/local/lib/python3.9/site-packages/airflow/example_dags/example_kubernetes_executor.py took 0.014 seconds
[2024-10-03T20:39:23.007+0000] {processor.py:153} INFO - Started process (PID=3307) to work on /usr/local/lib/python3.9/site-packages/airflow/example_dags/example_kubernetes_executor.py
[2024-10-03T20:39:23.008+0000] {processor.py:743} INFO - Processing file /usr/local/lib/python3.9/site-packages/airflow/example_dags/example_kubernetes_executor.py for tasks to queue
[2024-10-03T20:39:23.008+0000] {logging_mixin.py:137} INFO - [2024-10-03T20:39:23.008+0000] {dagbag.py:532} INFO - Filling up the DagBag from /usr/local/lib/python3.9/site-packages/airflow/example_dags/example_kubernetes_executor.py
[2024-10-03T20:39:23.014+0000] {logging_mixin.py:137} INFO - [2024-10-03T20:39:23.014+0000] {example_kubernetes_executor.py:41} WARNING - The example_kubernetes_executor example DAG requires the kubernetes provider. Please install it with: pip install apache-airflow[cncf.kubernetes]
[2024-10-03T20:39:23.015+0000] {processor.py:755} WARNING - No viable dags retrieved from /usr/local/lib/python3.9/site-packages/airflow/example_dags/example_kubernetes_executor.py
[2024-10-03T20:39:23.019+0000] {processor.py:175} INFO - Processing /usr/local/lib/python3.9/site-packages/airflow/example_dags/example_kubernetes_executor.py took 0.013 seconds
[2024-10-03T20:39:53.779+0000] {processor.py:153} INFO - Started process (PID=3518) to work on /usr/local/lib/python3.9/site-packages/airflow/example_dags/example_kubernetes_executor.py
[2024-10-03T20:39:53.780+0000] {processor.py:743} INFO - Processing file /usr/local/lib/python3.9/site-packages/airflow/example_dags/example_kubernetes_executor.py for tasks to queue
[2024-10-03T20:39:53.781+0000] {logging_mixin.py:137} INFO - [2024-10-03T20:39:53.781+0000] {dagbag.py:532} INFO - Filling up the DagBag from /usr/local/lib/python3.9/site-packages/airflow/example_dags/example_kubernetes_executor.py
[2024-10-03T20:39:53.794+0000] {logging_mixin.py:137} INFO - [2024-10-03T20:39:53.794+0000] {example_kubernetes_executor.py:41} WARNING - The example_kubernetes_executor example DAG requires the kubernetes provider. Please install it with: pip install apache-airflow[cncf.kubernetes]
[2024-10-03T20:39:53.794+0000] {processor.py:755} WARNING - No viable dags retrieved from /usr/local/lib/python3.9/site-packages/airflow/example_dags/example_kubernetes_executor.py
[2024-10-03T20:39:53.806+0000] {processor.py:175} INFO - Processing /usr/local/lib/python3.9/site-packages/airflow/example_dags/example_kubernetes_executor.py took 0.029 seconds
[2024-10-03T20:40:24.628+0000] {processor.py:153} INFO - Started process (PID=3729) to work on /usr/local/lib/python3.9/site-packages/airflow/example_dags/example_kubernetes_executor.py
[2024-10-03T20:40:24.631+0000] {processor.py:743} INFO - Processing file /usr/local/lib/python3.9/site-packages/airflow/example_dags/example_kubernetes_executor.py for tasks to queue
[2024-10-03T20:40:24.632+0000] {logging_mixin.py:137} INFO - [2024-10-03T20:40:24.632+0000] {dagbag.py:532} INFO - Filling up the DagBag from /usr/local/lib/python3.9/site-packages/airflow/example_dags/example_kubernetes_executor.py
[2024-10-03T20:40:24.641+0000] {logging_mixin.py:137} INFO - [2024-10-03T20:40:24.641+0000] {example_kubernetes_executor.py:41} WARNING - The example_kubernetes_executor example DAG requires the kubernetes provider. Please install it with: pip install apache-airflow[cncf.kubernetes]
[2024-10-03T20:40:24.641+0000] {processor.py:755} WARNING - No viable dags retrieved from /usr/local/lib/python3.9/site-packages/airflow/example_dags/example_kubernetes_executor.py
[2024-10-03T20:40:24.654+0000] {processor.py:175} INFO - Processing /usr/local/lib/python3.9/site-packages/airflow/example_dags/example_kubernetes_executor.py took 0.028 seconds
[2024-10-03T20:40:55.540+0000] {processor.py:153} INFO - Started process (PID=3940) to work on /usr/local/lib/python3.9/site-packages/airflow/example_dags/example_kubernetes_executor.py
[2024-10-03T20:40:55.541+0000] {processor.py:743} INFO - Processing file /usr/local/lib/python3.9/site-packages/airflow/example_dags/example_kubernetes_executor.py for tasks to queue
[2024-10-03T20:40:55.541+0000] {logging_mixin.py:137} INFO - [2024-10-03T20:40:55.541+0000] {dagbag.py:532} INFO - Filling up the DagBag from /usr/local/lib/python3.9/site-packages/airflow/example_dags/example_kubernetes_executor.py
[2024-10-03T20:40:55.548+0000] {logging_mixin.py:137} INFO - [2024-10-03T20:40:55.548+0000] {example_kubernetes_executor.py:41} WARNING - The example_kubernetes_executor example DAG requires the kubernetes provider. Please install it with: pip install apache-airflow[cncf.kubernetes]
[2024-10-03T20:40:55.548+0000] {processor.py:755} WARNING - No viable dags retrieved from /usr/local/lib/python3.9/site-packages/airflow/example_dags/example_kubernetes_executor.py
[2024-10-03T20:40:55.553+0000] {processor.py:175} INFO - Processing /usr/local/lib/python3.9/site-packages/airflow/example_dags/example_kubernetes_executor.py took 0.014 seconds
[2024-10-03T20:41:26.194+0000] {processor.py:153} INFO - Started process (PID=4151) to work on /usr/local/lib/python3.9/site-packages/airflow/example_dags/example_kubernetes_executor.py
[2024-10-03T20:41:26.196+0000] {processor.py:743} INFO - Processing file /usr/local/lib/python3.9/site-packages/airflow/example_dags/example_kubernetes_executor.py for tasks to queue
[2024-10-03T20:41:26.196+0000] {logging_mixin.py:137} INFO - [2024-10-03T20:41:26.196+0000] {dagbag.py:532} INFO - Filling up the DagBag from /usr/local/lib/python3.9/site-packages/airflow/example_dags/example_kubernetes_executor.py
[2024-10-03T20:41:26.204+0000] {logging_mixin.py:137} INFO - [2024-10-03T20:41:26.204+0000] {example_kubernetes_executor.py:41} WARNING - The example_kubernetes_executor example DAG requires the kubernetes provider. Please install it with: pip install apache-airflow[cncf.kubernetes]
[2024-10-03T20:41:26.204+0000] {processor.py:755} WARNING - No viable dags retrieved from /usr/local/lib/python3.9/site-packages/airflow/example_dags/example_kubernetes_executor.py
[2024-10-03T20:41:26.212+0000] {processor.py:175} INFO - Processing /usr/local/lib/python3.9/site-packages/airflow/example_dags/example_kubernetes_executor.py took 0.020 seconds
[2024-10-03T20:41:56.837+0000] {processor.py:153} INFO - Started process (PID=4362) to work on /usr/local/lib/python3.9/site-packages/airflow/example_dags/example_kubernetes_executor.py
[2024-10-03T20:41:56.838+0000] {processor.py:743} INFO - Processing file /usr/local/lib/python3.9/site-packages/airflow/example_dags/example_kubernetes_executor.py for tasks to queue
[2024-10-03T20:41:56.838+0000] {logging_mixin.py:137} INFO - [2024-10-03T20:41:56.838+0000] {dagbag.py:532} INFO - Filling up the DagBag from /usr/local/lib/python3.9/site-packages/airflow/example_dags/example_kubernetes_executor.py
[2024-10-03T20:41:56.845+0000] {logging_mixin.py:137} INFO - [2024-10-03T20:41:56.845+0000] {example_kubernetes_executor.py:41} WARNING - The example_kubernetes_executor example DAG requires the kubernetes provider. Please install it with: pip install apache-airflow[cncf.kubernetes]
[2024-10-03T20:41:56.845+0000] {processor.py:755} WARNING - No viable dags retrieved from /usr/local/lib/python3.9/site-packages/airflow/example_dags/example_kubernetes_executor.py
[2024-10-03T20:41:56.849+0000] {processor.py:175} INFO - Processing /usr/local/lib/python3.9/site-packages/airflow/example_dags/example_kubernetes_executor.py took 0.013 seconds
[2024-10-03T20:42:27.509+0000] {processor.py:153} INFO - Started process (PID=4573) to work on /usr/local/lib/python3.9/site-packages/airflow/example_dags/example_kubernetes_executor.py
[2024-10-03T20:42:27.510+0000] {processor.py:743} INFO - Processing file /usr/local/lib/python3.9/site-packages/airflow/example_dags/example_kubernetes_executor.py for tasks to queue
[2024-10-03T20:42:27.510+0000] {logging_mixin.py:137} INFO - [2024-10-03T20:42:27.510+0000] {dagbag.py:532} INFO - Filling up the DagBag from /usr/local/lib/python3.9/site-packages/airflow/example_dags/example_kubernetes_executor.py
[2024-10-03T20:42:27.517+0000] {logging_mixin.py:137} INFO - [2024-10-03T20:42:27.517+0000] {example_kubernetes_executor.py:41} WARNING - The example_kubernetes_executor example DAG requires the kubernetes provider. Please install it with: pip install apache-airflow[cncf.kubernetes]
[2024-10-03T20:42:27.517+0000] {processor.py:755} WARNING - No viable dags retrieved from /usr/local/lib/python3.9/site-packages/airflow/example_dags/example_kubernetes_executor.py
[2024-10-03T20:42:27.522+0000] {processor.py:175} INFO - Processing /usr/local/lib/python3.9/site-packages/airflow/example_dags/example_kubernetes_executor.py took 0.015 seconds
[2024-10-03T20:42:58.121+0000] {processor.py:153} INFO - Started process (PID=4784) to work on /usr/local/lib/python3.9/site-packages/airflow/example_dags/example_kubernetes_executor.py
[2024-10-03T20:42:58.122+0000] {processor.py:743} INFO - Processing file /usr/local/lib/python3.9/site-packages/airflow/example_dags/example_kubernetes_executor.py for tasks to queue
[2024-10-03T20:42:58.123+0000] {logging_mixin.py:137} INFO - [2024-10-03T20:42:58.122+0000] {dagbag.py:532} INFO - Filling up the DagBag from /usr/local/lib/python3.9/site-packages/airflow/example_dags/example_kubernetes_executor.py
[2024-10-03T20:42:58.129+0000] {logging_mixin.py:137} INFO - [2024-10-03T20:42:58.129+0000] {example_kubernetes_executor.py:41} WARNING - The example_kubernetes_executor example DAG requires the kubernetes provider. Please install it with: pip install apache-airflow[cncf.kubernetes]
[2024-10-03T20:42:58.129+0000] {processor.py:755} WARNING - No viable dags retrieved from /usr/local/lib/python3.9/site-packages/airflow/example_dags/example_kubernetes_executor.py
[2024-10-03T20:42:58.137+0000] {processor.py:175} INFO - Processing /usr/local/lib/python3.9/site-packages/airflow/example_dags/example_kubernetes_executor.py took 0.018 seconds
[2024-10-03T20:43:28.757+0000] {processor.py:153} INFO - Started process (PID=4995) to work on /usr/local/lib/python3.9/site-packages/airflow/example_dags/example_kubernetes_executor.py
[2024-10-03T20:43:28.760+0000] {processor.py:743} INFO - Processing file /usr/local/lib/python3.9/site-packages/airflow/example_dags/example_kubernetes_executor.py for tasks to queue
[2024-10-03T20:43:28.760+0000] {logging_mixin.py:137} INFO - [2024-10-03T20:43:28.760+0000] {dagbag.py:532} INFO - Filling up the DagBag from /usr/local/lib/python3.9/site-packages/airflow/example_dags/example_kubernetes_executor.py
[2024-10-03T20:43:28.767+0000] {logging_mixin.py:137} INFO - [2024-10-03T20:43:28.767+0000] {example_kubernetes_executor.py:41} WARNING - The example_kubernetes_executor example DAG requires the kubernetes provider. Please install it with: pip install apache-airflow[cncf.kubernetes]
[2024-10-03T20:43:28.767+0000] {processor.py:755} WARNING - No viable dags retrieved from /usr/local/lib/python3.9/site-packages/airflow/example_dags/example_kubernetes_executor.py
[2024-10-03T20:43:28.774+0000] {processor.py:175} INFO - Processing /usr/local/lib/python3.9/site-packages/airflow/example_dags/example_kubernetes_executor.py took 0.019 seconds
[2024-10-03T20:43:59.322+0000] {processor.py:153} INFO - Started process (PID=5206) to work on /usr/local/lib/python3.9/site-packages/airflow/example_dags/example_kubernetes_executor.py
[2024-10-03T20:43:59.323+0000] {processor.py:743} INFO - Processing file /usr/local/lib/python3.9/site-packages/airflow/example_dags/example_kubernetes_executor.py for tasks to queue
[2024-10-03T20:43:59.323+0000] {logging_mixin.py:137} INFO - [2024-10-03T20:43:59.323+0000] {dagbag.py:532} INFO - Filling up the DagBag from /usr/local/lib/python3.9/site-packages/airflow/example_dags/example_kubernetes_executor.py
[2024-10-03T20:43:59.331+0000] {logging_mixin.py:137} INFO - [2024-10-03T20:43:59.331+0000] {example_kubernetes_executor.py:41} WARNING - The example_kubernetes_executor example DAG requires the kubernetes provider. Please install it with: pip install apache-airflow[cncf.kubernetes]
[2024-10-03T20:43:59.331+0000] {processor.py:755} WARNING - No viable dags retrieved from /usr/local/lib/python3.9/site-packages/airflow/example_dags/example_kubernetes_executor.py
[2024-10-03T20:43:59.339+0000] {processor.py:175} INFO - Processing /usr/local/lib/python3.9/site-packages/airflow/example_dags/example_kubernetes_executor.py took 0.018 seconds
[2024-10-03T20:44:30.125+0000] {processor.py:153} INFO - Started process (PID=5417) to work on /usr/local/lib/python3.9/site-packages/airflow/example_dags/example_kubernetes_executor.py
[2024-10-03T20:44:30.125+0000] {processor.py:743} INFO - Processing file /usr/local/lib/python3.9/site-packages/airflow/example_dags/example_kubernetes_executor.py for tasks to queue
[2024-10-03T20:44:30.125+0000] {logging_mixin.py:137} INFO - [2024-10-03T20:44:30.125+0000] {dagbag.py:532} INFO - Filling up the DagBag from /usr/local/lib/python3.9/site-packages/airflow/example_dags/example_kubernetes_executor.py
[2024-10-03T20:44:30.134+0000] {logging_mixin.py:137} INFO - [2024-10-03T20:44:30.134+0000] {example_kubernetes_executor.py:41} WARNING - The example_kubernetes_executor example DAG requires the kubernetes provider. Please install it with: pip install apache-airflow[cncf.kubernetes]
[2024-10-03T20:44:30.134+0000] {processor.py:755} WARNING - No viable dags retrieved from /usr/local/lib/python3.9/site-packages/airflow/example_dags/example_kubernetes_executor.py
[2024-10-03T20:44:30.138+0000] {processor.py:175} INFO - Processing /usr/local/lib/python3.9/site-packages/airflow/example_dags/example_kubernetes_executor.py took 0.015 seconds
[2024-10-03T20:45:00.793+0000] {processor.py:153} INFO - Started process (PID=5628) to work on /usr/local/lib/python3.9/site-packages/airflow/example_dags/example_kubernetes_executor.py
[2024-10-03T20:45:00.794+0000] {processor.py:743} INFO - Processing file /usr/local/lib/python3.9/site-packages/airflow/example_dags/example_kubernetes_executor.py for tasks to queue
[2024-10-03T20:45:00.794+0000] {logging_mixin.py:137} INFO - [2024-10-03T20:45:00.794+0000] {dagbag.py:532} INFO - Filling up the DagBag from /usr/local/lib/python3.9/site-packages/airflow/example_dags/example_kubernetes_executor.py
[2024-10-03T20:45:00.801+0000] {logging_mixin.py:137} INFO - [2024-10-03T20:45:00.801+0000] {example_kubernetes_executor.py:41} WARNING - The example_kubernetes_executor example DAG requires the kubernetes provider. Please install it with: pip install apache-airflow[cncf.kubernetes]
[2024-10-03T20:45:00.801+0000] {processor.py:755} WARNING - No viable dags retrieved from /usr/local/lib/python3.9/site-packages/airflow/example_dags/example_kubernetes_executor.py
[2024-10-03T20:45:00.806+0000] {processor.py:175} INFO - Processing /usr/local/lib/python3.9/site-packages/airflow/example_dags/example_kubernetes_executor.py took 0.015 seconds
[2024-10-03T20:45:31.335+0000] {processor.py:153} INFO - Started process (PID=5841) to work on /usr/local/lib/python3.9/site-packages/airflow/example_dags/example_kubernetes_executor.py
[2024-10-03T20:45:31.335+0000] {processor.py:743} INFO - Processing file /usr/local/lib/python3.9/site-packages/airflow/example_dags/example_kubernetes_executor.py for tasks to queue
[2024-10-03T20:45:31.335+0000] {logging_mixin.py:137} INFO - [2024-10-03T20:45:31.335+0000] {dagbag.py:532} INFO - Filling up the DagBag from /usr/local/lib/python3.9/site-packages/airflow/example_dags/example_kubernetes_executor.py
[2024-10-03T20:45:31.342+0000] {logging_mixin.py:137} INFO - [2024-10-03T20:45:31.342+0000] {example_kubernetes_executor.py:41} WARNING - The example_kubernetes_executor example DAG requires the kubernetes provider. Please install it with: pip install apache-airflow[cncf.kubernetes]
[2024-10-03T20:45:31.342+0000] {processor.py:755} WARNING - No viable dags retrieved from /usr/local/lib/python3.9/site-packages/airflow/example_dags/example_kubernetes_executor.py
[2024-10-03T20:45:31.347+0000] {processor.py:175} INFO - Processing /usr/local/lib/python3.9/site-packages/airflow/example_dags/example_kubernetes_executor.py took 0.013 seconds
[2024-10-03T20:46:02.188+0000] {processor.py:153} INFO - Started process (PID=6050) to work on /usr/local/lib/python3.9/site-packages/airflow/example_dags/example_kubernetes_executor.py
[2024-10-03T20:46:02.192+0000] {processor.py:743} INFO - Processing file /usr/local/lib/python3.9/site-packages/airflow/example_dags/example_kubernetes_executor.py for tasks to queue
[2024-10-03T20:46:02.193+0000] {logging_mixin.py:137} INFO - [2024-10-03T20:46:02.193+0000] {dagbag.py:532} INFO - Filling up the DagBag from /usr/local/lib/python3.9/site-packages/airflow/example_dags/example_kubernetes_executor.py
[2024-10-03T20:46:02.201+0000] {logging_mixin.py:137} INFO - [2024-10-03T20:46:02.201+0000] {example_kubernetes_executor.py:41} WARNING - The example_kubernetes_executor example DAG requires the kubernetes provider. Please install it with: pip install apache-airflow[cncf.kubernetes]
[2024-10-03T20:46:02.201+0000] {processor.py:755} WARNING - No viable dags retrieved from /usr/local/lib/python3.9/site-packages/airflow/example_dags/example_kubernetes_executor.py
[2024-10-03T20:46:02.211+0000] {processor.py:175} INFO - Processing /usr/local/lib/python3.9/site-packages/airflow/example_dags/example_kubernetes_executor.py took 0.025 seconds
[2024-10-03T20:46:32.842+0000] {processor.py:153} INFO - Started process (PID=6261) to work on /usr/local/lib/python3.9/site-packages/airflow/example_dags/example_kubernetes_executor.py
[2024-10-03T20:46:32.846+0000] {processor.py:743} INFO - Processing file /usr/local/lib/python3.9/site-packages/airflow/example_dags/example_kubernetes_executor.py for tasks to queue
[2024-10-03T20:46:32.847+0000] {logging_mixin.py:137} INFO - [2024-10-03T20:46:32.846+0000] {dagbag.py:532} INFO - Filling up the DagBag from /usr/local/lib/python3.9/site-packages/airflow/example_dags/example_kubernetes_executor.py
[2024-10-03T20:46:32.858+0000] {logging_mixin.py:137} INFO - [2024-10-03T20:46:32.858+0000] {example_kubernetes_executor.py:41} WARNING - The example_kubernetes_executor example DAG requires the kubernetes provider. Please install it with: pip install apache-airflow[cncf.kubernetes]
[2024-10-03T20:46:32.858+0000] {processor.py:755} WARNING - No viable dags retrieved from /usr/local/lib/python3.9/site-packages/airflow/example_dags/example_kubernetes_executor.py
[2024-10-03T20:46:32.871+0000] {processor.py:175} INFO - Processing /usr/local/lib/python3.9/site-packages/airflow/example_dags/example_kubernetes_executor.py took 0.030 seconds
[2024-10-03T20:47:03.458+0000] {processor.py:153} INFO - Started process (PID=6472) to work on /usr/local/lib/python3.9/site-packages/airflow/example_dags/example_kubernetes_executor.py
[2024-10-03T20:47:03.459+0000] {processor.py:743} INFO - Processing file /usr/local/lib/python3.9/site-packages/airflow/example_dags/example_kubernetes_executor.py for tasks to queue
[2024-10-03T20:47:03.459+0000] {logging_mixin.py:137} INFO - [2024-10-03T20:47:03.459+0000] {dagbag.py:532} INFO - Filling up the DagBag from /usr/local/lib/python3.9/site-packages/airflow/example_dags/example_kubernetes_executor.py
[2024-10-03T20:47:03.465+0000] {logging_mixin.py:137} INFO - [2024-10-03T20:47:03.465+0000] {example_kubernetes_executor.py:41} WARNING - The example_kubernetes_executor example DAG requires the kubernetes provider. Please install it with: pip install apache-airflow[cncf.kubernetes]
[2024-10-03T20:47:03.465+0000] {processor.py:755} WARNING - No viable dags retrieved from /usr/local/lib/python3.9/site-packages/airflow/example_dags/example_kubernetes_executor.py
[2024-10-03T20:47:03.471+0000] {processor.py:175} INFO - Processing /usr/local/lib/python3.9/site-packages/airflow/example_dags/example_kubernetes_executor.py took 0.014 seconds
[2024-10-03T20:47:34.040+0000] {processor.py:153} INFO - Started process (PID=6682) to work on /usr/local/lib/python3.9/site-packages/airflow/example_dags/example_kubernetes_executor.py
[2024-10-03T20:47:34.044+0000] {processor.py:743} INFO - Processing file /usr/local/lib/python3.9/site-packages/airflow/example_dags/example_kubernetes_executor.py for tasks to queue
[2024-10-03T20:47:34.045+0000] {logging_mixin.py:137} INFO - [2024-10-03T20:47:34.045+0000] {dagbag.py:532} INFO - Filling up the DagBag from /usr/local/lib/python3.9/site-packages/airflow/example_dags/example_kubernetes_executor.py
[2024-10-03T20:47:34.051+0000] {logging_mixin.py:137} INFO - [2024-10-03T20:47:34.051+0000] {example_kubernetes_executor.py:41} WARNING - The example_kubernetes_executor example DAG requires the kubernetes provider. Please install it with: pip install apache-airflow[cncf.kubernetes]
[2024-10-03T20:47:34.051+0000] {processor.py:755} WARNING - No viable dags retrieved from /usr/local/lib/python3.9/site-packages/airflow/example_dags/example_kubernetes_executor.py
[2024-10-03T20:47:34.061+0000] {processor.py:175} INFO - Processing /usr/local/lib/python3.9/site-packages/airflow/example_dags/example_kubernetes_executor.py took 0.022 seconds
[2024-10-03T20:48:04.716+0000] {processor.py:153} INFO - Started process (PID=6894) to work on /usr/local/lib/python3.9/site-packages/airflow/example_dags/example_kubernetes_executor.py
[2024-10-03T20:48:04.718+0000] {processor.py:743} INFO - Processing file /usr/local/lib/python3.9/site-packages/airflow/example_dags/example_kubernetes_executor.py for tasks to queue
[2024-10-03T20:48:04.719+0000] {logging_mixin.py:137} INFO - [2024-10-03T20:48:04.718+0000] {dagbag.py:532} INFO - Filling up the DagBag from /usr/local/lib/python3.9/site-packages/airflow/example_dags/example_kubernetes_executor.py
[2024-10-03T20:48:04.725+0000] {logging_mixin.py:137} INFO - [2024-10-03T20:48:04.725+0000] {example_kubernetes_executor.py:41} WARNING - The example_kubernetes_executor example DAG requires the kubernetes provider. Please install it with: pip install apache-airflow[cncf.kubernetes]
[2024-10-03T20:48:04.725+0000] {processor.py:755} WARNING - No viable dags retrieved from /usr/local/lib/python3.9/site-packages/airflow/example_dags/example_kubernetes_executor.py
[2024-10-03T20:48:04.730+0000] {processor.py:175} INFO - Processing /usr/local/lib/python3.9/site-packages/airflow/example_dags/example_kubernetes_executor.py took 0.015 seconds
[2024-10-03T20:48:35.395+0000] {processor.py:153} INFO - Started process (PID=7105) to work on /usr/local/lib/python3.9/site-packages/airflow/example_dags/example_kubernetes_executor.py
[2024-10-03T20:48:35.398+0000] {processor.py:743} INFO - Processing file /usr/local/lib/python3.9/site-packages/airflow/example_dags/example_kubernetes_executor.py for tasks to queue
[2024-10-03T20:48:35.398+0000] {logging_mixin.py:137} INFO - [2024-10-03T20:48:35.398+0000] {dagbag.py:532} INFO - Filling up the DagBag from /usr/local/lib/python3.9/site-packages/airflow/example_dags/example_kubernetes_executor.py
[2024-10-03T20:48:35.405+0000] {logging_mixin.py:137} INFO - [2024-10-03T20:48:35.405+0000] {example_kubernetes_executor.py:41} WARNING - The example_kubernetes_executor example DAG requires the kubernetes provider. Please install it with: pip install apache-airflow[cncf.kubernetes]
[2024-10-03T20:48:35.405+0000] {processor.py:755} WARNING - No viable dags retrieved from /usr/local/lib/python3.9/site-packages/airflow/example_dags/example_kubernetes_executor.py
[2024-10-03T20:48:35.412+0000] {processor.py:175} INFO - Processing /usr/local/lib/python3.9/site-packages/airflow/example_dags/example_kubernetes_executor.py took 0.018 seconds
[2024-10-03T20:49:06.252+0000] {processor.py:153} INFO - Started process (PID=7316) to work on /usr/local/lib/python3.9/site-packages/airflow/example_dags/example_kubernetes_executor.py
[2024-10-03T20:49:06.253+0000] {processor.py:743} INFO - Processing file /usr/local/lib/python3.9/site-packages/airflow/example_dags/example_kubernetes_executor.py for tasks to queue
[2024-10-03T20:49:06.253+0000] {logging_mixin.py:137} INFO - [2024-10-03T20:49:06.253+0000] {dagbag.py:532} INFO - Filling up the DagBag from /usr/local/lib/python3.9/site-packages/airflow/example_dags/example_kubernetes_executor.py
[2024-10-03T20:49:06.261+0000] {logging_mixin.py:137} INFO - [2024-10-03T20:49:06.261+0000] {example_kubernetes_executor.py:41} WARNING - The example_kubernetes_executor example DAG requires the kubernetes provider. Please install it with: pip install apache-airflow[cncf.kubernetes]
[2024-10-03T20:49:06.261+0000] {processor.py:755} WARNING - No viable dags retrieved from /usr/local/lib/python3.9/site-packages/airflow/example_dags/example_kubernetes_executor.py
[2024-10-03T20:49:06.265+0000] {processor.py:175} INFO - Processing /usr/local/lib/python3.9/site-packages/airflow/example_dags/example_kubernetes_executor.py took 0.015 seconds
[2024-10-03T20:49:37.021+0000] {processor.py:153} INFO - Started process (PID=7527) to work on /usr/local/lib/python3.9/site-packages/airflow/example_dags/example_kubernetes_executor.py
[2024-10-03T20:49:37.023+0000] {processor.py:743} INFO - Processing file /usr/local/lib/python3.9/site-packages/airflow/example_dags/example_kubernetes_executor.py for tasks to queue
[2024-10-03T20:49:37.023+0000] {logging_mixin.py:137} INFO - [2024-10-03T20:49:37.023+0000] {dagbag.py:532} INFO - Filling up the DagBag from /usr/local/lib/python3.9/site-packages/airflow/example_dags/example_kubernetes_executor.py
[2024-10-03T20:49:37.030+0000] {logging_mixin.py:137} INFO - [2024-10-03T20:49:37.030+0000] {example_kubernetes_executor.py:41} WARNING - The example_kubernetes_executor example DAG requires the kubernetes provider. Please install it with: pip install apache-airflow[cncf.kubernetes]
[2024-10-03T20:49:37.030+0000] {processor.py:755} WARNING - No viable dags retrieved from /usr/local/lib/python3.9/site-packages/airflow/example_dags/example_kubernetes_executor.py
[2024-10-03T20:49:37.034+0000] {processor.py:175} INFO - Processing /usr/local/lib/python3.9/site-packages/airflow/example_dags/example_kubernetes_executor.py took 0.014 seconds
[2024-10-03T20:50:07.760+0000] {processor.py:153} INFO - Started process (PID=7738) to work on /usr/local/lib/python3.9/site-packages/airflow/example_dags/example_kubernetes_executor.py
[2024-10-03T20:50:07.761+0000] {processor.py:743} INFO - Processing file /usr/local/lib/python3.9/site-packages/airflow/example_dags/example_kubernetes_executor.py for tasks to queue
[2024-10-03T20:50:07.762+0000] {logging_mixin.py:137} INFO - [2024-10-03T20:50:07.762+0000] {dagbag.py:532} INFO - Filling up the DagBag from /usr/local/lib/python3.9/site-packages/airflow/example_dags/example_kubernetes_executor.py
[2024-10-03T20:50:07.770+0000] {logging_mixin.py:137} INFO - [2024-10-03T20:50:07.770+0000] {example_kubernetes_executor.py:41} WARNING - The example_kubernetes_executor example DAG requires the kubernetes provider. Please install it with: pip install apache-airflow[cncf.kubernetes]
[2024-10-03T20:50:07.770+0000] {processor.py:755} WARNING - No viable dags retrieved from /usr/local/lib/python3.9/site-packages/airflow/example_dags/example_kubernetes_executor.py
[2024-10-03T20:50:07.776+0000] {processor.py:175} INFO - Processing /usr/local/lib/python3.9/site-packages/airflow/example_dags/example_kubernetes_executor.py took 0.018 seconds
[2024-10-03T20:50:38.560+0000] {processor.py:153} INFO - Started process (PID=7949) to work on /usr/local/lib/python3.9/site-packages/airflow/example_dags/example_kubernetes_executor.py
[2024-10-03T20:50:38.561+0000] {processor.py:743} INFO - Processing file /usr/local/lib/python3.9/site-packages/airflow/example_dags/example_kubernetes_executor.py for tasks to queue
[2024-10-03T20:50:38.563+0000] {logging_mixin.py:137} INFO - [2024-10-03T20:50:38.562+0000] {dagbag.py:532} INFO - Filling up the DagBag from /usr/local/lib/python3.9/site-packages/airflow/example_dags/example_kubernetes_executor.py
[2024-10-03T20:50:38.571+0000] {logging_mixin.py:137} INFO - [2024-10-03T20:50:38.571+0000] {example_kubernetes_executor.py:41} WARNING - The example_kubernetes_executor example DAG requires the kubernetes provider. Please install it with: pip install apache-airflow[cncf.kubernetes]
[2024-10-03T20:50:38.572+0000] {processor.py:755} WARNING - No viable dags retrieved from /usr/local/lib/python3.9/site-packages/airflow/example_dags/example_kubernetes_executor.py
[2024-10-03T20:50:38.580+0000] {processor.py:175} INFO - Processing /usr/local/lib/python3.9/site-packages/airflow/example_dags/example_kubernetes_executor.py took 0.022 seconds
[2024-10-03T20:51:09.319+0000] {processor.py:153} INFO - Started process (PID=8160) to work on /usr/local/lib/python3.9/site-packages/airflow/example_dags/example_kubernetes_executor.py
[2024-10-03T20:51:09.320+0000] {processor.py:743} INFO - Processing file /usr/local/lib/python3.9/site-packages/airflow/example_dags/example_kubernetes_executor.py for tasks to queue
[2024-10-03T20:51:09.322+0000] {logging_mixin.py:137} INFO - [2024-10-03T20:51:09.322+0000] {dagbag.py:532} INFO - Filling up the DagBag from /usr/local/lib/python3.9/site-packages/airflow/example_dags/example_kubernetes_executor.py
[2024-10-03T20:51:09.330+0000] {logging_mixin.py:137} INFO - [2024-10-03T20:51:09.330+0000] {example_kubernetes_executor.py:41} WARNING - The example_kubernetes_executor example DAG requires the kubernetes provider. Please install it with: pip install apache-airflow[cncf.kubernetes]
[2024-10-03T20:51:09.330+0000] {processor.py:755} WARNING - No viable dags retrieved from /usr/local/lib/python3.9/site-packages/airflow/example_dags/example_kubernetes_executor.py
[2024-10-03T20:51:09.336+0000] {processor.py:175} INFO - Processing /usr/local/lib/python3.9/site-packages/airflow/example_dags/example_kubernetes_executor.py took 0.019 seconds
[2024-10-03T20:51:40.254+0000] {processor.py:153} INFO - Started process (PID=8371) to work on /usr/local/lib/python3.9/site-packages/airflow/example_dags/example_kubernetes_executor.py
[2024-10-03T20:51:40.255+0000] {processor.py:743} INFO - Processing file /usr/local/lib/python3.9/site-packages/airflow/example_dags/example_kubernetes_executor.py for tasks to queue
[2024-10-03T20:51:40.255+0000] {logging_mixin.py:137} INFO - [2024-10-03T20:51:40.255+0000] {dagbag.py:532} INFO - Filling up the DagBag from /usr/local/lib/python3.9/site-packages/airflow/example_dags/example_kubernetes_executor.py
[2024-10-03T20:51:40.263+0000] {logging_mixin.py:137} INFO - [2024-10-03T20:51:40.263+0000] {example_kubernetes_executor.py:41} WARNING - The example_kubernetes_executor example DAG requires the kubernetes provider. Please install it with: pip install apache-airflow[cncf.kubernetes]
[2024-10-03T20:51:40.264+0000] {processor.py:755} WARNING - No viable dags retrieved from /usr/local/lib/python3.9/site-packages/airflow/example_dags/example_kubernetes_executor.py
[2024-10-03T20:51:40.270+0000] {processor.py:175} INFO - Processing /usr/local/lib/python3.9/site-packages/airflow/example_dags/example_kubernetes_executor.py took 0.018 seconds
[2024-10-03T20:52:10.386+0000] {processor.py:153} INFO - Started process (PID=8582) to work on /usr/local/lib/python3.9/site-packages/airflow/example_dags/example_kubernetes_executor.py
[2024-10-03T20:52:10.388+0000] {processor.py:743} INFO - Processing file /usr/local/lib/python3.9/site-packages/airflow/example_dags/example_kubernetes_executor.py for tasks to queue
[2024-10-03T20:52:10.388+0000] {logging_mixin.py:137} INFO - [2024-10-03T20:52:10.388+0000] {dagbag.py:532} INFO - Filling up the DagBag from /usr/local/lib/python3.9/site-packages/airflow/example_dags/example_kubernetes_executor.py
[2024-10-03T20:52:10.395+0000] {logging_mixin.py:137} INFO - [2024-10-03T20:52:10.394+0000] {example_kubernetes_executor.py:41} WARNING - The example_kubernetes_executor example DAG requires the kubernetes provider. Please install it with: pip install apache-airflow[cncf.kubernetes]
[2024-10-03T20:52:10.395+0000] {processor.py:755} WARNING - No viable dags retrieved from /usr/local/lib/python3.9/site-packages/airflow/example_dags/example_kubernetes_executor.py
[2024-10-03T20:52:10.399+0000] {processor.py:175} INFO - Processing /usr/local/lib/python3.9/site-packages/airflow/example_dags/example_kubernetes_executor.py took 0.014 seconds
[2024-10-03T20:52:41.380+0000] {processor.py:153} INFO - Started process (PID=8793) to work on /usr/local/lib/python3.9/site-packages/airflow/example_dags/example_kubernetes_executor.py
[2024-10-03T20:52:41.382+0000] {processor.py:743} INFO - Processing file /usr/local/lib/python3.9/site-packages/airflow/example_dags/example_kubernetes_executor.py for tasks to queue
[2024-10-03T20:52:41.383+0000] {logging_mixin.py:137} INFO - [2024-10-03T20:52:41.383+0000] {dagbag.py:532} INFO - Filling up the DagBag from /usr/local/lib/python3.9/site-packages/airflow/example_dags/example_kubernetes_executor.py
[2024-10-03T20:52:41.390+0000] {logging_mixin.py:137} INFO - [2024-10-03T20:52:41.390+0000] {example_kubernetes_executor.py:41} WARNING - The example_kubernetes_executor example DAG requires the kubernetes provider. Please install it with: pip install apache-airflow[cncf.kubernetes]
[2024-10-03T20:52:41.390+0000] {processor.py:755} WARNING - No viable dags retrieved from /usr/local/lib/python3.9/site-packages/airflow/example_dags/example_kubernetes_executor.py
[2024-10-03T20:52:41.396+0000] {processor.py:175} INFO - Processing /usr/local/lib/python3.9/site-packages/airflow/example_dags/example_kubernetes_executor.py took 0.018 seconds
