[2024-10-03T20:32:02.224+0000] {processor.py:153} INFO - Started process (PID=350) to work on /usr/local/lib/python3.9/site-packages/airflow/example_dags/example_latest_only_with_trigger.py
[2024-10-03T20:32:02.225+0000] {processor.py:743} INFO - Processing file /usr/local/lib/python3.9/site-packages/airflow/example_dags/example_latest_only_with_trigger.py for tasks to queue
[2024-10-03T20:32:02.225+0000] {logging_mixin.py:137} INFO - [2024-10-03T20:32:02.225+0000] {dagbag.py:532} INFO - Filling up the DagBag from /usr/local/lib/python3.9/site-packages/airflow/example_dags/example_latest_only_with_trigger.py
[2024-10-03T20:32:02.233+0000] {processor.py:753} INFO - DAG(s) dict_keys(['latest_only_with_trigger']) retrieved from /usr/local/lib/python3.9/site-packages/airflow/example_dags/example_latest_only_with_trigger.py
[2024-10-03T20:32:02.241+0000] {logging_mixin.py:137} INFO - [2024-10-03T20:32:02.241+0000] {dag.py:2705} INFO - Sync 1 DAGs
[2024-10-03T20:32:02.258+0000] {logging_mixin.py:137} INFO - [2024-10-03T20:32:02.258+0000] {dag.py:3452} INFO - Setting next_dagrun for latest_only_with_trigger to 2024-10-03T16:32:02.258103+00:00, run_after=2024-10-03T20:32:02.258103+00:00
[2024-10-03T20:32:02.272+0000] {processor.py:175} INFO - Processing /usr/local/lib/python3.9/site-packages/airflow/example_dags/example_latest_only_with_trigger.py took 0.049 seconds
[2024-10-03T20:32:36.080+0000] {processor.py:153} INFO - Started process (PID=567) to work on /usr/local/lib/python3.9/site-packages/airflow/example_dags/example_latest_only_with_trigger.py
[2024-10-03T20:32:36.105+0000] {processor.py:743} INFO - Processing file /usr/local/lib/python3.9/site-packages/airflow/example_dags/example_latest_only_with_trigger.py for tasks to queue
[2024-10-03T20:32:36.107+0000] {logging_mixin.py:137} INFO - [2024-10-03T20:32:36.107+0000] {dagbag.py:532} INFO - Filling up the DagBag from /usr/local/lib/python3.9/site-packages/airflow/example_dags/example_latest_only_with_trigger.py
[2024-10-03T20:32:36.116+0000] {processor.py:753} INFO - DAG(s) dict_keys(['latest_only_with_trigger']) retrieved from /usr/local/lib/python3.9/site-packages/airflow/example_dags/example_latest_only_with_trigger.py
[2024-10-03T20:32:36.155+0000] {logging_mixin.py:137} INFO - [2024-10-03T20:32:36.155+0000] {dag.py:2705} INFO - Sync 1 DAGs
[2024-10-03T20:32:36.180+0000] {logging_mixin.py:137} INFO - [2024-10-03T20:32:36.180+0000] {dag.py:3452} INFO - Setting next_dagrun for latest_only_with_trigger to 2024-10-03T16:32:36.180268+00:00, run_after=2024-10-03T20:32:36.180268+00:00
[2024-10-03T20:32:36.213+0000] {processor.py:175} INFO - Processing /usr/local/lib/python3.9/site-packages/airflow/example_dags/example_latest_only_with_trigger.py took 0.135 seconds
[2024-10-03T20:33:10.867+0000] {processor.py:153} INFO - Started process (PID=776) to work on /usr/local/lib/python3.9/site-packages/airflow/example_dags/example_latest_only_with_trigger.py
[2024-10-03T20:33:10.868+0000] {processor.py:743} INFO - Processing file /usr/local/lib/python3.9/site-packages/airflow/example_dags/example_latest_only_with_trigger.py for tasks to queue
[2024-10-03T20:33:10.868+0000] {logging_mixin.py:137} INFO - [2024-10-03T20:33:10.868+0000] {dagbag.py:532} INFO - Filling up the DagBag from /usr/local/lib/python3.9/site-packages/airflow/example_dags/example_latest_only_with_trigger.py
[2024-10-03T20:33:10.882+0000] {processor.py:753} INFO - DAG(s) dict_keys(['latest_only_with_trigger']) retrieved from /usr/local/lib/python3.9/site-packages/airflow/example_dags/example_latest_only_with_trigger.py
[2024-10-03T20:33:10.902+0000] {logging_mixin.py:137} INFO - [2024-10-03T20:33:10.902+0000] {dag.py:2705} INFO - Sync 1 DAGs
[2024-10-03T20:33:10.927+0000] {logging_mixin.py:137} INFO - [2024-10-03T20:33:10.926+0000] {dag.py:3452} INFO - Setting next_dagrun for latest_only_with_trigger to 2024-10-03T16:33:10.926673+00:00, run_after=2024-10-03T20:33:10.926673+00:00
[2024-10-03T20:33:10.953+0000] {processor.py:175} INFO - Processing /usr/local/lib/python3.9/site-packages/airflow/example_dags/example_latest_only_with_trigger.py took 0.088 seconds
[2024-10-03T20:33:41.541+0000] {processor.py:153} INFO - Started process (PID=987) to work on /usr/local/lib/python3.9/site-packages/airflow/example_dags/example_latest_only_with_trigger.py
[2024-10-03T20:33:41.551+0000] {processor.py:743} INFO - Processing file /usr/local/lib/python3.9/site-packages/airflow/example_dags/example_latest_only_with_trigger.py for tasks to queue
[2024-10-03T20:33:41.551+0000] {logging_mixin.py:137} INFO - [2024-10-03T20:33:41.551+0000] {dagbag.py:532} INFO - Filling up the DagBag from /usr/local/lib/python3.9/site-packages/airflow/example_dags/example_latest_only_with_trigger.py
[2024-10-03T20:33:41.558+0000] {processor.py:753} INFO - DAG(s) dict_keys(['latest_only_with_trigger']) retrieved from /usr/local/lib/python3.9/site-packages/airflow/example_dags/example_latest_only_with_trigger.py
[2024-10-03T20:33:41.600+0000] {logging_mixin.py:137} INFO - [2024-10-03T20:33:41.600+0000] {dag.py:2705} INFO - Sync 1 DAGs
[2024-10-03T20:33:41.620+0000] {logging_mixin.py:137} INFO - [2024-10-03T20:33:41.620+0000] {dag.py:3452} INFO - Setting next_dagrun for latest_only_with_trigger to 2024-10-03T16:33:41.620057+00:00, run_after=2024-10-03T20:33:41.620057+00:00
[2024-10-03T20:33:41.641+0000] {processor.py:175} INFO - Processing /usr/local/lib/python3.9/site-packages/airflow/example_dags/example_latest_only_with_trigger.py took 0.125 seconds
[2024-10-03T20:34:12.188+0000] {processor.py:153} INFO - Started process (PID=1198) to work on /usr/local/lib/python3.9/site-packages/airflow/example_dags/example_latest_only_with_trigger.py
[2024-10-03T20:34:12.190+0000] {processor.py:743} INFO - Processing file /usr/local/lib/python3.9/site-packages/airflow/example_dags/example_latest_only_with_trigger.py for tasks to queue
[2024-10-03T20:34:12.192+0000] {logging_mixin.py:137} INFO - [2024-10-03T20:34:12.192+0000] {dagbag.py:532} INFO - Filling up the DagBag from /usr/local/lib/python3.9/site-packages/airflow/example_dags/example_latest_only_with_trigger.py
[2024-10-03T20:34:12.204+0000] {processor.py:753} INFO - DAG(s) dict_keys(['latest_only_with_trigger']) retrieved from /usr/local/lib/python3.9/site-packages/airflow/example_dags/example_latest_only_with_trigger.py
[2024-10-03T20:34:12.224+0000] {logging_mixin.py:137} INFO - [2024-10-03T20:34:12.224+0000] {dag.py:2705} INFO - Sync 1 DAGs
[2024-10-03T20:34:12.238+0000] {logging_mixin.py:137} INFO - [2024-10-03T20:34:12.238+0000] {dag.py:3452} INFO - Setting next_dagrun for latest_only_with_trigger to 2024-10-03T16:34:12.238344+00:00, run_after=2024-10-03T20:34:12.238344+00:00
[2024-10-03T20:34:12.251+0000] {processor.py:175} INFO - Processing /usr/local/lib/python3.9/site-packages/airflow/example_dags/example_latest_only_with_trigger.py took 0.065 seconds
[2024-10-03T20:34:45.964+0000] {processor.py:153} INFO - Started process (PID=1409) to work on /usr/local/lib/python3.9/site-packages/airflow/example_dags/example_latest_only_with_trigger.py
[2024-10-03T20:34:45.973+0000] {processor.py:743} INFO - Processing file /usr/local/lib/python3.9/site-packages/airflow/example_dags/example_latest_only_with_trigger.py for tasks to queue
[2024-10-03T20:34:45.974+0000] {logging_mixin.py:137} INFO - [2024-10-03T20:34:45.974+0000] {dagbag.py:532} INFO - Filling up the DagBag from /usr/local/lib/python3.9/site-packages/airflow/example_dags/example_latest_only_with_trigger.py
[2024-10-03T20:34:46.016+0000] {processor.py:753} INFO - DAG(s) dict_keys(['latest_only_with_trigger']) retrieved from /usr/local/lib/python3.9/site-packages/airflow/example_dags/example_latest_only_with_trigger.py
[2024-10-03T20:34:46.088+0000] {logging_mixin.py:137} INFO - [2024-10-03T20:34:46.088+0000] {dag.py:2705} INFO - Sync 1 DAGs
[2024-10-03T20:34:46.202+0000] {logging_mixin.py:137} INFO - [2024-10-03T20:34:46.202+0000] {dag.py:3452} INFO - Setting next_dagrun for latest_only_with_trigger to 2024-10-03T16:34:46.200282+00:00, run_after=2024-10-03T20:34:46.200282+00:00
[2024-10-03T20:34:46.652+0000] {processor.py:175} INFO - Processing /usr/local/lib/python3.9/site-packages/airflow/example_dags/example_latest_only_with_trigger.py took 0.693 seconds
[2024-10-03T20:35:17.043+0000] {processor.py:153} INFO - Started process (PID=1615) to work on /usr/local/lib/python3.9/site-packages/airflow/example_dags/example_latest_only_with_trigger.py
[2024-10-03T20:35:17.047+0000] {processor.py:743} INFO - Processing file /usr/local/lib/python3.9/site-packages/airflow/example_dags/example_latest_only_with_trigger.py for tasks to queue
[2024-10-03T20:35:17.048+0000] {logging_mixin.py:137} INFO - [2024-10-03T20:35:17.048+0000] {dagbag.py:532} INFO - Filling up the DagBag from /usr/local/lib/python3.9/site-packages/airflow/example_dags/example_latest_only_with_trigger.py
[2024-10-03T20:35:17.069+0000] {processor.py:753} INFO - DAG(s) dict_keys(['latest_only_with_trigger']) retrieved from /usr/local/lib/python3.9/site-packages/airflow/example_dags/example_latest_only_with_trigger.py
[2024-10-03T20:35:17.098+0000] {logging_mixin.py:137} INFO - [2024-10-03T20:35:17.097+0000] {dag.py:2705} INFO - Sync 1 DAGs
[2024-10-03T20:35:17.121+0000] {logging_mixin.py:137} INFO - [2024-10-03T20:35:17.121+0000] {dag.py:3452} INFO - Setting next_dagrun for latest_only_with_trigger to 2024-10-03T16:35:17.121577+00:00, run_after=2024-10-03T20:35:17.121577+00:00
[2024-10-03T20:35:17.132+0000] {processor.py:175} INFO - Processing /usr/local/lib/python3.9/site-packages/airflow/example_dags/example_latest_only_with_trigger.py took 0.091 seconds
[2024-10-03T20:35:47.267+0000] {processor.py:153} INFO - Started process (PID=1820) to work on /usr/local/lib/python3.9/site-packages/airflow/example_dags/example_latest_only_with_trigger.py
[2024-10-03T20:35:47.269+0000] {processor.py:743} INFO - Processing file /usr/local/lib/python3.9/site-packages/airflow/example_dags/example_latest_only_with_trigger.py for tasks to queue
[2024-10-03T20:35:47.270+0000] {logging_mixin.py:137} INFO - [2024-10-03T20:35:47.270+0000] {dagbag.py:532} INFO - Filling up the DagBag from /usr/local/lib/python3.9/site-packages/airflow/example_dags/example_latest_only_with_trigger.py
[2024-10-03T20:35:47.277+0000] {processor.py:753} INFO - DAG(s) dict_keys(['latest_only_with_trigger']) retrieved from /usr/local/lib/python3.9/site-packages/airflow/example_dags/example_latest_only_with_trigger.py
[2024-10-03T20:35:47.291+0000] {logging_mixin.py:137} INFO - [2024-10-03T20:35:47.291+0000] {dag.py:2705} INFO - Sync 1 DAGs
[2024-10-03T20:35:47.305+0000] {logging_mixin.py:137} INFO - [2024-10-03T20:35:47.304+0000] {dag.py:3452} INFO - Setting next_dagrun for latest_only_with_trigger to 2024-10-03T16:35:47.304689+00:00, run_after=2024-10-03T20:35:47.304689+00:00
[2024-10-03T20:35:47.388+0000] {processor.py:175} INFO - Processing /usr/local/lib/python3.9/site-packages/airflow/example_dags/example_latest_only_with_trigger.py took 0.123 seconds
[2024-10-03T20:36:18.169+0000] {processor.py:153} INFO - Started process (PID=2031) to work on /usr/local/lib/python3.9/site-packages/airflow/example_dags/example_latest_only_with_trigger.py
[2024-10-03T20:36:18.173+0000] {processor.py:743} INFO - Processing file /usr/local/lib/python3.9/site-packages/airflow/example_dags/example_latest_only_with_trigger.py for tasks to queue
[2024-10-03T20:36:18.174+0000] {logging_mixin.py:137} INFO - [2024-10-03T20:36:18.174+0000] {dagbag.py:532} INFO - Filling up the DagBag from /usr/local/lib/python3.9/site-packages/airflow/example_dags/example_latest_only_with_trigger.py
[2024-10-03T20:36:18.186+0000] {processor.py:753} INFO - DAG(s) dict_keys(['latest_only_with_trigger']) retrieved from /usr/local/lib/python3.9/site-packages/airflow/example_dags/example_latest_only_with_trigger.py
[2024-10-03T20:36:18.209+0000] {logging_mixin.py:137} INFO - [2024-10-03T20:36:18.209+0000] {dag.py:2705} INFO - Sync 1 DAGs
[2024-10-03T20:36:18.289+0000] {logging_mixin.py:137} INFO - [2024-10-03T20:36:18.289+0000] {dag.py:3452} INFO - Setting next_dagrun for latest_only_with_trigger to 2024-10-03T16:36:18.289666+00:00, run_after=2024-10-03T20:36:18.289666+00:00
[2024-10-03T20:36:18.305+0000] {processor.py:175} INFO - Processing /usr/local/lib/python3.9/site-packages/airflow/example_dags/example_latest_only_with_trigger.py took 0.138 seconds
[2024-10-03T20:36:49.107+0000] {processor.py:153} INFO - Started process (PID=2244) to work on /usr/local/lib/python3.9/site-packages/airflow/example_dags/example_latest_only_with_trigger.py
[2024-10-03T20:36:49.107+0000] {processor.py:743} INFO - Processing file /usr/local/lib/python3.9/site-packages/airflow/example_dags/example_latest_only_with_trigger.py for tasks to queue
[2024-10-03T20:36:49.107+0000] {logging_mixin.py:137} INFO - [2024-10-03T20:36:49.107+0000] {dagbag.py:532} INFO - Filling up the DagBag from /usr/local/lib/python3.9/site-packages/airflow/example_dags/example_latest_only_with_trigger.py
[2024-10-03T20:36:49.114+0000] {processor.py:753} INFO - DAG(s) dict_keys(['latest_only_with_trigger']) retrieved from /usr/local/lib/python3.9/site-packages/airflow/example_dags/example_latest_only_with_trigger.py
[2024-10-03T20:36:49.189+0000] {logging_mixin.py:137} INFO - [2024-10-03T20:36:49.189+0000] {dag.py:2705} INFO - Sync 1 DAGs
[2024-10-03T20:36:49.198+0000] {logging_mixin.py:137} INFO - [2024-10-03T20:36:49.198+0000] {dag.py:3452} INFO - Setting next_dagrun for latest_only_with_trigger to 2024-10-03T16:36:49.198721+00:00, run_after=2024-10-03T20:36:49.198721+00:00
[2024-10-03T20:36:49.210+0000] {processor.py:175} INFO - Processing /usr/local/lib/python3.9/site-packages/airflow/example_dags/example_latest_only_with_trigger.py took 0.104 seconds
[2024-10-03T20:37:20.105+0000] {processor.py:153} INFO - Started process (PID=2453) to work on /usr/local/lib/python3.9/site-packages/airflow/example_dags/example_latest_only_with_trigger.py
[2024-10-03T20:37:20.106+0000] {processor.py:743} INFO - Processing file /usr/local/lib/python3.9/site-packages/airflow/example_dags/example_latest_only_with_trigger.py for tasks to queue
[2024-10-03T20:37:20.107+0000] {logging_mixin.py:137} INFO - [2024-10-03T20:37:20.107+0000] {dagbag.py:532} INFO - Filling up the DagBag from /usr/local/lib/python3.9/site-packages/airflow/example_dags/example_latest_only_with_trigger.py
[2024-10-03T20:37:20.116+0000] {processor.py:753} INFO - DAG(s) dict_keys(['latest_only_with_trigger']) retrieved from /usr/local/lib/python3.9/site-packages/airflow/example_dags/example_latest_only_with_trigger.py
[2024-10-03T20:37:20.137+0000] {logging_mixin.py:137} INFO - [2024-10-03T20:37:20.137+0000] {dag.py:2705} INFO - Sync 1 DAGs
[2024-10-03T20:37:20.189+0000] {logging_mixin.py:137} INFO - [2024-10-03T20:37:20.187+0000] {dag.py:3452} INFO - Setting next_dagrun for latest_only_with_trigger to 2024-10-03T16:37:20.187484+00:00, run_after=2024-10-03T20:37:20.187484+00:00
[2024-10-03T20:37:20.224+0000] {processor.py:175} INFO - Processing /usr/local/lib/python3.9/site-packages/airflow/example_dags/example_latest_only_with_trigger.py took 0.122 seconds
[2024-10-03T20:37:50.334+0000] {processor.py:153} INFO - Started process (PID=2663) to work on /usr/local/lib/python3.9/site-packages/airflow/example_dags/example_latest_only_with_trigger.py
[2024-10-03T20:37:50.335+0000] {processor.py:743} INFO - Processing file /usr/local/lib/python3.9/site-packages/airflow/example_dags/example_latest_only_with_trigger.py for tasks to queue
[2024-10-03T20:37:50.339+0000] {logging_mixin.py:137} INFO - [2024-10-03T20:37:50.339+0000] {dagbag.py:532} INFO - Filling up the DagBag from /usr/local/lib/python3.9/site-packages/airflow/example_dags/example_latest_only_with_trigger.py
[2024-10-03T20:37:50.351+0000] {processor.py:753} INFO - DAG(s) dict_keys(['latest_only_with_trigger']) retrieved from /usr/local/lib/python3.9/site-packages/airflow/example_dags/example_latest_only_with_trigger.py
[2024-10-03T20:37:50.363+0000] {logging_mixin.py:137} INFO - [2024-10-03T20:37:50.363+0000] {dag.py:2705} INFO - Sync 1 DAGs
[2024-10-03T20:37:50.383+0000] {logging_mixin.py:137} INFO - [2024-10-03T20:37:50.383+0000] {dag.py:3452} INFO - Setting next_dagrun for latest_only_with_trigger to 2024-10-03T16:37:50.382284+00:00, run_after=2024-10-03T20:37:50.382284+00:00
[2024-10-03T20:37:50.407+0000] {processor.py:175} INFO - Processing /usr/local/lib/python3.9/site-packages/airflow/example_dags/example_latest_only_with_trigger.py took 0.076 seconds
[2024-10-03T20:38:21.320+0000] {processor.py:153} INFO - Started process (PID=2875) to work on /usr/local/lib/python3.9/site-packages/airflow/example_dags/example_latest_only_with_trigger.py
[2024-10-03T20:38:21.321+0000] {processor.py:743} INFO - Processing file /usr/local/lib/python3.9/site-packages/airflow/example_dags/example_latest_only_with_trigger.py for tasks to queue
[2024-10-03T20:38:21.321+0000] {logging_mixin.py:137} INFO - [2024-10-03T20:38:21.321+0000] {dagbag.py:532} INFO - Filling up the DagBag from /usr/local/lib/python3.9/site-packages/airflow/example_dags/example_latest_only_with_trigger.py
[2024-10-03T20:38:21.329+0000] {processor.py:753} INFO - DAG(s) dict_keys(['latest_only_with_trigger']) retrieved from /usr/local/lib/python3.9/site-packages/airflow/example_dags/example_latest_only_with_trigger.py
[2024-10-03T20:38:21.341+0000] {logging_mixin.py:137} INFO - [2024-10-03T20:38:21.341+0000] {dag.py:2705} INFO - Sync 1 DAGs
[2024-10-03T20:38:21.350+0000] {logging_mixin.py:137} INFO - [2024-10-03T20:38:21.350+0000] {dag.py:3452} INFO - Setting next_dagrun for latest_only_with_trigger to 2024-10-03T16:38:21.350237+00:00, run_after=2024-10-03T20:38:21.350237+00:00
[2024-10-03T20:38:21.358+0000] {processor.py:175} INFO - Processing /usr/local/lib/python3.9/site-packages/airflow/example_dags/example_latest_only_with_trigger.py took 0.040 seconds
[2024-10-03T20:38:52.079+0000] {processor.py:153} INFO - Started process (PID=3086) to work on /usr/local/lib/python3.9/site-packages/airflow/example_dags/example_latest_only_with_trigger.py
[2024-10-03T20:38:52.080+0000] {processor.py:743} INFO - Processing file /usr/local/lib/python3.9/site-packages/airflow/example_dags/example_latest_only_with_trigger.py for tasks to queue
[2024-10-03T20:38:52.080+0000] {logging_mixin.py:137} INFO - [2024-10-03T20:38:52.080+0000] {dagbag.py:532} INFO - Filling up the DagBag from /usr/local/lib/python3.9/site-packages/airflow/example_dags/example_latest_only_with_trigger.py
[2024-10-03T20:38:52.087+0000] {processor.py:753} INFO - DAG(s) dict_keys(['latest_only_with_trigger']) retrieved from /usr/local/lib/python3.9/site-packages/airflow/example_dags/example_latest_only_with_trigger.py
[2024-10-03T20:38:52.096+0000] {logging_mixin.py:137} INFO - [2024-10-03T20:38:52.096+0000] {dag.py:2705} INFO - Sync 1 DAGs
[2024-10-03T20:38:52.108+0000] {logging_mixin.py:137} INFO - [2024-10-03T20:38:52.108+0000] {dag.py:3452} INFO - Setting next_dagrun for latest_only_with_trigger to 2024-10-03T16:38:52.108701+00:00, run_after=2024-10-03T20:38:52.108701+00:00
[2024-10-03T20:38:52.122+0000] {processor.py:175} INFO - Processing /usr/local/lib/python3.9/site-packages/airflow/example_dags/example_latest_only_with_trigger.py took 0.045 seconds
[2024-10-03T20:39:22.950+0000] {processor.py:153} INFO - Started process (PID=3297) to work on /usr/local/lib/python3.9/site-packages/airflow/example_dags/example_latest_only_with_trigger.py
[2024-10-03T20:39:22.951+0000] {processor.py:743} INFO - Processing file /usr/local/lib/python3.9/site-packages/airflow/example_dags/example_latest_only_with_trigger.py for tasks to queue
[2024-10-03T20:39:22.952+0000] {logging_mixin.py:137} INFO - [2024-10-03T20:39:22.952+0000] {dagbag.py:532} INFO - Filling up the DagBag from /usr/local/lib/python3.9/site-packages/airflow/example_dags/example_latest_only_with_trigger.py
[2024-10-03T20:39:22.958+0000] {processor.py:753} INFO - DAG(s) dict_keys(['latest_only_with_trigger']) retrieved from /usr/local/lib/python3.9/site-packages/airflow/example_dags/example_latest_only_with_trigger.py
[2024-10-03T20:39:22.967+0000] {logging_mixin.py:137} INFO - [2024-10-03T20:39:22.967+0000] {dag.py:2705} INFO - Sync 1 DAGs
[2024-10-03T20:39:22.980+0000] {logging_mixin.py:137} INFO - [2024-10-03T20:39:22.980+0000] {dag.py:3452} INFO - Setting next_dagrun for latest_only_with_trigger to 2024-10-03T16:39:22.980179+00:00, run_after=2024-10-03T20:39:22.980179+00:00
[2024-10-03T20:39:22.993+0000] {processor.py:175} INFO - Processing /usr/local/lib/python3.9/site-packages/airflow/example_dags/example_latest_only_with_trigger.py took 0.045 seconds
[2024-10-03T20:39:53.737+0000] {processor.py:153} INFO - Started process (PID=3510) to work on /usr/local/lib/python3.9/site-packages/airflow/example_dags/example_latest_only_with_trigger.py
[2024-10-03T20:39:53.737+0000] {processor.py:743} INFO - Processing file /usr/local/lib/python3.9/site-packages/airflow/example_dags/example_latest_only_with_trigger.py for tasks to queue
[2024-10-03T20:39:53.737+0000] {logging_mixin.py:137} INFO - [2024-10-03T20:39:53.737+0000] {dagbag.py:532} INFO - Filling up the DagBag from /usr/local/lib/python3.9/site-packages/airflow/example_dags/example_latest_only_with_trigger.py
[2024-10-03T20:39:53.743+0000] {processor.py:753} INFO - DAG(s) dict_keys(['latest_only_with_trigger']) retrieved from /usr/local/lib/python3.9/site-packages/airflow/example_dags/example_latest_only_with_trigger.py
[2024-10-03T20:39:53.752+0000] {logging_mixin.py:137} INFO - [2024-10-03T20:39:53.752+0000] {dag.py:2705} INFO - Sync 1 DAGs
[2024-10-03T20:39:53.760+0000] {logging_mixin.py:137} INFO - [2024-10-03T20:39:53.760+0000] {dag.py:3452} INFO - Setting next_dagrun for latest_only_with_trigger to 2024-10-03T16:39:53.760487+00:00, run_after=2024-10-03T20:39:53.760487+00:00
[2024-10-03T20:39:53.766+0000] {processor.py:175} INFO - Processing /usr/local/lib/python3.9/site-packages/airflow/example_dags/example_latest_only_with_trigger.py took 0.031 seconds
[2024-10-03T20:40:24.586+0000] {processor.py:153} INFO - Started process (PID=3721) to work on /usr/local/lib/python3.9/site-packages/airflow/example_dags/example_latest_only_with_trigger.py
[2024-10-03T20:40:24.587+0000] {processor.py:743} INFO - Processing file /usr/local/lib/python3.9/site-packages/airflow/example_dags/example_latest_only_with_trigger.py for tasks to queue
[2024-10-03T20:40:24.587+0000] {logging_mixin.py:137} INFO - [2024-10-03T20:40:24.587+0000] {dagbag.py:532} INFO - Filling up the DagBag from /usr/local/lib/python3.9/site-packages/airflow/example_dags/example_latest_only_with_trigger.py
[2024-10-03T20:40:24.593+0000] {processor.py:753} INFO - DAG(s) dict_keys(['latest_only_with_trigger']) retrieved from /usr/local/lib/python3.9/site-packages/airflow/example_dags/example_latest_only_with_trigger.py
[2024-10-03T20:40:24.602+0000] {logging_mixin.py:137} INFO - [2024-10-03T20:40:24.602+0000] {dag.py:2705} INFO - Sync 1 DAGs
[2024-10-03T20:40:24.610+0000] {logging_mixin.py:137} INFO - [2024-10-03T20:40:24.610+0000] {dag.py:3452} INFO - Setting next_dagrun for latest_only_with_trigger to 2024-10-03T16:40:24.610724+00:00, run_after=2024-10-03T20:40:24.610724+00:00
[2024-10-03T20:40:24.617+0000] {processor.py:175} INFO - Processing /usr/local/lib/python3.9/site-packages/airflow/example_dags/example_latest_only_with_trigger.py took 0.032 seconds
[2024-10-03T20:40:55.487+0000] {processor.py:153} INFO - Started process (PID=3930) to work on /usr/local/lib/python3.9/site-packages/airflow/example_dags/example_latest_only_with_trigger.py
[2024-10-03T20:40:55.487+0000] {processor.py:743} INFO - Processing file /usr/local/lib/python3.9/site-packages/airflow/example_dags/example_latest_only_with_trigger.py for tasks to queue
[2024-10-03T20:40:55.487+0000] {logging_mixin.py:137} INFO - [2024-10-03T20:40:55.487+0000] {dagbag.py:532} INFO - Filling up the DagBag from /usr/local/lib/python3.9/site-packages/airflow/example_dags/example_latest_only_with_trigger.py
[2024-10-03T20:40:55.494+0000] {processor.py:753} INFO - DAG(s) dict_keys(['latest_only_with_trigger']) retrieved from /usr/local/lib/python3.9/site-packages/airflow/example_dags/example_latest_only_with_trigger.py
[2024-10-03T20:40:55.503+0000] {logging_mixin.py:137} INFO - [2024-10-03T20:40:55.503+0000] {dag.py:2705} INFO - Sync 1 DAGs
[2024-10-03T20:40:55.512+0000] {logging_mixin.py:137} INFO - [2024-10-03T20:40:55.512+0000] {dag.py:3452} INFO - Setting next_dagrun for latest_only_with_trigger to 2024-10-03T16:40:55.512491+00:00, run_after=2024-10-03T20:40:55.512491+00:00
[2024-10-03T20:40:55.528+0000] {processor.py:175} INFO - Processing /usr/local/lib/python3.9/site-packages/airflow/example_dags/example_latest_only_with_trigger.py took 0.043 seconds
[2024-10-03T20:41:26.145+0000] {processor.py:153} INFO - Started process (PID=4141) to work on /usr/local/lib/python3.9/site-packages/airflow/example_dags/example_latest_only_with_trigger.py
[2024-10-03T20:41:26.146+0000] {processor.py:743} INFO - Processing file /usr/local/lib/python3.9/site-packages/airflow/example_dags/example_latest_only_with_trigger.py for tasks to queue
[2024-10-03T20:41:26.146+0000] {logging_mixin.py:137} INFO - [2024-10-03T20:41:26.146+0000] {dagbag.py:532} INFO - Filling up the DagBag from /usr/local/lib/python3.9/site-packages/airflow/example_dags/example_latest_only_with_trigger.py
[2024-10-03T20:41:26.153+0000] {processor.py:753} INFO - DAG(s) dict_keys(['latest_only_with_trigger']) retrieved from /usr/local/lib/python3.9/site-packages/airflow/example_dags/example_latest_only_with_trigger.py
[2024-10-03T20:41:26.163+0000] {logging_mixin.py:137} INFO - [2024-10-03T20:41:26.163+0000] {dag.py:2705} INFO - Sync 1 DAGs
[2024-10-03T20:41:26.172+0000] {logging_mixin.py:137} INFO - [2024-10-03T20:41:26.172+0000] {dag.py:3452} INFO - Setting next_dagrun for latest_only_with_trigger to 2024-10-03T16:41:26.172767+00:00, run_after=2024-10-03T20:41:26.172767+00:00
[2024-10-03T20:41:26.181+0000] {processor.py:175} INFO - Processing /usr/local/lib/python3.9/site-packages/airflow/example_dags/example_latest_only_with_trigger.py took 0.037 seconds
[2024-10-03T20:41:56.780+0000] {processor.py:153} INFO - Started process (PID=4352) to work on /usr/local/lib/python3.9/site-packages/airflow/example_dags/example_latest_only_with_trigger.py
[2024-10-03T20:41:56.781+0000] {processor.py:743} INFO - Processing file /usr/local/lib/python3.9/site-packages/airflow/example_dags/example_latest_only_with_trigger.py for tasks to queue
[2024-10-03T20:41:56.781+0000] {logging_mixin.py:137} INFO - [2024-10-03T20:41:56.781+0000] {dagbag.py:532} INFO - Filling up the DagBag from /usr/local/lib/python3.9/site-packages/airflow/example_dags/example_latest_only_with_trigger.py
[2024-10-03T20:41:56.787+0000] {processor.py:753} INFO - DAG(s) dict_keys(['latest_only_with_trigger']) retrieved from /usr/local/lib/python3.9/site-packages/airflow/example_dags/example_latest_only_with_trigger.py
[2024-10-03T20:41:56.797+0000] {logging_mixin.py:137} INFO - [2024-10-03T20:41:56.797+0000] {dag.py:2705} INFO - Sync 1 DAGs
[2024-10-03T20:41:56.810+0000] {logging_mixin.py:137} INFO - [2024-10-03T20:41:56.810+0000] {dag.py:3452} INFO - Setting next_dagrun for latest_only_with_trigger to 2024-10-03T16:41:56.810341+00:00, run_after=2024-10-03T20:41:56.810341+00:00
[2024-10-03T20:41:56.824+0000] {processor.py:175} INFO - Processing /usr/local/lib/python3.9/site-packages/airflow/example_dags/example_latest_only_with_trigger.py took 0.046 seconds
[2024-10-03T20:42:27.459+0000] {processor.py:153} INFO - Started process (PID=4563) to work on /usr/local/lib/python3.9/site-packages/airflow/example_dags/example_latest_only_with_trigger.py
[2024-10-03T20:42:27.459+0000] {processor.py:743} INFO - Processing file /usr/local/lib/python3.9/site-packages/airflow/example_dags/example_latest_only_with_trigger.py for tasks to queue
[2024-10-03T20:42:27.460+0000] {logging_mixin.py:137} INFO - [2024-10-03T20:42:27.459+0000] {dagbag.py:532} INFO - Filling up the DagBag from /usr/local/lib/python3.9/site-packages/airflow/example_dags/example_latest_only_with_trigger.py
[2024-10-03T20:42:27.466+0000] {processor.py:753} INFO - DAG(s) dict_keys(['latest_only_with_trigger']) retrieved from /usr/local/lib/python3.9/site-packages/airflow/example_dags/example_latest_only_with_trigger.py
[2024-10-03T20:42:27.477+0000] {logging_mixin.py:137} INFO - [2024-10-03T20:42:27.477+0000] {dag.py:2705} INFO - Sync 1 DAGs
[2024-10-03T20:42:27.486+0000] {logging_mixin.py:137} INFO - [2024-10-03T20:42:27.486+0000] {dag.py:3452} INFO - Setting next_dagrun for latest_only_with_trigger to 2024-10-03T16:42:27.486489+00:00, run_after=2024-10-03T20:42:27.486489+00:00
[2024-10-03T20:42:27.497+0000] {processor.py:175} INFO - Processing /usr/local/lib/python3.9/site-packages/airflow/example_dags/example_latest_only_with_trigger.py took 0.040 seconds
[2024-10-03T20:42:58.072+0000] {processor.py:153} INFO - Started process (PID=4774) to work on /usr/local/lib/python3.9/site-packages/airflow/example_dags/example_latest_only_with_trigger.py
[2024-10-03T20:42:58.072+0000] {processor.py:743} INFO - Processing file /usr/local/lib/python3.9/site-packages/airflow/example_dags/example_latest_only_with_trigger.py for tasks to queue
[2024-10-03T20:42:58.072+0000] {logging_mixin.py:137} INFO - [2024-10-03T20:42:58.072+0000] {dagbag.py:532} INFO - Filling up the DagBag from /usr/local/lib/python3.9/site-packages/airflow/example_dags/example_latest_only_with_trigger.py
[2024-10-03T20:42:58.080+0000] {processor.py:753} INFO - DAG(s) dict_keys(['latest_only_with_trigger']) retrieved from /usr/local/lib/python3.9/site-packages/airflow/example_dags/example_latest_only_with_trigger.py
[2024-10-03T20:42:58.090+0000] {logging_mixin.py:137} INFO - [2024-10-03T20:42:58.090+0000] {dag.py:2705} INFO - Sync 1 DAGs
[2024-10-03T20:42:58.099+0000] {logging_mixin.py:137} INFO - [2024-10-03T20:42:58.099+0000] {dag.py:3452} INFO - Setting next_dagrun for latest_only_with_trigger to 2024-10-03T16:42:58.099551+00:00, run_after=2024-10-03T20:42:58.099551+00:00
[2024-10-03T20:42:58.108+0000] {processor.py:175} INFO - Processing /usr/local/lib/python3.9/site-packages/airflow/example_dags/example_latest_only_with_trigger.py took 0.038 seconds
[2024-10-03T20:43:28.712+0000] {processor.py:153} INFO - Started process (PID=4985) to work on /usr/local/lib/python3.9/site-packages/airflow/example_dags/example_latest_only_with_trigger.py
[2024-10-03T20:43:28.713+0000] {processor.py:743} INFO - Processing file /usr/local/lib/python3.9/site-packages/airflow/example_dags/example_latest_only_with_trigger.py for tasks to queue
[2024-10-03T20:43:28.713+0000] {logging_mixin.py:137} INFO - [2024-10-03T20:43:28.713+0000] {dagbag.py:532} INFO - Filling up the DagBag from /usr/local/lib/python3.9/site-packages/airflow/example_dags/example_latest_only_with_trigger.py
[2024-10-03T20:43:28.719+0000] {processor.py:753} INFO - DAG(s) dict_keys(['latest_only_with_trigger']) retrieved from /usr/local/lib/python3.9/site-packages/airflow/example_dags/example_latest_only_with_trigger.py
[2024-10-03T20:43:28.730+0000] {logging_mixin.py:137} INFO - [2024-10-03T20:43:28.730+0000] {dag.py:2705} INFO - Sync 1 DAGs
[2024-10-03T20:43:28.739+0000] {logging_mixin.py:137} INFO - [2024-10-03T20:43:28.739+0000] {dag.py:3452} INFO - Setting next_dagrun for latest_only_with_trigger to 2024-10-03T16:43:28.739668+00:00, run_after=2024-10-03T20:43:28.739668+00:00
[2024-10-03T20:43:28.748+0000] {processor.py:175} INFO - Processing /usr/local/lib/python3.9/site-packages/airflow/example_dags/example_latest_only_with_trigger.py took 0.037 seconds
[2024-10-03T20:43:59.272+0000] {processor.py:153} INFO - Started process (PID=5196) to work on /usr/local/lib/python3.9/site-packages/airflow/example_dags/example_latest_only_with_trigger.py
[2024-10-03T20:43:59.272+0000] {processor.py:743} INFO - Processing file /usr/local/lib/python3.9/site-packages/airflow/example_dags/example_latest_only_with_trigger.py for tasks to queue
[2024-10-03T20:43:59.274+0000] {logging_mixin.py:137} INFO - [2024-10-03T20:43:59.274+0000] {dagbag.py:532} INFO - Filling up the DagBag from /usr/local/lib/python3.9/site-packages/airflow/example_dags/example_latest_only_with_trigger.py
[2024-10-03T20:43:59.281+0000] {processor.py:753} INFO - DAG(s) dict_keys(['latest_only_with_trigger']) retrieved from /usr/local/lib/python3.9/site-packages/airflow/example_dags/example_latest_only_with_trigger.py
[2024-10-03T20:43:59.290+0000] {logging_mixin.py:137} INFO - [2024-10-03T20:43:59.290+0000] {dag.py:2705} INFO - Sync 1 DAGs
[2024-10-03T20:43:59.299+0000] {logging_mixin.py:137} INFO - [2024-10-03T20:43:59.299+0000] {dag.py:3452} INFO - Setting next_dagrun for latest_only_with_trigger to 2024-10-03T16:43:59.299696+00:00, run_after=2024-10-03T20:43:59.299696+00:00
[2024-10-03T20:43:59.308+0000] {processor.py:175} INFO - Processing /usr/local/lib/python3.9/site-packages/airflow/example_dags/example_latest_only_with_trigger.py took 0.038 seconds
[2024-10-03T20:44:30.079+0000] {processor.py:153} INFO - Started process (PID=5407) to work on /usr/local/lib/python3.9/site-packages/airflow/example_dags/example_latest_only_with_trigger.py
[2024-10-03T20:44:30.079+0000] {processor.py:743} INFO - Processing file /usr/local/lib/python3.9/site-packages/airflow/example_dags/example_latest_only_with_trigger.py for tasks to queue
[2024-10-03T20:44:30.080+0000] {logging_mixin.py:137} INFO - [2024-10-03T20:44:30.080+0000] {dagbag.py:532} INFO - Filling up the DagBag from /usr/local/lib/python3.9/site-packages/airflow/example_dags/example_latest_only_with_trigger.py
[2024-10-03T20:44:30.086+0000] {processor.py:753} INFO - DAG(s) dict_keys(['latest_only_with_trigger']) retrieved from /usr/local/lib/python3.9/site-packages/airflow/example_dags/example_latest_only_with_trigger.py
[2024-10-03T20:44:30.095+0000] {logging_mixin.py:137} INFO - [2024-10-03T20:44:30.095+0000] {dag.py:2705} INFO - Sync 1 DAGs
[2024-10-03T20:44:30.107+0000] {logging_mixin.py:137} INFO - [2024-10-03T20:44:30.107+0000] {dag.py:3452} INFO - Setting next_dagrun for latest_only_with_trigger to 2024-10-03T16:44:30.106968+00:00, run_after=2024-10-03T20:44:30.106968+00:00
[2024-10-03T20:44:30.115+0000] {processor.py:175} INFO - Processing /usr/local/lib/python3.9/site-packages/airflow/example_dags/example_latest_only_with_trigger.py took 0.037 seconds
[2024-10-03T20:45:00.742+0000] {processor.py:153} INFO - Started process (PID=5618) to work on /usr/local/lib/python3.9/site-packages/airflow/example_dags/example_latest_only_with_trigger.py
[2024-10-03T20:45:00.743+0000] {processor.py:743} INFO - Processing file /usr/local/lib/python3.9/site-packages/airflow/example_dags/example_latest_only_with_trigger.py for tasks to queue
[2024-10-03T20:45:00.743+0000] {logging_mixin.py:137} INFO - [2024-10-03T20:45:00.743+0000] {dagbag.py:532} INFO - Filling up the DagBag from /usr/local/lib/python3.9/site-packages/airflow/example_dags/example_latest_only_with_trigger.py
[2024-10-03T20:45:00.750+0000] {processor.py:753} INFO - DAG(s) dict_keys(['latest_only_with_trigger']) retrieved from /usr/local/lib/python3.9/site-packages/airflow/example_dags/example_latest_only_with_trigger.py
[2024-10-03T20:45:00.759+0000] {logging_mixin.py:137} INFO - [2024-10-03T20:45:00.759+0000] {dag.py:2705} INFO - Sync 1 DAGs
[2024-10-03T20:45:00.771+0000] {logging_mixin.py:137} INFO - [2024-10-03T20:45:00.771+0000] {dag.py:3452} INFO - Setting next_dagrun for latest_only_with_trigger to 2024-10-03T16:45:00.771043+00:00, run_after=2024-10-03T20:45:00.771043+00:00
[2024-10-03T20:45:00.782+0000] {processor.py:175} INFO - Processing /usr/local/lib/python3.9/site-packages/airflow/example_dags/example_latest_only_with_trigger.py took 0.041 seconds
[2024-10-03T20:45:31.283+0000] {processor.py:153} INFO - Started process (PID=5829) to work on /usr/local/lib/python3.9/site-packages/airflow/example_dags/example_latest_only_with_trigger.py
[2024-10-03T20:45:31.284+0000] {processor.py:743} INFO - Processing file /usr/local/lib/python3.9/site-packages/airflow/example_dags/example_latest_only_with_trigger.py for tasks to queue
[2024-10-03T20:45:31.284+0000] {logging_mixin.py:137} INFO - [2024-10-03T20:45:31.284+0000] {dagbag.py:532} INFO - Filling up the DagBag from /usr/local/lib/python3.9/site-packages/airflow/example_dags/example_latest_only_with_trigger.py
[2024-10-03T20:45:31.291+0000] {processor.py:753} INFO - DAG(s) dict_keys(['latest_only_with_trigger']) retrieved from /usr/local/lib/python3.9/site-packages/airflow/example_dags/example_latest_only_with_trigger.py
[2024-10-03T20:45:31.300+0000] {logging_mixin.py:137} INFO - [2024-10-03T20:45:31.300+0000] {dag.py:2705} INFO - Sync 1 DAGs
[2024-10-03T20:45:31.312+0000] {logging_mixin.py:137} INFO - [2024-10-03T20:45:31.312+0000] {dag.py:3452} INFO - Setting next_dagrun for latest_only_with_trigger to 2024-10-03T16:45:31.312732+00:00, run_after=2024-10-03T20:45:31.312732+00:00
[2024-10-03T20:45:31.325+0000] {processor.py:175} INFO - Processing /usr/local/lib/python3.9/site-packages/airflow/example_dags/example_latest_only_with_trigger.py took 0.044 seconds
[2024-10-03T20:46:02.144+0000] {processor.py:153} INFO - Started process (PID=6042) to work on /usr/local/lib/python3.9/site-packages/airflow/example_dags/example_latest_only_with_trigger.py
[2024-10-03T20:46:02.145+0000] {processor.py:743} INFO - Processing file /usr/local/lib/python3.9/site-packages/airflow/example_dags/example_latest_only_with_trigger.py for tasks to queue
[2024-10-03T20:46:02.145+0000] {logging_mixin.py:137} INFO - [2024-10-03T20:46:02.145+0000] {dagbag.py:532} INFO - Filling up the DagBag from /usr/local/lib/python3.9/site-packages/airflow/example_dags/example_latest_only_with_trigger.py
[2024-10-03T20:46:02.151+0000] {processor.py:753} INFO - DAG(s) dict_keys(['latest_only_with_trigger']) retrieved from /usr/local/lib/python3.9/site-packages/airflow/example_dags/example_latest_only_with_trigger.py
[2024-10-03T20:46:02.162+0000] {logging_mixin.py:137} INFO - [2024-10-03T20:46:02.162+0000] {dag.py:2705} INFO - Sync 1 DAGs
[2024-10-03T20:46:02.171+0000] {logging_mixin.py:137} INFO - [2024-10-03T20:46:02.170+0000] {dag.py:3452} INFO - Setting next_dagrun for latest_only_with_trigger to 2024-10-03T16:46:02.170893+00:00, run_after=2024-10-03T20:46:02.170893+00:00
[2024-10-03T20:46:02.178+0000] {processor.py:175} INFO - Processing /usr/local/lib/python3.9/site-packages/airflow/example_dags/example_latest_only_with_trigger.py took 0.035 seconds
[2024-10-03T20:46:32.803+0000] {processor.py:153} INFO - Started process (PID=6253) to work on /usr/local/lib/python3.9/site-packages/airflow/example_dags/example_latest_only_with_trigger.py
[2024-10-03T20:46:32.803+0000] {processor.py:743} INFO - Processing file /usr/local/lib/python3.9/site-packages/airflow/example_dags/example_latest_only_with_trigger.py for tasks to queue
[2024-10-03T20:46:32.803+0000] {logging_mixin.py:137} INFO - [2024-10-03T20:46:32.803+0000] {dagbag.py:532} INFO - Filling up the DagBag from /usr/local/lib/python3.9/site-packages/airflow/example_dags/example_latest_only_with_trigger.py
[2024-10-03T20:46:32.809+0000] {processor.py:753} INFO - DAG(s) dict_keys(['latest_only_with_trigger']) retrieved from /usr/local/lib/python3.9/site-packages/airflow/example_dags/example_latest_only_with_trigger.py
[2024-10-03T20:46:32.818+0000] {logging_mixin.py:137} INFO - [2024-10-03T20:46:32.818+0000] {dag.py:2705} INFO - Sync 1 DAGs
[2024-10-03T20:46:32.827+0000] {logging_mixin.py:137} INFO - [2024-10-03T20:46:32.827+0000] {dag.py:3452} INFO - Setting next_dagrun for latest_only_with_trigger to 2024-10-03T16:46:32.826936+00:00, run_after=2024-10-03T20:46:32.826936+00:00
[2024-10-03T20:46:32.833+0000] {processor.py:175} INFO - Processing /usr/local/lib/python3.9/site-packages/airflow/example_dags/example_latest_only_with_trigger.py took 0.031 seconds
[2024-10-03T20:47:03.407+0000] {processor.py:153} INFO - Started process (PID=6462) to work on /usr/local/lib/python3.9/site-packages/airflow/example_dags/example_latest_only_with_trigger.py
[2024-10-03T20:47:03.409+0000] {processor.py:743} INFO - Processing file /usr/local/lib/python3.9/site-packages/airflow/example_dags/example_latest_only_with_trigger.py for tasks to queue
[2024-10-03T20:47:03.410+0000] {logging_mixin.py:137} INFO - [2024-10-03T20:47:03.409+0000] {dagbag.py:532} INFO - Filling up the DagBag from /usr/local/lib/python3.9/site-packages/airflow/example_dags/example_latest_only_with_trigger.py
[2024-10-03T20:47:03.416+0000] {processor.py:753} INFO - DAG(s) dict_keys(['latest_only_with_trigger']) retrieved from /usr/local/lib/python3.9/site-packages/airflow/example_dags/example_latest_only_with_trigger.py
[2024-10-03T20:47:03.425+0000] {logging_mixin.py:137} INFO - [2024-10-03T20:47:03.425+0000] {dag.py:2705} INFO - Sync 1 DAGs
[2024-10-03T20:47:03.437+0000] {logging_mixin.py:137} INFO - [2024-10-03T20:47:03.437+0000] {dag.py:3452} INFO - Setting next_dagrun for latest_only_with_trigger to 2024-10-03T16:47:03.437572+00:00, run_after=2024-10-03T20:47:03.437572+00:00
[2024-10-03T20:47:03.448+0000] {processor.py:175} INFO - Processing /usr/local/lib/python3.9/site-packages/airflow/example_dags/example_latest_only_with_trigger.py took 0.042 seconds
[2024-10-03T20:47:34.002+0000] {processor.py:153} INFO - Started process (PID=6675) to work on /usr/local/lib/python3.9/site-packages/airflow/example_dags/example_latest_only_with_trigger.py
[2024-10-03T20:47:34.002+0000] {processor.py:743} INFO - Processing file /usr/local/lib/python3.9/site-packages/airflow/example_dags/example_latest_only_with_trigger.py for tasks to queue
[2024-10-03T20:47:34.002+0000] {logging_mixin.py:137} INFO - [2024-10-03T20:47:34.002+0000] {dagbag.py:532} INFO - Filling up the DagBag from /usr/local/lib/python3.9/site-packages/airflow/example_dags/example_latest_only_with_trigger.py
[2024-10-03T20:47:34.008+0000] {processor.py:753} INFO - DAG(s) dict_keys(['latest_only_with_trigger']) retrieved from /usr/local/lib/python3.9/site-packages/airflow/example_dags/example_latest_only_with_trigger.py
[2024-10-03T20:47:34.016+0000] {logging_mixin.py:137} INFO - [2024-10-03T20:47:34.016+0000] {dag.py:2705} INFO - Sync 1 DAGs
[2024-10-03T20:47:34.024+0000] {logging_mixin.py:137} INFO - [2024-10-03T20:47:34.024+0000] {dag.py:3452} INFO - Setting next_dagrun for latest_only_with_trigger to 2024-10-03T16:47:34.024476+00:00, run_after=2024-10-03T20:47:34.024476+00:00
[2024-10-03T20:47:34.030+0000] {processor.py:175} INFO - Processing /usr/local/lib/python3.9/site-packages/airflow/example_dags/example_latest_only_with_trigger.py took 0.031 seconds
[2024-10-03T20:48:04.664+0000] {processor.py:153} INFO - Started process (PID=6884) to work on /usr/local/lib/python3.9/site-packages/airflow/example_dags/example_latest_only_with_trigger.py
[2024-10-03T20:48:04.664+0000] {processor.py:743} INFO - Processing file /usr/local/lib/python3.9/site-packages/airflow/example_dags/example_latest_only_with_trigger.py for tasks to queue
[2024-10-03T20:48:04.665+0000] {logging_mixin.py:137} INFO - [2024-10-03T20:48:04.665+0000] {dagbag.py:532} INFO - Filling up the DagBag from /usr/local/lib/python3.9/site-packages/airflow/example_dags/example_latest_only_with_trigger.py
[2024-10-03T20:48:04.674+0000] {processor.py:753} INFO - DAG(s) dict_keys(['latest_only_with_trigger']) retrieved from /usr/local/lib/python3.9/site-packages/airflow/example_dags/example_latest_only_with_trigger.py
[2024-10-03T20:48:04.684+0000] {logging_mixin.py:137} INFO - [2024-10-03T20:48:04.684+0000] {dag.py:2705} INFO - Sync 1 DAGs
[2024-10-03T20:48:04.694+0000] {logging_mixin.py:137} INFO - [2024-10-03T20:48:04.694+0000] {dag.py:3452} INFO - Setting next_dagrun for latest_only_with_trigger to 2024-10-03T16:48:04.694517+00:00, run_after=2024-10-03T20:48:04.694517+00:00
[2024-10-03T20:48:04.703+0000] {processor.py:175} INFO - Processing /usr/local/lib/python3.9/site-packages/airflow/example_dags/example_latest_only_with_trigger.py took 0.041 seconds
[2024-10-03T20:48:35.349+0000] {processor.py:153} INFO - Started process (PID=7095) to work on /usr/local/lib/python3.9/site-packages/airflow/example_dags/example_latest_only_with_trigger.py
[2024-10-03T20:48:35.350+0000] {processor.py:743} INFO - Processing file /usr/local/lib/python3.9/site-packages/airflow/example_dags/example_latest_only_with_trigger.py for tasks to queue
[2024-10-03T20:48:35.351+0000] {logging_mixin.py:137} INFO - [2024-10-03T20:48:35.351+0000] {dagbag.py:532} INFO - Filling up the DagBag from /usr/local/lib/python3.9/site-packages/airflow/example_dags/example_latest_only_with_trigger.py
[2024-10-03T20:48:35.359+0000] {processor.py:753} INFO - DAG(s) dict_keys(['latest_only_with_trigger']) retrieved from /usr/local/lib/python3.9/site-packages/airflow/example_dags/example_latest_only_with_trigger.py
[2024-10-03T20:48:35.369+0000] {logging_mixin.py:137} INFO - [2024-10-03T20:48:35.369+0000] {dag.py:2705} INFO - Sync 1 DAGs
[2024-10-03T20:48:35.378+0000] {logging_mixin.py:137} INFO - [2024-10-03T20:48:35.378+0000] {dag.py:3452} INFO - Setting next_dagrun for latest_only_with_trigger to 2024-10-03T16:48:35.378327+00:00, run_after=2024-10-03T20:48:35.378327+00:00
[2024-10-03T20:48:35.385+0000] {processor.py:175} INFO - Processing /usr/local/lib/python3.9/site-packages/airflow/example_dags/example_latest_only_with_trigger.py took 0.038 seconds
[2024-10-03T20:49:06.200+0000] {processor.py:153} INFO - Started process (PID=7308) to work on /usr/local/lib/python3.9/site-packages/airflow/example_dags/example_latest_only_with_trigger.py
[2024-10-03T20:49:06.200+0000] {processor.py:743} INFO - Processing file /usr/local/lib/python3.9/site-packages/airflow/example_dags/example_latest_only_with_trigger.py for tasks to queue
[2024-10-03T20:49:06.200+0000] {logging_mixin.py:137} INFO - [2024-10-03T20:49:06.200+0000] {dagbag.py:532} INFO - Filling up the DagBag from /usr/local/lib/python3.9/site-packages/airflow/example_dags/example_latest_only_with_trigger.py
[2024-10-03T20:49:06.207+0000] {processor.py:753} INFO - DAG(s) dict_keys(['latest_only_with_trigger']) retrieved from /usr/local/lib/python3.9/site-packages/airflow/example_dags/example_latest_only_with_trigger.py
[2024-10-03T20:49:06.220+0000] {logging_mixin.py:137} INFO - [2024-10-03T20:49:06.220+0000] {dag.py:2705} INFO - Sync 1 DAGs
[2024-10-03T20:49:06.232+0000] {logging_mixin.py:137} INFO - [2024-10-03T20:49:06.232+0000] {dag.py:3452} INFO - Setting next_dagrun for latest_only_with_trigger to 2024-10-03T16:49:06.231954+00:00, run_after=2024-10-03T20:49:06.231954+00:00
[2024-10-03T20:49:06.240+0000] {processor.py:175} INFO - Processing /usr/local/lib/python3.9/site-packages/airflow/example_dags/example_latest_only_with_trigger.py took 0.042 seconds
[2024-10-03T20:49:36.971+0000] {processor.py:153} INFO - Started process (PID=7517) to work on /usr/local/lib/python3.9/site-packages/airflow/example_dags/example_latest_only_with_trigger.py
[2024-10-03T20:49:36.972+0000] {processor.py:743} INFO - Processing file /usr/local/lib/python3.9/site-packages/airflow/example_dags/example_latest_only_with_trigger.py for tasks to queue
[2024-10-03T20:49:36.972+0000] {logging_mixin.py:137} INFO - [2024-10-03T20:49:36.972+0000] {dagbag.py:532} INFO - Filling up the DagBag from /usr/local/lib/python3.9/site-packages/airflow/example_dags/example_latest_only_with_trigger.py
[2024-10-03T20:49:36.979+0000] {processor.py:753} INFO - DAG(s) dict_keys(['latest_only_with_trigger']) retrieved from /usr/local/lib/python3.9/site-packages/airflow/example_dags/example_latest_only_with_trigger.py
[2024-10-03T20:49:36.989+0000] {logging_mixin.py:137} INFO - [2024-10-03T20:49:36.989+0000] {dag.py:2705} INFO - Sync 1 DAGs
[2024-10-03T20:49:37.001+0000] {logging_mixin.py:137} INFO - [2024-10-03T20:49:37.001+0000] {dag.py:3452} INFO - Setting next_dagrun for latest_only_with_trigger to 2024-10-03T16:49:37.000978+00:00, run_after=2024-10-03T20:49:37.000978+00:00
[2024-10-03T20:49:37.011+0000] {processor.py:175} INFO - Processing /usr/local/lib/python3.9/site-packages/airflow/example_dags/example_latest_only_with_trigger.py took 0.042 seconds
[2024-10-03T20:50:07.705+0000] {processor.py:153} INFO - Started process (PID=7728) to work on /usr/local/lib/python3.9/site-packages/airflow/example_dags/example_latest_only_with_trigger.py
[2024-10-03T20:50:07.706+0000] {processor.py:743} INFO - Processing file /usr/local/lib/python3.9/site-packages/airflow/example_dags/example_latest_only_with_trigger.py for tasks to queue
[2024-10-03T20:50:07.707+0000] {logging_mixin.py:137} INFO - [2024-10-03T20:50:07.706+0000] {dagbag.py:532} INFO - Filling up the DagBag from /usr/local/lib/python3.9/site-packages/airflow/example_dags/example_latest_only_with_trigger.py
[2024-10-03T20:50:07.714+0000] {processor.py:753} INFO - DAG(s) dict_keys(['latest_only_with_trigger']) retrieved from /usr/local/lib/python3.9/site-packages/airflow/example_dags/example_latest_only_with_trigger.py
[2024-10-03T20:50:07.725+0000] {logging_mixin.py:137} INFO - [2024-10-03T20:50:07.725+0000] {dag.py:2705} INFO - Sync 1 DAGs
[2024-10-03T20:50:07.736+0000] {logging_mixin.py:137} INFO - [2024-10-03T20:50:07.736+0000] {dag.py:3452} INFO - Setting next_dagrun for latest_only_with_trigger to 2024-10-03T16:50:07.736274+00:00, run_after=2024-10-03T20:50:07.736274+00:00
[2024-10-03T20:50:07.745+0000] {processor.py:175} INFO - Processing /usr/local/lib/python3.9/site-packages/airflow/example_dags/example_latest_only_with_trigger.py took 0.042 seconds
[2024-10-03T20:50:38.506+0000] {processor.py:153} INFO - Started process (PID=7939) to work on /usr/local/lib/python3.9/site-packages/airflow/example_dags/example_latest_only_with_trigger.py
[2024-10-03T20:50:38.506+0000] {processor.py:743} INFO - Processing file /usr/local/lib/python3.9/site-packages/airflow/example_dags/example_latest_only_with_trigger.py for tasks to queue
[2024-10-03T20:50:38.507+0000] {logging_mixin.py:137} INFO - [2024-10-03T20:50:38.507+0000] {dagbag.py:532} INFO - Filling up the DagBag from /usr/local/lib/python3.9/site-packages/airflow/example_dags/example_latest_only_with_trigger.py
[2024-10-03T20:50:38.515+0000] {processor.py:753} INFO - DAG(s) dict_keys(['latest_only_with_trigger']) retrieved from /usr/local/lib/python3.9/site-packages/airflow/example_dags/example_latest_only_with_trigger.py
[2024-10-03T20:50:38.524+0000] {logging_mixin.py:137} INFO - [2024-10-03T20:50:38.524+0000] {dag.py:2705} INFO - Sync 1 DAGs
[2024-10-03T20:50:38.535+0000] {logging_mixin.py:137} INFO - [2024-10-03T20:50:38.535+0000] {dag.py:3452} INFO - Setting next_dagrun for latest_only_with_trigger to 2024-10-03T16:50:38.534975+00:00, run_after=2024-10-03T20:50:38.534975+00:00
[2024-10-03T20:50:38.545+0000] {processor.py:175} INFO - Processing /usr/local/lib/python3.9/site-packages/airflow/example_dags/example_latest_only_with_trigger.py took 0.041 seconds
[2024-10-03T20:51:09.274+0000] {processor.py:153} INFO - Started process (PID=8150) to work on /usr/local/lib/python3.9/site-packages/airflow/example_dags/example_latest_only_with_trigger.py
[2024-10-03T20:51:09.274+0000] {processor.py:743} INFO - Processing file /usr/local/lib/python3.9/site-packages/airflow/example_dags/example_latest_only_with_trigger.py for tasks to queue
[2024-10-03T20:51:09.275+0000] {logging_mixin.py:137} INFO - [2024-10-03T20:51:09.275+0000] {dagbag.py:532} INFO - Filling up the DagBag from /usr/local/lib/python3.9/site-packages/airflow/example_dags/example_latest_only_with_trigger.py
[2024-10-03T20:51:09.281+0000] {processor.py:753} INFO - DAG(s) dict_keys(['latest_only_with_trigger']) retrieved from /usr/local/lib/python3.9/site-packages/airflow/example_dags/example_latest_only_with_trigger.py
[2024-10-03T20:51:09.291+0000] {logging_mixin.py:137} INFO - [2024-10-03T20:51:09.291+0000] {dag.py:2705} INFO - Sync 1 DAGs
[2024-10-03T20:51:09.301+0000] {logging_mixin.py:137} INFO - [2024-10-03T20:51:09.301+0000] {dag.py:3452} INFO - Setting next_dagrun for latest_only_with_trigger to 2024-10-03T16:51:09.300895+00:00, run_after=2024-10-03T20:51:09.300895+00:00
[2024-10-03T20:51:09.309+0000] {processor.py:175} INFO - Processing /usr/local/lib/python3.9/site-packages/airflow/example_dags/example_latest_only_with_trigger.py took 0.036 seconds
[2024-10-03T20:51:40.209+0000] {processor.py:153} INFO - Started process (PID=8361) to work on /usr/local/lib/python3.9/site-packages/airflow/example_dags/example_latest_only_with_trigger.py
[2024-10-03T20:51:40.210+0000] {processor.py:743} INFO - Processing file /usr/local/lib/python3.9/site-packages/airflow/example_dags/example_latest_only_with_trigger.py for tasks to queue
[2024-10-03T20:51:40.210+0000] {logging_mixin.py:137} INFO - [2024-10-03T20:51:40.210+0000] {dagbag.py:532} INFO - Filling up the DagBag from /usr/local/lib/python3.9/site-packages/airflow/example_dags/example_latest_only_with_trigger.py
[2024-10-03T20:51:40.216+0000] {processor.py:753} INFO - DAG(s) dict_keys(['latest_only_with_trigger']) retrieved from /usr/local/lib/python3.9/site-packages/airflow/example_dags/example_latest_only_with_trigger.py
[2024-10-03T20:51:40.226+0000] {logging_mixin.py:137} INFO - [2024-10-03T20:51:40.226+0000] {dag.py:2705} INFO - Sync 1 DAGs
[2024-10-03T20:51:40.235+0000] {logging_mixin.py:137} INFO - [2024-10-03T20:51:40.235+0000] {dag.py:3452} INFO - Setting next_dagrun for latest_only_with_trigger to 2024-10-03T16:51:40.235491+00:00, run_after=2024-10-03T20:51:40.235491+00:00
[2024-10-03T20:51:40.243+0000] {processor.py:175} INFO - Processing /usr/local/lib/python3.9/site-packages/airflow/example_dags/example_latest_only_with_trigger.py took 0.035 seconds
[2024-10-03T20:52:10.332+0000] {processor.py:153} INFO - Started process (PID=8572) to work on /usr/local/lib/python3.9/site-packages/airflow/example_dags/example_latest_only_with_trigger.py
[2024-10-03T20:52:10.333+0000] {processor.py:743} INFO - Processing file /usr/local/lib/python3.9/site-packages/airflow/example_dags/example_latest_only_with_trigger.py for tasks to queue
[2024-10-03T20:52:10.333+0000] {logging_mixin.py:137} INFO - [2024-10-03T20:52:10.333+0000] {dagbag.py:532} INFO - Filling up the DagBag from /usr/local/lib/python3.9/site-packages/airflow/example_dags/example_latest_only_with_trigger.py
[2024-10-03T20:52:10.339+0000] {processor.py:753} INFO - DAG(s) dict_keys(['latest_only_with_trigger']) retrieved from /usr/local/lib/python3.9/site-packages/airflow/example_dags/example_latest_only_with_trigger.py
[2024-10-03T20:52:10.356+0000] {logging_mixin.py:137} INFO - [2024-10-03T20:52:10.356+0000] {dag.py:2705} INFO - Sync 1 DAGs
[2024-10-03T20:52:10.366+0000] {logging_mixin.py:137} INFO - [2024-10-03T20:52:10.366+0000] {dag.py:3452} INFO - Setting next_dagrun for latest_only_with_trigger to 2024-10-03T16:52:10.366234+00:00, run_after=2024-10-03T20:52:10.366234+00:00
[2024-10-03T20:52:10.377+0000] {processor.py:175} INFO - Processing /usr/local/lib/python3.9/site-packages/airflow/example_dags/example_latest_only_with_trigger.py took 0.046 seconds
[2024-10-03T20:52:41.330+0000] {processor.py:153} INFO - Started process (PID=8783) to work on /usr/local/lib/python3.9/site-packages/airflow/example_dags/example_latest_only_with_trigger.py
[2024-10-03T20:52:41.330+0000] {processor.py:743} INFO - Processing file /usr/local/lib/python3.9/site-packages/airflow/example_dags/example_latest_only_with_trigger.py for tasks to queue
[2024-10-03T20:52:41.330+0000] {logging_mixin.py:137} INFO - [2024-10-03T20:52:41.330+0000] {dagbag.py:532} INFO - Filling up the DagBag from /usr/local/lib/python3.9/site-packages/airflow/example_dags/example_latest_only_with_trigger.py
[2024-10-03T20:52:41.337+0000] {processor.py:753} INFO - DAG(s) dict_keys(['latest_only_with_trigger']) retrieved from /usr/local/lib/python3.9/site-packages/airflow/example_dags/example_latest_only_with_trigger.py
[2024-10-03T20:52:41.346+0000] {logging_mixin.py:137} INFO - [2024-10-03T20:52:41.346+0000] {dag.py:2705} INFO - Sync 1 DAGs
[2024-10-03T20:52:41.356+0000] {logging_mixin.py:137} INFO - [2024-10-03T20:52:41.356+0000] {dag.py:3452} INFO - Setting next_dagrun for latest_only_with_trigger to 2024-10-03T16:52:41.356033+00:00, run_after=2024-10-03T20:52:41.356033+00:00
[2024-10-03T20:52:41.365+0000] {processor.py:175} INFO - Processing /usr/local/lib/python3.9/site-packages/airflow/example_dags/example_latest_only_with_trigger.py took 0.037 seconds
