[2024-10-03T20:32:02.314+0000] {processor.py:153} INFO - Started process (PID=365) to work on /usr/local/lib/python3.9/site-packages/airflow/example_dags/example_branch_python_dop_operator_3.py
[2024-10-03T20:32:02.314+0000] {processor.py:743} INFO - Processing file /usr/local/lib/python3.9/site-packages/airflow/example_dags/example_branch_python_dop_operator_3.py for tasks to queue
[2024-10-03T20:32:02.315+0000] {logging_mixin.py:137} INFO - [2024-10-03T20:32:02.315+0000] {dagbag.py:532} INFO - Filling up the DagBag from /usr/local/lib/python3.9/site-packages/airflow/example_dags/example_branch_python_dop_operator_3.py
[2024-10-03T20:32:02.334+0000] {processor.py:753} INFO - DAG(s) dict_keys(['example_branch_dop_operator_v3']) retrieved from /usr/local/lib/python3.9/site-packages/airflow/example_dags/example_branch_python_dop_operator_3.py
[2024-10-03T20:32:02.357+0000] {logging_mixin.py:137} INFO - [2024-10-03T20:32:02.357+0000] {dag.py:2705} INFO - Sync 1 DAGs
[2024-10-03T20:32:02.440+0000] {logging_mixin.py:137} INFO - [2024-10-03T20:32:02.439+0000] {dag.py:3452} INFO - Setting next_dagrun for example_branch_dop_operator_v3 to 2024-10-03T20:31:00+00:00, run_after=2024-10-03T20:32:00+00:00
[2024-10-03T20:32:02.572+0000] {processor.py:175} INFO - Processing /usr/local/lib/python3.9/site-packages/airflow/example_dags/example_branch_python_dop_operator_3.py took 0.260 seconds
[2024-10-03T20:32:36.250+0000] {processor.py:153} INFO - Started process (PID=580) to work on /usr/local/lib/python3.9/site-packages/airflow/example_dags/example_branch_python_dop_operator_3.py
[2024-10-03T20:32:36.258+0000] {processor.py:743} INFO - Processing file /usr/local/lib/python3.9/site-packages/airflow/example_dags/example_branch_python_dop_operator_3.py for tasks to queue
[2024-10-03T20:32:36.259+0000] {logging_mixin.py:137} INFO - [2024-10-03T20:32:36.259+0000] {dagbag.py:532} INFO - Filling up the DagBag from /usr/local/lib/python3.9/site-packages/airflow/example_dags/example_branch_python_dop_operator_3.py
[2024-10-03T20:32:36.276+0000] {processor.py:753} INFO - DAG(s) dict_keys(['example_branch_dop_operator_v3']) retrieved from /usr/local/lib/python3.9/site-packages/airflow/example_dags/example_branch_python_dop_operator_3.py
[2024-10-03T20:32:36.308+0000] {logging_mixin.py:137} INFO - [2024-10-03T20:32:36.308+0000] {dag.py:2705} INFO - Sync 1 DAGs
[2024-10-03T20:32:36.337+0000] {logging_mixin.py:137} INFO - [2024-10-03T20:32:36.337+0000] {dag.py:3452} INFO - Setting next_dagrun for example_branch_dop_operator_v3 to 2024-10-03T20:31:00+00:00, run_after=2024-10-03T20:32:00+00:00
[2024-10-03T20:32:36.360+0000] {processor.py:175} INFO - Processing /usr/local/lib/python3.9/site-packages/airflow/example_dags/example_branch_python_dop_operator_3.py took 0.112 seconds
[2024-10-03T20:33:11.006+0000] {processor.py:153} INFO - Started process (PID=791) to work on /usr/local/lib/python3.9/site-packages/airflow/example_dags/example_branch_python_dop_operator_3.py
[2024-10-03T20:33:11.007+0000] {processor.py:743} INFO - Processing file /usr/local/lib/python3.9/site-packages/airflow/example_dags/example_branch_python_dop_operator_3.py for tasks to queue
[2024-10-03T20:33:11.008+0000] {logging_mixin.py:137} INFO - [2024-10-03T20:33:11.008+0000] {dagbag.py:532} INFO - Filling up the DagBag from /usr/local/lib/python3.9/site-packages/airflow/example_dags/example_branch_python_dop_operator_3.py
[2024-10-03T20:33:11.032+0000] {processor.py:753} INFO - DAG(s) dict_keys(['example_branch_dop_operator_v3']) retrieved from /usr/local/lib/python3.9/site-packages/airflow/example_dags/example_branch_python_dop_operator_3.py
[2024-10-03T20:33:11.057+0000] {logging_mixin.py:137} INFO - [2024-10-03T20:33:11.057+0000] {dag.py:2705} INFO - Sync 1 DAGs
[2024-10-03T20:33:11.099+0000] {logging_mixin.py:137} INFO - [2024-10-03T20:33:11.099+0000] {dag.py:3452} INFO - Setting next_dagrun for example_branch_dop_operator_v3 to 2024-10-03T20:32:00+00:00, run_after=2024-10-03T20:33:00+00:00
[2024-10-03T20:33:11.126+0000] {processor.py:175} INFO - Processing /usr/local/lib/python3.9/site-packages/airflow/example_dags/example_branch_python_dop_operator_3.py took 0.123 seconds
[2024-10-03T20:33:41.847+0000] {processor.py:153} INFO - Started process (PID=1002) to work on /usr/local/lib/python3.9/site-packages/airflow/example_dags/example_branch_python_dop_operator_3.py
[2024-10-03T20:33:41.849+0000] {processor.py:743} INFO - Processing file /usr/local/lib/python3.9/site-packages/airflow/example_dags/example_branch_python_dop_operator_3.py for tasks to queue
[2024-10-03T20:33:41.849+0000] {logging_mixin.py:137} INFO - [2024-10-03T20:33:41.849+0000] {dagbag.py:532} INFO - Filling up the DagBag from /usr/local/lib/python3.9/site-packages/airflow/example_dags/example_branch_python_dop_operator_3.py
[2024-10-03T20:33:41.861+0000] {processor.py:753} INFO - DAG(s) dict_keys(['example_branch_dop_operator_v3']) retrieved from /usr/local/lib/python3.9/site-packages/airflow/example_dags/example_branch_python_dop_operator_3.py
[2024-10-03T20:33:41.883+0000] {logging_mixin.py:137} INFO - [2024-10-03T20:33:41.883+0000] {dag.py:2705} INFO - Sync 1 DAGs
[2024-10-03T20:33:41.901+0000] {logging_mixin.py:137} INFO - [2024-10-03T20:33:41.901+0000] {dag.py:3452} INFO - Setting next_dagrun for example_branch_dop_operator_v3 to 2024-10-03T20:32:00+00:00, run_after=2024-10-03T20:33:00+00:00
[2024-10-03T20:33:41.915+0000] {processor.py:175} INFO - Processing /usr/local/lib/python3.9/site-packages/airflow/example_dags/example_branch_python_dop_operator_3.py took 0.071 seconds
[2024-10-03T20:34:12.406+0000] {processor.py:153} INFO - Started process (PID=1213) to work on /usr/local/lib/python3.9/site-packages/airflow/example_dags/example_branch_python_dop_operator_3.py
[2024-10-03T20:34:12.407+0000] {processor.py:743} INFO - Processing file /usr/local/lib/python3.9/site-packages/airflow/example_dags/example_branch_python_dop_operator_3.py for tasks to queue
[2024-10-03T20:34:12.407+0000] {logging_mixin.py:137} INFO - [2024-10-03T20:34:12.407+0000] {dagbag.py:532} INFO - Filling up the DagBag from /usr/local/lib/python3.9/site-packages/airflow/example_dags/example_branch_python_dop_operator_3.py
[2024-10-03T20:34:12.420+0000] {processor.py:753} INFO - DAG(s) dict_keys(['example_branch_dop_operator_v3']) retrieved from /usr/local/lib/python3.9/site-packages/airflow/example_dags/example_branch_python_dop_operator_3.py
[2024-10-03T20:34:12.431+0000] {logging_mixin.py:137} INFO - [2024-10-03T20:34:12.431+0000] {dag.py:2705} INFO - Sync 1 DAGs
[2024-10-03T20:34:12.457+0000] {logging_mixin.py:137} INFO - [2024-10-03T20:34:12.457+0000] {dag.py:3452} INFO - Setting next_dagrun for example_branch_dop_operator_v3 to 2024-10-03T20:33:00+00:00, run_after=2024-10-03T20:34:00+00:00
[2024-10-03T20:34:12.477+0000] {processor.py:175} INFO - Processing /usr/local/lib/python3.9/site-packages/airflow/example_dags/example_branch_python_dop_operator_3.py took 0.072 seconds
[2024-10-03T20:34:47.234+0000] {processor.py:153} INFO - Started process (PID=1424) to work on /usr/local/lib/python3.9/site-packages/airflow/example_dags/example_branch_python_dop_operator_3.py
[2024-10-03T20:34:47.260+0000] {processor.py:743} INFO - Processing file /usr/local/lib/python3.9/site-packages/airflow/example_dags/example_branch_python_dop_operator_3.py for tasks to queue
[2024-10-03T20:34:47.286+0000] {logging_mixin.py:137} INFO - [2024-10-03T20:34:47.285+0000] {dagbag.py:532} INFO - Filling up the DagBag from /usr/local/lib/python3.9/site-packages/airflow/example_dags/example_branch_python_dop_operator_3.py
[2024-10-03T20:34:47.364+0000] {processor.py:753} INFO - DAG(s) dict_keys(['example_branch_dop_operator_v3']) retrieved from /usr/local/lib/python3.9/site-packages/airflow/example_dags/example_branch_python_dop_operator_3.py
[2024-10-03T20:34:47.441+0000] {logging_mixin.py:137} INFO - [2024-10-03T20:34:47.440+0000] {dag.py:2705} INFO - Sync 1 DAGs
[2024-10-03T20:34:47.502+0000] {logging_mixin.py:137} INFO - [2024-10-03T20:34:47.501+0000] {dag.py:3452} INFO - Setting next_dagrun for example_branch_dop_operator_v3 to 2024-10-03T20:33:00+00:00, run_after=2024-10-03T20:34:00+00:00
[2024-10-03T20:34:47.561+0000] {processor.py:175} INFO - Processing /usr/local/lib/python3.9/site-packages/airflow/example_dags/example_branch_python_dop_operator_3.py took 0.331 seconds
[2024-10-03T20:35:18.554+0000] {processor.py:153} INFO - Started process (PID=1635) to work on /usr/local/lib/python3.9/site-packages/airflow/example_dags/example_branch_python_dop_operator_3.py
[2024-10-03T20:35:18.555+0000] {processor.py:743} INFO - Processing file /usr/local/lib/python3.9/site-packages/airflow/example_dags/example_branch_python_dop_operator_3.py for tasks to queue
[2024-10-03T20:35:18.556+0000] {logging_mixin.py:137} INFO - [2024-10-03T20:35:18.556+0000] {dagbag.py:532} INFO - Filling up the DagBag from /usr/local/lib/python3.9/site-packages/airflow/example_dags/example_branch_python_dop_operator_3.py
[2024-10-03T20:35:18.575+0000] {processor.py:753} INFO - DAG(s) dict_keys(['example_branch_dop_operator_v3']) retrieved from /usr/local/lib/python3.9/site-packages/airflow/example_dags/example_branch_python_dop_operator_3.py
[2024-10-03T20:35:18.597+0000] {logging_mixin.py:137} INFO - [2024-10-03T20:35:18.597+0000] {dag.py:2705} INFO - Sync 1 DAGs
[2024-10-03T20:35:18.625+0000] {logging_mixin.py:137} INFO - [2024-10-03T20:35:18.625+0000] {dag.py:3452} INFO - Setting next_dagrun for example_branch_dop_operator_v3 to 2024-10-03T20:34:00+00:00, run_after=2024-10-03T20:35:00+00:00
[2024-10-03T20:35:18.638+0000] {processor.py:175} INFO - Processing /usr/local/lib/python3.9/site-packages/airflow/example_dags/example_branch_python_dop_operator_3.py took 0.088 seconds
[2024-10-03T20:35:49.712+0000] {processor.py:153} INFO - Started process (PID=1846) to work on /usr/local/lib/python3.9/site-packages/airflow/example_dags/example_branch_python_dop_operator_3.py
[2024-10-03T20:35:49.713+0000] {processor.py:743} INFO - Processing file /usr/local/lib/python3.9/site-packages/airflow/example_dags/example_branch_python_dop_operator_3.py for tasks to queue
[2024-10-03T20:35:49.714+0000] {logging_mixin.py:137} INFO - [2024-10-03T20:35:49.713+0000] {dagbag.py:532} INFO - Filling up the DagBag from /usr/local/lib/python3.9/site-packages/airflow/example_dags/example_branch_python_dop_operator_3.py
[2024-10-03T20:35:49.727+0000] {processor.py:753} INFO - DAG(s) dict_keys(['example_branch_dop_operator_v3']) retrieved from /usr/local/lib/python3.9/site-packages/airflow/example_dags/example_branch_python_dop_operator_3.py
[2024-10-03T20:35:49.739+0000] {logging_mixin.py:137} INFO - [2024-10-03T20:35:49.739+0000] {dag.py:2705} INFO - Sync 1 DAGs
[2024-10-03T20:35:49.815+0000] {logging_mixin.py:137} INFO - [2024-10-03T20:35:49.815+0000] {dag.py:3452} INFO - Setting next_dagrun for example_branch_dop_operator_v3 to 2024-10-03T20:34:00+00:00, run_after=2024-10-03T20:35:00+00:00
[2024-10-03T20:35:49.823+0000] {processor.py:175} INFO - Processing /usr/local/lib/python3.9/site-packages/airflow/example_dags/example_branch_python_dop_operator_3.py took 0.113 seconds
[2024-10-03T20:36:21.227+0000] {processor.py:153} INFO - Started process (PID=2058) to work on /usr/local/lib/python3.9/site-packages/airflow/example_dags/example_branch_python_dop_operator_3.py
[2024-10-03T20:36:21.230+0000] {processor.py:743} INFO - Processing file /usr/local/lib/python3.9/site-packages/airflow/example_dags/example_branch_python_dop_operator_3.py for tasks to queue
[2024-10-03T20:36:21.231+0000] {logging_mixin.py:137} INFO - [2024-10-03T20:36:21.231+0000] {dagbag.py:532} INFO - Filling up the DagBag from /usr/local/lib/python3.9/site-packages/airflow/example_dags/example_branch_python_dop_operator_3.py
[2024-10-03T20:36:21.245+0000] {processor.py:753} INFO - DAG(s) dict_keys(['example_branch_dop_operator_v3']) retrieved from /usr/local/lib/python3.9/site-packages/airflow/example_dags/example_branch_python_dop_operator_3.py
[2024-10-03T20:36:21.329+0000] {logging_mixin.py:137} INFO - [2024-10-03T20:36:21.329+0000] {dag.py:2705} INFO - Sync 1 DAGs
[2024-10-03T20:36:21.347+0000] {logging_mixin.py:137} INFO - [2024-10-03T20:36:21.347+0000] {dag.py:3452} INFO - Setting next_dagrun for example_branch_dop_operator_v3 to 2024-10-03T20:35:00+00:00, run_after=2024-10-03T20:36:00+00:00
[2024-10-03T20:36:21.357+0000] {processor.py:175} INFO - Processing /usr/local/lib/python3.9/site-packages/airflow/example_dags/example_branch_python_dop_operator_3.py took 0.132 seconds
[2024-10-03T20:36:51.445+0000] {processor.py:153} INFO - Started process (PID=2268) to work on /usr/local/lib/python3.9/site-packages/airflow/example_dags/example_branch_python_dop_operator_3.py
[2024-10-03T20:36:51.446+0000] {processor.py:743} INFO - Processing file /usr/local/lib/python3.9/site-packages/airflow/example_dags/example_branch_python_dop_operator_3.py for tasks to queue
[2024-10-03T20:36:51.446+0000] {logging_mixin.py:137} INFO - [2024-10-03T20:36:51.446+0000] {dagbag.py:532} INFO - Filling up the DagBag from /usr/local/lib/python3.9/site-packages/airflow/example_dags/example_branch_python_dop_operator_3.py
[2024-10-03T20:36:51.515+0000] {processor.py:753} INFO - DAG(s) dict_keys(['example_branch_dop_operator_v3']) retrieved from /usr/local/lib/python3.9/site-packages/airflow/example_dags/example_branch_python_dop_operator_3.py
[2024-10-03T20:36:51.528+0000] {logging_mixin.py:137} INFO - [2024-10-03T20:36:51.528+0000] {dag.py:2705} INFO - Sync 1 DAGs
[2024-10-03T20:36:51.540+0000] {logging_mixin.py:137} INFO - [2024-10-03T20:36:51.540+0000] {dag.py:3452} INFO - Setting next_dagrun for example_branch_dop_operator_v3 to 2024-10-03T20:35:00+00:00, run_after=2024-10-03T20:36:00+00:00
[2024-10-03T20:36:51.547+0000] {processor.py:175} INFO - Processing /usr/local/lib/python3.9/site-packages/airflow/example_dags/example_branch_python_dop_operator_3.py took 0.103 seconds
[2024-10-03T20:37:22.545+0000] {processor.py:153} INFO - Started process (PID=2479) to work on /usr/local/lib/python3.9/site-packages/airflow/example_dags/example_branch_python_dop_operator_3.py
[2024-10-03T20:37:22.546+0000] {processor.py:743} INFO - Processing file /usr/local/lib/python3.9/site-packages/airflow/example_dags/example_branch_python_dop_operator_3.py for tasks to queue
[2024-10-03T20:37:22.547+0000] {logging_mixin.py:137} INFO - [2024-10-03T20:37:22.547+0000] {dagbag.py:532} INFO - Filling up the DagBag from /usr/local/lib/python3.9/site-packages/airflow/example_dags/example_branch_python_dop_operator_3.py
[2024-10-03T20:37:22.568+0000] {processor.py:753} INFO - DAG(s) dict_keys(['example_branch_dop_operator_v3']) retrieved from /usr/local/lib/python3.9/site-packages/airflow/example_dags/example_branch_python_dop_operator_3.py
[2024-10-03T20:37:22.585+0000] {logging_mixin.py:137} INFO - [2024-10-03T20:37:22.584+0000] {dag.py:2705} INFO - Sync 1 DAGs
[2024-10-03T20:37:22.603+0000] {logging_mixin.py:137} INFO - [2024-10-03T20:37:22.603+0000] {dag.py:3452} INFO - Setting next_dagrun for example_branch_dop_operator_v3 to 2024-10-03T20:36:00+00:00, run_after=2024-10-03T20:37:00+00:00
[2024-10-03T20:37:22.615+0000] {processor.py:175} INFO - Processing /usr/local/lib/python3.9/site-packages/airflow/example_dags/example_branch_python_dop_operator_3.py took 0.072 seconds
[2024-10-03T20:37:53.755+0000] {processor.py:153} INFO - Started process (PID=2690) to work on /usr/local/lib/python3.9/site-packages/airflow/example_dags/example_branch_python_dop_operator_3.py
[2024-10-03T20:37:53.756+0000] {processor.py:743} INFO - Processing file /usr/local/lib/python3.9/site-packages/airflow/example_dags/example_branch_python_dop_operator_3.py for tasks to queue
[2024-10-03T20:37:53.756+0000] {logging_mixin.py:137} INFO - [2024-10-03T20:37:53.756+0000] {dagbag.py:532} INFO - Filling up the DagBag from /usr/local/lib/python3.9/site-packages/airflow/example_dags/example_branch_python_dop_operator_3.py
[2024-10-03T20:37:53.768+0000] {processor.py:753} INFO - DAG(s) dict_keys(['example_branch_dop_operator_v3']) retrieved from /usr/local/lib/python3.9/site-packages/airflow/example_dags/example_branch_python_dop_operator_3.py
[2024-10-03T20:37:53.781+0000] {logging_mixin.py:137} INFO - [2024-10-03T20:37:53.781+0000] {dag.py:2705} INFO - Sync 1 DAGs
[2024-10-03T20:37:53.792+0000] {logging_mixin.py:137} INFO - [2024-10-03T20:37:53.792+0000] {dag.py:3452} INFO - Setting next_dagrun for example_branch_dop_operator_v3 to 2024-10-03T20:36:00+00:00, run_after=2024-10-03T20:37:00+00:00
[2024-10-03T20:37:53.803+0000] {processor.py:175} INFO - Processing /usr/local/lib/python3.9/site-packages/airflow/example_dags/example_branch_python_dop_operator_3.py took 0.049 seconds
[2024-10-03T20:38:24.583+0000] {processor.py:153} INFO - Started process (PID=2901) to work on /usr/local/lib/python3.9/site-packages/airflow/example_dags/example_branch_python_dop_operator_3.py
[2024-10-03T20:38:24.583+0000] {processor.py:743} INFO - Processing file /usr/local/lib/python3.9/site-packages/airflow/example_dags/example_branch_python_dop_operator_3.py for tasks to queue
[2024-10-03T20:38:24.584+0000] {logging_mixin.py:137} INFO - [2024-10-03T20:38:24.584+0000] {dagbag.py:532} INFO - Filling up the DagBag from /usr/local/lib/python3.9/site-packages/airflow/example_dags/example_branch_python_dop_operator_3.py
[2024-10-03T20:38:24.597+0000] {processor.py:753} INFO - DAG(s) dict_keys(['example_branch_dop_operator_v3']) retrieved from /usr/local/lib/python3.9/site-packages/airflow/example_dags/example_branch_python_dop_operator_3.py
[2024-10-03T20:38:24.607+0000] {logging_mixin.py:137} INFO - [2024-10-03T20:38:24.607+0000] {dag.py:2705} INFO - Sync 1 DAGs
[2024-10-03T20:38:24.618+0000] {logging_mixin.py:137} INFO - [2024-10-03T20:38:24.618+0000] {dag.py:3452} INFO - Setting next_dagrun for example_branch_dop_operator_v3 to 2024-10-03T20:37:00+00:00, run_after=2024-10-03T20:38:00+00:00
[2024-10-03T20:38:24.630+0000] {processor.py:175} INFO - Processing /usr/local/lib/python3.9/site-packages/airflow/example_dags/example_branch_python_dop_operator_3.py took 0.049 seconds
[2024-10-03T20:38:55.338+0000] {processor.py:153} INFO - Started process (PID=3112) to work on /usr/local/lib/python3.9/site-packages/airflow/example_dags/example_branch_python_dop_operator_3.py
[2024-10-03T20:38:55.339+0000] {processor.py:743} INFO - Processing file /usr/local/lib/python3.9/site-packages/airflow/example_dags/example_branch_python_dop_operator_3.py for tasks to queue
[2024-10-03T20:38:55.339+0000] {logging_mixin.py:137} INFO - [2024-10-03T20:38:55.339+0000] {dagbag.py:532} INFO - Filling up the DagBag from /usr/local/lib/python3.9/site-packages/airflow/example_dags/example_branch_python_dop_operator_3.py
[2024-10-03T20:38:55.354+0000] {processor.py:753} INFO - DAG(s) dict_keys(['example_branch_dop_operator_v3']) retrieved from /usr/local/lib/python3.9/site-packages/airflow/example_dags/example_branch_python_dop_operator_3.py
[2024-10-03T20:38:55.366+0000] {logging_mixin.py:137} INFO - [2024-10-03T20:38:55.366+0000] {dag.py:2705} INFO - Sync 1 DAGs
[2024-10-03T20:38:55.378+0000] {logging_mixin.py:137} INFO - [2024-10-03T20:38:55.378+0000] {dag.py:3452} INFO - Setting next_dagrun for example_branch_dop_operator_v3 to 2024-10-03T20:37:00+00:00, run_after=2024-10-03T20:38:00+00:00
[2024-10-03T20:38:55.387+0000] {processor.py:175} INFO - Processing /usr/local/lib/python3.9/site-packages/airflow/example_dags/example_branch_python_dop_operator_3.py took 0.051 seconds
[2024-10-03T20:39:26.193+0000] {processor.py:153} INFO - Started process (PID=3323) to work on /usr/local/lib/python3.9/site-packages/airflow/example_dags/example_branch_python_dop_operator_3.py
[2024-10-03T20:39:26.193+0000] {processor.py:743} INFO - Processing file /usr/local/lib/python3.9/site-packages/airflow/example_dags/example_branch_python_dop_operator_3.py for tasks to queue
[2024-10-03T20:39:26.193+0000] {logging_mixin.py:137} INFO - [2024-10-03T20:39:26.193+0000] {dagbag.py:532} INFO - Filling up the DagBag from /usr/local/lib/python3.9/site-packages/airflow/example_dags/example_branch_python_dop_operator_3.py
[2024-10-03T20:39:26.206+0000] {processor.py:753} INFO - DAG(s) dict_keys(['example_branch_dop_operator_v3']) retrieved from /usr/local/lib/python3.9/site-packages/airflow/example_dags/example_branch_python_dop_operator_3.py
[2024-10-03T20:39:26.218+0000] {logging_mixin.py:137} INFO - [2024-10-03T20:39:26.218+0000] {dag.py:2705} INFO - Sync 1 DAGs
[2024-10-03T20:39:26.230+0000] {logging_mixin.py:137} INFO - [2024-10-03T20:39:26.230+0000] {dag.py:3452} INFO - Setting next_dagrun for example_branch_dop_operator_v3 to 2024-10-03T20:38:00+00:00, run_after=2024-10-03T20:39:00+00:00
[2024-10-03T20:39:26.237+0000] {processor.py:175} INFO - Processing /usr/local/lib/python3.9/site-packages/airflow/example_dags/example_branch_python_dop_operator_3.py took 0.046 seconds
[2024-10-03T20:39:56.989+0000] {processor.py:153} INFO - Started process (PID=3534) to work on /usr/local/lib/python3.9/site-packages/airflow/example_dags/example_branch_python_dop_operator_3.py
[2024-10-03T20:39:56.990+0000] {processor.py:743} INFO - Processing file /usr/local/lib/python3.9/site-packages/airflow/example_dags/example_branch_python_dop_operator_3.py for tasks to queue
[2024-10-03T20:39:56.990+0000] {logging_mixin.py:137} INFO - [2024-10-03T20:39:56.990+0000] {dagbag.py:532} INFO - Filling up the DagBag from /usr/local/lib/python3.9/site-packages/airflow/example_dags/example_branch_python_dop_operator_3.py
[2024-10-03T20:39:57.001+0000] {processor.py:753} INFO - DAG(s) dict_keys(['example_branch_dop_operator_v3']) retrieved from /usr/local/lib/python3.9/site-packages/airflow/example_dags/example_branch_python_dop_operator_3.py
[2024-10-03T20:39:57.011+0000] {logging_mixin.py:137} INFO - [2024-10-03T20:39:57.011+0000] {dag.py:2705} INFO - Sync 1 DAGs
[2024-10-03T20:39:57.022+0000] {logging_mixin.py:137} INFO - [2024-10-03T20:39:57.022+0000] {dag.py:3452} INFO - Setting next_dagrun for example_branch_dop_operator_v3 to 2024-10-03T20:38:00+00:00, run_after=2024-10-03T20:39:00+00:00
[2024-10-03T20:39:57.031+0000] {processor.py:175} INFO - Processing /usr/local/lib/python3.9/site-packages/airflow/example_dags/example_branch_python_dop_operator_3.py took 0.044 seconds
[2024-10-03T20:40:27.834+0000] {processor.py:153} INFO - Started process (PID=3745) to work on /usr/local/lib/python3.9/site-packages/airflow/example_dags/example_branch_python_dop_operator_3.py
[2024-10-03T20:40:27.834+0000] {processor.py:743} INFO - Processing file /usr/local/lib/python3.9/site-packages/airflow/example_dags/example_branch_python_dop_operator_3.py for tasks to queue
[2024-10-03T20:40:27.835+0000] {logging_mixin.py:137} INFO - [2024-10-03T20:40:27.835+0000] {dagbag.py:532} INFO - Filling up the DagBag from /usr/local/lib/python3.9/site-packages/airflow/example_dags/example_branch_python_dop_operator_3.py
[2024-10-03T20:40:27.848+0000] {processor.py:753} INFO - DAG(s) dict_keys(['example_branch_dop_operator_v3']) retrieved from /usr/local/lib/python3.9/site-packages/airflow/example_dags/example_branch_python_dop_operator_3.py
[2024-10-03T20:40:27.860+0000] {logging_mixin.py:137} INFO - [2024-10-03T20:40:27.860+0000] {dag.py:2705} INFO - Sync 1 DAGs
[2024-10-03T20:40:27.871+0000] {logging_mixin.py:137} INFO - [2024-10-03T20:40:27.871+0000] {dag.py:3452} INFO - Setting next_dagrun for example_branch_dop_operator_v3 to 2024-10-03T20:39:00+00:00, run_after=2024-10-03T20:40:00+00:00
[2024-10-03T20:40:27.880+0000] {processor.py:175} INFO - Processing /usr/local/lib/python3.9/site-packages/airflow/example_dags/example_branch_python_dop_operator_3.py took 0.048 seconds
[2024-10-03T20:40:58.710+0000] {processor.py:153} INFO - Started process (PID=3956) to work on /usr/local/lib/python3.9/site-packages/airflow/example_dags/example_branch_python_dop_operator_3.py
[2024-10-03T20:40:58.710+0000] {processor.py:743} INFO - Processing file /usr/local/lib/python3.9/site-packages/airflow/example_dags/example_branch_python_dop_operator_3.py for tasks to queue
[2024-10-03T20:40:58.710+0000] {logging_mixin.py:137} INFO - [2024-10-03T20:40:58.710+0000] {dagbag.py:532} INFO - Filling up the DagBag from /usr/local/lib/python3.9/site-packages/airflow/example_dags/example_branch_python_dop_operator_3.py
[2024-10-03T20:40:58.723+0000] {processor.py:753} INFO - DAG(s) dict_keys(['example_branch_dop_operator_v3']) retrieved from /usr/local/lib/python3.9/site-packages/airflow/example_dags/example_branch_python_dop_operator_3.py
[2024-10-03T20:40:58.734+0000] {logging_mixin.py:137} INFO - [2024-10-03T20:40:58.734+0000] {dag.py:2705} INFO - Sync 1 DAGs
[2024-10-03T20:40:58.746+0000] {logging_mixin.py:137} INFO - [2024-10-03T20:40:58.746+0000] {dag.py:3452} INFO - Setting next_dagrun for example_branch_dop_operator_v3 to 2024-10-03T20:39:00+00:00, run_after=2024-10-03T20:40:00+00:00
[2024-10-03T20:40:58.755+0000] {processor.py:175} INFO - Processing /usr/local/lib/python3.9/site-packages/airflow/example_dags/example_branch_python_dop_operator_3.py took 0.046 seconds
[2024-10-03T20:41:29.385+0000] {processor.py:153} INFO - Started process (PID=4167) to work on /usr/local/lib/python3.9/site-packages/airflow/example_dags/example_branch_python_dop_operator_3.py
[2024-10-03T20:41:29.385+0000] {processor.py:743} INFO - Processing file /usr/local/lib/python3.9/site-packages/airflow/example_dags/example_branch_python_dop_operator_3.py for tasks to queue
[2024-10-03T20:41:29.386+0000] {logging_mixin.py:137} INFO - [2024-10-03T20:41:29.385+0000] {dagbag.py:532} INFO - Filling up the DagBag from /usr/local/lib/python3.9/site-packages/airflow/example_dags/example_branch_python_dop_operator_3.py
[2024-10-03T20:41:29.398+0000] {processor.py:753} INFO - DAG(s) dict_keys(['example_branch_dop_operator_v3']) retrieved from /usr/local/lib/python3.9/site-packages/airflow/example_dags/example_branch_python_dop_operator_3.py
[2024-10-03T20:41:29.408+0000] {logging_mixin.py:137} INFO - [2024-10-03T20:41:29.408+0000] {dag.py:2705} INFO - Sync 1 DAGs
[2024-10-03T20:41:29.419+0000] {logging_mixin.py:137} INFO - [2024-10-03T20:41:29.419+0000] {dag.py:3452} INFO - Setting next_dagrun for example_branch_dop_operator_v3 to 2024-10-03T20:40:00+00:00, run_after=2024-10-03T20:41:00+00:00
[2024-10-03T20:41:29.426+0000] {processor.py:175} INFO - Processing /usr/local/lib/python3.9/site-packages/airflow/example_dags/example_branch_python_dop_operator_3.py took 0.042 seconds
[2024-10-03T20:42:00.002+0000] {processor.py:153} INFO - Started process (PID=4378) to work on /usr/local/lib/python3.9/site-packages/airflow/example_dags/example_branch_python_dop_operator_3.py
[2024-10-03T20:42:00.003+0000] {processor.py:743} INFO - Processing file /usr/local/lib/python3.9/site-packages/airflow/example_dags/example_branch_python_dop_operator_3.py for tasks to queue
[2024-10-03T20:42:00.003+0000] {logging_mixin.py:137} INFO - [2024-10-03T20:42:00.003+0000] {dagbag.py:532} INFO - Filling up the DagBag from /usr/local/lib/python3.9/site-packages/airflow/example_dags/example_branch_python_dop_operator_3.py
[2024-10-03T20:42:00.017+0000] {processor.py:753} INFO - DAG(s) dict_keys(['example_branch_dop_operator_v3']) retrieved from /usr/local/lib/python3.9/site-packages/airflow/example_dags/example_branch_python_dop_operator_3.py
[2024-10-03T20:42:00.033+0000] {logging_mixin.py:137} INFO - [2024-10-03T20:42:00.032+0000] {dag.py:2705} INFO - Sync 1 DAGs
[2024-10-03T20:42:00.047+0000] {logging_mixin.py:137} INFO - [2024-10-03T20:42:00.047+0000] {dag.py:3452} INFO - Setting next_dagrun for example_branch_dop_operator_v3 to 2024-10-03T20:41:00+00:00, run_after=2024-10-03T20:42:00+00:00
[2024-10-03T20:42:00.057+0000] {processor.py:175} INFO - Processing /usr/local/lib/python3.9/site-packages/airflow/example_dags/example_branch_python_dop_operator_3.py took 0.056 seconds
[2024-10-03T20:42:30.683+0000] {processor.py:153} INFO - Started process (PID=4589) to work on /usr/local/lib/python3.9/site-packages/airflow/example_dags/example_branch_python_dop_operator_3.py
[2024-10-03T20:42:30.683+0000] {processor.py:743} INFO - Processing file /usr/local/lib/python3.9/site-packages/airflow/example_dags/example_branch_python_dop_operator_3.py for tasks to queue
[2024-10-03T20:42:30.684+0000] {logging_mixin.py:137} INFO - [2024-10-03T20:42:30.684+0000] {dagbag.py:532} INFO - Filling up the DagBag from /usr/local/lib/python3.9/site-packages/airflow/example_dags/example_branch_python_dop_operator_3.py
[2024-10-03T20:42:30.696+0000] {processor.py:753} INFO - DAG(s) dict_keys(['example_branch_dop_operator_v3']) retrieved from /usr/local/lib/python3.9/site-packages/airflow/example_dags/example_branch_python_dop_operator_3.py
[2024-10-03T20:42:30.708+0000] {logging_mixin.py:137} INFO - [2024-10-03T20:42:30.708+0000] {dag.py:2705} INFO - Sync 1 DAGs
[2024-10-03T20:42:30.720+0000] {logging_mixin.py:137} INFO - [2024-10-03T20:42:30.720+0000] {dag.py:3452} INFO - Setting next_dagrun for example_branch_dop_operator_v3 to 2024-10-03T20:41:00+00:00, run_after=2024-10-03T20:42:00+00:00
[2024-10-03T20:42:30.730+0000] {processor.py:175} INFO - Processing /usr/local/lib/python3.9/site-packages/airflow/example_dags/example_branch_python_dop_operator_3.py took 0.049 seconds
[2024-10-03T20:43:01.285+0000] {processor.py:153} INFO - Started process (PID=4800) to work on /usr/local/lib/python3.9/site-packages/airflow/example_dags/example_branch_python_dop_operator_3.py
[2024-10-03T20:43:01.286+0000] {processor.py:743} INFO - Processing file /usr/local/lib/python3.9/site-packages/airflow/example_dags/example_branch_python_dop_operator_3.py for tasks to queue
[2024-10-03T20:43:01.286+0000] {logging_mixin.py:137} INFO - [2024-10-03T20:43:01.286+0000] {dagbag.py:532} INFO - Filling up the DagBag from /usr/local/lib/python3.9/site-packages/airflow/example_dags/example_branch_python_dop_operator_3.py
[2024-10-03T20:43:01.297+0000] {processor.py:753} INFO - DAG(s) dict_keys(['example_branch_dop_operator_v3']) retrieved from /usr/local/lib/python3.9/site-packages/airflow/example_dags/example_branch_python_dop_operator_3.py
[2024-10-03T20:43:01.307+0000] {logging_mixin.py:137} INFO - [2024-10-03T20:43:01.307+0000] {dag.py:2705} INFO - Sync 1 DAGs
[2024-10-03T20:43:01.318+0000] {logging_mixin.py:137} INFO - [2024-10-03T20:43:01.318+0000] {dag.py:3452} INFO - Setting next_dagrun for example_branch_dop_operator_v3 to 2024-10-03T20:42:00+00:00, run_after=2024-10-03T20:43:00+00:00
[2024-10-03T20:43:01.325+0000] {processor.py:175} INFO - Processing /usr/local/lib/python3.9/site-packages/airflow/example_dags/example_branch_python_dop_operator_3.py took 0.041 seconds
[2024-10-03T20:43:31.941+0000] {processor.py:153} INFO - Started process (PID=5011) to work on /usr/local/lib/python3.9/site-packages/airflow/example_dags/example_branch_python_dop_operator_3.py
[2024-10-03T20:43:31.941+0000] {processor.py:743} INFO - Processing file /usr/local/lib/python3.9/site-packages/airflow/example_dags/example_branch_python_dop_operator_3.py for tasks to queue
[2024-10-03T20:43:31.941+0000] {logging_mixin.py:137} INFO - [2024-10-03T20:43:31.941+0000] {dagbag.py:532} INFO - Filling up the DagBag from /usr/local/lib/python3.9/site-packages/airflow/example_dags/example_branch_python_dop_operator_3.py
[2024-10-03T20:43:31.953+0000] {processor.py:753} INFO - DAG(s) dict_keys(['example_branch_dop_operator_v3']) retrieved from /usr/local/lib/python3.9/site-packages/airflow/example_dags/example_branch_python_dop_operator_3.py
[2024-10-03T20:43:31.963+0000] {logging_mixin.py:137} INFO - [2024-10-03T20:43:31.963+0000] {dag.py:2705} INFO - Sync 1 DAGs
[2024-10-03T20:43:31.975+0000] {logging_mixin.py:137} INFO - [2024-10-03T20:43:31.975+0000] {dag.py:3452} INFO - Setting next_dagrun for example_branch_dop_operator_v3 to 2024-10-03T20:42:00+00:00, run_after=2024-10-03T20:43:00+00:00
[2024-10-03T20:43:31.988+0000] {processor.py:175} INFO - Processing /usr/local/lib/python3.9/site-packages/airflow/example_dags/example_branch_python_dop_operator_3.py took 0.049 seconds
[2024-10-03T20:44:02.525+0000] {processor.py:153} INFO - Started process (PID=5222) to work on /usr/local/lib/python3.9/site-packages/airflow/example_dags/example_branch_python_dop_operator_3.py
[2024-10-03T20:44:02.526+0000] {processor.py:743} INFO - Processing file /usr/local/lib/python3.9/site-packages/airflow/example_dags/example_branch_python_dop_operator_3.py for tasks to queue
[2024-10-03T20:44:02.526+0000] {logging_mixin.py:137} INFO - [2024-10-03T20:44:02.526+0000] {dagbag.py:532} INFO - Filling up the DagBag from /usr/local/lib/python3.9/site-packages/airflow/example_dags/example_branch_python_dop_operator_3.py
[2024-10-03T20:44:02.537+0000] {processor.py:753} INFO - DAG(s) dict_keys(['example_branch_dop_operator_v3']) retrieved from /usr/local/lib/python3.9/site-packages/airflow/example_dags/example_branch_python_dop_operator_3.py
[2024-10-03T20:44:02.547+0000] {logging_mixin.py:137} INFO - [2024-10-03T20:44:02.547+0000] {dag.py:2705} INFO - Sync 1 DAGs
[2024-10-03T20:44:02.558+0000] {logging_mixin.py:137} INFO - [2024-10-03T20:44:02.558+0000] {dag.py:3452} INFO - Setting next_dagrun for example_branch_dop_operator_v3 to 2024-10-03T20:43:00+00:00, run_after=2024-10-03T20:44:00+00:00
[2024-10-03T20:44:02.568+0000] {processor.py:175} INFO - Processing /usr/local/lib/python3.9/site-packages/airflow/example_dags/example_branch_python_dop_operator_3.py took 0.044 seconds
[2024-10-03T20:44:33.339+0000] {processor.py:153} INFO - Started process (PID=5433) to work on /usr/local/lib/python3.9/site-packages/airflow/example_dags/example_branch_python_dop_operator_3.py
[2024-10-03T20:44:33.339+0000] {processor.py:743} INFO - Processing file /usr/local/lib/python3.9/site-packages/airflow/example_dags/example_branch_python_dop_operator_3.py for tasks to queue
[2024-10-03T20:44:33.340+0000] {logging_mixin.py:137} INFO - [2024-10-03T20:44:33.340+0000] {dagbag.py:532} INFO - Filling up the DagBag from /usr/local/lib/python3.9/site-packages/airflow/example_dags/example_branch_python_dop_operator_3.py
[2024-10-03T20:44:33.352+0000] {processor.py:753} INFO - DAG(s) dict_keys(['example_branch_dop_operator_v3']) retrieved from /usr/local/lib/python3.9/site-packages/airflow/example_dags/example_branch_python_dop_operator_3.py
[2024-10-03T20:44:33.362+0000] {logging_mixin.py:137} INFO - [2024-10-03T20:44:33.362+0000] {dag.py:2705} INFO - Sync 1 DAGs
[2024-10-03T20:44:33.375+0000] {logging_mixin.py:137} INFO - [2024-10-03T20:44:33.375+0000] {dag.py:3452} INFO - Setting next_dagrun for example_branch_dop_operator_v3 to 2024-10-03T20:43:00+00:00, run_after=2024-10-03T20:44:00+00:00
[2024-10-03T20:44:33.385+0000] {processor.py:175} INFO - Processing /usr/local/lib/python3.9/site-packages/airflow/example_dags/example_branch_python_dop_operator_3.py took 0.048 seconds
[2024-10-03T20:45:03.986+0000] {processor.py:153} INFO - Started process (PID=5644) to work on /usr/local/lib/python3.9/site-packages/airflow/example_dags/example_branch_python_dop_operator_3.py
[2024-10-03T20:45:03.987+0000] {processor.py:743} INFO - Processing file /usr/local/lib/python3.9/site-packages/airflow/example_dags/example_branch_python_dop_operator_3.py for tasks to queue
[2024-10-03T20:45:03.987+0000] {logging_mixin.py:137} INFO - [2024-10-03T20:45:03.987+0000] {dagbag.py:532} INFO - Filling up the DagBag from /usr/local/lib/python3.9/site-packages/airflow/example_dags/example_branch_python_dop_operator_3.py
[2024-10-03T20:45:03.999+0000] {processor.py:753} INFO - DAG(s) dict_keys(['example_branch_dop_operator_v3']) retrieved from /usr/local/lib/python3.9/site-packages/airflow/example_dags/example_branch_python_dop_operator_3.py
[2024-10-03T20:45:04.010+0000] {logging_mixin.py:137} INFO - [2024-10-03T20:45:04.009+0000] {dag.py:2705} INFO - Sync 1 DAGs
[2024-10-03T20:45:04.022+0000] {logging_mixin.py:137} INFO - [2024-10-03T20:45:04.022+0000] {dag.py:3452} INFO - Setting next_dagrun for example_branch_dop_operator_v3 to 2024-10-03T20:44:00+00:00, run_after=2024-10-03T20:45:00+00:00
[2024-10-03T20:45:04.030+0000] {processor.py:175} INFO - Processing /usr/local/lib/python3.9/site-packages/airflow/example_dags/example_branch_python_dop_operator_3.py took 0.046 seconds
[2024-10-03T20:45:34.493+0000] {processor.py:153} INFO - Started process (PID=5855) to work on /usr/local/lib/python3.9/site-packages/airflow/example_dags/example_branch_python_dop_operator_3.py
[2024-10-03T20:45:34.493+0000] {processor.py:743} INFO - Processing file /usr/local/lib/python3.9/site-packages/airflow/example_dags/example_branch_python_dop_operator_3.py for tasks to queue
[2024-10-03T20:45:34.493+0000] {logging_mixin.py:137} INFO - [2024-10-03T20:45:34.493+0000] {dagbag.py:532} INFO - Filling up the DagBag from /usr/local/lib/python3.9/site-packages/airflow/example_dags/example_branch_python_dop_operator_3.py
[2024-10-03T20:45:34.504+0000] {processor.py:753} INFO - DAG(s) dict_keys(['example_branch_dop_operator_v3']) retrieved from /usr/local/lib/python3.9/site-packages/airflow/example_dags/example_branch_python_dop_operator_3.py
[2024-10-03T20:45:34.514+0000] {logging_mixin.py:137} INFO - [2024-10-03T20:45:34.514+0000] {dag.py:2705} INFO - Sync 1 DAGs
[2024-10-03T20:45:34.525+0000] {logging_mixin.py:137} INFO - [2024-10-03T20:45:34.525+0000] {dag.py:3452} INFO - Setting next_dagrun for example_branch_dop_operator_v3 to 2024-10-03T20:44:00+00:00, run_after=2024-10-03T20:45:00+00:00
[2024-10-03T20:45:34.535+0000] {processor.py:175} INFO - Processing /usr/local/lib/python3.9/site-packages/airflow/example_dags/example_branch_python_dop_operator_3.py took 0.044 seconds
[2024-10-03T20:46:05.397+0000] {processor.py:153} INFO - Started process (PID=6066) to work on /usr/local/lib/python3.9/site-packages/airflow/example_dags/example_branch_python_dop_operator_3.py
[2024-10-03T20:46:05.398+0000] {processor.py:743} INFO - Processing file /usr/local/lib/python3.9/site-packages/airflow/example_dags/example_branch_python_dop_operator_3.py for tasks to queue
[2024-10-03T20:46:05.398+0000] {logging_mixin.py:137} INFO - [2024-10-03T20:46:05.398+0000] {dagbag.py:532} INFO - Filling up the DagBag from /usr/local/lib/python3.9/site-packages/airflow/example_dags/example_branch_python_dop_operator_3.py
[2024-10-03T20:46:05.410+0000] {processor.py:753} INFO - DAG(s) dict_keys(['example_branch_dop_operator_v3']) retrieved from /usr/local/lib/python3.9/site-packages/airflow/example_dags/example_branch_python_dop_operator_3.py
[2024-10-03T20:46:05.421+0000] {logging_mixin.py:137} INFO - [2024-10-03T20:46:05.421+0000] {dag.py:2705} INFO - Sync 1 DAGs
[2024-10-03T20:46:05.434+0000] {logging_mixin.py:137} INFO - [2024-10-03T20:46:05.434+0000] {dag.py:3452} INFO - Setting next_dagrun for example_branch_dop_operator_v3 to 2024-10-03T20:45:00+00:00, run_after=2024-10-03T20:46:00+00:00
[2024-10-03T20:46:05.444+0000] {processor.py:175} INFO - Processing /usr/local/lib/python3.9/site-packages/airflow/example_dags/example_branch_python_dop_operator_3.py took 0.049 seconds
[2024-10-03T20:46:36.045+0000] {processor.py:153} INFO - Started process (PID=6277) to work on /usr/local/lib/python3.9/site-packages/airflow/example_dags/example_branch_python_dop_operator_3.py
[2024-10-03T20:46:36.046+0000] {processor.py:743} INFO - Processing file /usr/local/lib/python3.9/site-packages/airflow/example_dags/example_branch_python_dop_operator_3.py for tasks to queue
[2024-10-03T20:46:36.046+0000] {logging_mixin.py:137} INFO - [2024-10-03T20:46:36.046+0000] {dagbag.py:532} INFO - Filling up the DagBag from /usr/local/lib/python3.9/site-packages/airflow/example_dags/example_branch_python_dop_operator_3.py
[2024-10-03T20:46:36.059+0000] {processor.py:753} INFO - DAG(s) dict_keys(['example_branch_dop_operator_v3']) retrieved from /usr/local/lib/python3.9/site-packages/airflow/example_dags/example_branch_python_dop_operator_3.py
[2024-10-03T20:46:36.073+0000] {logging_mixin.py:137} INFO - [2024-10-03T20:46:36.073+0000] {dag.py:2705} INFO - Sync 1 DAGs
[2024-10-03T20:46:36.087+0000] {logging_mixin.py:137} INFO - [2024-10-03T20:46:36.087+0000] {dag.py:3452} INFO - Setting next_dagrun for example_branch_dop_operator_v3 to 2024-10-03T20:45:00+00:00, run_after=2024-10-03T20:46:00+00:00
[2024-10-03T20:46:36.095+0000] {processor.py:175} INFO - Processing /usr/local/lib/python3.9/site-packages/airflow/example_dags/example_branch_python_dop_operator_3.py took 0.051 seconds
[2024-10-03T20:47:06.630+0000] {processor.py:153} INFO - Started process (PID=6488) to work on /usr/local/lib/python3.9/site-packages/airflow/example_dags/example_branch_python_dop_operator_3.py
[2024-10-03T20:47:06.630+0000] {processor.py:743} INFO - Processing file /usr/local/lib/python3.9/site-packages/airflow/example_dags/example_branch_python_dop_operator_3.py for tasks to queue
[2024-10-03T20:47:06.630+0000] {logging_mixin.py:137} INFO - [2024-10-03T20:47:06.630+0000] {dagbag.py:532} INFO - Filling up the DagBag from /usr/local/lib/python3.9/site-packages/airflow/example_dags/example_branch_python_dop_operator_3.py
[2024-10-03T20:47:06.641+0000] {processor.py:753} INFO - DAG(s) dict_keys(['example_branch_dop_operator_v3']) retrieved from /usr/local/lib/python3.9/site-packages/airflow/example_dags/example_branch_python_dop_operator_3.py
[2024-10-03T20:47:06.651+0000] {logging_mixin.py:137} INFO - [2024-10-03T20:47:06.651+0000] {dag.py:2705} INFO - Sync 1 DAGs
[2024-10-03T20:47:06.661+0000] {logging_mixin.py:137} INFO - [2024-10-03T20:47:06.661+0000] {dag.py:3452} INFO - Setting next_dagrun for example_branch_dop_operator_v3 to 2024-10-03T20:46:00+00:00, run_after=2024-10-03T20:47:00+00:00
[2024-10-03T20:47:06.669+0000] {processor.py:175} INFO - Processing /usr/local/lib/python3.9/site-packages/airflow/example_dags/example_branch_python_dop_operator_3.py took 0.042 seconds
[2024-10-03T20:47:37.241+0000] {processor.py:153} INFO - Started process (PID=6699) to work on /usr/local/lib/python3.9/site-packages/airflow/example_dags/example_branch_python_dop_operator_3.py
[2024-10-03T20:47:37.242+0000] {processor.py:743} INFO - Processing file /usr/local/lib/python3.9/site-packages/airflow/example_dags/example_branch_python_dop_operator_3.py for tasks to queue
[2024-10-03T20:47:37.242+0000] {logging_mixin.py:137} INFO - [2024-10-03T20:47:37.242+0000] {dagbag.py:532} INFO - Filling up the DagBag from /usr/local/lib/python3.9/site-packages/airflow/example_dags/example_branch_python_dop_operator_3.py
[2024-10-03T20:47:37.255+0000] {processor.py:753} INFO - DAG(s) dict_keys(['example_branch_dop_operator_v3']) retrieved from /usr/local/lib/python3.9/site-packages/airflow/example_dags/example_branch_python_dop_operator_3.py
[2024-10-03T20:47:37.264+0000] {logging_mixin.py:137} INFO - [2024-10-03T20:47:37.264+0000] {dag.py:2705} INFO - Sync 1 DAGs
[2024-10-03T20:47:37.275+0000] {logging_mixin.py:137} INFO - [2024-10-03T20:47:37.275+0000] {dag.py:3452} INFO - Setting next_dagrun for example_branch_dop_operator_v3 to 2024-10-03T20:46:00+00:00, run_after=2024-10-03T20:47:00+00:00
[2024-10-03T20:47:37.284+0000] {processor.py:175} INFO - Processing /usr/local/lib/python3.9/site-packages/airflow/example_dags/example_branch_python_dop_operator_3.py took 0.045 seconds
[2024-10-03T20:48:07.911+0000] {processor.py:153} INFO - Started process (PID=6910) to work on /usr/local/lib/python3.9/site-packages/airflow/example_dags/example_branch_python_dop_operator_3.py
[2024-10-03T20:48:07.912+0000] {processor.py:743} INFO - Processing file /usr/local/lib/python3.9/site-packages/airflow/example_dags/example_branch_python_dop_operator_3.py for tasks to queue
[2024-10-03T20:48:07.912+0000] {logging_mixin.py:137} INFO - [2024-10-03T20:48:07.912+0000] {dagbag.py:532} INFO - Filling up the DagBag from /usr/local/lib/python3.9/site-packages/airflow/example_dags/example_branch_python_dop_operator_3.py
[2024-10-03T20:48:07.923+0000] {processor.py:753} INFO - DAG(s) dict_keys(['example_branch_dop_operator_v3']) retrieved from /usr/local/lib/python3.9/site-packages/airflow/example_dags/example_branch_python_dop_operator_3.py
[2024-10-03T20:48:07.933+0000] {logging_mixin.py:137} INFO - [2024-10-03T20:48:07.933+0000] {dag.py:2705} INFO - Sync 1 DAGs
[2024-10-03T20:48:07.945+0000] {logging_mixin.py:137} INFO - [2024-10-03T20:48:07.945+0000] {dag.py:3452} INFO - Setting next_dagrun for example_branch_dop_operator_v3 to 2024-10-03T20:47:00+00:00, run_after=2024-10-03T20:48:00+00:00
[2024-10-03T20:48:07.956+0000] {processor.py:175} INFO - Processing /usr/local/lib/python3.9/site-packages/airflow/example_dags/example_branch_python_dop_operator_3.py took 0.046 seconds
[2024-10-03T20:48:38.643+0000] {processor.py:153} INFO - Started process (PID=7121) to work on /usr/local/lib/python3.9/site-packages/airflow/example_dags/example_branch_python_dop_operator_3.py
[2024-10-03T20:48:38.644+0000] {processor.py:743} INFO - Processing file /usr/local/lib/python3.9/site-packages/airflow/example_dags/example_branch_python_dop_operator_3.py for tasks to queue
[2024-10-03T20:48:38.644+0000] {logging_mixin.py:137} INFO - [2024-10-03T20:48:38.644+0000] {dagbag.py:532} INFO - Filling up the DagBag from /usr/local/lib/python3.9/site-packages/airflow/example_dags/example_branch_python_dop_operator_3.py
[2024-10-03T20:48:38.657+0000] {processor.py:753} INFO - DAG(s) dict_keys(['example_branch_dop_operator_v3']) retrieved from /usr/local/lib/python3.9/site-packages/airflow/example_dags/example_branch_python_dop_operator_3.py
[2024-10-03T20:48:38.670+0000] {logging_mixin.py:137} INFO - [2024-10-03T20:48:38.669+0000] {dag.py:2705} INFO - Sync 1 DAGs
[2024-10-03T20:48:38.681+0000] {logging_mixin.py:137} INFO - [2024-10-03T20:48:38.681+0000] {dag.py:3452} INFO - Setting next_dagrun for example_branch_dop_operator_v3 to 2024-10-03T20:47:00+00:00, run_after=2024-10-03T20:48:00+00:00
[2024-10-03T20:48:38.691+0000] {processor.py:175} INFO - Processing /usr/local/lib/python3.9/site-packages/airflow/example_dags/example_branch_python_dop_operator_3.py took 0.049 seconds
[2024-10-03T20:49:09.527+0000] {processor.py:153} INFO - Started process (PID=7332) to work on /usr/local/lib/python3.9/site-packages/airflow/example_dags/example_branch_python_dop_operator_3.py
[2024-10-03T20:49:09.528+0000] {processor.py:743} INFO - Processing file /usr/local/lib/python3.9/site-packages/airflow/example_dags/example_branch_python_dop_operator_3.py for tasks to queue
[2024-10-03T20:49:09.528+0000] {logging_mixin.py:137} INFO - [2024-10-03T20:49:09.528+0000] {dagbag.py:532} INFO - Filling up the DagBag from /usr/local/lib/python3.9/site-packages/airflow/example_dags/example_branch_python_dop_operator_3.py
[2024-10-03T20:49:09.540+0000] {processor.py:753} INFO - DAG(s) dict_keys(['example_branch_dop_operator_v3']) retrieved from /usr/local/lib/python3.9/site-packages/airflow/example_dags/example_branch_python_dop_operator_3.py
[2024-10-03T20:49:09.550+0000] {logging_mixin.py:137} INFO - [2024-10-03T20:49:09.549+0000] {dag.py:2705} INFO - Sync 1 DAGs
[2024-10-03T20:49:09.561+0000] {logging_mixin.py:137} INFO - [2024-10-03T20:49:09.561+0000] {dag.py:3452} INFO - Setting next_dagrun for example_branch_dop_operator_v3 to 2024-10-03T20:48:00+00:00, run_after=2024-10-03T20:49:00+00:00
[2024-10-03T20:49:09.573+0000] {processor.py:175} INFO - Processing /usr/local/lib/python3.9/site-packages/airflow/example_dags/example_branch_python_dop_operator_3.py took 0.047 seconds
[2024-10-03T20:49:40.194+0000] {processor.py:153} INFO - Started process (PID=7543) to work on /usr/local/lib/python3.9/site-packages/airflow/example_dags/example_branch_python_dop_operator_3.py
[2024-10-03T20:49:40.198+0000] {processor.py:743} INFO - Processing file /usr/local/lib/python3.9/site-packages/airflow/example_dags/example_branch_python_dop_operator_3.py for tasks to queue
[2024-10-03T20:49:40.198+0000] {logging_mixin.py:137} INFO - [2024-10-03T20:49:40.198+0000] {dagbag.py:532} INFO - Filling up the DagBag from /usr/local/lib/python3.9/site-packages/airflow/example_dags/example_branch_python_dop_operator_3.py
[2024-10-03T20:49:40.210+0000] {processor.py:753} INFO - DAG(s) dict_keys(['example_branch_dop_operator_v3']) retrieved from /usr/local/lib/python3.9/site-packages/airflow/example_dags/example_branch_python_dop_operator_3.py
[2024-10-03T20:49:40.220+0000] {logging_mixin.py:137} INFO - [2024-10-03T20:49:40.220+0000] {dag.py:2705} INFO - Sync 1 DAGs
[2024-10-03T20:49:40.232+0000] {logging_mixin.py:137} INFO - [2024-10-03T20:49:40.232+0000] {dag.py:3452} INFO - Setting next_dagrun for example_branch_dop_operator_v3 to 2024-10-03T20:48:00+00:00, run_after=2024-10-03T20:49:00+00:00
[2024-10-03T20:49:40.241+0000] {processor.py:175} INFO - Processing /usr/local/lib/python3.9/site-packages/airflow/example_dags/example_branch_python_dop_operator_3.py took 0.049 seconds
[2024-10-03T20:50:10.972+0000] {processor.py:153} INFO - Started process (PID=7754) to work on /usr/local/lib/python3.9/site-packages/airflow/example_dags/example_branch_python_dop_operator_3.py
[2024-10-03T20:50:10.973+0000] {processor.py:743} INFO - Processing file /usr/local/lib/python3.9/site-packages/airflow/example_dags/example_branch_python_dop_operator_3.py for tasks to queue
[2024-10-03T20:50:10.973+0000] {logging_mixin.py:137} INFO - [2024-10-03T20:50:10.973+0000] {dagbag.py:532} INFO - Filling up the DagBag from /usr/local/lib/python3.9/site-packages/airflow/example_dags/example_branch_python_dop_operator_3.py
[2024-10-03T20:50:10.987+0000] {processor.py:753} INFO - DAG(s) dict_keys(['example_branch_dop_operator_v3']) retrieved from /usr/local/lib/python3.9/site-packages/airflow/example_dags/example_branch_python_dop_operator_3.py
[2024-10-03T20:50:11.002+0000] {logging_mixin.py:137} INFO - [2024-10-03T20:50:11.002+0000] {dag.py:2705} INFO - Sync 1 DAGs
[2024-10-03T20:50:11.021+0000] {logging_mixin.py:137} INFO - [2024-10-03T20:50:11.021+0000] {dag.py:3452} INFO - Setting next_dagrun for example_branch_dop_operator_v3 to 2024-10-03T20:49:00+00:00, run_after=2024-10-03T20:50:00+00:00
[2024-10-03T20:50:11.033+0000] {processor.py:175} INFO - Processing /usr/local/lib/python3.9/site-packages/airflow/example_dags/example_branch_python_dop_operator_3.py took 0.064 seconds
[2024-10-03T20:50:41.788+0000] {processor.py:153} INFO - Started process (PID=7965) to work on /usr/local/lib/python3.9/site-packages/airflow/example_dags/example_branch_python_dop_operator_3.py
[2024-10-03T20:50:41.788+0000] {processor.py:743} INFO - Processing file /usr/local/lib/python3.9/site-packages/airflow/example_dags/example_branch_python_dop_operator_3.py for tasks to queue
[2024-10-03T20:50:41.789+0000] {logging_mixin.py:137} INFO - [2024-10-03T20:50:41.789+0000] {dagbag.py:532} INFO - Filling up the DagBag from /usr/local/lib/python3.9/site-packages/airflow/example_dags/example_branch_python_dop_operator_3.py
[2024-10-03T20:50:41.801+0000] {processor.py:753} INFO - DAG(s) dict_keys(['example_branch_dop_operator_v3']) retrieved from /usr/local/lib/python3.9/site-packages/airflow/example_dags/example_branch_python_dop_operator_3.py
[2024-10-03T20:50:41.812+0000] {logging_mixin.py:137} INFO - [2024-10-03T20:50:41.812+0000] {dag.py:2705} INFO - Sync 1 DAGs
[2024-10-03T20:50:41.825+0000] {logging_mixin.py:137} INFO - [2024-10-03T20:50:41.825+0000] {dag.py:3452} INFO - Setting next_dagrun for example_branch_dop_operator_v3 to 2024-10-03T20:49:00+00:00, run_after=2024-10-03T20:50:00+00:00
[2024-10-03T20:50:41.834+0000] {processor.py:175} INFO - Processing /usr/local/lib/python3.9/site-packages/airflow/example_dags/example_branch_python_dop_operator_3.py took 0.048 seconds
[2024-10-03T20:51:12.504+0000] {processor.py:153} INFO - Started process (PID=8176) to work on /usr/local/lib/python3.9/site-packages/airflow/example_dags/example_branch_python_dop_operator_3.py
[2024-10-03T20:51:12.505+0000] {processor.py:743} INFO - Processing file /usr/local/lib/python3.9/site-packages/airflow/example_dags/example_branch_python_dop_operator_3.py for tasks to queue
[2024-10-03T20:51:12.505+0000] {logging_mixin.py:137} INFO - [2024-10-03T20:51:12.505+0000] {dagbag.py:532} INFO - Filling up the DagBag from /usr/local/lib/python3.9/site-packages/airflow/example_dags/example_branch_python_dop_operator_3.py
[2024-10-03T20:51:12.518+0000] {processor.py:753} INFO - DAG(s) dict_keys(['example_branch_dop_operator_v3']) retrieved from /usr/local/lib/python3.9/site-packages/airflow/example_dags/example_branch_python_dop_operator_3.py
[2024-10-03T20:51:12.530+0000] {logging_mixin.py:137} INFO - [2024-10-03T20:51:12.529+0000] {dag.py:2705} INFO - Sync 1 DAGs
[2024-10-03T20:51:12.542+0000] {logging_mixin.py:137} INFO - [2024-10-03T20:51:12.542+0000] {dag.py:3452} INFO - Setting next_dagrun for example_branch_dop_operator_v3 to 2024-10-03T20:50:00+00:00, run_after=2024-10-03T20:51:00+00:00
[2024-10-03T20:51:12.552+0000] {processor.py:175} INFO - Processing /usr/local/lib/python3.9/site-packages/airflow/example_dags/example_branch_python_dop_operator_3.py took 0.049 seconds
[2024-10-03T20:51:43.549+0000] {processor.py:153} INFO - Started process (PID=8387) to work on /usr/local/lib/python3.9/site-packages/airflow/example_dags/example_branch_python_dop_operator_3.py
[2024-10-03T20:51:43.549+0000] {processor.py:743} INFO - Processing file /usr/local/lib/python3.9/site-packages/airflow/example_dags/example_branch_python_dop_operator_3.py for tasks to queue
[2024-10-03T20:51:43.550+0000] {logging_mixin.py:137} INFO - [2024-10-03T20:51:43.549+0000] {dagbag.py:532} INFO - Filling up the DagBag from /usr/local/lib/python3.9/site-packages/airflow/example_dags/example_branch_python_dop_operator_3.py
[2024-10-03T20:51:43.562+0000] {processor.py:753} INFO - DAG(s) dict_keys(['example_branch_dop_operator_v3']) retrieved from /usr/local/lib/python3.9/site-packages/airflow/example_dags/example_branch_python_dop_operator_3.py
[2024-10-03T20:51:43.572+0000] {logging_mixin.py:137} INFO - [2024-10-03T20:51:43.572+0000] {dag.py:2705} INFO - Sync 1 DAGs
[2024-10-03T20:51:43.589+0000] {logging_mixin.py:137} INFO - [2024-10-03T20:51:43.589+0000] {dag.py:3452} INFO - Setting next_dagrun for example_branch_dop_operator_v3 to 2024-10-03T20:50:00+00:00, run_after=2024-10-03T20:51:00+00:00
[2024-10-03T20:51:43.601+0000] {processor.py:175} INFO - Processing /usr/local/lib/python3.9/site-packages/airflow/example_dags/example_branch_python_dop_operator_3.py took 0.054 seconds
[2024-10-03T20:52:14.582+0000] {processor.py:153} INFO - Started process (PID=8598) to work on /usr/local/lib/python3.9/site-packages/airflow/example_dags/example_branch_python_dop_operator_3.py
[2024-10-03T20:52:14.583+0000] {processor.py:743} INFO - Processing file /usr/local/lib/python3.9/site-packages/airflow/example_dags/example_branch_python_dop_operator_3.py for tasks to queue
[2024-10-03T20:52:14.583+0000] {logging_mixin.py:137} INFO - [2024-10-03T20:52:14.583+0000] {dagbag.py:532} INFO - Filling up the DagBag from /usr/local/lib/python3.9/site-packages/airflow/example_dags/example_branch_python_dop_operator_3.py
[2024-10-03T20:52:14.595+0000] {processor.py:753} INFO - DAG(s) dict_keys(['example_branch_dop_operator_v3']) retrieved from /usr/local/lib/python3.9/site-packages/airflow/example_dags/example_branch_python_dop_operator_3.py
[2024-10-03T20:52:14.604+0000] {logging_mixin.py:137} INFO - [2024-10-03T20:52:14.604+0000] {dag.py:2705} INFO - Sync 1 DAGs
[2024-10-03T20:52:14.615+0000] {logging_mixin.py:137} INFO - [2024-10-03T20:52:14.615+0000] {dag.py:3452} INFO - Setting next_dagrun for example_branch_dop_operator_v3 to 2024-10-03T20:51:00+00:00, run_after=2024-10-03T20:52:00+00:00
[2024-10-03T20:52:14.621+0000] {processor.py:175} INFO - Processing /usr/local/lib/python3.9/site-packages/airflow/example_dags/example_branch_python_dop_operator_3.py took 0.041 seconds
[2024-10-03T20:52:45.649+0000] {processor.py:153} INFO - Started process (PID=8809) to work on /usr/local/lib/python3.9/site-packages/airflow/example_dags/example_branch_python_dop_operator_3.py
[2024-10-03T20:52:45.649+0000] {processor.py:743} INFO - Processing file /usr/local/lib/python3.9/site-packages/airflow/example_dags/example_branch_python_dop_operator_3.py for tasks to queue
[2024-10-03T20:52:45.650+0000] {logging_mixin.py:137} INFO - [2024-10-03T20:52:45.650+0000] {dagbag.py:532} INFO - Filling up the DagBag from /usr/local/lib/python3.9/site-packages/airflow/example_dags/example_branch_python_dop_operator_3.py
[2024-10-03T20:52:45.666+0000] {processor.py:753} INFO - DAG(s) dict_keys(['example_branch_dop_operator_v3']) retrieved from /usr/local/lib/python3.9/site-packages/airflow/example_dags/example_branch_python_dop_operator_3.py
[2024-10-03T20:52:45.676+0000] {logging_mixin.py:137} INFO - [2024-10-03T20:52:45.676+0000] {dag.py:2705} INFO - Sync 1 DAGs
[2024-10-03T20:52:45.689+0000] {logging_mixin.py:137} INFO - [2024-10-03T20:52:45.689+0000] {dag.py:3452} INFO - Setting next_dagrun for example_branch_dop_operator_v3 to 2024-10-03T20:51:00+00:00, run_after=2024-10-03T20:52:00+00:00
[2024-10-03T20:52:45.700+0000] {processor.py:175} INFO - Processing /usr/local/lib/python3.9/site-packages/airflow/example_dags/example_branch_python_dop_operator_3.py took 0.052 seconds
