[2024-10-03T20:32:01.464+0000] {processor.py:153} INFO - Started process (PID=275) to work on /usr/local/lib/python3.9/site-packages/airflow/example_dags/example_task_group.py
[2024-10-03T20:32:01.465+0000] {processor.py:743} INFO - Processing file /usr/local/lib/python3.9/site-packages/airflow/example_dags/example_task_group.py for tasks to queue
[2024-10-03T20:32:01.467+0000] {logging_mixin.py:137} INFO - [2024-10-03T20:32:01.467+0000] {dagbag.py:532} INFO - Filling up the DagBag from /usr/local/lib/python3.9/site-packages/airflow/example_dags/example_task_group.py
[2024-10-03T20:32:01.486+0000] {processor.py:753} INFO - DAG(s) dict_keys(['example_task_group']) retrieved from /usr/local/lib/python3.9/site-packages/airflow/example_dags/example_task_group.py
[2024-10-03T20:32:01.499+0000] {logging_mixin.py:137} INFO - [2024-10-03T20:32:01.499+0000] {dag.py:2705} INFO - Sync 1 DAGs
[2024-10-03T20:32:01.539+0000] {logging_mixin.py:137} INFO - [2024-10-03T20:32:01.539+0000] {dag.py:3452} INFO - Setting next_dagrun for example_task_group to 2024-10-02T20:32:01.539231+00:00, run_after=2024-10-03T20:32:01.539231+00:00
[2024-10-03T20:32:01.578+0000] {processor.py:175} INFO - Processing /usr/local/lib/python3.9/site-packages/airflow/example_dags/example_task_group.py took 0.116 seconds
[2024-10-03T20:32:32.259+0000] {processor.py:153} INFO - Started process (PID=492) to work on /usr/local/lib/python3.9/site-packages/airflow/example_dags/example_task_group.py
[2024-10-03T20:32:32.263+0000] {processor.py:743} INFO - Processing file /usr/local/lib/python3.9/site-packages/airflow/example_dags/example_task_group.py for tasks to queue
[2024-10-03T20:32:32.264+0000] {logging_mixin.py:137} INFO - [2024-10-03T20:32:32.264+0000] {dagbag.py:532} INFO - Filling up the DagBag from /usr/local/lib/python3.9/site-packages/airflow/example_dags/example_task_group.py
[2024-10-03T20:32:32.284+0000] {processor.py:753} INFO - DAG(s) dict_keys(['example_task_group']) retrieved from /usr/local/lib/python3.9/site-packages/airflow/example_dags/example_task_group.py
[2024-10-03T20:32:32.316+0000] {logging_mixin.py:137} INFO - [2024-10-03T20:32:32.316+0000] {dag.py:2705} INFO - Sync 1 DAGs
[2024-10-03T20:32:32.350+0000] {logging_mixin.py:137} INFO - [2024-10-03T20:32:32.350+0000] {dag.py:3452} INFO - Setting next_dagrun for example_task_group to 2024-10-02T20:32:32.349672+00:00, run_after=2024-10-03T20:32:32.349672+00:00
[2024-10-03T20:32:32.377+0000] {processor.py:175} INFO - Processing /usr/local/lib/python3.9/site-packages/airflow/example_dags/example_task_group.py took 0.119 seconds
[2024-10-03T20:33:09.726+0000] {processor.py:153} INFO - Started process (PID=703) to work on /usr/local/lib/python3.9/site-packages/airflow/example_dags/example_task_group.py
[2024-10-03T20:33:09.736+0000] {processor.py:743} INFO - Processing file /usr/local/lib/python3.9/site-packages/airflow/example_dags/example_task_group.py for tasks to queue
[2024-10-03T20:33:09.736+0000] {logging_mixin.py:137} INFO - [2024-10-03T20:33:09.736+0000] {dagbag.py:532} INFO - Filling up the DagBag from /usr/local/lib/python3.9/site-packages/airflow/example_dags/example_task_group.py
[2024-10-03T20:33:09.749+0000] {processor.py:753} INFO - DAG(s) dict_keys(['example_task_group']) retrieved from /usr/local/lib/python3.9/site-packages/airflow/example_dags/example_task_group.py
[2024-10-03T20:33:09.769+0000] {logging_mixin.py:137} INFO - [2024-10-03T20:33:09.769+0000] {dag.py:2705} INFO - Sync 1 DAGs
[2024-10-03T20:33:09.785+0000] {logging_mixin.py:137} INFO - [2024-10-03T20:33:09.785+0000] {dag.py:3452} INFO - Setting next_dagrun for example_task_group to 2024-10-02T20:33:09.785215+00:00, run_after=2024-10-03T20:33:09.785215+00:00
[2024-10-03T20:33:09.818+0000] {processor.py:175} INFO - Processing /usr/local/lib/python3.9/site-packages/airflow/example_dags/example_task_group.py took 0.094 seconds
[2024-10-03T20:33:40.044+0000] {processor.py:153} INFO - Started process (PID=914) to work on /usr/local/lib/python3.9/site-packages/airflow/example_dags/example_task_group.py
[2024-10-03T20:33:40.045+0000] {processor.py:743} INFO - Processing file /usr/local/lib/python3.9/site-packages/airflow/example_dags/example_task_group.py for tasks to queue
[2024-10-03T20:33:40.046+0000] {logging_mixin.py:137} INFO - [2024-10-03T20:33:40.045+0000] {dagbag.py:532} INFO - Filling up the DagBag from /usr/local/lib/python3.9/site-packages/airflow/example_dags/example_task_group.py
[2024-10-03T20:33:40.059+0000] {processor.py:753} INFO - DAG(s) dict_keys(['example_task_group']) retrieved from /usr/local/lib/python3.9/site-packages/airflow/example_dags/example_task_group.py
[2024-10-03T20:33:40.100+0000] {logging_mixin.py:137} INFO - [2024-10-03T20:33:40.100+0000] {dag.py:2705} INFO - Sync 1 DAGs
[2024-10-03T20:33:40.114+0000] {logging_mixin.py:137} INFO - [2024-10-03T20:33:40.113+0000] {dag.py:3452} INFO - Setting next_dagrun for example_task_group to 2024-10-02T20:33:40.113618+00:00, run_after=2024-10-03T20:33:40.113618+00:00
[2024-10-03T20:33:40.123+0000] {processor.py:175} INFO - Processing /usr/local/lib/python3.9/site-packages/airflow/example_dags/example_task_group.py took 0.080 seconds
[2024-10-03T20:34:10.295+0000] {processor.py:153} INFO - Started process (PID=1123) to work on /usr/local/lib/python3.9/site-packages/airflow/example_dags/example_task_group.py
[2024-10-03T20:34:10.297+0000] {processor.py:743} INFO - Processing file /usr/local/lib/python3.9/site-packages/airflow/example_dags/example_task_group.py for tasks to queue
[2024-10-03T20:34:10.299+0000] {logging_mixin.py:137} INFO - [2024-10-03T20:34:10.299+0000] {dagbag.py:532} INFO - Filling up the DagBag from /usr/local/lib/python3.9/site-packages/airflow/example_dags/example_task_group.py
[2024-10-03T20:34:10.312+0000] {processor.py:753} INFO - DAG(s) dict_keys(['example_task_group']) retrieved from /usr/local/lib/python3.9/site-packages/airflow/example_dags/example_task_group.py
[2024-10-03T20:34:10.344+0000] {logging_mixin.py:137} INFO - [2024-10-03T20:34:10.343+0000] {dag.py:2705} INFO - Sync 1 DAGs
[2024-10-03T20:34:10.368+0000] {logging_mixin.py:137} INFO - [2024-10-03T20:34:10.367+0000] {dag.py:3452} INFO - Setting next_dagrun for example_task_group to 2024-10-02T20:34:10.367530+00:00, run_after=2024-10-03T20:34:10.367530+00:00
[2024-10-03T20:34:10.382+0000] {processor.py:175} INFO - Processing /usr/local/lib/python3.9/site-packages/airflow/example_dags/example_task_group.py took 0.089 seconds
[2024-10-03T20:34:40.889+0000] {processor.py:153} INFO - Started process (PID=1334) to work on /usr/local/lib/python3.9/site-packages/airflow/example_dags/example_task_group.py
[2024-10-03T20:34:40.894+0000] {processor.py:743} INFO - Processing file /usr/local/lib/python3.9/site-packages/airflow/example_dags/example_task_group.py for tasks to queue
[2024-10-03T20:34:40.896+0000] {logging_mixin.py:137} INFO - [2024-10-03T20:34:40.896+0000] {dagbag.py:532} INFO - Filling up the DagBag from /usr/local/lib/python3.9/site-packages/airflow/example_dags/example_task_group.py
[2024-10-03T20:34:40.909+0000] {processor.py:753} INFO - DAG(s) dict_keys(['example_task_group']) retrieved from /usr/local/lib/python3.9/site-packages/airflow/example_dags/example_task_group.py
[2024-10-03T20:34:40.934+0000] {logging_mixin.py:137} INFO - [2024-10-03T20:34:40.933+0000] {dag.py:2705} INFO - Sync 1 DAGs
[2024-10-03T20:34:40.962+0000] {logging_mixin.py:137} INFO - [2024-10-03T20:34:40.962+0000] {dag.py:3452} INFO - Setting next_dagrun for example_task_group to 2024-10-02T20:34:40.961697+00:00, run_after=2024-10-03T20:34:40.961697+00:00
[2024-10-03T20:34:40.986+0000] {processor.py:175} INFO - Processing /usr/local/lib/python3.9/site-packages/airflow/example_dags/example_task_group.py took 0.123 seconds
[2024-10-03T20:35:12.512+0000] {processor.py:153} INFO - Started process (PID=1545) to work on /usr/local/lib/python3.9/site-packages/airflow/example_dags/example_task_group.py
[2024-10-03T20:35:12.516+0000] {processor.py:743} INFO - Processing file /usr/local/lib/python3.9/site-packages/airflow/example_dags/example_task_group.py for tasks to queue
[2024-10-03T20:35:12.517+0000] {logging_mixin.py:137} INFO - [2024-10-03T20:35:12.517+0000] {dagbag.py:532} INFO - Filling up the DagBag from /usr/local/lib/python3.9/site-packages/airflow/example_dags/example_task_group.py
[2024-10-03T20:35:12.525+0000] {processor.py:753} INFO - DAG(s) dict_keys(['example_task_group']) retrieved from /usr/local/lib/python3.9/site-packages/airflow/example_dags/example_task_group.py
[2024-10-03T20:35:12.551+0000] {logging_mixin.py:137} INFO - [2024-10-03T20:35:12.550+0000] {dag.py:2705} INFO - Sync 1 DAGs
[2024-10-03T20:35:12.560+0000] {logging_mixin.py:137} INFO - [2024-10-03T20:35:12.560+0000] {dag.py:3452} INFO - Setting next_dagrun for example_task_group to 2024-10-02T20:35:12.560757+00:00, run_after=2024-10-03T20:35:12.560757+00:00
[2024-10-03T20:35:12.570+0000] {processor.py:175} INFO - Processing /usr/local/lib/python3.9/site-packages/airflow/example_dags/example_task_group.py took 0.060 seconds
[2024-10-03T20:35:43.093+0000] {processor.py:153} INFO - Started process (PID=1750) to work on /usr/local/lib/python3.9/site-packages/airflow/example_dags/example_task_group.py
[2024-10-03T20:35:43.095+0000] {processor.py:743} INFO - Processing file /usr/local/lib/python3.9/site-packages/airflow/example_dags/example_task_group.py for tasks to queue
[2024-10-03T20:35:43.095+0000] {logging_mixin.py:137} INFO - [2024-10-03T20:35:43.095+0000] {dagbag.py:532} INFO - Filling up the DagBag from /usr/local/lib/python3.9/site-packages/airflow/example_dags/example_task_group.py
[2024-10-03T20:35:43.103+0000] {processor.py:753} INFO - DAG(s) dict_keys(['example_task_group']) retrieved from /usr/local/lib/python3.9/site-packages/airflow/example_dags/example_task_group.py
[2024-10-03T20:35:43.284+0000] {logging_mixin.py:137} INFO - [2024-10-03T20:35:43.284+0000] {dag.py:2705} INFO - Sync 1 DAGs
[2024-10-03T20:35:43.300+0000] {logging_mixin.py:137} INFO - [2024-10-03T20:35:43.300+0000] {dag.py:3452} INFO - Setting next_dagrun for example_task_group to 2024-10-02T20:35:43.300567+00:00, run_after=2024-10-03T20:35:43.300567+00:00
[2024-10-03T20:35:43.309+0000] {processor.py:175} INFO - Processing /usr/local/lib/python3.9/site-packages/airflow/example_dags/example_task_group.py took 0.218 seconds
[2024-10-03T20:36:14.983+0000] {processor.py:153} INFO - Started process (PID=1961) to work on /usr/local/lib/python3.9/site-packages/airflow/example_dags/example_task_group.py
[2024-10-03T20:36:14.988+0000] {processor.py:743} INFO - Processing file /usr/local/lib/python3.9/site-packages/airflow/example_dags/example_task_group.py for tasks to queue
[2024-10-03T20:36:14.989+0000] {logging_mixin.py:137} INFO - [2024-10-03T20:36:14.988+0000] {dagbag.py:532} INFO - Filling up the DagBag from /usr/local/lib/python3.9/site-packages/airflow/example_dags/example_task_group.py
[2024-10-03T20:36:14.997+0000] {processor.py:753} INFO - DAG(s) dict_keys(['example_task_group']) retrieved from /usr/local/lib/python3.9/site-packages/airflow/example_dags/example_task_group.py
[2024-10-03T20:36:15.009+0000] {logging_mixin.py:137} INFO - [2024-10-03T20:36:15.009+0000] {dag.py:2705} INFO - Sync 1 DAGs
[2024-10-03T20:36:15.074+0000] {logging_mixin.py:137} INFO - [2024-10-03T20:36:15.073+0000] {dag.py:3452} INFO - Setting next_dagrun for example_task_group to 2024-10-02T20:36:15.073674+00:00, run_after=2024-10-03T20:36:15.073674+00:00
[2024-10-03T20:36:15.083+0000] {processor.py:175} INFO - Processing /usr/local/lib/python3.9/site-packages/airflow/example_dags/example_task_group.py took 0.102 seconds
[2024-10-03T20:36:45.151+0000] {processor.py:153} INFO - Started process (PID=2172) to work on /usr/local/lib/python3.9/site-packages/airflow/example_dags/example_task_group.py
[2024-10-03T20:36:45.151+0000] {processor.py:743} INFO - Processing file /usr/local/lib/python3.9/site-packages/airflow/example_dags/example_task_group.py for tasks to queue
[2024-10-03T20:36:45.151+0000] {logging_mixin.py:137} INFO - [2024-10-03T20:36:45.151+0000] {dagbag.py:532} INFO - Filling up the DagBag from /usr/local/lib/python3.9/site-packages/airflow/example_dags/example_task_group.py
[2024-10-03T20:36:45.159+0000] {processor.py:753} INFO - DAG(s) dict_keys(['example_task_group']) retrieved from /usr/local/lib/python3.9/site-packages/airflow/example_dags/example_task_group.py
[2024-10-03T20:36:45.224+0000] {logging_mixin.py:137} INFO - [2024-10-03T20:36:45.224+0000] {dag.py:2705} INFO - Sync 1 DAGs
[2024-10-03T20:36:45.234+0000] {logging_mixin.py:137} INFO - [2024-10-03T20:36:45.234+0000] {dag.py:3452} INFO - Setting next_dagrun for example_task_group to 2024-10-02T20:36:45.234192+00:00, run_after=2024-10-03T20:36:45.234192+00:00
[2024-10-03T20:36:45.244+0000] {processor.py:175} INFO - Processing /usr/local/lib/python3.9/site-packages/airflow/example_dags/example_task_group.py took 0.095 seconds
[2024-10-03T20:37:16.056+0000] {processor.py:153} INFO - Started process (PID=2385) to work on /usr/local/lib/python3.9/site-packages/airflow/example_dags/example_task_group.py
[2024-10-03T20:37:16.057+0000] {processor.py:743} INFO - Processing file /usr/local/lib/python3.9/site-packages/airflow/example_dags/example_task_group.py for tasks to queue
[2024-10-03T20:37:16.057+0000] {logging_mixin.py:137} INFO - [2024-10-03T20:37:16.057+0000] {dagbag.py:532} INFO - Filling up the DagBag from /usr/local/lib/python3.9/site-packages/airflow/example_dags/example_task_group.py
[2024-10-03T20:37:16.153+0000] {processor.py:753} INFO - DAG(s) dict_keys(['example_task_group']) retrieved from /usr/local/lib/python3.9/site-packages/airflow/example_dags/example_task_group.py
[2024-10-03T20:37:16.165+0000] {logging_mixin.py:137} INFO - [2024-10-03T20:37:16.164+0000] {dag.py:2705} INFO - Sync 1 DAGs
[2024-10-03T20:37:16.172+0000] {logging_mixin.py:137} INFO - [2024-10-03T20:37:16.172+0000] {dag.py:3452} INFO - Setting next_dagrun for example_task_group to 2024-10-02T20:37:16.172534+00:00, run_after=2024-10-03T20:37:16.172534+00:00
[2024-10-03T20:37:16.179+0000] {processor.py:175} INFO - Processing /usr/local/lib/python3.9/site-packages/airflow/example_dags/example_task_group.py took 0.124 seconds
[2024-10-03T20:37:46.581+0000] {processor.py:153} INFO - Started process (PID=2594) to work on /usr/local/lib/python3.9/site-packages/airflow/example_dags/example_task_group.py
[2024-10-03T20:37:46.581+0000] {processor.py:743} INFO - Processing file /usr/local/lib/python3.9/site-packages/airflow/example_dags/example_task_group.py for tasks to queue
[2024-10-03T20:37:46.582+0000] {logging_mixin.py:137} INFO - [2024-10-03T20:37:46.582+0000] {dagbag.py:532} INFO - Filling up the DagBag from /usr/local/lib/python3.9/site-packages/airflow/example_dags/example_task_group.py
[2024-10-03T20:37:46.588+0000] {processor.py:753} INFO - DAG(s) dict_keys(['example_task_group']) retrieved from /usr/local/lib/python3.9/site-packages/airflow/example_dags/example_task_group.py
[2024-10-03T20:37:46.596+0000] {logging_mixin.py:137} INFO - [2024-10-03T20:37:46.596+0000] {dag.py:2705} INFO - Sync 1 DAGs
[2024-10-03T20:37:46.605+0000] {logging_mixin.py:137} INFO - [2024-10-03T20:37:46.605+0000] {dag.py:3452} INFO - Setting next_dagrun for example_task_group to 2024-10-02T20:37:46.604930+00:00, run_after=2024-10-03T20:37:46.604930+00:00
[2024-10-03T20:37:46.611+0000] {processor.py:175} INFO - Processing /usr/local/lib/python3.9/site-packages/airflow/example_dags/example_task_group.py took 0.031 seconds
[2024-10-03T20:38:16.758+0000] {processor.py:153} INFO - Started process (PID=2805) to work on /usr/local/lib/python3.9/site-packages/airflow/example_dags/example_task_group.py
[2024-10-03T20:38:16.759+0000] {processor.py:743} INFO - Processing file /usr/local/lib/python3.9/site-packages/airflow/example_dags/example_task_group.py for tasks to queue
[2024-10-03T20:38:16.759+0000] {logging_mixin.py:137} INFO - [2024-10-03T20:38:16.759+0000] {dagbag.py:532} INFO - Filling up the DagBag from /usr/local/lib/python3.9/site-packages/airflow/example_dags/example_task_group.py
[2024-10-03T20:38:16.767+0000] {processor.py:753} INFO - DAG(s) dict_keys(['example_task_group']) retrieved from /usr/local/lib/python3.9/site-packages/airflow/example_dags/example_task_group.py
[2024-10-03T20:38:16.781+0000] {logging_mixin.py:137} INFO - [2024-10-03T20:38:16.780+0000] {dag.py:2705} INFO - Sync 1 DAGs
[2024-10-03T20:38:16.792+0000] {logging_mixin.py:137} INFO - [2024-10-03T20:38:16.792+0000] {dag.py:3452} INFO - Setting next_dagrun for example_task_group to 2024-10-02T20:38:16.792494+00:00, run_after=2024-10-03T20:38:16.792494+00:00
[2024-10-03T20:38:16.802+0000] {processor.py:175} INFO - Processing /usr/local/lib/python3.9/site-packages/airflow/example_dags/example_task_group.py took 0.046 seconds
[2024-10-03T20:38:47.538+0000] {processor.py:153} INFO - Started process (PID=3016) to work on /usr/local/lib/python3.9/site-packages/airflow/example_dags/example_task_group.py
[2024-10-03T20:38:47.539+0000] {processor.py:743} INFO - Processing file /usr/local/lib/python3.9/site-packages/airflow/example_dags/example_task_group.py for tasks to queue
[2024-10-03T20:38:47.540+0000] {logging_mixin.py:137} INFO - [2024-10-03T20:38:47.540+0000] {dagbag.py:532} INFO - Filling up the DagBag from /usr/local/lib/python3.9/site-packages/airflow/example_dags/example_task_group.py
[2024-10-03T20:38:47.547+0000] {processor.py:753} INFO - DAG(s) dict_keys(['example_task_group']) retrieved from /usr/local/lib/python3.9/site-packages/airflow/example_dags/example_task_group.py
[2024-10-03T20:38:47.567+0000] {logging_mixin.py:137} INFO - [2024-10-03T20:38:47.567+0000] {dag.py:2705} INFO - Sync 1 DAGs
[2024-10-03T20:38:47.576+0000] {logging_mixin.py:137} INFO - [2024-10-03T20:38:47.576+0000] {dag.py:3452} INFO - Setting next_dagrun for example_task_group to 2024-10-02T20:38:47.576658+00:00, run_after=2024-10-03T20:38:47.576658+00:00
[2024-10-03T20:38:47.584+0000] {processor.py:175} INFO - Processing /usr/local/lib/python3.9/site-packages/airflow/example_dags/example_task_group.py took 0.047 seconds
[2024-10-03T20:39:18.374+0000] {processor.py:153} INFO - Started process (PID=3227) to work on /usr/local/lib/python3.9/site-packages/airflow/example_dags/example_task_group.py
[2024-10-03T20:39:18.375+0000] {processor.py:743} INFO - Processing file /usr/local/lib/python3.9/site-packages/airflow/example_dags/example_task_group.py for tasks to queue
[2024-10-03T20:39:18.376+0000] {logging_mixin.py:137} INFO - [2024-10-03T20:39:18.376+0000] {dagbag.py:532} INFO - Filling up the DagBag from /usr/local/lib/python3.9/site-packages/airflow/example_dags/example_task_group.py
[2024-10-03T20:39:18.385+0000] {processor.py:753} INFO - DAG(s) dict_keys(['example_task_group']) retrieved from /usr/local/lib/python3.9/site-packages/airflow/example_dags/example_task_group.py
[2024-10-03T20:39:18.395+0000] {logging_mixin.py:137} INFO - [2024-10-03T20:39:18.395+0000] {dag.py:2705} INFO - Sync 1 DAGs
[2024-10-03T20:39:18.406+0000] {logging_mixin.py:137} INFO - [2024-10-03T20:39:18.406+0000] {dag.py:3452} INFO - Setting next_dagrun for example_task_group to 2024-10-02T20:39:18.405932+00:00, run_after=2024-10-03T20:39:18.405932+00:00
[2024-10-03T20:39:18.415+0000] {processor.py:175} INFO - Processing /usr/local/lib/python3.9/site-packages/airflow/example_dags/example_task_group.py took 0.043 seconds
[2024-10-03T20:39:49.153+0000] {processor.py:153} INFO - Started process (PID=3438) to work on /usr/local/lib/python3.9/site-packages/airflow/example_dags/example_task_group.py
[2024-10-03T20:39:49.154+0000] {processor.py:743} INFO - Processing file /usr/local/lib/python3.9/site-packages/airflow/example_dags/example_task_group.py for tasks to queue
[2024-10-03T20:39:49.154+0000] {logging_mixin.py:137} INFO - [2024-10-03T20:39:49.154+0000] {dagbag.py:532} INFO - Filling up the DagBag from /usr/local/lib/python3.9/site-packages/airflow/example_dags/example_task_group.py
[2024-10-03T20:39:49.160+0000] {processor.py:753} INFO - DAG(s) dict_keys(['example_task_group']) retrieved from /usr/local/lib/python3.9/site-packages/airflow/example_dags/example_task_group.py
[2024-10-03T20:39:49.168+0000] {logging_mixin.py:137} INFO - [2024-10-03T20:39:49.168+0000] {dag.py:2705} INFO - Sync 1 DAGs
[2024-10-03T20:39:49.177+0000] {logging_mixin.py:137} INFO - [2024-10-03T20:39:49.176+0000] {dag.py:3452} INFO - Setting next_dagrun for example_task_group to 2024-10-02T20:39:49.176881+00:00, run_after=2024-10-03T20:39:49.176881+00:00
[2024-10-03T20:39:49.183+0000] {processor.py:175} INFO - Processing /usr/local/lib/python3.9/site-packages/airflow/example_dags/example_task_group.py took 0.032 seconds
[2024-10-03T20:40:20.082+0000] {processor.py:153} INFO - Started process (PID=3651) to work on /usr/local/lib/python3.9/site-packages/airflow/example_dags/example_task_group.py
[2024-10-03T20:40:20.083+0000] {processor.py:743} INFO - Processing file /usr/local/lib/python3.9/site-packages/airflow/example_dags/example_task_group.py for tasks to queue
[2024-10-03T20:40:20.083+0000] {logging_mixin.py:137} INFO - [2024-10-03T20:40:20.083+0000] {dagbag.py:532} INFO - Filling up the DagBag from /usr/local/lib/python3.9/site-packages/airflow/example_dags/example_task_group.py
[2024-10-03T20:40:20.089+0000] {processor.py:753} INFO - DAG(s) dict_keys(['example_task_group']) retrieved from /usr/local/lib/python3.9/site-packages/airflow/example_dags/example_task_group.py
[2024-10-03T20:40:20.099+0000] {logging_mixin.py:137} INFO - [2024-10-03T20:40:20.099+0000] {dag.py:2705} INFO - Sync 1 DAGs
[2024-10-03T20:40:20.108+0000] {logging_mixin.py:137} INFO - [2024-10-03T20:40:20.108+0000] {dag.py:3452} INFO - Setting next_dagrun for example_task_group to 2024-10-02T20:40:20.107599+00:00, run_after=2024-10-03T20:40:20.107599+00:00
[2024-10-03T20:40:20.126+0000] {processor.py:175} INFO - Processing /usr/local/lib/python3.9/site-packages/airflow/example_dags/example_task_group.py took 0.045 seconds
[2024-10-03T20:40:50.908+0000] {processor.py:153} INFO - Started process (PID=3860) to work on /usr/local/lib/python3.9/site-packages/airflow/example_dags/example_task_group.py
[2024-10-03T20:40:50.912+0000] {processor.py:743} INFO - Processing file /usr/local/lib/python3.9/site-packages/airflow/example_dags/example_task_group.py for tasks to queue
[2024-10-03T20:40:50.913+0000] {logging_mixin.py:137} INFO - [2024-10-03T20:40:50.913+0000] {dagbag.py:532} INFO - Filling up the DagBag from /usr/local/lib/python3.9/site-packages/airflow/example_dags/example_task_group.py
[2024-10-03T20:40:50.920+0000] {processor.py:753} INFO - DAG(s) dict_keys(['example_task_group']) retrieved from /usr/local/lib/python3.9/site-packages/airflow/example_dags/example_task_group.py
[2024-10-03T20:40:50.935+0000] {logging_mixin.py:137} INFO - [2024-10-03T20:40:50.935+0000] {dag.py:2705} INFO - Sync 1 DAGs
[2024-10-03T20:40:50.944+0000] {logging_mixin.py:137} INFO - [2024-10-03T20:40:50.944+0000] {dag.py:3452} INFO - Setting next_dagrun for example_task_group to 2024-10-02T20:40:50.944728+00:00, run_after=2024-10-03T20:40:50.944728+00:00
[2024-10-03T20:40:50.955+0000] {processor.py:175} INFO - Processing /usr/local/lib/python3.9/site-packages/airflow/example_dags/example_task_group.py took 0.049 seconds
[2024-10-03T20:41:21.592+0000] {processor.py:153} INFO - Started process (PID=4071) to work on /usr/local/lib/python3.9/site-packages/airflow/example_dags/example_task_group.py
[2024-10-03T20:41:21.595+0000] {processor.py:743} INFO - Processing file /usr/local/lib/python3.9/site-packages/airflow/example_dags/example_task_group.py for tasks to queue
[2024-10-03T20:41:21.596+0000] {logging_mixin.py:137} INFO - [2024-10-03T20:41:21.595+0000] {dagbag.py:532} INFO - Filling up the DagBag from /usr/local/lib/python3.9/site-packages/airflow/example_dags/example_task_group.py
[2024-10-03T20:41:21.602+0000] {processor.py:753} INFO - DAG(s) dict_keys(['example_task_group']) retrieved from /usr/local/lib/python3.9/site-packages/airflow/example_dags/example_task_group.py
[2024-10-03T20:41:21.615+0000] {logging_mixin.py:137} INFO - [2024-10-03T20:41:21.615+0000] {dag.py:2705} INFO - Sync 1 DAGs
[2024-10-03T20:41:21.624+0000] {logging_mixin.py:137} INFO - [2024-10-03T20:41:21.624+0000] {dag.py:3452} INFO - Setting next_dagrun for example_task_group to 2024-10-02T20:41:21.624224+00:00, run_after=2024-10-03T20:41:21.624224+00:00
[2024-10-03T20:41:21.633+0000] {processor.py:175} INFO - Processing /usr/local/lib/python3.9/site-packages/airflow/example_dags/example_task_group.py took 0.043 seconds
[2024-10-03T20:41:52.248+0000] {processor.py:153} INFO - Started process (PID=4281) to work on /usr/local/lib/python3.9/site-packages/airflow/example_dags/example_task_group.py
[2024-10-03T20:41:52.251+0000] {processor.py:743} INFO - Processing file /usr/local/lib/python3.9/site-packages/airflow/example_dags/example_task_group.py for tasks to queue
[2024-10-03T20:41:52.252+0000] {logging_mixin.py:137} INFO - [2024-10-03T20:41:52.252+0000] {dagbag.py:532} INFO - Filling up the DagBag from /usr/local/lib/python3.9/site-packages/airflow/example_dags/example_task_group.py
[2024-10-03T20:41:52.259+0000] {processor.py:753} INFO - DAG(s) dict_keys(['example_task_group']) retrieved from /usr/local/lib/python3.9/site-packages/airflow/example_dags/example_task_group.py
[2024-10-03T20:41:52.270+0000] {logging_mixin.py:137} INFO - [2024-10-03T20:41:52.270+0000] {dag.py:2705} INFO - Sync 1 DAGs
[2024-10-03T20:41:52.281+0000] {logging_mixin.py:137} INFO - [2024-10-03T20:41:52.281+0000] {dag.py:3452} INFO - Setting next_dagrun for example_task_group to 2024-10-02T20:41:52.281525+00:00, run_after=2024-10-03T20:41:52.281525+00:00
[2024-10-03T20:41:52.291+0000] {processor.py:175} INFO - Processing /usr/local/lib/python3.9/site-packages/airflow/example_dags/example_task_group.py took 0.045 seconds
[2024-10-03T20:42:22.947+0000] {processor.py:153} INFO - Started process (PID=4493) to work on /usr/local/lib/python3.9/site-packages/airflow/example_dags/example_task_group.py
[2024-10-03T20:42:22.948+0000] {processor.py:743} INFO - Processing file /usr/local/lib/python3.9/site-packages/airflow/example_dags/example_task_group.py for tasks to queue
[2024-10-03T20:42:22.949+0000] {logging_mixin.py:137} INFO - [2024-10-03T20:42:22.949+0000] {dagbag.py:532} INFO - Filling up the DagBag from /usr/local/lib/python3.9/site-packages/airflow/example_dags/example_task_group.py
[2024-10-03T20:42:22.955+0000] {processor.py:753} INFO - DAG(s) dict_keys(['example_task_group']) retrieved from /usr/local/lib/python3.9/site-packages/airflow/example_dags/example_task_group.py
[2024-10-03T20:42:22.968+0000] {logging_mixin.py:137} INFO - [2024-10-03T20:42:22.968+0000] {dag.py:2705} INFO - Sync 1 DAGs
[2024-10-03T20:42:22.977+0000] {logging_mixin.py:137} INFO - [2024-10-03T20:42:22.977+0000] {dag.py:3452} INFO - Setting next_dagrun for example_task_group to 2024-10-02T20:42:22.977378+00:00, run_after=2024-10-03T20:42:22.977378+00:00
[2024-10-03T20:42:22.986+0000] {processor.py:175} INFO - Processing /usr/local/lib/python3.9/site-packages/airflow/example_dags/example_task_group.py took 0.040 seconds
[2024-10-03T20:42:53.584+0000] {processor.py:153} INFO - Started process (PID=4706) to work on /usr/local/lib/python3.9/site-packages/airflow/example_dags/example_task_group.py
[2024-10-03T20:42:53.584+0000] {processor.py:743} INFO - Processing file /usr/local/lib/python3.9/site-packages/airflow/example_dags/example_task_group.py for tasks to queue
[2024-10-03T20:42:53.584+0000] {logging_mixin.py:137} INFO - [2024-10-03T20:42:53.584+0000] {dagbag.py:532} INFO - Filling up the DagBag from /usr/local/lib/python3.9/site-packages/airflow/example_dags/example_task_group.py
[2024-10-03T20:42:53.590+0000] {processor.py:753} INFO - DAG(s) dict_keys(['example_task_group']) retrieved from /usr/local/lib/python3.9/site-packages/airflow/example_dags/example_task_group.py
[2024-10-03T20:42:53.599+0000] {logging_mixin.py:137} INFO - [2024-10-03T20:42:53.599+0000] {dag.py:2705} INFO - Sync 1 DAGs
[2024-10-03T20:42:53.608+0000] {logging_mixin.py:137} INFO - [2024-10-03T20:42:53.608+0000] {dag.py:3452} INFO - Setting next_dagrun for example_task_group to 2024-10-02T20:42:53.608005+00:00, run_after=2024-10-03T20:42:53.608005+00:00
[2024-10-03T20:42:53.614+0000] {processor.py:175} INFO - Processing /usr/local/lib/python3.9/site-packages/airflow/example_dags/example_task_group.py took 0.031 seconds
[2024-10-03T20:43:24.223+0000] {processor.py:153} INFO - Started process (PID=4915) to work on /usr/local/lib/python3.9/site-packages/airflow/example_dags/example_task_group.py
[2024-10-03T20:43:24.223+0000] {processor.py:743} INFO - Processing file /usr/local/lib/python3.9/site-packages/airflow/example_dags/example_task_group.py for tasks to queue
[2024-10-03T20:43:24.223+0000] {logging_mixin.py:137} INFO - [2024-10-03T20:43:24.223+0000] {dagbag.py:532} INFO - Filling up the DagBag from /usr/local/lib/python3.9/site-packages/airflow/example_dags/example_task_group.py
[2024-10-03T20:43:24.230+0000] {processor.py:753} INFO - DAG(s) dict_keys(['example_task_group']) retrieved from /usr/local/lib/python3.9/site-packages/airflow/example_dags/example_task_group.py
[2024-10-03T20:43:24.240+0000] {logging_mixin.py:137} INFO - [2024-10-03T20:43:24.240+0000] {dag.py:2705} INFO - Sync 1 DAGs
[2024-10-03T20:43:24.248+0000] {logging_mixin.py:137} INFO - [2024-10-03T20:43:24.248+0000] {dag.py:3452} INFO - Setting next_dagrun for example_task_group to 2024-10-02T20:43:24.248646+00:00, run_after=2024-10-03T20:43:24.248646+00:00
[2024-10-03T20:43:24.255+0000] {processor.py:175} INFO - Processing /usr/local/lib/python3.9/site-packages/airflow/example_dags/example_task_group.py took 0.034 seconds
[2024-10-03T20:43:54.780+0000] {processor.py:153} INFO - Started process (PID=5126) to work on /usr/local/lib/python3.9/site-packages/airflow/example_dags/example_task_group.py
[2024-10-03T20:43:54.782+0000] {processor.py:743} INFO - Processing file /usr/local/lib/python3.9/site-packages/airflow/example_dags/example_task_group.py for tasks to queue
[2024-10-03T20:43:54.782+0000] {logging_mixin.py:137} INFO - [2024-10-03T20:43:54.782+0000] {dagbag.py:532} INFO - Filling up the DagBag from /usr/local/lib/python3.9/site-packages/airflow/example_dags/example_task_group.py
[2024-10-03T20:43:54.789+0000] {processor.py:753} INFO - DAG(s) dict_keys(['example_task_group']) retrieved from /usr/local/lib/python3.9/site-packages/airflow/example_dags/example_task_group.py
[2024-10-03T20:43:54.800+0000] {logging_mixin.py:137} INFO - [2024-10-03T20:43:54.800+0000] {dag.py:2705} INFO - Sync 1 DAGs
[2024-10-03T20:43:54.808+0000] {logging_mixin.py:137} INFO - [2024-10-03T20:43:54.807+0000] {dag.py:3452} INFO - Setting next_dagrun for example_task_group to 2024-10-02T20:43:54.807881+00:00, run_after=2024-10-03T20:43:54.807881+00:00
[2024-10-03T20:43:54.814+0000] {processor.py:175} INFO - Processing /usr/local/lib/python3.9/site-packages/airflow/example_dags/example_task_group.py took 0.035 seconds
[2024-10-03T20:44:25.505+0000] {processor.py:153} INFO - Started process (PID=5337) to work on /usr/local/lib/python3.9/site-packages/airflow/example_dags/example_task_group.py
[2024-10-03T20:44:25.506+0000] {processor.py:743} INFO - Processing file /usr/local/lib/python3.9/site-packages/airflow/example_dags/example_task_group.py for tasks to queue
[2024-10-03T20:44:25.507+0000] {logging_mixin.py:137} INFO - [2024-10-03T20:44:25.507+0000] {dagbag.py:532} INFO - Filling up the DagBag from /usr/local/lib/python3.9/site-packages/airflow/example_dags/example_task_group.py
[2024-10-03T20:44:25.515+0000] {processor.py:753} INFO - DAG(s) dict_keys(['example_task_group']) retrieved from /usr/local/lib/python3.9/site-packages/airflow/example_dags/example_task_group.py
[2024-10-03T20:44:25.527+0000] {logging_mixin.py:137} INFO - [2024-10-03T20:44:25.527+0000] {dag.py:2705} INFO - Sync 1 DAGs
[2024-10-03T20:44:25.539+0000] {logging_mixin.py:137} INFO - [2024-10-03T20:44:25.539+0000] {dag.py:3452} INFO - Setting next_dagrun for example_task_group to 2024-10-02T20:44:25.539704+00:00, run_after=2024-10-03T20:44:25.539704+00:00
[2024-10-03T20:44:25.548+0000] {processor.py:175} INFO - Processing /usr/local/lib/python3.9/site-packages/airflow/example_dags/example_task_group.py took 0.044 seconds
[2024-10-03T20:44:56.197+0000] {processor.py:153} INFO - Started process (PID=5548) to work on /usr/local/lib/python3.9/site-packages/airflow/example_dags/example_task_group.py
[2024-10-03T20:44:56.198+0000] {processor.py:743} INFO - Processing file /usr/local/lib/python3.9/site-packages/airflow/example_dags/example_task_group.py for tasks to queue
[2024-10-03T20:44:56.199+0000] {logging_mixin.py:137} INFO - [2024-10-03T20:44:56.199+0000] {dagbag.py:532} INFO - Filling up the DagBag from /usr/local/lib/python3.9/site-packages/airflow/example_dags/example_task_group.py
[2024-10-03T20:44:56.205+0000] {processor.py:753} INFO - DAG(s) dict_keys(['example_task_group']) retrieved from /usr/local/lib/python3.9/site-packages/airflow/example_dags/example_task_group.py
[2024-10-03T20:44:56.221+0000] {logging_mixin.py:137} INFO - [2024-10-03T20:44:56.220+0000] {dag.py:2705} INFO - Sync 1 DAGs
[2024-10-03T20:44:56.230+0000] {logging_mixin.py:137} INFO - [2024-10-03T20:44:56.230+0000] {dag.py:3452} INFO - Setting next_dagrun for example_task_group to 2024-10-02T20:44:56.230564+00:00, run_after=2024-10-03T20:44:56.230564+00:00
[2024-10-03T20:44:56.236+0000] {processor.py:175} INFO - Processing /usr/local/lib/python3.9/site-packages/airflow/example_dags/example_task_group.py took 0.041 seconds
[2024-10-03T20:45:26.828+0000] {processor.py:153} INFO - Started process (PID=5759) to work on /usr/local/lib/python3.9/site-packages/airflow/example_dags/example_task_group.py
[2024-10-03T20:45:26.829+0000] {processor.py:743} INFO - Processing file /usr/local/lib/python3.9/site-packages/airflow/example_dags/example_task_group.py for tasks to queue
[2024-10-03T20:45:26.829+0000] {logging_mixin.py:137} INFO - [2024-10-03T20:45:26.829+0000] {dagbag.py:532} INFO - Filling up the DagBag from /usr/local/lib/python3.9/site-packages/airflow/example_dags/example_task_group.py
[2024-10-03T20:45:26.836+0000] {processor.py:753} INFO - DAG(s) dict_keys(['example_task_group']) retrieved from /usr/local/lib/python3.9/site-packages/airflow/example_dags/example_task_group.py
[2024-10-03T20:45:26.845+0000] {logging_mixin.py:137} INFO - [2024-10-03T20:45:26.845+0000] {dag.py:2705} INFO - Sync 1 DAGs
[2024-10-03T20:45:26.852+0000] {logging_mixin.py:137} INFO - [2024-10-03T20:45:26.852+0000] {dag.py:3452} INFO - Setting next_dagrun for example_task_group to 2024-10-02T20:45:26.852857+00:00, run_after=2024-10-03T20:45:26.852857+00:00
[2024-10-03T20:45:26.859+0000] {processor.py:175} INFO - Processing /usr/local/lib/python3.9/site-packages/airflow/example_dags/example_task_group.py took 0.032 seconds
[2024-10-03T20:45:57.613+0000] {processor.py:153} INFO - Started process (PID=5972) to work on /usr/local/lib/python3.9/site-packages/airflow/example_dags/example_task_group.py
[2024-10-03T20:45:57.613+0000] {processor.py:743} INFO - Processing file /usr/local/lib/python3.9/site-packages/airflow/example_dags/example_task_group.py for tasks to queue
[2024-10-03T20:45:57.613+0000] {logging_mixin.py:137} INFO - [2024-10-03T20:45:57.613+0000] {dagbag.py:532} INFO - Filling up the DagBag from /usr/local/lib/python3.9/site-packages/airflow/example_dags/example_task_group.py
[2024-10-03T20:45:57.619+0000] {processor.py:753} INFO - DAG(s) dict_keys(['example_task_group']) retrieved from /usr/local/lib/python3.9/site-packages/airflow/example_dags/example_task_group.py
[2024-10-03T20:45:57.628+0000] {logging_mixin.py:137} INFO - [2024-10-03T20:45:57.628+0000] {dag.py:2705} INFO - Sync 1 DAGs
[2024-10-03T20:45:57.636+0000] {logging_mixin.py:137} INFO - [2024-10-03T20:45:57.636+0000] {dag.py:3452} INFO - Setting next_dagrun for example_task_group to 2024-10-02T20:45:57.636692+00:00, run_after=2024-10-03T20:45:57.636692+00:00
[2024-10-03T20:45:57.643+0000] {processor.py:175} INFO - Processing /usr/local/lib/python3.9/site-packages/airflow/example_dags/example_task_group.py took 0.031 seconds
[2024-10-03T20:46:28.345+0000] {processor.py:153} INFO - Started process (PID=6183) to work on /usr/local/lib/python3.9/site-packages/airflow/example_dags/example_task_group.py
[2024-10-03T20:46:28.345+0000] {processor.py:743} INFO - Processing file /usr/local/lib/python3.9/site-packages/airflow/example_dags/example_task_group.py for tasks to queue
[2024-10-03T20:46:28.345+0000] {logging_mixin.py:137} INFO - [2024-10-03T20:46:28.345+0000] {dagbag.py:532} INFO - Filling up the DagBag from /usr/local/lib/python3.9/site-packages/airflow/example_dags/example_task_group.py
[2024-10-03T20:46:28.351+0000] {processor.py:753} INFO - DAG(s) dict_keys(['example_task_group']) retrieved from /usr/local/lib/python3.9/site-packages/airflow/example_dags/example_task_group.py
[2024-10-03T20:46:28.361+0000] {logging_mixin.py:137} INFO - [2024-10-03T20:46:28.361+0000] {dag.py:2705} INFO - Sync 1 DAGs
[2024-10-03T20:46:28.369+0000] {logging_mixin.py:137} INFO - [2024-10-03T20:46:28.369+0000] {dag.py:3452} INFO - Setting next_dagrun for example_task_group to 2024-10-02T20:46:28.369443+00:00, run_after=2024-10-03T20:46:28.369443+00:00
[2024-10-03T20:46:28.375+0000] {processor.py:175} INFO - Processing /usr/local/lib/python3.9/site-packages/airflow/example_dags/example_task_group.py took 0.032 seconds
[2024-10-03T20:46:58.974+0000] {processor.py:153} INFO - Started process (PID=6394) to work on /usr/local/lib/python3.9/site-packages/airflow/example_dags/example_task_group.py
[2024-10-03T20:46:58.975+0000] {processor.py:743} INFO - Processing file /usr/local/lib/python3.9/site-packages/airflow/example_dags/example_task_group.py for tasks to queue
[2024-10-03T20:46:58.975+0000] {logging_mixin.py:137} INFO - [2024-10-03T20:46:58.975+0000] {dagbag.py:532} INFO - Filling up the DagBag from /usr/local/lib/python3.9/site-packages/airflow/example_dags/example_task_group.py
[2024-10-03T20:46:58.982+0000] {processor.py:753} INFO - DAG(s) dict_keys(['example_task_group']) retrieved from /usr/local/lib/python3.9/site-packages/airflow/example_dags/example_task_group.py
[2024-10-03T20:46:58.991+0000] {logging_mixin.py:137} INFO - [2024-10-03T20:46:58.991+0000] {dag.py:2705} INFO - Sync 1 DAGs
[2024-10-03T20:46:58.999+0000] {logging_mixin.py:137} INFO - [2024-10-03T20:46:58.999+0000] {dag.py:3452} INFO - Setting next_dagrun for example_task_group to 2024-10-02T20:46:58.999636+00:00, run_after=2024-10-03T20:46:58.999636+00:00
[2024-10-03T20:46:59.005+0000] {processor.py:175} INFO - Processing /usr/local/lib/python3.9/site-packages/airflow/example_dags/example_task_group.py took 0.033 seconds
[2024-10-03T20:47:29.445+0000] {processor.py:153} INFO - Started process (PID=6603) to work on /usr/local/lib/python3.9/site-packages/airflow/example_dags/example_task_group.py
[2024-10-03T20:47:29.448+0000] {processor.py:743} INFO - Processing file /usr/local/lib/python3.9/site-packages/airflow/example_dags/example_task_group.py for tasks to queue
[2024-10-03T20:47:29.449+0000] {logging_mixin.py:137} INFO - [2024-10-03T20:47:29.449+0000] {dagbag.py:532} INFO - Filling up the DagBag from /usr/local/lib/python3.9/site-packages/airflow/example_dags/example_task_group.py
[2024-10-03T20:47:29.455+0000] {processor.py:753} INFO - DAG(s) dict_keys(['example_task_group']) retrieved from /usr/local/lib/python3.9/site-packages/airflow/example_dags/example_task_group.py
[2024-10-03T20:47:29.466+0000] {logging_mixin.py:137} INFO - [2024-10-03T20:47:29.466+0000] {dag.py:2705} INFO - Sync 1 DAGs
[2024-10-03T20:47:29.476+0000] {logging_mixin.py:137} INFO - [2024-10-03T20:47:29.476+0000] {dag.py:3452} INFO - Setting next_dagrun for example_task_group to 2024-10-02T20:47:29.475981+00:00, run_after=2024-10-03T20:47:29.475981+00:00
[2024-10-03T20:47:29.486+0000] {processor.py:175} INFO - Processing /usr/local/lib/python3.9/site-packages/airflow/example_dags/example_task_group.py took 0.042 seconds
[2024-10-03T20:48:00.149+0000] {processor.py:153} INFO - Started process (PID=6814) to work on /usr/local/lib/python3.9/site-packages/airflow/example_dags/example_task_group.py
[2024-10-03T20:48:00.149+0000] {processor.py:743} INFO - Processing file /usr/local/lib/python3.9/site-packages/airflow/example_dags/example_task_group.py for tasks to queue
[2024-10-03T20:48:00.150+0000] {logging_mixin.py:137} INFO - [2024-10-03T20:48:00.150+0000] {dagbag.py:532} INFO - Filling up the DagBag from /usr/local/lib/python3.9/site-packages/airflow/example_dags/example_task_group.py
[2024-10-03T20:48:00.158+0000] {processor.py:753} INFO - DAG(s) dict_keys(['example_task_group']) retrieved from /usr/local/lib/python3.9/site-packages/airflow/example_dags/example_task_group.py
[2024-10-03T20:48:00.172+0000] {logging_mixin.py:137} INFO - [2024-10-03T20:48:00.172+0000] {dag.py:2705} INFO - Sync 1 DAGs
[2024-10-03T20:48:00.182+0000] {logging_mixin.py:137} INFO - [2024-10-03T20:48:00.182+0000] {dag.py:3452} INFO - Setting next_dagrun for example_task_group to 2024-10-02T20:48:00.182337+00:00, run_after=2024-10-03T20:48:00.182337+00:00
[2024-10-03T20:48:00.192+0000] {processor.py:175} INFO - Processing /usr/local/lib/python3.9/site-packages/airflow/example_dags/example_task_group.py took 0.044 seconds
[2024-10-03T20:48:30.805+0000] {processor.py:153} INFO - Started process (PID=7025) to work on /usr/local/lib/python3.9/site-packages/airflow/example_dags/example_task_group.py
[2024-10-03T20:48:30.806+0000] {processor.py:743} INFO - Processing file /usr/local/lib/python3.9/site-packages/airflow/example_dags/example_task_group.py for tasks to queue
[2024-10-03T20:48:30.806+0000] {logging_mixin.py:137} INFO - [2024-10-03T20:48:30.806+0000] {dagbag.py:532} INFO - Filling up the DagBag from /usr/local/lib/python3.9/site-packages/airflow/example_dags/example_task_group.py
[2024-10-03T20:48:30.812+0000] {processor.py:753} INFO - DAG(s) dict_keys(['example_task_group']) retrieved from /usr/local/lib/python3.9/site-packages/airflow/example_dags/example_task_group.py
[2024-10-03T20:48:30.821+0000] {logging_mixin.py:137} INFO - [2024-10-03T20:48:30.821+0000] {dag.py:2705} INFO - Sync 1 DAGs
[2024-10-03T20:48:30.829+0000] {logging_mixin.py:137} INFO - [2024-10-03T20:48:30.829+0000] {dag.py:3452} INFO - Setting next_dagrun for example_task_group to 2024-10-02T20:48:30.829240+00:00, run_after=2024-10-03T20:48:30.829240+00:00
[2024-10-03T20:48:30.835+0000] {processor.py:175} INFO - Processing /usr/local/lib/python3.9/site-packages/airflow/example_dags/example_task_group.py took 0.031 seconds
[2024-10-03T20:49:01.656+0000] {processor.py:153} INFO - Started process (PID=7238) to work on /usr/local/lib/python3.9/site-packages/airflow/example_dags/example_task_group.py
[2024-10-03T20:49:01.656+0000] {processor.py:743} INFO - Processing file /usr/local/lib/python3.9/site-packages/airflow/example_dags/example_task_group.py for tasks to queue
[2024-10-03T20:49:01.656+0000] {logging_mixin.py:137} INFO - [2024-10-03T20:49:01.656+0000] {dagbag.py:532} INFO - Filling up the DagBag from /usr/local/lib/python3.9/site-packages/airflow/example_dags/example_task_group.py
[2024-10-03T20:49:01.663+0000] {processor.py:753} INFO - DAG(s) dict_keys(['example_task_group']) retrieved from /usr/local/lib/python3.9/site-packages/airflow/example_dags/example_task_group.py
[2024-10-03T20:49:01.673+0000] {logging_mixin.py:137} INFO - [2024-10-03T20:49:01.673+0000] {dag.py:2705} INFO - Sync 1 DAGs
[2024-10-03T20:49:01.682+0000] {logging_mixin.py:137} INFO - [2024-10-03T20:49:01.682+0000] {dag.py:3452} INFO - Setting next_dagrun for example_task_group to 2024-10-02T20:49:01.682268+00:00, run_after=2024-10-03T20:49:01.682268+00:00
[2024-10-03T20:49:01.689+0000] {processor.py:175} INFO - Processing /usr/local/lib/python3.9/site-packages/airflow/example_dags/example_task_group.py took 0.034 seconds
[2024-10-03T20:49:32.463+0000] {processor.py:153} INFO - Started process (PID=7447) to work on /usr/local/lib/python3.9/site-packages/airflow/example_dags/example_task_group.py
[2024-10-03T20:49:32.464+0000] {processor.py:743} INFO - Processing file /usr/local/lib/python3.9/site-packages/airflow/example_dags/example_task_group.py for tasks to queue
[2024-10-03T20:49:32.464+0000] {logging_mixin.py:137} INFO - [2024-10-03T20:49:32.464+0000] {dagbag.py:532} INFO - Filling up the DagBag from /usr/local/lib/python3.9/site-packages/airflow/example_dags/example_task_group.py
[2024-10-03T20:49:32.471+0000] {processor.py:753} INFO - DAG(s) dict_keys(['example_task_group']) retrieved from /usr/local/lib/python3.9/site-packages/airflow/example_dags/example_task_group.py
[2024-10-03T20:49:32.480+0000] {logging_mixin.py:137} INFO - [2024-10-03T20:49:32.480+0000] {dag.py:2705} INFO - Sync 1 DAGs
[2024-10-03T20:49:32.487+0000] {logging_mixin.py:137} INFO - [2024-10-03T20:49:32.487+0000] {dag.py:3452} INFO - Setting next_dagrun for example_task_group to 2024-10-02T20:49:32.487833+00:00, run_after=2024-10-03T20:49:32.487833+00:00
[2024-10-03T20:49:32.494+0000] {processor.py:175} INFO - Processing /usr/local/lib/python3.9/site-packages/airflow/example_dags/example_task_group.py took 0.032 seconds
[2024-10-03T20:50:03.118+0000] {processor.py:153} INFO - Started process (PID=7658) to work on /usr/local/lib/python3.9/site-packages/airflow/example_dags/example_task_group.py
[2024-10-03T20:50:03.120+0000] {processor.py:743} INFO - Processing file /usr/local/lib/python3.9/site-packages/airflow/example_dags/example_task_group.py for tasks to queue
[2024-10-03T20:50:03.121+0000] {logging_mixin.py:137} INFO - [2024-10-03T20:50:03.121+0000] {dagbag.py:532} INFO - Filling up the DagBag from /usr/local/lib/python3.9/site-packages/airflow/example_dags/example_task_group.py
[2024-10-03T20:50:03.128+0000] {processor.py:753} INFO - DAG(s) dict_keys(['example_task_group']) retrieved from /usr/local/lib/python3.9/site-packages/airflow/example_dags/example_task_group.py
[2024-10-03T20:50:03.139+0000] {logging_mixin.py:137} INFO - [2024-10-03T20:50:03.139+0000] {dag.py:2705} INFO - Sync 1 DAGs
[2024-10-03T20:50:03.149+0000] {logging_mixin.py:137} INFO - [2024-10-03T20:50:03.149+0000] {dag.py:3452} INFO - Setting next_dagrun for example_task_group to 2024-10-02T20:50:03.149159+00:00, run_after=2024-10-03T20:50:03.149159+00:00
[2024-10-03T20:50:03.155+0000] {processor.py:175} INFO - Processing /usr/local/lib/python3.9/site-packages/airflow/example_dags/example_task_group.py took 0.038 seconds
[2024-10-03T20:50:33.933+0000] {processor.py:153} INFO - Started process (PID=7871) to work on /usr/local/lib/python3.9/site-packages/airflow/example_dags/example_task_group.py
[2024-10-03T20:50:33.934+0000] {processor.py:743} INFO - Processing file /usr/local/lib/python3.9/site-packages/airflow/example_dags/example_task_group.py for tasks to queue
[2024-10-03T20:50:33.934+0000] {logging_mixin.py:137} INFO - [2024-10-03T20:50:33.934+0000] {dagbag.py:532} INFO - Filling up the DagBag from /usr/local/lib/python3.9/site-packages/airflow/example_dags/example_task_group.py
[2024-10-03T20:50:33.940+0000] {processor.py:753} INFO - DAG(s) dict_keys(['example_task_group']) retrieved from /usr/local/lib/python3.9/site-packages/airflow/example_dags/example_task_group.py
[2024-10-03T20:50:33.950+0000] {logging_mixin.py:137} INFO - [2024-10-03T20:50:33.950+0000] {dag.py:2705} INFO - Sync 1 DAGs
[2024-10-03T20:50:33.963+0000] {logging_mixin.py:137} INFO - [2024-10-03T20:50:33.963+0000] {dag.py:3452} INFO - Setting next_dagrun for example_task_group to 2024-10-02T20:50:33.962859+00:00, run_after=2024-10-03T20:50:33.962859+00:00
[2024-10-03T20:50:33.970+0000] {processor.py:175} INFO - Processing /usr/local/lib/python3.9/site-packages/airflow/example_dags/example_task_group.py took 0.038 seconds
[2024-10-03T20:51:04.717+0000] {processor.py:153} INFO - Started process (PID=8080) to work on /usr/local/lib/python3.9/site-packages/airflow/example_dags/example_task_group.py
[2024-10-03T20:51:04.717+0000] {processor.py:743} INFO - Processing file /usr/local/lib/python3.9/site-packages/airflow/example_dags/example_task_group.py for tasks to queue
[2024-10-03T20:51:04.718+0000] {logging_mixin.py:137} INFO - [2024-10-03T20:51:04.718+0000] {dagbag.py:532} INFO - Filling up the DagBag from /usr/local/lib/python3.9/site-packages/airflow/example_dags/example_task_group.py
[2024-10-03T20:51:04.725+0000] {processor.py:753} INFO - DAG(s) dict_keys(['example_task_group']) retrieved from /usr/local/lib/python3.9/site-packages/airflow/example_dags/example_task_group.py
[2024-10-03T20:51:04.738+0000] {logging_mixin.py:137} INFO - [2024-10-03T20:51:04.738+0000] {dag.py:2705} INFO - Sync 1 DAGs
[2024-10-03T20:51:04.749+0000] {logging_mixin.py:137} INFO - [2024-10-03T20:51:04.749+0000] {dag.py:3452} INFO - Setting next_dagrun for example_task_group to 2024-10-02T20:51:04.749407+00:00, run_after=2024-10-03T20:51:04.749407+00:00
[2024-10-03T20:51:04.759+0000] {processor.py:175} INFO - Processing /usr/local/lib/python3.9/site-packages/airflow/example_dags/example_task_group.py took 0.043 seconds
[2024-10-03T20:51:35.477+0000] {processor.py:153} INFO - Started process (PID=8291) to work on /usr/local/lib/python3.9/site-packages/airflow/example_dags/example_task_group.py
[2024-10-03T20:51:35.478+0000] {processor.py:743} INFO - Processing file /usr/local/lib/python3.9/site-packages/airflow/example_dags/example_task_group.py for tasks to queue
[2024-10-03T20:51:35.478+0000] {logging_mixin.py:137} INFO - [2024-10-03T20:51:35.478+0000] {dagbag.py:532} INFO - Filling up the DagBag from /usr/local/lib/python3.9/site-packages/airflow/example_dags/example_task_group.py
[2024-10-03T20:51:35.485+0000] {processor.py:753} INFO - DAG(s) dict_keys(['example_task_group']) retrieved from /usr/local/lib/python3.9/site-packages/airflow/example_dags/example_task_group.py
[2024-10-03T20:51:35.498+0000] {logging_mixin.py:137} INFO - [2024-10-03T20:51:35.498+0000] {dag.py:2705} INFO - Sync 1 DAGs
[2024-10-03T20:51:35.506+0000] {logging_mixin.py:137} INFO - [2024-10-03T20:51:35.506+0000] {dag.py:3452} INFO - Setting next_dagrun for example_task_group to 2024-10-02T20:51:35.506304+00:00, run_after=2024-10-03T20:51:35.506304+00:00
[2024-10-03T20:51:35.517+0000] {processor.py:175} INFO - Processing /usr/local/lib/python3.9/site-packages/airflow/example_dags/example_task_group.py took 0.043 seconds
[2024-10-03T20:52:05.700+0000] {processor.py:153} INFO - Started process (PID=8502) to work on /usr/local/lib/python3.9/site-packages/airflow/example_dags/example_task_group.py
[2024-10-03T20:52:05.701+0000] {processor.py:743} INFO - Processing file /usr/local/lib/python3.9/site-packages/airflow/example_dags/example_task_group.py for tasks to queue
[2024-10-03T20:52:05.702+0000] {logging_mixin.py:137} INFO - [2024-10-03T20:52:05.702+0000] {dagbag.py:532} INFO - Filling up the DagBag from /usr/local/lib/python3.9/site-packages/airflow/example_dags/example_task_group.py
[2024-10-03T20:52:05.709+0000] {processor.py:753} INFO - DAG(s) dict_keys(['example_task_group']) retrieved from /usr/local/lib/python3.9/site-packages/airflow/example_dags/example_task_group.py
[2024-10-03T20:52:05.725+0000] {logging_mixin.py:137} INFO - [2024-10-03T20:52:05.725+0000] {dag.py:2705} INFO - Sync 1 DAGs
[2024-10-03T20:52:05.738+0000] {logging_mixin.py:137} INFO - [2024-10-03T20:52:05.738+0000] {dag.py:3452} INFO - Setting next_dagrun for example_task_group to 2024-10-02T20:52:05.738489+00:00, run_after=2024-10-03T20:52:05.738489+00:00
[2024-10-03T20:52:05.750+0000] {processor.py:175} INFO - Processing /usr/local/lib/python3.9/site-packages/airflow/example_dags/example_task_group.py took 0.052 seconds
[2024-10-03T20:52:36.709+0000] {processor.py:153} INFO - Started process (PID=8713) to work on /usr/local/lib/python3.9/site-packages/airflow/example_dags/example_task_group.py
[2024-10-03T20:52:36.710+0000] {processor.py:743} INFO - Processing file /usr/local/lib/python3.9/site-packages/airflow/example_dags/example_task_group.py for tasks to queue
[2024-10-03T20:52:36.714+0000] {logging_mixin.py:137} INFO - [2024-10-03T20:52:36.714+0000] {dagbag.py:532} INFO - Filling up the DagBag from /usr/local/lib/python3.9/site-packages/airflow/example_dags/example_task_group.py
[2024-10-03T20:52:36.720+0000] {processor.py:753} INFO - DAG(s) dict_keys(['example_task_group']) retrieved from /usr/local/lib/python3.9/site-packages/airflow/example_dags/example_task_group.py
[2024-10-03T20:52:36.733+0000] {logging_mixin.py:137} INFO - [2024-10-03T20:52:36.733+0000] {dag.py:2705} INFO - Sync 1 DAGs
[2024-10-03T20:52:36.741+0000] {logging_mixin.py:137} INFO - [2024-10-03T20:52:36.741+0000] {dag.py:3452} INFO - Setting next_dagrun for example_task_group to 2024-10-02T20:52:36.741682+00:00, run_after=2024-10-03T20:52:36.741682+00:00
[2024-10-03T20:52:36.749+0000] {processor.py:175} INFO - Processing /usr/local/lib/python3.9/site-packages/airflow/example_dags/example_task_group.py took 0.041 seconds
