[2024-10-03T20:32:02.702+0000] {processor.py:153} INFO - Started process (PID=385) to work on /usr/local/lib/python3.9/site-packages/airflow/example_dags/example_bash_operator.py
[2024-10-03T20:32:02.703+0000] {processor.py:743} INFO - Processing file /usr/local/lib/python3.9/site-packages/airflow/example_dags/example_bash_operator.py for tasks to queue
[2024-10-03T20:32:02.703+0000] {logging_mixin.py:137} INFO - [2024-10-03T20:32:02.703+0000] {dagbag.py:532} INFO - Filling up the DagBag from /usr/local/lib/python3.9/site-packages/airflow/example_dags/example_bash_operator.py
[2024-10-03T20:32:02.717+0000] {processor.py:753} INFO - DAG(s) dict_keys(['example_bash_operator']) retrieved from /usr/local/lib/python3.9/site-packages/airflow/example_dags/example_bash_operator.py
[2024-10-03T20:32:02.736+0000] {logging_mixin.py:137} INFO - [2024-10-03T20:32:02.736+0000] {dag.py:2705} INFO - Sync 1 DAGs
[2024-10-03T20:32:02.751+0000] {logging_mixin.py:137} INFO - [2024-10-03T20:32:02.751+0000] {dag.py:3452} INFO - Setting next_dagrun for example_bash_operator to 2024-10-02T00:00:00+00:00, run_after=2024-10-03T00:00:00+00:00
[2024-10-03T20:32:02.772+0000] {processor.py:175} INFO - Processing /usr/local/lib/python3.9/site-packages/airflow/example_dags/example_bash_operator.py took 0.073 seconds
[2024-10-03T20:32:36.487+0000] {processor.py:153} INFO - Started process (PID=600) to work on /usr/local/lib/python3.9/site-packages/airflow/example_dags/example_bash_operator.py
[2024-10-03T20:32:36.491+0000] {processor.py:743} INFO - Processing file /usr/local/lib/python3.9/site-packages/airflow/example_dags/example_bash_operator.py for tasks to queue
[2024-10-03T20:32:36.492+0000] {logging_mixin.py:137} INFO - [2024-10-03T20:32:36.492+0000] {dagbag.py:532} INFO - Filling up the DagBag from /usr/local/lib/python3.9/site-packages/airflow/example_dags/example_bash_operator.py
[2024-10-03T20:32:36.504+0000] {processor.py:753} INFO - DAG(s) dict_keys(['example_bash_operator']) retrieved from /usr/local/lib/python3.9/site-packages/airflow/example_dags/example_bash_operator.py
[2024-10-03T20:32:36.522+0000] {logging_mixin.py:137} INFO - [2024-10-03T20:32:36.522+0000] {dag.py:2705} INFO - Sync 1 DAGs
[2024-10-03T20:32:36.538+0000] {logging_mixin.py:137} INFO - [2024-10-03T20:32:36.538+0000] {dag.py:3452} INFO - Setting next_dagrun for example_bash_operator to 2024-10-02T00:00:00+00:00, run_after=2024-10-03T00:00:00+00:00
[2024-10-03T20:32:36.565+0000] {processor.py:175} INFO - Processing /usr/local/lib/python3.9/site-packages/airflow/example_dags/example_bash_operator.py took 0.080 seconds
[2024-10-03T20:33:11.258+0000] {processor.py:153} INFO - Started process (PID=813) to work on /usr/local/lib/python3.9/site-packages/airflow/example_dags/example_bash_operator.py
[2024-10-03T20:33:11.259+0000] {processor.py:743} INFO - Processing file /usr/local/lib/python3.9/site-packages/airflow/example_dags/example_bash_operator.py for tasks to queue
[2024-10-03T20:33:11.259+0000] {logging_mixin.py:137} INFO - [2024-10-03T20:33:11.259+0000] {dagbag.py:532} INFO - Filling up the DagBag from /usr/local/lib/python3.9/site-packages/airflow/example_dags/example_bash_operator.py
[2024-10-03T20:33:11.277+0000] {processor.py:753} INFO - DAG(s) dict_keys(['example_bash_operator']) retrieved from /usr/local/lib/python3.9/site-packages/airflow/example_dags/example_bash_operator.py
[2024-10-03T20:33:11.295+0000] {logging_mixin.py:137} INFO - [2024-10-03T20:33:11.295+0000] {dag.py:2705} INFO - Sync 1 DAGs
[2024-10-03T20:33:11.307+0000] {logging_mixin.py:137} INFO - [2024-10-03T20:33:11.307+0000] {dag.py:3452} INFO - Setting next_dagrun for example_bash_operator to 2024-10-02T00:00:00+00:00, run_after=2024-10-03T00:00:00+00:00
[2024-10-03T20:33:11.317+0000] {processor.py:175} INFO - Processing /usr/local/lib/python3.9/site-packages/airflow/example_dags/example_bash_operator.py took 0.061 seconds
[2024-10-03T20:33:42.025+0000] {processor.py:153} INFO - Started process (PID=1022) to work on /usr/local/lib/python3.9/site-packages/airflow/example_dags/example_bash_operator.py
[2024-10-03T20:33:42.027+0000] {processor.py:743} INFO - Processing file /usr/local/lib/python3.9/site-packages/airflow/example_dags/example_bash_operator.py for tasks to queue
[2024-10-03T20:33:42.027+0000] {logging_mixin.py:137} INFO - [2024-10-03T20:33:42.027+0000] {dagbag.py:532} INFO - Filling up the DagBag from /usr/local/lib/python3.9/site-packages/airflow/example_dags/example_bash_operator.py
[2024-10-03T20:33:42.040+0000] {processor.py:753} INFO - DAG(s) dict_keys(['example_bash_operator']) retrieved from /usr/local/lib/python3.9/site-packages/airflow/example_dags/example_bash_operator.py
[2024-10-03T20:33:42.057+0000] {logging_mixin.py:137} INFO - [2024-10-03T20:33:42.057+0000] {dag.py:2705} INFO - Sync 1 DAGs
[2024-10-03T20:33:42.068+0000] {logging_mixin.py:137} INFO - [2024-10-03T20:33:42.068+0000] {dag.py:3452} INFO - Setting next_dagrun for example_bash_operator to 2024-10-02T00:00:00+00:00, run_after=2024-10-03T00:00:00+00:00
[2024-10-03T20:33:42.083+0000] {processor.py:175} INFO - Processing /usr/local/lib/python3.9/site-packages/airflow/example_dags/example_bash_operator.py took 0.059 seconds
[2024-10-03T20:34:12.575+0000] {processor.py:153} INFO - Started process (PID=1235) to work on /usr/local/lib/python3.9/site-packages/airflow/example_dags/example_bash_operator.py
[2024-10-03T20:34:12.575+0000] {processor.py:743} INFO - Processing file /usr/local/lib/python3.9/site-packages/airflow/example_dags/example_bash_operator.py for tasks to queue
[2024-10-03T20:34:12.576+0000] {logging_mixin.py:137} INFO - [2024-10-03T20:34:12.576+0000] {dagbag.py:532} INFO - Filling up the DagBag from /usr/local/lib/python3.9/site-packages/airflow/example_dags/example_bash_operator.py
[2024-10-03T20:34:12.588+0000] {processor.py:753} INFO - DAG(s) dict_keys(['example_bash_operator']) retrieved from /usr/local/lib/python3.9/site-packages/airflow/example_dags/example_bash_operator.py
[2024-10-03T20:34:12.607+0000] {logging_mixin.py:137} INFO - [2024-10-03T20:34:12.606+0000] {dag.py:2705} INFO - Sync 1 DAGs
[2024-10-03T20:34:12.620+0000] {logging_mixin.py:137} INFO - [2024-10-03T20:34:12.620+0000] {dag.py:3452} INFO - Setting next_dagrun for example_bash_operator to 2024-10-02T00:00:00+00:00, run_after=2024-10-03T00:00:00+00:00
[2024-10-03T20:34:12.629+0000] {processor.py:175} INFO - Processing /usr/local/lib/python3.9/site-packages/airflow/example_dags/example_bash_operator.py took 0.056 seconds
[2024-10-03T20:34:51.046+0000] {processor.py:153} INFO - Started process (PID=1446) to work on /usr/local/lib/python3.9/site-packages/airflow/example_dags/example_bash_operator.py
[2024-10-03T20:34:51.289+0000] {processor.py:743} INFO - Processing file /usr/local/lib/python3.9/site-packages/airflow/example_dags/example_bash_operator.py for tasks to queue
[2024-10-03T20:34:51.467+0000] {logging_mixin.py:137} INFO - [2024-10-03T20:34:51.467+0000] {dagbag.py:532} INFO - Filling up the DagBag from /usr/local/lib/python3.9/site-packages/airflow/example_dags/example_bash_operator.py
[2024-10-03T20:34:51.480+0000] {processor.py:753} INFO - DAG(s) dict_keys(['example_bash_operator']) retrieved from /usr/local/lib/python3.9/site-packages/airflow/example_dags/example_bash_operator.py
[2024-10-03T20:34:51.537+0000] {logging_mixin.py:137} INFO - [2024-10-03T20:34:51.536+0000] {dag.py:2705} INFO - Sync 1 DAGs
[2024-10-03T20:34:52.702+0000] {logging_mixin.py:137} INFO - [2024-10-03T20:34:52.701+0000] {dag.py:3452} INFO - Setting next_dagrun for example_bash_operator to 2024-10-02T00:00:00+00:00, run_after=2024-10-03T00:00:00+00:00
[2024-10-03T20:34:53.419+0000] {processor.py:175} INFO - Processing /usr/local/lib/python3.9/site-packages/airflow/example_dags/example_bash_operator.py took 2.404 seconds
[2024-10-03T20:35:24.371+0000] {processor.py:153} INFO - Started process (PID=1657) to work on /usr/local/lib/python3.9/site-packages/airflow/example_dags/example_bash_operator.py
[2024-10-03T20:35:24.389+0000] {processor.py:743} INFO - Processing file /usr/local/lib/python3.9/site-packages/airflow/example_dags/example_bash_operator.py for tasks to queue
[2024-10-03T20:35:24.399+0000] {logging_mixin.py:137} INFO - [2024-10-03T20:35:24.399+0000] {dagbag.py:532} INFO - Filling up the DagBag from /usr/local/lib/python3.9/site-packages/airflow/example_dags/example_bash_operator.py
[2024-10-03T20:35:24.432+0000] {processor.py:753} INFO - DAG(s) dict_keys(['example_bash_operator']) retrieved from /usr/local/lib/python3.9/site-packages/airflow/example_dags/example_bash_operator.py
[2024-10-03T20:35:24.476+0000] {logging_mixin.py:137} INFO - [2024-10-03T20:35:24.476+0000] {dag.py:2705} INFO - Sync 1 DAGs
[2024-10-03T20:35:24.486+0000] {logging_mixin.py:137} INFO - [2024-10-03T20:35:24.486+0000] {dag.py:3452} INFO - Setting next_dagrun for example_bash_operator to 2024-10-02T00:00:00+00:00, run_after=2024-10-03T00:00:00+00:00
[2024-10-03T20:35:24.506+0000] {processor.py:175} INFO - Processing /usr/local/lib/python3.9/site-packages/airflow/example_dags/example_bash_operator.py took 0.148 seconds
[2024-10-03T20:35:55.368+0000] {processor.py:153} INFO - Started process (PID=1868) to work on /usr/local/lib/python3.9/site-packages/airflow/example_dags/example_bash_operator.py
[2024-10-03T20:35:55.370+0000] {processor.py:743} INFO - Processing file /usr/local/lib/python3.9/site-packages/airflow/example_dags/example_bash_operator.py for tasks to queue
[2024-10-03T20:35:55.370+0000] {logging_mixin.py:137} INFO - [2024-10-03T20:35:55.370+0000] {dagbag.py:532} INFO - Filling up the DagBag from /usr/local/lib/python3.9/site-packages/airflow/example_dags/example_bash_operator.py
[2024-10-03T20:35:55.398+0000] {processor.py:753} INFO - DAG(s) dict_keys(['example_bash_operator']) retrieved from /usr/local/lib/python3.9/site-packages/airflow/example_dags/example_bash_operator.py
[2024-10-03T20:35:55.426+0000] {logging_mixin.py:137} INFO - [2024-10-03T20:35:55.426+0000] {dag.py:2705} INFO - Sync 1 DAGs
[2024-10-03T20:35:55.440+0000] {logging_mixin.py:137} INFO - [2024-10-03T20:35:55.440+0000] {dag.py:3452} INFO - Setting next_dagrun for example_bash_operator to 2024-10-02T00:00:00+00:00, run_after=2024-10-03T00:00:00+00:00
[2024-10-03T20:35:55.505+0000] {processor.py:175} INFO - Processing /usr/local/lib/python3.9/site-packages/airflow/example_dags/example_bash_operator.py took 0.143 seconds
[2024-10-03T20:36:25.687+0000] {processor.py:153} INFO - Started process (PID=2079) to work on /usr/local/lib/python3.9/site-packages/airflow/example_dags/example_bash_operator.py
[2024-10-03T20:36:25.692+0000] {processor.py:743} INFO - Processing file /usr/local/lib/python3.9/site-packages/airflow/example_dags/example_bash_operator.py for tasks to queue
[2024-10-03T20:36:25.693+0000] {logging_mixin.py:137} INFO - [2024-10-03T20:36:25.693+0000] {dagbag.py:532} INFO - Filling up the DagBag from /usr/local/lib/python3.9/site-packages/airflow/example_dags/example_bash_operator.py
[2024-10-03T20:36:25.716+0000] {processor.py:753} INFO - DAG(s) dict_keys(['example_bash_operator']) retrieved from /usr/local/lib/python3.9/site-packages/airflow/example_dags/example_bash_operator.py
[2024-10-03T20:36:25.766+0000] {logging_mixin.py:137} INFO - [2024-10-03T20:36:25.765+0000] {dag.py:2705} INFO - Sync 1 DAGs
[2024-10-03T20:36:25.881+0000] {logging_mixin.py:137} INFO - [2024-10-03T20:36:25.881+0000] {dag.py:3452} INFO - Setting next_dagrun for example_bash_operator to 2024-10-02T00:00:00+00:00, run_after=2024-10-03T00:00:00+00:00
[2024-10-03T20:36:25.991+0000] {processor.py:175} INFO - Processing /usr/local/lib/python3.9/site-packages/airflow/example_dags/example_bash_operator.py took 0.310 seconds
[2024-10-03T20:36:56.822+0000] {processor.py:153} INFO - Started process (PID=2290) to work on /usr/local/lib/python3.9/site-packages/airflow/example_dags/example_bash_operator.py
[2024-10-03T20:36:56.825+0000] {processor.py:743} INFO - Processing file /usr/local/lib/python3.9/site-packages/airflow/example_dags/example_bash_operator.py for tasks to queue
[2024-10-03T20:36:56.826+0000] {logging_mixin.py:137} INFO - [2024-10-03T20:36:56.826+0000] {dagbag.py:532} INFO - Filling up the DagBag from /usr/local/lib/python3.9/site-packages/airflow/example_dags/example_bash_operator.py
[2024-10-03T20:36:56.992+0000] {processor.py:753} INFO - DAG(s) dict_keys(['example_bash_operator']) retrieved from /usr/local/lib/python3.9/site-packages/airflow/example_dags/example_bash_operator.py
[2024-10-03T20:36:57.012+0000] {logging_mixin.py:137} INFO - [2024-10-03T20:36:57.012+0000] {dag.py:2705} INFO - Sync 1 DAGs
[2024-10-03T20:36:57.024+0000] {logging_mixin.py:137} INFO - [2024-10-03T20:36:57.024+0000] {dag.py:3452} INFO - Setting next_dagrun for example_bash_operator to 2024-10-02T00:00:00+00:00, run_after=2024-10-03T00:00:00+00:00
[2024-10-03T20:36:57.035+0000] {processor.py:175} INFO - Processing /usr/local/lib/python3.9/site-packages/airflow/example_dags/example_bash_operator.py took 0.218 seconds
[2024-10-03T20:37:27.764+0000] {processor.py:153} INFO - Started process (PID=2501) to work on /usr/local/lib/python3.9/site-packages/airflow/example_dags/example_bash_operator.py
[2024-10-03T20:37:27.766+0000] {processor.py:743} INFO - Processing file /usr/local/lib/python3.9/site-packages/airflow/example_dags/example_bash_operator.py for tasks to queue
[2024-10-03T20:37:27.767+0000] {logging_mixin.py:137} INFO - [2024-10-03T20:37:27.766+0000] {dagbag.py:532} INFO - Filling up the DagBag from /usr/local/lib/python3.9/site-packages/airflow/example_dags/example_bash_operator.py
[2024-10-03T20:37:27.783+0000] {processor.py:753} INFO - DAG(s) dict_keys(['example_bash_operator']) retrieved from /usr/local/lib/python3.9/site-packages/airflow/example_dags/example_bash_operator.py
[2024-10-03T20:37:27.804+0000] {logging_mixin.py:137} INFO - [2024-10-03T20:37:27.804+0000] {dag.py:2705} INFO - Sync 1 DAGs
[2024-10-03T20:37:27.819+0000] {logging_mixin.py:137} INFO - [2024-10-03T20:37:27.819+0000] {dag.py:3452} INFO - Setting next_dagrun for example_bash_operator to 2024-10-02T00:00:00+00:00, run_after=2024-10-03T00:00:00+00:00
[2024-10-03T20:37:27.831+0000] {processor.py:175} INFO - Processing /usr/local/lib/python3.9/site-packages/airflow/example_dags/example_bash_operator.py took 0.069 seconds
[2024-10-03T20:37:57.988+0000] {processor.py:153} INFO - Started process (PID=2712) to work on /usr/local/lib/python3.9/site-packages/airflow/example_dags/example_bash_operator.py
[2024-10-03T20:37:57.990+0000] {processor.py:743} INFO - Processing file /usr/local/lib/python3.9/site-packages/airflow/example_dags/example_bash_operator.py for tasks to queue
[2024-10-03T20:37:57.990+0000] {logging_mixin.py:137} INFO - [2024-10-03T20:37:57.990+0000] {dagbag.py:532} INFO - Filling up the DagBag from /usr/local/lib/python3.9/site-packages/airflow/example_dags/example_bash_operator.py
[2024-10-03T20:37:58.019+0000] {processor.py:753} INFO - DAG(s) dict_keys(['example_bash_operator']) retrieved from /usr/local/lib/python3.9/site-packages/airflow/example_dags/example_bash_operator.py
[2024-10-03T20:37:58.049+0000] {logging_mixin.py:137} INFO - [2024-10-03T20:37:58.049+0000] {dag.py:2705} INFO - Sync 1 DAGs
[2024-10-03T20:37:58.068+0000] {logging_mixin.py:137} INFO - [2024-10-03T20:37:58.067+0000] {dag.py:3452} INFO - Setting next_dagrun for example_bash_operator to 2024-10-02T00:00:00+00:00, run_after=2024-10-03T00:00:00+00:00
[2024-10-03T20:37:58.081+0000] {processor.py:175} INFO - Processing /usr/local/lib/python3.9/site-packages/airflow/example_dags/example_bash_operator.py took 0.099 seconds
[2024-10-03T20:38:28.799+0000] {processor.py:153} INFO - Started process (PID=2923) to work on /usr/local/lib/python3.9/site-packages/airflow/example_dags/example_bash_operator.py
[2024-10-03T20:38:28.800+0000] {processor.py:743} INFO - Processing file /usr/local/lib/python3.9/site-packages/airflow/example_dags/example_bash_operator.py for tasks to queue
[2024-10-03T20:38:28.801+0000] {logging_mixin.py:137} INFO - [2024-10-03T20:38:28.801+0000] {dagbag.py:532} INFO - Filling up the DagBag from /usr/local/lib/python3.9/site-packages/airflow/example_dags/example_bash_operator.py
[2024-10-03T20:38:28.819+0000] {processor.py:753} INFO - DAG(s) dict_keys(['example_bash_operator']) retrieved from /usr/local/lib/python3.9/site-packages/airflow/example_dags/example_bash_operator.py
[2024-10-03T20:38:28.839+0000] {logging_mixin.py:137} INFO - [2024-10-03T20:38:28.839+0000] {dag.py:2705} INFO - Sync 1 DAGs
[2024-10-03T20:38:28.851+0000] {logging_mixin.py:137} INFO - [2024-10-03T20:38:28.851+0000] {dag.py:3452} INFO - Setting next_dagrun for example_bash_operator to 2024-10-02T00:00:00+00:00, run_after=2024-10-03T00:00:00+00:00
[2024-10-03T20:38:28.862+0000] {processor.py:175} INFO - Processing /usr/local/lib/python3.9/site-packages/airflow/example_dags/example_bash_operator.py took 0.066 seconds
[2024-10-03T20:38:59.565+0000] {processor.py:153} INFO - Started process (PID=3134) to work on /usr/local/lib/python3.9/site-packages/airflow/example_dags/example_bash_operator.py
[2024-10-03T20:38:59.569+0000] {processor.py:743} INFO - Processing file /usr/local/lib/python3.9/site-packages/airflow/example_dags/example_bash_operator.py for tasks to queue
[2024-10-03T20:38:59.569+0000] {logging_mixin.py:137} INFO - [2024-10-03T20:38:59.569+0000] {dagbag.py:532} INFO - Filling up the DagBag from /usr/local/lib/python3.9/site-packages/airflow/example_dags/example_bash_operator.py
[2024-10-03T20:38:59.590+0000] {processor.py:753} INFO - DAG(s) dict_keys(['example_bash_operator']) retrieved from /usr/local/lib/python3.9/site-packages/airflow/example_dags/example_bash_operator.py
[2024-10-03T20:38:59.609+0000] {logging_mixin.py:137} INFO - [2024-10-03T20:38:59.608+0000] {dag.py:2705} INFO - Sync 1 DAGs
[2024-10-03T20:38:59.622+0000] {logging_mixin.py:137} INFO - [2024-10-03T20:38:59.622+0000] {dag.py:3452} INFO - Setting next_dagrun for example_bash_operator to 2024-10-02T00:00:00+00:00, run_after=2024-10-03T00:00:00+00:00
[2024-10-03T20:38:59.634+0000] {processor.py:175} INFO - Processing /usr/local/lib/python3.9/site-packages/airflow/example_dags/example_bash_operator.py took 0.079 seconds
[2024-10-03T20:39:30.344+0000] {processor.py:153} INFO - Started process (PID=3345) to work on /usr/local/lib/python3.9/site-packages/airflow/example_dags/example_bash_operator.py
[2024-10-03T20:39:30.347+0000] {processor.py:743} INFO - Processing file /usr/local/lib/python3.9/site-packages/airflow/example_dags/example_bash_operator.py for tasks to queue
[2024-10-03T20:39:30.350+0000] {logging_mixin.py:137} INFO - [2024-10-03T20:39:30.350+0000] {dagbag.py:532} INFO - Filling up the DagBag from /usr/local/lib/python3.9/site-packages/airflow/example_dags/example_bash_operator.py
[2024-10-03T20:39:30.364+0000] {processor.py:753} INFO - DAG(s) dict_keys(['example_bash_operator']) retrieved from /usr/local/lib/python3.9/site-packages/airflow/example_dags/example_bash_operator.py
[2024-10-03T20:39:30.383+0000] {logging_mixin.py:137} INFO - [2024-10-03T20:39:30.383+0000] {dag.py:2705} INFO - Sync 1 DAGs
[2024-10-03T20:39:30.398+0000] {logging_mixin.py:137} INFO - [2024-10-03T20:39:30.398+0000] {dag.py:3452} INFO - Setting next_dagrun for example_bash_operator to 2024-10-02T00:00:00+00:00, run_after=2024-10-03T00:00:00+00:00
[2024-10-03T20:39:30.410+0000] {processor.py:175} INFO - Processing /usr/local/lib/python3.9/site-packages/airflow/example_dags/example_bash_operator.py took 0.069 seconds
[2024-10-03T20:40:01.171+0000] {processor.py:153} INFO - Started process (PID=3556) to work on /usr/local/lib/python3.9/site-packages/airflow/example_dags/example_bash_operator.py
[2024-10-03T20:40:01.173+0000] {processor.py:743} INFO - Processing file /usr/local/lib/python3.9/site-packages/airflow/example_dags/example_bash_operator.py for tasks to queue
[2024-10-03T20:40:01.174+0000] {logging_mixin.py:137} INFO - [2024-10-03T20:40:01.174+0000] {dagbag.py:532} INFO - Filling up the DagBag from /usr/local/lib/python3.9/site-packages/airflow/example_dags/example_bash_operator.py
[2024-10-03T20:40:01.191+0000] {processor.py:753} INFO - DAG(s) dict_keys(['example_bash_operator']) retrieved from /usr/local/lib/python3.9/site-packages/airflow/example_dags/example_bash_operator.py
[2024-10-03T20:40:01.210+0000] {logging_mixin.py:137} INFO - [2024-10-03T20:40:01.210+0000] {dag.py:2705} INFO - Sync 1 DAGs
[2024-10-03T20:40:01.225+0000] {logging_mixin.py:137} INFO - [2024-10-03T20:40:01.225+0000] {dag.py:3452} INFO - Setting next_dagrun for example_bash_operator to 2024-10-02T00:00:00+00:00, run_after=2024-10-03T00:00:00+00:00
[2024-10-03T20:40:01.235+0000] {processor.py:175} INFO - Processing /usr/local/lib/python3.9/site-packages/airflow/example_dags/example_bash_operator.py took 0.067 seconds
[2024-10-03T20:40:32.047+0000] {processor.py:153} INFO - Started process (PID=3767) to work on /usr/local/lib/python3.9/site-packages/airflow/example_dags/example_bash_operator.py
[2024-10-03T20:40:32.048+0000] {processor.py:743} INFO - Processing file /usr/local/lib/python3.9/site-packages/airflow/example_dags/example_bash_operator.py for tasks to queue
[2024-10-03T20:40:32.048+0000] {logging_mixin.py:137} INFO - [2024-10-03T20:40:32.048+0000] {dagbag.py:532} INFO - Filling up the DagBag from /usr/local/lib/python3.9/site-packages/airflow/example_dags/example_bash_operator.py
[2024-10-03T20:40:32.065+0000] {processor.py:753} INFO - DAG(s) dict_keys(['example_bash_operator']) retrieved from /usr/local/lib/python3.9/site-packages/airflow/example_dags/example_bash_operator.py
[2024-10-03T20:40:32.084+0000] {logging_mixin.py:137} INFO - [2024-10-03T20:40:32.084+0000] {dag.py:2705} INFO - Sync 1 DAGs
[2024-10-03T20:40:32.095+0000] {logging_mixin.py:137} INFO - [2024-10-03T20:40:32.095+0000] {dag.py:3452} INFO - Setting next_dagrun for example_bash_operator to 2024-10-02T00:00:00+00:00, run_after=2024-10-03T00:00:00+00:00
[2024-10-03T20:40:32.104+0000] {processor.py:175} INFO - Processing /usr/local/lib/python3.9/site-packages/airflow/example_dags/example_bash_operator.py took 0.061 seconds
[2024-10-03T20:41:02.923+0000] {processor.py:153} INFO - Started process (PID=3978) to work on /usr/local/lib/python3.9/site-packages/airflow/example_dags/example_bash_operator.py
[2024-10-03T20:41:02.925+0000] {processor.py:743} INFO - Processing file /usr/local/lib/python3.9/site-packages/airflow/example_dags/example_bash_operator.py for tasks to queue
[2024-10-03T20:41:02.927+0000] {logging_mixin.py:137} INFO - [2024-10-03T20:41:02.927+0000] {dagbag.py:532} INFO - Filling up the DagBag from /usr/local/lib/python3.9/site-packages/airflow/example_dags/example_bash_operator.py
[2024-10-03T20:41:02.948+0000] {processor.py:753} INFO - DAG(s) dict_keys(['example_bash_operator']) retrieved from /usr/local/lib/python3.9/site-packages/airflow/example_dags/example_bash_operator.py
[2024-10-03T20:41:02.969+0000] {logging_mixin.py:137} INFO - [2024-10-03T20:41:02.968+0000] {dag.py:2705} INFO - Sync 1 DAGs
[2024-10-03T20:41:02.982+0000] {logging_mixin.py:137} INFO - [2024-10-03T20:41:02.981+0000] {dag.py:3452} INFO - Setting next_dagrun for example_bash_operator to 2024-10-02T00:00:00+00:00, run_after=2024-10-03T00:00:00+00:00
[2024-10-03T20:41:02.992+0000] {processor.py:175} INFO - Processing /usr/local/lib/python3.9/site-packages/airflow/example_dags/example_bash_operator.py took 0.075 seconds
[2024-10-03T20:41:33.526+0000] {processor.py:153} INFO - Started process (PID=4189) to work on /usr/local/lib/python3.9/site-packages/airflow/example_dags/example_bash_operator.py
[2024-10-03T20:41:33.527+0000] {processor.py:743} INFO - Processing file /usr/local/lib/python3.9/site-packages/airflow/example_dags/example_bash_operator.py for tasks to queue
[2024-10-03T20:41:33.527+0000] {logging_mixin.py:137} INFO - [2024-10-03T20:41:33.527+0000] {dagbag.py:532} INFO - Filling up the DagBag from /usr/local/lib/python3.9/site-packages/airflow/example_dags/example_bash_operator.py
[2024-10-03T20:41:33.548+0000] {processor.py:753} INFO - DAG(s) dict_keys(['example_bash_operator']) retrieved from /usr/local/lib/python3.9/site-packages/airflow/example_dags/example_bash_operator.py
[2024-10-03T20:41:33.567+0000] {logging_mixin.py:137} INFO - [2024-10-03T20:41:33.567+0000] {dag.py:2705} INFO - Sync 1 DAGs
[2024-10-03T20:41:33.583+0000] {logging_mixin.py:137} INFO - [2024-10-03T20:41:33.583+0000] {dag.py:3452} INFO - Setting next_dagrun for example_bash_operator to 2024-10-02T00:00:00+00:00, run_after=2024-10-03T00:00:00+00:00
[2024-10-03T20:41:33.594+0000] {processor.py:175} INFO - Processing /usr/local/lib/python3.9/site-packages/airflow/example_dags/example_bash_operator.py took 0.073 seconds
[2024-10-03T20:42:04.225+0000] {processor.py:153} INFO - Started process (PID=4400) to work on /usr/local/lib/python3.9/site-packages/airflow/example_dags/example_bash_operator.py
[2024-10-03T20:42:04.226+0000] {processor.py:743} INFO - Processing file /usr/local/lib/python3.9/site-packages/airflow/example_dags/example_bash_operator.py for tasks to queue
[2024-10-03T20:42:04.227+0000] {logging_mixin.py:137} INFO - [2024-10-03T20:42:04.227+0000] {dagbag.py:532} INFO - Filling up the DagBag from /usr/local/lib/python3.9/site-packages/airflow/example_dags/example_bash_operator.py
[2024-10-03T20:42:04.243+0000] {processor.py:753} INFO - DAG(s) dict_keys(['example_bash_operator']) retrieved from /usr/local/lib/python3.9/site-packages/airflow/example_dags/example_bash_operator.py
[2024-10-03T20:42:04.263+0000] {logging_mixin.py:137} INFO - [2024-10-03T20:42:04.263+0000] {dag.py:2705} INFO - Sync 1 DAGs
[2024-10-03T20:42:04.275+0000] {logging_mixin.py:137} INFO - [2024-10-03T20:42:04.275+0000] {dag.py:3452} INFO - Setting next_dagrun for example_bash_operator to 2024-10-02T00:00:00+00:00, run_after=2024-10-03T00:00:00+00:00
[2024-10-03T20:42:04.285+0000] {processor.py:175} INFO - Processing /usr/local/lib/python3.9/site-packages/airflow/example_dags/example_bash_operator.py took 0.065 seconds
[2024-10-03T20:42:34.872+0000] {processor.py:153} INFO - Started process (PID=4611) to work on /usr/local/lib/python3.9/site-packages/airflow/example_dags/example_bash_operator.py
[2024-10-03T20:42:34.874+0000] {processor.py:743} INFO - Processing file /usr/local/lib/python3.9/site-packages/airflow/example_dags/example_bash_operator.py for tasks to queue
[2024-10-03T20:42:34.875+0000] {logging_mixin.py:137} INFO - [2024-10-03T20:42:34.875+0000] {dagbag.py:532} INFO - Filling up the DagBag from /usr/local/lib/python3.9/site-packages/airflow/example_dags/example_bash_operator.py
[2024-10-03T20:42:34.893+0000] {processor.py:753} INFO - DAG(s) dict_keys(['example_bash_operator']) retrieved from /usr/local/lib/python3.9/site-packages/airflow/example_dags/example_bash_operator.py
[2024-10-03T20:42:34.911+0000] {logging_mixin.py:137} INFO - [2024-10-03T20:42:34.911+0000] {dag.py:2705} INFO - Sync 1 DAGs
[2024-10-03T20:42:34.924+0000] {logging_mixin.py:137} INFO - [2024-10-03T20:42:34.924+0000] {dag.py:3452} INFO - Setting next_dagrun for example_bash_operator to 2024-10-02T00:00:00+00:00, run_after=2024-10-03T00:00:00+00:00
[2024-10-03T20:42:34.934+0000] {processor.py:175} INFO - Processing /usr/local/lib/python3.9/site-packages/airflow/example_dags/example_bash_operator.py took 0.065 seconds
[2024-10-03T20:43:05.510+0000] {processor.py:153} INFO - Started process (PID=4822) to work on /usr/local/lib/python3.9/site-packages/airflow/example_dags/example_bash_operator.py
[2024-10-03T20:43:05.512+0000] {processor.py:743} INFO - Processing file /usr/local/lib/python3.9/site-packages/airflow/example_dags/example_bash_operator.py for tasks to queue
[2024-10-03T20:43:05.513+0000] {logging_mixin.py:137} INFO - [2024-10-03T20:43:05.512+0000] {dagbag.py:532} INFO - Filling up the DagBag from /usr/local/lib/python3.9/site-packages/airflow/example_dags/example_bash_operator.py
[2024-10-03T20:43:05.526+0000] {processor.py:753} INFO - DAG(s) dict_keys(['example_bash_operator']) retrieved from /usr/local/lib/python3.9/site-packages/airflow/example_dags/example_bash_operator.py
[2024-10-03T20:43:05.545+0000] {logging_mixin.py:137} INFO - [2024-10-03T20:43:05.545+0000] {dag.py:2705} INFO - Sync 1 DAGs
[2024-10-03T20:43:05.557+0000] {logging_mixin.py:137} INFO - [2024-10-03T20:43:05.557+0000] {dag.py:3452} INFO - Setting next_dagrun for example_bash_operator to 2024-10-02T00:00:00+00:00, run_after=2024-10-03T00:00:00+00:00
[2024-10-03T20:43:05.567+0000] {processor.py:175} INFO - Processing /usr/local/lib/python3.9/site-packages/airflow/example_dags/example_bash_operator.py took 0.061 seconds
[2024-10-03T20:43:36.119+0000] {processor.py:153} INFO - Started process (PID=5033) to work on /usr/local/lib/python3.9/site-packages/airflow/example_dags/example_bash_operator.py
[2024-10-03T20:43:36.119+0000] {processor.py:743} INFO - Processing file /usr/local/lib/python3.9/site-packages/airflow/example_dags/example_bash_operator.py for tasks to queue
[2024-10-03T20:43:36.120+0000] {logging_mixin.py:137} INFO - [2024-10-03T20:43:36.120+0000] {dagbag.py:532} INFO - Filling up the DagBag from /usr/local/lib/python3.9/site-packages/airflow/example_dags/example_bash_operator.py
[2024-10-03T20:43:36.135+0000] {processor.py:753} INFO - DAG(s) dict_keys(['example_bash_operator']) retrieved from /usr/local/lib/python3.9/site-packages/airflow/example_dags/example_bash_operator.py
[2024-10-03T20:43:36.153+0000] {logging_mixin.py:137} INFO - [2024-10-03T20:43:36.153+0000] {dag.py:2705} INFO - Sync 1 DAGs
[2024-10-03T20:43:36.164+0000] {logging_mixin.py:137} INFO - [2024-10-03T20:43:36.164+0000] {dag.py:3452} INFO - Setting next_dagrun for example_bash_operator to 2024-10-02T00:00:00+00:00, run_after=2024-10-03T00:00:00+00:00
[2024-10-03T20:43:36.173+0000] {processor.py:175} INFO - Processing /usr/local/lib/python3.9/site-packages/airflow/example_dags/example_bash_operator.py took 0.058 seconds
[2024-10-03T20:44:06.752+0000] {processor.py:153} INFO - Started process (PID=5244) to work on /usr/local/lib/python3.9/site-packages/airflow/example_dags/example_bash_operator.py
[2024-10-03T20:44:06.754+0000] {processor.py:743} INFO - Processing file /usr/local/lib/python3.9/site-packages/airflow/example_dags/example_bash_operator.py for tasks to queue
[2024-10-03T20:44:06.755+0000] {logging_mixin.py:137} INFO - [2024-10-03T20:44:06.755+0000] {dagbag.py:532} INFO - Filling up the DagBag from /usr/local/lib/python3.9/site-packages/airflow/example_dags/example_bash_operator.py
[2024-10-03T20:44:06.782+0000] {processor.py:753} INFO - DAG(s) dict_keys(['example_bash_operator']) retrieved from /usr/local/lib/python3.9/site-packages/airflow/example_dags/example_bash_operator.py
[2024-10-03T20:44:06.814+0000] {logging_mixin.py:137} INFO - [2024-10-03T20:44:06.814+0000] {dag.py:2705} INFO - Sync 1 DAGs
[2024-10-03T20:44:06.831+0000] {logging_mixin.py:137} INFO - [2024-10-03T20:44:06.831+0000] {dag.py:3452} INFO - Setting next_dagrun for example_bash_operator to 2024-10-02T00:00:00+00:00, run_after=2024-10-03T00:00:00+00:00
[2024-10-03T20:44:06.844+0000] {processor.py:175} INFO - Processing /usr/local/lib/python3.9/site-packages/airflow/example_dags/example_bash_operator.py took 0.098 seconds
[2024-10-03T20:44:37.530+0000] {processor.py:153} INFO - Started process (PID=5455) to work on /usr/local/lib/python3.9/site-packages/airflow/example_dags/example_bash_operator.py
[2024-10-03T20:44:37.533+0000] {processor.py:743} INFO - Processing file /usr/local/lib/python3.9/site-packages/airflow/example_dags/example_bash_operator.py for tasks to queue
[2024-10-03T20:44:37.534+0000] {logging_mixin.py:137} INFO - [2024-10-03T20:44:37.533+0000] {dagbag.py:532} INFO - Filling up the DagBag from /usr/local/lib/python3.9/site-packages/airflow/example_dags/example_bash_operator.py
[2024-10-03T20:44:37.554+0000] {processor.py:753} INFO - DAG(s) dict_keys(['example_bash_operator']) retrieved from /usr/local/lib/python3.9/site-packages/airflow/example_dags/example_bash_operator.py
[2024-10-03T20:44:37.573+0000] {logging_mixin.py:137} INFO - [2024-10-03T20:44:37.573+0000] {dag.py:2705} INFO - Sync 1 DAGs
[2024-10-03T20:44:37.588+0000] {logging_mixin.py:137} INFO - [2024-10-03T20:44:37.587+0000] {dag.py:3452} INFO - Setting next_dagrun for example_bash_operator to 2024-10-02T00:00:00+00:00, run_after=2024-10-03T00:00:00+00:00
[2024-10-03T20:44:37.598+0000] {processor.py:175} INFO - Processing /usr/local/lib/python3.9/site-packages/airflow/example_dags/example_bash_operator.py took 0.074 seconds
[2024-10-03T20:45:08.178+0000] {processor.py:153} INFO - Started process (PID=5666) to work on /usr/local/lib/python3.9/site-packages/airflow/example_dags/example_bash_operator.py
[2024-10-03T20:45:08.179+0000] {processor.py:743} INFO - Processing file /usr/local/lib/python3.9/site-packages/airflow/example_dags/example_bash_operator.py for tasks to queue
[2024-10-03T20:45:08.179+0000] {logging_mixin.py:137} INFO - [2024-10-03T20:45:08.179+0000] {dagbag.py:532} INFO - Filling up the DagBag from /usr/local/lib/python3.9/site-packages/airflow/example_dags/example_bash_operator.py
[2024-10-03T20:45:08.196+0000] {processor.py:753} INFO - DAG(s) dict_keys(['example_bash_operator']) retrieved from /usr/local/lib/python3.9/site-packages/airflow/example_dags/example_bash_operator.py
[2024-10-03T20:45:08.213+0000] {logging_mixin.py:137} INFO - [2024-10-03T20:45:08.213+0000] {dag.py:2705} INFO - Sync 1 DAGs
[2024-10-03T20:45:08.224+0000] {logging_mixin.py:137} INFO - [2024-10-03T20:45:08.224+0000] {dag.py:3452} INFO - Setting next_dagrun for example_bash_operator to 2024-10-02T00:00:00+00:00, run_after=2024-10-03T00:00:00+00:00
[2024-10-03T20:45:08.232+0000] {processor.py:175} INFO - Processing /usr/local/lib/python3.9/site-packages/airflow/example_dags/example_bash_operator.py took 0.059 seconds
[2024-10-03T20:45:38.712+0000] {processor.py:153} INFO - Started process (PID=5877) to work on /usr/local/lib/python3.9/site-packages/airflow/example_dags/example_bash_operator.py
[2024-10-03T20:45:38.714+0000] {processor.py:743} INFO - Processing file /usr/local/lib/python3.9/site-packages/airflow/example_dags/example_bash_operator.py for tasks to queue
[2024-10-03T20:45:38.715+0000] {logging_mixin.py:137} INFO - [2024-10-03T20:45:38.714+0000] {dagbag.py:532} INFO - Filling up the DagBag from /usr/local/lib/python3.9/site-packages/airflow/example_dags/example_bash_operator.py
[2024-10-03T20:45:38.733+0000] {processor.py:753} INFO - DAG(s) dict_keys(['example_bash_operator']) retrieved from /usr/local/lib/python3.9/site-packages/airflow/example_dags/example_bash_operator.py
[2024-10-03T20:45:38.752+0000] {logging_mixin.py:137} INFO - [2024-10-03T20:45:38.752+0000] {dag.py:2705} INFO - Sync 1 DAGs
[2024-10-03T20:45:38.765+0000] {logging_mixin.py:137} INFO - [2024-10-03T20:45:38.765+0000] {dag.py:3452} INFO - Setting next_dagrun for example_bash_operator to 2024-10-02T00:00:00+00:00, run_after=2024-10-03T00:00:00+00:00
[2024-10-03T20:45:38.777+0000] {processor.py:175} INFO - Processing /usr/local/lib/python3.9/site-packages/airflow/example_dags/example_bash_operator.py took 0.069 seconds
[2024-10-03T20:46:09.608+0000] {processor.py:153} INFO - Started process (PID=6088) to work on /usr/local/lib/python3.9/site-packages/airflow/example_dags/example_bash_operator.py
[2024-10-03T20:46:09.611+0000] {processor.py:743} INFO - Processing file /usr/local/lib/python3.9/site-packages/airflow/example_dags/example_bash_operator.py for tasks to queue
[2024-10-03T20:46:09.612+0000] {logging_mixin.py:137} INFO - [2024-10-03T20:46:09.612+0000] {dagbag.py:532} INFO - Filling up the DagBag from /usr/local/lib/python3.9/site-packages/airflow/example_dags/example_bash_operator.py
[2024-10-03T20:46:09.634+0000] {processor.py:753} INFO - DAG(s) dict_keys(['example_bash_operator']) retrieved from /usr/local/lib/python3.9/site-packages/airflow/example_dags/example_bash_operator.py
[2024-10-03T20:46:09.655+0000] {logging_mixin.py:137} INFO - [2024-10-03T20:46:09.655+0000] {dag.py:2705} INFO - Sync 1 DAGs
[2024-10-03T20:46:09.671+0000] {logging_mixin.py:137} INFO - [2024-10-03T20:46:09.671+0000] {dag.py:3452} INFO - Setting next_dagrun for example_bash_operator to 2024-10-02T00:00:00+00:00, run_after=2024-10-03T00:00:00+00:00
[2024-10-03T20:46:09.683+0000] {processor.py:175} INFO - Processing /usr/local/lib/python3.9/site-packages/airflow/example_dags/example_bash_operator.py took 0.081 seconds
[2024-10-03T20:46:40.257+0000] {processor.py:153} INFO - Started process (PID=6299) to work on /usr/local/lib/python3.9/site-packages/airflow/example_dags/example_bash_operator.py
[2024-10-03T20:46:40.258+0000] {processor.py:743} INFO - Processing file /usr/local/lib/python3.9/site-packages/airflow/example_dags/example_bash_operator.py for tasks to queue
[2024-10-03T20:46:40.259+0000] {logging_mixin.py:137} INFO - [2024-10-03T20:46:40.259+0000] {dagbag.py:532} INFO - Filling up the DagBag from /usr/local/lib/python3.9/site-packages/airflow/example_dags/example_bash_operator.py
[2024-10-03T20:46:40.276+0000] {processor.py:753} INFO - DAG(s) dict_keys(['example_bash_operator']) retrieved from /usr/local/lib/python3.9/site-packages/airflow/example_dags/example_bash_operator.py
[2024-10-03T20:46:40.293+0000] {logging_mixin.py:137} INFO - [2024-10-03T20:46:40.293+0000] {dag.py:2705} INFO - Sync 1 DAGs
[2024-10-03T20:46:40.307+0000] {logging_mixin.py:137} INFO - [2024-10-03T20:46:40.307+0000] {dag.py:3452} INFO - Setting next_dagrun for example_bash_operator to 2024-10-02T00:00:00+00:00, run_after=2024-10-03T00:00:00+00:00
[2024-10-03T20:46:40.318+0000] {processor.py:175} INFO - Processing /usr/local/lib/python3.9/site-packages/airflow/example_dags/example_bash_operator.py took 0.064 seconds
[2024-10-03T20:47:10.763+0000] {processor.py:153} INFO - Started process (PID=6510) to work on /usr/local/lib/python3.9/site-packages/airflow/example_dags/example_bash_operator.py
[2024-10-03T20:47:10.765+0000] {processor.py:743} INFO - Processing file /usr/local/lib/python3.9/site-packages/airflow/example_dags/example_bash_operator.py for tasks to queue
[2024-10-03T20:47:10.766+0000] {logging_mixin.py:137} INFO - [2024-10-03T20:47:10.766+0000] {dagbag.py:532} INFO - Filling up the DagBag from /usr/local/lib/python3.9/site-packages/airflow/example_dags/example_bash_operator.py
[2024-10-03T20:47:10.782+0000] {processor.py:753} INFO - DAG(s) dict_keys(['example_bash_operator']) retrieved from /usr/local/lib/python3.9/site-packages/airflow/example_dags/example_bash_operator.py
[2024-10-03T20:47:10.801+0000] {logging_mixin.py:137} INFO - [2024-10-03T20:47:10.801+0000] {dag.py:2705} INFO - Sync 1 DAGs
[2024-10-03T20:47:10.812+0000] {logging_mixin.py:137} INFO - [2024-10-03T20:47:10.812+0000] {dag.py:3452} INFO - Setting next_dagrun for example_bash_operator to 2024-10-02T00:00:00+00:00, run_after=2024-10-03T00:00:00+00:00
[2024-10-03T20:47:10.823+0000] {processor.py:175} INFO - Processing /usr/local/lib/python3.9/site-packages/airflow/example_dags/example_bash_operator.py took 0.064 seconds
[2024-10-03T20:47:41.426+0000] {processor.py:153} INFO - Started process (PID=6721) to work on /usr/local/lib/python3.9/site-packages/airflow/example_dags/example_bash_operator.py
[2024-10-03T20:47:41.427+0000] {processor.py:743} INFO - Processing file /usr/local/lib/python3.9/site-packages/airflow/example_dags/example_bash_operator.py for tasks to queue
[2024-10-03T20:47:41.427+0000] {logging_mixin.py:137} INFO - [2024-10-03T20:47:41.427+0000] {dagbag.py:532} INFO - Filling up the DagBag from /usr/local/lib/python3.9/site-packages/airflow/example_dags/example_bash_operator.py
[2024-10-03T20:47:41.441+0000] {processor.py:753} INFO - DAG(s) dict_keys(['example_bash_operator']) retrieved from /usr/local/lib/python3.9/site-packages/airflow/example_dags/example_bash_operator.py
[2024-10-03T20:47:41.458+0000] {logging_mixin.py:137} INFO - [2024-10-03T20:47:41.458+0000] {dag.py:2705} INFO - Sync 1 DAGs
[2024-10-03T20:47:41.470+0000] {logging_mixin.py:137} INFO - [2024-10-03T20:47:41.470+0000] {dag.py:3452} INFO - Setting next_dagrun for example_bash_operator to 2024-10-02T00:00:00+00:00, run_after=2024-10-03T00:00:00+00:00
[2024-10-03T20:47:41.480+0000] {processor.py:175} INFO - Processing /usr/local/lib/python3.9/site-packages/airflow/example_dags/example_bash_operator.py took 0.058 seconds
[2024-10-03T20:48:12.050+0000] {processor.py:153} INFO - Started process (PID=6932) to work on /usr/local/lib/python3.9/site-packages/airflow/example_dags/example_bash_operator.py
[2024-10-03T20:48:12.052+0000] {processor.py:743} INFO - Processing file /usr/local/lib/python3.9/site-packages/airflow/example_dags/example_bash_operator.py for tasks to queue
[2024-10-03T20:48:12.052+0000] {logging_mixin.py:137} INFO - [2024-10-03T20:48:12.052+0000] {dagbag.py:532} INFO - Filling up the DagBag from /usr/local/lib/python3.9/site-packages/airflow/example_dags/example_bash_operator.py
[2024-10-03T20:48:12.068+0000] {processor.py:753} INFO - DAG(s) dict_keys(['example_bash_operator']) retrieved from /usr/local/lib/python3.9/site-packages/airflow/example_dags/example_bash_operator.py
[2024-10-03T20:48:12.085+0000] {logging_mixin.py:137} INFO - [2024-10-03T20:48:12.085+0000] {dag.py:2705} INFO - Sync 1 DAGs
[2024-10-03T20:48:12.097+0000] {logging_mixin.py:137} INFO - [2024-10-03T20:48:12.097+0000] {dag.py:3452} INFO - Setting next_dagrun for example_bash_operator to 2024-10-02T00:00:00+00:00, run_after=2024-10-03T00:00:00+00:00
[2024-10-03T20:48:12.108+0000] {processor.py:175} INFO - Processing /usr/local/lib/python3.9/site-packages/airflow/example_dags/example_bash_operator.py took 0.061 seconds
[2024-10-03T20:48:42.827+0000] {processor.py:153} INFO - Started process (PID=7143) to work on /usr/local/lib/python3.9/site-packages/airflow/example_dags/example_bash_operator.py
[2024-10-03T20:48:42.828+0000] {processor.py:743} INFO - Processing file /usr/local/lib/python3.9/site-packages/airflow/example_dags/example_bash_operator.py for tasks to queue
[2024-10-03T20:48:42.829+0000] {logging_mixin.py:137} INFO - [2024-10-03T20:48:42.829+0000] {dagbag.py:532} INFO - Filling up the DagBag from /usr/local/lib/python3.9/site-packages/airflow/example_dags/example_bash_operator.py
[2024-10-03T20:48:42.846+0000] {processor.py:753} INFO - DAG(s) dict_keys(['example_bash_operator']) retrieved from /usr/local/lib/python3.9/site-packages/airflow/example_dags/example_bash_operator.py
[2024-10-03T20:48:42.868+0000] {logging_mixin.py:137} INFO - [2024-10-03T20:48:42.868+0000] {dag.py:2705} INFO - Sync 1 DAGs
[2024-10-03T20:48:42.881+0000] {logging_mixin.py:137} INFO - [2024-10-03T20:48:42.881+0000] {dag.py:3452} INFO - Setting next_dagrun for example_bash_operator to 2024-10-02T00:00:00+00:00, run_after=2024-10-03T00:00:00+00:00
[2024-10-03T20:48:42.894+0000] {processor.py:175} INFO - Processing /usr/local/lib/python3.9/site-packages/airflow/example_dags/example_bash_operator.py took 0.072 seconds
[2024-10-03T20:49:13.761+0000] {processor.py:153} INFO - Started process (PID=7354) to work on /usr/local/lib/python3.9/site-packages/airflow/example_dags/example_bash_operator.py
[2024-10-03T20:49:13.763+0000] {processor.py:743} INFO - Processing file /usr/local/lib/python3.9/site-packages/airflow/example_dags/example_bash_operator.py for tasks to queue
[2024-10-03T20:49:13.763+0000] {logging_mixin.py:137} INFO - [2024-10-03T20:49:13.763+0000] {dagbag.py:532} INFO - Filling up the DagBag from /usr/local/lib/python3.9/site-packages/airflow/example_dags/example_bash_operator.py
[2024-10-03T20:49:13.786+0000] {processor.py:753} INFO - DAG(s) dict_keys(['example_bash_operator']) retrieved from /usr/local/lib/python3.9/site-packages/airflow/example_dags/example_bash_operator.py
[2024-10-03T20:49:13.808+0000] {logging_mixin.py:137} INFO - [2024-10-03T20:49:13.808+0000] {dag.py:2705} INFO - Sync 1 DAGs
[2024-10-03T20:49:13.820+0000] {logging_mixin.py:137} INFO - [2024-10-03T20:49:13.820+0000] {dag.py:3452} INFO - Setting next_dagrun for example_bash_operator to 2024-10-02T00:00:00+00:00, run_after=2024-10-03T00:00:00+00:00
[2024-10-03T20:49:13.830+0000] {processor.py:175} INFO - Processing /usr/local/lib/python3.9/site-packages/airflow/example_dags/example_bash_operator.py took 0.075 seconds
[2024-10-03T20:49:44.385+0000] {processor.py:153} INFO - Started process (PID=7565) to work on /usr/local/lib/python3.9/site-packages/airflow/example_dags/example_bash_operator.py
[2024-10-03T20:49:44.386+0000] {processor.py:743} INFO - Processing file /usr/local/lib/python3.9/site-packages/airflow/example_dags/example_bash_operator.py for tasks to queue
[2024-10-03T20:49:44.387+0000] {logging_mixin.py:137} INFO - [2024-10-03T20:49:44.387+0000] {dagbag.py:532} INFO - Filling up the DagBag from /usr/local/lib/python3.9/site-packages/airflow/example_dags/example_bash_operator.py
[2024-10-03T20:49:44.402+0000] {processor.py:753} INFO - DAG(s) dict_keys(['example_bash_operator']) retrieved from /usr/local/lib/python3.9/site-packages/airflow/example_dags/example_bash_operator.py
[2024-10-03T20:49:44.423+0000] {logging_mixin.py:137} INFO - [2024-10-03T20:49:44.423+0000] {dag.py:2705} INFO - Sync 1 DAGs
[2024-10-03T20:49:44.433+0000] {logging_mixin.py:137} INFO - [2024-10-03T20:49:44.433+0000] {dag.py:3452} INFO - Setting next_dagrun for example_bash_operator to 2024-10-02T00:00:00+00:00, run_after=2024-10-03T00:00:00+00:00
[2024-10-03T20:49:44.444+0000] {processor.py:175} INFO - Processing /usr/local/lib/python3.9/site-packages/airflow/example_dags/example_bash_operator.py took 0.063 seconds
[2024-10-03T20:50:15.139+0000] {processor.py:153} INFO - Started process (PID=7776) to work on /usr/local/lib/python3.9/site-packages/airflow/example_dags/example_bash_operator.py
[2024-10-03T20:50:15.141+0000] {processor.py:743} INFO - Processing file /usr/local/lib/python3.9/site-packages/airflow/example_dags/example_bash_operator.py for tasks to queue
[2024-10-03T20:50:15.143+0000] {logging_mixin.py:137} INFO - [2024-10-03T20:50:15.142+0000] {dagbag.py:532} INFO - Filling up the DagBag from /usr/local/lib/python3.9/site-packages/airflow/example_dags/example_bash_operator.py
[2024-10-03T20:50:15.160+0000] {processor.py:753} INFO - DAG(s) dict_keys(['example_bash_operator']) retrieved from /usr/local/lib/python3.9/site-packages/airflow/example_dags/example_bash_operator.py
[2024-10-03T20:50:15.186+0000] {logging_mixin.py:137} INFO - [2024-10-03T20:50:15.186+0000] {dag.py:2705} INFO - Sync 1 DAGs
[2024-10-03T20:50:15.203+0000] {logging_mixin.py:137} INFO - [2024-10-03T20:50:15.203+0000] {dag.py:3452} INFO - Setting next_dagrun for example_bash_operator to 2024-10-02T00:00:00+00:00, run_after=2024-10-03T00:00:00+00:00
[2024-10-03T20:50:15.218+0000] {processor.py:175} INFO - Processing /usr/local/lib/python3.9/site-packages/airflow/example_dags/example_bash_operator.py took 0.084 seconds
[2024-10-03T20:50:45.927+0000] {processor.py:153} INFO - Started process (PID=7987) to work on /usr/local/lib/python3.9/site-packages/airflow/example_dags/example_bash_operator.py
[2024-10-03T20:50:45.929+0000] {processor.py:743} INFO - Processing file /usr/local/lib/python3.9/site-packages/airflow/example_dags/example_bash_operator.py for tasks to queue
[2024-10-03T20:50:45.929+0000] {logging_mixin.py:137} INFO - [2024-10-03T20:50:45.929+0000] {dagbag.py:532} INFO - Filling up the DagBag from /usr/local/lib/python3.9/site-packages/airflow/example_dags/example_bash_operator.py
[2024-10-03T20:50:45.946+0000] {processor.py:753} INFO - DAG(s) dict_keys(['example_bash_operator']) retrieved from /usr/local/lib/python3.9/site-packages/airflow/example_dags/example_bash_operator.py
[2024-10-03T20:50:45.965+0000] {logging_mixin.py:137} INFO - [2024-10-03T20:50:45.965+0000] {dag.py:2705} INFO - Sync 1 DAGs
[2024-10-03T20:50:45.978+0000] {logging_mixin.py:137} INFO - [2024-10-03T20:50:45.978+0000] {dag.py:3452} INFO - Setting next_dagrun for example_bash_operator to 2024-10-02T00:00:00+00:00, run_after=2024-10-03T00:00:00+00:00
[2024-10-03T20:50:45.986+0000] {processor.py:175} INFO - Processing /usr/local/lib/python3.9/site-packages/airflow/example_dags/example_bash_operator.py took 0.064 seconds
[2024-10-03T20:51:16.664+0000] {processor.py:153} INFO - Started process (PID=8198) to work on /usr/local/lib/python3.9/site-packages/airflow/example_dags/example_bash_operator.py
[2024-10-03T20:51:16.667+0000] {processor.py:743} INFO - Processing file /usr/local/lib/python3.9/site-packages/airflow/example_dags/example_bash_operator.py for tasks to queue
[2024-10-03T20:51:16.668+0000] {logging_mixin.py:137} INFO - [2024-10-03T20:51:16.668+0000] {dagbag.py:532} INFO - Filling up the DagBag from /usr/local/lib/python3.9/site-packages/airflow/example_dags/example_bash_operator.py
[2024-10-03T20:51:16.686+0000] {processor.py:753} INFO - DAG(s) dict_keys(['example_bash_operator']) retrieved from /usr/local/lib/python3.9/site-packages/airflow/example_dags/example_bash_operator.py
[2024-10-03T20:51:16.713+0000] {logging_mixin.py:137} INFO - [2024-10-03T20:51:16.713+0000] {dag.py:2705} INFO - Sync 1 DAGs
[2024-10-03T20:51:16.726+0000] {logging_mixin.py:137} INFO - [2024-10-03T20:51:16.726+0000] {dag.py:3452} INFO - Setting next_dagrun for example_bash_operator to 2024-10-02T00:00:00+00:00, run_after=2024-10-03T00:00:00+00:00
[2024-10-03T20:51:16.738+0000] {processor.py:175} INFO - Processing /usr/local/lib/python3.9/site-packages/airflow/example_dags/example_bash_operator.py took 0.079 seconds
[2024-10-03T20:51:47.773+0000] {processor.py:153} INFO - Started process (PID=8409) to work on /usr/local/lib/python3.9/site-packages/airflow/example_dags/example_bash_operator.py
[2024-10-03T20:51:47.775+0000] {processor.py:743} INFO - Processing file /usr/local/lib/python3.9/site-packages/airflow/example_dags/example_bash_operator.py for tasks to queue
[2024-10-03T20:51:47.776+0000] {logging_mixin.py:137} INFO - [2024-10-03T20:51:47.776+0000] {dagbag.py:532} INFO - Filling up the DagBag from /usr/local/lib/python3.9/site-packages/airflow/example_dags/example_bash_operator.py
[2024-10-03T20:51:47.796+0000] {processor.py:753} INFO - DAG(s) dict_keys(['example_bash_operator']) retrieved from /usr/local/lib/python3.9/site-packages/airflow/example_dags/example_bash_operator.py
[2024-10-03T20:51:47.823+0000] {logging_mixin.py:137} INFO - [2024-10-03T20:51:47.823+0000] {dag.py:2705} INFO - Sync 1 DAGs
[2024-10-03T20:51:47.847+0000] {logging_mixin.py:137} INFO - [2024-10-03T20:51:47.847+0000] {dag.py:3452} INFO - Setting next_dagrun for example_bash_operator to 2024-10-02T00:00:00+00:00, run_after=2024-10-03T00:00:00+00:00
[2024-10-03T20:51:47.860+0000] {processor.py:175} INFO - Processing /usr/local/lib/python3.9/site-packages/airflow/example_dags/example_bash_operator.py took 0.094 seconds
[2024-10-03T20:52:18.863+0000] {processor.py:153} INFO - Started process (PID=8620) to work on /usr/local/lib/python3.9/site-packages/airflow/example_dags/example_bash_operator.py
[2024-10-03T20:52:18.865+0000] {processor.py:743} INFO - Processing file /usr/local/lib/python3.9/site-packages/airflow/example_dags/example_bash_operator.py for tasks to queue
[2024-10-03T20:52:18.866+0000] {logging_mixin.py:137} INFO - [2024-10-03T20:52:18.866+0000] {dagbag.py:532} INFO - Filling up the DagBag from /usr/local/lib/python3.9/site-packages/airflow/example_dags/example_bash_operator.py
[2024-10-03T20:52:18.883+0000] {processor.py:753} INFO - DAG(s) dict_keys(['example_bash_operator']) retrieved from /usr/local/lib/python3.9/site-packages/airflow/example_dags/example_bash_operator.py
[2024-10-03T20:52:18.906+0000] {logging_mixin.py:137} INFO - [2024-10-03T20:52:18.906+0000] {dag.py:2705} INFO - Sync 1 DAGs
[2024-10-03T20:52:18.919+0000] {logging_mixin.py:137} INFO - [2024-10-03T20:52:18.919+0000] {dag.py:3452} INFO - Setting next_dagrun for example_bash_operator to 2024-10-02T00:00:00+00:00, run_after=2024-10-03T00:00:00+00:00
[2024-10-03T20:52:18.932+0000] {processor.py:175} INFO - Processing /usr/local/lib/python3.9/site-packages/airflow/example_dags/example_bash_operator.py took 0.074 seconds
[2024-10-03T20:52:49.873+0000] {processor.py:153} INFO - Started process (PID=8831) to work on /usr/local/lib/python3.9/site-packages/airflow/example_dags/example_bash_operator.py
[2024-10-03T20:52:49.874+0000] {processor.py:743} INFO - Processing file /usr/local/lib/python3.9/site-packages/airflow/example_dags/example_bash_operator.py for tasks to queue
[2024-10-03T20:52:49.875+0000] {logging_mixin.py:137} INFO - [2024-10-03T20:52:49.875+0000] {dagbag.py:532} INFO - Filling up the DagBag from /usr/local/lib/python3.9/site-packages/airflow/example_dags/example_bash_operator.py
[2024-10-03T20:52:49.897+0000] {processor.py:753} INFO - DAG(s) dict_keys(['example_bash_operator']) retrieved from /usr/local/lib/python3.9/site-packages/airflow/example_dags/example_bash_operator.py
[2024-10-03T20:52:49.919+0000] {logging_mixin.py:137} INFO - [2024-10-03T20:52:49.919+0000] {dag.py:2705} INFO - Sync 1 DAGs
[2024-10-03T20:52:49.931+0000] {logging_mixin.py:137} INFO - [2024-10-03T20:52:49.931+0000] {dag.py:3452} INFO - Setting next_dagrun for example_bash_operator to 2024-10-02T00:00:00+00:00, run_after=2024-10-03T00:00:00+00:00
[2024-10-03T20:52:49.941+0000] {processor.py:175} INFO - Processing /usr/local/lib/python3.9/site-packages/airflow/example_dags/example_bash_operator.py took 0.074 seconds
