[2024-10-03T20:32:02.191+0000] {processor.py:153} INFO - Started process (PID=345) to work on /usr/local/lib/python3.9/site-packages/airflow/example_dags/example_local_kubernetes_executor.py
[2024-10-03T20:32:02.194+0000] {processor.py:743} INFO - Processing file /usr/local/lib/python3.9/site-packages/airflow/example_dags/example_local_kubernetes_executor.py for tasks to queue
[2024-10-03T20:32:02.196+0000] {logging_mixin.py:137} INFO - [2024-10-03T20:32:02.196+0000] {dagbag.py:532} INFO - Filling up the DagBag from /usr/local/lib/python3.9/site-packages/airflow/example_dags/example_local_kubernetes_executor.py
[2024-10-03T20:32:02.211+0000] {logging_mixin.py:137} INFO - [2024-10-03T20:32:02.211+0000] {example_local_kubernetes_executor.py:39} WARNING - Could not import DAGs in example_local_kubernetes_executor.py
Traceback (most recent call last):
  File "/usr/local/lib/python3.9/site-packages/airflow/example_dags/example_local_kubernetes_executor.py", line 37, in <module>
    from kubernetes.client import models as k8s
ModuleNotFoundError: No module named 'kubernetes'
[2024-10-03T20:32:02.212+0000] {logging_mixin.py:137} INFO - [2024-10-03T20:32:02.212+0000] {example_local_kubernetes_executor.py:40} WARNING - Install Kubernetes dependencies with: pip install apache-airflow[cncf.kubernetes]
[2024-10-03T20:32:02.212+0000] {processor.py:755} WARNING - No viable dags retrieved from /usr/local/lib/python3.9/site-packages/airflow/example_dags/example_local_kubernetes_executor.py
[2024-10-03T20:32:02.219+0000] {processor.py:175} INFO - Processing /usr/local/lib/python3.9/site-packages/airflow/example_dags/example_local_kubernetes_executor.py took 0.031 seconds
[2024-10-03T20:32:36.029+0000] {processor.py:153} INFO - Started process (PID=562) to work on /usr/local/lib/python3.9/site-packages/airflow/example_dags/example_local_kubernetes_executor.py
[2024-10-03T20:32:36.034+0000] {processor.py:743} INFO - Processing file /usr/local/lib/python3.9/site-packages/airflow/example_dags/example_local_kubernetes_executor.py for tasks to queue
[2024-10-03T20:32:36.035+0000] {logging_mixin.py:137} INFO - [2024-10-03T20:32:36.035+0000] {dagbag.py:532} INFO - Filling up the DagBag from /usr/local/lib/python3.9/site-packages/airflow/example_dags/example_local_kubernetes_executor.py
[2024-10-03T20:32:36.052+0000] {logging_mixin.py:137} INFO - [2024-10-03T20:32:36.052+0000] {example_local_kubernetes_executor.py:39} WARNING - Could not import DAGs in example_local_kubernetes_executor.py
Traceback (most recent call last):
  File "/usr/local/lib/python3.9/site-packages/airflow/example_dags/example_local_kubernetes_executor.py", line 37, in <module>
    from kubernetes.client import models as k8s
ModuleNotFoundError: No module named 'kubernetes'
[2024-10-03T20:32:36.052+0000] {logging_mixin.py:137} INFO - [2024-10-03T20:32:36.052+0000] {example_local_kubernetes_executor.py:40} WARNING - Install Kubernetes dependencies with: pip install apache-airflow[cncf.kubernetes]
[2024-10-03T20:32:36.052+0000] {processor.py:755} WARNING - No viable dags retrieved from /usr/local/lib/python3.9/site-packages/airflow/example_dags/example_local_kubernetes_executor.py
[2024-10-03T20:32:36.062+0000] {processor.py:175} INFO - Processing /usr/local/lib/python3.9/site-packages/airflow/example_dags/example_local_kubernetes_executor.py took 0.036 seconds
[2024-10-03T20:33:10.838+0000] {processor.py:153} INFO - Started process (PID=771) to work on /usr/local/lib/python3.9/site-packages/airflow/example_dags/example_local_kubernetes_executor.py
[2024-10-03T20:33:10.841+0000] {processor.py:743} INFO - Processing file /usr/local/lib/python3.9/site-packages/airflow/example_dags/example_local_kubernetes_executor.py for tasks to queue
[2024-10-03T20:33:10.841+0000] {logging_mixin.py:137} INFO - [2024-10-03T20:33:10.841+0000] {dagbag.py:532} INFO - Filling up the DagBag from /usr/local/lib/python3.9/site-packages/airflow/example_dags/example_local_kubernetes_executor.py
[2024-10-03T20:33:10.850+0000] {logging_mixin.py:137} INFO - [2024-10-03T20:33:10.850+0000] {example_local_kubernetes_executor.py:39} WARNING - Could not import DAGs in example_local_kubernetes_executor.py
Traceback (most recent call last):
  File "/usr/local/lib/python3.9/site-packages/airflow/example_dags/example_local_kubernetes_executor.py", line 37, in <module>
    from kubernetes.client import models as k8s
ModuleNotFoundError: No module named 'kubernetes'
[2024-10-03T20:33:10.850+0000] {logging_mixin.py:137} INFO - [2024-10-03T20:33:10.850+0000] {example_local_kubernetes_executor.py:40} WARNING - Install Kubernetes dependencies with: pip install apache-airflow[cncf.kubernetes]
[2024-10-03T20:33:10.850+0000] {processor.py:755} WARNING - No viable dags retrieved from /usr/local/lib/python3.9/site-packages/airflow/example_dags/example_local_kubernetes_executor.py
[2024-10-03T20:33:10.860+0000] {processor.py:175} INFO - Processing /usr/local/lib/python3.9/site-packages/airflow/example_dags/example_local_kubernetes_executor.py took 0.023 seconds
[2024-10-03T20:33:41.458+0000] {processor.py:153} INFO - Started process (PID=982) to work on /usr/local/lib/python3.9/site-packages/airflow/example_dags/example_local_kubernetes_executor.py
[2024-10-03T20:33:41.460+0000] {processor.py:743} INFO - Processing file /usr/local/lib/python3.9/site-packages/airflow/example_dags/example_local_kubernetes_executor.py for tasks to queue
[2024-10-03T20:33:41.461+0000] {logging_mixin.py:137} INFO - [2024-10-03T20:33:41.461+0000] {dagbag.py:532} INFO - Filling up the DagBag from /usr/local/lib/python3.9/site-packages/airflow/example_dags/example_local_kubernetes_executor.py
[2024-10-03T20:33:41.475+0000] {logging_mixin.py:137} INFO - [2024-10-03T20:33:41.475+0000] {example_local_kubernetes_executor.py:39} WARNING - Could not import DAGs in example_local_kubernetes_executor.py
Traceback (most recent call last):
  File "/usr/local/lib/python3.9/site-packages/airflow/example_dags/example_local_kubernetes_executor.py", line 37, in <module>
    from kubernetes.client import models as k8s
ModuleNotFoundError: No module named 'kubernetes'
[2024-10-03T20:33:41.475+0000] {logging_mixin.py:137} INFO - [2024-10-03T20:33:41.475+0000] {example_local_kubernetes_executor.py:40} WARNING - Install Kubernetes dependencies with: pip install apache-airflow[cncf.kubernetes]
[2024-10-03T20:33:41.476+0000] {processor.py:755} WARNING - No viable dags retrieved from /usr/local/lib/python3.9/site-packages/airflow/example_dags/example_local_kubernetes_executor.py
[2024-10-03T20:33:41.494+0000] {processor.py:175} INFO - Processing /usr/local/lib/python3.9/site-packages/airflow/example_dags/example_local_kubernetes_executor.py took 0.038 seconds
[2024-10-03T20:34:12.114+0000] {processor.py:153} INFO - Started process (PID=1188) to work on /usr/local/lib/python3.9/site-packages/airflow/example_dags/example_local_kubernetes_executor.py
[2024-10-03T20:34:12.135+0000] {processor.py:743} INFO - Processing file /usr/local/lib/python3.9/site-packages/airflow/example_dags/example_local_kubernetes_executor.py for tasks to queue
[2024-10-03T20:34:12.137+0000] {logging_mixin.py:137} INFO - [2024-10-03T20:34:12.137+0000] {dagbag.py:532} INFO - Filling up the DagBag from /usr/local/lib/python3.9/site-packages/airflow/example_dags/example_local_kubernetes_executor.py
[2024-10-03T20:34:12.148+0000] {logging_mixin.py:137} INFO - [2024-10-03T20:34:12.148+0000] {example_local_kubernetes_executor.py:39} WARNING - Could not import DAGs in example_local_kubernetes_executor.py
Traceback (most recent call last):
  File "/usr/local/lib/python3.9/site-packages/airflow/example_dags/example_local_kubernetes_executor.py", line 37, in <module>
    from kubernetes.client import models as k8s
ModuleNotFoundError: No module named 'kubernetes'
[2024-10-03T20:34:12.149+0000] {logging_mixin.py:137} INFO - [2024-10-03T20:34:12.149+0000] {example_local_kubernetes_executor.py:40} WARNING - Install Kubernetes dependencies with: pip install apache-airflow[cncf.kubernetes]
[2024-10-03T20:34:12.149+0000] {processor.py:755} WARNING - No viable dags retrieved from /usr/local/lib/python3.9/site-packages/airflow/example_dags/example_local_kubernetes_executor.py
[2024-10-03T20:34:12.165+0000] {processor.py:175} INFO - Processing /usr/local/lib/python3.9/site-packages/airflow/example_dags/example_local_kubernetes_executor.py took 0.054 seconds
[2024-10-03T20:34:45.554+0000] {processor.py:153} INFO - Started process (PID=1401) to work on /usr/local/lib/python3.9/site-packages/airflow/example_dags/example_local_kubernetes_executor.py
[2024-10-03T20:34:45.563+0000] {processor.py:743} INFO - Processing file /usr/local/lib/python3.9/site-packages/airflow/example_dags/example_local_kubernetes_executor.py for tasks to queue
[2024-10-03T20:34:45.563+0000] {logging_mixin.py:137} INFO - [2024-10-03T20:34:45.563+0000] {dagbag.py:532} INFO - Filling up the DagBag from /usr/local/lib/python3.9/site-packages/airflow/example_dags/example_local_kubernetes_executor.py
[2024-10-03T20:34:45.594+0000] {logging_mixin.py:137} INFO - [2024-10-03T20:34:45.593+0000] {example_local_kubernetes_executor.py:39} WARNING - Could not import DAGs in example_local_kubernetes_executor.py
Traceback (most recent call last):
  File "/usr/local/lib/python3.9/site-packages/airflow/example_dags/example_local_kubernetes_executor.py", line 37, in <module>
    from kubernetes.client import models as k8s
ModuleNotFoundError: No module named 'kubernetes'
[2024-10-03T20:34:45.594+0000] {logging_mixin.py:137} INFO - [2024-10-03T20:34:45.594+0000] {example_local_kubernetes_executor.py:40} WARNING - Install Kubernetes dependencies with: pip install apache-airflow[cncf.kubernetes]
[2024-10-03T20:34:45.796+0000] {processor.py:755} WARNING - No viable dags retrieved from /usr/local/lib/python3.9/site-packages/airflow/example_dags/example_local_kubernetes_executor.py
[2024-10-03T20:34:45.899+0000] {processor.py:175} INFO - Processing /usr/local/lib/python3.9/site-packages/airflow/example_dags/example_local_kubernetes_executor.py took 0.347 seconds
[2024-10-03T20:35:16.974+0000] {processor.py:153} INFO - Started process (PID=1610) to work on /usr/local/lib/python3.9/site-packages/airflow/example_dags/example_local_kubernetes_executor.py
[2024-10-03T20:35:17.006+0000] {processor.py:743} INFO - Processing file /usr/local/lib/python3.9/site-packages/airflow/example_dags/example_local_kubernetes_executor.py for tasks to queue
[2024-10-03T20:35:17.007+0000] {logging_mixin.py:137} INFO - [2024-10-03T20:35:17.007+0000] {dagbag.py:532} INFO - Filling up the DagBag from /usr/local/lib/python3.9/site-packages/airflow/example_dags/example_local_kubernetes_executor.py
[2024-10-03T20:35:17.020+0000] {logging_mixin.py:137} INFO - [2024-10-03T20:35:17.020+0000] {example_local_kubernetes_executor.py:39} WARNING - Could not import DAGs in example_local_kubernetes_executor.py
Traceback (most recent call last):
  File "/usr/local/lib/python3.9/site-packages/airflow/example_dags/example_local_kubernetes_executor.py", line 37, in <module>
    from kubernetes.client import models as k8s
ModuleNotFoundError: No module named 'kubernetes'
[2024-10-03T20:35:17.020+0000] {logging_mixin.py:137} INFO - [2024-10-03T20:35:17.020+0000] {example_local_kubernetes_executor.py:40} WARNING - Install Kubernetes dependencies with: pip install apache-airflow[cncf.kubernetes]
[2024-10-03T20:35:17.020+0000] {processor.py:755} WARNING - No viable dags retrieved from /usr/local/lib/python3.9/site-packages/airflow/example_dags/example_local_kubernetes_executor.py
[2024-10-03T20:35:17.029+0000] {processor.py:175} INFO - Processing /usr/local/lib/python3.9/site-packages/airflow/example_dags/example_local_kubernetes_executor.py took 0.058 seconds
[2024-10-03T20:35:47.236+0000] {processor.py:153} INFO - Started process (PID=1815) to work on /usr/local/lib/python3.9/site-packages/airflow/example_dags/example_local_kubernetes_executor.py
[2024-10-03T20:35:47.237+0000] {processor.py:743} INFO - Processing file /usr/local/lib/python3.9/site-packages/airflow/example_dags/example_local_kubernetes_executor.py for tasks to queue
[2024-10-03T20:35:47.237+0000] {logging_mixin.py:137} INFO - [2024-10-03T20:35:47.237+0000] {dagbag.py:532} INFO - Filling up the DagBag from /usr/local/lib/python3.9/site-packages/airflow/example_dags/example_local_kubernetes_executor.py
[2024-10-03T20:35:47.245+0000] {logging_mixin.py:137} INFO - [2024-10-03T20:35:47.244+0000] {example_local_kubernetes_executor.py:39} WARNING - Could not import DAGs in example_local_kubernetes_executor.py
Traceback (most recent call last):
  File "/usr/local/lib/python3.9/site-packages/airflow/example_dags/example_local_kubernetes_executor.py", line 37, in <module>
    from kubernetes.client import models as k8s
ModuleNotFoundError: No module named 'kubernetes'
[2024-10-03T20:35:47.247+0000] {logging_mixin.py:137} INFO - [2024-10-03T20:35:47.247+0000] {example_local_kubernetes_executor.py:40} WARNING - Install Kubernetes dependencies with: pip install apache-airflow[cncf.kubernetes]
[2024-10-03T20:35:47.248+0000] {processor.py:755} WARNING - No viable dags retrieved from /usr/local/lib/python3.9/site-packages/airflow/example_dags/example_local_kubernetes_executor.py
[2024-10-03T20:35:47.256+0000] {processor.py:175} INFO - Processing /usr/local/lib/python3.9/site-packages/airflow/example_dags/example_local_kubernetes_executor.py took 0.022 seconds
[2024-10-03T20:36:18.126+0000] {processor.py:153} INFO - Started process (PID=2026) to work on /usr/local/lib/python3.9/site-packages/airflow/example_dags/example_local_kubernetes_executor.py
[2024-10-03T20:36:18.129+0000] {processor.py:743} INFO - Processing file /usr/local/lib/python3.9/site-packages/airflow/example_dags/example_local_kubernetes_executor.py for tasks to queue
[2024-10-03T20:36:18.129+0000] {logging_mixin.py:137} INFO - [2024-10-03T20:36:18.129+0000] {dagbag.py:532} INFO - Filling up the DagBag from /usr/local/lib/python3.9/site-packages/airflow/example_dags/example_local_kubernetes_executor.py
[2024-10-03T20:36:18.138+0000] {logging_mixin.py:137} INFO - [2024-10-03T20:36:18.138+0000] {example_local_kubernetes_executor.py:39} WARNING - Could not import DAGs in example_local_kubernetes_executor.py
Traceback (most recent call last):
  File "/usr/local/lib/python3.9/site-packages/airflow/example_dags/example_local_kubernetes_executor.py", line 37, in <module>
    from kubernetes.client import models as k8s
ModuleNotFoundError: No module named 'kubernetes'
[2024-10-03T20:36:18.139+0000] {logging_mixin.py:137} INFO - [2024-10-03T20:36:18.139+0000] {example_local_kubernetes_executor.py:40} WARNING - Install Kubernetes dependencies with: pip install apache-airflow[cncf.kubernetes]
[2024-10-03T20:36:18.139+0000] {processor.py:755} WARNING - No viable dags retrieved from /usr/local/lib/python3.9/site-packages/airflow/example_dags/example_local_kubernetes_executor.py
[2024-10-03T20:36:18.150+0000] {processor.py:175} INFO - Processing /usr/local/lib/python3.9/site-packages/airflow/example_dags/example_local_kubernetes_executor.py took 0.026 seconds
[2024-10-03T20:36:49.080+0000] {processor.py:153} INFO - Started process (PID=2237) to work on /usr/local/lib/python3.9/site-packages/airflow/example_dags/example_local_kubernetes_executor.py
[2024-10-03T20:36:49.082+0000] {processor.py:743} INFO - Processing file /usr/local/lib/python3.9/site-packages/airflow/example_dags/example_local_kubernetes_executor.py for tasks to queue
[2024-10-03T20:36:49.082+0000] {logging_mixin.py:137} INFO - [2024-10-03T20:36:49.082+0000] {dagbag.py:532} INFO - Filling up the DagBag from /usr/local/lib/python3.9/site-packages/airflow/example_dags/example_local_kubernetes_executor.py
[2024-10-03T20:36:49.093+0000] {logging_mixin.py:137} INFO - [2024-10-03T20:36:49.093+0000] {example_local_kubernetes_executor.py:39} WARNING - Could not import DAGs in example_local_kubernetes_executor.py
Traceback (most recent call last):
  File "/usr/local/lib/python3.9/site-packages/airflow/example_dags/example_local_kubernetes_executor.py", line 37, in <module>
    from kubernetes.client import models as k8s
ModuleNotFoundError: No module named 'kubernetes'
[2024-10-03T20:36:49.093+0000] {logging_mixin.py:137} INFO - [2024-10-03T20:36:49.093+0000] {example_local_kubernetes_executor.py:40} WARNING - Install Kubernetes dependencies with: pip install apache-airflow[cncf.kubernetes]
[2024-10-03T20:36:49.094+0000] {processor.py:755} WARNING - No viable dags retrieved from /usr/local/lib/python3.9/site-packages/airflow/example_dags/example_local_kubernetes_executor.py
[2024-10-03T20:36:49.101+0000] {processor.py:175} INFO - Processing /usr/local/lib/python3.9/site-packages/airflow/example_dags/example_local_kubernetes_executor.py took 0.022 seconds
[2024-10-03T20:37:20.056+0000] {processor.py:153} INFO - Started process (PID=2448) to work on /usr/local/lib/python3.9/site-packages/airflow/example_dags/example_local_kubernetes_executor.py
[2024-10-03T20:37:20.059+0000] {processor.py:743} INFO - Processing file /usr/local/lib/python3.9/site-packages/airflow/example_dags/example_local_kubernetes_executor.py for tasks to queue
[2024-10-03T20:37:20.060+0000] {logging_mixin.py:137} INFO - [2024-10-03T20:37:20.060+0000] {dagbag.py:532} INFO - Filling up the DagBag from /usr/local/lib/python3.9/site-packages/airflow/example_dags/example_local_kubernetes_executor.py
[2024-10-03T20:37:20.069+0000] {logging_mixin.py:137} INFO - [2024-10-03T20:37:20.069+0000] {example_local_kubernetes_executor.py:39} WARNING - Could not import DAGs in example_local_kubernetes_executor.py
Traceback (most recent call last):
  File "/usr/local/lib/python3.9/site-packages/airflow/example_dags/example_local_kubernetes_executor.py", line 37, in <module>
    from kubernetes.client import models as k8s
ModuleNotFoundError: No module named 'kubernetes'
[2024-10-03T20:37:20.070+0000] {logging_mixin.py:137} INFO - [2024-10-03T20:37:20.070+0000] {example_local_kubernetes_executor.py:40} WARNING - Install Kubernetes dependencies with: pip install apache-airflow[cncf.kubernetes]
[2024-10-03T20:37:20.070+0000] {processor.py:755} WARNING - No viable dags retrieved from /usr/local/lib/python3.9/site-packages/airflow/example_dags/example_local_kubernetes_executor.py
[2024-10-03T20:37:20.084+0000] {processor.py:175} INFO - Processing /usr/local/lib/python3.9/site-packages/airflow/example_dags/example_local_kubernetes_executor.py took 0.029 seconds
[2024-10-03T20:37:50.333+0000] {processor.py:153} INFO - Started process (PID=2661) to work on /usr/local/lib/python3.9/site-packages/airflow/example_dags/example_local_kubernetes_executor.py
[2024-10-03T20:37:50.334+0000] {processor.py:743} INFO - Processing file /usr/local/lib/python3.9/site-packages/airflow/example_dags/example_local_kubernetes_executor.py for tasks to queue
[2024-10-03T20:37:50.335+0000] {logging_mixin.py:137} INFO - [2024-10-03T20:37:50.334+0000] {dagbag.py:532} INFO - Filling up the DagBag from /usr/local/lib/python3.9/site-packages/airflow/example_dags/example_local_kubernetes_executor.py
[2024-10-03T20:37:50.347+0000] {logging_mixin.py:137} INFO - [2024-10-03T20:37:50.347+0000] {example_local_kubernetes_executor.py:39} WARNING - Could not import DAGs in example_local_kubernetes_executor.py
Traceback (most recent call last):
  File "/usr/local/lib/python3.9/site-packages/airflow/example_dags/example_local_kubernetes_executor.py", line 37, in <module>
    from kubernetes.client import models as k8s
ModuleNotFoundError: No module named 'kubernetes'
[2024-10-03T20:37:50.347+0000] {logging_mixin.py:137} INFO - [2024-10-03T20:37:50.347+0000] {example_local_kubernetes_executor.py:40} WARNING - Install Kubernetes dependencies with: pip install apache-airflow[cncf.kubernetes]
[2024-10-03T20:37:50.347+0000] {processor.py:755} WARNING - No viable dags retrieved from /usr/local/lib/python3.9/site-packages/airflow/example_dags/example_local_kubernetes_executor.py
[2024-10-03T20:37:50.357+0000] {processor.py:175} INFO - Processing /usr/local/lib/python3.9/site-packages/airflow/example_dags/example_local_kubernetes_executor.py took 0.027 seconds
[2024-10-03T20:38:21.296+0000] {processor.py:153} INFO - Started process (PID=2870) to work on /usr/local/lib/python3.9/site-packages/airflow/example_dags/example_local_kubernetes_executor.py
[2024-10-03T20:38:21.297+0000] {processor.py:743} INFO - Processing file /usr/local/lib/python3.9/site-packages/airflow/example_dags/example_local_kubernetes_executor.py for tasks to queue
[2024-10-03T20:38:21.297+0000] {logging_mixin.py:137} INFO - [2024-10-03T20:38:21.297+0000] {dagbag.py:532} INFO - Filling up the DagBag from /usr/local/lib/python3.9/site-packages/airflow/example_dags/example_local_kubernetes_executor.py
[2024-10-03T20:38:21.305+0000] {logging_mixin.py:137} INFO - [2024-10-03T20:38:21.305+0000] {example_local_kubernetes_executor.py:39} WARNING - Could not import DAGs in example_local_kubernetes_executor.py
Traceback (most recent call last):
  File "/usr/local/lib/python3.9/site-packages/airflow/example_dags/example_local_kubernetes_executor.py", line 37, in <module>
    from kubernetes.client import models as k8s
ModuleNotFoundError: No module named 'kubernetes'
[2024-10-03T20:38:21.305+0000] {logging_mixin.py:137} INFO - [2024-10-03T20:38:21.305+0000] {example_local_kubernetes_executor.py:40} WARNING - Install Kubernetes dependencies with: pip install apache-airflow[cncf.kubernetes]
[2024-10-03T20:38:21.305+0000] {processor.py:755} WARNING - No viable dags retrieved from /usr/local/lib/python3.9/site-packages/airflow/example_dags/example_local_kubernetes_executor.py
[2024-10-03T20:38:21.310+0000] {processor.py:175} INFO - Processing /usr/local/lib/python3.9/site-packages/airflow/example_dags/example_local_kubernetes_executor.py took 0.016 seconds
[2024-10-03T20:38:52.043+0000] {processor.py:153} INFO - Started process (PID=3081) to work on /usr/local/lib/python3.9/site-packages/airflow/example_dags/example_local_kubernetes_executor.py
[2024-10-03T20:38:52.044+0000] {processor.py:743} INFO - Processing file /usr/local/lib/python3.9/site-packages/airflow/example_dags/example_local_kubernetes_executor.py for tasks to queue
[2024-10-03T20:38:52.045+0000] {logging_mixin.py:137} INFO - [2024-10-03T20:38:52.045+0000] {dagbag.py:532} INFO - Filling up the DagBag from /usr/local/lib/python3.9/site-packages/airflow/example_dags/example_local_kubernetes_executor.py
[2024-10-03T20:38:52.053+0000] {logging_mixin.py:137} INFO - [2024-10-03T20:38:52.053+0000] {example_local_kubernetes_executor.py:39} WARNING - Could not import DAGs in example_local_kubernetes_executor.py
Traceback (most recent call last):
  File "/usr/local/lib/python3.9/site-packages/airflow/example_dags/example_local_kubernetes_executor.py", line 37, in <module>
    from kubernetes.client import models as k8s
ModuleNotFoundError: No module named 'kubernetes'
[2024-10-03T20:38:52.054+0000] {logging_mixin.py:137} INFO - [2024-10-03T20:38:52.053+0000] {example_local_kubernetes_executor.py:40} WARNING - Install Kubernetes dependencies with: pip install apache-airflow[cncf.kubernetes]
[2024-10-03T20:38:52.054+0000] {processor.py:755} WARNING - No viable dags retrieved from /usr/local/lib/python3.9/site-packages/airflow/example_dags/example_local_kubernetes_executor.py
[2024-10-03T20:38:52.065+0000] {processor.py:175} INFO - Processing /usr/local/lib/python3.9/site-packages/airflow/example_dags/example_local_kubernetes_executor.py took 0.024 seconds
[2024-10-03T20:39:22.922+0000] {processor.py:153} INFO - Started process (PID=3292) to work on /usr/local/lib/python3.9/site-packages/airflow/example_dags/example_local_kubernetes_executor.py
[2024-10-03T20:39:22.923+0000] {processor.py:743} INFO - Processing file /usr/local/lib/python3.9/site-packages/airflow/example_dags/example_local_kubernetes_executor.py for tasks to queue
[2024-10-03T20:39:22.923+0000] {logging_mixin.py:137} INFO - [2024-10-03T20:39:22.923+0000] {dagbag.py:532} INFO - Filling up the DagBag from /usr/local/lib/python3.9/site-packages/airflow/example_dags/example_local_kubernetes_executor.py
[2024-10-03T20:39:22.930+0000] {logging_mixin.py:137} INFO - [2024-10-03T20:39:22.930+0000] {example_local_kubernetes_executor.py:39} WARNING - Could not import DAGs in example_local_kubernetes_executor.py
Traceback (most recent call last):
  File "/usr/local/lib/python3.9/site-packages/airflow/example_dags/example_local_kubernetes_executor.py", line 37, in <module>
    from kubernetes.client import models as k8s
ModuleNotFoundError: No module named 'kubernetes'
[2024-10-03T20:39:22.930+0000] {logging_mixin.py:137} INFO - [2024-10-03T20:39:22.930+0000] {example_local_kubernetes_executor.py:40} WARNING - Install Kubernetes dependencies with: pip install apache-airflow[cncf.kubernetes]
[2024-10-03T20:39:22.930+0000] {processor.py:755} WARNING - No viable dags retrieved from /usr/local/lib/python3.9/site-packages/airflow/example_dags/example_local_kubernetes_executor.py
[2024-10-03T20:39:22.940+0000] {processor.py:175} INFO - Processing /usr/local/lib/python3.9/site-packages/airflow/example_dags/example_local_kubernetes_executor.py took 0.020 seconds
[2024-10-03T20:39:53.709+0000] {processor.py:153} INFO - Started process (PID=3503) to work on /usr/local/lib/python3.9/site-packages/airflow/example_dags/example_local_kubernetes_executor.py
[2024-10-03T20:39:53.709+0000] {processor.py:743} INFO - Processing file /usr/local/lib/python3.9/site-packages/airflow/example_dags/example_local_kubernetes_executor.py for tasks to queue
[2024-10-03T20:39:53.711+0000] {logging_mixin.py:137} INFO - [2024-10-03T20:39:53.711+0000] {dagbag.py:532} INFO - Filling up the DagBag from /usr/local/lib/python3.9/site-packages/airflow/example_dags/example_local_kubernetes_executor.py
[2024-10-03T20:39:53.719+0000] {logging_mixin.py:137} INFO - [2024-10-03T20:39:53.719+0000] {example_local_kubernetes_executor.py:39} WARNING - Could not import DAGs in example_local_kubernetes_executor.py
Traceback (most recent call last):
  File "/usr/local/lib/python3.9/site-packages/airflow/example_dags/example_local_kubernetes_executor.py", line 37, in <module>
    from kubernetes.client import models as k8s
ModuleNotFoundError: No module named 'kubernetes'
[2024-10-03T20:39:53.720+0000] {logging_mixin.py:137} INFO - [2024-10-03T20:39:53.720+0000] {example_local_kubernetes_executor.py:40} WARNING - Install Kubernetes dependencies with: pip install apache-airflow[cncf.kubernetes]
[2024-10-03T20:39:53.720+0000] {processor.py:755} WARNING - No viable dags retrieved from /usr/local/lib/python3.9/site-packages/airflow/example_dags/example_local_kubernetes_executor.py
[2024-10-03T20:39:53.728+0000] {processor.py:175} INFO - Processing /usr/local/lib/python3.9/site-packages/airflow/example_dags/example_local_kubernetes_executor.py took 0.020 seconds
[2024-10-03T20:40:24.552+0000] {processor.py:153} INFO - Started process (PID=3714) to work on /usr/local/lib/python3.9/site-packages/airflow/example_dags/example_local_kubernetes_executor.py
[2024-10-03T20:40:24.556+0000] {processor.py:743} INFO - Processing file /usr/local/lib/python3.9/site-packages/airflow/example_dags/example_local_kubernetes_executor.py for tasks to queue
[2024-10-03T20:40:24.557+0000] {logging_mixin.py:137} INFO - [2024-10-03T20:40:24.557+0000] {dagbag.py:532} INFO - Filling up the DagBag from /usr/local/lib/python3.9/site-packages/airflow/example_dags/example_local_kubernetes_executor.py
[2024-10-03T20:40:24.567+0000] {logging_mixin.py:137} INFO - [2024-10-03T20:40:24.567+0000] {example_local_kubernetes_executor.py:39} WARNING - Could not import DAGs in example_local_kubernetes_executor.py
Traceback (most recent call last):
  File "/usr/local/lib/python3.9/site-packages/airflow/example_dags/example_local_kubernetes_executor.py", line 37, in <module>
    from kubernetes.client import models as k8s
ModuleNotFoundError: No module named 'kubernetes'
[2024-10-03T20:40:24.567+0000] {logging_mixin.py:137} INFO - [2024-10-03T20:40:24.567+0000] {example_local_kubernetes_executor.py:40} WARNING - Install Kubernetes dependencies with: pip install apache-airflow[cncf.kubernetes]
[2024-10-03T20:40:24.567+0000] {processor.py:755} WARNING - No viable dags retrieved from /usr/local/lib/python3.9/site-packages/airflow/example_dags/example_local_kubernetes_executor.py
[2024-10-03T20:40:24.576+0000] {processor.py:175} INFO - Processing /usr/local/lib/python3.9/site-packages/airflow/example_dags/example_local_kubernetes_executor.py took 0.027 seconds
[2024-10-03T20:40:55.452+0000] {processor.py:153} INFO - Started process (PID=3925) to work on /usr/local/lib/python3.9/site-packages/airflow/example_dags/example_local_kubernetes_executor.py
[2024-10-03T20:40:55.452+0000] {processor.py:743} INFO - Processing file /usr/local/lib/python3.9/site-packages/airflow/example_dags/example_local_kubernetes_executor.py for tasks to queue
[2024-10-03T20:40:55.453+0000] {logging_mixin.py:137} INFO - [2024-10-03T20:40:55.452+0000] {dagbag.py:532} INFO - Filling up the DagBag from /usr/local/lib/python3.9/site-packages/airflow/example_dags/example_local_kubernetes_executor.py
[2024-10-03T20:40:55.461+0000] {logging_mixin.py:137} INFO - [2024-10-03T20:40:55.461+0000] {example_local_kubernetes_executor.py:39} WARNING - Could not import DAGs in example_local_kubernetes_executor.py
Traceback (most recent call last):
  File "/usr/local/lib/python3.9/site-packages/airflow/example_dags/example_local_kubernetes_executor.py", line 37, in <module>
    from kubernetes.client import models as k8s
ModuleNotFoundError: No module named 'kubernetes'
[2024-10-03T20:40:55.463+0000] {logging_mixin.py:137} INFO - [2024-10-03T20:40:55.463+0000] {example_local_kubernetes_executor.py:40} WARNING - Install Kubernetes dependencies with: pip install apache-airflow[cncf.kubernetes]
[2024-10-03T20:40:55.465+0000] {processor.py:755} WARNING - No viable dags retrieved from /usr/local/lib/python3.9/site-packages/airflow/example_dags/example_local_kubernetes_executor.py
[2024-10-03T20:40:55.475+0000] {processor.py:175} INFO - Processing /usr/local/lib/python3.9/site-packages/airflow/example_dags/example_local_kubernetes_executor.py took 0.025 seconds
[2024-10-03T20:41:26.121+0000] {processor.py:153} INFO - Started process (PID=4136) to work on /usr/local/lib/python3.9/site-packages/airflow/example_dags/example_local_kubernetes_executor.py
[2024-10-03T20:41:26.122+0000] {processor.py:743} INFO - Processing file /usr/local/lib/python3.9/site-packages/airflow/example_dags/example_local_kubernetes_executor.py for tasks to queue
[2024-10-03T20:41:26.122+0000] {logging_mixin.py:137} INFO - [2024-10-03T20:41:26.122+0000] {dagbag.py:532} INFO - Filling up the DagBag from /usr/local/lib/python3.9/site-packages/airflow/example_dags/example_local_kubernetes_executor.py
[2024-10-03T20:41:26.129+0000] {logging_mixin.py:137} INFO - [2024-10-03T20:41:26.129+0000] {example_local_kubernetes_executor.py:39} WARNING - Could not import DAGs in example_local_kubernetes_executor.py
Traceback (most recent call last):
  File "/usr/local/lib/python3.9/site-packages/airflow/example_dags/example_local_kubernetes_executor.py", line 37, in <module>
    from kubernetes.client import models as k8s
ModuleNotFoundError: No module named 'kubernetes'
[2024-10-03T20:41:26.129+0000] {logging_mixin.py:137} INFO - [2024-10-03T20:41:26.129+0000] {example_local_kubernetes_executor.py:40} WARNING - Install Kubernetes dependencies with: pip install apache-airflow[cncf.kubernetes]
[2024-10-03T20:41:26.129+0000] {processor.py:755} WARNING - No viable dags retrieved from /usr/local/lib/python3.9/site-packages/airflow/example_dags/example_local_kubernetes_executor.py
[2024-10-03T20:41:26.134+0000] {processor.py:175} INFO - Processing /usr/local/lib/python3.9/site-packages/airflow/example_dags/example_local_kubernetes_executor.py took 0.015 seconds
[2024-10-03T20:41:56.754+0000] {processor.py:153} INFO - Started process (PID=4347) to work on /usr/local/lib/python3.9/site-packages/airflow/example_dags/example_local_kubernetes_executor.py
[2024-10-03T20:41:56.755+0000] {processor.py:743} INFO - Processing file /usr/local/lib/python3.9/site-packages/airflow/example_dags/example_local_kubernetes_executor.py for tasks to queue
[2024-10-03T20:41:56.756+0000] {logging_mixin.py:137} INFO - [2024-10-03T20:41:56.755+0000] {dagbag.py:532} INFO - Filling up the DagBag from /usr/local/lib/python3.9/site-packages/airflow/example_dags/example_local_kubernetes_executor.py
[2024-10-03T20:41:56.763+0000] {logging_mixin.py:137} INFO - [2024-10-03T20:41:56.763+0000] {example_local_kubernetes_executor.py:39} WARNING - Could not import DAGs in example_local_kubernetes_executor.py
Traceback (most recent call last):
  File "/usr/local/lib/python3.9/site-packages/airflow/example_dags/example_local_kubernetes_executor.py", line 37, in <module>
    from kubernetes.client import models as k8s
ModuleNotFoundError: No module named 'kubernetes'
[2024-10-03T20:41:56.763+0000] {logging_mixin.py:137} INFO - [2024-10-03T20:41:56.763+0000] {example_local_kubernetes_executor.py:40} WARNING - Install Kubernetes dependencies with: pip install apache-airflow[cncf.kubernetes]
[2024-10-03T20:41:56.763+0000] {processor.py:755} WARNING - No viable dags retrieved from /usr/local/lib/python3.9/site-packages/airflow/example_dags/example_local_kubernetes_executor.py
[2024-10-03T20:41:56.770+0000] {processor.py:175} INFO - Processing /usr/local/lib/python3.9/site-packages/airflow/example_dags/example_local_kubernetes_executor.py took 0.017 seconds
[2024-10-03T20:42:27.429+0000] {processor.py:153} INFO - Started process (PID=4558) to work on /usr/local/lib/python3.9/site-packages/airflow/example_dags/example_local_kubernetes_executor.py
[2024-10-03T20:42:27.432+0000] {processor.py:743} INFO - Processing file /usr/local/lib/python3.9/site-packages/airflow/example_dags/example_local_kubernetes_executor.py for tasks to queue
[2024-10-03T20:42:27.433+0000] {logging_mixin.py:137} INFO - [2024-10-03T20:42:27.432+0000] {dagbag.py:532} INFO - Filling up the DagBag from /usr/local/lib/python3.9/site-packages/airflow/example_dags/example_local_kubernetes_executor.py
[2024-10-03T20:42:27.440+0000] {logging_mixin.py:137} INFO - [2024-10-03T20:42:27.439+0000] {example_local_kubernetes_executor.py:39} WARNING - Could not import DAGs in example_local_kubernetes_executor.py
Traceback (most recent call last):
  File "/usr/local/lib/python3.9/site-packages/airflow/example_dags/example_local_kubernetes_executor.py", line 37, in <module>
    from kubernetes.client import models as k8s
ModuleNotFoundError: No module named 'kubernetes'
[2024-10-03T20:42:27.440+0000] {logging_mixin.py:137} INFO - [2024-10-03T20:42:27.440+0000] {example_local_kubernetes_executor.py:40} WARNING - Install Kubernetes dependencies with: pip install apache-airflow[cncf.kubernetes]
[2024-10-03T20:42:27.440+0000] {processor.py:755} WARNING - No viable dags retrieved from /usr/local/lib/python3.9/site-packages/airflow/example_dags/example_local_kubernetes_executor.py
[2024-10-03T20:42:27.448+0000] {processor.py:175} INFO - Processing /usr/local/lib/python3.9/site-packages/airflow/example_dags/example_local_kubernetes_executor.py took 0.020 seconds
[2024-10-03T20:42:58.038+0000] {processor.py:153} INFO - Started process (PID=4769) to work on /usr/local/lib/python3.9/site-packages/airflow/example_dags/example_local_kubernetes_executor.py
[2024-10-03T20:42:58.038+0000] {processor.py:743} INFO - Processing file /usr/local/lib/python3.9/site-packages/airflow/example_dags/example_local_kubernetes_executor.py for tasks to queue
[2024-10-03T20:42:58.038+0000] {logging_mixin.py:137} INFO - [2024-10-03T20:42:58.038+0000] {dagbag.py:532} INFO - Filling up the DagBag from /usr/local/lib/python3.9/site-packages/airflow/example_dags/example_local_kubernetes_executor.py
[2024-10-03T20:42:58.046+0000] {logging_mixin.py:137} INFO - [2024-10-03T20:42:58.045+0000] {example_local_kubernetes_executor.py:39} WARNING - Could not import DAGs in example_local_kubernetes_executor.py
Traceback (most recent call last):
  File "/usr/local/lib/python3.9/site-packages/airflow/example_dags/example_local_kubernetes_executor.py", line 37, in <module>
    from kubernetes.client import models as k8s
ModuleNotFoundError: No module named 'kubernetes'
[2024-10-03T20:42:58.046+0000] {logging_mixin.py:137} INFO - [2024-10-03T20:42:58.046+0000] {example_local_kubernetes_executor.py:40} WARNING - Install Kubernetes dependencies with: pip install apache-airflow[cncf.kubernetes]
[2024-10-03T20:42:58.046+0000] {processor.py:755} WARNING - No viable dags retrieved from /usr/local/lib/python3.9/site-packages/airflow/example_dags/example_local_kubernetes_executor.py
[2024-10-03T20:42:58.060+0000] {processor.py:175} INFO - Processing /usr/local/lib/python3.9/site-packages/airflow/example_dags/example_local_kubernetes_executor.py took 0.024 seconds
[2024-10-03T20:43:28.689+0000] {processor.py:153} INFO - Started process (PID=4980) to work on /usr/local/lib/python3.9/site-packages/airflow/example_dags/example_local_kubernetes_executor.py
[2024-10-03T20:43:28.689+0000] {processor.py:743} INFO - Processing file /usr/local/lib/python3.9/site-packages/airflow/example_dags/example_local_kubernetes_executor.py for tasks to queue
[2024-10-03T20:43:28.690+0000] {logging_mixin.py:137} INFO - [2024-10-03T20:43:28.690+0000] {dagbag.py:532} INFO - Filling up the DagBag from /usr/local/lib/python3.9/site-packages/airflow/example_dags/example_local_kubernetes_executor.py
[2024-10-03T20:43:28.697+0000] {logging_mixin.py:137} INFO - [2024-10-03T20:43:28.697+0000] {example_local_kubernetes_executor.py:39} WARNING - Could not import DAGs in example_local_kubernetes_executor.py
Traceback (most recent call last):
  File "/usr/local/lib/python3.9/site-packages/airflow/example_dags/example_local_kubernetes_executor.py", line 37, in <module>
    from kubernetes.client import models as k8s
ModuleNotFoundError: No module named 'kubernetes'
[2024-10-03T20:43:28.697+0000] {logging_mixin.py:137} INFO - [2024-10-03T20:43:28.697+0000] {example_local_kubernetes_executor.py:40} WARNING - Install Kubernetes dependencies with: pip install apache-airflow[cncf.kubernetes]
[2024-10-03T20:43:28.697+0000] {processor.py:755} WARNING - No viable dags retrieved from /usr/local/lib/python3.9/site-packages/airflow/example_dags/example_local_kubernetes_executor.py
[2024-10-03T20:43:28.702+0000] {processor.py:175} INFO - Processing /usr/local/lib/python3.9/site-packages/airflow/example_dags/example_local_kubernetes_executor.py took 0.015 seconds
[2024-10-03T20:43:59.248+0000] {processor.py:153} INFO - Started process (PID=5191) to work on /usr/local/lib/python3.9/site-packages/airflow/example_dags/example_local_kubernetes_executor.py
[2024-10-03T20:43:59.249+0000] {processor.py:743} INFO - Processing file /usr/local/lib/python3.9/site-packages/airflow/example_dags/example_local_kubernetes_executor.py for tasks to queue
[2024-10-03T20:43:59.249+0000] {logging_mixin.py:137} INFO - [2024-10-03T20:43:59.249+0000] {dagbag.py:532} INFO - Filling up the DagBag from /usr/local/lib/python3.9/site-packages/airflow/example_dags/example_local_kubernetes_executor.py
[2024-10-03T20:43:59.256+0000] {logging_mixin.py:137} INFO - [2024-10-03T20:43:59.256+0000] {example_local_kubernetes_executor.py:39} WARNING - Could not import DAGs in example_local_kubernetes_executor.py
Traceback (most recent call last):
  File "/usr/local/lib/python3.9/site-packages/airflow/example_dags/example_local_kubernetes_executor.py", line 37, in <module>
    from kubernetes.client import models as k8s
ModuleNotFoundError: No module named 'kubernetes'
[2024-10-03T20:43:59.256+0000] {logging_mixin.py:137} INFO - [2024-10-03T20:43:59.256+0000] {example_local_kubernetes_executor.py:40} WARNING - Install Kubernetes dependencies with: pip install apache-airflow[cncf.kubernetes]
[2024-10-03T20:43:59.256+0000] {processor.py:755} WARNING - No viable dags retrieved from /usr/local/lib/python3.9/site-packages/airflow/example_dags/example_local_kubernetes_executor.py
[2024-10-03T20:43:59.262+0000] {processor.py:175} INFO - Processing /usr/local/lib/python3.9/site-packages/airflow/example_dags/example_local_kubernetes_executor.py took 0.016 seconds
[2024-10-03T20:44:30.049+0000] {processor.py:153} INFO - Started process (PID=5402) to work on /usr/local/lib/python3.9/site-packages/airflow/example_dags/example_local_kubernetes_executor.py
[2024-10-03T20:44:30.050+0000] {processor.py:743} INFO - Processing file /usr/local/lib/python3.9/site-packages/airflow/example_dags/example_local_kubernetes_executor.py for tasks to queue
[2024-10-03T20:44:30.050+0000] {logging_mixin.py:137} INFO - [2024-10-03T20:44:30.050+0000] {dagbag.py:532} INFO - Filling up the DagBag from /usr/local/lib/python3.9/site-packages/airflow/example_dags/example_local_kubernetes_executor.py
[2024-10-03T20:44:30.058+0000] {logging_mixin.py:137} INFO - [2024-10-03T20:44:30.057+0000] {example_local_kubernetes_executor.py:39} WARNING - Could not import DAGs in example_local_kubernetes_executor.py
Traceback (most recent call last):
  File "/usr/local/lib/python3.9/site-packages/airflow/example_dags/example_local_kubernetes_executor.py", line 37, in <module>
    from kubernetes.client import models as k8s
ModuleNotFoundError: No module named 'kubernetes'
[2024-10-03T20:44:30.059+0000] {logging_mixin.py:137} INFO - [2024-10-03T20:44:30.059+0000] {example_local_kubernetes_executor.py:40} WARNING - Install Kubernetes dependencies with: pip install apache-airflow[cncf.kubernetes]
[2024-10-03T20:44:30.060+0000] {processor.py:755} WARNING - No viable dags retrieved from /usr/local/lib/python3.9/site-packages/airflow/example_dags/example_local_kubernetes_executor.py
[2024-10-03T20:44:30.068+0000] {processor.py:175} INFO - Processing /usr/local/lib/python3.9/site-packages/airflow/example_dags/example_local_kubernetes_executor.py took 0.021 seconds
[2024-10-03T20:45:00.717+0000] {processor.py:153} INFO - Started process (PID=5613) to work on /usr/local/lib/python3.9/site-packages/airflow/example_dags/example_local_kubernetes_executor.py
[2024-10-03T20:45:00.717+0000] {processor.py:743} INFO - Processing file /usr/local/lib/python3.9/site-packages/airflow/example_dags/example_local_kubernetes_executor.py for tasks to queue
[2024-10-03T20:45:00.718+0000] {logging_mixin.py:137} INFO - [2024-10-03T20:45:00.718+0000] {dagbag.py:532} INFO - Filling up the DagBag from /usr/local/lib/python3.9/site-packages/airflow/example_dags/example_local_kubernetes_executor.py
[2024-10-03T20:45:00.725+0000] {logging_mixin.py:137} INFO - [2024-10-03T20:45:00.724+0000] {example_local_kubernetes_executor.py:39} WARNING - Could not import DAGs in example_local_kubernetes_executor.py
Traceback (most recent call last):
  File "/usr/local/lib/python3.9/site-packages/airflow/example_dags/example_local_kubernetes_executor.py", line 37, in <module>
    from kubernetes.client import models as k8s
ModuleNotFoundError: No module named 'kubernetes'
[2024-10-03T20:45:00.725+0000] {logging_mixin.py:137} INFO - [2024-10-03T20:45:00.725+0000] {example_local_kubernetes_executor.py:40} WARNING - Install Kubernetes dependencies with: pip install apache-airflow[cncf.kubernetes]
[2024-10-03T20:45:00.725+0000] {processor.py:755} WARNING - No viable dags retrieved from /usr/local/lib/python3.9/site-packages/airflow/example_dags/example_local_kubernetes_executor.py
[2024-10-03T20:45:00.731+0000] {processor.py:175} INFO - Processing /usr/local/lib/python3.9/site-packages/airflow/example_dags/example_local_kubernetes_executor.py took 0.016 seconds
[2024-10-03T20:45:31.257+0000] {processor.py:153} INFO - Started process (PID=5824) to work on /usr/local/lib/python3.9/site-packages/airflow/example_dags/example_local_kubernetes_executor.py
[2024-10-03T20:45:31.257+0000] {processor.py:743} INFO - Processing file /usr/local/lib/python3.9/site-packages/airflow/example_dags/example_local_kubernetes_executor.py for tasks to queue
[2024-10-03T20:45:31.258+0000] {logging_mixin.py:137} INFO - [2024-10-03T20:45:31.258+0000] {dagbag.py:532} INFO - Filling up the DagBag from /usr/local/lib/python3.9/site-packages/airflow/example_dags/example_local_kubernetes_executor.py
[2024-10-03T20:45:31.265+0000] {logging_mixin.py:137} INFO - [2024-10-03T20:45:31.265+0000] {example_local_kubernetes_executor.py:39} WARNING - Could not import DAGs in example_local_kubernetes_executor.py
Traceback (most recent call last):
  File "/usr/local/lib/python3.9/site-packages/airflow/example_dags/example_local_kubernetes_executor.py", line 37, in <module>
    from kubernetes.client import models as k8s
ModuleNotFoundError: No module named 'kubernetes'
[2024-10-03T20:45:31.265+0000] {logging_mixin.py:137} INFO - [2024-10-03T20:45:31.265+0000] {example_local_kubernetes_executor.py:40} WARNING - Install Kubernetes dependencies with: pip install apache-airflow[cncf.kubernetes]
[2024-10-03T20:45:31.266+0000] {processor.py:755} WARNING - No viable dags retrieved from /usr/local/lib/python3.9/site-packages/airflow/example_dags/example_local_kubernetes_executor.py
[2024-10-03T20:45:31.272+0000] {processor.py:175} INFO - Processing /usr/local/lib/python3.9/site-packages/airflow/example_dags/example_local_kubernetes_executor.py took 0.017 seconds
[2024-10-03T20:46:02.114+0000] {processor.py:153} INFO - Started process (PID=6035) to work on /usr/local/lib/python3.9/site-packages/airflow/example_dags/example_local_kubernetes_executor.py
[2024-10-03T20:46:02.115+0000] {processor.py:743} INFO - Processing file /usr/local/lib/python3.9/site-packages/airflow/example_dags/example_local_kubernetes_executor.py for tasks to queue
[2024-10-03T20:46:02.115+0000] {logging_mixin.py:137} INFO - [2024-10-03T20:46:02.115+0000] {dagbag.py:532} INFO - Filling up the DagBag from /usr/local/lib/python3.9/site-packages/airflow/example_dags/example_local_kubernetes_executor.py
[2024-10-03T20:46:02.123+0000] {logging_mixin.py:137} INFO - [2024-10-03T20:46:02.123+0000] {example_local_kubernetes_executor.py:39} WARNING - Could not import DAGs in example_local_kubernetes_executor.py
Traceback (most recent call last):
  File "/usr/local/lib/python3.9/site-packages/airflow/example_dags/example_local_kubernetes_executor.py", line 37, in <module>
    from kubernetes.client import models as k8s
ModuleNotFoundError: No module named 'kubernetes'
[2024-10-03T20:46:02.123+0000] {logging_mixin.py:137} INFO - [2024-10-03T20:46:02.123+0000] {example_local_kubernetes_executor.py:40} WARNING - Install Kubernetes dependencies with: pip install apache-airflow[cncf.kubernetes]
[2024-10-03T20:46:02.123+0000] {processor.py:755} WARNING - No viable dags retrieved from /usr/local/lib/python3.9/site-packages/airflow/example_dags/example_local_kubernetes_executor.py
[2024-10-03T20:46:02.133+0000] {processor.py:175} INFO - Processing /usr/local/lib/python3.9/site-packages/airflow/example_dags/example_local_kubernetes_executor.py took 0.021 seconds
[2024-10-03T20:46:32.775+0000] {processor.py:153} INFO - Started process (PID=6246) to work on /usr/local/lib/python3.9/site-packages/airflow/example_dags/example_local_kubernetes_executor.py
[2024-10-03T20:46:32.777+0000] {processor.py:743} INFO - Processing file /usr/local/lib/python3.9/site-packages/airflow/example_dags/example_local_kubernetes_executor.py for tasks to queue
[2024-10-03T20:46:32.778+0000] {logging_mixin.py:137} INFO - [2024-10-03T20:46:32.778+0000] {dagbag.py:532} INFO - Filling up the DagBag from /usr/local/lib/python3.9/site-packages/airflow/example_dags/example_local_kubernetes_executor.py
[2024-10-03T20:46:32.785+0000] {logging_mixin.py:137} INFO - [2024-10-03T20:46:32.785+0000] {example_local_kubernetes_executor.py:39} WARNING - Could not import DAGs in example_local_kubernetes_executor.py
Traceback (most recent call last):
  File "/usr/local/lib/python3.9/site-packages/airflow/example_dags/example_local_kubernetes_executor.py", line 37, in <module>
    from kubernetes.client import models as k8s
ModuleNotFoundError: No module named 'kubernetes'
[2024-10-03T20:46:32.785+0000] {logging_mixin.py:137} INFO - [2024-10-03T20:46:32.785+0000] {example_local_kubernetes_executor.py:40} WARNING - Install Kubernetes dependencies with: pip install apache-airflow[cncf.kubernetes]
[2024-10-03T20:46:32.786+0000] {processor.py:755} WARNING - No viable dags retrieved from /usr/local/lib/python3.9/site-packages/airflow/example_dags/example_local_kubernetes_executor.py
[2024-10-03T20:46:32.794+0000] {processor.py:175} INFO - Processing /usr/local/lib/python3.9/site-packages/airflow/example_dags/example_local_kubernetes_executor.py took 0.020 seconds
[2024-10-03T20:47:03.377+0000] {processor.py:153} INFO - Started process (PID=6457) to work on /usr/local/lib/python3.9/site-packages/airflow/example_dags/example_local_kubernetes_executor.py
[2024-10-03T20:47:03.379+0000] {processor.py:743} INFO - Processing file /usr/local/lib/python3.9/site-packages/airflow/example_dags/example_local_kubernetes_executor.py for tasks to queue
[2024-10-03T20:47:03.379+0000] {logging_mixin.py:137} INFO - [2024-10-03T20:47:03.379+0000] {dagbag.py:532} INFO - Filling up the DagBag from /usr/local/lib/python3.9/site-packages/airflow/example_dags/example_local_kubernetes_executor.py
[2024-10-03T20:47:03.386+0000] {logging_mixin.py:137} INFO - [2024-10-03T20:47:03.386+0000] {example_local_kubernetes_executor.py:39} WARNING - Could not import DAGs in example_local_kubernetes_executor.py
Traceback (most recent call last):
  File "/usr/local/lib/python3.9/site-packages/airflow/example_dags/example_local_kubernetes_executor.py", line 37, in <module>
    from kubernetes.client import models as k8s
ModuleNotFoundError: No module named 'kubernetes'
[2024-10-03T20:47:03.389+0000] {logging_mixin.py:137} INFO - [2024-10-03T20:47:03.389+0000] {example_local_kubernetes_executor.py:40} WARNING - Install Kubernetes dependencies with: pip install apache-airflow[cncf.kubernetes]
[2024-10-03T20:47:03.390+0000] {processor.py:755} WARNING - No viable dags retrieved from /usr/local/lib/python3.9/site-packages/airflow/example_dags/example_local_kubernetes_executor.py
[2024-10-03T20:47:03.396+0000] {processor.py:175} INFO - Processing /usr/local/lib/python3.9/site-packages/airflow/example_dags/example_local_kubernetes_executor.py took 0.020 seconds
[2024-10-03T20:47:33.973+0000] {processor.py:153} INFO - Started process (PID=6668) to work on /usr/local/lib/python3.9/site-packages/airflow/example_dags/example_local_kubernetes_executor.py
[2024-10-03T20:47:33.975+0000] {processor.py:743} INFO - Processing file /usr/local/lib/python3.9/site-packages/airflow/example_dags/example_local_kubernetes_executor.py for tasks to queue
[2024-10-03T20:47:33.976+0000] {logging_mixin.py:137} INFO - [2024-10-03T20:47:33.976+0000] {dagbag.py:532} INFO - Filling up the DagBag from /usr/local/lib/python3.9/site-packages/airflow/example_dags/example_local_kubernetes_executor.py
[2024-10-03T20:47:33.983+0000] {logging_mixin.py:137} INFO - [2024-10-03T20:47:33.982+0000] {example_local_kubernetes_executor.py:39} WARNING - Could not import DAGs in example_local_kubernetes_executor.py
Traceback (most recent call last):
  File "/usr/local/lib/python3.9/site-packages/airflow/example_dags/example_local_kubernetes_executor.py", line 37, in <module>
    from kubernetes.client import models as k8s
ModuleNotFoundError: No module named 'kubernetes'
[2024-10-03T20:47:33.983+0000] {logging_mixin.py:137} INFO - [2024-10-03T20:47:33.983+0000] {example_local_kubernetes_executor.py:40} WARNING - Install Kubernetes dependencies with: pip install apache-airflow[cncf.kubernetes]
[2024-10-03T20:47:33.983+0000] {processor.py:755} WARNING - No viable dags retrieved from /usr/local/lib/python3.9/site-packages/airflow/example_dags/example_local_kubernetes_executor.py
[2024-10-03T20:47:33.991+0000] {processor.py:175} INFO - Processing /usr/local/lib/python3.9/site-packages/airflow/example_dags/example_local_kubernetes_executor.py took 0.021 seconds
[2024-10-03T20:48:04.639+0000] {processor.py:153} INFO - Started process (PID=6879) to work on /usr/local/lib/python3.9/site-packages/airflow/example_dags/example_local_kubernetes_executor.py
[2024-10-03T20:48:04.640+0000] {processor.py:743} INFO - Processing file /usr/local/lib/python3.9/site-packages/airflow/example_dags/example_local_kubernetes_executor.py for tasks to queue
[2024-10-03T20:48:04.640+0000] {logging_mixin.py:137} INFO - [2024-10-03T20:48:04.640+0000] {dagbag.py:532} INFO - Filling up the DagBag from /usr/local/lib/python3.9/site-packages/airflow/example_dags/example_local_kubernetes_executor.py
[2024-10-03T20:48:04.647+0000] {logging_mixin.py:137} INFO - [2024-10-03T20:48:04.647+0000] {example_local_kubernetes_executor.py:39} WARNING - Could not import DAGs in example_local_kubernetes_executor.py
Traceback (most recent call last):
  File "/usr/local/lib/python3.9/site-packages/airflow/example_dags/example_local_kubernetes_executor.py", line 37, in <module>
    from kubernetes.client import models as k8s
ModuleNotFoundError: No module named 'kubernetes'
[2024-10-03T20:48:04.647+0000] {logging_mixin.py:137} INFO - [2024-10-03T20:48:04.647+0000] {example_local_kubernetes_executor.py:40} WARNING - Install Kubernetes dependencies with: pip install apache-airflow[cncf.kubernetes]
[2024-10-03T20:48:04.647+0000] {processor.py:755} WARNING - No viable dags retrieved from /usr/local/lib/python3.9/site-packages/airflow/example_dags/example_local_kubernetes_executor.py
[2024-10-03T20:48:04.653+0000] {processor.py:175} INFO - Processing /usr/local/lib/python3.9/site-packages/airflow/example_dags/example_local_kubernetes_executor.py took 0.016 seconds
[2024-10-03T20:48:35.323+0000] {processor.py:153} INFO - Started process (PID=7090) to work on /usr/local/lib/python3.9/site-packages/airflow/example_dags/example_local_kubernetes_executor.py
[2024-10-03T20:48:35.323+0000] {processor.py:743} INFO - Processing file /usr/local/lib/python3.9/site-packages/airflow/example_dags/example_local_kubernetes_executor.py for tasks to queue
[2024-10-03T20:48:35.324+0000] {logging_mixin.py:137} INFO - [2024-10-03T20:48:35.324+0000] {dagbag.py:532} INFO - Filling up the DagBag from /usr/local/lib/python3.9/site-packages/airflow/example_dags/example_local_kubernetes_executor.py
[2024-10-03T20:48:35.333+0000] {logging_mixin.py:137} INFO - [2024-10-03T20:48:35.333+0000] {example_local_kubernetes_executor.py:39} WARNING - Could not import DAGs in example_local_kubernetes_executor.py
Traceback (most recent call last):
  File "/usr/local/lib/python3.9/site-packages/airflow/example_dags/example_local_kubernetes_executor.py", line 37, in <module>
    from kubernetes.client import models as k8s
ModuleNotFoundError: No module named 'kubernetes'
[2024-10-03T20:48:35.333+0000] {logging_mixin.py:137} INFO - [2024-10-03T20:48:35.333+0000] {example_local_kubernetes_executor.py:40} WARNING - Install Kubernetes dependencies with: pip install apache-airflow[cncf.kubernetes]
[2024-10-03T20:48:35.333+0000] {processor.py:755} WARNING - No viable dags retrieved from /usr/local/lib/python3.9/site-packages/airflow/example_dags/example_local_kubernetes_executor.py
[2024-10-03T20:48:35.339+0000] {processor.py:175} INFO - Processing /usr/local/lib/python3.9/site-packages/airflow/example_dags/example_local_kubernetes_executor.py took 0.018 seconds
[2024-10-03T20:49:06.169+0000] {processor.py:153} INFO - Started process (PID=7301) to work on /usr/local/lib/python3.9/site-packages/airflow/example_dags/example_local_kubernetes_executor.py
[2024-10-03T20:49:06.172+0000] {processor.py:743} INFO - Processing file /usr/local/lib/python3.9/site-packages/airflow/example_dags/example_local_kubernetes_executor.py for tasks to queue
[2024-10-03T20:49:06.172+0000] {logging_mixin.py:137} INFO - [2024-10-03T20:49:06.172+0000] {dagbag.py:532} INFO - Filling up the DagBag from /usr/local/lib/python3.9/site-packages/airflow/example_dags/example_local_kubernetes_executor.py
[2024-10-03T20:49:06.180+0000] {logging_mixin.py:137} INFO - [2024-10-03T20:49:06.179+0000] {example_local_kubernetes_executor.py:39} WARNING - Could not import DAGs in example_local_kubernetes_executor.py
Traceback (most recent call last):
  File "/usr/local/lib/python3.9/site-packages/airflow/example_dags/example_local_kubernetes_executor.py", line 37, in <module>
    from kubernetes.client import models as k8s
ModuleNotFoundError: No module named 'kubernetes'
[2024-10-03T20:49:06.181+0000] {logging_mixin.py:137} INFO - [2024-10-03T20:49:06.181+0000] {example_local_kubernetes_executor.py:40} WARNING - Install Kubernetes dependencies with: pip install apache-airflow[cncf.kubernetes]
[2024-10-03T20:49:06.181+0000] {processor.py:755} WARNING - No viable dags retrieved from /usr/local/lib/python3.9/site-packages/airflow/example_dags/example_local_kubernetes_executor.py
[2024-10-03T20:49:06.189+0000] {processor.py:175} INFO - Processing /usr/local/lib/python3.9/site-packages/airflow/example_dags/example_local_kubernetes_executor.py took 0.022 seconds
[2024-10-03T20:49:36.940+0000] {processor.py:153} INFO - Started process (PID=7512) to work on /usr/local/lib/python3.9/site-packages/airflow/example_dags/example_local_kubernetes_executor.py
[2024-10-03T20:49:36.942+0000] {processor.py:743} INFO - Processing file /usr/local/lib/python3.9/site-packages/airflow/example_dags/example_local_kubernetes_executor.py for tasks to queue
[2024-10-03T20:49:36.942+0000] {logging_mixin.py:137} INFO - [2024-10-03T20:49:36.942+0000] {dagbag.py:532} INFO - Filling up the DagBag from /usr/local/lib/python3.9/site-packages/airflow/example_dags/example_local_kubernetes_executor.py
[2024-10-03T20:49:36.950+0000] {logging_mixin.py:137} INFO - [2024-10-03T20:49:36.950+0000] {example_local_kubernetes_executor.py:39} WARNING - Could not import DAGs in example_local_kubernetes_executor.py
Traceback (most recent call last):
  File "/usr/local/lib/python3.9/site-packages/airflow/example_dags/example_local_kubernetes_executor.py", line 37, in <module>
    from kubernetes.client import models as k8s
ModuleNotFoundError: No module named 'kubernetes'
[2024-10-03T20:49:36.950+0000] {logging_mixin.py:137} INFO - [2024-10-03T20:49:36.950+0000] {example_local_kubernetes_executor.py:40} WARNING - Install Kubernetes dependencies with: pip install apache-airflow[cncf.kubernetes]
[2024-10-03T20:49:36.951+0000] {processor.py:755} WARNING - No viable dags retrieved from /usr/local/lib/python3.9/site-packages/airflow/example_dags/example_local_kubernetes_executor.py
[2024-10-03T20:49:36.960+0000] {processor.py:175} INFO - Processing /usr/local/lib/python3.9/site-packages/airflow/example_dags/example_local_kubernetes_executor.py took 0.021 seconds
[2024-10-03T20:50:07.673+0000] {processor.py:153} INFO - Started process (PID=7723) to work on /usr/local/lib/python3.9/site-packages/airflow/example_dags/example_local_kubernetes_executor.py
[2024-10-03T20:50:07.674+0000] {processor.py:743} INFO - Processing file /usr/local/lib/python3.9/site-packages/airflow/example_dags/example_local_kubernetes_executor.py for tasks to queue
[2024-10-03T20:50:07.675+0000] {logging_mixin.py:137} INFO - [2024-10-03T20:50:07.675+0000] {dagbag.py:532} INFO - Filling up the DagBag from /usr/local/lib/python3.9/site-packages/airflow/example_dags/example_local_kubernetes_executor.py
[2024-10-03T20:50:07.683+0000] {logging_mixin.py:137} INFO - [2024-10-03T20:50:07.683+0000] {example_local_kubernetes_executor.py:39} WARNING - Could not import DAGs in example_local_kubernetes_executor.py
Traceback (most recent call last):
  File "/usr/local/lib/python3.9/site-packages/airflow/example_dags/example_local_kubernetes_executor.py", line 37, in <module>
    from kubernetes.client import models as k8s
ModuleNotFoundError: No module named 'kubernetes'
[2024-10-03T20:50:07.683+0000] {logging_mixin.py:137} INFO - [2024-10-03T20:50:07.683+0000] {example_local_kubernetes_executor.py:40} WARNING - Install Kubernetes dependencies with: pip install apache-airflow[cncf.kubernetes]
[2024-10-03T20:50:07.683+0000] {processor.py:755} WARNING - No viable dags retrieved from /usr/local/lib/python3.9/site-packages/airflow/example_dags/example_local_kubernetes_executor.py
[2024-10-03T20:50:07.689+0000] {processor.py:175} INFO - Processing /usr/local/lib/python3.9/site-packages/airflow/example_dags/example_local_kubernetes_executor.py took 0.017 seconds
[2024-10-03T20:50:38.477+0000] {processor.py:153} INFO - Started process (PID=7934) to work on /usr/local/lib/python3.9/site-packages/airflow/example_dags/example_local_kubernetes_executor.py
[2024-10-03T20:50:38.478+0000] {processor.py:743} INFO - Processing file /usr/local/lib/python3.9/site-packages/airflow/example_dags/example_local_kubernetes_executor.py for tasks to queue
[2024-10-03T20:50:38.478+0000] {logging_mixin.py:137} INFO - [2024-10-03T20:50:38.478+0000] {dagbag.py:532} INFO - Filling up the DagBag from /usr/local/lib/python3.9/site-packages/airflow/example_dags/example_local_kubernetes_executor.py
[2024-10-03T20:50:38.487+0000] {logging_mixin.py:137} INFO - [2024-10-03T20:50:38.486+0000] {example_local_kubernetes_executor.py:39} WARNING - Could not import DAGs in example_local_kubernetes_executor.py
Traceback (most recent call last):
  File "/usr/local/lib/python3.9/site-packages/airflow/example_dags/example_local_kubernetes_executor.py", line 37, in <module>
    from kubernetes.client import models as k8s
ModuleNotFoundError: No module named 'kubernetes'
[2024-10-03T20:50:38.487+0000] {logging_mixin.py:137} INFO - [2024-10-03T20:50:38.487+0000] {example_local_kubernetes_executor.py:40} WARNING - Install Kubernetes dependencies with: pip install apache-airflow[cncf.kubernetes]
[2024-10-03T20:50:38.487+0000] {processor.py:755} WARNING - No viable dags retrieved from /usr/local/lib/python3.9/site-packages/airflow/example_dags/example_local_kubernetes_executor.py
[2024-10-03T20:50:38.494+0000] {processor.py:175} INFO - Processing /usr/local/lib/python3.9/site-packages/airflow/example_dags/example_local_kubernetes_executor.py took 0.021 seconds
[2024-10-03T20:51:09.246+0000] {processor.py:153} INFO - Started process (PID=8145) to work on /usr/local/lib/python3.9/site-packages/airflow/example_dags/example_local_kubernetes_executor.py
[2024-10-03T20:51:09.248+0000] {processor.py:743} INFO - Processing file /usr/local/lib/python3.9/site-packages/airflow/example_dags/example_local_kubernetes_executor.py for tasks to queue
[2024-10-03T20:51:09.248+0000] {logging_mixin.py:137} INFO - [2024-10-03T20:51:09.248+0000] {dagbag.py:532} INFO - Filling up the DagBag from /usr/local/lib/python3.9/site-packages/airflow/example_dags/example_local_kubernetes_executor.py
[2024-10-03T20:51:09.254+0000] {logging_mixin.py:137} INFO - [2024-10-03T20:51:09.254+0000] {example_local_kubernetes_executor.py:39} WARNING - Could not import DAGs in example_local_kubernetes_executor.py
Traceback (most recent call last):
  File "/usr/local/lib/python3.9/site-packages/airflow/example_dags/example_local_kubernetes_executor.py", line 37, in <module>
    from kubernetes.client import models as k8s
ModuleNotFoundError: No module named 'kubernetes'
[2024-10-03T20:51:09.255+0000] {logging_mixin.py:137} INFO - [2024-10-03T20:51:09.255+0000] {example_local_kubernetes_executor.py:40} WARNING - Install Kubernetes dependencies with: pip install apache-airflow[cncf.kubernetes]
[2024-10-03T20:51:09.255+0000] {processor.py:755} WARNING - No viable dags retrieved from /usr/local/lib/python3.9/site-packages/airflow/example_dags/example_local_kubernetes_executor.py
[2024-10-03T20:51:09.261+0000] {processor.py:175} INFO - Processing /usr/local/lib/python3.9/site-packages/airflow/example_dags/example_local_kubernetes_executor.py took 0.017 seconds
[2024-10-03T20:51:40.176+0000] {processor.py:153} INFO - Started process (PID=8356) to work on /usr/local/lib/python3.9/site-packages/airflow/example_dags/example_local_kubernetes_executor.py
[2024-10-03T20:51:40.178+0000] {processor.py:743} INFO - Processing file /usr/local/lib/python3.9/site-packages/airflow/example_dags/example_local_kubernetes_executor.py for tasks to queue
[2024-10-03T20:51:40.179+0000] {logging_mixin.py:137} INFO - [2024-10-03T20:51:40.179+0000] {dagbag.py:532} INFO - Filling up the DagBag from /usr/local/lib/python3.9/site-packages/airflow/example_dags/example_local_kubernetes_executor.py
[2024-10-03T20:51:40.186+0000] {logging_mixin.py:137} INFO - [2024-10-03T20:51:40.186+0000] {example_local_kubernetes_executor.py:39} WARNING - Could not import DAGs in example_local_kubernetes_executor.py
Traceback (most recent call last):
  File "/usr/local/lib/python3.9/site-packages/airflow/example_dags/example_local_kubernetes_executor.py", line 37, in <module>
    from kubernetes.client import models as k8s
ModuleNotFoundError: No module named 'kubernetes'
[2024-10-03T20:51:40.186+0000] {logging_mixin.py:137} INFO - [2024-10-03T20:51:40.186+0000] {example_local_kubernetes_executor.py:40} WARNING - Install Kubernetes dependencies with: pip install apache-airflow[cncf.kubernetes]
[2024-10-03T20:51:40.186+0000] {processor.py:755} WARNING - No viable dags retrieved from /usr/local/lib/python3.9/site-packages/airflow/example_dags/example_local_kubernetes_executor.py
[2024-10-03T20:51:40.195+0000] {processor.py:175} INFO - Processing /usr/local/lib/python3.9/site-packages/airflow/example_dags/example_local_kubernetes_executor.py took 0.021 seconds
[2024-10-03T20:52:10.303+0000] {processor.py:153} INFO - Started process (PID=8567) to work on /usr/local/lib/python3.9/site-packages/airflow/example_dags/example_local_kubernetes_executor.py
[2024-10-03T20:52:10.304+0000] {processor.py:743} INFO - Processing file /usr/local/lib/python3.9/site-packages/airflow/example_dags/example_local_kubernetes_executor.py for tasks to queue
[2024-10-03T20:52:10.304+0000] {logging_mixin.py:137} INFO - [2024-10-03T20:52:10.304+0000] {dagbag.py:532} INFO - Filling up the DagBag from /usr/local/lib/python3.9/site-packages/airflow/example_dags/example_local_kubernetes_executor.py
[2024-10-03T20:52:10.312+0000] {logging_mixin.py:137} INFO - [2024-10-03T20:52:10.312+0000] {example_local_kubernetes_executor.py:39} WARNING - Could not import DAGs in example_local_kubernetes_executor.py
Traceback (most recent call last):
  File "/usr/local/lib/python3.9/site-packages/airflow/example_dags/example_local_kubernetes_executor.py", line 37, in <module>
    from kubernetes.client import models as k8s
ModuleNotFoundError: No module named 'kubernetes'
[2024-10-03T20:52:10.312+0000] {logging_mixin.py:137} INFO - [2024-10-03T20:52:10.312+0000] {example_local_kubernetes_executor.py:40} WARNING - Install Kubernetes dependencies with: pip install apache-airflow[cncf.kubernetes]
[2024-10-03T20:52:10.312+0000] {processor.py:755} WARNING - No viable dags retrieved from /usr/local/lib/python3.9/site-packages/airflow/example_dags/example_local_kubernetes_executor.py
[2024-10-03T20:52:10.323+0000] {processor.py:175} INFO - Processing /usr/local/lib/python3.9/site-packages/airflow/example_dags/example_local_kubernetes_executor.py took 0.022 seconds
[2024-10-03T20:52:41.298+0000] {processor.py:153} INFO - Started process (PID=8778) to work on /usr/local/lib/python3.9/site-packages/airflow/example_dags/example_local_kubernetes_executor.py
[2024-10-03T20:52:41.298+0000] {processor.py:743} INFO - Processing file /usr/local/lib/python3.9/site-packages/airflow/example_dags/example_local_kubernetes_executor.py for tasks to queue
[2024-10-03T20:52:41.299+0000] {logging_mixin.py:137} INFO - [2024-10-03T20:52:41.299+0000] {dagbag.py:532} INFO - Filling up the DagBag from /usr/local/lib/python3.9/site-packages/airflow/example_dags/example_local_kubernetes_executor.py
[2024-10-03T20:52:41.308+0000] {logging_mixin.py:137} INFO - [2024-10-03T20:52:41.308+0000] {example_local_kubernetes_executor.py:39} WARNING - Could not import DAGs in example_local_kubernetes_executor.py
Traceback (most recent call last):
  File "/usr/local/lib/python3.9/site-packages/airflow/example_dags/example_local_kubernetes_executor.py", line 37, in <module>
    from kubernetes.client import models as k8s
ModuleNotFoundError: No module named 'kubernetes'
[2024-10-03T20:52:41.308+0000] {logging_mixin.py:137} INFO - [2024-10-03T20:52:41.308+0000] {example_local_kubernetes_executor.py:40} WARNING - Install Kubernetes dependencies with: pip install apache-airflow[cncf.kubernetes]
[2024-10-03T20:52:41.310+0000] {processor.py:755} WARNING - No viable dags retrieved from /usr/local/lib/python3.9/site-packages/airflow/example_dags/example_local_kubernetes_executor.py
[2024-10-03T20:52:41.319+0000] {processor.py:175} INFO - Processing /usr/local/lib/python3.9/site-packages/airflow/example_dags/example_local_kubernetes_executor.py took 0.023 seconds
