[2024-10-03T20:32:01.365+0000] {processor.py:153} INFO - Started process (PID=265) to work on /usr/local/lib/python3.9/site-packages/airflow/example_dags/example_sensors.py
[2024-10-03T20:32:01.369+0000] {processor.py:743} INFO - Processing file /usr/local/lib/python3.9/site-packages/airflow/example_dags/example_sensors.py for tasks to queue
[2024-10-03T20:32:01.371+0000] {logging_mixin.py:137} INFO - [2024-10-03T20:32:01.371+0000] {dagbag.py:532} INFO - Filling up the DagBag from /usr/local/lib/python3.9/site-packages/airflow/example_dags/example_sensors.py
[2024-10-03T20:32:01.386+0000] {processor.py:753} INFO - DAG(s) dict_keys(['example_sensors']) retrieved from /usr/local/lib/python3.9/site-packages/airflow/example_dags/example_sensors.py
[2024-10-03T20:32:01.399+0000] {logging_mixin.py:137} INFO - [2024-10-03T20:32:01.399+0000] {dag.py:2705} INFO - Sync 1 DAGs
[2024-10-03T20:32:01.428+0000] {logging_mixin.py:137} INFO - [2024-10-03T20:32:01.427+0000] {dag.py:3452} INFO - Setting next_dagrun for example_sensors to None, run_after=None
[2024-10-03T20:32:01.444+0000] {processor.py:175} INFO - Processing /usr/local/lib/python3.9/site-packages/airflow/example_dags/example_sensors.py took 0.081 seconds
[2024-10-03T20:32:32.109+0000] {processor.py:153} INFO - Started process (PID=480) to work on /usr/local/lib/python3.9/site-packages/airflow/example_dags/example_sensors.py
[2024-10-03T20:32:32.110+0000] {processor.py:743} INFO - Processing file /usr/local/lib/python3.9/site-packages/airflow/example_dags/example_sensors.py for tasks to queue
[2024-10-03T20:32:32.110+0000] {logging_mixin.py:137} INFO - [2024-10-03T20:32:32.110+0000] {dagbag.py:532} INFO - Filling up the DagBag from /usr/local/lib/python3.9/site-packages/airflow/example_dags/example_sensors.py
[2024-10-03T20:32:32.124+0000] {processor.py:753} INFO - DAG(s) dict_keys(['example_sensors']) retrieved from /usr/local/lib/python3.9/site-packages/airflow/example_dags/example_sensors.py
[2024-10-03T20:32:32.147+0000] {logging_mixin.py:137} INFO - [2024-10-03T20:32:32.147+0000] {dag.py:2705} INFO - Sync 1 DAGs
[2024-10-03T20:32:32.161+0000] {logging_mixin.py:137} INFO - [2024-10-03T20:32:32.161+0000] {dag.py:3452} INFO - Setting next_dagrun for example_sensors to None, run_after=None
[2024-10-03T20:32:32.179+0000] {processor.py:175} INFO - Processing /usr/local/lib/python3.9/site-packages/airflow/example_dags/example_sensors.py took 0.071 seconds
[2024-10-03T20:33:07.975+0000] {processor.py:153} INFO - Started process (PID=691) to work on /usr/local/lib/python3.9/site-packages/airflow/example_dags/example_sensors.py
[2024-10-03T20:33:08.082+0000] {processor.py:743} INFO - Processing file /usr/local/lib/python3.9/site-packages/airflow/example_dags/example_sensors.py for tasks to queue
[2024-10-03T20:33:08.082+0000] {logging_mixin.py:137} INFO - [2024-10-03T20:33:08.082+0000] {dagbag.py:532} INFO - Filling up the DagBag from /usr/local/lib/python3.9/site-packages/airflow/example_dags/example_sensors.py
[2024-10-03T20:33:08.093+0000] {processor.py:753} INFO - DAG(s) dict_keys(['example_sensors']) retrieved from /usr/local/lib/python3.9/site-packages/airflow/example_dags/example_sensors.py
[2024-10-03T20:33:08.105+0000] {logging_mixin.py:137} INFO - [2024-10-03T20:33:08.105+0000] {dag.py:2705} INFO - Sync 1 DAGs
[2024-10-03T20:33:08.114+0000] {logging_mixin.py:137} INFO - [2024-10-03T20:33:08.114+0000] {dag.py:3452} INFO - Setting next_dagrun for example_sensors to None, run_after=None
[2024-10-03T20:33:09.459+0000] {processor.py:175} INFO - Processing /usr/local/lib/python3.9/site-packages/airflow/example_dags/example_sensors.py took 1.487 seconds
[2024-10-03T20:33:39.667+0000] {processor.py:153} INFO - Started process (PID=901) to work on /usr/local/lib/python3.9/site-packages/airflow/example_dags/example_sensors.py
[2024-10-03T20:33:39.671+0000] {processor.py:743} INFO - Processing file /usr/local/lib/python3.9/site-packages/airflow/example_dags/example_sensors.py for tasks to queue
[2024-10-03T20:33:39.674+0000] {logging_mixin.py:137} INFO - [2024-10-03T20:33:39.673+0000] {dagbag.py:532} INFO - Filling up the DagBag from /usr/local/lib/python3.9/site-packages/airflow/example_dags/example_sensors.py
[2024-10-03T20:33:39.751+0000] {processor.py:753} INFO - DAG(s) dict_keys(['example_sensors']) retrieved from /usr/local/lib/python3.9/site-packages/airflow/example_dags/example_sensors.py
[2024-10-03T20:33:39.840+0000] {logging_mixin.py:137} INFO - [2024-10-03T20:33:39.840+0000] {dag.py:2705} INFO - Sync 1 DAGs
[2024-10-03T20:33:39.863+0000] {logging_mixin.py:137} INFO - [2024-10-03T20:33:39.863+0000] {dag.py:3452} INFO - Setting next_dagrun for example_sensors to None, run_after=None
[2024-10-03T20:33:39.900+0000] {processor.py:175} INFO - Processing /usr/local/lib/python3.9/site-packages/airflow/example_dags/example_sensors.py took 0.249 seconds
[2024-10-03T20:34:10.196+0000] {processor.py:153} INFO - Started process (PID=1113) to work on /usr/local/lib/python3.9/site-packages/airflow/example_dags/example_sensors.py
[2024-10-03T20:34:10.198+0000] {processor.py:743} INFO - Processing file /usr/local/lib/python3.9/site-packages/airflow/example_dags/example_sensors.py for tasks to queue
[2024-10-03T20:34:10.199+0000] {logging_mixin.py:137} INFO - [2024-10-03T20:34:10.198+0000] {dagbag.py:532} INFO - Filling up the DagBag from /usr/local/lib/python3.9/site-packages/airflow/example_dags/example_sensors.py
[2024-10-03T20:34:10.215+0000] {processor.py:753} INFO - DAG(s) dict_keys(['example_sensors']) retrieved from /usr/local/lib/python3.9/site-packages/airflow/example_dags/example_sensors.py
[2024-10-03T20:34:10.241+0000] {logging_mixin.py:137} INFO - [2024-10-03T20:34:10.241+0000] {dag.py:2705} INFO - Sync 1 DAGs
[2024-10-03T20:34:10.262+0000] {logging_mixin.py:137} INFO - [2024-10-03T20:34:10.262+0000] {dag.py:3452} INFO - Setting next_dagrun for example_sensors to None, run_after=None
[2024-10-03T20:34:10.276+0000] {processor.py:175} INFO - Processing /usr/local/lib/python3.9/site-packages/airflow/example_dags/example_sensors.py took 0.083 seconds
[2024-10-03T20:34:40.503+0000] {processor.py:153} INFO - Started process (PID=1323) to work on /usr/local/lib/python3.9/site-packages/airflow/example_dags/example_sensors.py
[2024-10-03T20:34:40.510+0000] {processor.py:743} INFO - Processing file /usr/local/lib/python3.9/site-packages/airflow/example_dags/example_sensors.py for tasks to queue
[2024-10-03T20:34:40.511+0000] {logging_mixin.py:137} INFO - [2024-10-03T20:34:40.511+0000] {dagbag.py:532} INFO - Filling up the DagBag from /usr/local/lib/python3.9/site-packages/airflow/example_dags/example_sensors.py
[2024-10-03T20:34:40.542+0000] {processor.py:753} INFO - DAG(s) dict_keys(['example_sensors']) retrieved from /usr/local/lib/python3.9/site-packages/airflow/example_dags/example_sensors.py
[2024-10-03T20:34:40.598+0000] {logging_mixin.py:137} INFO - [2024-10-03T20:34:40.598+0000] {dag.py:2705} INFO - Sync 1 DAGs
[2024-10-03T20:34:40.824+0000] {logging_mixin.py:137} INFO - [2024-10-03T20:34:40.824+0000] {dag.py:3452} INFO - Setting next_dagrun for example_sensors to None, run_after=None
[2024-10-03T20:34:40.838+0000] {processor.py:175} INFO - Processing /usr/local/lib/python3.9/site-packages/airflow/example_dags/example_sensors.py took 0.340 seconds
[2024-10-03T20:35:12.331+0000] {processor.py:153} INFO - Started process (PID=1535) to work on /usr/local/lib/python3.9/site-packages/airflow/example_dags/example_sensors.py
[2024-10-03T20:35:12.337+0000] {processor.py:743} INFO - Processing file /usr/local/lib/python3.9/site-packages/airflow/example_dags/example_sensors.py for tasks to queue
[2024-10-03T20:35:12.337+0000] {logging_mixin.py:137} INFO - [2024-10-03T20:35:12.337+0000] {dagbag.py:532} INFO - Filling up the DagBag from /usr/local/lib/python3.9/site-packages/airflow/example_dags/example_sensors.py
[2024-10-03T20:35:12.366+0000] {processor.py:753} INFO - DAG(s) dict_keys(['example_sensors']) retrieved from /usr/local/lib/python3.9/site-packages/airflow/example_dags/example_sensors.py
[2024-10-03T20:35:12.397+0000] {logging_mixin.py:137} INFO - [2024-10-03T20:35:12.397+0000] {dag.py:2705} INFO - Sync 1 DAGs
[2024-10-03T20:35:12.408+0000] {logging_mixin.py:137} INFO - [2024-10-03T20:35:12.407+0000] {dag.py:3452} INFO - Setting next_dagrun for example_sensors to None, run_after=None
[2024-10-03T20:35:12.418+0000] {processor.py:175} INFO - Processing /usr/local/lib/python3.9/site-packages/airflow/example_dags/example_sensors.py took 0.090 seconds
[2024-10-03T20:35:42.943+0000] {processor.py:153} INFO - Started process (PID=1740) to work on /usr/local/lib/python3.9/site-packages/airflow/example_dags/example_sensors.py
[2024-10-03T20:35:42.944+0000] {processor.py:743} INFO - Processing file /usr/local/lib/python3.9/site-packages/airflow/example_dags/example_sensors.py for tasks to queue
[2024-10-03T20:35:42.944+0000] {logging_mixin.py:137} INFO - [2024-10-03T20:35:42.944+0000] {dagbag.py:532} INFO - Filling up the DagBag from /usr/local/lib/python3.9/site-packages/airflow/example_dags/example_sensors.py
[2024-10-03T20:35:42.955+0000] {processor.py:753} INFO - DAG(s) dict_keys(['example_sensors']) retrieved from /usr/local/lib/python3.9/site-packages/airflow/example_dags/example_sensors.py
[2024-10-03T20:35:42.978+0000] {logging_mixin.py:137} INFO - [2024-10-03T20:35:42.978+0000] {dag.py:2705} INFO - Sync 1 DAGs
[2024-10-03T20:35:42.996+0000] {logging_mixin.py:137} INFO - [2024-10-03T20:35:42.996+0000] {dag.py:3452} INFO - Setting next_dagrun for example_sensors to None, run_after=None
[2024-10-03T20:35:43.070+0000] {processor.py:175} INFO - Processing /usr/local/lib/python3.9/site-packages/airflow/example_dags/example_sensors.py took 0.129 seconds
[2024-10-03T20:36:14.825+0000] {processor.py:153} INFO - Started process (PID=1953) to work on /usr/local/lib/python3.9/site-packages/airflow/example_dags/example_sensors.py
[2024-10-03T20:36:14.828+0000] {processor.py:743} INFO - Processing file /usr/local/lib/python3.9/site-packages/airflow/example_dags/example_sensors.py for tasks to queue
[2024-10-03T20:36:14.829+0000] {logging_mixin.py:137} INFO - [2024-10-03T20:36:14.829+0000] {dagbag.py:532} INFO - Filling up the DagBag from /usr/local/lib/python3.9/site-packages/airflow/example_dags/example_sensors.py
[2024-10-03T20:36:14.840+0000] {processor.py:753} INFO - DAG(s) dict_keys(['example_sensors']) retrieved from /usr/local/lib/python3.9/site-packages/airflow/example_dags/example_sensors.py
[2024-10-03T20:36:14.853+0000] {logging_mixin.py:137} INFO - [2024-10-03T20:36:14.853+0000] {dag.py:2705} INFO - Sync 1 DAGs
[2024-10-03T20:36:14.965+0000] {logging_mixin.py:137} INFO - [2024-10-03T20:36:14.965+0000] {dag.py:3452} INFO - Setting next_dagrun for example_sensors to None, run_after=None
[2024-10-03T20:36:14.979+0000] {processor.py:175} INFO - Processing /usr/local/lib/python3.9/site-packages/airflow/example_dags/example_sensors.py took 0.156 seconds
[2024-10-03T20:36:45.021+0000] {processor.py:153} INFO - Started process (PID=2162) to work on /usr/local/lib/python3.9/site-packages/airflow/example_dags/example_sensors.py
[2024-10-03T20:36:45.022+0000] {processor.py:743} INFO - Processing file /usr/local/lib/python3.9/site-packages/airflow/example_dags/example_sensors.py for tasks to queue
[2024-10-03T20:36:45.022+0000] {logging_mixin.py:137} INFO - [2024-10-03T20:36:45.022+0000] {dagbag.py:532} INFO - Filling up the DagBag from /usr/local/lib/python3.9/site-packages/airflow/example_dags/example_sensors.py
[2024-10-03T20:36:45.030+0000] {processor.py:753} INFO - DAG(s) dict_keys(['example_sensors']) retrieved from /usr/local/lib/python3.9/site-packages/airflow/example_dags/example_sensors.py
[2024-10-03T20:36:45.117+0000] {logging_mixin.py:137} INFO - [2024-10-03T20:36:45.116+0000] {dag.py:2705} INFO - Sync 1 DAGs
[2024-10-03T20:36:45.127+0000] {logging_mixin.py:137} INFO - [2024-10-03T20:36:45.127+0000] {dag.py:3452} INFO - Setting next_dagrun for example_sensors to None, run_after=None
[2024-10-03T20:36:45.133+0000] {processor.py:175} INFO - Processing /usr/local/lib/python3.9/site-packages/airflow/example_dags/example_sensors.py took 0.114 seconds
[2024-10-03T20:37:15.879+0000] {processor.py:153} INFO - Started process (PID=2372) to work on /usr/local/lib/python3.9/site-packages/airflow/example_dags/example_sensors.py
[2024-10-03T20:37:15.883+0000] {processor.py:743} INFO - Processing file /usr/local/lib/python3.9/site-packages/airflow/example_dags/example_sensors.py for tasks to queue
[2024-10-03T20:37:15.884+0000] {logging_mixin.py:137} INFO - [2024-10-03T20:37:15.884+0000] {dagbag.py:532} INFO - Filling up the DagBag from /usr/local/lib/python3.9/site-packages/airflow/example_dags/example_sensors.py
[2024-10-03T20:37:15.943+0000] {processor.py:753} INFO - DAG(s) dict_keys(['example_sensors']) retrieved from /usr/local/lib/python3.9/site-packages/airflow/example_dags/example_sensors.py
[2024-10-03T20:37:15.952+0000] {logging_mixin.py:137} INFO - [2024-10-03T20:37:15.952+0000] {dag.py:2705} INFO - Sync 1 DAGs
[2024-10-03T20:37:15.960+0000] {logging_mixin.py:137} INFO - [2024-10-03T20:37:15.960+0000] {dag.py:3452} INFO - Setting next_dagrun for example_sensors to None, run_after=None
[2024-10-03T20:37:15.967+0000] {processor.py:175} INFO - Processing /usr/local/lib/python3.9/site-packages/airflow/example_dags/example_sensors.py took 0.089 seconds
[2024-10-03T20:37:46.521+0000] {processor.py:153} INFO - Started process (PID=2586) to work on /usr/local/lib/python3.9/site-packages/airflow/example_dags/example_sensors.py
[2024-10-03T20:37:46.522+0000] {processor.py:743} INFO - Processing file /usr/local/lib/python3.9/site-packages/airflow/example_dags/example_sensors.py for tasks to queue
[2024-10-03T20:37:46.522+0000] {logging_mixin.py:137} INFO - [2024-10-03T20:37:46.522+0000] {dagbag.py:532} INFO - Filling up the DagBag from /usr/local/lib/python3.9/site-packages/airflow/example_dags/example_sensors.py
[2024-10-03T20:37:46.534+0000] {processor.py:753} INFO - DAG(s) dict_keys(['example_sensors']) retrieved from /usr/local/lib/python3.9/site-packages/airflow/example_dags/example_sensors.py
[2024-10-03T20:37:46.548+0000] {logging_mixin.py:137} INFO - [2024-10-03T20:37:46.548+0000] {dag.py:2705} INFO - Sync 1 DAGs
[2024-10-03T20:37:46.560+0000] {logging_mixin.py:137} INFO - [2024-10-03T20:37:46.559+0000] {dag.py:3452} INFO - Setting next_dagrun for example_sensors to None, run_after=None
[2024-10-03T20:37:46.570+0000] {processor.py:175} INFO - Processing /usr/local/lib/python3.9/site-packages/airflow/example_dags/example_sensors.py took 0.051 seconds
[2024-10-03T20:38:16.712+0000] {processor.py:153} INFO - Started process (PID=2797) to work on /usr/local/lib/python3.9/site-packages/airflow/example_dags/example_sensors.py
[2024-10-03T20:38:16.713+0000] {processor.py:743} INFO - Processing file /usr/local/lib/python3.9/site-packages/airflow/example_dags/example_sensors.py for tasks to queue
[2024-10-03T20:38:16.713+0000] {logging_mixin.py:137} INFO - [2024-10-03T20:38:16.713+0000] {dagbag.py:532} INFO - Filling up the DagBag from /usr/local/lib/python3.9/site-packages/airflow/example_dags/example_sensors.py
[2024-10-03T20:38:16.721+0000] {processor.py:753} INFO - DAG(s) dict_keys(['example_sensors']) retrieved from /usr/local/lib/python3.9/site-packages/airflow/example_dags/example_sensors.py
[2024-10-03T20:38:16.732+0000] {logging_mixin.py:137} INFO - [2024-10-03T20:38:16.732+0000] {dag.py:2705} INFO - Sync 1 DAGs
[2024-10-03T20:38:16.740+0000] {logging_mixin.py:137} INFO - [2024-10-03T20:38:16.740+0000] {dag.py:3452} INFO - Setting next_dagrun for example_sensors to None, run_after=None
[2024-10-03T20:38:16.747+0000] {processor.py:175} INFO - Processing /usr/local/lib/python3.9/site-packages/airflow/example_dags/example_sensors.py took 0.037 seconds
[2024-10-03T20:38:47.482+0000] {processor.py:153} INFO - Started process (PID=3006) to work on /usr/local/lib/python3.9/site-packages/airflow/example_dags/example_sensors.py
[2024-10-03T20:38:47.483+0000] {processor.py:743} INFO - Processing file /usr/local/lib/python3.9/site-packages/airflow/example_dags/example_sensors.py for tasks to queue
[2024-10-03T20:38:47.483+0000] {logging_mixin.py:137} INFO - [2024-10-03T20:38:47.483+0000] {dagbag.py:532} INFO - Filling up the DagBag from /usr/local/lib/python3.9/site-packages/airflow/example_dags/example_sensors.py
[2024-10-03T20:38:47.492+0000] {processor.py:753} INFO - DAG(s) dict_keys(['example_sensors']) retrieved from /usr/local/lib/python3.9/site-packages/airflow/example_dags/example_sensors.py
[2024-10-03T20:38:47.511+0000] {logging_mixin.py:137} INFO - [2024-10-03T20:38:47.510+0000] {dag.py:2705} INFO - Sync 1 DAGs
[2024-10-03T20:38:47.520+0000] {logging_mixin.py:137} INFO - [2024-10-03T20:38:47.520+0000] {dag.py:3452} INFO - Setting next_dagrun for example_sensors to None, run_after=None
[2024-10-03T20:38:47.527+0000] {processor.py:175} INFO - Processing /usr/local/lib/python3.9/site-packages/airflow/example_dags/example_sensors.py took 0.047 seconds
[2024-10-03T20:39:18.314+0000] {processor.py:153} INFO - Started process (PID=3217) to work on /usr/local/lib/python3.9/site-packages/airflow/example_dags/example_sensors.py
[2024-10-03T20:39:18.314+0000] {processor.py:743} INFO - Processing file /usr/local/lib/python3.9/site-packages/airflow/example_dags/example_sensors.py for tasks to queue
[2024-10-03T20:39:18.316+0000] {logging_mixin.py:137} INFO - [2024-10-03T20:39:18.316+0000] {dagbag.py:532} INFO - Filling up the DagBag from /usr/local/lib/python3.9/site-packages/airflow/example_dags/example_sensors.py
[2024-10-03T20:39:18.326+0000] {processor.py:753} INFO - DAG(s) dict_keys(['example_sensors']) retrieved from /usr/local/lib/python3.9/site-packages/airflow/example_dags/example_sensors.py
[2024-10-03T20:39:18.341+0000] {logging_mixin.py:137} INFO - [2024-10-03T20:39:18.341+0000] {dag.py:2705} INFO - Sync 1 DAGs
[2024-10-03T20:39:18.351+0000] {logging_mixin.py:137} INFO - [2024-10-03T20:39:18.351+0000] {dag.py:3452} INFO - Setting next_dagrun for example_sensors to None, run_after=None
[2024-10-03T20:39:18.361+0000] {processor.py:175} INFO - Processing /usr/local/lib/python3.9/site-packages/airflow/example_dags/example_sensors.py took 0.048 seconds
[2024-10-03T20:39:49.094+0000] {processor.py:153} INFO - Started process (PID=3430) to work on /usr/local/lib/python3.9/site-packages/airflow/example_dags/example_sensors.py
[2024-10-03T20:39:49.095+0000] {processor.py:743} INFO - Processing file /usr/local/lib/python3.9/site-packages/airflow/example_dags/example_sensors.py for tasks to queue
[2024-10-03T20:39:49.096+0000] {logging_mixin.py:137} INFO - [2024-10-03T20:39:49.096+0000] {dagbag.py:532} INFO - Filling up the DagBag from /usr/local/lib/python3.9/site-packages/airflow/example_dags/example_sensors.py
[2024-10-03T20:39:49.103+0000] {processor.py:753} INFO - DAG(s) dict_keys(['example_sensors']) retrieved from /usr/local/lib/python3.9/site-packages/airflow/example_dags/example_sensors.py
[2024-10-03T20:39:49.118+0000] {logging_mixin.py:137} INFO - [2024-10-03T20:39:49.118+0000] {dag.py:2705} INFO - Sync 1 DAGs
[2024-10-03T20:39:49.128+0000] {logging_mixin.py:137} INFO - [2024-10-03T20:39:49.128+0000] {dag.py:3452} INFO - Setting next_dagrun for example_sensors to None, run_after=None
[2024-10-03T20:39:49.141+0000] {processor.py:175} INFO - Processing /usr/local/lib/python3.9/site-packages/airflow/example_dags/example_sensors.py took 0.048 seconds
[2024-10-03T20:40:20.024+0000] {processor.py:153} INFO - Started process (PID=3641) to work on /usr/local/lib/python3.9/site-packages/airflow/example_dags/example_sensors.py
[2024-10-03T20:40:20.024+0000] {processor.py:743} INFO - Processing file /usr/local/lib/python3.9/site-packages/airflow/example_dags/example_sensors.py for tasks to queue
[2024-10-03T20:40:20.025+0000] {logging_mixin.py:137} INFO - [2024-10-03T20:40:20.025+0000] {dagbag.py:532} INFO - Filling up the DagBag from /usr/local/lib/python3.9/site-packages/airflow/example_dags/example_sensors.py
[2024-10-03T20:40:20.035+0000] {processor.py:753} INFO - DAG(s) dict_keys(['example_sensors']) retrieved from /usr/local/lib/python3.9/site-packages/airflow/example_dags/example_sensors.py
[2024-10-03T20:40:20.049+0000] {logging_mixin.py:137} INFO - [2024-10-03T20:40:20.048+0000] {dag.py:2705} INFO - Sync 1 DAGs
[2024-10-03T20:40:20.059+0000] {logging_mixin.py:137} INFO - [2024-10-03T20:40:20.059+0000] {dag.py:3452} INFO - Setting next_dagrun for example_sensors to None, run_after=None
[2024-10-03T20:40:20.072+0000] {processor.py:175} INFO - Processing /usr/local/lib/python3.9/site-packages/airflow/example_dags/example_sensors.py took 0.050 seconds
[2024-10-03T20:40:50.863+0000] {processor.py:153} INFO - Started process (PID=3852) to work on /usr/local/lib/python3.9/site-packages/airflow/example_dags/example_sensors.py
[2024-10-03T20:40:50.864+0000] {processor.py:743} INFO - Processing file /usr/local/lib/python3.9/site-packages/airflow/example_dags/example_sensors.py for tasks to queue
[2024-10-03T20:40:50.864+0000] {logging_mixin.py:137} INFO - [2024-10-03T20:40:50.864+0000] {dagbag.py:532} INFO - Filling up the DagBag from /usr/local/lib/python3.9/site-packages/airflow/example_dags/example_sensors.py
[2024-10-03T20:40:50.872+0000] {processor.py:753} INFO - DAG(s) dict_keys(['example_sensors']) retrieved from /usr/local/lib/python3.9/site-packages/airflow/example_dags/example_sensors.py
[2024-10-03T20:40:50.883+0000] {logging_mixin.py:137} INFO - [2024-10-03T20:40:50.882+0000] {dag.py:2705} INFO - Sync 1 DAGs
[2024-10-03T20:40:50.890+0000] {logging_mixin.py:137} INFO - [2024-10-03T20:40:50.890+0000] {dag.py:3452} INFO - Setting next_dagrun for example_sensors to None, run_after=None
[2024-10-03T20:40:50.898+0000] {processor.py:175} INFO - Processing /usr/local/lib/python3.9/site-packages/airflow/example_dags/example_sensors.py took 0.036 seconds
[2024-10-03T20:41:21.549+0000] {processor.py:153} INFO - Started process (PID=4063) to work on /usr/local/lib/python3.9/site-packages/airflow/example_dags/example_sensors.py
[2024-10-03T20:41:21.549+0000] {processor.py:743} INFO - Processing file /usr/local/lib/python3.9/site-packages/airflow/example_dags/example_sensors.py for tasks to queue
[2024-10-03T20:41:21.549+0000] {logging_mixin.py:137} INFO - [2024-10-03T20:41:21.549+0000] {dagbag.py:532} INFO - Filling up the DagBag from /usr/local/lib/python3.9/site-packages/airflow/example_dags/example_sensors.py
[2024-10-03T20:41:21.557+0000] {processor.py:753} INFO - DAG(s) dict_keys(['example_sensors']) retrieved from /usr/local/lib/python3.9/site-packages/airflow/example_dags/example_sensors.py
[2024-10-03T20:41:21.567+0000] {logging_mixin.py:137} INFO - [2024-10-03T20:41:21.567+0000] {dag.py:2705} INFO - Sync 1 DAGs
[2024-10-03T20:41:21.575+0000] {logging_mixin.py:137} INFO - [2024-10-03T20:41:21.575+0000] {dag.py:3452} INFO - Setting next_dagrun for example_sensors to None, run_after=None
[2024-10-03T20:41:21.582+0000] {processor.py:175} INFO - Processing /usr/local/lib/python3.9/site-packages/airflow/example_dags/example_sensors.py took 0.034 seconds
[2024-10-03T20:41:52.206+0000] {processor.py:153} INFO - Started process (PID=4274) to work on /usr/local/lib/python3.9/site-packages/airflow/example_dags/example_sensors.py
[2024-10-03T20:41:52.206+0000] {processor.py:743} INFO - Processing file /usr/local/lib/python3.9/site-packages/airflow/example_dags/example_sensors.py for tasks to queue
[2024-10-03T20:41:52.207+0000] {logging_mixin.py:137} INFO - [2024-10-03T20:41:52.207+0000] {dagbag.py:532} INFO - Filling up the DagBag from /usr/local/lib/python3.9/site-packages/airflow/example_dags/example_sensors.py
[2024-10-03T20:41:52.214+0000] {processor.py:753} INFO - DAG(s) dict_keys(['example_sensors']) retrieved from /usr/local/lib/python3.9/site-packages/airflow/example_dags/example_sensors.py
[2024-10-03T20:41:52.225+0000] {logging_mixin.py:137} INFO - [2024-10-03T20:41:52.225+0000] {dag.py:2705} INFO - Sync 1 DAGs
[2024-10-03T20:41:52.232+0000] {logging_mixin.py:137} INFO - [2024-10-03T20:41:52.232+0000] {dag.py:3452} INFO - Setting next_dagrun for example_sensors to None, run_after=None
[2024-10-03T20:41:52.238+0000] {processor.py:175} INFO - Processing /usr/local/lib/python3.9/site-packages/airflow/example_dags/example_sensors.py took 0.034 seconds
[2024-10-03T20:42:22.901+0000] {processor.py:153} INFO - Started process (PID=4485) to work on /usr/local/lib/python3.9/site-packages/airflow/example_dags/example_sensors.py
[2024-10-03T20:42:22.901+0000] {processor.py:743} INFO - Processing file /usr/local/lib/python3.9/site-packages/airflow/example_dags/example_sensors.py for tasks to queue
[2024-10-03T20:42:22.902+0000] {logging_mixin.py:137} INFO - [2024-10-03T20:42:22.902+0000] {dagbag.py:532} INFO - Filling up the DagBag from /usr/local/lib/python3.9/site-packages/airflow/example_dags/example_sensors.py
[2024-10-03T20:42:22.910+0000] {processor.py:753} INFO - DAG(s) dict_keys(['example_sensors']) retrieved from /usr/local/lib/python3.9/site-packages/airflow/example_dags/example_sensors.py
[2024-10-03T20:42:22.921+0000] {logging_mixin.py:137} INFO - [2024-10-03T20:42:22.920+0000] {dag.py:2705} INFO - Sync 1 DAGs
[2024-10-03T20:42:22.928+0000] {logging_mixin.py:137} INFO - [2024-10-03T20:42:22.928+0000] {dag.py:3452} INFO - Setting next_dagrun for example_sensors to None, run_after=None
[2024-10-03T20:42:22.935+0000] {processor.py:175} INFO - Processing /usr/local/lib/python3.9/site-packages/airflow/example_dags/example_sensors.py took 0.036 seconds
[2024-10-03T20:42:53.525+0000] {processor.py:153} INFO - Started process (PID=4694) to work on /usr/local/lib/python3.9/site-packages/airflow/example_dags/example_sensors.py
[2024-10-03T20:42:53.527+0000] {processor.py:743} INFO - Processing file /usr/local/lib/python3.9/site-packages/airflow/example_dags/example_sensors.py for tasks to queue
[2024-10-03T20:42:53.528+0000] {logging_mixin.py:137} INFO - [2024-10-03T20:42:53.528+0000] {dagbag.py:532} INFO - Filling up the DagBag from /usr/local/lib/python3.9/site-packages/airflow/example_dags/example_sensors.py
[2024-10-03T20:42:53.537+0000] {processor.py:753} INFO - DAG(s) dict_keys(['example_sensors']) retrieved from /usr/local/lib/python3.9/site-packages/airflow/example_dags/example_sensors.py
[2024-10-03T20:42:53.554+0000] {logging_mixin.py:137} INFO - [2024-10-03T20:42:53.554+0000] {dag.py:2705} INFO - Sync 1 DAGs
[2024-10-03T20:42:53.566+0000] {logging_mixin.py:137} INFO - [2024-10-03T20:42:53.565+0000] {dag.py:3452} INFO - Setting next_dagrun for example_sensors to None, run_after=None
[2024-10-03T20:42:53.575+0000] {processor.py:175} INFO - Processing /usr/local/lib/python3.9/site-packages/airflow/example_dags/example_sensors.py took 0.052 seconds
[2024-10-03T20:43:24.175+0000] {processor.py:153} INFO - Started process (PID=4907) to work on /usr/local/lib/python3.9/site-packages/airflow/example_dags/example_sensors.py
[2024-10-03T20:43:24.176+0000] {processor.py:743} INFO - Processing file /usr/local/lib/python3.9/site-packages/airflow/example_dags/example_sensors.py for tasks to queue
[2024-10-03T20:43:24.176+0000] {logging_mixin.py:137} INFO - [2024-10-03T20:43:24.176+0000] {dagbag.py:532} INFO - Filling up the DagBag from /usr/local/lib/python3.9/site-packages/airflow/example_dags/example_sensors.py
[2024-10-03T20:43:24.184+0000] {processor.py:753} INFO - DAG(s) dict_keys(['example_sensors']) retrieved from /usr/local/lib/python3.9/site-packages/airflow/example_dags/example_sensors.py
[2024-10-03T20:43:24.196+0000] {logging_mixin.py:137} INFO - [2024-10-03T20:43:24.196+0000] {dag.py:2705} INFO - Sync 1 DAGs
[2024-10-03T20:43:24.204+0000] {logging_mixin.py:137} INFO - [2024-10-03T20:43:24.204+0000] {dag.py:3452} INFO - Setting next_dagrun for example_sensors to None, run_after=None
[2024-10-03T20:43:24.212+0000] {processor.py:175} INFO - Processing /usr/local/lib/python3.9/site-packages/airflow/example_dags/example_sensors.py took 0.038 seconds
[2024-10-03T20:43:54.728+0000] {processor.py:153} INFO - Started process (PID=5116) to work on /usr/local/lib/python3.9/site-packages/airflow/example_dags/example_sensors.py
[2024-10-03T20:43:54.729+0000] {processor.py:743} INFO - Processing file /usr/local/lib/python3.9/site-packages/airflow/example_dags/example_sensors.py for tasks to queue
[2024-10-03T20:43:54.730+0000] {logging_mixin.py:137} INFO - [2024-10-03T20:43:54.730+0000] {dagbag.py:532} INFO - Filling up the DagBag from /usr/local/lib/python3.9/site-packages/airflow/example_dags/example_sensors.py
[2024-10-03T20:43:54.738+0000] {processor.py:753} INFO - DAG(s) dict_keys(['example_sensors']) retrieved from /usr/local/lib/python3.9/site-packages/airflow/example_dags/example_sensors.py
[2024-10-03T20:43:54.752+0000] {logging_mixin.py:137} INFO - [2024-10-03T20:43:54.752+0000] {dag.py:2705} INFO - Sync 1 DAGs
[2024-10-03T20:43:54.761+0000] {logging_mixin.py:137} INFO - [2024-10-03T20:43:54.761+0000] {dag.py:3452} INFO - Setting next_dagrun for example_sensors to None, run_after=None
[2024-10-03T20:43:54.770+0000] {processor.py:175} INFO - Processing /usr/local/lib/python3.9/site-packages/airflow/example_dags/example_sensors.py took 0.043 seconds
[2024-10-03T20:44:25.455+0000] {processor.py:153} INFO - Started process (PID=5327) to work on /usr/local/lib/python3.9/site-packages/airflow/example_dags/example_sensors.py
[2024-10-03T20:44:25.457+0000] {processor.py:743} INFO - Processing file /usr/local/lib/python3.9/site-packages/airflow/example_dags/example_sensors.py for tasks to queue
[2024-10-03T20:44:25.457+0000] {logging_mixin.py:137} INFO - [2024-10-03T20:44:25.457+0000] {dagbag.py:532} INFO - Filling up the DagBag from /usr/local/lib/python3.9/site-packages/airflow/example_dags/example_sensors.py
[2024-10-03T20:44:25.465+0000] {processor.py:753} INFO - DAG(s) dict_keys(['example_sensors']) retrieved from /usr/local/lib/python3.9/site-packages/airflow/example_dags/example_sensors.py
[2024-10-03T20:44:25.477+0000] {logging_mixin.py:137} INFO - [2024-10-03T20:44:25.476+0000] {dag.py:2705} INFO - Sync 1 DAGs
[2024-10-03T20:44:25.487+0000] {logging_mixin.py:137} INFO - [2024-10-03T20:44:25.487+0000] {dag.py:3452} INFO - Setting next_dagrun for example_sensors to None, run_after=None
[2024-10-03T20:44:25.496+0000] {processor.py:175} INFO - Processing /usr/local/lib/python3.9/site-packages/airflow/example_dags/example_sensors.py took 0.042 seconds
[2024-10-03T20:44:56.143+0000] {processor.py:153} INFO - Started process (PID=5538) to work on /usr/local/lib/python3.9/site-packages/airflow/example_dags/example_sensors.py
[2024-10-03T20:44:56.145+0000] {processor.py:743} INFO - Processing file /usr/local/lib/python3.9/site-packages/airflow/example_dags/example_sensors.py for tasks to queue
[2024-10-03T20:44:56.145+0000] {logging_mixin.py:137} INFO - [2024-10-03T20:44:56.145+0000] {dagbag.py:532} INFO - Filling up the DagBag from /usr/local/lib/python3.9/site-packages/airflow/example_dags/example_sensors.py
[2024-10-03T20:44:56.153+0000] {processor.py:753} INFO - DAG(s) dict_keys(['example_sensors']) retrieved from /usr/local/lib/python3.9/site-packages/airflow/example_dags/example_sensors.py
[2024-10-03T20:44:56.166+0000] {logging_mixin.py:137} INFO - [2024-10-03T20:44:56.166+0000] {dag.py:2705} INFO - Sync 1 DAGs
[2024-10-03T20:44:56.177+0000] {logging_mixin.py:137} INFO - [2024-10-03T20:44:56.177+0000] {dag.py:3452} INFO - Setting next_dagrun for example_sensors to None, run_after=None
[2024-10-03T20:44:56.183+0000] {processor.py:175} INFO - Processing /usr/local/lib/python3.9/site-packages/airflow/example_dags/example_sensors.py took 0.041 seconds
[2024-10-03T20:45:26.774+0000] {processor.py:153} INFO - Started process (PID=5749) to work on /usr/local/lib/python3.9/site-packages/airflow/example_dags/example_sensors.py
[2024-10-03T20:45:26.775+0000] {processor.py:743} INFO - Processing file /usr/local/lib/python3.9/site-packages/airflow/example_dags/example_sensors.py for tasks to queue
[2024-10-03T20:45:26.775+0000] {logging_mixin.py:137} INFO - [2024-10-03T20:45:26.775+0000] {dagbag.py:532} INFO - Filling up the DagBag from /usr/local/lib/python3.9/site-packages/airflow/example_dags/example_sensors.py
[2024-10-03T20:45:26.786+0000] {processor.py:753} INFO - DAG(s) dict_keys(['example_sensors']) retrieved from /usr/local/lib/python3.9/site-packages/airflow/example_dags/example_sensors.py
[2024-10-03T20:45:26.798+0000] {logging_mixin.py:137} INFO - [2024-10-03T20:45:26.798+0000] {dag.py:2705} INFO - Sync 1 DAGs
[2024-10-03T20:45:26.807+0000] {logging_mixin.py:137} INFO - [2024-10-03T20:45:26.807+0000] {dag.py:3452} INFO - Setting next_dagrun for example_sensors to None, run_after=None
[2024-10-03T20:45:26.817+0000] {processor.py:175} INFO - Processing /usr/local/lib/python3.9/site-packages/airflow/example_dags/example_sensors.py took 0.044 seconds
[2024-10-03T20:45:57.554+0000] {processor.py:153} INFO - Started process (PID=5962) to work on /usr/local/lib/python3.9/site-packages/airflow/example_dags/example_sensors.py
[2024-10-03T20:45:57.554+0000] {processor.py:743} INFO - Processing file /usr/local/lib/python3.9/site-packages/airflow/example_dags/example_sensors.py for tasks to queue
[2024-10-03T20:45:57.554+0000] {logging_mixin.py:137} INFO - [2024-10-03T20:45:57.554+0000] {dagbag.py:532} INFO - Filling up the DagBag from /usr/local/lib/python3.9/site-packages/airflow/example_dags/example_sensors.py
[2024-10-03T20:45:57.563+0000] {processor.py:753} INFO - DAG(s) dict_keys(['example_sensors']) retrieved from /usr/local/lib/python3.9/site-packages/airflow/example_dags/example_sensors.py
[2024-10-03T20:45:57.584+0000] {logging_mixin.py:137} INFO - [2024-10-03T20:45:57.584+0000] {dag.py:2705} INFO - Sync 1 DAGs
[2024-10-03T20:45:57.592+0000] {logging_mixin.py:137} INFO - [2024-10-03T20:45:57.592+0000] {dag.py:3452} INFO - Setting next_dagrun for example_sensors to None, run_after=None
[2024-10-03T20:45:57.603+0000] {processor.py:175} INFO - Processing /usr/local/lib/python3.9/site-packages/airflow/example_dags/example_sensors.py took 0.051 seconds
[2024-10-03T20:46:28.288+0000] {processor.py:153} INFO - Started process (PID=6173) to work on /usr/local/lib/python3.9/site-packages/airflow/example_dags/example_sensors.py
[2024-10-03T20:46:28.289+0000] {processor.py:743} INFO - Processing file /usr/local/lib/python3.9/site-packages/airflow/example_dags/example_sensors.py for tasks to queue
[2024-10-03T20:46:28.290+0000] {logging_mixin.py:137} INFO - [2024-10-03T20:46:28.290+0000] {dagbag.py:532} INFO - Filling up the DagBag from /usr/local/lib/python3.9/site-packages/airflow/example_dags/example_sensors.py
[2024-10-03T20:46:28.298+0000] {processor.py:753} INFO - DAG(s) dict_keys(['example_sensors']) retrieved from /usr/local/lib/python3.9/site-packages/airflow/example_dags/example_sensors.py
[2024-10-03T20:46:28.314+0000] {logging_mixin.py:137} INFO - [2024-10-03T20:46:28.313+0000] {dag.py:2705} INFO - Sync 1 DAGs
[2024-10-03T20:46:28.324+0000] {logging_mixin.py:137} INFO - [2024-10-03T20:46:28.324+0000] {dag.py:3452} INFO - Setting next_dagrun for example_sensors to None, run_after=None
[2024-10-03T20:46:28.335+0000] {processor.py:175} INFO - Processing /usr/local/lib/python3.9/site-packages/airflow/example_dags/example_sensors.py took 0.048 seconds
[2024-10-03T20:46:58.919+0000] {processor.py:153} INFO - Started process (PID=6384) to work on /usr/local/lib/python3.9/site-packages/airflow/example_dags/example_sensors.py
[2024-10-03T20:46:58.920+0000] {processor.py:743} INFO - Processing file /usr/local/lib/python3.9/site-packages/airflow/example_dags/example_sensors.py for tasks to queue
[2024-10-03T20:46:58.920+0000] {logging_mixin.py:137} INFO - [2024-10-03T20:46:58.920+0000] {dagbag.py:532} INFO - Filling up the DagBag from /usr/local/lib/python3.9/site-packages/airflow/example_dags/example_sensors.py
[2024-10-03T20:46:58.929+0000] {processor.py:753} INFO - DAG(s) dict_keys(['example_sensors']) retrieved from /usr/local/lib/python3.9/site-packages/airflow/example_dags/example_sensors.py
[2024-10-03T20:46:58.943+0000] {logging_mixin.py:137} INFO - [2024-10-03T20:46:58.943+0000] {dag.py:2705} INFO - Sync 1 DAGs
[2024-10-03T20:46:58.952+0000] {logging_mixin.py:137} INFO - [2024-10-03T20:46:58.952+0000] {dag.py:3452} INFO - Setting next_dagrun for example_sensors to None, run_after=None
[2024-10-03T20:46:58.964+0000] {processor.py:175} INFO - Processing /usr/local/lib/python3.9/site-packages/airflow/example_dags/example_sensors.py took 0.046 seconds
[2024-10-03T20:47:29.403+0000] {processor.py:153} INFO - Started process (PID=6595) to work on /usr/local/lib/python3.9/site-packages/airflow/example_dags/example_sensors.py
[2024-10-03T20:47:29.403+0000] {processor.py:743} INFO - Processing file /usr/local/lib/python3.9/site-packages/airflow/example_dags/example_sensors.py for tasks to queue
[2024-10-03T20:47:29.403+0000] {logging_mixin.py:137} INFO - [2024-10-03T20:47:29.403+0000] {dagbag.py:532} INFO - Filling up the DagBag from /usr/local/lib/python3.9/site-packages/airflow/example_dags/example_sensors.py
[2024-10-03T20:47:29.411+0000] {processor.py:753} INFO - DAG(s) dict_keys(['example_sensors']) retrieved from /usr/local/lib/python3.9/site-packages/airflow/example_dags/example_sensors.py
[2024-10-03T20:47:29.421+0000] {logging_mixin.py:137} INFO - [2024-10-03T20:47:29.421+0000] {dag.py:2705} INFO - Sync 1 DAGs
[2024-10-03T20:47:29.429+0000] {logging_mixin.py:137} INFO - [2024-10-03T20:47:29.429+0000] {dag.py:3452} INFO - Setting next_dagrun for example_sensors to None, run_after=None
[2024-10-03T20:47:29.435+0000] {processor.py:175} INFO - Processing /usr/local/lib/python3.9/site-packages/airflow/example_dags/example_sensors.py took 0.034 seconds
[2024-10-03T20:48:00.100+0000] {processor.py:153} INFO - Started process (PID=6804) to work on /usr/local/lib/python3.9/site-packages/airflow/example_dags/example_sensors.py
[2024-10-03T20:48:00.101+0000] {processor.py:743} INFO - Processing file /usr/local/lib/python3.9/site-packages/airflow/example_dags/example_sensors.py for tasks to queue
[2024-10-03T20:48:00.102+0000] {logging_mixin.py:137} INFO - [2024-10-03T20:48:00.101+0000] {dagbag.py:532} INFO - Filling up the DagBag from /usr/local/lib/python3.9/site-packages/airflow/example_dags/example_sensors.py
[2024-10-03T20:48:00.111+0000] {processor.py:753} INFO - DAG(s) dict_keys(['example_sensors']) retrieved from /usr/local/lib/python3.9/site-packages/airflow/example_dags/example_sensors.py
[2024-10-03T20:48:00.123+0000] {logging_mixin.py:137} INFO - [2024-10-03T20:48:00.123+0000] {dag.py:2705} INFO - Sync 1 DAGs
[2024-10-03T20:48:00.132+0000] {logging_mixin.py:137} INFO - [2024-10-03T20:48:00.132+0000] {dag.py:3452} INFO - Setting next_dagrun for example_sensors to None, run_after=None
[2024-10-03T20:48:00.140+0000] {processor.py:175} INFO - Processing /usr/local/lib/python3.9/site-packages/airflow/example_dags/example_sensors.py took 0.041 seconds
[2024-10-03T20:48:30.755+0000] {processor.py:153} INFO - Started process (PID=7017) to work on /usr/local/lib/python3.9/site-packages/airflow/example_dags/example_sensors.py
[2024-10-03T20:48:30.756+0000] {processor.py:743} INFO - Processing file /usr/local/lib/python3.9/site-packages/airflow/example_dags/example_sensors.py for tasks to queue
[2024-10-03T20:48:30.756+0000] {logging_mixin.py:137} INFO - [2024-10-03T20:48:30.756+0000] {dagbag.py:532} INFO - Filling up the DagBag from /usr/local/lib/python3.9/site-packages/airflow/example_dags/example_sensors.py
[2024-10-03T20:48:30.765+0000] {processor.py:753} INFO - DAG(s) dict_keys(['example_sensors']) retrieved from /usr/local/lib/python3.9/site-packages/airflow/example_dags/example_sensors.py
[2024-10-03T20:48:30.776+0000] {logging_mixin.py:137} INFO - [2024-10-03T20:48:30.776+0000] {dag.py:2705} INFO - Sync 1 DAGs
[2024-10-03T20:48:30.785+0000] {logging_mixin.py:137} INFO - [2024-10-03T20:48:30.785+0000] {dag.py:3452} INFO - Setting next_dagrun for example_sensors to None, run_after=None
[2024-10-03T20:48:30.793+0000] {processor.py:175} INFO - Processing /usr/local/lib/python3.9/site-packages/airflow/example_dags/example_sensors.py took 0.040 seconds
[2024-10-03T20:49:01.590+0000] {processor.py:153} INFO - Started process (PID=7228) to work on /usr/local/lib/python3.9/site-packages/airflow/example_dags/example_sensors.py
[2024-10-03T20:49:01.590+0000] {processor.py:743} INFO - Processing file /usr/local/lib/python3.9/site-packages/airflow/example_dags/example_sensors.py for tasks to queue
[2024-10-03T20:49:01.591+0000] {logging_mixin.py:137} INFO - [2024-10-03T20:49:01.591+0000] {dagbag.py:532} INFO - Filling up the DagBag from /usr/local/lib/python3.9/site-packages/airflow/example_dags/example_sensors.py
[2024-10-03T20:49:01.603+0000] {processor.py:753} INFO - DAG(s) dict_keys(['example_sensors']) retrieved from /usr/local/lib/python3.9/site-packages/airflow/example_dags/example_sensors.py
[2024-10-03T20:49:01.622+0000] {logging_mixin.py:137} INFO - [2024-10-03T20:49:01.622+0000] {dag.py:2705} INFO - Sync 1 DAGs
[2024-10-03T20:49:01.633+0000] {logging_mixin.py:137} INFO - [2024-10-03T20:49:01.633+0000] {dag.py:3452} INFO - Setting next_dagrun for example_sensors to None, run_after=None
[2024-10-03T20:49:01.644+0000] {processor.py:175} INFO - Processing /usr/local/lib/python3.9/site-packages/airflow/example_dags/example_sensors.py took 0.056 seconds
[2024-10-03T20:49:32.413+0000] {processor.py:153} INFO - Started process (PID=7439) to work on /usr/local/lib/python3.9/site-packages/airflow/example_dags/example_sensors.py
[2024-10-03T20:49:32.414+0000] {processor.py:743} INFO - Processing file /usr/local/lib/python3.9/site-packages/airflow/example_dags/example_sensors.py for tasks to queue
[2024-10-03T20:49:32.414+0000] {logging_mixin.py:137} INFO - [2024-10-03T20:49:32.414+0000] {dagbag.py:532} INFO - Filling up the DagBag from /usr/local/lib/python3.9/site-packages/airflow/example_dags/example_sensors.py
[2024-10-03T20:49:32.423+0000] {processor.py:753} INFO - DAG(s) dict_keys(['example_sensors']) retrieved from /usr/local/lib/python3.9/site-packages/airflow/example_dags/example_sensors.py
[2024-10-03T20:49:32.433+0000] {logging_mixin.py:137} INFO - [2024-10-03T20:49:32.433+0000] {dag.py:2705} INFO - Sync 1 DAGs
[2024-10-03T20:49:32.443+0000] {logging_mixin.py:137} INFO - [2024-10-03T20:49:32.443+0000] {dag.py:3452} INFO - Setting next_dagrun for example_sensors to None, run_after=None
[2024-10-03T20:49:32.452+0000] {processor.py:175} INFO - Processing /usr/local/lib/python3.9/site-packages/airflow/example_dags/example_sensors.py took 0.041 seconds
[2024-10-03T20:50:03.063+0000] {processor.py:153} INFO - Started process (PID=7648) to work on /usr/local/lib/python3.9/site-packages/airflow/example_dags/example_sensors.py
[2024-10-03T20:50:03.064+0000] {processor.py:743} INFO - Processing file /usr/local/lib/python3.9/site-packages/airflow/example_dags/example_sensors.py for tasks to queue
[2024-10-03T20:50:03.064+0000] {logging_mixin.py:137} INFO - [2024-10-03T20:50:03.064+0000] {dagbag.py:532} INFO - Filling up the DagBag from /usr/local/lib/python3.9/site-packages/airflow/example_dags/example_sensors.py
[2024-10-03T20:50:03.075+0000] {processor.py:753} INFO - DAG(s) dict_keys(['example_sensors']) retrieved from /usr/local/lib/python3.9/site-packages/airflow/example_dags/example_sensors.py
[2024-10-03T20:50:03.089+0000] {logging_mixin.py:137} INFO - [2024-10-03T20:50:03.089+0000] {dag.py:2705} INFO - Sync 1 DAGs
[2024-10-03T20:50:03.100+0000] {logging_mixin.py:137} INFO - [2024-10-03T20:50:03.098+0000] {dag.py:3452} INFO - Setting next_dagrun for example_sensors to None, run_after=None
[2024-10-03T20:50:03.108+0000] {processor.py:175} INFO - Processing /usr/local/lib/python3.9/site-packages/airflow/example_dags/example_sensors.py took 0.046 seconds
[2024-10-03T20:50:33.877+0000] {processor.py:153} INFO - Started process (PID=7861) to work on /usr/local/lib/python3.9/site-packages/airflow/example_dags/example_sensors.py
[2024-10-03T20:50:33.878+0000] {processor.py:743} INFO - Processing file /usr/local/lib/python3.9/site-packages/airflow/example_dags/example_sensors.py for tasks to queue
[2024-10-03T20:50:33.879+0000] {logging_mixin.py:137} INFO - [2024-10-03T20:50:33.879+0000] {dagbag.py:532} INFO - Filling up the DagBag from /usr/local/lib/python3.9/site-packages/airflow/example_dags/example_sensors.py
[2024-10-03T20:50:33.888+0000] {processor.py:753} INFO - DAG(s) dict_keys(['example_sensors']) retrieved from /usr/local/lib/python3.9/site-packages/airflow/example_dags/example_sensors.py
[2024-10-03T20:50:33.904+0000] {logging_mixin.py:137} INFO - [2024-10-03T20:50:33.904+0000] {dag.py:2705} INFO - Sync 1 DAGs
[2024-10-03T20:50:33.913+0000] {logging_mixin.py:137} INFO - [2024-10-03T20:50:33.913+0000] {dag.py:3452} INFO - Setting next_dagrun for example_sensors to None, run_after=None
[2024-10-03T20:50:33.923+0000] {processor.py:175} INFO - Processing /usr/local/lib/python3.9/site-packages/airflow/example_dags/example_sensors.py took 0.047 seconds
[2024-10-03T20:51:04.673+0000] {processor.py:153} INFO - Started process (PID=8072) to work on /usr/local/lib/python3.9/site-packages/airflow/example_dags/example_sensors.py
[2024-10-03T20:51:04.674+0000] {processor.py:743} INFO - Processing file /usr/local/lib/python3.9/site-packages/airflow/example_dags/example_sensors.py for tasks to queue
[2024-10-03T20:51:04.674+0000] {logging_mixin.py:137} INFO - [2024-10-03T20:51:04.674+0000] {dagbag.py:532} INFO - Filling up the DagBag from /usr/local/lib/python3.9/site-packages/airflow/example_dags/example_sensors.py
[2024-10-03T20:51:04.682+0000] {processor.py:753} INFO - DAG(s) dict_keys(['example_sensors']) retrieved from /usr/local/lib/python3.9/site-packages/airflow/example_dags/example_sensors.py
[2024-10-03T20:51:04.692+0000] {logging_mixin.py:137} INFO - [2024-10-03T20:51:04.692+0000] {dag.py:2705} INFO - Sync 1 DAGs
[2024-10-03T20:51:04.700+0000] {logging_mixin.py:137} INFO - [2024-10-03T20:51:04.700+0000] {dag.py:3452} INFO - Setting next_dagrun for example_sensors to None, run_after=None
[2024-10-03T20:51:04.706+0000] {processor.py:175} INFO - Processing /usr/local/lib/python3.9/site-packages/airflow/example_dags/example_sensors.py took 0.034 seconds
[2024-10-03T20:51:35.407+0000] {processor.py:153} INFO - Started process (PID=8281) to work on /usr/local/lib/python3.9/site-packages/airflow/example_dags/example_sensors.py
[2024-10-03T20:51:35.411+0000] {processor.py:743} INFO - Processing file /usr/local/lib/python3.9/site-packages/airflow/example_dags/example_sensors.py for tasks to queue
[2024-10-03T20:51:35.412+0000] {logging_mixin.py:137} INFO - [2024-10-03T20:51:35.412+0000] {dagbag.py:532} INFO - Filling up the DagBag from /usr/local/lib/python3.9/site-packages/airflow/example_dags/example_sensors.py
[2024-10-03T20:51:35.422+0000] {processor.py:753} INFO - DAG(s) dict_keys(['example_sensors']) retrieved from /usr/local/lib/python3.9/site-packages/airflow/example_dags/example_sensors.py
[2024-10-03T20:51:35.439+0000] {logging_mixin.py:137} INFO - [2024-10-03T20:51:35.439+0000] {dag.py:2705} INFO - Sync 1 DAGs
[2024-10-03T20:51:35.453+0000] {logging_mixin.py:137} INFO - [2024-10-03T20:51:35.453+0000] {dag.py:3452} INFO - Setting next_dagrun for example_sensors to None, run_after=None
[2024-10-03T20:51:35.462+0000] {processor.py:175} INFO - Processing /usr/local/lib/python3.9/site-packages/airflow/example_dags/example_sensors.py took 0.056 seconds
[2024-10-03T20:52:05.640+0000] {processor.py:153} INFO - Started process (PID=8492) to work on /usr/local/lib/python3.9/site-packages/airflow/example_dags/example_sensors.py
[2024-10-03T20:52:05.642+0000] {processor.py:743} INFO - Processing file /usr/local/lib/python3.9/site-packages/airflow/example_dags/example_sensors.py for tasks to queue
[2024-10-03T20:52:05.642+0000] {logging_mixin.py:137} INFO - [2024-10-03T20:52:05.642+0000] {dagbag.py:532} INFO - Filling up the DagBag from /usr/local/lib/python3.9/site-packages/airflow/example_dags/example_sensors.py
[2024-10-03T20:52:05.652+0000] {processor.py:753} INFO - DAG(s) dict_keys(['example_sensors']) retrieved from /usr/local/lib/python3.9/site-packages/airflow/example_dags/example_sensors.py
[2024-10-03T20:52:05.668+0000] {logging_mixin.py:137} INFO - [2024-10-03T20:52:05.668+0000] {dag.py:2705} INFO - Sync 1 DAGs
[2024-10-03T20:52:05.679+0000] {logging_mixin.py:137} INFO - [2024-10-03T20:52:05.679+0000] {dag.py:3452} INFO - Setting next_dagrun for example_sensors to None, run_after=None
[2024-10-03T20:52:05.688+0000] {processor.py:175} INFO - Processing /usr/local/lib/python3.9/site-packages/airflow/example_dags/example_sensors.py took 0.050 seconds
[2024-10-03T20:52:36.656+0000] {processor.py:153} INFO - Started process (PID=8703) to work on /usr/local/lib/python3.9/site-packages/airflow/example_dags/example_sensors.py
[2024-10-03T20:52:36.657+0000] {processor.py:743} INFO - Processing file /usr/local/lib/python3.9/site-packages/airflow/example_dags/example_sensors.py for tasks to queue
[2024-10-03T20:52:36.658+0000] {logging_mixin.py:137} INFO - [2024-10-03T20:52:36.658+0000] {dagbag.py:532} INFO - Filling up the DagBag from /usr/local/lib/python3.9/site-packages/airflow/example_dags/example_sensors.py
[2024-10-03T20:52:36.667+0000] {processor.py:753} INFO - DAG(s) dict_keys(['example_sensors']) retrieved from /usr/local/lib/python3.9/site-packages/airflow/example_dags/example_sensors.py
[2024-10-03T20:52:36.680+0000] {logging_mixin.py:137} INFO - [2024-10-03T20:52:36.680+0000] {dag.py:2705} INFO - Sync 1 DAGs
[2024-10-03T20:52:36.690+0000] {logging_mixin.py:137} INFO - [2024-10-03T20:52:36.690+0000] {dag.py:3452} INFO - Setting next_dagrun for example_sensors to None, run_after=None
[2024-10-03T20:52:36.698+0000] {processor.py:175} INFO - Processing /usr/local/lib/python3.9/site-packages/airflow/example_dags/example_sensors.py took 0.043 seconds
