[2024-10-03T20:32:01.234+0000] {processor.py:153} INFO - Started process (PID=250) to work on /usr/local/lib/python3.9/site-packages/airflow/example_dags/example_short_circuit_decorator.py
[2024-10-03T20:32:01.235+0000] {processor.py:743} INFO - Processing file /usr/local/lib/python3.9/site-packages/airflow/example_dags/example_short_circuit_decorator.py for tasks to queue
[2024-10-03T20:32:01.237+0000] {logging_mixin.py:137} INFO - [2024-10-03T20:32:01.237+0000] {dagbag.py:532} INFO - Filling up the DagBag from /usr/local/lib/python3.9/site-packages/airflow/example_dags/example_short_circuit_decorator.py
[2024-10-03T20:32:01.257+0000] {processor.py:753} INFO - DAG(s) dict_keys(['example_short_circuit_decorator']) retrieved from /usr/local/lib/python3.9/site-packages/airflow/example_dags/example_short_circuit_decorator.py
[2024-10-03T20:32:01.266+0000] {logging_mixin.py:137} INFO - [2024-10-03T20:32:01.266+0000] {dag.py:2705} INFO - Sync 1 DAGs
[2024-10-03T20:32:01.286+0000] {logging_mixin.py:137} INFO - [2024-10-03T20:32:01.286+0000] {dag.py:3452} INFO - Setting next_dagrun for example_short_circuit_decorator to 2024-10-02T20:32:01.286543+00:00, run_after=2024-10-03T20:32:01.286543+00:00
[2024-10-03T20:32:01.315+0000] {processor.py:175} INFO - Processing /usr/local/lib/python3.9/site-packages/airflow/example_dags/example_short_circuit_decorator.py took 0.084 seconds
[2024-10-03T20:32:32.008+0000] {processor.py:153} INFO - Started process (PID=465) to work on /usr/local/lib/python3.9/site-packages/airflow/example_dags/example_short_circuit_decorator.py
[2024-10-03T20:32:32.011+0000] {processor.py:743} INFO - Processing file /usr/local/lib/python3.9/site-packages/airflow/example_dags/example_short_circuit_decorator.py for tasks to queue
[2024-10-03T20:32:32.012+0000] {logging_mixin.py:137} INFO - [2024-10-03T20:32:32.012+0000] {dagbag.py:532} INFO - Filling up the DagBag from /usr/local/lib/python3.9/site-packages/airflow/example_dags/example_short_circuit_decorator.py
[2024-10-03T20:32:32.025+0000] {processor.py:753} INFO - DAG(s) dict_keys(['example_short_circuit_decorator']) retrieved from /usr/local/lib/python3.9/site-packages/airflow/example_dags/example_short_circuit_decorator.py
[2024-10-03T20:32:32.055+0000] {logging_mixin.py:137} INFO - [2024-10-03T20:32:32.055+0000] {dag.py:2705} INFO - Sync 1 DAGs
[2024-10-03T20:32:32.069+0000] {logging_mixin.py:137} INFO - [2024-10-03T20:32:32.069+0000] {dag.py:3452} INFO - Setting next_dagrun for example_short_circuit_decorator to 2024-10-02T20:32:32.068981+00:00, run_after=2024-10-03T20:32:32.068981+00:00
[2024-10-03T20:32:32.086+0000] {processor.py:175} INFO - Processing /usr/local/lib/python3.9/site-packages/airflow/example_dags/example_short_circuit_decorator.py took 0.079 seconds
[2024-10-03T20:33:05.859+0000] {processor.py:153} INFO - Started process (PID=678) to work on /usr/local/lib/python3.9/site-packages/airflow/example_dags/example_short_circuit_decorator.py
[2024-10-03T20:33:05.908+0000] {processor.py:743} INFO - Processing file /usr/local/lib/python3.9/site-packages/airflow/example_dags/example_short_circuit_decorator.py for tasks to queue
[2024-10-03T20:33:05.908+0000] {logging_mixin.py:137} INFO - [2024-10-03T20:33:05.908+0000] {dagbag.py:532} INFO - Filling up the DagBag from /usr/local/lib/python3.9/site-packages/airflow/example_dags/example_short_circuit_decorator.py
[2024-10-03T20:33:05.930+0000] {processor.py:753} INFO - DAG(s) dict_keys(['example_short_circuit_decorator']) retrieved from /usr/local/lib/python3.9/site-packages/airflow/example_dags/example_short_circuit_decorator.py
[2024-10-03T20:33:05.947+0000] {logging_mixin.py:137} INFO - [2024-10-03T20:33:05.947+0000] {dag.py:2705} INFO - Sync 1 DAGs
[2024-10-03T20:33:05.959+0000] {logging_mixin.py:137} INFO - [2024-10-03T20:33:05.959+0000] {dag.py:3452} INFO - Setting next_dagrun for example_short_circuit_decorator to 2024-10-02T20:33:05.959042+00:00, run_after=2024-10-03T20:33:05.959042+00:00
[2024-10-03T20:33:07.261+0000] {processor.py:175} INFO - Processing /usr/local/lib/python3.9/site-packages/airflow/example_dags/example_short_circuit_decorator.py took 1.404 seconds
[2024-10-03T20:33:37.446+0000] {processor.py:153} INFO - Started process (PID=889) to work on /usr/local/lib/python3.9/site-packages/airflow/example_dags/example_short_circuit_decorator.py
[2024-10-03T20:33:37.455+0000] {processor.py:743} INFO - Processing file /usr/local/lib/python3.9/site-packages/airflow/example_dags/example_short_circuit_decorator.py for tasks to queue
[2024-10-03T20:33:37.457+0000] {logging_mixin.py:137} INFO - [2024-10-03T20:33:37.457+0000] {dagbag.py:532} INFO - Filling up the DagBag from /usr/local/lib/python3.9/site-packages/airflow/example_dags/example_short_circuit_decorator.py
[2024-10-03T20:33:37.481+0000] {processor.py:753} INFO - DAG(s) dict_keys(['example_short_circuit_decorator']) retrieved from /usr/local/lib/python3.9/site-packages/airflow/example_dags/example_short_circuit_decorator.py
[2024-10-03T20:33:37.553+0000] {logging_mixin.py:137} INFO - [2024-10-03T20:33:37.553+0000] {dag.py:2705} INFO - Sync 1 DAGs
[2024-10-03T20:33:37.573+0000] {logging_mixin.py:137} INFO - [2024-10-03T20:33:37.573+0000] {dag.py:3452} INFO - Setting next_dagrun for example_short_circuit_decorator to 2024-10-02T20:33:37.573211+00:00, run_after=2024-10-03T20:33:37.573211+00:00
[2024-10-03T20:33:37.586+0000] {processor.py:175} INFO - Processing /usr/local/lib/python3.9/site-packages/airflow/example_dags/example_short_circuit_decorator.py took 0.148 seconds
[2024-10-03T20:34:08.048+0000] {processor.py:153} INFO - Started process (PID=1100) to work on /usr/local/lib/python3.9/site-packages/airflow/example_dags/example_short_circuit_decorator.py
[2024-10-03T20:34:08.050+0000] {processor.py:743} INFO - Processing file /usr/local/lib/python3.9/site-packages/airflow/example_dags/example_short_circuit_decorator.py for tasks to queue
[2024-10-03T20:34:08.051+0000] {logging_mixin.py:137} INFO - [2024-10-03T20:34:08.050+0000] {dagbag.py:532} INFO - Filling up the DagBag from /usr/local/lib/python3.9/site-packages/airflow/example_dags/example_short_circuit_decorator.py
[2024-10-03T20:34:08.072+0000] {processor.py:753} INFO - DAG(s) dict_keys(['example_short_circuit_decorator']) retrieved from /usr/local/lib/python3.9/site-packages/airflow/example_dags/example_short_circuit_decorator.py
[2024-10-03T20:34:08.111+0000] {logging_mixin.py:137} INFO - [2024-10-03T20:34:08.111+0000] {dag.py:2705} INFO - Sync 1 DAGs
[2024-10-03T20:34:08.130+0000] {logging_mixin.py:137} INFO - [2024-10-03T20:34:08.130+0000] {dag.py:3452} INFO - Setting next_dagrun for example_short_circuit_decorator to 2024-10-02T20:34:08.129815+00:00, run_after=2024-10-03T20:34:08.129815+00:00
[2024-10-03T20:34:08.146+0000] {processor.py:175} INFO - Processing /usr/local/lib/python3.9/site-packages/airflow/example_dags/example_short_circuit_decorator.py took 0.103 seconds
[2024-10-03T20:34:38.803+0000] {processor.py:153} INFO - Started process (PID=1309) to work on /usr/local/lib/python3.9/site-packages/airflow/example_dags/example_short_circuit_decorator.py
[2024-10-03T20:34:38.817+0000] {processor.py:743} INFO - Processing file /usr/local/lib/python3.9/site-packages/airflow/example_dags/example_short_circuit_decorator.py for tasks to queue
[2024-10-03T20:34:38.821+0000] {logging_mixin.py:137} INFO - [2024-10-03T20:34:38.821+0000] {dagbag.py:532} INFO - Filling up the DagBag from /usr/local/lib/python3.9/site-packages/airflow/example_dags/example_short_circuit_decorator.py
[2024-10-03T20:34:39.010+0000] {processor.py:753} INFO - DAG(s) dict_keys(['example_short_circuit_decorator']) retrieved from /usr/local/lib/python3.9/site-packages/airflow/example_dags/example_short_circuit_decorator.py
[2024-10-03T20:34:39.081+0000] {logging_mixin.py:137} INFO - [2024-10-03T20:34:39.081+0000] {dag.py:2705} INFO - Sync 1 DAGs
[2024-10-03T20:34:39.280+0000] {logging_mixin.py:137} INFO - [2024-10-03T20:34:39.279+0000] {dag.py:3452} INFO - Setting next_dagrun for example_short_circuit_decorator to 2024-10-02T20:34:39.276732+00:00, run_after=2024-10-03T20:34:39.276732+00:00
[2024-10-03T20:34:39.347+0000] {processor.py:175} INFO - Processing /usr/local/lib/python3.9/site-packages/airflow/example_dags/example_short_circuit_decorator.py took 0.612 seconds
[2024-10-03T20:35:12.024+0000] {processor.py:153} INFO - Started process (PID=1520) to work on /usr/local/lib/python3.9/site-packages/airflow/example_dags/example_short_circuit_decorator.py
[2024-10-03T20:35:12.027+0000] {processor.py:743} INFO - Processing file /usr/local/lib/python3.9/site-packages/airflow/example_dags/example_short_circuit_decorator.py for tasks to queue
[2024-10-03T20:35:12.034+0000] {logging_mixin.py:137} INFO - [2024-10-03T20:35:12.034+0000] {dagbag.py:532} INFO - Filling up the DagBag from /usr/local/lib/python3.9/site-packages/airflow/example_dags/example_short_circuit_decorator.py
[2024-10-03T20:35:12.062+0000] {processor.py:753} INFO - DAG(s) dict_keys(['example_short_circuit_decorator']) retrieved from /usr/local/lib/python3.9/site-packages/airflow/example_dags/example_short_circuit_decorator.py
[2024-10-03T20:35:12.118+0000] {logging_mixin.py:137} INFO - [2024-10-03T20:35:12.118+0000] {dag.py:2705} INFO - Sync 1 DAGs
[2024-10-03T20:35:12.134+0000] {logging_mixin.py:137} INFO - [2024-10-03T20:35:12.134+0000] {dag.py:3452} INFO - Setting next_dagrun for example_short_circuit_decorator to 2024-10-02T20:35:12.134244+00:00, run_after=2024-10-03T20:35:12.134244+00:00
[2024-10-03T20:35:12.153+0000] {processor.py:175} INFO - Processing /usr/local/lib/python3.9/site-packages/airflow/example_dags/example_short_circuit_decorator.py took 0.132 seconds
[2024-10-03T20:35:42.711+0000] {processor.py:153} INFO - Started process (PID=1725) to work on /usr/local/lib/python3.9/site-packages/airflow/example_dags/example_short_circuit_decorator.py
[2024-10-03T20:35:42.711+0000] {processor.py:743} INFO - Processing file /usr/local/lib/python3.9/site-packages/airflow/example_dags/example_short_circuit_decorator.py for tasks to queue
[2024-10-03T20:35:42.712+0000] {logging_mixin.py:137} INFO - [2024-10-03T20:35:42.712+0000] {dagbag.py:532} INFO - Filling up the DagBag from /usr/local/lib/python3.9/site-packages/airflow/example_dags/example_short_circuit_decorator.py
[2024-10-03T20:35:42.723+0000] {processor.py:753} INFO - DAG(s) dict_keys(['example_short_circuit_decorator']) retrieved from /usr/local/lib/python3.9/site-packages/airflow/example_dags/example_short_circuit_decorator.py
[2024-10-03T20:35:42.734+0000] {logging_mixin.py:137} INFO - [2024-10-03T20:35:42.734+0000] {dag.py:2705} INFO - Sync 1 DAGs
[2024-10-03T20:35:42.744+0000] {logging_mixin.py:137} INFO - [2024-10-03T20:35:42.744+0000] {dag.py:3452} INFO - Setting next_dagrun for example_short_circuit_decorator to 2024-10-02T20:35:42.744422+00:00, run_after=2024-10-03T20:35:42.744422+00:00
[2024-10-03T20:35:42.813+0000] {processor.py:175} INFO - Processing /usr/local/lib/python3.9/site-packages/airflow/example_dags/example_short_circuit_decorator.py took 0.104 seconds
[2024-10-03T20:36:14.348+0000] {processor.py:153} INFO - Started process (PID=1936) to work on /usr/local/lib/python3.9/site-packages/airflow/example_dags/example_short_circuit_decorator.py
[2024-10-03T20:36:14.351+0000] {processor.py:743} INFO - Processing file /usr/local/lib/python3.9/site-packages/airflow/example_dags/example_short_circuit_decorator.py for tasks to queue
[2024-10-03T20:36:14.352+0000] {logging_mixin.py:137} INFO - [2024-10-03T20:36:14.352+0000] {dagbag.py:532} INFO - Filling up the DagBag from /usr/local/lib/python3.9/site-packages/airflow/example_dags/example_short_circuit_decorator.py
[2024-10-03T20:36:14.370+0000] {processor.py:753} INFO - DAG(s) dict_keys(['example_short_circuit_decorator']) retrieved from /usr/local/lib/python3.9/site-packages/airflow/example_dags/example_short_circuit_decorator.py
[2024-10-03T20:36:14.395+0000] {logging_mixin.py:137} INFO - [2024-10-03T20:36:14.395+0000] {dag.py:2705} INFO - Sync 1 DAGs
[2024-10-03T20:36:14.532+0000] {logging_mixin.py:137} INFO - [2024-10-03T20:36:14.532+0000] {dag.py:3452} INFO - Setting next_dagrun for example_short_circuit_decorator to 2024-10-02T20:36:14.532524+00:00, run_after=2024-10-03T20:36:14.532524+00:00
[2024-10-03T20:36:14.596+0000] {processor.py:175} INFO - Processing /usr/local/lib/python3.9/site-packages/airflow/example_dags/example_short_circuit_decorator.py took 0.250 seconds
[2024-10-03T20:36:44.897+0000] {processor.py:153} INFO - Started process (PID=2148) to work on /usr/local/lib/python3.9/site-packages/airflow/example_dags/example_short_circuit_decorator.py
[2024-10-03T20:36:44.898+0000] {processor.py:743} INFO - Processing file /usr/local/lib/python3.9/site-packages/airflow/example_dags/example_short_circuit_decorator.py for tasks to queue
[2024-10-03T20:36:44.898+0000] {logging_mixin.py:137} INFO - [2024-10-03T20:36:44.898+0000] {dagbag.py:532} INFO - Filling up the DagBag from /usr/local/lib/python3.9/site-packages/airflow/example_dags/example_short_circuit_decorator.py
[2024-10-03T20:36:44.968+0000] {processor.py:753} INFO - DAG(s) dict_keys(['example_short_circuit_decorator']) retrieved from /usr/local/lib/python3.9/site-packages/airflow/example_dags/example_short_circuit_decorator.py
[2024-10-03T20:36:44.989+0000] {logging_mixin.py:137} INFO - [2024-10-03T20:36:44.989+0000] {dag.py:2705} INFO - Sync 1 DAGs
[2024-10-03T20:36:44.998+0000] {logging_mixin.py:137} INFO - [2024-10-03T20:36:44.998+0000] {dag.py:3452} INFO - Setting next_dagrun for example_short_circuit_decorator to 2024-10-02T20:36:44.998402+00:00, run_after=2024-10-03T20:36:44.998402+00:00
[2024-10-03T20:36:45.008+0000] {processor.py:175} INFO - Processing /usr/local/lib/python3.9/site-packages/airflow/example_dags/example_short_circuit_decorator.py took 0.112 seconds
[2024-10-03T20:37:15.779+0000] {processor.py:153} INFO - Started process (PID=2360) to work on /usr/local/lib/python3.9/site-packages/airflow/example_dags/example_short_circuit_decorator.py
[2024-10-03T20:37:15.780+0000] {processor.py:743} INFO - Processing file /usr/local/lib/python3.9/site-packages/airflow/example_dags/example_short_circuit_decorator.py for tasks to queue
[2024-10-03T20:37:15.780+0000] {logging_mixin.py:137} INFO - [2024-10-03T20:37:15.780+0000] {dagbag.py:532} INFO - Filling up the DagBag from /usr/local/lib/python3.9/site-packages/airflow/example_dags/example_short_circuit_decorator.py
[2024-10-03T20:37:15.844+0000] {processor.py:753} INFO - DAG(s) dict_keys(['example_short_circuit_decorator']) retrieved from /usr/local/lib/python3.9/site-packages/airflow/example_dags/example_short_circuit_decorator.py
[2024-10-03T20:37:15.853+0000] {logging_mixin.py:137} INFO - [2024-10-03T20:37:15.853+0000] {dag.py:2705} INFO - Sync 1 DAGs
[2024-10-03T20:37:15.861+0000] {logging_mixin.py:137} INFO - [2024-10-03T20:37:15.861+0000] {dag.py:3452} INFO - Setting next_dagrun for example_short_circuit_decorator to 2024-10-02T20:37:15.861182+00:00, run_after=2024-10-03T20:37:15.861182+00:00
[2024-10-03T20:37:15.867+0000] {processor.py:175} INFO - Processing /usr/local/lib/python3.9/site-packages/airflow/example_dags/example_short_circuit_decorator.py took 0.090 seconds
[2024-10-03T20:37:46.424+0000] {processor.py:153} INFO - Started process (PID=2571) to work on /usr/local/lib/python3.9/site-packages/airflow/example_dags/example_short_circuit_decorator.py
[2024-10-03T20:37:46.424+0000] {processor.py:743} INFO - Processing file /usr/local/lib/python3.9/site-packages/airflow/example_dags/example_short_circuit_decorator.py for tasks to queue
[2024-10-03T20:37:46.425+0000] {logging_mixin.py:137} INFO - [2024-10-03T20:37:46.425+0000] {dagbag.py:532} INFO - Filling up the DagBag from /usr/local/lib/python3.9/site-packages/airflow/example_dags/example_short_circuit_decorator.py
[2024-10-03T20:37:46.435+0000] {processor.py:753} INFO - DAG(s) dict_keys(['example_short_circuit_decorator']) retrieved from /usr/local/lib/python3.9/site-packages/airflow/example_dags/example_short_circuit_decorator.py
[2024-10-03T20:37:46.445+0000] {logging_mixin.py:137} INFO - [2024-10-03T20:37:46.445+0000] {dag.py:2705} INFO - Sync 1 DAGs
[2024-10-03T20:37:46.454+0000] {logging_mixin.py:137} INFO - [2024-10-03T20:37:46.454+0000] {dag.py:3452} INFO - Setting next_dagrun for example_short_circuit_decorator to 2024-10-02T20:37:46.454139+00:00, run_after=2024-10-03T20:37:46.454139+00:00
[2024-10-03T20:37:46.460+0000] {processor.py:175} INFO - Processing /usr/local/lib/python3.9/site-packages/airflow/example_dags/example_short_circuit_decorator.py took 0.038 seconds
[2024-10-03T20:38:16.599+0000] {processor.py:153} INFO - Started process (PID=2780) to work on /usr/local/lib/python3.9/site-packages/airflow/example_dags/example_short_circuit_decorator.py
[2024-10-03T20:38:16.600+0000] {processor.py:743} INFO - Processing file /usr/local/lib/python3.9/site-packages/airflow/example_dags/example_short_circuit_decorator.py for tasks to queue
[2024-10-03T20:38:16.600+0000] {logging_mixin.py:137} INFO - [2024-10-03T20:38:16.600+0000] {dagbag.py:532} INFO - Filling up the DagBag from /usr/local/lib/python3.9/site-packages/airflow/example_dags/example_short_circuit_decorator.py
[2024-10-03T20:38:16.614+0000] {processor.py:753} INFO - DAG(s) dict_keys(['example_short_circuit_decorator']) retrieved from /usr/local/lib/python3.9/site-packages/airflow/example_dags/example_short_circuit_decorator.py
[2024-10-03T20:38:16.631+0000] {logging_mixin.py:137} INFO - [2024-10-03T20:38:16.631+0000] {dag.py:2705} INFO - Sync 1 DAGs
[2024-10-03T20:38:16.642+0000] {logging_mixin.py:137} INFO - [2024-10-03T20:38:16.642+0000] {dag.py:3452} INFO - Setting next_dagrun for example_short_circuit_decorator to 2024-10-02T20:38:16.642241+00:00, run_after=2024-10-03T20:38:16.642241+00:00
[2024-10-03T20:38:16.649+0000] {processor.py:175} INFO - Processing /usr/local/lib/python3.9/site-packages/airflow/example_dags/example_short_circuit_decorator.py took 0.052 seconds
[2024-10-03T20:38:47.414+0000] {processor.py:153} INFO - Started process (PID=2991) to work on /usr/local/lib/python3.9/site-packages/airflow/example_dags/example_short_circuit_decorator.py
[2024-10-03T20:38:47.416+0000] {processor.py:743} INFO - Processing file /usr/local/lib/python3.9/site-packages/airflow/example_dags/example_short_circuit_decorator.py for tasks to queue
[2024-10-03T20:38:47.417+0000] {logging_mixin.py:137} INFO - [2024-10-03T20:38:47.417+0000] {dagbag.py:532} INFO - Filling up the DagBag from /usr/local/lib/python3.9/site-packages/airflow/example_dags/example_short_circuit_decorator.py
[2024-10-03T20:38:47.429+0000] {processor.py:753} INFO - DAG(s) dict_keys(['example_short_circuit_decorator']) retrieved from /usr/local/lib/python3.9/site-packages/airflow/example_dags/example_short_circuit_decorator.py
[2024-10-03T20:38:47.443+0000] {logging_mixin.py:137} INFO - [2024-10-03T20:38:47.443+0000] {dag.py:2705} INFO - Sync 1 DAGs
[2024-10-03T20:38:47.455+0000] {logging_mixin.py:137} INFO - [2024-10-03T20:38:47.455+0000] {dag.py:3452} INFO - Setting next_dagrun for example_short_circuit_decorator to 2024-10-02T20:38:47.455401+00:00, run_after=2024-10-03T20:38:47.455401+00:00
[2024-10-03T20:38:47.464+0000] {processor.py:175} INFO - Processing /usr/local/lib/python3.9/site-packages/airflow/example_dags/example_short_circuit_decorator.py took 0.052 seconds
[2024-10-03T20:39:18.246+0000] {processor.py:153} INFO - Started process (PID=3202) to work on /usr/local/lib/python3.9/site-packages/airflow/example_dags/example_short_circuit_decorator.py
[2024-10-03T20:39:18.247+0000] {processor.py:743} INFO - Processing file /usr/local/lib/python3.9/site-packages/airflow/example_dags/example_short_circuit_decorator.py for tasks to queue
[2024-10-03T20:39:18.247+0000] {logging_mixin.py:137} INFO - [2024-10-03T20:39:18.247+0000] {dagbag.py:532} INFO - Filling up the DagBag from /usr/local/lib/python3.9/site-packages/airflow/example_dags/example_short_circuit_decorator.py
[2024-10-03T20:39:18.261+0000] {processor.py:753} INFO - DAG(s) dict_keys(['example_short_circuit_decorator']) retrieved from /usr/local/lib/python3.9/site-packages/airflow/example_dags/example_short_circuit_decorator.py
[2024-10-03T20:39:18.274+0000] {logging_mixin.py:137} INFO - [2024-10-03T20:39:18.274+0000] {dag.py:2705} INFO - Sync 1 DAGs
[2024-10-03T20:39:18.286+0000] {logging_mixin.py:137} INFO - [2024-10-03T20:39:18.286+0000] {dag.py:3452} INFO - Setting next_dagrun for example_short_circuit_decorator to 2024-10-02T20:39:18.286603+00:00, run_after=2024-10-03T20:39:18.286603+00:00
[2024-10-03T20:39:18.296+0000] {processor.py:175} INFO - Processing /usr/local/lib/python3.9/site-packages/airflow/example_dags/example_short_circuit_decorator.py took 0.052 seconds
[2024-10-03T20:39:49.001+0000] {processor.py:153} INFO - Started process (PID=3415) to work on /usr/local/lib/python3.9/site-packages/airflow/example_dags/example_short_circuit_decorator.py
[2024-10-03T20:39:49.001+0000] {processor.py:743} INFO - Processing file /usr/local/lib/python3.9/site-packages/airflow/example_dags/example_short_circuit_decorator.py for tasks to queue
[2024-10-03T20:39:49.002+0000] {logging_mixin.py:137} INFO - [2024-10-03T20:39:49.002+0000] {dagbag.py:532} INFO - Filling up the DagBag from /usr/local/lib/python3.9/site-packages/airflow/example_dags/example_short_circuit_decorator.py
[2024-10-03T20:39:49.012+0000] {processor.py:753} INFO - DAG(s) dict_keys(['example_short_circuit_decorator']) retrieved from /usr/local/lib/python3.9/site-packages/airflow/example_dags/example_short_circuit_decorator.py
[2024-10-03T20:39:49.022+0000] {logging_mixin.py:137} INFO - [2024-10-03T20:39:49.022+0000] {dag.py:2705} INFO - Sync 1 DAGs
[2024-10-03T20:39:49.030+0000] {logging_mixin.py:137} INFO - [2024-10-03T20:39:49.030+0000] {dag.py:3452} INFO - Setting next_dagrun for example_short_circuit_decorator to 2024-10-02T20:39:49.030169+00:00, run_after=2024-10-03T20:39:49.030169+00:00
[2024-10-03T20:39:49.036+0000] {processor.py:175} INFO - Processing /usr/local/lib/python3.9/site-packages/airflow/example_dags/example_short_circuit_decorator.py took 0.037 seconds
[2024-10-03T20:40:19.896+0000] {processor.py:153} INFO - Started process (PID=3626) to work on /usr/local/lib/python3.9/site-packages/airflow/example_dags/example_short_circuit_decorator.py
[2024-10-03T20:40:19.896+0000] {processor.py:743} INFO - Processing file /usr/local/lib/python3.9/site-packages/airflow/example_dags/example_short_circuit_decorator.py for tasks to queue
[2024-10-03T20:40:19.897+0000] {logging_mixin.py:137} INFO - [2024-10-03T20:40:19.897+0000] {dagbag.py:532} INFO - Filling up the DagBag from /usr/local/lib/python3.9/site-packages/airflow/example_dags/example_short_circuit_decorator.py
[2024-10-03T20:40:19.911+0000] {processor.py:753} INFO - DAG(s) dict_keys(['example_short_circuit_decorator']) retrieved from /usr/local/lib/python3.9/site-packages/airflow/example_dags/example_short_circuit_decorator.py
[2024-10-03T20:40:19.930+0000] {logging_mixin.py:137} INFO - [2024-10-03T20:40:19.930+0000] {dag.py:2705} INFO - Sync 1 DAGs
[2024-10-03T20:40:19.947+0000] {logging_mixin.py:137} INFO - [2024-10-03T20:40:19.947+0000] {dag.py:3452} INFO - Setting next_dagrun for example_short_circuit_decorator to 2024-10-02T20:40:19.947176+00:00, run_after=2024-10-03T20:40:19.947176+00:00
[2024-10-03T20:40:19.960+0000] {processor.py:175} INFO - Processing /usr/local/lib/python3.9/site-packages/airflow/example_dags/example_short_circuit_decorator.py took 0.066 seconds
[2024-10-03T20:40:50.759+0000] {processor.py:153} INFO - Started process (PID=3835) to work on /usr/local/lib/python3.9/site-packages/airflow/example_dags/example_short_circuit_decorator.py
[2024-10-03T20:40:50.759+0000] {processor.py:743} INFO - Processing file /usr/local/lib/python3.9/site-packages/airflow/example_dags/example_short_circuit_decorator.py for tasks to queue
[2024-10-03T20:40:50.759+0000] {logging_mixin.py:137} INFO - [2024-10-03T20:40:50.759+0000] {dagbag.py:532} INFO - Filling up the DagBag from /usr/local/lib/python3.9/site-packages/airflow/example_dags/example_short_circuit_decorator.py
[2024-10-03T20:40:50.770+0000] {processor.py:753} INFO - DAG(s) dict_keys(['example_short_circuit_decorator']) retrieved from /usr/local/lib/python3.9/site-packages/airflow/example_dags/example_short_circuit_decorator.py
[2024-10-03T20:40:50.787+0000] {logging_mixin.py:137} INFO - [2024-10-03T20:40:50.787+0000] {dag.py:2705} INFO - Sync 1 DAGs
[2024-10-03T20:40:50.798+0000] {logging_mixin.py:137} INFO - [2024-10-03T20:40:50.796+0000] {dag.py:3452} INFO - Setting next_dagrun for example_short_circuit_decorator to 2024-10-02T20:40:50.796468+00:00, run_after=2024-10-03T20:40:50.796468+00:00
[2024-10-03T20:40:50.805+0000] {processor.py:175} INFO - Processing /usr/local/lib/python3.9/site-packages/airflow/example_dags/example_short_circuit_decorator.py took 0.048 seconds
[2024-10-03T20:41:21.447+0000] {processor.py:153} INFO - Started process (PID=4046) to work on /usr/local/lib/python3.9/site-packages/airflow/example_dags/example_short_circuit_decorator.py
[2024-10-03T20:41:21.448+0000] {processor.py:743} INFO - Processing file /usr/local/lib/python3.9/site-packages/airflow/example_dags/example_short_circuit_decorator.py for tasks to queue
[2024-10-03T20:41:21.448+0000] {logging_mixin.py:137} INFO - [2024-10-03T20:41:21.448+0000] {dagbag.py:532} INFO - Filling up the DagBag from /usr/local/lib/python3.9/site-packages/airflow/example_dags/example_short_circuit_decorator.py
[2024-10-03T20:41:21.459+0000] {processor.py:753} INFO - DAG(s) dict_keys(['example_short_circuit_decorator']) retrieved from /usr/local/lib/python3.9/site-packages/airflow/example_dags/example_short_circuit_decorator.py
[2024-10-03T20:41:21.476+0000] {logging_mixin.py:137} INFO - [2024-10-03T20:41:21.476+0000] {dag.py:2705} INFO - Sync 1 DAGs
[2024-10-03T20:41:21.488+0000] {logging_mixin.py:137} INFO - [2024-10-03T20:41:21.488+0000] {dag.py:3452} INFO - Setting next_dagrun for example_short_circuit_decorator to 2024-10-02T20:41:21.487993+00:00, run_after=2024-10-03T20:41:21.487993+00:00
[2024-10-03T20:41:21.495+0000] {processor.py:175} INFO - Processing /usr/local/lib/python3.9/site-packages/airflow/example_dags/example_short_circuit_decorator.py took 0.049 seconds
[2024-10-03T20:41:52.111+0000] {processor.py:153} INFO - Started process (PID=4259) to work on /usr/local/lib/python3.9/site-packages/airflow/example_dags/example_short_circuit_decorator.py
[2024-10-03T20:41:52.112+0000] {processor.py:743} INFO - Processing file /usr/local/lib/python3.9/site-packages/airflow/example_dags/example_short_circuit_decorator.py for tasks to queue
[2024-10-03T20:41:52.112+0000] {logging_mixin.py:137} INFO - [2024-10-03T20:41:52.112+0000] {dagbag.py:532} INFO - Filling up the DagBag from /usr/local/lib/python3.9/site-packages/airflow/example_dags/example_short_circuit_decorator.py
[2024-10-03T20:41:52.123+0000] {processor.py:753} INFO - DAG(s) dict_keys(['example_short_circuit_decorator']) retrieved from /usr/local/lib/python3.9/site-packages/airflow/example_dags/example_short_circuit_decorator.py
[2024-10-03T20:41:52.132+0000] {logging_mixin.py:137} INFO - [2024-10-03T20:41:52.132+0000] {dag.py:2705} INFO - Sync 1 DAGs
[2024-10-03T20:41:52.140+0000] {logging_mixin.py:137} INFO - [2024-10-03T20:41:52.140+0000] {dag.py:3452} INFO - Setting next_dagrun for example_short_circuit_decorator to 2024-10-02T20:41:52.140467+00:00, run_after=2024-10-03T20:41:52.140467+00:00
[2024-10-03T20:41:52.147+0000] {processor.py:175} INFO - Processing /usr/local/lib/python3.9/site-packages/airflow/example_dags/example_short_circuit_decorator.py took 0.036 seconds
[2024-10-03T20:42:22.798+0000] {processor.py:153} INFO - Started process (PID=4468) to work on /usr/local/lib/python3.9/site-packages/airflow/example_dags/example_short_circuit_decorator.py
[2024-10-03T20:42:22.798+0000] {processor.py:743} INFO - Processing file /usr/local/lib/python3.9/site-packages/airflow/example_dags/example_short_circuit_decorator.py for tasks to queue
[2024-10-03T20:42:22.799+0000] {logging_mixin.py:137} INFO - [2024-10-03T20:42:22.799+0000] {dagbag.py:532} INFO - Filling up the DagBag from /usr/local/lib/python3.9/site-packages/airflow/example_dags/example_short_circuit_decorator.py
[2024-10-03T20:42:22.811+0000] {processor.py:753} INFO - DAG(s) dict_keys(['example_short_circuit_decorator']) retrieved from /usr/local/lib/python3.9/site-packages/airflow/example_dags/example_short_circuit_decorator.py
[2024-10-03T20:42:22.823+0000] {logging_mixin.py:137} INFO - [2024-10-03T20:42:22.823+0000] {dag.py:2705} INFO - Sync 1 DAGs
[2024-10-03T20:42:22.833+0000] {logging_mixin.py:137} INFO - [2024-10-03T20:42:22.833+0000] {dag.py:3452} INFO - Setting next_dagrun for example_short_circuit_decorator to 2024-10-02T20:42:22.833575+00:00, run_after=2024-10-03T20:42:22.833575+00:00
[2024-10-03T20:42:22.841+0000] {processor.py:175} INFO - Processing /usr/local/lib/python3.9/site-packages/airflow/example_dags/example_short_circuit_decorator.py took 0.045 seconds
[2024-10-03T20:42:53.418+0000] {processor.py:153} INFO - Started process (PID=4679) to work on /usr/local/lib/python3.9/site-packages/airflow/example_dags/example_short_circuit_decorator.py
[2024-10-03T20:42:53.422+0000] {processor.py:743} INFO - Processing file /usr/local/lib/python3.9/site-packages/airflow/example_dags/example_short_circuit_decorator.py for tasks to queue
[2024-10-03T20:42:53.423+0000] {logging_mixin.py:137} INFO - [2024-10-03T20:42:53.423+0000] {dagbag.py:532} INFO - Filling up the DagBag from /usr/local/lib/python3.9/site-packages/airflow/example_dags/example_short_circuit_decorator.py
[2024-10-03T20:42:53.440+0000] {processor.py:753} INFO - DAG(s) dict_keys(['example_short_circuit_decorator']) retrieved from /usr/local/lib/python3.9/site-packages/airflow/example_dags/example_short_circuit_decorator.py
[2024-10-03T20:42:53.457+0000] {logging_mixin.py:137} INFO - [2024-10-03T20:42:53.457+0000] {dag.py:2705} INFO - Sync 1 DAGs
[2024-10-03T20:42:53.469+0000] {logging_mixin.py:137} INFO - [2024-10-03T20:42:53.469+0000] {dag.py:3452} INFO - Setting next_dagrun for example_short_circuit_decorator to 2024-10-02T20:42:53.469564+00:00, run_after=2024-10-03T20:42:53.469564+00:00
[2024-10-03T20:42:53.477+0000] {processor.py:175} INFO - Processing /usr/local/lib/python3.9/site-packages/airflow/example_dags/example_short_circuit_decorator.py took 0.061 seconds
[2024-10-03T20:43:24.084+0000] {processor.py:153} INFO - Started process (PID=4890) to work on /usr/local/lib/python3.9/site-packages/airflow/example_dags/example_short_circuit_decorator.py
[2024-10-03T20:43:24.085+0000] {processor.py:743} INFO - Processing file /usr/local/lib/python3.9/site-packages/airflow/example_dags/example_short_circuit_decorator.py for tasks to queue
[2024-10-03T20:43:24.085+0000] {logging_mixin.py:137} INFO - [2024-10-03T20:43:24.085+0000] {dagbag.py:532} INFO - Filling up the DagBag from /usr/local/lib/python3.9/site-packages/airflow/example_dags/example_short_circuit_decorator.py
[2024-10-03T20:43:24.095+0000] {processor.py:753} INFO - DAG(s) dict_keys(['example_short_circuit_decorator']) retrieved from /usr/local/lib/python3.9/site-packages/airflow/example_dags/example_short_circuit_decorator.py
[2024-10-03T20:43:24.112+0000] {logging_mixin.py:137} INFO - [2024-10-03T20:43:24.112+0000] {dag.py:2705} INFO - Sync 1 DAGs
[2024-10-03T20:43:24.121+0000] {logging_mixin.py:137} INFO - [2024-10-03T20:43:24.121+0000] {dag.py:3452} INFO - Setting next_dagrun for example_short_circuit_decorator to 2024-10-02T20:43:24.121431+00:00, run_after=2024-10-03T20:43:24.121431+00:00
[2024-10-03T20:43:24.128+0000] {processor.py:175} INFO - Processing /usr/local/lib/python3.9/site-packages/airflow/example_dags/example_short_circuit_decorator.py took 0.045 seconds
[2024-10-03T20:43:54.638+0000] {processor.py:153} INFO - Started process (PID=5101) to work on /usr/local/lib/python3.9/site-packages/airflow/example_dags/example_short_circuit_decorator.py
[2024-10-03T20:43:54.639+0000] {processor.py:743} INFO - Processing file /usr/local/lib/python3.9/site-packages/airflow/example_dags/example_short_circuit_decorator.py for tasks to queue
[2024-10-03T20:43:54.639+0000] {logging_mixin.py:137} INFO - [2024-10-03T20:43:54.639+0000] {dagbag.py:532} INFO - Filling up the DagBag from /usr/local/lib/python3.9/site-packages/airflow/example_dags/example_short_circuit_decorator.py
[2024-10-03T20:43:54.651+0000] {processor.py:753} INFO - DAG(s) dict_keys(['example_short_circuit_decorator']) retrieved from /usr/local/lib/python3.9/site-packages/airflow/example_dags/example_short_circuit_decorator.py
[2024-10-03T20:43:54.664+0000] {logging_mixin.py:137} INFO - [2024-10-03T20:43:54.664+0000] {dag.py:2705} INFO - Sync 1 DAGs
[2024-10-03T20:43:54.673+0000] {logging_mixin.py:137} INFO - [2024-10-03T20:43:54.673+0000] {dag.py:3452} INFO - Setting next_dagrun for example_short_circuit_decorator to 2024-10-02T20:43:54.673271+00:00, run_after=2024-10-03T20:43:54.673271+00:00
[2024-10-03T20:43:54.680+0000] {processor.py:175} INFO - Processing /usr/local/lib/python3.9/site-packages/airflow/example_dags/example_short_circuit_decorator.py took 0.043 seconds
[2024-10-03T20:44:25.397+0000] {processor.py:153} INFO - Started process (PID=5314) to work on /usr/local/lib/python3.9/site-packages/airflow/example_dags/example_short_circuit_decorator.py
[2024-10-03T20:44:25.397+0000] {processor.py:743} INFO - Processing file /usr/local/lib/python3.9/site-packages/airflow/example_dags/example_short_circuit_decorator.py for tasks to queue
[2024-10-03T20:44:25.398+0000] {logging_mixin.py:137} INFO - [2024-10-03T20:44:25.398+0000] {dagbag.py:532} INFO - Filling up the DagBag from /usr/local/lib/python3.9/site-packages/airflow/example_dags/example_short_circuit_decorator.py
[2024-10-03T20:44:25.408+0000] {processor.py:753} INFO - DAG(s) dict_keys(['example_short_circuit_decorator']) retrieved from /usr/local/lib/python3.9/site-packages/airflow/example_dags/example_short_circuit_decorator.py
[2024-10-03T20:44:25.419+0000] {logging_mixin.py:137} INFO - [2024-10-03T20:44:25.419+0000] {dag.py:2705} INFO - Sync 1 DAGs
[2024-10-03T20:44:25.429+0000] {logging_mixin.py:137} INFO - [2024-10-03T20:44:25.428+0000] {dag.py:3452} INFO - Setting next_dagrun for example_short_circuit_decorator to 2024-10-02T20:44:25.428889+00:00, run_after=2024-10-03T20:44:25.428889+00:00
[2024-10-03T20:44:25.438+0000] {processor.py:175} INFO - Processing /usr/local/lib/python3.9/site-packages/airflow/example_dags/example_short_circuit_decorator.py took 0.043 seconds
[2024-10-03T20:44:56.086+0000] {processor.py:153} INFO - Started process (PID=5525) to work on /usr/local/lib/python3.9/site-packages/airflow/example_dags/example_short_circuit_decorator.py
[2024-10-03T20:44:56.087+0000] {processor.py:743} INFO - Processing file /usr/local/lib/python3.9/site-packages/airflow/example_dags/example_short_circuit_decorator.py for tasks to queue
[2024-10-03T20:44:56.087+0000] {logging_mixin.py:137} INFO - [2024-10-03T20:44:56.087+0000] {dagbag.py:532} INFO - Filling up the DagBag from /usr/local/lib/python3.9/site-packages/airflow/example_dags/example_short_circuit_decorator.py
[2024-10-03T20:44:56.097+0000] {processor.py:753} INFO - DAG(s) dict_keys(['example_short_circuit_decorator']) retrieved from /usr/local/lib/python3.9/site-packages/airflow/example_dags/example_short_circuit_decorator.py
[2024-10-03T20:44:56.108+0000] {logging_mixin.py:137} INFO - [2024-10-03T20:44:56.108+0000] {dag.py:2705} INFO - Sync 1 DAGs
[2024-10-03T20:44:56.120+0000] {logging_mixin.py:137} INFO - [2024-10-03T20:44:56.120+0000] {dag.py:3452} INFO - Setting next_dagrun for example_short_circuit_decorator to 2024-10-02T20:44:56.119935+00:00, run_after=2024-10-03T20:44:56.119935+00:00
[2024-10-03T20:44:56.127+0000] {processor.py:175} INFO - Processing /usr/local/lib/python3.9/site-packages/airflow/example_dags/example_short_circuit_decorator.py took 0.043 seconds
[2024-10-03T20:45:26.687+0000] {processor.py:153} INFO - Started process (PID=5734) to work on /usr/local/lib/python3.9/site-packages/airflow/example_dags/example_short_circuit_decorator.py
[2024-10-03T20:45:26.688+0000] {processor.py:743} INFO - Processing file /usr/local/lib/python3.9/site-packages/airflow/example_dags/example_short_circuit_decorator.py for tasks to queue
[2024-10-03T20:45:26.688+0000] {logging_mixin.py:137} INFO - [2024-10-03T20:45:26.688+0000] {dagbag.py:532} INFO - Filling up the DagBag from /usr/local/lib/python3.9/site-packages/airflow/example_dags/example_short_circuit_decorator.py
[2024-10-03T20:45:26.701+0000] {processor.py:753} INFO - DAG(s) dict_keys(['example_short_circuit_decorator']) retrieved from /usr/local/lib/python3.9/site-packages/airflow/example_dags/example_short_circuit_decorator.py
[2024-10-03T20:45:26.713+0000] {logging_mixin.py:137} INFO - [2024-10-03T20:45:26.713+0000] {dag.py:2705} INFO - Sync 1 DAGs
[2024-10-03T20:45:26.722+0000] {logging_mixin.py:137} INFO - [2024-10-03T20:45:26.722+0000] {dag.py:3452} INFO - Setting next_dagrun for example_short_circuit_decorator to 2024-10-02T20:45:26.722637+00:00, run_after=2024-10-03T20:45:26.722637+00:00
[2024-10-03T20:45:26.729+0000] {processor.py:175} INFO - Processing /usr/local/lib/python3.9/site-packages/airflow/example_dags/example_short_circuit_decorator.py took 0.044 seconds
[2024-10-03T20:45:57.453+0000] {processor.py:153} INFO - Started process (PID=5945) to work on /usr/local/lib/python3.9/site-packages/airflow/example_dags/example_short_circuit_decorator.py
[2024-10-03T20:45:57.454+0000] {processor.py:743} INFO - Processing file /usr/local/lib/python3.9/site-packages/airflow/example_dags/example_short_circuit_decorator.py for tasks to queue
[2024-10-03T20:45:57.454+0000] {logging_mixin.py:137} INFO - [2024-10-03T20:45:57.454+0000] {dagbag.py:532} INFO - Filling up the DagBag from /usr/local/lib/python3.9/site-packages/airflow/example_dags/example_short_circuit_decorator.py
[2024-10-03T20:45:57.466+0000] {processor.py:753} INFO - DAG(s) dict_keys(['example_short_circuit_decorator']) retrieved from /usr/local/lib/python3.9/site-packages/airflow/example_dags/example_short_circuit_decorator.py
[2024-10-03T20:45:57.479+0000] {logging_mixin.py:137} INFO - [2024-10-03T20:45:57.479+0000] {dag.py:2705} INFO - Sync 1 DAGs
[2024-10-03T20:45:57.488+0000] {logging_mixin.py:137} INFO - [2024-10-03T20:45:57.488+0000] {dag.py:3452} INFO - Setting next_dagrun for example_short_circuit_decorator to 2024-10-02T20:45:57.488602+00:00, run_after=2024-10-03T20:45:57.488602+00:00
[2024-10-03T20:45:57.497+0000] {processor.py:175} INFO - Processing /usr/local/lib/python3.9/site-packages/airflow/example_dags/example_short_circuit_decorator.py took 0.045 seconds
[2024-10-03T20:46:28.192+0000] {processor.py:153} INFO - Started process (PID=6158) to work on /usr/local/lib/python3.9/site-packages/airflow/example_dags/example_short_circuit_decorator.py
[2024-10-03T20:46:28.193+0000] {processor.py:743} INFO - Processing file /usr/local/lib/python3.9/site-packages/airflow/example_dags/example_short_circuit_decorator.py for tasks to queue
[2024-10-03T20:46:28.193+0000] {logging_mixin.py:137} INFO - [2024-10-03T20:46:28.193+0000] {dagbag.py:532} INFO - Filling up the DagBag from /usr/local/lib/python3.9/site-packages/airflow/example_dags/example_short_circuit_decorator.py
[2024-10-03T20:46:28.204+0000] {processor.py:753} INFO - DAG(s) dict_keys(['example_short_circuit_decorator']) retrieved from /usr/local/lib/python3.9/site-packages/airflow/example_dags/example_short_circuit_decorator.py
[2024-10-03T20:46:28.215+0000] {logging_mixin.py:137} INFO - [2024-10-03T20:46:28.215+0000] {dag.py:2705} INFO - Sync 1 DAGs
[2024-10-03T20:46:28.229+0000] {logging_mixin.py:137} INFO - [2024-10-03T20:46:28.229+0000] {dag.py:3452} INFO - Setting next_dagrun for example_short_circuit_decorator to 2024-10-02T20:46:28.229346+00:00, run_after=2024-10-03T20:46:28.229346+00:00
[2024-10-03T20:46:28.239+0000] {processor.py:175} INFO - Processing /usr/local/lib/python3.9/site-packages/airflow/example_dags/example_short_circuit_decorator.py took 0.049 seconds
[2024-10-03T20:46:58.824+0000] {processor.py:153} INFO - Started process (PID=6369) to work on /usr/local/lib/python3.9/site-packages/airflow/example_dags/example_short_circuit_decorator.py
[2024-10-03T20:46:58.825+0000] {processor.py:743} INFO - Processing file /usr/local/lib/python3.9/site-packages/airflow/example_dags/example_short_circuit_decorator.py for tasks to queue
[2024-10-03T20:46:58.825+0000] {logging_mixin.py:137} INFO - [2024-10-03T20:46:58.825+0000] {dagbag.py:532} INFO - Filling up the DagBag from /usr/local/lib/python3.9/site-packages/airflow/example_dags/example_short_circuit_decorator.py
[2024-10-03T20:46:58.838+0000] {processor.py:753} INFO - DAG(s) dict_keys(['example_short_circuit_decorator']) retrieved from /usr/local/lib/python3.9/site-packages/airflow/example_dags/example_short_circuit_decorator.py
[2024-10-03T20:46:58.850+0000] {logging_mixin.py:137} INFO - [2024-10-03T20:46:58.850+0000] {dag.py:2705} INFO - Sync 1 DAGs
[2024-10-03T20:46:58.861+0000] {logging_mixin.py:137} INFO - [2024-10-03T20:46:58.861+0000] {dag.py:3452} INFO - Setting next_dagrun for example_short_circuit_decorator to 2024-10-02T20:46:58.861628+00:00, run_after=2024-10-03T20:46:58.861628+00:00
[2024-10-03T20:46:58.872+0000] {processor.py:175} INFO - Processing /usr/local/lib/python3.9/site-packages/airflow/example_dags/example_short_circuit_decorator.py took 0.049 seconds
[2024-10-03T20:47:29.312+0000] {processor.py:153} INFO - Started process (PID=6580) to work on /usr/local/lib/python3.9/site-packages/airflow/example_dags/example_short_circuit_decorator.py
[2024-10-03T20:47:29.312+0000] {processor.py:743} INFO - Processing file /usr/local/lib/python3.9/site-packages/airflow/example_dags/example_short_circuit_decorator.py for tasks to queue
[2024-10-03T20:47:29.312+0000] {logging_mixin.py:137} INFO - [2024-10-03T20:47:29.312+0000] {dagbag.py:532} INFO - Filling up the DagBag from /usr/local/lib/python3.9/site-packages/airflow/example_dags/example_short_circuit_decorator.py
[2024-10-03T20:47:29.322+0000] {processor.py:753} INFO - DAG(s) dict_keys(['example_short_circuit_decorator']) retrieved from /usr/local/lib/python3.9/site-packages/airflow/example_dags/example_short_circuit_decorator.py
[2024-10-03T20:47:29.332+0000] {logging_mixin.py:137} INFO - [2024-10-03T20:47:29.332+0000] {dag.py:2705} INFO - Sync 1 DAGs
[2024-10-03T20:47:29.340+0000] {logging_mixin.py:137} INFO - [2024-10-03T20:47:29.340+0000] {dag.py:3452} INFO - Setting next_dagrun for example_short_circuit_decorator to 2024-10-02T20:47:29.339987+00:00, run_after=2024-10-03T20:47:29.339987+00:00
[2024-10-03T20:47:29.346+0000] {processor.py:175} INFO - Processing /usr/local/lib/python3.9/site-packages/airflow/example_dags/example_short_circuit_decorator.py took 0.035 seconds
[2024-10-03T20:48:00.041+0000] {processor.py:153} INFO - Started process (PID=6791) to work on /usr/local/lib/python3.9/site-packages/airflow/example_dags/example_short_circuit_decorator.py
[2024-10-03T20:48:00.041+0000] {processor.py:743} INFO - Processing file /usr/local/lib/python3.9/site-packages/airflow/example_dags/example_short_circuit_decorator.py for tasks to queue
[2024-10-03T20:48:00.042+0000] {logging_mixin.py:137} INFO - [2024-10-03T20:48:00.041+0000] {dagbag.py:532} INFO - Filling up the DagBag from /usr/local/lib/python3.9/site-packages/airflow/example_dags/example_short_circuit_decorator.py
[2024-10-03T20:48:00.053+0000] {processor.py:753} INFO - DAG(s) dict_keys(['example_short_circuit_decorator']) retrieved from /usr/local/lib/python3.9/site-packages/airflow/example_dags/example_short_circuit_decorator.py
[2024-10-03T20:48:00.066+0000] {logging_mixin.py:137} INFO - [2024-10-03T20:48:00.066+0000] {dag.py:2705} INFO - Sync 1 DAGs
[2024-10-03T20:48:00.076+0000] {logging_mixin.py:137} INFO - [2024-10-03T20:48:00.076+0000] {dag.py:3452} INFO - Setting next_dagrun for example_short_circuit_decorator to 2024-10-02T20:48:00.075896+00:00, run_after=2024-10-03T20:48:00.075896+00:00
[2024-10-03T20:48:00.084+0000] {processor.py:175} INFO - Processing /usr/local/lib/python3.9/site-packages/airflow/example_dags/example_short_circuit_decorator.py took 0.045 seconds
[2024-10-03T20:48:30.652+0000] {processor.py:153} INFO - Started process (PID=7002) to work on /usr/local/lib/python3.9/site-packages/airflow/example_dags/example_short_circuit_decorator.py
[2024-10-03T20:48:30.653+0000] {processor.py:743} INFO - Processing file /usr/local/lib/python3.9/site-packages/airflow/example_dags/example_short_circuit_decorator.py for tasks to queue
[2024-10-03T20:48:30.654+0000] {logging_mixin.py:137} INFO - [2024-10-03T20:48:30.654+0000] {dagbag.py:532} INFO - Filling up the DagBag from /usr/local/lib/python3.9/site-packages/airflow/example_dags/example_short_circuit_decorator.py
[2024-10-03T20:48:30.664+0000] {processor.py:753} INFO - DAG(s) dict_keys(['example_short_circuit_decorator']) retrieved from /usr/local/lib/python3.9/site-packages/airflow/example_dags/example_short_circuit_decorator.py
[2024-10-03T20:48:30.675+0000] {logging_mixin.py:137} INFO - [2024-10-03T20:48:30.675+0000] {dag.py:2705} INFO - Sync 1 DAGs
[2024-10-03T20:48:30.683+0000] {logging_mixin.py:137} INFO - [2024-10-03T20:48:30.683+0000] {dag.py:3452} INFO - Setting next_dagrun for example_short_circuit_decorator to 2024-10-02T20:48:30.683804+00:00, run_after=2024-10-03T20:48:30.683804+00:00
[2024-10-03T20:48:30.690+0000] {processor.py:175} INFO - Processing /usr/local/lib/python3.9/site-packages/airflow/example_dags/example_short_circuit_decorator.py took 0.039 seconds
[2024-10-03T20:49:01.483+0000] {processor.py:153} INFO - Started process (PID=7212) to work on /usr/local/lib/python3.9/site-packages/airflow/example_dags/example_short_circuit_decorator.py
[2024-10-03T20:49:01.484+0000] {processor.py:743} INFO - Processing file /usr/local/lib/python3.9/site-packages/airflow/example_dags/example_short_circuit_decorator.py for tasks to queue
[2024-10-03T20:49:01.484+0000] {logging_mixin.py:137} INFO - [2024-10-03T20:49:01.484+0000] {dagbag.py:532} INFO - Filling up the DagBag from /usr/local/lib/python3.9/site-packages/airflow/example_dags/example_short_circuit_decorator.py
[2024-10-03T20:49:01.499+0000] {processor.py:753} INFO - DAG(s) dict_keys(['example_short_circuit_decorator']) retrieved from /usr/local/lib/python3.9/site-packages/airflow/example_dags/example_short_circuit_decorator.py
[2024-10-03T20:49:01.511+0000] {logging_mixin.py:137} INFO - [2024-10-03T20:49:01.511+0000] {dag.py:2705} INFO - Sync 1 DAGs
[2024-10-03T20:49:01.526+0000] {logging_mixin.py:137} INFO - [2024-10-03T20:49:01.526+0000] {dag.py:3452} INFO - Setting next_dagrun for example_short_circuit_decorator to 2024-10-02T20:49:01.525902+00:00, run_after=2024-10-03T20:49:01.525902+00:00
[2024-10-03T20:49:01.536+0000] {processor.py:175} INFO - Processing /usr/local/lib/python3.9/site-packages/airflow/example_dags/example_short_circuit_decorator.py took 0.055 seconds
[2024-10-03T20:49:32.309+0000] {processor.py:153} INFO - Started process (PID=7422) to work on /usr/local/lib/python3.9/site-packages/airflow/example_dags/example_short_circuit_decorator.py
[2024-10-03T20:49:32.309+0000] {processor.py:743} INFO - Processing file /usr/local/lib/python3.9/site-packages/airflow/example_dags/example_short_circuit_decorator.py for tasks to queue
[2024-10-03T20:49:32.309+0000] {logging_mixin.py:137} INFO - [2024-10-03T20:49:32.309+0000] {dagbag.py:532} INFO - Filling up the DagBag from /usr/local/lib/python3.9/site-packages/airflow/example_dags/example_short_circuit_decorator.py
[2024-10-03T20:49:32.331+0000] {processor.py:753} INFO - DAG(s) dict_keys(['example_short_circuit_decorator']) retrieved from /usr/local/lib/python3.9/site-packages/airflow/example_dags/example_short_circuit_decorator.py
[2024-10-03T20:49:32.344+0000] {logging_mixin.py:137} INFO - [2024-10-03T20:49:32.344+0000] {dag.py:2705} INFO - Sync 1 DAGs
[2024-10-03T20:49:32.355+0000] {logging_mixin.py:137} INFO - [2024-10-03T20:49:32.355+0000] {dag.py:3452} INFO - Setting next_dagrun for example_short_circuit_decorator to 2024-10-02T20:49:32.355342+00:00, run_after=2024-10-03T20:49:32.355342+00:00
[2024-10-03T20:49:32.365+0000] {processor.py:175} INFO - Processing /usr/local/lib/python3.9/site-packages/airflow/example_dags/example_short_circuit_decorator.py took 0.058 seconds
[2024-10-03T20:50:02.994+0000] {processor.py:153} INFO - Started process (PID=7633) to work on /usr/local/lib/python3.9/site-packages/airflow/example_dags/example_short_circuit_decorator.py
[2024-10-03T20:50:02.995+0000] {processor.py:743} INFO - Processing file /usr/local/lib/python3.9/site-packages/airflow/example_dags/example_short_circuit_decorator.py for tasks to queue
[2024-10-03T20:50:02.995+0000] {logging_mixin.py:137} INFO - [2024-10-03T20:50:02.995+0000] {dagbag.py:532} INFO - Filling up the DagBag from /usr/local/lib/python3.9/site-packages/airflow/example_dags/example_short_circuit_decorator.py
[2024-10-03T20:50:03.007+0000] {processor.py:753} INFO - DAG(s) dict_keys(['example_short_circuit_decorator']) retrieved from /usr/local/lib/python3.9/site-packages/airflow/example_dags/example_short_circuit_decorator.py
[2024-10-03T20:50:03.018+0000] {logging_mixin.py:137} INFO - [2024-10-03T20:50:03.017+0000] {dag.py:2705} INFO - Sync 1 DAGs
[2024-10-03T20:50:03.029+0000] {logging_mixin.py:137} INFO - [2024-10-03T20:50:03.028+0000] {dag.py:3452} INFO - Setting next_dagrun for example_short_circuit_decorator to 2024-10-02T20:50:03.028858+00:00, run_after=2024-10-03T20:50:03.028858+00:00
[2024-10-03T20:50:03.037+0000] {processor.py:175} INFO - Processing /usr/local/lib/python3.9/site-packages/airflow/example_dags/example_short_circuit_decorator.py took 0.044 seconds
[2024-10-03T20:50:33.776+0000] {processor.py:153} INFO - Started process (PID=7846) to work on /usr/local/lib/python3.9/site-packages/airflow/example_dags/example_short_circuit_decorator.py
[2024-10-03T20:50:33.776+0000] {processor.py:743} INFO - Processing file /usr/local/lib/python3.9/site-packages/airflow/example_dags/example_short_circuit_decorator.py for tasks to queue
[2024-10-03T20:50:33.777+0000] {logging_mixin.py:137} INFO - [2024-10-03T20:50:33.777+0000] {dagbag.py:532} INFO - Filling up the DagBag from /usr/local/lib/python3.9/site-packages/airflow/example_dags/example_short_circuit_decorator.py
[2024-10-03T20:50:33.788+0000] {processor.py:753} INFO - DAG(s) dict_keys(['example_short_circuit_decorator']) retrieved from /usr/local/lib/python3.9/site-packages/airflow/example_dags/example_short_circuit_decorator.py
[2024-10-03T20:50:33.803+0000] {logging_mixin.py:137} INFO - [2024-10-03T20:50:33.803+0000] {dag.py:2705} INFO - Sync 1 DAGs
[2024-10-03T20:50:33.813+0000] {logging_mixin.py:137} INFO - [2024-10-03T20:50:33.813+0000] {dag.py:3452} INFO - Setting next_dagrun for example_short_circuit_decorator to 2024-10-02T20:50:33.813768+00:00, run_after=2024-10-03T20:50:33.813768+00:00
[2024-10-03T20:50:33.824+0000] {processor.py:175} INFO - Processing /usr/local/lib/python3.9/site-packages/airflow/example_dags/example_short_circuit_decorator.py took 0.050 seconds
[2024-10-03T20:51:04.577+0000] {processor.py:153} INFO - Started process (PID=8055) to work on /usr/local/lib/python3.9/site-packages/airflow/example_dags/example_short_circuit_decorator.py
[2024-10-03T20:51:04.577+0000] {processor.py:743} INFO - Processing file /usr/local/lib/python3.9/site-packages/airflow/example_dags/example_short_circuit_decorator.py for tasks to queue
[2024-10-03T20:51:04.577+0000] {logging_mixin.py:137} INFO - [2024-10-03T20:51:04.577+0000] {dagbag.py:532} INFO - Filling up the DagBag from /usr/local/lib/python3.9/site-packages/airflow/example_dags/example_short_circuit_decorator.py
[2024-10-03T20:51:04.591+0000] {processor.py:753} INFO - DAG(s) dict_keys(['example_short_circuit_decorator']) retrieved from /usr/local/lib/python3.9/site-packages/airflow/example_dags/example_short_circuit_decorator.py
[2024-10-03T20:51:04.603+0000] {logging_mixin.py:137} INFO - [2024-10-03T20:51:04.603+0000] {dag.py:2705} INFO - Sync 1 DAGs
[2024-10-03T20:51:04.613+0000] {logging_mixin.py:137} INFO - [2024-10-03T20:51:04.613+0000] {dag.py:3452} INFO - Setting next_dagrun for example_short_circuit_decorator to 2024-10-02T20:51:04.613364+00:00, run_after=2024-10-03T20:51:04.613364+00:00
[2024-10-03T20:51:04.621+0000] {processor.py:175} INFO - Processing /usr/local/lib/python3.9/site-packages/airflow/example_dags/example_short_circuit_decorator.py took 0.046 seconds
[2024-10-03T20:51:35.333+0000] {processor.py:153} INFO - Started process (PID=8266) to work on /usr/local/lib/python3.9/site-packages/airflow/example_dags/example_short_circuit_decorator.py
[2024-10-03T20:51:35.336+0000] {processor.py:743} INFO - Processing file /usr/local/lib/python3.9/site-packages/airflow/example_dags/example_short_circuit_decorator.py for tasks to queue
[2024-10-03T20:51:35.336+0000] {logging_mixin.py:137} INFO - [2024-10-03T20:51:35.336+0000] {dagbag.py:532} INFO - Filling up the DagBag from /usr/local/lib/python3.9/site-packages/airflow/example_dags/example_short_circuit_decorator.py
[2024-10-03T20:51:35.350+0000] {processor.py:753} INFO - DAG(s) dict_keys(['example_short_circuit_decorator']) retrieved from /usr/local/lib/python3.9/site-packages/airflow/example_dags/example_short_circuit_decorator.py
[2024-10-03T20:51:35.362+0000] {logging_mixin.py:137} INFO - [2024-10-03T20:51:35.362+0000] {dag.py:2705} INFO - Sync 1 DAGs
[2024-10-03T20:51:35.372+0000] {logging_mixin.py:137} INFO - [2024-10-03T20:51:35.372+0000] {dag.py:3452} INFO - Setting next_dagrun for example_short_circuit_decorator to 2024-10-02T20:51:35.372047+00:00, run_after=2024-10-03T20:51:35.372047+00:00
[2024-10-03T20:51:35.384+0000] {processor.py:175} INFO - Processing /usr/local/lib/python3.9/site-packages/airflow/example_dags/example_short_circuit_decorator.py took 0.054 seconds
[2024-10-03T20:52:05.565+0000] {processor.py:153} INFO - Started process (PID=8479) to work on /usr/local/lib/python3.9/site-packages/airflow/example_dags/example_short_circuit_decorator.py
[2024-10-03T20:52:05.566+0000] {processor.py:743} INFO - Processing file /usr/local/lib/python3.9/site-packages/airflow/example_dags/example_short_circuit_decorator.py for tasks to queue
[2024-10-03T20:52:05.567+0000] {logging_mixin.py:137} INFO - [2024-10-03T20:52:05.567+0000] {dagbag.py:532} INFO - Filling up the DagBag from /usr/local/lib/python3.9/site-packages/airflow/example_dags/example_short_circuit_decorator.py
[2024-10-03T20:52:05.580+0000] {processor.py:753} INFO - DAG(s) dict_keys(['example_short_circuit_decorator']) retrieved from /usr/local/lib/python3.9/site-packages/airflow/example_dags/example_short_circuit_decorator.py
[2024-10-03T20:52:05.595+0000] {logging_mixin.py:137} INFO - [2024-10-03T20:52:05.595+0000] {dag.py:2705} INFO - Sync 1 DAGs
[2024-10-03T20:52:05.606+0000] {logging_mixin.py:137} INFO - [2024-10-03T20:52:05.606+0000] {dag.py:3452} INFO - Setting next_dagrun for example_short_circuit_decorator to 2024-10-02T20:52:05.606389+00:00, run_after=2024-10-03T20:52:05.606389+00:00
[2024-10-03T20:52:05.620+0000] {processor.py:175} INFO - Processing /usr/local/lib/python3.9/site-packages/airflow/example_dags/example_short_circuit_decorator.py took 0.057 seconds
[2024-10-03T20:52:36.592+0000] {processor.py:153} INFO - Started process (PID=8688) to work on /usr/local/lib/python3.9/site-packages/airflow/example_dags/example_short_circuit_decorator.py
[2024-10-03T20:52:36.592+0000] {processor.py:743} INFO - Processing file /usr/local/lib/python3.9/site-packages/airflow/example_dags/example_short_circuit_decorator.py for tasks to queue
[2024-10-03T20:52:36.592+0000] {logging_mixin.py:137} INFO - [2024-10-03T20:52:36.592+0000] {dagbag.py:532} INFO - Filling up the DagBag from /usr/local/lib/python3.9/site-packages/airflow/example_dags/example_short_circuit_decorator.py
[2024-10-03T20:52:36.604+0000] {processor.py:753} INFO - DAG(s) dict_keys(['example_short_circuit_decorator']) retrieved from /usr/local/lib/python3.9/site-packages/airflow/example_dags/example_short_circuit_decorator.py
[2024-10-03T20:52:36.616+0000] {logging_mixin.py:137} INFO - [2024-10-03T20:52:36.616+0000] {dag.py:2705} INFO - Sync 1 DAGs
[2024-10-03T20:52:36.627+0000] {logging_mixin.py:137} INFO - [2024-10-03T20:52:36.627+0000] {dag.py:3452} INFO - Setting next_dagrun for example_short_circuit_decorator to 2024-10-02T20:52:36.627026+00:00, run_after=2024-10-03T20:52:36.627026+00:00
[2024-10-03T20:52:36.639+0000] {processor.py:175} INFO - Processing /usr/local/lib/python3.9/site-packages/airflow/example_dags/example_short_circuit_decorator.py took 0.048 seconds
