[2024-10-03T20:32:01.338+0000] {processor.py:153} INFO - Started process (PID=260) to work on /usr/local/lib/python3.9/site-packages/airflow/example_dags/example_time_delta_sensor_async.py
[2024-10-03T20:32:01.338+0000] {processor.py:743} INFO - Processing file /usr/local/lib/python3.9/site-packages/airflow/example_dags/example_time_delta_sensor_async.py for tasks to queue
[2024-10-03T20:32:01.340+0000] {logging_mixin.py:137} INFO - [2024-10-03T20:32:01.339+0000] {dagbag.py:532} INFO - Filling up the DagBag from /usr/local/lib/python3.9/site-packages/airflow/example_dags/example_time_delta_sensor_async.py
[2024-10-03T20:32:01.351+0000] {processor.py:753} INFO - DAG(s) dict_keys(['example_time_delta_sensor_async']) retrieved from /usr/local/lib/python3.9/site-packages/airflow/example_dags/example_time_delta_sensor_async.py
[2024-10-03T20:32:01.363+0000] {logging_mixin.py:137} INFO - [2024-10-03T20:32:01.363+0000] {dag.py:2705} INFO - Sync 1 DAGs
[2024-10-03T20:32:01.389+0000] {logging_mixin.py:137} INFO - [2024-10-03T20:32:01.389+0000] {dag.py:3452} INFO - Setting next_dagrun for example_time_delta_sensor_async to None, run_after=None
[2024-10-03T20:32:01.428+0000] {processor.py:175} INFO - Processing /usr/local/lib/python3.9/site-packages/airflow/example_dags/example_time_delta_sensor_async.py took 0.093 seconds
[2024-10-03T20:32:32.101+0000] {processor.py:153} INFO - Started process (PID=475) to work on /usr/local/lib/python3.9/site-packages/airflow/example_dags/example_time_delta_sensor_async.py
[2024-10-03T20:32:32.103+0000] {processor.py:743} INFO - Processing file /usr/local/lib/python3.9/site-packages/airflow/example_dags/example_time_delta_sensor_async.py for tasks to queue
[2024-10-03T20:32:32.104+0000] {logging_mixin.py:137} INFO - [2024-10-03T20:32:32.104+0000] {dagbag.py:532} INFO - Filling up the DagBag from /usr/local/lib/python3.9/site-packages/airflow/example_dags/example_time_delta_sensor_async.py
[2024-10-03T20:32:32.111+0000] {processor.py:753} INFO - DAG(s) dict_keys(['example_time_delta_sensor_async']) retrieved from /usr/local/lib/python3.9/site-packages/airflow/example_dags/example_time_delta_sensor_async.py
[2024-10-03T20:32:32.139+0000] {logging_mixin.py:137} INFO - [2024-10-03T20:32:32.139+0000] {dag.py:2705} INFO - Sync 1 DAGs
[2024-10-03T20:32:32.158+0000] {logging_mixin.py:137} INFO - [2024-10-03T20:32:32.158+0000] {dag.py:3452} INFO - Setting next_dagrun for example_time_delta_sensor_async to None, run_after=None
[2024-10-03T20:32:32.176+0000] {processor.py:175} INFO - Processing /usr/local/lib/python3.9/site-packages/airflow/example_dags/example_time_delta_sensor_async.py took 0.076 seconds
[2024-10-03T20:33:07.342+0000] {processor.py:153} INFO - Started process (PID=688) to work on /usr/local/lib/python3.9/site-packages/airflow/example_dags/example_time_delta_sensor_async.py
[2024-10-03T20:33:07.367+0000] {processor.py:743} INFO - Processing file /usr/local/lib/python3.9/site-packages/airflow/example_dags/example_time_delta_sensor_async.py for tasks to queue
[2024-10-03T20:33:07.367+0000] {logging_mixin.py:137} INFO - [2024-10-03T20:33:07.367+0000] {dagbag.py:532} INFO - Filling up the DagBag from /usr/local/lib/python3.9/site-packages/airflow/example_dags/example_time_delta_sensor_async.py
[2024-10-03T20:33:07.374+0000] {processor.py:753} INFO - DAG(s) dict_keys(['example_time_delta_sensor_async']) retrieved from /usr/local/lib/python3.9/site-packages/airflow/example_dags/example_time_delta_sensor_async.py
[2024-10-03T20:33:07.385+0000] {logging_mixin.py:137} INFO - [2024-10-03T20:33:07.385+0000] {dag.py:2705} INFO - Sync 1 DAGs
[2024-10-03T20:33:07.395+0000] {logging_mixin.py:137} INFO - [2024-10-03T20:33:07.395+0000] {dag.py:3452} INFO - Setting next_dagrun for example_time_delta_sensor_async to None, run_after=None
[2024-10-03T20:33:09.461+0000] {processor.py:175} INFO - Processing /usr/local/lib/python3.9/site-packages/airflow/example_dags/example_time_delta_sensor_async.py took 2.121 seconds
[2024-10-03T20:33:39.669+0000] {processor.py:153} INFO - Started process (PID=899) to work on /usr/local/lib/python3.9/site-packages/airflow/example_dags/example_time_delta_sensor_async.py
[2024-10-03T20:33:39.675+0000] {processor.py:743} INFO - Processing file /usr/local/lib/python3.9/site-packages/airflow/example_dags/example_time_delta_sensor_async.py for tasks to queue
[2024-10-03T20:33:39.677+0000] {logging_mixin.py:137} INFO - [2024-10-03T20:33:39.676+0000] {dagbag.py:532} INFO - Filling up the DagBag from /usr/local/lib/python3.9/site-packages/airflow/example_dags/example_time_delta_sensor_async.py
[2024-10-03T20:33:39.710+0000] {processor.py:753} INFO - DAG(s) dict_keys(['example_time_delta_sensor_async']) retrieved from /usr/local/lib/python3.9/site-packages/airflow/example_dags/example_time_delta_sensor_async.py
[2024-10-03T20:33:39.809+0000] {logging_mixin.py:137} INFO - [2024-10-03T20:33:39.808+0000] {dag.py:2705} INFO - Sync 1 DAGs
[2024-10-03T20:33:39.914+0000] {logging_mixin.py:137} INFO - [2024-10-03T20:33:39.913+0000] {dag.py:3452} INFO - Setting next_dagrun for example_time_delta_sensor_async to None, run_after=None
[2024-10-03T20:33:39.925+0000] {processor.py:175} INFO - Processing /usr/local/lib/python3.9/site-packages/airflow/example_dags/example_time_delta_sensor_async.py took 0.263 seconds
[2024-10-03T20:34:10.179+0000] {processor.py:153} INFO - Started process (PID=1110) to work on /usr/local/lib/python3.9/site-packages/airflow/example_dags/example_time_delta_sensor_async.py
[2024-10-03T20:34:10.181+0000] {processor.py:743} INFO - Processing file /usr/local/lib/python3.9/site-packages/airflow/example_dags/example_time_delta_sensor_async.py for tasks to queue
[2024-10-03T20:34:10.182+0000] {logging_mixin.py:137} INFO - [2024-10-03T20:34:10.182+0000] {dagbag.py:532} INFO - Filling up the DagBag from /usr/local/lib/python3.9/site-packages/airflow/example_dags/example_time_delta_sensor_async.py
[2024-10-03T20:34:10.195+0000] {processor.py:753} INFO - DAG(s) dict_keys(['example_time_delta_sensor_async']) retrieved from /usr/local/lib/python3.9/site-packages/airflow/example_dags/example_time_delta_sensor_async.py
[2024-10-03T20:34:10.220+0000] {logging_mixin.py:137} INFO - [2024-10-03T20:34:10.220+0000] {dag.py:2705} INFO - Sync 1 DAGs
[2024-10-03T20:34:10.242+0000] {logging_mixin.py:137} INFO - [2024-10-03T20:34:10.241+0000] {dag.py:3452} INFO - Setting next_dagrun for example_time_delta_sensor_async to None, run_after=None
[2024-10-03T20:34:10.261+0000] {processor.py:175} INFO - Processing /usr/local/lib/python3.9/site-packages/airflow/example_dags/example_time_delta_sensor_async.py took 0.086 seconds
[2024-10-03T20:34:40.503+0000] {processor.py:153} INFO - Started process (PID=1321) to work on /usr/local/lib/python3.9/site-packages/airflow/example_dags/example_time_delta_sensor_async.py
[2024-10-03T20:34:40.510+0000] {processor.py:743} INFO - Processing file /usr/local/lib/python3.9/site-packages/airflow/example_dags/example_time_delta_sensor_async.py for tasks to queue
[2024-10-03T20:34:40.511+0000] {logging_mixin.py:137} INFO - [2024-10-03T20:34:40.510+0000] {dagbag.py:532} INFO - Filling up the DagBag from /usr/local/lib/python3.9/site-packages/airflow/example_dags/example_time_delta_sensor_async.py
[2024-10-03T20:34:40.542+0000] {processor.py:753} INFO - DAG(s) dict_keys(['example_time_delta_sensor_async']) retrieved from /usr/local/lib/python3.9/site-packages/airflow/example_dags/example_time_delta_sensor_async.py
[2024-10-03T20:34:40.594+0000] {logging_mixin.py:137} INFO - [2024-10-03T20:34:40.594+0000] {dag.py:2705} INFO - Sync 1 DAGs
[2024-10-03T20:34:40.707+0000] {logging_mixin.py:137} INFO - [2024-10-03T20:34:40.707+0000] {dag.py:3452} INFO - Setting next_dagrun for example_time_delta_sensor_async to None, run_after=None
[2024-10-03T20:34:40.760+0000] {processor.py:175} INFO - Processing /usr/local/lib/python3.9/site-packages/airflow/example_dags/example_time_delta_sensor_async.py took 0.263 seconds
[2024-10-03T20:35:12.242+0000] {processor.py:153} INFO - Started process (PID=1530) to work on /usr/local/lib/python3.9/site-packages/airflow/example_dags/example_time_delta_sensor_async.py
[2024-10-03T20:35:12.249+0000] {processor.py:743} INFO - Processing file /usr/local/lib/python3.9/site-packages/airflow/example_dags/example_time_delta_sensor_async.py for tasks to queue
[2024-10-03T20:35:12.249+0000] {logging_mixin.py:137} INFO - [2024-10-03T20:35:12.249+0000] {dagbag.py:532} INFO - Filling up the DagBag from /usr/local/lib/python3.9/site-packages/airflow/example_dags/example_time_delta_sensor_async.py
[2024-10-03T20:35:12.269+0000] {processor.py:753} INFO - DAG(s) dict_keys(['example_time_delta_sensor_async']) retrieved from /usr/local/lib/python3.9/site-packages/airflow/example_dags/example_time_delta_sensor_async.py
[2024-10-03T20:35:12.286+0000] {logging_mixin.py:137} INFO - [2024-10-03T20:35:12.286+0000] {dag.py:2705} INFO - Sync 1 DAGs
[2024-10-03T20:35:12.298+0000] {logging_mixin.py:137} INFO - [2024-10-03T20:35:12.298+0000] {dag.py:3452} INFO - Setting next_dagrun for example_time_delta_sensor_async to None, run_after=None
[2024-10-03T20:35:12.313+0000] {processor.py:175} INFO - Processing /usr/local/lib/python3.9/site-packages/airflow/example_dags/example_time_delta_sensor_async.py took 0.074 seconds
[2024-10-03T20:35:42.884+0000] {processor.py:153} INFO - Started process (PID=1735) to work on /usr/local/lib/python3.9/site-packages/airflow/example_dags/example_time_delta_sensor_async.py
[2024-10-03T20:35:42.886+0000] {processor.py:743} INFO - Processing file /usr/local/lib/python3.9/site-packages/airflow/example_dags/example_time_delta_sensor_async.py for tasks to queue
[2024-10-03T20:35:42.886+0000] {logging_mixin.py:137} INFO - [2024-10-03T20:35:42.886+0000] {dagbag.py:532} INFO - Filling up the DagBag from /usr/local/lib/python3.9/site-packages/airflow/example_dags/example_time_delta_sensor_async.py
[2024-10-03T20:35:42.898+0000] {processor.py:753} INFO - DAG(s) dict_keys(['example_time_delta_sensor_async']) retrieved from /usr/local/lib/python3.9/site-packages/airflow/example_dags/example_time_delta_sensor_async.py
[2024-10-03T20:35:42.908+0000] {logging_mixin.py:137} INFO - [2024-10-03T20:35:42.908+0000] {dag.py:2705} INFO - Sync 1 DAGs
[2024-10-03T20:35:42.917+0000] {logging_mixin.py:137} INFO - [2024-10-03T20:35:42.917+0000] {dag.py:3452} INFO - Setting next_dagrun for example_time_delta_sensor_async to None, run_after=None
[2024-10-03T20:35:42.925+0000] {processor.py:175} INFO - Processing /usr/local/lib/python3.9/site-packages/airflow/example_dags/example_time_delta_sensor_async.py took 0.043 seconds
[2024-10-03T20:36:14.624+0000] {processor.py:153} INFO - Started process (PID=1948) to work on /usr/local/lib/python3.9/site-packages/airflow/example_dags/example_time_delta_sensor_async.py
[2024-10-03T20:36:14.626+0000] {processor.py:743} INFO - Processing file /usr/local/lib/python3.9/site-packages/airflow/example_dags/example_time_delta_sensor_async.py for tasks to queue
[2024-10-03T20:36:14.626+0000] {logging_mixin.py:137} INFO - [2024-10-03T20:36:14.626+0000] {dagbag.py:532} INFO - Filling up the DagBag from /usr/local/lib/python3.9/site-packages/airflow/example_dags/example_time_delta_sensor_async.py
[2024-10-03T20:36:14.641+0000] {processor.py:753} INFO - DAG(s) dict_keys(['example_time_delta_sensor_async']) retrieved from /usr/local/lib/python3.9/site-packages/airflow/example_dags/example_time_delta_sensor_async.py
[2024-10-03T20:36:14.660+0000] {logging_mixin.py:137} INFO - [2024-10-03T20:36:14.660+0000] {dag.py:2705} INFO - Sync 1 DAGs
[2024-10-03T20:36:14.773+0000] {logging_mixin.py:137} INFO - [2024-10-03T20:36:14.773+0000] {dag.py:3452} INFO - Setting next_dagrun for example_time_delta_sensor_async to None, run_after=None
[2024-10-03T20:36:14.784+0000] {processor.py:175} INFO - Processing /usr/local/lib/python3.9/site-packages/airflow/example_dags/example_time_delta_sensor_async.py took 0.163 seconds
[2024-10-03T20:36:45.014+0000] {processor.py:153} INFO - Started process (PID=2157) to work on /usr/local/lib/python3.9/site-packages/airflow/example_dags/example_time_delta_sensor_async.py
[2024-10-03T20:36:45.014+0000] {processor.py:743} INFO - Processing file /usr/local/lib/python3.9/site-packages/airflow/example_dags/example_time_delta_sensor_async.py for tasks to queue
[2024-10-03T20:36:45.014+0000] {logging_mixin.py:137} INFO - [2024-10-03T20:36:45.014+0000] {dagbag.py:532} INFO - Filling up the DagBag from /usr/local/lib/python3.9/site-packages/airflow/example_dags/example_time_delta_sensor_async.py
[2024-10-03T20:36:45.020+0000] {processor.py:753} INFO - DAG(s) dict_keys(['example_time_delta_sensor_async']) retrieved from /usr/local/lib/python3.9/site-packages/airflow/example_dags/example_time_delta_sensor_async.py
[2024-10-03T20:36:45.093+0000] {logging_mixin.py:137} INFO - [2024-10-03T20:36:45.092+0000] {dag.py:2705} INFO - Sync 1 DAGs
[2024-10-03T20:36:45.106+0000] {logging_mixin.py:137} INFO - [2024-10-03T20:36:45.106+0000] {dag.py:3452} INFO - Setting next_dagrun for example_time_delta_sensor_async to None, run_after=None
[2024-10-03T20:36:45.116+0000] {processor.py:175} INFO - Processing /usr/local/lib/python3.9/site-packages/airflow/example_dags/example_time_delta_sensor_async.py took 0.104 seconds
[2024-10-03T20:37:15.878+0000] {processor.py:153} INFO - Started process (PID=2370) to work on /usr/local/lib/python3.9/site-packages/airflow/example_dags/example_time_delta_sensor_async.py
[2024-10-03T20:37:15.879+0000] {processor.py:743} INFO - Processing file /usr/local/lib/python3.9/site-packages/airflow/example_dags/example_time_delta_sensor_async.py for tasks to queue
[2024-10-03T20:37:15.879+0000] {logging_mixin.py:137} INFO - [2024-10-03T20:37:15.879+0000] {dagbag.py:532} INFO - Filling up the DagBag from /usr/local/lib/python3.9/site-packages/airflow/example_dags/example_time_delta_sensor_async.py
[2024-10-03T20:37:15.940+0000] {processor.py:753} INFO - DAG(s) dict_keys(['example_time_delta_sensor_async']) retrieved from /usr/local/lib/python3.9/site-packages/airflow/example_dags/example_time_delta_sensor_async.py
[2024-10-03T20:37:15.949+0000] {logging_mixin.py:137} INFO - [2024-10-03T20:37:15.949+0000] {dag.py:2705} INFO - Sync 1 DAGs
[2024-10-03T20:37:15.957+0000] {logging_mixin.py:137} INFO - [2024-10-03T20:37:15.957+0000] {dag.py:3452} INFO - Setting next_dagrun for example_time_delta_sensor_async to None, run_after=None
[2024-10-03T20:37:15.963+0000] {processor.py:175} INFO - Processing /usr/local/lib/python3.9/site-packages/airflow/example_dags/example_time_delta_sensor_async.py took 0.086 seconds
[2024-10-03T20:37:46.470+0000] {processor.py:153} INFO - Started process (PID=2578) to work on /usr/local/lib/python3.9/site-packages/airflow/example_dags/example_time_delta_sensor_async.py
[2024-10-03T20:37:46.471+0000] {processor.py:743} INFO - Processing file /usr/local/lib/python3.9/site-packages/airflow/example_dags/example_time_delta_sensor_async.py for tasks to queue
[2024-10-03T20:37:46.471+0000] {logging_mixin.py:137} INFO - [2024-10-03T20:37:46.471+0000] {dagbag.py:532} INFO - Filling up the DagBag from /usr/local/lib/python3.9/site-packages/airflow/example_dags/example_time_delta_sensor_async.py
[2024-10-03T20:37:46.479+0000] {processor.py:753} INFO - DAG(s) dict_keys(['example_time_delta_sensor_async']) retrieved from /usr/local/lib/python3.9/site-packages/airflow/example_dags/example_time_delta_sensor_async.py
[2024-10-03T20:37:46.490+0000] {logging_mixin.py:137} INFO - [2024-10-03T20:37:46.490+0000] {dag.py:2705} INFO - Sync 1 DAGs
[2024-10-03T20:37:46.501+0000] {logging_mixin.py:137} INFO - [2024-10-03T20:37:46.501+0000] {dag.py:3452} INFO - Setting next_dagrun for example_time_delta_sensor_async to None, run_after=None
[2024-10-03T20:37:46.511+0000] {processor.py:175} INFO - Processing /usr/local/lib/python3.9/site-packages/airflow/example_dags/example_time_delta_sensor_async.py took 0.042 seconds
[2024-10-03T20:38:16.660+0000] {processor.py:153} INFO - Started process (PID=2790) to work on /usr/local/lib/python3.9/site-packages/airflow/example_dags/example_time_delta_sensor_async.py
[2024-10-03T20:38:16.662+0000] {processor.py:743} INFO - Processing file /usr/local/lib/python3.9/site-packages/airflow/example_dags/example_time_delta_sensor_async.py for tasks to queue
[2024-10-03T20:38:16.663+0000] {logging_mixin.py:137} INFO - [2024-10-03T20:38:16.663+0000] {dagbag.py:532} INFO - Filling up the DagBag from /usr/local/lib/python3.9/site-packages/airflow/example_dags/example_time_delta_sensor_async.py
[2024-10-03T20:38:16.672+0000] {processor.py:753} INFO - DAG(s) dict_keys(['example_time_delta_sensor_async']) retrieved from /usr/local/lib/python3.9/site-packages/airflow/example_dags/example_time_delta_sensor_async.py
[2024-10-03T20:38:16.685+0000] {logging_mixin.py:137} INFO - [2024-10-03T20:38:16.684+0000] {dag.py:2705} INFO - Sync 1 DAGs
[2024-10-03T20:38:16.694+0000] {logging_mixin.py:137} INFO - [2024-10-03T20:38:16.694+0000] {dag.py:3452} INFO - Setting next_dagrun for example_time_delta_sensor_async to None, run_after=None
[2024-10-03T20:38:16.703+0000] {processor.py:175} INFO - Processing /usr/local/lib/python3.9/site-packages/airflow/example_dags/example_time_delta_sensor_async.py took 0.045 seconds
[2024-10-03T20:38:47.475+0000] {processor.py:153} INFO - Started process (PID=3001) to work on /usr/local/lib/python3.9/site-packages/airflow/example_dags/example_time_delta_sensor_async.py
[2024-10-03T20:38:47.475+0000] {processor.py:743} INFO - Processing file /usr/local/lib/python3.9/site-packages/airflow/example_dags/example_time_delta_sensor_async.py for tasks to queue
[2024-10-03T20:38:47.476+0000] {logging_mixin.py:137} INFO - [2024-10-03T20:38:47.476+0000] {dagbag.py:532} INFO - Filling up the DagBag from /usr/local/lib/python3.9/site-packages/airflow/example_dags/example_time_delta_sensor_async.py
[2024-10-03T20:38:47.481+0000] {processor.py:753} INFO - DAG(s) dict_keys(['example_time_delta_sensor_async']) retrieved from /usr/local/lib/python3.9/site-packages/airflow/example_dags/example_time_delta_sensor_async.py
[2024-10-03T20:38:47.494+0000] {logging_mixin.py:137} INFO - [2024-10-03T20:38:47.494+0000] {dag.py:2705} INFO - Sync 1 DAGs
[2024-10-03T20:38:47.504+0000] {logging_mixin.py:137} INFO - [2024-10-03T20:38:47.504+0000] {dag.py:3452} INFO - Setting next_dagrun for example_time_delta_sensor_async to None, run_after=None
[2024-10-03T20:38:47.518+0000] {processor.py:175} INFO - Processing /usr/local/lib/python3.9/site-packages/airflow/example_dags/example_time_delta_sensor_async.py took 0.045 seconds
[2024-10-03T20:39:18.307+0000] {processor.py:153} INFO - Started process (PID=3213) to work on /usr/local/lib/python3.9/site-packages/airflow/example_dags/example_time_delta_sensor_async.py
[2024-10-03T20:39:18.308+0000] {processor.py:743} INFO - Processing file /usr/local/lib/python3.9/site-packages/airflow/example_dags/example_time_delta_sensor_async.py for tasks to queue
[2024-10-03T20:39:18.308+0000] {logging_mixin.py:137} INFO - [2024-10-03T20:39:18.308+0000] {dagbag.py:532} INFO - Filling up the DagBag from /usr/local/lib/python3.9/site-packages/airflow/example_dags/example_time_delta_sensor_async.py
[2024-10-03T20:39:18.314+0000] {processor.py:753} INFO - DAG(s) dict_keys(['example_time_delta_sensor_async']) retrieved from /usr/local/lib/python3.9/site-packages/airflow/example_dags/example_time_delta_sensor_async.py
[2024-10-03T20:39:18.330+0000] {logging_mixin.py:137} INFO - [2024-10-03T20:39:18.330+0000] {dag.py:2705} INFO - Sync 1 DAGs
[2024-10-03T20:39:18.345+0000] {logging_mixin.py:137} INFO - [2024-10-03T20:39:18.345+0000] {dag.py:3452} INFO - Setting next_dagrun for example_time_delta_sensor_async to None, run_after=None
[2024-10-03T20:39:18.356+0000] {processor.py:175} INFO - Processing /usr/local/lib/python3.9/site-packages/airflow/example_dags/example_time_delta_sensor_async.py took 0.051 seconds
[2024-10-03T20:39:49.046+0000] {processor.py:153} INFO - Started process (PID=3423) to work on /usr/local/lib/python3.9/site-packages/airflow/example_dags/example_time_delta_sensor_async.py
[2024-10-03T20:39:49.050+0000] {processor.py:743} INFO - Processing file /usr/local/lib/python3.9/site-packages/airflow/example_dags/example_time_delta_sensor_async.py for tasks to queue
[2024-10-03T20:39:49.051+0000] {logging_mixin.py:137} INFO - [2024-10-03T20:39:49.051+0000] {dagbag.py:532} INFO - Filling up the DagBag from /usr/local/lib/python3.9/site-packages/airflow/example_dags/example_time_delta_sensor_async.py
[2024-10-03T20:39:49.056+0000] {processor.py:753} INFO - DAG(s) dict_keys(['example_time_delta_sensor_async']) retrieved from /usr/local/lib/python3.9/site-packages/airflow/example_dags/example_time_delta_sensor_async.py
[2024-10-03T20:39:49.066+0000] {logging_mixin.py:137} INFO - [2024-10-03T20:39:49.066+0000] {dag.py:2705} INFO - Sync 1 DAGs
[2024-10-03T20:39:49.075+0000] {logging_mixin.py:137} INFO - [2024-10-03T20:39:49.075+0000] {dag.py:3452} INFO - Setting next_dagrun for example_time_delta_sensor_async to None, run_after=None
[2024-10-03T20:39:49.085+0000] {processor.py:175} INFO - Processing /usr/local/lib/python3.9/site-packages/airflow/example_dags/example_time_delta_sensor_async.py took 0.040 seconds
[2024-10-03T20:40:19.973+0000] {processor.py:153} INFO - Started process (PID=3636) to work on /usr/local/lib/python3.9/site-packages/airflow/example_dags/example_time_delta_sensor_async.py
[2024-10-03T20:40:19.974+0000] {processor.py:743} INFO - Processing file /usr/local/lib/python3.9/site-packages/airflow/example_dags/example_time_delta_sensor_async.py for tasks to queue
[2024-10-03T20:40:19.974+0000] {logging_mixin.py:137} INFO - [2024-10-03T20:40:19.974+0000] {dagbag.py:532} INFO - Filling up the DagBag from /usr/local/lib/python3.9/site-packages/airflow/example_dags/example_time_delta_sensor_async.py
[2024-10-03T20:40:19.981+0000] {processor.py:753} INFO - DAG(s) dict_keys(['example_time_delta_sensor_async']) retrieved from /usr/local/lib/python3.9/site-packages/airflow/example_dags/example_time_delta_sensor_async.py
[2024-10-03T20:40:19.993+0000] {logging_mixin.py:137} INFO - [2024-10-03T20:40:19.992+0000] {dag.py:2705} INFO - Sync 1 DAGs
[2024-10-03T20:40:20.005+0000] {logging_mixin.py:137} INFO - [2024-10-03T20:40:20.005+0000] {dag.py:3452} INFO - Setting next_dagrun for example_time_delta_sensor_async to None, run_after=None
[2024-10-03T20:40:20.012+0000] {processor.py:175} INFO - Processing /usr/local/lib/python3.9/site-packages/airflow/example_dags/example_time_delta_sensor_async.py took 0.041 seconds
[2024-10-03T20:40:50.815+0000] {processor.py:153} INFO - Started process (PID=3845) to work on /usr/local/lib/python3.9/site-packages/airflow/example_dags/example_time_delta_sensor_async.py
[2024-10-03T20:40:50.816+0000] {processor.py:743} INFO - Processing file /usr/local/lib/python3.9/site-packages/airflow/example_dags/example_time_delta_sensor_async.py for tasks to queue
[2024-10-03T20:40:50.817+0000] {logging_mixin.py:137} INFO - [2024-10-03T20:40:50.817+0000] {dagbag.py:532} INFO - Filling up the DagBag from /usr/local/lib/python3.9/site-packages/airflow/example_dags/example_time_delta_sensor_async.py
[2024-10-03T20:40:50.822+0000] {processor.py:753} INFO - DAG(s) dict_keys(['example_time_delta_sensor_async']) retrieved from /usr/local/lib/python3.9/site-packages/airflow/example_dags/example_time_delta_sensor_async.py
[2024-10-03T20:40:50.836+0000] {logging_mixin.py:137} INFO - [2024-10-03T20:40:50.836+0000] {dag.py:2705} INFO - Sync 1 DAGs
[2024-10-03T20:40:50.845+0000] {logging_mixin.py:137} INFO - [2024-10-03T20:40:50.845+0000] {dag.py:3452} INFO - Setting next_dagrun for example_time_delta_sensor_async to None, run_after=None
[2024-10-03T20:40:50.853+0000] {processor.py:175} INFO - Processing /usr/local/lib/python3.9/site-packages/airflow/example_dags/example_time_delta_sensor_async.py took 0.040 seconds
[2024-10-03T20:41:21.505+0000] {processor.py:153} INFO - Started process (PID=4056) to work on /usr/local/lib/python3.9/site-packages/airflow/example_dags/example_time_delta_sensor_async.py
[2024-10-03T20:41:21.505+0000] {processor.py:743} INFO - Processing file /usr/local/lib/python3.9/site-packages/airflow/example_dags/example_time_delta_sensor_async.py for tasks to queue
[2024-10-03T20:41:21.506+0000] {logging_mixin.py:137} INFO - [2024-10-03T20:41:21.506+0000] {dagbag.py:532} INFO - Filling up the DagBag from /usr/local/lib/python3.9/site-packages/airflow/example_dags/example_time_delta_sensor_async.py
[2024-10-03T20:41:21.512+0000] {processor.py:753} INFO - DAG(s) dict_keys(['example_time_delta_sensor_async']) retrieved from /usr/local/lib/python3.9/site-packages/airflow/example_dags/example_time_delta_sensor_async.py
[2024-10-03T20:41:21.524+0000] {logging_mixin.py:137} INFO - [2024-10-03T20:41:21.523+0000] {dag.py:2705} INFO - Sync 1 DAGs
[2024-10-03T20:41:21.533+0000] {logging_mixin.py:137} INFO - [2024-10-03T20:41:21.532+0000] {dag.py:3452} INFO - Setting next_dagrun for example_time_delta_sensor_async to None, run_after=None
[2024-10-03T20:41:21.541+0000] {processor.py:175} INFO - Processing /usr/local/lib/python3.9/site-packages/airflow/example_dags/example_time_delta_sensor_async.py took 0.037 seconds
[2024-10-03T20:41:52.158+0000] {processor.py:153} INFO - Started process (PID=4267) to work on /usr/local/lib/python3.9/site-packages/airflow/example_dags/example_time_delta_sensor_async.py
[2024-10-03T20:41:52.158+0000] {processor.py:743} INFO - Processing file /usr/local/lib/python3.9/site-packages/airflow/example_dags/example_time_delta_sensor_async.py for tasks to queue
[2024-10-03T20:41:52.160+0000] {logging_mixin.py:137} INFO - [2024-10-03T20:41:52.160+0000] {dagbag.py:532} INFO - Filling up the DagBag from /usr/local/lib/python3.9/site-packages/airflow/example_dags/example_time_delta_sensor_async.py
[2024-10-03T20:41:52.165+0000] {processor.py:753} INFO - DAG(s) dict_keys(['example_time_delta_sensor_async']) retrieved from /usr/local/lib/python3.9/site-packages/airflow/example_dags/example_time_delta_sensor_async.py
[2024-10-03T20:41:52.179+0000] {logging_mixin.py:137} INFO - [2024-10-03T20:41:52.179+0000] {dag.py:2705} INFO - Sync 1 DAGs
[2024-10-03T20:41:52.188+0000] {logging_mixin.py:137} INFO - [2024-10-03T20:41:52.188+0000] {dag.py:3452} INFO - Setting next_dagrun for example_time_delta_sensor_async to None, run_after=None
[2024-10-03T20:41:52.199+0000] {processor.py:175} INFO - Processing /usr/local/lib/python3.9/site-packages/airflow/example_dags/example_time_delta_sensor_async.py took 0.043 seconds
[2024-10-03T20:42:22.850+0000] {processor.py:153} INFO - Started process (PID=4478) to work on /usr/local/lib/python3.9/site-packages/airflow/example_dags/example_time_delta_sensor_async.py
[2024-10-03T20:42:22.851+0000] {processor.py:743} INFO - Processing file /usr/local/lib/python3.9/site-packages/airflow/example_dags/example_time_delta_sensor_async.py for tasks to queue
[2024-10-03T20:42:22.851+0000] {logging_mixin.py:137} INFO - [2024-10-03T20:42:22.851+0000] {dagbag.py:532} INFO - Filling up the DagBag from /usr/local/lib/python3.9/site-packages/airflow/example_dags/example_time_delta_sensor_async.py
[2024-10-03T20:42:22.857+0000] {processor.py:753} INFO - DAG(s) dict_keys(['example_time_delta_sensor_async']) retrieved from /usr/local/lib/python3.9/site-packages/airflow/example_dags/example_time_delta_sensor_async.py
[2024-10-03T20:42:22.870+0000] {logging_mixin.py:137} INFO - [2024-10-03T20:42:22.870+0000] {dag.py:2705} INFO - Sync 1 DAGs
[2024-10-03T20:42:22.881+0000] {logging_mixin.py:137} INFO - [2024-10-03T20:42:22.881+0000] {dag.py:3452} INFO - Setting next_dagrun for example_time_delta_sensor_async to None, run_after=None
[2024-10-03T20:42:22.894+0000] {processor.py:175} INFO - Processing /usr/local/lib/python3.9/site-packages/airflow/example_dags/example_time_delta_sensor_async.py took 0.045 seconds
[2024-10-03T20:42:53.490+0000] {processor.py:153} INFO - Started process (PID=4689) to work on /usr/local/lib/python3.9/site-packages/airflow/example_dags/example_time_delta_sensor_async.py
[2024-10-03T20:42:53.491+0000] {processor.py:743} INFO - Processing file /usr/local/lib/python3.9/site-packages/airflow/example_dags/example_time_delta_sensor_async.py for tasks to queue
[2024-10-03T20:42:53.492+0000] {logging_mixin.py:137} INFO - [2024-10-03T20:42:53.492+0000] {dagbag.py:532} INFO - Filling up the DagBag from /usr/local/lib/python3.9/site-packages/airflow/example_dags/example_time_delta_sensor_async.py
[2024-10-03T20:42:53.498+0000] {processor.py:753} INFO - DAG(s) dict_keys(['example_time_delta_sensor_async']) retrieved from /usr/local/lib/python3.9/site-packages/airflow/example_dags/example_time_delta_sensor_async.py
[2024-10-03T20:42:53.508+0000] {logging_mixin.py:137} INFO - [2024-10-03T20:42:53.508+0000] {dag.py:2705} INFO - Sync 1 DAGs
[2024-10-03T20:42:53.518+0000] {logging_mixin.py:137} INFO - [2024-10-03T20:42:53.518+0000] {dag.py:3452} INFO - Setting next_dagrun for example_time_delta_sensor_async to None, run_after=None
[2024-10-03T20:42:53.525+0000] {processor.py:175} INFO - Processing /usr/local/lib/python3.9/site-packages/airflow/example_dags/example_time_delta_sensor_async.py took 0.036 seconds
[2024-10-03T20:43:24.138+0000] {processor.py:153} INFO - Started process (PID=4900) to work on /usr/local/lib/python3.9/site-packages/airflow/example_dags/example_time_delta_sensor_async.py
[2024-10-03T20:43:24.139+0000] {processor.py:743} INFO - Processing file /usr/local/lib/python3.9/site-packages/airflow/example_dags/example_time_delta_sensor_async.py for tasks to queue
[2024-10-03T20:43:24.139+0000] {logging_mixin.py:137} INFO - [2024-10-03T20:43:24.139+0000] {dagbag.py:532} INFO - Filling up the DagBag from /usr/local/lib/python3.9/site-packages/airflow/example_dags/example_time_delta_sensor_async.py
[2024-10-03T20:43:24.144+0000] {processor.py:753} INFO - DAG(s) dict_keys(['example_time_delta_sensor_async']) retrieved from /usr/local/lib/python3.9/site-packages/airflow/example_dags/example_time_delta_sensor_async.py
[2024-10-03T20:43:24.153+0000] {logging_mixin.py:137} INFO - [2024-10-03T20:43:24.153+0000] {dag.py:2705} INFO - Sync 1 DAGs
[2024-10-03T20:43:24.162+0000] {logging_mixin.py:137} INFO - [2024-10-03T20:43:24.162+0000] {dag.py:3452} INFO - Setting next_dagrun for example_time_delta_sensor_async to None, run_after=None
[2024-10-03T20:43:24.170+0000] {processor.py:175} INFO - Processing /usr/local/lib/python3.9/site-packages/airflow/example_dags/example_time_delta_sensor_async.py took 0.034 seconds
[2024-10-03T20:43:54.698+0000] {processor.py:153} INFO - Started process (PID=5111) to work on /usr/local/lib/python3.9/site-packages/airflow/example_dags/example_time_delta_sensor_async.py
[2024-10-03T20:43:54.701+0000] {processor.py:743} INFO - Processing file /usr/local/lib/python3.9/site-packages/airflow/example_dags/example_time_delta_sensor_async.py for tasks to queue
[2024-10-03T20:43:54.701+0000] {logging_mixin.py:137} INFO - [2024-10-03T20:43:54.701+0000] {dagbag.py:532} INFO - Filling up the DagBag from /usr/local/lib/python3.9/site-packages/airflow/example_dags/example_time_delta_sensor_async.py
[2024-10-03T20:43:54.706+0000] {processor.py:753} INFO - DAG(s) dict_keys(['example_time_delta_sensor_async']) retrieved from /usr/local/lib/python3.9/site-packages/airflow/example_dags/example_time_delta_sensor_async.py
[2024-10-03T20:43:54.717+0000] {logging_mixin.py:137} INFO - [2024-10-03T20:43:54.717+0000] {dag.py:2705} INFO - Sync 1 DAGs
[2024-10-03T20:43:54.726+0000] {logging_mixin.py:137} INFO - [2024-10-03T20:43:54.726+0000] {dag.py:3452} INFO - Setting next_dagrun for example_time_delta_sensor_async to None, run_after=None
[2024-10-03T20:43:54.733+0000] {processor.py:175} INFO - Processing /usr/local/lib/python3.9/site-packages/airflow/example_dags/example_time_delta_sensor_async.py took 0.037 seconds
[2024-10-03T20:44:25.449+0000] {processor.py:153} INFO - Started process (PID=5324) to work on /usr/local/lib/python3.9/site-packages/airflow/example_dags/example_time_delta_sensor_async.py
[2024-10-03T20:44:25.449+0000] {processor.py:743} INFO - Processing file /usr/local/lib/python3.9/site-packages/airflow/example_dags/example_time_delta_sensor_async.py for tasks to queue
[2024-10-03T20:44:25.449+0000] {logging_mixin.py:137} INFO - [2024-10-03T20:44:25.449+0000] {dagbag.py:532} INFO - Filling up the DagBag from /usr/local/lib/python3.9/site-packages/airflow/example_dags/example_time_delta_sensor_async.py
[2024-10-03T20:44:25.455+0000] {processor.py:753} INFO - DAG(s) dict_keys(['example_time_delta_sensor_async']) retrieved from /usr/local/lib/python3.9/site-packages/airflow/example_dags/example_time_delta_sensor_async.py
[2024-10-03T20:44:25.465+0000] {logging_mixin.py:137} INFO - [2024-10-03T20:44:25.465+0000] {dag.py:2705} INFO - Sync 1 DAGs
[2024-10-03T20:44:25.474+0000] {logging_mixin.py:137} INFO - [2024-10-03T20:44:25.474+0000] {dag.py:3452} INFO - Setting next_dagrun for example_time_delta_sensor_async to None, run_after=None
[2024-10-03T20:44:25.488+0000] {processor.py:175} INFO - Processing /usr/local/lib/python3.9/site-packages/airflow/example_dags/example_time_delta_sensor_async.py took 0.041 seconds
[2024-10-03T20:44:56.137+0000] {processor.py:153} INFO - Started process (PID=5533) to work on /usr/local/lib/python3.9/site-packages/airflow/example_dags/example_time_delta_sensor_async.py
[2024-10-03T20:44:56.138+0000] {processor.py:743} INFO - Processing file /usr/local/lib/python3.9/site-packages/airflow/example_dags/example_time_delta_sensor_async.py for tasks to queue
[2024-10-03T20:44:56.138+0000] {logging_mixin.py:137} INFO - [2024-10-03T20:44:56.138+0000] {dagbag.py:532} INFO - Filling up the DagBag from /usr/local/lib/python3.9/site-packages/airflow/example_dags/example_time_delta_sensor_async.py
[2024-10-03T20:44:56.144+0000] {processor.py:753} INFO - DAG(s) dict_keys(['example_time_delta_sensor_async']) retrieved from /usr/local/lib/python3.9/site-packages/airflow/example_dags/example_time_delta_sensor_async.py
[2024-10-03T20:44:56.153+0000] {logging_mixin.py:137} INFO - [2024-10-03T20:44:56.153+0000] {dag.py:2705} INFO - Sync 1 DAGs
[2024-10-03T20:44:56.163+0000] {logging_mixin.py:137} INFO - [2024-10-03T20:44:56.163+0000] {dag.py:3452} INFO - Setting next_dagrun for example_time_delta_sensor_async to None, run_after=None
[2024-10-03T20:44:56.173+0000] {processor.py:175} INFO - Processing /usr/local/lib/python3.9/site-packages/airflow/example_dags/example_time_delta_sensor_async.py took 0.037 seconds
[2024-10-03T20:45:26.743+0000] {processor.py:153} INFO - Started process (PID=5744) to work on /usr/local/lib/python3.9/site-packages/airflow/example_dags/example_time_delta_sensor_async.py
[2024-10-03T20:45:26.746+0000] {processor.py:743} INFO - Processing file /usr/local/lib/python3.9/site-packages/airflow/example_dags/example_time_delta_sensor_async.py for tasks to queue
[2024-10-03T20:45:26.747+0000] {logging_mixin.py:137} INFO - [2024-10-03T20:45:26.747+0000] {dagbag.py:532} INFO - Filling up the DagBag from /usr/local/lib/python3.9/site-packages/airflow/example_dags/example_time_delta_sensor_async.py
[2024-10-03T20:45:26.752+0000] {processor.py:753} INFO - DAG(s) dict_keys(['example_time_delta_sensor_async']) retrieved from /usr/local/lib/python3.9/site-packages/airflow/example_dags/example_time_delta_sensor_async.py
[2024-10-03T20:45:26.762+0000] {logging_mixin.py:137} INFO - [2024-10-03T20:45:26.762+0000] {dag.py:2705} INFO - Sync 1 DAGs
[2024-10-03T20:45:26.771+0000] {logging_mixin.py:137} INFO - [2024-10-03T20:45:26.771+0000] {dag.py:3452} INFO - Setting next_dagrun for example_time_delta_sensor_async to None, run_after=None
[2024-10-03T20:45:26.778+0000] {processor.py:175} INFO - Processing /usr/local/lib/python3.9/site-packages/airflow/example_dags/example_time_delta_sensor_async.py took 0.037 seconds
[2024-10-03T20:45:57.507+0000] {processor.py:153} INFO - Started process (PID=5955) to work on /usr/local/lib/python3.9/site-packages/airflow/example_dags/example_time_delta_sensor_async.py
[2024-10-03T20:45:57.508+0000] {processor.py:743} INFO - Processing file /usr/local/lib/python3.9/site-packages/airflow/example_dags/example_time_delta_sensor_async.py for tasks to queue
[2024-10-03T20:45:57.509+0000] {logging_mixin.py:137} INFO - [2024-10-03T20:45:57.509+0000] {dagbag.py:532} INFO - Filling up the DagBag from /usr/local/lib/python3.9/site-packages/airflow/example_dags/example_time_delta_sensor_async.py
[2024-10-03T20:45:57.514+0000] {processor.py:753} INFO - DAG(s) dict_keys(['example_time_delta_sensor_async']) retrieved from /usr/local/lib/python3.9/site-packages/airflow/example_dags/example_time_delta_sensor_async.py
[2024-10-03T20:45:57.530+0000] {logging_mixin.py:137} INFO - [2024-10-03T20:45:57.530+0000] {dag.py:2705} INFO - Sync 1 DAGs
[2024-10-03T20:45:57.538+0000] {logging_mixin.py:137} INFO - [2024-10-03T20:45:57.538+0000] {dag.py:3452} INFO - Setting next_dagrun for example_time_delta_sensor_async to None, run_after=None
[2024-10-03T20:45:57.548+0000] {processor.py:175} INFO - Processing /usr/local/lib/python3.9/site-packages/airflow/example_dags/example_time_delta_sensor_async.py took 0.042 seconds
[2024-10-03T20:46:28.249+0000] {processor.py:153} INFO - Started process (PID=6168) to work on /usr/local/lib/python3.9/site-packages/airflow/example_dags/example_time_delta_sensor_async.py
[2024-10-03T20:46:28.249+0000] {processor.py:743} INFO - Processing file /usr/local/lib/python3.9/site-packages/airflow/example_dags/example_time_delta_sensor_async.py for tasks to queue
[2024-10-03T20:46:28.250+0000] {logging_mixin.py:137} INFO - [2024-10-03T20:46:28.250+0000] {dagbag.py:532} INFO - Filling up the DagBag from /usr/local/lib/python3.9/site-packages/airflow/example_dags/example_time_delta_sensor_async.py
[2024-10-03T20:46:28.255+0000] {processor.py:753} INFO - DAG(s) dict_keys(['example_time_delta_sensor_async']) retrieved from /usr/local/lib/python3.9/site-packages/airflow/example_dags/example_time_delta_sensor_async.py
[2024-10-03T20:46:28.264+0000] {logging_mixin.py:137} INFO - [2024-10-03T20:46:28.264+0000] {dag.py:2705} INFO - Sync 1 DAGs
[2024-10-03T20:46:28.273+0000] {logging_mixin.py:137} INFO - [2024-10-03T20:46:28.273+0000] {dag.py:3452} INFO - Setting next_dagrun for example_time_delta_sensor_async to None, run_after=None
[2024-10-03T20:46:28.279+0000] {processor.py:175} INFO - Processing /usr/local/lib/python3.9/site-packages/airflow/example_dags/example_time_delta_sensor_async.py took 0.032 seconds
[2024-10-03T20:46:58.882+0000] {processor.py:153} INFO - Started process (PID=6379) to work on /usr/local/lib/python3.9/site-packages/airflow/example_dags/example_time_delta_sensor_async.py
[2024-10-03T20:46:58.883+0000] {processor.py:743} INFO - Processing file /usr/local/lib/python3.9/site-packages/airflow/example_dags/example_time_delta_sensor_async.py for tasks to queue
[2024-10-03T20:46:58.883+0000] {logging_mixin.py:137} INFO - [2024-10-03T20:46:58.883+0000] {dagbag.py:532} INFO - Filling up the DagBag from /usr/local/lib/python3.9/site-packages/airflow/example_dags/example_time_delta_sensor_async.py
[2024-10-03T20:46:58.888+0000] {processor.py:753} INFO - DAG(s) dict_keys(['example_time_delta_sensor_async']) retrieved from /usr/local/lib/python3.9/site-packages/airflow/example_dags/example_time_delta_sensor_async.py
[2024-10-03T20:46:58.897+0000] {logging_mixin.py:137} INFO - [2024-10-03T20:46:58.897+0000] {dag.py:2705} INFO - Sync 1 DAGs
[2024-10-03T20:46:58.905+0000] {logging_mixin.py:137} INFO - [2024-10-03T20:46:58.905+0000] {dag.py:3452} INFO - Setting next_dagrun for example_time_delta_sensor_async to None, run_after=None
[2024-10-03T20:46:58.911+0000] {processor.py:175} INFO - Processing /usr/local/lib/python3.9/site-packages/airflow/example_dags/example_time_delta_sensor_async.py took 0.030 seconds
[2024-10-03T20:47:29.355+0000] {processor.py:153} INFO - Started process (PID=6588) to work on /usr/local/lib/python3.9/site-packages/airflow/example_dags/example_time_delta_sensor_async.py
[2024-10-03T20:47:29.360+0000] {processor.py:743} INFO - Processing file /usr/local/lib/python3.9/site-packages/airflow/example_dags/example_time_delta_sensor_async.py for tasks to queue
[2024-10-03T20:47:29.360+0000] {logging_mixin.py:137} INFO - [2024-10-03T20:47:29.360+0000] {dagbag.py:532} INFO - Filling up the DagBag from /usr/local/lib/python3.9/site-packages/airflow/example_dags/example_time_delta_sensor_async.py
[2024-10-03T20:47:29.365+0000] {processor.py:753} INFO - DAG(s) dict_keys(['example_time_delta_sensor_async']) retrieved from /usr/local/lib/python3.9/site-packages/airflow/example_dags/example_time_delta_sensor_async.py
[2024-10-03T20:47:29.375+0000] {logging_mixin.py:137} INFO - [2024-10-03T20:47:29.375+0000] {dag.py:2705} INFO - Sync 1 DAGs
[2024-10-03T20:47:29.384+0000] {logging_mixin.py:137} INFO - [2024-10-03T20:47:29.384+0000] {dag.py:3452} INFO - Setting next_dagrun for example_time_delta_sensor_async to None, run_after=None
[2024-10-03T20:47:29.393+0000] {processor.py:175} INFO - Processing /usr/local/lib/python3.9/site-packages/airflow/example_dags/example_time_delta_sensor_async.py took 0.040 seconds
[2024-10-03T20:48:00.094+0000] {processor.py:153} INFO - Started process (PID=6801) to work on /usr/local/lib/python3.9/site-packages/airflow/example_dags/example_time_delta_sensor_async.py
[2024-10-03T20:48:00.095+0000] {processor.py:743} INFO - Processing file /usr/local/lib/python3.9/site-packages/airflow/example_dags/example_time_delta_sensor_async.py for tasks to queue
[2024-10-03T20:48:00.095+0000] {logging_mixin.py:137} INFO - [2024-10-03T20:48:00.095+0000] {dagbag.py:532} INFO - Filling up the DagBag from /usr/local/lib/python3.9/site-packages/airflow/example_dags/example_time_delta_sensor_async.py
[2024-10-03T20:48:00.101+0000] {processor.py:753} INFO - DAG(s) dict_keys(['example_time_delta_sensor_async']) retrieved from /usr/local/lib/python3.9/site-packages/airflow/example_dags/example_time_delta_sensor_async.py
[2024-10-03T20:48:00.114+0000] {logging_mixin.py:137} INFO - [2024-10-03T20:48:00.114+0000] {dag.py:2705} INFO - Sync 1 DAGs
[2024-10-03T20:48:00.122+0000] {logging_mixin.py:137} INFO - [2024-10-03T20:48:00.122+0000] {dag.py:3452} INFO - Setting next_dagrun for example_time_delta_sensor_async to None, run_after=None
[2024-10-03T20:48:00.131+0000] {processor.py:175} INFO - Processing /usr/local/lib/python3.9/site-packages/airflow/example_dags/example_time_delta_sensor_async.py took 0.038 seconds
[2024-10-03T20:48:30.700+0000] {processor.py:153} INFO - Started process (PID=7009) to work on /usr/local/lib/python3.9/site-packages/airflow/example_dags/example_time_delta_sensor_async.py
[2024-10-03T20:48:30.704+0000] {processor.py:743} INFO - Processing file /usr/local/lib/python3.9/site-packages/airflow/example_dags/example_time_delta_sensor_async.py for tasks to queue
[2024-10-03T20:48:30.704+0000] {logging_mixin.py:137} INFO - [2024-10-03T20:48:30.704+0000] {dagbag.py:532} INFO - Filling up the DagBag from /usr/local/lib/python3.9/site-packages/airflow/example_dags/example_time_delta_sensor_async.py
[2024-10-03T20:48:30.710+0000] {processor.py:753} INFO - DAG(s) dict_keys(['example_time_delta_sensor_async']) retrieved from /usr/local/lib/python3.9/site-packages/airflow/example_dags/example_time_delta_sensor_async.py
[2024-10-03T20:48:30.723+0000] {logging_mixin.py:137} INFO - [2024-10-03T20:48:30.723+0000] {dag.py:2705} INFO - Sync 1 DAGs
[2024-10-03T20:48:30.735+0000] {logging_mixin.py:137} INFO - [2024-10-03T20:48:30.735+0000] {dag.py:3452} INFO - Setting next_dagrun for example_time_delta_sensor_async to None, run_after=None
[2024-10-03T20:48:30.747+0000] {processor.py:175} INFO - Processing /usr/local/lib/python3.9/site-packages/airflow/example_dags/example_time_delta_sensor_async.py took 0.049 seconds
[2024-10-03T20:49:01.547+0000] {processor.py:153} INFO - Started process (PID=7223) to work on /usr/local/lib/python3.9/site-packages/airflow/example_dags/example_time_delta_sensor_async.py
[2024-10-03T20:49:01.548+0000] {processor.py:743} INFO - Processing file /usr/local/lib/python3.9/site-packages/airflow/example_dags/example_time_delta_sensor_async.py for tasks to queue
[2024-10-03T20:49:01.548+0000] {logging_mixin.py:137} INFO - [2024-10-03T20:49:01.548+0000] {dagbag.py:532} INFO - Filling up the DagBag from /usr/local/lib/python3.9/site-packages/airflow/example_dags/example_time_delta_sensor_async.py
[2024-10-03T20:49:01.554+0000] {processor.py:753} INFO - DAG(s) dict_keys(['example_time_delta_sensor_async']) retrieved from /usr/local/lib/python3.9/site-packages/airflow/example_dags/example_time_delta_sensor_async.py
[2024-10-03T20:49:01.564+0000] {logging_mixin.py:137} INFO - [2024-10-03T20:49:01.564+0000] {dag.py:2705} INFO - Sync 1 DAGs
[2024-10-03T20:49:01.573+0000] {logging_mixin.py:137} INFO - [2024-10-03T20:49:01.573+0000] {dag.py:3452} INFO - Setting next_dagrun for example_time_delta_sensor_async to None, run_after=None
[2024-10-03T20:49:01.580+0000] {processor.py:175} INFO - Processing /usr/local/lib/python3.9/site-packages/airflow/example_dags/example_time_delta_sensor_async.py took 0.034 seconds
[2024-10-03T20:49:32.375+0000] {processor.py:153} INFO - Started process (PID=7434) to work on /usr/local/lib/python3.9/site-packages/airflow/example_dags/example_time_delta_sensor_async.py
[2024-10-03T20:49:32.376+0000] {processor.py:743} INFO - Processing file /usr/local/lib/python3.9/site-packages/airflow/example_dags/example_time_delta_sensor_async.py for tasks to queue
[2024-10-03T20:49:32.376+0000] {logging_mixin.py:137} INFO - [2024-10-03T20:49:32.376+0000] {dagbag.py:532} INFO - Filling up the DagBag from /usr/local/lib/python3.9/site-packages/airflow/example_dags/example_time_delta_sensor_async.py
[2024-10-03T20:49:32.381+0000] {processor.py:753} INFO - DAG(s) dict_keys(['example_time_delta_sensor_async']) retrieved from /usr/local/lib/python3.9/site-packages/airflow/example_dags/example_time_delta_sensor_async.py
[2024-10-03T20:49:32.390+0000] {logging_mixin.py:137} INFO - [2024-10-03T20:49:32.390+0000] {dag.py:2705} INFO - Sync 1 DAGs
[2024-10-03T20:49:32.398+0000] {logging_mixin.py:137} INFO - [2024-10-03T20:49:32.398+0000] {dag.py:3452} INFO - Setting next_dagrun for example_time_delta_sensor_async to None, run_after=None
[2024-10-03T20:49:32.404+0000] {processor.py:175} INFO - Processing /usr/local/lib/python3.9/site-packages/airflow/example_dags/example_time_delta_sensor_async.py took 0.030 seconds
[2024-10-03T20:50:03.048+0000] {processor.py:153} INFO - Started process (PID=7643) to work on /usr/local/lib/python3.9/site-packages/airflow/example_dags/example_time_delta_sensor_async.py
[2024-10-03T20:50:03.049+0000] {processor.py:743} INFO - Processing file /usr/local/lib/python3.9/site-packages/airflow/example_dags/example_time_delta_sensor_async.py for tasks to queue
[2024-10-03T20:50:03.050+0000] {logging_mixin.py:137} INFO - [2024-10-03T20:50:03.050+0000] {dagbag.py:532} INFO - Filling up the DagBag from /usr/local/lib/python3.9/site-packages/airflow/example_dags/example_time_delta_sensor_async.py
[2024-10-03T20:50:03.056+0000] {processor.py:753} INFO - DAG(s) dict_keys(['example_time_delta_sensor_async']) retrieved from /usr/local/lib/python3.9/site-packages/airflow/example_dags/example_time_delta_sensor_async.py
[2024-10-03T20:50:03.065+0000] {logging_mixin.py:137} INFO - [2024-10-03T20:50:03.065+0000] {dag.py:2705} INFO - Sync 1 DAGs
[2024-10-03T20:50:03.075+0000] {logging_mixin.py:137} INFO - [2024-10-03T20:50:03.075+0000] {dag.py:3452} INFO - Setting next_dagrun for example_time_delta_sensor_async to None, run_after=None
[2024-10-03T20:50:03.084+0000] {processor.py:175} INFO - Processing /usr/local/lib/python3.9/site-packages/airflow/example_dags/example_time_delta_sensor_async.py took 0.037 seconds
[2024-10-03T20:50:33.835+0000] {processor.py:153} INFO - Started process (PID=7856) to work on /usr/local/lib/python3.9/site-packages/airflow/example_dags/example_time_delta_sensor_async.py
[2024-10-03T20:50:33.836+0000] {processor.py:743} INFO - Processing file /usr/local/lib/python3.9/site-packages/airflow/example_dags/example_time_delta_sensor_async.py for tasks to queue
[2024-10-03T20:50:33.836+0000] {logging_mixin.py:137} INFO - [2024-10-03T20:50:33.836+0000] {dagbag.py:532} INFO - Filling up the DagBag from /usr/local/lib/python3.9/site-packages/airflow/example_dags/example_time_delta_sensor_async.py
[2024-10-03T20:50:33.841+0000] {processor.py:753} INFO - DAG(s) dict_keys(['example_time_delta_sensor_async']) retrieved from /usr/local/lib/python3.9/site-packages/airflow/example_dags/example_time_delta_sensor_async.py
[2024-10-03T20:50:33.850+0000] {logging_mixin.py:137} INFO - [2024-10-03T20:50:33.850+0000] {dag.py:2705} INFO - Sync 1 DAGs
[2024-10-03T20:50:33.860+0000] {logging_mixin.py:137} INFO - [2024-10-03T20:50:33.860+0000] {dag.py:3452} INFO - Setting next_dagrun for example_time_delta_sensor_async to None, run_after=None
[2024-10-03T20:50:33.867+0000] {processor.py:175} INFO - Processing /usr/local/lib/python3.9/site-packages/airflow/example_dags/example_time_delta_sensor_async.py took 0.033 seconds
[2024-10-03T20:51:04.632+0000] {processor.py:153} INFO - Started process (PID=8065) to work on /usr/local/lib/python3.9/site-packages/airflow/example_dags/example_time_delta_sensor_async.py
[2024-10-03T20:51:04.633+0000] {processor.py:743} INFO - Processing file /usr/local/lib/python3.9/site-packages/airflow/example_dags/example_time_delta_sensor_async.py for tasks to queue
[2024-10-03T20:51:04.633+0000] {logging_mixin.py:137} INFO - [2024-10-03T20:51:04.633+0000] {dagbag.py:532} INFO - Filling up the DagBag from /usr/local/lib/python3.9/site-packages/airflow/example_dags/example_time_delta_sensor_async.py
[2024-10-03T20:51:04.638+0000] {processor.py:753} INFO - DAG(s) dict_keys(['example_time_delta_sensor_async']) retrieved from /usr/local/lib/python3.9/site-packages/airflow/example_dags/example_time_delta_sensor_async.py
[2024-10-03T20:51:04.648+0000] {logging_mixin.py:137} INFO - [2024-10-03T20:51:04.648+0000] {dag.py:2705} INFO - Sync 1 DAGs
[2024-10-03T20:51:04.657+0000] {logging_mixin.py:137} INFO - [2024-10-03T20:51:04.657+0000] {dag.py:3452} INFO - Setting next_dagrun for example_time_delta_sensor_async to None, run_after=None
[2024-10-03T20:51:04.666+0000] {processor.py:175} INFO - Processing /usr/local/lib/python3.9/site-packages/airflow/example_dags/example_time_delta_sensor_async.py took 0.035 seconds
[2024-10-03T20:51:35.396+0000] {processor.py:153} INFO - Started process (PID=8276) to work on /usr/local/lib/python3.9/site-packages/airflow/example_dags/example_time_delta_sensor_async.py
[2024-10-03T20:51:35.396+0000] {processor.py:743} INFO - Processing file /usr/local/lib/python3.9/site-packages/airflow/example_dags/example_time_delta_sensor_async.py for tasks to queue
[2024-10-03T20:51:35.396+0000] {logging_mixin.py:137} INFO - [2024-10-03T20:51:35.396+0000] {dagbag.py:532} INFO - Filling up the DagBag from /usr/local/lib/python3.9/site-packages/airflow/example_dags/example_time_delta_sensor_async.py
[2024-10-03T20:51:35.402+0000] {processor.py:753} INFO - DAG(s) dict_keys(['example_time_delta_sensor_async']) retrieved from /usr/local/lib/python3.9/site-packages/airflow/example_dags/example_time_delta_sensor_async.py
[2024-10-03T20:51:35.411+0000] {logging_mixin.py:137} INFO - [2024-10-03T20:51:35.411+0000] {dag.py:2705} INFO - Sync 1 DAGs
[2024-10-03T20:51:35.420+0000] {logging_mixin.py:137} INFO - [2024-10-03T20:51:35.420+0000] {dag.py:3452} INFO - Setting next_dagrun for example_time_delta_sensor_async to None, run_after=None
[2024-10-03T20:51:35.429+0000] {processor.py:175} INFO - Processing /usr/local/lib/python3.9/site-packages/airflow/example_dags/example_time_delta_sensor_async.py took 0.035 seconds
[2024-10-03T20:52:05.633+0000] {processor.py:153} INFO - Started process (PID=8489) to work on /usr/local/lib/python3.9/site-packages/airflow/example_dags/example_time_delta_sensor_async.py
[2024-10-03T20:52:05.634+0000] {processor.py:743} INFO - Processing file /usr/local/lib/python3.9/site-packages/airflow/example_dags/example_time_delta_sensor_async.py for tasks to queue
[2024-10-03T20:52:05.634+0000] {logging_mixin.py:137} INFO - [2024-10-03T20:52:05.634+0000] {dagbag.py:532} INFO - Filling up the DagBag from /usr/local/lib/python3.9/site-packages/airflow/example_dags/example_time_delta_sensor_async.py
[2024-10-03T20:52:05.642+0000] {processor.py:753} INFO - DAG(s) dict_keys(['example_time_delta_sensor_async']) retrieved from /usr/local/lib/python3.9/site-packages/airflow/example_dags/example_time_delta_sensor_async.py
[2024-10-03T20:52:05.655+0000] {logging_mixin.py:137} INFO - [2024-10-03T20:52:05.655+0000] {dag.py:2705} INFO - Sync 1 DAGs
[2024-10-03T20:52:05.668+0000] {logging_mixin.py:137} INFO - [2024-10-03T20:52:05.668+0000] {dag.py:3452} INFO - Setting next_dagrun for example_time_delta_sensor_async to None, run_after=None
[2024-10-03T20:52:05.680+0000] {processor.py:175} INFO - Processing /usr/local/lib/python3.9/site-packages/airflow/example_dags/example_time_delta_sensor_async.py took 0.049 seconds
[2024-10-03T20:52:36.649+0000] {processor.py:153} INFO - Started process (PID=8700) to work on /usr/local/lib/python3.9/site-packages/airflow/example_dags/example_time_delta_sensor_async.py
[2024-10-03T20:52:36.649+0000] {processor.py:743} INFO - Processing file /usr/local/lib/python3.9/site-packages/airflow/example_dags/example_time_delta_sensor_async.py for tasks to queue
[2024-10-03T20:52:36.649+0000] {logging_mixin.py:137} INFO - [2024-10-03T20:52:36.649+0000] {dagbag.py:532} INFO - Filling up the DagBag from /usr/local/lib/python3.9/site-packages/airflow/example_dags/example_time_delta_sensor_async.py
[2024-10-03T20:52:36.656+0000] {processor.py:753} INFO - DAG(s) dict_keys(['example_time_delta_sensor_async']) retrieved from /usr/local/lib/python3.9/site-packages/airflow/example_dags/example_time_delta_sensor_async.py
[2024-10-03T20:52:36.669+0000] {logging_mixin.py:137} INFO - [2024-10-03T20:52:36.669+0000] {dag.py:2705} INFO - Sync 1 DAGs
[2024-10-03T20:52:36.680+0000] {logging_mixin.py:137} INFO - [2024-10-03T20:52:36.680+0000] {dag.py:3452} INFO - Setting next_dagrun for example_time_delta_sensor_async to None, run_after=None
[2024-10-03T20:52:36.690+0000] {processor.py:175} INFO - Processing /usr/local/lib/python3.9/site-packages/airflow/example_dags/example_time_delta_sensor_async.py took 0.043 seconds
