[2024-10-03T20:32:01.186+0000] {processor.py:153} INFO - Started process (PID=245) to work on /usr/local/lib/python3.9/site-packages/airflow/example_dags/example_trigger_controller_dag.py
[2024-10-03T20:32:01.190+0000] {processor.py:743} INFO - Processing file /usr/local/lib/python3.9/site-packages/airflow/example_dags/example_trigger_controller_dag.py for tasks to queue
[2024-10-03T20:32:01.192+0000] {logging_mixin.py:137} INFO - [2024-10-03T20:32:01.192+0000] {dagbag.py:532} INFO - Filling up the DagBag from /usr/local/lib/python3.9/site-packages/airflow/example_dags/example_trigger_controller_dag.py
[2024-10-03T20:32:01.200+0000] {processor.py:753} INFO - DAG(s) dict_keys(['example_trigger_controller_dag']) retrieved from /usr/local/lib/python3.9/site-packages/airflow/example_dags/example_trigger_controller_dag.py
[2024-10-03T20:32:01.210+0000] {logging_mixin.py:137} INFO - [2024-10-03T20:32:01.210+0000] {dag.py:2705} INFO - Sync 1 DAGs
[2024-10-03T20:32:01.227+0000] {logging_mixin.py:137} INFO - [2024-10-03T20:32:01.227+0000] {dag.py:3452} INFO - Setting next_dagrun for example_trigger_controller_dag to 2021-01-01T00:00:00+00:00, run_after=2021-01-01T00:00:00+00:00
[2024-10-03T20:32:01.246+0000] {processor.py:175} INFO - Processing /usr/local/lib/python3.9/site-packages/airflow/example_dags/example_trigger_controller_dag.py took 0.062 seconds
[2024-10-03T20:32:31.934+0000] {processor.py:153} INFO - Started process (PID=460) to work on /usr/local/lib/python3.9/site-packages/airflow/example_dags/example_trigger_controller_dag.py
[2024-10-03T20:32:31.939+0000] {processor.py:743} INFO - Processing file /usr/local/lib/python3.9/site-packages/airflow/example_dags/example_trigger_controller_dag.py for tasks to queue
[2024-10-03T20:32:31.939+0000] {logging_mixin.py:137} INFO - [2024-10-03T20:32:31.939+0000] {dagbag.py:532} INFO - Filling up the DagBag from /usr/local/lib/python3.9/site-packages/airflow/example_dags/example_trigger_controller_dag.py
[2024-10-03T20:32:31.953+0000] {processor.py:753} INFO - DAG(s) dict_keys(['example_trigger_controller_dag']) retrieved from /usr/local/lib/python3.9/site-packages/airflow/example_dags/example_trigger_controller_dag.py
[2024-10-03T20:32:31.977+0000] {logging_mixin.py:137} INFO - [2024-10-03T20:32:31.976+0000] {dag.py:2705} INFO - Sync 1 DAGs
[2024-10-03T20:32:31.992+0000] {logging_mixin.py:137} INFO - [2024-10-03T20:32:31.992+0000] {dag.py:3452} INFO - Setting next_dagrun for example_trigger_controller_dag to 2021-01-01T00:00:00+00:00, run_after=2021-01-01T00:00:00+00:00
[2024-10-03T20:32:32.009+0000] {processor.py:175} INFO - Processing /usr/local/lib/python3.9/site-packages/airflow/example_dags/example_trigger_controller_dag.py took 0.077 seconds
[2024-10-03T20:33:04.951+0000] {processor.py:153} INFO - Started process (PID=671) to work on /usr/local/lib/python3.9/site-packages/airflow/example_dags/example_trigger_controller_dag.py
[2024-10-03T20:33:04.954+0000] {processor.py:743} INFO - Processing file /usr/local/lib/python3.9/site-packages/airflow/example_dags/example_trigger_controller_dag.py for tasks to queue
[2024-10-03T20:33:04.956+0000] {logging_mixin.py:137} INFO - [2024-10-03T20:33:04.956+0000] {dagbag.py:532} INFO - Filling up the DagBag from /usr/local/lib/python3.9/site-packages/airflow/example_dags/example_trigger_controller_dag.py
[2024-10-03T20:33:04.968+0000] {processor.py:753} INFO - DAG(s) dict_keys(['example_trigger_controller_dag']) retrieved from /usr/local/lib/python3.9/site-packages/airflow/example_dags/example_trigger_controller_dag.py
[2024-10-03T20:33:04.990+0000] {logging_mixin.py:137} INFO - [2024-10-03T20:33:04.990+0000] {dag.py:2705} INFO - Sync 1 DAGs
[2024-10-03T20:33:05.002+0000] {logging_mixin.py:137} INFO - [2024-10-03T20:33:05.002+0000] {dag.py:3452} INFO - Setting next_dagrun for example_trigger_controller_dag to 2021-01-01T00:00:00+00:00, run_after=2021-01-01T00:00:00+00:00
[2024-10-03T20:33:05.788+0000] {processor.py:175} INFO - Processing /usr/local/lib/python3.9/site-packages/airflow/example_dags/example_trigger_controller_dag.py took 0.839 seconds
[2024-10-03T20:33:36.259+0000] {processor.py:153} INFO - Started process (PID=881) to work on /usr/local/lib/python3.9/site-packages/airflow/example_dags/example_trigger_controller_dag.py
[2024-10-03T20:33:36.265+0000] {processor.py:743} INFO - Processing file /usr/local/lib/python3.9/site-packages/airflow/example_dags/example_trigger_controller_dag.py for tasks to queue
[2024-10-03T20:33:36.266+0000] {logging_mixin.py:137} INFO - [2024-10-03T20:33:36.266+0000] {dagbag.py:532} INFO - Filling up the DagBag from /usr/local/lib/python3.9/site-packages/airflow/example_dags/example_trigger_controller_dag.py
[2024-10-03T20:33:36.298+0000] {processor.py:753} INFO - DAG(s) dict_keys(['example_trigger_controller_dag']) retrieved from /usr/local/lib/python3.9/site-packages/airflow/example_dags/example_trigger_controller_dag.py
[2024-10-03T20:33:36.335+0000] {logging_mixin.py:137} INFO - [2024-10-03T20:33:36.335+0000] {dag.py:2705} INFO - Sync 1 DAGs
[2024-10-03T20:33:36.368+0000] {logging_mixin.py:137} INFO - [2024-10-03T20:33:36.368+0000] {dag.py:3452} INFO - Setting next_dagrun for example_trigger_controller_dag to 2021-01-01T00:00:00+00:00, run_after=2021-01-01T00:00:00+00:00
[2024-10-03T20:33:36.380+0000] {processor.py:175} INFO - Processing /usr/local/lib/python3.9/site-packages/airflow/example_dags/example_trigger_controller_dag.py took 0.125 seconds
[2024-10-03T20:34:06.955+0000] {processor.py:153} INFO - Started process (PID=1093) to work on /usr/local/lib/python3.9/site-packages/airflow/example_dags/example_trigger_controller_dag.py
[2024-10-03T20:34:06.956+0000] {processor.py:743} INFO - Processing file /usr/local/lib/python3.9/site-packages/airflow/example_dags/example_trigger_controller_dag.py for tasks to queue
[2024-10-03T20:34:06.960+0000] {logging_mixin.py:137} INFO - [2024-10-03T20:34:06.959+0000] {dagbag.py:532} INFO - Filling up the DagBag from /usr/local/lib/python3.9/site-packages/airflow/example_dags/example_trigger_controller_dag.py
[2024-10-03T20:34:06.968+0000] {processor.py:753} INFO - DAG(s) dict_keys(['example_trigger_controller_dag']) retrieved from /usr/local/lib/python3.9/site-packages/airflow/example_dags/example_trigger_controller_dag.py
[2024-10-03T20:34:06.995+0000] {logging_mixin.py:137} INFO - [2024-10-03T20:34:06.995+0000] {dag.py:2705} INFO - Sync 1 DAGs
[2024-10-03T20:34:07.010+0000] {logging_mixin.py:137} INFO - [2024-10-03T20:34:07.010+0000] {dag.py:3452} INFO - Setting next_dagrun for example_trigger_controller_dag to 2021-01-01T00:00:00+00:00, run_after=2021-01-01T00:00:00+00:00
[2024-10-03T20:34:07.017+0000] {processor.py:175} INFO - Processing /usr/local/lib/python3.9/site-packages/airflow/example_dags/example_trigger_controller_dag.py took 0.064 seconds
[2024-10-03T20:34:38.595+0000] {processor.py:153} INFO - Started process (PID=1304) to work on /usr/local/lib/python3.9/site-packages/airflow/example_dags/example_trigger_controller_dag.py
[2024-10-03T20:34:38.605+0000] {processor.py:743} INFO - Processing file /usr/local/lib/python3.9/site-packages/airflow/example_dags/example_trigger_controller_dag.py for tasks to queue
[2024-10-03T20:34:38.608+0000] {logging_mixin.py:137} INFO - [2024-10-03T20:34:38.608+0000] {dagbag.py:532} INFO - Filling up the DagBag from /usr/local/lib/python3.9/site-packages/airflow/example_dags/example_trigger_controller_dag.py
[2024-10-03T20:34:38.635+0000] {processor.py:753} INFO - DAG(s) dict_keys(['example_trigger_controller_dag']) retrieved from /usr/local/lib/python3.9/site-packages/airflow/example_dags/example_trigger_controller_dag.py
[2024-10-03T20:34:38.713+0000] {logging_mixin.py:137} INFO - [2024-10-03T20:34:38.713+0000] {dag.py:2705} INFO - Sync 1 DAGs
[2024-10-03T20:34:38.731+0000] {logging_mixin.py:137} INFO - [2024-10-03T20:34:38.731+0000] {dag.py:3452} INFO - Setting next_dagrun for example_trigger_controller_dag to 2021-01-01T00:00:00+00:00, run_after=2021-01-01T00:00:00+00:00
[2024-10-03T20:34:38.756+0000] {processor.py:175} INFO - Processing /usr/local/lib/python3.9/site-packages/airflow/example_dags/example_trigger_controller_dag.py took 0.170 seconds
[2024-10-03T20:35:11.885+0000] {processor.py:153} INFO - Started process (PID=1515) to work on /usr/local/lib/python3.9/site-packages/airflow/example_dags/example_trigger_controller_dag.py
[2024-10-03T20:35:11.892+0000] {processor.py:743} INFO - Processing file /usr/local/lib/python3.9/site-packages/airflow/example_dags/example_trigger_controller_dag.py for tasks to queue
[2024-10-03T20:35:11.892+0000] {logging_mixin.py:137} INFO - [2024-10-03T20:35:11.892+0000] {dagbag.py:532} INFO - Filling up the DagBag from /usr/local/lib/python3.9/site-packages/airflow/example_dags/example_trigger_controller_dag.py
[2024-10-03T20:35:11.907+0000] {processor.py:753} INFO - DAG(s) dict_keys(['example_trigger_controller_dag']) retrieved from /usr/local/lib/python3.9/site-packages/airflow/example_dags/example_trigger_controller_dag.py
[2024-10-03T20:35:11.977+0000] {logging_mixin.py:137} INFO - [2024-10-03T20:35:11.977+0000] {dag.py:2705} INFO - Sync 1 DAGs
[2024-10-03T20:35:11.990+0000] {logging_mixin.py:137} INFO - [2024-10-03T20:35:11.990+0000] {dag.py:3452} INFO - Setting next_dagrun for example_trigger_controller_dag to 2021-01-01T00:00:00+00:00, run_after=2021-01-01T00:00:00+00:00
[2024-10-03T20:35:12.001+0000] {processor.py:175} INFO - Processing /usr/local/lib/python3.9/site-packages/airflow/example_dags/example_trigger_controller_dag.py took 0.119 seconds
[2024-10-03T20:35:42.658+0000] {processor.py:153} INFO - Started process (PID=1720) to work on /usr/local/lib/python3.9/site-packages/airflow/example_dags/example_trigger_controller_dag.py
[2024-10-03T20:35:42.659+0000] {processor.py:743} INFO - Processing file /usr/local/lib/python3.9/site-packages/airflow/example_dags/example_trigger_controller_dag.py for tasks to queue
[2024-10-03T20:35:42.659+0000] {logging_mixin.py:137} INFO - [2024-10-03T20:35:42.659+0000] {dagbag.py:532} INFO - Filling up the DagBag from /usr/local/lib/python3.9/site-packages/airflow/example_dags/example_trigger_controller_dag.py
[2024-10-03T20:35:42.665+0000] {processor.py:753} INFO - DAG(s) dict_keys(['example_trigger_controller_dag']) retrieved from /usr/local/lib/python3.9/site-packages/airflow/example_dags/example_trigger_controller_dag.py
[2024-10-03T20:35:42.679+0000] {logging_mixin.py:137} INFO - [2024-10-03T20:35:42.679+0000] {dag.py:2705} INFO - Sync 1 DAGs
[2024-10-03T20:35:42.691+0000] {logging_mixin.py:137} INFO - [2024-10-03T20:35:42.691+0000] {dag.py:3452} INFO - Setting next_dagrun for example_trigger_controller_dag to 2021-01-01T00:00:00+00:00, run_after=2021-01-01T00:00:00+00:00
[2024-10-03T20:35:42.698+0000] {processor.py:175} INFO - Processing /usr/local/lib/python3.9/site-packages/airflow/example_dags/example_trigger_controller_dag.py took 0.042 seconds
[2024-10-03T20:36:14.154+0000] {processor.py:153} INFO - Started process (PID=1931) to work on /usr/local/lib/python3.9/site-packages/airflow/example_dags/example_trigger_controller_dag.py
[2024-10-03T20:36:14.158+0000] {processor.py:743} INFO - Processing file /usr/local/lib/python3.9/site-packages/airflow/example_dags/example_trigger_controller_dag.py for tasks to queue
[2024-10-03T20:36:14.160+0000] {logging_mixin.py:137} INFO - [2024-10-03T20:36:14.160+0000] {dagbag.py:532} INFO - Filling up the DagBag from /usr/local/lib/python3.9/site-packages/airflow/example_dags/example_trigger_controller_dag.py
[2024-10-03T20:36:14.167+0000] {processor.py:753} INFO - DAG(s) dict_keys(['example_trigger_controller_dag']) retrieved from /usr/local/lib/python3.9/site-packages/airflow/example_dags/example_trigger_controller_dag.py
[2024-10-03T20:36:14.186+0000] {logging_mixin.py:137} INFO - [2024-10-03T20:36:14.186+0000] {dag.py:2705} INFO - Sync 1 DAGs
[2024-10-03T20:36:14.305+0000] {logging_mixin.py:137} INFO - [2024-10-03T20:36:14.305+0000] {dag.py:3452} INFO - Setting next_dagrun for example_trigger_controller_dag to 2021-01-01T00:00:00+00:00, run_after=2021-01-01T00:00:00+00:00
[2024-10-03T20:36:14.320+0000] {processor.py:175} INFO - Processing /usr/local/lib/python3.9/site-packages/airflow/example_dags/example_trigger_controller_dag.py took 0.169 seconds
[2024-10-03T20:36:44.791+0000] {processor.py:153} INFO - Started process (PID=2142) to work on /usr/local/lib/python3.9/site-packages/airflow/example_dags/example_trigger_controller_dag.py
[2024-10-03T20:36:44.792+0000] {processor.py:743} INFO - Processing file /usr/local/lib/python3.9/site-packages/airflow/example_dags/example_trigger_controller_dag.py for tasks to queue
[2024-10-03T20:36:44.793+0000] {logging_mixin.py:137} INFO - [2024-10-03T20:36:44.793+0000] {dagbag.py:532} INFO - Filling up the DagBag from /usr/local/lib/python3.9/site-packages/airflow/example_dags/example_trigger_controller_dag.py
[2024-10-03T20:36:44.798+0000] {processor.py:753} INFO - DAG(s) dict_keys(['example_trigger_controller_dag']) retrieved from /usr/local/lib/python3.9/site-packages/airflow/example_dags/example_trigger_controller_dag.py
[2024-10-03T20:36:44.865+0000] {logging_mixin.py:137} INFO - [2024-10-03T20:36:44.865+0000] {dag.py:2705} INFO - Sync 1 DAGs
[2024-10-03T20:36:44.873+0000] {logging_mixin.py:137} INFO - [2024-10-03T20:36:44.873+0000] {dag.py:3452} INFO - Setting next_dagrun for example_trigger_controller_dag to 2021-01-01T00:00:00+00:00, run_after=2021-01-01T00:00:00+00:00
[2024-10-03T20:36:44.885+0000] {processor.py:175} INFO - Processing /usr/local/lib/python3.9/site-packages/airflow/example_dags/example_trigger_controller_dag.py took 0.095 seconds
[2024-10-03T20:37:15.702+0000] {processor.py:153} INFO - Started process (PID=2355) to work on /usr/local/lib/python3.9/site-packages/airflow/example_dags/example_trigger_controller_dag.py
[2024-10-03T20:37:15.702+0000] {processor.py:743} INFO - Processing file /usr/local/lib/python3.9/site-packages/airflow/example_dags/example_trigger_controller_dag.py for tasks to queue
[2024-10-03T20:37:15.702+0000] {logging_mixin.py:137} INFO - [2024-10-03T20:37:15.702+0000] {dagbag.py:532} INFO - Filling up the DagBag from /usr/local/lib/python3.9/site-packages/airflow/example_dags/example_trigger_controller_dag.py
[2024-10-03T20:37:15.748+0000] {processor.py:753} INFO - DAG(s) dict_keys(['example_trigger_controller_dag']) retrieved from /usr/local/lib/python3.9/site-packages/airflow/example_dags/example_trigger_controller_dag.py
[2024-10-03T20:37:15.756+0000] {logging_mixin.py:137} INFO - [2024-10-03T20:37:15.756+0000] {dag.py:2705} INFO - Sync 1 DAGs
[2024-10-03T20:37:15.763+0000] {logging_mixin.py:137} INFO - [2024-10-03T20:37:15.763+0000] {dag.py:3452} INFO - Setting next_dagrun for example_trigger_controller_dag to 2021-01-01T00:00:00+00:00, run_after=2021-01-01T00:00:00+00:00
[2024-10-03T20:37:15.769+0000] {processor.py:175} INFO - Processing /usr/local/lib/python3.9/site-packages/airflow/example_dags/example_trigger_controller_dag.py took 0.069 seconds
[2024-10-03T20:37:46.357+0000] {processor.py:153} INFO - Started process (PID=2564) to work on /usr/local/lib/python3.9/site-packages/airflow/example_dags/example_trigger_controller_dag.py
[2024-10-03T20:37:46.361+0000] {processor.py:743} INFO - Processing file /usr/local/lib/python3.9/site-packages/airflow/example_dags/example_trigger_controller_dag.py for tasks to queue
[2024-10-03T20:37:46.361+0000] {logging_mixin.py:137} INFO - [2024-10-03T20:37:46.361+0000] {dagbag.py:532} INFO - Filling up the DagBag from /usr/local/lib/python3.9/site-packages/airflow/example_dags/example_trigger_controller_dag.py
[2024-10-03T20:37:46.369+0000] {processor.py:753} INFO - DAG(s) dict_keys(['example_trigger_controller_dag']) retrieved from /usr/local/lib/python3.9/site-packages/airflow/example_dags/example_trigger_controller_dag.py
[2024-10-03T20:37:46.386+0000] {logging_mixin.py:137} INFO - [2024-10-03T20:37:46.386+0000] {dag.py:2705} INFO - Sync 1 DAGs
[2024-10-03T20:37:46.404+0000] {logging_mixin.py:137} INFO - [2024-10-03T20:37:46.403+0000] {dag.py:3452} INFO - Setting next_dagrun for example_trigger_controller_dag to 2021-01-01T00:00:00+00:00, run_after=2021-01-01T00:00:00+00:00
[2024-10-03T20:37:46.413+0000] {processor.py:175} INFO - Processing /usr/local/lib/python3.9/site-packages/airflow/example_dags/example_trigger_controller_dag.py took 0.057 seconds
[2024-10-03T20:38:16.528+0000] {processor.py:153} INFO - Started process (PID=2770) to work on /usr/local/lib/python3.9/site-packages/airflow/example_dags/example_trigger_controller_dag.py
[2024-10-03T20:38:16.529+0000] {processor.py:743} INFO - Processing file /usr/local/lib/python3.9/site-packages/airflow/example_dags/example_trigger_controller_dag.py for tasks to queue
[2024-10-03T20:38:16.533+0000] {logging_mixin.py:137} INFO - [2024-10-03T20:38:16.532+0000] {dagbag.py:532} INFO - Filling up the DagBag from /usr/local/lib/python3.9/site-packages/airflow/example_dags/example_trigger_controller_dag.py
[2024-10-03T20:38:16.539+0000] {processor.py:753} INFO - DAG(s) dict_keys(['example_trigger_controller_dag']) retrieved from /usr/local/lib/python3.9/site-packages/airflow/example_dags/example_trigger_controller_dag.py
[2024-10-03T20:38:16.558+0000] {logging_mixin.py:137} INFO - [2024-10-03T20:38:16.558+0000] {dag.py:2705} INFO - Sync 1 DAGs
[2024-10-03T20:38:16.572+0000] {logging_mixin.py:137} INFO - [2024-10-03T20:38:16.572+0000] {dag.py:3452} INFO - Setting next_dagrun for example_trigger_controller_dag to 2021-01-01T00:00:00+00:00, run_after=2021-01-01T00:00:00+00:00
[2024-10-03T20:38:16.579+0000] {processor.py:175} INFO - Processing /usr/local/lib/python3.9/site-packages/airflow/example_dags/example_trigger_controller_dag.py took 0.053 seconds
[2024-10-03T20:38:47.369+0000] {processor.py:153} INFO - Started process (PID=2986) to work on /usr/local/lib/python3.9/site-packages/airflow/example_dags/example_trigger_controller_dag.py
[2024-10-03T20:38:47.371+0000] {processor.py:743} INFO - Processing file /usr/local/lib/python3.9/site-packages/airflow/example_dags/example_trigger_controller_dag.py for tasks to queue
[2024-10-03T20:38:47.371+0000] {logging_mixin.py:137} INFO - [2024-10-03T20:38:47.371+0000] {dagbag.py:532} INFO - Filling up the DagBag from /usr/local/lib/python3.9/site-packages/airflow/example_dags/example_trigger_controller_dag.py
[2024-10-03T20:38:47.376+0000] {processor.py:753} INFO - DAG(s) dict_keys(['example_trigger_controller_dag']) retrieved from /usr/local/lib/python3.9/site-packages/airflow/example_dags/example_trigger_controller_dag.py
[2024-10-03T20:38:47.386+0000] {logging_mixin.py:137} INFO - [2024-10-03T20:38:47.386+0000] {dag.py:2705} INFO - Sync 1 DAGs
[2024-10-03T20:38:47.396+0000] {logging_mixin.py:137} INFO - [2024-10-03T20:38:47.396+0000] {dag.py:3452} INFO - Setting next_dagrun for example_trigger_controller_dag to 2021-01-01T00:00:00+00:00, run_after=2021-01-01T00:00:00+00:00
[2024-10-03T20:38:47.404+0000] {processor.py:175} INFO - Processing /usr/local/lib/python3.9/site-packages/airflow/example_dags/example_trigger_controller_dag.py took 0.036 seconds
[2024-10-03T20:39:18.190+0000] {processor.py:153} INFO - Started process (PID=3197) to work on /usr/local/lib/python3.9/site-packages/airflow/example_dags/example_trigger_controller_dag.py
[2024-10-03T20:39:18.193+0000] {processor.py:743} INFO - Processing file /usr/local/lib/python3.9/site-packages/airflow/example_dags/example_trigger_controller_dag.py for tasks to queue
[2024-10-03T20:39:18.193+0000] {logging_mixin.py:137} INFO - [2024-10-03T20:39:18.193+0000] {dagbag.py:532} INFO - Filling up the DagBag from /usr/local/lib/python3.9/site-packages/airflow/example_dags/example_trigger_controller_dag.py
[2024-10-03T20:39:18.198+0000] {processor.py:753} INFO - DAG(s) dict_keys(['example_trigger_controller_dag']) retrieved from /usr/local/lib/python3.9/site-packages/airflow/example_dags/example_trigger_controller_dag.py
[2024-10-03T20:39:18.208+0000] {logging_mixin.py:137} INFO - [2024-10-03T20:39:18.208+0000] {dag.py:2705} INFO - Sync 1 DAGs
[2024-10-03T20:39:18.219+0000] {logging_mixin.py:137} INFO - [2024-10-03T20:39:18.219+0000] {dag.py:3452} INFO - Setting next_dagrun for example_trigger_controller_dag to 2021-01-01T00:00:00+00:00, run_after=2021-01-01T00:00:00+00:00
[2024-10-03T20:39:18.234+0000] {processor.py:175} INFO - Processing /usr/local/lib/python3.9/site-packages/airflow/example_dags/example_trigger_controller_dag.py took 0.045 seconds
[2024-10-03T20:39:48.944+0000] {processor.py:153} INFO - Started process (PID=3408) to work on /usr/local/lib/python3.9/site-packages/airflow/example_dags/example_trigger_controller_dag.py
[2024-10-03T20:39:48.947+0000] {processor.py:743} INFO - Processing file /usr/local/lib/python3.9/site-packages/airflow/example_dags/example_trigger_controller_dag.py for tasks to queue
[2024-10-03T20:39:48.948+0000] {logging_mixin.py:137} INFO - [2024-10-03T20:39:48.947+0000] {dagbag.py:532} INFO - Filling up the DagBag from /usr/local/lib/python3.9/site-packages/airflow/example_dags/example_trigger_controller_dag.py
[2024-10-03T20:39:48.955+0000] {processor.py:753} INFO - DAG(s) dict_keys(['example_trigger_controller_dag']) retrieved from /usr/local/lib/python3.9/site-packages/airflow/example_dags/example_trigger_controller_dag.py
[2024-10-03T20:39:48.968+0000] {logging_mixin.py:137} INFO - [2024-10-03T20:39:48.968+0000] {dag.py:2705} INFO - Sync 1 DAGs
[2024-10-03T20:39:48.981+0000] {logging_mixin.py:137} INFO - [2024-10-03T20:39:48.981+0000] {dag.py:3452} INFO - Setting next_dagrun for example_trigger_controller_dag to 2021-01-01T00:00:00+00:00, run_after=2021-01-01T00:00:00+00:00
[2024-10-03T20:39:48.991+0000] {processor.py:175} INFO - Processing /usr/local/lib/python3.9/site-packages/airflow/example_dags/example_trigger_controller_dag.py took 0.049 seconds
[2024-10-03T20:40:19.840+0000] {processor.py:153} INFO - Started process (PID=3619) to work on /usr/local/lib/python3.9/site-packages/airflow/example_dags/example_trigger_controller_dag.py
[2024-10-03T20:40:19.841+0000] {processor.py:743} INFO - Processing file /usr/local/lib/python3.9/site-packages/airflow/example_dags/example_trigger_controller_dag.py for tasks to queue
[2024-10-03T20:40:19.841+0000] {logging_mixin.py:137} INFO - [2024-10-03T20:40:19.841+0000] {dagbag.py:532} INFO - Filling up the DagBag from /usr/local/lib/python3.9/site-packages/airflow/example_dags/example_trigger_controller_dag.py
[2024-10-03T20:40:19.848+0000] {processor.py:753} INFO - DAG(s) dict_keys(['example_trigger_controller_dag']) retrieved from /usr/local/lib/python3.9/site-packages/airflow/example_dags/example_trigger_controller_dag.py
[2024-10-03T20:40:19.863+0000] {logging_mixin.py:137} INFO - [2024-10-03T20:40:19.863+0000] {dag.py:2705} INFO - Sync 1 DAGs
[2024-10-03T20:40:19.873+0000] {logging_mixin.py:137} INFO - [2024-10-03T20:40:19.873+0000] {dag.py:3452} INFO - Setting next_dagrun for example_trigger_controller_dag to 2021-01-01T00:00:00+00:00, run_after=2021-01-01T00:00:00+00:00
[2024-10-03T20:40:19.882+0000] {processor.py:175} INFO - Processing /usr/local/lib/python3.9/site-packages/airflow/example_dags/example_trigger_controller_dag.py took 0.043 seconds
[2024-10-03T20:40:50.747+0000] {processor.py:153} INFO - Started process (PID=3830) to work on /usr/local/lib/python3.9/site-packages/airflow/example_dags/example_trigger_controller_dag.py
[2024-10-03T20:40:50.748+0000] {processor.py:743} INFO - Processing file /usr/local/lib/python3.9/site-packages/airflow/example_dags/example_trigger_controller_dag.py for tasks to queue
[2024-10-03T20:40:50.749+0000] {logging_mixin.py:137} INFO - [2024-10-03T20:40:50.749+0000] {dagbag.py:532} INFO - Filling up the DagBag from /usr/local/lib/python3.9/site-packages/airflow/example_dags/example_trigger_controller_dag.py
[2024-10-03T20:40:50.754+0000] {processor.py:753} INFO - DAG(s) dict_keys(['example_trigger_controller_dag']) retrieved from /usr/local/lib/python3.9/site-packages/airflow/example_dags/example_trigger_controller_dag.py
[2024-10-03T20:40:50.770+0000] {logging_mixin.py:137} INFO - [2024-10-03T20:40:50.770+0000] {dag.py:2705} INFO - Sync 1 DAGs
[2024-10-03T20:40:50.780+0000] {logging_mixin.py:137} INFO - [2024-10-03T20:40:50.780+0000] {dag.py:3452} INFO - Setting next_dagrun for example_trigger_controller_dag to 2021-01-01T00:00:00+00:00, run_after=2021-01-01T00:00:00+00:00
[2024-10-03T20:40:50.795+0000] {processor.py:175} INFO - Processing /usr/local/lib/python3.9/site-packages/airflow/example_dags/example_trigger_controller_dag.py took 0.050 seconds
[2024-10-03T20:41:21.439+0000] {processor.py:153} INFO - Started process (PID=4041) to work on /usr/local/lib/python3.9/site-packages/airflow/example_dags/example_trigger_controller_dag.py
[2024-10-03T20:41:21.440+0000] {processor.py:743} INFO - Processing file /usr/local/lib/python3.9/site-packages/airflow/example_dags/example_trigger_controller_dag.py for tasks to queue
[2024-10-03T20:41:21.440+0000] {logging_mixin.py:137} INFO - [2024-10-03T20:41:21.440+0000] {dagbag.py:532} INFO - Filling up the DagBag from /usr/local/lib/python3.9/site-packages/airflow/example_dags/example_trigger_controller_dag.py
[2024-10-03T20:41:21.446+0000] {processor.py:753} INFO - DAG(s) dict_keys(['example_trigger_controller_dag']) retrieved from /usr/local/lib/python3.9/site-packages/airflow/example_dags/example_trigger_controller_dag.py
[2024-10-03T20:41:21.455+0000] {logging_mixin.py:137} INFO - [2024-10-03T20:41:21.455+0000] {dag.py:2705} INFO - Sync 1 DAGs
[2024-10-03T20:41:21.471+0000] {logging_mixin.py:137} INFO - [2024-10-03T20:41:21.471+0000] {dag.py:3452} INFO - Setting next_dagrun for example_trigger_controller_dag to 2021-01-01T00:00:00+00:00, run_after=2021-01-01T00:00:00+00:00
[2024-10-03T20:41:21.486+0000] {processor.py:175} INFO - Processing /usr/local/lib/python3.9/site-packages/airflow/example_dags/example_trigger_controller_dag.py took 0.049 seconds
[2024-10-03T20:41:52.057+0000] {processor.py:153} INFO - Started process (PID=4252) to work on /usr/local/lib/python3.9/site-packages/airflow/example_dags/example_trigger_controller_dag.py
[2024-10-03T20:41:52.061+0000] {processor.py:743} INFO - Processing file /usr/local/lib/python3.9/site-packages/airflow/example_dags/example_trigger_controller_dag.py for tasks to queue
[2024-10-03T20:41:52.064+0000] {logging_mixin.py:137} INFO - [2024-10-03T20:41:52.064+0000] {dagbag.py:532} INFO - Filling up the DagBag from /usr/local/lib/python3.9/site-packages/airflow/example_dags/example_trigger_controller_dag.py
[2024-10-03T20:41:52.069+0000] {processor.py:753} INFO - DAG(s) dict_keys(['example_trigger_controller_dag']) retrieved from /usr/local/lib/python3.9/site-packages/airflow/example_dags/example_trigger_controller_dag.py
[2024-10-03T20:41:52.082+0000] {logging_mixin.py:137} INFO - [2024-10-03T20:41:52.082+0000] {dag.py:2705} INFO - Sync 1 DAGs
[2024-10-03T20:41:52.094+0000] {logging_mixin.py:137} INFO - [2024-10-03T20:41:52.094+0000] {dag.py:3452} INFO - Setting next_dagrun for example_trigger_controller_dag to 2021-01-01T00:00:00+00:00, run_after=2021-01-01T00:00:00+00:00
[2024-10-03T20:41:52.105+0000] {processor.py:175} INFO - Processing /usr/local/lib/python3.9/site-packages/airflow/example_dags/example_trigger_controller_dag.py took 0.050 seconds
[2024-10-03T20:42:22.791+0000] {processor.py:153} INFO - Started process (PID=4463) to work on /usr/local/lib/python3.9/site-packages/airflow/example_dags/example_trigger_controller_dag.py
[2024-10-03T20:42:22.792+0000] {processor.py:743} INFO - Processing file /usr/local/lib/python3.9/site-packages/airflow/example_dags/example_trigger_controller_dag.py for tasks to queue
[2024-10-03T20:42:22.792+0000] {logging_mixin.py:137} INFO - [2024-10-03T20:42:22.792+0000] {dagbag.py:532} INFO - Filling up the DagBag from /usr/local/lib/python3.9/site-packages/airflow/example_dags/example_trigger_controller_dag.py
[2024-10-03T20:42:22.797+0000] {processor.py:753} INFO - DAG(s) dict_keys(['example_trigger_controller_dag']) retrieved from /usr/local/lib/python3.9/site-packages/airflow/example_dags/example_trigger_controller_dag.py
[2024-10-03T20:42:22.808+0000] {logging_mixin.py:137} INFO - [2024-10-03T20:42:22.808+0000] {dag.py:2705} INFO - Sync 1 DAGs
[2024-10-03T20:42:22.818+0000] {logging_mixin.py:137} INFO - [2024-10-03T20:42:22.818+0000] {dag.py:3452} INFO - Setting next_dagrun for example_trigger_controller_dag to 2021-01-01T00:00:00+00:00, run_after=2021-01-01T00:00:00+00:00
[2024-10-03T20:42:22.831+0000] {processor.py:175} INFO - Processing /usr/local/lib/python3.9/site-packages/airflow/example_dags/example_trigger_controller_dag.py took 0.041 seconds
[2024-10-03T20:42:53.404+0000] {processor.py:153} INFO - Started process (PID=4674) to work on /usr/local/lib/python3.9/site-packages/airflow/example_dags/example_trigger_controller_dag.py
[2024-10-03T20:42:53.404+0000] {processor.py:743} INFO - Processing file /usr/local/lib/python3.9/site-packages/airflow/example_dags/example_trigger_controller_dag.py for tasks to queue
[2024-10-03T20:42:53.405+0000] {logging_mixin.py:137} INFO - [2024-10-03T20:42:53.405+0000] {dagbag.py:532} INFO - Filling up the DagBag from /usr/local/lib/python3.9/site-packages/airflow/example_dags/example_trigger_controller_dag.py
[2024-10-03T20:42:53.411+0000] {processor.py:753} INFO - DAG(s) dict_keys(['example_trigger_controller_dag']) retrieved from /usr/local/lib/python3.9/site-packages/airflow/example_dags/example_trigger_controller_dag.py
[2024-10-03T20:42:53.424+0000] {logging_mixin.py:137} INFO - [2024-10-03T20:42:53.424+0000] {dag.py:2705} INFO - Sync 1 DAGs
[2024-10-03T20:42:53.438+0000] {logging_mixin.py:137} INFO - [2024-10-03T20:42:53.438+0000] {dag.py:3452} INFO - Setting next_dagrun for example_trigger_controller_dag to 2021-01-01T00:00:00+00:00, run_after=2021-01-01T00:00:00+00:00
[2024-10-03T20:42:53.456+0000] {processor.py:175} INFO - Processing /usr/local/lib/python3.9/site-packages/airflow/example_dags/example_trigger_controller_dag.py took 0.054 seconds
[2024-10-03T20:43:24.076+0000] {processor.py:153} INFO - Started process (PID=4885) to work on /usr/local/lib/python3.9/site-packages/airflow/example_dags/example_trigger_controller_dag.py
[2024-10-03T20:43:24.077+0000] {processor.py:743} INFO - Processing file /usr/local/lib/python3.9/site-packages/airflow/example_dags/example_trigger_controller_dag.py for tasks to queue
[2024-10-03T20:43:24.077+0000] {logging_mixin.py:137} INFO - [2024-10-03T20:43:24.077+0000] {dagbag.py:532} INFO - Filling up the DagBag from /usr/local/lib/python3.9/site-packages/airflow/example_dags/example_trigger_controller_dag.py
[2024-10-03T20:43:24.083+0000] {processor.py:753} INFO - DAG(s) dict_keys(['example_trigger_controller_dag']) retrieved from /usr/local/lib/python3.9/site-packages/airflow/example_dags/example_trigger_controller_dag.py
[2024-10-03T20:43:24.092+0000] {logging_mixin.py:137} INFO - [2024-10-03T20:43:24.092+0000] {dag.py:2705} INFO - Sync 1 DAGs
[2024-10-03T20:43:24.105+0000] {logging_mixin.py:137} INFO - [2024-10-03T20:43:24.105+0000] {dag.py:3452} INFO - Setting next_dagrun for example_trigger_controller_dag to 2021-01-01T00:00:00+00:00, run_after=2021-01-01T00:00:00+00:00
[2024-10-03T20:43:24.116+0000] {processor.py:175} INFO - Processing /usr/local/lib/python3.9/site-packages/airflow/example_dags/example_trigger_controller_dag.py took 0.042 seconds
[2024-10-03T20:43:54.624+0000] {processor.py:153} INFO - Started process (PID=5096) to work on /usr/local/lib/python3.9/site-packages/airflow/example_dags/example_trigger_controller_dag.py
[2024-10-03T20:43:54.625+0000] {processor.py:743} INFO - Processing file /usr/local/lib/python3.9/site-packages/airflow/example_dags/example_trigger_controller_dag.py for tasks to queue
[2024-10-03T20:43:54.625+0000] {logging_mixin.py:137} INFO - [2024-10-03T20:43:54.625+0000] {dagbag.py:532} INFO - Filling up the DagBag from /usr/local/lib/python3.9/site-packages/airflow/example_dags/example_trigger_controller_dag.py
[2024-10-03T20:43:54.630+0000] {processor.py:753} INFO - DAG(s) dict_keys(['example_trigger_controller_dag']) retrieved from /usr/local/lib/python3.9/site-packages/airflow/example_dags/example_trigger_controller_dag.py
[2024-10-03T20:43:54.641+0000] {logging_mixin.py:137} INFO - [2024-10-03T20:43:54.641+0000] {dag.py:2705} INFO - Sync 1 DAGs
[2024-10-03T20:43:54.652+0000] {logging_mixin.py:137} INFO - [2024-10-03T20:43:54.652+0000] {dag.py:3452} INFO - Setting next_dagrun for example_trigger_controller_dag to 2021-01-01T00:00:00+00:00, run_after=2021-01-01T00:00:00+00:00
[2024-10-03T20:43:54.664+0000] {processor.py:175} INFO - Processing /usr/local/lib/python3.9/site-packages/airflow/example_dags/example_trigger_controller_dag.py took 0.042 seconds
[2024-10-03T20:44:25.345+0000] {processor.py:153} INFO - Started process (PID=5307) to work on /usr/local/lib/python3.9/site-packages/airflow/example_dags/example_trigger_controller_dag.py
[2024-10-03T20:44:25.348+0000] {processor.py:743} INFO - Processing file /usr/local/lib/python3.9/site-packages/airflow/example_dags/example_trigger_controller_dag.py for tasks to queue
[2024-10-03T20:44:25.348+0000] {logging_mixin.py:137} INFO - [2024-10-03T20:44:25.348+0000] {dagbag.py:532} INFO - Filling up the DagBag from /usr/local/lib/python3.9/site-packages/airflow/example_dags/example_trigger_controller_dag.py
[2024-10-03T20:44:25.355+0000] {processor.py:753} INFO - DAG(s) dict_keys(['example_trigger_controller_dag']) retrieved from /usr/local/lib/python3.9/site-packages/airflow/example_dags/example_trigger_controller_dag.py
[2024-10-03T20:44:25.367+0000] {logging_mixin.py:137} INFO - [2024-10-03T20:44:25.367+0000] {dag.py:2705} INFO - Sync 1 DAGs
[2024-10-03T20:44:25.377+0000] {logging_mixin.py:137} INFO - [2024-10-03T20:44:25.376+0000] {dag.py:3452} INFO - Setting next_dagrun for example_trigger_controller_dag to 2021-01-01T00:00:00+00:00, run_after=2021-01-01T00:00:00+00:00
[2024-10-03T20:44:25.387+0000] {processor.py:175} INFO - Processing /usr/local/lib/python3.9/site-packages/airflow/example_dags/example_trigger_controller_dag.py took 0.044 seconds
[2024-10-03T20:44:56.038+0000] {processor.py:153} INFO - Started process (PID=5518) to work on /usr/local/lib/python3.9/site-packages/airflow/example_dags/example_trigger_controller_dag.py
[2024-10-03T20:44:56.041+0000] {processor.py:743} INFO - Processing file /usr/local/lib/python3.9/site-packages/airflow/example_dags/example_trigger_controller_dag.py for tasks to queue
[2024-10-03T20:44:56.042+0000] {logging_mixin.py:137} INFO - [2024-10-03T20:44:56.042+0000] {dagbag.py:532} INFO - Filling up the DagBag from /usr/local/lib/python3.9/site-packages/airflow/example_dags/example_trigger_controller_dag.py
[2024-10-03T20:44:56.047+0000] {processor.py:753} INFO - DAG(s) dict_keys(['example_trigger_controller_dag']) retrieved from /usr/local/lib/python3.9/site-packages/airflow/example_dags/example_trigger_controller_dag.py
[2024-10-03T20:44:56.057+0000] {logging_mixin.py:137} INFO - [2024-10-03T20:44:56.057+0000] {dag.py:2705} INFO - Sync 1 DAGs
[2024-10-03T20:44:56.066+0000] {logging_mixin.py:137} INFO - [2024-10-03T20:44:56.066+0000] {dag.py:3452} INFO - Setting next_dagrun for example_trigger_controller_dag to 2021-01-01T00:00:00+00:00, run_after=2021-01-01T00:00:00+00:00
[2024-10-03T20:44:56.076+0000] {processor.py:175} INFO - Processing /usr/local/lib/python3.9/site-packages/airflow/example_dags/example_trigger_controller_dag.py took 0.039 seconds
[2024-10-03T20:45:26.673+0000] {processor.py:153} INFO - Started process (PID=5729) to work on /usr/local/lib/python3.9/site-packages/airflow/example_dags/example_trigger_controller_dag.py
[2024-10-03T20:45:26.673+0000] {processor.py:743} INFO - Processing file /usr/local/lib/python3.9/site-packages/airflow/example_dags/example_trigger_controller_dag.py for tasks to queue
[2024-10-03T20:45:26.673+0000] {logging_mixin.py:137} INFO - [2024-10-03T20:45:26.673+0000] {dagbag.py:532} INFO - Filling up the DagBag from /usr/local/lib/python3.9/site-packages/airflow/example_dags/example_trigger_controller_dag.py
[2024-10-03T20:45:26.678+0000] {processor.py:753} INFO - DAG(s) dict_keys(['example_trigger_controller_dag']) retrieved from /usr/local/lib/python3.9/site-packages/airflow/example_dags/example_trigger_controller_dag.py
[2024-10-03T20:45:26.690+0000] {logging_mixin.py:137} INFO - [2024-10-03T20:45:26.690+0000] {dag.py:2705} INFO - Sync 1 DAGs
[2024-10-03T20:45:26.699+0000] {logging_mixin.py:137} INFO - [2024-10-03T20:45:26.699+0000] {dag.py:3452} INFO - Setting next_dagrun for example_trigger_controller_dag to 2021-01-01T00:00:00+00:00, run_after=2021-01-01T00:00:00+00:00
[2024-10-03T20:45:26.708+0000] {processor.py:175} INFO - Processing /usr/local/lib/python3.9/site-packages/airflow/example_dags/example_trigger_controller_dag.py took 0.037 seconds
[2024-10-03T20:45:57.446+0000] {processor.py:153} INFO - Started process (PID=5940) to work on /usr/local/lib/python3.9/site-packages/airflow/example_dags/example_trigger_controller_dag.py
[2024-10-03T20:45:57.447+0000] {processor.py:743} INFO - Processing file /usr/local/lib/python3.9/site-packages/airflow/example_dags/example_trigger_controller_dag.py for tasks to queue
[2024-10-03T20:45:57.447+0000] {logging_mixin.py:137} INFO - [2024-10-03T20:45:57.447+0000] {dagbag.py:532} INFO - Filling up the DagBag from /usr/local/lib/python3.9/site-packages/airflow/example_dags/example_trigger_controller_dag.py
[2024-10-03T20:45:57.452+0000] {processor.py:753} INFO - DAG(s) dict_keys(['example_trigger_controller_dag']) retrieved from /usr/local/lib/python3.9/site-packages/airflow/example_dags/example_trigger_controller_dag.py
[2024-10-03T20:45:57.465+0000] {logging_mixin.py:137} INFO - [2024-10-03T20:45:57.465+0000] {dag.py:2705} INFO - Sync 1 DAGs
[2024-10-03T20:45:57.478+0000] {logging_mixin.py:137} INFO - [2024-10-03T20:45:57.478+0000] {dag.py:3452} INFO - Setting next_dagrun for example_trigger_controller_dag to 2021-01-01T00:00:00+00:00, run_after=2021-01-01T00:00:00+00:00
[2024-10-03T20:45:57.487+0000] {processor.py:175} INFO - Processing /usr/local/lib/python3.9/site-packages/airflow/example_dags/example_trigger_controller_dag.py took 0.042 seconds
[2024-10-03T20:46:28.132+0000] {processor.py:153} INFO - Started process (PID=6151) to work on /usr/local/lib/python3.9/site-packages/airflow/example_dags/example_trigger_controller_dag.py
[2024-10-03T20:46:28.134+0000] {processor.py:743} INFO - Processing file /usr/local/lib/python3.9/site-packages/airflow/example_dags/example_trigger_controller_dag.py for tasks to queue
[2024-10-03T20:46:28.135+0000] {logging_mixin.py:137} INFO - [2024-10-03T20:46:28.135+0000] {dagbag.py:532} INFO - Filling up the DagBag from /usr/local/lib/python3.9/site-packages/airflow/example_dags/example_trigger_controller_dag.py
[2024-10-03T20:46:28.140+0000] {processor.py:753} INFO - DAG(s) dict_keys(['example_trigger_controller_dag']) retrieved from /usr/local/lib/python3.9/site-packages/airflow/example_dags/example_trigger_controller_dag.py
[2024-10-03T20:46:28.150+0000] {logging_mixin.py:137} INFO - [2024-10-03T20:46:28.150+0000] {dag.py:2705} INFO - Sync 1 DAGs
[2024-10-03T20:46:28.161+0000] {logging_mixin.py:137} INFO - [2024-10-03T20:46:28.161+0000] {dag.py:3452} INFO - Setting next_dagrun for example_trigger_controller_dag to 2021-01-01T00:00:00+00:00, run_after=2021-01-01T00:00:00+00:00
[2024-10-03T20:46:28.180+0000] {processor.py:175} INFO - Processing /usr/local/lib/python3.9/site-packages/airflow/example_dags/example_trigger_controller_dag.py took 0.050 seconds
[2024-10-03T20:46:58.773+0000] {processor.py:153} INFO - Started process (PID=6361) to work on /usr/local/lib/python3.9/site-packages/airflow/example_dags/example_trigger_controller_dag.py
[2024-10-03T20:46:58.777+0000] {processor.py:743} INFO - Processing file /usr/local/lib/python3.9/site-packages/airflow/example_dags/example_trigger_controller_dag.py for tasks to queue
[2024-10-03T20:46:58.777+0000] {logging_mixin.py:137} INFO - [2024-10-03T20:46:58.777+0000] {dagbag.py:532} INFO - Filling up the DagBag from /usr/local/lib/python3.9/site-packages/airflow/example_dags/example_trigger_controller_dag.py
[2024-10-03T20:46:58.783+0000] {processor.py:753} INFO - DAG(s) dict_keys(['example_trigger_controller_dag']) retrieved from /usr/local/lib/python3.9/site-packages/airflow/example_dags/example_trigger_controller_dag.py
[2024-10-03T20:46:58.795+0000] {logging_mixin.py:137} INFO - [2024-10-03T20:46:58.795+0000] {dag.py:2705} INFO - Sync 1 DAGs
[2024-10-03T20:46:58.805+0000] {logging_mixin.py:137} INFO - [2024-10-03T20:46:58.805+0000] {dag.py:3452} INFO - Setting next_dagrun for example_trigger_controller_dag to 2021-01-01T00:00:00+00:00, run_after=2021-01-01T00:00:00+00:00
[2024-10-03T20:46:58.814+0000] {processor.py:175} INFO - Processing /usr/local/lib/python3.9/site-packages/airflow/example_dags/example_trigger_controller_dag.py took 0.042 seconds
[2024-10-03T20:47:29.262+0000] {processor.py:153} INFO - Started process (PID=6573) to work on /usr/local/lib/python3.9/site-packages/airflow/example_dags/example_trigger_controller_dag.py
[2024-10-03T20:47:29.263+0000] {processor.py:743} INFO - Processing file /usr/local/lib/python3.9/site-packages/airflow/example_dags/example_trigger_controller_dag.py for tasks to queue
[2024-10-03T20:47:29.264+0000] {logging_mixin.py:137} INFO - [2024-10-03T20:47:29.264+0000] {dagbag.py:532} INFO - Filling up the DagBag from /usr/local/lib/python3.9/site-packages/airflow/example_dags/example_trigger_controller_dag.py
[2024-10-03T20:47:29.269+0000] {processor.py:753} INFO - DAG(s) dict_keys(['example_trigger_controller_dag']) retrieved from /usr/local/lib/python3.9/site-packages/airflow/example_dags/example_trigger_controller_dag.py
[2024-10-03T20:47:29.279+0000] {logging_mixin.py:137} INFO - [2024-10-03T20:47:29.278+0000] {dag.py:2705} INFO - Sync 1 DAGs
[2024-10-03T20:47:29.289+0000] {logging_mixin.py:137} INFO - [2024-10-03T20:47:29.289+0000] {dag.py:3452} INFO - Setting next_dagrun for example_trigger_controller_dag to 2021-01-01T00:00:00+00:00, run_after=2021-01-01T00:00:00+00:00
[2024-10-03T20:47:29.301+0000] {processor.py:175} INFO - Processing /usr/local/lib/python3.9/site-packages/airflow/example_dags/example_trigger_controller_dag.py took 0.041 seconds
[2024-10-03T20:47:59.981+0000] {processor.py:153} INFO - Started process (PID=6783) to work on /usr/local/lib/python3.9/site-packages/airflow/example_dags/example_trigger_controller_dag.py
[2024-10-03T20:47:59.985+0000] {processor.py:743} INFO - Processing file /usr/local/lib/python3.9/site-packages/airflow/example_dags/example_trigger_controller_dag.py for tasks to queue
[2024-10-03T20:47:59.986+0000] {logging_mixin.py:137} INFO - [2024-10-03T20:47:59.986+0000] {dagbag.py:532} INFO - Filling up the DagBag from /usr/local/lib/python3.9/site-packages/airflow/example_dags/example_trigger_controller_dag.py
[2024-10-03T20:47:59.990+0000] {processor.py:753} INFO - DAG(s) dict_keys(['example_trigger_controller_dag']) retrieved from /usr/local/lib/python3.9/site-packages/airflow/example_dags/example_trigger_controller_dag.py
[2024-10-03T20:48:00.003+0000] {logging_mixin.py:137} INFO - [2024-10-03T20:48:00.003+0000] {dag.py:2705} INFO - Sync 1 DAGs
[2024-10-03T20:48:00.014+0000] {logging_mixin.py:137} INFO - [2024-10-03T20:48:00.014+0000] {dag.py:3452} INFO - Setting next_dagrun for example_trigger_controller_dag to 2021-01-01T00:00:00+00:00, run_after=2021-01-01T00:00:00+00:00
[2024-10-03T20:48:00.029+0000] {processor.py:175} INFO - Processing /usr/local/lib/python3.9/site-packages/airflow/example_dags/example_trigger_controller_dag.py took 0.049 seconds
[2024-10-03T20:48:30.601+0000] {processor.py:153} INFO - Started process (PID=6995) to work on /usr/local/lib/python3.9/site-packages/airflow/example_dags/example_trigger_controller_dag.py
[2024-10-03T20:48:30.604+0000] {processor.py:743} INFO - Processing file /usr/local/lib/python3.9/site-packages/airflow/example_dags/example_trigger_controller_dag.py for tasks to queue
[2024-10-03T20:48:30.606+0000] {logging_mixin.py:137} INFO - [2024-10-03T20:48:30.604+0000] {dagbag.py:532} INFO - Filling up the DagBag from /usr/local/lib/python3.9/site-packages/airflow/example_dags/example_trigger_controller_dag.py
[2024-10-03T20:48:30.611+0000] {processor.py:753} INFO - DAG(s) dict_keys(['example_trigger_controller_dag']) retrieved from /usr/local/lib/python3.9/site-packages/airflow/example_dags/example_trigger_controller_dag.py
[2024-10-03T20:48:30.624+0000] {logging_mixin.py:137} INFO - [2024-10-03T20:48:30.624+0000] {dag.py:2705} INFO - Sync 1 DAGs
[2024-10-03T20:48:30.633+0000] {logging_mixin.py:137} INFO - [2024-10-03T20:48:30.633+0000] {dag.py:3452} INFO - Setting next_dagrun for example_trigger_controller_dag to 2021-01-01T00:00:00+00:00, run_after=2021-01-01T00:00:00+00:00
[2024-10-03T20:48:30.643+0000] {processor.py:175} INFO - Processing /usr/local/lib/python3.9/site-packages/airflow/example_dags/example_trigger_controller_dag.py took 0.044 seconds
[2024-10-03T20:49:01.420+0000] {processor.py:153} INFO - Started process (PID=7206) to work on /usr/local/lib/python3.9/site-packages/airflow/example_dags/example_trigger_controller_dag.py
[2024-10-03T20:49:01.422+0000] {processor.py:743} INFO - Processing file /usr/local/lib/python3.9/site-packages/airflow/example_dags/example_trigger_controller_dag.py for tasks to queue
[2024-10-03T20:49:01.422+0000] {logging_mixin.py:137} INFO - [2024-10-03T20:49:01.422+0000] {dagbag.py:532} INFO - Filling up the DagBag from /usr/local/lib/python3.9/site-packages/airflow/example_dags/example_trigger_controller_dag.py
[2024-10-03T20:49:01.430+0000] {processor.py:753} INFO - DAG(s) dict_keys(['example_trigger_controller_dag']) retrieved from /usr/local/lib/python3.9/site-packages/airflow/example_dags/example_trigger_controller_dag.py
[2024-10-03T20:49:01.447+0000] {logging_mixin.py:137} INFO - [2024-10-03T20:49:01.447+0000] {dag.py:2705} INFO - Sync 1 DAGs
[2024-10-03T20:49:01.458+0000] {logging_mixin.py:137} INFO - [2024-10-03T20:49:01.458+0000] {dag.py:3452} INFO - Setting next_dagrun for example_trigger_controller_dag to 2021-01-01T00:00:00+00:00, run_after=2021-01-01T00:00:00+00:00
[2024-10-03T20:49:01.468+0000] {processor.py:175} INFO - Processing /usr/local/lib/python3.9/site-packages/airflow/example_dags/example_trigger_controller_dag.py took 0.051 seconds
[2024-10-03T20:49:32.262+0000] {processor.py:153} INFO - Started process (PID=7417) to work on /usr/local/lib/python3.9/site-packages/airflow/example_dags/example_trigger_controller_dag.py
[2024-10-03T20:49:32.265+0000] {processor.py:743} INFO - Processing file /usr/local/lib/python3.9/site-packages/airflow/example_dags/example_trigger_controller_dag.py for tasks to queue
[2024-10-03T20:49:32.265+0000] {logging_mixin.py:137} INFO - [2024-10-03T20:49:32.265+0000] {dagbag.py:532} INFO - Filling up the DagBag from /usr/local/lib/python3.9/site-packages/airflow/example_dags/example_trigger_controller_dag.py
[2024-10-03T20:49:32.270+0000] {processor.py:753} INFO - DAG(s) dict_keys(['example_trigger_controller_dag']) retrieved from /usr/local/lib/python3.9/site-packages/airflow/example_dags/example_trigger_controller_dag.py
[2024-10-03T20:49:32.280+0000] {logging_mixin.py:137} INFO - [2024-10-03T20:49:32.280+0000] {dag.py:2705} INFO - Sync 1 DAGs
[2024-10-03T20:49:32.289+0000] {logging_mixin.py:137} INFO - [2024-10-03T20:49:32.289+0000] {dag.py:3452} INFO - Setting next_dagrun for example_trigger_controller_dag to 2021-01-01T00:00:00+00:00, run_after=2021-01-01T00:00:00+00:00
[2024-10-03T20:49:32.297+0000] {processor.py:175} INFO - Processing /usr/local/lib/python3.9/site-packages/airflow/example_dags/example_trigger_controller_dag.py took 0.036 seconds
[2024-10-03T20:50:02.946+0000] {processor.py:153} INFO - Started process (PID=7628) to work on /usr/local/lib/python3.9/site-packages/airflow/example_dags/example_trigger_controller_dag.py
[2024-10-03T20:50:02.946+0000] {processor.py:743} INFO - Processing file /usr/local/lib/python3.9/site-packages/airflow/example_dags/example_trigger_controller_dag.py for tasks to queue
[2024-10-03T20:50:02.947+0000] {logging_mixin.py:137} INFO - [2024-10-03T20:50:02.947+0000] {dagbag.py:532} INFO - Filling up the DagBag from /usr/local/lib/python3.9/site-packages/airflow/example_dags/example_trigger_controller_dag.py
[2024-10-03T20:50:02.952+0000] {processor.py:753} INFO - DAG(s) dict_keys(['example_trigger_controller_dag']) retrieved from /usr/local/lib/python3.9/site-packages/airflow/example_dags/example_trigger_controller_dag.py
[2024-10-03T20:50:02.964+0000] {logging_mixin.py:137} INFO - [2024-10-03T20:50:02.964+0000] {dag.py:2705} INFO - Sync 1 DAGs
[2024-10-03T20:50:02.976+0000] {logging_mixin.py:137} INFO - [2024-10-03T20:50:02.976+0000] {dag.py:3452} INFO - Setting next_dagrun for example_trigger_controller_dag to 2021-01-01T00:00:00+00:00, run_after=2021-01-01T00:00:00+00:00
[2024-10-03T20:50:02.984+0000] {processor.py:175} INFO - Processing /usr/local/lib/python3.9/site-packages/airflow/example_dags/example_trigger_controller_dag.py took 0.040 seconds
[2024-10-03T20:50:33.727+0000] {processor.py:153} INFO - Started process (PID=7839) to work on /usr/local/lib/python3.9/site-packages/airflow/example_dags/example_trigger_controller_dag.py
[2024-10-03T20:50:33.729+0000] {processor.py:743} INFO - Processing file /usr/local/lib/python3.9/site-packages/airflow/example_dags/example_trigger_controller_dag.py for tasks to queue
[2024-10-03T20:50:33.730+0000] {logging_mixin.py:137} INFO - [2024-10-03T20:50:33.730+0000] {dagbag.py:532} INFO - Filling up the DagBag from /usr/local/lib/python3.9/site-packages/airflow/example_dags/example_trigger_controller_dag.py
[2024-10-03T20:50:33.735+0000] {processor.py:753} INFO - DAG(s) dict_keys(['example_trigger_controller_dag']) retrieved from /usr/local/lib/python3.9/site-packages/airflow/example_dags/example_trigger_controller_dag.py
[2024-10-03T20:50:33.747+0000] {logging_mixin.py:137} INFO - [2024-10-03T20:50:33.747+0000] {dag.py:2705} INFO - Sync 1 DAGs
[2024-10-03T20:50:33.756+0000] {logging_mixin.py:137} INFO - [2024-10-03T20:50:33.756+0000] {dag.py:3452} INFO - Setting next_dagrun for example_trigger_controller_dag to 2021-01-01T00:00:00+00:00, run_after=2021-01-01T00:00:00+00:00
[2024-10-03T20:50:33.765+0000] {processor.py:175} INFO - Processing /usr/local/lib/python3.9/site-packages/airflow/example_dags/example_trigger_controller_dag.py took 0.040 seconds
[2024-10-03T20:51:04.570+0000] {processor.py:153} INFO - Started process (PID=8050) to work on /usr/local/lib/python3.9/site-packages/airflow/example_dags/example_trigger_controller_dag.py
[2024-10-03T20:51:04.570+0000] {processor.py:743} INFO - Processing file /usr/local/lib/python3.9/site-packages/airflow/example_dags/example_trigger_controller_dag.py for tasks to queue
[2024-10-03T20:51:04.571+0000] {logging_mixin.py:137} INFO - [2024-10-03T20:51:04.570+0000] {dagbag.py:532} INFO - Filling up the DagBag from /usr/local/lib/python3.9/site-packages/airflow/example_dags/example_trigger_controller_dag.py
[2024-10-03T20:51:04.576+0000] {processor.py:753} INFO - DAG(s) dict_keys(['example_trigger_controller_dag']) retrieved from /usr/local/lib/python3.9/site-packages/airflow/example_dags/example_trigger_controller_dag.py
[2024-10-03T20:51:04.592+0000] {logging_mixin.py:137} INFO - [2024-10-03T20:51:04.592+0000] {dag.py:2705} INFO - Sync 1 DAGs
[2024-10-03T20:51:04.602+0000] {logging_mixin.py:137} INFO - [2024-10-03T20:51:04.601+0000] {dag.py:3452} INFO - Setting next_dagrun for example_trigger_controller_dag to 2021-01-01T00:00:00+00:00, run_after=2021-01-01T00:00:00+00:00
[2024-10-03T20:51:04.613+0000] {processor.py:175} INFO - Processing /usr/local/lib/python3.9/site-packages/airflow/example_dags/example_trigger_controller_dag.py took 0.044 seconds
[2024-10-03T20:51:35.268+0000] {processor.py:153} INFO - Started process (PID=8261) to work on /usr/local/lib/python3.9/site-packages/airflow/example_dags/example_trigger_controller_dag.py
[2024-10-03T20:51:35.268+0000] {processor.py:743} INFO - Processing file /usr/local/lib/python3.9/site-packages/airflow/example_dags/example_trigger_controller_dag.py for tasks to queue
[2024-10-03T20:51:35.270+0000] {logging_mixin.py:137} INFO - [2024-10-03T20:51:35.270+0000] {dagbag.py:532} INFO - Filling up the DagBag from /usr/local/lib/python3.9/site-packages/airflow/example_dags/example_trigger_controller_dag.py
[2024-10-03T20:51:35.276+0000] {processor.py:753} INFO - DAG(s) dict_keys(['example_trigger_controller_dag']) retrieved from /usr/local/lib/python3.9/site-packages/airflow/example_dags/example_trigger_controller_dag.py
[2024-10-03T20:51:35.286+0000] {logging_mixin.py:137} INFO - [2024-10-03T20:51:35.286+0000] {dag.py:2705} INFO - Sync 1 DAGs
[2024-10-03T20:51:35.297+0000] {logging_mixin.py:137} INFO - [2024-10-03T20:51:35.297+0000] {dag.py:3452} INFO - Setting next_dagrun for example_trigger_controller_dag to 2021-01-01T00:00:00+00:00, run_after=2021-01-01T00:00:00+00:00
[2024-10-03T20:51:35.311+0000] {processor.py:175} INFO - Processing /usr/local/lib/python3.9/site-packages/airflow/example_dags/example_trigger_controller_dag.py took 0.045 seconds
[2024-10-03T20:52:05.492+0000] {processor.py:153} INFO - Started process (PID=8471) to work on /usr/local/lib/python3.9/site-packages/airflow/example_dags/example_trigger_controller_dag.py
[2024-10-03T20:52:05.493+0000] {processor.py:743} INFO - Processing file /usr/local/lib/python3.9/site-packages/airflow/example_dags/example_trigger_controller_dag.py for tasks to queue
[2024-10-03T20:52:05.494+0000] {logging_mixin.py:137} INFO - [2024-10-03T20:52:05.494+0000] {dagbag.py:532} INFO - Filling up the DagBag from /usr/local/lib/python3.9/site-packages/airflow/example_dags/example_trigger_controller_dag.py
[2024-10-03T20:52:05.501+0000] {processor.py:753} INFO - DAG(s) dict_keys(['example_trigger_controller_dag']) retrieved from /usr/local/lib/python3.9/site-packages/airflow/example_dags/example_trigger_controller_dag.py
[2024-10-03T20:52:05.524+0000] {logging_mixin.py:137} INFO - [2024-10-03T20:52:05.524+0000] {dag.py:2705} INFO - Sync 1 DAGs
[2024-10-03T20:52:05.538+0000] {logging_mixin.py:137} INFO - [2024-10-03T20:52:05.538+0000] {dag.py:3452} INFO - Setting next_dagrun for example_trigger_controller_dag to 2021-01-01T00:00:00+00:00, run_after=2021-01-01T00:00:00+00:00
[2024-10-03T20:52:05.552+0000] {processor.py:175} INFO - Processing /usr/local/lib/python3.9/site-packages/airflow/example_dags/example_trigger_controller_dag.py took 0.063 seconds
[2024-10-03T20:52:36.536+0000] {processor.py:153} INFO - Started process (PID=8682) to work on /usr/local/lib/python3.9/site-packages/airflow/example_dags/example_trigger_controller_dag.py
[2024-10-03T20:52:36.536+0000] {processor.py:743} INFO - Processing file /usr/local/lib/python3.9/site-packages/airflow/example_dags/example_trigger_controller_dag.py for tasks to queue
[2024-10-03T20:52:36.537+0000] {logging_mixin.py:137} INFO - [2024-10-03T20:52:36.537+0000] {dagbag.py:532} INFO - Filling up the DagBag from /usr/local/lib/python3.9/site-packages/airflow/example_dags/example_trigger_controller_dag.py
[2024-10-03T20:52:36.543+0000] {processor.py:753} INFO - DAG(s) dict_keys(['example_trigger_controller_dag']) retrieved from /usr/local/lib/python3.9/site-packages/airflow/example_dags/example_trigger_controller_dag.py
[2024-10-03T20:52:36.558+0000] {logging_mixin.py:137} INFO - [2024-10-03T20:52:36.558+0000] {dag.py:2705} INFO - Sync 1 DAGs
[2024-10-03T20:52:36.568+0000] {logging_mixin.py:137} INFO - [2024-10-03T20:52:36.568+0000] {dag.py:3452} INFO - Setting next_dagrun for example_trigger_controller_dag to 2021-01-01T00:00:00+00:00, run_after=2021-01-01T00:00:00+00:00
[2024-10-03T20:52:36.581+0000] {processor.py:175} INFO - Processing /usr/local/lib/python3.9/site-packages/airflow/example_dags/example_trigger_controller_dag.py took 0.047 seconds
