[2024-10-03T20:32:01.750+0000] {processor.py:153} INFO - Started process (PID=297) to work on /usr/local/lib/python3.9/site-packages/airflow/example_dags/example_xcom.py
[2024-10-03T20:32:01.758+0000] {processor.py:743} INFO - Processing file /usr/local/lib/python3.9/site-packages/airflow/example_dags/example_xcom.py for tasks to queue
[2024-10-03T20:32:01.759+0000] {logging_mixin.py:137} INFO - [2024-10-03T20:32:01.759+0000] {dagbag.py:532} INFO - Filling up the DagBag from /usr/local/lib/python3.9/site-packages/airflow/example_dags/example_xcom.py
[2024-10-03T20:32:01.774+0000] {processor.py:753} INFO - DAG(s) dict_keys(['example_xcom']) retrieved from /usr/local/lib/python3.9/site-packages/airflow/example_dags/example_xcom.py
[2024-10-03T20:32:01.780+0000] {logging_mixin.py:137} INFO - [2024-10-03T20:32:01.780+0000] {dag.py:2705} INFO - Sync 1 DAGs
[2024-10-03T20:32:01.792+0000] {logging_mixin.py:137} INFO - [2024-10-03T20:32:01.792+0000] {dag.py:3452} INFO - Setting next_dagrun for example_xcom to 2021-01-01T00:00:00+00:00, run_after=2021-01-01T00:00:00+00:00
[2024-10-03T20:32:01.801+0000] {processor.py:175} INFO - Processing /usr/local/lib/python3.9/site-packages/airflow/example_dags/example_xcom.py took 0.053 seconds
[2024-10-03T20:32:33.954+0000] {processor.py:153} INFO - Started process (PID=512) to work on /usr/local/lib/python3.9/site-packages/airflow/example_dags/example_xcom.py
[2024-10-03T20:32:33.957+0000] {processor.py:743} INFO - Processing file /usr/local/lib/python3.9/site-packages/airflow/example_dags/example_xcom.py for tasks to queue
[2024-10-03T20:32:33.958+0000] {logging_mixin.py:137} INFO - [2024-10-03T20:32:33.958+0000] {dagbag.py:532} INFO - Filling up the DagBag from /usr/local/lib/python3.9/site-packages/airflow/example_dags/example_xcom.py
[2024-10-03T20:32:34.028+0000] {processor.py:753} INFO - DAG(s) dict_keys(['example_xcom']) retrieved from /usr/local/lib/python3.9/site-packages/airflow/example_dags/example_xcom.py
[2024-10-03T20:32:34.101+0000] {logging_mixin.py:137} INFO - [2024-10-03T20:32:34.101+0000] {dag.py:2705} INFO - Sync 1 DAGs
[2024-10-03T20:32:34.138+0000] {logging_mixin.py:137} INFO - [2024-10-03T20:32:34.138+0000] {dag.py:3452} INFO - Setting next_dagrun for example_xcom to 2021-01-01T00:00:00+00:00, run_after=2021-01-01T00:00:00+00:00
[2024-10-03T20:32:34.151+0000] {processor.py:175} INFO - Processing /usr/local/lib/python3.9/site-packages/airflow/example_dags/example_xcom.py took 0.202 seconds
[2024-10-03T20:33:10.114+0000] {processor.py:153} INFO - Started process (PID=721) to work on /usr/local/lib/python3.9/site-packages/airflow/example_dags/example_xcom.py
[2024-10-03T20:33:10.119+0000] {processor.py:743} INFO - Processing file /usr/local/lib/python3.9/site-packages/airflow/example_dags/example_xcom.py for tasks to queue
[2024-10-03T20:33:10.119+0000] {logging_mixin.py:137} INFO - [2024-10-03T20:33:10.119+0000] {dagbag.py:532} INFO - Filling up the DagBag from /usr/local/lib/python3.9/site-packages/airflow/example_dags/example_xcom.py
[2024-10-03T20:33:10.141+0000] {processor.py:753} INFO - DAG(s) dict_keys(['example_xcom']) retrieved from /usr/local/lib/python3.9/site-packages/airflow/example_dags/example_xcom.py
[2024-10-03T20:33:10.153+0000] {logging_mixin.py:137} INFO - [2024-10-03T20:33:10.153+0000] {dag.py:2705} INFO - Sync 1 DAGs
[2024-10-03T20:33:10.173+0000] {logging_mixin.py:137} INFO - [2024-10-03T20:33:10.173+0000] {dag.py:3452} INFO - Setting next_dagrun for example_xcom to 2021-01-01T00:00:00+00:00, run_after=2021-01-01T00:00:00+00:00
[2024-10-03T20:33:10.268+0000] {processor.py:175} INFO - Processing /usr/local/lib/python3.9/site-packages/airflow/example_dags/example_xcom.py took 0.156 seconds
[2024-10-03T20:33:40.392+0000] {processor.py:153} INFO - Started process (PID=934) to work on /usr/local/lib/python3.9/site-packages/airflow/example_dags/example_xcom.py
[2024-10-03T20:33:40.395+0000] {processor.py:743} INFO - Processing file /usr/local/lib/python3.9/site-packages/airflow/example_dags/example_xcom.py for tasks to queue
[2024-10-03T20:33:40.397+0000] {logging_mixin.py:137} INFO - [2024-10-03T20:33:40.397+0000] {dagbag.py:532} INFO - Filling up the DagBag from /usr/local/lib/python3.9/site-packages/airflow/example_dags/example_xcom.py
[2024-10-03T20:33:40.417+0000] {processor.py:753} INFO - DAG(s) dict_keys(['example_xcom']) retrieved from /usr/local/lib/python3.9/site-packages/airflow/example_dags/example_xcom.py
[2024-10-03T20:33:40.477+0000] {logging_mixin.py:137} INFO - [2024-10-03T20:33:40.477+0000] {dag.py:2705} INFO - Sync 1 DAGs
[2024-10-03T20:33:40.501+0000] {logging_mixin.py:137} INFO - [2024-10-03T20:33:40.501+0000] {dag.py:3452} INFO - Setting next_dagrun for example_xcom to 2021-01-01T00:00:00+00:00, run_after=2021-01-01T00:00:00+00:00
[2024-10-03T20:33:40.550+0000] {processor.py:175} INFO - Processing /usr/local/lib/python3.9/site-packages/airflow/example_dags/example_xcom.py took 0.159 seconds
[2024-10-03T20:34:11.625+0000] {processor.py:153} INFO - Started process (PID=1145) to work on /usr/local/lib/python3.9/site-packages/airflow/example_dags/example_xcom.py
[2024-10-03T20:34:11.634+0000] {processor.py:743} INFO - Processing file /usr/local/lib/python3.9/site-packages/airflow/example_dags/example_xcom.py for tasks to queue
[2024-10-03T20:34:11.637+0000] {logging_mixin.py:137} INFO - [2024-10-03T20:34:11.635+0000] {dagbag.py:532} INFO - Filling up the DagBag from /usr/local/lib/python3.9/site-packages/airflow/example_dags/example_xcom.py
[2024-10-03T20:34:11.706+0000] {processor.py:753} INFO - DAG(s) dict_keys(['example_xcom']) retrieved from /usr/local/lib/python3.9/site-packages/airflow/example_dags/example_xcom.py
[2024-10-03T20:34:11.729+0000] {logging_mixin.py:137} INFO - [2024-10-03T20:34:11.729+0000] {dag.py:2705} INFO - Sync 1 DAGs
[2024-10-03T20:34:11.743+0000] {logging_mixin.py:137} INFO - [2024-10-03T20:34:11.743+0000] {dag.py:3452} INFO - Setting next_dagrun for example_xcom to 2021-01-01T00:00:00+00:00, run_after=2021-01-01T00:00:00+00:00
[2024-10-03T20:34:11.768+0000] {processor.py:175} INFO - Processing /usr/local/lib/python3.9/site-packages/airflow/example_dags/example_xcom.py took 0.147 seconds
[2024-10-03T20:34:42.219+0000] {processor.py:153} INFO - Started process (PID=1356) to work on /usr/local/lib/python3.9/site-packages/airflow/example_dags/example_xcom.py
[2024-10-03T20:34:42.221+0000] {processor.py:743} INFO - Processing file /usr/local/lib/python3.9/site-packages/airflow/example_dags/example_xcom.py for tasks to queue
[2024-10-03T20:34:42.227+0000] {logging_mixin.py:137} INFO - [2024-10-03T20:34:42.227+0000] {dagbag.py:532} INFO - Filling up the DagBag from /usr/local/lib/python3.9/site-packages/airflow/example_dags/example_xcom.py
[2024-10-03T20:34:42.274+0000] {processor.py:753} INFO - DAG(s) dict_keys(['example_xcom']) retrieved from /usr/local/lib/python3.9/site-packages/airflow/example_dags/example_xcom.py
[2024-10-03T20:34:42.347+0000] {logging_mixin.py:137} INFO - [2024-10-03T20:34:42.347+0000] {dag.py:2705} INFO - Sync 1 DAGs
[2024-10-03T20:34:42.377+0000] {logging_mixin.py:137} INFO - [2024-10-03T20:34:42.376+0000] {dag.py:3452} INFO - Setting next_dagrun for example_xcom to 2021-01-01T00:00:00+00:00, run_after=2021-01-01T00:00:00+00:00
[2024-10-03T20:34:43.047+0000] {processor.py:175} INFO - Processing /usr/local/lib/python3.9/site-packages/airflow/example_dags/example_xcom.py took 0.833 seconds
[2024-10-03T20:35:15.746+0000] {processor.py:153} INFO - Started process (PID=1565) to work on /usr/local/lib/python3.9/site-packages/airflow/example_dags/example_xcom.py
[2024-10-03T20:35:15.757+0000] {processor.py:743} INFO - Processing file /usr/local/lib/python3.9/site-packages/airflow/example_dags/example_xcom.py for tasks to queue
[2024-10-03T20:35:15.758+0000] {logging_mixin.py:137} INFO - [2024-10-03T20:35:15.758+0000] {dagbag.py:532} INFO - Filling up the DagBag from /usr/local/lib/python3.9/site-packages/airflow/example_dags/example_xcom.py
[2024-10-03T20:35:15.768+0000] {processor.py:753} INFO - DAG(s) dict_keys(['example_xcom']) retrieved from /usr/local/lib/python3.9/site-packages/airflow/example_dags/example_xcom.py
[2024-10-03T20:35:15.789+0000] {logging_mixin.py:137} INFO - [2024-10-03T20:35:15.789+0000] {dag.py:2705} INFO - Sync 1 DAGs
[2024-10-03T20:35:15.799+0000] {logging_mixin.py:137} INFO - [2024-10-03T20:35:15.799+0000] {dag.py:3452} INFO - Setting next_dagrun for example_xcom to 2021-01-01T00:00:00+00:00, run_after=2021-01-01T00:00:00+00:00
[2024-10-03T20:35:15.808+0000] {processor.py:175} INFO - Processing /usr/local/lib/python3.9/site-packages/airflow/example_dags/example_xcom.py took 0.064 seconds
[2024-10-03T20:35:46.539+0000] {processor.py:153} INFO - Started process (PID=1772) to work on /usr/local/lib/python3.9/site-packages/airflow/example_dags/example_xcom.py
[2024-10-03T20:35:46.542+0000] {processor.py:743} INFO - Processing file /usr/local/lib/python3.9/site-packages/airflow/example_dags/example_xcom.py for tasks to queue
[2024-10-03T20:35:46.543+0000] {logging_mixin.py:137} INFO - [2024-10-03T20:35:46.542+0000] {dagbag.py:532} INFO - Filling up the DagBag from /usr/local/lib/python3.9/site-packages/airflow/example_dags/example_xcom.py
[2024-10-03T20:35:46.556+0000] {processor.py:753} INFO - DAG(s) dict_keys(['example_xcom']) retrieved from /usr/local/lib/python3.9/site-packages/airflow/example_dags/example_xcom.py
[2024-10-03T20:35:46.581+0000] {logging_mixin.py:137} INFO - [2024-10-03T20:35:46.581+0000] {dag.py:2705} INFO - Sync 1 DAGs
[2024-10-03T20:35:46.655+0000] {logging_mixin.py:137} INFO - [2024-10-03T20:35:46.655+0000] {dag.py:3452} INFO - Setting next_dagrun for example_xcom to 2021-01-01T00:00:00+00:00, run_after=2021-01-01T00:00:00+00:00
[2024-10-03T20:35:46.666+0000] {processor.py:175} INFO - Processing /usr/local/lib/python3.9/site-packages/airflow/example_dags/example_xcom.py took 0.128 seconds
[2024-10-03T20:36:17.424+0000] {processor.py:153} INFO - Started process (PID=1983) to work on /usr/local/lib/python3.9/site-packages/airflow/example_dags/example_xcom.py
[2024-10-03T20:36:17.424+0000] {processor.py:743} INFO - Processing file /usr/local/lib/python3.9/site-packages/airflow/example_dags/example_xcom.py for tasks to queue
[2024-10-03T20:36:17.425+0000] {logging_mixin.py:137} INFO - [2024-10-03T20:36:17.425+0000] {dagbag.py:532} INFO - Filling up the DagBag from /usr/local/lib/python3.9/site-packages/airflow/example_dags/example_xcom.py
[2024-10-03T20:36:17.440+0000] {processor.py:753} INFO - DAG(s) dict_keys(['example_xcom']) retrieved from /usr/local/lib/python3.9/site-packages/airflow/example_dags/example_xcom.py
[2024-10-03T20:36:17.516+0000] {logging_mixin.py:137} INFO - [2024-10-03T20:36:17.516+0000] {dag.py:2705} INFO - Sync 1 DAGs
[2024-10-03T20:36:17.536+0000] {logging_mixin.py:137} INFO - [2024-10-03T20:36:17.535+0000] {dag.py:3452} INFO - Setting next_dagrun for example_xcom to 2021-01-01T00:00:00+00:00, run_after=2021-01-01T00:00:00+00:00
[2024-10-03T20:36:17.551+0000] {processor.py:175} INFO - Processing /usr/local/lib/python3.9/site-packages/airflow/example_dags/example_xcom.py took 0.129 seconds
[2024-10-03T20:36:47.565+0000] {processor.py:153} INFO - Started process (PID=2194) to work on /usr/local/lib/python3.9/site-packages/airflow/example_dags/example_xcom.py
[2024-10-03T20:36:47.565+0000] {processor.py:743} INFO - Processing file /usr/local/lib/python3.9/site-packages/airflow/example_dags/example_xcom.py for tasks to queue
[2024-10-03T20:36:47.565+0000] {logging_mixin.py:137} INFO - [2024-10-03T20:36:47.565+0000] {dagbag.py:532} INFO - Filling up the DagBag from /usr/local/lib/python3.9/site-packages/airflow/example_dags/example_xcom.py
[2024-10-03T20:36:47.623+0000] {processor.py:753} INFO - DAG(s) dict_keys(['example_xcom']) retrieved from /usr/local/lib/python3.9/site-packages/airflow/example_dags/example_xcom.py
[2024-10-03T20:36:47.632+0000] {logging_mixin.py:137} INFO - [2024-10-03T20:36:47.632+0000] {dag.py:2705} INFO - Sync 1 DAGs
[2024-10-03T20:36:47.639+0000] {logging_mixin.py:137} INFO - [2024-10-03T20:36:47.639+0000] {dag.py:3452} INFO - Setting next_dagrun for example_xcom to 2021-01-01T00:00:00+00:00, run_after=2021-01-01T00:00:00+00:00
[2024-10-03T20:36:47.645+0000] {processor.py:175} INFO - Processing /usr/local/lib/python3.9/site-packages/airflow/example_dags/example_xcom.py took 0.082 seconds
[2024-10-03T20:37:18.441+0000] {processor.py:153} INFO - Started process (PID=2405) to work on /usr/local/lib/python3.9/site-packages/airflow/example_dags/example_xcom.py
[2024-10-03T20:37:18.441+0000] {processor.py:743} INFO - Processing file /usr/local/lib/python3.9/site-packages/airflow/example_dags/example_xcom.py for tasks to queue
[2024-10-03T20:37:18.441+0000] {logging_mixin.py:137} INFO - [2024-10-03T20:37:18.441+0000] {dagbag.py:532} INFO - Filling up the DagBag from /usr/local/lib/python3.9/site-packages/airflow/example_dags/example_xcom.py
[2024-10-03T20:37:18.449+0000] {processor.py:753} INFO - DAG(s) dict_keys(['example_xcom']) retrieved from /usr/local/lib/python3.9/site-packages/airflow/example_dags/example_xcom.py
[2024-10-03T20:37:18.458+0000] {logging_mixin.py:137} INFO - [2024-10-03T20:37:18.458+0000] {dag.py:2705} INFO - Sync 1 DAGs
[2024-10-03T20:37:18.465+0000] {logging_mixin.py:137} INFO - [2024-10-03T20:37:18.465+0000] {dag.py:3452} INFO - Setting next_dagrun for example_xcom to 2021-01-01T00:00:00+00:00, run_after=2021-01-01T00:00:00+00:00
[2024-10-03T20:37:18.471+0000] {processor.py:175} INFO - Processing /usr/local/lib/python3.9/site-packages/airflow/example_dags/example_xcom.py took 0.076 seconds
[2024-10-03T20:37:48.754+0000] {processor.py:153} INFO - Started process (PID=2614) to work on /usr/local/lib/python3.9/site-packages/airflow/example_dags/example_xcom.py
[2024-10-03T20:37:48.755+0000] {processor.py:743} INFO - Processing file /usr/local/lib/python3.9/site-packages/airflow/example_dags/example_xcom.py for tasks to queue
[2024-10-03T20:37:48.756+0000] {logging_mixin.py:137} INFO - [2024-10-03T20:37:48.756+0000] {dagbag.py:532} INFO - Filling up the DagBag from /usr/local/lib/python3.9/site-packages/airflow/example_dags/example_xcom.py
[2024-10-03T20:37:48.773+0000] {processor.py:753} INFO - DAG(s) dict_keys(['example_xcom']) retrieved from /usr/local/lib/python3.9/site-packages/airflow/example_dags/example_xcom.py
[2024-10-03T20:37:48.790+0000] {logging_mixin.py:137} INFO - [2024-10-03T20:37:48.790+0000] {dag.py:2705} INFO - Sync 1 DAGs
[2024-10-03T20:37:48.807+0000] {logging_mixin.py:137} INFO - [2024-10-03T20:37:48.806+0000] {dag.py:3452} INFO - Setting next_dagrun for example_xcom to 2021-01-01T00:00:00+00:00, run_after=2021-01-01T00:00:00+00:00
[2024-10-03T20:37:48.818+0000] {processor.py:175} INFO - Processing /usr/local/lib/python3.9/site-packages/airflow/example_dags/example_xcom.py took 0.067 seconds
[2024-10-03T20:38:18.949+0000] {processor.py:153} INFO - Started process (PID=2825) to work on /usr/local/lib/python3.9/site-packages/airflow/example_dags/example_xcom.py
[2024-10-03T20:38:18.950+0000] {processor.py:743} INFO - Processing file /usr/local/lib/python3.9/site-packages/airflow/example_dags/example_xcom.py for tasks to queue
[2024-10-03T20:38:18.950+0000] {logging_mixin.py:137} INFO - [2024-10-03T20:38:18.950+0000] {dagbag.py:532} INFO - Filling up the DagBag from /usr/local/lib/python3.9/site-packages/airflow/example_dags/example_xcom.py
[2024-10-03T20:38:18.960+0000] {processor.py:753} INFO - DAG(s) dict_keys(['example_xcom']) retrieved from /usr/local/lib/python3.9/site-packages/airflow/example_dags/example_xcom.py
[2024-10-03T20:38:18.974+0000] {logging_mixin.py:137} INFO - [2024-10-03T20:38:18.974+0000] {dag.py:2705} INFO - Sync 1 DAGs
[2024-10-03T20:38:18.982+0000] {logging_mixin.py:137} INFO - [2024-10-03T20:38:18.982+0000] {dag.py:3452} INFO - Setting next_dagrun for example_xcom to 2021-01-01T00:00:00+00:00, run_after=2021-01-01T00:00:00+00:00
[2024-10-03T20:38:18.992+0000] {processor.py:175} INFO - Processing /usr/local/lib/python3.9/site-packages/airflow/example_dags/example_xcom.py took 0.045 seconds
[2024-10-03T20:38:49.705+0000] {processor.py:153} INFO - Started process (PID=3036) to work on /usr/local/lib/python3.9/site-packages/airflow/example_dags/example_xcom.py
[2024-10-03T20:38:49.706+0000] {processor.py:743} INFO - Processing file /usr/local/lib/python3.9/site-packages/airflow/example_dags/example_xcom.py for tasks to queue
[2024-10-03T20:38:49.710+0000] {logging_mixin.py:137} INFO - [2024-10-03T20:38:49.710+0000] {dagbag.py:532} INFO - Filling up the DagBag from /usr/local/lib/python3.9/site-packages/airflow/example_dags/example_xcom.py
[2024-10-03T20:38:49.720+0000] {processor.py:753} INFO - DAG(s) dict_keys(['example_xcom']) retrieved from /usr/local/lib/python3.9/site-packages/airflow/example_dags/example_xcom.py
[2024-10-03T20:38:49.734+0000] {logging_mixin.py:137} INFO - [2024-10-03T20:38:49.734+0000] {dag.py:2705} INFO - Sync 1 DAGs
[2024-10-03T20:38:49.742+0000] {logging_mixin.py:137} INFO - [2024-10-03T20:38:49.742+0000] {dag.py:3452} INFO - Setting next_dagrun for example_xcom to 2021-01-01T00:00:00+00:00, run_after=2021-01-01T00:00:00+00:00
[2024-10-03T20:38:49.752+0000] {processor.py:175} INFO - Processing /usr/local/lib/python3.9/site-packages/airflow/example_dags/example_xcom.py took 0.049 seconds
[2024-10-03T20:39:20.538+0000] {processor.py:153} INFO - Started process (PID=3247) to work on /usr/local/lib/python3.9/site-packages/airflow/example_dags/example_xcom.py
[2024-10-03T20:39:20.540+0000] {processor.py:743} INFO - Processing file /usr/local/lib/python3.9/site-packages/airflow/example_dags/example_xcom.py for tasks to queue
[2024-10-03T20:39:20.540+0000] {logging_mixin.py:137} INFO - [2024-10-03T20:39:20.540+0000] {dagbag.py:532} INFO - Filling up the DagBag from /usr/local/lib/python3.9/site-packages/airflow/example_dags/example_xcom.py
[2024-10-03T20:39:20.550+0000] {processor.py:753} INFO - DAG(s) dict_keys(['example_xcom']) retrieved from /usr/local/lib/python3.9/site-packages/airflow/example_dags/example_xcom.py
[2024-10-03T20:39:20.569+0000] {logging_mixin.py:137} INFO - [2024-10-03T20:39:20.569+0000] {dag.py:2705} INFO - Sync 1 DAGs
[2024-10-03T20:39:20.579+0000] {logging_mixin.py:137} INFO - [2024-10-03T20:39:20.579+0000] {dag.py:3452} INFO - Setting next_dagrun for example_xcom to 2021-01-01T00:00:00+00:00, run_after=2021-01-01T00:00:00+00:00
[2024-10-03T20:39:20.587+0000] {processor.py:175} INFO - Processing /usr/local/lib/python3.9/site-packages/airflow/example_dags/example_xcom.py took 0.051 seconds
[2024-10-03T20:39:51.337+0000] {processor.py:153} INFO - Started process (PID=3458) to work on /usr/local/lib/python3.9/site-packages/airflow/example_dags/example_xcom.py
[2024-10-03T20:39:51.338+0000] {processor.py:743} INFO - Processing file /usr/local/lib/python3.9/site-packages/airflow/example_dags/example_xcom.py for tasks to queue
[2024-10-03T20:39:51.339+0000] {logging_mixin.py:137} INFO - [2024-10-03T20:39:51.339+0000] {dagbag.py:532} INFO - Filling up the DagBag from /usr/local/lib/python3.9/site-packages/airflow/example_dags/example_xcom.py
[2024-10-03T20:39:51.351+0000] {processor.py:753} INFO - DAG(s) dict_keys(['example_xcom']) retrieved from /usr/local/lib/python3.9/site-packages/airflow/example_dags/example_xcom.py
[2024-10-03T20:39:51.366+0000] {logging_mixin.py:137} INFO - [2024-10-03T20:39:51.366+0000] {dag.py:2705} INFO - Sync 1 DAGs
[2024-10-03T20:39:51.377+0000] {logging_mixin.py:137} INFO - [2024-10-03T20:39:51.377+0000] {dag.py:3452} INFO - Setting next_dagrun for example_xcom to 2021-01-01T00:00:00+00:00, run_after=2021-01-01T00:00:00+00:00
[2024-10-03T20:39:51.385+0000] {processor.py:175} INFO - Processing /usr/local/lib/python3.9/site-packages/airflow/example_dags/example_xcom.py took 0.049 seconds
[2024-10-03T20:40:22.209+0000] {processor.py:153} INFO - Started process (PID=3669) to work on /usr/local/lib/python3.9/site-packages/airflow/example_dags/example_xcom.py
[2024-10-03T20:40:22.211+0000] {processor.py:743} INFO - Processing file /usr/local/lib/python3.9/site-packages/airflow/example_dags/example_xcom.py for tasks to queue
[2024-10-03T20:40:22.211+0000] {logging_mixin.py:137} INFO - [2024-10-03T20:40:22.211+0000] {dagbag.py:532} INFO - Filling up the DagBag from /usr/local/lib/python3.9/site-packages/airflow/example_dags/example_xcom.py
[2024-10-03T20:40:22.222+0000] {processor.py:753} INFO - DAG(s) dict_keys(['example_xcom']) retrieved from /usr/local/lib/python3.9/site-packages/airflow/example_dags/example_xcom.py
[2024-10-03T20:40:22.245+0000] {logging_mixin.py:137} INFO - [2024-10-03T20:40:22.244+0000] {dag.py:2705} INFO - Sync 1 DAGs
[2024-10-03T20:40:22.258+0000] {logging_mixin.py:137} INFO - [2024-10-03T20:40:22.258+0000] {dag.py:3452} INFO - Setting next_dagrun for example_xcom to 2021-01-01T00:00:00+00:00, run_after=2021-01-01T00:00:00+00:00
[2024-10-03T20:40:22.267+0000] {processor.py:175} INFO - Processing /usr/local/lib/python3.9/site-packages/airflow/example_dags/example_xcom.py took 0.060 seconds
[2024-10-03T20:40:53.076+0000] {processor.py:153} INFO - Started process (PID=3880) to work on /usr/local/lib/python3.9/site-packages/airflow/example_dags/example_xcom.py
[2024-10-03T20:40:53.078+0000] {processor.py:743} INFO - Processing file /usr/local/lib/python3.9/site-packages/airflow/example_dags/example_xcom.py for tasks to queue
[2024-10-03T20:40:53.078+0000] {logging_mixin.py:137} INFO - [2024-10-03T20:40:53.078+0000] {dagbag.py:532} INFO - Filling up the DagBag from /usr/local/lib/python3.9/site-packages/airflow/example_dags/example_xcom.py
[2024-10-03T20:40:53.091+0000] {processor.py:753} INFO - DAG(s) dict_keys(['example_xcom']) retrieved from /usr/local/lib/python3.9/site-packages/airflow/example_dags/example_xcom.py
[2024-10-03T20:40:53.100+0000] {logging_mixin.py:137} INFO - [2024-10-03T20:40:53.100+0000] {dag.py:2705} INFO - Sync 1 DAGs
[2024-10-03T20:40:53.111+0000] {logging_mixin.py:137} INFO - [2024-10-03T20:40:53.110+0000] {dag.py:3452} INFO - Setting next_dagrun for example_xcom to 2021-01-01T00:00:00+00:00, run_after=2021-01-01T00:00:00+00:00
[2024-10-03T20:40:53.119+0000] {processor.py:175} INFO - Processing /usr/local/lib/python3.9/site-packages/airflow/example_dags/example_xcom.py took 0.045 seconds
[2024-10-03T20:41:23.765+0000] {processor.py:153} INFO - Started process (PID=4091) to work on /usr/local/lib/python3.9/site-packages/airflow/example_dags/example_xcom.py
[2024-10-03T20:41:23.765+0000] {processor.py:743} INFO - Processing file /usr/local/lib/python3.9/site-packages/airflow/example_dags/example_xcom.py for tasks to queue
[2024-10-03T20:41:23.766+0000] {logging_mixin.py:137} INFO - [2024-10-03T20:41:23.766+0000] {dagbag.py:532} INFO - Filling up the DagBag from /usr/local/lib/python3.9/site-packages/airflow/example_dags/example_xcom.py
[2024-10-03T20:41:23.777+0000] {processor.py:753} INFO - DAG(s) dict_keys(['example_xcom']) retrieved from /usr/local/lib/python3.9/site-packages/airflow/example_dags/example_xcom.py
[2024-10-03T20:41:23.792+0000] {logging_mixin.py:137} INFO - [2024-10-03T20:41:23.792+0000] {dag.py:2705} INFO - Sync 1 DAGs
[2024-10-03T20:41:23.801+0000] {logging_mixin.py:137} INFO - [2024-10-03T20:41:23.801+0000] {dag.py:3452} INFO - Setting next_dagrun for example_xcom to 2021-01-01T00:00:00+00:00, run_after=2021-01-01T00:00:00+00:00
[2024-10-03T20:41:23.809+0000] {processor.py:175} INFO - Processing /usr/local/lib/python3.9/site-packages/airflow/example_dags/example_xcom.py took 0.047 seconds
[2024-10-03T20:41:54.460+0000] {processor.py:153} INFO - Started process (PID=4304) to work on /usr/local/lib/python3.9/site-packages/airflow/example_dags/example_xcom.py
[2024-10-03T20:41:54.460+0000] {processor.py:743} INFO - Processing file /usr/local/lib/python3.9/site-packages/airflow/example_dags/example_xcom.py for tasks to queue
[2024-10-03T20:41:54.461+0000] {logging_mixin.py:137} INFO - [2024-10-03T20:41:54.461+0000] {dagbag.py:532} INFO - Filling up the DagBag from /usr/local/lib/python3.9/site-packages/airflow/example_dags/example_xcom.py
[2024-10-03T20:41:54.470+0000] {processor.py:753} INFO - DAG(s) dict_keys(['example_xcom']) retrieved from /usr/local/lib/python3.9/site-packages/airflow/example_dags/example_xcom.py
[2024-10-03T20:41:54.479+0000] {logging_mixin.py:137} INFO - [2024-10-03T20:41:54.479+0000] {dag.py:2705} INFO - Sync 1 DAGs
[2024-10-03T20:41:54.487+0000] {logging_mixin.py:137} INFO - [2024-10-03T20:41:54.487+0000] {dag.py:3452} INFO - Setting next_dagrun for example_xcom to 2021-01-01T00:00:00+00:00, run_after=2021-01-01T00:00:00+00:00
[2024-10-03T20:41:54.493+0000] {processor.py:175} INFO - Processing /usr/local/lib/python3.9/site-packages/airflow/example_dags/example_xcom.py took 0.035 seconds
[2024-10-03T20:42:25.111+0000] {processor.py:153} INFO - Started process (PID=4515) to work on /usr/local/lib/python3.9/site-packages/airflow/example_dags/example_xcom.py
[2024-10-03T20:42:25.112+0000] {processor.py:743} INFO - Processing file /usr/local/lib/python3.9/site-packages/airflow/example_dags/example_xcom.py for tasks to queue
[2024-10-03T20:42:25.112+0000] {logging_mixin.py:137} INFO - [2024-10-03T20:42:25.112+0000] {dagbag.py:532} INFO - Filling up the DagBag from /usr/local/lib/python3.9/site-packages/airflow/example_dags/example_xcom.py
[2024-10-03T20:42:25.122+0000] {processor.py:753} INFO - DAG(s) dict_keys(['example_xcom']) retrieved from /usr/local/lib/python3.9/site-packages/airflow/example_dags/example_xcom.py
[2024-10-03T20:42:25.132+0000] {logging_mixin.py:137} INFO - [2024-10-03T20:42:25.132+0000] {dag.py:2705} INFO - Sync 1 DAGs
[2024-10-03T20:42:25.141+0000] {logging_mixin.py:137} INFO - [2024-10-03T20:42:25.141+0000] {dag.py:3452} INFO - Setting next_dagrun for example_xcom to 2021-01-01T00:00:00+00:00, run_after=2021-01-01T00:00:00+00:00
[2024-10-03T20:42:25.148+0000] {processor.py:175} INFO - Processing /usr/local/lib/python3.9/site-packages/airflow/example_dags/example_xcom.py took 0.039 seconds
[2024-10-03T20:42:55.734+0000] {processor.py:153} INFO - Started process (PID=4726) to work on /usr/local/lib/python3.9/site-packages/airflow/example_dags/example_xcom.py
[2024-10-03T20:42:55.734+0000] {processor.py:743} INFO - Processing file /usr/local/lib/python3.9/site-packages/airflow/example_dags/example_xcom.py for tasks to queue
[2024-10-03T20:42:55.735+0000] {logging_mixin.py:137} INFO - [2024-10-03T20:42:55.735+0000] {dagbag.py:532} INFO - Filling up the DagBag from /usr/local/lib/python3.9/site-packages/airflow/example_dags/example_xcom.py
[2024-10-03T20:42:55.744+0000] {processor.py:753} INFO - DAG(s) dict_keys(['example_xcom']) retrieved from /usr/local/lib/python3.9/site-packages/airflow/example_dags/example_xcom.py
[2024-10-03T20:42:55.753+0000] {logging_mixin.py:137} INFO - [2024-10-03T20:42:55.753+0000] {dag.py:2705} INFO - Sync 1 DAGs
[2024-10-03T20:42:55.761+0000] {logging_mixin.py:137} INFO - [2024-10-03T20:42:55.761+0000] {dag.py:3452} INFO - Setting next_dagrun for example_xcom to 2021-01-01T00:00:00+00:00, run_after=2021-01-01T00:00:00+00:00
[2024-10-03T20:42:55.767+0000] {processor.py:175} INFO - Processing /usr/local/lib/python3.9/site-packages/airflow/example_dags/example_xcom.py took 0.035 seconds
[2024-10-03T20:43:26.332+0000] {processor.py:153} INFO - Started process (PID=4935) to work on /usr/local/lib/python3.9/site-packages/airflow/example_dags/example_xcom.py
[2024-10-03T20:43:26.333+0000] {processor.py:743} INFO - Processing file /usr/local/lib/python3.9/site-packages/airflow/example_dags/example_xcom.py for tasks to queue
[2024-10-03T20:43:26.334+0000] {logging_mixin.py:137} INFO - [2024-10-03T20:43:26.334+0000] {dagbag.py:532} INFO - Filling up the DagBag from /usr/local/lib/python3.9/site-packages/airflow/example_dags/example_xcom.py
[2024-10-03T20:43:26.348+0000] {processor.py:753} INFO - DAG(s) dict_keys(['example_xcom']) retrieved from /usr/local/lib/python3.9/site-packages/airflow/example_dags/example_xcom.py
[2024-10-03T20:43:26.361+0000] {logging_mixin.py:137} INFO - [2024-10-03T20:43:26.361+0000] {dag.py:2705} INFO - Sync 1 DAGs
[2024-10-03T20:43:26.371+0000] {logging_mixin.py:137} INFO - [2024-10-03T20:43:26.371+0000] {dag.py:3452} INFO - Setting next_dagrun for example_xcom to 2021-01-01T00:00:00+00:00, run_after=2021-01-01T00:00:00+00:00
[2024-10-03T20:43:26.378+0000] {processor.py:175} INFO - Processing /usr/local/lib/python3.9/site-packages/airflow/example_dags/example_xcom.py took 0.048 seconds
[2024-10-03T20:43:56.967+0000] {processor.py:153} INFO - Started process (PID=5148) to work on /usr/local/lib/python3.9/site-packages/airflow/example_dags/example_xcom.py
[2024-10-03T20:43:56.968+0000] {processor.py:743} INFO - Processing file /usr/local/lib/python3.9/site-packages/airflow/example_dags/example_xcom.py for tasks to queue
[2024-10-03T20:43:56.968+0000] {logging_mixin.py:137} INFO - [2024-10-03T20:43:56.968+0000] {dagbag.py:532} INFO - Filling up the DagBag from /usr/local/lib/python3.9/site-packages/airflow/example_dags/example_xcom.py
[2024-10-03T20:43:56.978+0000] {processor.py:753} INFO - DAG(s) dict_keys(['example_xcom']) retrieved from /usr/local/lib/python3.9/site-packages/airflow/example_dags/example_xcom.py
[2024-10-03T20:43:56.988+0000] {logging_mixin.py:137} INFO - [2024-10-03T20:43:56.988+0000] {dag.py:2705} INFO - Sync 1 DAGs
[2024-10-03T20:43:56.995+0000] {logging_mixin.py:137} INFO - [2024-10-03T20:43:56.995+0000] {dag.py:3452} INFO - Setting next_dagrun for example_xcom to 2021-01-01T00:00:00+00:00, run_after=2021-01-01T00:00:00+00:00
[2024-10-03T20:43:57.002+0000] {processor.py:175} INFO - Processing /usr/local/lib/python3.9/site-packages/airflow/example_dags/example_xcom.py took 0.037 seconds
[2024-10-03T20:44:27.737+0000] {processor.py:153} INFO - Started process (PID=5359) to work on /usr/local/lib/python3.9/site-packages/airflow/example_dags/example_xcom.py
[2024-10-03T20:44:27.738+0000] {processor.py:743} INFO - Processing file /usr/local/lib/python3.9/site-packages/airflow/example_dags/example_xcom.py for tasks to queue
[2024-10-03T20:44:27.738+0000] {logging_mixin.py:137} INFO - [2024-10-03T20:44:27.738+0000] {dagbag.py:532} INFO - Filling up the DagBag from /usr/local/lib/python3.9/site-packages/airflow/example_dags/example_xcom.py
[2024-10-03T20:44:27.749+0000] {processor.py:753} INFO - DAG(s) dict_keys(['example_xcom']) retrieved from /usr/local/lib/python3.9/site-packages/airflow/example_dags/example_xcom.py
[2024-10-03T20:44:27.758+0000] {logging_mixin.py:137} INFO - [2024-10-03T20:44:27.758+0000] {dag.py:2705} INFO - Sync 1 DAGs
[2024-10-03T20:44:27.767+0000] {logging_mixin.py:137} INFO - [2024-10-03T20:44:27.767+0000] {dag.py:3452} INFO - Setting next_dagrun for example_xcom to 2021-01-01T00:00:00+00:00, run_after=2021-01-01T00:00:00+00:00
[2024-10-03T20:44:27.773+0000] {processor.py:175} INFO - Processing /usr/local/lib/python3.9/site-packages/airflow/example_dags/example_xcom.py took 0.037 seconds
[2024-10-03T20:44:58.412+0000] {processor.py:153} INFO - Started process (PID=5570) to work on /usr/local/lib/python3.9/site-packages/airflow/example_dags/example_xcom.py
[2024-10-03T20:44:58.413+0000] {processor.py:743} INFO - Processing file /usr/local/lib/python3.9/site-packages/airflow/example_dags/example_xcom.py for tasks to queue
[2024-10-03T20:44:58.413+0000] {logging_mixin.py:137} INFO - [2024-10-03T20:44:58.413+0000] {dagbag.py:532} INFO - Filling up the DagBag from /usr/local/lib/python3.9/site-packages/airflow/example_dags/example_xcom.py
[2024-10-03T20:44:58.424+0000] {processor.py:753} INFO - DAG(s) dict_keys(['example_xcom']) retrieved from /usr/local/lib/python3.9/site-packages/airflow/example_dags/example_xcom.py
[2024-10-03T20:44:58.433+0000] {logging_mixin.py:137} INFO - [2024-10-03T20:44:58.433+0000] {dag.py:2705} INFO - Sync 1 DAGs
[2024-10-03T20:44:58.441+0000] {logging_mixin.py:137} INFO - [2024-10-03T20:44:58.441+0000] {dag.py:3452} INFO - Setting next_dagrun for example_xcom to 2021-01-01T00:00:00+00:00, run_after=2021-01-01T00:00:00+00:00
[2024-10-03T20:44:58.447+0000] {processor.py:175} INFO - Processing /usr/local/lib/python3.9/site-packages/airflow/example_dags/example_xcom.py took 0.037 seconds
[2024-10-03T20:45:28.994+0000] {processor.py:153} INFO - Started process (PID=5781) to work on /usr/local/lib/python3.9/site-packages/airflow/example_dags/example_xcom.py
[2024-10-03T20:45:28.994+0000] {processor.py:743} INFO - Processing file /usr/local/lib/python3.9/site-packages/airflow/example_dags/example_xcom.py for tasks to queue
[2024-10-03T20:45:28.994+0000] {logging_mixin.py:137} INFO - [2024-10-03T20:45:28.994+0000] {dagbag.py:532} INFO - Filling up the DagBag from /usr/local/lib/python3.9/site-packages/airflow/example_dags/example_xcom.py
[2024-10-03T20:45:29.005+0000] {processor.py:753} INFO - DAG(s) dict_keys(['example_xcom']) retrieved from /usr/local/lib/python3.9/site-packages/airflow/example_dags/example_xcom.py
[2024-10-03T20:45:29.015+0000] {logging_mixin.py:137} INFO - [2024-10-03T20:45:29.015+0000] {dag.py:2705} INFO - Sync 1 DAGs
[2024-10-03T20:45:29.022+0000] {logging_mixin.py:137} INFO - [2024-10-03T20:45:29.022+0000] {dag.py:3452} INFO - Setting next_dagrun for example_xcom to 2021-01-01T00:00:00+00:00, run_after=2021-01-01T00:00:00+00:00
[2024-10-03T20:45:29.029+0000] {processor.py:175} INFO - Processing /usr/local/lib/python3.9/site-packages/airflow/example_dags/example_xcom.py took 0.036 seconds
[2024-10-03T20:45:59.732+0000] {processor.py:153} INFO - Started process (PID=5990) to work on /usr/local/lib/python3.9/site-packages/airflow/example_dags/example_xcom.py
[2024-10-03T20:45:59.733+0000] {processor.py:743} INFO - Processing file /usr/local/lib/python3.9/site-packages/airflow/example_dags/example_xcom.py for tasks to queue
[2024-10-03T20:45:59.733+0000] {logging_mixin.py:137} INFO - [2024-10-03T20:45:59.733+0000] {dagbag.py:532} INFO - Filling up the DagBag from /usr/local/lib/python3.9/site-packages/airflow/example_dags/example_xcom.py
[2024-10-03T20:45:59.744+0000] {processor.py:753} INFO - DAG(s) dict_keys(['example_xcom']) retrieved from /usr/local/lib/python3.9/site-packages/airflow/example_dags/example_xcom.py
[2024-10-03T20:45:59.759+0000] {logging_mixin.py:137} INFO - [2024-10-03T20:45:59.759+0000] {dag.py:2705} INFO - Sync 1 DAGs
[2024-10-03T20:45:59.768+0000] {logging_mixin.py:137} INFO - [2024-10-03T20:45:59.768+0000] {dag.py:3452} INFO - Setting next_dagrun for example_xcom to 2021-01-01T00:00:00+00:00, run_after=2021-01-01T00:00:00+00:00
[2024-10-03T20:45:59.779+0000] {processor.py:175} INFO - Processing /usr/local/lib/python3.9/site-packages/airflow/example_dags/example_xcom.py took 0.049 seconds
[2024-10-03T20:46:30.441+0000] {processor.py:153} INFO - Started process (PID=6201) to work on /usr/local/lib/python3.9/site-packages/airflow/example_dags/example_xcom.py
[2024-10-03T20:46:30.442+0000] {processor.py:743} INFO - Processing file /usr/local/lib/python3.9/site-packages/airflow/example_dags/example_xcom.py for tasks to queue
[2024-10-03T20:46:30.443+0000] {logging_mixin.py:137} INFO - [2024-10-03T20:46:30.443+0000] {dagbag.py:532} INFO - Filling up the DagBag from /usr/local/lib/python3.9/site-packages/airflow/example_dags/example_xcom.py
[2024-10-03T20:46:30.454+0000] {processor.py:753} INFO - DAG(s) dict_keys(['example_xcom']) retrieved from /usr/local/lib/python3.9/site-packages/airflow/example_dags/example_xcom.py
[2024-10-03T20:46:30.467+0000] {logging_mixin.py:137} INFO - [2024-10-03T20:46:30.467+0000] {dag.py:2705} INFO - Sync 1 DAGs
[2024-10-03T20:46:30.478+0000] {logging_mixin.py:137} INFO - [2024-10-03T20:46:30.478+0000] {dag.py:3452} INFO - Setting next_dagrun for example_xcom to 2021-01-01T00:00:00+00:00, run_after=2021-01-01T00:00:00+00:00
[2024-10-03T20:46:30.487+0000] {processor.py:175} INFO - Processing /usr/local/lib/python3.9/site-packages/airflow/example_dags/example_xcom.py took 0.047 seconds
[2024-10-03T20:47:01.104+0000] {processor.py:153} INFO - Started process (PID=6412) to work on /usr/local/lib/python3.9/site-packages/airflow/example_dags/example_xcom.py
[2024-10-03T20:47:01.105+0000] {processor.py:743} INFO - Processing file /usr/local/lib/python3.9/site-packages/airflow/example_dags/example_xcom.py for tasks to queue
[2024-10-03T20:47:01.106+0000] {logging_mixin.py:137} INFO - [2024-10-03T20:47:01.106+0000] {dagbag.py:532} INFO - Filling up the DagBag from /usr/local/lib/python3.9/site-packages/airflow/example_dags/example_xcom.py
[2024-10-03T20:47:01.119+0000] {processor.py:753} INFO - DAG(s) dict_keys(['example_xcom']) retrieved from /usr/local/lib/python3.9/site-packages/airflow/example_dags/example_xcom.py
[2024-10-03T20:47:01.134+0000] {logging_mixin.py:137} INFO - [2024-10-03T20:47:01.133+0000] {dag.py:2705} INFO - Sync 1 DAGs
[2024-10-03T20:47:01.143+0000] {logging_mixin.py:137} INFO - [2024-10-03T20:47:01.143+0000] {dag.py:3452} INFO - Setting next_dagrun for example_xcom to 2021-01-01T00:00:00+00:00, run_after=2021-01-01T00:00:00+00:00
[2024-10-03T20:47:01.151+0000] {processor.py:175} INFO - Processing /usr/local/lib/python3.9/site-packages/airflow/example_dags/example_xcom.py took 0.048 seconds
[2024-10-03T20:47:31.613+0000] {processor.py:153} INFO - Started process (PID=6623) to work on /usr/local/lib/python3.9/site-packages/airflow/example_dags/example_xcom.py
[2024-10-03T20:47:31.615+0000] {processor.py:743} INFO - Processing file /usr/local/lib/python3.9/site-packages/airflow/example_dags/example_xcom.py for tasks to queue
[2024-10-03T20:47:31.616+0000] {logging_mixin.py:137} INFO - [2024-10-03T20:47:31.616+0000] {dagbag.py:532} INFO - Filling up the DagBag from /usr/local/lib/python3.9/site-packages/airflow/example_dags/example_xcom.py
[2024-10-03T20:47:31.627+0000] {processor.py:753} INFO - DAG(s) dict_keys(['example_xcom']) retrieved from /usr/local/lib/python3.9/site-packages/airflow/example_dags/example_xcom.py
[2024-10-03T20:47:31.640+0000] {logging_mixin.py:137} INFO - [2024-10-03T20:47:31.640+0000] {dag.py:2705} INFO - Sync 1 DAGs
[2024-10-03T20:47:31.649+0000] {logging_mixin.py:137} INFO - [2024-10-03T20:47:31.648+0000] {dag.py:3452} INFO - Setting next_dagrun for example_xcom to 2021-01-01T00:00:00+00:00, run_after=2021-01-01T00:00:00+00:00
[2024-10-03T20:47:31.656+0000] {processor.py:175} INFO - Processing /usr/local/lib/python3.9/site-packages/airflow/example_dags/example_xcom.py took 0.044 seconds
[2024-10-03T20:48:02.315+0000] {processor.py:153} INFO - Started process (PID=6834) to work on /usr/local/lib/python3.9/site-packages/airflow/example_dags/example_xcom.py
[2024-10-03T20:48:02.315+0000] {processor.py:743} INFO - Processing file /usr/local/lib/python3.9/site-packages/airflow/example_dags/example_xcom.py for tasks to queue
[2024-10-03T20:48:02.317+0000] {logging_mixin.py:137} INFO - [2024-10-03T20:48:02.317+0000] {dagbag.py:532} INFO - Filling up the DagBag from /usr/local/lib/python3.9/site-packages/airflow/example_dags/example_xcom.py
[2024-10-03T20:48:02.328+0000] {processor.py:753} INFO - DAG(s) dict_keys(['example_xcom']) retrieved from /usr/local/lib/python3.9/site-packages/airflow/example_dags/example_xcom.py
[2024-10-03T20:48:02.343+0000] {logging_mixin.py:137} INFO - [2024-10-03T20:48:02.343+0000] {dag.py:2705} INFO - Sync 1 DAGs
[2024-10-03T20:48:02.354+0000] {logging_mixin.py:137} INFO - [2024-10-03T20:48:02.354+0000] {dag.py:3452} INFO - Setting next_dagrun for example_xcom to 2021-01-01T00:00:00+00:00, run_after=2021-01-01T00:00:00+00:00
[2024-10-03T20:48:02.360+0000] {processor.py:175} INFO - Processing /usr/local/lib/python3.9/site-packages/airflow/example_dags/example_xcom.py took 0.047 seconds
[2024-10-03T20:48:32.917+0000] {processor.py:153} INFO - Started process (PID=7045) to work on /usr/local/lib/python3.9/site-packages/airflow/example_dags/example_xcom.py
[2024-10-03T20:48:32.918+0000] {processor.py:743} INFO - Processing file /usr/local/lib/python3.9/site-packages/airflow/example_dags/example_xcom.py for tasks to queue
[2024-10-03T20:48:32.919+0000] {logging_mixin.py:137} INFO - [2024-10-03T20:48:32.919+0000] {dagbag.py:532} INFO - Filling up the DagBag from /usr/local/lib/python3.9/site-packages/airflow/example_dags/example_xcom.py
[2024-10-03T20:48:32.930+0000] {processor.py:753} INFO - DAG(s) dict_keys(['example_xcom']) retrieved from /usr/local/lib/python3.9/site-packages/airflow/example_dags/example_xcom.py
[2024-10-03T20:48:32.943+0000] {logging_mixin.py:137} INFO - [2024-10-03T20:48:32.943+0000] {dag.py:2705} INFO - Sync 1 DAGs
[2024-10-03T20:48:32.953+0000] {logging_mixin.py:137} INFO - [2024-10-03T20:48:32.953+0000] {dag.py:3452} INFO - Setting next_dagrun for example_xcom to 2021-01-01T00:00:00+00:00, run_after=2021-01-01T00:00:00+00:00
[2024-10-03T20:48:32.960+0000] {processor.py:175} INFO - Processing /usr/local/lib/python3.9/site-packages/airflow/example_dags/example_xcom.py took 0.045 seconds
[2024-10-03T20:49:03.812+0000] {processor.py:153} INFO - Started process (PID=7258) to work on /usr/local/lib/python3.9/site-packages/airflow/example_dags/example_xcom.py
[2024-10-03T20:49:03.813+0000] {processor.py:743} INFO - Processing file /usr/local/lib/python3.9/site-packages/airflow/example_dags/example_xcom.py for tasks to queue
[2024-10-03T20:49:03.813+0000] {logging_mixin.py:137} INFO - [2024-10-03T20:49:03.813+0000] {dagbag.py:532} INFO - Filling up the DagBag from /usr/local/lib/python3.9/site-packages/airflow/example_dags/example_xcom.py
[2024-10-03T20:49:03.823+0000] {processor.py:753} INFO - DAG(s) dict_keys(['example_xcom']) retrieved from /usr/local/lib/python3.9/site-packages/airflow/example_dags/example_xcom.py
[2024-10-03T20:49:03.832+0000] {logging_mixin.py:137} INFO - [2024-10-03T20:49:03.832+0000] {dag.py:2705} INFO - Sync 1 DAGs
[2024-10-03T20:49:03.840+0000] {logging_mixin.py:137} INFO - [2024-10-03T20:49:03.840+0000] {dag.py:3452} INFO - Setting next_dagrun for example_xcom to 2021-01-01T00:00:00+00:00, run_after=2021-01-01T00:00:00+00:00
[2024-10-03T20:49:03.847+0000] {processor.py:175} INFO - Processing /usr/local/lib/python3.9/site-packages/airflow/example_dags/example_xcom.py took 0.036 seconds
[2024-10-03T20:49:34.633+0000] {processor.py:153} INFO - Started process (PID=7469) to work on /usr/local/lib/python3.9/site-packages/airflow/example_dags/example_xcom.py
[2024-10-03T20:49:34.634+0000] {processor.py:743} INFO - Processing file /usr/local/lib/python3.9/site-packages/airflow/example_dags/example_xcom.py for tasks to queue
[2024-10-03T20:49:34.634+0000] {logging_mixin.py:137} INFO - [2024-10-03T20:49:34.634+0000] {dagbag.py:532} INFO - Filling up the DagBag from /usr/local/lib/python3.9/site-packages/airflow/example_dags/example_xcom.py
[2024-10-03T20:49:34.644+0000] {processor.py:753} INFO - DAG(s) dict_keys(['example_xcom']) retrieved from /usr/local/lib/python3.9/site-packages/airflow/example_dags/example_xcom.py
[2024-10-03T20:49:34.653+0000] {logging_mixin.py:137} INFO - [2024-10-03T20:49:34.653+0000] {dag.py:2705} INFO - Sync 1 DAGs
[2024-10-03T20:49:34.661+0000] {logging_mixin.py:137} INFO - [2024-10-03T20:49:34.661+0000] {dag.py:3452} INFO - Setting next_dagrun for example_xcom to 2021-01-01T00:00:00+00:00, run_after=2021-01-01T00:00:00+00:00
[2024-10-03T20:49:34.667+0000] {processor.py:175} INFO - Processing /usr/local/lib/python3.9/site-packages/airflow/example_dags/example_xcom.py took 0.035 seconds
[2024-10-03T20:50:05.363+0000] {processor.py:153} INFO - Started process (PID=7680) to work on /usr/local/lib/python3.9/site-packages/airflow/example_dags/example_xcom.py
[2024-10-03T20:50:05.364+0000] {processor.py:743} INFO - Processing file /usr/local/lib/python3.9/site-packages/airflow/example_dags/example_xcom.py for tasks to queue
[2024-10-03T20:50:05.364+0000] {logging_mixin.py:137} INFO - [2024-10-03T20:50:05.364+0000] {dagbag.py:532} INFO - Filling up the DagBag from /usr/local/lib/python3.9/site-packages/airflow/example_dags/example_xcom.py
[2024-10-03T20:50:05.374+0000] {processor.py:753} INFO - DAG(s) dict_keys(['example_xcom']) retrieved from /usr/local/lib/python3.9/site-packages/airflow/example_dags/example_xcom.py
[2024-10-03T20:50:05.384+0000] {logging_mixin.py:137} INFO - [2024-10-03T20:50:05.384+0000] {dag.py:2705} INFO - Sync 1 DAGs
[2024-10-03T20:50:05.392+0000] {logging_mixin.py:137} INFO - [2024-10-03T20:50:05.392+0000] {dag.py:3452} INFO - Setting next_dagrun for example_xcom to 2021-01-01T00:00:00+00:00, run_after=2021-01-01T00:00:00+00:00
[2024-10-03T20:50:05.399+0000] {processor.py:175} INFO - Processing /usr/local/lib/python3.9/site-packages/airflow/example_dags/example_xcom.py took 0.037 seconds
[2024-10-03T20:50:36.065+0000] {processor.py:153} INFO - Started process (PID=7889) to work on /usr/local/lib/python3.9/site-packages/airflow/example_dags/example_xcom.py
[2024-10-03T20:50:36.066+0000] {processor.py:743} INFO - Processing file /usr/local/lib/python3.9/site-packages/airflow/example_dags/example_xcom.py for tasks to queue
[2024-10-03T20:50:36.067+0000] {logging_mixin.py:137} INFO - [2024-10-03T20:50:36.067+0000] {dagbag.py:532} INFO - Filling up the DagBag from /usr/local/lib/python3.9/site-packages/airflow/example_dags/example_xcom.py
[2024-10-03T20:50:36.079+0000] {processor.py:753} INFO - DAG(s) dict_keys(['example_xcom']) retrieved from /usr/local/lib/python3.9/site-packages/airflow/example_dags/example_xcom.py
[2024-10-03T20:50:36.091+0000] {logging_mixin.py:137} INFO - [2024-10-03T20:50:36.091+0000] {dag.py:2705} INFO - Sync 1 DAGs
[2024-10-03T20:50:36.100+0000] {logging_mixin.py:137} INFO - [2024-10-03T20:50:36.100+0000] {dag.py:3452} INFO - Setting next_dagrun for example_xcom to 2021-01-01T00:00:00+00:00, run_after=2021-01-01T00:00:00+00:00
[2024-10-03T20:50:36.109+0000] {processor.py:175} INFO - Processing /usr/local/lib/python3.9/site-packages/airflow/example_dags/example_xcom.py took 0.045 seconds
[2024-10-03T20:51:06.943+0000] {processor.py:153} INFO - Started process (PID=8102) to work on /usr/local/lib/python3.9/site-packages/airflow/example_dags/example_xcom.py
[2024-10-03T20:51:06.943+0000] {processor.py:743} INFO - Processing file /usr/local/lib/python3.9/site-packages/airflow/example_dags/example_xcom.py for tasks to queue
[2024-10-03T20:51:06.943+0000] {logging_mixin.py:137} INFO - [2024-10-03T20:51:06.943+0000] {dagbag.py:532} INFO - Filling up the DagBag from /usr/local/lib/python3.9/site-packages/airflow/example_dags/example_xcom.py
[2024-10-03T20:51:06.954+0000] {processor.py:753} INFO - DAG(s) dict_keys(['example_xcom']) retrieved from /usr/local/lib/python3.9/site-packages/airflow/example_dags/example_xcom.py
[2024-10-03T20:51:06.963+0000] {logging_mixin.py:137} INFO - [2024-10-03T20:51:06.963+0000] {dag.py:2705} INFO - Sync 1 DAGs
[2024-10-03T20:51:06.972+0000] {logging_mixin.py:137} INFO - [2024-10-03T20:51:06.972+0000] {dag.py:3452} INFO - Setting next_dagrun for example_xcom to 2021-01-01T00:00:00+00:00, run_after=2021-01-01T00:00:00+00:00
[2024-10-03T20:51:06.979+0000] {processor.py:175} INFO - Processing /usr/local/lib/python3.9/site-packages/airflow/example_dags/example_xcom.py took 0.038 seconds
[2024-10-03T20:51:37.759+0000] {processor.py:153} INFO - Started process (PID=8311) to work on /usr/local/lib/python3.9/site-packages/airflow/example_dags/example_xcom.py
[2024-10-03T20:51:37.760+0000] {processor.py:743} INFO - Processing file /usr/local/lib/python3.9/site-packages/airflow/example_dags/example_xcom.py for tasks to queue
[2024-10-03T20:51:37.761+0000] {logging_mixin.py:137} INFO - [2024-10-03T20:51:37.761+0000] {dagbag.py:532} INFO - Filling up the DagBag from /usr/local/lib/python3.9/site-packages/airflow/example_dags/example_xcom.py
[2024-10-03T20:51:37.773+0000] {processor.py:753} INFO - DAG(s) dict_keys(['example_xcom']) retrieved from /usr/local/lib/python3.9/site-packages/airflow/example_dags/example_xcom.py
[2024-10-03T20:51:37.788+0000] {logging_mixin.py:137} INFO - [2024-10-03T20:51:37.788+0000] {dag.py:2705} INFO - Sync 1 DAGs
[2024-10-03T20:51:37.806+0000] {logging_mixin.py:137} INFO - [2024-10-03T20:51:37.806+0000] {dag.py:3452} INFO - Setting next_dagrun for example_xcom to 2021-01-01T00:00:00+00:00, run_after=2021-01-01T00:00:00+00:00
[2024-10-03T20:51:37.861+0000] {processor.py:175} INFO - Processing /usr/local/lib/python3.9/site-packages/airflow/example_dags/example_xcom.py took 0.104 seconds
[2024-10-03T20:52:07.925+0000] {processor.py:153} INFO - Started process (PID=8524) to work on /usr/local/lib/python3.9/site-packages/airflow/example_dags/example_xcom.py
[2024-10-03T20:52:07.925+0000] {processor.py:743} INFO - Processing file /usr/local/lib/python3.9/site-packages/airflow/example_dags/example_xcom.py for tasks to queue
[2024-10-03T20:52:07.926+0000] {logging_mixin.py:137} INFO - [2024-10-03T20:52:07.926+0000] {dagbag.py:532} INFO - Filling up the DagBag from /usr/local/lib/python3.9/site-packages/airflow/example_dags/example_xcom.py
[2024-10-03T20:52:07.936+0000] {processor.py:753} INFO - DAG(s) dict_keys(['example_xcom']) retrieved from /usr/local/lib/python3.9/site-packages/airflow/example_dags/example_xcom.py
[2024-10-03T20:52:07.946+0000] {logging_mixin.py:137} INFO - [2024-10-03T20:52:07.946+0000] {dag.py:2705} INFO - Sync 1 DAGs
[2024-10-03T20:52:07.954+0000] {logging_mixin.py:137} INFO - [2024-10-03T20:52:07.954+0000] {dag.py:3452} INFO - Setting next_dagrun for example_xcom to 2021-01-01T00:00:00+00:00, run_after=2021-01-01T00:00:00+00:00
[2024-10-03T20:52:07.960+0000] {processor.py:175} INFO - Processing /usr/local/lib/python3.9/site-packages/airflow/example_dags/example_xcom.py took 0.039 seconds
[2024-10-03T20:52:38.939+0000] {processor.py:153} INFO - Started process (PID=8735) to work on /usr/local/lib/python3.9/site-packages/airflow/example_dags/example_xcom.py
[2024-10-03T20:52:38.939+0000] {processor.py:743} INFO - Processing file /usr/local/lib/python3.9/site-packages/airflow/example_dags/example_xcom.py for tasks to queue
[2024-10-03T20:52:38.940+0000] {logging_mixin.py:137} INFO - [2024-10-03T20:52:38.940+0000] {dagbag.py:532} INFO - Filling up the DagBag from /usr/local/lib/python3.9/site-packages/airflow/example_dags/example_xcom.py
[2024-10-03T20:52:38.951+0000] {processor.py:753} INFO - DAG(s) dict_keys(['example_xcom']) retrieved from /usr/local/lib/python3.9/site-packages/airflow/example_dags/example_xcom.py
[2024-10-03T20:52:38.963+0000] {logging_mixin.py:137} INFO - [2024-10-03T20:52:38.963+0000] {dag.py:2705} INFO - Sync 1 DAGs
[2024-10-03T20:52:38.972+0000] {logging_mixin.py:137} INFO - [2024-10-03T20:52:38.972+0000] {dag.py:3452} INFO - Setting next_dagrun for example_xcom to 2021-01-01T00:00:00+00:00, run_after=2021-01-01T00:00:00+00:00
[2024-10-03T20:52:38.979+0000] {processor.py:175} INFO - Processing /usr/local/lib/python3.9/site-packages/airflow/example_dags/example_xcom.py took 0.042 seconds
