[2024-10-03T20:32:02.025+0000] {processor.py:153} INFO - Started process (PID=330) to work on /usr/local/lib/python3.9/site-packages/airflow/example_dags/example_datasets.py
[2024-10-03T20:32:02.027+0000] {processor.py:743} INFO - Processing file /usr/local/lib/python3.9/site-packages/airflow/example_dags/example_datasets.py for tasks to queue
[2024-10-03T20:32:02.029+0000] {logging_mixin.py:137} INFO - [2024-10-03T20:32:02.029+0000] {dagbag.py:532} INFO - Filling up the DagBag from /usr/local/lib/python3.9/site-packages/airflow/example_dags/example_datasets.py
[2024-10-03T20:32:02.037+0000] {processor.py:753} INFO - DAG(s) dict_keys(['dataset_consumes_unknown_never_scheduled', 'dataset_consumes_1_never_scheduled', 'dataset_produces_1', 'dataset_consumes_1', 'dataset_consumes_1_and_2', 'dataset_produces_2']) retrieved from /usr/local/lib/python3.9/site-packages/airflow/example_dags/example_datasets.py
[2024-10-03T20:32:02.046+0000] {logging_mixin.py:137} INFO - [2024-10-03T20:32:02.046+0000] {dag.py:2705} INFO - Sync 6 DAGs
[2024-10-03T20:32:02.058+0000] {logging_mixin.py:137} INFO - [2024-10-03T20:32:02.058+0000] {dag.py:3452} INFO - Setting next_dagrun for dataset_consumes_1 to None, run_after=None
[2024-10-03T20:32:02.061+0000] {logging_mixin.py:137} INFO - [2024-10-03T20:32:02.061+0000] {dag.py:3452} INFO - Setting next_dagrun for dataset_consumes_1_and_2 to None, run_after=None
[2024-10-03T20:32:02.062+0000] {logging_mixin.py:137} INFO - [2024-10-03T20:32:02.062+0000] {dag.py:3452} INFO - Setting next_dagrun for dataset_consumes_1_never_scheduled to None, run_after=None
[2024-10-03T20:32:02.062+0000] {logging_mixin.py:137} INFO - [2024-10-03T20:32:02.062+0000] {dag.py:3452} INFO - Setting next_dagrun for dataset_consumes_unknown_never_scheduled to None, run_after=None
[2024-10-03T20:32:02.064+0000] {logging_mixin.py:137} INFO - [2024-10-03T20:32:02.064+0000] {dag.py:3452} INFO - Setting next_dagrun for dataset_produces_1 to 2024-10-02T00:00:00+00:00, run_after=2024-10-03T00:00:00+00:00
[2024-10-03T20:32:02.064+0000] {logging_mixin.py:137} INFO - [2024-10-03T20:32:02.064+0000] {dag.py:3452} INFO - Setting next_dagrun for dataset_produces_2 to None, run_after=None
[2024-10-03T20:32:02.097+0000] {processor.py:175} INFO - Processing /usr/local/lib/python3.9/site-packages/airflow/example_dags/example_datasets.py took 0.074 seconds
[2024-10-03T20:32:34.694+0000] {processor.py:153} INFO - Started process (PID=545) to work on /usr/local/lib/python3.9/site-packages/airflow/example_dags/example_datasets.py
[2024-10-03T20:32:34.697+0000] {processor.py:743} INFO - Processing file /usr/local/lib/python3.9/site-packages/airflow/example_dags/example_datasets.py for tasks to queue
[2024-10-03T20:32:34.706+0000] {logging_mixin.py:137} INFO - [2024-10-03T20:32:34.706+0000] {dagbag.py:532} INFO - Filling up the DagBag from /usr/local/lib/python3.9/site-packages/airflow/example_dags/example_datasets.py
[2024-10-03T20:32:34.718+0000] {processor.py:753} INFO - DAG(s) dict_keys(['dataset_consumes_1', 'dataset_consumes_1_never_scheduled', 'dataset_consumes_unknown_never_scheduled', 'dataset_produces_2', 'dataset_consumes_1_and_2', 'dataset_produces_1']) retrieved from /usr/local/lib/python3.9/site-packages/airflow/example_dags/example_datasets.py
[2024-10-03T20:32:34.814+0000] {logging_mixin.py:137} INFO - [2024-10-03T20:32:34.814+0000] {dag.py:2705} INFO - Sync 6 DAGs
[2024-10-03T20:32:34.883+0000] {logging_mixin.py:137} INFO - [2024-10-03T20:32:34.882+0000] {dag.py:3452} INFO - Setting next_dagrun for dataset_consumes_1 to None, run_after=None
[2024-10-03T20:32:34.889+0000] {logging_mixin.py:137} INFO - [2024-10-03T20:32:34.889+0000] {dag.py:3452} INFO - Setting next_dagrun for dataset_consumes_1_and_2 to None, run_after=None
[2024-10-03T20:32:34.891+0000] {logging_mixin.py:137} INFO - [2024-10-03T20:32:34.891+0000] {dag.py:3452} INFO - Setting next_dagrun for dataset_consumes_1_never_scheduled to None, run_after=None
[2024-10-03T20:32:34.893+0000] {logging_mixin.py:137} INFO - [2024-10-03T20:32:34.893+0000] {dag.py:3452} INFO - Setting next_dagrun for dataset_consumes_unknown_never_scheduled to None, run_after=None
[2024-10-03T20:32:34.926+0000] {logging_mixin.py:137} INFO - [2024-10-03T20:32:34.926+0000] {dag.py:3452} INFO - Setting next_dagrun for dataset_produces_1 to 2024-10-02T00:00:00+00:00, run_after=2024-10-03T00:00:00+00:00
[2024-10-03T20:32:34.934+0000] {logging_mixin.py:137} INFO - [2024-10-03T20:32:34.934+0000] {dag.py:3452} INFO - Setting next_dagrun for dataset_produces_2 to None, run_after=None
[2024-10-03T20:32:35.231+0000] {processor.py:175} INFO - Processing /usr/local/lib/python3.9/site-packages/airflow/example_dags/example_datasets.py took 0.538 seconds
[2024-10-03T20:33:10.544+0000] {processor.py:153} INFO - Started process (PID=756) to work on /usr/local/lib/python3.9/site-packages/airflow/example_dags/example_datasets.py
[2024-10-03T20:33:10.545+0000] {processor.py:743} INFO - Processing file /usr/local/lib/python3.9/site-packages/airflow/example_dags/example_datasets.py for tasks to queue
[2024-10-03T20:33:10.549+0000] {logging_mixin.py:137} INFO - [2024-10-03T20:33:10.548+0000] {dagbag.py:532} INFO - Filling up the DagBag from /usr/local/lib/python3.9/site-packages/airflow/example_dags/example_datasets.py
[2024-10-03T20:33:10.567+0000] {processor.py:753} INFO - DAG(s) dict_keys(['dataset_consumes_1_never_scheduled', 'dataset_consumes_unknown_never_scheduled', 'dataset_produces_2', 'dataset_consumes_1', 'dataset_produces_1', 'dataset_consumes_1_and_2']) retrieved from /usr/local/lib/python3.9/site-packages/airflow/example_dags/example_datasets.py
[2024-10-03T20:33:10.602+0000] {logging_mixin.py:137} INFO - [2024-10-03T20:33:10.601+0000] {dag.py:2705} INFO - Sync 6 DAGs
[2024-10-03T20:33:10.626+0000] {logging_mixin.py:137} INFO - [2024-10-03T20:33:10.626+0000] {dag.py:3452} INFO - Setting next_dagrun for dataset_consumes_1 to None, run_after=None
[2024-10-03T20:33:10.636+0000] {logging_mixin.py:137} INFO - [2024-10-03T20:33:10.636+0000] {dag.py:3452} INFO - Setting next_dagrun for dataset_consumes_1_and_2 to None, run_after=None
[2024-10-03T20:33:10.639+0000] {logging_mixin.py:137} INFO - [2024-10-03T20:33:10.639+0000] {dag.py:3452} INFO - Setting next_dagrun for dataset_consumes_1_never_scheduled to None, run_after=None
[2024-10-03T20:33:10.640+0000] {logging_mixin.py:137} INFO - [2024-10-03T20:33:10.640+0000] {dag.py:3452} INFO - Setting next_dagrun for dataset_consumes_unknown_never_scheduled to None, run_after=None
[2024-10-03T20:33:10.641+0000] {logging_mixin.py:137} INFO - [2024-10-03T20:33:10.641+0000] {dag.py:3452} INFO - Setting next_dagrun for dataset_produces_1 to 2024-10-02T00:00:00+00:00, run_after=2024-10-03T00:00:00+00:00
[2024-10-03T20:33:10.642+0000] {logging_mixin.py:137} INFO - [2024-10-03T20:33:10.642+0000] {dag.py:3452} INFO - Setting next_dagrun for dataset_produces_2 to None, run_after=None
[2024-10-03T20:33:10.671+0000] {processor.py:175} INFO - Processing /usr/local/lib/python3.9/site-packages/airflow/example_dags/example_datasets.py took 0.130 seconds
[2024-10-03T20:33:41.144+0000] {processor.py:153} INFO - Started process (PID=967) to work on /usr/local/lib/python3.9/site-packages/airflow/example_dags/example_datasets.py
[2024-10-03T20:33:41.148+0000] {processor.py:743} INFO - Processing file /usr/local/lib/python3.9/site-packages/airflow/example_dags/example_datasets.py for tasks to queue
[2024-10-03T20:33:41.148+0000] {logging_mixin.py:137} INFO - [2024-10-03T20:33:41.148+0000] {dagbag.py:532} INFO - Filling up the DagBag from /usr/local/lib/python3.9/site-packages/airflow/example_dags/example_datasets.py
[2024-10-03T20:33:41.156+0000] {processor.py:753} INFO - DAG(s) dict_keys(['dataset_consumes_unknown_never_scheduled', 'dataset_consumes_1_and_2', 'dataset_consumes_1_never_scheduled', 'dataset_produces_2', 'dataset_consumes_1', 'dataset_produces_1']) retrieved from /usr/local/lib/python3.9/site-packages/airflow/example_dags/example_datasets.py
[2024-10-03T20:33:41.179+0000] {logging_mixin.py:137} INFO - [2024-10-03T20:33:41.179+0000] {dag.py:2705} INFO - Sync 6 DAGs
[2024-10-03T20:33:41.191+0000] {logging_mixin.py:137} INFO - [2024-10-03T20:33:41.191+0000] {dag.py:3452} INFO - Setting next_dagrun for dataset_consumes_1 to None, run_after=None
[2024-10-03T20:33:41.192+0000] {logging_mixin.py:137} INFO - [2024-10-03T20:33:41.192+0000] {dag.py:3452} INFO - Setting next_dagrun for dataset_consumes_1_and_2 to None, run_after=None
[2024-10-03T20:33:41.193+0000] {logging_mixin.py:137} INFO - [2024-10-03T20:33:41.193+0000] {dag.py:3452} INFO - Setting next_dagrun for dataset_consumes_1_never_scheduled to None, run_after=None
[2024-10-03T20:33:41.193+0000] {logging_mixin.py:137} INFO - [2024-10-03T20:33:41.193+0000] {dag.py:3452} INFO - Setting next_dagrun for dataset_consumes_unknown_never_scheduled to None, run_after=None
[2024-10-03T20:33:41.195+0000] {logging_mixin.py:137} INFO - [2024-10-03T20:33:41.195+0000] {dag.py:3452} INFO - Setting next_dagrun for dataset_produces_1 to 2024-10-02T00:00:00+00:00, run_after=2024-10-03T00:00:00+00:00
[2024-10-03T20:33:41.196+0000] {logging_mixin.py:137} INFO - [2024-10-03T20:33:41.196+0000] {dag.py:3452} INFO - Setting next_dagrun for dataset_produces_2 to None, run_after=None
[2024-10-03T20:33:41.211+0000] {processor.py:175} INFO - Processing /usr/local/lib/python3.9/site-packages/airflow/example_dags/example_datasets.py took 0.069 seconds
[2024-10-03T20:34:11.953+0000] {processor.py:153} INFO - Started process (PID=1173) to work on /usr/local/lib/python3.9/site-packages/airflow/example_dags/example_datasets.py
[2024-10-03T20:34:11.956+0000] {processor.py:743} INFO - Processing file /usr/local/lib/python3.9/site-packages/airflow/example_dags/example_datasets.py for tasks to queue
[2024-10-03T20:34:11.958+0000] {logging_mixin.py:137} INFO - [2024-10-03T20:34:11.958+0000] {dagbag.py:532} INFO - Filling up the DagBag from /usr/local/lib/python3.9/site-packages/airflow/example_dags/example_datasets.py
[2024-10-03T20:34:11.967+0000] {processor.py:753} INFO - DAG(s) dict_keys(['dataset_produces_1', 'dataset_consumes_1', 'dataset_produces_2', 'dataset_consumes_1_and_2', 'dataset_consumes_unknown_never_scheduled', 'dataset_consumes_1_never_scheduled']) retrieved from /usr/local/lib/python3.9/site-packages/airflow/example_dags/example_datasets.py
[2024-10-03T20:34:11.997+0000] {logging_mixin.py:137} INFO - [2024-10-03T20:34:11.997+0000] {dag.py:2705} INFO - Sync 6 DAGs
[2024-10-03T20:34:12.014+0000] {logging_mixin.py:137} INFO - [2024-10-03T20:34:12.014+0000] {dag.py:3452} INFO - Setting next_dagrun for dataset_consumes_1 to None, run_after=None
[2024-10-03T20:34:12.016+0000] {logging_mixin.py:137} INFO - [2024-10-03T20:34:12.016+0000] {dag.py:3452} INFO - Setting next_dagrun for dataset_consumes_1_and_2 to None, run_after=None
[2024-10-03T20:34:12.016+0000] {logging_mixin.py:137} INFO - [2024-10-03T20:34:12.016+0000] {dag.py:3452} INFO - Setting next_dagrun for dataset_consumes_1_never_scheduled to None, run_after=None
[2024-10-03T20:34:12.017+0000] {logging_mixin.py:137} INFO - [2024-10-03T20:34:12.017+0000] {dag.py:3452} INFO - Setting next_dagrun for dataset_consumes_unknown_never_scheduled to None, run_after=None
[2024-10-03T20:34:12.018+0000] {logging_mixin.py:137} INFO - [2024-10-03T20:34:12.018+0000] {dag.py:3452} INFO - Setting next_dagrun for dataset_produces_1 to 2024-10-02T00:00:00+00:00, run_after=2024-10-03T00:00:00+00:00
[2024-10-03T20:34:12.019+0000] {logging_mixin.py:137} INFO - [2024-10-03T20:34:12.019+0000] {dag.py:3452} INFO - Setting next_dagrun for dataset_produces_2 to None, run_after=None
[2024-10-03T20:34:12.039+0000] {processor.py:175} INFO - Processing /usr/local/lib/python3.9/site-packages/airflow/example_dags/example_datasets.py took 0.087 seconds
[2024-10-03T20:34:44.086+0000] {processor.py:153} INFO - Started process (PID=1384) to work on /usr/local/lib/python3.9/site-packages/airflow/example_dags/example_datasets.py
[2024-10-03T20:34:44.108+0000] {processor.py:743} INFO - Processing file /usr/local/lib/python3.9/site-packages/airflow/example_dags/example_datasets.py for tasks to queue
[2024-10-03T20:34:44.112+0000] {logging_mixin.py:137} INFO - [2024-10-03T20:34:44.111+0000] {dagbag.py:532} INFO - Filling up the DagBag from /usr/local/lib/python3.9/site-packages/airflow/example_dags/example_datasets.py
[2024-10-03T20:34:44.152+0000] {processor.py:753} INFO - DAG(s) dict_keys(['dataset_produces_1', 'dataset_consumes_unknown_never_scheduled', 'dataset_produces_2', 'dataset_consumes_1', 'dataset_consumes_1_and_2', 'dataset_consumes_1_never_scheduled']) retrieved from /usr/local/lib/python3.9/site-packages/airflow/example_dags/example_datasets.py
[2024-10-03T20:34:44.205+0000] {logging_mixin.py:137} INFO - [2024-10-03T20:34:44.204+0000] {dag.py:2705} INFO - Sync 6 DAGs
[2024-10-03T20:34:44.446+0000] {logging_mixin.py:137} INFO - [2024-10-03T20:34:44.446+0000] {dag.py:3452} INFO - Setting next_dagrun for dataset_consumes_1 to None, run_after=None
[2024-10-03T20:34:44.742+0000] {logging_mixin.py:137} INFO - [2024-10-03T20:34:44.742+0000] {dag.py:3452} INFO - Setting next_dagrun for dataset_consumes_1_and_2 to None, run_after=None
[2024-10-03T20:34:44.743+0000] {logging_mixin.py:137} INFO - [2024-10-03T20:34:44.743+0000] {dag.py:3452} INFO - Setting next_dagrun for dataset_consumes_1_never_scheduled to None, run_after=None
[2024-10-03T20:34:44.744+0000] {logging_mixin.py:137} INFO - [2024-10-03T20:34:44.744+0000] {dag.py:3452} INFO - Setting next_dagrun for dataset_consumes_unknown_never_scheduled to None, run_after=None
[2024-10-03T20:34:44.746+0000] {logging_mixin.py:137} INFO - [2024-10-03T20:34:44.746+0000] {dag.py:3452} INFO - Setting next_dagrun for dataset_produces_1 to 2024-10-02T00:00:00+00:00, run_after=2024-10-03T00:00:00+00:00
[2024-10-03T20:34:44.746+0000] {logging_mixin.py:137} INFO - [2024-10-03T20:34:44.746+0000] {dag.py:3452} INFO - Setting next_dagrun for dataset_produces_2 to None, run_after=None
[2024-10-03T20:34:45.212+0000] {processor.py:175} INFO - Processing /usr/local/lib/python3.9/site-packages/airflow/example_dags/example_datasets.py took 1.143 seconds
[2024-10-03T20:35:16.658+0000] {processor.py:153} INFO - Started process (PID=1595) to work on /usr/local/lib/python3.9/site-packages/airflow/example_dags/example_datasets.py
[2024-10-03T20:35:16.670+0000] {processor.py:743} INFO - Processing file /usr/local/lib/python3.9/site-packages/airflow/example_dags/example_datasets.py for tasks to queue
[2024-10-03T20:35:16.671+0000] {logging_mixin.py:137} INFO - [2024-10-03T20:35:16.671+0000] {dagbag.py:532} INFO - Filling up the DagBag from /usr/local/lib/python3.9/site-packages/airflow/example_dags/example_datasets.py
[2024-10-03T20:35:16.681+0000] {processor.py:753} INFO - DAG(s) dict_keys(['dataset_produces_1', 'dataset_consumes_unknown_never_scheduled', 'dataset_produces_2', 'dataset_consumes_1', 'dataset_consumes_1_and_2', 'dataset_consumes_1_never_scheduled']) retrieved from /usr/local/lib/python3.9/site-packages/airflow/example_dags/example_datasets.py
[2024-10-03T20:35:16.705+0000] {logging_mixin.py:137} INFO - [2024-10-03T20:35:16.705+0000] {dag.py:2705} INFO - Sync 6 DAGs
[2024-10-03T20:35:16.721+0000] {logging_mixin.py:137} INFO - [2024-10-03T20:35:16.721+0000] {dag.py:3452} INFO - Setting next_dagrun for dataset_consumes_1 to None, run_after=None
[2024-10-03T20:35:16.723+0000] {logging_mixin.py:137} INFO - [2024-10-03T20:35:16.723+0000] {dag.py:3452} INFO - Setting next_dagrun for dataset_consumes_1_and_2 to None, run_after=None
[2024-10-03T20:35:16.723+0000] {logging_mixin.py:137} INFO - [2024-10-03T20:35:16.723+0000] {dag.py:3452} INFO - Setting next_dagrun for dataset_consumes_1_never_scheduled to None, run_after=None
[2024-10-03T20:35:16.724+0000] {logging_mixin.py:137} INFO - [2024-10-03T20:35:16.724+0000] {dag.py:3452} INFO - Setting next_dagrun for dataset_consumes_unknown_never_scheduled to None, run_after=None
[2024-10-03T20:35:16.726+0000] {logging_mixin.py:137} INFO - [2024-10-03T20:35:16.725+0000] {dag.py:3452} INFO - Setting next_dagrun for dataset_produces_1 to 2024-10-02T00:00:00+00:00, run_after=2024-10-03T00:00:00+00:00
[2024-10-03T20:35:16.726+0000] {logging_mixin.py:137} INFO - [2024-10-03T20:35:16.726+0000] {dag.py:3452} INFO - Setting next_dagrun for dataset_produces_2 to None, run_after=None
[2024-10-03T20:35:16.775+0000] {processor.py:175} INFO - Processing /usr/local/lib/python3.9/site-packages/airflow/example_dags/example_datasets.py took 0.120 seconds
[2024-10-03T20:35:47.062+0000] {processor.py:153} INFO - Started process (PID=1802) to work on /usr/local/lib/python3.9/site-packages/airflow/example_dags/example_datasets.py
[2024-10-03T20:35:47.064+0000] {processor.py:743} INFO - Processing file /usr/local/lib/python3.9/site-packages/airflow/example_dags/example_datasets.py for tasks to queue
[2024-10-03T20:35:47.069+0000] {logging_mixin.py:137} INFO - [2024-10-03T20:35:47.068+0000] {dagbag.py:532} INFO - Filling up the DagBag from /usr/local/lib/python3.9/site-packages/airflow/example_dags/example_datasets.py
[2024-10-03T20:35:47.092+0000] {processor.py:753} INFO - DAG(s) dict_keys(['dataset_consumes_unknown_never_scheduled', 'dataset_consumes_1_and_2', 'dataset_consumes_1', 'dataset_produces_2', 'dataset_produces_1', 'dataset_consumes_1_never_scheduled']) retrieved from /usr/local/lib/python3.9/site-packages/airflow/example_dags/example_datasets.py
[2024-10-03T20:35:47.124+0000] {logging_mixin.py:137} INFO - [2024-10-03T20:35:47.124+0000] {dag.py:2705} INFO - Sync 6 DAGs
[2024-10-03T20:35:47.140+0000] {logging_mixin.py:137} INFO - [2024-10-03T20:35:47.140+0000] {dag.py:3452} INFO - Setting next_dagrun for dataset_consumes_1 to None, run_after=None
[2024-10-03T20:35:47.143+0000] {logging_mixin.py:137} INFO - [2024-10-03T20:35:47.143+0000] {dag.py:3452} INFO - Setting next_dagrun for dataset_consumes_1_and_2 to None, run_after=None
[2024-10-03T20:35:47.144+0000] {logging_mixin.py:137} INFO - [2024-10-03T20:35:47.144+0000] {dag.py:3452} INFO - Setting next_dagrun for dataset_consumes_1_never_scheduled to None, run_after=None
[2024-10-03T20:35:47.202+0000] {logging_mixin.py:137} INFO - [2024-10-03T20:35:47.201+0000] {dag.py:3452} INFO - Setting next_dagrun for dataset_consumes_unknown_never_scheduled to None, run_after=None
[2024-10-03T20:35:47.203+0000] {logging_mixin.py:137} INFO - [2024-10-03T20:35:47.203+0000] {dag.py:3452} INFO - Setting next_dagrun for dataset_produces_1 to 2024-10-02T00:00:00+00:00, run_after=2024-10-03T00:00:00+00:00
[2024-10-03T20:35:47.204+0000] {logging_mixin.py:137} INFO - [2024-10-03T20:35:47.204+0000] {dag.py:3452} INFO - Setting next_dagrun for dataset_produces_2 to None, run_after=None
[2024-10-03T20:35:47.220+0000] {processor.py:175} INFO - Processing /usr/local/lib/python3.9/site-packages/airflow/example_dags/example_datasets.py took 0.159 seconds
[2024-10-03T20:36:17.875+0000] {processor.py:153} INFO - Started process (PID=2011) to work on /usr/local/lib/python3.9/site-packages/airflow/example_dags/example_datasets.py
[2024-10-03T20:36:17.877+0000] {processor.py:743} INFO - Processing file /usr/local/lib/python3.9/site-packages/airflow/example_dags/example_datasets.py for tasks to queue
[2024-10-03T20:36:17.878+0000] {logging_mixin.py:137} INFO - [2024-10-03T20:36:17.878+0000] {dagbag.py:532} INFO - Filling up the DagBag from /usr/local/lib/python3.9/site-packages/airflow/example_dags/example_datasets.py
[2024-10-03T20:36:17.887+0000] {processor.py:753} INFO - DAG(s) dict_keys(['dataset_produces_1', 'dataset_consumes_1', 'dataset_consumes_1_never_scheduled', 'dataset_produces_2', 'dataset_consumes_unknown_never_scheduled', 'dataset_consumes_1_and_2']) retrieved from /usr/local/lib/python3.9/site-packages/airflow/example_dags/example_datasets.py
[2024-10-03T20:36:17.917+0000] {logging_mixin.py:137} INFO - [2024-10-03T20:36:17.916+0000] {dag.py:2705} INFO - Sync 6 DAGs
[2024-10-03T20:36:17.993+0000] {logging_mixin.py:137} INFO - [2024-10-03T20:36:17.992+0000] {dag.py:3452} INFO - Setting next_dagrun for dataset_consumes_1 to None, run_after=None
[2024-10-03T20:36:17.994+0000] {logging_mixin.py:137} INFO - [2024-10-03T20:36:17.994+0000] {dag.py:3452} INFO - Setting next_dagrun for dataset_consumes_1_and_2 to None, run_after=None
[2024-10-03T20:36:17.995+0000] {logging_mixin.py:137} INFO - [2024-10-03T20:36:17.995+0000] {dag.py:3452} INFO - Setting next_dagrun for dataset_consumes_1_never_scheduled to None, run_after=None
[2024-10-03T20:36:17.995+0000] {logging_mixin.py:137} INFO - [2024-10-03T20:36:17.995+0000] {dag.py:3452} INFO - Setting next_dagrun for dataset_consumes_unknown_never_scheduled to None, run_after=None
[2024-10-03T20:36:17.996+0000] {logging_mixin.py:137} INFO - [2024-10-03T20:36:17.996+0000] {dag.py:3452} INFO - Setting next_dagrun for dataset_produces_1 to 2024-10-02T00:00:00+00:00, run_after=2024-10-03T00:00:00+00:00
[2024-10-03T20:36:17.997+0000] {logging_mixin.py:137} INFO - [2024-10-03T20:36:17.997+0000] {dag.py:3452} INFO - Setting next_dagrun for dataset_produces_2 to None, run_after=None
[2024-10-03T20:36:18.017+0000] {processor.py:175} INFO - Processing /usr/local/lib/python3.9/site-packages/airflow/example_dags/example_datasets.py took 0.143 seconds
[2024-10-03T20:36:48.866+0000] {processor.py:153} INFO - Started process (PID=2222) to work on /usr/local/lib/python3.9/site-packages/airflow/example_dags/example_datasets.py
[2024-10-03T20:36:48.867+0000] {processor.py:743} INFO - Processing file /usr/local/lib/python3.9/site-packages/airflow/example_dags/example_datasets.py for tasks to queue
[2024-10-03T20:36:48.867+0000] {logging_mixin.py:137} INFO - [2024-10-03T20:36:48.867+0000] {dagbag.py:532} INFO - Filling up the DagBag from /usr/local/lib/python3.9/site-packages/airflow/example_dags/example_datasets.py
[2024-10-03T20:36:48.875+0000] {processor.py:753} INFO - DAG(s) dict_keys(['dataset_consumes_unknown_never_scheduled', 'dataset_consumes_1', 'dataset_consumes_1_never_scheduled', 'dataset_produces_1', 'dataset_produces_2', 'dataset_consumes_1_and_2']) retrieved from /usr/local/lib/python3.9/site-packages/airflow/example_dags/example_datasets.py
[2024-10-03T20:36:48.947+0000] {logging_mixin.py:137} INFO - [2024-10-03T20:36:48.947+0000] {dag.py:2705} INFO - Sync 6 DAGs
[2024-10-03T20:36:48.959+0000] {logging_mixin.py:137} INFO - [2024-10-03T20:36:48.959+0000] {dag.py:3452} INFO - Setting next_dagrun for dataset_consumes_1 to None, run_after=None
[2024-10-03T20:36:48.961+0000] {logging_mixin.py:137} INFO - [2024-10-03T20:36:48.961+0000] {dag.py:3452} INFO - Setting next_dagrun for dataset_consumes_1_and_2 to None, run_after=None
[2024-10-03T20:36:48.961+0000] {logging_mixin.py:137} INFO - [2024-10-03T20:36:48.961+0000] {dag.py:3452} INFO - Setting next_dagrun for dataset_consumes_1_never_scheduled to None, run_after=None
[2024-10-03T20:36:48.962+0000] {logging_mixin.py:137} INFO - [2024-10-03T20:36:48.962+0000] {dag.py:3452} INFO - Setting next_dagrun for dataset_consumes_unknown_never_scheduled to None, run_after=None
[2024-10-03T20:36:48.964+0000] {logging_mixin.py:137} INFO - [2024-10-03T20:36:48.964+0000] {dag.py:3452} INFO - Setting next_dagrun for dataset_produces_1 to 2024-10-02T00:00:00+00:00, run_after=2024-10-03T00:00:00+00:00
[2024-10-03T20:36:48.967+0000] {logging_mixin.py:137} INFO - [2024-10-03T20:36:48.967+0000] {dag.py:3452} INFO - Setting next_dagrun for dataset_produces_2 to None, run_after=None
[2024-10-03T20:36:48.987+0000] {processor.py:175} INFO - Processing /usr/local/lib/python3.9/site-packages/airflow/example_dags/example_datasets.py took 0.122 seconds
[2024-10-03T20:37:19.972+0000] {processor.py:153} INFO - Started process (PID=2433) to work on /usr/local/lib/python3.9/site-packages/airflow/example_dags/example_datasets.py
[2024-10-03T20:37:19.973+0000] {processor.py:743} INFO - Processing file /usr/local/lib/python3.9/site-packages/airflow/example_dags/example_datasets.py for tasks to queue
[2024-10-03T20:37:19.973+0000] {logging_mixin.py:137} INFO - [2024-10-03T20:37:19.973+0000] {dagbag.py:532} INFO - Filling up the DagBag from /usr/local/lib/python3.9/site-packages/airflow/example_dags/example_datasets.py
[2024-10-03T20:37:19.983+0000] {processor.py:753} INFO - DAG(s) dict_keys(['dataset_consumes_unknown_never_scheduled', 'dataset_produces_2', 'dataset_consumes_1_and_2', 'dataset_consumes_1', 'dataset_produces_1', 'dataset_consumes_1_never_scheduled']) retrieved from /usr/local/lib/python3.9/site-packages/airflow/example_dags/example_datasets.py
[2024-10-03T20:37:20.007+0000] {logging_mixin.py:137} INFO - [2024-10-03T20:37:20.007+0000] {dag.py:2705} INFO - Sync 6 DAGs
[2024-10-03T20:37:20.018+0000] {logging_mixin.py:137} INFO - [2024-10-03T20:37:20.018+0000] {dag.py:3452} INFO - Setting next_dagrun for dataset_consumes_1 to None, run_after=None
[2024-10-03T20:37:20.020+0000] {logging_mixin.py:137} INFO - [2024-10-03T20:37:20.020+0000] {dag.py:3452} INFO - Setting next_dagrun for dataset_consumes_1_and_2 to None, run_after=None
[2024-10-03T20:37:20.021+0000] {logging_mixin.py:137} INFO - [2024-10-03T20:37:20.021+0000] {dag.py:3452} INFO - Setting next_dagrun for dataset_consumes_1_never_scheduled to None, run_after=None
[2024-10-03T20:37:20.021+0000] {logging_mixin.py:137} INFO - [2024-10-03T20:37:20.021+0000] {dag.py:3452} INFO - Setting next_dagrun for dataset_consumes_unknown_never_scheduled to None, run_after=None
[2024-10-03T20:37:20.022+0000] {logging_mixin.py:137} INFO - [2024-10-03T20:37:20.022+0000] {dag.py:3452} INFO - Setting next_dagrun for dataset_produces_1 to 2024-10-02T00:00:00+00:00, run_after=2024-10-03T00:00:00+00:00
[2024-10-03T20:37:20.023+0000] {logging_mixin.py:137} INFO - [2024-10-03T20:37:20.023+0000] {dag.py:3452} INFO - Setting next_dagrun for dataset_produces_2 to None, run_after=None
[2024-10-03T20:37:20.043+0000] {processor.py:175} INFO - Processing /usr/local/lib/python3.9/site-packages/airflow/example_dags/example_datasets.py took 0.072 seconds
[2024-10-03T20:37:50.077+0000] {processor.py:153} INFO - Started process (PID=2646) to work on /usr/local/lib/python3.9/site-packages/airflow/example_dags/example_datasets.py
[2024-10-03T20:37:50.077+0000] {processor.py:743} INFO - Processing file /usr/local/lib/python3.9/site-packages/airflow/example_dags/example_datasets.py for tasks to queue
[2024-10-03T20:37:50.078+0000] {logging_mixin.py:137} INFO - [2024-10-03T20:37:50.078+0000] {dagbag.py:532} INFO - Filling up the DagBag from /usr/local/lib/python3.9/site-packages/airflow/example_dags/example_datasets.py
[2024-10-03T20:37:50.088+0000] {processor.py:753} INFO - DAG(s) dict_keys(['dataset_consumes_1', 'dataset_produces_1', 'dataset_produces_2', 'dataset_consumes_1_never_scheduled', 'dataset_consumes_1_and_2', 'dataset_consumes_unknown_never_scheduled']) retrieved from /usr/local/lib/python3.9/site-packages/airflow/example_dags/example_datasets.py
[2024-10-03T20:37:50.129+0000] {logging_mixin.py:137} INFO - [2024-10-03T20:37:50.128+0000] {dag.py:2705} INFO - Sync 6 DAGs
[2024-10-03T20:37:50.153+0000] {logging_mixin.py:137} INFO - [2024-10-03T20:37:50.153+0000] {dag.py:3452} INFO - Setting next_dagrun for dataset_consumes_1 to None, run_after=None
[2024-10-03T20:37:50.161+0000] {logging_mixin.py:137} INFO - [2024-10-03T20:37:50.160+0000] {dag.py:3452} INFO - Setting next_dagrun for dataset_consumes_1_and_2 to None, run_after=None
[2024-10-03T20:37:50.168+0000] {logging_mixin.py:137} INFO - [2024-10-03T20:37:50.168+0000] {dag.py:3452} INFO - Setting next_dagrun for dataset_consumes_1_never_scheduled to None, run_after=None
[2024-10-03T20:37:50.169+0000] {logging_mixin.py:137} INFO - [2024-10-03T20:37:50.169+0000] {dag.py:3452} INFO - Setting next_dagrun for dataset_consumes_unknown_never_scheduled to None, run_after=None
[2024-10-03T20:37:50.172+0000] {logging_mixin.py:137} INFO - [2024-10-03T20:37:50.172+0000] {dag.py:3452} INFO - Setting next_dagrun for dataset_produces_1 to 2024-10-02T00:00:00+00:00, run_after=2024-10-03T00:00:00+00:00
[2024-10-03T20:37:50.173+0000] {logging_mixin.py:137} INFO - [2024-10-03T20:37:50.173+0000] {dag.py:3452} INFO - Setting next_dagrun for dataset_produces_2 to None, run_after=None
[2024-10-03T20:37:50.206+0000] {processor.py:175} INFO - Processing /usr/local/lib/python3.9/site-packages/airflow/example_dags/example_datasets.py took 0.131 seconds
[2024-10-03T20:38:21.209+0000] {processor.py:153} INFO - Started process (PID=2857) to work on /usr/local/lib/python3.9/site-packages/airflow/example_dags/example_datasets.py
[2024-10-03T20:38:21.211+0000] {processor.py:743} INFO - Processing file /usr/local/lib/python3.9/site-packages/airflow/example_dags/example_datasets.py for tasks to queue
[2024-10-03T20:38:21.211+0000] {logging_mixin.py:137} INFO - [2024-10-03T20:38:21.211+0000] {dagbag.py:532} INFO - Filling up the DagBag from /usr/local/lib/python3.9/site-packages/airflow/example_dags/example_datasets.py
[2024-10-03T20:38:21.224+0000] {processor.py:753} INFO - DAG(s) dict_keys(['dataset_consumes_1', 'dataset_produces_2', 'dataset_consumes_1_and_2', 'dataset_consumes_unknown_never_scheduled', 'dataset_produces_1', 'dataset_consumes_1_never_scheduled']) retrieved from /usr/local/lib/python3.9/site-packages/airflow/example_dags/example_datasets.py
[2024-10-03T20:38:21.251+0000] {logging_mixin.py:137} INFO - [2024-10-03T20:38:21.250+0000] {dag.py:2705} INFO - Sync 6 DAGs
[2024-10-03T20:38:21.265+0000] {logging_mixin.py:137} INFO - [2024-10-03T20:38:21.265+0000] {dag.py:3452} INFO - Setting next_dagrun for dataset_consumes_1 to None, run_after=None
[2024-10-03T20:38:21.267+0000] {logging_mixin.py:137} INFO - [2024-10-03T20:38:21.267+0000] {dag.py:3452} INFO - Setting next_dagrun for dataset_consumes_1_and_2 to None, run_after=None
[2024-10-03T20:38:21.268+0000] {logging_mixin.py:137} INFO - [2024-10-03T20:38:21.268+0000] {dag.py:3452} INFO - Setting next_dagrun for dataset_consumes_1_never_scheduled to None, run_after=None
[2024-10-03T20:38:21.268+0000] {logging_mixin.py:137} INFO - [2024-10-03T20:38:21.268+0000] {dag.py:3452} INFO - Setting next_dagrun for dataset_consumes_unknown_never_scheduled to None, run_after=None
[2024-10-03T20:38:21.270+0000] {logging_mixin.py:137} INFO - [2024-10-03T20:38:21.270+0000] {dag.py:3452} INFO - Setting next_dagrun for dataset_produces_1 to 2024-10-02T00:00:00+00:00, run_after=2024-10-03T00:00:00+00:00
[2024-10-03T20:38:21.271+0000] {logging_mixin.py:137} INFO - [2024-10-03T20:38:21.271+0000] {dag.py:3452} INFO - Setting next_dagrun for dataset_produces_2 to None, run_after=None
[2024-10-03T20:38:21.286+0000] {processor.py:175} INFO - Processing /usr/local/lib/python3.9/site-packages/airflow/example_dags/example_datasets.py took 0.080 seconds
[2024-10-03T20:38:51.953+0000] {processor.py:153} INFO - Started process (PID=3068) to work on /usr/local/lib/python3.9/site-packages/airflow/example_dags/example_datasets.py
[2024-10-03T20:38:51.954+0000] {processor.py:743} INFO - Processing file /usr/local/lib/python3.9/site-packages/airflow/example_dags/example_datasets.py for tasks to queue
[2024-10-03T20:38:51.955+0000] {logging_mixin.py:137} INFO - [2024-10-03T20:38:51.955+0000] {dagbag.py:532} INFO - Filling up the DagBag from /usr/local/lib/python3.9/site-packages/airflow/example_dags/example_datasets.py
[2024-10-03T20:38:51.971+0000] {processor.py:753} INFO - DAG(s) dict_keys(['dataset_consumes_unknown_never_scheduled', 'dataset_consumes_1', 'dataset_produces_1', 'dataset_consumes_1_never_scheduled', 'dataset_consumes_1_and_2', 'dataset_produces_2']) retrieved from /usr/local/lib/python3.9/site-packages/airflow/example_dags/example_datasets.py
[2024-10-03T20:38:51.997+0000] {logging_mixin.py:137} INFO - [2024-10-03T20:38:51.997+0000] {dag.py:2705} INFO - Sync 6 DAGs
[2024-10-03T20:38:52.009+0000] {logging_mixin.py:137} INFO - [2024-10-03T20:38:52.009+0000] {dag.py:3452} INFO - Setting next_dagrun for dataset_consumes_1 to None, run_after=None
[2024-10-03T20:38:52.010+0000] {logging_mixin.py:137} INFO - [2024-10-03T20:38:52.010+0000] {dag.py:3452} INFO - Setting next_dagrun for dataset_consumes_1_and_2 to None, run_after=None
[2024-10-03T20:38:52.012+0000] {logging_mixin.py:137} INFO - [2024-10-03T20:38:52.012+0000] {dag.py:3452} INFO - Setting next_dagrun for dataset_consumes_1_never_scheduled to None, run_after=None
[2024-10-03T20:38:52.012+0000] {logging_mixin.py:137} INFO - [2024-10-03T20:38:52.012+0000] {dag.py:3452} INFO - Setting next_dagrun for dataset_consumes_unknown_never_scheduled to None, run_after=None
[2024-10-03T20:38:52.013+0000] {logging_mixin.py:137} INFO - [2024-10-03T20:38:52.013+0000] {dag.py:3452} INFO - Setting next_dagrun for dataset_produces_1 to 2024-10-02T00:00:00+00:00, run_after=2024-10-03T00:00:00+00:00
[2024-10-03T20:38:52.014+0000] {logging_mixin.py:137} INFO - [2024-10-03T20:38:52.014+0000] {dag.py:3452} INFO - Setting next_dagrun for dataset_produces_2 to None, run_after=None
[2024-10-03T20:38:52.031+0000] {processor.py:175} INFO - Processing /usr/local/lib/python3.9/site-packages/airflow/example_dags/example_datasets.py took 0.082 seconds
[2024-10-03T20:39:22.828+0000] {processor.py:153} INFO - Started process (PID=3279) to work on /usr/local/lib/python3.9/site-packages/airflow/example_dags/example_datasets.py
[2024-10-03T20:39:22.830+0000] {processor.py:743} INFO - Processing file /usr/local/lib/python3.9/site-packages/airflow/example_dags/example_datasets.py for tasks to queue
[2024-10-03T20:39:22.831+0000] {logging_mixin.py:137} INFO - [2024-10-03T20:39:22.831+0000] {dagbag.py:532} INFO - Filling up the DagBag from /usr/local/lib/python3.9/site-packages/airflow/example_dags/example_datasets.py
[2024-10-03T20:39:22.846+0000] {processor.py:753} INFO - DAG(s) dict_keys(['dataset_produces_1', 'dataset_consumes_1', 'dataset_consumes_unknown_never_scheduled', 'dataset_consumes_1_and_2', 'dataset_consumes_1_never_scheduled', 'dataset_produces_2']) retrieved from /usr/local/lib/python3.9/site-packages/airflow/example_dags/example_datasets.py
[2024-10-03T20:39:22.875+0000] {logging_mixin.py:137} INFO - [2024-10-03T20:39:22.875+0000] {dag.py:2705} INFO - Sync 6 DAGs
[2024-10-03T20:39:22.889+0000] {logging_mixin.py:137} INFO - [2024-10-03T20:39:22.889+0000] {dag.py:3452} INFO - Setting next_dagrun for dataset_consumes_1 to None, run_after=None
[2024-10-03T20:39:22.891+0000] {logging_mixin.py:137} INFO - [2024-10-03T20:39:22.891+0000] {dag.py:3452} INFO - Setting next_dagrun for dataset_consumes_1_and_2 to None, run_after=None
[2024-10-03T20:39:22.891+0000] {logging_mixin.py:137} INFO - [2024-10-03T20:39:22.891+0000] {dag.py:3452} INFO - Setting next_dagrun for dataset_consumes_1_never_scheduled to None, run_after=None
[2024-10-03T20:39:22.892+0000] {logging_mixin.py:137} INFO - [2024-10-03T20:39:22.892+0000] {dag.py:3452} INFO - Setting next_dagrun for dataset_consumes_unknown_never_scheduled to None, run_after=None
[2024-10-03T20:39:22.893+0000] {logging_mixin.py:137} INFO - [2024-10-03T20:39:22.893+0000] {dag.py:3452} INFO - Setting next_dagrun for dataset_produces_1 to 2024-10-02T00:00:00+00:00, run_after=2024-10-03T00:00:00+00:00
[2024-10-03T20:39:22.895+0000] {logging_mixin.py:137} INFO - [2024-10-03T20:39:22.895+0000] {dag.py:3452} INFO - Setting next_dagrun for dataset_produces_2 to None, run_after=None
[2024-10-03T20:39:22.910+0000] {processor.py:175} INFO - Processing /usr/local/lib/python3.9/site-packages/airflow/example_dags/example_datasets.py took 0.087 seconds
[2024-10-03T20:39:53.607+0000] {processor.py:153} INFO - Started process (PID=3490) to work on /usr/local/lib/python3.9/site-packages/airflow/example_dags/example_datasets.py
[2024-10-03T20:39:53.609+0000] {processor.py:743} INFO - Processing file /usr/local/lib/python3.9/site-packages/airflow/example_dags/example_datasets.py for tasks to queue
[2024-10-03T20:39:53.609+0000] {logging_mixin.py:137} INFO - [2024-10-03T20:39:53.609+0000] {dagbag.py:532} INFO - Filling up the DagBag from /usr/local/lib/python3.9/site-packages/airflow/example_dags/example_datasets.py
[2024-10-03T20:39:53.627+0000] {processor.py:753} INFO - DAG(s) dict_keys(['dataset_consumes_1', 'dataset_consumes_1_never_scheduled', 'dataset_produces_2', 'dataset_produces_1', 'dataset_consumes_unknown_never_scheduled', 'dataset_consumes_1_and_2']) retrieved from /usr/local/lib/python3.9/site-packages/airflow/example_dags/example_datasets.py
[2024-10-03T20:39:53.660+0000] {logging_mixin.py:137} INFO - [2024-10-03T20:39:53.660+0000] {dag.py:2705} INFO - Sync 6 DAGs
[2024-10-03T20:39:53.672+0000] {logging_mixin.py:137} INFO - [2024-10-03T20:39:53.672+0000] {dag.py:3452} INFO - Setting next_dagrun for dataset_consumes_1 to None, run_after=None
[2024-10-03T20:39:53.674+0000] {logging_mixin.py:137} INFO - [2024-10-03T20:39:53.674+0000] {dag.py:3452} INFO - Setting next_dagrun for dataset_consumes_1_and_2 to None, run_after=None
[2024-10-03T20:39:53.675+0000] {logging_mixin.py:137} INFO - [2024-10-03T20:39:53.674+0000] {dag.py:3452} INFO - Setting next_dagrun for dataset_consumes_1_never_scheduled to None, run_after=None
[2024-10-03T20:39:53.675+0000] {logging_mixin.py:137} INFO - [2024-10-03T20:39:53.675+0000] {dag.py:3452} INFO - Setting next_dagrun for dataset_consumes_unknown_never_scheduled to None, run_after=None
[2024-10-03T20:39:53.677+0000] {logging_mixin.py:137} INFO - [2024-10-03T20:39:53.677+0000] {dag.py:3452} INFO - Setting next_dagrun for dataset_produces_1 to 2024-10-02T00:00:00+00:00, run_after=2024-10-03T00:00:00+00:00
[2024-10-03T20:39:53.678+0000] {logging_mixin.py:137} INFO - [2024-10-03T20:39:53.678+0000] {dag.py:3452} INFO - Setting next_dagrun for dataset_produces_2 to None, run_after=None
[2024-10-03T20:39:53.698+0000] {processor.py:175} INFO - Processing /usr/local/lib/python3.9/site-packages/airflow/example_dags/example_datasets.py took 0.096 seconds
[2024-10-03T20:40:24.442+0000] {processor.py:153} INFO - Started process (PID=3701) to work on /usr/local/lib/python3.9/site-packages/airflow/example_dags/example_datasets.py
[2024-10-03T20:40:24.444+0000] {processor.py:743} INFO - Processing file /usr/local/lib/python3.9/site-packages/airflow/example_dags/example_datasets.py for tasks to queue
[2024-10-03T20:40:24.445+0000] {logging_mixin.py:137} INFO - [2024-10-03T20:40:24.445+0000] {dagbag.py:532} INFO - Filling up the DagBag from /usr/local/lib/python3.9/site-packages/airflow/example_dags/example_datasets.py
[2024-10-03T20:40:24.461+0000] {processor.py:753} INFO - DAG(s) dict_keys(['dataset_consumes_1_and_2', 'dataset_consumes_unknown_never_scheduled', 'dataset_produces_1', 'dataset_produces_2', 'dataset_consumes_1_never_scheduled', 'dataset_consumes_1']) retrieved from /usr/local/lib/python3.9/site-packages/airflow/example_dags/example_datasets.py
[2024-10-03T20:40:24.492+0000] {logging_mixin.py:137} INFO - [2024-10-03T20:40:24.492+0000] {dag.py:2705} INFO - Sync 6 DAGs
[2024-10-03T20:40:24.506+0000] {logging_mixin.py:137} INFO - [2024-10-03T20:40:24.505+0000] {dag.py:3452} INFO - Setting next_dagrun for dataset_consumes_1 to None, run_after=None
[2024-10-03T20:40:24.507+0000] {logging_mixin.py:137} INFO - [2024-10-03T20:40:24.507+0000] {dag.py:3452} INFO - Setting next_dagrun for dataset_consumes_1_and_2 to None, run_after=None
[2024-10-03T20:40:24.508+0000] {logging_mixin.py:137} INFO - [2024-10-03T20:40:24.508+0000] {dag.py:3452} INFO - Setting next_dagrun for dataset_consumes_1_never_scheduled to None, run_after=None
[2024-10-03T20:40:24.509+0000] {logging_mixin.py:137} INFO - [2024-10-03T20:40:24.509+0000] {dag.py:3452} INFO - Setting next_dagrun for dataset_consumes_unknown_never_scheduled to None, run_after=None
[2024-10-03T20:40:24.510+0000] {logging_mixin.py:137} INFO - [2024-10-03T20:40:24.510+0000] {dag.py:3452} INFO - Setting next_dagrun for dataset_produces_1 to 2024-10-02T00:00:00+00:00, run_after=2024-10-03T00:00:00+00:00
[2024-10-03T20:40:24.512+0000] {logging_mixin.py:137} INFO - [2024-10-03T20:40:24.511+0000] {dag.py:3452} INFO - Setting next_dagrun for dataset_produces_2 to None, run_after=None
[2024-10-03T20:40:24.529+0000] {processor.py:175} INFO - Processing /usr/local/lib/python3.9/site-packages/airflow/example_dags/example_datasets.py took 0.091 seconds
[2024-10-03T20:40:55.365+0000] {processor.py:153} INFO - Started process (PID=3912) to work on /usr/local/lib/python3.9/site-packages/airflow/example_dags/example_datasets.py
[2024-10-03T20:40:55.367+0000] {processor.py:743} INFO - Processing file /usr/local/lib/python3.9/site-packages/airflow/example_dags/example_datasets.py for tasks to queue
[2024-10-03T20:40:55.367+0000] {logging_mixin.py:137} INFO - [2024-10-03T20:40:55.367+0000] {dagbag.py:532} INFO - Filling up the DagBag from /usr/local/lib/python3.9/site-packages/airflow/example_dags/example_datasets.py
[2024-10-03T20:40:55.382+0000] {processor.py:753} INFO - DAG(s) dict_keys(['dataset_produces_2', 'dataset_consumes_1_and_2', 'dataset_consumes_1_never_scheduled', 'dataset_consumes_1', 'dataset_consumes_unknown_never_scheduled', 'dataset_produces_1']) retrieved from /usr/local/lib/python3.9/site-packages/airflow/example_dags/example_datasets.py
[2024-10-03T20:40:55.406+0000] {logging_mixin.py:137} INFO - [2024-10-03T20:40:55.406+0000] {dag.py:2705} INFO - Sync 6 DAGs
[2024-10-03T20:40:55.417+0000] {logging_mixin.py:137} INFO - [2024-10-03T20:40:55.417+0000] {dag.py:3452} INFO - Setting next_dagrun for dataset_consumes_1 to None, run_after=None
[2024-10-03T20:40:55.420+0000] {logging_mixin.py:137} INFO - [2024-10-03T20:40:55.420+0000] {dag.py:3452} INFO - Setting next_dagrun for dataset_consumes_1_and_2 to None, run_after=None
[2024-10-03T20:40:55.421+0000] {logging_mixin.py:137} INFO - [2024-10-03T20:40:55.421+0000] {dag.py:3452} INFO - Setting next_dagrun for dataset_consumes_1_never_scheduled to None, run_after=None
[2024-10-03T20:40:55.422+0000] {logging_mixin.py:137} INFO - [2024-10-03T20:40:55.422+0000] {dag.py:3452} INFO - Setting next_dagrun for dataset_consumes_unknown_never_scheduled to None, run_after=None
[2024-10-03T20:40:55.423+0000] {logging_mixin.py:137} INFO - [2024-10-03T20:40:55.423+0000] {dag.py:3452} INFO - Setting next_dagrun for dataset_produces_1 to 2024-10-02T00:00:00+00:00, run_after=2024-10-03T00:00:00+00:00
[2024-10-03T20:40:55.424+0000] {logging_mixin.py:137} INFO - [2024-10-03T20:40:55.424+0000] {dag.py:3452} INFO - Setting next_dagrun for dataset_produces_2 to None, run_after=None
[2024-10-03T20:40:55.439+0000] {processor.py:175} INFO - Processing /usr/local/lib/python3.9/site-packages/airflow/example_dags/example_datasets.py took 0.076 seconds
[2024-10-03T20:41:26.035+0000] {processor.py:153} INFO - Started process (PID=4123) to work on /usr/local/lib/python3.9/site-packages/airflow/example_dags/example_datasets.py
[2024-10-03T20:41:26.037+0000] {processor.py:743} INFO - Processing file /usr/local/lib/python3.9/site-packages/airflow/example_dags/example_datasets.py for tasks to queue
[2024-10-03T20:41:26.038+0000] {logging_mixin.py:137} INFO - [2024-10-03T20:41:26.038+0000] {dagbag.py:532} INFO - Filling up the DagBag from /usr/local/lib/python3.9/site-packages/airflow/example_dags/example_datasets.py
[2024-10-03T20:41:26.053+0000] {processor.py:753} INFO - DAG(s) dict_keys(['dataset_produces_2', 'dataset_consumes_unknown_never_scheduled', 'dataset_produces_1', 'dataset_consumes_1_never_scheduled', 'dataset_consumes_1_and_2', 'dataset_consumes_1']) retrieved from /usr/local/lib/python3.9/site-packages/airflow/example_dags/example_datasets.py
[2024-10-03T20:41:26.077+0000] {logging_mixin.py:137} INFO - [2024-10-03T20:41:26.077+0000] {dag.py:2705} INFO - Sync 6 DAGs
[2024-10-03T20:41:26.088+0000] {logging_mixin.py:137} INFO - [2024-10-03T20:41:26.087+0000] {dag.py:3452} INFO - Setting next_dagrun for dataset_consumes_1 to None, run_after=None
[2024-10-03T20:41:26.089+0000] {logging_mixin.py:137} INFO - [2024-10-03T20:41:26.089+0000] {dag.py:3452} INFO - Setting next_dagrun for dataset_consumes_1_and_2 to None, run_after=None
[2024-10-03T20:41:26.090+0000] {logging_mixin.py:137} INFO - [2024-10-03T20:41:26.090+0000] {dag.py:3452} INFO - Setting next_dagrun for dataset_consumes_1_never_scheduled to None, run_after=None
[2024-10-03T20:41:26.091+0000] {logging_mixin.py:137} INFO - [2024-10-03T20:41:26.091+0000] {dag.py:3452} INFO - Setting next_dagrun for dataset_consumes_unknown_never_scheduled to None, run_after=None
[2024-10-03T20:41:26.092+0000] {logging_mixin.py:137} INFO - [2024-10-03T20:41:26.092+0000] {dag.py:3452} INFO - Setting next_dagrun for dataset_produces_1 to 2024-10-02T00:00:00+00:00, run_after=2024-10-03T00:00:00+00:00
[2024-10-03T20:41:26.094+0000] {logging_mixin.py:137} INFO - [2024-10-03T20:41:26.094+0000] {dag.py:3452} INFO - Setting next_dagrun for dataset_produces_2 to None, run_after=None
[2024-10-03T20:41:26.109+0000] {processor.py:175} INFO - Processing /usr/local/lib/python3.9/site-packages/airflow/example_dags/example_datasets.py took 0.078 seconds
[2024-10-03T20:41:56.661+0000] {processor.py:153} INFO - Started process (PID=4334) to work on /usr/local/lib/python3.9/site-packages/airflow/example_dags/example_datasets.py
[2024-10-03T20:41:56.663+0000] {processor.py:743} INFO - Processing file /usr/local/lib/python3.9/site-packages/airflow/example_dags/example_datasets.py for tasks to queue
[2024-10-03T20:41:56.663+0000] {logging_mixin.py:137} INFO - [2024-10-03T20:41:56.663+0000] {dagbag.py:532} INFO - Filling up the DagBag from /usr/local/lib/python3.9/site-packages/airflow/example_dags/example_datasets.py
[2024-10-03T20:41:56.675+0000] {processor.py:753} INFO - DAG(s) dict_keys(['dataset_produces_1', 'dataset_consumes_1_and_2', 'dataset_consumes_1', 'dataset_produces_2', 'dataset_consumes_1_never_scheduled', 'dataset_consumes_unknown_never_scheduled']) retrieved from /usr/local/lib/python3.9/site-packages/airflow/example_dags/example_datasets.py
[2024-10-03T20:41:56.706+0000] {logging_mixin.py:137} INFO - [2024-10-03T20:41:56.706+0000] {dag.py:2705} INFO - Sync 6 DAGs
[2024-10-03T20:41:56.722+0000] {logging_mixin.py:137} INFO - [2024-10-03T20:41:56.722+0000] {dag.py:3452} INFO - Setting next_dagrun for dataset_consumes_1 to None, run_after=None
[2024-10-03T20:41:56.723+0000] {logging_mixin.py:137} INFO - [2024-10-03T20:41:56.723+0000] {dag.py:3452} INFO - Setting next_dagrun for dataset_consumes_1_and_2 to None, run_after=None
[2024-10-03T20:41:56.724+0000] {logging_mixin.py:137} INFO - [2024-10-03T20:41:56.724+0000] {dag.py:3452} INFO - Setting next_dagrun for dataset_consumes_1_never_scheduled to None, run_after=None
[2024-10-03T20:41:56.725+0000] {logging_mixin.py:137} INFO - [2024-10-03T20:41:56.724+0000] {dag.py:3452} INFO - Setting next_dagrun for dataset_consumes_unknown_never_scheduled to None, run_after=None
[2024-10-03T20:41:56.726+0000] {logging_mixin.py:137} INFO - [2024-10-03T20:41:56.726+0000] {dag.py:3452} INFO - Setting next_dagrun for dataset_produces_1 to 2024-10-02T00:00:00+00:00, run_after=2024-10-03T00:00:00+00:00
[2024-10-03T20:41:56.727+0000] {logging_mixin.py:137} INFO - [2024-10-03T20:41:56.727+0000] {dag.py:3452} INFO - Setting next_dagrun for dataset_produces_2 to None, run_after=None
[2024-10-03T20:41:56.743+0000] {processor.py:175} INFO - Processing /usr/local/lib/python3.9/site-packages/airflow/example_dags/example_datasets.py took 0.086 seconds
[2024-10-03T20:42:27.345+0000] {processor.py:153} INFO - Started process (PID=4545) to work on /usr/local/lib/python3.9/site-packages/airflow/example_dags/example_datasets.py
[2024-10-03T20:42:27.346+0000] {processor.py:743} INFO - Processing file /usr/local/lib/python3.9/site-packages/airflow/example_dags/example_datasets.py for tasks to queue
[2024-10-03T20:42:27.346+0000] {logging_mixin.py:137} INFO - [2024-10-03T20:42:27.346+0000] {dagbag.py:532} INFO - Filling up the DagBag from /usr/local/lib/python3.9/site-packages/airflow/example_dags/example_datasets.py
[2024-10-03T20:42:27.360+0000] {processor.py:753} INFO - DAG(s) dict_keys(['dataset_consumes_1_never_scheduled', 'dataset_produces_1', 'dataset_consumes_1_and_2', 'dataset_produces_2', 'dataset_consumes_unknown_never_scheduled', 'dataset_consumes_1']) retrieved from /usr/local/lib/python3.9/site-packages/airflow/example_dags/example_datasets.py
[2024-10-03T20:42:27.382+0000] {logging_mixin.py:137} INFO - [2024-10-03T20:42:27.382+0000] {dag.py:2705} INFO - Sync 6 DAGs
[2024-10-03T20:42:27.395+0000] {logging_mixin.py:137} INFO - [2024-10-03T20:42:27.395+0000] {dag.py:3452} INFO - Setting next_dagrun for dataset_consumes_1 to None, run_after=None
[2024-10-03T20:42:27.398+0000] {logging_mixin.py:137} INFO - [2024-10-03T20:42:27.398+0000] {dag.py:3452} INFO - Setting next_dagrun for dataset_consumes_1_and_2 to None, run_after=None
[2024-10-03T20:42:27.399+0000] {logging_mixin.py:137} INFO - [2024-10-03T20:42:27.399+0000] {dag.py:3452} INFO - Setting next_dagrun for dataset_consumes_1_never_scheduled to None, run_after=None
[2024-10-03T20:42:27.399+0000] {logging_mixin.py:137} INFO - [2024-10-03T20:42:27.399+0000] {dag.py:3452} INFO - Setting next_dagrun for dataset_consumes_unknown_never_scheduled to None, run_after=None
[2024-10-03T20:42:27.401+0000] {logging_mixin.py:137} INFO - [2024-10-03T20:42:27.401+0000] {dag.py:3452} INFO - Setting next_dagrun for dataset_produces_1 to 2024-10-02T00:00:00+00:00, run_after=2024-10-03T00:00:00+00:00
[2024-10-03T20:42:27.402+0000] {logging_mixin.py:137} INFO - [2024-10-03T20:42:27.402+0000] {dag.py:3452} INFO - Setting next_dagrun for dataset_produces_2 to None, run_after=None
[2024-10-03T20:42:27.417+0000] {processor.py:175} INFO - Processing /usr/local/lib/python3.9/site-packages/airflow/example_dags/example_datasets.py took 0.076 seconds
[2024-10-03T20:42:57.953+0000] {processor.py:153} INFO - Started process (PID=4756) to work on /usr/local/lib/python3.9/site-packages/airflow/example_dags/example_datasets.py
[2024-10-03T20:42:57.954+0000] {processor.py:743} INFO - Processing file /usr/local/lib/python3.9/site-packages/airflow/example_dags/example_datasets.py for tasks to queue
[2024-10-03T20:42:57.954+0000] {logging_mixin.py:137} INFO - [2024-10-03T20:42:57.954+0000] {dagbag.py:532} INFO - Filling up the DagBag from /usr/local/lib/python3.9/site-packages/airflow/example_dags/example_datasets.py
[2024-10-03T20:42:57.968+0000] {processor.py:753} INFO - DAG(s) dict_keys(['dataset_produces_2', 'dataset_consumes_1', 'dataset_consumes_1_and_2', 'dataset_produces_1', 'dataset_consumes_unknown_never_scheduled', 'dataset_consumes_1_never_scheduled']) retrieved from /usr/local/lib/python3.9/site-packages/airflow/example_dags/example_datasets.py
[2024-10-03T20:42:57.991+0000] {logging_mixin.py:137} INFO - [2024-10-03T20:42:57.991+0000] {dag.py:2705} INFO - Sync 6 DAGs
[2024-10-03T20:42:58.003+0000] {logging_mixin.py:137} INFO - [2024-10-03T20:42:58.003+0000] {dag.py:3452} INFO - Setting next_dagrun for dataset_consumes_1 to None, run_after=None
[2024-10-03T20:42:58.005+0000] {logging_mixin.py:137} INFO - [2024-10-03T20:42:58.005+0000] {dag.py:3452} INFO - Setting next_dagrun for dataset_consumes_1_and_2 to None, run_after=None
[2024-10-03T20:42:58.006+0000] {logging_mixin.py:137} INFO - [2024-10-03T20:42:58.005+0000] {dag.py:3452} INFO - Setting next_dagrun for dataset_consumes_1_never_scheduled to None, run_after=None
[2024-10-03T20:42:58.007+0000] {logging_mixin.py:137} INFO - [2024-10-03T20:42:58.007+0000] {dag.py:3452} INFO - Setting next_dagrun for dataset_consumes_unknown_never_scheduled to None, run_after=None
[2024-10-03T20:42:58.009+0000] {logging_mixin.py:137} INFO - [2024-10-03T20:42:58.009+0000] {dag.py:3452} INFO - Setting next_dagrun for dataset_produces_1 to 2024-10-02T00:00:00+00:00, run_after=2024-10-03T00:00:00+00:00
[2024-10-03T20:42:58.010+0000] {logging_mixin.py:137} INFO - [2024-10-03T20:42:58.010+0000] {dag.py:3452} INFO - Setting next_dagrun for dataset_produces_2 to None, run_after=None
[2024-10-03T20:42:58.026+0000] {processor.py:175} INFO - Processing /usr/local/lib/python3.9/site-packages/airflow/example_dags/example_datasets.py took 0.077 seconds
[2024-10-03T20:43:28.606+0000] {processor.py:153} INFO - Started process (PID=4967) to work on /usr/local/lib/python3.9/site-packages/airflow/example_dags/example_datasets.py
[2024-10-03T20:43:28.607+0000] {processor.py:743} INFO - Processing file /usr/local/lib/python3.9/site-packages/airflow/example_dags/example_datasets.py for tasks to queue
[2024-10-03T20:43:28.608+0000] {logging_mixin.py:137} INFO - [2024-10-03T20:43:28.608+0000] {dagbag.py:532} INFO - Filling up the DagBag from /usr/local/lib/python3.9/site-packages/airflow/example_dags/example_datasets.py
[2024-10-03T20:43:28.624+0000] {processor.py:753} INFO - DAG(s) dict_keys(['dataset_consumes_1_and_2', 'dataset_consumes_1_never_scheduled', 'dataset_consumes_1', 'dataset_produces_2', 'dataset_consumes_unknown_never_scheduled', 'dataset_produces_1']) retrieved from /usr/local/lib/python3.9/site-packages/airflow/example_dags/example_datasets.py
[2024-10-03T20:43:28.645+0000] {logging_mixin.py:137} INFO - [2024-10-03T20:43:28.645+0000] {dag.py:2705} INFO - Sync 6 DAGs
[2024-10-03T20:43:28.657+0000] {logging_mixin.py:137} INFO - [2024-10-03T20:43:28.657+0000] {dag.py:3452} INFO - Setting next_dagrun for dataset_consumes_1 to None, run_after=None
[2024-10-03T20:43:28.659+0000] {logging_mixin.py:137} INFO - [2024-10-03T20:43:28.658+0000] {dag.py:3452} INFO - Setting next_dagrun for dataset_consumes_1_and_2 to None, run_after=None
[2024-10-03T20:43:28.659+0000] {logging_mixin.py:137} INFO - [2024-10-03T20:43:28.659+0000] {dag.py:3452} INFO - Setting next_dagrun for dataset_consumes_1_never_scheduled to None, run_after=None
[2024-10-03T20:43:28.660+0000] {logging_mixin.py:137} INFO - [2024-10-03T20:43:28.660+0000] {dag.py:3452} INFO - Setting next_dagrun for dataset_consumes_unknown_never_scheduled to None, run_after=None
[2024-10-03T20:43:28.661+0000] {logging_mixin.py:137} INFO - [2024-10-03T20:43:28.661+0000] {dag.py:3452} INFO - Setting next_dagrun for dataset_produces_1 to 2024-10-02T00:00:00+00:00, run_after=2024-10-03T00:00:00+00:00
[2024-10-03T20:43:28.662+0000] {logging_mixin.py:137} INFO - [2024-10-03T20:43:28.662+0000] {dag.py:3452} INFO - Setting next_dagrun for dataset_produces_2 to None, run_after=None
[2024-10-03T20:43:28.677+0000] {processor.py:175} INFO - Processing /usr/local/lib/python3.9/site-packages/airflow/example_dags/example_datasets.py took 0.075 seconds
[2024-10-03T20:43:59.167+0000] {processor.py:153} INFO - Started process (PID=5178) to work on /usr/local/lib/python3.9/site-packages/airflow/example_dags/example_datasets.py
[2024-10-03T20:43:59.169+0000] {processor.py:743} INFO - Processing file /usr/local/lib/python3.9/site-packages/airflow/example_dags/example_datasets.py for tasks to queue
[2024-10-03T20:43:59.169+0000] {logging_mixin.py:137} INFO - [2024-10-03T20:43:59.169+0000] {dagbag.py:532} INFO - Filling up the DagBag from /usr/local/lib/python3.9/site-packages/airflow/example_dags/example_datasets.py
[2024-10-03T20:43:59.182+0000] {processor.py:753} INFO - DAG(s) dict_keys(['dataset_produces_1', 'dataset_consumes_1', 'dataset_consumes_1_never_scheduled', 'dataset_produces_2', 'dataset_consumes_1_and_2', 'dataset_consumes_unknown_never_scheduled']) retrieved from /usr/local/lib/python3.9/site-packages/airflow/example_dags/example_datasets.py
[2024-10-03T20:43:59.203+0000] {logging_mixin.py:137} INFO - [2024-10-03T20:43:59.203+0000] {dag.py:2705} INFO - Sync 6 DAGs
[2024-10-03T20:43:59.215+0000] {logging_mixin.py:137} INFO - [2024-10-03T20:43:59.215+0000] {dag.py:3452} INFO - Setting next_dagrun for dataset_consumes_1 to None, run_after=None
[2024-10-03T20:43:59.217+0000] {logging_mixin.py:137} INFO - [2024-10-03T20:43:59.217+0000] {dag.py:3452} INFO - Setting next_dagrun for dataset_consumes_1_and_2 to None, run_after=None
[2024-10-03T20:43:59.218+0000] {logging_mixin.py:137} INFO - [2024-10-03T20:43:59.218+0000] {dag.py:3452} INFO - Setting next_dagrun for dataset_consumes_1_never_scheduled to None, run_after=None
[2024-10-03T20:43:59.218+0000] {logging_mixin.py:137} INFO - [2024-10-03T20:43:59.218+0000] {dag.py:3452} INFO - Setting next_dagrun for dataset_consumes_unknown_never_scheduled to None, run_after=None
[2024-10-03T20:43:59.220+0000] {logging_mixin.py:137} INFO - [2024-10-03T20:43:59.220+0000] {dag.py:3452} INFO - Setting next_dagrun for dataset_produces_1 to 2024-10-02T00:00:00+00:00, run_after=2024-10-03T00:00:00+00:00
[2024-10-03T20:43:59.222+0000] {logging_mixin.py:137} INFO - [2024-10-03T20:43:59.221+0000] {dag.py:3452} INFO - Setting next_dagrun for dataset_produces_2 to None, run_after=None
[2024-10-03T20:43:59.238+0000] {processor.py:175} INFO - Processing /usr/local/lib/python3.9/site-packages/airflow/example_dags/example_datasets.py took 0.074 seconds
[2024-10-03T20:44:29.963+0000] {processor.py:153} INFO - Started process (PID=5389) to work on /usr/local/lib/python3.9/site-packages/airflow/example_dags/example_datasets.py
[2024-10-03T20:44:29.965+0000] {processor.py:743} INFO - Processing file /usr/local/lib/python3.9/site-packages/airflow/example_dags/example_datasets.py for tasks to queue
[2024-10-03T20:44:29.965+0000] {logging_mixin.py:137} INFO - [2024-10-03T20:44:29.965+0000] {dagbag.py:532} INFO - Filling up the DagBag from /usr/local/lib/python3.9/site-packages/airflow/example_dags/example_datasets.py
[2024-10-03T20:44:29.984+0000] {processor.py:753} INFO - DAG(s) dict_keys(['dataset_produces_1', 'dataset_produces_2', 'dataset_consumes_unknown_never_scheduled', 'dataset_consumes_1_never_scheduled', 'dataset_consumes_1', 'dataset_consumes_1_and_2']) retrieved from /usr/local/lib/python3.9/site-packages/airflow/example_dags/example_datasets.py
[2024-10-03T20:44:30.004+0000] {logging_mixin.py:137} INFO - [2024-10-03T20:44:30.004+0000] {dag.py:2705} INFO - Sync 6 DAGs
[2024-10-03T20:44:30.017+0000] {logging_mixin.py:137} INFO - [2024-10-03T20:44:30.017+0000] {dag.py:3452} INFO - Setting next_dagrun for dataset_consumes_1 to None, run_after=None
[2024-10-03T20:44:30.019+0000] {logging_mixin.py:137} INFO - [2024-10-03T20:44:30.019+0000] {dag.py:3452} INFO - Setting next_dagrun for dataset_consumes_1_and_2 to None, run_after=None
[2024-10-03T20:44:30.020+0000] {logging_mixin.py:137} INFO - [2024-10-03T20:44:30.020+0000] {dag.py:3452} INFO - Setting next_dagrun for dataset_consumes_1_never_scheduled to None, run_after=None
[2024-10-03T20:44:30.021+0000] {logging_mixin.py:137} INFO - [2024-10-03T20:44:30.021+0000] {dag.py:3452} INFO - Setting next_dagrun for dataset_consumes_unknown_never_scheduled to None, run_after=None
[2024-10-03T20:44:30.023+0000] {logging_mixin.py:137} INFO - [2024-10-03T20:44:30.023+0000] {dag.py:3452} INFO - Setting next_dagrun for dataset_produces_1 to 2024-10-02T00:00:00+00:00, run_after=2024-10-03T00:00:00+00:00
[2024-10-03T20:44:30.024+0000] {logging_mixin.py:137} INFO - [2024-10-03T20:44:30.024+0000] {dag.py:3452} INFO - Setting next_dagrun for dataset_produces_2 to None, run_after=None
[2024-10-03T20:44:30.037+0000] {processor.py:175} INFO - Processing /usr/local/lib/python3.9/site-packages/airflow/example_dags/example_datasets.py took 0.078 seconds
[2024-10-03T20:45:00.632+0000] {processor.py:153} INFO - Started process (PID=5600) to work on /usr/local/lib/python3.9/site-packages/airflow/example_dags/example_datasets.py
[2024-10-03T20:45:00.633+0000] {processor.py:743} INFO - Processing file /usr/local/lib/python3.9/site-packages/airflow/example_dags/example_datasets.py for tasks to queue
[2024-10-03T20:45:00.634+0000] {logging_mixin.py:137} INFO - [2024-10-03T20:45:00.634+0000] {dagbag.py:532} INFO - Filling up the DagBag from /usr/local/lib/python3.9/site-packages/airflow/example_dags/example_datasets.py
[2024-10-03T20:45:00.649+0000] {processor.py:753} INFO - DAG(s) dict_keys(['dataset_produces_2', 'dataset_consumes_1', 'dataset_consumes_1_never_scheduled', 'dataset_consumes_unknown_never_scheduled', 'dataset_consumes_1_and_2', 'dataset_produces_1']) retrieved from /usr/local/lib/python3.9/site-packages/airflow/example_dags/example_datasets.py
[2024-10-03T20:45:00.670+0000] {logging_mixin.py:137} INFO - [2024-10-03T20:45:00.670+0000] {dag.py:2705} INFO - Sync 6 DAGs
[2024-10-03T20:45:00.684+0000] {logging_mixin.py:137} INFO - [2024-10-03T20:45:00.684+0000] {dag.py:3452} INFO - Setting next_dagrun for dataset_consumes_1 to None, run_after=None
[2024-10-03T20:45:00.686+0000] {logging_mixin.py:137} INFO - [2024-10-03T20:45:00.686+0000] {dag.py:3452} INFO - Setting next_dagrun for dataset_consumes_1_and_2 to None, run_after=None
[2024-10-03T20:45:00.687+0000] {logging_mixin.py:137} INFO - [2024-10-03T20:45:00.687+0000] {dag.py:3452} INFO - Setting next_dagrun for dataset_consumes_1_never_scheduled to None, run_after=None
[2024-10-03T20:45:00.688+0000] {logging_mixin.py:137} INFO - [2024-10-03T20:45:00.688+0000] {dag.py:3452} INFO - Setting next_dagrun for dataset_consumes_unknown_never_scheduled to None, run_after=None
[2024-10-03T20:45:00.689+0000] {logging_mixin.py:137} INFO - [2024-10-03T20:45:00.689+0000] {dag.py:3452} INFO - Setting next_dagrun for dataset_produces_1 to 2024-10-02T00:00:00+00:00, run_after=2024-10-03T00:00:00+00:00
[2024-10-03T20:45:00.690+0000] {logging_mixin.py:137} INFO - [2024-10-03T20:45:00.690+0000] {dag.py:3452} INFO - Setting next_dagrun for dataset_produces_2 to None, run_after=None
[2024-10-03T20:45:00.706+0000] {processor.py:175} INFO - Processing /usr/local/lib/python3.9/site-packages/airflow/example_dags/example_datasets.py took 0.079 seconds
[2024-10-03T20:45:31.174+0000] {processor.py:153} INFO - Started process (PID=5811) to work on /usr/local/lib/python3.9/site-packages/airflow/example_dags/example_datasets.py
[2024-10-03T20:45:31.176+0000] {processor.py:743} INFO - Processing file /usr/local/lib/python3.9/site-packages/airflow/example_dags/example_datasets.py for tasks to queue
[2024-10-03T20:45:31.177+0000] {logging_mixin.py:137} INFO - [2024-10-03T20:45:31.176+0000] {dagbag.py:532} INFO - Filling up the DagBag from /usr/local/lib/python3.9/site-packages/airflow/example_dags/example_datasets.py
[2024-10-03T20:45:31.191+0000] {processor.py:753} INFO - DAG(s) dict_keys(['dataset_consumes_1_and_2', 'dataset_consumes_unknown_never_scheduled', 'dataset_consumes_1', 'dataset_consumes_1_never_scheduled', 'dataset_produces_1', 'dataset_produces_2']) retrieved from /usr/local/lib/python3.9/site-packages/airflow/example_dags/example_datasets.py
[2024-10-03T20:45:31.212+0000] {logging_mixin.py:137} INFO - [2024-10-03T20:45:31.212+0000] {dag.py:2705} INFO - Sync 6 DAGs
[2024-10-03T20:45:31.226+0000] {logging_mixin.py:137} INFO - [2024-10-03T20:45:31.226+0000] {dag.py:3452} INFO - Setting next_dagrun for dataset_consumes_1 to None, run_after=None
[2024-10-03T20:45:31.227+0000] {logging_mixin.py:137} INFO - [2024-10-03T20:45:31.227+0000] {dag.py:3452} INFO - Setting next_dagrun for dataset_consumes_1_and_2 to None, run_after=None
[2024-10-03T20:45:31.228+0000] {logging_mixin.py:137} INFO - [2024-10-03T20:45:31.227+0000] {dag.py:3452} INFO - Setting next_dagrun for dataset_consumes_1_never_scheduled to None, run_after=None
[2024-10-03T20:45:31.228+0000] {logging_mixin.py:137} INFO - [2024-10-03T20:45:31.228+0000] {dag.py:3452} INFO - Setting next_dagrun for dataset_consumes_unknown_never_scheduled to None, run_after=None
[2024-10-03T20:45:31.229+0000] {logging_mixin.py:137} INFO - [2024-10-03T20:45:31.229+0000] {dag.py:3452} INFO - Setting next_dagrun for dataset_produces_1 to 2024-10-02T00:00:00+00:00, run_after=2024-10-03T00:00:00+00:00
[2024-10-03T20:45:31.230+0000] {logging_mixin.py:137} INFO - [2024-10-03T20:45:31.230+0000] {dag.py:3452} INFO - Setting next_dagrun for dataset_produces_2 to None, run_after=None
[2024-10-03T20:45:31.245+0000] {processor.py:175} INFO - Processing /usr/local/lib/python3.9/site-packages/airflow/example_dags/example_datasets.py took 0.075 seconds
[2024-10-03T20:46:02.020+0000] {processor.py:153} INFO - Started process (PID=6022) to work on /usr/local/lib/python3.9/site-packages/airflow/example_dags/example_datasets.py
[2024-10-03T20:46:02.022+0000] {processor.py:743} INFO - Processing file /usr/local/lib/python3.9/site-packages/airflow/example_dags/example_datasets.py for tasks to queue
[2024-10-03T20:46:02.022+0000] {logging_mixin.py:137} INFO - [2024-10-03T20:46:02.022+0000] {dagbag.py:532} INFO - Filling up the DagBag from /usr/local/lib/python3.9/site-packages/airflow/example_dags/example_datasets.py
[2024-10-03T20:46:02.037+0000] {processor.py:753} INFO - DAG(s) dict_keys(['dataset_consumes_1_and_2', 'dataset_produces_2', 'dataset_consumes_1_never_scheduled', 'dataset_produces_1', 'dataset_consumes_unknown_never_scheduled', 'dataset_consumes_1']) retrieved from /usr/local/lib/python3.9/site-packages/airflow/example_dags/example_datasets.py
[2024-10-03T20:46:02.058+0000] {logging_mixin.py:137} INFO - [2024-10-03T20:46:02.058+0000] {dag.py:2705} INFO - Sync 6 DAGs
[2024-10-03T20:46:02.072+0000] {logging_mixin.py:137} INFO - [2024-10-03T20:46:02.072+0000] {dag.py:3452} INFO - Setting next_dagrun for dataset_consumes_1 to None, run_after=None
[2024-10-03T20:46:02.074+0000] {logging_mixin.py:137} INFO - [2024-10-03T20:46:02.074+0000] {dag.py:3452} INFO - Setting next_dagrun for dataset_consumes_1_and_2 to None, run_after=None
[2024-10-03T20:46:02.075+0000] {logging_mixin.py:137} INFO - [2024-10-03T20:46:02.075+0000] {dag.py:3452} INFO - Setting next_dagrun for dataset_consumes_1_never_scheduled to None, run_after=None
[2024-10-03T20:46:02.076+0000] {logging_mixin.py:137} INFO - [2024-10-03T20:46:02.075+0000] {dag.py:3452} INFO - Setting next_dagrun for dataset_consumes_unknown_never_scheduled to None, run_after=None
[2024-10-03T20:46:02.077+0000] {logging_mixin.py:137} INFO - [2024-10-03T20:46:02.077+0000] {dag.py:3452} INFO - Setting next_dagrun for dataset_produces_1 to 2024-10-02T00:00:00+00:00, run_after=2024-10-03T00:00:00+00:00
[2024-10-03T20:46:02.079+0000] {logging_mixin.py:137} INFO - [2024-10-03T20:46:02.079+0000] {dag.py:3452} INFO - Setting next_dagrun for dataset_produces_2 to None, run_after=None
[2024-10-03T20:46:02.099+0000] {processor.py:175} INFO - Processing /usr/local/lib/python3.9/site-packages/airflow/example_dags/example_datasets.py took 0.083 seconds
[2024-10-03T20:46:32.685+0000] {processor.py:153} INFO - Started process (PID=6233) to work on /usr/local/lib/python3.9/site-packages/airflow/example_dags/example_datasets.py
[2024-10-03T20:46:32.686+0000] {processor.py:743} INFO - Processing file /usr/local/lib/python3.9/site-packages/airflow/example_dags/example_datasets.py for tasks to queue
[2024-10-03T20:46:32.686+0000] {logging_mixin.py:137} INFO - [2024-10-03T20:46:32.686+0000] {dagbag.py:532} INFO - Filling up the DagBag from /usr/local/lib/python3.9/site-packages/airflow/example_dags/example_datasets.py
[2024-10-03T20:46:32.703+0000] {processor.py:753} INFO - DAG(s) dict_keys(['dataset_produces_2', 'dataset_consumes_unknown_never_scheduled', 'dataset_consumes_1_and_2', 'dataset_produces_1', 'dataset_consumes_1_never_scheduled', 'dataset_consumes_1']) retrieved from /usr/local/lib/python3.9/site-packages/airflow/example_dags/example_datasets.py
[2024-10-03T20:46:32.729+0000] {logging_mixin.py:137} INFO - [2024-10-03T20:46:32.729+0000] {dag.py:2705} INFO - Sync 6 DAGs
[2024-10-03T20:46:32.740+0000] {logging_mixin.py:137} INFO - [2024-10-03T20:46:32.740+0000] {dag.py:3452} INFO - Setting next_dagrun for dataset_consumes_1 to None, run_after=None
[2024-10-03T20:46:32.742+0000] {logging_mixin.py:137} INFO - [2024-10-03T20:46:32.742+0000] {dag.py:3452} INFO - Setting next_dagrun for dataset_consumes_1_and_2 to None, run_after=None
[2024-10-03T20:46:32.743+0000] {logging_mixin.py:137} INFO - [2024-10-03T20:46:32.743+0000] {dag.py:3452} INFO - Setting next_dagrun for dataset_consumes_1_never_scheduled to None, run_after=None
[2024-10-03T20:46:32.744+0000] {logging_mixin.py:137} INFO - [2024-10-03T20:46:32.744+0000] {dag.py:3452} INFO - Setting next_dagrun for dataset_consumes_unknown_never_scheduled to None, run_after=None
[2024-10-03T20:46:32.745+0000] {logging_mixin.py:137} INFO - [2024-10-03T20:46:32.745+0000] {dag.py:3452} INFO - Setting next_dagrun for dataset_produces_1 to 2024-10-02T00:00:00+00:00, run_after=2024-10-03T00:00:00+00:00
[2024-10-03T20:46:32.747+0000] {logging_mixin.py:137} INFO - [2024-10-03T20:46:32.747+0000] {dag.py:3452} INFO - Setting next_dagrun for dataset_produces_2 to None, run_after=None
[2024-10-03T20:46:32.762+0000] {processor.py:175} INFO - Processing /usr/local/lib/python3.9/site-packages/airflow/example_dags/example_datasets.py took 0.080 seconds
[2024-10-03T20:47:03.288+0000] {processor.py:153} INFO - Started process (PID=6444) to work on /usr/local/lib/python3.9/site-packages/airflow/example_dags/example_datasets.py
[2024-10-03T20:47:03.289+0000] {processor.py:743} INFO - Processing file /usr/local/lib/python3.9/site-packages/airflow/example_dags/example_datasets.py for tasks to queue
[2024-10-03T20:47:03.290+0000] {logging_mixin.py:137} INFO - [2024-10-03T20:47:03.289+0000] {dagbag.py:532} INFO - Filling up the DagBag from /usr/local/lib/python3.9/site-packages/airflow/example_dags/example_datasets.py
[2024-10-03T20:47:03.303+0000] {processor.py:753} INFO - DAG(s) dict_keys(['dataset_produces_1', 'dataset_consumes_1_never_scheduled', 'dataset_consumes_unknown_never_scheduled', 'dataset_consumes_1_and_2', 'dataset_produces_2', 'dataset_consumes_1']) retrieved from /usr/local/lib/python3.9/site-packages/airflow/example_dags/example_datasets.py
[2024-10-03T20:47:03.329+0000] {logging_mixin.py:137} INFO - [2024-10-03T20:47:03.329+0000] {dag.py:2705} INFO - Sync 6 DAGs
[2024-10-03T20:47:03.343+0000] {logging_mixin.py:137} INFO - [2024-10-03T20:47:03.343+0000] {dag.py:3452} INFO - Setting next_dagrun for dataset_consumes_1 to None, run_after=None
[2024-10-03T20:47:03.345+0000] {logging_mixin.py:137} INFO - [2024-10-03T20:47:03.345+0000] {dag.py:3452} INFO - Setting next_dagrun for dataset_consumes_1_and_2 to None, run_after=None
[2024-10-03T20:47:03.347+0000] {logging_mixin.py:137} INFO - [2024-10-03T20:47:03.347+0000] {dag.py:3452} INFO - Setting next_dagrun for dataset_consumes_1_never_scheduled to None, run_after=None
[2024-10-03T20:47:03.347+0000] {logging_mixin.py:137} INFO - [2024-10-03T20:47:03.347+0000] {dag.py:3452} INFO - Setting next_dagrun for dataset_consumes_unknown_never_scheduled to None, run_after=None
[2024-10-03T20:47:03.348+0000] {logging_mixin.py:137} INFO - [2024-10-03T20:47:03.348+0000] {dag.py:3452} INFO - Setting next_dagrun for dataset_produces_1 to 2024-10-02T00:00:00+00:00, run_after=2024-10-03T00:00:00+00:00
[2024-10-03T20:47:03.351+0000] {logging_mixin.py:137} INFO - [2024-10-03T20:47:03.351+0000] {dag.py:3452} INFO - Setting next_dagrun for dataset_produces_2 to None, run_after=None
[2024-10-03T20:47:03.366+0000] {processor.py:175} INFO - Processing /usr/local/lib/python3.9/site-packages/airflow/example_dags/example_datasets.py took 0.082 seconds
[2024-10-03T20:47:33.885+0000] {processor.py:153} INFO - Started process (PID=6655) to work on /usr/local/lib/python3.9/site-packages/airflow/example_dags/example_datasets.py
[2024-10-03T20:47:33.886+0000] {processor.py:743} INFO - Processing file /usr/local/lib/python3.9/site-packages/airflow/example_dags/example_datasets.py for tasks to queue
[2024-10-03T20:47:33.887+0000] {logging_mixin.py:137} INFO - [2024-10-03T20:47:33.887+0000] {dagbag.py:532} INFO - Filling up the DagBag from /usr/local/lib/python3.9/site-packages/airflow/example_dags/example_datasets.py
[2024-10-03T20:47:33.901+0000] {processor.py:753} INFO - DAG(s) dict_keys(['dataset_consumes_1', 'dataset_produces_2', 'dataset_produces_1', 'dataset_consumes_unknown_never_scheduled', 'dataset_consumes_1_and_2', 'dataset_consumes_1_never_scheduled']) retrieved from /usr/local/lib/python3.9/site-packages/airflow/example_dags/example_datasets.py
[2024-10-03T20:47:33.924+0000] {logging_mixin.py:137} INFO - [2024-10-03T20:47:33.923+0000] {dag.py:2705} INFO - Sync 6 DAGs
[2024-10-03T20:47:33.936+0000] {logging_mixin.py:137} INFO - [2024-10-03T20:47:33.936+0000] {dag.py:3452} INFO - Setting next_dagrun for dataset_consumes_1 to None, run_after=None
[2024-10-03T20:47:33.938+0000] {logging_mixin.py:137} INFO - [2024-10-03T20:47:33.938+0000] {dag.py:3452} INFO - Setting next_dagrun for dataset_consumes_1_and_2 to None, run_after=None
[2024-10-03T20:47:33.938+0000] {logging_mixin.py:137} INFO - [2024-10-03T20:47:33.938+0000] {dag.py:3452} INFO - Setting next_dagrun for dataset_consumes_1_never_scheduled to None, run_after=None
[2024-10-03T20:47:33.939+0000] {logging_mixin.py:137} INFO - [2024-10-03T20:47:33.939+0000] {dag.py:3452} INFO - Setting next_dagrun for dataset_consumes_unknown_never_scheduled to None, run_after=None
[2024-10-03T20:47:33.940+0000] {logging_mixin.py:137} INFO - [2024-10-03T20:47:33.940+0000] {dag.py:3452} INFO - Setting next_dagrun for dataset_produces_1 to 2024-10-02T00:00:00+00:00, run_after=2024-10-03T00:00:00+00:00
[2024-10-03T20:47:33.941+0000] {logging_mixin.py:137} INFO - [2024-10-03T20:47:33.941+0000] {dag.py:3452} INFO - Setting next_dagrun for dataset_produces_2 to None, run_after=None
[2024-10-03T20:47:33.957+0000] {processor.py:175} INFO - Processing /usr/local/lib/python3.9/site-packages/airflow/example_dags/example_datasets.py took 0.077 seconds
[2024-10-03T20:48:04.556+0000] {processor.py:153} INFO - Started process (PID=6866) to work on /usr/local/lib/python3.9/site-packages/airflow/example_dags/example_datasets.py
[2024-10-03T20:48:04.557+0000] {processor.py:743} INFO - Processing file /usr/local/lib/python3.9/site-packages/airflow/example_dags/example_datasets.py for tasks to queue
[2024-10-03T20:48:04.558+0000] {logging_mixin.py:137} INFO - [2024-10-03T20:48:04.558+0000] {dagbag.py:532} INFO - Filling up the DagBag from /usr/local/lib/python3.9/site-packages/airflow/example_dags/example_datasets.py
[2024-10-03T20:48:04.573+0000] {processor.py:753} INFO - DAG(s) dict_keys(['dataset_consumes_unknown_never_scheduled', 'dataset_produces_2', 'dataset_consumes_1_never_scheduled', 'dataset_produces_1', 'dataset_consumes_1_and_2', 'dataset_consumes_1']) retrieved from /usr/local/lib/python3.9/site-packages/airflow/example_dags/example_datasets.py
[2024-10-03T20:48:04.595+0000] {logging_mixin.py:137} INFO - [2024-10-03T20:48:04.595+0000] {dag.py:2705} INFO - Sync 6 DAGs
[2024-10-03T20:48:04.606+0000] {logging_mixin.py:137} INFO - [2024-10-03T20:48:04.606+0000] {dag.py:3452} INFO - Setting next_dagrun for dataset_consumes_1 to None, run_after=None
[2024-10-03T20:48:04.608+0000] {logging_mixin.py:137} INFO - [2024-10-03T20:48:04.608+0000] {dag.py:3452} INFO - Setting next_dagrun for dataset_consumes_1_and_2 to None, run_after=None
[2024-10-03T20:48:04.610+0000] {logging_mixin.py:137} INFO - [2024-10-03T20:48:04.609+0000] {dag.py:3452} INFO - Setting next_dagrun for dataset_consumes_1_never_scheduled to None, run_after=None
[2024-10-03T20:48:04.610+0000] {logging_mixin.py:137} INFO - [2024-10-03T20:48:04.610+0000] {dag.py:3452} INFO - Setting next_dagrun for dataset_consumes_unknown_never_scheduled to None, run_after=None
[2024-10-03T20:48:04.612+0000] {logging_mixin.py:137} INFO - [2024-10-03T20:48:04.612+0000] {dag.py:3452} INFO - Setting next_dagrun for dataset_produces_1 to 2024-10-02T00:00:00+00:00, run_after=2024-10-03T00:00:00+00:00
[2024-10-03T20:48:04.614+0000] {logging_mixin.py:137} INFO - [2024-10-03T20:48:04.614+0000] {dag.py:3452} INFO - Setting next_dagrun for dataset_produces_2 to None, run_after=None
[2024-10-03T20:48:04.629+0000] {processor.py:175} INFO - Processing /usr/local/lib/python3.9/site-packages/airflow/example_dags/example_datasets.py took 0.077 seconds
[2024-10-03T20:48:35.235+0000] {processor.py:153} INFO - Started process (PID=7077) to work on /usr/local/lib/python3.9/site-packages/airflow/example_dags/example_datasets.py
[2024-10-03T20:48:35.237+0000] {processor.py:743} INFO - Processing file /usr/local/lib/python3.9/site-packages/airflow/example_dags/example_datasets.py for tasks to queue
[2024-10-03T20:48:35.238+0000] {logging_mixin.py:137} INFO - [2024-10-03T20:48:35.238+0000] {dagbag.py:532} INFO - Filling up the DagBag from /usr/local/lib/python3.9/site-packages/airflow/example_dags/example_datasets.py
[2024-10-03T20:48:35.251+0000] {processor.py:753} INFO - DAG(s) dict_keys(['dataset_consumes_unknown_never_scheduled', 'dataset_consumes_1_never_scheduled', 'dataset_consumes_1_and_2', 'dataset_produces_1', 'dataset_consumes_1', 'dataset_produces_2']) retrieved from /usr/local/lib/python3.9/site-packages/airflow/example_dags/example_datasets.py
[2024-10-03T20:48:35.273+0000] {logging_mixin.py:137} INFO - [2024-10-03T20:48:35.273+0000] {dag.py:2705} INFO - Sync 6 DAGs
[2024-10-03T20:48:35.285+0000] {logging_mixin.py:137} INFO - [2024-10-03T20:48:35.285+0000] {dag.py:3452} INFO - Setting next_dagrun for dataset_consumes_1 to None, run_after=None
[2024-10-03T20:48:35.288+0000] {logging_mixin.py:137} INFO - [2024-10-03T20:48:35.287+0000] {dag.py:3452} INFO - Setting next_dagrun for dataset_consumes_1_and_2 to None, run_after=None
[2024-10-03T20:48:35.289+0000] {logging_mixin.py:137} INFO - [2024-10-03T20:48:35.289+0000] {dag.py:3452} INFO - Setting next_dagrun for dataset_consumes_1_never_scheduled to None, run_after=None
[2024-10-03T20:48:35.289+0000] {logging_mixin.py:137} INFO - [2024-10-03T20:48:35.289+0000] {dag.py:3452} INFO - Setting next_dagrun for dataset_consumes_unknown_never_scheduled to None, run_after=None
[2024-10-03T20:48:35.291+0000] {logging_mixin.py:137} INFO - [2024-10-03T20:48:35.291+0000] {dag.py:3452} INFO - Setting next_dagrun for dataset_produces_1 to 2024-10-02T00:00:00+00:00, run_after=2024-10-03T00:00:00+00:00
[2024-10-03T20:48:35.292+0000] {logging_mixin.py:137} INFO - [2024-10-03T20:48:35.292+0000] {dag.py:3452} INFO - Setting next_dagrun for dataset_produces_2 to None, run_after=None
[2024-10-03T20:48:35.311+0000] {processor.py:175} INFO - Processing /usr/local/lib/python3.9/site-packages/airflow/example_dags/example_datasets.py took 0.081 seconds
[2024-10-03T20:49:06.079+0000] {processor.py:153} INFO - Started process (PID=7288) to work on /usr/local/lib/python3.9/site-packages/airflow/example_dags/example_datasets.py
[2024-10-03T20:49:06.080+0000] {processor.py:743} INFO - Processing file /usr/local/lib/python3.9/site-packages/airflow/example_dags/example_datasets.py for tasks to queue
[2024-10-03T20:49:06.081+0000] {logging_mixin.py:137} INFO - [2024-10-03T20:49:06.080+0000] {dagbag.py:532} INFO - Filling up the DagBag from /usr/local/lib/python3.9/site-packages/airflow/example_dags/example_datasets.py
[2024-10-03T20:49:06.093+0000] {processor.py:753} INFO - DAG(s) dict_keys(['dataset_consumes_1', 'dataset_produces_1', 'dataset_consumes_unknown_never_scheduled', 'dataset_consumes_1_and_2', 'dataset_consumes_1_never_scheduled', 'dataset_produces_2']) retrieved from /usr/local/lib/python3.9/site-packages/airflow/example_dags/example_datasets.py
[2024-10-03T20:49:06.119+0000] {logging_mixin.py:137} INFO - [2024-10-03T20:49:06.118+0000] {dag.py:2705} INFO - Sync 6 DAGs
[2024-10-03T20:49:06.131+0000] {logging_mixin.py:137} INFO - [2024-10-03T20:49:06.131+0000] {dag.py:3452} INFO - Setting next_dagrun for dataset_consumes_1 to None, run_after=None
[2024-10-03T20:49:06.134+0000] {logging_mixin.py:137} INFO - [2024-10-03T20:49:06.134+0000] {dag.py:3452} INFO - Setting next_dagrun for dataset_consumes_1_and_2 to None, run_after=None
[2024-10-03T20:49:06.134+0000] {logging_mixin.py:137} INFO - [2024-10-03T20:49:06.134+0000] {dag.py:3452} INFO - Setting next_dagrun for dataset_consumes_1_never_scheduled to None, run_after=None
[2024-10-03T20:49:06.137+0000] {logging_mixin.py:137} INFO - [2024-10-03T20:49:06.137+0000] {dag.py:3452} INFO - Setting next_dagrun for dataset_consumes_unknown_never_scheduled to None, run_after=None
[2024-10-03T20:49:06.138+0000] {logging_mixin.py:137} INFO - [2024-10-03T20:49:06.138+0000] {dag.py:3452} INFO - Setting next_dagrun for dataset_produces_1 to 2024-10-02T00:00:00+00:00, run_after=2024-10-03T00:00:00+00:00
[2024-10-03T20:49:06.139+0000] {logging_mixin.py:137} INFO - [2024-10-03T20:49:06.139+0000] {dag.py:3452} INFO - Setting next_dagrun for dataset_produces_2 to None, run_after=None
[2024-10-03T20:49:06.156+0000] {processor.py:175} INFO - Processing /usr/local/lib/python3.9/site-packages/airflow/example_dags/example_datasets.py took 0.080 seconds
[2024-10-03T20:49:36.856+0000] {processor.py:153} INFO - Started process (PID=7499) to work on /usr/local/lib/python3.9/site-packages/airflow/example_dags/example_datasets.py
[2024-10-03T20:49:36.857+0000] {processor.py:743} INFO - Processing file /usr/local/lib/python3.9/site-packages/airflow/example_dags/example_datasets.py for tasks to queue
[2024-10-03T20:49:36.858+0000] {logging_mixin.py:137} INFO - [2024-10-03T20:49:36.858+0000] {dagbag.py:532} INFO - Filling up the DagBag from /usr/local/lib/python3.9/site-packages/airflow/example_dags/example_datasets.py
[2024-10-03T20:49:36.874+0000] {processor.py:753} INFO - DAG(s) dict_keys(['dataset_consumes_1', 'dataset_consumes_unknown_never_scheduled', 'dataset_produces_1', 'dataset_consumes_1_never_scheduled', 'dataset_consumes_1_and_2', 'dataset_produces_2']) retrieved from /usr/local/lib/python3.9/site-packages/airflow/example_dags/example_datasets.py
[2024-10-03T20:49:36.900+0000] {logging_mixin.py:137} INFO - [2024-10-03T20:49:36.899+0000] {dag.py:2705} INFO - Sync 6 DAGs
[2024-10-03T20:49:36.910+0000] {logging_mixin.py:137} INFO - [2024-10-03T20:49:36.910+0000] {dag.py:3452} INFO - Setting next_dagrun for dataset_consumes_1 to None, run_after=None
[2024-10-03T20:49:36.912+0000] {logging_mixin.py:137} INFO - [2024-10-03T20:49:36.912+0000] {dag.py:3452} INFO - Setting next_dagrun for dataset_consumes_1_and_2 to None, run_after=None
[2024-10-03T20:49:36.914+0000] {logging_mixin.py:137} INFO - [2024-10-03T20:49:36.914+0000] {dag.py:3452} INFO - Setting next_dagrun for dataset_consumes_1_never_scheduled to None, run_after=None
[2024-10-03T20:49:36.914+0000] {logging_mixin.py:137} INFO - [2024-10-03T20:49:36.914+0000] {dag.py:3452} INFO - Setting next_dagrun for dataset_consumes_unknown_never_scheduled to None, run_after=None
[2024-10-03T20:49:36.915+0000] {logging_mixin.py:137} INFO - [2024-10-03T20:49:36.915+0000] {dag.py:3452} INFO - Setting next_dagrun for dataset_produces_1 to 2024-10-02T00:00:00+00:00, run_after=2024-10-03T00:00:00+00:00
[2024-10-03T20:49:36.916+0000] {logging_mixin.py:137} INFO - [2024-10-03T20:49:36.916+0000] {dag.py:3452} INFO - Setting next_dagrun for dataset_produces_2 to None, run_after=None
[2024-10-03T20:49:36.930+0000] {processor.py:175} INFO - Processing /usr/local/lib/python3.9/site-packages/airflow/example_dags/example_datasets.py took 0.078 seconds
[2024-10-03T20:50:07.568+0000] {processor.py:153} INFO - Started process (PID=7710) to work on /usr/local/lib/python3.9/site-packages/airflow/example_dags/example_datasets.py
[2024-10-03T20:50:07.569+0000] {processor.py:743} INFO - Processing file /usr/local/lib/python3.9/site-packages/airflow/example_dags/example_datasets.py for tasks to queue
[2024-10-03T20:50:07.570+0000] {logging_mixin.py:137} INFO - [2024-10-03T20:50:07.570+0000] {dagbag.py:532} INFO - Filling up the DagBag from /usr/local/lib/python3.9/site-packages/airflow/example_dags/example_datasets.py
[2024-10-03T20:50:07.586+0000] {processor.py:753} INFO - DAG(s) dict_keys(['dataset_consumes_1_never_scheduled', 'dataset_produces_1', 'dataset_produces_2', 'dataset_consumes_unknown_never_scheduled', 'dataset_consumes_1', 'dataset_consumes_1_and_2']) retrieved from /usr/local/lib/python3.9/site-packages/airflow/example_dags/example_datasets.py
[2024-10-03T20:50:07.612+0000] {logging_mixin.py:137} INFO - [2024-10-03T20:50:07.611+0000] {dag.py:2705} INFO - Sync 6 DAGs
[2024-10-03T20:50:07.632+0000] {logging_mixin.py:137} INFO - [2024-10-03T20:50:07.632+0000] {dag.py:3452} INFO - Setting next_dagrun for dataset_consumes_1 to None, run_after=None
[2024-10-03T20:50:07.635+0000] {logging_mixin.py:137} INFO - [2024-10-03T20:50:07.635+0000] {dag.py:3452} INFO - Setting next_dagrun for dataset_consumes_1_and_2 to None, run_after=None
[2024-10-03T20:50:07.636+0000] {logging_mixin.py:137} INFO - [2024-10-03T20:50:07.636+0000] {dag.py:3452} INFO - Setting next_dagrun for dataset_consumes_1_never_scheduled to None, run_after=None
[2024-10-03T20:50:07.638+0000] {logging_mixin.py:137} INFO - [2024-10-03T20:50:07.638+0000] {dag.py:3452} INFO - Setting next_dagrun for dataset_consumes_unknown_never_scheduled to None, run_after=None
[2024-10-03T20:50:07.641+0000] {logging_mixin.py:137} INFO - [2024-10-03T20:50:07.641+0000] {dag.py:3452} INFO - Setting next_dagrun for dataset_produces_1 to 2024-10-02T00:00:00+00:00, run_after=2024-10-03T00:00:00+00:00
[2024-10-03T20:50:07.643+0000] {logging_mixin.py:137} INFO - [2024-10-03T20:50:07.643+0000] {dag.py:3452} INFO - Setting next_dagrun for dataset_produces_2 to None, run_after=None
[2024-10-03T20:50:07.663+0000] {processor.py:175} INFO - Processing /usr/local/lib/python3.9/site-packages/airflow/example_dags/example_datasets.py took 0.101 seconds
[2024-10-03T20:50:38.387+0000] {processor.py:153} INFO - Started process (PID=7921) to work on /usr/local/lib/python3.9/site-packages/airflow/example_dags/example_datasets.py
[2024-10-03T20:50:38.388+0000] {processor.py:743} INFO - Processing file /usr/local/lib/python3.9/site-packages/airflow/example_dags/example_datasets.py for tasks to queue
[2024-10-03T20:50:38.389+0000] {logging_mixin.py:137} INFO - [2024-10-03T20:50:38.389+0000] {dagbag.py:532} INFO - Filling up the DagBag from /usr/local/lib/python3.9/site-packages/airflow/example_dags/example_datasets.py
[2024-10-03T20:50:38.404+0000] {processor.py:753} INFO - DAG(s) dict_keys(['dataset_consumes_unknown_never_scheduled', 'dataset_consumes_1_and_2', 'dataset_produces_1', 'dataset_consumes_1_never_scheduled', 'dataset_consumes_1', 'dataset_produces_2']) retrieved from /usr/local/lib/python3.9/site-packages/airflow/example_dags/example_datasets.py
[2024-10-03T20:50:38.430+0000] {logging_mixin.py:137} INFO - [2024-10-03T20:50:38.430+0000] {dag.py:2705} INFO - Sync 6 DAGs
[2024-10-03T20:50:38.441+0000] {logging_mixin.py:137} INFO - [2024-10-03T20:50:38.441+0000] {dag.py:3452} INFO - Setting next_dagrun for dataset_consumes_1 to None, run_after=None
[2024-10-03T20:50:38.443+0000] {logging_mixin.py:137} INFO - [2024-10-03T20:50:38.443+0000] {dag.py:3452} INFO - Setting next_dagrun for dataset_consumes_1_and_2 to None, run_after=None
[2024-10-03T20:50:38.443+0000] {logging_mixin.py:137} INFO - [2024-10-03T20:50:38.443+0000] {dag.py:3452} INFO - Setting next_dagrun for dataset_consumes_1_never_scheduled to None, run_after=None
[2024-10-03T20:50:38.445+0000] {logging_mixin.py:137} INFO - [2024-10-03T20:50:38.445+0000] {dag.py:3452} INFO - Setting next_dagrun for dataset_consumes_unknown_never_scheduled to None, run_after=None
[2024-10-03T20:50:38.447+0000] {logging_mixin.py:137} INFO - [2024-10-03T20:50:38.447+0000] {dag.py:3452} INFO - Setting next_dagrun for dataset_produces_1 to 2024-10-02T00:00:00+00:00, run_after=2024-10-03T00:00:00+00:00
[2024-10-03T20:50:38.447+0000] {logging_mixin.py:137} INFO - [2024-10-03T20:50:38.447+0000] {dag.py:3452} INFO - Setting next_dagrun for dataset_produces_2 to None, run_after=None
[2024-10-03T20:50:38.462+0000] {processor.py:175} INFO - Processing /usr/local/lib/python3.9/site-packages/airflow/example_dags/example_datasets.py took 0.082 seconds
[2024-10-03T20:51:09.165+0000] {processor.py:153} INFO - Started process (PID=8132) to work on /usr/local/lib/python3.9/site-packages/airflow/example_dags/example_datasets.py
[2024-10-03T20:51:09.166+0000] {processor.py:743} INFO - Processing file /usr/local/lib/python3.9/site-packages/airflow/example_dags/example_datasets.py for tasks to queue
[2024-10-03T20:51:09.167+0000] {logging_mixin.py:137} INFO - [2024-10-03T20:51:09.166+0000] {dagbag.py:532} INFO - Filling up the DagBag from /usr/local/lib/python3.9/site-packages/airflow/example_dags/example_datasets.py
[2024-10-03T20:51:09.180+0000] {processor.py:753} INFO - DAG(s) dict_keys(['dataset_consumes_1', 'dataset_consumes_unknown_never_scheduled', 'dataset_produces_2', 'dataset_produces_1', 'dataset_consumes_1_and_2', 'dataset_consumes_1_never_scheduled']) retrieved from /usr/local/lib/python3.9/site-packages/airflow/example_dags/example_datasets.py
[2024-10-03T20:51:09.205+0000] {logging_mixin.py:137} INFO - [2024-10-03T20:51:09.205+0000] {dag.py:2705} INFO - Sync 6 DAGs
[2024-10-03T20:51:09.215+0000] {logging_mixin.py:137} INFO - [2024-10-03T20:51:09.215+0000] {dag.py:3452} INFO - Setting next_dagrun for dataset_consumes_1 to None, run_after=None
[2024-10-03T20:51:09.218+0000] {logging_mixin.py:137} INFO - [2024-10-03T20:51:09.218+0000] {dag.py:3452} INFO - Setting next_dagrun for dataset_consumes_1_and_2 to None, run_after=None
[2024-10-03T20:51:09.218+0000] {logging_mixin.py:137} INFO - [2024-10-03T20:51:09.218+0000] {dag.py:3452} INFO - Setting next_dagrun for dataset_consumes_1_never_scheduled to None, run_after=None
[2024-10-03T20:51:09.219+0000] {logging_mixin.py:137} INFO - [2024-10-03T20:51:09.219+0000] {dag.py:3452} INFO - Setting next_dagrun for dataset_consumes_unknown_never_scheduled to None, run_after=None
[2024-10-03T20:51:09.220+0000] {logging_mixin.py:137} INFO - [2024-10-03T20:51:09.220+0000] {dag.py:3452} INFO - Setting next_dagrun for dataset_produces_1 to 2024-10-02T00:00:00+00:00, run_after=2024-10-03T00:00:00+00:00
[2024-10-03T20:51:09.221+0000] {logging_mixin.py:137} INFO - [2024-10-03T20:51:09.221+0000] {dag.py:3452} INFO - Setting next_dagrun for dataset_produces_2 to None, run_after=None
[2024-10-03T20:51:09.236+0000] {processor.py:175} INFO - Processing /usr/local/lib/python3.9/site-packages/airflow/example_dags/example_datasets.py took 0.075 seconds
[2024-10-03T20:51:40.080+0000] {processor.py:153} INFO - Started process (PID=8343) to work on /usr/local/lib/python3.9/site-packages/airflow/example_dags/example_datasets.py
[2024-10-03T20:51:40.081+0000] {processor.py:743} INFO - Processing file /usr/local/lib/python3.9/site-packages/airflow/example_dags/example_datasets.py for tasks to queue
[2024-10-03T20:51:40.082+0000] {logging_mixin.py:137} INFO - [2024-10-03T20:51:40.081+0000] {dagbag.py:532} INFO - Filling up the DagBag from /usr/local/lib/python3.9/site-packages/airflow/example_dags/example_datasets.py
[2024-10-03T20:51:40.097+0000] {processor.py:753} INFO - DAG(s) dict_keys(['dataset_consumes_1_never_scheduled', 'dataset_consumes_1', 'dataset_produces_2', 'dataset_produces_1', 'dataset_consumes_1_and_2', 'dataset_consumes_unknown_never_scheduled']) retrieved from /usr/local/lib/python3.9/site-packages/airflow/example_dags/example_datasets.py
[2024-10-03T20:51:40.127+0000] {logging_mixin.py:137} INFO - [2024-10-03T20:51:40.127+0000] {dag.py:2705} INFO - Sync 6 DAGs
[2024-10-03T20:51:40.142+0000] {logging_mixin.py:137} INFO - [2024-10-03T20:51:40.142+0000] {dag.py:3452} INFO - Setting next_dagrun for dataset_consumes_1 to None, run_after=None
[2024-10-03T20:51:40.143+0000] {logging_mixin.py:137} INFO - [2024-10-03T20:51:40.143+0000] {dag.py:3452} INFO - Setting next_dagrun for dataset_consumes_1_and_2 to None, run_after=None
[2024-10-03T20:51:40.144+0000] {logging_mixin.py:137} INFO - [2024-10-03T20:51:40.144+0000] {dag.py:3452} INFO - Setting next_dagrun for dataset_consumes_1_never_scheduled to None, run_after=None
[2024-10-03T20:51:40.145+0000] {logging_mixin.py:137} INFO - [2024-10-03T20:51:40.145+0000] {dag.py:3452} INFO - Setting next_dagrun for dataset_consumes_unknown_never_scheduled to None, run_after=None
[2024-10-03T20:51:40.146+0000] {logging_mixin.py:137} INFO - [2024-10-03T20:51:40.146+0000] {dag.py:3452} INFO - Setting next_dagrun for dataset_produces_1 to 2024-10-02T00:00:00+00:00, run_after=2024-10-03T00:00:00+00:00
[2024-10-03T20:51:40.148+0000] {logging_mixin.py:137} INFO - [2024-10-03T20:51:40.148+0000] {dag.py:3452} INFO - Setting next_dagrun for dataset_produces_2 to None, run_after=None
[2024-10-03T20:51:40.162+0000] {processor.py:175} INFO - Processing /usr/local/lib/python3.9/site-packages/airflow/example_dags/example_datasets.py took 0.085 seconds
[2024-10-03T20:52:10.209+0000] {processor.py:153} INFO - Started process (PID=8554) to work on /usr/local/lib/python3.9/site-packages/airflow/example_dags/example_datasets.py
[2024-10-03T20:52:10.210+0000] {processor.py:743} INFO - Processing file /usr/local/lib/python3.9/site-packages/airflow/example_dags/example_datasets.py for tasks to queue
[2024-10-03T20:52:10.211+0000] {logging_mixin.py:137} INFO - [2024-10-03T20:52:10.211+0000] {dagbag.py:532} INFO - Filling up the DagBag from /usr/local/lib/python3.9/site-packages/airflow/example_dags/example_datasets.py
[2024-10-03T20:52:10.228+0000] {processor.py:753} INFO - DAG(s) dict_keys(['dataset_produces_1', 'dataset_consumes_unknown_never_scheduled', 'dataset_consumes_1', 'dataset_consumes_1_and_2', 'dataset_consumes_1_never_scheduled', 'dataset_produces_2']) retrieved from /usr/local/lib/python3.9/site-packages/airflow/example_dags/example_datasets.py
[2024-10-03T20:52:10.255+0000] {logging_mixin.py:137} INFO - [2024-10-03T20:52:10.255+0000] {dag.py:2705} INFO - Sync 6 DAGs
[2024-10-03T20:52:10.267+0000] {logging_mixin.py:137} INFO - [2024-10-03T20:52:10.267+0000] {dag.py:3452} INFO - Setting next_dagrun for dataset_consumes_1 to None, run_after=None
[2024-10-03T20:52:10.269+0000] {logging_mixin.py:137} INFO - [2024-10-03T20:52:10.269+0000] {dag.py:3452} INFO - Setting next_dagrun for dataset_consumes_1_and_2 to None, run_after=None
[2024-10-03T20:52:10.269+0000] {logging_mixin.py:137} INFO - [2024-10-03T20:52:10.269+0000] {dag.py:3452} INFO - Setting next_dagrun for dataset_consumes_1_never_scheduled to None, run_after=None
[2024-10-03T20:52:10.270+0000] {logging_mixin.py:137} INFO - [2024-10-03T20:52:10.270+0000] {dag.py:3452} INFO - Setting next_dagrun for dataset_consumes_unknown_never_scheduled to None, run_after=None
[2024-10-03T20:52:10.272+0000] {logging_mixin.py:137} INFO - [2024-10-03T20:52:10.272+0000] {dag.py:3452} INFO - Setting next_dagrun for dataset_produces_1 to 2024-10-02T00:00:00+00:00, run_after=2024-10-03T00:00:00+00:00
[2024-10-03T20:52:10.272+0000] {logging_mixin.py:137} INFO - [2024-10-03T20:52:10.272+0000] {dag.py:3452} INFO - Setting next_dagrun for dataset_produces_2 to None, run_after=None
[2024-10-03T20:52:10.290+0000] {processor.py:175} INFO - Processing /usr/local/lib/python3.9/site-packages/airflow/example_dags/example_datasets.py took 0.085 seconds
[2024-10-03T20:52:41.204+0000] {processor.py:153} INFO - Started process (PID=8765) to work on /usr/local/lib/python3.9/site-packages/airflow/example_dags/example_datasets.py
[2024-10-03T20:52:41.206+0000] {processor.py:743} INFO - Processing file /usr/local/lib/python3.9/site-packages/airflow/example_dags/example_datasets.py for tasks to queue
[2024-10-03T20:52:41.206+0000] {logging_mixin.py:137} INFO - [2024-10-03T20:52:41.206+0000] {dagbag.py:532} INFO - Filling up the DagBag from /usr/local/lib/python3.9/site-packages/airflow/example_dags/example_datasets.py
[2024-10-03T20:52:41.225+0000] {processor.py:753} INFO - DAG(s) dict_keys(['dataset_consumes_unknown_never_scheduled', 'dataset_consumes_1_and_2', 'dataset_produces_1', 'dataset_consumes_1_never_scheduled', 'dataset_consumes_1', 'dataset_produces_2']) retrieved from /usr/local/lib/python3.9/site-packages/airflow/example_dags/example_datasets.py
[2024-10-03T20:52:41.252+0000] {logging_mixin.py:137} INFO - [2024-10-03T20:52:41.252+0000] {dag.py:2705} INFO - Sync 6 DAGs
[2024-10-03T20:52:41.263+0000] {logging_mixin.py:137} INFO - [2024-10-03T20:52:41.263+0000] {dag.py:3452} INFO - Setting next_dagrun for dataset_consumes_1 to None, run_after=None
[2024-10-03T20:52:41.265+0000] {logging_mixin.py:137} INFO - [2024-10-03T20:52:41.265+0000] {dag.py:3452} INFO - Setting next_dagrun for dataset_consumes_1_and_2 to None, run_after=None
[2024-10-03T20:52:41.265+0000] {logging_mixin.py:137} INFO - [2024-10-03T20:52:41.265+0000] {dag.py:3452} INFO - Setting next_dagrun for dataset_consumes_1_never_scheduled to None, run_after=None
[2024-10-03T20:52:41.266+0000] {logging_mixin.py:137} INFO - [2024-10-03T20:52:41.266+0000] {dag.py:3452} INFO - Setting next_dagrun for dataset_consumes_unknown_never_scheduled to None, run_after=None
[2024-10-03T20:52:41.267+0000] {logging_mixin.py:137} INFO - [2024-10-03T20:52:41.267+0000] {dag.py:3452} INFO - Setting next_dagrun for dataset_produces_1 to 2024-10-02T00:00:00+00:00, run_after=2024-10-03T00:00:00+00:00
[2024-10-03T20:52:41.268+0000] {logging_mixin.py:137} INFO - [2024-10-03T20:52:41.268+0000] {dag.py:3452} INFO - Setting next_dagrun for dataset_produces_2 to None, run_after=None
[2024-10-03T20:52:41.285+0000] {processor.py:175} INFO - Processing /usr/local/lib/python3.9/site-packages/airflow/example_dags/example_datasets.py took 0.087 seconds
