[2024-10-03T20:32:01.944+0000] {processor.py:153} INFO - Started process (PID=317) to work on /usr/local/lib/python3.9/site-packages/airflow/example_dags/example_params_ui_tutorial.py
[2024-10-03T20:32:01.945+0000] {processor.py:743} INFO - Processing file /usr/local/lib/python3.9/site-packages/airflow/example_dags/example_params_ui_tutorial.py for tasks to queue
[2024-10-03T20:32:01.946+0000] {logging_mixin.py:137} INFO - [2024-10-03T20:32:01.946+0000] {dagbag.py:532} INFO - Filling up the DagBag from /usr/local/lib/python3.9/site-packages/airflow/example_dags/example_params_ui_tutorial.py
[2024-10-03T20:32:01.973+0000] {processor.py:753} INFO - DAG(s) dict_keys(['example_params_ui_tutorial']) retrieved from /usr/local/lib/python3.9/site-packages/airflow/example_dags/example_params_ui_tutorial.py
[2024-10-03T20:32:01.986+0000] {logging_mixin.py:137} INFO - [2024-10-03T20:32:01.986+0000] {dag.py:2705} INFO - Sync 1 DAGs
[2024-10-03T20:32:02.001+0000] {logging_mixin.py:137} INFO - [2024-10-03T20:32:02.001+0000] {dag.py:3452} INFO - Setting next_dagrun for example_params_ui_tutorial to None, run_after=None
[2024-10-03T20:32:02.012+0000] {processor.py:175} INFO - Processing /usr/local/lib/python3.9/site-packages/airflow/example_dags/example_params_ui_tutorial.py took 0.072 seconds
[2024-10-03T20:32:34.435+0000] {processor.py:153} INFO - Started process (PID=532) to work on /usr/local/lib/python3.9/site-packages/airflow/example_dags/example_params_ui_tutorial.py
[2024-10-03T20:32:34.439+0000] {processor.py:743} INFO - Processing file /usr/local/lib/python3.9/site-packages/airflow/example_dags/example_params_ui_tutorial.py for tasks to queue
[2024-10-03T20:32:34.443+0000] {logging_mixin.py:137} INFO - [2024-10-03T20:32:34.443+0000] {dagbag.py:532} INFO - Filling up the DagBag from /usr/local/lib/python3.9/site-packages/airflow/example_dags/example_params_ui_tutorial.py
[2024-10-03T20:32:34.465+0000] {processor.py:753} INFO - DAG(s) dict_keys(['example_params_ui_tutorial']) retrieved from /usr/local/lib/python3.9/site-packages/airflow/example_dags/example_params_ui_tutorial.py
[2024-10-03T20:32:34.561+0000] {logging_mixin.py:137} INFO - [2024-10-03T20:32:34.561+0000] {dag.py:2705} INFO - Sync 1 DAGs
[2024-10-03T20:32:34.602+0000] {logging_mixin.py:137} INFO - [2024-10-03T20:32:34.602+0000] {dag.py:3452} INFO - Setting next_dagrun for example_params_ui_tutorial to None, run_after=None
[2024-10-03T20:32:34.662+0000] {processor.py:175} INFO - Processing /usr/local/lib/python3.9/site-packages/airflow/example_dags/example_params_ui_tutorial.py took 0.229 seconds
[2024-10-03T20:33:10.405+0000] {processor.py:153} INFO - Started process (PID=741) to work on /usr/local/lib/python3.9/site-packages/airflow/example_dags/example_params_ui_tutorial.py
[2024-10-03T20:33:10.420+0000] {processor.py:743} INFO - Processing file /usr/local/lib/python3.9/site-packages/airflow/example_dags/example_params_ui_tutorial.py for tasks to queue
[2024-10-03T20:33:10.421+0000] {logging_mixin.py:137} INFO - [2024-10-03T20:33:10.421+0000] {dagbag.py:532} INFO - Filling up the DagBag from /usr/local/lib/python3.9/site-packages/airflow/example_dags/example_params_ui_tutorial.py
[2024-10-03T20:33:10.444+0000] {processor.py:753} INFO - DAG(s) dict_keys(['example_params_ui_tutorial']) retrieved from /usr/local/lib/python3.9/site-packages/airflow/example_dags/example_params_ui_tutorial.py
[2024-10-03T20:33:10.482+0000] {logging_mixin.py:137} INFO - [2024-10-03T20:33:10.482+0000] {dag.py:2705} INFO - Sync 1 DAGs
[2024-10-03T20:33:10.496+0000] {logging_mixin.py:137} INFO - [2024-10-03T20:33:10.495+0000] {dag.py:3452} INFO - Setting next_dagrun for example_params_ui_tutorial to None, run_after=None
[2024-10-03T20:33:10.517+0000] {processor.py:175} INFO - Processing /usr/local/lib/python3.9/site-packages/airflow/example_dags/example_params_ui_tutorial.py took 0.113 seconds
[2024-10-03T20:33:40.731+0000] {processor.py:153} INFO - Started process (PID=951) to work on /usr/local/lib/python3.9/site-packages/airflow/example_dags/example_params_ui_tutorial.py
[2024-10-03T20:33:40.736+0000] {processor.py:743} INFO - Processing file /usr/local/lib/python3.9/site-packages/airflow/example_dags/example_params_ui_tutorial.py for tasks to queue
[2024-10-03T20:33:40.742+0000] {logging_mixin.py:137} INFO - [2024-10-03T20:33:40.741+0000] {dagbag.py:532} INFO - Filling up the DagBag from /usr/local/lib/python3.9/site-packages/airflow/example_dags/example_params_ui_tutorial.py
[2024-10-03T20:33:40.838+0000] {processor.py:753} INFO - DAG(s) dict_keys(['example_params_ui_tutorial']) retrieved from /usr/local/lib/python3.9/site-packages/airflow/example_dags/example_params_ui_tutorial.py
[2024-10-03T20:33:40.887+0000] {logging_mixin.py:137} INFO - [2024-10-03T20:33:40.887+0000] {dag.py:2705} INFO - Sync 1 DAGs
[2024-10-03T20:33:40.916+0000] {logging_mixin.py:137} INFO - [2024-10-03T20:33:40.916+0000] {dag.py:3452} INFO - Setting next_dagrun for example_params_ui_tutorial to None, run_after=None
[2024-10-03T20:33:41.029+0000] {processor.py:175} INFO - Processing /usr/local/lib/python3.9/site-packages/airflow/example_dags/example_params_ui_tutorial.py took 0.347 seconds
[2024-10-03T20:34:11.858+0000] {processor.py:153} INFO - Started process (PID=1163) to work on /usr/local/lib/python3.9/site-packages/airflow/example_dags/example_params_ui_tutorial.py
[2024-10-03T20:34:11.861+0000] {processor.py:743} INFO - Processing file /usr/local/lib/python3.9/site-packages/airflow/example_dags/example_params_ui_tutorial.py for tasks to queue
[2024-10-03T20:34:11.861+0000] {logging_mixin.py:137} INFO - [2024-10-03T20:34:11.861+0000] {dagbag.py:532} INFO - Filling up the DagBag from /usr/local/lib/python3.9/site-packages/airflow/example_dags/example_params_ui_tutorial.py
[2024-10-03T20:34:11.887+0000] {processor.py:753} INFO - DAG(s) dict_keys(['example_params_ui_tutorial']) retrieved from /usr/local/lib/python3.9/site-packages/airflow/example_dags/example_params_ui_tutorial.py
[2024-10-03T20:34:11.915+0000] {logging_mixin.py:137} INFO - [2024-10-03T20:34:11.915+0000] {dag.py:2705} INFO - Sync 1 DAGs
[2024-10-03T20:34:11.925+0000] {logging_mixin.py:137} INFO - [2024-10-03T20:34:11.925+0000] {dag.py:3452} INFO - Setting next_dagrun for example_params_ui_tutorial to None, run_after=None
[2024-10-03T20:34:11.937+0000] {processor.py:175} INFO - Processing /usr/local/lib/python3.9/site-packages/airflow/example_dags/example_params_ui_tutorial.py took 0.080 seconds
[2024-10-03T20:34:43.824+0000] {processor.py:153} INFO - Started process (PID=1374) to work on /usr/local/lib/python3.9/site-packages/airflow/example_dags/example_params_ui_tutorial.py
[2024-10-03T20:34:43.832+0000] {processor.py:743} INFO - Processing file /usr/local/lib/python3.9/site-packages/airflow/example_dags/example_params_ui_tutorial.py for tasks to queue
[2024-10-03T20:34:43.833+0000] {logging_mixin.py:137} INFO - [2024-10-03T20:34:43.833+0000] {dagbag.py:532} INFO - Filling up the DagBag from /usr/local/lib/python3.9/site-packages/airflow/example_dags/example_params_ui_tutorial.py
[2024-10-03T20:34:43.912+0000] {processor.py:753} INFO - DAG(s) dict_keys(['example_params_ui_tutorial']) retrieved from /usr/local/lib/python3.9/site-packages/airflow/example_dags/example_params_ui_tutorial.py
[2024-10-03T20:34:43.940+0000] {logging_mixin.py:137} INFO - [2024-10-03T20:34:43.940+0000] {dag.py:2705} INFO - Sync 1 DAGs
[2024-10-03T20:34:43.999+0000] {logging_mixin.py:137} INFO - [2024-10-03T20:34:43.999+0000] {dag.py:3452} INFO - Setting next_dagrun for example_params_ui_tutorial to None, run_after=None
[2024-10-03T20:34:44.022+0000] {processor.py:175} INFO - Processing /usr/local/lib/python3.9/site-packages/airflow/example_dags/example_params_ui_tutorial.py took 0.202 seconds
[2024-10-03T20:35:16.259+0000] {processor.py:153} INFO - Started process (PID=1585) to work on /usr/local/lib/python3.9/site-packages/airflow/example_dags/example_params_ui_tutorial.py
[2024-10-03T20:35:16.269+0000] {processor.py:743} INFO - Processing file /usr/local/lib/python3.9/site-packages/airflow/example_dags/example_params_ui_tutorial.py for tasks to queue
[2024-10-03T20:35:16.270+0000] {logging_mixin.py:137} INFO - [2024-10-03T20:35:16.270+0000] {dagbag.py:532} INFO - Filling up the DagBag from /usr/local/lib/python3.9/site-packages/airflow/example_dags/example_params_ui_tutorial.py
[2024-10-03T20:35:16.351+0000] {processor.py:753} INFO - DAG(s) dict_keys(['example_params_ui_tutorial']) retrieved from /usr/local/lib/python3.9/site-packages/airflow/example_dags/example_params_ui_tutorial.py
[2024-10-03T20:35:16.432+0000] {logging_mixin.py:137} INFO - [2024-10-03T20:35:16.432+0000] {dag.py:2705} INFO - Sync 1 DAGs
[2024-10-03T20:35:16.443+0000] {logging_mixin.py:137} INFO - [2024-10-03T20:35:16.443+0000] {dag.py:3452} INFO - Setting next_dagrun for example_params_ui_tutorial to None, run_after=None
[2024-10-03T20:35:16.454+0000] {processor.py:175} INFO - Processing /usr/local/lib/python3.9/site-packages/airflow/example_dags/example_params_ui_tutorial.py took 0.196 seconds
[2024-10-03T20:35:46.889+0000] {processor.py:153} INFO - Started process (PID=1792) to work on /usr/local/lib/python3.9/site-packages/airflow/example_dags/example_params_ui_tutorial.py
[2024-10-03T20:35:46.890+0000] {processor.py:743} INFO - Processing file /usr/local/lib/python3.9/site-packages/airflow/example_dags/example_params_ui_tutorial.py for tasks to queue
[2024-10-03T20:35:46.891+0000] {logging_mixin.py:137} INFO - [2024-10-03T20:35:46.890+0000] {dagbag.py:532} INFO - Filling up the DagBag from /usr/local/lib/python3.9/site-packages/airflow/example_dags/example_params_ui_tutorial.py
[2024-10-03T20:35:46.913+0000] {processor.py:753} INFO - DAG(s) dict_keys(['example_params_ui_tutorial']) retrieved from /usr/local/lib/python3.9/site-packages/airflow/example_dags/example_params_ui_tutorial.py
[2024-10-03T20:35:46.951+0000] {logging_mixin.py:137} INFO - [2024-10-03T20:35:46.951+0000] {dag.py:2705} INFO - Sync 1 DAGs
[2024-10-03T20:35:47.036+0000] {logging_mixin.py:137} INFO - [2024-10-03T20:35:47.036+0000] {dag.py:3452} INFO - Setting next_dagrun for example_params_ui_tutorial to None, run_after=None
[2024-10-03T20:35:47.055+0000] {processor.py:175} INFO - Processing /usr/local/lib/python3.9/site-packages/airflow/example_dags/example_params_ui_tutorial.py took 0.168 seconds
[2024-10-03T20:36:17.725+0000] {processor.py:153} INFO - Started process (PID=2001) to work on /usr/local/lib/python3.9/site-packages/airflow/example_dags/example_params_ui_tutorial.py
[2024-10-03T20:36:17.729+0000] {processor.py:743} INFO - Processing file /usr/local/lib/python3.9/site-packages/airflow/example_dags/example_params_ui_tutorial.py for tasks to queue
[2024-10-03T20:36:17.729+0000] {logging_mixin.py:137} INFO - [2024-10-03T20:36:17.729+0000] {dagbag.py:532} INFO - Filling up the DagBag from /usr/local/lib/python3.9/site-packages/airflow/example_dags/example_params_ui_tutorial.py
[2024-10-03T20:36:17.750+0000] {processor.py:753} INFO - DAG(s) dict_keys(['example_params_ui_tutorial']) retrieved from /usr/local/lib/python3.9/site-packages/airflow/example_dags/example_params_ui_tutorial.py
[2024-10-03T20:36:17.839+0000] {logging_mixin.py:137} INFO - [2024-10-03T20:36:17.838+0000] {dag.py:2705} INFO - Sync 1 DAGs
[2024-10-03T20:36:17.851+0000] {logging_mixin.py:137} INFO - [2024-10-03T20:36:17.851+0000] {dag.py:3452} INFO - Setting next_dagrun for example_params_ui_tutorial to None, run_after=None
[2024-10-03T20:36:17.860+0000] {processor.py:175} INFO - Processing /usr/local/lib/python3.9/site-packages/airflow/example_dags/example_params_ui_tutorial.py took 0.137 seconds
[2024-10-03T20:36:48.729+0000] {processor.py:153} INFO - Started process (PID=2212) to work on /usr/local/lib/python3.9/site-packages/airflow/example_dags/example_params_ui_tutorial.py
[2024-10-03T20:36:48.734+0000] {processor.py:743} INFO - Processing file /usr/local/lib/python3.9/site-packages/airflow/example_dags/example_params_ui_tutorial.py for tasks to queue
[2024-10-03T20:36:48.736+0000] {logging_mixin.py:137} INFO - [2024-10-03T20:36:48.736+0000] {dagbag.py:532} INFO - Filling up the DagBag from /usr/local/lib/python3.9/site-packages/airflow/example_dags/example_params_ui_tutorial.py
[2024-10-03T20:36:48.812+0000] {processor.py:753} INFO - DAG(s) dict_keys(['example_params_ui_tutorial']) retrieved from /usr/local/lib/python3.9/site-packages/airflow/example_dags/example_params_ui_tutorial.py
[2024-10-03T20:36:48.835+0000] {logging_mixin.py:137} INFO - [2024-10-03T20:36:48.835+0000] {dag.py:2705} INFO - Sync 1 DAGs
[2024-10-03T20:36:48.848+0000] {logging_mixin.py:137} INFO - [2024-10-03T20:36:48.848+0000] {dag.py:3452} INFO - Setting next_dagrun for example_params_ui_tutorial to None, run_after=None
[2024-10-03T20:36:48.855+0000] {processor.py:175} INFO - Processing /usr/local/lib/python3.9/site-packages/airflow/example_dags/example_params_ui_tutorial.py took 0.128 seconds
[2024-10-03T20:37:19.876+0000] {processor.py:153} INFO - Started process (PID=2425) to work on /usr/local/lib/python3.9/site-packages/airflow/example_dags/example_params_ui_tutorial.py
[2024-10-03T20:37:19.877+0000] {processor.py:743} INFO - Processing file /usr/local/lib/python3.9/site-packages/airflow/example_dags/example_params_ui_tutorial.py for tasks to queue
[2024-10-03T20:37:19.877+0000] {logging_mixin.py:137} INFO - [2024-10-03T20:37:19.877+0000] {dagbag.py:532} INFO - Filling up the DagBag from /usr/local/lib/python3.9/site-packages/airflow/example_dags/example_params_ui_tutorial.py
[2024-10-03T20:37:19.905+0000] {processor.py:753} INFO - DAG(s) dict_keys(['example_params_ui_tutorial']) retrieved from /usr/local/lib/python3.9/site-packages/airflow/example_dags/example_params_ui_tutorial.py
[2024-10-03T20:37:19.936+0000] {logging_mixin.py:137} INFO - [2024-10-03T20:37:19.936+0000] {dag.py:2705} INFO - Sync 1 DAGs
[2024-10-03T20:37:19.956+0000] {logging_mixin.py:137} INFO - [2024-10-03T20:37:19.956+0000] {dag.py:3452} INFO - Setting next_dagrun for example_params_ui_tutorial to None, run_after=None
[2024-10-03T20:37:19.966+0000] {processor.py:175} INFO - Processing /usr/local/lib/python3.9/site-packages/airflow/example_dags/example_params_ui_tutorial.py took 0.093 seconds
[2024-10-03T20:37:50.008+0000] {processor.py:153} INFO - Started process (PID=2636) to work on /usr/local/lib/python3.9/site-packages/airflow/example_dags/example_params_ui_tutorial.py
[2024-10-03T20:37:50.008+0000] {processor.py:743} INFO - Processing file /usr/local/lib/python3.9/site-packages/airflow/example_dags/example_params_ui_tutorial.py for tasks to queue
[2024-10-03T20:37:50.009+0000] {logging_mixin.py:137} INFO - [2024-10-03T20:37:50.009+0000] {dagbag.py:532} INFO - Filling up the DagBag from /usr/local/lib/python3.9/site-packages/airflow/example_dags/example_params_ui_tutorial.py
[2024-10-03T20:37:50.029+0000] {processor.py:753} INFO - DAG(s) dict_keys(['example_params_ui_tutorial']) retrieved from /usr/local/lib/python3.9/site-packages/airflow/example_dags/example_params_ui_tutorial.py
[2024-10-03T20:37:50.049+0000] {logging_mixin.py:137} INFO - [2024-10-03T20:37:50.049+0000] {dag.py:2705} INFO - Sync 1 DAGs
[2024-10-03T20:37:50.059+0000] {logging_mixin.py:137} INFO - [2024-10-03T20:37:50.059+0000] {dag.py:3452} INFO - Setting next_dagrun for example_params_ui_tutorial to None, run_after=None
[2024-10-03T20:37:50.070+0000] {processor.py:175} INFO - Processing /usr/local/lib/python3.9/site-packages/airflow/example_dags/example_params_ui_tutorial.py took 0.064 seconds
[2024-10-03T20:38:20.100+0000] {processor.py:153} INFO - Started process (PID=2845) to work on /usr/local/lib/python3.9/site-packages/airflow/example_dags/example_params_ui_tutorial.py
[2024-10-03T20:38:20.102+0000] {processor.py:743} INFO - Processing file /usr/local/lib/python3.9/site-packages/airflow/example_dags/example_params_ui_tutorial.py for tasks to queue
[2024-10-03T20:38:20.103+0000] {logging_mixin.py:137} INFO - [2024-10-03T20:38:20.103+0000] {dagbag.py:532} INFO - Filling up the DagBag from /usr/local/lib/python3.9/site-packages/airflow/example_dags/example_params_ui_tutorial.py
[2024-10-03T20:38:20.128+0000] {processor.py:753} INFO - DAG(s) dict_keys(['example_params_ui_tutorial']) retrieved from /usr/local/lib/python3.9/site-packages/airflow/example_dags/example_params_ui_tutorial.py
[2024-10-03T20:38:20.153+0000] {logging_mixin.py:137} INFO - [2024-10-03T20:38:20.153+0000] {dag.py:2705} INFO - Sync 1 DAGs
[2024-10-03T20:38:20.163+0000] {logging_mixin.py:137} INFO - [2024-10-03T20:38:20.163+0000] {dag.py:3452} INFO - Setting next_dagrun for example_params_ui_tutorial to None, run_after=None
[2024-10-03T20:38:20.174+0000] {processor.py:175} INFO - Processing /usr/local/lib/python3.9/site-packages/airflow/example_dags/example_params_ui_tutorial.py took 0.076 seconds
[2024-10-03T20:38:50.863+0000] {processor.py:153} INFO - Started process (PID=3056) to work on /usr/local/lib/python3.9/site-packages/airflow/example_dags/example_params_ui_tutorial.py
[2024-10-03T20:38:50.864+0000] {processor.py:743} INFO - Processing file /usr/local/lib/python3.9/site-packages/airflow/example_dags/example_params_ui_tutorial.py for tasks to queue
[2024-10-03T20:38:50.865+0000] {logging_mixin.py:137} INFO - [2024-10-03T20:38:50.865+0000] {dagbag.py:532} INFO - Filling up the DagBag from /usr/local/lib/python3.9/site-packages/airflow/example_dags/example_params_ui_tutorial.py
[2024-10-03T20:38:50.885+0000] {processor.py:753} INFO - DAG(s) dict_keys(['example_params_ui_tutorial']) retrieved from /usr/local/lib/python3.9/site-packages/airflow/example_dags/example_params_ui_tutorial.py
[2024-10-03T20:38:50.902+0000] {logging_mixin.py:137} INFO - [2024-10-03T20:38:50.901+0000] {dag.py:2705} INFO - Sync 1 DAGs
[2024-10-03T20:38:50.913+0000] {logging_mixin.py:137} INFO - [2024-10-03T20:38:50.913+0000] {dag.py:3452} INFO - Setting next_dagrun for example_params_ui_tutorial to None, run_after=None
[2024-10-03T20:38:50.920+0000] {processor.py:175} INFO - Processing /usr/local/lib/python3.9/site-packages/airflow/example_dags/example_params_ui_tutorial.py took 0.059 seconds
[2024-10-03T20:39:21.736+0000] {processor.py:153} INFO - Started process (PID=3269) to work on /usr/local/lib/python3.9/site-packages/airflow/example_dags/example_params_ui_tutorial.py
[2024-10-03T20:39:21.737+0000] {processor.py:743} INFO - Processing file /usr/local/lib/python3.9/site-packages/airflow/example_dags/example_params_ui_tutorial.py for tasks to queue
[2024-10-03T20:39:21.737+0000] {logging_mixin.py:137} INFO - [2024-10-03T20:39:21.737+0000] {dagbag.py:532} INFO - Filling up the DagBag from /usr/local/lib/python3.9/site-packages/airflow/example_dags/example_params_ui_tutorial.py
[2024-10-03T20:39:21.755+0000] {processor.py:753} INFO - DAG(s) dict_keys(['example_params_ui_tutorial']) retrieved from /usr/local/lib/python3.9/site-packages/airflow/example_dags/example_params_ui_tutorial.py
[2024-10-03T20:39:21.777+0000] {logging_mixin.py:137} INFO - [2024-10-03T20:39:21.777+0000] {dag.py:2705} INFO - Sync 1 DAGs
[2024-10-03T20:39:21.790+0000] {logging_mixin.py:137} INFO - [2024-10-03T20:39:21.790+0000] {dag.py:3452} INFO - Setting next_dagrun for example_params_ui_tutorial to None, run_after=None
[2024-10-03T20:39:21.796+0000] {processor.py:175} INFO - Processing /usr/local/lib/python3.9/site-packages/airflow/example_dags/example_params_ui_tutorial.py took 0.061 seconds
[2024-10-03T20:39:52.503+0000] {processor.py:153} INFO - Started process (PID=3478) to work on /usr/local/lib/python3.9/site-packages/airflow/example_dags/example_params_ui_tutorial.py
[2024-10-03T20:39:52.504+0000] {processor.py:743} INFO - Processing file /usr/local/lib/python3.9/site-packages/airflow/example_dags/example_params_ui_tutorial.py for tasks to queue
[2024-10-03T20:39:52.505+0000] {logging_mixin.py:137} INFO - [2024-10-03T20:39:52.505+0000] {dagbag.py:532} INFO - Filling up the DagBag from /usr/local/lib/python3.9/site-packages/airflow/example_dags/example_params_ui_tutorial.py
[2024-10-03T20:39:52.524+0000] {processor.py:753} INFO - DAG(s) dict_keys(['example_params_ui_tutorial']) retrieved from /usr/local/lib/python3.9/site-packages/airflow/example_dags/example_params_ui_tutorial.py
[2024-10-03T20:39:52.549+0000] {logging_mixin.py:137} INFO - [2024-10-03T20:39:52.549+0000] {dag.py:2705} INFO - Sync 1 DAGs
[2024-10-03T20:39:52.557+0000] {logging_mixin.py:137} INFO - [2024-10-03T20:39:52.557+0000] {dag.py:3452} INFO - Setting next_dagrun for example_params_ui_tutorial to None, run_after=None
[2024-10-03T20:39:52.564+0000] {processor.py:175} INFO - Processing /usr/local/lib/python3.9/site-packages/airflow/example_dags/example_params_ui_tutorial.py took 0.063 seconds
[2024-10-03T20:40:23.421+0000] {processor.py:153} INFO - Started process (PID=3691) to work on /usr/local/lib/python3.9/site-packages/airflow/example_dags/example_params_ui_tutorial.py
[2024-10-03T20:40:23.422+0000] {processor.py:743} INFO - Processing file /usr/local/lib/python3.9/site-packages/airflow/example_dags/example_params_ui_tutorial.py for tasks to queue
[2024-10-03T20:40:23.422+0000] {logging_mixin.py:137} INFO - [2024-10-03T20:40:23.422+0000] {dagbag.py:532} INFO - Filling up the DagBag from /usr/local/lib/python3.9/site-packages/airflow/example_dags/example_params_ui_tutorial.py
[2024-10-03T20:40:23.440+0000] {processor.py:753} INFO - DAG(s) dict_keys(['example_params_ui_tutorial']) retrieved from /usr/local/lib/python3.9/site-packages/airflow/example_dags/example_params_ui_tutorial.py
[2024-10-03T20:40:23.464+0000] {logging_mixin.py:137} INFO - [2024-10-03T20:40:23.464+0000] {dag.py:2705} INFO - Sync 1 DAGs
[2024-10-03T20:40:23.474+0000] {logging_mixin.py:137} INFO - [2024-10-03T20:40:23.474+0000] {dag.py:3452} INFO - Setting next_dagrun for example_params_ui_tutorial to None, run_after=None
[2024-10-03T20:40:23.486+0000] {processor.py:175} INFO - Processing /usr/local/lib/python3.9/site-packages/airflow/example_dags/example_params_ui_tutorial.py took 0.067 seconds
[2024-10-03T20:40:54.267+0000] {processor.py:153} INFO - Started process (PID=3902) to work on /usr/local/lib/python3.9/site-packages/airflow/example_dags/example_params_ui_tutorial.py
[2024-10-03T20:40:54.268+0000] {processor.py:743} INFO - Processing file /usr/local/lib/python3.9/site-packages/airflow/example_dags/example_params_ui_tutorial.py for tasks to queue
[2024-10-03T20:40:54.269+0000] {logging_mixin.py:137} INFO - [2024-10-03T20:40:54.269+0000] {dagbag.py:532} INFO - Filling up the DagBag from /usr/local/lib/python3.9/site-packages/airflow/example_dags/example_params_ui_tutorial.py
[2024-10-03T20:40:54.288+0000] {processor.py:753} INFO - DAG(s) dict_keys(['example_params_ui_tutorial']) retrieved from /usr/local/lib/python3.9/site-packages/airflow/example_dags/example_params_ui_tutorial.py
[2024-10-03T20:40:54.309+0000] {logging_mixin.py:137} INFO - [2024-10-03T20:40:54.309+0000] {dag.py:2705} INFO - Sync 1 DAGs
[2024-10-03T20:40:54.325+0000] {logging_mixin.py:137} INFO - [2024-10-03T20:40:54.325+0000] {dag.py:3452} INFO - Setting next_dagrun for example_params_ui_tutorial to None, run_after=None
[2024-10-03T20:40:54.333+0000] {processor.py:175} INFO - Processing /usr/local/lib/python3.9/site-packages/airflow/example_dags/example_params_ui_tutorial.py took 0.067 seconds
[2024-10-03T20:41:24.933+0000] {processor.py:153} INFO - Started process (PID=4111) to work on /usr/local/lib/python3.9/site-packages/airflow/example_dags/example_params_ui_tutorial.py
[2024-10-03T20:41:24.934+0000] {processor.py:743} INFO - Processing file /usr/local/lib/python3.9/site-packages/airflow/example_dags/example_params_ui_tutorial.py for tasks to queue
[2024-10-03T20:41:24.935+0000] {logging_mixin.py:137} INFO - [2024-10-03T20:41:24.935+0000] {dagbag.py:532} INFO - Filling up the DagBag from /usr/local/lib/python3.9/site-packages/airflow/example_dags/example_params_ui_tutorial.py
[2024-10-03T20:41:24.953+0000] {processor.py:753} INFO - DAG(s) dict_keys(['example_params_ui_tutorial']) retrieved from /usr/local/lib/python3.9/site-packages/airflow/example_dags/example_params_ui_tutorial.py
[2024-10-03T20:41:24.976+0000] {logging_mixin.py:137} INFO - [2024-10-03T20:41:24.976+0000] {dag.py:2705} INFO - Sync 1 DAGs
[2024-10-03T20:41:24.986+0000] {logging_mixin.py:137} INFO - [2024-10-03T20:41:24.986+0000] {dag.py:3452} INFO - Setting next_dagrun for example_params_ui_tutorial to None, run_after=None
[2024-10-03T20:41:24.992+0000] {processor.py:175} INFO - Processing /usr/local/lib/python3.9/site-packages/airflow/example_dags/example_params_ui_tutorial.py took 0.062 seconds
[2024-10-03T20:41:55.561+0000] {processor.py:153} INFO - Started process (PID=4322) to work on /usr/local/lib/python3.9/site-packages/airflow/example_dags/example_params_ui_tutorial.py
[2024-10-03T20:41:55.562+0000] {processor.py:743} INFO - Processing file /usr/local/lib/python3.9/site-packages/airflow/example_dags/example_params_ui_tutorial.py for tasks to queue
[2024-10-03T20:41:55.564+0000] {logging_mixin.py:137} INFO - [2024-10-03T20:41:55.564+0000] {dagbag.py:532} INFO - Filling up the DagBag from /usr/local/lib/python3.9/site-packages/airflow/example_dags/example_params_ui_tutorial.py
[2024-10-03T20:41:55.581+0000] {processor.py:753} INFO - DAG(s) dict_keys(['example_params_ui_tutorial']) retrieved from /usr/local/lib/python3.9/site-packages/airflow/example_dags/example_params_ui_tutorial.py
[2024-10-03T20:41:55.603+0000] {logging_mixin.py:137} INFO - [2024-10-03T20:41:55.603+0000] {dag.py:2705} INFO - Sync 1 DAGs
[2024-10-03T20:41:55.612+0000] {logging_mixin.py:137} INFO - [2024-10-03T20:41:55.612+0000] {dag.py:3452} INFO - Setting next_dagrun for example_params_ui_tutorial to None, run_after=None
[2024-10-03T20:41:55.618+0000] {processor.py:175} INFO - Processing /usr/local/lib/python3.9/site-packages/airflow/example_dags/example_params_ui_tutorial.py took 0.059 seconds
[2024-10-03T20:42:26.264+0000] {processor.py:153} INFO - Started process (PID=4535) to work on /usr/local/lib/python3.9/site-packages/airflow/example_dags/example_params_ui_tutorial.py
[2024-10-03T20:42:26.264+0000] {processor.py:743} INFO - Processing file /usr/local/lib/python3.9/site-packages/airflow/example_dags/example_params_ui_tutorial.py for tasks to queue
[2024-10-03T20:42:26.264+0000] {logging_mixin.py:137} INFO - [2024-10-03T20:42:26.264+0000] {dagbag.py:532} INFO - Filling up the DagBag from /usr/local/lib/python3.9/site-packages/airflow/example_dags/example_params_ui_tutorial.py
[2024-10-03T20:42:26.282+0000] {processor.py:753} INFO - DAG(s) dict_keys(['example_params_ui_tutorial']) retrieved from /usr/local/lib/python3.9/site-packages/airflow/example_dags/example_params_ui_tutorial.py
[2024-10-03T20:42:26.301+0000] {logging_mixin.py:137} INFO - [2024-10-03T20:42:26.301+0000] {dag.py:2705} INFO - Sync 1 DAGs
[2024-10-03T20:42:26.311+0000] {logging_mixin.py:137} INFO - [2024-10-03T20:42:26.311+0000] {dag.py:3452} INFO - Setting next_dagrun for example_params_ui_tutorial to None, run_after=None
[2024-10-03T20:42:26.319+0000] {processor.py:175} INFO - Processing /usr/local/lib/python3.9/site-packages/airflow/example_dags/example_params_ui_tutorial.py took 0.057 seconds
[2024-10-03T20:42:56.875+0000] {processor.py:153} INFO - Started process (PID=4746) to work on /usr/local/lib/python3.9/site-packages/airflow/example_dags/example_params_ui_tutorial.py
[2024-10-03T20:42:56.875+0000] {processor.py:743} INFO - Processing file /usr/local/lib/python3.9/site-packages/airflow/example_dags/example_params_ui_tutorial.py for tasks to queue
[2024-10-03T20:42:56.876+0000] {logging_mixin.py:137} INFO - [2024-10-03T20:42:56.875+0000] {dagbag.py:532} INFO - Filling up the DagBag from /usr/local/lib/python3.9/site-packages/airflow/example_dags/example_params_ui_tutorial.py
[2024-10-03T20:42:56.892+0000] {processor.py:753} INFO - DAG(s) dict_keys(['example_params_ui_tutorial']) retrieved from /usr/local/lib/python3.9/site-packages/airflow/example_dags/example_params_ui_tutorial.py
[2024-10-03T20:42:56.911+0000] {logging_mixin.py:137} INFO - [2024-10-03T20:42:56.911+0000] {dag.py:2705} INFO - Sync 1 DAGs
[2024-10-03T20:42:56.920+0000] {logging_mixin.py:137} INFO - [2024-10-03T20:42:56.920+0000] {dag.py:3452} INFO - Setting next_dagrun for example_params_ui_tutorial to None, run_after=None
[2024-10-03T20:42:56.928+0000] {processor.py:175} INFO - Processing /usr/local/lib/python3.9/site-packages/airflow/example_dags/example_params_ui_tutorial.py took 0.055 seconds
[2024-10-03T20:43:27.520+0000] {processor.py:153} INFO - Started process (PID=4957) to work on /usr/local/lib/python3.9/site-packages/airflow/example_dags/example_params_ui_tutorial.py
[2024-10-03T20:43:27.521+0000] {processor.py:743} INFO - Processing file /usr/local/lib/python3.9/site-packages/airflow/example_dags/example_params_ui_tutorial.py for tasks to queue
[2024-10-03T20:43:27.522+0000] {logging_mixin.py:137} INFO - [2024-10-03T20:43:27.522+0000] {dagbag.py:532} INFO - Filling up the DagBag from /usr/local/lib/python3.9/site-packages/airflow/example_dags/example_params_ui_tutorial.py
[2024-10-03T20:43:27.540+0000] {processor.py:753} INFO - DAG(s) dict_keys(['example_params_ui_tutorial']) retrieved from /usr/local/lib/python3.9/site-packages/airflow/example_dags/example_params_ui_tutorial.py
[2024-10-03T20:43:27.558+0000] {logging_mixin.py:137} INFO - [2024-10-03T20:43:27.558+0000] {dag.py:2705} INFO - Sync 1 DAGs
[2024-10-03T20:43:27.567+0000] {logging_mixin.py:137} INFO - [2024-10-03T20:43:27.567+0000] {dag.py:3452} INFO - Setting next_dagrun for example_params_ui_tutorial to None, run_after=None
[2024-10-03T20:43:27.575+0000] {processor.py:175} INFO - Processing /usr/local/lib/python3.9/site-packages/airflow/example_dags/example_params_ui_tutorial.py took 0.056 seconds
[2024-10-03T20:43:58.076+0000] {processor.py:153} INFO - Started process (PID=5166) to work on /usr/local/lib/python3.9/site-packages/airflow/example_dags/example_params_ui_tutorial.py
[2024-10-03T20:43:58.077+0000] {processor.py:743} INFO - Processing file /usr/local/lib/python3.9/site-packages/airflow/example_dags/example_params_ui_tutorial.py for tasks to queue
[2024-10-03T20:43:58.078+0000] {logging_mixin.py:137} INFO - [2024-10-03T20:43:58.078+0000] {dagbag.py:532} INFO - Filling up the DagBag from /usr/local/lib/python3.9/site-packages/airflow/example_dags/example_params_ui_tutorial.py
[2024-10-03T20:43:58.096+0000] {processor.py:753} INFO - DAG(s) dict_keys(['example_params_ui_tutorial']) retrieved from /usr/local/lib/python3.9/site-packages/airflow/example_dags/example_params_ui_tutorial.py
[2024-10-03T20:43:58.115+0000] {logging_mixin.py:137} INFO - [2024-10-03T20:43:58.115+0000] {dag.py:2705} INFO - Sync 1 DAGs
[2024-10-03T20:43:58.123+0000] {logging_mixin.py:137} INFO - [2024-10-03T20:43:58.123+0000] {dag.py:3452} INFO - Setting next_dagrun for example_params_ui_tutorial to None, run_after=None
[2024-10-03T20:43:58.133+0000] {processor.py:175} INFO - Processing /usr/local/lib/python3.9/site-packages/airflow/example_dags/example_params_ui_tutorial.py took 0.058 seconds
[2024-10-03T20:44:28.881+0000] {processor.py:153} INFO - Started process (PID=5379) to work on /usr/local/lib/python3.9/site-packages/airflow/example_dags/example_params_ui_tutorial.py
[2024-10-03T20:44:28.882+0000] {processor.py:743} INFO - Processing file /usr/local/lib/python3.9/site-packages/airflow/example_dags/example_params_ui_tutorial.py for tasks to queue
[2024-10-03T20:44:28.882+0000] {logging_mixin.py:137} INFO - [2024-10-03T20:44:28.882+0000] {dagbag.py:532} INFO - Filling up the DagBag from /usr/local/lib/python3.9/site-packages/airflow/example_dags/example_params_ui_tutorial.py
[2024-10-03T20:44:28.900+0000] {processor.py:753} INFO - DAG(s) dict_keys(['example_params_ui_tutorial']) retrieved from /usr/local/lib/python3.9/site-packages/airflow/example_dags/example_params_ui_tutorial.py
[2024-10-03T20:44:28.916+0000] {logging_mixin.py:137} INFO - [2024-10-03T20:44:28.916+0000] {dag.py:2705} INFO - Sync 1 DAGs
[2024-10-03T20:44:28.926+0000] {logging_mixin.py:137} INFO - [2024-10-03T20:44:28.926+0000] {dag.py:3452} INFO - Setting next_dagrun for example_params_ui_tutorial to None, run_after=None
[2024-10-03T20:44:28.935+0000] {processor.py:175} INFO - Processing /usr/local/lib/python3.9/site-packages/airflow/example_dags/example_params_ui_tutorial.py took 0.055 seconds
[2024-10-03T20:44:59.546+0000] {processor.py:153} INFO - Started process (PID=5590) to work on /usr/local/lib/python3.9/site-packages/airflow/example_dags/example_params_ui_tutorial.py
[2024-10-03T20:44:59.546+0000] {processor.py:743} INFO - Processing file /usr/local/lib/python3.9/site-packages/airflow/example_dags/example_params_ui_tutorial.py for tasks to queue
[2024-10-03T20:44:59.547+0000] {logging_mixin.py:137} INFO - [2024-10-03T20:44:59.547+0000] {dagbag.py:532} INFO - Filling up the DagBag from /usr/local/lib/python3.9/site-packages/airflow/example_dags/example_params_ui_tutorial.py
[2024-10-03T20:44:59.564+0000] {processor.py:753} INFO - DAG(s) dict_keys(['example_params_ui_tutorial']) retrieved from /usr/local/lib/python3.9/site-packages/airflow/example_dags/example_params_ui_tutorial.py
[2024-10-03T20:44:59.582+0000] {logging_mixin.py:137} INFO - [2024-10-03T20:44:59.582+0000] {dag.py:2705} INFO - Sync 1 DAGs
[2024-10-03T20:44:59.591+0000] {logging_mixin.py:137} INFO - [2024-10-03T20:44:59.591+0000] {dag.py:3452} INFO - Setting next_dagrun for example_params_ui_tutorial to None, run_after=None
[2024-10-03T20:44:59.599+0000] {processor.py:175} INFO - Processing /usr/local/lib/python3.9/site-packages/airflow/example_dags/example_params_ui_tutorial.py took 0.055 seconds
[2024-10-03T20:45:30.085+0000] {processor.py:153} INFO - Started process (PID=5799) to work on /usr/local/lib/python3.9/site-packages/airflow/example_dags/example_params_ui_tutorial.py
[2024-10-03T20:45:30.087+0000] {processor.py:743} INFO - Processing file /usr/local/lib/python3.9/site-packages/airflow/example_dags/example_params_ui_tutorial.py for tasks to queue
[2024-10-03T20:45:30.088+0000] {logging_mixin.py:137} INFO - [2024-10-03T20:45:30.088+0000] {dagbag.py:532} INFO - Filling up the DagBag from /usr/local/lib/python3.9/site-packages/airflow/example_dags/example_params_ui_tutorial.py
[2024-10-03T20:45:30.106+0000] {processor.py:753} INFO - DAG(s) dict_keys(['example_params_ui_tutorial']) retrieved from /usr/local/lib/python3.9/site-packages/airflow/example_dags/example_params_ui_tutorial.py
[2024-10-03T20:45:30.125+0000] {logging_mixin.py:137} INFO - [2024-10-03T20:45:30.125+0000] {dag.py:2705} INFO - Sync 1 DAGs
[2024-10-03T20:45:30.134+0000] {logging_mixin.py:137} INFO - [2024-10-03T20:45:30.134+0000] {dag.py:3452} INFO - Setting next_dagrun for example_params_ui_tutorial to None, run_after=None
[2024-10-03T20:45:30.140+0000] {processor.py:175} INFO - Processing /usr/local/lib/python3.9/site-packages/airflow/example_dags/example_params_ui_tutorial.py took 0.056 seconds
[2024-10-03T20:46:00.931+0000] {processor.py:153} INFO - Started process (PID=6012) to work on /usr/local/lib/python3.9/site-packages/airflow/example_dags/example_params_ui_tutorial.py
[2024-10-03T20:46:00.931+0000] {processor.py:743} INFO - Processing file /usr/local/lib/python3.9/site-packages/airflow/example_dags/example_params_ui_tutorial.py for tasks to queue
[2024-10-03T20:46:00.932+0000] {logging_mixin.py:137} INFO - [2024-10-03T20:46:00.932+0000] {dagbag.py:532} INFO - Filling up the DagBag from /usr/local/lib/python3.9/site-packages/airflow/example_dags/example_params_ui_tutorial.py
[2024-10-03T20:46:00.950+0000] {processor.py:753} INFO - DAG(s) dict_keys(['example_params_ui_tutorial']) retrieved from /usr/local/lib/python3.9/site-packages/airflow/example_dags/example_params_ui_tutorial.py
[2024-10-03T20:46:00.971+0000] {logging_mixin.py:137} INFO - [2024-10-03T20:46:00.971+0000] {dag.py:2705} INFO - Sync 1 DAGs
[2024-10-03T20:46:00.982+0000] {logging_mixin.py:137} INFO - [2024-10-03T20:46:00.982+0000] {dag.py:3452} INFO - Setting next_dagrun for example_params_ui_tutorial to None, run_after=None
[2024-10-03T20:46:00.990+0000] {processor.py:175} INFO - Processing /usr/local/lib/python3.9/site-packages/airflow/example_dags/example_params_ui_tutorial.py took 0.061 seconds
[2024-10-03T20:46:31.604+0000] {processor.py:153} INFO - Started process (PID=6221) to work on /usr/local/lib/python3.9/site-packages/airflow/example_dags/example_params_ui_tutorial.py
[2024-10-03T20:46:31.605+0000] {processor.py:743} INFO - Processing file /usr/local/lib/python3.9/site-packages/airflow/example_dags/example_params_ui_tutorial.py for tasks to queue
[2024-10-03T20:46:31.605+0000] {logging_mixin.py:137} INFO - [2024-10-03T20:46:31.605+0000] {dagbag.py:532} INFO - Filling up the DagBag from /usr/local/lib/python3.9/site-packages/airflow/example_dags/example_params_ui_tutorial.py
[2024-10-03T20:46:31.624+0000] {processor.py:753} INFO - DAG(s) dict_keys(['example_params_ui_tutorial']) retrieved from /usr/local/lib/python3.9/site-packages/airflow/example_dags/example_params_ui_tutorial.py
[2024-10-03T20:46:31.644+0000] {logging_mixin.py:137} INFO - [2024-10-03T20:46:31.644+0000] {dag.py:2705} INFO - Sync 1 DAGs
[2024-10-03T20:46:31.654+0000] {logging_mixin.py:137} INFO - [2024-10-03T20:46:31.654+0000] {dag.py:3452} INFO - Setting next_dagrun for example_params_ui_tutorial to None, run_after=None
[2024-10-03T20:46:31.662+0000] {processor.py:175} INFO - Processing /usr/local/lib/python3.9/site-packages/airflow/example_dags/example_params_ui_tutorial.py took 0.060 seconds
[2024-10-03T20:47:02.197+0000] {processor.py:153} INFO - Started process (PID=6432) to work on /usr/local/lib/python3.9/site-packages/airflow/example_dags/example_params_ui_tutorial.py
[2024-10-03T20:47:02.198+0000] {processor.py:743} INFO - Processing file /usr/local/lib/python3.9/site-packages/airflow/example_dags/example_params_ui_tutorial.py for tasks to queue
[2024-10-03T20:47:02.199+0000] {logging_mixin.py:137} INFO - [2024-10-03T20:47:02.199+0000] {dagbag.py:532} INFO - Filling up the DagBag from /usr/local/lib/python3.9/site-packages/airflow/example_dags/example_params_ui_tutorial.py
[2024-10-03T20:47:02.222+0000] {processor.py:753} INFO - DAG(s) dict_keys(['example_params_ui_tutorial']) retrieved from /usr/local/lib/python3.9/site-packages/airflow/example_dags/example_params_ui_tutorial.py
[2024-10-03T20:47:02.242+0000] {logging_mixin.py:137} INFO - [2024-10-03T20:47:02.242+0000] {dag.py:2705} INFO - Sync 1 DAGs
[2024-10-03T20:47:02.251+0000] {logging_mixin.py:137} INFO - [2024-10-03T20:47:02.251+0000] {dag.py:3452} INFO - Setting next_dagrun for example_params_ui_tutorial to None, run_after=None
[2024-10-03T20:47:02.261+0000] {processor.py:175} INFO - Processing /usr/local/lib/python3.9/site-packages/airflow/example_dags/example_params_ui_tutorial.py took 0.066 seconds
[2024-10-03T20:47:32.798+0000] {processor.py:153} INFO - Started process (PID=6645) to work on /usr/local/lib/python3.9/site-packages/airflow/example_dags/example_params_ui_tutorial.py
[2024-10-03T20:47:32.798+0000] {processor.py:743} INFO - Processing file /usr/local/lib/python3.9/site-packages/airflow/example_dags/example_params_ui_tutorial.py for tasks to queue
[2024-10-03T20:47:32.799+0000] {logging_mixin.py:137} INFO - [2024-10-03T20:47:32.799+0000] {dagbag.py:532} INFO - Filling up the DagBag from /usr/local/lib/python3.9/site-packages/airflow/example_dags/example_params_ui_tutorial.py
[2024-10-03T20:47:32.816+0000] {processor.py:753} INFO - DAG(s) dict_keys(['example_params_ui_tutorial']) retrieved from /usr/local/lib/python3.9/site-packages/airflow/example_dags/example_params_ui_tutorial.py
[2024-10-03T20:47:32.835+0000] {logging_mixin.py:137} INFO - [2024-10-03T20:47:32.835+0000] {dag.py:2705} INFO - Sync 1 DAGs
[2024-10-03T20:47:32.846+0000] {logging_mixin.py:137} INFO - [2024-10-03T20:47:32.845+0000] {dag.py:3452} INFO - Setting next_dagrun for example_params_ui_tutorial to None, run_after=None
[2024-10-03T20:47:32.855+0000] {processor.py:175} INFO - Processing /usr/local/lib/python3.9/site-packages/airflow/example_dags/example_params_ui_tutorial.py took 0.059 seconds
[2024-10-03T20:48:03.455+0000] {processor.py:153} INFO - Started process (PID=6854) to work on /usr/local/lib/python3.9/site-packages/airflow/example_dags/example_params_ui_tutorial.py
[2024-10-03T20:48:03.456+0000] {processor.py:743} INFO - Processing file /usr/local/lib/python3.9/site-packages/airflow/example_dags/example_params_ui_tutorial.py for tasks to queue
[2024-10-03T20:48:03.457+0000] {logging_mixin.py:137} INFO - [2024-10-03T20:48:03.457+0000] {dagbag.py:532} INFO - Filling up the DagBag from /usr/local/lib/python3.9/site-packages/airflow/example_dags/example_params_ui_tutorial.py
[2024-10-03T20:48:03.476+0000] {processor.py:753} INFO - DAG(s) dict_keys(['example_params_ui_tutorial']) retrieved from /usr/local/lib/python3.9/site-packages/airflow/example_dags/example_params_ui_tutorial.py
[2024-10-03T20:48:03.498+0000] {logging_mixin.py:137} INFO - [2024-10-03T20:48:03.498+0000] {dag.py:2705} INFO - Sync 1 DAGs
[2024-10-03T20:48:03.508+0000] {logging_mixin.py:137} INFO - [2024-10-03T20:48:03.508+0000] {dag.py:3452} INFO - Setting next_dagrun for example_params_ui_tutorial to None, run_after=None
[2024-10-03T20:48:03.515+0000] {processor.py:175} INFO - Processing /usr/local/lib/python3.9/site-packages/airflow/example_dags/example_params_ui_tutorial.py took 0.061 seconds
[2024-10-03T20:48:34.140+0000] {processor.py:153} INFO - Started process (PID=7067) to work on /usr/local/lib/python3.9/site-packages/airflow/example_dags/example_params_ui_tutorial.py
[2024-10-03T20:48:34.140+0000] {processor.py:743} INFO - Processing file /usr/local/lib/python3.9/site-packages/airflow/example_dags/example_params_ui_tutorial.py for tasks to queue
[2024-10-03T20:48:34.141+0000] {logging_mixin.py:137} INFO - [2024-10-03T20:48:34.141+0000] {dagbag.py:532} INFO - Filling up the DagBag from /usr/local/lib/python3.9/site-packages/airflow/example_dags/example_params_ui_tutorial.py
[2024-10-03T20:48:34.158+0000] {processor.py:753} INFO - DAG(s) dict_keys(['example_params_ui_tutorial']) retrieved from /usr/local/lib/python3.9/site-packages/airflow/example_dags/example_params_ui_tutorial.py
[2024-10-03T20:48:34.178+0000] {logging_mixin.py:137} INFO - [2024-10-03T20:48:34.178+0000] {dag.py:2705} INFO - Sync 1 DAGs
[2024-10-03T20:48:34.188+0000] {logging_mixin.py:137} INFO - [2024-10-03T20:48:34.187+0000] {dag.py:3452} INFO - Setting next_dagrun for example_params_ui_tutorial to None, run_after=None
[2024-10-03T20:48:34.197+0000] {processor.py:175} INFO - Processing /usr/local/lib/python3.9/site-packages/airflow/example_dags/example_params_ui_tutorial.py took 0.059 seconds
[2024-10-03T20:49:04.993+0000] {processor.py:153} INFO - Started process (PID=7278) to work on /usr/local/lib/python3.9/site-packages/airflow/example_dags/example_params_ui_tutorial.py
[2024-10-03T20:49:04.994+0000] {processor.py:743} INFO - Processing file /usr/local/lib/python3.9/site-packages/airflow/example_dags/example_params_ui_tutorial.py for tasks to queue
[2024-10-03T20:49:04.995+0000] {logging_mixin.py:137} INFO - [2024-10-03T20:49:04.995+0000] {dagbag.py:532} INFO - Filling up the DagBag from /usr/local/lib/python3.9/site-packages/airflow/example_dags/example_params_ui_tutorial.py
[2024-10-03T20:49:05.018+0000] {processor.py:753} INFO - DAG(s) dict_keys(['example_params_ui_tutorial']) retrieved from /usr/local/lib/python3.9/site-packages/airflow/example_dags/example_params_ui_tutorial.py
[2024-10-03T20:49:05.035+0000] {logging_mixin.py:137} INFO - [2024-10-03T20:49:05.035+0000] {dag.py:2705} INFO - Sync 1 DAGs
[2024-10-03T20:49:05.045+0000] {logging_mixin.py:137} INFO - [2024-10-03T20:49:05.045+0000] {dag.py:3452} INFO - Setting next_dagrun for example_params_ui_tutorial to None, run_after=None
[2024-10-03T20:49:05.055+0000] {processor.py:175} INFO - Processing /usr/local/lib/python3.9/site-packages/airflow/example_dags/example_params_ui_tutorial.py took 0.063 seconds
[2024-10-03T20:49:35.771+0000] {processor.py:153} INFO - Started process (PID=7489) to work on /usr/local/lib/python3.9/site-packages/airflow/example_dags/example_params_ui_tutorial.py
[2024-10-03T20:49:35.772+0000] {processor.py:743} INFO - Processing file /usr/local/lib/python3.9/site-packages/airflow/example_dags/example_params_ui_tutorial.py for tasks to queue
[2024-10-03T20:49:35.772+0000] {logging_mixin.py:137} INFO - [2024-10-03T20:49:35.772+0000] {dagbag.py:532} INFO - Filling up the DagBag from /usr/local/lib/python3.9/site-packages/airflow/example_dags/example_params_ui_tutorial.py
[2024-10-03T20:49:35.790+0000] {processor.py:753} INFO - DAG(s) dict_keys(['example_params_ui_tutorial']) retrieved from /usr/local/lib/python3.9/site-packages/airflow/example_dags/example_params_ui_tutorial.py
[2024-10-03T20:49:35.809+0000] {logging_mixin.py:137} INFO - [2024-10-03T20:49:35.809+0000] {dag.py:2705} INFO - Sync 1 DAGs
[2024-10-03T20:49:35.820+0000] {logging_mixin.py:137} INFO - [2024-10-03T20:49:35.820+0000] {dag.py:3452} INFO - Setting next_dagrun for example_params_ui_tutorial to None, run_after=None
[2024-10-03T20:49:35.829+0000] {processor.py:175} INFO - Processing /usr/local/lib/python3.9/site-packages/airflow/example_dags/example_params_ui_tutorial.py took 0.059 seconds
[2024-10-03T20:50:06.470+0000] {processor.py:153} INFO - Started process (PID=7698) to work on /usr/local/lib/python3.9/site-packages/airflow/example_dags/example_params_ui_tutorial.py
[2024-10-03T20:50:06.472+0000] {processor.py:743} INFO - Processing file /usr/local/lib/python3.9/site-packages/airflow/example_dags/example_params_ui_tutorial.py for tasks to queue
[2024-10-03T20:50:06.473+0000] {logging_mixin.py:137} INFO - [2024-10-03T20:50:06.472+0000] {dagbag.py:532} INFO - Filling up the DagBag from /usr/local/lib/python3.9/site-packages/airflow/example_dags/example_params_ui_tutorial.py
[2024-10-03T20:50:06.491+0000] {processor.py:753} INFO - DAG(s) dict_keys(['example_params_ui_tutorial']) retrieved from /usr/local/lib/python3.9/site-packages/airflow/example_dags/example_params_ui_tutorial.py
[2024-10-03T20:50:06.511+0000] {logging_mixin.py:137} INFO - [2024-10-03T20:50:06.511+0000] {dag.py:2705} INFO - Sync 1 DAGs
[2024-10-03T20:50:06.520+0000] {logging_mixin.py:137} INFO - [2024-10-03T20:50:06.520+0000] {dag.py:3452} INFO - Setting next_dagrun for example_params_ui_tutorial to None, run_after=None
[2024-10-03T20:50:06.527+0000] {processor.py:175} INFO - Processing /usr/local/lib/python3.9/site-packages/airflow/example_dags/example_params_ui_tutorial.py took 0.058 seconds
[2024-10-03T20:50:37.290+0000] {processor.py:153} INFO - Started process (PID=7911) to work on /usr/local/lib/python3.9/site-packages/airflow/example_dags/example_params_ui_tutorial.py
[2024-10-03T20:50:37.290+0000] {processor.py:743} INFO - Processing file /usr/local/lib/python3.9/site-packages/airflow/example_dags/example_params_ui_tutorial.py for tasks to queue
[2024-10-03T20:50:37.291+0000] {logging_mixin.py:137} INFO - [2024-10-03T20:50:37.291+0000] {dagbag.py:532} INFO - Filling up the DagBag from /usr/local/lib/python3.9/site-packages/airflow/example_dags/example_params_ui_tutorial.py
[2024-10-03T20:50:37.309+0000] {processor.py:753} INFO - DAG(s) dict_keys(['example_params_ui_tutorial']) retrieved from /usr/local/lib/python3.9/site-packages/airflow/example_dags/example_params_ui_tutorial.py
[2024-10-03T20:50:37.328+0000] {logging_mixin.py:137} INFO - [2024-10-03T20:50:37.328+0000] {dag.py:2705} INFO - Sync 1 DAGs
[2024-10-03T20:50:37.338+0000] {logging_mixin.py:137} INFO - [2024-10-03T20:50:37.338+0000] {dag.py:3452} INFO - Setting next_dagrun for example_params_ui_tutorial to None, run_after=None
[2024-10-03T20:50:37.346+0000] {processor.py:175} INFO - Processing /usr/local/lib/python3.9/site-packages/airflow/example_dags/example_params_ui_tutorial.py took 0.058 seconds
[2024-10-03T20:51:08.083+0000] {processor.py:153} INFO - Started process (PID=8122) to work on /usr/local/lib/python3.9/site-packages/airflow/example_dags/example_params_ui_tutorial.py
[2024-10-03T20:51:08.083+0000] {processor.py:743} INFO - Processing file /usr/local/lib/python3.9/site-packages/airflow/example_dags/example_params_ui_tutorial.py for tasks to queue
[2024-10-03T20:51:08.084+0000] {logging_mixin.py:137} INFO - [2024-10-03T20:51:08.084+0000] {dagbag.py:532} INFO - Filling up the DagBag from /usr/local/lib/python3.9/site-packages/airflow/example_dags/example_params_ui_tutorial.py
[2024-10-03T20:51:08.102+0000] {processor.py:753} INFO - DAG(s) dict_keys(['example_params_ui_tutorial']) retrieved from /usr/local/lib/python3.9/site-packages/airflow/example_dags/example_params_ui_tutorial.py
[2024-10-03T20:51:08.123+0000] {logging_mixin.py:137} INFO - [2024-10-03T20:51:08.123+0000] {dag.py:2705} INFO - Sync 1 DAGs
[2024-10-03T20:51:08.132+0000] {logging_mixin.py:137} INFO - [2024-10-03T20:51:08.132+0000] {dag.py:3452} INFO - Setting next_dagrun for example_params_ui_tutorial to None, run_after=None
[2024-10-03T20:51:08.141+0000] {processor.py:175} INFO - Processing /usr/local/lib/python3.9/site-packages/airflow/example_dags/example_params_ui_tutorial.py took 0.060 seconds
[2024-10-03T20:51:38.988+0000] {processor.py:153} INFO - Started process (PID=8331) to work on /usr/local/lib/python3.9/site-packages/airflow/example_dags/example_params_ui_tutorial.py
[2024-10-03T20:51:38.989+0000] {processor.py:743} INFO - Processing file /usr/local/lib/python3.9/site-packages/airflow/example_dags/example_params_ui_tutorial.py for tasks to queue
[2024-10-03T20:51:38.990+0000] {logging_mixin.py:137} INFO - [2024-10-03T20:51:38.990+0000] {dagbag.py:532} INFO - Filling up the DagBag from /usr/local/lib/python3.9/site-packages/airflow/example_dags/example_params_ui_tutorial.py
[2024-10-03T20:51:39.016+0000] {processor.py:753} INFO - DAG(s) dict_keys(['example_params_ui_tutorial']) retrieved from /usr/local/lib/python3.9/site-packages/airflow/example_dags/example_params_ui_tutorial.py
[2024-10-03T20:51:39.033+0000] {logging_mixin.py:137} INFO - [2024-10-03T20:51:39.033+0000] {dag.py:2705} INFO - Sync 1 DAGs
[2024-10-03T20:51:39.045+0000] {logging_mixin.py:137} INFO - [2024-10-03T20:51:39.045+0000] {dag.py:3452} INFO - Setting next_dagrun for example_params_ui_tutorial to None, run_after=None
[2024-10-03T20:51:39.051+0000] {processor.py:175} INFO - Processing /usr/local/lib/python3.9/site-packages/airflow/example_dags/example_params_ui_tutorial.py took 0.065 seconds
[2024-10-03T20:52:09.120+0000] {processor.py:153} INFO - Started process (PID=8544) to work on /usr/local/lib/python3.9/site-packages/airflow/example_dags/example_params_ui_tutorial.py
[2024-10-03T20:52:09.120+0000] {processor.py:743} INFO - Processing file /usr/local/lib/python3.9/site-packages/airflow/example_dags/example_params_ui_tutorial.py for tasks to queue
[2024-10-03T20:52:09.121+0000] {logging_mixin.py:137} INFO - [2024-10-03T20:52:09.121+0000] {dagbag.py:532} INFO - Filling up the DagBag from /usr/local/lib/python3.9/site-packages/airflow/example_dags/example_params_ui_tutorial.py
[2024-10-03T20:52:09.138+0000] {processor.py:753} INFO - DAG(s) dict_keys(['example_params_ui_tutorial']) retrieved from /usr/local/lib/python3.9/site-packages/airflow/example_dags/example_params_ui_tutorial.py
[2024-10-03T20:52:09.153+0000] {logging_mixin.py:137} INFO - [2024-10-03T20:52:09.153+0000] {dag.py:2705} INFO - Sync 1 DAGs
[2024-10-03T20:52:09.161+0000] {logging_mixin.py:137} INFO - [2024-10-03T20:52:09.161+0000] {dag.py:3452} INFO - Setting next_dagrun for example_params_ui_tutorial to None, run_after=None
[2024-10-03T20:52:09.167+0000] {processor.py:175} INFO - Processing /usr/local/lib/python3.9/site-packages/airflow/example_dags/example_params_ui_tutorial.py took 0.048 seconds
[2024-10-03T20:52:40.106+0000] {processor.py:153} INFO - Started process (PID=8755) to work on /usr/local/lib/python3.9/site-packages/airflow/example_dags/example_params_ui_tutorial.py
[2024-10-03T20:52:40.106+0000] {processor.py:743} INFO - Processing file /usr/local/lib/python3.9/site-packages/airflow/example_dags/example_params_ui_tutorial.py for tasks to queue
[2024-10-03T20:52:40.107+0000] {logging_mixin.py:137} INFO - [2024-10-03T20:52:40.106+0000] {dagbag.py:532} INFO - Filling up the DagBag from /usr/local/lib/python3.9/site-packages/airflow/example_dags/example_params_ui_tutorial.py
[2024-10-03T20:52:40.124+0000] {processor.py:753} INFO - DAG(s) dict_keys(['example_params_ui_tutorial']) retrieved from /usr/local/lib/python3.9/site-packages/airflow/example_dags/example_params_ui_tutorial.py
[2024-10-03T20:52:40.146+0000] {logging_mixin.py:137} INFO - [2024-10-03T20:52:40.146+0000] {dag.py:2705} INFO - Sync 1 DAGs
[2024-10-03T20:52:40.155+0000] {logging_mixin.py:137} INFO - [2024-10-03T20:52:40.155+0000] {dag.py:3452} INFO - Setting next_dagrun for example_params_ui_tutorial to None, run_after=None
[2024-10-03T20:52:40.166+0000] {processor.py:175} INFO - Processing /usr/local/lib/python3.9/site-packages/airflow/example_dags/example_params_ui_tutorial.py took 0.062 seconds
