[2024-10-03T20:32:00.888+0000] {processor.py:153} INFO - Started process (PID=204) to work on /usr/local/lib/python3.9/site-packages/airflow/example_dags/tutorial_taskflow_api_virtualenv.py
[2024-10-03T20:32:00.890+0000] {processor.py:743} INFO - Processing file /usr/local/lib/python3.9/site-packages/airflow/example_dags/tutorial_taskflow_api_virtualenv.py for tasks to queue
[2024-10-03T20:32:00.892+0000] {logging_mixin.py:137} INFO - [2024-10-03T20:32:00.892+0000] {dagbag.py:532} INFO - Filling up the DagBag from /usr/local/lib/python3.9/site-packages/airflow/example_dags/tutorial_taskflow_api_virtualenv.py
[2024-10-03T20:32:00.907+0000] {logging_mixin.py:137} INFO - [2024-10-03T20:32:00.907+0000] {tutorial_taskflow_api_virtualenv.py:29} WARNING - The tutorial_taskflow_api_virtualenv example DAG requires virtualenv, please install it.
[2024-10-03T20:32:00.907+0000] {processor.py:755} WARNING - No viable dags retrieved from /usr/local/lib/python3.9/site-packages/airflow/example_dags/tutorial_taskflow_api_virtualenv.py
[2024-10-03T20:32:00.915+0000] {processor.py:175} INFO - Processing /usr/local/lib/python3.9/site-packages/airflow/example_dags/tutorial_taskflow_api_virtualenv.py took 0.029 seconds
[2024-10-03T20:32:31.416+0000] {processor.py:153} INFO - Started process (PID=420) to work on /usr/local/lib/python3.9/site-packages/airflow/example_dags/tutorial_taskflow_api_virtualenv.py
[2024-10-03T20:32:31.418+0000] {processor.py:743} INFO - Processing file /usr/local/lib/python3.9/site-packages/airflow/example_dags/tutorial_taskflow_api_virtualenv.py for tasks to queue
[2024-10-03T20:32:31.421+0000] {logging_mixin.py:137} INFO - [2024-10-03T20:32:31.420+0000] {dagbag.py:532} INFO - Filling up the DagBag from /usr/local/lib/python3.9/site-packages/airflow/example_dags/tutorial_taskflow_api_virtualenv.py
[2024-10-03T20:32:31.449+0000] {logging_mixin.py:137} INFO - [2024-10-03T20:32:31.448+0000] {tutorial_taskflow_api_virtualenv.py:29} WARNING - The tutorial_taskflow_api_virtualenv example DAG requires virtualenv, please install it.
[2024-10-03T20:32:31.451+0000] {processor.py:755} WARNING - No viable dags retrieved from /usr/local/lib/python3.9/site-packages/airflow/example_dags/tutorial_taskflow_api_virtualenv.py
[2024-10-03T20:32:31.494+0000] {processor.py:175} INFO - Processing /usr/local/lib/python3.9/site-packages/airflow/example_dags/tutorial_taskflow_api_virtualenv.py took 0.080 seconds
[2024-10-03T20:33:03.905+0000] {processor.py:153} INFO - Started process (PID=631) to work on /usr/local/lib/python3.9/site-packages/airflow/example_dags/tutorial_taskflow_api_virtualenv.py
[2024-10-03T20:33:03.938+0000] {processor.py:743} INFO - Processing file /usr/local/lib/python3.9/site-packages/airflow/example_dags/tutorial_taskflow_api_virtualenv.py for tasks to queue
[2024-10-03T20:33:03.939+0000] {logging_mixin.py:137} INFO - [2024-10-03T20:33:03.939+0000] {dagbag.py:532} INFO - Filling up the DagBag from /usr/local/lib/python3.9/site-packages/airflow/example_dags/tutorial_taskflow_api_virtualenv.py
[2024-10-03T20:33:03.949+0000] {logging_mixin.py:137} INFO - [2024-10-03T20:33:03.949+0000] {tutorial_taskflow_api_virtualenv.py:29} WARNING - The tutorial_taskflow_api_virtualenv example DAG requires virtualenv, please install it.
[2024-10-03T20:33:03.949+0000] {processor.py:755} WARNING - No viable dags retrieved from /usr/local/lib/python3.9/site-packages/airflow/example_dags/tutorial_taskflow_api_virtualenv.py
[2024-10-03T20:33:03.963+0000] {processor.py:175} INFO - Processing /usr/local/lib/python3.9/site-packages/airflow/example_dags/tutorial_taskflow_api_virtualenv.py took 0.060 seconds
[2024-10-03T20:33:34.882+0000] {processor.py:153} INFO - Started process (PID=842) to work on /usr/local/lib/python3.9/site-packages/airflow/example_dags/tutorial_taskflow_api_virtualenv.py
[2024-10-03T20:33:34.885+0000] {processor.py:743} INFO - Processing file /usr/local/lib/python3.9/site-packages/airflow/example_dags/tutorial_taskflow_api_virtualenv.py for tasks to queue
[2024-10-03T20:33:34.888+0000] {logging_mixin.py:137} INFO - [2024-10-03T20:33:34.888+0000] {dagbag.py:532} INFO - Filling up the DagBag from /usr/local/lib/python3.9/site-packages/airflow/example_dags/tutorial_taskflow_api_virtualenv.py
[2024-10-03T20:33:34.899+0000] {logging_mixin.py:137} INFO - [2024-10-03T20:33:34.899+0000] {tutorial_taskflow_api_virtualenv.py:29} WARNING - The tutorial_taskflow_api_virtualenv example DAG requires virtualenv, please install it.
[2024-10-03T20:33:34.899+0000] {processor.py:755} WARNING - No viable dags retrieved from /usr/local/lib/python3.9/site-packages/airflow/example_dags/tutorial_taskflow_api_virtualenv.py
[2024-10-03T20:33:34.909+0000] {processor.py:175} INFO - Processing /usr/local/lib/python3.9/site-packages/airflow/example_dags/tutorial_taskflow_api_virtualenv.py took 0.032 seconds
[2024-10-03T20:34:05.875+0000] {processor.py:153} INFO - Started process (PID=1052) to work on /usr/local/lib/python3.9/site-packages/airflow/example_dags/tutorial_taskflow_api_virtualenv.py
[2024-10-03T20:34:05.878+0000] {processor.py:743} INFO - Processing file /usr/local/lib/python3.9/site-packages/airflow/example_dags/tutorial_taskflow_api_virtualenv.py for tasks to queue
[2024-10-03T20:34:05.879+0000] {logging_mixin.py:137} INFO - [2024-10-03T20:34:05.879+0000] {dagbag.py:532} INFO - Filling up the DagBag from /usr/local/lib/python3.9/site-packages/airflow/example_dags/tutorial_taskflow_api_virtualenv.py
[2024-10-03T20:34:05.892+0000] {logging_mixin.py:137} INFO - [2024-10-03T20:34:05.892+0000] {tutorial_taskflow_api_virtualenv.py:29} WARNING - The tutorial_taskflow_api_virtualenv example DAG requires virtualenv, please install it.
[2024-10-03T20:34:05.892+0000] {processor.py:755} WARNING - No viable dags retrieved from /usr/local/lib/python3.9/site-packages/airflow/example_dags/tutorial_taskflow_api_virtualenv.py
[2024-10-03T20:34:05.906+0000] {processor.py:175} INFO - Processing /usr/local/lib/python3.9/site-packages/airflow/example_dags/tutorial_taskflow_api_virtualenv.py took 0.035 seconds
[2024-10-03T20:34:36.679+0000] {processor.py:153} INFO - Started process (PID=1260) to work on /usr/local/lib/python3.9/site-packages/airflow/example_dags/tutorial_taskflow_api_virtualenv.py
[2024-10-03T20:34:36.683+0000] {processor.py:743} INFO - Processing file /usr/local/lib/python3.9/site-packages/airflow/example_dags/tutorial_taskflow_api_virtualenv.py for tasks to queue
[2024-10-03T20:34:36.689+0000] {logging_mixin.py:137} INFO - [2024-10-03T20:34:36.689+0000] {dagbag.py:532} INFO - Filling up the DagBag from /usr/local/lib/python3.9/site-packages/airflow/example_dags/tutorial_taskflow_api_virtualenv.py
[2024-10-03T20:34:36.753+0000] {logging_mixin.py:137} INFO - [2024-10-03T20:34:36.752+0000] {tutorial_taskflow_api_virtualenv.py:29} WARNING - The tutorial_taskflow_api_virtualenv example DAG requires virtualenv, please install it.
[2024-10-03T20:34:36.770+0000] {processor.py:755} WARNING - No viable dags retrieved from /usr/local/lib/python3.9/site-packages/airflow/example_dags/tutorial_taskflow_api_virtualenv.py
[2024-10-03T20:34:36.802+0000] {processor.py:175} INFO - Processing /usr/local/lib/python3.9/site-packages/airflow/example_dags/tutorial_taskflow_api_virtualenv.py took 0.127 seconds
[2024-10-03T20:35:07.779+0000] {processor.py:153} INFO - Started process (PID=1471) to work on /usr/local/lib/python3.9/site-packages/airflow/example_dags/tutorial_taskflow_api_virtualenv.py
[2024-10-03T20:35:07.817+0000] {processor.py:743} INFO - Processing file /usr/local/lib/python3.9/site-packages/airflow/example_dags/tutorial_taskflow_api_virtualenv.py for tasks to queue
[2024-10-03T20:35:07.831+0000] {logging_mixin.py:137} INFO - [2024-10-03T20:35:07.830+0000] {dagbag.py:532} INFO - Filling up the DagBag from /usr/local/lib/python3.9/site-packages/airflow/example_dags/tutorial_taskflow_api_virtualenv.py
[2024-10-03T20:35:07.998+0000] {logging_mixin.py:137} INFO - [2024-10-03T20:35:07.991+0000] {tutorial_taskflow_api_virtualenv.py:29} WARNING - The tutorial_taskflow_api_virtualenv example DAG requires virtualenv, please install it.
[2024-10-03T20:35:08.002+0000] {processor.py:755} WARNING - No viable dags retrieved from /usr/local/lib/python3.9/site-packages/airflow/example_dags/tutorial_taskflow_api_virtualenv.py
[2024-10-03T20:35:08.761+0000] {processor.py:175} INFO - Processing /usr/local/lib/python3.9/site-packages/airflow/example_dags/tutorial_taskflow_api_virtualenv.py took 0.985 seconds
[2024-10-03T20:35:39.053+0000] {processor.py:153} INFO - Started process (PID=1682) to work on /usr/local/lib/python3.9/site-packages/airflow/example_dags/tutorial_taskflow_api_virtualenv.py
[2024-10-03T20:35:39.056+0000] {processor.py:743} INFO - Processing file /usr/local/lib/python3.9/site-packages/airflow/example_dags/tutorial_taskflow_api_virtualenv.py for tasks to queue
[2024-10-03T20:35:39.056+0000] {logging_mixin.py:137} INFO - [2024-10-03T20:35:39.056+0000] {dagbag.py:532} INFO - Filling up the DagBag from /usr/local/lib/python3.9/site-packages/airflow/example_dags/tutorial_taskflow_api_virtualenv.py
[2024-10-03T20:35:39.075+0000] {logging_mixin.py:137} INFO - [2024-10-03T20:35:39.075+0000] {tutorial_taskflow_api_virtualenv.py:29} WARNING - The tutorial_taskflow_api_virtualenv example DAG requires virtualenv, please install it.
[2024-10-03T20:35:39.075+0000] {processor.py:755} WARNING - No viable dags retrieved from /usr/local/lib/python3.9/site-packages/airflow/example_dags/tutorial_taskflow_api_virtualenv.py
[2024-10-03T20:35:39.090+0000] {processor.py:175} INFO - Processing /usr/local/lib/python3.9/site-packages/airflow/example_dags/tutorial_taskflow_api_virtualenv.py took 0.040 seconds
[2024-10-03T20:36:09.845+0000] {processor.py:153} INFO - Started process (PID=1893) to work on /usr/local/lib/python3.9/site-packages/airflow/example_dags/tutorial_taskflow_api_virtualenv.py
[2024-10-03T20:36:09.848+0000] {processor.py:743} INFO - Processing file /usr/local/lib/python3.9/site-packages/airflow/example_dags/tutorial_taskflow_api_virtualenv.py for tasks to queue
[2024-10-03T20:36:09.848+0000] {logging_mixin.py:137} INFO - [2024-10-03T20:36:09.848+0000] {dagbag.py:532} INFO - Filling up the DagBag from /usr/local/lib/python3.9/site-packages/airflow/example_dags/tutorial_taskflow_api_virtualenv.py
[2024-10-03T20:36:09.865+0000] {logging_mixin.py:137} INFO - [2024-10-03T20:36:09.865+0000] {tutorial_taskflow_api_virtualenv.py:29} WARNING - The tutorial_taskflow_api_virtualenv example DAG requires virtualenv, please install it.
[2024-10-03T20:36:09.866+0000] {processor.py:755} WARNING - No viable dags retrieved from /usr/local/lib/python3.9/site-packages/airflow/example_dags/tutorial_taskflow_api_virtualenv.py
[2024-10-03T20:36:09.875+0000] {processor.py:175} INFO - Processing /usr/local/lib/python3.9/site-packages/airflow/example_dags/tutorial_taskflow_api_virtualenv.py took 0.032 seconds
[2024-10-03T20:36:40.388+0000] {processor.py:153} INFO - Started process (PID=2104) to work on /usr/local/lib/python3.9/site-packages/airflow/example_dags/tutorial_taskflow_api_virtualenv.py
[2024-10-03T20:36:40.390+0000] {processor.py:743} INFO - Processing file /usr/local/lib/python3.9/site-packages/airflow/example_dags/tutorial_taskflow_api_virtualenv.py for tasks to queue
[2024-10-03T20:36:40.396+0000] {logging_mixin.py:137} INFO - [2024-10-03T20:36:40.396+0000] {dagbag.py:532} INFO - Filling up the DagBag from /usr/local/lib/python3.9/site-packages/airflow/example_dags/tutorial_taskflow_api_virtualenv.py
[2024-10-03T20:36:40.466+0000] {logging_mixin.py:137} INFO - [2024-10-03T20:36:40.466+0000] {tutorial_taskflow_api_virtualenv.py:29} WARNING - The tutorial_taskflow_api_virtualenv example DAG requires virtualenv, please install it.
[2024-10-03T20:36:40.466+0000] {processor.py:755} WARNING - No viable dags retrieved from /usr/local/lib/python3.9/site-packages/airflow/example_dags/tutorial_taskflow_api_virtualenv.py
[2024-10-03T20:36:40.475+0000] {processor.py:175} INFO - Processing /usr/local/lib/python3.9/site-packages/airflow/example_dags/tutorial_taskflow_api_virtualenv.py took 0.089 seconds
[2024-10-03T20:37:11.302+0000] {processor.py:153} INFO - Started process (PID=2315) to work on /usr/local/lib/python3.9/site-packages/airflow/example_dags/tutorial_taskflow_api_virtualenv.py
[2024-10-03T20:37:11.305+0000] {processor.py:743} INFO - Processing file /usr/local/lib/python3.9/site-packages/airflow/example_dags/tutorial_taskflow_api_virtualenv.py for tasks to queue
[2024-10-03T20:37:11.306+0000] {logging_mixin.py:137} INFO - [2024-10-03T20:37:11.306+0000] {dagbag.py:532} INFO - Filling up the DagBag from /usr/local/lib/python3.9/site-packages/airflow/example_dags/tutorial_taskflow_api_virtualenv.py
[2024-10-03T20:37:11.406+0000] {logging_mixin.py:137} INFO - [2024-10-03T20:37:11.406+0000] {tutorial_taskflow_api_virtualenv.py:29} WARNING - The tutorial_taskflow_api_virtualenv example DAG requires virtualenv, please install it.
[2024-10-03T20:37:11.406+0000] {processor.py:755} WARNING - No viable dags retrieved from /usr/local/lib/python3.9/site-packages/airflow/example_dags/tutorial_taskflow_api_virtualenv.py
[2024-10-03T20:37:11.412+0000] {processor.py:175} INFO - Processing /usr/local/lib/python3.9/site-packages/airflow/example_dags/tutorial_taskflow_api_virtualenv.py took 0.115 seconds
[2024-10-03T20:37:42.107+0000] {processor.py:153} INFO - Started process (PID=2526) to work on /usr/local/lib/python3.9/site-packages/airflow/example_dags/tutorial_taskflow_api_virtualenv.py
[2024-10-03T20:37:42.108+0000] {processor.py:743} INFO - Processing file /usr/local/lib/python3.9/site-packages/airflow/example_dags/tutorial_taskflow_api_virtualenv.py for tasks to queue
[2024-10-03T20:37:42.108+0000] {logging_mixin.py:137} INFO - [2024-10-03T20:37:42.108+0000] {dagbag.py:532} INFO - Filling up the DagBag from /usr/local/lib/python3.9/site-packages/airflow/example_dags/tutorial_taskflow_api_virtualenv.py
[2024-10-03T20:37:42.129+0000] {logging_mixin.py:137} INFO - [2024-10-03T20:37:42.129+0000] {tutorial_taskflow_api_virtualenv.py:29} WARNING - The tutorial_taskflow_api_virtualenv example DAG requires virtualenv, please install it.
[2024-10-03T20:37:42.129+0000] {processor.py:755} WARNING - No viable dags retrieved from /usr/local/lib/python3.9/site-packages/airflow/example_dags/tutorial_taskflow_api_virtualenv.py
[2024-10-03T20:37:42.145+0000] {processor.py:175} INFO - Processing /usr/local/lib/python3.9/site-packages/airflow/example_dags/tutorial_taskflow_api_virtualenv.py took 0.043 seconds
[2024-10-03T20:38:12.353+0000] {processor.py:153} INFO - Started process (PID=2737) to work on /usr/local/lib/python3.9/site-packages/airflow/example_dags/tutorial_taskflow_api_virtualenv.py
[2024-10-03T20:38:12.354+0000] {processor.py:743} INFO - Processing file /usr/local/lib/python3.9/site-packages/airflow/example_dags/tutorial_taskflow_api_virtualenv.py for tasks to queue
[2024-10-03T20:38:12.355+0000] {logging_mixin.py:137} INFO - [2024-10-03T20:38:12.355+0000] {dagbag.py:532} INFO - Filling up the DagBag from /usr/local/lib/python3.9/site-packages/airflow/example_dags/tutorial_taskflow_api_virtualenv.py
[2024-10-03T20:38:12.363+0000] {logging_mixin.py:137} INFO - [2024-10-03T20:38:12.363+0000] {tutorial_taskflow_api_virtualenv.py:29} WARNING - The tutorial_taskflow_api_virtualenv example DAG requires virtualenv, please install it.
[2024-10-03T20:38:12.364+0000] {processor.py:755} WARNING - No viable dags retrieved from /usr/local/lib/python3.9/site-packages/airflow/example_dags/tutorial_taskflow_api_virtualenv.py
[2024-10-03T20:38:12.370+0000] {processor.py:175} INFO - Processing /usr/local/lib/python3.9/site-packages/airflow/example_dags/tutorial_taskflow_api_virtualenv.py took 0.018 seconds
[2024-10-03T20:38:43.095+0000] {processor.py:153} INFO - Started process (PID=2948) to work on /usr/local/lib/python3.9/site-packages/airflow/example_dags/tutorial_taskflow_api_virtualenv.py
[2024-10-03T20:38:43.097+0000] {processor.py:743} INFO - Processing file /usr/local/lib/python3.9/site-packages/airflow/example_dags/tutorial_taskflow_api_virtualenv.py for tasks to queue
[2024-10-03T20:38:43.098+0000] {logging_mixin.py:137} INFO - [2024-10-03T20:38:43.098+0000] {dagbag.py:532} INFO - Filling up the DagBag from /usr/local/lib/python3.9/site-packages/airflow/example_dags/tutorial_taskflow_api_virtualenv.py
[2024-10-03T20:38:43.111+0000] {logging_mixin.py:137} INFO - [2024-10-03T20:38:43.111+0000] {tutorial_taskflow_api_virtualenv.py:29} WARNING - The tutorial_taskflow_api_virtualenv example DAG requires virtualenv, please install it.
[2024-10-03T20:38:43.111+0000] {processor.py:755} WARNING - No viable dags retrieved from /usr/local/lib/python3.9/site-packages/airflow/example_dags/tutorial_taskflow_api_virtualenv.py
[2024-10-03T20:38:43.120+0000] {processor.py:175} INFO - Processing /usr/local/lib/python3.9/site-packages/airflow/example_dags/tutorial_taskflow_api_virtualenv.py took 0.029 seconds
[2024-10-03T20:39:13.902+0000] {processor.py:153} INFO - Started process (PID=3159) to work on /usr/local/lib/python3.9/site-packages/airflow/example_dags/tutorial_taskflow_api_virtualenv.py
[2024-10-03T20:39:13.903+0000] {processor.py:743} INFO - Processing file /usr/local/lib/python3.9/site-packages/airflow/example_dags/tutorial_taskflow_api_virtualenv.py for tasks to queue
[2024-10-03T20:39:13.904+0000] {logging_mixin.py:137} INFO - [2024-10-03T20:39:13.904+0000] {dagbag.py:532} INFO - Filling up the DagBag from /usr/local/lib/python3.9/site-packages/airflow/example_dags/tutorial_taskflow_api_virtualenv.py
[2024-10-03T20:39:13.921+0000] {logging_mixin.py:137} INFO - [2024-10-03T20:39:13.921+0000] {tutorial_taskflow_api_virtualenv.py:29} WARNING - The tutorial_taskflow_api_virtualenv example DAG requires virtualenv, please install it.
[2024-10-03T20:39:13.921+0000] {processor.py:755} WARNING - No viable dags retrieved from /usr/local/lib/python3.9/site-packages/airflow/example_dags/tutorial_taskflow_api_virtualenv.py
[2024-10-03T20:39:13.931+0000] {processor.py:175} INFO - Processing /usr/local/lib/python3.9/site-packages/airflow/example_dags/tutorial_taskflow_api_virtualenv.py took 0.034 seconds
[2024-10-03T20:39:44.690+0000] {processor.py:153} INFO - Started process (PID=3370) to work on /usr/local/lib/python3.9/site-packages/airflow/example_dags/tutorial_taskflow_api_virtualenv.py
[2024-10-03T20:39:44.692+0000] {processor.py:743} INFO - Processing file /usr/local/lib/python3.9/site-packages/airflow/example_dags/tutorial_taskflow_api_virtualenv.py for tasks to queue
[2024-10-03T20:39:44.693+0000] {logging_mixin.py:137} INFO - [2024-10-03T20:39:44.692+0000] {dagbag.py:532} INFO - Filling up the DagBag from /usr/local/lib/python3.9/site-packages/airflow/example_dags/tutorial_taskflow_api_virtualenv.py
[2024-10-03T20:39:44.717+0000] {logging_mixin.py:137} INFO - [2024-10-03T20:39:44.717+0000] {tutorial_taskflow_api_virtualenv.py:29} WARNING - The tutorial_taskflow_api_virtualenv example DAG requires virtualenv, please install it.
[2024-10-03T20:39:44.717+0000] {processor.py:755} WARNING - No viable dags retrieved from /usr/local/lib/python3.9/site-packages/airflow/example_dags/tutorial_taskflow_api_virtualenv.py
[2024-10-03T20:39:44.729+0000] {processor.py:175} INFO - Processing /usr/local/lib/python3.9/site-packages/airflow/example_dags/tutorial_taskflow_api_virtualenv.py took 0.044 seconds
[2024-10-03T20:40:15.536+0000] {processor.py:153} INFO - Started process (PID=3581) to work on /usr/local/lib/python3.9/site-packages/airflow/example_dags/tutorial_taskflow_api_virtualenv.py
[2024-10-03T20:40:15.538+0000] {processor.py:743} INFO - Processing file /usr/local/lib/python3.9/site-packages/airflow/example_dags/tutorial_taskflow_api_virtualenv.py for tasks to queue
[2024-10-03T20:40:15.539+0000] {logging_mixin.py:137} INFO - [2024-10-03T20:40:15.539+0000] {dagbag.py:532} INFO - Filling up the DagBag from /usr/local/lib/python3.9/site-packages/airflow/example_dags/tutorial_taskflow_api_virtualenv.py
[2024-10-03T20:40:15.554+0000] {logging_mixin.py:137} INFO - [2024-10-03T20:40:15.554+0000] {tutorial_taskflow_api_virtualenv.py:29} WARNING - The tutorial_taskflow_api_virtualenv example DAG requires virtualenv, please install it.
[2024-10-03T20:40:15.554+0000] {processor.py:755} WARNING - No viable dags retrieved from /usr/local/lib/python3.9/site-packages/airflow/example_dags/tutorial_taskflow_api_virtualenv.py
[2024-10-03T20:40:15.563+0000] {processor.py:175} INFO - Processing /usr/local/lib/python3.9/site-packages/airflow/example_dags/tutorial_taskflow_api_virtualenv.py took 0.032 seconds
[2024-10-03T20:40:46.428+0000] {processor.py:153} INFO - Started process (PID=3792) to work on /usr/local/lib/python3.9/site-packages/airflow/example_dags/tutorial_taskflow_api_virtualenv.py
[2024-10-03T20:40:46.429+0000] {processor.py:743} INFO - Processing file /usr/local/lib/python3.9/site-packages/airflow/example_dags/tutorial_taskflow_api_virtualenv.py for tasks to queue
[2024-10-03T20:40:46.429+0000] {logging_mixin.py:137} INFO - [2024-10-03T20:40:46.429+0000] {dagbag.py:532} INFO - Filling up the DagBag from /usr/local/lib/python3.9/site-packages/airflow/example_dags/tutorial_taskflow_api_virtualenv.py
[2024-10-03T20:40:46.457+0000] {logging_mixin.py:137} INFO - [2024-10-03T20:40:46.457+0000] {tutorial_taskflow_api_virtualenv.py:29} WARNING - The tutorial_taskflow_api_virtualenv example DAG requires virtualenv, please install it.
[2024-10-03T20:40:46.458+0000] {processor.py:755} WARNING - No viable dags retrieved from /usr/local/lib/python3.9/site-packages/airflow/example_dags/tutorial_taskflow_api_virtualenv.py
[2024-10-03T20:40:46.465+0000] {processor.py:175} INFO - Processing /usr/local/lib/python3.9/site-packages/airflow/example_dags/tutorial_taskflow_api_virtualenv.py took 0.041 seconds
[2024-10-03T20:41:17.214+0000] {processor.py:153} INFO - Started process (PID=4003) to work on /usr/local/lib/python3.9/site-packages/airflow/example_dags/tutorial_taskflow_api_virtualenv.py
[2024-10-03T20:41:17.214+0000] {processor.py:743} INFO - Processing file /usr/local/lib/python3.9/site-packages/airflow/example_dags/tutorial_taskflow_api_virtualenv.py for tasks to queue
[2024-10-03T20:41:17.215+0000] {logging_mixin.py:137} INFO - [2024-10-03T20:41:17.215+0000] {dagbag.py:532} INFO - Filling up the DagBag from /usr/local/lib/python3.9/site-packages/airflow/example_dags/tutorial_taskflow_api_virtualenv.py
[2024-10-03T20:41:17.231+0000] {logging_mixin.py:137} INFO - [2024-10-03T20:41:17.231+0000] {tutorial_taskflow_api_virtualenv.py:29} WARNING - The tutorial_taskflow_api_virtualenv example DAG requires virtualenv, please install it.
[2024-10-03T20:41:17.232+0000] {processor.py:755} WARNING - No viable dags retrieved from /usr/local/lib/python3.9/site-packages/airflow/example_dags/tutorial_taskflow_api_virtualenv.py
[2024-10-03T20:41:17.241+0000] {processor.py:175} INFO - Processing /usr/local/lib/python3.9/site-packages/airflow/example_dags/tutorial_taskflow_api_virtualenv.py took 0.032 seconds
[2024-10-03T20:41:47.823+0000] {processor.py:153} INFO - Started process (PID=4214) to work on /usr/local/lib/python3.9/site-packages/airflow/example_dags/tutorial_taskflow_api_virtualenv.py
[2024-10-03T20:41:47.824+0000] {processor.py:743} INFO - Processing file /usr/local/lib/python3.9/site-packages/airflow/example_dags/tutorial_taskflow_api_virtualenv.py for tasks to queue
[2024-10-03T20:41:47.825+0000] {logging_mixin.py:137} INFO - [2024-10-03T20:41:47.825+0000] {dagbag.py:532} INFO - Filling up the DagBag from /usr/local/lib/python3.9/site-packages/airflow/example_dags/tutorial_taskflow_api_virtualenv.py
[2024-10-03T20:41:47.837+0000] {logging_mixin.py:137} INFO - [2024-10-03T20:41:47.837+0000] {tutorial_taskflow_api_virtualenv.py:29} WARNING - The tutorial_taskflow_api_virtualenv example DAG requires virtualenv, please install it.
[2024-10-03T20:41:47.837+0000] {processor.py:755} WARNING - No viable dags retrieved from /usr/local/lib/python3.9/site-packages/airflow/example_dags/tutorial_taskflow_api_virtualenv.py
[2024-10-03T20:41:47.844+0000] {processor.py:175} INFO - Processing /usr/local/lib/python3.9/site-packages/airflow/example_dags/tutorial_taskflow_api_virtualenv.py took 0.024 seconds
[2024-10-03T20:42:18.491+0000] {processor.py:153} INFO - Started process (PID=4425) to work on /usr/local/lib/python3.9/site-packages/airflow/example_dags/tutorial_taskflow_api_virtualenv.py
[2024-10-03T20:42:18.493+0000] {processor.py:743} INFO - Processing file /usr/local/lib/python3.9/site-packages/airflow/example_dags/tutorial_taskflow_api_virtualenv.py for tasks to queue
[2024-10-03T20:42:18.493+0000] {logging_mixin.py:137} INFO - [2024-10-03T20:42:18.493+0000] {dagbag.py:532} INFO - Filling up the DagBag from /usr/local/lib/python3.9/site-packages/airflow/example_dags/tutorial_taskflow_api_virtualenv.py
[2024-10-03T20:42:18.507+0000] {logging_mixin.py:137} INFO - [2024-10-03T20:42:18.507+0000] {tutorial_taskflow_api_virtualenv.py:29} WARNING - The tutorial_taskflow_api_virtualenv example DAG requires virtualenv, please install it.
[2024-10-03T20:42:18.507+0000] {processor.py:755} WARNING - No viable dags retrieved from /usr/local/lib/python3.9/site-packages/airflow/example_dags/tutorial_taskflow_api_virtualenv.py
[2024-10-03T20:42:18.518+0000] {processor.py:175} INFO - Processing /usr/local/lib/python3.9/site-packages/airflow/example_dags/tutorial_taskflow_api_virtualenv.py took 0.030 seconds
[2024-10-03T20:42:49.192+0000] {processor.py:153} INFO - Started process (PID=4636) to work on /usr/local/lib/python3.9/site-packages/airflow/example_dags/tutorial_taskflow_api_virtualenv.py
[2024-10-03T20:42:49.193+0000] {processor.py:743} INFO - Processing file /usr/local/lib/python3.9/site-packages/airflow/example_dags/tutorial_taskflow_api_virtualenv.py for tasks to queue
[2024-10-03T20:42:49.194+0000] {logging_mixin.py:137} INFO - [2024-10-03T20:42:49.194+0000] {dagbag.py:532} INFO - Filling up the DagBag from /usr/local/lib/python3.9/site-packages/airflow/example_dags/tutorial_taskflow_api_virtualenv.py
[2024-10-03T20:42:49.207+0000] {logging_mixin.py:137} INFO - [2024-10-03T20:42:49.207+0000] {tutorial_taskflow_api_virtualenv.py:29} WARNING - The tutorial_taskflow_api_virtualenv example DAG requires virtualenv, please install it.
[2024-10-03T20:42:49.207+0000] {processor.py:755} WARNING - No viable dags retrieved from /usr/local/lib/python3.9/site-packages/airflow/example_dags/tutorial_taskflow_api_virtualenv.py
[2024-10-03T20:42:49.216+0000] {processor.py:175} INFO - Processing /usr/local/lib/python3.9/site-packages/airflow/example_dags/tutorial_taskflow_api_virtualenv.py took 0.028 seconds
[2024-10-03T20:43:19.794+0000] {processor.py:153} INFO - Started process (PID=4847) to work on /usr/local/lib/python3.9/site-packages/airflow/example_dags/tutorial_taskflow_api_virtualenv.py
[2024-10-03T20:43:19.795+0000] {processor.py:743} INFO - Processing file /usr/local/lib/python3.9/site-packages/airflow/example_dags/tutorial_taskflow_api_virtualenv.py for tasks to queue
[2024-10-03T20:43:19.796+0000] {logging_mixin.py:137} INFO - [2024-10-03T20:43:19.796+0000] {dagbag.py:532} INFO - Filling up the DagBag from /usr/local/lib/python3.9/site-packages/airflow/example_dags/tutorial_taskflow_api_virtualenv.py
[2024-10-03T20:43:19.812+0000] {logging_mixin.py:137} INFO - [2024-10-03T20:43:19.812+0000] {tutorial_taskflow_api_virtualenv.py:29} WARNING - The tutorial_taskflow_api_virtualenv example DAG requires virtualenv, please install it.
[2024-10-03T20:43:19.812+0000] {processor.py:755} WARNING - No viable dags retrieved from /usr/local/lib/python3.9/site-packages/airflow/example_dags/tutorial_taskflow_api_virtualenv.py
[2024-10-03T20:43:19.821+0000] {processor.py:175} INFO - Processing /usr/local/lib/python3.9/site-packages/airflow/example_dags/tutorial_taskflow_api_virtualenv.py took 0.031 seconds
[2024-10-03T20:43:50.413+0000] {processor.py:153} INFO - Started process (PID=5058) to work on /usr/local/lib/python3.9/site-packages/airflow/example_dags/tutorial_taskflow_api_virtualenv.py
[2024-10-03T20:43:50.415+0000] {processor.py:743} INFO - Processing file /usr/local/lib/python3.9/site-packages/airflow/example_dags/tutorial_taskflow_api_virtualenv.py for tasks to queue
[2024-10-03T20:43:50.416+0000] {logging_mixin.py:137} INFO - [2024-10-03T20:43:50.415+0000] {dagbag.py:532} INFO - Filling up the DagBag from /usr/local/lib/python3.9/site-packages/airflow/example_dags/tutorial_taskflow_api_virtualenv.py
[2024-10-03T20:43:50.430+0000] {logging_mixin.py:137} INFO - [2024-10-03T20:43:50.430+0000] {tutorial_taskflow_api_virtualenv.py:29} WARNING - The tutorial_taskflow_api_virtualenv example DAG requires virtualenv, please install it.
[2024-10-03T20:43:50.430+0000] {processor.py:755} WARNING - No viable dags retrieved from /usr/local/lib/python3.9/site-packages/airflow/example_dags/tutorial_taskflow_api_virtualenv.py
[2024-10-03T20:43:50.438+0000] {processor.py:175} INFO - Processing /usr/local/lib/python3.9/site-packages/airflow/example_dags/tutorial_taskflow_api_virtualenv.py took 0.028 seconds
[2024-10-03T20:44:21.101+0000] {processor.py:153} INFO - Started process (PID=5269) to work on /usr/local/lib/python3.9/site-packages/airflow/example_dags/tutorial_taskflow_api_virtualenv.py
[2024-10-03T20:44:21.103+0000] {processor.py:743} INFO - Processing file /usr/local/lib/python3.9/site-packages/airflow/example_dags/tutorial_taskflow_api_virtualenv.py for tasks to queue
[2024-10-03T20:44:21.104+0000] {logging_mixin.py:137} INFO - [2024-10-03T20:44:21.104+0000] {dagbag.py:532} INFO - Filling up the DagBag from /usr/local/lib/python3.9/site-packages/airflow/example_dags/tutorial_taskflow_api_virtualenv.py
[2024-10-03T20:44:21.119+0000] {logging_mixin.py:137} INFO - [2024-10-03T20:44:21.119+0000] {tutorial_taskflow_api_virtualenv.py:29} WARNING - The tutorial_taskflow_api_virtualenv example DAG requires virtualenv, please install it.
[2024-10-03T20:44:21.119+0000] {processor.py:755} WARNING - No viable dags retrieved from /usr/local/lib/python3.9/site-packages/airflow/example_dags/tutorial_taskflow_api_virtualenv.py
[2024-10-03T20:44:21.127+0000] {processor.py:175} INFO - Processing /usr/local/lib/python3.9/site-packages/airflow/example_dags/tutorial_taskflow_api_virtualenv.py took 0.031 seconds
[2024-10-03T20:44:51.787+0000] {processor.py:153} INFO - Started process (PID=5480) to work on /usr/local/lib/python3.9/site-packages/airflow/example_dags/tutorial_taskflow_api_virtualenv.py
[2024-10-03T20:44:51.789+0000] {processor.py:743} INFO - Processing file /usr/local/lib/python3.9/site-packages/airflow/example_dags/tutorial_taskflow_api_virtualenv.py for tasks to queue
[2024-10-03T20:44:51.789+0000] {logging_mixin.py:137} INFO - [2024-10-03T20:44:51.789+0000] {dagbag.py:532} INFO - Filling up the DagBag from /usr/local/lib/python3.9/site-packages/airflow/example_dags/tutorial_taskflow_api_virtualenv.py
[2024-10-03T20:44:51.802+0000] {logging_mixin.py:137} INFO - [2024-10-03T20:44:51.802+0000] {tutorial_taskflow_api_virtualenv.py:29} WARNING - The tutorial_taskflow_api_virtualenv example DAG requires virtualenv, please install it.
[2024-10-03T20:44:51.802+0000] {processor.py:755} WARNING - No viable dags retrieved from /usr/local/lib/python3.9/site-packages/airflow/example_dags/tutorial_taskflow_api_virtualenv.py
[2024-10-03T20:44:51.809+0000] {processor.py:175} INFO - Processing /usr/local/lib/python3.9/site-packages/airflow/example_dags/tutorial_taskflow_api_virtualenv.py took 0.025 seconds
[2024-10-03T20:45:22.444+0000] {processor.py:153} INFO - Started process (PID=5691) to work on /usr/local/lib/python3.9/site-packages/airflow/example_dags/tutorial_taskflow_api_virtualenv.py
[2024-10-03T20:45:22.447+0000] {processor.py:743} INFO - Processing file /usr/local/lib/python3.9/site-packages/airflow/example_dags/tutorial_taskflow_api_virtualenv.py for tasks to queue
[2024-10-03T20:45:22.448+0000] {logging_mixin.py:137} INFO - [2024-10-03T20:45:22.448+0000] {dagbag.py:532} INFO - Filling up the DagBag from /usr/local/lib/python3.9/site-packages/airflow/example_dags/tutorial_taskflow_api_virtualenv.py
[2024-10-03T20:45:22.461+0000] {logging_mixin.py:137} INFO - [2024-10-03T20:45:22.461+0000] {tutorial_taskflow_api_virtualenv.py:29} WARNING - The tutorial_taskflow_api_virtualenv example DAG requires virtualenv, please install it.
[2024-10-03T20:45:22.461+0000] {processor.py:755} WARNING - No viable dags retrieved from /usr/local/lib/python3.9/site-packages/airflow/example_dags/tutorial_taskflow_api_virtualenv.py
[2024-10-03T20:45:22.468+0000] {processor.py:175} INFO - Processing /usr/local/lib/python3.9/site-packages/airflow/example_dags/tutorial_taskflow_api_virtualenv.py took 0.028 seconds
[2024-10-03T20:45:53.122+0000] {processor.py:153} INFO - Started process (PID=5902) to work on /usr/local/lib/python3.9/site-packages/airflow/example_dags/tutorial_taskflow_api_virtualenv.py
[2024-10-03T20:45:53.124+0000] {processor.py:743} INFO - Processing file /usr/local/lib/python3.9/site-packages/airflow/example_dags/tutorial_taskflow_api_virtualenv.py for tasks to queue
[2024-10-03T20:45:53.125+0000] {logging_mixin.py:137} INFO - [2024-10-03T20:45:53.124+0000] {dagbag.py:532} INFO - Filling up the DagBag from /usr/local/lib/python3.9/site-packages/airflow/example_dags/tutorial_taskflow_api_virtualenv.py
[2024-10-03T20:45:53.141+0000] {logging_mixin.py:137} INFO - [2024-10-03T20:45:53.141+0000] {tutorial_taskflow_api_virtualenv.py:29} WARNING - The tutorial_taskflow_api_virtualenv example DAG requires virtualenv, please install it.
[2024-10-03T20:45:53.141+0000] {processor.py:755} WARNING - No viable dags retrieved from /usr/local/lib/python3.9/site-packages/airflow/example_dags/tutorial_taskflow_api_virtualenv.py
[2024-10-03T20:45:53.151+0000] {processor.py:175} INFO - Processing /usr/local/lib/python3.9/site-packages/airflow/example_dags/tutorial_taskflow_api_virtualenv.py took 0.033 seconds
[2024-10-03T20:46:23.927+0000] {processor.py:153} INFO - Started process (PID=6113) to work on /usr/local/lib/python3.9/site-packages/airflow/example_dags/tutorial_taskflow_api_virtualenv.py
[2024-10-03T20:46:23.929+0000] {processor.py:743} INFO - Processing file /usr/local/lib/python3.9/site-packages/airflow/example_dags/tutorial_taskflow_api_virtualenv.py for tasks to queue
[2024-10-03T20:46:23.930+0000] {logging_mixin.py:137} INFO - [2024-10-03T20:46:23.930+0000] {dagbag.py:532} INFO - Filling up the DagBag from /usr/local/lib/python3.9/site-packages/airflow/example_dags/tutorial_taskflow_api_virtualenv.py
[2024-10-03T20:46:23.945+0000] {logging_mixin.py:137} INFO - [2024-10-03T20:46:23.945+0000] {tutorial_taskflow_api_virtualenv.py:29} WARNING - The tutorial_taskflow_api_virtualenv example DAG requires virtualenv, please install it.
[2024-10-03T20:46:23.945+0000] {processor.py:755} WARNING - No viable dags retrieved from /usr/local/lib/python3.9/site-packages/airflow/example_dags/tutorial_taskflow_api_virtualenv.py
[2024-10-03T20:46:23.954+0000] {processor.py:175} INFO - Processing /usr/local/lib/python3.9/site-packages/airflow/example_dags/tutorial_taskflow_api_virtualenv.py took 0.031 seconds
[2024-10-03T20:46:54.542+0000] {processor.py:153} INFO - Started process (PID=6324) to work on /usr/local/lib/python3.9/site-packages/airflow/example_dags/tutorial_taskflow_api_virtualenv.py
[2024-10-03T20:46:54.544+0000] {processor.py:743} INFO - Processing file /usr/local/lib/python3.9/site-packages/airflow/example_dags/tutorial_taskflow_api_virtualenv.py for tasks to queue
[2024-10-03T20:46:54.544+0000] {logging_mixin.py:137} INFO - [2024-10-03T20:46:54.544+0000] {dagbag.py:532} INFO - Filling up the DagBag from /usr/local/lib/python3.9/site-packages/airflow/example_dags/tutorial_taskflow_api_virtualenv.py
[2024-10-03T20:46:54.558+0000] {logging_mixin.py:137} INFO - [2024-10-03T20:46:54.558+0000] {tutorial_taskflow_api_virtualenv.py:29} WARNING - The tutorial_taskflow_api_virtualenv example DAG requires virtualenv, please install it.
[2024-10-03T20:46:54.558+0000] {processor.py:755} WARNING - No viable dags retrieved from /usr/local/lib/python3.9/site-packages/airflow/example_dags/tutorial_taskflow_api_virtualenv.py
[2024-10-03T20:46:54.568+0000] {processor.py:175} INFO - Processing /usr/local/lib/python3.9/site-packages/airflow/example_dags/tutorial_taskflow_api_virtualenv.py took 0.030 seconds
[2024-10-03T20:47:25.044+0000] {processor.py:153} INFO - Started process (PID=6535) to work on /usr/local/lib/python3.9/site-packages/airflow/example_dags/tutorial_taskflow_api_virtualenv.py
[2024-10-03T20:47:25.045+0000] {processor.py:743} INFO - Processing file /usr/local/lib/python3.9/site-packages/airflow/example_dags/tutorial_taskflow_api_virtualenv.py for tasks to queue
[2024-10-03T20:47:25.045+0000] {logging_mixin.py:137} INFO - [2024-10-03T20:47:25.045+0000] {dagbag.py:532} INFO - Filling up the DagBag from /usr/local/lib/python3.9/site-packages/airflow/example_dags/tutorial_taskflow_api_virtualenv.py
[2024-10-03T20:47:25.060+0000] {logging_mixin.py:137} INFO - [2024-10-03T20:47:25.060+0000] {tutorial_taskflow_api_virtualenv.py:29} WARNING - The tutorial_taskflow_api_virtualenv example DAG requires virtualenv, please install it.
[2024-10-03T20:47:25.060+0000] {processor.py:755} WARNING - No viable dags retrieved from /usr/local/lib/python3.9/site-packages/airflow/example_dags/tutorial_taskflow_api_virtualenv.py
[2024-10-03T20:47:25.067+0000] {processor.py:175} INFO - Processing /usr/local/lib/python3.9/site-packages/airflow/example_dags/tutorial_taskflow_api_virtualenv.py took 0.026 seconds
[2024-10-03T20:47:55.691+0000] {processor.py:153} INFO - Started process (PID=6746) to work on /usr/local/lib/python3.9/site-packages/airflow/example_dags/tutorial_taskflow_api_virtualenv.py
[2024-10-03T20:47:55.693+0000] {processor.py:743} INFO - Processing file /usr/local/lib/python3.9/site-packages/airflow/example_dags/tutorial_taskflow_api_virtualenv.py for tasks to queue
[2024-10-03T20:47:55.693+0000] {logging_mixin.py:137} INFO - [2024-10-03T20:47:55.693+0000] {dagbag.py:532} INFO - Filling up the DagBag from /usr/local/lib/python3.9/site-packages/airflow/example_dags/tutorial_taskflow_api_virtualenv.py
[2024-10-03T20:47:55.709+0000] {logging_mixin.py:137} INFO - [2024-10-03T20:47:55.709+0000] {tutorial_taskflow_api_virtualenv.py:29} WARNING - The tutorial_taskflow_api_virtualenv example DAG requires virtualenv, please install it.
[2024-10-03T20:47:55.709+0000] {processor.py:755} WARNING - No viable dags retrieved from /usr/local/lib/python3.9/site-packages/airflow/example_dags/tutorial_taskflow_api_virtualenv.py
[2024-10-03T20:47:55.717+0000] {processor.py:175} INFO - Processing /usr/local/lib/python3.9/site-packages/airflow/example_dags/tutorial_taskflow_api_virtualenv.py took 0.030 seconds
[2024-10-03T20:48:26.371+0000] {processor.py:153} INFO - Started process (PID=6957) to work on /usr/local/lib/python3.9/site-packages/airflow/example_dags/tutorial_taskflow_api_virtualenv.py
[2024-10-03T20:48:26.373+0000] {processor.py:743} INFO - Processing file /usr/local/lib/python3.9/site-packages/airflow/example_dags/tutorial_taskflow_api_virtualenv.py for tasks to queue
[2024-10-03T20:48:26.373+0000] {logging_mixin.py:137} INFO - [2024-10-03T20:48:26.373+0000] {dagbag.py:532} INFO - Filling up the DagBag from /usr/local/lib/python3.9/site-packages/airflow/example_dags/tutorial_taskflow_api_virtualenv.py
[2024-10-03T20:48:26.388+0000] {logging_mixin.py:137} INFO - [2024-10-03T20:48:26.388+0000] {tutorial_taskflow_api_virtualenv.py:29} WARNING - The tutorial_taskflow_api_virtualenv example DAG requires virtualenv, please install it.
[2024-10-03T20:48:26.388+0000] {processor.py:755} WARNING - No viable dags retrieved from /usr/local/lib/python3.9/site-packages/airflow/example_dags/tutorial_taskflow_api_virtualenv.py
[2024-10-03T20:48:26.398+0000] {processor.py:175} INFO - Processing /usr/local/lib/python3.9/site-packages/airflow/example_dags/tutorial_taskflow_api_virtualenv.py took 0.030 seconds
[2024-10-03T20:48:57.154+0000] {processor.py:153} INFO - Started process (PID=7168) to work on /usr/local/lib/python3.9/site-packages/airflow/example_dags/tutorial_taskflow_api_virtualenv.py
[2024-10-03T20:48:57.155+0000] {processor.py:743} INFO - Processing file /usr/local/lib/python3.9/site-packages/airflow/example_dags/tutorial_taskflow_api_virtualenv.py for tasks to queue
[2024-10-03T20:48:57.155+0000] {logging_mixin.py:137} INFO - [2024-10-03T20:48:57.155+0000] {dagbag.py:532} INFO - Filling up the DagBag from /usr/local/lib/python3.9/site-packages/airflow/example_dags/tutorial_taskflow_api_virtualenv.py
[2024-10-03T20:48:57.171+0000] {logging_mixin.py:137} INFO - [2024-10-03T20:48:57.171+0000] {tutorial_taskflow_api_virtualenv.py:29} WARNING - The tutorial_taskflow_api_virtualenv example DAG requires virtualenv, please install it.
[2024-10-03T20:48:57.172+0000] {processor.py:755} WARNING - No viable dags retrieved from /usr/local/lib/python3.9/site-packages/airflow/example_dags/tutorial_taskflow_api_virtualenv.py
[2024-10-03T20:48:57.182+0000] {processor.py:175} INFO - Processing /usr/local/lib/python3.9/site-packages/airflow/example_dags/tutorial_taskflow_api_virtualenv.py took 0.032 seconds
[2024-10-03T20:49:28.052+0000] {processor.py:153} INFO - Started process (PID=7379) to work on /usr/local/lib/python3.9/site-packages/airflow/example_dags/tutorial_taskflow_api_virtualenv.py
[2024-10-03T20:49:28.054+0000] {processor.py:743} INFO - Processing file /usr/local/lib/python3.9/site-packages/airflow/example_dags/tutorial_taskflow_api_virtualenv.py for tasks to queue
[2024-10-03T20:49:28.055+0000] {logging_mixin.py:137} INFO - [2024-10-03T20:49:28.055+0000] {dagbag.py:532} INFO - Filling up the DagBag from /usr/local/lib/python3.9/site-packages/airflow/example_dags/tutorial_taskflow_api_virtualenv.py
[2024-10-03T20:49:28.068+0000] {logging_mixin.py:137} INFO - [2024-10-03T20:49:28.068+0000] {tutorial_taskflow_api_virtualenv.py:29} WARNING - The tutorial_taskflow_api_virtualenv example DAG requires virtualenv, please install it.
[2024-10-03T20:49:28.069+0000] {processor.py:755} WARNING - No viable dags retrieved from /usr/local/lib/python3.9/site-packages/airflow/example_dags/tutorial_taskflow_api_virtualenv.py
[2024-10-03T20:49:28.078+0000] {processor.py:175} INFO - Processing /usr/local/lib/python3.9/site-packages/airflow/example_dags/tutorial_taskflow_api_virtualenv.py took 0.030 seconds
[2024-10-03T20:49:58.672+0000] {processor.py:153} INFO - Started process (PID=7590) to work on /usr/local/lib/python3.9/site-packages/airflow/example_dags/tutorial_taskflow_api_virtualenv.py
[2024-10-03T20:49:58.673+0000] {processor.py:743} INFO - Processing file /usr/local/lib/python3.9/site-packages/airflow/example_dags/tutorial_taskflow_api_virtualenv.py for tasks to queue
[2024-10-03T20:49:58.674+0000] {logging_mixin.py:137} INFO - [2024-10-03T20:49:58.674+0000] {dagbag.py:532} INFO - Filling up the DagBag from /usr/local/lib/python3.9/site-packages/airflow/example_dags/tutorial_taskflow_api_virtualenv.py
[2024-10-03T20:49:58.689+0000] {logging_mixin.py:137} INFO - [2024-10-03T20:49:58.689+0000] {tutorial_taskflow_api_virtualenv.py:29} WARNING - The tutorial_taskflow_api_virtualenv example DAG requires virtualenv, please install it.
[2024-10-03T20:49:58.689+0000] {processor.py:755} WARNING - No viable dags retrieved from /usr/local/lib/python3.9/site-packages/airflow/example_dags/tutorial_taskflow_api_virtualenv.py
[2024-10-03T20:49:58.697+0000] {processor.py:175} INFO - Processing /usr/local/lib/python3.9/site-packages/airflow/example_dags/tutorial_taskflow_api_virtualenv.py took 0.029 seconds
[2024-10-03T20:50:29.473+0000] {processor.py:153} INFO - Started process (PID=7801) to work on /usr/local/lib/python3.9/site-packages/airflow/example_dags/tutorial_taskflow_api_virtualenv.py
[2024-10-03T20:50:29.474+0000] {processor.py:743} INFO - Processing file /usr/local/lib/python3.9/site-packages/airflow/example_dags/tutorial_taskflow_api_virtualenv.py for tasks to queue
[2024-10-03T20:50:29.474+0000] {logging_mixin.py:137} INFO - [2024-10-03T20:50:29.474+0000] {dagbag.py:532} INFO - Filling up the DagBag from /usr/local/lib/python3.9/site-packages/airflow/example_dags/tutorial_taskflow_api_virtualenv.py
[2024-10-03T20:50:29.490+0000] {logging_mixin.py:137} INFO - [2024-10-03T20:50:29.490+0000] {tutorial_taskflow_api_virtualenv.py:29} WARNING - The tutorial_taskflow_api_virtualenv example DAG requires virtualenv, please install it.
[2024-10-03T20:50:29.490+0000] {processor.py:755} WARNING - No viable dags retrieved from /usr/local/lib/python3.9/site-packages/airflow/example_dags/tutorial_taskflow_api_virtualenv.py
[2024-10-03T20:50:29.499+0000] {processor.py:175} INFO - Processing /usr/local/lib/python3.9/site-packages/airflow/example_dags/tutorial_taskflow_api_virtualenv.py took 0.029 seconds
[2024-10-03T20:51:00.271+0000] {processor.py:153} INFO - Started process (PID=8012) to work on /usr/local/lib/python3.9/site-packages/airflow/example_dags/tutorial_taskflow_api_virtualenv.py
[2024-10-03T20:51:00.272+0000] {processor.py:743} INFO - Processing file /usr/local/lib/python3.9/site-packages/airflow/example_dags/tutorial_taskflow_api_virtualenv.py for tasks to queue
[2024-10-03T20:51:00.273+0000] {logging_mixin.py:137} INFO - [2024-10-03T20:51:00.273+0000] {dagbag.py:532} INFO - Filling up the DagBag from /usr/local/lib/python3.9/site-packages/airflow/example_dags/tutorial_taskflow_api_virtualenv.py
[2024-10-03T20:51:00.289+0000] {logging_mixin.py:137} INFO - [2024-10-03T20:51:00.289+0000] {tutorial_taskflow_api_virtualenv.py:29} WARNING - The tutorial_taskflow_api_virtualenv example DAG requires virtualenv, please install it.
[2024-10-03T20:51:00.289+0000] {processor.py:755} WARNING - No viable dags retrieved from /usr/local/lib/python3.9/site-packages/airflow/example_dags/tutorial_taskflow_api_virtualenv.py
[2024-10-03T20:51:00.296+0000] {processor.py:175} INFO - Processing /usr/local/lib/python3.9/site-packages/airflow/example_dags/tutorial_taskflow_api_virtualenv.py took 0.032 seconds
[2024-10-03T20:51:30.980+0000] {processor.py:153} INFO - Started process (PID=8223) to work on /usr/local/lib/python3.9/site-packages/airflow/example_dags/tutorial_taskflow_api_virtualenv.py
[2024-10-03T20:51:30.982+0000] {processor.py:743} INFO - Processing file /usr/local/lib/python3.9/site-packages/airflow/example_dags/tutorial_taskflow_api_virtualenv.py for tasks to queue
[2024-10-03T20:51:30.982+0000] {logging_mixin.py:137} INFO - [2024-10-03T20:51:30.982+0000] {dagbag.py:532} INFO - Filling up the DagBag from /usr/local/lib/python3.9/site-packages/airflow/example_dags/tutorial_taskflow_api_virtualenv.py
[2024-10-03T20:51:30.997+0000] {logging_mixin.py:137} INFO - [2024-10-03T20:51:30.997+0000] {tutorial_taskflow_api_virtualenv.py:29} WARNING - The tutorial_taskflow_api_virtualenv example DAG requires virtualenv, please install it.
[2024-10-03T20:51:30.998+0000] {processor.py:755} WARNING - No viable dags retrieved from /usr/local/lib/python3.9/site-packages/airflow/example_dags/tutorial_taskflow_api_virtualenv.py
[2024-10-03T20:51:31.007+0000] {processor.py:175} INFO - Processing /usr/local/lib/python3.9/site-packages/airflow/example_dags/tutorial_taskflow_api_virtualenv.py took 0.033 seconds
[2024-10-03T20:52:01.108+0000] {processor.py:153} INFO - Started process (PID=8434) to work on /usr/local/lib/python3.9/site-packages/airflow/example_dags/tutorial_taskflow_api_virtualenv.py
[2024-10-03T20:52:01.110+0000] {processor.py:743} INFO - Processing file /usr/local/lib/python3.9/site-packages/airflow/example_dags/tutorial_taskflow_api_virtualenv.py for tasks to queue
[2024-10-03T20:52:01.111+0000] {logging_mixin.py:137} INFO - [2024-10-03T20:52:01.111+0000] {dagbag.py:532} INFO - Filling up the DagBag from /usr/local/lib/python3.9/site-packages/airflow/example_dags/tutorial_taskflow_api_virtualenv.py
[2024-10-03T20:52:01.125+0000] {logging_mixin.py:137} INFO - [2024-10-03T20:52:01.125+0000] {tutorial_taskflow_api_virtualenv.py:29} WARNING - The tutorial_taskflow_api_virtualenv example DAG requires virtualenv, please install it.
[2024-10-03T20:52:01.126+0000] {processor.py:755} WARNING - No viable dags retrieved from /usr/local/lib/python3.9/site-packages/airflow/example_dags/tutorial_taskflow_api_virtualenv.py
[2024-10-03T20:52:01.135+0000] {processor.py:175} INFO - Processing /usr/local/lib/python3.9/site-packages/airflow/example_dags/tutorial_taskflow_api_virtualenv.py took 0.033 seconds
[2024-10-03T20:52:31.194+0000] {processor.py:153} INFO - Started process (PID=8645) to work on /usr/local/lib/python3.9/site-packages/airflow/example_dags/tutorial_taskflow_api_virtualenv.py
[2024-10-03T20:52:31.195+0000] {processor.py:743} INFO - Processing file /usr/local/lib/python3.9/site-packages/airflow/example_dags/tutorial_taskflow_api_virtualenv.py for tasks to queue
[2024-10-03T20:52:31.195+0000] {logging_mixin.py:137} INFO - [2024-10-03T20:52:31.195+0000] {dagbag.py:532} INFO - Filling up the DagBag from /usr/local/lib/python3.9/site-packages/airflow/example_dags/tutorial_taskflow_api_virtualenv.py
[2024-10-03T20:52:31.204+0000] {logging_mixin.py:137} INFO - [2024-10-03T20:52:31.204+0000] {tutorial_taskflow_api_virtualenv.py:29} WARNING - The tutorial_taskflow_api_virtualenv example DAG requires virtualenv, please install it.
[2024-10-03T20:52:31.204+0000] {processor.py:755} WARNING - No viable dags retrieved from /usr/local/lib/python3.9/site-packages/airflow/example_dags/tutorial_taskflow_api_virtualenv.py
[2024-10-03T20:52:31.211+0000] {processor.py:175} INFO - Processing /usr/local/lib/python3.9/site-packages/airflow/example_dags/tutorial_taskflow_api_virtualenv.py took 0.021 seconds
