[2024-10-03T20:32:00.922+0000] {processor.py:153} INFO - Started process (PID=212) to work on /usr/local/lib/python3.9/site-packages/airflow/example_dags/tutorial.py
[2024-10-03T20:32:00.922+0000] {processor.py:743} INFO - Processing file /usr/local/lib/python3.9/site-packages/airflow/example_dags/tutorial.py for tasks to queue
[2024-10-03T20:32:00.923+0000] {logging_mixin.py:137} INFO - [2024-10-03T20:32:00.923+0000] {dagbag.py:532} INFO - Filling up the DagBag from /usr/local/lib/python3.9/site-packages/airflow/example_dags/tutorial.py
[2024-10-03T20:32:00.931+0000] {processor.py:753} INFO - DAG(s) dict_keys(['tutorial']) retrieved from /usr/local/lib/python3.9/site-packages/airflow/example_dags/tutorial.py
[2024-10-03T20:32:00.944+0000] {logging_mixin.py:137} INFO - [2024-10-03T20:32:00.944+0000] {dag.py:2705} INFO - Sync 1 DAGs
[2024-10-03T20:32:00.966+0000] {logging_mixin.py:137} INFO - [2024-10-03T20:32:00.966+0000] {dag.py:3452} INFO - Setting next_dagrun for tutorial to 2024-10-02T20:32:00.966420+00:00, run_after=2024-10-03T20:32:00.966420+00:00
[2024-10-03T20:32:00.985+0000] {processor.py:175} INFO - Processing /usr/local/lib/python3.9/site-packages/airflow/example_dags/tutorial.py took 0.065 seconds
[2024-10-03T20:32:31.522+0000] {processor.py:153} INFO - Started process (PID=425) to work on /usr/local/lib/python3.9/site-packages/airflow/example_dags/tutorial.py
[2024-10-03T20:32:31.523+0000] {processor.py:743} INFO - Processing file /usr/local/lib/python3.9/site-packages/airflow/example_dags/tutorial.py for tasks to queue
[2024-10-03T20:32:31.523+0000] {logging_mixin.py:137} INFO - [2024-10-03T20:32:31.523+0000] {dagbag.py:532} INFO - Filling up the DagBag from /usr/local/lib/python3.9/site-packages/airflow/example_dags/tutorial.py
[2024-10-03T20:32:31.545+0000] {processor.py:753} INFO - DAG(s) dict_keys(['tutorial']) retrieved from /usr/local/lib/python3.9/site-packages/airflow/example_dags/tutorial.py
[2024-10-03T20:32:31.585+0000] {logging_mixin.py:137} INFO - [2024-10-03T20:32:31.582+0000] {dag.py:2705} INFO - Sync 1 DAGs
[2024-10-03T20:32:31.650+0000] {logging_mixin.py:137} INFO - [2024-10-03T20:32:31.649+0000] {dag.py:3452} INFO - Setting next_dagrun for tutorial to 2024-10-02T20:32:31.647589+00:00, run_after=2024-10-03T20:32:31.647589+00:00
[2024-10-03T20:32:31.696+0000] {processor.py:175} INFO - Processing /usr/local/lib/python3.9/site-packages/airflow/example_dags/tutorial.py took 0.178 seconds
[2024-10-03T20:33:03.978+0000] {processor.py:153} INFO - Started process (PID=636) to work on /usr/local/lib/python3.9/site-packages/airflow/example_dags/tutorial.py
[2024-10-03T20:33:04.004+0000] {processor.py:743} INFO - Processing file /usr/local/lib/python3.9/site-packages/airflow/example_dags/tutorial.py for tasks to queue
[2024-10-03T20:33:04.014+0000] {logging_mixin.py:137} INFO - [2024-10-03T20:33:04.013+0000] {dagbag.py:532} INFO - Filling up the DagBag from /usr/local/lib/python3.9/site-packages/airflow/example_dags/tutorial.py
[2024-10-03T20:33:04.026+0000] {processor.py:753} INFO - DAG(s) dict_keys(['tutorial']) retrieved from /usr/local/lib/python3.9/site-packages/airflow/example_dags/tutorial.py
[2024-10-03T20:33:04.040+0000] {logging_mixin.py:137} INFO - [2024-10-03T20:33:04.040+0000] {dag.py:2705} INFO - Sync 1 DAGs
[2024-10-03T20:33:04.052+0000] {logging_mixin.py:137} INFO - [2024-10-03T20:33:04.052+0000] {dag.py:3452} INFO - Setting next_dagrun for tutorial to 2024-10-02T20:33:04.052648+00:00, run_after=2024-10-03T20:33:04.052648+00:00
[2024-10-03T20:33:04.108+0000] {processor.py:175} INFO - Processing /usr/local/lib/python3.9/site-packages/airflow/example_dags/tutorial.py took 0.132 seconds
[2024-10-03T20:33:34.920+0000] {processor.py:153} INFO - Started process (PID=847) to work on /usr/local/lib/python3.9/site-packages/airflow/example_dags/tutorial.py
[2024-10-03T20:33:34.921+0000] {processor.py:743} INFO - Processing file /usr/local/lib/python3.9/site-packages/airflow/example_dags/tutorial.py for tasks to queue
[2024-10-03T20:33:34.921+0000] {logging_mixin.py:137} INFO - [2024-10-03T20:33:34.921+0000] {dagbag.py:532} INFO - Filling up the DagBag from /usr/local/lib/python3.9/site-packages/airflow/example_dags/tutorial.py
[2024-10-03T20:33:34.930+0000] {processor.py:753} INFO - DAG(s) dict_keys(['tutorial']) retrieved from /usr/local/lib/python3.9/site-packages/airflow/example_dags/tutorial.py
[2024-10-03T20:33:34.961+0000] {logging_mixin.py:137} INFO - [2024-10-03T20:33:34.961+0000] {dag.py:2705} INFO - Sync 1 DAGs
[2024-10-03T20:33:34.981+0000] {logging_mixin.py:137} INFO - [2024-10-03T20:33:34.981+0000] {dag.py:3452} INFO - Setting next_dagrun for tutorial to 2024-10-02T20:33:34.980342+00:00, run_after=2024-10-03T20:33:34.980342+00:00
[2024-10-03T20:33:34.996+0000] {processor.py:175} INFO - Processing /usr/local/lib/python3.9/site-packages/airflow/example_dags/tutorial.py took 0.078 seconds
[2024-10-03T20:34:05.924+0000] {processor.py:153} INFO - Started process (PID=1058) to work on /usr/local/lib/python3.9/site-packages/airflow/example_dags/tutorial.py
[2024-10-03T20:34:05.925+0000] {processor.py:743} INFO - Processing file /usr/local/lib/python3.9/site-packages/airflow/example_dags/tutorial.py for tasks to queue
[2024-10-03T20:34:05.925+0000] {logging_mixin.py:137} INFO - [2024-10-03T20:34:05.925+0000] {dagbag.py:532} INFO - Filling up the DagBag from /usr/local/lib/python3.9/site-packages/airflow/example_dags/tutorial.py
[2024-10-03T20:34:05.939+0000] {processor.py:753} INFO - DAG(s) dict_keys(['tutorial']) retrieved from /usr/local/lib/python3.9/site-packages/airflow/example_dags/tutorial.py
[2024-10-03T20:34:05.973+0000] {logging_mixin.py:137} INFO - [2024-10-03T20:34:05.973+0000] {dag.py:2705} INFO - Sync 1 DAGs
[2024-10-03T20:34:05.999+0000] {logging_mixin.py:137} INFO - [2024-10-03T20:34:05.999+0000] {dag.py:3452} INFO - Setting next_dagrun for tutorial to 2024-10-02T20:34:05.999035+00:00, run_after=2024-10-03T20:34:05.999035+00:00
[2024-10-03T20:34:06.011+0000] {processor.py:175} INFO - Processing /usr/local/lib/python3.9/site-packages/airflow/example_dags/tutorial.py took 0.090 seconds
[2024-10-03T20:34:36.680+0000] {processor.py:153} INFO - Started process (PID=1263) to work on /usr/local/lib/python3.9/site-packages/airflow/example_dags/tutorial.py
[2024-10-03T20:34:36.684+0000] {processor.py:743} INFO - Processing file /usr/local/lib/python3.9/site-packages/airflow/example_dags/tutorial.py for tasks to queue
[2024-10-03T20:34:36.684+0000] {logging_mixin.py:137} INFO - [2024-10-03T20:34:36.684+0000] {dagbag.py:532} INFO - Filling up the DagBag from /usr/local/lib/python3.9/site-packages/airflow/example_dags/tutorial.py
[2024-10-03T20:34:36.747+0000] {processor.py:753} INFO - DAG(s) dict_keys(['tutorial']) retrieved from /usr/local/lib/python3.9/site-packages/airflow/example_dags/tutorial.py
[2024-10-03T20:34:36.846+0000] {logging_mixin.py:137} INFO - [2024-10-03T20:34:36.846+0000] {dag.py:2705} INFO - Sync 1 DAGs
[2024-10-03T20:34:36.905+0000] {logging_mixin.py:137} INFO - [2024-10-03T20:34:36.903+0000] {dag.py:3452} INFO - Setting next_dagrun for tutorial to 2024-10-02T20:34:36.901961+00:00, run_after=2024-10-03T20:34:36.901961+00:00
[2024-10-03T20:34:36.982+0000] {processor.py:175} INFO - Processing /usr/local/lib/python3.9/site-packages/airflow/example_dags/tutorial.py took 0.305 seconds
[2024-10-03T20:35:08.978+0000] {processor.py:153} INFO - Started process (PID=1474) to work on /usr/local/lib/python3.9/site-packages/airflow/example_dags/tutorial.py
[2024-10-03T20:35:08.995+0000] {processor.py:743} INFO - Processing file /usr/local/lib/python3.9/site-packages/airflow/example_dags/tutorial.py for tasks to queue
[2024-10-03T20:35:09.017+0000] {logging_mixin.py:137} INFO - [2024-10-03T20:35:09.014+0000] {dagbag.py:532} INFO - Filling up the DagBag from /usr/local/lib/python3.9/site-packages/airflow/example_dags/tutorial.py
[2024-10-03T20:35:09.215+0000] {processor.py:753} INFO - DAG(s) dict_keys(['tutorial']) retrieved from /usr/local/lib/python3.9/site-packages/airflow/example_dags/tutorial.py
[2024-10-03T20:35:09.355+0000] {logging_mixin.py:137} INFO - [2024-10-03T20:35:09.353+0000] {dag.py:2705} INFO - Sync 1 DAGs
[2024-10-03T20:35:09.479+0000] {logging_mixin.py:137} INFO - [2024-10-03T20:35:09.479+0000] {dag.py:3452} INFO - Setting next_dagrun for tutorial to 2024-10-02T20:35:09.476936+00:00, run_after=2024-10-03T20:35:09.476936+00:00
[2024-10-03T20:35:09.508+0000] {processor.py:175} INFO - Processing /usr/local/lib/python3.9/site-packages/airflow/example_dags/tutorial.py took 0.576 seconds
[2024-10-03T20:35:40.174+0000] {processor.py:153} INFO - Started process (PID=1687) to work on /usr/local/lib/python3.9/site-packages/airflow/example_dags/tutorial.py
[2024-10-03T20:35:40.176+0000] {processor.py:743} INFO - Processing file /usr/local/lib/python3.9/site-packages/airflow/example_dags/tutorial.py for tasks to queue
[2024-10-03T20:35:40.177+0000] {logging_mixin.py:137} INFO - [2024-10-03T20:35:40.177+0000] {dagbag.py:532} INFO - Filling up the DagBag from /usr/local/lib/python3.9/site-packages/airflow/example_dags/tutorial.py
[2024-10-03T20:35:40.187+0000] {processor.py:753} INFO - DAG(s) dict_keys(['tutorial']) retrieved from /usr/local/lib/python3.9/site-packages/airflow/example_dags/tutorial.py
[2024-10-03T20:35:40.201+0000] {logging_mixin.py:137} INFO - [2024-10-03T20:35:40.200+0000] {dag.py:2705} INFO - Sync 1 DAGs
[2024-10-03T20:35:40.220+0000] {logging_mixin.py:137} INFO - [2024-10-03T20:35:40.220+0000] {dag.py:3452} INFO - Setting next_dagrun for tutorial to 2024-10-02T20:35:40.220151+00:00, run_after=2024-10-03T20:35:40.220151+00:00
[2024-10-03T20:35:40.229+0000] {processor.py:175} INFO - Processing /usr/local/lib/python3.9/site-packages/airflow/example_dags/tutorial.py took 0.056 seconds
[2024-10-03T20:36:10.955+0000] {processor.py:153} INFO - Started process (PID=1898) to work on /usr/local/lib/python3.9/site-packages/airflow/example_dags/tutorial.py
[2024-10-03T20:36:10.956+0000] {processor.py:743} INFO - Processing file /usr/local/lib/python3.9/site-packages/airflow/example_dags/tutorial.py for tasks to queue
[2024-10-03T20:36:10.957+0000] {logging_mixin.py:137} INFO - [2024-10-03T20:36:10.957+0000] {dagbag.py:532} INFO - Filling up the DagBag from /usr/local/lib/python3.9/site-packages/airflow/example_dags/tutorial.py
[2024-10-03T20:36:10.981+0000] {processor.py:753} INFO - DAG(s) dict_keys(['tutorial']) retrieved from /usr/local/lib/python3.9/site-packages/airflow/example_dags/tutorial.py
[2024-10-03T20:36:11.010+0000] {logging_mixin.py:137} INFO - [2024-10-03T20:36:11.010+0000] {dag.py:2705} INFO - Sync 1 DAGs
[2024-10-03T20:36:11.225+0000] {logging_mixin.py:137} INFO - [2024-10-03T20:36:11.225+0000] {dag.py:3452} INFO - Setting next_dagrun for tutorial to 2024-10-02T20:36:11.224981+00:00, run_after=2024-10-03T20:36:11.224981+00:00
[2024-10-03T20:36:11.233+0000] {processor.py:175} INFO - Processing /usr/local/lib/python3.9/site-packages/airflow/example_dags/tutorial.py took 0.283 seconds
[2024-10-03T20:36:41.462+0000] {processor.py:153} INFO - Started process (PID=2109) to work on /usr/local/lib/python3.9/site-packages/airflow/example_dags/tutorial.py
[2024-10-03T20:36:41.463+0000] {processor.py:743} INFO - Processing file /usr/local/lib/python3.9/site-packages/airflow/example_dags/tutorial.py for tasks to queue
[2024-10-03T20:36:41.464+0000] {logging_mixin.py:137} INFO - [2024-10-03T20:36:41.463+0000] {dagbag.py:532} INFO - Filling up the DagBag from /usr/local/lib/python3.9/site-packages/airflow/example_dags/tutorial.py
[2024-10-03T20:36:41.481+0000] {processor.py:753} INFO - DAG(s) dict_keys(['tutorial']) retrieved from /usr/local/lib/python3.9/site-packages/airflow/example_dags/tutorial.py
[2024-10-03T20:36:41.603+0000] {logging_mixin.py:137} INFO - [2024-10-03T20:36:41.603+0000] {dag.py:2705} INFO - Sync 1 DAGs
[2024-10-03T20:36:41.614+0000] {logging_mixin.py:137} INFO - [2024-10-03T20:36:41.614+0000] {dag.py:3452} INFO - Setting next_dagrun for tutorial to 2024-10-02T20:36:41.614131+00:00, run_after=2024-10-03T20:36:41.614131+00:00
[2024-10-03T20:36:41.625+0000] {processor.py:175} INFO - Processing /usr/local/lib/python3.9/site-packages/airflow/example_dags/tutorial.py took 0.167 seconds
[2024-10-03T20:37:12.337+0000] {processor.py:153} INFO - Started process (PID=2320) to work on /usr/local/lib/python3.9/site-packages/airflow/example_dags/tutorial.py
[2024-10-03T20:37:12.338+0000] {processor.py:743} INFO - Processing file /usr/local/lib/python3.9/site-packages/airflow/example_dags/tutorial.py for tasks to queue
[2024-10-03T20:37:12.339+0000] {logging_mixin.py:137} INFO - [2024-10-03T20:37:12.338+0000] {dagbag.py:532} INFO - Filling up the DagBag from /usr/local/lib/python3.9/site-packages/airflow/example_dags/tutorial.py
[2024-10-03T20:37:12.442+0000] {processor.py:753} INFO - DAG(s) dict_keys(['tutorial']) retrieved from /usr/local/lib/python3.9/site-packages/airflow/example_dags/tutorial.py
[2024-10-03T20:37:12.453+0000] {logging_mixin.py:137} INFO - [2024-10-03T20:37:12.453+0000] {dag.py:2705} INFO - Sync 1 DAGs
[2024-10-03T20:37:12.464+0000] {logging_mixin.py:137} INFO - [2024-10-03T20:37:12.464+0000] {dag.py:3452} INFO - Setting next_dagrun for tutorial to 2024-10-02T20:37:12.464175+00:00, run_after=2024-10-03T20:37:12.464175+00:00
[2024-10-03T20:37:12.472+0000] {processor.py:175} INFO - Processing /usr/local/lib/python3.9/site-packages/airflow/example_dags/tutorial.py took 0.138 seconds
[2024-10-03T20:37:43.167+0000] {processor.py:153} INFO - Started process (PID=2531) to work on /usr/local/lib/python3.9/site-packages/airflow/example_dags/tutorial.py
[2024-10-03T20:37:43.169+0000] {processor.py:743} INFO - Processing file /usr/local/lib/python3.9/site-packages/airflow/example_dags/tutorial.py for tasks to queue
[2024-10-03T20:37:43.170+0000] {logging_mixin.py:137} INFO - [2024-10-03T20:37:43.170+0000] {dagbag.py:532} INFO - Filling up the DagBag from /usr/local/lib/python3.9/site-packages/airflow/example_dags/tutorial.py
[2024-10-03T20:37:43.188+0000] {processor.py:753} INFO - DAG(s) dict_keys(['tutorial']) retrieved from /usr/local/lib/python3.9/site-packages/airflow/example_dags/tutorial.py
[2024-10-03T20:37:43.216+0000] {logging_mixin.py:137} INFO - [2024-10-03T20:37:43.216+0000] {dag.py:2705} INFO - Sync 1 DAGs
[2024-10-03T20:37:43.231+0000] {logging_mixin.py:137} INFO - [2024-10-03T20:37:43.231+0000] {dag.py:3452} INFO - Setting next_dagrun for tutorial to 2024-10-02T20:37:43.231373+00:00, run_after=2024-10-03T20:37:43.231373+00:00
[2024-10-03T20:37:43.244+0000] {processor.py:175} INFO - Processing /usr/local/lib/python3.9/site-packages/airflow/example_dags/tutorial.py took 0.084 seconds
[2024-10-03T20:38:13.385+0000] {processor.py:153} INFO - Started process (PID=2742) to work on /usr/local/lib/python3.9/site-packages/airflow/example_dags/tutorial.py
[2024-10-03T20:38:13.386+0000] {processor.py:743} INFO - Processing file /usr/local/lib/python3.9/site-packages/airflow/example_dags/tutorial.py for tasks to queue
[2024-10-03T20:38:13.386+0000] {logging_mixin.py:137} INFO - [2024-10-03T20:38:13.386+0000] {dagbag.py:532} INFO - Filling up the DagBag from /usr/local/lib/python3.9/site-packages/airflow/example_dags/tutorial.py
[2024-10-03T20:38:13.399+0000] {processor.py:753} INFO - DAG(s) dict_keys(['tutorial']) retrieved from /usr/local/lib/python3.9/site-packages/airflow/example_dags/tutorial.py
[2024-10-03T20:38:13.420+0000] {logging_mixin.py:137} INFO - [2024-10-03T20:38:13.420+0000] {dag.py:2705} INFO - Sync 1 DAGs
[2024-10-03T20:38:13.432+0000] {logging_mixin.py:137} INFO - [2024-10-03T20:38:13.432+0000] {dag.py:3452} INFO - Setting next_dagrun for tutorial to 2024-10-02T20:38:13.432460+00:00, run_after=2024-10-03T20:38:13.432460+00:00
[2024-10-03T20:38:13.445+0000] {processor.py:175} INFO - Processing /usr/local/lib/python3.9/site-packages/airflow/example_dags/tutorial.py took 0.062 seconds
[2024-10-03T20:38:44.122+0000] {processor.py:153} INFO - Started process (PID=2953) to work on /usr/local/lib/python3.9/site-packages/airflow/example_dags/tutorial.py
[2024-10-03T20:38:44.123+0000] {processor.py:743} INFO - Processing file /usr/local/lib/python3.9/site-packages/airflow/example_dags/tutorial.py for tasks to queue
[2024-10-03T20:38:44.124+0000] {logging_mixin.py:137} INFO - [2024-10-03T20:38:44.123+0000] {dagbag.py:532} INFO - Filling up the DagBag from /usr/local/lib/python3.9/site-packages/airflow/example_dags/tutorial.py
[2024-10-03T20:38:44.139+0000] {processor.py:753} INFO - DAG(s) dict_keys(['tutorial']) retrieved from /usr/local/lib/python3.9/site-packages/airflow/example_dags/tutorial.py
[2024-10-03T20:38:44.160+0000] {logging_mixin.py:137} INFO - [2024-10-03T20:38:44.160+0000] {dag.py:2705} INFO - Sync 1 DAGs
[2024-10-03T20:38:44.171+0000] {logging_mixin.py:137} INFO - [2024-10-03T20:38:44.171+0000] {dag.py:3452} INFO - Setting next_dagrun for tutorial to 2024-10-02T20:38:44.171699+00:00, run_after=2024-10-03T20:38:44.171699+00:00
[2024-10-03T20:38:44.182+0000] {processor.py:175} INFO - Processing /usr/local/lib/python3.9/site-packages/airflow/example_dags/tutorial.py took 0.064 seconds
[2024-10-03T20:39:14.928+0000] {processor.py:153} INFO - Started process (PID=3164) to work on /usr/local/lib/python3.9/site-packages/airflow/example_dags/tutorial.py
[2024-10-03T20:39:14.929+0000] {processor.py:743} INFO - Processing file /usr/local/lib/python3.9/site-packages/airflow/example_dags/tutorial.py for tasks to queue
[2024-10-03T20:39:14.931+0000] {logging_mixin.py:137} INFO - [2024-10-03T20:39:14.931+0000] {dagbag.py:532} INFO - Filling up the DagBag from /usr/local/lib/python3.9/site-packages/airflow/example_dags/tutorial.py
[2024-10-03T20:39:14.947+0000] {processor.py:753} INFO - DAG(s) dict_keys(['tutorial']) retrieved from /usr/local/lib/python3.9/site-packages/airflow/example_dags/tutorial.py
[2024-10-03T20:39:14.963+0000] {logging_mixin.py:137} INFO - [2024-10-03T20:39:14.963+0000] {dag.py:2705} INFO - Sync 1 DAGs
[2024-10-03T20:39:14.979+0000] {logging_mixin.py:137} INFO - [2024-10-03T20:39:14.979+0000] {dag.py:3452} INFO - Setting next_dagrun for tutorial to 2024-10-02T20:39:14.978980+00:00, run_after=2024-10-03T20:39:14.978980+00:00
[2024-10-03T20:39:14.993+0000] {processor.py:175} INFO - Processing /usr/local/lib/python3.9/site-packages/airflow/example_dags/tutorial.py took 0.070 seconds
[2024-10-03T20:39:45.718+0000] {processor.py:153} INFO - Started process (PID=3375) to work on /usr/local/lib/python3.9/site-packages/airflow/example_dags/tutorial.py
[2024-10-03T20:39:45.719+0000] {processor.py:743} INFO - Processing file /usr/local/lib/python3.9/site-packages/airflow/example_dags/tutorial.py for tasks to queue
[2024-10-03T20:39:45.720+0000] {logging_mixin.py:137} INFO - [2024-10-03T20:39:45.719+0000] {dagbag.py:532} INFO - Filling up the DagBag from /usr/local/lib/python3.9/site-packages/airflow/example_dags/tutorial.py
[2024-10-03T20:39:45.732+0000] {processor.py:753} INFO - DAG(s) dict_keys(['tutorial']) retrieved from /usr/local/lib/python3.9/site-packages/airflow/example_dags/tutorial.py
[2024-10-03T20:39:45.750+0000] {logging_mixin.py:137} INFO - [2024-10-03T20:39:45.750+0000] {dag.py:2705} INFO - Sync 1 DAGs
[2024-10-03T20:39:45.775+0000] {logging_mixin.py:137} INFO - [2024-10-03T20:39:45.775+0000] {dag.py:3452} INFO - Setting next_dagrun for tutorial to 2024-10-02T20:39:45.775267+00:00, run_after=2024-10-03T20:39:45.775267+00:00
[2024-10-03T20:39:45.786+0000] {processor.py:175} INFO - Processing /usr/local/lib/python3.9/site-packages/airflow/example_dags/tutorial.py took 0.071 seconds
[2024-10-03T20:40:16.561+0000] {processor.py:153} INFO - Started process (PID=3586) to work on /usr/local/lib/python3.9/site-packages/airflow/example_dags/tutorial.py
[2024-10-03T20:40:16.562+0000] {processor.py:743} INFO - Processing file /usr/local/lib/python3.9/site-packages/airflow/example_dags/tutorial.py for tasks to queue
[2024-10-03T20:40:16.563+0000] {logging_mixin.py:137} INFO - [2024-10-03T20:40:16.563+0000] {dagbag.py:532} INFO - Filling up the DagBag from /usr/local/lib/python3.9/site-packages/airflow/example_dags/tutorial.py
[2024-10-03T20:40:16.580+0000] {processor.py:753} INFO - DAG(s) dict_keys(['tutorial']) retrieved from /usr/local/lib/python3.9/site-packages/airflow/example_dags/tutorial.py
[2024-10-03T20:40:16.611+0000] {logging_mixin.py:137} INFO - [2024-10-03T20:40:16.611+0000] {dag.py:2705} INFO - Sync 1 DAGs
[2024-10-03T20:40:16.629+0000] {logging_mixin.py:137} INFO - [2024-10-03T20:40:16.629+0000] {dag.py:3452} INFO - Setting next_dagrun for tutorial to 2024-10-02T20:40:16.629635+00:00, run_after=2024-10-03T20:40:16.629635+00:00
[2024-10-03T20:40:16.643+0000] {processor.py:175} INFO - Processing /usr/local/lib/python3.9/site-packages/airflow/example_dags/tutorial.py took 0.086 seconds
[2024-10-03T20:40:47.459+0000] {processor.py:153} INFO - Started process (PID=3797) to work on /usr/local/lib/python3.9/site-packages/airflow/example_dags/tutorial.py
[2024-10-03T20:40:47.461+0000] {processor.py:743} INFO - Processing file /usr/local/lib/python3.9/site-packages/airflow/example_dags/tutorial.py for tasks to queue
[2024-10-03T20:40:47.462+0000] {logging_mixin.py:137} INFO - [2024-10-03T20:40:47.462+0000] {dagbag.py:532} INFO - Filling up the DagBag from /usr/local/lib/python3.9/site-packages/airflow/example_dags/tutorial.py
[2024-10-03T20:40:47.481+0000] {processor.py:753} INFO - DAG(s) dict_keys(['tutorial']) retrieved from /usr/local/lib/python3.9/site-packages/airflow/example_dags/tutorial.py
[2024-10-03T20:40:47.522+0000] {logging_mixin.py:137} INFO - [2024-10-03T20:40:47.522+0000] {dag.py:2705} INFO - Sync 1 DAGs
[2024-10-03T20:40:47.537+0000] {logging_mixin.py:137} INFO - [2024-10-03T20:40:47.537+0000] {dag.py:3452} INFO - Setting next_dagrun for tutorial to 2024-10-02T20:40:47.537291+00:00, run_after=2024-10-03T20:40:47.537291+00:00
[2024-10-03T20:40:47.549+0000] {processor.py:175} INFO - Processing /usr/local/lib/python3.9/site-packages/airflow/example_dags/tutorial.py took 0.093 seconds
[2024-10-03T20:41:18.249+0000] {processor.py:153} INFO - Started process (PID=4008) to work on /usr/local/lib/python3.9/site-packages/airflow/example_dags/tutorial.py
[2024-10-03T20:41:18.251+0000] {processor.py:743} INFO - Processing file /usr/local/lib/python3.9/site-packages/airflow/example_dags/tutorial.py for tasks to queue
[2024-10-03T20:41:18.253+0000] {logging_mixin.py:137} INFO - [2024-10-03T20:41:18.252+0000] {dagbag.py:532} INFO - Filling up the DagBag from /usr/local/lib/python3.9/site-packages/airflow/example_dags/tutorial.py
[2024-10-03T20:41:18.269+0000] {processor.py:753} INFO - DAG(s) dict_keys(['tutorial']) retrieved from /usr/local/lib/python3.9/site-packages/airflow/example_dags/tutorial.py
[2024-10-03T20:41:18.288+0000] {logging_mixin.py:137} INFO - [2024-10-03T20:41:18.288+0000] {dag.py:2705} INFO - Sync 1 DAGs
[2024-10-03T20:41:18.301+0000] {logging_mixin.py:137} INFO - [2024-10-03T20:41:18.301+0000] {dag.py:3452} INFO - Setting next_dagrun for tutorial to 2024-10-02T20:41:18.301611+00:00, run_after=2024-10-03T20:41:18.301611+00:00
[2024-10-03T20:41:18.314+0000] {processor.py:175} INFO - Processing /usr/local/lib/python3.9/site-packages/airflow/example_dags/tutorial.py took 0.069 seconds
[2024-10-03T20:41:48.869+0000] {processor.py:153} INFO - Started process (PID=4219) to work on /usr/local/lib/python3.9/site-packages/airflow/example_dags/tutorial.py
[2024-10-03T20:41:48.872+0000] {processor.py:743} INFO - Processing file /usr/local/lib/python3.9/site-packages/airflow/example_dags/tutorial.py for tasks to queue
[2024-10-03T20:41:48.873+0000] {logging_mixin.py:137} INFO - [2024-10-03T20:41:48.873+0000] {dagbag.py:532} INFO - Filling up the DagBag from /usr/local/lib/python3.9/site-packages/airflow/example_dags/tutorial.py
[2024-10-03T20:41:48.888+0000] {processor.py:753} INFO - DAG(s) dict_keys(['tutorial']) retrieved from /usr/local/lib/python3.9/site-packages/airflow/example_dags/tutorial.py
[2024-10-03T20:41:48.906+0000] {logging_mixin.py:137} INFO - [2024-10-03T20:41:48.906+0000] {dag.py:2705} INFO - Sync 1 DAGs
[2024-10-03T20:41:48.920+0000] {logging_mixin.py:137} INFO - [2024-10-03T20:41:48.920+0000] {dag.py:3452} INFO - Setting next_dagrun for tutorial to 2024-10-02T20:41:48.920641+00:00, run_after=2024-10-03T20:41:48.920641+00:00
[2024-10-03T20:41:48.931+0000] {processor.py:175} INFO - Processing /usr/local/lib/python3.9/site-packages/airflow/example_dags/tutorial.py took 0.067 seconds
[2024-10-03T20:42:19.518+0000] {processor.py:153} INFO - Started process (PID=4430) to work on /usr/local/lib/python3.9/site-packages/airflow/example_dags/tutorial.py
[2024-10-03T20:42:19.520+0000] {processor.py:743} INFO - Processing file /usr/local/lib/python3.9/site-packages/airflow/example_dags/tutorial.py for tasks to queue
[2024-10-03T20:42:19.521+0000] {logging_mixin.py:137} INFO - [2024-10-03T20:42:19.521+0000] {dagbag.py:532} INFO - Filling up the DagBag from /usr/local/lib/python3.9/site-packages/airflow/example_dags/tutorial.py
[2024-10-03T20:42:19.538+0000] {processor.py:753} INFO - DAG(s) dict_keys(['tutorial']) retrieved from /usr/local/lib/python3.9/site-packages/airflow/example_dags/tutorial.py
[2024-10-03T20:42:19.557+0000] {logging_mixin.py:137} INFO - [2024-10-03T20:42:19.557+0000] {dag.py:2705} INFO - Sync 1 DAGs
[2024-10-03T20:42:19.572+0000] {logging_mixin.py:137} INFO - [2024-10-03T20:42:19.572+0000] {dag.py:3452} INFO - Setting next_dagrun for tutorial to 2024-10-02T20:42:19.571903+00:00, run_after=2024-10-03T20:42:19.571903+00:00
[2024-10-03T20:42:19.584+0000] {processor.py:175} INFO - Processing /usr/local/lib/python3.9/site-packages/airflow/example_dags/tutorial.py took 0.069 seconds
[2024-10-03T20:42:50.223+0000] {processor.py:153} INFO - Started process (PID=4641) to work on /usr/local/lib/python3.9/site-packages/airflow/example_dags/tutorial.py
[2024-10-03T20:42:50.225+0000] {processor.py:743} INFO - Processing file /usr/local/lib/python3.9/site-packages/airflow/example_dags/tutorial.py for tasks to queue
[2024-10-03T20:42:50.226+0000] {logging_mixin.py:137} INFO - [2024-10-03T20:42:50.226+0000] {dagbag.py:532} INFO - Filling up the DagBag from /usr/local/lib/python3.9/site-packages/airflow/example_dags/tutorial.py
[2024-10-03T20:42:50.237+0000] {processor.py:753} INFO - DAG(s) dict_keys(['tutorial']) retrieved from /usr/local/lib/python3.9/site-packages/airflow/example_dags/tutorial.py
[2024-10-03T20:42:50.252+0000] {logging_mixin.py:137} INFO - [2024-10-03T20:42:50.252+0000] {dag.py:2705} INFO - Sync 1 DAGs
[2024-10-03T20:42:50.265+0000] {logging_mixin.py:137} INFO - [2024-10-03T20:42:50.265+0000] {dag.py:3452} INFO - Setting next_dagrun for tutorial to 2024-10-02T20:42:50.265235+00:00, run_after=2024-10-03T20:42:50.265235+00:00
[2024-10-03T20:42:50.276+0000] {processor.py:175} INFO - Processing /usr/local/lib/python3.9/site-packages/airflow/example_dags/tutorial.py took 0.059 seconds
[2024-10-03T20:43:20.829+0000] {processor.py:153} INFO - Started process (PID=4852) to work on /usr/local/lib/python3.9/site-packages/airflow/example_dags/tutorial.py
[2024-10-03T20:43:20.831+0000] {processor.py:743} INFO - Processing file /usr/local/lib/python3.9/site-packages/airflow/example_dags/tutorial.py for tasks to queue
[2024-10-03T20:43:20.832+0000] {logging_mixin.py:137} INFO - [2024-10-03T20:43:20.832+0000] {dagbag.py:532} INFO - Filling up the DagBag from /usr/local/lib/python3.9/site-packages/airflow/example_dags/tutorial.py
[2024-10-03T20:43:20.849+0000] {processor.py:753} INFO - DAG(s) dict_keys(['tutorial']) retrieved from /usr/local/lib/python3.9/site-packages/airflow/example_dags/tutorial.py
[2024-10-03T20:43:20.865+0000] {logging_mixin.py:137} INFO - [2024-10-03T20:43:20.865+0000] {dag.py:2705} INFO - Sync 1 DAGs
[2024-10-03T20:43:20.879+0000] {logging_mixin.py:137} INFO - [2024-10-03T20:43:20.878+0000] {dag.py:3452} INFO - Setting next_dagrun for tutorial to 2024-10-02T20:43:20.878811+00:00, run_after=2024-10-03T20:43:20.878811+00:00
[2024-10-03T20:43:20.889+0000] {processor.py:175} INFO - Processing /usr/local/lib/python3.9/site-packages/airflow/example_dags/tutorial.py took 0.065 seconds
[2024-10-03T20:43:51.437+0000] {processor.py:153} INFO - Started process (PID=5063) to work on /usr/local/lib/python3.9/site-packages/airflow/example_dags/tutorial.py
[2024-10-03T20:43:51.439+0000] {processor.py:743} INFO - Processing file /usr/local/lib/python3.9/site-packages/airflow/example_dags/tutorial.py for tasks to queue
[2024-10-03T20:43:51.440+0000] {logging_mixin.py:137} INFO - [2024-10-03T20:43:51.439+0000] {dagbag.py:532} INFO - Filling up the DagBag from /usr/local/lib/python3.9/site-packages/airflow/example_dags/tutorial.py
[2024-10-03T20:43:51.457+0000] {processor.py:753} INFO - DAG(s) dict_keys(['tutorial']) retrieved from /usr/local/lib/python3.9/site-packages/airflow/example_dags/tutorial.py
[2024-10-03T20:43:51.475+0000] {logging_mixin.py:137} INFO - [2024-10-03T20:43:51.475+0000] {dag.py:2705} INFO - Sync 1 DAGs
[2024-10-03T20:43:51.491+0000] {logging_mixin.py:137} INFO - [2024-10-03T20:43:51.491+0000] {dag.py:3452} INFO - Setting next_dagrun for tutorial to 2024-10-02T20:43:51.490821+00:00, run_after=2024-10-03T20:43:51.490821+00:00
[2024-10-03T20:43:51.502+0000] {processor.py:175} INFO - Processing /usr/local/lib/python3.9/site-packages/airflow/example_dags/tutorial.py took 0.069 seconds
[2024-10-03T20:44:22.147+0000] {processor.py:153} INFO - Started process (PID=5274) to work on /usr/local/lib/python3.9/site-packages/airflow/example_dags/tutorial.py
[2024-10-03T20:44:22.148+0000] {processor.py:743} INFO - Processing file /usr/local/lib/python3.9/site-packages/airflow/example_dags/tutorial.py for tasks to queue
[2024-10-03T20:44:22.149+0000] {logging_mixin.py:137} INFO - [2024-10-03T20:44:22.149+0000] {dagbag.py:532} INFO - Filling up the DagBag from /usr/local/lib/python3.9/site-packages/airflow/example_dags/tutorial.py
[2024-10-03T20:44:22.167+0000] {processor.py:753} INFO - DAG(s) dict_keys(['tutorial']) retrieved from /usr/local/lib/python3.9/site-packages/airflow/example_dags/tutorial.py
[2024-10-03T20:44:22.187+0000] {logging_mixin.py:137} INFO - [2024-10-03T20:44:22.187+0000] {dag.py:2705} INFO - Sync 1 DAGs
[2024-10-03T20:44:22.201+0000] {logging_mixin.py:137} INFO - [2024-10-03T20:44:22.201+0000] {dag.py:3452} INFO - Setting next_dagrun for tutorial to 2024-10-02T20:44:22.201346+00:00, run_after=2024-10-03T20:44:22.201346+00:00
[2024-10-03T20:44:22.213+0000] {processor.py:175} INFO - Processing /usr/local/lib/python3.9/site-packages/airflow/example_dags/tutorial.py took 0.071 seconds
[2024-10-03T20:44:52.810+0000] {processor.py:153} INFO - Started process (PID=5485) to work on /usr/local/lib/python3.9/site-packages/airflow/example_dags/tutorial.py
[2024-10-03T20:44:52.812+0000] {processor.py:743} INFO - Processing file /usr/local/lib/python3.9/site-packages/airflow/example_dags/tutorial.py for tasks to queue
[2024-10-03T20:44:52.812+0000] {logging_mixin.py:137} INFO - [2024-10-03T20:44:52.812+0000] {dagbag.py:532} INFO - Filling up the DagBag from /usr/local/lib/python3.9/site-packages/airflow/example_dags/tutorial.py
[2024-10-03T20:44:52.824+0000] {processor.py:753} INFO - DAG(s) dict_keys(['tutorial']) retrieved from /usr/local/lib/python3.9/site-packages/airflow/example_dags/tutorial.py
[2024-10-03T20:44:52.840+0000] {logging_mixin.py:137} INFO - [2024-10-03T20:44:52.840+0000] {dag.py:2705} INFO - Sync 1 DAGs
[2024-10-03T20:44:52.855+0000] {logging_mixin.py:137} INFO - [2024-10-03T20:44:52.855+0000] {dag.py:3452} INFO - Setting next_dagrun for tutorial to 2024-10-02T20:44:52.855364+00:00, run_after=2024-10-03T20:44:52.855364+00:00
[2024-10-03T20:44:52.866+0000] {processor.py:175} INFO - Processing /usr/local/lib/python3.9/site-packages/airflow/example_dags/tutorial.py took 0.060 seconds
[2024-10-03T20:45:23.465+0000] {processor.py:153} INFO - Started process (PID=5696) to work on /usr/local/lib/python3.9/site-packages/airflow/example_dags/tutorial.py
[2024-10-03T20:45:23.467+0000] {processor.py:743} INFO - Processing file /usr/local/lib/python3.9/site-packages/airflow/example_dags/tutorial.py for tasks to queue
[2024-10-03T20:45:23.467+0000] {logging_mixin.py:137} INFO - [2024-10-03T20:45:23.467+0000] {dagbag.py:532} INFO - Filling up the DagBag from /usr/local/lib/python3.9/site-packages/airflow/example_dags/tutorial.py
[2024-10-03T20:45:23.484+0000] {processor.py:753} INFO - DAG(s) dict_keys(['tutorial']) retrieved from /usr/local/lib/python3.9/site-packages/airflow/example_dags/tutorial.py
[2024-10-03T20:45:23.509+0000] {logging_mixin.py:137} INFO - [2024-10-03T20:45:23.509+0000] {dag.py:2705} INFO - Sync 1 DAGs
[2024-10-03T20:45:23.522+0000] {logging_mixin.py:137} INFO - [2024-10-03T20:45:23.522+0000] {dag.py:3452} INFO - Setting next_dagrun for tutorial to 2024-10-02T20:45:23.521932+00:00, run_after=2024-10-03T20:45:23.521932+00:00
[2024-10-03T20:45:23.534+0000] {processor.py:175} INFO - Processing /usr/local/lib/python3.9/site-packages/airflow/example_dags/tutorial.py took 0.072 seconds
[2024-10-03T20:45:54.165+0000] {processor.py:153} INFO - Started process (PID=5907) to work on /usr/local/lib/python3.9/site-packages/airflow/example_dags/tutorial.py
[2024-10-03T20:45:54.167+0000] {processor.py:743} INFO - Processing file /usr/local/lib/python3.9/site-packages/airflow/example_dags/tutorial.py for tasks to queue
[2024-10-03T20:45:54.167+0000] {logging_mixin.py:137} INFO - [2024-10-03T20:45:54.167+0000] {dagbag.py:532} INFO - Filling up the DagBag from /usr/local/lib/python3.9/site-packages/airflow/example_dags/tutorial.py
[2024-10-03T20:45:54.188+0000] {processor.py:753} INFO - DAG(s) dict_keys(['tutorial']) retrieved from /usr/local/lib/python3.9/site-packages/airflow/example_dags/tutorial.py
[2024-10-03T20:45:54.208+0000] {logging_mixin.py:137} INFO - [2024-10-03T20:45:54.208+0000] {dag.py:2705} INFO - Sync 1 DAGs
[2024-10-03T20:45:54.223+0000] {logging_mixin.py:137} INFO - [2024-10-03T20:45:54.223+0000] {dag.py:3452} INFO - Setting next_dagrun for tutorial to 2024-10-02T20:45:54.223034+00:00, run_after=2024-10-03T20:45:54.223034+00:00
[2024-10-03T20:45:54.233+0000] {processor.py:175} INFO - Processing /usr/local/lib/python3.9/site-packages/airflow/example_dags/tutorial.py took 0.078 seconds
[2024-10-03T20:46:24.954+0000] {processor.py:153} INFO - Started process (PID=6118) to work on /usr/local/lib/python3.9/site-packages/airflow/example_dags/tutorial.py
[2024-10-03T20:46:24.957+0000] {processor.py:743} INFO - Processing file /usr/local/lib/python3.9/site-packages/airflow/example_dags/tutorial.py for tasks to queue
[2024-10-03T20:46:24.957+0000] {logging_mixin.py:137} INFO - [2024-10-03T20:46:24.957+0000] {dagbag.py:532} INFO - Filling up the DagBag from /usr/local/lib/python3.9/site-packages/airflow/example_dags/tutorial.py
[2024-10-03T20:46:24.970+0000] {processor.py:753} INFO - DAG(s) dict_keys(['tutorial']) retrieved from /usr/local/lib/python3.9/site-packages/airflow/example_dags/tutorial.py
[2024-10-03T20:46:24.998+0000] {logging_mixin.py:137} INFO - [2024-10-03T20:46:24.998+0000] {dag.py:2705} INFO - Sync 1 DAGs
[2024-10-03T20:46:25.021+0000] {logging_mixin.py:137} INFO - [2024-10-03T20:46:25.021+0000] {dag.py:3452} INFO - Setting next_dagrun for tutorial to 2024-10-02T20:46:25.021416+00:00, run_after=2024-10-03T20:46:25.021416+00:00
[2024-10-03T20:46:25.032+0000] {processor.py:175} INFO - Processing /usr/local/lib/python3.9/site-packages/airflow/example_dags/tutorial.py took 0.082 seconds
[2024-10-03T20:46:55.576+0000] {processor.py:153} INFO - Started process (PID=6329) to work on /usr/local/lib/python3.9/site-packages/airflow/example_dags/tutorial.py
[2024-10-03T20:46:55.578+0000] {processor.py:743} INFO - Processing file /usr/local/lib/python3.9/site-packages/airflow/example_dags/tutorial.py for tasks to queue
[2024-10-03T20:46:55.579+0000] {logging_mixin.py:137} INFO - [2024-10-03T20:46:55.579+0000] {dagbag.py:532} INFO - Filling up the DagBag from /usr/local/lib/python3.9/site-packages/airflow/example_dags/tutorial.py
[2024-10-03T20:46:55.593+0000] {processor.py:753} INFO - DAG(s) dict_keys(['tutorial']) retrieved from /usr/local/lib/python3.9/site-packages/airflow/example_dags/tutorial.py
[2024-10-03T20:46:55.609+0000] {logging_mixin.py:137} INFO - [2024-10-03T20:46:55.609+0000] {dag.py:2705} INFO - Sync 1 DAGs
[2024-10-03T20:46:55.624+0000] {logging_mixin.py:137} INFO - [2024-10-03T20:46:55.624+0000] {dag.py:3452} INFO - Setting next_dagrun for tutorial to 2024-10-02T20:46:55.624337+00:00, run_after=2024-10-03T20:46:55.624337+00:00
[2024-10-03T20:46:55.634+0000] {processor.py:175} INFO - Processing /usr/local/lib/python3.9/site-packages/airflow/example_dags/tutorial.py took 0.062 seconds
[2024-10-03T20:47:26.088+0000] {processor.py:153} INFO - Started process (PID=6540) to work on /usr/local/lib/python3.9/site-packages/airflow/example_dags/tutorial.py
[2024-10-03T20:47:26.090+0000] {processor.py:743} INFO - Processing file /usr/local/lib/python3.9/site-packages/airflow/example_dags/tutorial.py for tasks to queue
[2024-10-03T20:47:26.091+0000] {logging_mixin.py:137} INFO - [2024-10-03T20:47:26.090+0000] {dagbag.py:532} INFO - Filling up the DagBag from /usr/local/lib/python3.9/site-packages/airflow/example_dags/tutorial.py
[2024-10-03T20:47:26.102+0000] {processor.py:753} INFO - DAG(s) dict_keys(['tutorial']) retrieved from /usr/local/lib/python3.9/site-packages/airflow/example_dags/tutorial.py
[2024-10-03T20:47:26.118+0000] {logging_mixin.py:137} INFO - [2024-10-03T20:47:26.118+0000] {dag.py:2705} INFO - Sync 1 DAGs
[2024-10-03T20:47:26.134+0000] {logging_mixin.py:137} INFO - [2024-10-03T20:47:26.134+0000] {dag.py:3452} INFO - Setting next_dagrun for tutorial to 2024-10-02T20:47:26.134178+00:00, run_after=2024-10-03T20:47:26.134178+00:00
[2024-10-03T20:47:26.145+0000] {processor.py:175} INFO - Processing /usr/local/lib/python3.9/site-packages/airflow/example_dags/tutorial.py took 0.061 seconds
[2024-10-03T20:47:56.744+0000] {processor.py:153} INFO - Started process (PID=6751) to work on /usr/local/lib/python3.9/site-packages/airflow/example_dags/tutorial.py
[2024-10-03T20:47:56.746+0000] {processor.py:743} INFO - Processing file /usr/local/lib/python3.9/site-packages/airflow/example_dags/tutorial.py for tasks to queue
[2024-10-03T20:47:56.747+0000] {logging_mixin.py:137} INFO - [2024-10-03T20:47:56.746+0000] {dagbag.py:532} INFO - Filling up the DagBag from /usr/local/lib/python3.9/site-packages/airflow/example_dags/tutorial.py
[2024-10-03T20:47:56.760+0000] {processor.py:753} INFO - DAG(s) dict_keys(['tutorial']) retrieved from /usr/local/lib/python3.9/site-packages/airflow/example_dags/tutorial.py
[2024-10-03T20:47:56.778+0000] {logging_mixin.py:137} INFO - [2024-10-03T20:47:56.778+0000] {dag.py:2705} INFO - Sync 1 DAGs
[2024-10-03T20:47:56.792+0000] {logging_mixin.py:137} INFO - [2024-10-03T20:47:56.792+0000] {dag.py:3452} INFO - Setting next_dagrun for tutorial to 2024-10-02T20:47:56.792711+00:00, run_after=2024-10-03T20:47:56.792711+00:00
[2024-10-03T20:47:56.804+0000] {processor.py:175} INFO - Processing /usr/local/lib/python3.9/site-packages/airflow/example_dags/tutorial.py took 0.067 seconds
[2024-10-03T20:48:27.430+0000] {processor.py:153} INFO - Started process (PID=6962) to work on /usr/local/lib/python3.9/site-packages/airflow/example_dags/tutorial.py
[2024-10-03T20:48:27.433+0000] {processor.py:743} INFO - Processing file /usr/local/lib/python3.9/site-packages/airflow/example_dags/tutorial.py for tasks to queue
[2024-10-03T20:48:27.434+0000] {logging_mixin.py:137} INFO - [2024-10-03T20:48:27.434+0000] {dagbag.py:532} INFO - Filling up the DagBag from /usr/local/lib/python3.9/site-packages/airflow/example_dags/tutorial.py
[2024-10-03T20:48:27.454+0000] {processor.py:753} INFO - DAG(s) dict_keys(['tutorial']) retrieved from /usr/local/lib/python3.9/site-packages/airflow/example_dags/tutorial.py
[2024-10-03T20:48:27.482+0000] {logging_mixin.py:137} INFO - [2024-10-03T20:48:27.482+0000] {dag.py:2705} INFO - Sync 1 DAGs
[2024-10-03T20:48:27.501+0000] {logging_mixin.py:137} INFO - [2024-10-03T20:48:27.501+0000] {dag.py:3452} INFO - Setting next_dagrun for tutorial to 2024-10-02T20:48:27.501297+00:00, run_after=2024-10-03T20:48:27.501297+00:00
[2024-10-03T20:48:27.513+0000] {processor.py:175} INFO - Processing /usr/local/lib/python3.9/site-packages/airflow/example_dags/tutorial.py took 0.088 seconds
[2024-10-03T20:48:58.194+0000] {processor.py:153} INFO - Started process (PID=7173) to work on /usr/local/lib/python3.9/site-packages/airflow/example_dags/tutorial.py
[2024-10-03T20:48:58.195+0000] {processor.py:743} INFO - Processing file /usr/local/lib/python3.9/site-packages/airflow/example_dags/tutorial.py for tasks to queue
[2024-10-03T20:48:58.195+0000] {logging_mixin.py:137} INFO - [2024-10-03T20:48:58.195+0000] {dagbag.py:532} INFO - Filling up the DagBag from /usr/local/lib/python3.9/site-packages/airflow/example_dags/tutorial.py
[2024-10-03T20:48:58.210+0000] {processor.py:753} INFO - DAG(s) dict_keys(['tutorial']) retrieved from /usr/local/lib/python3.9/site-packages/airflow/example_dags/tutorial.py
[2024-10-03T20:48:58.233+0000] {logging_mixin.py:137} INFO - [2024-10-03T20:48:58.233+0000] {dag.py:2705} INFO - Sync 1 DAGs
[2024-10-03T20:48:58.248+0000] {logging_mixin.py:137} INFO - [2024-10-03T20:48:58.248+0000] {dag.py:3452} INFO - Setting next_dagrun for tutorial to 2024-10-02T20:48:58.247892+00:00, run_after=2024-10-03T20:48:58.247892+00:00
[2024-10-03T20:48:58.259+0000] {processor.py:175} INFO - Processing /usr/local/lib/python3.9/site-packages/airflow/example_dags/tutorial.py took 0.067 seconds
[2024-10-03T20:49:29.086+0000] {processor.py:153} INFO - Started process (PID=7384) to work on /usr/local/lib/python3.9/site-packages/airflow/example_dags/tutorial.py
[2024-10-03T20:49:29.088+0000] {processor.py:743} INFO - Processing file /usr/local/lib/python3.9/site-packages/airflow/example_dags/tutorial.py for tasks to queue
[2024-10-03T20:49:29.089+0000] {logging_mixin.py:137} INFO - [2024-10-03T20:49:29.089+0000] {dagbag.py:532} INFO - Filling up the DagBag from /usr/local/lib/python3.9/site-packages/airflow/example_dags/tutorial.py
[2024-10-03T20:49:29.105+0000] {processor.py:753} INFO - DAG(s) dict_keys(['tutorial']) retrieved from /usr/local/lib/python3.9/site-packages/airflow/example_dags/tutorial.py
[2024-10-03T20:49:29.121+0000] {logging_mixin.py:137} INFO - [2024-10-03T20:49:29.121+0000] {dag.py:2705} INFO - Sync 1 DAGs
[2024-10-03T20:49:29.134+0000] {logging_mixin.py:137} INFO - [2024-10-03T20:49:29.134+0000] {dag.py:3452} INFO - Setting next_dagrun for tutorial to 2024-10-02T20:49:29.134405+00:00, run_after=2024-10-03T20:49:29.134405+00:00
[2024-10-03T20:49:29.144+0000] {processor.py:175} INFO - Processing /usr/local/lib/python3.9/site-packages/airflow/example_dags/tutorial.py took 0.062 seconds
[2024-10-03T20:49:59.697+0000] {processor.py:153} INFO - Started process (PID=7595) to work on /usr/local/lib/python3.9/site-packages/airflow/example_dags/tutorial.py
[2024-10-03T20:49:59.698+0000] {processor.py:743} INFO - Processing file /usr/local/lib/python3.9/site-packages/airflow/example_dags/tutorial.py for tasks to queue
[2024-10-03T20:49:59.699+0000] {logging_mixin.py:137} INFO - [2024-10-03T20:49:59.699+0000] {dagbag.py:532} INFO - Filling up the DagBag from /usr/local/lib/python3.9/site-packages/airflow/example_dags/tutorial.py
[2024-10-03T20:49:59.715+0000] {processor.py:753} INFO - DAG(s) dict_keys(['tutorial']) retrieved from /usr/local/lib/python3.9/site-packages/airflow/example_dags/tutorial.py
[2024-10-03T20:49:59.736+0000] {logging_mixin.py:137} INFO - [2024-10-03T20:49:59.736+0000] {dag.py:2705} INFO - Sync 1 DAGs
[2024-10-03T20:49:59.748+0000] {logging_mixin.py:137} INFO - [2024-10-03T20:49:59.748+0000] {dag.py:3452} INFO - Setting next_dagrun for tutorial to 2024-10-02T20:49:59.748472+00:00, run_after=2024-10-03T20:49:59.748472+00:00
[2024-10-03T20:49:59.758+0000] {processor.py:175} INFO - Processing /usr/local/lib/python3.9/site-packages/airflow/example_dags/tutorial.py took 0.065 seconds
[2024-10-03T20:50:30.519+0000] {processor.py:153} INFO - Started process (PID=7806) to work on /usr/local/lib/python3.9/site-packages/airflow/example_dags/tutorial.py
[2024-10-03T20:50:30.520+0000] {processor.py:743} INFO - Processing file /usr/local/lib/python3.9/site-packages/airflow/example_dags/tutorial.py for tasks to queue
[2024-10-03T20:50:30.521+0000] {logging_mixin.py:137} INFO - [2024-10-03T20:50:30.521+0000] {dagbag.py:532} INFO - Filling up the DagBag from /usr/local/lib/python3.9/site-packages/airflow/example_dags/tutorial.py
[2024-10-03T20:50:30.537+0000] {processor.py:753} INFO - DAG(s) dict_keys(['tutorial']) retrieved from /usr/local/lib/python3.9/site-packages/airflow/example_dags/tutorial.py
[2024-10-03T20:50:30.559+0000] {logging_mixin.py:137} INFO - [2024-10-03T20:50:30.559+0000] {dag.py:2705} INFO - Sync 1 DAGs
[2024-10-03T20:50:30.574+0000] {logging_mixin.py:137} INFO - [2024-10-03T20:50:30.574+0000] {dag.py:3452} INFO - Setting next_dagrun for tutorial to 2024-10-02T20:50:30.574580+00:00, run_after=2024-10-03T20:50:30.574580+00:00
[2024-10-03T20:50:30.585+0000] {processor.py:175} INFO - Processing /usr/local/lib/python3.9/site-packages/airflow/example_dags/tutorial.py took 0.071 seconds
[2024-10-03T20:51:01.308+0000] {processor.py:153} INFO - Started process (PID=8017) to work on /usr/local/lib/python3.9/site-packages/airflow/example_dags/tutorial.py
[2024-10-03T20:51:01.310+0000] {processor.py:743} INFO - Processing file /usr/local/lib/python3.9/site-packages/airflow/example_dags/tutorial.py for tasks to queue
[2024-10-03T20:51:01.310+0000] {logging_mixin.py:137} INFO - [2024-10-03T20:51:01.310+0000] {dagbag.py:532} INFO - Filling up the DagBag from /usr/local/lib/python3.9/site-packages/airflow/example_dags/tutorial.py
[2024-10-03T20:51:01.332+0000] {processor.py:753} INFO - DAG(s) dict_keys(['tutorial']) retrieved from /usr/local/lib/python3.9/site-packages/airflow/example_dags/tutorial.py
[2024-10-03T20:51:01.354+0000] {logging_mixin.py:137} INFO - [2024-10-03T20:51:01.354+0000] {dag.py:2705} INFO - Sync 1 DAGs
[2024-10-03T20:51:01.368+0000] {logging_mixin.py:137} INFO - [2024-10-03T20:51:01.368+0000] {dag.py:3452} INFO - Setting next_dagrun for tutorial to 2024-10-02T20:51:01.368520+00:00, run_after=2024-10-03T20:51:01.368520+00:00
[2024-10-03T20:51:01.380+0000] {processor.py:175} INFO - Processing /usr/local/lib/python3.9/site-packages/airflow/example_dags/tutorial.py took 0.075 seconds
[2024-10-03T20:51:32.040+0000] {processor.py:153} INFO - Started process (PID=8228) to work on /usr/local/lib/python3.9/site-packages/airflow/example_dags/tutorial.py
[2024-10-03T20:51:32.042+0000] {processor.py:743} INFO - Processing file /usr/local/lib/python3.9/site-packages/airflow/example_dags/tutorial.py for tasks to queue
[2024-10-03T20:51:32.043+0000] {logging_mixin.py:137} INFO - [2024-10-03T20:51:32.043+0000] {dagbag.py:532} INFO - Filling up the DagBag from /usr/local/lib/python3.9/site-packages/airflow/example_dags/tutorial.py
[2024-10-03T20:51:32.058+0000] {processor.py:753} INFO - DAG(s) dict_keys(['tutorial']) retrieved from /usr/local/lib/python3.9/site-packages/airflow/example_dags/tutorial.py
[2024-10-03T20:51:32.077+0000] {logging_mixin.py:137} INFO - [2024-10-03T20:51:32.077+0000] {dag.py:2705} INFO - Sync 1 DAGs
[2024-10-03T20:51:32.103+0000] {logging_mixin.py:137} INFO - [2024-10-03T20:51:32.103+0000] {dag.py:3452} INFO - Setting next_dagrun for tutorial to 2024-10-02T20:51:32.103414+00:00, run_after=2024-10-03T20:51:32.103414+00:00
[2024-10-03T20:51:32.118+0000] {processor.py:175} INFO - Processing /usr/local/lib/python3.9/site-packages/airflow/example_dags/tutorial.py took 0.082 seconds
[2024-10-03T20:52:02.181+0000] {processor.py:153} INFO - Started process (PID=8439) to work on /usr/local/lib/python3.9/site-packages/airflow/example_dags/tutorial.py
[2024-10-03T20:52:02.182+0000] {processor.py:743} INFO - Processing file /usr/local/lib/python3.9/site-packages/airflow/example_dags/tutorial.py for tasks to queue
[2024-10-03T20:52:02.183+0000] {logging_mixin.py:137} INFO - [2024-10-03T20:52:02.183+0000] {dagbag.py:532} INFO - Filling up the DagBag from /usr/local/lib/python3.9/site-packages/airflow/example_dags/tutorial.py
[2024-10-03T20:52:02.198+0000] {processor.py:753} INFO - DAG(s) dict_keys(['tutorial']) retrieved from /usr/local/lib/python3.9/site-packages/airflow/example_dags/tutorial.py
[2024-10-03T20:52:02.216+0000] {logging_mixin.py:137} INFO - [2024-10-03T20:52:02.216+0000] {dag.py:2705} INFO - Sync 1 DAGs
[2024-10-03T20:52:02.229+0000] {logging_mixin.py:137} INFO - [2024-10-03T20:52:02.229+0000] {dag.py:3452} INFO - Setting next_dagrun for tutorial to 2024-10-02T20:52:02.229294+00:00, run_after=2024-10-03T20:52:02.229294+00:00
[2024-10-03T20:52:02.241+0000] {processor.py:175} INFO - Processing /usr/local/lib/python3.9/site-packages/airflow/example_dags/tutorial.py took 0.061 seconds
[2024-10-03T20:52:33.226+0000] {processor.py:153} INFO - Started process (PID=8650) to work on /usr/local/lib/python3.9/site-packages/airflow/example_dags/tutorial.py
[2024-10-03T20:52:33.229+0000] {processor.py:743} INFO - Processing file /usr/local/lib/python3.9/site-packages/airflow/example_dags/tutorial.py for tasks to queue
[2024-10-03T20:52:33.230+0000] {logging_mixin.py:137} INFO - [2024-10-03T20:52:33.229+0000] {dagbag.py:532} INFO - Filling up the DagBag from /usr/local/lib/python3.9/site-packages/airflow/example_dags/tutorial.py
[2024-10-03T20:52:33.246+0000] {processor.py:753} INFO - DAG(s) dict_keys(['tutorial']) retrieved from /usr/local/lib/python3.9/site-packages/airflow/example_dags/tutorial.py
[2024-10-03T20:52:33.272+0000] {logging_mixin.py:137} INFO - [2024-10-03T20:52:33.272+0000] {dag.py:2705} INFO - Sync 1 DAGs
[2024-10-03T20:52:33.294+0000] {logging_mixin.py:137} INFO - [2024-10-03T20:52:33.294+0000] {dag.py:3452} INFO - Setting next_dagrun for tutorial to 2024-10-02T20:52:33.293944+00:00, run_after=2024-10-03T20:52:33.293944+00:00
[2024-10-03T20:52:33.306+0000] {processor.py:175} INFO - Processing /usr/local/lib/python3.9/site-packages/airflow/example_dags/tutorial.py took 0.084 seconds
