[2024-10-03T20:32:01.001+0000] {processor.py:153} INFO - Started process (PID=222) to work on /usr/local/lib/python3.9/site-packages/airflow/example_dags/tutorial_taskflow_api.py
[2024-10-03T20:32:01.002+0000] {processor.py:743} INFO - Processing file /usr/local/lib/python3.9/site-packages/airflow/example_dags/tutorial_taskflow_api.py for tasks to queue
[2024-10-03T20:32:01.002+0000] {logging_mixin.py:137} INFO - [2024-10-03T20:32:01.002+0000] {dagbag.py:532} INFO - Filling up the DagBag from /usr/local/lib/python3.9/site-packages/airflow/example_dags/tutorial_taskflow_api.py
[2024-10-03T20:32:01.014+0000] {processor.py:753} INFO - DAG(s) dict_keys(['tutorial_taskflow_api']) retrieved from /usr/local/lib/python3.9/site-packages/airflow/example_dags/tutorial_taskflow_api.py
[2024-10-03T20:32:01.025+0000] {logging_mixin.py:137} INFO - [2024-10-03T20:32:01.024+0000] {dag.py:2705} INFO - Sync 1 DAGs
[2024-10-03T20:32:01.039+0000] {logging_mixin.py:137} INFO - [2024-10-03T20:32:01.038+0000] {dag.py:3452} INFO - Setting next_dagrun for tutorial_taskflow_api to None, run_after=None
[2024-10-03T20:32:01.060+0000] {processor.py:175} INFO - Processing /usr/local/lib/python3.9/site-packages/airflow/example_dags/tutorial_taskflow_api.py took 0.060 seconds
[2024-10-03T20:32:31.713+0000] {processor.py:153} INFO - Started process (PID=435) to work on /usr/local/lib/python3.9/site-packages/airflow/example_dags/tutorial_taskflow_api.py
[2024-10-03T20:32:31.717+0000] {processor.py:743} INFO - Processing file /usr/local/lib/python3.9/site-packages/airflow/example_dags/tutorial_taskflow_api.py for tasks to queue
[2024-10-03T20:32:31.717+0000] {logging_mixin.py:137} INFO - [2024-10-03T20:32:31.717+0000] {dagbag.py:532} INFO - Filling up the DagBag from /usr/local/lib/python3.9/site-packages/airflow/example_dags/tutorial_taskflow_api.py
[2024-10-03T20:32:31.737+0000] {processor.py:753} INFO - DAG(s) dict_keys(['tutorial_taskflow_api']) retrieved from /usr/local/lib/python3.9/site-packages/airflow/example_dags/tutorial_taskflow_api.py
[2024-10-03T20:32:31.764+0000] {logging_mixin.py:137} INFO - [2024-10-03T20:32:31.764+0000] {dag.py:2705} INFO - Sync 1 DAGs
[2024-10-03T20:32:31.782+0000] {logging_mixin.py:137} INFO - [2024-10-03T20:32:31.782+0000] {dag.py:3452} INFO - Setting next_dagrun for tutorial_taskflow_api to None, run_after=None
[2024-10-03T20:32:31.799+0000] {processor.py:175} INFO - Processing /usr/local/lib/python3.9/site-packages/airflow/example_dags/tutorial_taskflow_api.py took 0.088 seconds
[2024-10-03T20:33:04.150+0000] {processor.py:153} INFO - Started process (PID=646) to work on /usr/local/lib/python3.9/site-packages/airflow/example_dags/tutorial_taskflow_api.py
[2024-10-03T20:33:04.171+0000] {processor.py:743} INFO - Processing file /usr/local/lib/python3.9/site-packages/airflow/example_dags/tutorial_taskflow_api.py for tasks to queue
[2024-10-03T20:33:04.172+0000] {logging_mixin.py:137} INFO - [2024-10-03T20:33:04.172+0000] {dagbag.py:532} INFO - Filling up the DagBag from /usr/local/lib/python3.9/site-packages/airflow/example_dags/tutorial_taskflow_api.py
[2024-10-03T20:33:04.185+0000] {processor.py:753} INFO - DAG(s) dict_keys(['tutorial_taskflow_api']) retrieved from /usr/local/lib/python3.9/site-packages/airflow/example_dags/tutorial_taskflow_api.py
[2024-10-03T20:33:04.202+0000] {logging_mixin.py:137} INFO - [2024-10-03T20:33:04.202+0000] {dag.py:2705} INFO - Sync 1 DAGs
[2024-10-03T20:33:04.210+0000] {logging_mixin.py:137} INFO - [2024-10-03T20:33:04.210+0000] {dag.py:3452} INFO - Setting next_dagrun for tutorial_taskflow_api to None, run_after=None
[2024-10-03T20:33:04.528+0000] {processor.py:175} INFO - Processing /usr/local/lib/python3.9/site-packages/airflow/example_dags/tutorial_taskflow_api.py took 0.380 seconds
[2024-10-03T20:33:35.070+0000] {processor.py:153} INFO - Started process (PID=857) to work on /usr/local/lib/python3.9/site-packages/airflow/example_dags/tutorial_taskflow_api.py
[2024-10-03T20:33:35.071+0000] {processor.py:743} INFO - Processing file /usr/local/lib/python3.9/site-packages/airflow/example_dags/tutorial_taskflow_api.py for tasks to queue
[2024-10-03T20:33:35.071+0000] {logging_mixin.py:137} INFO - [2024-10-03T20:33:35.071+0000] {dagbag.py:532} INFO - Filling up the DagBag from /usr/local/lib/python3.9/site-packages/airflow/example_dags/tutorial_taskflow_api.py
[2024-10-03T20:33:35.090+0000] {processor.py:753} INFO - DAG(s) dict_keys(['tutorial_taskflow_api']) retrieved from /usr/local/lib/python3.9/site-packages/airflow/example_dags/tutorial_taskflow_api.py
[2024-10-03T20:33:35.106+0000] {logging_mixin.py:137} INFO - [2024-10-03T20:33:35.106+0000] {dag.py:2705} INFO - Sync 1 DAGs
[2024-10-03T20:33:35.123+0000] {logging_mixin.py:137} INFO - [2024-10-03T20:33:35.123+0000] {dag.py:3452} INFO - Setting next_dagrun for tutorial_taskflow_api to None, run_after=None
[2024-10-03T20:33:35.136+0000] {processor.py:175} INFO - Processing /usr/local/lib/python3.9/site-packages/airflow/example_dags/tutorial_taskflow_api.py took 0.069 seconds
[2024-10-03T20:34:06.694+0000] {processor.py:153} INFO - Started process (PID=1068) to work on /usr/local/lib/python3.9/site-packages/airflow/example_dags/tutorial_taskflow_api.py
[2024-10-03T20:34:06.695+0000] {processor.py:743} INFO - Processing file /usr/local/lib/python3.9/site-packages/airflow/example_dags/tutorial_taskflow_api.py for tasks to queue
[2024-10-03T20:34:06.696+0000] {logging_mixin.py:137} INFO - [2024-10-03T20:34:06.696+0000] {dagbag.py:532} INFO - Filling up the DagBag from /usr/local/lib/python3.9/site-packages/airflow/example_dags/tutorial_taskflow_api.py
[2024-10-03T20:34:06.722+0000] {processor.py:753} INFO - DAG(s) dict_keys(['tutorial_taskflow_api']) retrieved from /usr/local/lib/python3.9/site-packages/airflow/example_dags/tutorial_taskflow_api.py
[2024-10-03T20:34:06.771+0000] {logging_mixin.py:137} INFO - [2024-10-03T20:34:06.771+0000] {dag.py:2705} INFO - Sync 1 DAGs
[2024-10-03T20:34:06.790+0000] {logging_mixin.py:137} INFO - [2024-10-03T20:34:06.790+0000] {dag.py:3452} INFO - Setting next_dagrun for tutorial_taskflow_api to None, run_after=None
[2024-10-03T20:34:06.799+0000] {processor.py:175} INFO - Processing /usr/local/lib/python3.9/site-packages/airflow/example_dags/tutorial_taskflow_api.py took 0.108 seconds
[2024-10-03T20:34:37.378+0000] {processor.py:153} INFO - Started process (PID=1279) to work on /usr/local/lib/python3.9/site-packages/airflow/example_dags/tutorial_taskflow_api.py
[2024-10-03T20:34:37.379+0000] {processor.py:743} INFO - Processing file /usr/local/lib/python3.9/site-packages/airflow/example_dags/tutorial_taskflow_api.py for tasks to queue
[2024-10-03T20:34:37.380+0000] {logging_mixin.py:137} INFO - [2024-10-03T20:34:37.380+0000] {dagbag.py:532} INFO - Filling up the DagBag from /usr/local/lib/python3.9/site-packages/airflow/example_dags/tutorial_taskflow_api.py
[2024-10-03T20:34:37.420+0000] {processor.py:753} INFO - DAG(s) dict_keys(['tutorial_taskflow_api']) retrieved from /usr/local/lib/python3.9/site-packages/airflow/example_dags/tutorial_taskflow_api.py
[2024-10-03T20:34:37.464+0000] {logging_mixin.py:137} INFO - [2024-10-03T20:34:37.463+0000] {dag.py:2705} INFO - Sync 1 DAGs
[2024-10-03T20:34:37.514+0000] {logging_mixin.py:137} INFO - [2024-10-03T20:34:37.513+0000] {dag.py:3452} INFO - Setting next_dagrun for tutorial_taskflow_api to None, run_after=None
[2024-10-03T20:34:37.630+0000] {processor.py:175} INFO - Processing /usr/local/lib/python3.9/site-packages/airflow/example_dags/tutorial_taskflow_api.py took 0.254 seconds
[2024-10-03T20:35:11.259+0000] {processor.py:153} INFO - Started process (PID=1490) to work on /usr/local/lib/python3.9/site-packages/airflow/example_dags/tutorial_taskflow_api.py
[2024-10-03T20:35:11.264+0000] {processor.py:743} INFO - Processing file /usr/local/lib/python3.9/site-packages/airflow/example_dags/tutorial_taskflow_api.py for tasks to queue
[2024-10-03T20:35:11.265+0000] {logging_mixin.py:137} INFO - [2024-10-03T20:35:11.265+0000] {dagbag.py:532} INFO - Filling up the DagBag from /usr/local/lib/python3.9/site-packages/airflow/example_dags/tutorial_taskflow_api.py
[2024-10-03T20:35:11.296+0000] {processor.py:753} INFO - DAG(s) dict_keys(['tutorial_taskflow_api']) retrieved from /usr/local/lib/python3.9/site-packages/airflow/example_dags/tutorial_taskflow_api.py
[2024-10-03T20:35:11.372+0000] {logging_mixin.py:137} INFO - [2024-10-03T20:35:11.372+0000] {dag.py:2705} INFO - Sync 1 DAGs
[2024-10-03T20:35:11.478+0000] {logging_mixin.py:137} INFO - [2024-10-03T20:35:11.477+0000] {dag.py:3452} INFO - Setting next_dagrun for tutorial_taskflow_api to None, run_after=None
[2024-10-03T20:35:11.493+0000] {processor.py:175} INFO - Processing /usr/local/lib/python3.9/site-packages/airflow/example_dags/tutorial_taskflow_api.py took 0.272 seconds
[2024-10-03T20:35:42.167+0000] {processor.py:153} INFO - Started process (PID=1697) to work on /usr/local/lib/python3.9/site-packages/airflow/example_dags/tutorial_taskflow_api.py
[2024-10-03T20:35:42.168+0000] {processor.py:743} INFO - Processing file /usr/local/lib/python3.9/site-packages/airflow/example_dags/tutorial_taskflow_api.py for tasks to queue
[2024-10-03T20:35:42.168+0000] {logging_mixin.py:137} INFO - [2024-10-03T20:35:42.168+0000] {dagbag.py:532} INFO - Filling up the DagBag from /usr/local/lib/python3.9/site-packages/airflow/example_dags/tutorial_taskflow_api.py
[2024-10-03T20:35:42.183+0000] {processor.py:753} INFO - DAG(s) dict_keys(['tutorial_taskflow_api']) retrieved from /usr/local/lib/python3.9/site-packages/airflow/example_dags/tutorial_taskflow_api.py
[2024-10-03T20:35:42.203+0000] {logging_mixin.py:137} INFO - [2024-10-03T20:35:42.203+0000] {dag.py:2705} INFO - Sync 1 DAGs
[2024-10-03T20:35:42.214+0000] {logging_mixin.py:137} INFO - [2024-10-03T20:35:42.214+0000] {dag.py:3452} INFO - Setting next_dagrun for tutorial_taskflow_api to None, run_after=None
[2024-10-03T20:35:43.006+0000] {processor.py:175} INFO - Processing /usr/local/lib/python3.9/site-packages/airflow/example_dags/tutorial_taskflow_api.py took 0.841 seconds
[2024-10-03T20:36:13.386+0000] {processor.py:153} INFO - Started process (PID=1913) to work on /usr/local/lib/python3.9/site-packages/airflow/example_dags/tutorial_taskflow_api.py
[2024-10-03T20:36:13.390+0000] {processor.py:743} INFO - Processing file /usr/local/lib/python3.9/site-packages/airflow/example_dags/tutorial_taskflow_api.py for tasks to queue
[2024-10-03T20:36:13.391+0000] {logging_mixin.py:137} INFO - [2024-10-03T20:36:13.391+0000] {dagbag.py:532} INFO - Filling up the DagBag from /usr/local/lib/python3.9/site-packages/airflow/example_dags/tutorial_taskflow_api.py
[2024-10-03T20:36:13.434+0000] {processor.py:753} INFO - DAG(s) dict_keys(['tutorial_taskflow_api']) retrieved from /usr/local/lib/python3.9/site-packages/airflow/example_dags/tutorial_taskflow_api.py
[2024-10-03T20:36:13.491+0000] {logging_mixin.py:137} INFO - [2024-10-03T20:36:13.490+0000] {dag.py:2705} INFO - Sync 1 DAGs
[2024-10-03T20:36:13.888+0000] {logging_mixin.py:137} INFO - [2024-10-03T20:36:13.888+0000] {dag.py:3452} INFO - Setting next_dagrun for tutorial_taskflow_api to None, run_after=None
[2024-10-03T20:36:13.922+0000] {processor.py:175} INFO - Processing /usr/local/lib/python3.9/site-packages/airflow/example_dags/tutorial_taskflow_api.py took 0.545 seconds
[2024-10-03T20:36:44.566+0000] {processor.py:153} INFO - Started process (PID=2124) to work on /usr/local/lib/python3.9/site-packages/airflow/example_dags/tutorial_taskflow_api.py
[2024-10-03T20:36:44.568+0000] {processor.py:743} INFO - Processing file /usr/local/lib/python3.9/site-packages/airflow/example_dags/tutorial_taskflow_api.py for tasks to queue
[2024-10-03T20:36:44.569+0000] {logging_mixin.py:137} INFO - [2024-10-03T20:36:44.569+0000] {dagbag.py:532} INFO - Filling up the DagBag from /usr/local/lib/python3.9/site-packages/airflow/example_dags/tutorial_taskflow_api.py
[2024-10-03T20:36:44.589+0000] {processor.py:753} INFO - DAG(s) dict_keys(['tutorial_taskflow_api']) retrieved from /usr/local/lib/python3.9/site-packages/airflow/example_dags/tutorial_taskflow_api.py
[2024-10-03T20:36:44.665+0000] {logging_mixin.py:137} INFO - [2024-10-03T20:36:44.665+0000] {dag.py:2705} INFO - Sync 1 DAGs
[2024-10-03T20:36:44.673+0000] {logging_mixin.py:137} INFO - [2024-10-03T20:36:44.673+0000] {dag.py:3452} INFO - Setting next_dagrun for tutorial_taskflow_api to None, run_after=None
[2024-10-03T20:36:44.684+0000] {processor.py:175} INFO - Processing /usr/local/lib/python3.9/site-packages/airflow/example_dags/tutorial_taskflow_api.py took 0.125 seconds
[2024-10-03T20:37:15.480+0000] {processor.py:153} INFO - Started process (PID=2335) to work on /usr/local/lib/python3.9/site-packages/airflow/example_dags/tutorial_taskflow_api.py
[2024-10-03T20:37:15.482+0000] {processor.py:743} INFO - Processing file /usr/local/lib/python3.9/site-packages/airflow/example_dags/tutorial_taskflow_api.py for tasks to queue
[2024-10-03T20:37:15.482+0000] {logging_mixin.py:137} INFO - [2024-10-03T20:37:15.482+0000] {dagbag.py:532} INFO - Filling up the DagBag from /usr/local/lib/python3.9/site-packages/airflow/example_dags/tutorial_taskflow_api.py
[2024-10-03T20:37:15.560+0000] {processor.py:753} INFO - DAG(s) dict_keys(['tutorial_taskflow_api']) retrieved from /usr/local/lib/python3.9/site-packages/airflow/example_dags/tutorial_taskflow_api.py
[2024-10-03T20:37:15.569+0000] {logging_mixin.py:137} INFO - [2024-10-03T20:37:15.569+0000] {dag.py:2705} INFO - Sync 1 DAGs
[2024-10-03T20:37:15.577+0000] {logging_mixin.py:137} INFO - [2024-10-03T20:37:15.577+0000] {dag.py:3452} INFO - Setting next_dagrun for tutorial_taskflow_api to None, run_after=None
[2024-10-03T20:37:15.584+0000] {processor.py:175} INFO - Processing /usr/local/lib/python3.9/site-packages/airflow/example_dags/tutorial_taskflow_api.py took 0.108 seconds
[2024-10-03T20:37:46.235+0000] {processor.py:153} INFO - Started process (PID=2546) to work on /usr/local/lib/python3.9/site-packages/airflow/example_dags/tutorial_taskflow_api.py
[2024-10-03T20:37:46.237+0000] {processor.py:743} INFO - Processing file /usr/local/lib/python3.9/site-packages/airflow/example_dags/tutorial_taskflow_api.py for tasks to queue
[2024-10-03T20:37:46.238+0000] {logging_mixin.py:137} INFO - [2024-10-03T20:37:46.238+0000] {dagbag.py:532} INFO - Filling up the DagBag from /usr/local/lib/python3.9/site-packages/airflow/example_dags/tutorial_taskflow_api.py
[2024-10-03T20:37:46.260+0000] {processor.py:753} INFO - DAG(s) dict_keys(['tutorial_taskflow_api']) retrieved from /usr/local/lib/python3.9/site-packages/airflow/example_dags/tutorial_taskflow_api.py
[2024-10-03T20:37:46.277+0000] {logging_mixin.py:137} INFO - [2024-10-03T20:37:46.276+0000] {dag.py:2705} INFO - Sync 1 DAGs
[2024-10-03T20:37:46.291+0000] {logging_mixin.py:137} INFO - [2024-10-03T20:37:46.291+0000] {dag.py:3452} INFO - Setting next_dagrun for tutorial_taskflow_api to None, run_after=None
[2024-10-03T20:37:46.301+0000] {processor.py:175} INFO - Processing /usr/local/lib/python3.9/site-packages/airflow/example_dags/tutorial_taskflow_api.py took 0.071 seconds
[2024-10-03T20:38:16.432+0000] {processor.py:153} INFO - Started process (PID=2757) to work on /usr/local/lib/python3.9/site-packages/airflow/example_dags/tutorial_taskflow_api.py
[2024-10-03T20:38:16.433+0000] {processor.py:743} INFO - Processing file /usr/local/lib/python3.9/site-packages/airflow/example_dags/tutorial_taskflow_api.py for tasks to queue
[2024-10-03T20:38:16.433+0000] {logging_mixin.py:137} INFO - [2024-10-03T20:38:16.433+0000] {dagbag.py:532} INFO - Filling up the DagBag from /usr/local/lib/python3.9/site-packages/airflow/example_dags/tutorial_taskflow_api.py
[2024-10-03T20:38:16.455+0000] {processor.py:753} INFO - DAG(s) dict_keys(['tutorial_taskflow_api']) retrieved from /usr/local/lib/python3.9/site-packages/airflow/example_dags/tutorial_taskflow_api.py
[2024-10-03T20:38:16.476+0000] {logging_mixin.py:137} INFO - [2024-10-03T20:38:16.476+0000] {dag.py:2705} INFO - Sync 1 DAGs
[2024-10-03T20:38:16.494+0000] {logging_mixin.py:137} INFO - [2024-10-03T20:38:16.494+0000] {dag.py:3452} INFO - Setting next_dagrun for tutorial_taskflow_api to None, run_after=None
[2024-10-03T20:38:16.507+0000] {processor.py:175} INFO - Processing /usr/local/lib/python3.9/site-packages/airflow/example_dags/tutorial_taskflow_api.py took 0.078 seconds
[2024-10-03T20:38:47.255+0000] {processor.py:153} INFO - Started process (PID=2968) to work on /usr/local/lib/python3.9/site-packages/airflow/example_dags/tutorial_taskflow_api.py
[2024-10-03T20:38:47.256+0000] {processor.py:743} INFO - Processing file /usr/local/lib/python3.9/site-packages/airflow/example_dags/tutorial_taskflow_api.py for tasks to queue
[2024-10-03T20:38:47.256+0000] {logging_mixin.py:137} INFO - [2024-10-03T20:38:47.256+0000] {dagbag.py:532} INFO - Filling up the DagBag from /usr/local/lib/python3.9/site-packages/airflow/example_dags/tutorial_taskflow_api.py
[2024-10-03T20:38:47.276+0000] {processor.py:753} INFO - DAG(s) dict_keys(['tutorial_taskflow_api']) retrieved from /usr/local/lib/python3.9/site-packages/airflow/example_dags/tutorial_taskflow_api.py
[2024-10-03T20:38:47.289+0000] {logging_mixin.py:137} INFO - [2024-10-03T20:38:47.289+0000] {dag.py:2705} INFO - Sync 1 DAGs
[2024-10-03T20:38:47.302+0000] {logging_mixin.py:137} INFO - [2024-10-03T20:38:47.302+0000] {dag.py:3452} INFO - Setting next_dagrun for tutorial_taskflow_api to None, run_after=None
[2024-10-03T20:38:47.314+0000] {processor.py:175} INFO - Processing /usr/local/lib/python3.9/site-packages/airflow/example_dags/tutorial_taskflow_api.py took 0.064 seconds
[2024-10-03T20:39:18.069+0000] {processor.py:153} INFO - Started process (PID=3179) to work on /usr/local/lib/python3.9/site-packages/airflow/example_dags/tutorial_taskflow_api.py
[2024-10-03T20:39:18.071+0000] {processor.py:743} INFO - Processing file /usr/local/lib/python3.9/site-packages/airflow/example_dags/tutorial_taskflow_api.py for tasks to queue
[2024-10-03T20:39:18.072+0000] {logging_mixin.py:137} INFO - [2024-10-03T20:39:18.072+0000] {dagbag.py:532} INFO - Filling up the DagBag from /usr/local/lib/python3.9/site-packages/airflow/example_dags/tutorial_taskflow_api.py
[2024-10-03T20:39:18.090+0000] {processor.py:753} INFO - DAG(s) dict_keys(['tutorial_taskflow_api']) retrieved from /usr/local/lib/python3.9/site-packages/airflow/example_dags/tutorial_taskflow_api.py
[2024-10-03T20:39:18.109+0000] {logging_mixin.py:137} INFO - [2024-10-03T20:39:18.109+0000] {dag.py:2705} INFO - Sync 1 DAGs
[2024-10-03T20:39:18.121+0000] {logging_mixin.py:137} INFO - [2024-10-03T20:39:18.121+0000] {dag.py:3452} INFO - Setting next_dagrun for tutorial_taskflow_api to None, run_after=None
[2024-10-03T20:39:18.131+0000] {processor.py:175} INFO - Processing /usr/local/lib/python3.9/site-packages/airflow/example_dags/tutorial_taskflow_api.py took 0.066 seconds
[2024-10-03T20:39:48.810+0000] {processor.py:153} INFO - Started process (PID=3390) to work on /usr/local/lib/python3.9/site-packages/airflow/example_dags/tutorial_taskflow_api.py
[2024-10-03T20:39:48.812+0000] {processor.py:743} INFO - Processing file /usr/local/lib/python3.9/site-packages/airflow/example_dags/tutorial_taskflow_api.py for tasks to queue
[2024-10-03T20:39:48.814+0000] {logging_mixin.py:137} INFO - [2024-10-03T20:39:48.813+0000] {dagbag.py:532} INFO - Filling up the DagBag from /usr/local/lib/python3.9/site-packages/airflow/example_dags/tutorial_taskflow_api.py
[2024-10-03T20:39:48.835+0000] {processor.py:753} INFO - DAG(s) dict_keys(['tutorial_taskflow_api']) retrieved from /usr/local/lib/python3.9/site-packages/airflow/example_dags/tutorial_taskflow_api.py
[2024-10-03T20:39:48.853+0000] {logging_mixin.py:137} INFO - [2024-10-03T20:39:48.853+0000] {dag.py:2705} INFO - Sync 1 DAGs
[2024-10-03T20:39:48.864+0000] {logging_mixin.py:137} INFO - [2024-10-03T20:39:48.864+0000] {dag.py:3452} INFO - Setting next_dagrun for tutorial_taskflow_api to None, run_after=None
[2024-10-03T20:39:48.875+0000] {processor.py:175} INFO - Processing /usr/local/lib/python3.9/site-packages/airflow/example_dags/tutorial_taskflow_api.py took 0.071 seconds
[2024-10-03T20:40:19.714+0000] {processor.py:153} INFO - Started process (PID=3601) to work on /usr/local/lib/python3.9/site-packages/airflow/example_dags/tutorial_taskflow_api.py
[2024-10-03T20:40:19.716+0000] {processor.py:743} INFO - Processing file /usr/local/lib/python3.9/site-packages/airflow/example_dags/tutorial_taskflow_api.py for tasks to queue
[2024-10-03T20:40:19.719+0000] {logging_mixin.py:137} INFO - [2024-10-03T20:40:19.718+0000] {dagbag.py:532} INFO - Filling up the DagBag from /usr/local/lib/python3.9/site-packages/airflow/example_dags/tutorial_taskflow_api.py
[2024-10-03T20:40:19.742+0000] {processor.py:753} INFO - DAG(s) dict_keys(['tutorial_taskflow_api']) retrieved from /usr/local/lib/python3.9/site-packages/airflow/example_dags/tutorial_taskflow_api.py
[2024-10-03T20:40:19.763+0000] {logging_mixin.py:137} INFO - [2024-10-03T20:40:19.763+0000] {dag.py:2705} INFO - Sync 1 DAGs
[2024-10-03T20:40:19.774+0000] {logging_mixin.py:137} INFO - [2024-10-03T20:40:19.774+0000] {dag.py:3452} INFO - Setting next_dagrun for tutorial_taskflow_api to None, run_after=None
[2024-10-03T20:40:19.785+0000] {processor.py:175} INFO - Processing /usr/local/lib/python3.9/site-packages/airflow/example_dags/tutorial_taskflow_api.py took 0.077 seconds
[2024-10-03T20:40:50.618+0000] {processor.py:153} INFO - Started process (PID=3812) to work on /usr/local/lib/python3.9/site-packages/airflow/example_dags/tutorial_taskflow_api.py
[2024-10-03T20:40:50.620+0000] {processor.py:743} INFO - Processing file /usr/local/lib/python3.9/site-packages/airflow/example_dags/tutorial_taskflow_api.py for tasks to queue
[2024-10-03T20:40:50.623+0000] {logging_mixin.py:137} INFO - [2024-10-03T20:40:50.623+0000] {dagbag.py:532} INFO - Filling up the DagBag from /usr/local/lib/python3.9/site-packages/airflow/example_dags/tutorial_taskflow_api.py
[2024-10-03T20:40:50.640+0000] {processor.py:753} INFO - DAG(s) dict_keys(['tutorial_taskflow_api']) retrieved from /usr/local/lib/python3.9/site-packages/airflow/example_dags/tutorial_taskflow_api.py
[2024-10-03T20:40:50.657+0000] {logging_mixin.py:137} INFO - [2024-10-03T20:40:50.657+0000] {dag.py:2705} INFO - Sync 1 DAGs
[2024-10-03T20:40:50.669+0000] {logging_mixin.py:137} INFO - [2024-10-03T20:40:50.669+0000] {dag.py:3452} INFO - Setting next_dagrun for tutorial_taskflow_api to None, run_after=None
[2024-10-03T20:40:50.683+0000] {processor.py:175} INFO - Processing /usr/local/lib/python3.9/site-packages/airflow/example_dags/tutorial_taskflow_api.py took 0.069 seconds
[2024-10-03T20:41:21.314+0000] {processor.py:153} INFO - Started process (PID=4023) to work on /usr/local/lib/python3.9/site-packages/airflow/example_dags/tutorial_taskflow_api.py
[2024-10-03T20:41:21.316+0000] {processor.py:743} INFO - Processing file /usr/local/lib/python3.9/site-packages/airflow/example_dags/tutorial_taskflow_api.py for tasks to queue
[2024-10-03T20:41:21.316+0000] {logging_mixin.py:137} INFO - [2024-10-03T20:41:21.316+0000] {dagbag.py:532} INFO - Filling up the DagBag from /usr/local/lib/python3.9/site-packages/airflow/example_dags/tutorial_taskflow_api.py
[2024-10-03T20:41:21.336+0000] {processor.py:753} INFO - DAG(s) dict_keys(['tutorial_taskflow_api']) retrieved from /usr/local/lib/python3.9/site-packages/airflow/example_dags/tutorial_taskflow_api.py
[2024-10-03T20:41:21.351+0000] {logging_mixin.py:137} INFO - [2024-10-03T20:41:21.351+0000] {dag.py:2705} INFO - Sync 1 DAGs
[2024-10-03T20:41:21.364+0000] {logging_mixin.py:137} INFO - [2024-10-03T20:41:21.363+0000] {dag.py:3452} INFO - Setting next_dagrun for tutorial_taskflow_api to None, run_after=None
[2024-10-03T20:41:21.372+0000] {processor.py:175} INFO - Processing /usr/local/lib/python3.9/site-packages/airflow/example_dags/tutorial_taskflow_api.py took 0.062 seconds
[2024-10-03T20:41:51.929+0000] {processor.py:153} INFO - Started process (PID=4234) to work on /usr/local/lib/python3.9/site-packages/airflow/example_dags/tutorial_taskflow_api.py
[2024-10-03T20:41:51.931+0000] {processor.py:743} INFO - Processing file /usr/local/lib/python3.9/site-packages/airflow/example_dags/tutorial_taskflow_api.py for tasks to queue
[2024-10-03T20:41:51.931+0000] {logging_mixin.py:137} INFO - [2024-10-03T20:41:51.931+0000] {dagbag.py:532} INFO - Filling up the DagBag from /usr/local/lib/python3.9/site-packages/airflow/example_dags/tutorial_taskflow_api.py
[2024-10-03T20:41:51.951+0000] {processor.py:753} INFO - DAG(s) dict_keys(['tutorial_taskflow_api']) retrieved from /usr/local/lib/python3.9/site-packages/airflow/example_dags/tutorial_taskflow_api.py
[2024-10-03T20:41:51.967+0000] {logging_mixin.py:137} INFO - [2024-10-03T20:41:51.967+0000] {dag.py:2705} INFO - Sync 1 DAGs
[2024-10-03T20:41:51.977+0000] {logging_mixin.py:137} INFO - [2024-10-03T20:41:51.976+0000] {dag.py:3452} INFO - Setting next_dagrun for tutorial_taskflow_api to None, run_after=None
[2024-10-03T20:41:51.987+0000] {processor.py:175} INFO - Processing /usr/local/lib/python3.9/site-packages/airflow/example_dags/tutorial_taskflow_api.py took 0.062 seconds
[2024-10-03T20:42:22.662+0000] {processor.py:153} INFO - Started process (PID=4445) to work on /usr/local/lib/python3.9/site-packages/airflow/example_dags/tutorial_taskflow_api.py
[2024-10-03T20:42:22.663+0000] {processor.py:743} INFO - Processing file /usr/local/lib/python3.9/site-packages/airflow/example_dags/tutorial_taskflow_api.py for tasks to queue
[2024-10-03T20:42:22.664+0000] {logging_mixin.py:137} INFO - [2024-10-03T20:42:22.664+0000] {dagbag.py:532} INFO - Filling up the DagBag from /usr/local/lib/python3.9/site-packages/airflow/example_dags/tutorial_taskflow_api.py
[2024-10-03T20:42:22.683+0000] {processor.py:753} INFO - DAG(s) dict_keys(['tutorial_taskflow_api']) retrieved from /usr/local/lib/python3.9/site-packages/airflow/example_dags/tutorial_taskflow_api.py
[2024-10-03T20:42:22.697+0000] {logging_mixin.py:137} INFO - [2024-10-03T20:42:22.697+0000] {dag.py:2705} INFO - Sync 1 DAGs
[2024-10-03T20:42:22.710+0000] {logging_mixin.py:137} INFO - [2024-10-03T20:42:22.710+0000] {dag.py:3452} INFO - Setting next_dagrun for tutorial_taskflow_api to None, run_after=None
[2024-10-03T20:42:22.721+0000] {processor.py:175} INFO - Processing /usr/local/lib/python3.9/site-packages/airflow/example_dags/tutorial_taskflow_api.py took 0.064 seconds
[2024-10-03T20:42:53.288+0000] {processor.py:153} INFO - Started process (PID=4656) to work on /usr/local/lib/python3.9/site-packages/airflow/example_dags/tutorial_taskflow_api.py
[2024-10-03T20:42:53.289+0000] {processor.py:743} INFO - Processing file /usr/local/lib/python3.9/site-packages/airflow/example_dags/tutorial_taskflow_api.py for tasks to queue
[2024-10-03T20:42:53.290+0000] {logging_mixin.py:137} INFO - [2024-10-03T20:42:53.289+0000] {dagbag.py:532} INFO - Filling up the DagBag from /usr/local/lib/python3.9/site-packages/airflow/example_dags/tutorial_taskflow_api.py
[2024-10-03T20:42:53.308+0000] {processor.py:753} INFO - DAG(s) dict_keys(['tutorial_taskflow_api']) retrieved from /usr/local/lib/python3.9/site-packages/airflow/example_dags/tutorial_taskflow_api.py
[2024-10-03T20:42:53.321+0000] {logging_mixin.py:137} INFO - [2024-10-03T20:42:53.321+0000] {dag.py:2705} INFO - Sync 1 DAGs
[2024-10-03T20:42:53.333+0000] {logging_mixin.py:137} INFO - [2024-10-03T20:42:53.333+0000] {dag.py:3452} INFO - Setting next_dagrun for tutorial_taskflow_api to None, run_after=None
[2024-10-03T20:42:53.342+0000] {processor.py:175} INFO - Processing /usr/local/lib/python3.9/site-packages/airflow/example_dags/tutorial_taskflow_api.py took 0.057 seconds
[2024-10-03T20:43:23.961+0000] {processor.py:153} INFO - Started process (PID=4867) to work on /usr/local/lib/python3.9/site-packages/airflow/example_dags/tutorial_taskflow_api.py
[2024-10-03T20:43:23.962+0000] {processor.py:743} INFO - Processing file /usr/local/lib/python3.9/site-packages/airflow/example_dags/tutorial_taskflow_api.py for tasks to queue
[2024-10-03T20:43:23.963+0000] {logging_mixin.py:137} INFO - [2024-10-03T20:43:23.963+0000] {dagbag.py:532} INFO - Filling up the DagBag from /usr/local/lib/python3.9/site-packages/airflow/example_dags/tutorial_taskflow_api.py
[2024-10-03T20:43:23.978+0000] {processor.py:753} INFO - DAG(s) dict_keys(['tutorial_taskflow_api']) retrieved from /usr/local/lib/python3.9/site-packages/airflow/example_dags/tutorial_taskflow_api.py
[2024-10-03T20:43:23.992+0000] {logging_mixin.py:137} INFO - [2024-10-03T20:43:23.992+0000] {dag.py:2705} INFO - Sync 1 DAGs
[2024-10-03T20:43:24.005+0000] {logging_mixin.py:137} INFO - [2024-10-03T20:43:24.005+0000] {dag.py:3452} INFO - Setting next_dagrun for tutorial_taskflow_api to None, run_after=None
[2024-10-03T20:43:24.016+0000] {processor.py:175} INFO - Processing /usr/local/lib/python3.9/site-packages/airflow/example_dags/tutorial_taskflow_api.py took 0.058 seconds
[2024-10-03T20:43:54.513+0000] {processor.py:153} INFO - Started process (PID=5078) to work on /usr/local/lib/python3.9/site-packages/airflow/example_dags/tutorial_taskflow_api.py
[2024-10-03T20:43:54.517+0000] {processor.py:743} INFO - Processing file /usr/local/lib/python3.9/site-packages/airflow/example_dags/tutorial_taskflow_api.py for tasks to queue
[2024-10-03T20:43:54.517+0000] {logging_mixin.py:137} INFO - [2024-10-03T20:43:54.517+0000] {dagbag.py:532} INFO - Filling up the DagBag from /usr/local/lib/python3.9/site-packages/airflow/example_dags/tutorial_taskflow_api.py
[2024-10-03T20:43:54.535+0000] {processor.py:753} INFO - DAG(s) dict_keys(['tutorial_taskflow_api']) retrieved from /usr/local/lib/python3.9/site-packages/airflow/example_dags/tutorial_taskflow_api.py
[2024-10-03T20:43:54.549+0000] {logging_mixin.py:137} INFO - [2024-10-03T20:43:54.549+0000] {dag.py:2705} INFO - Sync 1 DAGs
[2024-10-03T20:43:54.553+0000] {logging_mixin.py:137} INFO - [2024-10-03T20:43:54.553+0000] {dag.py:3452} INFO - Setting next_dagrun for tutorial_taskflow_api to None, run_after=None
[2024-10-03T20:43:54.564+0000] {processor.py:175} INFO - Processing /usr/local/lib/python3.9/site-packages/airflow/example_dags/tutorial_taskflow_api.py took 0.062 seconds
[2024-10-03T20:44:25.221+0000] {processor.py:153} INFO - Started process (PID=5289) to work on /usr/local/lib/python3.9/site-packages/airflow/example_dags/tutorial_taskflow_api.py
[2024-10-03T20:44:25.224+0000] {processor.py:743} INFO - Processing file /usr/local/lib/python3.9/site-packages/airflow/example_dags/tutorial_taskflow_api.py for tasks to queue
[2024-10-03T20:44:25.225+0000] {logging_mixin.py:137} INFO - [2024-10-03T20:44:25.225+0000] {dagbag.py:532} INFO - Filling up the DagBag from /usr/local/lib/python3.9/site-packages/airflow/example_dags/tutorial_taskflow_api.py
[2024-10-03T20:44:25.245+0000] {processor.py:753} INFO - DAG(s) dict_keys(['tutorial_taskflow_api']) retrieved from /usr/local/lib/python3.9/site-packages/airflow/example_dags/tutorial_taskflow_api.py
[2024-10-03T20:44:25.268+0000] {logging_mixin.py:137} INFO - [2024-10-03T20:44:25.268+0000] {dag.py:2705} INFO - Sync 1 DAGs
[2024-10-03T20:44:25.281+0000] {logging_mixin.py:137} INFO - [2024-10-03T20:44:25.280+0000] {dag.py:3452} INFO - Setting next_dagrun for tutorial_taskflow_api to None, run_after=None
[2024-10-03T20:44:25.291+0000] {processor.py:175} INFO - Processing /usr/local/lib/python3.9/site-packages/airflow/example_dags/tutorial_taskflow_api.py took 0.077 seconds
[2024-10-03T20:44:55.929+0000] {processor.py:153} INFO - Started process (PID=5500) to work on /usr/local/lib/python3.9/site-packages/airflow/example_dags/tutorial_taskflow_api.py
[2024-10-03T20:44:55.931+0000] {processor.py:743} INFO - Processing file /usr/local/lib/python3.9/site-packages/airflow/example_dags/tutorial_taskflow_api.py for tasks to queue
[2024-10-03T20:44:55.931+0000] {logging_mixin.py:137} INFO - [2024-10-03T20:44:55.931+0000] {dagbag.py:532} INFO - Filling up the DagBag from /usr/local/lib/python3.9/site-packages/airflow/example_dags/tutorial_taskflow_api.py
[2024-10-03T20:44:55.948+0000] {processor.py:753} INFO - DAG(s) dict_keys(['tutorial_taskflow_api']) retrieved from /usr/local/lib/python3.9/site-packages/airflow/example_dags/tutorial_taskflow_api.py
[2024-10-03T20:44:55.961+0000] {logging_mixin.py:137} INFO - [2024-10-03T20:44:55.961+0000] {dag.py:2705} INFO - Sync 1 DAGs
[2024-10-03T20:44:55.972+0000] {logging_mixin.py:137} INFO - [2024-10-03T20:44:55.972+0000] {dag.py:3452} INFO - Setting next_dagrun for tutorial_taskflow_api to None, run_after=None
[2024-10-03T20:44:55.984+0000] {processor.py:175} INFO - Processing /usr/local/lib/python3.9/site-packages/airflow/example_dags/tutorial_taskflow_api.py took 0.059 seconds
[2024-10-03T20:45:26.558+0000] {processor.py:153} INFO - Started process (PID=5711) to work on /usr/local/lib/python3.9/site-packages/airflow/example_dags/tutorial_taskflow_api.py
[2024-10-03T20:45:26.560+0000] {processor.py:743} INFO - Processing file /usr/local/lib/python3.9/site-packages/airflow/example_dags/tutorial_taskflow_api.py for tasks to queue
[2024-10-03T20:45:26.562+0000] {logging_mixin.py:137} INFO - [2024-10-03T20:45:26.562+0000] {dagbag.py:532} INFO - Filling up the DagBag from /usr/local/lib/python3.9/site-packages/airflow/example_dags/tutorial_taskflow_api.py
[2024-10-03T20:45:26.582+0000] {processor.py:753} INFO - DAG(s) dict_keys(['tutorial_taskflow_api']) retrieved from /usr/local/lib/python3.9/site-packages/airflow/example_dags/tutorial_taskflow_api.py
[2024-10-03T20:45:26.595+0000] {logging_mixin.py:137} INFO - [2024-10-03T20:45:26.595+0000] {dag.py:2705} INFO - Sync 1 DAGs
[2024-10-03T20:45:26.607+0000] {logging_mixin.py:137} INFO - [2024-10-03T20:45:26.607+0000] {dag.py:3452} INFO - Setting next_dagrun for tutorial_taskflow_api to None, run_after=None
[2024-10-03T20:45:26.618+0000] {processor.py:175} INFO - Processing /usr/local/lib/python3.9/site-packages/airflow/example_dags/tutorial_taskflow_api.py took 0.066 seconds
[2024-10-03T20:45:57.312+0000] {processor.py:153} INFO - Started process (PID=5922) to work on /usr/local/lib/python3.9/site-packages/airflow/example_dags/tutorial_taskflow_api.py
[2024-10-03T20:45:57.314+0000] {processor.py:743} INFO - Processing file /usr/local/lib/python3.9/site-packages/airflow/example_dags/tutorial_taskflow_api.py for tasks to queue
[2024-10-03T20:45:57.314+0000] {logging_mixin.py:137} INFO - [2024-10-03T20:45:57.314+0000] {dagbag.py:532} INFO - Filling up the DagBag from /usr/local/lib/python3.9/site-packages/airflow/example_dags/tutorial_taskflow_api.py
[2024-10-03T20:45:57.332+0000] {processor.py:753} INFO - DAG(s) dict_keys(['tutorial_taskflow_api']) retrieved from /usr/local/lib/python3.9/site-packages/airflow/example_dags/tutorial_taskflow_api.py
[2024-10-03T20:45:57.349+0000] {logging_mixin.py:137} INFO - [2024-10-03T20:45:57.349+0000] {dag.py:2705} INFO - Sync 1 DAGs
[2024-10-03T20:45:57.360+0000] {logging_mixin.py:137} INFO - [2024-10-03T20:45:57.360+0000] {dag.py:3452} INFO - Setting next_dagrun for tutorial_taskflow_api to None, run_after=None
[2024-10-03T20:45:57.371+0000] {processor.py:175} INFO - Processing /usr/local/lib/python3.9/site-packages/airflow/example_dags/tutorial_taskflow_api.py took 0.063 seconds
[2024-10-03T20:46:28.016+0000] {processor.py:153} INFO - Started process (PID=6133) to work on /usr/local/lib/python3.9/site-packages/airflow/example_dags/tutorial_taskflow_api.py
[2024-10-03T20:46:28.018+0000] {processor.py:743} INFO - Processing file /usr/local/lib/python3.9/site-packages/airflow/example_dags/tutorial_taskflow_api.py for tasks to queue
[2024-10-03T20:46:28.018+0000] {logging_mixin.py:137} INFO - [2024-10-03T20:46:28.018+0000] {dagbag.py:532} INFO - Filling up the DagBag from /usr/local/lib/python3.9/site-packages/airflow/example_dags/tutorial_taskflow_api.py
[2024-10-03T20:46:28.035+0000] {processor.py:753} INFO - DAG(s) dict_keys(['tutorial_taskflow_api']) retrieved from /usr/local/lib/python3.9/site-packages/airflow/example_dags/tutorial_taskflow_api.py
[2024-10-03T20:46:28.050+0000] {logging_mixin.py:137} INFO - [2024-10-03T20:46:28.050+0000] {dag.py:2705} INFO - Sync 1 DAGs
[2024-10-03T20:46:28.064+0000] {logging_mixin.py:137} INFO - [2024-10-03T20:46:28.064+0000] {dag.py:3452} INFO - Setting next_dagrun for tutorial_taskflow_api to None, run_after=None
[2024-10-03T20:46:28.075+0000] {processor.py:175} INFO - Processing /usr/local/lib/python3.9/site-packages/airflow/example_dags/tutorial_taskflow_api.py took 0.063 seconds
[2024-10-03T20:46:58.654+0000] {processor.py:153} INFO - Started process (PID=6344) to work on /usr/local/lib/python3.9/site-packages/airflow/example_dags/tutorial_taskflow_api.py
[2024-10-03T20:46:58.657+0000] {processor.py:743} INFO - Processing file /usr/local/lib/python3.9/site-packages/airflow/example_dags/tutorial_taskflow_api.py for tasks to queue
[2024-10-03T20:46:58.660+0000] {logging_mixin.py:137} INFO - [2024-10-03T20:46:58.659+0000] {dagbag.py:532} INFO - Filling up the DagBag from /usr/local/lib/python3.9/site-packages/airflow/example_dags/tutorial_taskflow_api.py
[2024-10-03T20:46:58.678+0000] {processor.py:753} INFO - DAG(s) dict_keys(['tutorial_taskflow_api']) retrieved from /usr/local/lib/python3.9/site-packages/airflow/example_dags/tutorial_taskflow_api.py
[2024-10-03T20:46:58.696+0000] {logging_mixin.py:137} INFO - [2024-10-03T20:46:58.696+0000] {dag.py:2705} INFO - Sync 1 DAGs
[2024-10-03T20:46:58.708+0000] {logging_mixin.py:137} INFO - [2024-10-03T20:46:58.708+0000] {dag.py:3452} INFO - Setting next_dagrun for tutorial_taskflow_api to None, run_after=None
[2024-10-03T20:46:58.718+0000] {processor.py:175} INFO - Processing /usr/local/lib/python3.9/site-packages/airflow/example_dags/tutorial_taskflow_api.py took 0.069 seconds
[2024-10-03T20:47:29.145+0000] {processor.py:153} INFO - Started process (PID=6555) to work on /usr/local/lib/python3.9/site-packages/airflow/example_dags/tutorial_taskflow_api.py
[2024-10-03T20:47:29.146+0000] {processor.py:743} INFO - Processing file /usr/local/lib/python3.9/site-packages/airflow/example_dags/tutorial_taskflow_api.py for tasks to queue
[2024-10-03T20:47:29.147+0000] {logging_mixin.py:137} INFO - [2024-10-03T20:47:29.147+0000] {dagbag.py:532} INFO - Filling up the DagBag from /usr/local/lib/python3.9/site-packages/airflow/example_dags/tutorial_taskflow_api.py
[2024-10-03T20:47:29.166+0000] {processor.py:753} INFO - DAG(s) dict_keys(['tutorial_taskflow_api']) retrieved from /usr/local/lib/python3.9/site-packages/airflow/example_dags/tutorial_taskflow_api.py
[2024-10-03T20:47:29.185+0000] {logging_mixin.py:137} INFO - [2024-10-03T20:47:29.184+0000] {dag.py:2705} INFO - Sync 1 DAGs
[2024-10-03T20:47:29.197+0000] {logging_mixin.py:137} INFO - [2024-10-03T20:47:29.197+0000] {dag.py:3452} INFO - Setting next_dagrun for tutorial_taskflow_api to None, run_after=None
[2024-10-03T20:47:29.208+0000] {processor.py:175} INFO - Processing /usr/local/lib/python3.9/site-packages/airflow/example_dags/tutorial_taskflow_api.py took 0.067 seconds
[2024-10-03T20:47:59.872+0000] {processor.py:153} INFO - Started process (PID=6766) to work on /usr/local/lib/python3.9/site-packages/airflow/example_dags/tutorial_taskflow_api.py
[2024-10-03T20:47:59.873+0000] {processor.py:743} INFO - Processing file /usr/local/lib/python3.9/site-packages/airflow/example_dags/tutorial_taskflow_api.py for tasks to queue
[2024-10-03T20:47:59.874+0000] {logging_mixin.py:137} INFO - [2024-10-03T20:47:59.873+0000] {dagbag.py:532} INFO - Filling up the DagBag from /usr/local/lib/python3.9/site-packages/airflow/example_dags/tutorial_taskflow_api.py
[2024-10-03T20:47:59.890+0000] {processor.py:753} INFO - DAG(s) dict_keys(['tutorial_taskflow_api']) retrieved from /usr/local/lib/python3.9/site-packages/airflow/example_dags/tutorial_taskflow_api.py
[2024-10-03T20:47:59.904+0000] {logging_mixin.py:137} INFO - [2024-10-03T20:47:59.904+0000] {dag.py:2705} INFO - Sync 1 DAGs
[2024-10-03T20:47:59.918+0000] {logging_mixin.py:137} INFO - [2024-10-03T20:47:59.918+0000] {dag.py:3452} INFO - Setting next_dagrun for tutorial_taskflow_api to None, run_after=None
[2024-10-03T20:47:59.927+0000] {processor.py:175} INFO - Processing /usr/local/lib/python3.9/site-packages/airflow/example_dags/tutorial_taskflow_api.py took 0.059 seconds
[2024-10-03T20:48:30.489+0000] {processor.py:153} INFO - Started process (PID=6977) to work on /usr/local/lib/python3.9/site-packages/airflow/example_dags/tutorial_taskflow_api.py
[2024-10-03T20:48:30.491+0000] {processor.py:743} INFO - Processing file /usr/local/lib/python3.9/site-packages/airflow/example_dags/tutorial_taskflow_api.py for tasks to queue
[2024-10-03T20:48:30.492+0000] {logging_mixin.py:137} INFO - [2024-10-03T20:48:30.492+0000] {dagbag.py:532} INFO - Filling up the DagBag from /usr/local/lib/python3.9/site-packages/airflow/example_dags/tutorial_taskflow_api.py
[2024-10-03T20:48:30.510+0000] {processor.py:753} INFO - DAG(s) dict_keys(['tutorial_taskflow_api']) retrieved from /usr/local/lib/python3.9/site-packages/airflow/example_dags/tutorial_taskflow_api.py
[2024-10-03T20:48:30.525+0000] {logging_mixin.py:137} INFO - [2024-10-03T20:48:30.525+0000] {dag.py:2705} INFO - Sync 1 DAGs
[2024-10-03T20:48:30.536+0000] {logging_mixin.py:137} INFO - [2024-10-03T20:48:30.536+0000] {dag.py:3452} INFO - Setting next_dagrun for tutorial_taskflow_api to None, run_after=None
[2024-10-03T20:48:30.547+0000] {processor.py:175} INFO - Processing /usr/local/lib/python3.9/site-packages/airflow/example_dags/tutorial_taskflow_api.py took 0.062 seconds
[2024-10-03T20:49:01.293+0000] {processor.py:153} INFO - Started process (PID=7188) to work on /usr/local/lib/python3.9/site-packages/airflow/example_dags/tutorial_taskflow_api.py
[2024-10-03T20:49:01.295+0000] {processor.py:743} INFO - Processing file /usr/local/lib/python3.9/site-packages/airflow/example_dags/tutorial_taskflow_api.py for tasks to queue
[2024-10-03T20:49:01.295+0000] {logging_mixin.py:137} INFO - [2024-10-03T20:49:01.295+0000] {dagbag.py:532} INFO - Filling up the DagBag from /usr/local/lib/python3.9/site-packages/airflow/example_dags/tutorial_taskflow_api.py
[2024-10-03T20:49:01.315+0000] {processor.py:753} INFO - DAG(s) dict_keys(['tutorial_taskflow_api']) retrieved from /usr/local/lib/python3.9/site-packages/airflow/example_dags/tutorial_taskflow_api.py
[2024-10-03T20:49:01.333+0000] {logging_mixin.py:137} INFO - [2024-10-03T20:49:01.333+0000] {dag.py:2705} INFO - Sync 1 DAGs
[2024-10-03T20:49:01.345+0000] {logging_mixin.py:137} INFO - [2024-10-03T20:49:01.345+0000] {dag.py:3452} INFO - Setting next_dagrun for tutorial_taskflow_api to None, run_after=None
[2024-10-03T20:49:01.356+0000] {processor.py:175} INFO - Processing /usr/local/lib/python3.9/site-packages/airflow/example_dags/tutorial_taskflow_api.py took 0.068 seconds
[2024-10-03T20:49:32.151+0000] {processor.py:153} INFO - Started process (PID=7399) to work on /usr/local/lib/python3.9/site-packages/airflow/example_dags/tutorial_taskflow_api.py
[2024-10-03T20:49:32.153+0000] {processor.py:743} INFO - Processing file /usr/local/lib/python3.9/site-packages/airflow/example_dags/tutorial_taskflow_api.py for tasks to queue
[2024-10-03T20:49:32.153+0000] {logging_mixin.py:137} INFO - [2024-10-03T20:49:32.153+0000] {dagbag.py:532} INFO - Filling up the DagBag from /usr/local/lib/python3.9/site-packages/airflow/example_dags/tutorial_taskflow_api.py
[2024-10-03T20:49:32.172+0000] {processor.py:753} INFO - DAG(s) dict_keys(['tutorial_taskflow_api']) retrieved from /usr/local/lib/python3.9/site-packages/airflow/example_dags/tutorial_taskflow_api.py
[2024-10-03T20:49:32.187+0000] {logging_mixin.py:137} INFO - [2024-10-03T20:49:32.187+0000] {dag.py:2705} INFO - Sync 1 DAGs
[2024-10-03T20:49:32.199+0000] {logging_mixin.py:137} INFO - [2024-10-03T20:49:32.199+0000] {dag.py:3452} INFO - Setting next_dagrun for tutorial_taskflow_api to None, run_after=None
[2024-10-03T20:49:32.209+0000] {processor.py:175} INFO - Processing /usr/local/lib/python3.9/site-packages/airflow/example_dags/tutorial_taskflow_api.py took 0.063 seconds
[2024-10-03T20:50:02.830+0000] {processor.py:153} INFO - Started process (PID=7610) to work on /usr/local/lib/python3.9/site-packages/airflow/example_dags/tutorial_taskflow_api.py
[2024-10-03T20:50:02.831+0000] {processor.py:743} INFO - Processing file /usr/local/lib/python3.9/site-packages/airflow/example_dags/tutorial_taskflow_api.py for tasks to queue
[2024-10-03T20:50:02.832+0000] {logging_mixin.py:137} INFO - [2024-10-03T20:50:02.832+0000] {dagbag.py:532} INFO - Filling up the DagBag from /usr/local/lib/python3.9/site-packages/airflow/example_dags/tutorial_taskflow_api.py
[2024-10-03T20:50:02.850+0000] {processor.py:753} INFO - DAG(s) dict_keys(['tutorial_taskflow_api']) retrieved from /usr/local/lib/python3.9/site-packages/airflow/example_dags/tutorial_taskflow_api.py
[2024-10-03T20:50:02.866+0000] {logging_mixin.py:137} INFO - [2024-10-03T20:50:02.865+0000] {dag.py:2705} INFO - Sync 1 DAGs
[2024-10-03T20:50:02.878+0000] {logging_mixin.py:137} INFO - [2024-10-03T20:50:02.878+0000] {dag.py:3452} INFO - Setting next_dagrun for tutorial_taskflow_api to None, run_after=None
[2024-10-03T20:50:02.889+0000] {processor.py:175} INFO - Processing /usr/local/lib/python3.9/site-packages/airflow/example_dags/tutorial_taskflow_api.py took 0.064 seconds
[2024-10-03T20:50:33.591+0000] {processor.py:153} INFO - Started process (PID=7821) to work on /usr/local/lib/python3.9/site-packages/airflow/example_dags/tutorial_taskflow_api.py
[2024-10-03T20:50:33.592+0000] {processor.py:743} INFO - Processing file /usr/local/lib/python3.9/site-packages/airflow/example_dags/tutorial_taskflow_api.py for tasks to queue
[2024-10-03T20:50:33.594+0000] {logging_mixin.py:137} INFO - [2024-10-03T20:50:33.594+0000] {dagbag.py:532} INFO - Filling up the DagBag from /usr/local/lib/python3.9/site-packages/airflow/example_dags/tutorial_taskflow_api.py
[2024-10-03T20:50:33.615+0000] {processor.py:753} INFO - DAG(s) dict_keys(['tutorial_taskflow_api']) retrieved from /usr/local/lib/python3.9/site-packages/airflow/example_dags/tutorial_taskflow_api.py
[2024-10-03T20:50:33.638+0000] {logging_mixin.py:137} INFO - [2024-10-03T20:50:33.638+0000] {dag.py:2705} INFO - Sync 1 DAGs
[2024-10-03T20:50:33.653+0000] {logging_mixin.py:137} INFO - [2024-10-03T20:50:33.652+0000] {dag.py:3452} INFO - Setting next_dagrun for tutorial_taskflow_api to None, run_after=None
[2024-10-03T20:50:33.665+0000] {processor.py:175} INFO - Processing /usr/local/lib/python3.9/site-packages/airflow/example_dags/tutorial_taskflow_api.py took 0.077 seconds
[2024-10-03T20:51:04.449+0000] {processor.py:153} INFO - Started process (PID=8032) to work on /usr/local/lib/python3.9/site-packages/airflow/example_dags/tutorial_taskflow_api.py
[2024-10-03T20:51:04.451+0000] {processor.py:743} INFO - Processing file /usr/local/lib/python3.9/site-packages/airflow/example_dags/tutorial_taskflow_api.py for tasks to queue
[2024-10-03T20:51:04.452+0000] {logging_mixin.py:137} INFO - [2024-10-03T20:51:04.452+0000] {dagbag.py:532} INFO - Filling up the DagBag from /usr/local/lib/python3.9/site-packages/airflow/example_dags/tutorial_taskflow_api.py
[2024-10-03T20:51:04.470+0000] {processor.py:753} INFO - DAG(s) dict_keys(['tutorial_taskflow_api']) retrieved from /usr/local/lib/python3.9/site-packages/airflow/example_dags/tutorial_taskflow_api.py
[2024-10-03T20:51:04.483+0000] {logging_mixin.py:137} INFO - [2024-10-03T20:51:04.483+0000] {dag.py:2705} INFO - Sync 1 DAGs
[2024-10-03T20:51:04.495+0000] {logging_mixin.py:137} INFO - [2024-10-03T20:51:04.495+0000] {dag.py:3452} INFO - Setting next_dagrun for tutorial_taskflow_api to None, run_after=None
[2024-10-03T20:51:04.503+0000] {processor.py:175} INFO - Processing /usr/local/lib/python3.9/site-packages/airflow/example_dags/tutorial_taskflow_api.py took 0.058 seconds
[2024-10-03T20:51:35.134+0000] {processor.py:153} INFO - Started process (PID=8243) to work on /usr/local/lib/python3.9/site-packages/airflow/example_dags/tutorial_taskflow_api.py
[2024-10-03T20:51:35.138+0000] {processor.py:743} INFO - Processing file /usr/local/lib/python3.9/site-packages/airflow/example_dags/tutorial_taskflow_api.py for tasks to queue
[2024-10-03T20:51:35.140+0000] {logging_mixin.py:137} INFO - [2024-10-03T20:51:35.140+0000] {dagbag.py:532} INFO - Filling up the DagBag from /usr/local/lib/python3.9/site-packages/airflow/example_dags/tutorial_taskflow_api.py
[2024-10-03T20:51:35.169+0000] {processor.py:753} INFO - DAG(s) dict_keys(['tutorial_taskflow_api']) retrieved from /usr/local/lib/python3.9/site-packages/airflow/example_dags/tutorial_taskflow_api.py
[2024-10-03T20:51:35.186+0000] {logging_mixin.py:137} INFO - [2024-10-03T20:51:35.186+0000] {dag.py:2705} INFO - Sync 1 DAGs
[2024-10-03T20:51:35.201+0000] {logging_mixin.py:137} INFO - [2024-10-03T20:51:35.201+0000] {dag.py:3452} INFO - Setting next_dagrun for tutorial_taskflow_api to None, run_after=None
[2024-10-03T20:51:35.212+0000] {processor.py:175} INFO - Processing /usr/local/lib/python3.9/site-packages/airflow/example_dags/tutorial_taskflow_api.py took 0.084 seconds
[2024-10-03T20:52:05.314+0000] {processor.py:153} INFO - Started process (PID=8454) to work on /usr/local/lib/python3.9/site-packages/airflow/example_dags/tutorial_taskflow_api.py
[2024-10-03T20:52:05.316+0000] {processor.py:743} INFO - Processing file /usr/local/lib/python3.9/site-packages/airflow/example_dags/tutorial_taskflow_api.py for tasks to queue
[2024-10-03T20:52:05.317+0000] {logging_mixin.py:137} INFO - [2024-10-03T20:52:05.317+0000] {dagbag.py:532} INFO - Filling up the DagBag from /usr/local/lib/python3.9/site-packages/airflow/example_dags/tutorial_taskflow_api.py
[2024-10-03T20:52:05.333+0000] {processor.py:753} INFO - DAG(s) dict_keys(['tutorial_taskflow_api']) retrieved from /usr/local/lib/python3.9/site-packages/airflow/example_dags/tutorial_taskflow_api.py
[2024-10-03T20:52:05.351+0000] {logging_mixin.py:137} INFO - [2024-10-03T20:52:05.351+0000] {dag.py:2705} INFO - Sync 1 DAGs
[2024-10-03T20:52:05.365+0000] {logging_mixin.py:137} INFO - [2024-10-03T20:52:05.365+0000] {dag.py:3452} INFO - Setting next_dagrun for tutorial_taskflow_api to None, run_after=None
[2024-10-03T20:52:05.376+0000] {processor.py:175} INFO - Processing /usr/local/lib/python3.9/site-packages/airflow/example_dags/tutorial_taskflow_api.py took 0.064 seconds
[2024-10-03T20:52:36.412+0000] {processor.py:153} INFO - Started process (PID=8665) to work on /usr/local/lib/python3.9/site-packages/airflow/example_dags/tutorial_taskflow_api.py
[2024-10-03T20:52:36.414+0000] {processor.py:743} INFO - Processing file /usr/local/lib/python3.9/site-packages/airflow/example_dags/tutorial_taskflow_api.py for tasks to queue
[2024-10-03T20:52:36.415+0000] {logging_mixin.py:137} INFO - [2024-10-03T20:52:36.415+0000] {dagbag.py:532} INFO - Filling up the DagBag from /usr/local/lib/python3.9/site-packages/airflow/example_dags/tutorial_taskflow_api.py
[2024-10-03T20:52:36.434+0000] {processor.py:753} INFO - DAG(s) dict_keys(['tutorial_taskflow_api']) retrieved from /usr/local/lib/python3.9/site-packages/airflow/example_dags/tutorial_taskflow_api.py
[2024-10-03T20:52:36.450+0000] {logging_mixin.py:137} INFO - [2024-10-03T20:52:36.450+0000] {dag.py:2705} INFO - Sync 1 DAGs
[2024-10-03T20:52:36.464+0000] {logging_mixin.py:137} INFO - [2024-10-03T20:52:36.464+0000] {dag.py:3452} INFO - Setting next_dagrun for tutorial_taskflow_api to None, run_after=None
[2024-10-03T20:52:36.476+0000] {processor.py:175} INFO - Processing /usr/local/lib/python3.9/site-packages/airflow/example_dags/tutorial_taskflow_api.py took 0.076 seconds
