[2024-10-10T21:21:24.187+0000] {taskinstance.py:1090} INFO - Dependencies all met for dep_context=non-requeueable deps ti=<TaskInstance: pipeline_A.task_0_S3_to_DB manual__2024-10-10T21:21:21.688176+00:00 [queued]>
[2024-10-10T21:21:24.191+0000] {taskinstance.py:1090} INFO - Dependencies all met for dep_context=requeueable deps ti=<TaskInstance: pipeline_A.task_0_S3_to_DB manual__2024-10-10T21:21:21.688176+00:00 [queued]>
[2024-10-10T21:21:24.191+0000] {taskinstance.py:1288} INFO - 
--------------------------------------------------------------------------------
[2024-10-10T21:21:24.191+0000] {taskinstance.py:1289} INFO - Starting attempt 1 of 1
[2024-10-10T21:21:24.191+0000] {taskinstance.py:1290} INFO - 
--------------------------------------------------------------------------------
[2024-10-10T21:21:24.196+0000] {taskinstance.py:1309} INFO - Executing <Task(PythonOperator): task_0_S3_to_DB> on 2024-10-10 21:21:21.688176+00:00
[2024-10-10T21:21:24.206+0000] {standard_task_runner.py:55} INFO - Started process 90136 to run task
[2024-10-10T21:21:24.208+0000] {standard_task_runner.py:82} INFO - Running: ['***', 'tasks', 'run', 'pipeline_A', 'task_0_S3_to_DB', 'manual__2024-10-10T21:21:21.688176+00:00', '--job-id', '21', '--raw', '--subdir', 'DAGS_FOLDER/pipeline_A.py', '--cfg-path', '/tmp/tmpb8xbgveu']
[2024-10-10T21:21:24.209+0000] {standard_task_runner.py:83} INFO - Job 21: Subtask task_0_S3_to_DB
[2024-10-10T21:21:24.217+0000] {logging_mixin.py:137} WARNING - /usr/local/lib/python3.9/site-packages/***/settings.py:250 DeprecationWarning: The sql_alchemy_conn option in [core] has been moved to the sql_alchemy_conn option in [database] - the old setting has been used, but please update your config.
[2024-10-10T21:21:24.246+0000] {task_command.py:389} INFO - Running <TaskInstance: pipeline_A.task_0_S3_to_DB manual__2024-10-10T21:21:21.688176+00:00 [running]> on host d6685a94b59c
[2024-10-10T21:21:24.280+0000] {taskinstance.py:1516} INFO - Exporting the following env vars:
AIRFLOW_CTX_DAG_OWNER=***
AIRFLOW_CTX_DAG_ID=pipeline_A
AIRFLOW_CTX_TASK_ID=task_0_S3_to_DB
AIRFLOW_CTX_EXECUTION_DATE=2024-10-10T21:21:21.688176+00:00
AIRFLOW_CTX_TRY_NUMBER=1
AIRFLOW_CTX_DAG_RUN_ID=manual__2024-10-10T21:21:21.688176+00:00
[2024-10-10T21:21:24.282+0000] {s3_db.py:130} INFO - Executing S3 File read.......
[2024-10-10T21:21:24.282+0000] {s3_db.py:17} INFO - Creating Spark session ......
[2024-10-10T21:21:32.679+0000] {s3_db.py:52} INFO - Updating run log for read operation....
[2024-10-10T21:21:32.683+0000] {s3_db.py:56} INFO - Run log updated successfully....
[2024-10-10T21:21:32.686+0000] {s3_db.py:239} INFO - Executing file writing function .....
[2024-10-10T21:21:33.285+0000] {s3_db.py:264} INFO - Completed writing to target table.......
[2024-10-10T21:21:33.285+0000] {s3_db.py:314} INFO - Updating run_log, marking status as success........ 
[2024-10-10T21:21:33.288+0000] {s3_db.py:52} INFO - Updating run log for write operation....
[2024-10-10T21:21:33.289+0000] {s3_db.py:56} INFO - Run log updated successfully....
[2024-10-10T21:21:33.289+0000] {s3_db.py:316} INFO - 918 records transferred from s3a://sdevalla-buck/test/sftp_20240323.txt to ***.reddit_d
[2024-10-10T21:21:33.800+0000] {python.py:177} INFO - Done. Returned value was: 918
[2024-10-10T21:21:33.843+0000] {taskinstance.py:1327} INFO - Marking task as SUCCESS. dag_id=pipeline_A, task_id=task_0_S3_to_DB, execution_date=20241010T212121, start_date=20241010T212124, end_date=20241010T212133
[2024-10-10T21:21:33.899+0000] {local_task_job.py:212} INFO - Task exited with return code 0
[2024-10-10T21:21:33.930+0000] {taskinstance.py:2596} INFO - 0 downstream tasks scheduled from follow-on schedule check
