[2024-10-13T22:31:12.615+0000] {taskinstance.py:1090} INFO - Dependencies all met for dep_context=non-requeueable deps ti=<TaskInstance: pipeline_Demo.SFTP_to_S3 manual__2024-10-13T22:31:10.787712+00:00 [queued]>
[2024-10-13T22:31:12.619+0000] {taskinstance.py:1090} INFO - Dependencies all met for dep_context=requeueable deps ti=<TaskInstance: pipeline_Demo.SFTP_to_S3 manual__2024-10-13T22:31:10.787712+00:00 [queued]>
[2024-10-13T22:31:12.619+0000] {taskinstance.py:1288} INFO - 
--------------------------------------------------------------------------------
[2024-10-13T22:31:12.620+0000] {taskinstance.py:1289} INFO - Starting attempt 1 of 1
[2024-10-13T22:31:12.620+0000] {taskinstance.py:1290} INFO - 
--------------------------------------------------------------------------------
[2024-10-13T22:31:12.624+0000] {taskinstance.py:1309} INFO - Executing <Task(PythonOperator): SFTP_to_S3> on 2024-10-13 22:31:10.787712+00:00
[2024-10-13T22:31:12.629+0000] {standard_task_runner.py:55} INFO - Started process 215 to run task
[2024-10-13T22:31:12.632+0000] {standard_task_runner.py:82} INFO - Running: ['***', 'tasks', 'run', 'pipeline_Demo', 'SFTP_to_S3', 'manual__2024-10-13T22:31:10.787712+00:00', '--job-id', '36', '--raw', '--subdir', 'DAGS_FOLDER/pipeline_Demo.py', '--cfg-path', '/tmp/tmpx2hodv4m']
[2024-10-13T22:31:12.633+0000] {standard_task_runner.py:83} INFO - Job 36: Subtask SFTP_to_S3
[2024-10-13T22:31:12.640+0000] {logging_mixin.py:137} WARNING - /usr/local/lib/python3.9/site-packages/***/settings.py:250 DeprecationWarning: The sql_alchemy_conn option in [core] has been moved to the sql_alchemy_conn option in [database] - the old setting has been used, but please update your config.
[2024-10-13T22:31:12.672+0000] {task_command.py:389} INFO - Running <TaskInstance: pipeline_Demo.SFTP_to_S3 manual__2024-10-13T22:31:10.787712+00:00 [running]> on host 764f93acab86
[2024-10-13T22:31:12.701+0000] {taskinstance.py:1516} INFO - Exporting the following env vars:
AIRFLOW_CTX_DAG_OWNER=***
AIRFLOW_CTX_DAG_ID=pipeline_Demo
AIRFLOW_CTX_TASK_ID=SFTP_to_S3
AIRFLOW_CTX_EXECUTION_DATE=2024-10-13T22:31:10.787712+00:00
AIRFLOW_CTX_TRY_NUMBER=1
AIRFLOW_CTX_DAG_RUN_ID=manual__2024-10-13T22:31:10.787712+00:00
[2024-10-13T22:31:12.702+0000] {sftp_s3.py:187} INFO - Entered sftp_get_file function .....
[2024-10-13T22:31:12.703+0000] {logging_mixin.py:137} WARNING - /usr/local/lib/python3.9/site-packages/pysftp/__init__.py:61 UserWarning: Failed to load HostKeys from /root/.ssh/known_hosts.  You will need to explicitly load HostKeys (cnopts.hostkeys.load(filename)) or disableHostKey checking (cnopts.hostkeys = None).
[2024-10-13T22:31:12.703+0000] {sftp_s3.py:210} INFO - Entered func
[2024-10-13T22:31:12.703+0000] {sftp_s3.py:73} INFO - Executing File pattern check......
[2024-10-13T22:31:12.783+0000] {transport.py:1944} INFO - Connected (version 2.0, client OpenSSH_8.4p1)
[2024-10-13T22:31:12.908+0000] {transport.py:1944} INFO - Authentication (password) successful!
[2024-10-13T22:31:12.910+0000] {logging_mixin.py:137} INFO - Connection successful to SFTP .........
[2024-10-13T22:31:13.262+0000] {sftp.py:169} INFO - [chan 0] Opened sftp connection (server version 3)
[2024-10-13T22:31:13.271+0000] {logging_mixin.py:137} INFO - objs: ['sftp_20241010.txt', 'sftp_20241010123456 .txt', 'sftp_20241011.txt', 'sftp_20241011053445.csv', 'sftp_20241011053445.txt', 'sftp_20241012.txt', 'sftp_20241012123030.txt']
[2024-10-13T22:31:13.271+0000] {sftp.py:169} INFO - [chan 0] sftp session closed.
[2024-10-13T22:31:13.272+0000] {logging_mixin.py:137} INFO - match_list: ['sftp_20241011053445.txt', 'sftp_20241012123030.txt']
[2024-10-13T22:31:13.272+0000] {logging_mixin.py:137} INFO - latest file: sftp_20241012123030.txt
[2024-10-13T22:31:13.272+0000] {sftp_s3.py:121} INFO - Latest file for pattern - sftp_\d{14}\.txt at /sftp_restricted: sftp_20241012123030.txt
[2024-10-13T22:31:13.313+0000] {transport.py:1944} INFO - Connected (version 2.0, client OpenSSH_8.4p1)
[2024-10-13T22:31:13.431+0000] {transport.py:1944} INFO - Authentication (password) successful!
[2024-10-13T22:31:13.431+0000] {sftp_s3.py:223} INFO - Connection successful to SFTP
[2024-10-13T22:31:13.767+0000] {sftp.py:169} INFO - [chan 0] Opened sftp connection (server version 3)
[2024-10-13T22:31:13.783+0000] {sftp_s3.py:227} INFO - File sftp_20241012123030.txt downloaded to local path /opt/***/tempdata/sftp_20241012123030.txt
[2024-10-13T22:31:13.787+0000] {sftp_s3.py:53} INFO - Updating run log for read operation....
[2024-10-13T22:31:13.789+0000] {sftp_s3.py:57} INFO - Run log updated successfully....
[2024-10-13T22:31:13.789+0000] {sftp.py:169} INFO - [chan 0] sftp session closed.
[2024-10-13T22:31:13.789+0000] {logging_mixin.py:137} INFO - lc: /opt/***/tempdata/sftp_20241012123030.txt
[2024-10-13T22:31:13.789+0000] {sftp_s3.py:18} INFO - Creating Spark session ......
[2024-10-13T22:31:21.480+0000] {logging_mixin.py:137} INFO - root
 |-- _c0: string (nullable = true)
 |-- _c1: string (nullable = true)
 |-- _c2: string (nullable = true)
 |-- _c3: string (nullable = true)
 |-- _c4: string (nullable = true)
 |-- _c5: string (nullable = true)
 |-- _c6: string (nullable = true)
 |-- _c7: string (nullable = true)
 |-- _c8: string (nullable = true)
[2024-10-13T22:31:21.486+0000] {logging_mixin.py:137} INFO - None
[2024-10-13T22:31:29.899+0000] {sftp_s3.py:172} INFO - Moved and Renamed files
[2024-10-13T22:31:29.921+0000] {sftp_s3.py:53} INFO - Updating run log for write operation....
[2024-10-13T22:31:29.923+0000] {sftp_s3.py:57} INFO - Run log updated successfully....
[2024-10-13T22:31:29.923+0000] {sftp_s3.py:309} INFO - File transfer successful to sdevalla-buck with key sftp_file_receiver/sftp_s3_20241013.csv
[2024-10-13T22:31:29.924+0000] {sftp_s3.py:350} INFO - File transfer Successful
[2024-10-13T22:31:29.925+0000] {python.py:177} INFO - Done. Returned value was: sftp_file_receiver/sftp_s3_20241013.csv
[2024-10-13T22:31:29.976+0000] {taskinstance.py:1327} INFO - Marking task as SUCCESS. dag_id=pipeline_Demo, task_id=SFTP_to_S3, execution_date=20241013T223110, start_date=20241013T223112, end_date=20241013T223129
[2024-10-13T22:31:30.087+0000] {local_task_job.py:212} INFO - Task exited with return code 0
[2024-10-13T22:31:30.202+0000] {taskinstance.py:2596} INFO - 1 downstream tasks scheduled from follow-on schedule check
