[2024-10-03T20:32:00.887+0000] {processor.py:153} INFO - Started process (PID=202) to work on /usr/local/lib/python3.9/site-packages/airflow/example_dags/subdags/subdag.py
[2024-10-03T20:32:00.887+0000] {processor.py:743} INFO - Processing file /usr/local/lib/python3.9/site-packages/airflow/example_dags/subdags/subdag.py for tasks to queue
[2024-10-03T20:32:00.888+0000] {logging_mixin.py:137} INFO - [2024-10-03T20:32:00.887+0000] {dagbag.py:532} INFO - Filling up the DagBag from /usr/local/lib/python3.9/site-packages/airflow/example_dags/subdags/subdag.py
[2024-10-03T20:32:00.889+0000] {processor.py:755} WARNING - No viable dags retrieved from /usr/local/lib/python3.9/site-packages/airflow/example_dags/subdags/subdag.py
[2024-10-03T20:32:00.909+0000] {processor.py:175} INFO - Processing /usr/local/lib/python3.9/site-packages/airflow/example_dags/subdags/subdag.py took 0.024 seconds
[2024-10-03T20:32:31.360+0000] {processor.py:153} INFO - Started process (PID=415) to work on /usr/local/lib/python3.9/site-packages/airflow/example_dags/subdags/subdag.py
[2024-10-03T20:32:31.361+0000] {processor.py:743} INFO - Processing file /usr/local/lib/python3.9/site-packages/airflow/example_dags/subdags/subdag.py for tasks to queue
[2024-10-03T20:32:31.362+0000] {logging_mixin.py:137} INFO - [2024-10-03T20:32:31.362+0000] {dagbag.py:532} INFO - Filling up the DagBag from /usr/local/lib/python3.9/site-packages/airflow/example_dags/subdags/subdag.py
[2024-10-03T20:32:31.370+0000] {processor.py:755} WARNING - No viable dags retrieved from /usr/local/lib/python3.9/site-packages/airflow/example_dags/subdags/subdag.py
[2024-10-03T20:32:31.394+0000] {processor.py:175} INFO - Processing /usr/local/lib/python3.9/site-packages/airflow/example_dags/subdags/subdag.py took 0.036 seconds
[2024-10-03T20:33:03.843+0000] {processor.py:153} INFO - Started process (PID=625) to work on /usr/local/lib/python3.9/site-packages/airflow/example_dags/subdags/subdag.py
[2024-10-03T20:33:03.875+0000] {processor.py:743} INFO - Processing file /usr/local/lib/python3.9/site-packages/airflow/example_dags/subdags/subdag.py for tasks to queue
[2024-10-03T20:33:03.875+0000] {logging_mixin.py:137} INFO - [2024-10-03T20:33:03.875+0000] {dagbag.py:532} INFO - Filling up the DagBag from /usr/local/lib/python3.9/site-packages/airflow/example_dags/subdags/subdag.py
[2024-10-03T20:33:03.877+0000] {processor.py:755} WARNING - No viable dags retrieved from /usr/local/lib/python3.9/site-packages/airflow/example_dags/subdags/subdag.py
[2024-10-03T20:33:03.886+0000] {processor.py:175} INFO - Processing /usr/local/lib/python3.9/site-packages/airflow/example_dags/subdags/subdag.py took 0.045 seconds
[2024-10-03T20:33:34.841+0000] {processor.py:153} INFO - Started process (PID=836) to work on /usr/local/lib/python3.9/site-packages/airflow/example_dags/subdags/subdag.py
[2024-10-03T20:33:34.843+0000] {processor.py:743} INFO - Processing file /usr/local/lib/python3.9/site-packages/airflow/example_dags/subdags/subdag.py for tasks to queue
[2024-10-03T20:33:34.843+0000] {logging_mixin.py:137} INFO - [2024-10-03T20:33:34.843+0000] {dagbag.py:532} INFO - Filling up the DagBag from /usr/local/lib/python3.9/site-packages/airflow/example_dags/subdags/subdag.py
[2024-10-03T20:33:34.847+0000] {processor.py:755} WARNING - No viable dags retrieved from /usr/local/lib/python3.9/site-packages/airflow/example_dags/subdags/subdag.py
[2024-10-03T20:33:34.861+0000] {processor.py:175} INFO - Processing /usr/local/lib/python3.9/site-packages/airflow/example_dags/subdags/subdag.py took 0.023 seconds
[2024-10-03T20:34:05.820+0000] {processor.py:153} INFO - Started process (PID=1047) to work on /usr/local/lib/python3.9/site-packages/airflow/example_dags/subdags/subdag.py
[2024-10-03T20:34:05.823+0000] {processor.py:743} INFO - Processing file /usr/local/lib/python3.9/site-packages/airflow/example_dags/subdags/subdag.py for tasks to queue
[2024-10-03T20:34:05.824+0000] {logging_mixin.py:137} INFO - [2024-10-03T20:34:05.824+0000] {dagbag.py:532} INFO - Filling up the DagBag from /usr/local/lib/python3.9/site-packages/airflow/example_dags/subdags/subdag.py
[2024-10-03T20:34:05.832+0000] {processor.py:755} WARNING - No viable dags retrieved from /usr/local/lib/python3.9/site-packages/airflow/example_dags/subdags/subdag.py
[2024-10-03T20:34:05.857+0000] {processor.py:175} INFO - Processing /usr/local/lib/python3.9/site-packages/airflow/example_dags/subdags/subdag.py took 0.039 seconds
[2024-10-03T20:34:36.338+0000] {processor.py:153} INFO - Started process (PID=1251) to work on /usr/local/lib/python3.9/site-packages/airflow/example_dags/subdags/subdag.py
[2024-10-03T20:34:36.346+0000] {processor.py:743} INFO - Processing file /usr/local/lib/python3.9/site-packages/airflow/example_dags/subdags/subdag.py for tasks to queue
[2024-10-03T20:34:36.371+0000] {logging_mixin.py:137} INFO - [2024-10-03T20:34:36.371+0000] {dagbag.py:532} INFO - Filling up the DagBag from /usr/local/lib/python3.9/site-packages/airflow/example_dags/subdags/subdag.py
[2024-10-03T20:34:36.418+0000] {processor.py:755} WARNING - No viable dags retrieved from /usr/local/lib/python3.9/site-packages/airflow/example_dags/subdags/subdag.py
[2024-10-03T20:34:36.611+0000] {processor.py:175} INFO - Processing /usr/local/lib/python3.9/site-packages/airflow/example_dags/subdags/subdag.py took 0.310 seconds
[2024-10-03T20:35:07.461+0000] {processor.py:153} INFO - Started process (PID=1462) to work on /usr/local/lib/python3.9/site-packages/airflow/example_dags/subdags/subdag.py
[2024-10-03T20:35:07.470+0000] {processor.py:743} INFO - Processing file /usr/local/lib/python3.9/site-packages/airflow/example_dags/subdags/subdag.py for tasks to queue
[2024-10-03T20:35:07.474+0000] {logging_mixin.py:137} INFO - [2024-10-03T20:35:07.473+0000] {dagbag.py:532} INFO - Filling up the DagBag from /usr/local/lib/python3.9/site-packages/airflow/example_dags/subdags/subdag.py
[2024-10-03T20:35:07.536+0000] {processor.py:755} WARNING - No viable dags retrieved from /usr/local/lib/python3.9/site-packages/airflow/example_dags/subdags/subdag.py
[2024-10-03T20:35:07.655+0000] {processor.py:175} INFO - Processing /usr/local/lib/python3.9/site-packages/airflow/example_dags/subdags/subdag.py took 0.214 seconds
[2024-10-03T20:35:38.031+0000] {processor.py:153} INFO - Started process (PID=1674) to work on /usr/local/lib/python3.9/site-packages/airflow/example_dags/subdags/subdag.py
[2024-10-03T20:35:38.036+0000] {processor.py:743} INFO - Processing file /usr/local/lib/python3.9/site-packages/airflow/example_dags/subdags/subdag.py for tasks to queue
[2024-10-03T20:35:38.037+0000] {logging_mixin.py:137} INFO - [2024-10-03T20:35:38.037+0000] {dagbag.py:532} INFO - Filling up the DagBag from /usr/local/lib/python3.9/site-packages/airflow/example_dags/subdags/subdag.py
[2024-10-03T20:35:38.043+0000] {processor.py:755} WARNING - No viable dags retrieved from /usr/local/lib/python3.9/site-packages/airflow/example_dags/subdags/subdag.py
[2024-10-03T20:35:38.075+0000] {processor.py:175} INFO - Processing /usr/local/lib/python3.9/site-packages/airflow/example_dags/subdags/subdag.py took 0.048 seconds
[2024-10-03T20:36:08.827+0000] {processor.py:153} INFO - Started process (PID=1885) to work on /usr/local/lib/python3.9/site-packages/airflow/example_dags/subdags/subdag.py
[2024-10-03T20:36:08.832+0000] {processor.py:743} INFO - Processing file /usr/local/lib/python3.9/site-packages/airflow/example_dags/subdags/subdag.py for tasks to queue
[2024-10-03T20:36:08.833+0000] {logging_mixin.py:137} INFO - [2024-10-03T20:36:08.833+0000] {dagbag.py:532} INFO - Filling up the DagBag from /usr/local/lib/python3.9/site-packages/airflow/example_dags/subdags/subdag.py
[2024-10-03T20:36:08.843+0000] {processor.py:755} WARNING - No viable dags retrieved from /usr/local/lib/python3.9/site-packages/airflow/example_dags/subdags/subdag.py
[2024-10-03T20:36:08.861+0000] {processor.py:175} INFO - Processing /usr/local/lib/python3.9/site-packages/airflow/example_dags/subdags/subdag.py took 0.050 seconds
[2024-10-03T20:36:39.369+0000] {processor.py:153} INFO - Started process (PID=2096) to work on /usr/local/lib/python3.9/site-packages/airflow/example_dags/subdags/subdag.py
[2024-10-03T20:36:39.371+0000] {processor.py:743} INFO - Processing file /usr/local/lib/python3.9/site-packages/airflow/example_dags/subdags/subdag.py for tasks to queue
[2024-10-03T20:36:39.372+0000] {logging_mixin.py:137} INFO - [2024-10-03T20:36:39.372+0000] {dagbag.py:532} INFO - Filling up the DagBag from /usr/local/lib/python3.9/site-packages/airflow/example_dags/subdags/subdag.py
[2024-10-03T20:36:39.390+0000] {processor.py:755} WARNING - No viable dags retrieved from /usr/local/lib/python3.9/site-packages/airflow/example_dags/subdags/subdag.py
[2024-10-03T20:36:39.413+0000] {processor.py:175} INFO - Processing /usr/local/lib/python3.9/site-packages/airflow/example_dags/subdags/subdag.py took 0.049 seconds
[2024-10-03T20:37:10.269+0000] {processor.py:153} INFO - Started process (PID=2307) to work on /usr/local/lib/python3.9/site-packages/airflow/example_dags/subdags/subdag.py
[2024-10-03T20:37:10.272+0000] {processor.py:743} INFO - Processing file /usr/local/lib/python3.9/site-packages/airflow/example_dags/subdags/subdag.py for tasks to queue
[2024-10-03T20:37:10.273+0000] {logging_mixin.py:137} INFO - [2024-10-03T20:37:10.273+0000] {dagbag.py:532} INFO - Filling up the DagBag from /usr/local/lib/python3.9/site-packages/airflow/example_dags/subdags/subdag.py
[2024-10-03T20:37:10.280+0000] {processor.py:755} WARNING - No viable dags retrieved from /usr/local/lib/python3.9/site-packages/airflow/example_dags/subdags/subdag.py
[2024-10-03T20:37:10.297+0000] {processor.py:175} INFO - Processing /usr/local/lib/python3.9/site-packages/airflow/example_dags/subdags/subdag.py took 0.035 seconds
[2024-10-03T20:37:41.076+0000] {processor.py:153} INFO - Started process (PID=2518) to work on /usr/local/lib/python3.9/site-packages/airflow/example_dags/subdags/subdag.py
[2024-10-03T20:37:41.078+0000] {processor.py:743} INFO - Processing file /usr/local/lib/python3.9/site-packages/airflow/example_dags/subdags/subdag.py for tasks to queue
[2024-10-03T20:37:41.079+0000] {logging_mixin.py:137} INFO - [2024-10-03T20:37:41.078+0000] {dagbag.py:532} INFO - Filling up the DagBag from /usr/local/lib/python3.9/site-packages/airflow/example_dags/subdags/subdag.py
[2024-10-03T20:37:41.084+0000] {processor.py:755} WARNING - No viable dags retrieved from /usr/local/lib/python3.9/site-packages/airflow/example_dags/subdags/subdag.py
[2024-10-03T20:37:41.107+0000] {processor.py:175} INFO - Processing /usr/local/lib/python3.9/site-packages/airflow/example_dags/subdags/subdag.py took 0.040 seconds
[2024-10-03T20:38:11.331+0000] {processor.py:153} INFO - Started process (PID=2729) to work on /usr/local/lib/python3.9/site-packages/airflow/example_dags/subdags/subdag.py
[2024-10-03T20:38:11.332+0000] {processor.py:743} INFO - Processing file /usr/local/lib/python3.9/site-packages/airflow/example_dags/subdags/subdag.py for tasks to queue
[2024-10-03T20:38:11.333+0000] {logging_mixin.py:137} INFO - [2024-10-03T20:38:11.333+0000] {dagbag.py:532} INFO - Filling up the DagBag from /usr/local/lib/python3.9/site-packages/airflow/example_dags/subdags/subdag.py
[2024-10-03T20:38:11.342+0000] {processor.py:755} WARNING - No viable dags retrieved from /usr/local/lib/python3.9/site-packages/airflow/example_dags/subdags/subdag.py
[2024-10-03T20:38:11.363+0000] {processor.py:175} INFO - Processing /usr/local/lib/python3.9/site-packages/airflow/example_dags/subdags/subdag.py took 0.036 seconds
[2024-10-03T20:38:42.068+0000] {processor.py:153} INFO - Started process (PID=2940) to work on /usr/local/lib/python3.9/site-packages/airflow/example_dags/subdags/subdag.py
[2024-10-03T20:38:42.070+0000] {processor.py:743} INFO - Processing file /usr/local/lib/python3.9/site-packages/airflow/example_dags/subdags/subdag.py for tasks to queue
[2024-10-03T20:38:42.071+0000] {logging_mixin.py:137} INFO - [2024-10-03T20:38:42.071+0000] {dagbag.py:532} INFO - Filling up the DagBag from /usr/local/lib/python3.9/site-packages/airflow/example_dags/subdags/subdag.py
[2024-10-03T20:38:42.075+0000] {processor.py:755} WARNING - No viable dags retrieved from /usr/local/lib/python3.9/site-packages/airflow/example_dags/subdags/subdag.py
[2024-10-03T20:38:42.089+0000] {processor.py:175} INFO - Processing /usr/local/lib/python3.9/site-packages/airflow/example_dags/subdags/subdag.py took 0.025 seconds
[2024-10-03T20:39:12.837+0000] {processor.py:153} INFO - Started process (PID=3152) to work on /usr/local/lib/python3.9/site-packages/airflow/example_dags/subdags/subdag.py
[2024-10-03T20:39:12.838+0000] {processor.py:743} INFO - Processing file /usr/local/lib/python3.9/site-packages/airflow/example_dags/subdags/subdag.py for tasks to queue
[2024-10-03T20:39:12.839+0000] {logging_mixin.py:137} INFO - [2024-10-03T20:39:12.839+0000] {dagbag.py:532} INFO - Filling up the DagBag from /usr/local/lib/python3.9/site-packages/airflow/example_dags/subdags/subdag.py
[2024-10-03T20:39:12.845+0000] {processor.py:755} WARNING - No viable dags retrieved from /usr/local/lib/python3.9/site-packages/airflow/example_dags/subdags/subdag.py
[2024-10-03T20:39:12.859+0000] {processor.py:175} INFO - Processing /usr/local/lib/python3.9/site-packages/airflow/example_dags/subdags/subdag.py took 0.026 seconds
[2024-10-03T20:39:43.654+0000] {processor.py:153} INFO - Started process (PID=3362) to work on /usr/local/lib/python3.9/site-packages/airflow/example_dags/subdags/subdag.py
[2024-10-03T20:39:43.656+0000] {processor.py:743} INFO - Processing file /usr/local/lib/python3.9/site-packages/airflow/example_dags/subdags/subdag.py for tasks to queue
[2024-10-03T20:39:43.657+0000] {logging_mixin.py:137} INFO - [2024-10-03T20:39:43.657+0000] {dagbag.py:532} INFO - Filling up the DagBag from /usr/local/lib/python3.9/site-packages/airflow/example_dags/subdags/subdag.py
[2024-10-03T20:39:43.666+0000] {processor.py:755} WARNING - No viable dags retrieved from /usr/local/lib/python3.9/site-packages/airflow/example_dags/subdags/subdag.py
[2024-10-03T20:39:43.683+0000] {processor.py:175} INFO - Processing /usr/local/lib/python3.9/site-packages/airflow/example_dags/subdags/subdag.py took 0.045 seconds
[2024-10-03T20:40:14.473+0000] {processor.py:153} INFO - Started process (PID=3573) to work on /usr/local/lib/python3.9/site-packages/airflow/example_dags/subdags/subdag.py
[2024-10-03T20:40:14.477+0000] {processor.py:743} INFO - Processing file /usr/local/lib/python3.9/site-packages/airflow/example_dags/subdags/subdag.py for tasks to queue
[2024-10-03T20:40:14.478+0000] {logging_mixin.py:137} INFO - [2024-10-03T20:40:14.478+0000] {dagbag.py:532} INFO - Filling up the DagBag from /usr/local/lib/python3.9/site-packages/airflow/example_dags/subdags/subdag.py
[2024-10-03T20:40:14.483+0000] {processor.py:755} WARNING - No viable dags retrieved from /usr/local/lib/python3.9/site-packages/airflow/example_dags/subdags/subdag.py
[2024-10-03T20:40:14.497+0000] {processor.py:175} INFO - Processing /usr/local/lib/python3.9/site-packages/airflow/example_dags/subdags/subdag.py took 0.027 seconds
[2024-10-03T20:40:45.371+0000] {processor.py:153} INFO - Started process (PID=3784) to work on /usr/local/lib/python3.9/site-packages/airflow/example_dags/subdags/subdag.py
[2024-10-03T20:40:45.373+0000] {processor.py:743} INFO - Processing file /usr/local/lib/python3.9/site-packages/airflow/example_dags/subdags/subdag.py for tasks to queue
[2024-10-03T20:40:45.374+0000] {logging_mixin.py:137} INFO - [2024-10-03T20:40:45.374+0000] {dagbag.py:532} INFO - Filling up the DagBag from /usr/local/lib/python3.9/site-packages/airflow/example_dags/subdags/subdag.py
[2024-10-03T20:40:45.379+0000] {processor.py:755} WARNING - No viable dags retrieved from /usr/local/lib/python3.9/site-packages/airflow/example_dags/subdags/subdag.py
[2024-10-03T20:40:45.397+0000] {processor.py:175} INFO - Processing /usr/local/lib/python3.9/site-packages/airflow/example_dags/subdags/subdag.py took 0.039 seconds
[2024-10-03T20:41:16.184+0000] {processor.py:153} INFO - Started process (PID=3995) to work on /usr/local/lib/python3.9/site-packages/airflow/example_dags/subdags/subdag.py
[2024-10-03T20:41:16.185+0000] {processor.py:743} INFO - Processing file /usr/local/lib/python3.9/site-packages/airflow/example_dags/subdags/subdag.py for tasks to queue
[2024-10-03T20:41:16.187+0000] {logging_mixin.py:137} INFO - [2024-10-03T20:41:16.186+0000] {dagbag.py:532} INFO - Filling up the DagBag from /usr/local/lib/python3.9/site-packages/airflow/example_dags/subdags/subdag.py
[2024-10-03T20:41:16.189+0000] {processor.py:755} WARNING - No viable dags retrieved from /usr/local/lib/python3.9/site-packages/airflow/example_dags/subdags/subdag.py
[2024-10-03T20:41:16.203+0000] {processor.py:175} INFO - Processing /usr/local/lib/python3.9/site-packages/airflow/example_dags/subdags/subdag.py took 0.023 seconds
[2024-10-03T20:41:46.799+0000] {processor.py:153} INFO - Started process (PID=4206) to work on /usr/local/lib/python3.9/site-packages/airflow/example_dags/subdags/subdag.py
[2024-10-03T20:41:46.801+0000] {processor.py:743} INFO - Processing file /usr/local/lib/python3.9/site-packages/airflow/example_dags/subdags/subdag.py for tasks to queue
[2024-10-03T20:41:46.801+0000] {logging_mixin.py:137} INFO - [2024-10-03T20:41:46.801+0000] {dagbag.py:532} INFO - Filling up the DagBag from /usr/local/lib/python3.9/site-packages/airflow/example_dags/subdags/subdag.py
[2024-10-03T20:41:46.808+0000] {processor.py:755} WARNING - No viable dags retrieved from /usr/local/lib/python3.9/site-packages/airflow/example_dags/subdags/subdag.py
[2024-10-03T20:41:46.820+0000] {processor.py:175} INFO - Processing /usr/local/lib/python3.9/site-packages/airflow/example_dags/subdags/subdag.py took 0.025 seconds
[2024-10-03T20:42:17.438+0000] {processor.py:153} INFO - Started process (PID=4418) to work on /usr/local/lib/python3.9/site-packages/airflow/example_dags/subdags/subdag.py
[2024-10-03T20:42:17.440+0000] {processor.py:743} INFO - Processing file /usr/local/lib/python3.9/site-packages/airflow/example_dags/subdags/subdag.py for tasks to queue
[2024-10-03T20:42:17.441+0000] {logging_mixin.py:137} INFO - [2024-10-03T20:42:17.441+0000] {dagbag.py:532} INFO - Filling up the DagBag from /usr/local/lib/python3.9/site-packages/airflow/example_dags/subdags/subdag.py
[2024-10-03T20:42:17.444+0000] {processor.py:755} WARNING - No viable dags retrieved from /usr/local/lib/python3.9/site-packages/airflow/example_dags/subdags/subdag.py
[2024-10-03T20:42:17.454+0000] {processor.py:175} INFO - Processing /usr/local/lib/python3.9/site-packages/airflow/example_dags/subdags/subdag.py took 0.019 seconds
[2024-10-03T20:42:48.157+0000] {processor.py:153} INFO - Started process (PID=4628) to work on /usr/local/lib/python3.9/site-packages/airflow/example_dags/subdags/subdag.py
[2024-10-03T20:42:48.159+0000] {processor.py:743} INFO - Processing file /usr/local/lib/python3.9/site-packages/airflow/example_dags/subdags/subdag.py for tasks to queue
[2024-10-03T20:42:48.160+0000] {logging_mixin.py:137} INFO - [2024-10-03T20:42:48.160+0000] {dagbag.py:532} INFO - Filling up the DagBag from /usr/local/lib/python3.9/site-packages/airflow/example_dags/subdags/subdag.py
[2024-10-03T20:42:48.166+0000] {processor.py:755} WARNING - No viable dags retrieved from /usr/local/lib/python3.9/site-packages/airflow/example_dags/subdags/subdag.py
[2024-10-03T20:42:48.178+0000] {processor.py:175} INFO - Processing /usr/local/lib/python3.9/site-packages/airflow/example_dags/subdags/subdag.py took 0.026 seconds
[2024-10-03T20:43:18.765+0000] {processor.py:153} INFO - Started process (PID=4840) to work on /usr/local/lib/python3.9/site-packages/airflow/example_dags/subdags/subdag.py
[2024-10-03T20:43:18.767+0000] {processor.py:743} INFO - Processing file /usr/local/lib/python3.9/site-packages/airflow/example_dags/subdags/subdag.py for tasks to queue
[2024-10-03T20:43:18.768+0000] {logging_mixin.py:137} INFO - [2024-10-03T20:43:18.768+0000] {dagbag.py:532} INFO - Filling up the DagBag from /usr/local/lib/python3.9/site-packages/airflow/example_dags/subdags/subdag.py
[2024-10-03T20:43:18.772+0000] {processor.py:755} WARNING - No viable dags retrieved from /usr/local/lib/python3.9/site-packages/airflow/example_dags/subdags/subdag.py
[2024-10-03T20:43:18.784+0000] {processor.py:175} INFO - Processing /usr/local/lib/python3.9/site-packages/airflow/example_dags/subdags/subdag.py took 0.022 seconds
[2024-10-03T20:43:49.404+0000] {processor.py:153} INFO - Started process (PID=5049) to work on /usr/local/lib/python3.9/site-packages/airflow/example_dags/subdags/subdag.py
[2024-10-03T20:43:49.406+0000] {processor.py:743} INFO - Processing file /usr/local/lib/python3.9/site-packages/airflow/example_dags/subdags/subdag.py for tasks to queue
[2024-10-03T20:43:49.409+0000] {logging_mixin.py:137} INFO - [2024-10-03T20:43:49.408+0000] {dagbag.py:532} INFO - Filling up the DagBag from /usr/local/lib/python3.9/site-packages/airflow/example_dags/subdags/subdag.py
[2024-10-03T20:43:49.415+0000] {processor.py:755} WARNING - No viable dags retrieved from /usr/local/lib/python3.9/site-packages/airflow/example_dags/subdags/subdag.py
[2024-10-03T20:43:49.436+0000] {processor.py:175} INFO - Processing /usr/local/lib/python3.9/site-packages/airflow/example_dags/subdags/subdag.py took 0.046 seconds
[2024-10-03T20:44:20.072+0000] {processor.py:153} INFO - Started process (PID=5261) to work on /usr/local/lib/python3.9/site-packages/airflow/example_dags/subdags/subdag.py
[2024-10-03T20:44:20.074+0000] {processor.py:743} INFO - Processing file /usr/local/lib/python3.9/site-packages/airflow/example_dags/subdags/subdag.py for tasks to queue
[2024-10-03T20:44:20.075+0000] {logging_mixin.py:137} INFO - [2024-10-03T20:44:20.075+0000] {dagbag.py:532} INFO - Filling up the DagBag from /usr/local/lib/python3.9/site-packages/airflow/example_dags/subdags/subdag.py
[2024-10-03T20:44:20.080+0000] {processor.py:755} WARNING - No viable dags retrieved from /usr/local/lib/python3.9/site-packages/airflow/example_dags/subdags/subdag.py
[2024-10-03T20:44:20.096+0000] {processor.py:175} INFO - Processing /usr/local/lib/python3.9/site-packages/airflow/example_dags/subdags/subdag.py took 0.028 seconds
[2024-10-03T20:44:50.756+0000] {processor.py:153} INFO - Started process (PID=5473) to work on /usr/local/lib/python3.9/site-packages/airflow/example_dags/subdags/subdag.py
[2024-10-03T20:44:50.758+0000] {processor.py:743} INFO - Processing file /usr/local/lib/python3.9/site-packages/airflow/example_dags/subdags/subdag.py for tasks to queue
[2024-10-03T20:44:50.759+0000] {logging_mixin.py:137} INFO - [2024-10-03T20:44:50.759+0000] {dagbag.py:532} INFO - Filling up the DagBag from /usr/local/lib/python3.9/site-packages/airflow/example_dags/subdags/subdag.py
[2024-10-03T20:44:50.764+0000] {processor.py:755} WARNING - No viable dags retrieved from /usr/local/lib/python3.9/site-packages/airflow/example_dags/subdags/subdag.py
[2024-10-03T20:44:50.772+0000] {processor.py:175} INFO - Processing /usr/local/lib/python3.9/site-packages/airflow/example_dags/subdags/subdag.py took 0.019 seconds
[2024-10-03T20:45:21.421+0000] {processor.py:153} INFO - Started process (PID=5684) to work on /usr/local/lib/python3.9/site-packages/airflow/example_dags/subdags/subdag.py
[2024-10-03T20:45:21.422+0000] {processor.py:743} INFO - Processing file /usr/local/lib/python3.9/site-packages/airflow/example_dags/subdags/subdag.py for tasks to queue
[2024-10-03T20:45:21.423+0000] {logging_mixin.py:137} INFO - [2024-10-03T20:45:21.423+0000] {dagbag.py:532} INFO - Filling up the DagBag from /usr/local/lib/python3.9/site-packages/airflow/example_dags/subdags/subdag.py
[2024-10-03T20:45:21.428+0000] {processor.py:755} WARNING - No viable dags retrieved from /usr/local/lib/python3.9/site-packages/airflow/example_dags/subdags/subdag.py
[2024-10-03T20:45:21.439+0000] {processor.py:175} INFO - Processing /usr/local/lib/python3.9/site-packages/airflow/example_dags/subdags/subdag.py took 0.023 seconds
[2024-10-03T20:45:52.095+0000] {processor.py:153} INFO - Started process (PID=5894) to work on /usr/local/lib/python3.9/site-packages/airflow/example_dags/subdags/subdag.py
[2024-10-03T20:45:52.097+0000] {processor.py:743} INFO - Processing file /usr/local/lib/python3.9/site-packages/airflow/example_dags/subdags/subdag.py for tasks to queue
[2024-10-03T20:45:52.098+0000] {logging_mixin.py:137} INFO - [2024-10-03T20:45:52.098+0000] {dagbag.py:532} INFO - Filling up the DagBag from /usr/local/lib/python3.9/site-packages/airflow/example_dags/subdags/subdag.py
[2024-10-03T20:45:52.103+0000] {processor.py:755} WARNING - No viable dags retrieved from /usr/local/lib/python3.9/site-packages/airflow/example_dags/subdags/subdag.py
[2024-10-03T20:45:52.119+0000] {processor.py:175} INFO - Processing /usr/local/lib/python3.9/site-packages/airflow/example_dags/subdags/subdag.py took 0.029 seconds
[2024-10-03T20:46:22.898+0000] {processor.py:153} INFO - Started process (PID=6105) to work on /usr/local/lib/python3.9/site-packages/airflow/example_dags/subdags/subdag.py
[2024-10-03T20:46:22.899+0000] {processor.py:743} INFO - Processing file /usr/local/lib/python3.9/site-packages/airflow/example_dags/subdags/subdag.py for tasks to queue
[2024-10-03T20:46:22.900+0000] {logging_mixin.py:137} INFO - [2024-10-03T20:46:22.900+0000] {dagbag.py:532} INFO - Filling up the DagBag from /usr/local/lib/python3.9/site-packages/airflow/example_dags/subdags/subdag.py
[2024-10-03T20:46:22.905+0000] {processor.py:755} WARNING - No viable dags retrieved from /usr/local/lib/python3.9/site-packages/airflow/example_dags/subdags/subdag.py
[2024-10-03T20:46:22.920+0000] {processor.py:175} INFO - Processing /usr/local/lib/python3.9/site-packages/airflow/example_dags/subdags/subdag.py took 0.026 seconds
[2024-10-03T20:46:53.513+0000] {processor.py:153} INFO - Started process (PID=6316) to work on /usr/local/lib/python3.9/site-packages/airflow/example_dags/subdags/subdag.py
[2024-10-03T20:46:53.514+0000] {processor.py:743} INFO - Processing file /usr/local/lib/python3.9/site-packages/airflow/example_dags/subdags/subdag.py for tasks to queue
[2024-10-03T20:46:53.515+0000] {logging_mixin.py:137} INFO - [2024-10-03T20:46:53.515+0000] {dagbag.py:532} INFO - Filling up the DagBag from /usr/local/lib/python3.9/site-packages/airflow/example_dags/subdags/subdag.py
[2024-10-03T20:46:53.518+0000] {processor.py:755} WARNING - No viable dags retrieved from /usr/local/lib/python3.9/site-packages/airflow/example_dags/subdags/subdag.py
[2024-10-03T20:46:53.531+0000] {processor.py:175} INFO - Processing /usr/local/lib/python3.9/site-packages/airflow/example_dags/subdags/subdag.py took 0.022 seconds
[2024-10-03T20:47:24.031+0000] {processor.py:153} INFO - Started process (PID=6527) to work on /usr/local/lib/python3.9/site-packages/airflow/example_dags/subdags/subdag.py
[2024-10-03T20:47:24.033+0000] {processor.py:743} INFO - Processing file /usr/local/lib/python3.9/site-packages/airflow/example_dags/subdags/subdag.py for tasks to queue
[2024-10-03T20:47:24.034+0000] {logging_mixin.py:137} INFO - [2024-10-03T20:47:24.034+0000] {dagbag.py:532} INFO - Filling up the DagBag from /usr/local/lib/python3.9/site-packages/airflow/example_dags/subdags/subdag.py
[2024-10-03T20:47:24.039+0000] {processor.py:755} WARNING - No viable dags retrieved from /usr/local/lib/python3.9/site-packages/airflow/example_dags/subdags/subdag.py
[2024-10-03T20:47:24.054+0000] {processor.py:175} INFO - Processing /usr/local/lib/python3.9/site-packages/airflow/example_dags/subdags/subdag.py took 0.027 seconds
[2024-10-03T20:47:54.669+0000] {processor.py:153} INFO - Started process (PID=6739) to work on /usr/local/lib/python3.9/site-packages/airflow/example_dags/subdags/subdag.py
[2024-10-03T20:47:54.671+0000] {processor.py:743} INFO - Processing file /usr/local/lib/python3.9/site-packages/airflow/example_dags/subdags/subdag.py for tasks to queue
[2024-10-03T20:47:54.673+0000] {logging_mixin.py:137} INFO - [2024-10-03T20:47:54.672+0000] {dagbag.py:532} INFO - Filling up the DagBag from /usr/local/lib/python3.9/site-packages/airflow/example_dags/subdags/subdag.py
[2024-10-03T20:47:54.680+0000] {processor.py:755} WARNING - No viable dags retrieved from /usr/local/lib/python3.9/site-packages/airflow/example_dags/subdags/subdag.py
[2024-10-03T20:47:54.698+0000] {processor.py:175} INFO - Processing /usr/local/lib/python3.9/site-packages/airflow/example_dags/subdags/subdag.py took 0.036 seconds
[2024-10-03T20:48:25.351+0000] {processor.py:153} INFO - Started process (PID=6949) to work on /usr/local/lib/python3.9/site-packages/airflow/example_dags/subdags/subdag.py
[2024-10-03T20:48:25.357+0000] {processor.py:743} INFO - Processing file /usr/local/lib/python3.9/site-packages/airflow/example_dags/subdags/subdag.py for tasks to queue
[2024-10-03T20:48:25.358+0000] {logging_mixin.py:137} INFO - [2024-10-03T20:48:25.358+0000] {dagbag.py:532} INFO - Filling up the DagBag from /usr/local/lib/python3.9/site-packages/airflow/example_dags/subdags/subdag.py
[2024-10-03T20:48:25.366+0000] {processor.py:755} WARNING - No viable dags retrieved from /usr/local/lib/python3.9/site-packages/airflow/example_dags/subdags/subdag.py
[2024-10-03T20:48:25.382+0000] {processor.py:175} INFO - Processing /usr/local/lib/python3.9/site-packages/airflow/example_dags/subdags/subdag.py took 0.048 seconds
[2024-10-03T20:48:56.127+0000] {processor.py:153} INFO - Started process (PID=7160) to work on /usr/local/lib/python3.9/site-packages/airflow/example_dags/subdags/subdag.py
[2024-10-03T20:48:56.129+0000] {processor.py:743} INFO - Processing file /usr/local/lib/python3.9/site-packages/airflow/example_dags/subdags/subdag.py for tasks to queue
[2024-10-03T20:48:56.132+0000] {logging_mixin.py:137} INFO - [2024-10-03T20:48:56.132+0000] {dagbag.py:532} INFO - Filling up the DagBag from /usr/local/lib/python3.9/site-packages/airflow/example_dags/subdags/subdag.py
[2024-10-03T20:48:56.138+0000] {processor.py:755} WARNING - No viable dags retrieved from /usr/local/lib/python3.9/site-packages/airflow/example_dags/subdags/subdag.py
[2024-10-03T20:48:56.156+0000] {processor.py:175} INFO - Processing /usr/local/lib/python3.9/site-packages/airflow/example_dags/subdags/subdag.py took 0.042 seconds
[2024-10-03T20:49:27.023+0000] {processor.py:153} INFO - Started process (PID=7371) to work on /usr/local/lib/python3.9/site-packages/airflow/example_dags/subdags/subdag.py
[2024-10-03T20:49:27.024+0000] {processor.py:743} INFO - Processing file /usr/local/lib/python3.9/site-packages/airflow/example_dags/subdags/subdag.py for tasks to queue
[2024-10-03T20:49:27.026+0000] {logging_mixin.py:137} INFO - [2024-10-03T20:49:27.026+0000] {dagbag.py:532} INFO - Filling up the DagBag from /usr/local/lib/python3.9/site-packages/airflow/example_dags/subdags/subdag.py
[2024-10-03T20:49:27.030+0000] {processor.py:755} WARNING - No viable dags retrieved from /usr/local/lib/python3.9/site-packages/airflow/example_dags/subdags/subdag.py
[2024-10-03T20:49:27.040+0000] {processor.py:175} INFO - Processing /usr/local/lib/python3.9/site-packages/airflow/example_dags/subdags/subdag.py took 0.020 seconds
[2024-10-03T20:49:57.655+0000] {processor.py:153} INFO - Started process (PID=7582) to work on /usr/local/lib/python3.9/site-packages/airflow/example_dags/subdags/subdag.py
[2024-10-03T20:49:57.659+0000] {processor.py:743} INFO - Processing file /usr/local/lib/python3.9/site-packages/airflow/example_dags/subdags/subdag.py for tasks to queue
[2024-10-03T20:49:57.662+0000] {logging_mixin.py:137} INFO - [2024-10-03T20:49:57.662+0000] {dagbag.py:532} INFO - Filling up the DagBag from /usr/local/lib/python3.9/site-packages/airflow/example_dags/subdags/subdag.py
[2024-10-03T20:49:57.679+0000] {processor.py:755} WARNING - No viable dags retrieved from /usr/local/lib/python3.9/site-packages/airflow/example_dags/subdags/subdag.py
[2024-10-03T20:49:57.692+0000] {processor.py:175} INFO - Processing /usr/local/lib/python3.9/site-packages/airflow/example_dags/subdags/subdag.py took 0.049 seconds
[2024-10-03T20:50:28.435+0000] {processor.py:153} INFO - Started process (PID=7793) to work on /usr/local/lib/python3.9/site-packages/airflow/example_dags/subdags/subdag.py
[2024-10-03T20:50:28.437+0000] {processor.py:743} INFO - Processing file /usr/local/lib/python3.9/site-packages/airflow/example_dags/subdags/subdag.py for tasks to queue
[2024-10-03T20:50:28.437+0000] {logging_mixin.py:137} INFO - [2024-10-03T20:50:28.437+0000] {dagbag.py:532} INFO - Filling up the DagBag from /usr/local/lib/python3.9/site-packages/airflow/example_dags/subdags/subdag.py
[2024-10-03T20:50:28.445+0000] {processor.py:755} WARNING - No viable dags retrieved from /usr/local/lib/python3.9/site-packages/airflow/example_dags/subdags/subdag.py
[2024-10-03T20:50:28.472+0000] {processor.py:175} INFO - Processing /usr/local/lib/python3.9/site-packages/airflow/example_dags/subdags/subdag.py took 0.044 seconds
[2024-10-03T20:50:59.233+0000] {processor.py:153} INFO - Started process (PID=8004) to work on /usr/local/lib/python3.9/site-packages/airflow/example_dags/subdags/subdag.py
[2024-10-03T20:50:59.235+0000] {processor.py:743} INFO - Processing file /usr/local/lib/python3.9/site-packages/airflow/example_dags/subdags/subdag.py for tasks to queue
[2024-10-03T20:50:59.236+0000] {logging_mixin.py:137} INFO - [2024-10-03T20:50:59.236+0000] {dagbag.py:532} INFO - Filling up the DagBag from /usr/local/lib/python3.9/site-packages/airflow/example_dags/subdags/subdag.py
[2024-10-03T20:50:59.241+0000] {processor.py:755} WARNING - No viable dags retrieved from /usr/local/lib/python3.9/site-packages/airflow/example_dags/subdags/subdag.py
[2024-10-03T20:50:59.259+0000] {processor.py:175} INFO - Processing /usr/local/lib/python3.9/site-packages/airflow/example_dags/subdags/subdag.py took 0.031 seconds
[2024-10-03T20:51:29.951+0000] {processor.py:153} INFO - Started process (PID=8215) to work on /usr/local/lib/python3.9/site-packages/airflow/example_dags/subdags/subdag.py
[2024-10-03T20:51:29.953+0000] {processor.py:743} INFO - Processing file /usr/local/lib/python3.9/site-packages/airflow/example_dags/subdags/subdag.py for tasks to queue
[2024-10-03T20:51:29.953+0000] {logging_mixin.py:137} INFO - [2024-10-03T20:51:29.953+0000] {dagbag.py:532} INFO - Filling up the DagBag from /usr/local/lib/python3.9/site-packages/airflow/example_dags/subdags/subdag.py
[2024-10-03T20:51:29.969+0000] {processor.py:755} WARNING - No viable dags retrieved from /usr/local/lib/python3.9/site-packages/airflow/example_dags/subdags/subdag.py
[2024-10-03T20:51:29.995+0000] {processor.py:175} INFO - Processing /usr/local/lib/python3.9/site-packages/airflow/example_dags/subdags/subdag.py took 0.050 seconds
[2024-10-03T20:52:00.088+0000] {processor.py:153} INFO - Started process (PID=8426) to work on /usr/local/lib/python3.9/site-packages/airflow/example_dags/subdags/subdag.py
[2024-10-03T20:52:00.090+0000] {processor.py:743} INFO - Processing file /usr/local/lib/python3.9/site-packages/airflow/example_dags/subdags/subdag.py for tasks to queue
[2024-10-03T20:52:00.091+0000] {logging_mixin.py:137} INFO - [2024-10-03T20:52:00.091+0000] {dagbag.py:532} INFO - Filling up the DagBag from /usr/local/lib/python3.9/site-packages/airflow/example_dags/subdags/subdag.py
[2024-10-03T20:52:00.098+0000] {processor.py:755} WARNING - No viable dags retrieved from /usr/local/lib/python3.9/site-packages/airflow/example_dags/subdags/subdag.py
[2024-10-03T20:52:00.117+0000] {processor.py:175} INFO - Processing /usr/local/lib/python3.9/site-packages/airflow/example_dags/subdags/subdag.py took 0.046 seconds
[2024-10-03T20:52:31.144+0000] {processor.py:153} INFO - Started process (PID=8637) to work on /usr/local/lib/python3.9/site-packages/airflow/example_dags/subdags/subdag.py
[2024-10-03T20:52:31.146+0000] {processor.py:743} INFO - Processing file /usr/local/lib/python3.9/site-packages/airflow/example_dags/subdags/subdag.py for tasks to queue
[2024-10-03T20:52:31.146+0000] {logging_mixin.py:137} INFO - [2024-10-03T20:52:31.146+0000] {dagbag.py:532} INFO - Filling up the DagBag from /usr/local/lib/python3.9/site-packages/airflow/example_dags/subdags/subdag.py
[2024-10-03T20:52:31.155+0000] {processor.py:755} WARNING - No viable dags retrieved from /usr/local/lib/python3.9/site-packages/airflow/example_dags/subdags/subdag.py
[2024-10-03T20:52:31.179+0000] {processor.py:175} INFO - Processing /usr/local/lib/python3.9/site-packages/airflow/example_dags/subdags/subdag.py took 0.041 seconds
