[2024-10-10T00:53:42.975+0000] {taskinstance.py:1090} INFO - Dependencies all met for dep_context=non-requeueable deps ti=<TaskInstance: pipeline_A.task_0_S3_to_DB manual__2024-10-10T00:53:34.925198+00:00 [queued]>
[2024-10-10T00:53:42.985+0000] {taskinstance.py:1090} INFO - Dependencies all met for dep_context=requeueable deps ti=<TaskInstance: pipeline_A.task_0_S3_to_DB manual__2024-10-10T00:53:34.925198+00:00 [queued]>
[2024-10-10T00:53:42.986+0000] {taskinstance.py:1288} INFO - 
--------------------------------------------------------------------------------
[2024-10-10T00:53:42.986+0000] {taskinstance.py:1289} INFO - Starting attempt 1 of 1
[2024-10-10T00:53:42.987+0000] {taskinstance.py:1290} INFO - 
--------------------------------------------------------------------------------
[2024-10-10T00:53:43.027+0000] {taskinstance.py:1309} INFO - Executing <Task(PythonOperator): task_0_S3_to_DB> on 2024-10-10 00:53:34.925198+00:00
[2024-10-10T00:53:43.079+0000] {standard_task_runner.py:55} INFO - Started process 25338 to run task
[2024-10-10T00:53:43.087+0000] {standard_task_runner.py:82} INFO - Running: ['***', 'tasks', 'run', 'pipeline_A', 'task_0_S3_to_DB', 'manual__2024-10-10T00:53:34.925198+00:00', '--job-id', '17', '--raw', '--subdir', 'DAGS_FOLDER/pipeline_A.py', '--cfg-path', '/tmp/tmp0mrt1jxi']
[2024-10-10T00:53:43.098+0000] {standard_task_runner.py:83} INFO - Job 17: Subtask task_0_S3_to_DB
[2024-10-10T00:53:43.172+0000] {logging_mixin.py:137} WARNING - /usr/local/lib/python3.9/site-packages/***/settings.py:250 DeprecationWarning: The sql_alchemy_conn option in [core] has been moved to the sql_alchemy_conn option in [database] - the old setting has been used, but please update your config.
[2024-10-10T00:53:43.441+0000] {task_command.py:389} INFO - Running <TaskInstance: pipeline_A.task_0_S3_to_DB manual__2024-10-10T00:53:34.925198+00:00 [running]> on host d7e677fa2cf4
[2024-10-10T00:53:44.301+0000] {taskinstance.py:1516} INFO - Exporting the following env vars:
AIRFLOW_CTX_DAG_EMAIL=
AIRFLOW_CTX_DAG_OWNER=***
AIRFLOW_CTX_DAG_ID=pipeline_A
AIRFLOW_CTX_TASK_ID=task_0_S3_to_DB
AIRFLOW_CTX_EXECUTION_DATE=2024-10-10T00:53:34.925198+00:00
AIRFLOW_CTX_TRY_NUMBER=1
AIRFLOW_CTX_DAG_RUN_ID=manual__2024-10-10T00:53:34.925198+00:00
[2024-10-10T00:53:44.340+0000] {s3_db.py:103} INFO - Executing S3 File read.......
[2024-10-10T00:53:44.341+0000] {s3_db.py:18} INFO - Creating Spark session ......
[2024-10-10T00:54:05.524+0000] {s3_db.py:212} INFO - Executing file writing function .....
[2024-10-10T00:54:06.738+0000] {s3_db.py:237} INFO - Completed writing to target table.......
[2024-10-10T00:54:06.740+0000] {s3_db.py:285} INFO - Updating run_log, marking status as success........ 
[2024-10-10T00:54:06.740+0000] {s3_db.py:287} INFO - 918 records transferred from s3a://sdevalla-buck/test/sftp_20240323.txt to ***.reddit_d
[2024-10-10T00:54:06.906+0000] {python.py:177} INFO - Done. Returned value was: 918
[2024-10-10T00:54:07.131+0000] {taskinstance.py:1327} INFO - Marking task as SUCCESS. dag_id=pipeline_A, task_id=task_0_S3_to_DB, execution_date=20241010T005334, start_date=20241010T005342, end_date=20241010T005407
[2024-10-10T00:54:07.187+0000] {local_task_job.py:212} INFO - Task exited with return code 0
[2024-10-10T00:54:07.257+0000] {taskinstance.py:2596} INFO - 0 downstream tasks scheduled from follow-on schedule check
