[2024-10-03T20:32:01.012+0000] {processor.py:153} INFO - Started process (PID=225) to work on /usr/local/lib/python3.9/site-packages/airflow/example_dags/plugins/event_listener.py
[2024-10-03T20:32:01.015+0000] {processor.py:743} INFO - Processing file /usr/local/lib/python3.9/site-packages/airflow/example_dags/plugins/event_listener.py for tasks to queue
[2024-10-03T20:32:01.016+0000] {logging_mixin.py:137} INFO - [2024-10-03T20:32:01.015+0000] {dagbag.py:532} INFO - Filling up the DagBag from /usr/local/lib/python3.9/site-packages/airflow/example_dags/plugins/event_listener.py
[2024-10-03T20:32:01.016+0000] {processor.py:755} WARNING - No viable dags retrieved from /usr/local/lib/python3.9/site-packages/airflow/example_dags/plugins/event_listener.py
[2024-10-03T20:32:01.029+0000] {processor.py:175} INFO - Processing /usr/local/lib/python3.9/site-packages/airflow/example_dags/plugins/event_listener.py took 0.018 seconds
[2024-10-03T20:32:31.796+0000] {processor.py:153} INFO - Started process (PID=440) to work on /usr/local/lib/python3.9/site-packages/airflow/example_dags/plugins/event_listener.py
[2024-10-03T20:32:31.799+0000] {processor.py:743} INFO - Processing file /usr/local/lib/python3.9/site-packages/airflow/example_dags/plugins/event_listener.py for tasks to queue
[2024-10-03T20:32:31.799+0000] {logging_mixin.py:137} INFO - [2024-10-03T20:32:31.799+0000] {dagbag.py:532} INFO - Filling up the DagBag from /usr/local/lib/python3.9/site-packages/airflow/example_dags/plugins/event_listener.py
[2024-10-03T20:32:31.801+0000] {processor.py:755} WARNING - No viable dags retrieved from /usr/local/lib/python3.9/site-packages/airflow/example_dags/plugins/event_listener.py
[2024-10-03T20:32:31.810+0000] {processor.py:175} INFO - Processing /usr/local/lib/python3.9/site-packages/airflow/example_dags/plugins/event_listener.py took 0.015 seconds
[2024-10-03T20:33:04.539+0000] {processor.py:153} INFO - Started process (PID=653) to work on /usr/local/lib/python3.9/site-packages/airflow/example_dags/plugins/event_listener.py
[2024-10-03T20:33:04.554+0000] {processor.py:743} INFO - Processing file /usr/local/lib/python3.9/site-packages/airflow/example_dags/plugins/event_listener.py for tasks to queue
[2024-10-03T20:33:04.557+0000] {logging_mixin.py:137} INFO - [2024-10-03T20:33:04.557+0000] {dagbag.py:532} INFO - Filling up the DagBag from /usr/local/lib/python3.9/site-packages/airflow/example_dags/plugins/event_listener.py
[2024-10-03T20:33:04.756+0000] {processor.py:755} WARNING - No viable dags retrieved from /usr/local/lib/python3.9/site-packages/airflow/example_dags/plugins/event_listener.py
[2024-10-03T20:33:04.764+0000] {processor.py:175} INFO - Processing /usr/local/lib/python3.9/site-packages/airflow/example_dags/plugins/event_listener.py took 0.227 seconds
[2024-10-03T20:33:35.150+0000] {processor.py:153} INFO - Started process (PID=862) to work on /usr/local/lib/python3.9/site-packages/airflow/example_dags/plugins/event_listener.py
[2024-10-03T20:33:35.150+0000] {processor.py:743} INFO - Processing file /usr/local/lib/python3.9/site-packages/airflow/example_dags/plugins/event_listener.py for tasks to queue
[2024-10-03T20:33:35.151+0000] {logging_mixin.py:137} INFO - [2024-10-03T20:33:35.151+0000] {dagbag.py:532} INFO - Filling up the DagBag from /usr/local/lib/python3.9/site-packages/airflow/example_dags/plugins/event_listener.py
[2024-10-03T20:33:35.151+0000] {processor.py:755} WARNING - No viable dags retrieved from /usr/local/lib/python3.9/site-packages/airflow/example_dags/plugins/event_listener.py
[2024-10-03T20:33:35.158+0000] {processor.py:175} INFO - Processing /usr/local/lib/python3.9/site-packages/airflow/example_dags/plugins/event_listener.py took 0.010 seconds
[2024-10-03T20:34:06.800+0000] {processor.py:153} INFO - Started process (PID=1073) to work on /usr/local/lib/python3.9/site-packages/airflow/example_dags/plugins/event_listener.py
[2024-10-03T20:34:06.802+0000] {processor.py:743} INFO - Processing file /usr/local/lib/python3.9/site-packages/airflow/example_dags/plugins/event_listener.py for tasks to queue
[2024-10-03T20:34:06.802+0000] {logging_mixin.py:137} INFO - [2024-10-03T20:34:06.802+0000] {dagbag.py:532} INFO - Filling up the DagBag from /usr/local/lib/python3.9/site-packages/airflow/example_dags/plugins/event_listener.py
[2024-10-03T20:34:06.803+0000] {processor.py:755} WARNING - No viable dags retrieved from /usr/local/lib/python3.9/site-packages/airflow/example_dags/plugins/event_listener.py
[2024-10-03T20:34:06.812+0000] {processor.py:175} INFO - Processing /usr/local/lib/python3.9/site-packages/airflow/example_dags/plugins/event_listener.py took 0.014 seconds
[2024-10-03T20:34:37.902+0000] {processor.py:153} INFO - Started process (PID=1284) to work on /usr/local/lib/python3.9/site-packages/airflow/example_dags/plugins/event_listener.py
[2024-10-03T20:34:37.905+0000] {processor.py:743} INFO - Processing file /usr/local/lib/python3.9/site-packages/airflow/example_dags/plugins/event_listener.py for tasks to queue
[2024-10-03T20:34:37.906+0000] {logging_mixin.py:137} INFO - [2024-10-03T20:34:37.906+0000] {dagbag.py:532} INFO - Filling up the DagBag from /usr/local/lib/python3.9/site-packages/airflow/example_dags/plugins/event_listener.py
[2024-10-03T20:34:37.909+0000] {processor.py:755} WARNING - No viable dags retrieved from /usr/local/lib/python3.9/site-packages/airflow/example_dags/plugins/event_listener.py
[2024-10-03T20:34:37.993+0000] {processor.py:175} INFO - Processing /usr/local/lib/python3.9/site-packages/airflow/example_dags/plugins/event_listener.py took 0.103 seconds
[2024-10-03T20:35:11.532+0000] {processor.py:153} INFO - Started process (PID=1495) to work on /usr/local/lib/python3.9/site-packages/airflow/example_dags/plugins/event_listener.py
[2024-10-03T20:35:11.536+0000] {processor.py:743} INFO - Processing file /usr/local/lib/python3.9/site-packages/airflow/example_dags/plugins/event_listener.py for tasks to queue
[2024-10-03T20:35:11.537+0000] {logging_mixin.py:137} INFO - [2024-10-03T20:35:11.537+0000] {dagbag.py:532} INFO - Filling up the DagBag from /usr/local/lib/python3.9/site-packages/airflow/example_dags/plugins/event_listener.py
[2024-10-03T20:35:11.538+0000] {processor.py:755} WARNING - No viable dags retrieved from /usr/local/lib/python3.9/site-packages/airflow/example_dags/plugins/event_listener.py
[2024-10-03T20:35:11.585+0000] {processor.py:175} INFO - Processing /usr/local/lib/python3.9/site-packages/airflow/example_dags/plugins/event_listener.py took 0.059 seconds
[2024-10-03T20:35:42.173+0000] {processor.py:153} INFO - Started process (PID=1700) to work on /usr/local/lib/python3.9/site-packages/airflow/example_dags/plugins/event_listener.py
[2024-10-03T20:35:42.175+0000] {processor.py:743} INFO - Processing file /usr/local/lib/python3.9/site-packages/airflow/example_dags/plugins/event_listener.py for tasks to queue
[2024-10-03T20:35:42.176+0000] {logging_mixin.py:137} INFO - [2024-10-03T20:35:42.176+0000] {dagbag.py:532} INFO - Filling up the DagBag from /usr/local/lib/python3.9/site-packages/airflow/example_dags/plugins/event_listener.py
[2024-10-03T20:35:42.179+0000] {processor.py:755} WARNING - No viable dags retrieved from /usr/local/lib/python3.9/site-packages/airflow/example_dags/plugins/event_listener.py
[2024-10-03T20:35:42.193+0000] {processor.py:175} INFO - Processing /usr/local/lib/python3.9/site-packages/airflow/example_dags/plugins/event_listener.py took 0.024 seconds
[2024-10-03T20:36:12.296+0000] {processor.py:153} INFO - Started process (PID=1908) to work on /usr/local/lib/python3.9/site-packages/airflow/example_dags/plugins/event_listener.py
[2024-10-03T20:36:12.299+0000] {processor.py:743} INFO - Processing file /usr/local/lib/python3.9/site-packages/airflow/example_dags/plugins/event_listener.py for tasks to queue
[2024-10-03T20:36:12.300+0000] {logging_mixin.py:137} INFO - [2024-10-03T20:36:12.300+0000] {dagbag.py:532} INFO - Filling up the DagBag from /usr/local/lib/python3.9/site-packages/airflow/example_dags/plugins/event_listener.py
[2024-10-03T20:36:12.302+0000] {processor.py:755} WARNING - No viable dags retrieved from /usr/local/lib/python3.9/site-packages/airflow/example_dags/plugins/event_listener.py
[2024-10-03T20:36:12.333+0000] {processor.py:175} INFO - Processing /usr/local/lib/python3.9/site-packages/airflow/example_dags/plugins/event_listener.py took 0.042 seconds
[2024-10-03T20:36:42.516+0000] {processor.py:153} INFO - Started process (PID=2119) to work on /usr/local/lib/python3.9/site-packages/airflow/example_dags/plugins/event_listener.py
[2024-10-03T20:36:42.517+0000] {processor.py:743} INFO - Processing file /usr/local/lib/python3.9/site-packages/airflow/example_dags/plugins/event_listener.py for tasks to queue
[2024-10-03T20:36:42.518+0000] {logging_mixin.py:137} INFO - [2024-10-03T20:36:42.518+0000] {dagbag.py:532} INFO - Filling up the DagBag from /usr/local/lib/python3.9/site-packages/airflow/example_dags/plugins/event_listener.py
[2024-10-03T20:36:42.519+0000] {processor.py:755} WARNING - No viable dags retrieved from /usr/local/lib/python3.9/site-packages/airflow/example_dags/plugins/event_listener.py
[2024-10-03T20:36:42.531+0000] {processor.py:175} INFO - Processing /usr/local/lib/python3.9/site-packages/airflow/example_dags/plugins/event_listener.py took 0.018 seconds
[2024-10-03T20:37:13.456+0000] {processor.py:153} INFO - Started process (PID=2330) to work on /usr/local/lib/python3.9/site-packages/airflow/example_dags/plugins/event_listener.py
[2024-10-03T20:37:13.458+0000] {processor.py:743} INFO - Processing file /usr/local/lib/python3.9/site-packages/airflow/example_dags/plugins/event_listener.py for tasks to queue
[2024-10-03T20:37:13.459+0000] {logging_mixin.py:137} INFO - [2024-10-03T20:37:13.459+0000] {dagbag.py:532} INFO - Filling up the DagBag from /usr/local/lib/python3.9/site-packages/airflow/example_dags/plugins/event_listener.py
[2024-10-03T20:37:13.460+0000] {processor.py:755} WARNING - No viable dags retrieved from /usr/local/lib/python3.9/site-packages/airflow/example_dags/plugins/event_listener.py
[2024-10-03T20:37:13.472+0000] {processor.py:175} INFO - Processing /usr/local/lib/python3.9/site-packages/airflow/example_dags/plugins/event_listener.py took 0.021 seconds
[2024-10-03T20:37:44.203+0000] {processor.py:153} INFO - Started process (PID=2541) to work on /usr/local/lib/python3.9/site-packages/airflow/example_dags/plugins/event_listener.py
[2024-10-03T20:37:44.204+0000] {processor.py:743} INFO - Processing file /usr/local/lib/python3.9/site-packages/airflow/example_dags/plugins/event_listener.py for tasks to queue
[2024-10-03T20:37:44.205+0000] {logging_mixin.py:137} INFO - [2024-10-03T20:37:44.205+0000] {dagbag.py:532} INFO - Filling up the DagBag from /usr/local/lib/python3.9/site-packages/airflow/example_dags/plugins/event_listener.py
[2024-10-03T20:37:44.207+0000] {processor.py:755} WARNING - No viable dags retrieved from /usr/local/lib/python3.9/site-packages/airflow/example_dags/plugins/event_listener.py
[2024-10-03T20:37:44.221+0000] {processor.py:175} INFO - Processing /usr/local/lib/python3.9/site-packages/airflow/example_dags/plugins/event_listener.py took 0.022 seconds
[2024-10-03T20:38:14.410+0000] {processor.py:153} INFO - Started process (PID=2752) to work on /usr/local/lib/python3.9/site-packages/airflow/example_dags/plugins/event_listener.py
[2024-10-03T20:38:14.411+0000] {processor.py:743} INFO - Processing file /usr/local/lib/python3.9/site-packages/airflow/example_dags/plugins/event_listener.py for tasks to queue
[2024-10-03T20:38:14.412+0000] {logging_mixin.py:137} INFO - [2024-10-03T20:38:14.412+0000] {dagbag.py:532} INFO - Filling up the DagBag from /usr/local/lib/python3.9/site-packages/airflow/example_dags/plugins/event_listener.py
[2024-10-03T20:38:14.413+0000] {processor.py:755} WARNING - No viable dags retrieved from /usr/local/lib/python3.9/site-packages/airflow/example_dags/plugins/event_listener.py
[2024-10-03T20:38:14.423+0000] {processor.py:175} INFO - Processing /usr/local/lib/python3.9/site-packages/airflow/example_dags/plugins/event_listener.py took 0.018 seconds
[2024-10-03T20:38:45.213+0000] {processor.py:153} INFO - Started process (PID=2963) to work on /usr/local/lib/python3.9/site-packages/airflow/example_dags/plugins/event_listener.py
[2024-10-03T20:38:45.215+0000] {processor.py:743} INFO - Processing file /usr/local/lib/python3.9/site-packages/airflow/example_dags/plugins/event_listener.py for tasks to queue
[2024-10-03T20:38:45.215+0000] {logging_mixin.py:137} INFO - [2024-10-03T20:38:45.215+0000] {dagbag.py:532} INFO - Filling up the DagBag from /usr/local/lib/python3.9/site-packages/airflow/example_dags/plugins/event_listener.py
[2024-10-03T20:38:45.217+0000] {processor.py:755} WARNING - No viable dags retrieved from /usr/local/lib/python3.9/site-packages/airflow/example_dags/plugins/event_listener.py
[2024-10-03T20:38:45.226+0000] {processor.py:175} INFO - Processing /usr/local/lib/python3.9/site-packages/airflow/example_dags/plugins/event_listener.py took 0.015 seconds
[2024-10-03T20:39:16.027+0000] {processor.py:153} INFO - Started process (PID=3174) to work on /usr/local/lib/python3.9/site-packages/airflow/example_dags/plugins/event_listener.py
[2024-10-03T20:39:16.028+0000] {processor.py:743} INFO - Processing file /usr/local/lib/python3.9/site-packages/airflow/example_dags/plugins/event_listener.py for tasks to queue
[2024-10-03T20:39:16.029+0000] {logging_mixin.py:137} INFO - [2024-10-03T20:39:16.029+0000] {dagbag.py:532} INFO - Filling up the DagBag from /usr/local/lib/python3.9/site-packages/airflow/example_dags/plugins/event_listener.py
[2024-10-03T20:39:16.031+0000] {processor.py:755} WARNING - No viable dags retrieved from /usr/local/lib/python3.9/site-packages/airflow/example_dags/plugins/event_listener.py
[2024-10-03T20:39:16.041+0000] {processor.py:175} INFO - Processing /usr/local/lib/python3.9/site-packages/airflow/example_dags/plugins/event_listener.py took 0.018 seconds
[2024-10-03T20:39:46.759+0000] {processor.py:153} INFO - Started process (PID=3385) to work on /usr/local/lib/python3.9/site-packages/airflow/example_dags/plugins/event_listener.py
[2024-10-03T20:39:46.759+0000] {processor.py:743} INFO - Processing file /usr/local/lib/python3.9/site-packages/airflow/example_dags/plugins/event_listener.py for tasks to queue
[2024-10-03T20:39:46.760+0000] {logging_mixin.py:137} INFO - [2024-10-03T20:39:46.760+0000] {dagbag.py:532} INFO - Filling up the DagBag from /usr/local/lib/python3.9/site-packages/airflow/example_dags/plugins/event_listener.py
[2024-10-03T20:39:46.761+0000] {processor.py:755} WARNING - No viable dags retrieved from /usr/local/lib/python3.9/site-packages/airflow/example_dags/plugins/event_listener.py
[2024-10-03T20:39:46.770+0000] {processor.py:175} INFO - Processing /usr/local/lib/python3.9/site-packages/airflow/example_dags/plugins/event_listener.py took 0.015 seconds
[2024-10-03T20:40:17.670+0000] {processor.py:153} INFO - Started process (PID=3596) to work on /usr/local/lib/python3.9/site-packages/airflow/example_dags/plugins/event_listener.py
[2024-10-03T20:40:17.670+0000] {processor.py:743} INFO - Processing file /usr/local/lib/python3.9/site-packages/airflow/example_dags/plugins/event_listener.py for tasks to queue
[2024-10-03T20:40:17.671+0000] {logging_mixin.py:137} INFO - [2024-10-03T20:40:17.671+0000] {dagbag.py:532} INFO - Filling up the DagBag from /usr/local/lib/python3.9/site-packages/airflow/example_dags/plugins/event_listener.py
[2024-10-03T20:40:17.672+0000] {processor.py:755} WARNING - No viable dags retrieved from /usr/local/lib/python3.9/site-packages/airflow/example_dags/plugins/event_listener.py
[2024-10-03T20:40:17.683+0000] {processor.py:175} INFO - Processing /usr/local/lib/python3.9/site-packages/airflow/example_dags/plugins/event_listener.py took 0.017 seconds
[2024-10-03T20:40:48.577+0000] {processor.py:153} INFO - Started process (PID=3807) to work on /usr/local/lib/python3.9/site-packages/airflow/example_dags/plugins/event_listener.py
[2024-10-03T20:40:48.578+0000] {processor.py:743} INFO - Processing file /usr/local/lib/python3.9/site-packages/airflow/example_dags/plugins/event_listener.py for tasks to queue
[2024-10-03T20:40:48.578+0000] {logging_mixin.py:137} INFO - [2024-10-03T20:40:48.578+0000] {dagbag.py:532} INFO - Filling up the DagBag from /usr/local/lib/python3.9/site-packages/airflow/example_dags/plugins/event_listener.py
[2024-10-03T20:40:48.579+0000] {processor.py:755} WARNING - No viable dags retrieved from /usr/local/lib/python3.9/site-packages/airflow/example_dags/plugins/event_listener.py
[2024-10-03T20:40:48.589+0000] {processor.py:175} INFO - Processing /usr/local/lib/python3.9/site-packages/airflow/example_dags/plugins/event_listener.py took 0.015 seconds
[2024-10-03T20:41:19.282+0000] {processor.py:153} INFO - Started process (PID=4018) to work on /usr/local/lib/python3.9/site-packages/airflow/example_dags/plugins/event_listener.py
[2024-10-03T20:41:19.283+0000] {processor.py:743} INFO - Processing file /usr/local/lib/python3.9/site-packages/airflow/example_dags/plugins/event_listener.py for tasks to queue
[2024-10-03T20:41:19.284+0000] {logging_mixin.py:137} INFO - [2024-10-03T20:41:19.284+0000] {dagbag.py:532} INFO - Filling up the DagBag from /usr/local/lib/python3.9/site-packages/airflow/example_dags/plugins/event_listener.py
[2024-10-03T20:41:19.285+0000] {processor.py:755} WARNING - No viable dags retrieved from /usr/local/lib/python3.9/site-packages/airflow/example_dags/plugins/event_listener.py
[2024-10-03T20:41:19.296+0000] {processor.py:175} INFO - Processing /usr/local/lib/python3.9/site-packages/airflow/example_dags/plugins/event_listener.py took 0.018 seconds
[2024-10-03T20:41:49.900+0000] {processor.py:153} INFO - Started process (PID=4229) to work on /usr/local/lib/python3.9/site-packages/airflow/example_dags/plugins/event_listener.py
[2024-10-03T20:41:49.901+0000] {processor.py:743} INFO - Processing file /usr/local/lib/python3.9/site-packages/airflow/example_dags/plugins/event_listener.py for tasks to queue
[2024-10-03T20:41:49.901+0000] {logging_mixin.py:137} INFO - [2024-10-03T20:41:49.901+0000] {dagbag.py:532} INFO - Filling up the DagBag from /usr/local/lib/python3.9/site-packages/airflow/example_dags/plugins/event_listener.py
[2024-10-03T20:41:49.903+0000] {processor.py:755} WARNING - No viable dags retrieved from /usr/local/lib/python3.9/site-packages/airflow/example_dags/plugins/event_listener.py
[2024-10-03T20:41:49.916+0000] {processor.py:175} INFO - Processing /usr/local/lib/python3.9/site-packages/airflow/example_dags/plugins/event_listener.py took 0.020 seconds
[2024-10-03T20:42:20.628+0000] {processor.py:153} INFO - Started process (PID=4440) to work on /usr/local/lib/python3.9/site-packages/airflow/example_dags/plugins/event_listener.py
[2024-10-03T20:42:20.630+0000] {processor.py:743} INFO - Processing file /usr/local/lib/python3.9/site-packages/airflow/example_dags/plugins/event_listener.py for tasks to queue
[2024-10-03T20:42:20.631+0000] {logging_mixin.py:137} INFO - [2024-10-03T20:42:20.630+0000] {dagbag.py:532} INFO - Filling up the DagBag from /usr/local/lib/python3.9/site-packages/airflow/example_dags/plugins/event_listener.py
[2024-10-03T20:42:20.633+0000] {processor.py:755} WARNING - No viable dags retrieved from /usr/local/lib/python3.9/site-packages/airflow/example_dags/plugins/event_listener.py
[2024-10-03T20:42:20.645+0000] {processor.py:175} INFO - Processing /usr/local/lib/python3.9/site-packages/airflow/example_dags/plugins/event_listener.py took 0.022 seconds
[2024-10-03T20:42:51.253+0000] {processor.py:153} INFO - Started process (PID=4651) to work on /usr/local/lib/python3.9/site-packages/airflow/example_dags/plugins/event_listener.py
[2024-10-03T20:42:51.255+0000] {processor.py:743} INFO - Processing file /usr/local/lib/python3.9/site-packages/airflow/example_dags/plugins/event_listener.py for tasks to queue
[2024-10-03T20:42:51.255+0000] {logging_mixin.py:137} INFO - [2024-10-03T20:42:51.255+0000] {dagbag.py:532} INFO - Filling up the DagBag from /usr/local/lib/python3.9/site-packages/airflow/example_dags/plugins/event_listener.py
[2024-10-03T20:42:51.257+0000] {processor.py:755} WARNING - No viable dags retrieved from /usr/local/lib/python3.9/site-packages/airflow/example_dags/plugins/event_listener.py
[2024-10-03T20:42:51.267+0000] {processor.py:175} INFO - Processing /usr/local/lib/python3.9/site-packages/airflow/example_dags/plugins/event_listener.py took 0.018 seconds
[2024-10-03T20:43:21.925+0000] {processor.py:153} INFO - Started process (PID=4862) to work on /usr/local/lib/python3.9/site-packages/airflow/example_dags/plugins/event_listener.py
[2024-10-03T20:43:21.926+0000] {processor.py:743} INFO - Processing file /usr/local/lib/python3.9/site-packages/airflow/example_dags/plugins/event_listener.py for tasks to queue
[2024-10-03T20:43:21.926+0000] {logging_mixin.py:137} INFO - [2024-10-03T20:43:21.926+0000] {dagbag.py:532} INFO - Filling up the DagBag from /usr/local/lib/python3.9/site-packages/airflow/example_dags/plugins/event_listener.py
[2024-10-03T20:43:21.927+0000] {processor.py:755} WARNING - No viable dags retrieved from /usr/local/lib/python3.9/site-packages/airflow/example_dags/plugins/event_listener.py
[2024-10-03T20:43:21.938+0000] {processor.py:175} INFO - Processing /usr/local/lib/python3.9/site-packages/airflow/example_dags/plugins/event_listener.py took 0.017 seconds
[2024-10-03T20:43:52.489+0000] {processor.py:153} INFO - Started process (PID=5073) to work on /usr/local/lib/python3.9/site-packages/airflow/example_dags/plugins/event_listener.py
[2024-10-03T20:43:52.491+0000] {processor.py:743} INFO - Processing file /usr/local/lib/python3.9/site-packages/airflow/example_dags/plugins/event_listener.py for tasks to queue
[2024-10-03T20:43:52.491+0000] {logging_mixin.py:137} INFO - [2024-10-03T20:43:52.491+0000] {dagbag.py:532} INFO - Filling up the DagBag from /usr/local/lib/python3.9/site-packages/airflow/example_dags/plugins/event_listener.py
[2024-10-03T20:43:52.493+0000] {processor.py:755} WARNING - No viable dags retrieved from /usr/local/lib/python3.9/site-packages/airflow/example_dags/plugins/event_listener.py
[2024-10-03T20:43:52.504+0000] {processor.py:175} INFO - Processing /usr/local/lib/python3.9/site-packages/airflow/example_dags/plugins/event_listener.py took 0.020 seconds
[2024-10-03T20:44:23.189+0000] {processor.py:153} INFO - Started process (PID=5284) to work on /usr/local/lib/python3.9/site-packages/airflow/example_dags/plugins/event_listener.py
[2024-10-03T20:44:23.190+0000] {processor.py:743} INFO - Processing file /usr/local/lib/python3.9/site-packages/airflow/example_dags/plugins/event_listener.py for tasks to queue
[2024-10-03T20:44:23.191+0000] {logging_mixin.py:137} INFO - [2024-10-03T20:44:23.191+0000] {dagbag.py:532} INFO - Filling up the DagBag from /usr/local/lib/python3.9/site-packages/airflow/example_dags/plugins/event_listener.py
[2024-10-03T20:44:23.193+0000] {processor.py:755} WARNING - No viable dags retrieved from /usr/local/lib/python3.9/site-packages/airflow/example_dags/plugins/event_listener.py
[2024-10-03T20:44:23.203+0000] {processor.py:175} INFO - Processing /usr/local/lib/python3.9/site-packages/airflow/example_dags/plugins/event_listener.py took 0.021 seconds
[2024-10-03T20:44:53.892+0000] {processor.py:153} INFO - Started process (PID=5495) to work on /usr/local/lib/python3.9/site-packages/airflow/example_dags/plugins/event_listener.py
[2024-10-03T20:44:53.893+0000] {processor.py:743} INFO - Processing file /usr/local/lib/python3.9/site-packages/airflow/example_dags/plugins/event_listener.py for tasks to queue
[2024-10-03T20:44:53.894+0000] {logging_mixin.py:137} INFO - [2024-10-03T20:44:53.894+0000] {dagbag.py:532} INFO - Filling up the DagBag from /usr/local/lib/python3.9/site-packages/airflow/example_dags/plugins/event_listener.py
[2024-10-03T20:44:53.895+0000] {processor.py:755} WARNING - No viable dags retrieved from /usr/local/lib/python3.9/site-packages/airflow/example_dags/plugins/event_listener.py
[2024-10-03T20:44:53.906+0000] {processor.py:175} INFO - Processing /usr/local/lib/python3.9/site-packages/airflow/example_dags/plugins/event_listener.py took 0.018 seconds
[2024-10-03T20:45:24.511+0000] {processor.py:153} INFO - Started process (PID=5706) to work on /usr/local/lib/python3.9/site-packages/airflow/example_dags/plugins/event_listener.py
[2024-10-03T20:45:24.513+0000] {processor.py:743} INFO - Processing file /usr/local/lib/python3.9/site-packages/airflow/example_dags/plugins/event_listener.py for tasks to queue
[2024-10-03T20:45:24.513+0000] {logging_mixin.py:137} INFO - [2024-10-03T20:45:24.513+0000] {dagbag.py:532} INFO - Filling up the DagBag from /usr/local/lib/python3.9/site-packages/airflow/example_dags/plugins/event_listener.py
[2024-10-03T20:45:24.515+0000] {processor.py:755} WARNING - No viable dags retrieved from /usr/local/lib/python3.9/site-packages/airflow/example_dags/plugins/event_listener.py
[2024-10-03T20:45:24.526+0000] {processor.py:175} INFO - Processing /usr/local/lib/python3.9/site-packages/airflow/example_dags/plugins/event_listener.py took 0.018 seconds
[2024-10-03T20:45:55.272+0000] {processor.py:153} INFO - Started process (PID=5917) to work on /usr/local/lib/python3.9/site-packages/airflow/example_dags/plugins/event_listener.py
[2024-10-03T20:45:55.274+0000] {processor.py:743} INFO - Processing file /usr/local/lib/python3.9/site-packages/airflow/example_dags/plugins/event_listener.py for tasks to queue
[2024-10-03T20:45:55.274+0000] {logging_mixin.py:137} INFO - [2024-10-03T20:45:55.274+0000] {dagbag.py:532} INFO - Filling up the DagBag from /usr/local/lib/python3.9/site-packages/airflow/example_dags/plugins/event_listener.py
[2024-10-03T20:45:55.276+0000] {processor.py:755} WARNING - No viable dags retrieved from /usr/local/lib/python3.9/site-packages/airflow/example_dags/plugins/event_listener.py
[2024-10-03T20:45:55.288+0000] {processor.py:175} INFO - Processing /usr/local/lib/python3.9/site-packages/airflow/example_dags/plugins/event_listener.py took 0.020 seconds
[2024-10-03T20:46:25.984+0000] {processor.py:153} INFO - Started process (PID=6128) to work on /usr/local/lib/python3.9/site-packages/airflow/example_dags/plugins/event_listener.py
[2024-10-03T20:46:25.986+0000] {processor.py:743} INFO - Processing file /usr/local/lib/python3.9/site-packages/airflow/example_dags/plugins/event_listener.py for tasks to queue
[2024-10-03T20:46:25.987+0000] {logging_mixin.py:137} INFO - [2024-10-03T20:46:25.987+0000] {dagbag.py:532} INFO - Filling up the DagBag from /usr/local/lib/python3.9/site-packages/airflow/example_dags/plugins/event_listener.py
[2024-10-03T20:46:25.988+0000] {processor.py:755} WARNING - No viable dags retrieved from /usr/local/lib/python3.9/site-packages/airflow/example_dags/plugins/event_listener.py
[2024-10-03T20:46:25.999+0000] {processor.py:175} INFO - Processing /usr/local/lib/python3.9/site-packages/airflow/example_dags/plugins/event_listener.py took 0.018 seconds
[2024-10-03T20:46:56.610+0000] {processor.py:153} INFO - Started process (PID=6339) to work on /usr/local/lib/python3.9/site-packages/airflow/example_dags/plugins/event_listener.py
[2024-10-03T20:46:56.611+0000] {processor.py:743} INFO - Processing file /usr/local/lib/python3.9/site-packages/airflow/example_dags/plugins/event_listener.py for tasks to queue
[2024-10-03T20:46:56.612+0000] {logging_mixin.py:137} INFO - [2024-10-03T20:46:56.612+0000] {dagbag.py:532} INFO - Filling up the DagBag from /usr/local/lib/python3.9/site-packages/airflow/example_dags/plugins/event_listener.py
[2024-10-03T20:46:56.613+0000] {processor.py:755} WARNING - No viable dags retrieved from /usr/local/lib/python3.9/site-packages/airflow/example_dags/plugins/event_listener.py
[2024-10-03T20:46:56.624+0000] {processor.py:175} INFO - Processing /usr/local/lib/python3.9/site-packages/airflow/example_dags/plugins/event_listener.py took 0.017 seconds
[2024-10-03T20:47:27.121+0000] {processor.py:153} INFO - Started process (PID=6550) to work on /usr/local/lib/python3.9/site-packages/airflow/example_dags/plugins/event_listener.py
[2024-10-03T20:47:27.123+0000] {processor.py:743} INFO - Processing file /usr/local/lib/python3.9/site-packages/airflow/example_dags/plugins/event_listener.py for tasks to queue
[2024-10-03T20:47:27.124+0000] {logging_mixin.py:137} INFO - [2024-10-03T20:47:27.124+0000] {dagbag.py:532} INFO - Filling up the DagBag from /usr/local/lib/python3.9/site-packages/airflow/example_dags/plugins/event_listener.py
[2024-10-03T20:47:27.125+0000] {processor.py:755} WARNING - No viable dags retrieved from /usr/local/lib/python3.9/site-packages/airflow/example_dags/plugins/event_listener.py
[2024-10-03T20:47:27.136+0000] {processor.py:175} INFO - Processing /usr/local/lib/python3.9/site-packages/airflow/example_dags/plugins/event_listener.py took 0.020 seconds
[2024-10-03T20:47:57.838+0000] {processor.py:153} INFO - Started process (PID=6761) to work on /usr/local/lib/python3.9/site-packages/airflow/example_dags/plugins/event_listener.py
[2024-10-03T20:47:57.840+0000] {processor.py:743} INFO - Processing file /usr/local/lib/python3.9/site-packages/airflow/example_dags/plugins/event_listener.py for tasks to queue
[2024-10-03T20:47:57.841+0000] {logging_mixin.py:137} INFO - [2024-10-03T20:47:57.841+0000] {dagbag.py:532} INFO - Filling up the DagBag from /usr/local/lib/python3.9/site-packages/airflow/example_dags/plugins/event_listener.py
[2024-10-03T20:47:57.842+0000] {processor.py:755} WARNING - No viable dags retrieved from /usr/local/lib/python3.9/site-packages/airflow/example_dags/plugins/event_listener.py
[2024-10-03T20:47:57.855+0000] {processor.py:175} INFO - Processing /usr/local/lib/python3.9/site-packages/airflow/example_dags/plugins/event_listener.py took 0.020 seconds
[2024-10-03T20:48:28.457+0000] {processor.py:153} INFO - Started process (PID=6972) to work on /usr/local/lib/python3.9/site-packages/airflow/example_dags/plugins/event_listener.py
[2024-10-03T20:48:28.459+0000] {processor.py:743} INFO - Processing file /usr/local/lib/python3.9/site-packages/airflow/example_dags/plugins/event_listener.py for tasks to queue
[2024-10-03T20:48:28.460+0000] {logging_mixin.py:137} INFO - [2024-10-03T20:48:28.460+0000] {dagbag.py:532} INFO - Filling up the DagBag from /usr/local/lib/python3.9/site-packages/airflow/example_dags/plugins/event_listener.py
[2024-10-03T20:48:28.461+0000] {processor.py:755} WARNING - No viable dags retrieved from /usr/local/lib/python3.9/site-packages/airflow/example_dags/plugins/event_listener.py
[2024-10-03T20:48:28.472+0000] {processor.py:175} INFO - Processing /usr/local/lib/python3.9/site-packages/airflow/example_dags/plugins/event_listener.py took 0.019 seconds
[2024-10-03T20:48:59.224+0000] {processor.py:153} INFO - Started process (PID=7183) to work on /usr/local/lib/python3.9/site-packages/airflow/example_dags/plugins/event_listener.py
[2024-10-03T20:48:59.225+0000] {processor.py:743} INFO - Processing file /usr/local/lib/python3.9/site-packages/airflow/example_dags/plugins/event_listener.py for tasks to queue
[2024-10-03T20:48:59.226+0000] {logging_mixin.py:137} INFO - [2024-10-03T20:48:59.226+0000] {dagbag.py:532} INFO - Filling up the DagBag from /usr/local/lib/python3.9/site-packages/airflow/example_dags/plugins/event_listener.py
[2024-10-03T20:48:59.228+0000] {processor.py:755} WARNING - No viable dags retrieved from /usr/local/lib/python3.9/site-packages/airflow/example_dags/plugins/event_listener.py
[2024-10-03T20:48:59.239+0000] {processor.py:175} INFO - Processing /usr/local/lib/python3.9/site-packages/airflow/example_dags/plugins/event_listener.py took 0.020 seconds
[2024-10-03T20:49:30.127+0000] {processor.py:153} INFO - Started process (PID=7394) to work on /usr/local/lib/python3.9/site-packages/airflow/example_dags/plugins/event_listener.py
[2024-10-03T20:49:30.129+0000] {processor.py:743} INFO - Processing file /usr/local/lib/python3.9/site-packages/airflow/example_dags/plugins/event_listener.py for tasks to queue
[2024-10-03T20:49:30.130+0000] {logging_mixin.py:137} INFO - [2024-10-03T20:49:30.129+0000] {dagbag.py:532} INFO - Filling up the DagBag from /usr/local/lib/python3.9/site-packages/airflow/example_dags/plugins/event_listener.py
[2024-10-03T20:49:30.132+0000] {processor.py:755} WARNING - No viable dags retrieved from /usr/local/lib/python3.9/site-packages/airflow/example_dags/plugins/event_listener.py
[2024-10-03T20:49:30.144+0000] {processor.py:175} INFO - Processing /usr/local/lib/python3.9/site-packages/airflow/example_dags/plugins/event_listener.py took 0.024 seconds
[2024-10-03T20:50:00.788+0000] {processor.py:153} INFO - Started process (PID=7605) to work on /usr/local/lib/python3.9/site-packages/airflow/example_dags/plugins/event_listener.py
[2024-10-03T20:50:00.789+0000] {processor.py:743} INFO - Processing file /usr/local/lib/python3.9/site-packages/airflow/example_dags/plugins/event_listener.py for tasks to queue
[2024-10-03T20:50:00.790+0000] {logging_mixin.py:137} INFO - [2024-10-03T20:50:00.790+0000] {dagbag.py:532} INFO - Filling up the DagBag from /usr/local/lib/python3.9/site-packages/airflow/example_dags/plugins/event_listener.py
[2024-10-03T20:50:00.790+0000] {processor.py:755} WARNING - No viable dags retrieved from /usr/local/lib/python3.9/site-packages/airflow/example_dags/plugins/event_listener.py
[2024-10-03T20:50:00.799+0000] {processor.py:175} INFO - Processing /usr/local/lib/python3.9/site-packages/airflow/example_dags/plugins/event_listener.py took 0.012 seconds
[2024-10-03T20:50:31.553+0000] {processor.py:153} INFO - Started process (PID=7816) to work on /usr/local/lib/python3.9/site-packages/airflow/example_dags/plugins/event_listener.py
[2024-10-03T20:50:31.556+0000] {processor.py:743} INFO - Processing file /usr/local/lib/python3.9/site-packages/airflow/example_dags/plugins/event_listener.py for tasks to queue
[2024-10-03T20:50:31.556+0000] {logging_mixin.py:137} INFO - [2024-10-03T20:50:31.556+0000] {dagbag.py:532} INFO - Filling up the DagBag from /usr/local/lib/python3.9/site-packages/airflow/example_dags/plugins/event_listener.py
[2024-10-03T20:50:31.559+0000] {processor.py:755} WARNING - No viable dags retrieved from /usr/local/lib/python3.9/site-packages/airflow/example_dags/plugins/event_listener.py
[2024-10-03T20:50:31.571+0000] {processor.py:175} INFO - Processing /usr/local/lib/python3.9/site-packages/airflow/example_dags/plugins/event_listener.py took 0.024 seconds
[2024-10-03T20:51:02.416+0000] {processor.py:153} INFO - Started process (PID=8027) to work on /usr/local/lib/python3.9/site-packages/airflow/example_dags/plugins/event_listener.py
[2024-10-03T20:51:02.418+0000] {processor.py:743} INFO - Processing file /usr/local/lib/python3.9/site-packages/airflow/example_dags/plugins/event_listener.py for tasks to queue
[2024-10-03T20:51:02.419+0000] {logging_mixin.py:137} INFO - [2024-10-03T20:51:02.419+0000] {dagbag.py:532} INFO - Filling up the DagBag from /usr/local/lib/python3.9/site-packages/airflow/example_dags/plugins/event_listener.py
[2024-10-03T20:51:02.420+0000] {processor.py:755} WARNING - No viable dags retrieved from /usr/local/lib/python3.9/site-packages/airflow/example_dags/plugins/event_listener.py
[2024-10-03T20:51:02.431+0000] {processor.py:175} INFO - Processing /usr/local/lib/python3.9/site-packages/airflow/example_dags/plugins/event_listener.py took 0.018 seconds
[2024-10-03T20:51:33.069+0000] {processor.py:153} INFO - Started process (PID=8238) to work on /usr/local/lib/python3.9/site-packages/airflow/example_dags/plugins/event_listener.py
[2024-10-03T20:51:33.070+0000] {processor.py:743} INFO - Processing file /usr/local/lib/python3.9/site-packages/airflow/example_dags/plugins/event_listener.py for tasks to queue
[2024-10-03T20:51:33.071+0000] {logging_mixin.py:137} INFO - [2024-10-03T20:51:33.071+0000] {dagbag.py:532} INFO - Filling up the DagBag from /usr/local/lib/python3.9/site-packages/airflow/example_dags/plugins/event_listener.py
[2024-10-03T20:51:33.072+0000] {processor.py:755} WARNING - No viable dags retrieved from /usr/local/lib/python3.9/site-packages/airflow/example_dags/plugins/event_listener.py
[2024-10-03T20:51:33.084+0000] {processor.py:175} INFO - Processing /usr/local/lib/python3.9/site-packages/airflow/example_dags/plugins/event_listener.py took 0.018 seconds
[2024-10-03T20:52:03.275+0000] {processor.py:153} INFO - Started process (PID=8449) to work on /usr/local/lib/python3.9/site-packages/airflow/example_dags/plugins/event_listener.py
[2024-10-03T20:52:03.277+0000] {processor.py:743} INFO - Processing file /usr/local/lib/python3.9/site-packages/airflow/example_dags/plugins/event_listener.py for tasks to queue
[2024-10-03T20:52:03.277+0000] {logging_mixin.py:137} INFO - [2024-10-03T20:52:03.277+0000] {dagbag.py:532} INFO - Filling up the DagBag from /usr/local/lib/python3.9/site-packages/airflow/example_dags/plugins/event_listener.py
[2024-10-03T20:52:03.279+0000] {processor.py:755} WARNING - No viable dags retrieved from /usr/local/lib/python3.9/site-packages/airflow/example_dags/plugins/event_listener.py
[2024-10-03T20:52:03.291+0000] {processor.py:175} INFO - Processing /usr/local/lib/python3.9/site-packages/airflow/example_dags/plugins/event_listener.py took 0.019 seconds
[2024-10-03T20:52:33.317+0000] {processor.py:153} INFO - Started process (PID=8660) to work on /usr/local/lib/python3.9/site-packages/airflow/example_dags/plugins/event_listener.py
[2024-10-03T20:52:33.318+0000] {processor.py:743} INFO - Processing file /usr/local/lib/python3.9/site-packages/airflow/example_dags/plugins/event_listener.py for tasks to queue
[2024-10-03T20:52:33.318+0000] {logging_mixin.py:137} INFO - [2024-10-03T20:52:33.318+0000] {dagbag.py:532} INFO - Filling up the DagBag from /usr/local/lib/python3.9/site-packages/airflow/example_dags/plugins/event_listener.py
[2024-10-03T20:52:33.319+0000] {processor.py:755} WARNING - No viable dags retrieved from /usr/local/lib/python3.9/site-packages/airflow/example_dags/plugins/event_listener.py
[2024-10-03T20:52:33.325+0000] {processor.py:175} INFO - Processing /usr/local/lib/python3.9/site-packages/airflow/example_dags/plugins/event_listener.py took 0.010 seconds
