[2024-10-13T19:17:55.352+0000] {taskinstance.py:1090} INFO - Dependencies all met for dep_context=non-requeueable deps ti=<TaskInstance: pipeline_Demo.Email_notification manual__2024-10-13T19:17:15.657652+00:00 [queued]>
[2024-10-13T19:17:55.355+0000] {taskinstance.py:1090} INFO - Dependencies all met for dep_context=requeueable deps ti=<TaskInstance: pipeline_Demo.Email_notification manual__2024-10-13T19:17:15.657652+00:00 [queued]>
[2024-10-13T19:17:55.356+0000] {taskinstance.py:1288} INFO - 
--------------------------------------------------------------------------------
[2024-10-13T19:17:55.356+0000] {taskinstance.py:1289} INFO - Starting attempt 1 of 1
[2024-10-13T19:17:55.356+0000] {taskinstance.py:1290} INFO - 
--------------------------------------------------------------------------------
[2024-10-13T19:17:55.360+0000] {taskinstance.py:1309} INFO - Executing <Task(PythonOperator): Email_notification> on 2024-10-13 19:17:15.657652+00:00
[2024-10-13T19:17:55.363+0000] {standard_task_runner.py:55} INFO - Started process 892 to run task
[2024-10-13T19:17:55.365+0000] {standard_task_runner.py:82} INFO - Running: ['***', 'tasks', 'run', 'pipeline_Demo', 'Email_notification', 'manual__2024-10-13T19:17:15.657652+00:00', '--job-id', '14', '--raw', '--subdir', 'DAGS_FOLDER/pipeline_Demo.py', '--cfg-path', '/tmp/tmp2memiui6']
[2024-10-13T19:17:55.366+0000] {standard_task_runner.py:83} INFO - Job 14: Subtask Email_notification
[2024-10-13T19:17:55.373+0000] {logging_mixin.py:137} WARNING - /usr/local/lib/python3.9/site-packages/***/settings.py:250 DeprecationWarning: The sql_alchemy_conn option in [core] has been moved to the sql_alchemy_conn option in [database] - the old setting has been used, but please update your config.
[2024-10-13T19:17:55.393+0000] {task_command.py:389} INFO - Running <TaskInstance: pipeline_Demo.Email_notification manual__2024-10-13T19:17:15.657652+00:00 [running]> on host c3a571b96d5f
[2024-10-13T19:17:55.417+0000] {taskinstance.py:1516} INFO - Exporting the following env vars:
AIRFLOW_CTX_DAG_OWNER=***
AIRFLOW_CTX_DAG_ID=pipeline_Demo
AIRFLOW_CTX_TASK_ID=Email_notification
AIRFLOW_CTX_EXECUTION_DATE=2024-10-13T19:17:15.657652+00:00
AIRFLOW_CTX_TRY_NUMBER=1
AIRFLOW_CTX_DAG_RUN_ID=manual__2024-10-13T19:17:15.657652+00:00
[2024-10-13T19:17:55.421+0000] {logging_mixin.py:137} WARNING - /opt/***/scripts/email_notification.py:119 UserWarning: pandas only supports SQLAlchemy connectable (engine/connection) or database string URI or sqlite3 DBAPI2 connection. Other DBAPI2 objects are not tested. Please consider using SQLAlchemy.
[2024-10-13T19:17:55.969+0000] {logging_mixin.py:137} INFO - Email sent! Message ID: 010f01928750da5a-e52c66bf-bf6c-4271-a01b-53f713ce81e0-000000
[2024-10-13T19:17:55.975+0000] {python.py:177} INFO - Done. Returned value was: None
[2024-10-13T19:17:55.991+0000] {taskinstance.py:1327} INFO - Marking task as SUCCESS. dag_id=pipeline_Demo, task_id=Email_notification, execution_date=20241013T191715, start_date=20241013T191755, end_date=20241013T191755
[2024-10-13T19:17:56.044+0000] {local_task_job.py:212} INFO - Task exited with return code 0
[2024-10-13T19:17:56.058+0000] {taskinstance.py:2596} INFO - 0 downstream tasks scheduled from follow-on schedule check
