[2024-10-10T19:34:38.865+0000] {taskinstance.py:1090} INFO - Dependencies all met for dep_context=non-requeueable deps ti=<TaskInstance: pipeline_A.task_0_S3_to_DB manual__2024-10-10T19:34:34.637435+00:00 [queued]>
[2024-10-10T19:34:38.870+0000] {taskinstance.py:1090} INFO - Dependencies all met for dep_context=requeueable deps ti=<TaskInstance: pipeline_A.task_0_S3_to_DB manual__2024-10-10T19:34:34.637435+00:00 [queued]>
[2024-10-10T19:34:38.871+0000] {taskinstance.py:1288} INFO - 
--------------------------------------------------------------------------------
[2024-10-10T19:34:38.871+0000] {taskinstance.py:1289} INFO - Starting attempt 1 of 1
[2024-10-10T19:34:38.871+0000] {taskinstance.py:1290} INFO - 
--------------------------------------------------------------------------------
[2024-10-10T19:34:38.875+0000] {taskinstance.py:1309} INFO - Executing <Task(PythonOperator): task_0_S3_to_DB> on 2024-10-10 19:34:34.637435+00:00
[2024-10-10T19:34:38.887+0000] {standard_task_runner.py:82} INFO - Running: ['***', 'tasks', 'run', 'pipeline_A', 'task_0_S3_to_DB', 'manual__2024-10-10T19:34:34.637435+00:00', '--job-id', '9', '--raw', '--subdir', 'DAGS_FOLDER/pipeline_A.py', '--cfg-path', '/tmp/tmpbuqipy0j']
[2024-10-10T19:34:38.887+0000] {standard_task_runner.py:55} INFO - Started process 39595 to run task
[2024-10-10T19:34:38.891+0000] {standard_task_runner.py:83} INFO - Job 9: Subtask task_0_S3_to_DB
[2024-10-10T19:34:38.945+0000] {logging_mixin.py:137} WARNING - /usr/local/lib/python3.9/site-packages/***/settings.py:250 DeprecationWarning: The sql_alchemy_conn option in [core] has been moved to the sql_alchemy_conn option in [database] - the old setting has been used, but please update your config.
[2024-10-10T19:34:39.445+0000] {task_command.py:389} INFO - Running <TaskInstance: pipeline_A.task_0_S3_to_DB manual__2024-10-10T19:34:34.637435+00:00 [running]> on host d6685a94b59c
[2024-10-10T19:34:39.796+0000] {taskinstance.py:1516} INFO - Exporting the following env vars:
AIRFLOW_CTX_DAG_OWNER=***
AIRFLOW_CTX_DAG_ID=pipeline_A
AIRFLOW_CTX_TASK_ID=task_0_S3_to_DB
AIRFLOW_CTX_EXECUTION_DATE=2024-10-10T19:34:34.637435+00:00
AIRFLOW_CTX_TRY_NUMBER=1
AIRFLOW_CTX_DAG_RUN_ID=manual__2024-10-10T19:34:34.637435+00:00
[2024-10-10T19:34:39.859+0000] {s3_db.py:102} INFO - Executing S3 File read.......
[2024-10-10T19:34:39.860+0000] {s3_db.py:17} INFO - Creating Spark session ......
[2024-10-10T19:34:53.083+0000] {s3_db.py:211} INFO - Executing file writing function .....
[2024-10-10T19:34:53.894+0000] {s3_db.py:236} INFO - Completed writing to target table.......
[2024-10-10T19:34:53.894+0000] {s3_db.py:284} INFO - Updating run_log, marking status as success........ 
[2024-10-10T19:34:53.894+0000] {s3_db.py:286} INFO - 918 records transferred from s3a://sdevalla-buck/test/sftp_20240323.txt to ***.reddit_d
[2024-10-10T19:34:54.292+0000] {python.py:177} INFO - Done. Returned value was: 918
[2024-10-10T19:34:54.368+0000] {taskinstance.py:1327} INFO - Marking task as SUCCESS. dag_id=pipeline_A, task_id=task_0_S3_to_DB, execution_date=20241010T193434, start_date=20241010T193438, end_date=20241010T193454
[2024-10-10T19:34:54.421+0000] {local_task_job.py:212} INFO - Task exited with return code 0
[2024-10-10T19:34:54.466+0000] {taskinstance.py:2596} INFO - 0 downstream tasks scheduled from follow-on schedule check
