[2024-10-13T22:32:06.519+0000] {taskinstance.py:1090} INFO - Dependencies all met for dep_context=non-requeueable deps ti=<TaskInstance: pipeline_Demo.Email_notification manual__2024-10-13T22:31:10.787712+00:00 [queued]>
[2024-10-13T22:32:06.524+0000] {taskinstance.py:1090} INFO - Dependencies all met for dep_context=requeueable deps ti=<TaskInstance: pipeline_Demo.Email_notification manual__2024-10-13T22:31:10.787712+00:00 [queued]>
[2024-10-13T22:32:06.524+0000] {taskinstance.py:1288} INFO - 
--------------------------------------------------------------------------------
[2024-10-13T22:32:06.524+0000] {taskinstance.py:1289} INFO - Starting attempt 1 of 1
[2024-10-13T22:32:06.524+0000] {taskinstance.py:1290} INFO - 
--------------------------------------------------------------------------------
[2024-10-13T22:32:06.529+0000] {taskinstance.py:1309} INFO - Executing <Task(PythonOperator): Email_notification> on 2024-10-13 22:31:10.787712+00:00
[2024-10-13T22:32:06.534+0000] {standard_task_runner.py:55} INFO - Started process 959 to run task
[2024-10-13T22:32:06.538+0000] {standard_task_runner.py:82} INFO - Running: ['***', 'tasks', 'run', 'pipeline_Demo', 'Email_notification', 'manual__2024-10-13T22:31:10.787712+00:00', '--job-id', '39', '--raw', '--subdir', 'DAGS_FOLDER/pipeline_Demo.py', '--cfg-path', '/tmp/tmpxx0mhsah']
[2024-10-13T22:32:06.539+0000] {standard_task_runner.py:83} INFO - Job 39: Subtask Email_notification
[2024-10-13T22:32:06.547+0000] {logging_mixin.py:137} WARNING - /usr/local/lib/python3.9/site-packages/***/settings.py:250 DeprecationWarning: The sql_alchemy_conn option in [core] has been moved to the sql_alchemy_conn option in [database] - the old setting has been used, but please update your config.
[2024-10-13T22:32:06.584+0000] {task_command.py:389} INFO - Running <TaskInstance: pipeline_Demo.Email_notification manual__2024-10-13T22:31:10.787712+00:00 [running]> on host 764f93acab86
[2024-10-13T22:32:06.632+0000] {taskinstance.py:1516} INFO - Exporting the following env vars:
AIRFLOW_CTX_DAG_OWNER=***
AIRFLOW_CTX_DAG_ID=pipeline_Demo
AIRFLOW_CTX_TASK_ID=Email_notification
AIRFLOW_CTX_EXECUTION_DATE=2024-10-13T22:31:10.787712+00:00
AIRFLOW_CTX_TRY_NUMBER=1
AIRFLOW_CTX_DAG_RUN_ID=manual__2024-10-13T22:31:10.787712+00:00
[2024-10-13T22:32:06.642+0000] {logging_mixin.py:137} WARNING - /opt/***/scripts/email_notification.py:119 UserWarning: pandas only supports SQLAlchemy connectable (engine/connection) or database string URI or sqlite3 DBAPI2 connection. Other DBAPI2 objects are not tested. Please consider using SQLAlchemy.
[2024-10-13T22:32:07.187+0000] {logging_mixin.py:137} INFO - Email sent! Message ID: 010f01928802a2ca-473c3577-403e-4e27-b99e-c2b41058ac27-000000
[2024-10-13T22:32:07.188+0000] {python.py:177} INFO - Done. Returned value was: None
[2024-10-13T22:32:07.199+0000] {taskinstance.py:1327} INFO - Marking task as SUCCESS. dag_id=pipeline_Demo, task_id=Email_notification, execution_date=20241013T223110, start_date=20241013T223206, end_date=20241013T223207
[2024-10-13T22:32:07.238+0000] {local_task_job.py:212} INFO - Task exited with return code 0
[2024-10-13T22:32:07.272+0000] {taskinstance.py:2596} INFO - 0 downstream tasks scheduled from follow-on schedule check
