[2024-09-24T15:58:41.004+0000] {processor.py:153} INFO - Started process (PID=216) to work on /usr/local/lib/python3.9/site-packages/airflow/example_dags/plugins/event_listener.py
[2024-09-24T15:58:41.005+0000] {processor.py:743} INFO - Processing file /usr/local/lib/python3.9/site-packages/airflow/example_dags/plugins/event_listener.py for tasks to queue
[2024-09-24T15:58:41.005+0000] {logging_mixin.py:137} INFO - [2024-09-24T15:58:41.005+0000] {dagbag.py:532} INFO - Filling up the DagBag from /usr/local/lib/python3.9/site-packages/airflow/example_dags/plugins/event_listener.py
[2024-09-24T15:58:41.007+0000] {processor.py:755} WARNING - No viable dags retrieved from /usr/local/lib/python3.9/site-packages/airflow/example_dags/plugins/event_listener.py
[2024-09-24T15:58:41.016+0000] {processor.py:175} INFO - Processing /usr/local/lib/python3.9/site-packages/airflow/example_dags/plugins/event_listener.py took 0.014 seconds
[2024-09-24T15:59:11.877+0000] {processor.py:153} INFO - Started process (PID=429) to work on /usr/local/lib/python3.9/site-packages/airflow/example_dags/plugins/event_listener.py
[2024-09-24T15:59:11.879+0000] {processor.py:743} INFO - Processing file /usr/local/lib/python3.9/site-packages/airflow/example_dags/plugins/event_listener.py for tasks to queue
[2024-09-24T15:59:11.880+0000] {logging_mixin.py:137} INFO - [2024-09-24T15:59:11.880+0000] {dagbag.py:532} INFO - Filling up the DagBag from /usr/local/lib/python3.9/site-packages/airflow/example_dags/plugins/event_listener.py
[2024-09-24T15:59:11.881+0000] {processor.py:755} WARNING - No viable dags retrieved from /usr/local/lib/python3.9/site-packages/airflow/example_dags/plugins/event_listener.py
[2024-09-24T15:59:11.894+0000] {processor.py:175} INFO - Processing /usr/local/lib/python3.9/site-packages/airflow/example_dags/plugins/event_listener.py took 0.019 seconds
[2024-09-24T15:59:42.511+0000] {processor.py:153} INFO - Started process (PID=642) to work on /usr/local/lib/python3.9/site-packages/airflow/example_dags/plugins/event_listener.py
[2024-09-24T15:59:42.515+0000] {processor.py:743} INFO - Processing file /usr/local/lib/python3.9/site-packages/airflow/example_dags/plugins/event_listener.py for tasks to queue
[2024-09-24T15:59:42.516+0000] {logging_mixin.py:137} INFO - [2024-09-24T15:59:42.516+0000] {dagbag.py:532} INFO - Filling up the DagBag from /usr/local/lib/python3.9/site-packages/airflow/example_dags/plugins/event_listener.py
[2024-09-24T15:59:42.517+0000] {processor.py:755} WARNING - No viable dags retrieved from /usr/local/lib/python3.9/site-packages/airflow/example_dags/plugins/event_listener.py
[2024-09-24T15:59:42.529+0000] {processor.py:175} INFO - Processing /usr/local/lib/python3.9/site-packages/airflow/example_dags/plugins/event_listener.py took 0.020 seconds
[2024-09-24T16:12:35.641+0000] {processor.py:153} INFO - Started process (PID=215) to work on /usr/local/lib/python3.9/site-packages/airflow/example_dags/plugins/event_listener.py
[2024-09-24T16:12:35.645+0000] {processor.py:743} INFO - Processing file /usr/local/lib/python3.9/site-packages/airflow/example_dags/plugins/event_listener.py for tasks to queue
[2024-09-24T16:12:35.646+0000] {logging_mixin.py:137} INFO - [2024-09-24T16:12:35.646+0000] {dagbag.py:532} INFO - Filling up the DagBag from /usr/local/lib/python3.9/site-packages/airflow/example_dags/plugins/event_listener.py
[2024-09-24T16:12:35.647+0000] {processor.py:755} WARNING - No viable dags retrieved from /usr/local/lib/python3.9/site-packages/airflow/example_dags/plugins/event_listener.py
[2024-09-24T16:12:35.657+0000] {processor.py:175} INFO - Processing /usr/local/lib/python3.9/site-packages/airflow/example_dags/plugins/event_listener.py took 0.019 seconds
[2024-09-24T16:13:06.835+0000] {processor.py:153} INFO - Started process (PID=432) to work on /usr/local/lib/python3.9/site-packages/airflow/example_dags/plugins/event_listener.py
[2024-09-24T16:13:06.837+0000] {processor.py:743} INFO - Processing file /usr/local/lib/python3.9/site-packages/airflow/example_dags/plugins/event_listener.py for tasks to queue
[2024-09-24T16:13:06.842+0000] {logging_mixin.py:137} INFO - [2024-09-24T16:13:06.842+0000] {dagbag.py:532} INFO - Filling up the DagBag from /usr/local/lib/python3.9/site-packages/airflow/example_dags/plugins/event_listener.py
[2024-09-24T16:13:06.852+0000] {processor.py:755} WARNING - No viable dags retrieved from /usr/local/lib/python3.9/site-packages/airflow/example_dags/plugins/event_listener.py
[2024-09-24T16:13:06.873+0000] {processor.py:175} INFO - Processing /usr/local/lib/python3.9/site-packages/airflow/example_dags/plugins/event_listener.py took 0.043 seconds
[2024-09-24T16:13:39.437+0000] {processor.py:153} INFO - Started process (PID=641) to work on /usr/local/lib/python3.9/site-packages/airflow/example_dags/plugins/event_listener.py
[2024-09-24T16:13:39.438+0000] {processor.py:743} INFO - Processing file /usr/local/lib/python3.9/site-packages/airflow/example_dags/plugins/event_listener.py for tasks to queue
[2024-09-24T16:13:39.439+0000] {logging_mixin.py:137} INFO - [2024-09-24T16:13:39.439+0000] {dagbag.py:532} INFO - Filling up the DagBag from /usr/local/lib/python3.9/site-packages/airflow/example_dags/plugins/event_listener.py
[2024-09-24T16:13:39.440+0000] {processor.py:755} WARNING - No viable dags retrieved from /usr/local/lib/python3.9/site-packages/airflow/example_dags/plugins/event_listener.py
[2024-09-24T16:13:39.458+0000] {processor.py:175} INFO - Processing /usr/local/lib/python3.9/site-packages/airflow/example_dags/plugins/event_listener.py took 0.053 seconds
[2024-09-24T16:14:09.911+0000] {processor.py:153} INFO - Started process (PID=852) to work on /usr/local/lib/python3.9/site-packages/airflow/example_dags/plugins/event_listener.py
[2024-09-24T16:14:09.921+0000] {processor.py:743} INFO - Processing file /usr/local/lib/python3.9/site-packages/airflow/example_dags/plugins/event_listener.py for tasks to queue
[2024-09-24T16:14:09.921+0000] {logging_mixin.py:137} INFO - [2024-09-24T16:14:09.921+0000] {dagbag.py:532} INFO - Filling up the DagBag from /usr/local/lib/python3.9/site-packages/airflow/example_dags/plugins/event_listener.py
[2024-09-24T16:14:09.922+0000] {processor.py:755} WARNING - No viable dags retrieved from /usr/local/lib/python3.9/site-packages/airflow/example_dags/plugins/event_listener.py
[2024-09-24T16:14:09.962+0000] {processor.py:175} INFO - Processing /usr/local/lib/python3.9/site-packages/airflow/example_dags/plugins/event_listener.py took 0.072 seconds
[2024-09-24T16:14:40.590+0000] {processor.py:153} INFO - Started process (PID=1063) to work on /usr/local/lib/python3.9/site-packages/airflow/example_dags/plugins/event_listener.py
[2024-09-24T16:14:40.591+0000] {processor.py:743} INFO - Processing file /usr/local/lib/python3.9/site-packages/airflow/example_dags/plugins/event_listener.py for tasks to queue
[2024-09-24T16:14:40.591+0000] {logging_mixin.py:137} INFO - [2024-09-24T16:14:40.591+0000] {dagbag.py:532} INFO - Filling up the DagBag from /usr/local/lib/python3.9/site-packages/airflow/example_dags/plugins/event_listener.py
[2024-09-24T16:14:40.592+0000] {processor.py:755} WARNING - No viable dags retrieved from /usr/local/lib/python3.9/site-packages/airflow/example_dags/plugins/event_listener.py
[2024-09-24T16:14:40.603+0000] {processor.py:175} INFO - Processing /usr/local/lib/python3.9/site-packages/airflow/example_dags/plugins/event_listener.py took 0.016 seconds
[2024-09-24T16:15:11.155+0000] {processor.py:153} INFO - Started process (PID=1274) to work on /usr/local/lib/python3.9/site-packages/airflow/example_dags/plugins/event_listener.py
[2024-09-24T16:15:11.161+0000] {processor.py:743} INFO - Processing file /usr/local/lib/python3.9/site-packages/airflow/example_dags/plugins/event_listener.py for tasks to queue
[2024-09-24T16:15:11.164+0000] {logging_mixin.py:137} INFO - [2024-09-24T16:15:11.163+0000] {dagbag.py:532} INFO - Filling up the DagBag from /usr/local/lib/python3.9/site-packages/airflow/example_dags/plugins/event_listener.py
[2024-09-24T16:15:11.166+0000] {processor.py:755} WARNING - No viable dags retrieved from /usr/local/lib/python3.9/site-packages/airflow/example_dags/plugins/event_listener.py
[2024-09-24T16:15:11.188+0000] {processor.py:175} INFO - Processing /usr/local/lib/python3.9/site-packages/airflow/example_dags/plugins/event_listener.py took 0.036 seconds
[2024-09-24T16:15:44.424+0000] {processor.py:153} INFO - Started process (PID=1485) to work on /usr/local/lib/python3.9/site-packages/airflow/example_dags/plugins/event_listener.py
[2024-09-24T16:15:44.428+0000] {processor.py:743} INFO - Processing file /usr/local/lib/python3.9/site-packages/airflow/example_dags/plugins/event_listener.py for tasks to queue
[2024-09-24T16:15:44.428+0000] {logging_mixin.py:137} INFO - [2024-09-24T16:15:44.428+0000] {dagbag.py:532} INFO - Filling up the DagBag from /usr/local/lib/python3.9/site-packages/airflow/example_dags/plugins/event_listener.py
[2024-09-24T16:15:44.430+0000] {processor.py:755} WARNING - No viable dags retrieved from /usr/local/lib/python3.9/site-packages/airflow/example_dags/plugins/event_listener.py
[2024-09-24T16:15:44.487+0000] {processor.py:175} INFO - Processing /usr/local/lib/python3.9/site-packages/airflow/example_dags/plugins/event_listener.py took 0.068 seconds
[2024-09-24T16:16:15.483+0000] {processor.py:153} INFO - Started process (PID=1693) to work on /usr/local/lib/python3.9/site-packages/airflow/example_dags/plugins/event_listener.py
[2024-09-24T16:16:15.485+0000] {processor.py:743} INFO - Processing file /usr/local/lib/python3.9/site-packages/airflow/example_dags/plugins/event_listener.py for tasks to queue
[2024-09-24T16:16:15.485+0000] {logging_mixin.py:137} INFO - [2024-09-24T16:16:15.485+0000] {dagbag.py:532} INFO - Filling up the DagBag from /usr/local/lib/python3.9/site-packages/airflow/example_dags/plugins/event_listener.py
[2024-09-24T16:16:15.486+0000] {processor.py:755} WARNING - No viable dags retrieved from /usr/local/lib/python3.9/site-packages/airflow/example_dags/plugins/event_listener.py
[2024-09-24T16:16:15.492+0000] {processor.py:175} INFO - Processing /usr/local/lib/python3.9/site-packages/airflow/example_dags/plugins/event_listener.py took 0.010 seconds
[2024-09-24T16:16:45.646+0000] {processor.py:153} INFO - Started process (PID=1904) to work on /usr/local/lib/python3.9/site-packages/airflow/example_dags/plugins/event_listener.py
[2024-09-24T16:16:45.647+0000] {processor.py:743} INFO - Processing file /usr/local/lib/python3.9/site-packages/airflow/example_dags/plugins/event_listener.py for tasks to queue
[2024-09-24T16:16:45.647+0000] {logging_mixin.py:137} INFO - [2024-09-24T16:16:45.647+0000] {dagbag.py:532} INFO - Filling up the DagBag from /usr/local/lib/python3.9/site-packages/airflow/example_dags/plugins/event_listener.py
[2024-09-24T16:16:45.648+0000] {processor.py:755} WARNING - No viable dags retrieved from /usr/local/lib/python3.9/site-packages/airflow/example_dags/plugins/event_listener.py
[2024-09-24T16:16:45.654+0000] {processor.py:175} INFO - Processing /usr/local/lib/python3.9/site-packages/airflow/example_dags/plugins/event_listener.py took 0.009 seconds
[2024-09-24T16:17:16.383+0000] {processor.py:153} INFO - Started process (PID=2115) to work on /usr/local/lib/python3.9/site-packages/airflow/example_dags/plugins/event_listener.py
[2024-09-24T16:17:16.384+0000] {processor.py:743} INFO - Processing file /usr/local/lib/python3.9/site-packages/airflow/example_dags/plugins/event_listener.py for tasks to queue
[2024-09-24T16:17:16.384+0000] {logging_mixin.py:137} INFO - [2024-09-24T16:17:16.384+0000] {dagbag.py:532} INFO - Filling up the DagBag from /usr/local/lib/python3.9/site-packages/airflow/example_dags/plugins/event_listener.py
[2024-09-24T16:17:16.385+0000] {processor.py:755} WARNING - No viable dags retrieved from /usr/local/lib/python3.9/site-packages/airflow/example_dags/plugins/event_listener.py
[2024-09-24T16:17:16.391+0000] {processor.py:175} INFO - Processing /usr/local/lib/python3.9/site-packages/airflow/example_dags/plugins/event_listener.py took 0.009 seconds
[2024-09-24T16:17:47.089+0000] {processor.py:153} INFO - Started process (PID=2326) to work on /usr/local/lib/python3.9/site-packages/airflow/example_dags/plugins/event_listener.py
[2024-09-24T16:17:47.090+0000] {processor.py:743} INFO - Processing file /usr/local/lib/python3.9/site-packages/airflow/example_dags/plugins/event_listener.py for tasks to queue
[2024-09-24T16:17:47.090+0000] {logging_mixin.py:137} INFO - [2024-09-24T16:17:47.090+0000] {dagbag.py:532} INFO - Filling up the DagBag from /usr/local/lib/python3.9/site-packages/airflow/example_dags/plugins/event_listener.py
[2024-09-24T16:17:47.090+0000] {processor.py:755} WARNING - No viable dags retrieved from /usr/local/lib/python3.9/site-packages/airflow/example_dags/plugins/event_listener.py
[2024-09-24T16:17:47.096+0000] {processor.py:175} INFO - Processing /usr/local/lib/python3.9/site-packages/airflow/example_dags/plugins/event_listener.py took 0.008 seconds
[2024-09-24T16:18:17.801+0000] {processor.py:153} INFO - Started process (PID=2537) to work on /usr/local/lib/python3.9/site-packages/airflow/example_dags/plugins/event_listener.py
[2024-09-24T16:18:17.801+0000] {processor.py:743} INFO - Processing file /usr/local/lib/python3.9/site-packages/airflow/example_dags/plugins/event_listener.py for tasks to queue
[2024-09-24T16:18:17.801+0000] {logging_mixin.py:137} INFO - [2024-09-24T16:18:17.801+0000] {dagbag.py:532} INFO - Filling up the DagBag from /usr/local/lib/python3.9/site-packages/airflow/example_dags/plugins/event_listener.py
[2024-09-24T16:18:17.802+0000] {processor.py:755} WARNING - No viable dags retrieved from /usr/local/lib/python3.9/site-packages/airflow/example_dags/plugins/event_listener.py
[2024-09-24T16:18:17.807+0000] {processor.py:175} INFO - Processing /usr/local/lib/python3.9/site-packages/airflow/example_dags/plugins/event_listener.py took 0.007 seconds
[2024-09-24T17:55:50.865+0000] {processor.py:153} INFO - Started process (PID=207) to work on /usr/local/lib/python3.9/site-packages/airflow/example_dags/plugins/event_listener.py
[2024-09-24T17:55:50.866+0000] {processor.py:743} INFO - Processing file /usr/local/lib/python3.9/site-packages/airflow/example_dags/plugins/event_listener.py for tasks to queue
[2024-09-24T17:55:50.867+0000] {logging_mixin.py:137} INFO - [2024-09-24T17:55:50.866+0000] {dagbag.py:532} INFO - Filling up the DagBag from /usr/local/lib/python3.9/site-packages/airflow/example_dags/plugins/event_listener.py
[2024-09-24T17:55:50.867+0000] {processor.py:755} WARNING - No viable dags retrieved from /usr/local/lib/python3.9/site-packages/airflow/example_dags/plugins/event_listener.py
[2024-09-24T17:55:50.877+0000] {processor.py:175} INFO - Processing /usr/local/lib/python3.9/site-packages/airflow/example_dags/plugins/event_listener.py took 0.014 seconds
[2024-09-24T17:56:21.984+0000] {processor.py:153} INFO - Started process (PID=431) to work on /usr/local/lib/python3.9/site-packages/airflow/example_dags/plugins/event_listener.py
[2024-09-24T17:56:21.985+0000] {processor.py:743} INFO - Processing file /usr/local/lib/python3.9/site-packages/airflow/example_dags/plugins/event_listener.py for tasks to queue
[2024-09-24T17:56:21.987+0000] {logging_mixin.py:137} INFO - [2024-09-24T17:56:21.986+0000] {dagbag.py:532} INFO - Filling up the DagBag from /usr/local/lib/python3.9/site-packages/airflow/example_dags/plugins/event_listener.py
[2024-09-24T17:56:21.989+0000] {processor.py:755} WARNING - No viable dags retrieved from /usr/local/lib/python3.9/site-packages/airflow/example_dags/plugins/event_listener.py
[2024-09-24T17:56:22.045+0000] {processor.py:175} INFO - Processing /usr/local/lib/python3.9/site-packages/airflow/example_dags/plugins/event_listener.py took 0.064 seconds
[2024-09-24T18:44:45.069+0000] {processor.py:153} INFO - Started process (PID=219) to work on /usr/local/lib/python3.9/site-packages/airflow/example_dags/plugins/event_listener.py
[2024-09-24T18:44:45.070+0000] {processor.py:743} INFO - Processing file /usr/local/lib/python3.9/site-packages/airflow/example_dags/plugins/event_listener.py for tasks to queue
[2024-09-24T18:44:45.071+0000] {logging_mixin.py:137} INFO - [2024-09-24T18:44:45.071+0000] {dagbag.py:532} INFO - Filling up the DagBag from /usr/local/lib/python3.9/site-packages/airflow/example_dags/plugins/event_listener.py
[2024-09-24T18:44:45.073+0000] {processor.py:755} WARNING - No viable dags retrieved from /usr/local/lib/python3.9/site-packages/airflow/example_dags/plugins/event_listener.py
[2024-09-24T18:44:45.084+0000] {processor.py:175} INFO - Processing /usr/local/lib/python3.9/site-packages/airflow/example_dags/plugins/event_listener.py took 0.018 seconds
[2024-09-24T18:45:15.920+0000] {processor.py:153} INFO - Started process (PID=434) to work on /usr/local/lib/python3.9/site-packages/airflow/example_dags/plugins/event_listener.py
[2024-09-24T18:45:15.923+0000] {processor.py:743} INFO - Processing file /usr/local/lib/python3.9/site-packages/airflow/example_dags/plugins/event_listener.py for tasks to queue
[2024-09-24T18:45:15.925+0000] {logging_mixin.py:137} INFO - [2024-09-24T18:45:15.925+0000] {dagbag.py:532} INFO - Filling up the DagBag from /usr/local/lib/python3.9/site-packages/airflow/example_dags/plugins/event_listener.py
[2024-09-24T18:45:15.926+0000] {processor.py:755} WARNING - No viable dags retrieved from /usr/local/lib/python3.9/site-packages/airflow/example_dags/plugins/event_listener.py
[2024-09-24T18:45:15.937+0000] {processor.py:175} INFO - Processing /usr/local/lib/python3.9/site-packages/airflow/example_dags/plugins/event_listener.py took 0.019 seconds
[2024-09-24T18:45:46.621+0000] {processor.py:153} INFO - Started process (PID=645) to work on /usr/local/lib/python3.9/site-packages/airflow/example_dags/plugins/event_listener.py
[2024-09-24T18:45:46.624+0000] {processor.py:743} INFO - Processing file /usr/local/lib/python3.9/site-packages/airflow/example_dags/plugins/event_listener.py for tasks to queue
[2024-09-24T18:45:46.624+0000] {logging_mixin.py:137} INFO - [2024-09-24T18:45:46.624+0000] {dagbag.py:532} INFO - Filling up the DagBag from /usr/local/lib/python3.9/site-packages/airflow/example_dags/plugins/event_listener.py
[2024-09-24T18:45:46.625+0000] {processor.py:755} WARNING - No viable dags retrieved from /usr/local/lib/python3.9/site-packages/airflow/example_dags/plugins/event_listener.py
[2024-09-24T18:45:46.634+0000] {processor.py:175} INFO - Processing /usr/local/lib/python3.9/site-packages/airflow/example_dags/plugins/event_listener.py took 0.015 seconds
[2024-09-24T18:46:17.594+0000] {processor.py:153} INFO - Started process (PID=856) to work on /usr/local/lib/python3.9/site-packages/airflow/example_dags/plugins/event_listener.py
[2024-09-24T18:46:17.596+0000] {processor.py:743} INFO - Processing file /usr/local/lib/python3.9/site-packages/airflow/example_dags/plugins/event_listener.py for tasks to queue
[2024-09-24T18:46:17.597+0000] {logging_mixin.py:137} INFO - [2024-09-24T18:46:17.597+0000] {dagbag.py:532} INFO - Filling up the DagBag from /usr/local/lib/python3.9/site-packages/airflow/example_dags/plugins/event_listener.py
[2024-09-24T18:46:17.599+0000] {processor.py:755} WARNING - No viable dags retrieved from /usr/local/lib/python3.9/site-packages/airflow/example_dags/plugins/event_listener.py
[2024-09-24T18:46:17.611+0000] {processor.py:175} INFO - Processing /usr/local/lib/python3.9/site-packages/airflow/example_dags/plugins/event_listener.py took 0.018 seconds
[2024-09-24T18:46:49.426+0000] {processor.py:153} INFO - Started process (PID=1067) to work on /usr/local/lib/python3.9/site-packages/airflow/example_dags/plugins/event_listener.py
[2024-09-24T18:46:49.430+0000] {processor.py:743} INFO - Processing file /usr/local/lib/python3.9/site-packages/airflow/example_dags/plugins/event_listener.py for tasks to queue
[2024-09-24T18:46:49.432+0000] {logging_mixin.py:137} INFO - [2024-09-24T18:46:49.432+0000] {dagbag.py:532} INFO - Filling up the DagBag from /usr/local/lib/python3.9/site-packages/airflow/example_dags/plugins/event_listener.py
[2024-09-24T18:46:49.441+0000] {processor.py:755} WARNING - No viable dags retrieved from /usr/local/lib/python3.9/site-packages/airflow/example_dags/plugins/event_listener.py
[2024-09-24T18:46:49.466+0000] {processor.py:175} INFO - Processing /usr/local/lib/python3.9/site-packages/airflow/example_dags/plugins/event_listener.py took 0.050 seconds
[2024-09-24T18:47:22.349+0000] {processor.py:153} INFO - Started process (PID=1278) to work on /usr/local/lib/python3.9/site-packages/airflow/example_dags/plugins/event_listener.py
[2024-09-24T18:47:22.350+0000] {processor.py:743} INFO - Processing file /usr/local/lib/python3.9/site-packages/airflow/example_dags/plugins/event_listener.py for tasks to queue
[2024-09-24T18:47:22.351+0000] {logging_mixin.py:137} INFO - [2024-09-24T18:47:22.351+0000] {dagbag.py:532} INFO - Filling up the DagBag from /usr/local/lib/python3.9/site-packages/airflow/example_dags/plugins/event_listener.py
[2024-09-24T18:47:22.355+0000] {processor.py:755} WARNING - No viable dags retrieved from /usr/local/lib/python3.9/site-packages/airflow/example_dags/plugins/event_listener.py
[2024-09-24T18:47:22.406+0000] {processor.py:175} INFO - Processing /usr/local/lib/python3.9/site-packages/airflow/example_dags/plugins/event_listener.py took 0.061 seconds
[2024-09-24T18:47:53.764+0000] {processor.py:153} INFO - Started process (PID=1489) to work on /usr/local/lib/python3.9/site-packages/airflow/example_dags/plugins/event_listener.py
[2024-09-24T18:47:53.769+0000] {processor.py:743} INFO - Processing file /usr/local/lib/python3.9/site-packages/airflow/example_dags/plugins/event_listener.py for tasks to queue
[2024-09-24T18:47:53.770+0000] {logging_mixin.py:137} INFO - [2024-09-24T18:47:53.770+0000] {dagbag.py:532} INFO - Filling up the DagBag from /usr/local/lib/python3.9/site-packages/airflow/example_dags/plugins/event_listener.py
[2024-09-24T18:47:53.797+0000] {processor.py:755} WARNING - No viable dags retrieved from /usr/local/lib/python3.9/site-packages/airflow/example_dags/plugins/event_listener.py
[2024-09-24T18:47:53.810+0000] {processor.py:175} INFO - Processing /usr/local/lib/python3.9/site-packages/airflow/example_dags/plugins/event_listener.py took 0.048 seconds
[2024-09-24T18:48:26.057+0000] {processor.py:153} INFO - Started process (PID=1702) to work on /usr/local/lib/python3.9/site-packages/airflow/example_dags/plugins/event_listener.py
[2024-09-24T18:48:26.059+0000] {processor.py:743} INFO - Processing file /usr/local/lib/python3.9/site-packages/airflow/example_dags/plugins/event_listener.py for tasks to queue
[2024-09-24T18:48:26.059+0000] {logging_mixin.py:137} INFO - [2024-09-24T18:48:26.059+0000] {dagbag.py:532} INFO - Filling up the DagBag from /usr/local/lib/python3.9/site-packages/airflow/example_dags/plugins/event_listener.py
[2024-09-24T18:48:26.064+0000] {processor.py:755} WARNING - No viable dags retrieved from /usr/local/lib/python3.9/site-packages/airflow/example_dags/plugins/event_listener.py
[2024-09-24T18:48:26.070+0000] {processor.py:175} INFO - Processing /usr/local/lib/python3.9/site-packages/airflow/example_dags/plugins/event_listener.py took 0.015 seconds
[2024-09-24T18:48:56.894+0000] {processor.py:153} INFO - Started process (PID=1913) to work on /usr/local/lib/python3.9/site-packages/airflow/example_dags/plugins/event_listener.py
[2024-09-24T18:48:56.895+0000] {processor.py:743} INFO - Processing file /usr/local/lib/python3.9/site-packages/airflow/example_dags/plugins/event_listener.py for tasks to queue
[2024-09-24T18:48:56.896+0000] {logging_mixin.py:137} INFO - [2024-09-24T18:48:56.896+0000] {dagbag.py:532} INFO - Filling up the DagBag from /usr/local/lib/python3.9/site-packages/airflow/example_dags/plugins/event_listener.py
[2024-09-24T18:48:56.897+0000] {processor.py:755} WARNING - No viable dags retrieved from /usr/local/lib/python3.9/site-packages/airflow/example_dags/plugins/event_listener.py
[2024-09-24T18:48:56.913+0000] {processor.py:175} INFO - Processing /usr/local/lib/python3.9/site-packages/airflow/example_dags/plugins/event_listener.py took 0.021 seconds
[2024-09-24T18:49:29.661+0000] {processor.py:153} INFO - Started process (PID=2122) to work on /usr/local/lib/python3.9/site-packages/airflow/example_dags/plugins/event_listener.py
[2024-09-24T18:49:29.662+0000] {processor.py:743} INFO - Processing file /usr/local/lib/python3.9/site-packages/airflow/example_dags/plugins/event_listener.py for tasks to queue
[2024-09-24T18:49:29.663+0000] {logging_mixin.py:137} INFO - [2024-09-24T18:49:29.663+0000] {dagbag.py:532} INFO - Filling up the DagBag from /usr/local/lib/python3.9/site-packages/airflow/example_dags/plugins/event_listener.py
[2024-09-24T18:49:29.664+0000] {processor.py:755} WARNING - No viable dags retrieved from /usr/local/lib/python3.9/site-packages/airflow/example_dags/plugins/event_listener.py
[2024-09-24T18:49:29.673+0000] {processor.py:175} INFO - Processing /usr/local/lib/python3.9/site-packages/airflow/example_dags/plugins/event_listener.py took 0.014 seconds
[2024-09-24T18:50:00.341+0000] {processor.py:153} INFO - Started process (PID=2335) to work on /usr/local/lib/python3.9/site-packages/airflow/example_dags/plugins/event_listener.py
[2024-09-24T18:50:00.341+0000] {processor.py:743} INFO - Processing file /usr/local/lib/python3.9/site-packages/airflow/example_dags/plugins/event_listener.py for tasks to queue
[2024-09-24T18:50:00.342+0000] {logging_mixin.py:137} INFO - [2024-09-24T18:50:00.342+0000] {dagbag.py:532} INFO - Filling up the DagBag from /usr/local/lib/python3.9/site-packages/airflow/example_dags/plugins/event_listener.py
[2024-09-24T18:50:00.342+0000] {processor.py:755} WARNING - No viable dags retrieved from /usr/local/lib/python3.9/site-packages/airflow/example_dags/plugins/event_listener.py
[2024-09-24T18:50:00.349+0000] {processor.py:175} INFO - Processing /usr/local/lib/python3.9/site-packages/airflow/example_dags/plugins/event_listener.py took 0.009 seconds
[2024-09-24T18:50:30.448+0000] {processor.py:153} INFO - Started process (PID=2544) to work on /usr/local/lib/python3.9/site-packages/airflow/example_dags/plugins/event_listener.py
[2024-09-24T18:50:30.451+0000] {processor.py:743} INFO - Processing file /usr/local/lib/python3.9/site-packages/airflow/example_dags/plugins/event_listener.py for tasks to queue
[2024-09-24T18:50:30.451+0000] {logging_mixin.py:137} INFO - [2024-09-24T18:50:30.451+0000] {dagbag.py:532} INFO - Filling up the DagBag from /usr/local/lib/python3.9/site-packages/airflow/example_dags/plugins/event_listener.py
[2024-09-24T18:50:30.452+0000] {processor.py:755} WARNING - No viable dags retrieved from /usr/local/lib/python3.9/site-packages/airflow/example_dags/plugins/event_listener.py
[2024-09-24T18:50:30.457+0000] {processor.py:175} INFO - Processing /usr/local/lib/python3.9/site-packages/airflow/example_dags/plugins/event_listener.py took 0.011 seconds
[2024-09-24T18:51:01.322+0000] {processor.py:153} INFO - Started process (PID=2757) to work on /usr/local/lib/python3.9/site-packages/airflow/example_dags/plugins/event_listener.py
[2024-09-24T18:51:01.323+0000] {processor.py:743} INFO - Processing file /usr/local/lib/python3.9/site-packages/airflow/example_dags/plugins/event_listener.py for tasks to queue
[2024-09-24T18:51:01.324+0000] {logging_mixin.py:137} INFO - [2024-09-24T18:51:01.324+0000] {dagbag.py:532} INFO - Filling up the DagBag from /usr/local/lib/python3.9/site-packages/airflow/example_dags/plugins/event_listener.py
[2024-09-24T18:51:01.325+0000] {processor.py:755} WARNING - No viable dags retrieved from /usr/local/lib/python3.9/site-packages/airflow/example_dags/plugins/event_listener.py
[2024-09-24T18:51:01.344+0000] {processor.py:175} INFO - Processing /usr/local/lib/python3.9/site-packages/airflow/example_dags/plugins/event_listener.py took 0.026 seconds
[2024-09-24T18:51:31.808+0000] {processor.py:153} INFO - Started process (PID=2966) to work on /usr/local/lib/python3.9/site-packages/airflow/example_dags/plugins/event_listener.py
[2024-09-24T18:51:31.812+0000] {processor.py:743} INFO - Processing file /usr/local/lib/python3.9/site-packages/airflow/example_dags/plugins/event_listener.py for tasks to queue
[2024-09-24T18:51:31.812+0000] {logging_mixin.py:137} INFO - [2024-09-24T18:51:31.812+0000] {dagbag.py:532} INFO - Filling up the DagBag from /usr/local/lib/python3.9/site-packages/airflow/example_dags/plugins/event_listener.py
[2024-09-24T18:51:31.813+0000] {processor.py:755} WARNING - No viable dags retrieved from /usr/local/lib/python3.9/site-packages/airflow/example_dags/plugins/event_listener.py
[2024-09-24T18:51:31.819+0000] {processor.py:175} INFO - Processing /usr/local/lib/python3.9/site-packages/airflow/example_dags/plugins/event_listener.py took 0.013 seconds
[2024-09-24T18:52:02.884+0000] {processor.py:153} INFO - Started process (PID=3179) to work on /usr/local/lib/python3.9/site-packages/airflow/example_dags/plugins/event_listener.py
[2024-09-24T18:52:02.885+0000] {processor.py:743} INFO - Processing file /usr/local/lib/python3.9/site-packages/airflow/example_dags/plugins/event_listener.py for tasks to queue
[2024-09-24T18:52:02.885+0000] {logging_mixin.py:137} INFO - [2024-09-24T18:52:02.885+0000] {dagbag.py:532} INFO - Filling up the DagBag from /usr/local/lib/python3.9/site-packages/airflow/example_dags/plugins/event_listener.py
[2024-09-24T18:52:02.886+0000] {processor.py:755} WARNING - No viable dags retrieved from /usr/local/lib/python3.9/site-packages/airflow/example_dags/plugins/event_listener.py
[2024-09-24T18:52:02.897+0000] {processor.py:175} INFO - Processing /usr/local/lib/python3.9/site-packages/airflow/example_dags/plugins/event_listener.py took 0.015 seconds
[2024-09-24T18:52:33.639+0000] {processor.py:153} INFO - Started process (PID=3390) to work on /usr/local/lib/python3.9/site-packages/airflow/example_dags/plugins/event_listener.py
[2024-09-24T18:52:33.640+0000] {processor.py:743} INFO - Processing file /usr/local/lib/python3.9/site-packages/airflow/example_dags/plugins/event_listener.py for tasks to queue
[2024-09-24T18:52:33.640+0000] {logging_mixin.py:137} INFO - [2024-09-24T18:52:33.640+0000] {dagbag.py:532} INFO - Filling up the DagBag from /usr/local/lib/python3.9/site-packages/airflow/example_dags/plugins/event_listener.py
[2024-09-24T18:52:33.641+0000] {processor.py:755} WARNING - No viable dags retrieved from /usr/local/lib/python3.9/site-packages/airflow/example_dags/plugins/event_listener.py
[2024-09-24T18:52:33.648+0000] {processor.py:175} INFO - Processing /usr/local/lib/python3.9/site-packages/airflow/example_dags/plugins/event_listener.py took 0.010 seconds
[2024-09-24T18:53:04.148+0000] {processor.py:153} INFO - Started process (PID=3601) to work on /usr/local/lib/python3.9/site-packages/airflow/example_dags/plugins/event_listener.py
[2024-09-24T18:53:04.151+0000] {processor.py:743} INFO - Processing file /usr/local/lib/python3.9/site-packages/airflow/example_dags/plugins/event_listener.py for tasks to queue
[2024-09-24T18:53:04.151+0000] {logging_mixin.py:137} INFO - [2024-09-24T18:53:04.151+0000] {dagbag.py:532} INFO - Filling up the DagBag from /usr/local/lib/python3.9/site-packages/airflow/example_dags/plugins/event_listener.py
[2024-09-24T18:53:04.153+0000] {processor.py:755} WARNING - No viable dags retrieved from /usr/local/lib/python3.9/site-packages/airflow/example_dags/plugins/event_listener.py
[2024-09-24T18:53:04.166+0000] {processor.py:175} INFO - Processing /usr/local/lib/python3.9/site-packages/airflow/example_dags/plugins/event_listener.py took 0.021 seconds
[2024-09-24T18:53:34.938+0000] {processor.py:153} INFO - Started process (PID=3812) to work on /usr/local/lib/python3.9/site-packages/airflow/example_dags/plugins/event_listener.py
[2024-09-24T18:53:34.939+0000] {processor.py:743} INFO - Processing file /usr/local/lib/python3.9/site-packages/airflow/example_dags/plugins/event_listener.py for tasks to queue
[2024-09-24T18:53:34.940+0000] {logging_mixin.py:137} INFO - [2024-09-24T18:53:34.940+0000] {dagbag.py:532} INFO - Filling up the DagBag from /usr/local/lib/python3.9/site-packages/airflow/example_dags/plugins/event_listener.py
[2024-09-24T18:53:34.943+0000] {processor.py:755} WARNING - No viable dags retrieved from /usr/local/lib/python3.9/site-packages/airflow/example_dags/plugins/event_listener.py
[2024-09-24T18:53:34.970+0000] {processor.py:175} INFO - Processing /usr/local/lib/python3.9/site-packages/airflow/example_dags/plugins/event_listener.py took 0.037 seconds
