[2024-10-10T20:07:00.989+0000] {taskinstance.py:1090} INFO - Dependencies all met for dep_context=non-requeueable deps ti=<TaskInstance: pipeline_A.task_0_S3_to_DB manual__2024-10-10T19:57:19.378386+00:00 [queued]>
[2024-10-10T20:07:00.995+0000] {taskinstance.py:1090} INFO - Dependencies all met for dep_context=requeueable deps ti=<TaskInstance: pipeline_A.task_0_S3_to_DB manual__2024-10-10T19:57:19.378386+00:00 [queued]>
[2024-10-10T20:07:00.995+0000] {taskinstance.py:1288} INFO - 
--------------------------------------------------------------------------------
[2024-10-10T20:07:00.995+0000] {taskinstance.py:1289} INFO - Starting attempt 6 of 6
[2024-10-10T20:07:00.995+0000] {taskinstance.py:1290} INFO - 
--------------------------------------------------------------------------------
[2024-10-10T20:07:01.001+0000] {taskinstance.py:1309} INFO - Executing <Task(PythonOperator): task_0_S3_to_DB> on 2024-10-10 19:57:19.378386+00:00
[2024-10-10T20:07:01.008+0000] {standard_task_runner.py:55} INFO - Started process 55105 to run task
[2024-10-10T20:07:01.016+0000] {standard_task_runner.py:82} INFO - Running: ['***', 'tasks', 'run', 'pipeline_A', 'task_0_S3_to_DB', 'manual__2024-10-10T19:57:19.378386+00:00', '--job-id', '15', '--raw', '--subdir', 'DAGS_FOLDER/pipeline_A.py', '--cfg-path', '/tmp/tmpy50sib7q']
[2024-10-10T20:07:01.024+0000] {standard_task_runner.py:83} INFO - Job 15: Subtask task_0_S3_to_DB
[2024-10-10T20:07:01.095+0000] {logging_mixin.py:137} WARNING - /usr/local/lib/python3.9/site-packages/***/settings.py:250 DeprecationWarning: The sql_alchemy_conn option in [core] has been moved to the sql_alchemy_conn option in [database] - the old setting has been used, but please update your config.
[2024-10-10T20:07:01.382+0000] {task_command.py:389} INFO - Running <TaskInstance: pipeline_A.task_0_S3_to_DB manual__2024-10-10T19:57:19.378386+00:00 [running]> on host d6685a94b59c
[2024-10-10T20:07:01.484+0000] {taskinstance.py:1516} INFO - Exporting the following env vars:
AIRFLOW_CTX_DAG_OWNER=***
AIRFLOW_CTX_DAG_ID=pipeline_A
AIRFLOW_CTX_TASK_ID=task_0_S3_to_DB
AIRFLOW_CTX_EXECUTION_DATE=2024-10-10T19:57:19.378386+00:00
AIRFLOW_CTX_TRY_NUMBER=6
AIRFLOW_CTX_DAG_RUN_ID=manual__2024-10-10T19:57:19.378386+00:00
[2024-10-10T20:07:01.495+0000] {run_logger.py:23} INFO - Updating run log for  operation....
[2024-10-10T20:07:01.496+0000] {run_logger.py:31} INFO - Error: syntax error at or near ")"
LINE 1: ...'',0,'pdb','***.reddit_d','started',current_timestamp())
                                                                     ^

[2024-10-10T20:07:01.496+0000] {s3_db.py:101} INFO - Executing S3 File read.......
[2024-10-10T20:07:01.496+0000] {s3_db.py:17} INFO - Creating Spark session ......
[2024-10-10T20:07:11.762+0000] {s3_db.py:210} INFO - Executing file writing function .....
[2024-10-10T20:07:12.409+0000] {s3_db.py:235} INFO - Completed writing to target table.......
[2024-10-10T20:07:12.409+0000] {s3_db.py:286} INFO - Updating run_log, marking status as success........ 
[2024-10-10T20:07:12.409+0000] {s3_db.py:288} INFO - 918 records transferred from s3a://sdevalla-buck/test/sftp_20240323.txt to ***.reddit_d
[2024-10-10T20:07:12.552+0000] {python.py:177} INFO - Done. Returned value was: 918
[2024-10-10T20:07:12.623+0000] {taskinstance.py:1327} INFO - Marking task as SUCCESS. dag_id=pipeline_A, task_id=task_0_S3_to_DB, execution_date=20241010T195719, start_date=20241010T200700, end_date=20241010T200712
[2024-10-10T20:07:12.666+0000] {local_task_job.py:212} INFO - Task exited with return code 0
[2024-10-10T20:07:12.715+0000] {taskinstance.py:2596} INFO - 0 downstream tasks scheduled from follow-on schedule check
