[2024-10-10T14:49:34.869+0000] {taskinstance.py:1090} INFO - Dependencies all met for dep_context=non-requeueable deps ti=<TaskInstance: pipeline_C.task_0_S3_to_S3 manual__2024-10-10T14:43:34.980978+00:00 [queued]>
[2024-10-10T14:49:34.873+0000] {taskinstance.py:1090} INFO - Dependencies all met for dep_context=requeueable deps ti=<TaskInstance: pipeline_C.task_0_S3_to_S3 manual__2024-10-10T14:43:34.980978+00:00 [queued]>
[2024-10-10T14:49:34.873+0000] {taskinstance.py:1288} INFO - 
--------------------------------------------------------------------------------
[2024-10-10T14:49:34.873+0000] {taskinstance.py:1289} INFO - Starting attempt 3 of 3
[2024-10-10T14:49:34.873+0000] {taskinstance.py:1290} INFO - 
--------------------------------------------------------------------------------
[2024-10-10T14:49:34.879+0000] {taskinstance.py:1309} INFO - Executing <Task(PythonOperator): task_0_S3_to_S3> on 2024-10-10 14:43:34.980978+00:00
[2024-10-10T14:49:34.884+0000] {standard_task_runner.py:55} INFO - Started process 5133 to run task
[2024-10-10T14:49:34.887+0000] {standard_task_runner.py:82} INFO - Running: ['***', 'tasks', 'run', 'pipeline_C', 'task_0_S3_to_S3', 'manual__2024-10-10T14:43:34.980978+00:00', '--job-id', '5', '--raw', '--subdir', 'DAGS_FOLDER/pipeline_C.py', '--cfg-path', '/tmp/tmpt4ifel4c']
[2024-10-10T14:49:34.889+0000] {standard_task_runner.py:83} INFO - Job 5: Subtask task_0_S3_to_S3
[2024-10-10T14:49:34.901+0000] {logging_mixin.py:137} WARNING - /usr/local/lib/python3.9/site-packages/***/settings.py:250 DeprecationWarning: The sql_alchemy_conn option in [core] has been moved to the sql_alchemy_conn option in [database] - the old setting has been used, but please update your config.
[2024-10-10T14:49:34.930+0000] {task_command.py:389} INFO - Running <TaskInstance: pipeline_C.task_0_S3_to_S3 manual__2024-10-10T14:43:34.980978+00:00 [running]> on host 1f7125be5d21
[2024-10-10T14:49:34.988+0000] {taskinstance.py:1516} INFO - Exporting the following env vars:
AIRFLOW_CTX_DAG_OWNER=***
AIRFLOW_CTX_DAG_ID=pipeline_C
AIRFLOW_CTX_TASK_ID=task_0_S3_to_S3
AIRFLOW_CTX_EXECUTION_DATE=2024-10-10T14:43:34.980978+00:00
AIRFLOW_CTX_TRY_NUMBER=3
AIRFLOW_CTX_DAG_RUN_ID=manual__2024-10-10T14:43:34.980978+00:00
[2024-10-10T14:49:35.137+0000] {s3_s3.py:42} INFO - Executing File pattern check......
[2024-10-10T14:49:35.607+0000] {logging_mixin.py:137} WARNING - --- Logging error ---
[2024-10-10T14:49:35.613+0000] {logging_mixin.py:137} WARNING - Traceback (most recent call last):
[2024-10-10T14:49:35.613+0000] {logging_mixin.py:137} WARNING -   File "/usr/local/lib/python3.9/logging/__init__.py", line 1083, in emit
    msg = self.format(record)
[2024-10-10T14:49:35.613+0000] {logging_mixin.py:137} WARNING -   File "/usr/local/lib/python3.9/logging/__init__.py", line 927, in format
    return fmt.format(record)
[2024-10-10T14:49:35.613+0000] {logging_mixin.py:137} WARNING -   File "/usr/local/lib/python3.9/logging/__init__.py", line 663, in format
    record.message = record.getMessage()
[2024-10-10T14:49:35.614+0000] {logging_mixin.py:137} WARNING -   File "/usr/local/lib/python3.9/logging/__init__.py", line 367, in getMessage
    msg = msg % self.args
[2024-10-10T14:49:35.614+0000] {logging_mixin.py:137} WARNING - TypeError: not all arguments converted during string formatting
[2024-10-10T14:49:35.616+0000] {logging_mixin.py:137} WARNING - Call stack:
[2024-10-10T14:49:35.633+0000] {logging_mixin.py:137} WARNING -   File "/usr/local/bin/***", line 8, in <module>
    sys.exit(main())
[2024-10-10T14:49:35.634+0000] {logging_mixin.py:137} WARNING -   File "/usr/local/lib/python3.9/site-packages/***/__main__.py", line 48, in main
    args.func(args)
[2024-10-10T14:49:35.634+0000] {logging_mixin.py:137} WARNING -   File "/usr/local/lib/python3.9/site-packages/***/cli/cli_parser.py", line 52, in command
    return func(*args, **kwargs)
[2024-10-10T14:49:35.634+0000] {logging_mixin.py:137} WARNING -   File "/usr/local/lib/python3.9/site-packages/***/utils/cli.py", line 108, in wrapper
    return f(*args, **kwargs)
[2024-10-10T14:49:35.634+0000] {logging_mixin.py:137} WARNING -   File "/usr/local/lib/python3.9/site-packages/***/cli/commands/scheduler_command.py", line 73, in scheduler
    _run_scheduler_job(args=args)
[2024-10-10T14:49:35.634+0000] {logging_mixin.py:137} WARNING -   File "/usr/local/lib/python3.9/site-packages/***/cli/commands/scheduler_command.py", line 43, in _run_scheduler_job
    job.run()
[2024-10-10T14:49:35.634+0000] {logging_mixin.py:137} WARNING -   File "/usr/local/lib/python3.9/site-packages/***/jobs/base_job.py", line 258, in run
    self._execute()
[2024-10-10T14:49:35.634+0000] {logging_mixin.py:137} WARNING -   File "/usr/local/lib/python3.9/site-packages/***/jobs/scheduler_job.py", line 750, in _execute
    self.executor.start()
[2024-10-10T14:49:35.634+0000] {logging_mixin.py:137} WARNING -   File "/usr/local/lib/python3.9/site-packages/***/executors/local_executor.py", line 360, in start
    self.impl.start()
[2024-10-10T14:49:35.634+0000] {logging_mixin.py:137} WARNING -   File "/usr/local/lib/python3.9/site-packages/***/executors/local_executor.py", line 301, in start
    worker.start()
[2024-10-10T14:49:35.634+0000] {logging_mixin.py:137} WARNING -   File "/usr/local/lib/python3.9/multiprocessing/process.py", line 121, in start
    self._popen = self._Popen(self)
[2024-10-10T14:49:35.634+0000] {logging_mixin.py:137} WARNING -   File "/usr/local/lib/python3.9/multiprocessing/context.py", line 224, in _Popen
    return _default_context.get_context().Process._Popen(process_obj)
[2024-10-10T14:49:35.634+0000] {logging_mixin.py:137} WARNING -   File "/usr/local/lib/python3.9/multiprocessing/context.py", line 277, in _Popen
    return Popen(process_obj)
[2024-10-10T14:49:35.634+0000] {logging_mixin.py:137} WARNING -   File "/usr/local/lib/python3.9/multiprocessing/popen_fork.py", line 19, in __init__
    self._launch(process_obj)
[2024-10-10T14:49:35.634+0000] {logging_mixin.py:137} WARNING -   File "/usr/local/lib/python3.9/multiprocessing/popen_fork.py", line 71, in _launch
    code = process_obj._bootstrap(parent_sentinel=child_r)
[2024-10-10T14:49:35.634+0000] {logging_mixin.py:137} WARNING -   File "/usr/local/lib/python3.9/multiprocessing/process.py", line 315, in _bootstrap
    self.run()
[2024-10-10T14:49:35.634+0000] {logging_mixin.py:137} WARNING -   File "/usr/local/lib/python3.9/site-packages/***/executors/local_executor.py", line 69, in run
    return super().run()
[2024-10-10T14:49:35.635+0000] {logging_mixin.py:137} WARNING -   File "/usr/local/lib/python3.9/multiprocessing/process.py", line 108, in run
    self._target(*self._args, **self._kwargs)
[2024-10-10T14:49:35.635+0000] {logging_mixin.py:137} WARNING -   File "/usr/local/lib/python3.9/site-packages/***/executors/local_executor.py", line 192, in do_work
    self.execute_work(key=key, command=command)
[2024-10-10T14:49:35.635+0000] {logging_mixin.py:137} WARNING -   File "/usr/local/lib/python3.9/site-packages/***/executors/local_executor.py", line 86, in execute_work
    state = self._execute_work_in_fork(command)
[2024-10-10T14:49:35.635+0000] {logging_mixin.py:137} WARNING -   File "/usr/local/lib/python3.9/site-packages/***/executors/local_executor.py", line 126, in _execute_work_in_fork
    args.func(args)
[2024-10-10T14:49:35.635+0000] {logging_mixin.py:137} WARNING -   File "/usr/local/lib/python3.9/site-packages/***/cli/cli_parser.py", line 52, in command
    return func(*args, **kwargs)
[2024-10-10T14:49:35.635+0000] {logging_mixin.py:137} WARNING -   File "/usr/local/lib/python3.9/site-packages/***/utils/cli.py", line 108, in wrapper
    return f(*args, **kwargs)
[2024-10-10T14:49:35.635+0000] {logging_mixin.py:137} WARNING -   File "/usr/local/lib/python3.9/site-packages/***/cli/commands/task_command.py", line 396, in task_run
    _run_task_by_selected_method(args, dag, ti)
[2024-10-10T14:49:35.635+0000] {logging_mixin.py:137} WARNING -   File "/usr/local/lib/python3.9/site-packages/***/cli/commands/task_command.py", line 194, in _run_task_by_selected_method
    _run_task_by_local_task_job(args, ti)
[2024-10-10T14:49:35.635+0000] {logging_mixin.py:137} WARNING -   File "/usr/local/lib/python3.9/site-packages/***/cli/commands/task_command.py", line 253, in _run_task_by_local_task_job
    run_job.run()
[2024-10-10T14:49:35.635+0000] {logging_mixin.py:137} WARNING -   File "/usr/local/lib/python3.9/site-packages/***/jobs/base_job.py", line 258, in run
    self._execute()
[2024-10-10T14:49:35.635+0000] {logging_mixin.py:137} WARNING -   File "/usr/local/lib/python3.9/site-packages/***/jobs/local_task_job.py", line 155, in _execute
    self.task_runner.start()
[2024-10-10T14:49:35.635+0000] {logging_mixin.py:137} WARNING -   File "/usr/local/lib/python3.9/site-packages/***/task/task_runner/standard_task_runner.py", line 43, in start
    self.process = self._start_by_fork()
[2024-10-10T14:49:35.635+0000] {logging_mixin.py:137} WARNING -   File "/usr/local/lib/python3.9/site-packages/***/task/task_runner/standard_task_runner.py", line 95, in _start_by_fork
    args.func(args, dag=self.dag)
[2024-10-10T14:49:35.635+0000] {logging_mixin.py:137} WARNING -   File "/usr/local/lib/python3.9/site-packages/***/cli/cli_parser.py", line 52, in command
    return func(*args, **kwargs)
[2024-10-10T14:49:35.635+0000] {logging_mixin.py:137} WARNING -   File "/usr/local/lib/python3.9/site-packages/***/utils/cli.py", line 108, in wrapper
    return f(*args, **kwargs)
[2024-10-10T14:49:35.635+0000] {logging_mixin.py:137} WARNING -   File "/usr/local/lib/python3.9/site-packages/***/cli/commands/task_command.py", line 396, in task_run
    _run_task_by_selected_method(args, dag, ti)
[2024-10-10T14:49:35.635+0000] {logging_mixin.py:137} WARNING -   File "/usr/local/lib/python3.9/site-packages/***/cli/commands/task_command.py", line 196, in _run_task_by_selected_method
    _run_raw_task(args, ti)
[2024-10-10T14:49:35.635+0000] {logging_mixin.py:137} WARNING -   File "/usr/local/lib/python3.9/site-packages/***/cli/commands/task_command.py", line 270, in _run_raw_task
    ti._run_raw_task(
[2024-10-10T14:49:35.636+0000] {logging_mixin.py:137} WARNING -   File "/usr/local/lib/python3.9/site-packages/***/utils/session.py", line 75, in wrapper
    return func(*args, session=session, **kwargs)
[2024-10-10T14:49:35.636+0000] {logging_mixin.py:137} WARNING -   File "/usr/local/lib/python3.9/site-packages/***/models/taskinstance.py", line 1383, in _run_raw_task
    self._execute_task_with_callbacks(context, test_mode)
[2024-10-10T14:49:35.636+0000] {logging_mixin.py:137} WARNING -   File "/usr/local/lib/python3.9/site-packages/***/models/taskinstance.py", line 1529, in _execute_task_with_callbacks
    result = self._execute_task(context, task_orig)
[2024-10-10T14:49:35.636+0000] {logging_mixin.py:137} WARNING -   File "/usr/local/lib/python3.9/site-packages/***/models/taskinstance.py", line 1589, in _execute_task
    result = execute_callable(context=context)
[2024-10-10T14:49:35.636+0000] {logging_mixin.py:137} WARNING -   File "/usr/local/lib/python3.9/site-packages/***/operators/python.py", line 175, in execute
    return_value = self.execute_callable()
[2024-10-10T14:49:35.636+0000] {logging_mixin.py:137} WARNING -   File "/usr/local/lib/python3.9/site-packages/***/operators/python.py", line 192, in execute_callable
    return self.python_callable(*self.op_args, **self.op_kwargs)
[2024-10-10T14:49:35.636+0000] {logging_mixin.py:137} WARNING -   File "/opt/***/scripts/s3_s3.py", line 276, in main_s3_s3
    result = s3_s3_copy(ss3_conn, ts3_conn, source_s3_file, target_s3_file)
[2024-10-10T14:49:35.636+0000] {logging_mixin.py:137} WARNING -   File "/opt/***/scripts/s3_s3.py", line 140, in s3_s3_copy
    latest_file = file_pattern_check(source_s3_file,ss3_conn)
[2024-10-10T14:49:35.636+0000] {logging_mixin.py:137} WARNING -   File "/opt/***/scripts/s3_s3.py", line 69, in file_pattern_check
    logging.info('objs list:',objs)
[2024-10-10T14:49:35.636+0000] {logging_mixin.py:137} WARNING -   File "/usr/local/lib/python3.9/logging/__init__.py", line 2097, in info
    root.info(msg, *args, **kwargs)
[2024-10-10T14:49:35.636+0000] {logging_mixin.py:137} WARNING -   File "/usr/local/lib/python3.9/logging/__init__.py", line 1446, in info
    self._log(INFO, msg, args, **kwargs)
[2024-10-10T14:49:35.636+0000] {logging_mixin.py:137} WARNING -   File "/usr/local/lib/python3.9/logging/__init__.py", line 1589, in _log
    self.handle(record)
[2024-10-10T14:49:35.636+0000] {logging_mixin.py:137} WARNING -   File "/usr/local/lib/python3.9/logging/__init__.py", line 1599, in handle
    self.callHandlers(record)
[2024-10-10T14:49:35.636+0000] {logging_mixin.py:137} WARNING -   File "/usr/local/lib/python3.9/logging/__init__.py", line 1661, in callHandlers
    hdlr.handle(record)
[2024-10-10T14:49:35.636+0000] {logging_mixin.py:137} WARNING -   File "/usr/local/lib/python3.9/logging/__init__.py", line 952, in handle
    self.emit(record)
[2024-10-10T14:49:35.636+0000] {logging_mixin.py:137} WARNING -   File "/usr/local/lib/python3.9/site-packages/***/utils/log/file_task_handler.py", line 80, in emit
    self.handler.emit(record)
[2024-10-10T14:49:35.637+0000] {logging_mixin.py:137} WARNING - Message: 'objs list:'
Arguments: (['test/target/reddit_target_20241010.csv'],)
[2024-10-10T14:49:35.637+0000] {s3_s3.py:84} INFO - No files found at s3a://sdevalla-buck/test/target/reddit_target_yyyymmdd.csv with input pattern
[2024-10-10T14:49:35.638+0000] {s3_s3.py:147} ERROR - Unable to get file of provided pattern!
[2024-10-10T14:49:35.638+0000] {s3_s3.py:285} INFO - File Transfer Failed!
[2024-10-10T14:49:35.638+0000] {python.py:177} INFO - Done. Returned value was: None
[2024-10-10T14:49:35.649+0000] {taskinstance.py:1327} INFO - Marking task as SUCCESS. dag_id=pipeline_C, task_id=task_0_S3_to_S3, execution_date=20241010T144334, start_date=20241010T144934, end_date=20241010T144935
[2024-10-10T14:49:35.675+0000] {local_task_job.py:212} INFO - Task exited with return code 0
[2024-10-10T14:49:35.689+0000] {taskinstance.py:2596} INFO - 0 downstream tasks scheduled from follow-on schedule check
