[2024-10-09T21:41:11.010+0000] {taskinstance.py:1090} INFO - Dependencies all met for dep_context=non-requeueable deps ti=<TaskInstance: pipeline_A.task_0_S3_to_DB manual__2024-10-09T21:41:06.833748+00:00 [queued]>
[2024-10-09T21:41:11.018+0000] {taskinstance.py:1090} INFO - Dependencies all met for dep_context=requeueable deps ti=<TaskInstance: pipeline_A.task_0_S3_to_DB manual__2024-10-09T21:41:06.833748+00:00 [queued]>
[2024-10-09T21:41:11.019+0000] {taskinstance.py:1288} INFO - 
--------------------------------------------------------------------------------
[2024-10-09T21:41:11.019+0000] {taskinstance.py:1289} INFO - Starting attempt 1 of 1
[2024-10-09T21:41:11.019+0000] {taskinstance.py:1290} INFO - 
--------------------------------------------------------------------------------
[2024-10-09T21:41:11.026+0000] {taskinstance.py:1309} INFO - Executing <Task(PythonOperator): task_0_S3_to_DB> on 2024-10-09 21:41:06.833748+00:00
[2024-10-09T21:41:11.044+0000] {standard_task_runner.py:55} INFO - Started process 39498 to run task
[2024-10-09T21:41:11.051+0000] {standard_task_runner.py:82} INFO - Running: ['***', 'tasks', 'run', 'pipeline_A', 'task_0_S3_to_DB', 'manual__2024-10-09T21:41:06.833748+00:00', '--job-id', '25', '--raw', '--subdir', 'DAGS_FOLDER/pipeline_A.py', '--cfg-path', '/tmp/tmpn8wq5pr2']
[2024-10-09T21:41:11.062+0000] {standard_task_runner.py:83} INFO - Job 25: Subtask task_0_S3_to_DB
[2024-10-09T21:41:11.102+0000] {logging_mixin.py:137} WARNING - /usr/local/lib/python3.9/site-packages/***/settings.py:250 DeprecationWarning: The sql_alchemy_conn option in [core] has been moved to the sql_alchemy_conn option in [database] - the old setting has been used, but please update your config.
[2024-10-09T21:41:11.281+0000] {task_command.py:389} INFO - Running <TaskInstance: pipeline_A.task_0_S3_to_DB manual__2024-10-09T21:41:06.833748+00:00 [running]> on host e3d3232fb6c8
[2024-10-09T21:41:11.362+0000] {taskinstance.py:1516} INFO - Exporting the following env vars:
AIRFLOW_CTX_DAG_OWNER=***
AIRFLOW_CTX_DAG_ID=pipeline_A
AIRFLOW_CTX_TASK_ID=task_0_S3_to_DB
AIRFLOW_CTX_EXECUTION_DATE=2024-10-09T21:41:06.833748+00:00
AIRFLOW_CTX_TRY_NUMBER=1
AIRFLOW_CTX_DAG_RUN_ID=manual__2024-10-09T21:41:06.833748+00:00
[2024-10-09T21:41:11.371+0000] {s3_db.py:98} INFO - Executing S3 File read.......
[2024-10-09T21:41:11.371+0000] {s3_db.py:18} INFO - Creating Spark session ......
[2024-10-09T21:41:19.454+0000] {logging_mixin.py:137} WARNING - --- Logging error ---
[2024-10-09T21:41:19.474+0000] {logging_mixin.py:137} WARNING - Traceback (most recent call last):
[2024-10-09T21:41:19.474+0000] {logging_mixin.py:137} WARNING -   File "/usr/local/lib/python3.9/logging/__init__.py", line 1083, in emit
    msg = self.format(record)
[2024-10-09T21:41:19.475+0000] {logging_mixin.py:137} WARNING -   File "/usr/local/lib/python3.9/logging/__init__.py", line 927, in format
    return fmt.format(record)
[2024-10-09T21:41:19.475+0000] {logging_mixin.py:137} WARNING -   File "/usr/local/lib/python3.9/logging/__init__.py", line 663, in format
    record.message = record.getMessage()
[2024-10-09T21:41:19.475+0000] {logging_mixin.py:137} WARNING -   File "/usr/local/lib/python3.9/logging/__init__.py", line 367, in getMessage
    msg = msg % self.args
[2024-10-09T21:41:19.476+0000] {logging_mixin.py:137} WARNING - TypeError: not all arguments converted during string formatting
[2024-10-09T21:41:19.478+0000] {logging_mixin.py:137} WARNING - Call stack:
[2024-10-09T21:41:19.480+0000] {logging_mixin.py:137} WARNING -   File "/usr/local/bin/***", line 8, in <module>
    sys.exit(main())
[2024-10-09T21:41:19.480+0000] {logging_mixin.py:137} WARNING -   File "/usr/local/lib/python3.9/site-packages/***/__main__.py", line 48, in main
    args.func(args)
[2024-10-09T21:41:19.480+0000] {logging_mixin.py:137} WARNING -   File "/usr/local/lib/python3.9/site-packages/***/cli/cli_parser.py", line 52, in command
    return func(*args, **kwargs)
[2024-10-09T21:41:19.481+0000] {logging_mixin.py:137} WARNING -   File "/usr/local/lib/python3.9/site-packages/***/utils/cli.py", line 108, in wrapper
    return f(*args, **kwargs)
[2024-10-09T21:41:19.481+0000] {logging_mixin.py:137} WARNING -   File "/usr/local/lib/python3.9/site-packages/***/cli/commands/scheduler_command.py", line 73, in scheduler
    _run_scheduler_job(args=args)
[2024-10-09T21:41:19.481+0000] {logging_mixin.py:137} WARNING -   File "/usr/local/lib/python3.9/site-packages/***/cli/commands/scheduler_command.py", line 43, in _run_scheduler_job
    job.run()
[2024-10-09T21:41:19.481+0000] {logging_mixin.py:137} WARNING -   File "/usr/local/lib/python3.9/site-packages/***/jobs/base_job.py", line 258, in run
    self._execute()
[2024-10-09T21:41:19.481+0000] {logging_mixin.py:137} WARNING -   File "/usr/local/lib/python3.9/site-packages/***/jobs/scheduler_job.py", line 750, in _execute
    self.executor.start()
[2024-10-09T21:41:19.481+0000] {logging_mixin.py:137} WARNING -   File "/usr/local/lib/python3.9/site-packages/***/executors/local_executor.py", line 360, in start
    self.impl.start()
[2024-10-09T21:41:19.481+0000] {logging_mixin.py:137} WARNING -   File "/usr/local/lib/python3.9/site-packages/***/executors/local_executor.py", line 301, in start
    worker.start()
[2024-10-09T21:41:19.481+0000] {logging_mixin.py:137} WARNING -   File "/usr/local/lib/python3.9/multiprocessing/process.py", line 121, in start
    self._popen = self._Popen(self)
[2024-10-09T21:41:19.481+0000] {logging_mixin.py:137} WARNING -   File "/usr/local/lib/python3.9/multiprocessing/context.py", line 224, in _Popen
    return _default_context.get_context().Process._Popen(process_obj)
[2024-10-09T21:41:19.481+0000] {logging_mixin.py:137} WARNING -   File "/usr/local/lib/python3.9/multiprocessing/context.py", line 277, in _Popen
    return Popen(process_obj)
[2024-10-09T21:41:19.482+0000] {logging_mixin.py:137} WARNING -   File "/usr/local/lib/python3.9/multiprocessing/popen_fork.py", line 19, in __init__
    self._launch(process_obj)
[2024-10-09T21:41:19.482+0000] {logging_mixin.py:137} WARNING -   File "/usr/local/lib/python3.9/multiprocessing/popen_fork.py", line 71, in _launch
    code = process_obj._bootstrap(parent_sentinel=child_r)
[2024-10-09T21:41:19.482+0000] {logging_mixin.py:137} WARNING -   File "/usr/local/lib/python3.9/multiprocessing/process.py", line 315, in _bootstrap
    self.run()
[2024-10-09T21:41:19.482+0000] {logging_mixin.py:137} WARNING -   File "/usr/local/lib/python3.9/site-packages/***/executors/local_executor.py", line 69, in run
    return super().run()
[2024-10-09T21:41:19.482+0000] {logging_mixin.py:137} WARNING -   File "/usr/local/lib/python3.9/multiprocessing/process.py", line 108, in run
    self._target(*self._args, **self._kwargs)
[2024-10-09T21:41:19.482+0000] {logging_mixin.py:137} WARNING -   File "/usr/local/lib/python3.9/site-packages/***/executors/local_executor.py", line 192, in do_work
    self.execute_work(key=key, command=command)
[2024-10-09T21:41:19.482+0000] {logging_mixin.py:137} WARNING -   File "/usr/local/lib/python3.9/site-packages/***/executors/local_executor.py", line 86, in execute_work
    state = self._execute_work_in_fork(command)
[2024-10-09T21:41:19.482+0000] {logging_mixin.py:137} WARNING -   File "/usr/local/lib/python3.9/site-packages/***/executors/local_executor.py", line 126, in _execute_work_in_fork
    args.func(args)
[2024-10-09T21:41:19.482+0000] {logging_mixin.py:137} WARNING -   File "/usr/local/lib/python3.9/site-packages/***/cli/cli_parser.py", line 52, in command
    return func(*args, **kwargs)
[2024-10-09T21:41:19.482+0000] {logging_mixin.py:137} WARNING -   File "/usr/local/lib/python3.9/site-packages/***/utils/cli.py", line 108, in wrapper
    return f(*args, **kwargs)
[2024-10-09T21:41:19.482+0000] {logging_mixin.py:137} WARNING -   File "/usr/local/lib/python3.9/site-packages/***/cli/commands/task_command.py", line 396, in task_run
    _run_task_by_selected_method(args, dag, ti)
[2024-10-09T21:41:19.482+0000] {logging_mixin.py:137} WARNING -   File "/usr/local/lib/python3.9/site-packages/***/cli/commands/task_command.py", line 194, in _run_task_by_selected_method
    _run_task_by_local_task_job(args, ti)
[2024-10-09T21:41:19.483+0000] {logging_mixin.py:137} WARNING -   File "/usr/local/lib/python3.9/site-packages/***/cli/commands/task_command.py", line 253, in _run_task_by_local_task_job
    run_job.run()
[2024-10-09T21:41:19.483+0000] {logging_mixin.py:137} WARNING -   File "/usr/local/lib/python3.9/site-packages/***/jobs/base_job.py", line 258, in run
    self._execute()
[2024-10-09T21:41:19.483+0000] {logging_mixin.py:137} WARNING -   File "/usr/local/lib/python3.9/site-packages/***/jobs/local_task_job.py", line 155, in _execute
    self.task_runner.start()
[2024-10-09T21:41:19.483+0000] {logging_mixin.py:137} WARNING -   File "/usr/local/lib/python3.9/site-packages/***/task/task_runner/standard_task_runner.py", line 43, in start
    self.process = self._start_by_fork()
[2024-10-09T21:41:19.483+0000] {logging_mixin.py:137} WARNING -   File "/usr/local/lib/python3.9/site-packages/***/task/task_runner/standard_task_runner.py", line 95, in _start_by_fork
    args.func(args, dag=self.dag)
[2024-10-09T21:41:19.483+0000] {logging_mixin.py:137} WARNING -   File "/usr/local/lib/python3.9/site-packages/***/cli/cli_parser.py", line 52, in command
    return func(*args, **kwargs)
[2024-10-09T21:41:19.483+0000] {logging_mixin.py:137} WARNING -   File "/usr/local/lib/python3.9/site-packages/***/utils/cli.py", line 108, in wrapper
    return f(*args, **kwargs)
[2024-10-09T21:41:19.483+0000] {logging_mixin.py:137} WARNING -   File "/usr/local/lib/python3.9/site-packages/***/cli/commands/task_command.py", line 396, in task_run
    _run_task_by_selected_method(args, dag, ti)
[2024-10-09T21:41:19.483+0000] {logging_mixin.py:137} WARNING -   File "/usr/local/lib/python3.9/site-packages/***/cli/commands/task_command.py", line 196, in _run_task_by_selected_method
    _run_raw_task(args, ti)
[2024-10-09T21:41:19.483+0000] {logging_mixin.py:137} WARNING -   File "/usr/local/lib/python3.9/site-packages/***/cli/commands/task_command.py", line 270, in _run_raw_task
    ti._run_raw_task(
[2024-10-09T21:41:19.484+0000] {logging_mixin.py:137} WARNING -   File "/usr/local/lib/python3.9/site-packages/***/utils/session.py", line 75, in wrapper
    return func(*args, session=session, **kwargs)
[2024-10-09T21:41:19.484+0000] {logging_mixin.py:137} WARNING -   File "/usr/local/lib/python3.9/site-packages/***/models/taskinstance.py", line 1383, in _run_raw_task
    self._execute_task_with_callbacks(context, test_mode)
[2024-10-09T21:41:19.484+0000] {logging_mixin.py:137} WARNING -   File "/usr/local/lib/python3.9/site-packages/***/models/taskinstance.py", line 1529, in _execute_task_with_callbacks
    result = self._execute_task(context, task_orig)
[2024-10-09T21:41:19.484+0000] {logging_mixin.py:137} WARNING -   File "/usr/local/lib/python3.9/site-packages/***/models/taskinstance.py", line 1589, in _execute_task
    result = execute_callable(context=context)
[2024-10-09T21:41:19.484+0000] {logging_mixin.py:137} WARNING -   File "/usr/local/lib/python3.9/site-packages/***/operators/python.py", line 175, in execute
    return_value = self.execute_callable()
[2024-10-09T21:41:19.484+0000] {logging_mixin.py:137} WARNING -   File "/usr/local/lib/python3.9/site-packages/***/operators/python.py", line 192, in execute_callable
    return self.python_callable(*self.op_args, **self.op_kwargs)
[2024-10-09T21:41:19.484+0000] {logging_mixin.py:137} WARNING -   File "/opt/***/scripts/s3_db.py", line 280, in main_s3_db
    inputs = s3_file_read(s3_conn, source_s3_path, header, delimiter)
[2024-10-09T21:41:19.484+0000] {logging_mixin.py:137} WARNING -   File "/opt/***/scripts/s3_db.py", line 105, in s3_file_read
    logging.info('access_key:',access_key)
[2024-10-09T21:41:19.485+0000] {logging_mixin.py:137} WARNING -   File "/usr/local/lib/python3.9/logging/__init__.py", line 2097, in info
    root.info(msg, *args, **kwargs)
[2024-10-09T21:41:19.485+0000] {logging_mixin.py:137} WARNING -   File "/usr/local/lib/python3.9/logging/__init__.py", line 1446, in info
    self._log(INFO, msg, args, **kwargs)
[2024-10-09T21:41:19.485+0000] {logging_mixin.py:137} WARNING -   File "/usr/local/lib/python3.9/logging/__init__.py", line 1589, in _log
    self.handle(record)
[2024-10-09T21:41:19.485+0000] {logging_mixin.py:137} WARNING -   File "/usr/local/lib/python3.9/logging/__init__.py", line 1599, in handle
    self.callHandlers(record)
[2024-10-09T21:41:19.485+0000] {logging_mixin.py:137} WARNING -   File "/usr/local/lib/python3.9/logging/__init__.py", line 1661, in callHandlers
    hdlr.handle(record)
[2024-10-09T21:41:19.485+0000] {logging_mixin.py:137} WARNING -   File "/usr/local/lib/python3.9/logging/__init__.py", line 952, in handle
    self.emit(record)
[2024-10-09T21:41:19.485+0000] {logging_mixin.py:137} WARNING -   File "/usr/local/lib/python3.9/site-packages/***/utils/log/file_task_handler.py", line 80, in emit
    self.handler.emit(record)
[2024-10-09T21:41:19.485+0000] {logging_mixin.py:137} WARNING - Message: 'access_key:'
Arguments: ('AKIATSNOLKAKOXRFFSGH',)
[2024-10-09T21:41:21.839+0000] {taskinstance.py:1776} ERROR - Task failed with exception
Traceback (most recent call last):
  File "/usr/local/lib/python3.9/site-packages/airflow/operators/python.py", line 175, in execute
    return_value = self.execute_callable()
  File "/usr/local/lib/python3.9/site-packages/airflow/operators/python.py", line 192, in execute_callable
    return self.python_callable(*self.op_args, **self.op_kwargs)
  File "/opt/airflow/scripts/s3_db.py", line 280, in main_s3_db
    inputs = s3_file_read(s3_conn, source_s3_path, header, delimiter)
  File "/opt/airflow/scripts/s3_db.py", line 158, in s3_file_read
    df = spark.read.format(file_format).option("inferSchema", "true").option("header", header).option("delimiter",delimiter).csv(source_s3_path)
  File "/usr/local/lib/python3.9/site-packages/pyspark/sql/readwriter.py", line 727, in csv
    return self._df(self._jreader.csv(self._spark._sc._jvm.PythonUtils.toSeq(path)))
  File "/usr/local/lib/python3.9/site-packages/py4j/java_gateway.py", line 1322, in __call__
    return_value = get_return_value(
  File "/usr/local/lib/python3.9/site-packages/pyspark/errors/exceptions/captured.py", line 169, in deco
    return f(*a, **kw)
  File "/usr/local/lib/python3.9/site-packages/py4j/protocol.py", line 326, in get_return_value
    raise Py4JJavaError(
py4j.protocol.Py4JJavaError: An error occurred while calling o33.csv.
: java.nio.file.AccessDeniedException: s3a://sdevalla-buck/test/sftp_20240323.txt: org.apache.hadoop.fs.s3a.auth.NoAuthWithAWSException: No AWS Credentials provided by TemporaryAWSCredentialsProvider SimpleAWSCredentialsProvider EnvironmentVariableCredentialsProvider IAMInstanceCredentialsProvider : com.amazonaws.SdkClientException: Unable to load AWS credentials from environment variables (AWS_ACCESS_KEY_ID (or AWS_ACCESS_KEY) and AWS_SECRET_KEY (or AWS_SECRET_ACCESS_KEY))
	at org.apache.hadoop.fs.s3a.S3AUtils.translateException(S3AUtils.java:212)
	at org.apache.hadoop.fs.s3a.S3AUtils.translateException(S3AUtils.java:175)
	at org.apache.hadoop.fs.s3a.S3AFileSystem.s3GetFileStatus(S3AFileSystem.java:3799)
	at org.apache.hadoop.fs.s3a.S3AFileSystem.innerGetFileStatus(S3AFileSystem.java:3688)
	at org.apache.hadoop.fs.s3a.S3AFileSystem.lambda$exists$34(S3AFileSystem.java:4703)
	at org.apache.hadoop.fs.statistics.impl.IOStatisticsBinding.lambda$trackDurationOfOperation$5(IOStatisticsBinding.java:499)
	at org.apache.hadoop.fs.statistics.impl.IOStatisticsBinding.trackDuration(IOStatisticsBinding.java:444)
	at org.apache.hadoop.fs.s3a.S3AFileSystem.trackDurationAndSpan(S3AFileSystem.java:2337)
	at org.apache.hadoop.fs.s3a.S3AFileSystem.trackDurationAndSpan(S3AFileSystem.java:2356)
	at org.apache.hadoop.fs.s3a.S3AFileSystem.exists(S3AFileSystem.java:4701)
	at org.apache.spark.sql.execution.datasources.DataSource$.$anonfun$checkAndGlobPathIfNecessary$4(DataSource.scala:756)
	at org.apache.spark.sql.execution.datasources.DataSource$.$anonfun$checkAndGlobPathIfNecessary$4$adapted(DataSource.scala:754)
	at org.apache.spark.util.ThreadUtils$.$anonfun$parmap$2(ThreadUtils.scala:393)
	at scala.concurrent.Future$.$anonfun$apply$1(Future.scala:659)
	at scala.util.Success.$anonfun$map$1(Try.scala:255)
	at scala.util.Success.map(Try.scala:213)
	at scala.concurrent.Future.$anonfun$map$1(Future.scala:292)
	at scala.concurrent.impl.Promise.liftedTree1$1(Promise.scala:33)
	at scala.concurrent.impl.Promise.$anonfun$transform$1(Promise.scala:33)
	at scala.concurrent.impl.CallbackRunnable.run(Promise.scala:64)
	at java.base/java.util.concurrent.ForkJoinTask$RunnableExecuteAction.exec(ForkJoinTask.java:1395)
	at java.base/java.util.concurrent.ForkJoinTask.doExec(ForkJoinTask.java:373)
	at java.base/java.util.concurrent.ForkJoinPool$WorkQueue.topLevelExec(ForkJoinPool.java:1182)
	at java.base/java.util.concurrent.ForkJoinPool.scan(ForkJoinPool.java:1655)
	at java.base/java.util.concurrent.ForkJoinPool.runWorker(ForkJoinPool.java:1622)
	at java.base/java.util.concurrent.ForkJoinWorkerThread.run(ForkJoinWorkerThread.java:165)
Caused by: org.apache.hadoop.fs.s3a.auth.NoAuthWithAWSException: No AWS Credentials provided by TemporaryAWSCredentialsProvider SimpleAWSCredentialsProvider EnvironmentVariableCredentialsProvider IAMInstanceCredentialsProvider : com.amazonaws.SdkClientException: Unable to load AWS credentials from environment variables (AWS_ACCESS_KEY_ID (or AWS_ACCESS_KEY) and AWS_SECRET_KEY (or AWS_SECRET_ACCESS_KEY))
	at org.apache.hadoop.fs.s3a.AWSCredentialProviderList.getCredentials(AWSCredentialProviderList.java:216)
	at com.amazonaws.http.AmazonHttpClient$RequestExecutor.getCredentialsFromContext(AmazonHttpClient.java:1257)
	at com.amazonaws.http.AmazonHttpClient$RequestExecutor.runBeforeRequestHandlers(AmazonHttpClient.java:833)
	at com.amazonaws.http.AmazonHttpClient$RequestExecutor.doExecute(AmazonHttpClient.java:783)
	at com.amazonaws.http.AmazonHttpClient$RequestExecutor.executeWithTimer(AmazonHttpClient.java:770)
	at com.amazonaws.http.AmazonHttpClient$RequestExecutor.execute(AmazonHttpClient.java:744)
	at com.amazonaws.http.AmazonHttpClient$RequestExecutor.access$500(AmazonHttpClient.java:704)
	at com.amazonaws.http.AmazonHttpClient$RequestExecutionBuilderImpl.execute(AmazonHttpClient.java:686)
	at com.amazonaws.http.AmazonHttpClient.execute(AmazonHttpClient.java:550)
	at com.amazonaws.http.AmazonHttpClient.execute(AmazonHttpClient.java:530)
	at com.amazonaws.services.s3.AmazonS3Client.invoke(AmazonS3Client.java:5437)
	at com.amazonaws.services.s3.AmazonS3Client.getBucketRegionViaHeadRequest(AmazonS3Client.java:6408)
	at com.amazonaws.services.s3.AmazonS3Client.fetchRegionFromCache(AmazonS3Client.java:6381)
	at com.amazonaws.services.s3.AmazonS3Client.invoke(AmazonS3Client.java:5422)
	at com.amazonaws.services.s3.AmazonS3Client.invoke(AmazonS3Client.java:5384)
	at com.amazonaws.services.s3.AmazonS3Client.getObjectMetadata(AmazonS3Client.java:1367)
	at org.apache.hadoop.fs.s3a.S3AFileSystem.lambda$getObjectMetadata$10(S3AFileSystem.java:2545)
	at org.apache.hadoop.fs.s3a.Invoker.retryUntranslated(Invoker.java:414)
	at org.apache.hadoop.fs.s3a.Invoker.retryUntranslated(Invoker.java:377)
	at org.apache.hadoop.fs.s3a.S3AFileSystem.getObjectMetadata(S3AFileSystem.java:2533)
	at org.apache.hadoop.fs.s3a.S3AFileSystem.getObjectMetadata(S3AFileSystem.java:2513)
	at org.apache.hadoop.fs.s3a.S3AFileSystem.s3GetFileStatus(S3AFileSystem.java:3776)
	... 23 more
Caused by: com.amazonaws.SdkClientException: Unable to load AWS credentials from environment variables (AWS_ACCESS_KEY_ID (or AWS_ACCESS_KEY) and AWS_SECRET_KEY (or AWS_SECRET_ACCESS_KEY))
	at com.amazonaws.auth.EnvironmentVariableCredentialsProvider.getCredentials(EnvironmentVariableCredentialsProvider.java:50)
	at org.apache.hadoop.fs.s3a.AWSCredentialProviderList.getCredentials(AWSCredentialProviderList.java:177)
	... 44 more

[2024-10-09T21:41:21.893+0000] {taskinstance.py:1327} INFO - Marking task as FAILED. dag_id=pipeline_A, task_id=task_0_S3_to_DB, execution_date=20241009T214106, start_date=20241009T214111, end_date=20241009T214121
[2024-10-09T21:41:21.923+0000] {standard_task_runner.py:100} ERROR - Failed to execute job 25 for task task_0_S3_to_DB (An error occurred while calling o33.csv.
: java.nio.file.AccessDeniedException: s3a://sdevalla-buck/test/sftp_20240323.txt: org.apache.hadoop.fs.s3a.auth.NoAuthWithAWSException: No AWS Credentials provided by TemporaryAWSCredentialsProvider SimpleAWSCredentialsProvider EnvironmentVariableCredentialsProvider IAMInstanceCredentialsProvider : com.amazonaws.SdkClientException: Unable to load AWS credentials from environment variables (AWS_ACCESS_KEY_ID (or AWS_ACCESS_KEY) and AWS_SECRET_KEY (or AWS_SECRET_ACCESS_KEY))
	at org.apache.hadoop.fs.s3a.S3AUtils.translateException(S3AUtils.java:212)
	at org.apache.hadoop.fs.s3a.S3AUtils.translateException(S3AUtils.java:175)
	at org.apache.hadoop.fs.s3a.S3AFileSystem.s3GetFileStatus(S3AFileSystem.java:3799)
	at org.apache.hadoop.fs.s3a.S3AFileSystem.innerGetFileStatus(S3AFileSystem.java:3688)
	at org.apache.hadoop.fs.s3a.S3AFileSystem.lambda$exists$34(S3AFileSystem.java:4703)
	at org.apache.hadoop.fs.statistics.impl.IOStatisticsBinding.lambda$trackDurationOfOperation$5(IOStatisticsBinding.java:499)
	at org.apache.hadoop.fs.statistics.impl.IOStatisticsBinding.trackDuration(IOStatisticsBinding.java:444)
	at org.apache.hadoop.fs.s3a.S3AFileSystem.trackDurationAndSpan(S3AFileSystem.java:2337)
	at org.apache.hadoop.fs.s3a.S3AFileSystem.trackDurationAndSpan(S3AFileSystem.java:2356)
	at org.apache.hadoop.fs.s3a.S3AFileSystem.exists(S3AFileSystem.java:4701)
	at org.apache.spark.sql.execution.datasources.DataSource$.$anonfun$checkAndGlobPathIfNecessary$4(DataSource.scala:756)
	at org.apache.spark.sql.execution.datasources.DataSource$.$anonfun$checkAndGlobPathIfNecessary$4$adapted(DataSource.scala:754)
	at org.apache.spark.util.ThreadUtils$.$anonfun$parmap$2(ThreadUtils.scala:393)
	at scala.concurrent.Future$.$anonfun$apply$1(Future.scala:659)
	at scala.util.Success.$anonfun$map$1(Try.scala:255)
	at scala.util.Success.map(Try.scala:213)
	at scala.concurrent.Future.$anonfun$map$1(Future.scala:292)
	at scala.concurrent.impl.Promise.liftedTree1$1(Promise.scala:33)
	at scala.concurrent.impl.Promise.$anonfun$transform$1(Promise.scala:33)
	at scala.concurrent.impl.CallbackRunnable.run(Promise.scala:64)
	at java.base/java.util.concurrent.ForkJoinTask$RunnableExecuteAction.exec(ForkJoinTask.java:1395)
	at java.base/java.util.concurrent.ForkJoinTask.doExec(ForkJoinTask.java:373)
	at java.base/java.util.concurrent.ForkJoinPool$WorkQueue.topLevelExec(ForkJoinPool.java:1182)
	at java.base/java.util.concurrent.ForkJoinPool.scan(ForkJoinPool.java:1655)
	at java.base/java.util.concurrent.ForkJoinPool.runWorker(ForkJoinPool.java:1622)
	at java.base/java.util.concurrent.ForkJoinWorkerThread.run(ForkJoinWorkerThread.java:165)
Caused by: org.apache.hadoop.fs.s3a.auth.NoAuthWithAWSException: No AWS Credentials provided by TemporaryAWSCredentialsProvider SimpleAWSCredentialsProvider EnvironmentVariableCredentialsProvider IAMInstanceCredentialsProvider : com.amazonaws.SdkClientException: Unable to load AWS credentials from environment variables (AWS_ACCESS_KEY_ID (or AWS_ACCESS_KEY) and AWS_SECRET_KEY (or AWS_SECRET_ACCESS_KEY))
	at org.apache.hadoop.fs.s3a.AWSCredentialProviderList.getCredentials(AWSCredentialProviderList.java:216)
	at com.amazonaws.http.AmazonHttpClient$RequestExecutor.getCredentialsFromContext(AmazonHttpClient.java:1257)
	at com.amazonaws.http.AmazonHttpClient$RequestExecutor.runBeforeRequestHandlers(AmazonHttpClient.java:833)
	at com.amazonaws.http.AmazonHttpClient$RequestExecutor.doExecute(AmazonHttpClient.java:783)
	at com.amazonaws.http.AmazonHttpClient$RequestExecutor.executeWithTimer(AmazonHttpClient.java:770)
	at com.amazonaws.http.AmazonHttpClient$RequestExecutor.execute(AmazonHttpClient.java:744)
	at com.amazonaws.http.AmazonHttpClient$RequestExecutor.access$500(AmazonHttpClient.java:704)
	at com.amazonaws.http.AmazonHttpClient$RequestExecutionBuilderImpl.execute(AmazonHttpClient.java:686)
	at com.amazonaws.http.AmazonHttpClient.execute(AmazonHttpClient.java:550)
	at com.amazonaws.http.AmazonHttpClient.execute(AmazonHttpClient.java:530)
	at com.amazonaws.services.s3.AmazonS3Client.invoke(AmazonS3Client.java:5437)
	at com.amazonaws.services.s3.AmazonS3Client.getBucketRegionViaHeadRequest(AmazonS3Client.java:6408)
	at com.amazonaws.services.s3.AmazonS3Client.fetchRegionFromCache(AmazonS3Client.java:6381)
	at com.amazonaws.services.s3.AmazonS3Client.invoke(AmazonS3Client.java:5422)
	at com.amazonaws.services.s3.AmazonS3Client.invoke(AmazonS3Client.java:5384)
	at com.amazonaws.services.s3.AmazonS3Client.getObjectMetadata(AmazonS3Client.java:1367)
	at org.apache.hadoop.fs.s3a.S3AFileSystem.lambda$getObjectMetadata$10(S3AFileSystem.java:2545)
	at org.apache.hadoop.fs.s3a.Invoker.retryUntranslated(Invoker.java:414)
	at org.apache.hadoop.fs.s3a.Invoker.retryUntranslated(Invoker.java:377)
	at org.apache.hadoop.fs.s3a.S3AFileSystem.getObjectMetadata(S3AFileSystem.java:2533)
	at org.apache.hadoop.fs.s3a.S3AFileSystem.getObjectMetadata(S3AFileSystem.java:2513)
	at org.apache.hadoop.fs.s3a.S3AFileSystem.s3GetFileStatus(S3AFileSystem.java:3776)
	... 23 more
Caused by: com.amazonaws.SdkClientException: Unable to load AWS credentials from environment variables (AWS_ACCESS_KEY_ID (or AWS_ACCESS_KEY) and AWS_SECRET_KEY (or AWS_SECRET_ACCESS_KEY))
	at com.amazonaws.auth.EnvironmentVariableCredentialsProvider.getCredentials(EnvironmentVariableCredentialsProvider.java:50)
	at org.apache.hadoop.fs.s3a.AWSCredentialProviderList.getCredentials(AWSCredentialProviderList.java:177)
	... 44 more
; 39498)
[2024-10-09T21:41:21.965+0000] {local_task_job.py:212} INFO - Task exited with return code 1
[2024-10-09T21:41:22.061+0000] {taskinstance.py:2596} INFO - 0 downstream tasks scheduled from follow-on schedule check
