[2024-09-28T00:33:01.969+0000] {processor.py:153} INFO - Started process (PID=82507) to work on /usr/local/lib/python3.9/site-packages/airflow/example_dags/subdags/subdag.py
[2024-09-28T00:33:01.970+0000] {processor.py:743} INFO - Processing file /usr/local/lib/python3.9/site-packages/airflow/example_dags/subdags/subdag.py for tasks to queue
[2024-09-28T00:33:01.971+0000] {logging_mixin.py:137} INFO - [2024-09-28T00:33:01.971+0000] {dagbag.py:532} INFO - Filling up the DagBag from /usr/local/lib/python3.9/site-packages/airflow/example_dags/subdags/subdag.py
[2024-09-28T00:33:01.977+0000] {processor.py:755} WARNING - No viable dags retrieved from /usr/local/lib/python3.9/site-packages/airflow/example_dags/subdags/subdag.py
[2024-09-28T00:33:01.992+0000] {processor.py:175} INFO - Processing /usr/local/lib/python3.9/site-packages/airflow/example_dags/subdags/subdag.py took 0.028 seconds
[2024-09-28T01:50:04.062+0000] {processor.py:153} INFO - Started process (PID=82718) to work on /usr/local/lib/python3.9/site-packages/airflow/example_dags/subdags/subdag.py
[2024-09-28T01:50:04.064+0000] {processor.py:743} INFO - Processing file /usr/local/lib/python3.9/site-packages/airflow/example_dags/subdags/subdag.py for tasks to queue
[2024-09-28T01:50:04.064+0000] {logging_mixin.py:137} INFO - [2024-09-28T01:50:04.064+0000] {dagbag.py:532} INFO - Filling up the DagBag from /usr/local/lib/python3.9/site-packages/airflow/example_dags/subdags/subdag.py
[2024-09-28T01:50:04.068+0000] {processor.py:755} WARNING - No viable dags retrieved from /usr/local/lib/python3.9/site-packages/airflow/example_dags/subdags/subdag.py
[2024-09-28T01:50:04.089+0000] {processor.py:175} INFO - Processing /usr/local/lib/python3.9/site-packages/airflow/example_dags/subdags/subdag.py took 0.035 seconds
[2024-09-28T03:19:35.516+0000] {processor.py:153} INFO - Started process (PID=82929) to work on /usr/local/lib/python3.9/site-packages/airflow/example_dags/subdags/subdag.py
[2024-09-28T03:19:35.522+0000] {processor.py:743} INFO - Processing file /usr/local/lib/python3.9/site-packages/airflow/example_dags/subdags/subdag.py for tasks to queue
[2024-09-28T03:19:35.525+0000] {logging_mixin.py:137} INFO - [2024-09-28T03:19:35.525+0000] {dagbag.py:532} INFO - Filling up the DagBag from /usr/local/lib/python3.9/site-packages/airflow/example_dags/subdags/subdag.py
[2024-09-28T03:19:35.532+0000] {processor.py:755} WARNING - No viable dags retrieved from /usr/local/lib/python3.9/site-packages/airflow/example_dags/subdags/subdag.py
[2024-09-28T03:19:35.546+0000] {processor.py:175} INFO - Processing /usr/local/lib/python3.9/site-packages/airflow/example_dags/subdags/subdag.py took 0.047 seconds
[2024-09-28T04:20:42.200+0000] {processor.py:153} INFO - Started process (PID=83140) to work on /usr/local/lib/python3.9/site-packages/airflow/example_dags/subdags/subdag.py
[2024-09-28T04:20:42.202+0000] {processor.py:743} INFO - Processing file /usr/local/lib/python3.9/site-packages/airflow/example_dags/subdags/subdag.py for tasks to queue
[2024-09-28T04:20:42.202+0000] {logging_mixin.py:137} INFO - [2024-09-28T04:20:42.202+0000] {dagbag.py:532} INFO - Filling up the DagBag from /usr/local/lib/python3.9/site-packages/airflow/example_dags/subdags/subdag.py
[2024-09-28T04:20:42.207+0000] {processor.py:755} WARNING - No viable dags retrieved from /usr/local/lib/python3.9/site-packages/airflow/example_dags/subdags/subdag.py
[2024-09-28T04:20:42.223+0000] {processor.py:175} INFO - Processing /usr/local/lib/python3.9/site-packages/airflow/example_dags/subdags/subdag.py took 0.028 seconds
[2024-09-28T05:59:38.582+0000] {processor.py:153} INFO - Started process (PID=83352) to work on /usr/local/lib/python3.9/site-packages/airflow/example_dags/subdags/subdag.py
[2024-09-28T05:59:38.585+0000] {processor.py:743} INFO - Processing file /usr/local/lib/python3.9/site-packages/airflow/example_dags/subdags/subdag.py for tasks to queue
[2024-09-28T05:59:38.586+0000] {logging_mixin.py:137} INFO - [2024-09-28T05:59:38.586+0000] {dagbag.py:532} INFO - Filling up the DagBag from /usr/local/lib/python3.9/site-packages/airflow/example_dags/subdags/subdag.py
[2024-09-28T05:59:38.593+0000] {processor.py:755} WARNING - No viable dags retrieved from /usr/local/lib/python3.9/site-packages/airflow/example_dags/subdags/subdag.py
[2024-09-28T05:59:38.607+0000] {processor.py:175} INFO - Processing /usr/local/lib/python3.9/site-packages/airflow/example_dags/subdags/subdag.py took 0.037 seconds
[2024-09-28T07:11:50.137+0000] {processor.py:153} INFO - Started process (PID=83563) to work on /usr/local/lib/python3.9/site-packages/airflow/example_dags/subdags/subdag.py
[2024-09-28T07:11:50.139+0000] {processor.py:743} INFO - Processing file /usr/local/lib/python3.9/site-packages/airflow/example_dags/subdags/subdag.py for tasks to queue
[2024-09-28T07:11:50.140+0000] {logging_mixin.py:137} INFO - [2024-09-28T07:11:50.140+0000] {dagbag.py:532} INFO - Filling up the DagBag from /usr/local/lib/python3.9/site-packages/airflow/example_dags/subdags/subdag.py
[2024-09-28T07:11:50.151+0000] {processor.py:755} WARNING - No viable dags retrieved from /usr/local/lib/python3.9/site-packages/airflow/example_dags/subdags/subdag.py
[2024-09-28T07:11:50.165+0000] {processor.py:175} INFO - Processing /usr/local/lib/python3.9/site-packages/airflow/example_dags/subdags/subdag.py took 0.033 seconds
[2024-09-28T08:16:47.980+0000] {processor.py:153} INFO - Started process (PID=83774) to work on /usr/local/lib/python3.9/site-packages/airflow/example_dags/subdags/subdag.py
[2024-09-28T08:16:47.982+0000] {processor.py:743} INFO - Processing file /usr/local/lib/python3.9/site-packages/airflow/example_dags/subdags/subdag.py for tasks to queue
[2024-09-28T08:16:47.983+0000] {logging_mixin.py:137} INFO - [2024-09-28T08:16:47.983+0000] {dagbag.py:532} INFO - Filling up the DagBag from /usr/local/lib/python3.9/site-packages/airflow/example_dags/subdags/subdag.py
[2024-09-28T08:16:47.994+0000] {processor.py:755} WARNING - No viable dags retrieved from /usr/local/lib/python3.9/site-packages/airflow/example_dags/subdags/subdag.py
[2024-09-28T08:16:48.009+0000] {processor.py:175} INFO - Processing /usr/local/lib/python3.9/site-packages/airflow/example_dags/subdags/subdag.py took 0.041 seconds
[2024-09-28T09:53:28.760+0000] {processor.py:153} INFO - Started process (PID=83985) to work on /usr/local/lib/python3.9/site-packages/airflow/example_dags/subdags/subdag.py
[2024-09-28T09:53:28.762+0000] {processor.py:743} INFO - Processing file /usr/local/lib/python3.9/site-packages/airflow/example_dags/subdags/subdag.py for tasks to queue
[2024-09-28T09:53:28.763+0000] {logging_mixin.py:137} INFO - [2024-09-28T09:53:28.763+0000] {dagbag.py:532} INFO - Filling up the DagBag from /usr/local/lib/python3.9/site-packages/airflow/example_dags/subdags/subdag.py
[2024-09-28T09:53:28.767+0000] {processor.py:755} WARNING - No viable dags retrieved from /usr/local/lib/python3.9/site-packages/airflow/example_dags/subdags/subdag.py
[2024-09-28T09:53:28.792+0000] {processor.py:175} INFO - Processing /usr/local/lib/python3.9/site-packages/airflow/example_dags/subdags/subdag.py took 0.038 seconds
[2024-09-28T11:08:26.104+0000] {processor.py:153} INFO - Started process (PID=84196) to work on /usr/local/lib/python3.9/site-packages/airflow/example_dags/subdags/subdag.py
[2024-09-28T11:08:26.105+0000] {processor.py:743} INFO - Processing file /usr/local/lib/python3.9/site-packages/airflow/example_dags/subdags/subdag.py for tasks to queue
[2024-09-28T11:08:26.106+0000] {logging_mixin.py:137} INFO - [2024-09-28T11:08:26.106+0000] {dagbag.py:532} INFO - Filling up the DagBag from /usr/local/lib/python3.9/site-packages/airflow/example_dags/subdags/subdag.py
[2024-09-28T11:08:26.113+0000] {processor.py:755} WARNING - No viable dags retrieved from /usr/local/lib/python3.9/site-packages/airflow/example_dags/subdags/subdag.py
[2024-09-28T11:08:26.141+0000] {processor.py:175} INFO - Processing /usr/local/lib/python3.9/site-packages/airflow/example_dags/subdags/subdag.py took 0.043 seconds
[2024-09-28T12:19:38.081+0000] {processor.py:153} INFO - Started process (PID=84407) to work on /usr/local/lib/python3.9/site-packages/airflow/example_dags/subdags/subdag.py
[2024-09-28T12:19:38.085+0000] {processor.py:743} INFO - Processing file /usr/local/lib/python3.9/site-packages/airflow/example_dags/subdags/subdag.py for tasks to queue
[2024-09-28T12:19:38.086+0000] {logging_mixin.py:137} INFO - [2024-09-28T12:19:38.086+0000] {dagbag.py:532} INFO - Filling up the DagBag from /usr/local/lib/python3.9/site-packages/airflow/example_dags/subdags/subdag.py
[2024-09-28T12:19:38.094+0000] {processor.py:755} WARNING - No viable dags retrieved from /usr/local/lib/python3.9/site-packages/airflow/example_dags/subdags/subdag.py
[2024-09-28T12:19:38.110+0000] {processor.py:175} INFO - Processing /usr/local/lib/python3.9/site-packages/airflow/example_dags/subdags/subdag.py took 0.042 seconds
[2024-09-28T13:00:04.059+0000] {processor.py:153} INFO - Started process (PID=84618) to work on /usr/local/lib/python3.9/site-packages/airflow/example_dags/subdags/subdag.py
[2024-09-28T13:00:04.060+0000] {processor.py:743} INFO - Processing file /usr/local/lib/python3.9/site-packages/airflow/example_dags/subdags/subdag.py for tasks to queue
[2024-09-28T13:00:04.060+0000] {logging_mixin.py:137} INFO - [2024-09-28T13:00:04.060+0000] {dagbag.py:532} INFO - Filling up the DagBag from /usr/local/lib/python3.9/site-packages/airflow/example_dags/subdags/subdag.py
[2024-09-28T13:00:04.064+0000] {processor.py:755} WARNING - No viable dags retrieved from /usr/local/lib/python3.9/site-packages/airflow/example_dags/subdags/subdag.py
[2024-09-28T13:00:04.085+0000] {processor.py:175} INFO - Processing /usr/local/lib/python3.9/site-packages/airflow/example_dags/subdags/subdag.py took 0.031 seconds
[2024-09-28T13:34:46.518+0000] {processor.py:153} INFO - Started process (PID=84829) to work on /usr/local/lib/python3.9/site-packages/airflow/example_dags/subdags/subdag.py
[2024-09-28T13:34:46.521+0000] {processor.py:743} INFO - Processing file /usr/local/lib/python3.9/site-packages/airflow/example_dags/subdags/subdag.py for tasks to queue
[2024-09-28T13:34:46.522+0000] {logging_mixin.py:137} INFO - [2024-09-28T13:34:46.522+0000] {dagbag.py:532} INFO - Filling up the DagBag from /usr/local/lib/python3.9/site-packages/airflow/example_dags/subdags/subdag.py
[2024-09-28T13:34:46.530+0000] {processor.py:755} WARNING - No viable dags retrieved from /usr/local/lib/python3.9/site-packages/airflow/example_dags/subdags/subdag.py
[2024-09-28T13:34:46.574+0000] {processor.py:175} INFO - Processing /usr/local/lib/python3.9/site-packages/airflow/example_dags/subdags/subdag.py took 0.063 seconds
[2024-09-28T13:35:16.734+0000] {processor.py:153} INFO - Started process (PID=85040) to work on /usr/local/lib/python3.9/site-packages/airflow/example_dags/subdags/subdag.py
[2024-09-28T13:35:16.739+0000] {processor.py:743} INFO - Processing file /usr/local/lib/python3.9/site-packages/airflow/example_dags/subdags/subdag.py for tasks to queue
[2024-09-28T13:35:16.740+0000] {logging_mixin.py:137} INFO - [2024-09-28T13:35:16.740+0000] {dagbag.py:532} INFO - Filling up the DagBag from /usr/local/lib/python3.9/site-packages/airflow/example_dags/subdags/subdag.py
[2024-09-28T13:35:16.747+0000] {processor.py:755} WARNING - No viable dags retrieved from /usr/local/lib/python3.9/site-packages/airflow/example_dags/subdags/subdag.py
[2024-09-28T13:35:16.783+0000] {processor.py:175} INFO - Processing /usr/local/lib/python3.9/site-packages/airflow/example_dags/subdags/subdag.py took 0.055 seconds
[2024-09-28T13:43:13.045+0000] {processor.py:153} INFO - Started process (PID=85251) to work on /usr/local/lib/python3.9/site-packages/airflow/example_dags/subdags/subdag.py
[2024-09-28T13:43:13.047+0000] {processor.py:743} INFO - Processing file /usr/local/lib/python3.9/site-packages/airflow/example_dags/subdags/subdag.py for tasks to queue
[2024-09-28T13:43:13.048+0000] {logging_mixin.py:137} INFO - [2024-09-28T13:43:13.048+0000] {dagbag.py:532} INFO - Filling up the DagBag from /usr/local/lib/python3.9/site-packages/airflow/example_dags/subdags/subdag.py
[2024-09-28T13:43:13.057+0000] {processor.py:755} WARNING - No viable dags retrieved from /usr/local/lib/python3.9/site-packages/airflow/example_dags/subdags/subdag.py
[2024-09-28T13:43:13.085+0000] {processor.py:175} INFO - Processing /usr/local/lib/python3.9/site-packages/airflow/example_dags/subdags/subdag.py took 0.059 seconds
