[2024-10-13T18:48:33.265+0000] {taskinstance.py:1090} INFO - Dependencies all met for dep_context=non-requeueable deps ti=<TaskInstance: pipeline_Demo.S3_to_DB manual__2024-10-13T18:48:13.353856+00:00 [queued]>
[2024-10-13T18:48:33.270+0000] {taskinstance.py:1090} INFO - Dependencies all met for dep_context=requeueable deps ti=<TaskInstance: pipeline_Demo.S3_to_DB manual__2024-10-13T18:48:13.353856+00:00 [queued]>
[2024-10-13T18:48:33.270+0000] {taskinstance.py:1288} INFO - 
--------------------------------------------------------------------------------
[2024-10-13T18:48:33.270+0000] {taskinstance.py:1289} INFO - Starting attempt 1 of 1
[2024-10-13T18:48:33.270+0000] {taskinstance.py:1290} INFO - 
--------------------------------------------------------------------------------
[2024-10-13T18:48:33.276+0000] {taskinstance.py:1309} INFO - Executing <Task(PythonOperator): S3_to_DB> on 2024-10-13 18:48:13.353856+00:00
[2024-10-13T18:48:33.280+0000] {standard_task_runner.py:55} INFO - Started process 458 to run task
[2024-10-13T18:48:33.285+0000] {standard_task_runner.py:82} INFO - Running: ['***', 'tasks', 'run', 'pipeline_Demo', 'S3_to_DB', 'manual__2024-10-13T18:48:13.353856+00:00', '--job-id', '3', '--raw', '--subdir', 'DAGS_FOLDER/pipeline_Demo.py', '--cfg-path', '/tmp/tmpdm1_tgza']
[2024-10-13T18:48:33.287+0000] {standard_task_runner.py:83} INFO - Job 3: Subtask S3_to_DB
[2024-10-13T18:48:33.309+0000] {logging_mixin.py:137} WARNING - /usr/local/lib/python3.9/site-packages/***/settings.py:250 DeprecationWarning: The sql_alchemy_conn option in [core] has been moved to the sql_alchemy_conn option in [database] - the old setting has been used, but please update your config.
[2024-10-13T18:48:33.348+0000] {task_command.py:389} INFO - Running <TaskInstance: pipeline_Demo.S3_to_DB manual__2024-10-13T18:48:13.353856+00:00 [running]> on host 16e31bf22c08
[2024-10-13T18:48:33.385+0000] {taskinstance.py:1516} INFO - Exporting the following env vars:
AIRFLOW_CTX_DAG_OWNER=***
AIRFLOW_CTX_DAG_ID=pipeline_Demo
AIRFLOW_CTX_TASK_ID=S3_to_DB
AIRFLOW_CTX_EXECUTION_DATE=2024-10-13T18:48:13.353856+00:00
AIRFLOW_CTX_TRY_NUMBER=1
AIRFLOW_CTX_DAG_RUN_ID=manual__2024-10-13T18:48:13.353856+00:00
[2024-10-13T18:48:33.387+0000] {s3_db.py:129} INFO - Executing S3 File read.......
[2024-10-13T18:48:33.387+0000] {s3_db.py:16} INFO - Creating Spark session ......
[2024-10-13T18:48:36.159+0000] {s3_db.py:71} INFO - Executing File pattern check......
[2024-10-13T18:48:36.163+0000] {logging_mixin.py:137} INFO - prefix: sftp_file_receiver
[2024-10-13T18:48:36.529+0000] {s3_db.py:116} INFO - Latest file for pattern - sftp_s3_\d{14}\.csv at s3a://sdevalla-buck/sftp_file_receiver: sftp_s3_20241013184823.csv
[2024-10-13T18:48:40.244+0000] {s3_db.py:51} INFO - Updating run log for read operation....
[2024-10-13T18:48:40.251+0000] {s3_db.py:55} INFO - Run log updated successfully....
[2024-10-13T18:48:40.253+0000] {s3_db.py:238} INFO - Executing file writing function .....
[2024-10-13T18:48:40.866+0000] {s3_db.py:263} INFO - Completed writing to target table.......
[2024-10-13T18:48:40.867+0000] {s3_db.py:317} INFO - Updating run_log, marking status as success........ 
[2024-10-13T18:48:40.871+0000] {s3_db.py:51} INFO - Updating run log for write operation....
[2024-10-13T18:48:40.872+0000] {s3_db.py:55} INFO - Run log updated successfully....
[2024-10-13T18:48:40.872+0000] {s3_db.py:319} INFO - 918 records transferred from s3a://sdevalla-buck/sftp_file_receiver/sftp_s3_yyyymmddHHMMSS.csv to ***.public.reddit_d
[2024-10-13T18:48:41.115+0000] {python.py:177} INFO - Done. Returned value was: 918
[2024-10-13T18:48:41.162+0000] {taskinstance.py:1327} INFO - Marking task as SUCCESS. dag_id=pipeline_Demo, task_id=S3_to_DB, execution_date=20241013T184813, start_date=20241013T184833, end_date=20241013T184841
[2024-10-13T18:48:41.217+0000] {local_task_job.py:212} INFO - Task exited with return code 0
[2024-10-13T18:48:41.248+0000] {taskinstance.py:2596} INFO - 1 downstream tasks scheduled from follow-on schedule check
