[2024-10-13T19:25:52.677+0000] {taskinstance.py:1090} INFO - Dependencies all met for dep_context=non-requeueable deps ti=<TaskInstance: pipeline_Demo.DB_to_S3 manual__2024-10-13T19:25:26.220174+00:00 [queued]>
[2024-10-13T19:25:52.681+0000] {taskinstance.py:1090} INFO - Dependencies all met for dep_context=requeueable deps ti=<TaskInstance: pipeline_Demo.DB_to_S3 manual__2024-10-13T19:25:26.220174+00:00 [queued]>
[2024-10-13T19:25:52.681+0000] {taskinstance.py:1288} INFO - 
--------------------------------------------------------------------------------
[2024-10-13T19:25:52.681+0000] {taskinstance.py:1289} INFO - Starting attempt 1 of 1
[2024-10-13T19:25:52.681+0000] {taskinstance.py:1290} INFO - 
--------------------------------------------------------------------------------
[2024-10-13T19:25:52.686+0000] {taskinstance.py:1309} INFO - Executing <Task(PythonOperator): DB_to_S3> on 2024-10-13 19:25:26.220174+00:00
[2024-10-13T19:25:52.689+0000] {standard_task_runner.py:55} INFO - Started process 1559 to run task
[2024-10-13T19:25:52.690+0000] {standard_task_runner.py:82} INFO - Running: ['***', 'tasks', 'run', 'pipeline_Demo', 'DB_to_S3', 'manual__2024-10-13T19:25:26.220174+00:00', '--job-id', '17', '--raw', '--subdir', 'DAGS_FOLDER/pipeline_Demo.py', '--cfg-path', '/tmp/tmp7hl0k3fv']
[2024-10-13T19:25:52.691+0000] {standard_task_runner.py:83} INFO - Job 17: Subtask DB_to_S3
[2024-10-13T19:25:52.698+0000] {logging_mixin.py:137} WARNING - /usr/local/lib/python3.9/site-packages/***/settings.py:250 DeprecationWarning: The sql_alchemy_conn option in [core] has been moved to the sql_alchemy_conn option in [database] - the old setting has been used, but please update your config.
[2024-10-13T19:25:52.718+0000] {task_command.py:389} INFO - Running <TaskInstance: pipeline_Demo.DB_to_S3 manual__2024-10-13T19:25:26.220174+00:00 [running]> on host c3a571b96d5f
[2024-10-13T19:25:52.742+0000] {taskinstance.py:1516} INFO - Exporting the following env vars:
AIRFLOW_CTX_DAG_OWNER=***
AIRFLOW_CTX_DAG_ID=pipeline_Demo
AIRFLOW_CTX_TASK_ID=DB_to_S3
AIRFLOW_CTX_EXECUTION_DATE=2024-10-13T19:25:26.220174+00:00
AIRFLOW_CTX_TRY_NUMBER=1
AIRFLOW_CTX_DAG_RUN_ID=manual__2024-10-13T19:25:26.220174+00:00
[2024-10-13T19:25:52.743+0000] {db_s3.py:20} INFO - Creating Spark session ......
[2024-10-13T19:25:54.697+0000] {logging_mixin.py:137} INFO - Executable Query: ( select * from ***.public.reddit_d limit 200 ) as query
[2024-10-13T19:25:56.397+0000] {db_s3.py:51} INFO - Updating run log for read operation....
[2024-10-13T19:25:56.399+0000] {db_s3.py:55} INFO - Run log updated successfully....
[2024-10-13T19:25:56.399+0000] {db_s3.py:113} INFO - Completed reading from table ......
[2024-10-13T19:25:56.400+0000] {logging_mixin.py:137} INFO - s3_parts: ['s3a:', '', 'sdevalla-buck', 'db_data_receiver', '']
[2024-10-13T19:26:05.286+0000] {db_s3.py:173} INFO - Moved and Renamed files
[2024-10-13T19:26:05.299+0000] {db_s3.py:51} INFO - Updating run log for write operation....
[2024-10-13T19:26:05.301+0000] {db_s3.py:55} INFO - Run log updated successfully....
[2024-10-13T19:26:05.302+0000] {db_s3.py:245} INFO - Completed writing file.....
[2024-10-13T19:26:05.302+0000] {db_s3.py:302} INFO - 0 records transferred from DB to S3 s3a://sdevalla-buck/db_data_receiver/ with filename public_20241013192556.csv
[2024-10-13T19:26:05.714+0000] {python.py:177} INFO - Done. Returned value was: [0, 'public_20241013192556.csv']
[2024-10-13T19:26:05.757+0000] {taskinstance.py:1327} INFO - Marking task as SUCCESS. dag_id=pipeline_Demo, task_id=DB_to_S3, execution_date=20241013T192526, start_date=20241013T192552, end_date=20241013T192605
[2024-10-13T19:26:05.804+0000] {local_task_job.py:212} INFO - Task exited with return code 0
[2024-10-13T19:26:05.836+0000] {taskinstance.py:2596} INFO - 1 downstream tasks scheduled from follow-on schedule check
