[2024-10-10T17:11:58.176+0000] {taskinstance.py:1090} INFO - Dependencies all met for dep_context=non-requeueable deps ti=<TaskInstance: pipeline_A.task_0_S3_to_DB manual__2024-10-10T17:11:49.053401+00:00 [queued]>
[2024-10-10T17:11:58.412+0000] {taskinstance.py:1090} INFO - Dependencies all met for dep_context=requeueable deps ti=<TaskInstance: pipeline_A.task_0_S3_to_DB manual__2024-10-10T17:11:49.053401+00:00 [queued]>
[2024-10-10T17:11:59.068+0000] {taskinstance.py:1288} INFO - 
--------------------------------------------------------------------------------
[2024-10-10T17:11:59.073+0000] {taskinstance.py:1289} INFO - Starting attempt 1 of 1
[2024-10-10T17:11:59.076+0000] {taskinstance.py:1290} INFO - 
--------------------------------------------------------------------------------
[2024-10-10T17:11:59.122+0000] {taskinstance.py:1309} INFO - Executing <Task(PythonOperator): task_0_S3_to_DB> on 2024-10-10 17:11:49.053401+00:00
[2024-10-10T17:11:59.167+0000] {standard_task_runner.py:55} INFO - Started process 2111 to run task
[2024-10-10T17:11:59.194+0000] {standard_task_runner.py:82} INFO - Running: ['***', 'tasks', 'run', 'pipeline_A', 'task_0_S3_to_DB', 'manual__2024-10-10T17:11:49.053401+00:00', '--job-id', '2', '--raw', '--subdir', 'DAGS_FOLDER/pipeline_A.py', '--cfg-path', '/tmp/tmpu_7qxnh3']
[2024-10-10T17:11:59.201+0000] {standard_task_runner.py:83} INFO - Job 2: Subtask task_0_S3_to_DB
[2024-10-10T17:11:59.227+0000] {logging_mixin.py:137} WARNING - /usr/local/lib/python3.9/site-packages/***/settings.py:250 DeprecationWarning: The sql_alchemy_conn option in [core] has been moved to the sql_alchemy_conn option in [database] - the old setting has been used, but please update your config.
[2024-10-10T17:11:59.324+0000] {task_command.py:389} INFO - Running <TaskInstance: pipeline_A.task_0_S3_to_DB manual__2024-10-10T17:11:49.053401+00:00 [running]> on host d6685a94b59c
[2024-10-10T17:11:59.378+0000] {taskinstance.py:1516} INFO - Exporting the following env vars:
AIRFLOW_CTX_DAG_OWNER=***
AIRFLOW_CTX_DAG_ID=pipeline_A
AIRFLOW_CTX_TASK_ID=task_0_S3_to_DB
AIRFLOW_CTX_EXECUTION_DATE=2024-10-10T17:11:49.053401+00:00
AIRFLOW_CTX_TRY_NUMBER=1
AIRFLOW_CTX_DAG_RUN_ID=manual__2024-10-10T17:11:49.053401+00:00
[2024-10-10T17:11:59.395+0000] {s3_db.py:102} INFO - Executing S3 File read.......
[2024-10-10T17:11:59.396+0000] {s3_db.py:17} INFO - Creating Spark session ......
[2024-10-10T17:12:30.463+0000] {s3_db.py:43} INFO - Executing File pattern check......
[2024-10-10T17:12:31.181+0000] {s3_db.py:89} INFO - Latest file for pattern - sftp_\d{8}\.txt at s3a://sdevalla-buck/test: sftp_20240323.txt
[2024-10-10T17:12:39.651+0000] {s3_db.py:211} INFO - Executing file writing function .....
[2024-10-10T17:12:40.388+0000] {s3_db.py:236} INFO - Completed writing to target table.......
[2024-10-10T17:12:40.388+0000] {s3_db.py:284} INFO - Updating run_log, marking status as success........ 
[2024-10-10T17:12:40.388+0000] {s3_db.py:286} INFO - 918 records transferred from s3a://sdevalla-buck/test/sftp_yyyymmdd.txt to ***.reddit_d
[2024-10-10T17:12:40.538+0000] {python.py:177} INFO - Done. Returned value was: 918
[2024-10-10T17:12:40.623+0000] {taskinstance.py:1327} INFO - Marking task as SUCCESS. dag_id=pipeline_A, task_id=task_0_S3_to_DB, execution_date=20241010T171149, start_date=20241010T171158, end_date=20241010T171240
[2024-10-10T17:12:40.722+0000] {local_task_job.py:212} INFO - Task exited with return code 0
[2024-10-10T17:12:40.863+0000] {taskinstance.py:2596} INFO - 0 downstream tasks scheduled from follow-on schedule check
